<?xml version="1.0" encoding="UTF-8"?>
<testsuite xmlns:xsi="http://www.w3.org/2001/XMLSchema-instance" xsi:schemaLocation="https://maven.apache.org/surefire/maven-surefire-plugin/xsd/surefire-test-report.xsd" name="TestSuite" time="60.466" tests="2" errors="0" skipped="0" failures="1">
  <properties>
    <property name="java.runtime.name" value="Java(TM) SE Runtime Environment"/>
    <property name="sun.boot.library.path" value="C:\Program Files\Java\jdk1.8.0_121\jre\bin"/>
    <property name="java.vm.version" value="25.121-b13"/>
    <property name="java.vm.vendor" value="Oracle Corporation"/>
    <property name="java.vendor.url" value="http://java.oracle.com/"/>
    <property name="path.separator" value=";"/>
    <property name="guice.disable.misplaced.annotation.check" value="true"/>
    <property name="java.vm.name" value="Java HotSpot(TM) 64-Bit Server VM"/>
    <property name="file.encoding.pkg" value="sun.io"/>
    <property name="user.script" value=""/>
    <property name="user.country" value="US"/>
    <property name="sun.java.launcher" value="SUN_STANDARD"/>
    <property name="sun.os.patch.level" value="Service Pack 1"/>
    <property name="java.vm.specification.name" value="Java Virtual Machine Specification"/>
    <property name="user.dir" value="C:\FinalDemoWorkspace\FHLBATL_FRAMEWORK"/>
    <property name="java.runtime.version" value="1.8.0_121-b13"/>
    <property name="java.awt.graphicsenv" value="sun.awt.Win32GraphicsEnvironment"/>
    <property name="java.endorsed.dirs" value="C:\Program Files\Java\jdk1.8.0_121\jre\lib\endorsed"/>
    <property name="os.arch" value="amd64"/>
    <property name="java.io.tmpdir" value="C:\Users\prakash\AppData\Local\Temp\"/>
    <property name="line.separator" value="&#10;"/>
    <property name="java.vm.specification.vendor" value="Oracle Corporation"/>
    <property name="user.variant" value=""/>
    <property name="os.name" value="Windows 7"/>
    <property name="classworlds.conf" value="C:\FinalDemoWorkspace\.metadata\.plugins\org.eclipse.m2e.launching\launches\m2conf8329584052235353628.tmp"/>
    <property name="sun.jnu.encoding" value="Cp1252"/>
    <property name="java.library.path" value="C:\Program Files\Java\jdk1.8.0_121\bin;C:\Windows\Sun\Java\bin;C:\Windows\system32;C:\Windows;C:/Program Files/Java/jdk1.8.0_121/bin/../jre/bin/server;C:/Program Files/Java/jdk1.8.0_121/bin/../jre/bin;C:/Program Files/Java/jdk1.8.0_121/bin/../jre/lib/amd64;C:\Program Files\RSA SecurID Token Common;C:\Windows\system32;C:\Windows;C:\Windows\System32\Wbem;C:\Windows\System32\WindowsPowerShell\v1.0\;C:\apache-maven-3.2.5\bin;C:\Program Files\TortoiseSVN\bin;C:\Users\prakash\AppData\Local\Android\sdk\platform-tools;C:\Users\prakash\AppData\Local\Android\sdk\tools;C:\Program Files (x86)\HP\Unified Functional Testing\bin;C:\Program Files (x86)\Git\cmd;C:\Curl;C:\Program Files (x86)\Silk\SilkTest;C:\Program Files (x86)\Silk\SilkTest\ng\gui;C:\Program Files\Microsoft SQL Server\Client SDK\ODBC\110\Tools\Binn\;C:\Program Files (x86)\Microsoft SQL Server\120\Tools\Binn\;C:\Program Files\Microsoft SQL Server\120\Tools\Binn\;C:\Program Files\Microsoft SQL Server\120\DTS\Binn\;C:\Program Files (x86)\Skype\Phone\;C:\Program Files\Java\jdk1.8.0_121\bin;C:\Program Files\nodejs\;C:\SikuliX\libs;C:\PrakashWorkspace\AppiumProject\ExternalLibraries\libs;C:\Users\prakash\AppData\Local\Programs\Git\cmd;C:\Users\prakash\AppData\Roaming\npm;C:\eclipse;;C:\Program Files (x86)\HP\Unified Functional Testing\\bin64;."/>
    <property name="java.specification.name" value="Java Platform API Specification"/>
    <property name="java.class.version" value="52.0"/>
    <property name="sun.management.compiler" value="HotSpot 64-Bit Tiered Compilers"/>
    <property name="os.version" value="6.1"/>
    <property name="user.home" value="C:\Users\prakash"/>
    <property name="user.timezone" value="Asia/Calcutta"/>
    <property name="java.awt.printerjob" value="sun.awt.windows.WPrinterJob"/>
    <property name="java.specification.version" value="1.8"/>
    <property name="file.encoding" value="Cp1252"/>
    <property name="user.name" value="prakash"/>
    <property name="java.class.path" value="/C:/eclipse/plugins/org.eclipse.m2e.maven.runtime_1.5.0.20140605-2032/jars/plexus-classworlds-2.5.1.jar"/>
    <property name="org.slf4j.simpleLogger.defaultLogLevel" value="info"/>
    <property name="java.vm.specification.version" value="1.8"/>
    <property name="sun.arch.data.model" value="64"/>
    <property name="java.home" value="C:\Program Files\Java\jdk1.8.0_121\jre"/>
    <property name="sun.java.command" value="org.codehaus.plexus.classworlds.launcher.Launcher -B test"/>
    <property name="java.specification.vendor" value="Oracle Corporation"/>
    <property name="user.language" value="en"/>
    <property name="awt.toolkit" value="sun.awt.windows.WToolkit"/>
    <property name="java.vm.info" value="mixed mode"/>
    <property name="java.version" value="1.8.0_121"/>
    <property name="java.ext.dirs" value="C:\Program Files\Java\jdk1.8.0_121\jre\lib\ext;C:\Windows\Sun\Java\lib\ext"/>
    <property name="sun.boot.class.path" value="C:\Program Files\Java\jdk1.8.0_121\jre\lib\resources.jar;C:\Program Files\Java\jdk1.8.0_121\jre\lib\rt.jar;C:\Program Files\Java\jdk1.8.0_121\jre\lib\sunrsasign.jar;C:\Program Files\Java\jdk1.8.0_121\jre\lib\jsse.jar;C:\Program Files\Java\jdk1.8.0_121\jre\lib\jce.jar;C:\Program Files\Java\jdk1.8.0_121\jre\lib\charsets.jar;C:\Program Files\Java\jdk1.8.0_121\jre\lib\jfr.jar;C:\Program Files\Java\jdk1.8.0_121\jre\classes;C:\Program Files (x86)\HP\Unified Functional Testing\bin\java_shared\classes;C:\Program Files (x86)\HP\Unified Functional Testing\bin\java_shared\classes\jasmine.jar"/>
    <property name="java.vendor" value="Oracle Corporation"/>
    <property name="maven.home" value="C:\FinalDemoWorkspace\FHLBATL_FRAMEWORK\EMBEDDED"/>
    <property name="file.separator" value="\"/>
    <property name="java.vendor.url.bug" value="http://bugreport.sun.com/bugreport/"/>
    <property name="sun.cpu.endian" value="little"/>
    <property name="sun.io.unicode.encoding" value="UnicodeLittle"/>
    <property name="sun.desktop" value="windows"/>
    <property name="sun.cpu.isalist" value="amd64"/>
  </properties>
  <testcase name="TC_001" classname="TestCases.TC_001" time="37.131">
    <failure type="java.lang.AssertionError:">java.lang.AssertionError: null
	at TestCases.TC_001.TC_001(TC_001.java:42)
</failure>
    <system-out><![CDATA[0    [main] INFO  ./TestResults/2017_09_06_05_36_38_PM/LogFile.log  - Startup activites...
0    [main] INFO  ./TestResults/2017_09_06_05_36_38_PM/LogFile.log  - Test Output Directory creation successful :C:\FinalDemoWorkspace\FHLBATL_FRAMEWORK\TestResults\2017_09_06_05_36_38_PM
0    [main] INFO  ./TestResults/2017_09_06_05_36_38_PM/LogFile.log  - Log File creation successful : LogFile.log
210  [main] INFO  ./TestResults/2017_09_06_05_36_38_PM/LogFile.log  - Getting value of TestDataFile from Test Configuration file : .\src\test\resources\TestData.xls
410  [main] INFO  ./TestResults/2017_09_06_05_36_38_PM/LogFile.log  - Getting value of Browser from Test Configuration file : IE
410  [main] INFO  ./TestResults/2017_09_06_05_36_38_PM/LogFile.log  - Getting value of ElementLoadWaitTime from Test Configuration file : 6
410  [main] INFO  ./TestResults/2017_09_06_05_36_38_PM/LogFile.log  - Getting value of TextLoadWaitTime from Test Configuration file : 10
410  [main] INFO  ./TestResults/2017_09_06_05_36_38_PM/LogFile.log  - Getting value of PageLoadWaitTime from Test Configuration file : 20
410  [main] INFO  ./TestResults/2017_09_06_05_36_38_PM/LogFile.log  - Getting value of ImplicitlyWaitTime from Test Configuration file : 30
410  [main] INFO  ./TestResults/2017_09_06_05_36_38_PM/LogFile.log  - Element time out set
410  [main] INFO  ./TestResults/2017_09_06_05_36_38_PM/LogFile.log  - ##### Start of Test Case : Login to Adactin Application #####
410  [main] INFO  ./TestResults/2017_09_06_05_36_38_PM/LogFile.log  - Test Case Name: TC_001
410  [main] INFO  ./TestResults/2017_09_06_05_36_38_PM/LogFile.log  - Getting value of TestDataFile from Test Configuration file : .\src\test\resources\TestData.xls
450  [main] INFO  ./TestResults/2017_09_06_05_36_38_PM/LogFile.log  - Test Data Set Name: TC_001
460  [main] INFO  ./TestResults/2017_09_06_05_36_38_PM/LogFile.log  - Execution Flag: Execute
460  [main] INFO  ./TestResults/2017_09_06_05_36_38_PM/LogFile.log  - Test Data Set Name: TC_001_01
460  [main] INFO  ./TestResults/2017_09_06_05_36_38_PM/LogFile.log  - Execution Flag: YES
460  [main] INFO  ./TestResults/2017_09_06_05_36_38_PM/LogFile.log  - Test Data Set Name: TC_001_02
460  [main] INFO  ./TestResults/2017_09_06_05_36_38_PM/LogFile.log  - Execution Flag: YES
460  [main] INFO  ./TestResults/2017_09_06_05_36_38_PM/LogFile.log  - Test Data Set Name: 
460  [main] INFO  ./TestResults/2017_09_06_05_36_38_PM/LogFile.log  - Execution Flag: 
460  [main] INFO  ./TestResults/2017_09_06_05_36_38_PM/LogFile.log  - Getting value of Browser from Test Configuration file : IE
1464 [Forwarding newSession on session null to remote] DEBUG org.apache.http.client.protocol.RequestAddCookies  - CookieSpec selected: best-match
1465 [Forwarding newSession on session null to remote] DEBUG org.apache.http.client.protocol.RequestAuthCache  - Auth cache not set in the context
1465 [Forwarding newSession on session null to remote] DEBUG org.apache.http.impl.conn.PoolingHttpClientConnectionManager  - Connection request: [route: {}->http://localhost:37262][total kept alive: 0; route allocated: 0 of 2000; total allocated: 0 of 2000]
1485 [Forwarding newSession on session null to remote] DEBUG org.apache.http.impl.conn.PoolingHttpClientConnectionManager  - Connection leased: [id: 0][route: {}->http://localhost:37262][total kept alive: 0; route allocated: 1 of 2000; total allocated: 1 of 2000]
1495 [Forwarding newSession on session null to remote] DEBUG org.apache.http.impl.execchain.MainClientExec  - Opening connection {}->http://localhost:37262
1495 [Forwarding newSession on session null to remote] DEBUG org.apache.http.impl.conn.HttpClientConnectionOperator  - Connecting to localhost/127.0.0.1:37262
1495 [Forwarding newSession on session null to remote] DEBUG org.apache.http.impl.conn.HttpClientConnectionOperator  - Connection established 127.0.0.1:17187<->127.0.0.1:37262
1495 [Forwarding newSession on session null to remote] DEBUG org.apache.http.impl.execchain.MainClientExec  - Executing request POST /session HTTP/1.1
1495 [Forwarding newSession on session null to remote] DEBUG org.apache.http.impl.execchain.MainClientExec  - Target auth state: UNCHALLENGED
1495 [Forwarding newSession on session null to remote] DEBUG org.apache.http.impl.execchain.MainClientExec  - Proxy auth state: UNCHALLENGED
1495 [Forwarding newSession on session null to remote] DEBUG org.apache.http.headers  - http-outgoing-0 >> POST /session HTTP/1.1
1495 [Forwarding newSession on session null to remote] DEBUG org.apache.http.headers  - http-outgoing-0 >> Content-Type: application/json; charset=utf-8
1495 [Forwarding newSession on session null to remote] DEBUG org.apache.http.headers  - http-outgoing-0 >> Content-Length: 172
1495 [Forwarding newSession on session null to remote] DEBUG org.apache.http.headers  - http-outgoing-0 >> Host: localhost:37262
1495 [Forwarding newSession on session null to remote] DEBUG org.apache.http.headers  - http-outgoing-0 >> Connection: Keep-Alive
1495 [Forwarding newSession on session null to remote] DEBUG org.apache.http.headers  - http-outgoing-0 >> User-Agent: Apache-HttpClient/4.3.3 (java 1.5)
1495 [Forwarding newSession on session null to remote] DEBUG org.apache.http.headers  - http-outgoing-0 >> Accept-Encoding: gzip,deflate
1495 [Forwarding newSession on session null to remote] DEBUG org.apache.http.wire  - http-outgoing-0 >> "POST /session HTTP/1.1[\r][\n]"
1495 [Forwarding newSession on session null to remote] DEBUG org.apache.http.wire  - http-outgoing-0 >> "Content-Type: application/json; charset=utf-8[\r][\n]"
1495 [Forwarding newSession on session null to remote] DEBUG org.apache.http.wire  - http-outgoing-0 >> "Content-Length: 172[\r][\n]"
1495 [Forwarding newSession on session null to remote] DEBUG org.apache.http.wire  - http-outgoing-0 >> "Host: localhost:37262[\r][\n]"
1495 [Forwarding newSession on session null to remote] DEBUG org.apache.http.wire  - http-outgoing-0 >> "Connection: Keep-Alive[\r][\n]"
1495 [Forwarding newSession on session null to remote] DEBUG org.apache.http.wire  - http-outgoing-0 >> "User-Agent: Apache-HttpClient/4.3.3 (java 1.5)[\r][\n]"
1495 [Forwarding newSession on session null to remote] DEBUG org.apache.http.wire  - http-outgoing-0 >> "Accept-Encoding: gzip,deflate[\r][\n]"
1495 [Forwarding newSession on session null to remote] DEBUG org.apache.http.wire  - http-outgoing-0 >> "[\r][\n]"
1495 [Forwarding newSession on session null to remote] DEBUG org.apache.http.wire  - http-outgoing-0 >> "{"desiredCapabilities":{"ensureCleanSession":true,"ie.ensureCleanSession":true,"browserName":"internet explorer","version":"","platform":"WINDOWS","ACCEPT_SSL_CERTS":true}}"
9123 [Forwarding newSession on session null to remote] DEBUG org.apache.http.wire  - http-outgoing-0 << "HTTP/1.1 200 OK[\r][\n]"
9123 [Forwarding newSession on session null to remote] DEBUG org.apache.http.wire  - http-outgoing-0 << "Content-Length: 700[\r][\n]"
9123 [Forwarding newSession on session null to remote] DEBUG org.apache.http.wire  - http-outgoing-0 << "Content-Type: application/json; charset=UTF-8[\r][\n]"
9123 [Forwarding newSession on session null to remote] DEBUG org.apache.http.wire  - http-outgoing-0 << "Vary: Accept-Charset, Accept-Encoding, Accept-Language, Accept[\r][\n]"
9123 [Forwarding newSession on session null to remote] DEBUG org.apache.http.wire  - http-outgoing-0 << "Accept-Ranges: bytes[\r][\n]"
9123 [Forwarding newSession on session null to remote] DEBUG org.apache.http.wire  - http-outgoing-0 << "Connection: close[\r][\n]"
9123 [Forwarding newSession on session null to remote] DEBUG org.apache.http.wire  - http-outgoing-0 << "[\r][\n]"
9123 [Forwarding newSession on session null to remote] DEBUG org.apache.http.wire  - http-outgoing-0 << "{"sessionId":"b1310904-d161-49ca-a1a6-530fba7baea8","status":0,"value":{"browserAttachTimeout":0,"browserName":"internet explorer","elementScrollBehavior":0,"enableElementCacheCleanup":true,"enablePersistentHover":true,"ie.browserCommandLineSwitches":"","ie.enableFullPageScreenshot":true,"ie.ensureCleanSession":true,"ie.fileUploadDialogTimeout":3000,"ie.forceCreateProcessApi":false,"ie.forceShellWindowsApi":false,"ignoreProtectedModeSettings":false,"ignoreZoomSetting":false,"initialBrowserUrl":"http://localhost:37262/","javascriptEnabled":true,"nativeEvents":true,"pageLoadStrategy":"normal","platform":"WINDOWS","requireWindowFocus":false,"unexpectedAlertBehaviour":"dismiss","version":"11"}}[\n]"
9123 [Forwarding newSession on session null to remote] DEBUG org.apache.http.wire  - http-outgoing-0 << "[\r][\n]"
9123 [Forwarding newSession on session null to remote] DEBUG org.apache.http.headers  - http-outgoing-0 << HTTP/1.1 200 OK
9123 [Forwarding newSession on session null to remote] DEBUG org.apache.http.headers  - http-outgoing-0 << Content-Length: 700
9123 [Forwarding newSession on session null to remote] DEBUG org.apache.http.headers  - http-outgoing-0 << Content-Type: application/json; charset=UTF-8
9123 [Forwarding newSession on session null to remote] DEBUG org.apache.http.headers  - http-outgoing-0 << Vary: Accept-Charset, Accept-Encoding, Accept-Language, Accept
9123 [Forwarding newSession on session null to remote] DEBUG org.apache.http.headers  - http-outgoing-0 << Accept-Ranges: bytes
9123 [Forwarding newSession on session null to remote] DEBUG org.apache.http.headers  - http-outgoing-0 << Connection: close
9124 [Forwarding newSession on session null to remote] DEBUG org.apache.http.impl.conn.DefaultManagedHttpClientConnection  - http-outgoing-0: Shutdown connection
9124 [Forwarding newSession on session null to remote] DEBUG org.apache.http.impl.execchain.MainClientExec  - Connection discarded
9124 [Forwarding newSession on session null to remote] DEBUG org.apache.http.impl.conn.DefaultManagedHttpClientConnection  - http-outgoing-0: Close connection
9124 [Forwarding newSession on session null to remote] DEBUG org.apache.http.impl.conn.PoolingHttpClientConnectionManager  - Connection released: [id: 0][route: {}->http://localhost:37262][total kept alive: 0; route allocated: 0 of 2000; total allocated: 0 of 2000]
9134 [main] INFO  ./TestResults/2017_09_06_05_36_38_PM/LogFile.log  - Getting value of url from Test Configuration file : http://www.adactin.com/HotelApp/
9144 [Forwarding get on session b1310904-d161-49ca-a1a6-530fba7baea8 to remote] DEBUG org.apache.http.client.protocol.RequestAddCookies  - CookieSpec selected: best-match
9144 [Forwarding get on session b1310904-d161-49ca-a1a6-530fba7baea8 to remote] DEBUG org.apache.http.client.protocol.RequestAuthCache  - Auth cache not set in the context
9144 [Forwarding get on session b1310904-d161-49ca-a1a6-530fba7baea8 to remote] DEBUG org.apache.http.impl.conn.PoolingHttpClientConnectionManager  - Connection request: [route: {}->http://localhost:37262][total kept alive: 0; route allocated: 0 of 2000; total allocated: 0 of 2000]
9144 [Forwarding get on session b1310904-d161-49ca-a1a6-530fba7baea8 to remote] DEBUG org.apache.http.impl.conn.PoolingHttpClientConnectionManager  - Connection leased: [id: 1][route: {}->http://localhost:37262][total kept alive: 0; route allocated: 1 of 2000; total allocated: 1 of 2000]
9144 [Forwarding get on session b1310904-d161-49ca-a1a6-530fba7baea8 to remote] DEBUG org.apache.http.impl.execchain.MainClientExec  - Opening connection {}->http://localhost:37262
9144 [Forwarding get on session b1310904-d161-49ca-a1a6-530fba7baea8 to remote] DEBUG org.apache.http.impl.conn.HttpClientConnectionOperator  - Connecting to localhost/127.0.0.1:37262
9144 [Forwarding get on session b1310904-d161-49ca-a1a6-530fba7baea8 to remote] DEBUG org.apache.http.impl.conn.HttpClientConnectionOperator  - Connection established 127.0.0.1:17202<->127.0.0.1:37262
9144 [Forwarding get on session b1310904-d161-49ca-a1a6-530fba7baea8 to remote] DEBUG org.apache.http.impl.execchain.MainClientExec  - Executing request POST /session/b1310904-d161-49ca-a1a6-530fba7baea8/url HTTP/1.1
9144 [Forwarding get on session b1310904-d161-49ca-a1a6-530fba7baea8 to remote] DEBUG org.apache.http.impl.execchain.MainClientExec  - Target auth state: UNCHALLENGED
9144 [Forwarding get on session b1310904-d161-49ca-a1a6-530fba7baea8 to remote] DEBUG org.apache.http.impl.execchain.MainClientExec  - Proxy auth state: UNCHALLENGED
9144 [Forwarding get on session b1310904-d161-49ca-a1a6-530fba7baea8 to remote] DEBUG org.apache.http.headers  - http-outgoing-1 >> POST /session/b1310904-d161-49ca-a1a6-530fba7baea8/url HTTP/1.1
9144 [Forwarding get on session b1310904-d161-49ca-a1a6-530fba7baea8 to remote] DEBUG org.apache.http.headers  - http-outgoing-1 >> Content-Type: application/json; charset=utf-8
9144 [Forwarding get on session b1310904-d161-49ca-a1a6-530fba7baea8 to remote] DEBUG org.apache.http.headers  - http-outgoing-1 >> Content-Length: 42
9144 [Forwarding get on session b1310904-d161-49ca-a1a6-530fba7baea8 to remote] DEBUG org.apache.http.headers  - http-outgoing-1 >> Host: localhost:37262
9144 [Forwarding get on session b1310904-d161-49ca-a1a6-530fba7baea8 to remote] DEBUG org.apache.http.headers  - http-outgoing-1 >> Connection: Keep-Alive
9144 [Forwarding get on session b1310904-d161-49ca-a1a6-530fba7baea8 to remote] DEBUG org.apache.http.headers  - http-outgoing-1 >> User-Agent: Apache-HttpClient/4.3.3 (java 1.5)
9144 [Forwarding get on session b1310904-d161-49ca-a1a6-530fba7baea8 to remote] DEBUG org.apache.http.headers  - http-outgoing-1 >> Accept-Encoding: gzip,deflate
9144 [Forwarding get on session b1310904-d161-49ca-a1a6-530fba7baea8 to remote] DEBUG org.apache.http.wire  - http-outgoing-1 >> "POST /session/b1310904-d161-49ca-a1a6-530fba7baea8/url HTTP/1.1[\r][\n]"
9144 [Forwarding get on session b1310904-d161-49ca-a1a6-530fba7baea8 to remote] DEBUG org.apache.http.wire  - http-outgoing-1 >> "Content-Type: application/json; charset=utf-8[\r][\n]"
9144 [Forwarding get on session b1310904-d161-49ca-a1a6-530fba7baea8 to remote] DEBUG org.apache.http.wire  - http-outgoing-1 >> "Content-Length: 42[\r][\n]"
9144 [Forwarding get on session b1310904-d161-49ca-a1a6-530fba7baea8 to remote] DEBUG org.apache.http.wire  - http-outgoing-1 >> "Host: localhost:37262[\r][\n]"
9144 [Forwarding get on session b1310904-d161-49ca-a1a6-530fba7baea8 to remote] DEBUG org.apache.http.wire  - http-outgoing-1 >> "Connection: Keep-Alive[\r][\n]"
9144 [Forwarding get on session b1310904-d161-49ca-a1a6-530fba7baea8 to remote] DEBUG org.apache.http.wire  - http-outgoing-1 >> "User-Agent: Apache-HttpClient/4.3.3 (java 1.5)[\r][\n]"
9144 [Forwarding get on session b1310904-d161-49ca-a1a6-530fba7baea8 to remote] DEBUG org.apache.http.wire  - http-outgoing-1 >> "Accept-Encoding: gzip,deflate[\r][\n]"
9144 [Forwarding get on session b1310904-d161-49ca-a1a6-530fba7baea8 to remote] DEBUG org.apache.http.wire  - http-outgoing-1 >> "[\r][\n]"
9144 [Forwarding get on session b1310904-d161-49ca-a1a6-530fba7baea8 to remote] DEBUG org.apache.http.wire  - http-outgoing-1 >> "{"url":"http://www.adactin.com/HotelApp/"}"
9954 [Forwarding get on session b1310904-d161-49ca-a1a6-530fba7baea8 to remote] DEBUG org.apache.http.wire  - http-outgoing-1 << "HTTP/1.1 200 OK[\r][\n]"
9954 [Forwarding get on session b1310904-d161-49ca-a1a6-530fba7baea8 to remote] DEBUG org.apache.http.wire  - http-outgoing-1 << "Content-Length: 77[\r][\n]"
9954 [Forwarding get on session b1310904-d161-49ca-a1a6-530fba7baea8 to remote] DEBUG org.apache.http.wire  - http-outgoing-1 << "Content-Type: application/json; charset=UTF-8[\r][\n]"
9954 [Forwarding get on session b1310904-d161-49ca-a1a6-530fba7baea8 to remote] DEBUG org.apache.http.wire  - http-outgoing-1 << "Vary: Accept-Charset, Accept-Encoding, Accept-Language, Accept[\r][\n]"
9954 [Forwarding get on session b1310904-d161-49ca-a1a6-530fba7baea8 to remote] DEBUG org.apache.http.wire  - http-outgoing-1 << "Accept-Ranges: bytes[\r][\n]"
9954 [Forwarding get on session b1310904-d161-49ca-a1a6-530fba7baea8 to remote] DEBUG org.apache.http.wire  - http-outgoing-1 << "Connection: close[\r][\n]"
9954 [Forwarding get on session b1310904-d161-49ca-a1a6-530fba7baea8 to remote] DEBUG org.apache.http.wire  - http-outgoing-1 << "[\r][\n]"
9954 [Forwarding get on session b1310904-d161-49ca-a1a6-530fba7baea8 to remote] DEBUG org.apache.http.wire  - http-outgoing-1 << "{"sessionId":"b1310904-d161-49ca-a1a6-530fba7baea8","status":0,"value":null}[\n]"
9954 [Forwarding get on session b1310904-d161-49ca-a1a6-530fba7baea8 to remote] DEBUG org.apache.http.wire  - http-outgoing-1 << "[\r][\n]"
9954 [Forwarding get on session b1310904-d161-49ca-a1a6-530fba7baea8 to remote] DEBUG org.apache.http.headers  - http-outgoing-1 << HTTP/1.1 200 OK
9954 [Forwarding get on session b1310904-d161-49ca-a1a6-530fba7baea8 to remote] DEBUG org.apache.http.headers  - http-outgoing-1 << Content-Length: 77
9954 [Forwarding get on session b1310904-d161-49ca-a1a6-530fba7baea8 to remote] DEBUG org.apache.http.headers  - http-outgoing-1 << Content-Type: application/json; charset=UTF-8
9954 [Forwarding get on session b1310904-d161-49ca-a1a6-530fba7baea8 to remote] DEBUG org.apache.http.headers  - http-outgoing-1 << Vary: Accept-Charset, Accept-Encoding, Accept-Language, Accept
9954 [Forwarding get on session b1310904-d161-49ca-a1a6-530fba7baea8 to remote] DEBUG org.apache.http.headers  - http-outgoing-1 << Accept-Ranges: bytes
9954 [Forwarding get on session b1310904-d161-49ca-a1a6-530fba7baea8 to remote] DEBUG org.apache.http.headers  - http-outgoing-1 << Connection: close
9954 [Forwarding get on session b1310904-d161-49ca-a1a6-530fba7baea8 to remote] DEBUG org.apache.http.impl.conn.DefaultManagedHttpClientConnection  - http-outgoing-1: Shutdown connection
9954 [Forwarding get on session b1310904-d161-49ca-a1a6-530fba7baea8 to remote] DEBUG org.apache.http.impl.execchain.MainClientExec  - Connection discarded
9954 [Forwarding get on session b1310904-d161-49ca-a1a6-530fba7baea8 to remote] DEBUG org.apache.http.impl.conn.DefaultManagedHttpClientConnection  - http-outgoing-1: Close connection
9954 [Forwarding get on session b1310904-d161-49ca-a1a6-530fba7baea8 to remote] DEBUG org.apache.http.impl.conn.PoolingHttpClientConnectionManager  - Connection released: [id: 1][route: {}->http://localhost:37262][total kept alive: 0; route allocated: 0 of 2000; total allocated: 0 of 2000]
9954 [Forwarding maximizeWindow on session b1310904-d161-49ca-a1a6-530fba7baea8 to remote] DEBUG org.apache.http.client.protocol.RequestAddCookies  - CookieSpec selected: best-match
9954 [Forwarding maximizeWindow on session b1310904-d161-49ca-a1a6-530fba7baea8 to remote] DEBUG org.apache.http.client.protocol.RequestAuthCache  - Auth cache not set in the context
9954 [Forwarding maximizeWindow on session b1310904-d161-49ca-a1a6-530fba7baea8 to remote] DEBUG org.apache.http.impl.conn.PoolingHttpClientConnectionManager  - Connection request: [route: {}->http://localhost:37262][total kept alive: 0; route allocated: 0 of 2000; total allocated: 0 of 2000]
9954 [Forwarding maximizeWindow on session b1310904-d161-49ca-a1a6-530fba7baea8 to remote] DEBUG org.apache.http.impl.conn.PoolingHttpClientConnectionManager  - Connection leased: [id: 2][route: {}->http://localhost:37262][total kept alive: 0; route allocated: 1 of 2000; total allocated: 1 of 2000]
9954 [Forwarding maximizeWindow on session b1310904-d161-49ca-a1a6-530fba7baea8 to remote] DEBUG org.apache.http.impl.execchain.MainClientExec  - Opening connection {}->http://localhost:37262
9954 [Forwarding maximizeWindow on session b1310904-d161-49ca-a1a6-530fba7baea8 to remote] DEBUG org.apache.http.impl.conn.HttpClientConnectionOperator  - Connecting to localhost/127.0.0.1:37262
9954 [Forwarding maximizeWindow on session b1310904-d161-49ca-a1a6-530fba7baea8 to remote] DEBUG org.apache.http.impl.conn.HttpClientConnectionOperator  - Connection established 127.0.0.1:17214<->127.0.0.1:37262
9954 [Forwarding maximizeWindow on session b1310904-d161-49ca-a1a6-530fba7baea8 to remote] DEBUG org.apache.http.impl.execchain.MainClientExec  - Executing request POST /session/b1310904-d161-49ca-a1a6-530fba7baea8/window/current/maximize HTTP/1.1
9954 [Forwarding maximizeWindow on session b1310904-d161-49ca-a1a6-530fba7baea8 to remote] DEBUG org.apache.http.impl.execchain.MainClientExec  - Target auth state: UNCHALLENGED
9954 [Forwarding maximizeWindow on session b1310904-d161-49ca-a1a6-530fba7baea8 to remote] DEBUG org.apache.http.impl.execchain.MainClientExec  - Proxy auth state: UNCHALLENGED
9954 [Forwarding maximizeWindow on session b1310904-d161-49ca-a1a6-530fba7baea8 to remote] DEBUG org.apache.http.headers  - http-outgoing-2 >> POST /session/b1310904-d161-49ca-a1a6-530fba7baea8/window/current/maximize HTTP/1.1
9954 [Forwarding maximizeWindow on session b1310904-d161-49ca-a1a6-530fba7baea8 to remote] DEBUG org.apache.http.headers  - http-outgoing-2 >> Content-Type: application/json; charset=utf-8
9954 [Forwarding maximizeWindow on session b1310904-d161-49ca-a1a6-530fba7baea8 to remote] DEBUG org.apache.http.headers  - http-outgoing-2 >> Content-Length: 26
9954 [Forwarding maximizeWindow on session b1310904-d161-49ca-a1a6-530fba7baea8 to remote] DEBUG org.apache.http.headers  - http-outgoing-2 >> Host: localhost:37262
9954 [Forwarding maximizeWindow on session b1310904-d161-49ca-a1a6-530fba7baea8 to remote] DEBUG org.apache.http.headers  - http-outgoing-2 >> Connection: Keep-Alive
9954 [Forwarding maximizeWindow on session b1310904-d161-49ca-a1a6-530fba7baea8 to remote] DEBUG org.apache.http.headers  - http-outgoing-2 >> User-Agent: Apache-HttpClient/4.3.3 (java 1.5)
9954 [Forwarding maximizeWindow on session b1310904-d161-49ca-a1a6-530fba7baea8 to remote] DEBUG org.apache.http.headers  - http-outgoing-2 >> Accept-Encoding: gzip,deflate
9954 [Forwarding maximizeWindow on session b1310904-d161-49ca-a1a6-530fba7baea8 to remote] DEBUG org.apache.http.wire  - http-outgoing-2 >> "POST /session/b1310904-d161-49ca-a1a6-530fba7baea8/window/current/maximize HTTP/1.1[\r][\n]"
9954 [Forwarding maximizeWindow on session b1310904-d161-49ca-a1a6-530fba7baea8 to remote] DEBUG org.apache.http.wire  - http-outgoing-2 >> "Content-Type: application/json; charset=utf-8[\r][\n]"
9954 [Forwarding maximizeWindow on session b1310904-d161-49ca-a1a6-530fba7baea8 to remote] DEBUG org.apache.http.wire  - http-outgoing-2 >> "Content-Length: 26[\r][\n]"
9954 [Forwarding maximizeWindow on session b1310904-d161-49ca-a1a6-530fba7baea8 to remote] DEBUG org.apache.http.wire  - http-outgoing-2 >> "Host: localhost:37262[\r][\n]"
9954 [Forwarding maximizeWindow on session b1310904-d161-49ca-a1a6-530fba7baea8 to remote] DEBUG org.apache.http.wire  - http-outgoing-2 >> "Connection: Keep-Alive[\r][\n]"
9954 [Forwarding maximizeWindow on session b1310904-d161-49ca-a1a6-530fba7baea8 to remote] DEBUG org.apache.http.wire  - http-outgoing-2 >> "User-Agent: Apache-HttpClient/4.3.3 (java 1.5)[\r][\n]"
9954 [Forwarding maximizeWindow on session b1310904-d161-49ca-a1a6-530fba7baea8 to remote] DEBUG org.apache.http.wire  - http-outgoing-2 >> "Accept-Encoding: gzip,deflate[\r][\n]"
9954 [Forwarding maximizeWindow on session b1310904-d161-49ca-a1a6-530fba7baea8 to remote] DEBUG org.apache.http.wire  - http-outgoing-2 >> "[\r][\n]"
9954 [Forwarding maximizeWindow on session b1310904-d161-49ca-a1a6-530fba7baea8 to remote] DEBUG org.apache.http.wire  - http-outgoing-2 >> "{"windowHandle":"current"}"
9964 [Forwarding maximizeWindow on session b1310904-d161-49ca-a1a6-530fba7baea8 to remote] DEBUG org.apache.http.wire  - http-outgoing-2 << "HTTP/1.1 200 OK[\r][\n]"
9964 [Forwarding maximizeWindow on session b1310904-d161-49ca-a1a6-530fba7baea8 to remote] DEBUG org.apache.http.wire  - http-outgoing-2 << "Content-Length: 77[\r][\n]"
9964 [Forwarding maximizeWindow on session b1310904-d161-49ca-a1a6-530fba7baea8 to remote] DEBUG org.apache.http.wire  - http-outgoing-2 << "Content-Type: application/json; charset=UTF-8[\r][\n]"
9964 [Forwarding maximizeWindow on session b1310904-d161-49ca-a1a6-530fba7baea8 to remote] DEBUG org.apache.http.wire  - http-outgoing-2 << "Vary: Accept-Charset, Accept-Encoding, Accept-Language, Accept[\r][\n]"
9964 [Forwarding maximizeWindow on session b1310904-d161-49ca-a1a6-530fba7baea8 to remote] DEBUG org.apache.http.wire  - http-outgoing-2 << "Accept-Ranges: bytes[\r][\n]"
9964 [Forwarding maximizeWindow on session b1310904-d161-49ca-a1a6-530fba7baea8 to remote] DEBUG org.apache.http.wire  - http-outgoing-2 << "Connection: close[\r][\n]"
9964 [Forwarding maximizeWindow on session b1310904-d161-49ca-a1a6-530fba7baea8 to remote] DEBUG org.apache.http.wire  - http-outgoing-2 << "[\r][\n]"
9964 [Forwarding maximizeWindow on session b1310904-d161-49ca-a1a6-530fba7baea8 to remote] DEBUG org.apache.http.wire  - http-outgoing-2 << "{"sessionId":"b1310904-d161-49ca-a1a6-530fba7baea8","status":0,"value":null}[\n]"
9964 [Forwarding maximizeWindow on session b1310904-d161-49ca-a1a6-530fba7baea8 to remote] DEBUG org.apache.http.wire  - http-outgoing-2 << "[\r][\n]"
9964 [Forwarding maximizeWindow on session b1310904-d161-49ca-a1a6-530fba7baea8 to remote] DEBUG org.apache.http.headers  - http-outgoing-2 << HTTP/1.1 200 OK
9964 [Forwarding maximizeWindow on session b1310904-d161-49ca-a1a6-530fba7baea8 to remote] DEBUG org.apache.http.headers  - http-outgoing-2 << Content-Length: 77
9964 [Forwarding maximizeWindow on session b1310904-d161-49ca-a1a6-530fba7baea8 to remote] DEBUG org.apache.http.headers  - http-outgoing-2 << Content-Type: application/json; charset=UTF-8
9964 [Forwarding maximizeWindow on session b1310904-d161-49ca-a1a6-530fba7baea8 to remote] DEBUG org.apache.http.headers  - http-outgoing-2 << Vary: Accept-Charset, Accept-Encoding, Accept-Language, Accept
9964 [Forwarding maximizeWindow on session b1310904-d161-49ca-a1a6-530fba7baea8 to remote] DEBUG org.apache.http.headers  - http-outgoing-2 << Accept-Ranges: bytes
9964 [Forwarding maximizeWindow on session b1310904-d161-49ca-a1a6-530fba7baea8 to remote] DEBUG org.apache.http.headers  - http-outgoing-2 << Connection: close
9964 [Forwarding maximizeWindow on session b1310904-d161-49ca-a1a6-530fba7baea8 to remote] DEBUG org.apache.http.impl.conn.DefaultManagedHttpClientConnection  - http-outgoing-2: Shutdown connection
9964 [Forwarding maximizeWindow on session b1310904-d161-49ca-a1a6-530fba7baea8 to remote] DEBUG org.apache.http.impl.execchain.MainClientExec  - Connection discarded
9964 [Forwarding maximizeWindow on session b1310904-d161-49ca-a1a6-530fba7baea8 to remote] DEBUG org.apache.http.impl.conn.DefaultManagedHttpClientConnection  - http-outgoing-2: Close connection
9964 [Forwarding maximizeWindow on session b1310904-d161-49ca-a1a6-530fba7baea8 to remote] DEBUG org.apache.http.impl.conn.PoolingHttpClientConnectionManager  - Connection released: [id: 2][route: {}->http://localhost:37262][total kept alive: 0; route allocated: 0 of 2000; total allocated: 0 of 2000]
9984 [Forwarding findElement on session b1310904-d161-49ca-a1a6-530fba7baea8 to remote] DEBUG org.apache.http.client.protocol.RequestAddCookies  - CookieSpec selected: best-match
9984 [Forwarding findElement on session b1310904-d161-49ca-a1a6-530fba7baea8 to remote] DEBUG org.apache.http.client.protocol.RequestAuthCache  - Auth cache not set in the context
9984 [Forwarding findElement on session b1310904-d161-49ca-a1a6-530fba7baea8 to remote] DEBUG org.apache.http.impl.conn.PoolingHttpClientConnectionManager  - Connection request: [route: {}->http://localhost:37262][total kept alive: 0; route allocated: 0 of 2000; total allocated: 0 of 2000]
9984 [Forwarding findElement on session b1310904-d161-49ca-a1a6-530fba7baea8 to remote] DEBUG org.apache.http.impl.conn.PoolingHttpClientConnectionManager  - Connection leased: [id: 3][route: {}->http://localhost:37262][total kept alive: 0; route allocated: 1 of 2000; total allocated: 1 of 2000]
9984 [Forwarding findElement on session b1310904-d161-49ca-a1a6-530fba7baea8 to remote] DEBUG org.apache.http.impl.execchain.MainClientExec  - Opening connection {}->http://localhost:37262
9984 [Forwarding findElement on session b1310904-d161-49ca-a1a6-530fba7baea8 to remote] DEBUG org.apache.http.impl.conn.HttpClientConnectionOperator  - Connecting to localhost/127.0.0.1:37262
9984 [Forwarding findElement on session b1310904-d161-49ca-a1a6-530fba7baea8 to remote] DEBUG org.apache.http.impl.conn.HttpClientConnectionOperator  - Connection established 127.0.0.1:17215<->127.0.0.1:37262
9984 [Forwarding findElement on session b1310904-d161-49ca-a1a6-530fba7baea8 to remote] DEBUG org.apache.http.impl.execchain.MainClientExec  - Executing request POST /session/b1310904-d161-49ca-a1a6-530fba7baea8/element HTTP/1.1
9984 [Forwarding findElement on session b1310904-d161-49ca-a1a6-530fba7baea8 to remote] DEBUG org.apache.http.impl.execchain.MainClientExec  - Target auth state: UNCHALLENGED
9984 [Forwarding findElement on session b1310904-d161-49ca-a1a6-530fba7baea8 to remote] DEBUG org.apache.http.impl.execchain.MainClientExec  - Proxy auth state: UNCHALLENGED
9984 [Forwarding findElement on session b1310904-d161-49ca-a1a6-530fba7baea8 to remote] DEBUG org.apache.http.headers  - http-outgoing-3 >> POST /session/b1310904-d161-49ca-a1a6-530fba7baea8/element HTTP/1.1
9984 [Forwarding findElement on session b1310904-d161-49ca-a1a6-530fba7baea8 to remote] DEBUG org.apache.http.headers  - http-outgoing-3 >> Content-Type: application/json; charset=utf-8
9984 [Forwarding findElement on session b1310904-d161-49ca-a1a6-530fba7baea8 to remote] DEBUG org.apache.http.headers  - http-outgoing-3 >> Content-Length: 50
9984 [Forwarding findElement on session b1310904-d161-49ca-a1a6-530fba7baea8 to remote] DEBUG org.apache.http.headers  - http-outgoing-3 >> Host: localhost:37262
9984 [Forwarding findElement on session b1310904-d161-49ca-a1a6-530fba7baea8 to remote] DEBUG org.apache.http.headers  - http-outgoing-3 >> Connection: Keep-Alive
9984 [Forwarding findElement on session b1310904-d161-49ca-a1a6-530fba7baea8 to remote] DEBUG org.apache.http.headers  - http-outgoing-3 >> User-Agent: Apache-HttpClient/4.3.3 (java 1.5)
9984 [Forwarding findElement on session b1310904-d161-49ca-a1a6-530fba7baea8 to remote] DEBUG org.apache.http.headers  - http-outgoing-3 >> Accept-Encoding: gzip,deflate
9984 [Forwarding findElement on session b1310904-d161-49ca-a1a6-530fba7baea8 to remote] DEBUG org.apache.http.wire  - http-outgoing-3 >> "POST /session/b1310904-d161-49ca-a1a6-530fba7baea8/element HTTP/1.1[\r][\n]"
9984 [Forwarding findElement on session b1310904-d161-49ca-a1a6-530fba7baea8 to remote] DEBUG org.apache.http.wire  - http-outgoing-3 >> "Content-Type: application/json; charset=utf-8[\r][\n]"
9984 [Forwarding findElement on session b1310904-d161-49ca-a1a6-530fba7baea8 to remote] DEBUG org.apache.http.wire  - http-outgoing-3 >> "Content-Length: 50[\r][\n]"
9984 [Forwarding findElement on session b1310904-d161-49ca-a1a6-530fba7baea8 to remote] DEBUG org.apache.http.wire  - http-outgoing-3 >> "Host: localhost:37262[\r][\n]"
9984 [Forwarding findElement on session b1310904-d161-49ca-a1a6-530fba7baea8 to remote] DEBUG org.apache.http.wire  - http-outgoing-3 >> "Connection: Keep-Alive[\r][\n]"
9984 [Forwarding findElement on session b1310904-d161-49ca-a1a6-530fba7baea8 to remote] DEBUG org.apache.http.wire  - http-outgoing-3 >> "User-Agent: Apache-HttpClient/4.3.3 (java 1.5)[\r][\n]"
9984 [Forwarding findElement on session b1310904-d161-49ca-a1a6-530fba7baea8 to remote] DEBUG org.apache.http.wire  - http-outgoing-3 >> "Accept-Encoding: gzip,deflate[\r][\n]"
9984 [Forwarding findElement on session b1310904-d161-49ca-a1a6-530fba7baea8 to remote] DEBUG org.apache.http.wire  - http-outgoing-3 >> "[\r][\n]"
9984 [Forwarding findElement on session b1310904-d161-49ca-a1a6-530fba7baea8 to remote] DEBUG org.apache.http.wire  - http-outgoing-3 >> "{"using":"xpath","value":"//input[@name='login']"}"
10034 [Forwarding findElement on session b1310904-d161-49ca-a1a6-530fba7baea8 to remote] DEBUG org.apache.http.wire  - http-outgoing-3 << "HTTP/1.1 200 OK[\r][\n]"
10034 [Forwarding findElement on session b1310904-d161-49ca-a1a6-530fba7baea8 to remote] DEBUG org.apache.http.wire  - http-outgoing-3 << "Content-Length: 200[\r][\n]"
10034 [Forwarding findElement on session b1310904-d161-49ca-a1a6-530fba7baea8 to remote] DEBUG org.apache.http.wire  - http-outgoing-3 << "Content-Type: application/json; charset=UTF-8[\r][\n]"
10034 [Forwarding findElement on session b1310904-d161-49ca-a1a6-530fba7baea8 to remote] DEBUG org.apache.http.wire  - http-outgoing-3 << "Vary: Accept-Charset, Accept-Encoding, Accept-Language, Accept[\r][\n]"
10034 [Forwarding findElement on session b1310904-d161-49ca-a1a6-530fba7baea8 to remote] DEBUG org.apache.http.wire  - http-outgoing-3 << "Accept-Ranges: bytes[\r][\n]"
10034 [Forwarding findElement on session b1310904-d161-49ca-a1a6-530fba7baea8 to remote] DEBUG org.apache.http.wire  - http-outgoing-3 << "Connection: close[\r][\n]"
10034 [Forwarding findElement on session b1310904-d161-49ca-a1a6-530fba7baea8 to remote] DEBUG org.apache.http.wire  - http-outgoing-3 << "[\r][\n]"
10034 [Forwarding findElement on session b1310904-d161-49ca-a1a6-530fba7baea8 to remote] DEBUG org.apache.http.wire  - http-outgoing-3 << "{"sessionId":"b1310904-d161-49ca-a1a6-530fba7baea8","status":0,"value":{"ELEMENT":"6a6438df-7b94-494d-a71e-c1e89998c697","element-6066-11e4-a52e-4f735466cecf":"6a6438df-7b94-494d-a71e-c1e89998c697"}}[\n]"
10034 [Forwarding findElement on session b1310904-d161-49ca-a1a6-530fba7baea8 to remote] DEBUG org.apache.http.wire  - http-outgoing-3 << "[\r][\n]"
10034 [Forwarding findElement on session b1310904-d161-49ca-a1a6-530fba7baea8 to remote] DEBUG org.apache.http.headers  - http-outgoing-3 << HTTP/1.1 200 OK
10034 [Forwarding findElement on session b1310904-d161-49ca-a1a6-530fba7baea8 to remote] DEBUG org.apache.http.headers  - http-outgoing-3 << Content-Length: 200
10034 [Forwarding findElement on session b1310904-d161-49ca-a1a6-530fba7baea8 to remote] DEBUG org.apache.http.headers  - http-outgoing-3 << Content-Type: application/json; charset=UTF-8
10034 [Forwarding findElement on session b1310904-d161-49ca-a1a6-530fba7baea8 to remote] DEBUG org.apache.http.headers  - http-outgoing-3 << Vary: Accept-Charset, Accept-Encoding, Accept-Language, Accept
10034 [Forwarding findElement on session b1310904-d161-49ca-a1a6-530fba7baea8 to remote] DEBUG org.apache.http.headers  - http-outgoing-3 << Accept-Ranges: bytes
10034 [Forwarding findElement on session b1310904-d161-49ca-a1a6-530fba7baea8 to remote] DEBUG org.apache.http.headers  - http-outgoing-3 << Connection: close
10034 [Forwarding findElement on session b1310904-d161-49ca-a1a6-530fba7baea8 to remote] DEBUG org.apache.http.impl.conn.DefaultManagedHttpClientConnection  - http-outgoing-3: Shutdown connection
10034 [Forwarding findElement on session b1310904-d161-49ca-a1a6-530fba7baea8 to remote] DEBUG org.apache.http.impl.execchain.MainClientExec  - Connection discarded
10034 [Forwarding findElement on session b1310904-d161-49ca-a1a6-530fba7baea8 to remote] DEBUG org.apache.http.impl.conn.DefaultManagedHttpClientConnection  - http-outgoing-3: Close connection
10034 [Forwarding findElement on session b1310904-d161-49ca-a1a6-530fba7baea8 to remote] DEBUG org.apache.http.impl.conn.PoolingHttpClientConnectionManager  - Connection released: [id: 3][route: {}->http://localhost:37262][total kept alive: 0; route allocated: 0 of 2000; total allocated: 0 of 2000]
10034 [Forwarding getTitle on session b1310904-d161-49ca-a1a6-530fba7baea8 to remote] DEBUG org.apache.http.client.protocol.RequestAddCookies  - CookieSpec selected: best-match
10034 [Forwarding getTitle on session b1310904-d161-49ca-a1a6-530fba7baea8 to remote] DEBUG org.apache.http.client.protocol.RequestAuthCache  - Auth cache not set in the context
10034 [Forwarding getTitle on session b1310904-d161-49ca-a1a6-530fba7baea8 to remote] DEBUG org.apache.http.impl.conn.PoolingHttpClientConnectionManager  - Connection request: [route: {}->http://localhost:37262][total kept alive: 0; route allocated: 0 of 2000; total allocated: 0 of 2000]
10034 [Forwarding getTitle on session b1310904-d161-49ca-a1a6-530fba7baea8 to remote] DEBUG org.apache.http.impl.conn.PoolingHttpClientConnectionManager  - Connection leased: [id: 4][route: {}->http://localhost:37262][total kept alive: 0; route allocated: 1 of 2000; total allocated: 1 of 2000]
10034 [Forwarding getTitle on session b1310904-d161-49ca-a1a6-530fba7baea8 to remote] DEBUG org.apache.http.impl.execchain.MainClientExec  - Opening connection {}->http://localhost:37262
10034 [Forwarding getTitle on session b1310904-d161-49ca-a1a6-530fba7baea8 to remote] DEBUG org.apache.http.impl.conn.HttpClientConnectionOperator  - Connecting to localhost/127.0.0.1:37262
10034 [Forwarding getTitle on session b1310904-d161-49ca-a1a6-530fba7baea8 to remote] DEBUG org.apache.http.impl.conn.HttpClientConnectionOperator  - Connection established 127.0.0.1:17218<->127.0.0.1:37262
10034 [Forwarding getTitle on session b1310904-d161-49ca-a1a6-530fba7baea8 to remote] DEBUG org.apache.http.impl.execchain.MainClientExec  - Executing request GET /session/b1310904-d161-49ca-a1a6-530fba7baea8/title HTTP/1.1
10034 [Forwarding getTitle on session b1310904-d161-49ca-a1a6-530fba7baea8 to remote] DEBUG org.apache.http.impl.execchain.MainClientExec  - Target auth state: UNCHALLENGED
10034 [Forwarding getTitle on session b1310904-d161-49ca-a1a6-530fba7baea8 to remote] DEBUG org.apache.http.impl.execchain.MainClientExec  - Proxy auth state: UNCHALLENGED
10034 [Forwarding getTitle on session b1310904-d161-49ca-a1a6-530fba7baea8 to remote] DEBUG org.apache.http.headers  - http-outgoing-4 >> GET /session/b1310904-d161-49ca-a1a6-530fba7baea8/title HTTP/1.1
10034 [Forwarding getTitle on session b1310904-d161-49ca-a1a6-530fba7baea8 to remote] DEBUG org.apache.http.headers  - http-outgoing-4 >> Cache-Control: no-cache
10034 [Forwarding getTitle on session b1310904-d161-49ca-a1a6-530fba7baea8 to remote] DEBUG org.apache.http.headers  - http-outgoing-4 >> Host: localhost:37262
10034 [Forwarding getTitle on session b1310904-d161-49ca-a1a6-530fba7baea8 to remote] DEBUG org.apache.http.headers  - http-outgoing-4 >> Connection: Keep-Alive
10034 [Forwarding getTitle on session b1310904-d161-49ca-a1a6-530fba7baea8 to remote] DEBUG org.apache.http.headers  - http-outgoing-4 >> User-Agent: Apache-HttpClient/4.3.3 (java 1.5)
10034 [Forwarding getTitle on session b1310904-d161-49ca-a1a6-530fba7baea8 to remote] DEBUG org.apache.http.headers  - http-outgoing-4 >> Accept-Encoding: gzip,deflate
10034 [Forwarding getTitle on session b1310904-d161-49ca-a1a6-530fba7baea8 to remote] DEBUG org.apache.http.wire  - http-outgoing-4 >> "GET /session/b1310904-d161-49ca-a1a6-530fba7baea8/title HTTP/1.1[\r][\n]"
10034 [Forwarding getTitle on session b1310904-d161-49ca-a1a6-530fba7baea8 to remote] DEBUG org.apache.http.wire  - http-outgoing-4 >> "Cache-Control: no-cache[\r][\n]"
10034 [Forwarding getTitle on session b1310904-d161-49ca-a1a6-530fba7baea8 to remote] DEBUG org.apache.http.wire  - http-outgoing-4 >> "Host: localhost:37262[\r][\n]"
10034 [Forwarding getTitle on session b1310904-d161-49ca-a1a6-530fba7baea8 to remote] DEBUG org.apache.http.wire  - http-outgoing-4 >> "Connection: Keep-Alive[\r][\n]"
10034 [Forwarding getTitle on session b1310904-d161-49ca-a1a6-530fba7baea8 to remote] DEBUG org.apache.http.wire  - http-outgoing-4 >> "User-Agent: Apache-HttpClient/4.3.3 (java 1.5)[\r][\n]"
10034 [Forwarding getTitle on session b1310904-d161-49ca-a1a6-530fba7baea8 to remote] DEBUG org.apache.http.wire  - http-outgoing-4 >> "Accept-Encoding: gzip,deflate[\r][\n]"
10034 [Forwarding getTitle on session b1310904-d161-49ca-a1a6-530fba7baea8 to remote] DEBUG org.apache.http.wire  - http-outgoing-4 >> "[\r][\n]"
10044 [Forwarding getTitle on session b1310904-d161-49ca-a1a6-530fba7baea8 to remote] DEBUG org.apache.http.wire  - http-outgoing-4 << "HTTP/1.1 200 OK[\r][\n]"
10044 [Forwarding getTitle on session b1310904-d161-49ca-a1a6-530fba7baea8 to remote] DEBUG org.apache.http.wire  - http-outgoing-4 << "Content-Length: 113[\r][\n]"
10044 [Forwarding getTitle on session b1310904-d161-49ca-a1a6-530fba7baea8 to remote] DEBUG org.apache.http.wire  - http-outgoing-4 << "Content-Type: application/json; charset=UTF-8[\r][\n]"
10044 [Forwarding getTitle on session b1310904-d161-49ca-a1a6-530fba7baea8 to remote] DEBUG org.apache.http.wire  - http-outgoing-4 << "Vary: Accept-Charset, Accept-Encoding, Accept-Language, Accept[\r][\n]"
10044 [Forwarding getTitle on session b1310904-d161-49ca-a1a6-530fba7baea8 to remote] DEBUG org.apache.http.wire  - http-outgoing-4 << "Accept-Ranges: bytes[\r][\n]"
10044 [Forwarding getTitle on session b1310904-d161-49ca-a1a6-530fba7baea8 to remote] DEBUG org.apache.http.wire  - http-outgoing-4 << "Connection: close[\r][\n]"
10044 [Forwarding getTitle on session b1310904-d161-49ca-a1a6-530fba7baea8 to remote] DEBUG org.apache.http.wire  - http-outgoing-4 << "[\r][\n]"
10044 [Forwarding getTitle on session b1310904-d161-49ca-a1a6-530fba7baea8 to remote] DEBUG org.apache.http.wire  - http-outgoing-4 << "{"sessionId":"b1310904-d161-49ca-a1a6-530fba7baea8","status":0,"value":"AdactIn.com - Hotel Reservation System"}[\n]"
10044 [Forwarding getTitle on session b1310904-d161-49ca-a1a6-530fba7baea8 to remote] DEBUG org.apache.http.wire  - http-outgoing-4 << "[\r][\n]"
10044 [Forwarding getTitle on session b1310904-d161-49ca-a1a6-530fba7baea8 to remote] DEBUG org.apache.http.headers  - http-outgoing-4 << HTTP/1.1 200 OK
10044 [Forwarding getTitle on session b1310904-d161-49ca-a1a6-530fba7baea8 to remote] DEBUG org.apache.http.headers  - http-outgoing-4 << Content-Length: 113
10044 [Forwarding getTitle on session b1310904-d161-49ca-a1a6-530fba7baea8 to remote] DEBUG org.apache.http.headers  - http-outgoing-4 << Content-Type: application/json; charset=UTF-8
10044 [Forwarding getTitle on session b1310904-d161-49ca-a1a6-530fba7baea8 to remote] DEBUG org.apache.http.headers  - http-outgoing-4 << Vary: Accept-Charset, Accept-Encoding, Accept-Language, Accept
10044 [Forwarding getTitle on session b1310904-d161-49ca-a1a6-530fba7baea8 to remote] DEBUG org.apache.http.headers  - http-outgoing-4 << Accept-Ranges: bytes
10044 [Forwarding getTitle on session b1310904-d161-49ca-a1a6-530fba7baea8 to remote] DEBUG org.apache.http.headers  - http-outgoing-4 << Connection: close
10044 [Forwarding getTitle on session b1310904-d161-49ca-a1a6-530fba7baea8 to remote] DEBUG org.apache.http.impl.conn.DefaultManagedHttpClientConnection  - http-outgoing-4: Shutdown connection
10044 [Forwarding getTitle on session b1310904-d161-49ca-a1a6-530fba7baea8 to remote] DEBUG org.apache.http.impl.execchain.MainClientExec  - Connection discarded
10044 [Forwarding getTitle on session b1310904-d161-49ca-a1a6-530fba7baea8 to remote] DEBUG org.apache.http.impl.conn.DefaultManagedHttpClientConnection  - http-outgoing-4: Close connection
10044 [Forwarding getTitle on session b1310904-d161-49ca-a1a6-530fba7baea8 to remote] DEBUG org.apache.http.impl.conn.PoolingHttpClientConnectionManager  - Connection released: [id: 4][route: {}->http://localhost:37262][total kept alive: 0; route allocated: 0 of 2000; total allocated: 0 of 2000]
10044 [Forwarding findElement on session b1310904-d161-49ca-a1a6-530fba7baea8 to remote] DEBUG org.apache.http.client.protocol.RequestAddCookies  - CookieSpec selected: best-match
10044 [Forwarding findElement on session b1310904-d161-49ca-a1a6-530fba7baea8 to remote] DEBUG org.apache.http.client.protocol.RequestAuthCache  - Auth cache not set in the context
10044 [Forwarding findElement on session b1310904-d161-49ca-a1a6-530fba7baea8 to remote] DEBUG org.apache.http.impl.conn.PoolingHttpClientConnectionManager  - Connection request: [route: {}->http://localhost:37262][total kept alive: 0; route allocated: 0 of 2000; total allocated: 0 of 2000]
10044 [Forwarding findElement on session b1310904-d161-49ca-a1a6-530fba7baea8 to remote] DEBUG org.apache.http.impl.conn.PoolingHttpClientConnectionManager  - Connection leased: [id: 5][route: {}->http://localhost:37262][total kept alive: 0; route allocated: 1 of 2000; total allocated: 1 of 2000]
10044 [Forwarding findElement on session b1310904-d161-49ca-a1a6-530fba7baea8 to remote] DEBUG org.apache.http.impl.execchain.MainClientExec  - Opening connection {}->http://localhost:37262
10044 [Forwarding findElement on session b1310904-d161-49ca-a1a6-530fba7baea8 to remote] DEBUG org.apache.http.impl.conn.HttpClientConnectionOperator  - Connecting to localhost/127.0.0.1:37262
10044 [Forwarding findElement on session b1310904-d161-49ca-a1a6-530fba7baea8 to remote] DEBUG org.apache.http.impl.conn.HttpClientConnectionOperator  - Connection established 127.0.0.1:17219<->127.0.0.1:37262
10044 [Forwarding findElement on session b1310904-d161-49ca-a1a6-530fba7baea8 to remote] DEBUG org.apache.http.impl.execchain.MainClientExec  - Executing request POST /session/b1310904-d161-49ca-a1a6-530fba7baea8/element HTTP/1.1
10044 [Forwarding findElement on session b1310904-d161-49ca-a1a6-530fba7baea8 to remote] DEBUG org.apache.http.impl.execchain.MainClientExec  - Target auth state: UNCHALLENGED
10044 [Forwarding findElement on session b1310904-d161-49ca-a1a6-530fba7baea8 to remote] DEBUG org.apache.http.impl.execchain.MainClientExec  - Proxy auth state: UNCHALLENGED
10044 [Forwarding findElement on session b1310904-d161-49ca-a1a6-530fba7baea8 to remote] DEBUG org.apache.http.headers  - http-outgoing-5 >> POST /session/b1310904-d161-49ca-a1a6-530fba7baea8/element HTTP/1.1
10044 [Forwarding findElement on session b1310904-d161-49ca-a1a6-530fba7baea8 to remote] DEBUG org.apache.http.headers  - http-outgoing-5 >> Content-Type: application/json; charset=utf-8
10044 [Forwarding findElement on session b1310904-d161-49ca-a1a6-530fba7baea8 to remote] DEBUG org.apache.http.headers  - http-outgoing-5 >> Content-Length: 53
10044 [Forwarding findElement on session b1310904-d161-49ca-a1a6-530fba7baea8 to remote] DEBUG org.apache.http.headers  - http-outgoing-5 >> Host: localhost:37262
10044 [Forwarding findElement on session b1310904-d161-49ca-a1a6-530fba7baea8 to remote] DEBUG org.apache.http.headers  - http-outgoing-5 >> Connection: Keep-Alive
10044 [Forwarding findElement on session b1310904-d161-49ca-a1a6-530fba7baea8 to remote] DEBUG org.apache.http.headers  - http-outgoing-5 >> User-Agent: Apache-HttpClient/4.3.3 (java 1.5)
10044 [Forwarding findElement on session b1310904-d161-49ca-a1a6-530fba7baea8 to remote] DEBUG org.apache.http.headers  - http-outgoing-5 >> Accept-Encoding: gzip,deflate
10044 [Forwarding findElement on session b1310904-d161-49ca-a1a6-530fba7baea8 to remote] DEBUG org.apache.http.wire  - http-outgoing-5 >> "POST /session/b1310904-d161-49ca-a1a6-530fba7baea8/element HTTP/1.1[\r][\n]"
10044 [Forwarding findElement on session b1310904-d161-49ca-a1a6-530fba7baea8 to remote] DEBUG org.apache.http.wire  - http-outgoing-5 >> "Content-Type: application/json; charset=utf-8[\r][\n]"
10044 [Forwarding findElement on session b1310904-d161-49ca-a1a6-530fba7baea8 to remote] DEBUG org.apache.http.wire  - http-outgoing-5 >> "Content-Length: 53[\r][\n]"
10044 [Forwarding findElement on session b1310904-d161-49ca-a1a6-530fba7baea8 to remote] DEBUG org.apache.http.wire  - http-outgoing-5 >> "Host: localhost:37262[\r][\n]"
10044 [Forwarding findElement on session b1310904-d161-49ca-a1a6-530fba7baea8 to remote] DEBUG org.apache.http.wire  - http-outgoing-5 >> "Connection: Keep-Alive[\r][\n]"
10044 [Forwarding findElement on session b1310904-d161-49ca-a1a6-530fba7baea8 to remote] DEBUG org.apache.http.wire  - http-outgoing-5 >> "User-Agent: Apache-HttpClient/4.3.3 (java 1.5)[\r][\n]"
10044 [Forwarding findElement on session b1310904-d161-49ca-a1a6-530fba7baea8 to remote] DEBUG org.apache.http.wire  - http-outgoing-5 >> "Accept-Encoding: gzip,deflate[\r][\n]"
10044 [Forwarding findElement on session b1310904-d161-49ca-a1a6-530fba7baea8 to remote] DEBUG org.apache.http.wire  - http-outgoing-5 >> "[\r][\n]"
10044 [Forwarding findElement on session b1310904-d161-49ca-a1a6-530fba7baea8 to remote] DEBUG org.apache.http.wire  - http-outgoing-5 >> "{"using":"xpath","value":"//input[@name='username']"}"
10084 [Forwarding findElement on session b1310904-d161-49ca-a1a6-530fba7baea8 to remote] DEBUG org.apache.http.wire  - http-outgoing-5 << "HTTP/1.1 200 OK[\r][\n]"
10084 [Forwarding findElement on session b1310904-d161-49ca-a1a6-530fba7baea8 to remote] DEBUG org.apache.http.wire  - http-outgoing-5 << "Content-Length: 200[\r][\n]"
10084 [Forwarding findElement on session b1310904-d161-49ca-a1a6-530fba7baea8 to remote] DEBUG org.apache.http.wire  - http-outgoing-5 << "Content-Type: application/json; charset=UTF-8[\r][\n]"
10084 [Forwarding findElement on session b1310904-d161-49ca-a1a6-530fba7baea8 to remote] DEBUG org.apache.http.wire  - http-outgoing-5 << "Vary: Accept-Charset, Accept-Encoding, Accept-Language, Accept[\r][\n]"
10084 [Forwarding findElement on session b1310904-d161-49ca-a1a6-530fba7baea8 to remote] DEBUG org.apache.http.wire  - http-outgoing-5 << "Accept-Ranges: bytes[\r][\n]"
10084 [Forwarding findElement on session b1310904-d161-49ca-a1a6-530fba7baea8 to remote] DEBUG org.apache.http.wire  - http-outgoing-5 << "Connection: close[\r][\n]"
10084 [Forwarding findElement on session b1310904-d161-49ca-a1a6-530fba7baea8 to remote] DEBUG org.apache.http.wire  - http-outgoing-5 << "[\r][\n]"
10084 [Forwarding findElement on session b1310904-d161-49ca-a1a6-530fba7baea8 to remote] DEBUG org.apache.http.wire  - http-outgoing-5 << "{"sessionId":"b1310904-d161-49ca-a1a6-530fba7baea8","status":0,"value":{"ELEMENT":"6288645d-bf7f-4921-991a-bdd69583e784","element-6066-11e4-a52e-4f735466cecf":"6288645d-bf7f-4921-991a-bdd69583e784"}}[\n]"
10084 [Forwarding findElement on session b1310904-d161-49ca-a1a6-530fba7baea8 to remote] DEBUG org.apache.http.wire  - http-outgoing-5 << "[\r][\n]"
10084 [Forwarding findElement on session b1310904-d161-49ca-a1a6-530fba7baea8 to remote] DEBUG org.apache.http.headers  - http-outgoing-5 << HTTP/1.1 200 OK
10084 [Forwarding findElement on session b1310904-d161-49ca-a1a6-530fba7baea8 to remote] DEBUG org.apache.http.headers  - http-outgoing-5 << Content-Length: 200
10084 [Forwarding findElement on session b1310904-d161-49ca-a1a6-530fba7baea8 to remote] DEBUG org.apache.http.headers  - http-outgoing-5 << Content-Type: application/json; charset=UTF-8
10084 [Forwarding findElement on session b1310904-d161-49ca-a1a6-530fba7baea8 to remote] DEBUG org.apache.http.headers  - http-outgoing-5 << Vary: Accept-Charset, Accept-Encoding, Accept-Language, Accept
10084 [Forwarding findElement on session b1310904-d161-49ca-a1a6-530fba7baea8 to remote] DEBUG org.apache.http.headers  - http-outgoing-5 << Accept-Ranges: bytes
10084 [Forwarding findElement on session b1310904-d161-49ca-a1a6-530fba7baea8 to remote] DEBUG org.apache.http.headers  - http-outgoing-5 << Connection: close
10084 [Forwarding findElement on session b1310904-d161-49ca-a1a6-530fba7baea8 to remote] DEBUG org.apache.http.impl.conn.DefaultManagedHttpClientConnection  - http-outgoing-5: Shutdown connection
10084 [Forwarding findElement on session b1310904-d161-49ca-a1a6-530fba7baea8 to remote] DEBUG org.apache.http.impl.execchain.MainClientExec  - Connection discarded
10084 [Forwarding findElement on session b1310904-d161-49ca-a1a6-530fba7baea8 to remote] DEBUG org.apache.http.impl.conn.DefaultManagedHttpClientConnection  - http-outgoing-5: Close connection
10084 [Forwarding findElement on session b1310904-d161-49ca-a1a6-530fba7baea8 to remote] DEBUG org.apache.http.impl.conn.PoolingHttpClientConnectionManager  - Connection released: [id: 5][route: {}->http://localhost:37262][total kept alive: 0; route allocated: 0 of 2000; total allocated: 0 of 2000]
10084 [Forwarding findElement on session b1310904-d161-49ca-a1a6-530fba7baea8 to remote] DEBUG org.apache.http.client.protocol.RequestAddCookies  - CookieSpec selected: best-match
10084 [Forwarding findElement on session b1310904-d161-49ca-a1a6-530fba7baea8 to remote] DEBUG org.apache.http.client.protocol.RequestAuthCache  - Auth cache not set in the context
10084 [Forwarding findElement on session b1310904-d161-49ca-a1a6-530fba7baea8 to remote] DEBUG org.apache.http.impl.conn.PoolingHttpClientConnectionManager  - Connection request: [route: {}->http://localhost:37262][total kept alive: 0; route allocated: 0 of 2000; total allocated: 0 of 2000]
10084 [Forwarding findElement on session b1310904-d161-49ca-a1a6-530fba7baea8 to remote] DEBUG org.apache.http.impl.conn.PoolingHttpClientConnectionManager  - Connection leased: [id: 6][route: {}->http://localhost:37262][total kept alive: 0; route allocated: 1 of 2000; total allocated: 1 of 2000]
10084 [Forwarding findElement on session b1310904-d161-49ca-a1a6-530fba7baea8 to remote] DEBUG org.apache.http.impl.execchain.MainClientExec  - Opening connection {}->http://localhost:37262
10084 [Forwarding findElement on session b1310904-d161-49ca-a1a6-530fba7baea8 to remote] DEBUG org.apache.http.impl.conn.HttpClientConnectionOperator  - Connecting to localhost/127.0.0.1:37262
10084 [Forwarding findElement on session b1310904-d161-49ca-a1a6-530fba7baea8 to remote] DEBUG org.apache.http.impl.conn.HttpClientConnectionOperator  - Connection established 127.0.0.1:17220<->127.0.0.1:37262
10084 [Forwarding findElement on session b1310904-d161-49ca-a1a6-530fba7baea8 to remote] DEBUG org.apache.http.impl.execchain.MainClientExec  - Executing request POST /session/b1310904-d161-49ca-a1a6-530fba7baea8/element HTTP/1.1
10084 [Forwarding findElement on session b1310904-d161-49ca-a1a6-530fba7baea8 to remote] DEBUG org.apache.http.impl.execchain.MainClientExec  - Target auth state: UNCHALLENGED
10084 [Forwarding findElement on session b1310904-d161-49ca-a1a6-530fba7baea8 to remote] DEBUG org.apache.http.impl.execchain.MainClientExec  - Proxy auth state: UNCHALLENGED
10084 [Forwarding findElement on session b1310904-d161-49ca-a1a6-530fba7baea8 to remote] DEBUG org.apache.http.headers  - http-outgoing-6 >> POST /session/b1310904-d161-49ca-a1a6-530fba7baea8/element HTTP/1.1
10084 [Forwarding findElement on session b1310904-d161-49ca-a1a6-530fba7baea8 to remote] DEBUG org.apache.http.headers  - http-outgoing-6 >> Content-Type: application/json; charset=utf-8
10084 [Forwarding findElement on session b1310904-d161-49ca-a1a6-530fba7baea8 to remote] DEBUG org.apache.http.headers  - http-outgoing-6 >> Content-Length: 53
10084 [Forwarding findElement on session b1310904-d161-49ca-a1a6-530fba7baea8 to remote] DEBUG org.apache.http.headers  - http-outgoing-6 >> Host: localhost:37262
10084 [Forwarding findElement on session b1310904-d161-49ca-a1a6-530fba7baea8 to remote] DEBUG org.apache.http.headers  - http-outgoing-6 >> Connection: Keep-Alive
10084 [Forwarding findElement on session b1310904-d161-49ca-a1a6-530fba7baea8 to remote] DEBUG org.apache.http.headers  - http-outgoing-6 >> User-Agent: Apache-HttpClient/4.3.3 (java 1.5)
10084 [Forwarding findElement on session b1310904-d161-49ca-a1a6-530fba7baea8 to remote] DEBUG org.apache.http.headers  - http-outgoing-6 >> Accept-Encoding: gzip,deflate
10084 [Forwarding findElement on session b1310904-d161-49ca-a1a6-530fba7baea8 to remote] DEBUG org.apache.http.wire  - http-outgoing-6 >> "POST /session/b1310904-d161-49ca-a1a6-530fba7baea8/element HTTP/1.1[\r][\n]"
10084 [Forwarding findElement on session b1310904-d161-49ca-a1a6-530fba7baea8 to remote] DEBUG org.apache.http.wire  - http-outgoing-6 >> "Content-Type: application/json; charset=utf-8[\r][\n]"
10084 [Forwarding findElement on session b1310904-d161-49ca-a1a6-530fba7baea8 to remote] DEBUG org.apache.http.wire  - http-outgoing-6 >> "Content-Length: 53[\r][\n]"
10084 [Forwarding findElement on session b1310904-d161-49ca-a1a6-530fba7baea8 to remote] DEBUG org.apache.http.wire  - http-outgoing-6 >> "Host: localhost:37262[\r][\n]"
10084 [Forwarding findElement on session b1310904-d161-49ca-a1a6-530fba7baea8 to remote] DEBUG org.apache.http.wire  - http-outgoing-6 >> "Connection: Keep-Alive[\r][\n]"
10084 [Forwarding findElement on session b1310904-d161-49ca-a1a6-530fba7baea8 to remote] DEBUG org.apache.http.wire  - http-outgoing-6 >> "User-Agent: Apache-HttpClient/4.3.3 (java 1.5)[\r][\n]"
10084 [Forwarding findElement on session b1310904-d161-49ca-a1a6-530fba7baea8 to remote] DEBUG org.apache.http.wire  - http-outgoing-6 >> "Accept-Encoding: gzip,deflate[\r][\n]"
10084 [Forwarding findElement on session b1310904-d161-49ca-a1a6-530fba7baea8 to remote] DEBUG org.apache.http.wire  - http-outgoing-6 >> "[\r][\n]"
10084 [Forwarding findElement on session b1310904-d161-49ca-a1a6-530fba7baea8 to remote] DEBUG org.apache.http.wire  - http-outgoing-6 >> "{"using":"xpath","value":"//input[@name='username']"}"
10124 [Forwarding findElement on session b1310904-d161-49ca-a1a6-530fba7baea8 to remote] DEBUG org.apache.http.wire  - http-outgoing-6 << "HTTP/1.1 200 OK[\r][\n]"
10124 [Forwarding findElement on session b1310904-d161-49ca-a1a6-530fba7baea8 to remote] DEBUG org.apache.http.wire  - http-outgoing-6 << "Content-Length: 200[\r][\n]"
10124 [Forwarding findElement on session b1310904-d161-49ca-a1a6-530fba7baea8 to remote] DEBUG org.apache.http.wire  - http-outgoing-6 << "Content-Type: application/json; charset=UTF-8[\r][\n]"
10124 [Forwarding findElement on session b1310904-d161-49ca-a1a6-530fba7baea8 to remote] DEBUG org.apache.http.wire  - http-outgoing-6 << "Vary: Accept-Charset, Accept-Encoding, Accept-Language, Accept[\r][\n]"
10124 [Forwarding findElement on session b1310904-d161-49ca-a1a6-530fba7baea8 to remote] DEBUG org.apache.http.wire  - http-outgoing-6 << "Accept-Ranges: bytes[\r][\n]"
10124 [Forwarding findElement on session b1310904-d161-49ca-a1a6-530fba7baea8 to remote] DEBUG org.apache.http.wire  - http-outgoing-6 << "Connection: close[\r][\n]"
10124 [Forwarding findElement on session b1310904-d161-49ca-a1a6-530fba7baea8 to remote] DEBUG org.apache.http.wire  - http-outgoing-6 << "[\r][\n]"
10124 [Forwarding findElement on session b1310904-d161-49ca-a1a6-530fba7baea8 to remote] DEBUG org.apache.http.wire  - http-outgoing-6 << "{"sessionId":"b1310904-d161-49ca-a1a6-530fba7baea8","status":0,"value":{"ELEMENT":"6288645d-bf7f-4921-991a-bdd69583e784","element-6066-11e4-a52e-4f735466cecf":"6288645d-bf7f-4921-991a-bdd69583e784"}}[\n]"
10124 [Forwarding findElement on session b1310904-d161-49ca-a1a6-530fba7baea8 to remote] DEBUG org.apache.http.wire  - http-outgoing-6 << "[\r][\n]"
10124 [Forwarding findElement on session b1310904-d161-49ca-a1a6-530fba7baea8 to remote] DEBUG org.apache.http.headers  - http-outgoing-6 << HTTP/1.1 200 OK
10124 [Forwarding findElement on session b1310904-d161-49ca-a1a6-530fba7baea8 to remote] DEBUG org.apache.http.headers  - http-outgoing-6 << Content-Length: 200
10124 [Forwarding findElement on session b1310904-d161-49ca-a1a6-530fba7baea8 to remote] DEBUG org.apache.http.headers  - http-outgoing-6 << Content-Type: application/json; charset=UTF-8
10124 [Forwarding findElement on session b1310904-d161-49ca-a1a6-530fba7baea8 to remote] DEBUG org.apache.http.headers  - http-outgoing-6 << Vary: Accept-Charset, Accept-Encoding, Accept-Language, Accept
10124 [Forwarding findElement on session b1310904-d161-49ca-a1a6-530fba7baea8 to remote] DEBUG org.apache.http.headers  - http-outgoing-6 << Accept-Ranges: bytes
10124 [Forwarding findElement on session b1310904-d161-49ca-a1a6-530fba7baea8 to remote] DEBUG org.apache.http.headers  - http-outgoing-6 << Connection: close
10124 [Forwarding findElement on session b1310904-d161-49ca-a1a6-530fba7baea8 to remote] DEBUG org.apache.http.impl.conn.DefaultManagedHttpClientConnection  - http-outgoing-6: Shutdown connection
10124 [Forwarding findElement on session b1310904-d161-49ca-a1a6-530fba7baea8 to remote] DEBUG org.apache.http.impl.execchain.MainClientExec  - Connection discarded
10124 [Forwarding findElement on session b1310904-d161-49ca-a1a6-530fba7baea8 to remote] DEBUG org.apache.http.impl.conn.DefaultManagedHttpClientConnection  - http-outgoing-6: Close connection
10124 [Forwarding findElement on session b1310904-d161-49ca-a1a6-530fba7baea8 to remote] DEBUG org.apache.http.impl.conn.PoolingHttpClientConnectionManager  - Connection released: [id: 6][route: {}->http://localhost:37262][total kept alive: 0; route allocated: 0 of 2000; total allocated: 0 of 2000]
10124 [Forwarding isElementDisplayed on session b1310904-d161-49ca-a1a6-530fba7baea8 to remote] DEBUG org.apache.http.client.protocol.RequestAddCookies  - CookieSpec selected: best-match
10124 [Forwarding isElementDisplayed on session b1310904-d161-49ca-a1a6-530fba7baea8 to remote] DEBUG org.apache.http.client.protocol.RequestAuthCache  - Auth cache not set in the context
10124 [Forwarding isElementDisplayed on session b1310904-d161-49ca-a1a6-530fba7baea8 to remote] DEBUG org.apache.http.impl.conn.PoolingHttpClientConnectionManager  - Connection request: [route: {}->http://localhost:37262][total kept alive: 0; route allocated: 0 of 2000; total allocated: 0 of 2000]
10124 [Forwarding isElementDisplayed on session b1310904-d161-49ca-a1a6-530fba7baea8 to remote] DEBUG org.apache.http.impl.conn.PoolingHttpClientConnectionManager  - Connection leased: [id: 7][route: {}->http://localhost:37262][total kept alive: 0; route allocated: 1 of 2000; total allocated: 1 of 2000]
10124 [Forwarding isElementDisplayed on session b1310904-d161-49ca-a1a6-530fba7baea8 to remote] DEBUG org.apache.http.impl.execchain.MainClientExec  - Opening connection {}->http://localhost:37262
10124 [Forwarding isElementDisplayed on session b1310904-d161-49ca-a1a6-530fba7baea8 to remote] DEBUG org.apache.http.impl.conn.HttpClientConnectionOperator  - Connecting to localhost/127.0.0.1:37262
10124 [Forwarding isElementDisplayed on session b1310904-d161-49ca-a1a6-530fba7baea8 to remote] DEBUG org.apache.http.impl.conn.HttpClientConnectionOperator  - Connection established 127.0.0.1:17221<->127.0.0.1:37262
10124 [Forwarding isElementDisplayed on session b1310904-d161-49ca-a1a6-530fba7baea8 to remote] DEBUG org.apache.http.impl.execchain.MainClientExec  - Executing request GET /session/b1310904-d161-49ca-a1a6-530fba7baea8/element/6288645d-bf7f-4921-991a-bdd69583e784/displayed HTTP/1.1
10124 [Forwarding isElementDisplayed on session b1310904-d161-49ca-a1a6-530fba7baea8 to remote] DEBUG org.apache.http.impl.execchain.MainClientExec  - Target auth state: UNCHALLENGED
10124 [Forwarding isElementDisplayed on session b1310904-d161-49ca-a1a6-530fba7baea8 to remote] DEBUG org.apache.http.impl.execchain.MainClientExec  - Proxy auth state: UNCHALLENGED
10124 [Forwarding isElementDisplayed on session b1310904-d161-49ca-a1a6-530fba7baea8 to remote] DEBUG org.apache.http.headers  - http-outgoing-7 >> GET /session/b1310904-d161-49ca-a1a6-530fba7baea8/element/6288645d-bf7f-4921-991a-bdd69583e784/displayed HTTP/1.1
10124 [Forwarding isElementDisplayed on session b1310904-d161-49ca-a1a6-530fba7baea8 to remote] DEBUG org.apache.http.headers  - http-outgoing-7 >> Cache-Control: no-cache
10124 [Forwarding isElementDisplayed on session b1310904-d161-49ca-a1a6-530fba7baea8 to remote] DEBUG org.apache.http.headers  - http-outgoing-7 >> Host: localhost:37262
10124 [Forwarding isElementDisplayed on session b1310904-d161-49ca-a1a6-530fba7baea8 to remote] DEBUG org.apache.http.headers  - http-outgoing-7 >> Connection: Keep-Alive
10124 [Forwarding isElementDisplayed on session b1310904-d161-49ca-a1a6-530fba7baea8 to remote] DEBUG org.apache.http.headers  - http-outgoing-7 >> User-Agent: Apache-HttpClient/4.3.3 (java 1.5)
10124 [Forwarding isElementDisplayed on session b1310904-d161-49ca-a1a6-530fba7baea8 to remote] DEBUG org.apache.http.headers  - http-outgoing-7 >> Accept-Encoding: gzip,deflate
10124 [Forwarding isElementDisplayed on session b1310904-d161-49ca-a1a6-530fba7baea8 to remote] DEBUG org.apache.http.wire  - http-outgoing-7 >> "GET /session/b1310904-d161-49ca-a1a6-530fba7baea8/element/6288645d-bf7f-4921-991a-bdd69583e784/displayed HTTP/1.1[\r][\n]"
10124 [Forwarding isElementDisplayed on session b1310904-d161-49ca-a1a6-530fba7baea8 to remote] DEBUG org.apache.http.wire  - http-outgoing-7 >> "Cache-Control: no-cache[\r][\n]"
10124 [Forwarding isElementDisplayed on session b1310904-d161-49ca-a1a6-530fba7baea8 to remote] DEBUG org.apache.http.wire  - http-outgoing-7 >> "Host: localhost:37262[\r][\n]"
10124 [Forwarding isElementDisplayed on session b1310904-d161-49ca-a1a6-530fba7baea8 to remote] DEBUG org.apache.http.wire  - http-outgoing-7 >> "Connection: Keep-Alive[\r][\n]"
10124 [Forwarding isElementDisplayed on session b1310904-d161-49ca-a1a6-530fba7baea8 to remote] DEBUG org.apache.http.wire  - http-outgoing-7 >> "User-Agent: Apache-HttpClient/4.3.3 (java 1.5)[\r][\n]"
10124 [Forwarding isElementDisplayed on session b1310904-d161-49ca-a1a6-530fba7baea8 to remote] DEBUG org.apache.http.wire  - http-outgoing-7 >> "Accept-Encoding: gzip,deflate[\r][\n]"
10124 [Forwarding isElementDisplayed on session b1310904-d161-49ca-a1a6-530fba7baea8 to remote] DEBUG org.apache.http.wire  - http-outgoing-7 >> "[\r][\n]"
10165 [Forwarding isElementDisplayed on session b1310904-d161-49ca-a1a6-530fba7baea8 to remote] DEBUG org.apache.http.wire  - http-outgoing-7 << "HTTP/1.1 200 OK[\r][\n]"
10165 [Forwarding isElementDisplayed on session b1310904-d161-49ca-a1a6-530fba7baea8 to remote] DEBUG org.apache.http.wire  - http-outgoing-7 << "Content-Length: 77[\r][\n]"
10165 [Forwarding isElementDisplayed on session b1310904-d161-49ca-a1a6-530fba7baea8 to remote] DEBUG org.apache.http.wire  - http-outgoing-7 << "Content-Type: application/json; charset=UTF-8[\r][\n]"
10165 [Forwarding isElementDisplayed on session b1310904-d161-49ca-a1a6-530fba7baea8 to remote] DEBUG org.apache.http.wire  - http-outgoing-7 << "Vary: Accept-Charset, Accept-Encoding, Accept-Language, Accept[\r][\n]"
10165 [Forwarding isElementDisplayed on session b1310904-d161-49ca-a1a6-530fba7baea8 to remote] DEBUG org.apache.http.wire  - http-outgoing-7 << "Accept-Ranges: bytes[\r][\n]"
10165 [Forwarding isElementDisplayed on session b1310904-d161-49ca-a1a6-530fba7baea8 to remote] DEBUG org.apache.http.wire  - http-outgoing-7 << "Connection: close[\r][\n]"
10165 [Forwarding isElementDisplayed on session b1310904-d161-49ca-a1a6-530fba7baea8 to remote] DEBUG org.apache.http.wire  - http-outgoing-7 << "[\r][\n]"
10165 [Forwarding isElementDisplayed on session b1310904-d161-49ca-a1a6-530fba7baea8 to remote] DEBUG org.apache.http.wire  - http-outgoing-7 << "{"sessionId":"b1310904-d161-49ca-a1a6-530fba7baea8","status":0,"value":true}[\n]"
10165 [Forwarding isElementDisplayed on session b1310904-d161-49ca-a1a6-530fba7baea8 to remote] DEBUG org.apache.http.wire  - http-outgoing-7 << "[\r][\n]"
10165 [Forwarding isElementDisplayed on session b1310904-d161-49ca-a1a6-530fba7baea8 to remote] DEBUG org.apache.http.headers  - http-outgoing-7 << HTTP/1.1 200 OK
10165 [Forwarding isElementDisplayed on session b1310904-d161-49ca-a1a6-530fba7baea8 to remote] DEBUG org.apache.http.headers  - http-outgoing-7 << Content-Length: 77
10165 [Forwarding isElementDisplayed on session b1310904-d161-49ca-a1a6-530fba7baea8 to remote] DEBUG org.apache.http.headers  - http-outgoing-7 << Content-Type: application/json; charset=UTF-8
10165 [Forwarding isElementDisplayed on session b1310904-d161-49ca-a1a6-530fba7baea8 to remote] DEBUG org.apache.http.headers  - http-outgoing-7 << Vary: Accept-Charset, Accept-Encoding, Accept-Language, Accept
10165 [Forwarding isElementDisplayed on session b1310904-d161-49ca-a1a6-530fba7baea8 to remote] DEBUG org.apache.http.headers  - http-outgoing-7 << Accept-Ranges: bytes
10165 [Forwarding isElementDisplayed on session b1310904-d161-49ca-a1a6-530fba7baea8 to remote] DEBUG org.apache.http.headers  - http-outgoing-7 << Connection: close
10165 [Forwarding isElementDisplayed on session b1310904-d161-49ca-a1a6-530fba7baea8 to remote] DEBUG org.apache.http.impl.conn.DefaultManagedHttpClientConnection  - http-outgoing-7: Shutdown connection
10165 [Forwarding isElementDisplayed on session b1310904-d161-49ca-a1a6-530fba7baea8 to remote] DEBUG org.apache.http.impl.execchain.MainClientExec  - Connection discarded
10165 [Forwarding isElementDisplayed on session b1310904-d161-49ca-a1a6-530fba7baea8 to remote] DEBUG org.apache.http.impl.conn.DefaultManagedHttpClientConnection  - http-outgoing-7: Close connection
10165 [Forwarding isElementDisplayed on session b1310904-d161-49ca-a1a6-530fba7baea8 to remote] DEBUG org.apache.http.impl.conn.PoolingHttpClientConnectionManager  - Connection released: [id: 7][route: {}->http://localhost:37262][total kept alive: 0; route allocated: 0 of 2000; total allocated: 0 of 2000]
10165 [Forwarding findElement on session b1310904-d161-49ca-a1a6-530fba7baea8 to remote] DEBUG org.apache.http.client.protocol.RequestAddCookies  - CookieSpec selected: best-match
10165 [Forwarding findElement on session b1310904-d161-49ca-a1a6-530fba7baea8 to remote] DEBUG org.apache.http.client.protocol.RequestAuthCache  - Auth cache not set in the context
10165 [Forwarding findElement on session b1310904-d161-49ca-a1a6-530fba7baea8 to remote] DEBUG org.apache.http.impl.conn.PoolingHttpClientConnectionManager  - Connection request: [route: {}->http://localhost:37262][total kept alive: 0; route allocated: 0 of 2000; total allocated: 0 of 2000]
10165 [Forwarding findElement on session b1310904-d161-49ca-a1a6-530fba7baea8 to remote] DEBUG org.apache.http.impl.conn.PoolingHttpClientConnectionManager  - Connection leased: [id: 8][route: {}->http://localhost:37262][total kept alive: 0; route allocated: 1 of 2000; total allocated: 1 of 2000]
10165 [Forwarding findElement on session b1310904-d161-49ca-a1a6-530fba7baea8 to remote] DEBUG org.apache.http.impl.execchain.MainClientExec  - Opening connection {}->http://localhost:37262
10165 [Forwarding findElement on session b1310904-d161-49ca-a1a6-530fba7baea8 to remote] DEBUG org.apache.http.impl.conn.HttpClientConnectionOperator  - Connecting to localhost/127.0.0.1:37262
10165 [Forwarding findElement on session b1310904-d161-49ca-a1a6-530fba7baea8 to remote] DEBUG org.apache.http.impl.conn.HttpClientConnectionOperator  - Connection established 127.0.0.1:17222<->127.0.0.1:37262
10165 [Forwarding findElement on session b1310904-d161-49ca-a1a6-530fba7baea8 to remote] DEBUG org.apache.http.impl.execchain.MainClientExec  - Executing request POST /session/b1310904-d161-49ca-a1a6-530fba7baea8/element HTTP/1.1
10165 [Forwarding findElement on session b1310904-d161-49ca-a1a6-530fba7baea8 to remote] DEBUG org.apache.http.impl.execchain.MainClientExec  - Target auth state: UNCHALLENGED
10165 [Forwarding findElement on session b1310904-d161-49ca-a1a6-530fba7baea8 to remote] DEBUG org.apache.http.impl.execchain.MainClientExec  - Proxy auth state: UNCHALLENGED
10165 [Forwarding findElement on session b1310904-d161-49ca-a1a6-530fba7baea8 to remote] DEBUG org.apache.http.headers  - http-outgoing-8 >> POST /session/b1310904-d161-49ca-a1a6-530fba7baea8/element HTTP/1.1
10165 [Forwarding findElement on session b1310904-d161-49ca-a1a6-530fba7baea8 to remote] DEBUG org.apache.http.headers  - http-outgoing-8 >> Content-Type: application/json; charset=utf-8
10165 [Forwarding findElement on session b1310904-d161-49ca-a1a6-530fba7baea8 to remote] DEBUG org.apache.http.headers  - http-outgoing-8 >> Content-Length: 53
10165 [Forwarding findElement on session b1310904-d161-49ca-a1a6-530fba7baea8 to remote] DEBUG org.apache.http.headers  - http-outgoing-8 >> Host: localhost:37262
10165 [Forwarding findElement on session b1310904-d161-49ca-a1a6-530fba7baea8 to remote] DEBUG org.apache.http.headers  - http-outgoing-8 >> Connection: Keep-Alive
10165 [Forwarding findElement on session b1310904-d161-49ca-a1a6-530fba7baea8 to remote] DEBUG org.apache.http.headers  - http-outgoing-8 >> User-Agent: Apache-HttpClient/4.3.3 (java 1.5)
10165 [Forwarding findElement on session b1310904-d161-49ca-a1a6-530fba7baea8 to remote] DEBUG org.apache.http.headers  - http-outgoing-8 >> Accept-Encoding: gzip,deflate
10165 [Forwarding findElement on session b1310904-d161-49ca-a1a6-530fba7baea8 to remote] DEBUG org.apache.http.wire  - http-outgoing-8 >> "POST /session/b1310904-d161-49ca-a1a6-530fba7baea8/element HTTP/1.1[\r][\n]"
10165 [Forwarding findElement on session b1310904-d161-49ca-a1a6-530fba7baea8 to remote] DEBUG org.apache.http.wire  - http-outgoing-8 >> "Content-Type: application/json; charset=utf-8[\r][\n]"
10165 [Forwarding findElement on session b1310904-d161-49ca-a1a6-530fba7baea8 to remote] DEBUG org.apache.http.wire  - http-outgoing-8 >> "Content-Length: 53[\r][\n]"
10165 [Forwarding findElement on session b1310904-d161-49ca-a1a6-530fba7baea8 to remote] DEBUG org.apache.http.wire  - http-outgoing-8 >> "Host: localhost:37262[\r][\n]"
10165 [Forwarding findElement on session b1310904-d161-49ca-a1a6-530fba7baea8 to remote] DEBUG org.apache.http.wire  - http-outgoing-8 >> "Connection: Keep-Alive[\r][\n]"
10165 [Forwarding findElement on session b1310904-d161-49ca-a1a6-530fba7baea8 to remote] DEBUG org.apache.http.wire  - http-outgoing-8 >> "User-Agent: Apache-HttpClient/4.3.3 (java 1.5)[\r][\n]"
10165 [Forwarding findElement on session b1310904-d161-49ca-a1a6-530fba7baea8 to remote] DEBUG org.apache.http.wire  - http-outgoing-8 >> "Accept-Encoding: gzip,deflate[\r][\n]"
10165 [Forwarding findElement on session b1310904-d161-49ca-a1a6-530fba7baea8 to remote] DEBUG org.apache.http.wire  - http-outgoing-8 >> "[\r][\n]"
10165 [Forwarding findElement on session b1310904-d161-49ca-a1a6-530fba7baea8 to remote] DEBUG org.apache.http.wire  - http-outgoing-8 >> "{"using":"xpath","value":"//input[@name='username']"}"
10195 [Forwarding findElement on session b1310904-d161-49ca-a1a6-530fba7baea8 to remote] DEBUG org.apache.http.wire  - http-outgoing-8 << "HTTP/1.1 200 OK[\r][\n]"
10195 [Forwarding findElement on session b1310904-d161-49ca-a1a6-530fba7baea8 to remote] DEBUG org.apache.http.wire  - http-outgoing-8 << "Content-Length: 200[\r][\n]"
10195 [Forwarding findElement on session b1310904-d161-49ca-a1a6-530fba7baea8 to remote] DEBUG org.apache.http.wire  - http-outgoing-8 << "Content-Type: application/json; charset=UTF-8[\r][\n]"
10195 [Forwarding findElement on session b1310904-d161-49ca-a1a6-530fba7baea8 to remote] DEBUG org.apache.http.wire  - http-outgoing-8 << "Vary: Accept-Charset, Accept-Encoding, Accept-Language, Accept[\r][\n]"
10195 [Forwarding findElement on session b1310904-d161-49ca-a1a6-530fba7baea8 to remote] DEBUG org.apache.http.wire  - http-outgoing-8 << "Accept-Ranges: bytes[\r][\n]"
10195 [Forwarding findElement on session b1310904-d161-49ca-a1a6-530fba7baea8 to remote] DEBUG org.apache.http.wire  - http-outgoing-8 << "Connection: close[\r][\n]"
10195 [Forwarding findElement on session b1310904-d161-49ca-a1a6-530fba7baea8 to remote] DEBUG org.apache.http.wire  - http-outgoing-8 << "[\r][\n]"
10195 [Forwarding findElement on session b1310904-d161-49ca-a1a6-530fba7baea8 to remote] DEBUG org.apache.http.wire  - http-outgoing-8 << "{"sessionId":"b1310904-d161-49ca-a1a6-530fba7baea8","status":0,"value":{"ELEMENT":"6288645d-bf7f-4921-991a-bdd69583e784","element-6066-11e4-a52e-4f735466cecf":"6288645d-bf7f-4921-991a-bdd69583e784"}}[\n]"
10195 [Forwarding findElement on session b1310904-d161-49ca-a1a6-530fba7baea8 to remote] DEBUG org.apache.http.wire  - http-outgoing-8 << "[\r][\n]"
10195 [Forwarding findElement on session b1310904-d161-49ca-a1a6-530fba7baea8 to remote] DEBUG org.apache.http.headers  - http-outgoing-8 << HTTP/1.1 200 OK
10195 [Forwarding findElement on session b1310904-d161-49ca-a1a6-530fba7baea8 to remote] DEBUG org.apache.http.headers  - http-outgoing-8 << Content-Length: 200
10195 [Forwarding findElement on session b1310904-d161-49ca-a1a6-530fba7baea8 to remote] DEBUG org.apache.http.headers  - http-outgoing-8 << Content-Type: application/json; charset=UTF-8
10195 [Forwarding findElement on session b1310904-d161-49ca-a1a6-530fba7baea8 to remote] DEBUG org.apache.http.headers  - http-outgoing-8 << Vary: Accept-Charset, Accept-Encoding, Accept-Language, Accept
10195 [Forwarding findElement on session b1310904-d161-49ca-a1a6-530fba7baea8 to remote] DEBUG org.apache.http.headers  - http-outgoing-8 << Accept-Ranges: bytes
10195 [Forwarding findElement on session b1310904-d161-49ca-a1a6-530fba7baea8 to remote] DEBUG org.apache.http.headers  - http-outgoing-8 << Connection: close
10195 [Forwarding findElement on session b1310904-d161-49ca-a1a6-530fba7baea8 to remote] DEBUG org.apache.http.impl.conn.DefaultManagedHttpClientConnection  - http-outgoing-8: Shutdown connection
10195 [Forwarding findElement on session b1310904-d161-49ca-a1a6-530fba7baea8 to remote] DEBUG org.apache.http.impl.execchain.MainClientExec  - Connection discarded
10195 [Forwarding findElement on session b1310904-d161-49ca-a1a6-530fba7baea8 to remote] DEBUG org.apache.http.impl.conn.DefaultManagedHttpClientConnection  - http-outgoing-8: Close connection
10195 [Forwarding findElement on session b1310904-d161-49ca-a1a6-530fba7baea8 to remote] DEBUG org.apache.http.impl.conn.PoolingHttpClientConnectionManager  - Connection released: [id: 8][route: {}->http://localhost:37262][total kept alive: 0; route allocated: 0 of 2000; total allocated: 0 of 2000]
10195 [Forwarding isElementEnabled on session b1310904-d161-49ca-a1a6-530fba7baea8 to remote] DEBUG org.apache.http.client.protocol.RequestAddCookies  - CookieSpec selected: best-match
10195 [Forwarding isElementEnabled on session b1310904-d161-49ca-a1a6-530fba7baea8 to remote] DEBUG org.apache.http.client.protocol.RequestAuthCache  - Auth cache not set in the context
10195 [Forwarding isElementEnabled on session b1310904-d161-49ca-a1a6-530fba7baea8 to remote] DEBUG org.apache.http.impl.conn.PoolingHttpClientConnectionManager  - Connection request: [route: {}->http://localhost:37262][total kept alive: 0; route allocated: 0 of 2000; total allocated: 0 of 2000]
10195 [Forwarding isElementEnabled on session b1310904-d161-49ca-a1a6-530fba7baea8 to remote] DEBUG org.apache.http.impl.conn.PoolingHttpClientConnectionManager  - Connection leased: [id: 9][route: {}->http://localhost:37262][total kept alive: 0; route allocated: 1 of 2000; total allocated: 1 of 2000]
10195 [Forwarding isElementEnabled on session b1310904-d161-49ca-a1a6-530fba7baea8 to remote] DEBUG org.apache.http.impl.execchain.MainClientExec  - Opening connection {}->http://localhost:37262
10195 [Forwarding isElementEnabled on session b1310904-d161-49ca-a1a6-530fba7baea8 to remote] DEBUG org.apache.http.impl.conn.HttpClientConnectionOperator  - Connecting to localhost/127.0.0.1:37262
10195 [Forwarding isElementEnabled on session b1310904-d161-49ca-a1a6-530fba7baea8 to remote] DEBUG org.apache.http.impl.conn.HttpClientConnectionOperator  - Connection established 127.0.0.1:17223<->127.0.0.1:37262
10195 [Forwarding isElementEnabled on session b1310904-d161-49ca-a1a6-530fba7baea8 to remote] DEBUG org.apache.http.impl.execchain.MainClientExec  - Executing request GET /session/b1310904-d161-49ca-a1a6-530fba7baea8/element/6288645d-bf7f-4921-991a-bdd69583e784/enabled HTTP/1.1
10195 [Forwarding isElementEnabled on session b1310904-d161-49ca-a1a6-530fba7baea8 to remote] DEBUG org.apache.http.impl.execchain.MainClientExec  - Target auth state: UNCHALLENGED
10195 [Forwarding isElementEnabled on session b1310904-d161-49ca-a1a6-530fba7baea8 to remote] DEBUG org.apache.http.impl.execchain.MainClientExec  - Proxy auth state: UNCHALLENGED
10195 [Forwarding isElementEnabled on session b1310904-d161-49ca-a1a6-530fba7baea8 to remote] DEBUG org.apache.http.headers  - http-outgoing-9 >> GET /session/b1310904-d161-49ca-a1a6-530fba7baea8/element/6288645d-bf7f-4921-991a-bdd69583e784/enabled HTTP/1.1
10195 [Forwarding isElementEnabled on session b1310904-d161-49ca-a1a6-530fba7baea8 to remote] DEBUG org.apache.http.headers  - http-outgoing-9 >> Cache-Control: no-cache
10195 [Forwarding isElementEnabled on session b1310904-d161-49ca-a1a6-530fba7baea8 to remote] DEBUG org.apache.http.headers  - http-outgoing-9 >> Host: localhost:37262
10195 [Forwarding isElementEnabled on session b1310904-d161-49ca-a1a6-530fba7baea8 to remote] DEBUG org.apache.http.headers  - http-outgoing-9 >> Connection: Keep-Alive
10195 [Forwarding isElementEnabled on session b1310904-d161-49ca-a1a6-530fba7baea8 to remote] DEBUG org.apache.http.headers  - http-outgoing-9 >> User-Agent: Apache-HttpClient/4.3.3 (java 1.5)
10195 [Forwarding isElementEnabled on session b1310904-d161-49ca-a1a6-530fba7baea8 to remote] DEBUG org.apache.http.headers  - http-outgoing-9 >> Accept-Encoding: gzip,deflate
10195 [Forwarding isElementEnabled on session b1310904-d161-49ca-a1a6-530fba7baea8 to remote] DEBUG org.apache.http.wire  - http-outgoing-9 >> "GET /session/b1310904-d161-49ca-a1a6-530fba7baea8/element/6288645d-bf7f-4921-991a-bdd69583e784/enabled HTTP/1.1[\r][\n]"
10195 [Forwarding isElementEnabled on session b1310904-d161-49ca-a1a6-530fba7baea8 to remote] DEBUG org.apache.http.wire  - http-outgoing-9 >> "Cache-Control: no-cache[\r][\n]"
10195 [Forwarding isElementEnabled on session b1310904-d161-49ca-a1a6-530fba7baea8 to remote] DEBUG org.apache.http.wire  - http-outgoing-9 >> "Host: localhost:37262[\r][\n]"
10195 [Forwarding isElementEnabled on session b1310904-d161-49ca-a1a6-530fba7baea8 to remote] DEBUG org.apache.http.wire  - http-outgoing-9 >> "Connection: Keep-Alive[\r][\n]"
10195 [Forwarding isElementEnabled on session b1310904-d161-49ca-a1a6-530fba7baea8 to remote] DEBUG org.apache.http.wire  - http-outgoing-9 >> "User-Agent: Apache-HttpClient/4.3.3 (java 1.5)[\r][\n]"
10195 [Forwarding isElementEnabled on session b1310904-d161-49ca-a1a6-530fba7baea8 to remote] DEBUG org.apache.http.wire  - http-outgoing-9 >> "Accept-Encoding: gzip,deflate[\r][\n]"
10195 [Forwarding isElementEnabled on session b1310904-d161-49ca-a1a6-530fba7baea8 to remote] DEBUG org.apache.http.wire  - http-outgoing-9 >> "[\r][\n]"
10225 [Forwarding isElementEnabled on session b1310904-d161-49ca-a1a6-530fba7baea8 to remote] DEBUG org.apache.http.wire  - http-outgoing-9 << "HTTP/1.1 200 OK[\r][\n]"
10225 [Forwarding isElementEnabled on session b1310904-d161-49ca-a1a6-530fba7baea8 to remote] DEBUG org.apache.http.wire  - http-outgoing-9 << "Content-Length: 77[\r][\n]"
10225 [Forwarding isElementEnabled on session b1310904-d161-49ca-a1a6-530fba7baea8 to remote] DEBUG org.apache.http.wire  - http-outgoing-9 << "Content-Type: application/json; charset=UTF-8[\r][\n]"
10225 [Forwarding isElementEnabled on session b1310904-d161-49ca-a1a6-530fba7baea8 to remote] DEBUG org.apache.http.wire  - http-outgoing-9 << "Vary: Accept-Charset, Accept-Encoding, Accept-Language, Accept[\r][\n]"
10225 [Forwarding isElementEnabled on session b1310904-d161-49ca-a1a6-530fba7baea8 to remote] DEBUG org.apache.http.wire  - http-outgoing-9 << "Accept-Ranges: bytes[\r][\n]"
10225 [Forwarding isElementEnabled on session b1310904-d161-49ca-a1a6-530fba7baea8 to remote] DEBUG org.apache.http.wire  - http-outgoing-9 << "Connection: close[\r][\n]"
10225 [Forwarding isElementEnabled on session b1310904-d161-49ca-a1a6-530fba7baea8 to remote] DEBUG org.apache.http.wire  - http-outgoing-9 << "[\r][\n]"
10225 [Forwarding isElementEnabled on session b1310904-d161-49ca-a1a6-530fba7baea8 to remote] DEBUG org.apache.http.wire  - http-outgoing-9 << "{"sessionId":"b1310904-d161-49ca-a1a6-530fba7baea8","status":0,"value":true}[\n]"
10225 [Forwarding isElementEnabled on session b1310904-d161-49ca-a1a6-530fba7baea8 to remote] DEBUG org.apache.http.wire  - http-outgoing-9 << "[\r][\n]"
10225 [Forwarding isElementEnabled on session b1310904-d161-49ca-a1a6-530fba7baea8 to remote] DEBUG org.apache.http.headers  - http-outgoing-9 << HTTP/1.1 200 OK
10225 [Forwarding isElementEnabled on session b1310904-d161-49ca-a1a6-530fba7baea8 to remote] DEBUG org.apache.http.headers  - http-outgoing-9 << Content-Length: 77
10225 [Forwarding isElementEnabled on session b1310904-d161-49ca-a1a6-530fba7baea8 to remote] DEBUG org.apache.http.headers  - http-outgoing-9 << Content-Type: application/json; charset=UTF-8
10225 [Forwarding isElementEnabled on session b1310904-d161-49ca-a1a6-530fba7baea8 to remote] DEBUG org.apache.http.headers  - http-outgoing-9 << Vary: Accept-Charset, Accept-Encoding, Accept-Language, Accept
10225 [Forwarding isElementEnabled on session b1310904-d161-49ca-a1a6-530fba7baea8 to remote] DEBUG org.apache.http.headers  - http-outgoing-9 << Accept-Ranges: bytes
10225 [Forwarding isElementEnabled on session b1310904-d161-49ca-a1a6-530fba7baea8 to remote] DEBUG org.apache.http.headers  - http-outgoing-9 << Connection: close
10225 [Forwarding isElementEnabled on session b1310904-d161-49ca-a1a6-530fba7baea8 to remote] DEBUG org.apache.http.impl.conn.DefaultManagedHttpClientConnection  - http-outgoing-9: Shutdown connection
10225 [Forwarding isElementEnabled on session b1310904-d161-49ca-a1a6-530fba7baea8 to remote] DEBUG org.apache.http.impl.execchain.MainClientExec  - Connection discarded
10225 [Forwarding isElementEnabled on session b1310904-d161-49ca-a1a6-530fba7baea8 to remote] DEBUG org.apache.http.impl.conn.DefaultManagedHttpClientConnection  - http-outgoing-9: Close connection
10225 [Forwarding isElementEnabled on session b1310904-d161-49ca-a1a6-530fba7baea8 to remote] DEBUG org.apache.http.impl.conn.PoolingHttpClientConnectionManager  - Connection released: [id: 9][route: {}->http://localhost:37262][total kept alive: 0; route allocated: 0 of 2000; total allocated: 0 of 2000]
10225 [Forwarding findElement on session b1310904-d161-49ca-a1a6-530fba7baea8 to remote] DEBUG org.apache.http.client.protocol.RequestAddCookies  - CookieSpec selected: best-match
10225 [Forwarding findElement on session b1310904-d161-49ca-a1a6-530fba7baea8 to remote] DEBUG org.apache.http.client.protocol.RequestAuthCache  - Auth cache not set in the context
10225 [Forwarding findElement on session b1310904-d161-49ca-a1a6-530fba7baea8 to remote] DEBUG org.apache.http.impl.conn.PoolingHttpClientConnectionManager  - Connection request: [route: {}->http://localhost:37262][total kept alive: 0; route allocated: 0 of 2000; total allocated: 0 of 2000]
10225 [Forwarding findElement on session b1310904-d161-49ca-a1a6-530fba7baea8 to remote] DEBUG org.apache.http.impl.conn.PoolingHttpClientConnectionManager  - Connection leased: [id: 10][route: {}->http://localhost:37262][total kept alive: 0; route allocated: 1 of 2000; total allocated: 1 of 2000]
10225 [Forwarding findElement on session b1310904-d161-49ca-a1a6-530fba7baea8 to remote] DEBUG org.apache.http.impl.execchain.MainClientExec  - Opening connection {}->http://localhost:37262
10225 [Forwarding findElement on session b1310904-d161-49ca-a1a6-530fba7baea8 to remote] DEBUG org.apache.http.impl.conn.HttpClientConnectionOperator  - Connecting to localhost/127.0.0.1:37262
10225 [Forwarding findElement on session b1310904-d161-49ca-a1a6-530fba7baea8 to remote] DEBUG org.apache.http.impl.conn.HttpClientConnectionOperator  - Connection established 127.0.0.1:17224<->127.0.0.1:37262
10225 [Forwarding findElement on session b1310904-d161-49ca-a1a6-530fba7baea8 to remote] DEBUG org.apache.http.impl.execchain.MainClientExec  - Executing request POST /session/b1310904-d161-49ca-a1a6-530fba7baea8/element HTTP/1.1
10225 [Forwarding findElement on session b1310904-d161-49ca-a1a6-530fba7baea8 to remote] DEBUG org.apache.http.impl.execchain.MainClientExec  - Target auth state: UNCHALLENGED
10225 [Forwarding findElement on session b1310904-d161-49ca-a1a6-530fba7baea8 to remote] DEBUG org.apache.http.impl.execchain.MainClientExec  - Proxy auth state: UNCHALLENGED
10225 [Forwarding findElement on session b1310904-d161-49ca-a1a6-530fba7baea8 to remote] DEBUG org.apache.http.headers  - http-outgoing-10 >> POST /session/b1310904-d161-49ca-a1a6-530fba7baea8/element HTTP/1.1
10225 [Forwarding findElement on session b1310904-d161-49ca-a1a6-530fba7baea8 to remote] DEBUG org.apache.http.headers  - http-outgoing-10 >> Content-Type: application/json; charset=utf-8
10225 [Forwarding findElement on session b1310904-d161-49ca-a1a6-530fba7baea8 to remote] DEBUG org.apache.http.headers  - http-outgoing-10 >> Content-Length: 53
10225 [Forwarding findElement on session b1310904-d161-49ca-a1a6-530fba7baea8 to remote] DEBUG org.apache.http.headers  - http-outgoing-10 >> Host: localhost:37262
10225 [Forwarding findElement on session b1310904-d161-49ca-a1a6-530fba7baea8 to remote] DEBUG org.apache.http.headers  - http-outgoing-10 >> Connection: Keep-Alive
10225 [Forwarding findElement on session b1310904-d161-49ca-a1a6-530fba7baea8 to remote] DEBUG org.apache.http.headers  - http-outgoing-10 >> User-Agent: Apache-HttpClient/4.3.3 (java 1.5)
10225 [Forwarding findElement on session b1310904-d161-49ca-a1a6-530fba7baea8 to remote] DEBUG org.apache.http.headers  - http-outgoing-10 >> Accept-Encoding: gzip,deflate
10225 [Forwarding findElement on session b1310904-d161-49ca-a1a6-530fba7baea8 to remote] DEBUG org.apache.http.wire  - http-outgoing-10 >> "POST /session/b1310904-d161-49ca-a1a6-530fba7baea8/element HTTP/1.1[\r][\n]"
10225 [Forwarding findElement on session b1310904-d161-49ca-a1a6-530fba7baea8 to remote] DEBUG org.apache.http.wire  - http-outgoing-10 >> "Content-Type: application/json; charset=utf-8[\r][\n]"
10225 [Forwarding findElement on session b1310904-d161-49ca-a1a6-530fba7baea8 to remote] DEBUG org.apache.http.wire  - http-outgoing-10 >> "Content-Length: 53[\r][\n]"
10225 [Forwarding findElement on session b1310904-d161-49ca-a1a6-530fba7baea8 to remote] DEBUG org.apache.http.wire  - http-outgoing-10 >> "Host: localhost:37262[\r][\n]"
10225 [Forwarding findElement on session b1310904-d161-49ca-a1a6-530fba7baea8 to remote] DEBUG org.apache.http.wire  - http-outgoing-10 >> "Connection: Keep-Alive[\r][\n]"
10225 [Forwarding findElement on session b1310904-d161-49ca-a1a6-530fba7baea8 to remote] DEBUG org.apache.http.wire  - http-outgoing-10 >> "User-Agent: Apache-HttpClient/4.3.3 (java 1.5)[\r][\n]"
10225 [Forwarding findElement on session b1310904-d161-49ca-a1a6-530fba7baea8 to remote] DEBUG org.apache.http.wire  - http-outgoing-10 >> "Accept-Encoding: gzip,deflate[\r][\n]"
10225 [Forwarding findElement on session b1310904-d161-49ca-a1a6-530fba7baea8 to remote] DEBUG org.apache.http.wire  - http-outgoing-10 >> "[\r][\n]"
10225 [Forwarding findElement on session b1310904-d161-49ca-a1a6-530fba7baea8 to remote] DEBUG org.apache.http.wire  - http-outgoing-10 >> "{"using":"xpath","value":"//input[@name='username']"}"
10255 [Forwarding findElement on session b1310904-d161-49ca-a1a6-530fba7baea8 to remote] DEBUG org.apache.http.wire  - http-outgoing-10 << "HTTP/1.1 200 OK[\r][\n]"
10255 [Forwarding findElement on session b1310904-d161-49ca-a1a6-530fba7baea8 to remote] DEBUG org.apache.http.wire  - http-outgoing-10 << "Content-Length: 200[\r][\n]"
10255 [Forwarding findElement on session b1310904-d161-49ca-a1a6-530fba7baea8 to remote] DEBUG org.apache.http.wire  - http-outgoing-10 << "Content-Type: application/json; charset=UTF-8[\r][\n]"
10255 [Forwarding findElement on session b1310904-d161-49ca-a1a6-530fba7baea8 to remote] DEBUG org.apache.http.wire  - http-outgoing-10 << "Vary: Accept-Charset, Accept-Encoding, Accept-Language, Accept[\r][\n]"
10255 [Forwarding findElement on session b1310904-d161-49ca-a1a6-530fba7baea8 to remote] DEBUG org.apache.http.wire  - http-outgoing-10 << "Accept-Ranges: bytes[\r][\n]"
10255 [Forwarding findElement on session b1310904-d161-49ca-a1a6-530fba7baea8 to remote] DEBUG org.apache.http.wire  - http-outgoing-10 << "Connection: close[\r][\n]"
10255 [Forwarding findElement on session b1310904-d161-49ca-a1a6-530fba7baea8 to remote] DEBUG org.apache.http.wire  - http-outgoing-10 << "[\r][\n]"
10255 [Forwarding findElement on session b1310904-d161-49ca-a1a6-530fba7baea8 to remote] DEBUG org.apache.http.wire  - http-outgoing-10 << "{"sessionId":"b1310904-d161-49ca-a1a6-530fba7baea8","status":0,"value":{"ELEMENT":"6288645d-bf7f-4921-991a-bdd69583e784","element-6066-11e4-a52e-4f735466cecf":"6288645d-bf7f-4921-991a-bdd69583e784"}}[\n]"
10255 [Forwarding findElement on session b1310904-d161-49ca-a1a6-530fba7baea8 to remote] DEBUG org.apache.http.wire  - http-outgoing-10 << "[\r][\n]"
10255 [Forwarding findElement on session b1310904-d161-49ca-a1a6-530fba7baea8 to remote] DEBUG org.apache.http.headers  - http-outgoing-10 << HTTP/1.1 200 OK
10255 [Forwarding findElement on session b1310904-d161-49ca-a1a6-530fba7baea8 to remote] DEBUG org.apache.http.headers  - http-outgoing-10 << Content-Length: 200
10255 [Forwarding findElement on session b1310904-d161-49ca-a1a6-530fba7baea8 to remote] DEBUG org.apache.http.headers  - http-outgoing-10 << Content-Type: application/json; charset=UTF-8
10255 [Forwarding findElement on session b1310904-d161-49ca-a1a6-530fba7baea8 to remote] DEBUG org.apache.http.headers  - http-outgoing-10 << Vary: Accept-Charset, Accept-Encoding, Accept-Language, Accept
10255 [Forwarding findElement on session b1310904-d161-49ca-a1a6-530fba7baea8 to remote] DEBUG org.apache.http.headers  - http-outgoing-10 << Accept-Ranges: bytes
10255 [Forwarding findElement on session b1310904-d161-49ca-a1a6-530fba7baea8 to remote] DEBUG org.apache.http.headers  - http-outgoing-10 << Connection: close
10255 [Forwarding findElement on session b1310904-d161-49ca-a1a6-530fba7baea8 to remote] DEBUG org.apache.http.impl.conn.DefaultManagedHttpClientConnection  - http-outgoing-10: Shutdown connection
10255 [Forwarding findElement on session b1310904-d161-49ca-a1a6-530fba7baea8 to remote] DEBUG org.apache.http.impl.execchain.MainClientExec  - Connection discarded
10255 [Forwarding findElement on session b1310904-d161-49ca-a1a6-530fba7baea8 to remote] DEBUG org.apache.http.impl.conn.DefaultManagedHttpClientConnection  - http-outgoing-10: Close connection
10255 [Forwarding findElement on session b1310904-d161-49ca-a1a6-530fba7baea8 to remote] DEBUG org.apache.http.impl.conn.PoolingHttpClientConnectionManager  - Connection released: [id: 10][route: {}->http://localhost:37262][total kept alive: 0; route allocated: 0 of 2000; total allocated: 0 of 2000]
10255 [Forwarding isElementDisplayed on session b1310904-d161-49ca-a1a6-530fba7baea8 to remote] DEBUG org.apache.http.client.protocol.RequestAddCookies  - CookieSpec selected: best-match
10255 [Forwarding isElementDisplayed on session b1310904-d161-49ca-a1a6-530fba7baea8 to remote] DEBUG org.apache.http.client.protocol.RequestAuthCache  - Auth cache not set in the context
10255 [Forwarding isElementDisplayed on session b1310904-d161-49ca-a1a6-530fba7baea8 to remote] DEBUG org.apache.http.impl.conn.PoolingHttpClientConnectionManager  - Connection request: [route: {}->http://localhost:37262][total kept alive: 0; route allocated: 0 of 2000; total allocated: 0 of 2000]
10255 [Forwarding isElementDisplayed on session b1310904-d161-49ca-a1a6-530fba7baea8 to remote] DEBUG org.apache.http.impl.conn.PoolingHttpClientConnectionManager  - Connection leased: [id: 11][route: {}->http://localhost:37262][total kept alive: 0; route allocated: 1 of 2000; total allocated: 1 of 2000]
10255 [Forwarding isElementDisplayed on session b1310904-d161-49ca-a1a6-530fba7baea8 to remote] DEBUG org.apache.http.impl.execchain.MainClientExec  - Opening connection {}->http://localhost:37262
10255 [Forwarding isElementDisplayed on session b1310904-d161-49ca-a1a6-530fba7baea8 to remote] DEBUG org.apache.http.impl.conn.HttpClientConnectionOperator  - Connecting to localhost/127.0.0.1:37262
10255 [Forwarding isElementDisplayed on session b1310904-d161-49ca-a1a6-530fba7baea8 to remote] DEBUG org.apache.http.impl.conn.HttpClientConnectionOperator  - Connection established 127.0.0.1:17226<->127.0.0.1:37262
10255 [Forwarding isElementDisplayed on session b1310904-d161-49ca-a1a6-530fba7baea8 to remote] DEBUG org.apache.http.impl.execchain.MainClientExec  - Executing request GET /session/b1310904-d161-49ca-a1a6-530fba7baea8/element/6288645d-bf7f-4921-991a-bdd69583e784/displayed HTTP/1.1
10255 [Forwarding isElementDisplayed on session b1310904-d161-49ca-a1a6-530fba7baea8 to remote] DEBUG org.apache.http.impl.execchain.MainClientExec  - Target auth state: UNCHALLENGED
10255 [Forwarding isElementDisplayed on session b1310904-d161-49ca-a1a6-530fba7baea8 to remote] DEBUG org.apache.http.impl.execchain.MainClientExec  - Proxy auth state: UNCHALLENGED
10255 [Forwarding isElementDisplayed on session b1310904-d161-49ca-a1a6-530fba7baea8 to remote] DEBUG org.apache.http.headers  - http-outgoing-11 >> GET /session/b1310904-d161-49ca-a1a6-530fba7baea8/element/6288645d-bf7f-4921-991a-bdd69583e784/displayed HTTP/1.1
10255 [Forwarding isElementDisplayed on session b1310904-d161-49ca-a1a6-530fba7baea8 to remote] DEBUG org.apache.http.headers  - http-outgoing-11 >> Cache-Control: no-cache
10255 [Forwarding isElementDisplayed on session b1310904-d161-49ca-a1a6-530fba7baea8 to remote] DEBUG org.apache.http.headers  - http-outgoing-11 >> Host: localhost:37262
10255 [Forwarding isElementDisplayed on session b1310904-d161-49ca-a1a6-530fba7baea8 to remote] DEBUG org.apache.http.headers  - http-outgoing-11 >> Connection: Keep-Alive
10255 [Forwarding isElementDisplayed on session b1310904-d161-49ca-a1a6-530fba7baea8 to remote] DEBUG org.apache.http.headers  - http-outgoing-11 >> User-Agent: Apache-HttpClient/4.3.3 (java 1.5)
10255 [Forwarding isElementDisplayed on session b1310904-d161-49ca-a1a6-530fba7baea8 to remote] DEBUG org.apache.http.headers  - http-outgoing-11 >> Accept-Encoding: gzip,deflate
10255 [Forwarding isElementDisplayed on session b1310904-d161-49ca-a1a6-530fba7baea8 to remote] DEBUG org.apache.http.wire  - http-outgoing-11 >> "GET /session/b1310904-d161-49ca-a1a6-530fba7baea8/element/6288645d-bf7f-4921-991a-bdd69583e784/displayed HTTP/1.1[\r][\n]"
10255 [Forwarding isElementDisplayed on session b1310904-d161-49ca-a1a6-530fba7baea8 to remote] DEBUG org.apache.http.wire  - http-outgoing-11 >> "Cache-Control: no-cache[\r][\n]"
10255 [Forwarding isElementDisplayed on session b1310904-d161-49ca-a1a6-530fba7baea8 to remote] DEBUG org.apache.http.wire  - http-outgoing-11 >> "Host: localhost:37262[\r][\n]"
10255 [Forwarding isElementDisplayed on session b1310904-d161-49ca-a1a6-530fba7baea8 to remote] DEBUG org.apache.http.wire  - http-outgoing-11 >> "Connection: Keep-Alive[\r][\n]"
10255 [Forwarding isElementDisplayed on session b1310904-d161-49ca-a1a6-530fba7baea8 to remote] DEBUG org.apache.http.wire  - http-outgoing-11 >> "User-Agent: Apache-HttpClient/4.3.3 (java 1.5)[\r][\n]"
10255 [Forwarding isElementDisplayed on session b1310904-d161-49ca-a1a6-530fba7baea8 to remote] DEBUG org.apache.http.wire  - http-outgoing-11 >> "Accept-Encoding: gzip,deflate[\r][\n]"
10255 [Forwarding isElementDisplayed on session b1310904-d161-49ca-a1a6-530fba7baea8 to remote] DEBUG org.apache.http.wire  - http-outgoing-11 >> "[\r][\n]"
10295 [Forwarding isElementDisplayed on session b1310904-d161-49ca-a1a6-530fba7baea8 to remote] DEBUG org.apache.http.wire  - http-outgoing-11 << "HTTP/1.1 200 OK[\r][\n]"
10295 [Forwarding isElementDisplayed on session b1310904-d161-49ca-a1a6-530fba7baea8 to remote] DEBUG org.apache.http.wire  - http-outgoing-11 << "Content-Length: 77[\r][\n]"
10295 [Forwarding isElementDisplayed on session b1310904-d161-49ca-a1a6-530fba7baea8 to remote] DEBUG org.apache.http.wire  - http-outgoing-11 << "Content-Type: application/json; charset=UTF-8[\r][\n]"
10295 [Forwarding isElementDisplayed on session b1310904-d161-49ca-a1a6-530fba7baea8 to remote] DEBUG org.apache.http.wire  - http-outgoing-11 << "Vary: Accept-Charset, Accept-Encoding, Accept-Language, Accept[\r][\n]"
10295 [Forwarding isElementDisplayed on session b1310904-d161-49ca-a1a6-530fba7baea8 to remote] DEBUG org.apache.http.wire  - http-outgoing-11 << "Accept-Ranges: bytes[\r][\n]"
10295 [Forwarding isElementDisplayed on session b1310904-d161-49ca-a1a6-530fba7baea8 to remote] DEBUG org.apache.http.wire  - http-outgoing-11 << "Connection: close[\r][\n]"
10295 [Forwarding isElementDisplayed on session b1310904-d161-49ca-a1a6-530fba7baea8 to remote] DEBUG org.apache.http.wire  - http-outgoing-11 << "[\r][\n]"
10295 [Forwarding isElementDisplayed on session b1310904-d161-49ca-a1a6-530fba7baea8 to remote] DEBUG org.apache.http.wire  - http-outgoing-11 << "{"sessionId":"b1310904-d161-49ca-a1a6-530fba7baea8","status":0,"value":true}[\n]"
10295 [Forwarding isElementDisplayed on session b1310904-d161-49ca-a1a6-530fba7baea8 to remote] DEBUG org.apache.http.wire  - http-outgoing-11 << "[\r][\n]"
10295 [Forwarding isElementDisplayed on session b1310904-d161-49ca-a1a6-530fba7baea8 to remote] DEBUG org.apache.http.headers  - http-outgoing-11 << HTTP/1.1 200 OK
10295 [Forwarding isElementDisplayed on session b1310904-d161-49ca-a1a6-530fba7baea8 to remote] DEBUG org.apache.http.headers  - http-outgoing-11 << Content-Length: 77
10295 [Forwarding isElementDisplayed on session b1310904-d161-49ca-a1a6-530fba7baea8 to remote] DEBUG org.apache.http.headers  - http-outgoing-11 << Content-Type: application/json; charset=UTF-8
10295 [Forwarding isElementDisplayed on session b1310904-d161-49ca-a1a6-530fba7baea8 to remote] DEBUG org.apache.http.headers  - http-outgoing-11 << Vary: Accept-Charset, Accept-Encoding, Accept-Language, Accept
10295 [Forwarding isElementDisplayed on session b1310904-d161-49ca-a1a6-530fba7baea8 to remote] DEBUG org.apache.http.headers  - http-outgoing-11 << Accept-Ranges: bytes
10295 [Forwarding isElementDisplayed on session b1310904-d161-49ca-a1a6-530fba7baea8 to remote] DEBUG org.apache.http.headers  - http-outgoing-11 << Connection: close
10295 [Forwarding isElementDisplayed on session b1310904-d161-49ca-a1a6-530fba7baea8 to remote] DEBUG org.apache.http.impl.conn.DefaultManagedHttpClientConnection  - http-outgoing-11: Shutdown connection
10295 [Forwarding isElementDisplayed on session b1310904-d161-49ca-a1a6-530fba7baea8 to remote] DEBUG org.apache.http.impl.execchain.MainClientExec  - Connection discarded
10295 [Forwarding isElementDisplayed on session b1310904-d161-49ca-a1a6-530fba7baea8 to remote] DEBUG org.apache.http.impl.conn.DefaultManagedHttpClientConnection  - http-outgoing-11: Close connection
10295 [Forwarding isElementDisplayed on session b1310904-d161-49ca-a1a6-530fba7baea8 to remote] DEBUG org.apache.http.impl.conn.PoolingHttpClientConnectionManager  - Connection released: [id: 11][route: {}->http://localhost:37262][total kept alive: 0; route allocated: 0 of 2000; total allocated: 0 of 2000]
10295 [Forwarding findElement on session b1310904-d161-49ca-a1a6-530fba7baea8 to remote] DEBUG org.apache.http.client.protocol.RequestAddCookies  - CookieSpec selected: best-match
10295 [Forwarding findElement on session b1310904-d161-49ca-a1a6-530fba7baea8 to remote] DEBUG org.apache.http.client.protocol.RequestAuthCache  - Auth cache not set in the context
10295 [Forwarding findElement on session b1310904-d161-49ca-a1a6-530fba7baea8 to remote] DEBUG org.apache.http.impl.conn.PoolingHttpClientConnectionManager  - Connection request: [route: {}->http://localhost:37262][total kept alive: 0; route allocated: 0 of 2000; total allocated: 0 of 2000]
10295 [Forwarding findElement on session b1310904-d161-49ca-a1a6-530fba7baea8 to remote] DEBUG org.apache.http.impl.conn.PoolingHttpClientConnectionManager  - Connection leased: [id: 12][route: {}->http://localhost:37262][total kept alive: 0; route allocated: 1 of 2000; total allocated: 1 of 2000]
10295 [Forwarding findElement on session b1310904-d161-49ca-a1a6-530fba7baea8 to remote] DEBUG org.apache.http.impl.execchain.MainClientExec  - Opening connection {}->http://localhost:37262
10295 [Forwarding findElement on session b1310904-d161-49ca-a1a6-530fba7baea8 to remote] DEBUG org.apache.http.impl.conn.HttpClientConnectionOperator  - Connecting to localhost/127.0.0.1:37262
10295 [Forwarding findElement on session b1310904-d161-49ca-a1a6-530fba7baea8 to remote] DEBUG org.apache.http.impl.conn.HttpClientConnectionOperator  - Connection established 127.0.0.1:17227<->127.0.0.1:37262
10295 [Forwarding findElement on session b1310904-d161-49ca-a1a6-530fba7baea8 to remote] DEBUG org.apache.http.impl.execchain.MainClientExec  - Executing request POST /session/b1310904-d161-49ca-a1a6-530fba7baea8/element HTTP/1.1
10295 [Forwarding findElement on session b1310904-d161-49ca-a1a6-530fba7baea8 to remote] DEBUG org.apache.http.impl.execchain.MainClientExec  - Target auth state: UNCHALLENGED
10295 [Forwarding findElement on session b1310904-d161-49ca-a1a6-530fba7baea8 to remote] DEBUG org.apache.http.impl.execchain.MainClientExec  - Proxy auth state: UNCHALLENGED
10295 [Forwarding findElement on session b1310904-d161-49ca-a1a6-530fba7baea8 to remote] DEBUG org.apache.http.headers  - http-outgoing-12 >> POST /session/b1310904-d161-49ca-a1a6-530fba7baea8/element HTTP/1.1
10295 [Forwarding findElement on session b1310904-d161-49ca-a1a6-530fba7baea8 to remote] DEBUG org.apache.http.headers  - http-outgoing-12 >> Content-Type: application/json; charset=utf-8
10295 [Forwarding findElement on session b1310904-d161-49ca-a1a6-530fba7baea8 to remote] DEBUG org.apache.http.headers  - http-outgoing-12 >> Content-Length: 53
10295 [Forwarding findElement on session b1310904-d161-49ca-a1a6-530fba7baea8 to remote] DEBUG org.apache.http.headers  - http-outgoing-12 >> Host: localhost:37262
10295 [Forwarding findElement on session b1310904-d161-49ca-a1a6-530fba7baea8 to remote] DEBUG org.apache.http.headers  - http-outgoing-12 >> Connection: Keep-Alive
10295 [Forwarding findElement on session b1310904-d161-49ca-a1a6-530fba7baea8 to remote] DEBUG org.apache.http.headers  - http-outgoing-12 >> User-Agent: Apache-HttpClient/4.3.3 (java 1.5)
10295 [Forwarding findElement on session b1310904-d161-49ca-a1a6-530fba7baea8 to remote] DEBUG org.apache.http.headers  - http-outgoing-12 >> Accept-Encoding: gzip,deflate
10295 [Forwarding findElement on session b1310904-d161-49ca-a1a6-530fba7baea8 to remote] DEBUG org.apache.http.wire  - http-outgoing-12 >> "POST /session/b1310904-d161-49ca-a1a6-530fba7baea8/element HTTP/1.1[\r][\n]"
10295 [Forwarding findElement on session b1310904-d161-49ca-a1a6-530fba7baea8 to remote] DEBUG org.apache.http.wire  - http-outgoing-12 >> "Content-Type: application/json; charset=utf-8[\r][\n]"
10295 [Forwarding findElement on session b1310904-d161-49ca-a1a6-530fba7baea8 to remote] DEBUG org.apache.http.wire  - http-outgoing-12 >> "Content-Length: 53[\r][\n]"
10295 [Forwarding findElement on session b1310904-d161-49ca-a1a6-530fba7baea8 to remote] DEBUG org.apache.http.wire  - http-outgoing-12 >> "Host: localhost:37262[\r][\n]"
10295 [Forwarding findElement on session b1310904-d161-49ca-a1a6-530fba7baea8 to remote] DEBUG org.apache.http.wire  - http-outgoing-12 >> "Connection: Keep-Alive[\r][\n]"
10295 [Forwarding findElement on session b1310904-d161-49ca-a1a6-530fba7baea8 to remote] DEBUG org.apache.http.wire  - http-outgoing-12 >> "User-Agent: Apache-HttpClient/4.3.3 (java 1.5)[\r][\n]"
10295 [Forwarding findElement on session b1310904-d161-49ca-a1a6-530fba7baea8 to remote] DEBUG org.apache.http.wire  - http-outgoing-12 >> "Accept-Encoding: gzip,deflate[\r][\n]"
10295 [Forwarding findElement on session b1310904-d161-49ca-a1a6-530fba7baea8 to remote] DEBUG org.apache.http.wire  - http-outgoing-12 >> "[\r][\n]"
10295 [Forwarding findElement on session b1310904-d161-49ca-a1a6-530fba7baea8 to remote] DEBUG org.apache.http.wire  - http-outgoing-12 >> "{"using":"xpath","value":"//input[@name='username']"}"
10325 [Forwarding findElement on session b1310904-d161-49ca-a1a6-530fba7baea8 to remote] DEBUG org.apache.http.wire  - http-outgoing-12 << "HTTP/1.1 200 OK[\r][\n]"
10325 [Forwarding findElement on session b1310904-d161-49ca-a1a6-530fba7baea8 to remote] DEBUG org.apache.http.wire  - http-outgoing-12 << "Content-Length: 200[\r][\n]"
10325 [Forwarding findElement on session b1310904-d161-49ca-a1a6-530fba7baea8 to remote] DEBUG org.apache.http.wire  - http-outgoing-12 << "Content-Type: application/json; charset=UTF-8[\r][\n]"
10325 [Forwarding findElement on session b1310904-d161-49ca-a1a6-530fba7baea8 to remote] DEBUG org.apache.http.wire  - http-outgoing-12 << "Vary: Accept-Charset, Accept-Encoding, Accept-Language, Accept[\r][\n]"
10325 [Forwarding findElement on session b1310904-d161-49ca-a1a6-530fba7baea8 to remote] DEBUG org.apache.http.wire  - http-outgoing-12 << "Accept-Ranges: bytes[\r][\n]"
10325 [Forwarding findElement on session b1310904-d161-49ca-a1a6-530fba7baea8 to remote] DEBUG org.apache.http.wire  - http-outgoing-12 << "Connection: close[\r][\n]"
10325 [Forwarding findElement on session b1310904-d161-49ca-a1a6-530fba7baea8 to remote] DEBUG org.apache.http.wire  - http-outgoing-12 << "[\r][\n]"
10325 [Forwarding findElement on session b1310904-d161-49ca-a1a6-530fba7baea8 to remote] DEBUG org.apache.http.wire  - http-outgoing-12 << "{"sessionId":"b1310904-d161-49ca-a1a6-530fba7baea8","status":0,"value":{"ELEMENT":"6288645d-bf7f-4921-991a-bdd69583e784","element-6066-11e4-a52e-4f735466cecf":"6288645d-bf7f-4921-991a-bdd69583e784"}}[\n]"
10325 [Forwarding findElement on session b1310904-d161-49ca-a1a6-530fba7baea8 to remote] DEBUG org.apache.http.wire  - http-outgoing-12 << "[\r][\n]"
10325 [Forwarding findElement on session b1310904-d161-49ca-a1a6-530fba7baea8 to remote] DEBUG org.apache.http.headers  - http-outgoing-12 << HTTP/1.1 200 OK
10325 [Forwarding findElement on session b1310904-d161-49ca-a1a6-530fba7baea8 to remote] DEBUG org.apache.http.headers  - http-outgoing-12 << Content-Length: 200
10325 [Forwarding findElement on session b1310904-d161-49ca-a1a6-530fba7baea8 to remote] DEBUG org.apache.http.headers  - http-outgoing-12 << Content-Type: application/json; charset=UTF-8
10325 [Forwarding findElement on session b1310904-d161-49ca-a1a6-530fba7baea8 to remote] DEBUG org.apache.http.headers  - http-outgoing-12 << Vary: Accept-Charset, Accept-Encoding, Accept-Language, Accept
10325 [Forwarding findElement on session b1310904-d161-49ca-a1a6-530fba7baea8 to remote] DEBUG org.apache.http.headers  - http-outgoing-12 << Accept-Ranges: bytes
10325 [Forwarding findElement on session b1310904-d161-49ca-a1a6-530fba7baea8 to remote] DEBUG org.apache.http.headers  - http-outgoing-12 << Connection: close
10325 [Forwarding findElement on session b1310904-d161-49ca-a1a6-530fba7baea8 to remote] DEBUG org.apache.http.impl.conn.DefaultManagedHttpClientConnection  - http-outgoing-12: Shutdown connection
10325 [Forwarding findElement on session b1310904-d161-49ca-a1a6-530fba7baea8 to remote] DEBUG org.apache.http.impl.execchain.MainClientExec  - Connection discarded
10325 [Forwarding findElement on session b1310904-d161-49ca-a1a6-530fba7baea8 to remote] DEBUG org.apache.http.impl.conn.DefaultManagedHttpClientConnection  - http-outgoing-12: Close connection
10325 [Forwarding findElement on session b1310904-d161-49ca-a1a6-530fba7baea8 to remote] DEBUG org.apache.http.impl.conn.PoolingHttpClientConnectionManager  - Connection released: [id: 12][route: {}->http://localhost:37262][total kept alive: 0; route allocated: 0 of 2000; total allocated: 0 of 2000]
10325 [Forwarding isElementEnabled on session b1310904-d161-49ca-a1a6-530fba7baea8 to remote] DEBUG org.apache.http.client.protocol.RequestAddCookies  - CookieSpec selected: best-match
10325 [Forwarding isElementEnabled on session b1310904-d161-49ca-a1a6-530fba7baea8 to remote] DEBUG org.apache.http.client.protocol.RequestAuthCache  - Auth cache not set in the context
10325 [Forwarding isElementEnabled on session b1310904-d161-49ca-a1a6-530fba7baea8 to remote] DEBUG org.apache.http.impl.conn.PoolingHttpClientConnectionManager  - Connection request: [route: {}->http://localhost:37262][total kept alive: 0; route allocated: 0 of 2000; total allocated: 0 of 2000]
10325 [Forwarding isElementEnabled on session b1310904-d161-49ca-a1a6-530fba7baea8 to remote] DEBUG org.apache.http.impl.conn.PoolingHttpClientConnectionManager  - Connection leased: [id: 13][route: {}->http://localhost:37262][total kept alive: 0; route allocated: 1 of 2000; total allocated: 1 of 2000]
10325 [Forwarding isElementEnabled on session b1310904-d161-49ca-a1a6-530fba7baea8 to remote] DEBUG org.apache.http.impl.execchain.MainClientExec  - Opening connection {}->http://localhost:37262
10325 [Forwarding isElementEnabled on session b1310904-d161-49ca-a1a6-530fba7baea8 to remote] DEBUG org.apache.http.impl.conn.HttpClientConnectionOperator  - Connecting to localhost/127.0.0.1:37262
10325 [Forwarding isElementEnabled on session b1310904-d161-49ca-a1a6-530fba7baea8 to remote] DEBUG org.apache.http.impl.conn.HttpClientConnectionOperator  - Connection established 127.0.0.1:17228<->127.0.0.1:37262
10325 [Forwarding isElementEnabled on session b1310904-d161-49ca-a1a6-530fba7baea8 to remote] DEBUG org.apache.http.impl.execchain.MainClientExec  - Executing request GET /session/b1310904-d161-49ca-a1a6-530fba7baea8/element/6288645d-bf7f-4921-991a-bdd69583e784/enabled HTTP/1.1
10325 [Forwarding isElementEnabled on session b1310904-d161-49ca-a1a6-530fba7baea8 to remote] DEBUG org.apache.http.impl.execchain.MainClientExec  - Target auth state: UNCHALLENGED
10325 [Forwarding isElementEnabled on session b1310904-d161-49ca-a1a6-530fba7baea8 to remote] DEBUG org.apache.http.impl.execchain.MainClientExec  - Proxy auth state: UNCHALLENGED
10325 [Forwarding isElementEnabled on session b1310904-d161-49ca-a1a6-530fba7baea8 to remote] DEBUG org.apache.http.headers  - http-outgoing-13 >> GET /session/b1310904-d161-49ca-a1a6-530fba7baea8/element/6288645d-bf7f-4921-991a-bdd69583e784/enabled HTTP/1.1
10325 [Forwarding isElementEnabled on session b1310904-d161-49ca-a1a6-530fba7baea8 to remote] DEBUG org.apache.http.headers  - http-outgoing-13 >> Cache-Control: no-cache
10325 [Forwarding isElementEnabled on session b1310904-d161-49ca-a1a6-530fba7baea8 to remote] DEBUG org.apache.http.headers  - http-outgoing-13 >> Host: localhost:37262
10325 [Forwarding isElementEnabled on session b1310904-d161-49ca-a1a6-530fba7baea8 to remote] DEBUG org.apache.http.headers  - http-outgoing-13 >> Connection: Keep-Alive
10325 [Forwarding isElementEnabled on session b1310904-d161-49ca-a1a6-530fba7baea8 to remote] DEBUG org.apache.http.headers  - http-outgoing-13 >> User-Agent: Apache-HttpClient/4.3.3 (java 1.5)
10325 [Forwarding isElementEnabled on session b1310904-d161-49ca-a1a6-530fba7baea8 to remote] DEBUG org.apache.http.headers  - http-outgoing-13 >> Accept-Encoding: gzip,deflate
10325 [Forwarding isElementEnabled on session b1310904-d161-49ca-a1a6-530fba7baea8 to remote] DEBUG org.apache.http.wire  - http-outgoing-13 >> "GET /session/b1310904-d161-49ca-a1a6-530fba7baea8/element/6288645d-bf7f-4921-991a-bdd69583e784/enabled HTTP/1.1[\r][\n]"
10325 [Forwarding isElementEnabled on session b1310904-d161-49ca-a1a6-530fba7baea8 to remote] DEBUG org.apache.http.wire  - http-outgoing-13 >> "Cache-Control: no-cache[\r][\n]"
10325 [Forwarding isElementEnabled on session b1310904-d161-49ca-a1a6-530fba7baea8 to remote] DEBUG org.apache.http.wire  - http-outgoing-13 >> "Host: localhost:37262[\r][\n]"
10325 [Forwarding isElementEnabled on session b1310904-d161-49ca-a1a6-530fba7baea8 to remote] DEBUG org.apache.http.wire  - http-outgoing-13 >> "Connection: Keep-Alive[\r][\n]"
10325 [Forwarding isElementEnabled on session b1310904-d161-49ca-a1a6-530fba7baea8 to remote] DEBUG org.apache.http.wire  - http-outgoing-13 >> "User-Agent: Apache-HttpClient/4.3.3 (java 1.5)[\r][\n]"
10325 [Forwarding isElementEnabled on session b1310904-d161-49ca-a1a6-530fba7baea8 to remote] DEBUG org.apache.http.wire  - http-outgoing-13 >> "Accept-Encoding: gzip,deflate[\r][\n]"
10325 [Forwarding isElementEnabled on session b1310904-d161-49ca-a1a6-530fba7baea8 to remote] DEBUG org.apache.http.wire  - http-outgoing-13 >> "[\r][\n]"
10346 [Forwarding isElementEnabled on session b1310904-d161-49ca-a1a6-530fba7baea8 to remote] DEBUG org.apache.http.wire  - http-outgoing-13 << "HTTP/1.1 200 OK[\r][\n]"
10346 [Forwarding isElementEnabled on session b1310904-d161-49ca-a1a6-530fba7baea8 to remote] DEBUG org.apache.http.wire  - http-outgoing-13 << "Content-Length: 77[\r][\n]"
10346 [Forwarding isElementEnabled on session b1310904-d161-49ca-a1a6-530fba7baea8 to remote] DEBUG org.apache.http.wire  - http-outgoing-13 << "Content-Type: application/json; charset=UTF-8[\r][\n]"
10346 [Forwarding isElementEnabled on session b1310904-d161-49ca-a1a6-530fba7baea8 to remote] DEBUG org.apache.http.wire  - http-outgoing-13 << "Vary: Accept-Charset, Accept-Encoding, Accept-Language, Accept[\r][\n]"
10346 [Forwarding isElementEnabled on session b1310904-d161-49ca-a1a6-530fba7baea8 to remote] DEBUG org.apache.http.wire  - http-outgoing-13 << "Accept-Ranges: bytes[\r][\n]"
10346 [Forwarding isElementEnabled on session b1310904-d161-49ca-a1a6-530fba7baea8 to remote] DEBUG org.apache.http.wire  - http-outgoing-13 << "Connection: close[\r][\n]"
10346 [Forwarding isElementEnabled on session b1310904-d161-49ca-a1a6-530fba7baea8 to remote] DEBUG org.apache.http.wire  - http-outgoing-13 << "[\r][\n]"
10346 [Forwarding isElementEnabled on session b1310904-d161-49ca-a1a6-530fba7baea8 to remote] DEBUG org.apache.http.wire  - http-outgoing-13 << "{"sessionId":"b1310904-d161-49ca-a1a6-530fba7baea8","status":0,"value":true}[\n]"
10346 [Forwarding isElementEnabled on session b1310904-d161-49ca-a1a6-530fba7baea8 to remote] DEBUG org.apache.http.wire  - http-outgoing-13 << "[\r][\n]"
10346 [Forwarding isElementEnabled on session b1310904-d161-49ca-a1a6-530fba7baea8 to remote] DEBUG org.apache.http.headers  - http-outgoing-13 << HTTP/1.1 200 OK
10346 [Forwarding isElementEnabled on session b1310904-d161-49ca-a1a6-530fba7baea8 to remote] DEBUG org.apache.http.headers  - http-outgoing-13 << Content-Length: 77
10346 [Forwarding isElementEnabled on session b1310904-d161-49ca-a1a6-530fba7baea8 to remote] DEBUG org.apache.http.headers  - http-outgoing-13 << Content-Type: application/json; charset=UTF-8
10346 [Forwarding isElementEnabled on session b1310904-d161-49ca-a1a6-530fba7baea8 to remote] DEBUG org.apache.http.headers  - http-outgoing-13 << Vary: Accept-Charset, Accept-Encoding, Accept-Language, Accept
10346 [Forwarding isElementEnabled on session b1310904-d161-49ca-a1a6-530fba7baea8 to remote] DEBUG org.apache.http.headers  - http-outgoing-13 << Accept-Ranges: bytes
10346 [Forwarding isElementEnabled on session b1310904-d161-49ca-a1a6-530fba7baea8 to remote] DEBUG org.apache.http.headers  - http-outgoing-13 << Connection: close
10346 [Forwarding isElementEnabled on session b1310904-d161-49ca-a1a6-530fba7baea8 to remote] DEBUG org.apache.http.impl.conn.DefaultManagedHttpClientConnection  - http-outgoing-13: Shutdown connection
10346 [Forwarding isElementEnabled on session b1310904-d161-49ca-a1a6-530fba7baea8 to remote] DEBUG org.apache.http.impl.execchain.MainClientExec  - Connection discarded
10346 [Forwarding isElementEnabled on session b1310904-d161-49ca-a1a6-530fba7baea8 to remote] DEBUG org.apache.http.impl.conn.DefaultManagedHttpClientConnection  - http-outgoing-13: Close connection
10346 [Forwarding isElementEnabled on session b1310904-d161-49ca-a1a6-530fba7baea8 to remote] DEBUG org.apache.http.impl.conn.PoolingHttpClientConnectionManager  - Connection released: [id: 13][route: {}->http://localhost:37262][total kept alive: 0; route allocated: 0 of 2000; total allocated: 0 of 2000]
10346 [Forwarding findElement on session b1310904-d161-49ca-a1a6-530fba7baea8 to remote] DEBUG org.apache.http.client.protocol.RequestAddCookies  - CookieSpec selected: best-match
10346 [Forwarding findElement on session b1310904-d161-49ca-a1a6-530fba7baea8 to remote] DEBUG org.apache.http.client.protocol.RequestAuthCache  - Auth cache not set in the context
10346 [Forwarding findElement on session b1310904-d161-49ca-a1a6-530fba7baea8 to remote] DEBUG org.apache.http.impl.conn.PoolingHttpClientConnectionManager  - Connection request: [route: {}->http://localhost:37262][total kept alive: 0; route allocated: 0 of 2000; total allocated: 0 of 2000]
10346 [Forwarding findElement on session b1310904-d161-49ca-a1a6-530fba7baea8 to remote] DEBUG org.apache.http.impl.conn.PoolingHttpClientConnectionManager  - Connection leased: [id: 14][route: {}->http://localhost:37262][total kept alive: 0; route allocated: 1 of 2000; total allocated: 1 of 2000]
10346 [Forwarding findElement on session b1310904-d161-49ca-a1a6-530fba7baea8 to remote] DEBUG org.apache.http.impl.execchain.MainClientExec  - Opening connection {}->http://localhost:37262
10346 [Forwarding findElement on session b1310904-d161-49ca-a1a6-530fba7baea8 to remote] DEBUG org.apache.http.impl.conn.HttpClientConnectionOperator  - Connecting to localhost/127.0.0.1:37262
10346 [Forwarding findElement on session b1310904-d161-49ca-a1a6-530fba7baea8 to remote] DEBUG org.apache.http.impl.conn.HttpClientConnectionOperator  - Connection established 127.0.0.1:17229<->127.0.0.1:37262
10346 [Forwarding findElement on session b1310904-d161-49ca-a1a6-530fba7baea8 to remote] DEBUG org.apache.http.impl.execchain.MainClientExec  - Executing request POST /session/b1310904-d161-49ca-a1a6-530fba7baea8/element HTTP/1.1
10346 [Forwarding findElement on session b1310904-d161-49ca-a1a6-530fba7baea8 to remote] DEBUG org.apache.http.impl.execchain.MainClientExec  - Target auth state: UNCHALLENGED
10346 [Forwarding findElement on session b1310904-d161-49ca-a1a6-530fba7baea8 to remote] DEBUG org.apache.http.impl.execchain.MainClientExec  - Proxy auth state: UNCHALLENGED
10346 [Forwarding findElement on session b1310904-d161-49ca-a1a6-530fba7baea8 to remote] DEBUG org.apache.http.headers  - http-outgoing-14 >> POST /session/b1310904-d161-49ca-a1a6-530fba7baea8/element HTTP/1.1
10346 [Forwarding findElement on session b1310904-d161-49ca-a1a6-530fba7baea8 to remote] DEBUG org.apache.http.headers  - http-outgoing-14 >> Content-Type: application/json; charset=utf-8
10346 [Forwarding findElement on session b1310904-d161-49ca-a1a6-530fba7baea8 to remote] DEBUG org.apache.http.headers  - http-outgoing-14 >> Content-Length: 53
10346 [Forwarding findElement on session b1310904-d161-49ca-a1a6-530fba7baea8 to remote] DEBUG org.apache.http.headers  - http-outgoing-14 >> Host: localhost:37262
10346 [Forwarding findElement on session b1310904-d161-49ca-a1a6-530fba7baea8 to remote] DEBUG org.apache.http.headers  - http-outgoing-14 >> Connection: Keep-Alive
10346 [Forwarding findElement on session b1310904-d161-49ca-a1a6-530fba7baea8 to remote] DEBUG org.apache.http.headers  - http-outgoing-14 >> User-Agent: Apache-HttpClient/4.3.3 (java 1.5)
10346 [Forwarding findElement on session b1310904-d161-49ca-a1a6-530fba7baea8 to remote] DEBUG org.apache.http.headers  - http-outgoing-14 >> Accept-Encoding: gzip,deflate
10346 [Forwarding findElement on session b1310904-d161-49ca-a1a6-530fba7baea8 to remote] DEBUG org.apache.http.wire  - http-outgoing-14 >> "POST /session/b1310904-d161-49ca-a1a6-530fba7baea8/element HTTP/1.1[\r][\n]"
10346 [Forwarding findElement on session b1310904-d161-49ca-a1a6-530fba7baea8 to remote] DEBUG org.apache.http.wire  - http-outgoing-14 >> "Content-Type: application/json; charset=utf-8[\r][\n]"
10346 [Forwarding findElement on session b1310904-d161-49ca-a1a6-530fba7baea8 to remote] DEBUG org.apache.http.wire  - http-outgoing-14 >> "Content-Length: 53[\r][\n]"
10346 [Forwarding findElement on session b1310904-d161-49ca-a1a6-530fba7baea8 to remote] DEBUG org.apache.http.wire  - http-outgoing-14 >> "Host: localhost:37262[\r][\n]"
10346 [Forwarding findElement on session b1310904-d161-49ca-a1a6-530fba7baea8 to remote] DEBUG org.apache.http.wire  - http-outgoing-14 >> "Connection: Keep-Alive[\r][\n]"
10346 [Forwarding findElement on session b1310904-d161-49ca-a1a6-530fba7baea8 to remote] DEBUG org.apache.http.wire  - http-outgoing-14 >> "User-Agent: Apache-HttpClient/4.3.3 (java 1.5)[\r][\n]"
10346 [Forwarding findElement on session b1310904-d161-49ca-a1a6-530fba7baea8 to remote] DEBUG org.apache.http.wire  - http-outgoing-14 >> "Accept-Encoding: gzip,deflate[\r][\n]"
10346 [Forwarding findElement on session b1310904-d161-49ca-a1a6-530fba7baea8 to remote] DEBUG org.apache.http.wire  - http-outgoing-14 >> "[\r][\n]"
10346 [Forwarding findElement on session b1310904-d161-49ca-a1a6-530fba7baea8 to remote] DEBUG org.apache.http.wire  - http-outgoing-14 >> "{"using":"xpath","value":"//input[@name='username']"}"
10393 [Forwarding findElement on session b1310904-d161-49ca-a1a6-530fba7baea8 to remote] DEBUG org.apache.http.wire  - http-outgoing-14 << "HTTP/1.1 200 OK[\r][\n]"
10393 [Forwarding findElement on session b1310904-d161-49ca-a1a6-530fba7baea8 to remote] DEBUG org.apache.http.wire  - http-outgoing-14 << "Content-Length: 200[\r][\n]"
10393 [Forwarding findElement on session b1310904-d161-49ca-a1a6-530fba7baea8 to remote] DEBUG org.apache.http.wire  - http-outgoing-14 << "Content-Type: application/json; charset=UTF-8[\r][\n]"
10393 [Forwarding findElement on session b1310904-d161-49ca-a1a6-530fba7baea8 to remote] DEBUG org.apache.http.wire  - http-outgoing-14 << "Vary: Accept-Charset, Accept-Encoding, Accept-Language, Accept[\r][\n]"
10393 [Forwarding findElement on session b1310904-d161-49ca-a1a6-530fba7baea8 to remote] DEBUG org.apache.http.wire  - http-outgoing-14 << "Accept-Ranges: bytes[\r][\n]"
10393 [Forwarding findElement on session b1310904-d161-49ca-a1a6-530fba7baea8 to remote] DEBUG org.apache.http.wire  - http-outgoing-14 << "Connection: close[\r][\n]"
10393 [Forwarding findElement on session b1310904-d161-49ca-a1a6-530fba7baea8 to remote] DEBUG org.apache.http.wire  - http-outgoing-14 << "[\r][\n]"
10393 [Forwarding findElement on session b1310904-d161-49ca-a1a6-530fba7baea8 to remote] DEBUG org.apache.http.wire  - http-outgoing-14 << "{"sessionId":"b1310904-d161-49ca-a1a6-530fba7baea8","status":0,"value":{"ELEMENT":"6288645d-bf7f-4921-991a-bdd69583e784","element-6066-11e4-a52e-4f735466cecf":"6288645d-bf7f-4921-991a-bdd69583e784"}}[\n]"
10393 [Forwarding findElement on session b1310904-d161-49ca-a1a6-530fba7baea8 to remote] DEBUG org.apache.http.wire  - http-outgoing-14 << "[\r][\n]"
10393 [Forwarding findElement on session b1310904-d161-49ca-a1a6-530fba7baea8 to remote] DEBUG org.apache.http.headers  - http-outgoing-14 << HTTP/1.1 200 OK
10393 [Forwarding findElement on session b1310904-d161-49ca-a1a6-530fba7baea8 to remote] DEBUG org.apache.http.headers  - http-outgoing-14 << Content-Length: 200
10393 [Forwarding findElement on session b1310904-d161-49ca-a1a6-530fba7baea8 to remote] DEBUG org.apache.http.headers  - http-outgoing-14 << Content-Type: application/json; charset=UTF-8
10393 [Forwarding findElement on session b1310904-d161-49ca-a1a6-530fba7baea8 to remote] DEBUG org.apache.http.headers  - http-outgoing-14 << Vary: Accept-Charset, Accept-Encoding, Accept-Language, Accept
10393 [Forwarding findElement on session b1310904-d161-49ca-a1a6-530fba7baea8 to remote] DEBUG org.apache.http.headers  - http-outgoing-14 << Accept-Ranges: bytes
10393 [Forwarding findElement on session b1310904-d161-49ca-a1a6-530fba7baea8 to remote] DEBUG org.apache.http.headers  - http-outgoing-14 << Connection: close
10393 [Forwarding findElement on session b1310904-d161-49ca-a1a6-530fba7baea8 to remote] DEBUG org.apache.http.impl.conn.DefaultManagedHttpClientConnection  - http-outgoing-14: Shutdown connection
10393 [Forwarding findElement on session b1310904-d161-49ca-a1a6-530fba7baea8 to remote] DEBUG org.apache.http.impl.execchain.MainClientExec  - Connection discarded
10393 [Forwarding findElement on session b1310904-d161-49ca-a1a6-530fba7baea8 to remote] DEBUG org.apache.http.impl.conn.DefaultManagedHttpClientConnection  - http-outgoing-14: Close connection
10393 [Forwarding findElement on session b1310904-d161-49ca-a1a6-530fba7baea8 to remote] DEBUG org.apache.http.impl.conn.PoolingHttpClientConnectionManager  - Connection released: [id: 14][route: {}->http://localhost:37262][total kept alive: 0; route allocated: 0 of 2000; total allocated: 0 of 2000]
10393 [Forwarding isElementDisplayed on session b1310904-d161-49ca-a1a6-530fba7baea8 to remote] DEBUG org.apache.http.client.protocol.RequestAddCookies  - CookieSpec selected: best-match
10393 [Forwarding isElementDisplayed on session b1310904-d161-49ca-a1a6-530fba7baea8 to remote] DEBUG org.apache.http.client.protocol.RequestAuthCache  - Auth cache not set in the context
10393 [Forwarding isElementDisplayed on session b1310904-d161-49ca-a1a6-530fba7baea8 to remote] DEBUG org.apache.http.impl.conn.PoolingHttpClientConnectionManager  - Connection request: [route: {}->http://localhost:37262][total kept alive: 0; route allocated: 0 of 2000; total allocated: 0 of 2000]
10393 [Forwarding isElementDisplayed on session b1310904-d161-49ca-a1a6-530fba7baea8 to remote] DEBUG org.apache.http.impl.conn.PoolingHttpClientConnectionManager  - Connection leased: [id: 15][route: {}->http://localhost:37262][total kept alive: 0; route allocated: 1 of 2000; total allocated: 1 of 2000]
10393 [Forwarding isElementDisplayed on session b1310904-d161-49ca-a1a6-530fba7baea8 to remote] DEBUG org.apache.http.impl.execchain.MainClientExec  - Opening connection {}->http://localhost:37262
10393 [Forwarding isElementDisplayed on session b1310904-d161-49ca-a1a6-530fba7baea8 to remote] DEBUG org.apache.http.impl.conn.HttpClientConnectionOperator  - Connecting to localhost/127.0.0.1:37262
10393 [Forwarding isElementDisplayed on session b1310904-d161-49ca-a1a6-530fba7baea8 to remote] DEBUG org.apache.http.impl.conn.HttpClientConnectionOperator  - Connection established 127.0.0.1:17230<->127.0.0.1:37262
10393 [Forwarding isElementDisplayed on session b1310904-d161-49ca-a1a6-530fba7baea8 to remote] DEBUG org.apache.http.impl.execchain.MainClientExec  - Executing request GET /session/b1310904-d161-49ca-a1a6-530fba7baea8/element/6288645d-bf7f-4921-991a-bdd69583e784/displayed HTTP/1.1
10393 [Forwarding isElementDisplayed on session b1310904-d161-49ca-a1a6-530fba7baea8 to remote] DEBUG org.apache.http.impl.execchain.MainClientExec  - Target auth state: UNCHALLENGED
10393 [Forwarding isElementDisplayed on session b1310904-d161-49ca-a1a6-530fba7baea8 to remote] DEBUG org.apache.http.impl.execchain.MainClientExec  - Proxy auth state: UNCHALLENGED
10393 [Forwarding isElementDisplayed on session b1310904-d161-49ca-a1a6-530fba7baea8 to remote] DEBUG org.apache.http.headers  - http-outgoing-15 >> GET /session/b1310904-d161-49ca-a1a6-530fba7baea8/element/6288645d-bf7f-4921-991a-bdd69583e784/displayed HTTP/1.1
10393 [Forwarding isElementDisplayed on session b1310904-d161-49ca-a1a6-530fba7baea8 to remote] DEBUG org.apache.http.headers  - http-outgoing-15 >> Cache-Control: no-cache
10393 [Forwarding isElementDisplayed on session b1310904-d161-49ca-a1a6-530fba7baea8 to remote] DEBUG org.apache.http.headers  - http-outgoing-15 >> Host: localhost:37262
10393 [Forwarding isElementDisplayed on session b1310904-d161-49ca-a1a6-530fba7baea8 to remote] DEBUG org.apache.http.headers  - http-outgoing-15 >> Connection: Keep-Alive
10393 [Forwarding isElementDisplayed on session b1310904-d161-49ca-a1a6-530fba7baea8 to remote] DEBUG org.apache.http.headers  - http-outgoing-15 >> User-Agent: Apache-HttpClient/4.3.3 (java 1.5)
10393 [Forwarding isElementDisplayed on session b1310904-d161-49ca-a1a6-530fba7baea8 to remote] DEBUG org.apache.http.headers  - http-outgoing-15 >> Accept-Encoding: gzip,deflate
10393 [Forwarding isElementDisplayed on session b1310904-d161-49ca-a1a6-530fba7baea8 to remote] DEBUG org.apache.http.wire  - http-outgoing-15 >> "GET /session/b1310904-d161-49ca-a1a6-530fba7baea8/element/6288645d-bf7f-4921-991a-bdd69583e784/displayed HTTP/1.1[\r][\n]"
10393 [Forwarding isElementDisplayed on session b1310904-d161-49ca-a1a6-530fba7baea8 to remote] DEBUG org.apache.http.wire  - http-outgoing-15 >> "Cache-Control: no-cache[\r][\n]"
10393 [Forwarding isElementDisplayed on session b1310904-d161-49ca-a1a6-530fba7baea8 to remote] DEBUG org.apache.http.wire  - http-outgoing-15 >> "Host: localhost:37262[\r][\n]"
10393 [Forwarding isElementDisplayed on session b1310904-d161-49ca-a1a6-530fba7baea8 to remote] DEBUG org.apache.http.wire  - http-outgoing-15 >> "Connection: Keep-Alive[\r][\n]"
10393 [Forwarding isElementDisplayed on session b1310904-d161-49ca-a1a6-530fba7baea8 to remote] DEBUG org.apache.http.wire  - http-outgoing-15 >> "User-Agent: Apache-HttpClient/4.3.3 (java 1.5)[\r][\n]"
10393 [Forwarding isElementDisplayed on session b1310904-d161-49ca-a1a6-530fba7baea8 to remote] DEBUG org.apache.http.wire  - http-outgoing-15 >> "Accept-Encoding: gzip,deflate[\r][\n]"
10393 [Forwarding isElementDisplayed on session b1310904-d161-49ca-a1a6-530fba7baea8 to remote] DEBUG org.apache.http.wire  - http-outgoing-15 >> "[\r][\n]"
10433 [Forwarding isElementDisplayed on session b1310904-d161-49ca-a1a6-530fba7baea8 to remote] DEBUG org.apache.http.wire  - http-outgoing-15 << "HTTP/1.1 200 OK[\r][\n]"
10433 [Forwarding isElementDisplayed on session b1310904-d161-49ca-a1a6-530fba7baea8 to remote] DEBUG org.apache.http.wire  - http-outgoing-15 << "Content-Length: 77[\r][\n]"
10433 [Forwarding isElementDisplayed on session b1310904-d161-49ca-a1a6-530fba7baea8 to remote] DEBUG org.apache.http.wire  - http-outgoing-15 << "Content-Type: application/json; charset=UTF-8[\r][\n]"
10433 [Forwarding isElementDisplayed on session b1310904-d161-49ca-a1a6-530fba7baea8 to remote] DEBUG org.apache.http.wire  - http-outgoing-15 << "Vary: Accept-Charset, Accept-Encoding, Accept-Language, Accept[\r][\n]"
10433 [Forwarding isElementDisplayed on session b1310904-d161-49ca-a1a6-530fba7baea8 to remote] DEBUG org.apache.http.wire  - http-outgoing-15 << "Accept-Ranges: bytes[\r][\n]"
10433 [Forwarding isElementDisplayed on session b1310904-d161-49ca-a1a6-530fba7baea8 to remote] DEBUG org.apache.http.wire  - http-outgoing-15 << "Connection: close[\r][\n]"
10433 [Forwarding isElementDisplayed on session b1310904-d161-49ca-a1a6-530fba7baea8 to remote] DEBUG org.apache.http.wire  - http-outgoing-15 << "[\r][\n]"
10433 [Forwarding isElementDisplayed on session b1310904-d161-49ca-a1a6-530fba7baea8 to remote] DEBUG org.apache.http.wire  - http-outgoing-15 << "{"sessionId":"b1310904-d161-49ca-a1a6-530fba7baea8","status":0,"value":true}[\n]"
10433 [Forwarding isElementDisplayed on session b1310904-d161-49ca-a1a6-530fba7baea8 to remote] DEBUG org.apache.http.wire  - http-outgoing-15 << "[\r][\n]"
10433 [Forwarding isElementDisplayed on session b1310904-d161-49ca-a1a6-530fba7baea8 to remote] DEBUG org.apache.http.headers  - http-outgoing-15 << HTTP/1.1 200 OK
10433 [Forwarding isElementDisplayed on session b1310904-d161-49ca-a1a6-530fba7baea8 to remote] DEBUG org.apache.http.headers  - http-outgoing-15 << Content-Length: 77
10433 [Forwarding isElementDisplayed on session b1310904-d161-49ca-a1a6-530fba7baea8 to remote] DEBUG org.apache.http.headers  - http-outgoing-15 << Content-Type: application/json; charset=UTF-8
10433 [Forwarding isElementDisplayed on session b1310904-d161-49ca-a1a6-530fba7baea8 to remote] DEBUG org.apache.http.headers  - http-outgoing-15 << Vary: Accept-Charset, Accept-Encoding, Accept-Language, Accept
10433 [Forwarding isElementDisplayed on session b1310904-d161-49ca-a1a6-530fba7baea8 to remote] DEBUG org.apache.http.headers  - http-outgoing-15 << Accept-Ranges: bytes
10433 [Forwarding isElementDisplayed on session b1310904-d161-49ca-a1a6-530fba7baea8 to remote] DEBUG org.apache.http.headers  - http-outgoing-15 << Connection: close
10433 [Forwarding isElementDisplayed on session b1310904-d161-49ca-a1a6-530fba7baea8 to remote] DEBUG org.apache.http.impl.conn.DefaultManagedHttpClientConnection  - http-outgoing-15: Shutdown connection
10433 [Forwarding isElementDisplayed on session b1310904-d161-49ca-a1a6-530fba7baea8 to remote] DEBUG org.apache.http.impl.execchain.MainClientExec  - Connection discarded
10433 [Forwarding isElementDisplayed on session b1310904-d161-49ca-a1a6-530fba7baea8 to remote] DEBUG org.apache.http.impl.conn.DefaultManagedHttpClientConnection  - http-outgoing-15: Close connection
10433 [Forwarding isElementDisplayed on session b1310904-d161-49ca-a1a6-530fba7baea8 to remote] DEBUG org.apache.http.impl.conn.PoolingHttpClientConnectionManager  - Connection released: [id: 15][route: {}->http://localhost:37262][total kept alive: 0; route allocated: 0 of 2000; total allocated: 0 of 2000]
10433 [Forwarding findElement on session b1310904-d161-49ca-a1a6-530fba7baea8 to remote] DEBUG org.apache.http.client.protocol.RequestAddCookies  - CookieSpec selected: best-match
10433 [Forwarding findElement on session b1310904-d161-49ca-a1a6-530fba7baea8 to remote] DEBUG org.apache.http.client.protocol.RequestAuthCache  - Auth cache not set in the context
10433 [Forwarding findElement on session b1310904-d161-49ca-a1a6-530fba7baea8 to remote] DEBUG org.apache.http.impl.conn.PoolingHttpClientConnectionManager  - Connection request: [route: {}->http://localhost:37262][total kept alive: 0; route allocated: 0 of 2000; total allocated: 0 of 2000]
10433 [Forwarding findElement on session b1310904-d161-49ca-a1a6-530fba7baea8 to remote] DEBUG org.apache.http.impl.conn.PoolingHttpClientConnectionManager  - Connection leased: [id: 16][route: {}->http://localhost:37262][total kept alive: 0; route allocated: 1 of 2000; total allocated: 1 of 2000]
10433 [Forwarding findElement on session b1310904-d161-49ca-a1a6-530fba7baea8 to remote] DEBUG org.apache.http.impl.execchain.MainClientExec  - Opening connection {}->http://localhost:37262
10433 [Forwarding findElement on session b1310904-d161-49ca-a1a6-530fba7baea8 to remote] DEBUG org.apache.http.impl.conn.HttpClientConnectionOperator  - Connecting to localhost/127.0.0.1:37262
10433 [Forwarding findElement on session b1310904-d161-49ca-a1a6-530fba7baea8 to remote] DEBUG org.apache.http.impl.conn.HttpClientConnectionOperator  - Connection established 127.0.0.1:17231<->127.0.0.1:37262
10433 [Forwarding findElement on session b1310904-d161-49ca-a1a6-530fba7baea8 to remote] DEBUG org.apache.http.impl.execchain.MainClientExec  - Executing request POST /session/b1310904-d161-49ca-a1a6-530fba7baea8/element HTTP/1.1
10433 [Forwarding findElement on session b1310904-d161-49ca-a1a6-530fba7baea8 to remote] DEBUG org.apache.http.impl.execchain.MainClientExec  - Target auth state: UNCHALLENGED
10433 [Forwarding findElement on session b1310904-d161-49ca-a1a6-530fba7baea8 to remote] DEBUG org.apache.http.impl.execchain.MainClientExec  - Proxy auth state: UNCHALLENGED
10433 [Forwarding findElement on session b1310904-d161-49ca-a1a6-530fba7baea8 to remote] DEBUG org.apache.http.headers  - http-outgoing-16 >> POST /session/b1310904-d161-49ca-a1a6-530fba7baea8/element HTTP/1.1
10433 [Forwarding findElement on session b1310904-d161-49ca-a1a6-530fba7baea8 to remote] DEBUG org.apache.http.headers  - http-outgoing-16 >> Content-Type: application/json; charset=utf-8
10433 [Forwarding findElement on session b1310904-d161-49ca-a1a6-530fba7baea8 to remote] DEBUG org.apache.http.headers  - http-outgoing-16 >> Content-Length: 53
10433 [Forwarding findElement on session b1310904-d161-49ca-a1a6-530fba7baea8 to remote] DEBUG org.apache.http.headers  - http-outgoing-16 >> Host: localhost:37262
10433 [Forwarding findElement on session b1310904-d161-49ca-a1a6-530fba7baea8 to remote] DEBUG org.apache.http.headers  - http-outgoing-16 >> Connection: Keep-Alive
10433 [Forwarding findElement on session b1310904-d161-49ca-a1a6-530fba7baea8 to remote] DEBUG org.apache.http.headers  - http-outgoing-16 >> User-Agent: Apache-HttpClient/4.3.3 (java 1.5)
10433 [Forwarding findElement on session b1310904-d161-49ca-a1a6-530fba7baea8 to remote] DEBUG org.apache.http.headers  - http-outgoing-16 >> Accept-Encoding: gzip,deflate
10433 [Forwarding findElement on session b1310904-d161-49ca-a1a6-530fba7baea8 to remote] DEBUG org.apache.http.wire  - http-outgoing-16 >> "POST /session/b1310904-d161-49ca-a1a6-530fba7baea8/element HTTP/1.1[\r][\n]"
10433 [Forwarding findElement on session b1310904-d161-49ca-a1a6-530fba7baea8 to remote] DEBUG org.apache.http.wire  - http-outgoing-16 >> "Content-Type: application/json; charset=utf-8[\r][\n]"
10433 [Forwarding findElement on session b1310904-d161-49ca-a1a6-530fba7baea8 to remote] DEBUG org.apache.http.wire  - http-outgoing-16 >> "Content-Length: 53[\r][\n]"
10433 [Forwarding findElement on session b1310904-d161-49ca-a1a6-530fba7baea8 to remote] DEBUG org.apache.http.wire  - http-outgoing-16 >> "Host: localhost:37262[\r][\n]"
10433 [Forwarding findElement on session b1310904-d161-49ca-a1a6-530fba7baea8 to remote] DEBUG org.apache.http.wire  - http-outgoing-16 >> "Connection: Keep-Alive[\r][\n]"
10433 [Forwarding findElement on session b1310904-d161-49ca-a1a6-530fba7baea8 to remote] DEBUG org.apache.http.wire  - http-outgoing-16 >> "User-Agent: Apache-HttpClient/4.3.3 (java 1.5)[\r][\n]"
10433 [Forwarding findElement on session b1310904-d161-49ca-a1a6-530fba7baea8 to remote] DEBUG org.apache.http.wire  - http-outgoing-16 >> "Accept-Encoding: gzip,deflate[\r][\n]"
10433 [Forwarding findElement on session b1310904-d161-49ca-a1a6-530fba7baea8 to remote] DEBUG org.apache.http.wire  - http-outgoing-16 >> "[\r][\n]"
10433 [Forwarding findElement on session b1310904-d161-49ca-a1a6-530fba7baea8 to remote] DEBUG org.apache.http.wire  - http-outgoing-16 >> "{"using":"xpath","value":"//input[@name='username']"}"
10463 [Forwarding findElement on session b1310904-d161-49ca-a1a6-530fba7baea8 to remote] DEBUG org.apache.http.wire  - http-outgoing-16 << "HTTP/1.1 200 OK[\r][\n]"
10463 [Forwarding findElement on session b1310904-d161-49ca-a1a6-530fba7baea8 to remote] DEBUG org.apache.http.wire  - http-outgoing-16 << "Content-Length: 200[\r][\n]"
10463 [Forwarding findElement on session b1310904-d161-49ca-a1a6-530fba7baea8 to remote] DEBUG org.apache.http.wire  - http-outgoing-16 << "Content-Type: application/json; charset=UTF-8[\r][\n]"
10463 [Forwarding findElement on session b1310904-d161-49ca-a1a6-530fba7baea8 to remote] DEBUG org.apache.http.wire  - http-outgoing-16 << "Vary: Accept-Charset, Accept-Encoding, Accept-Language, Accept[\r][\n]"
10463 [Forwarding findElement on session b1310904-d161-49ca-a1a6-530fba7baea8 to remote] DEBUG org.apache.http.wire  - http-outgoing-16 << "Accept-Ranges: bytes[\r][\n]"
10463 [Forwarding findElement on session b1310904-d161-49ca-a1a6-530fba7baea8 to remote] DEBUG org.apache.http.wire  - http-outgoing-16 << "Connection: close[\r][\n]"
10463 [Forwarding findElement on session b1310904-d161-49ca-a1a6-530fba7baea8 to remote] DEBUG org.apache.http.wire  - http-outgoing-16 << "[\r][\n]"
10463 [Forwarding findElement on session b1310904-d161-49ca-a1a6-530fba7baea8 to remote] DEBUG org.apache.http.wire  - http-outgoing-16 << "{"sessionId":"b1310904-d161-49ca-a1a6-530fba7baea8","status":0,"value":{"ELEMENT":"6288645d-bf7f-4921-991a-bdd69583e784","element-6066-11e4-a52e-4f735466cecf":"6288645d-bf7f-4921-991a-bdd69583e784"}}[\n]"
10463 [Forwarding findElement on session b1310904-d161-49ca-a1a6-530fba7baea8 to remote] DEBUG org.apache.http.wire  - http-outgoing-16 << "[\r][\n]"
10463 [Forwarding findElement on session b1310904-d161-49ca-a1a6-530fba7baea8 to remote] DEBUG org.apache.http.headers  - http-outgoing-16 << HTTP/1.1 200 OK
10463 [Forwarding findElement on session b1310904-d161-49ca-a1a6-530fba7baea8 to remote] DEBUG org.apache.http.headers  - http-outgoing-16 << Content-Length: 200
10463 [Forwarding findElement on session b1310904-d161-49ca-a1a6-530fba7baea8 to remote] DEBUG org.apache.http.headers  - http-outgoing-16 << Content-Type: application/json; charset=UTF-8
10463 [Forwarding findElement on session b1310904-d161-49ca-a1a6-530fba7baea8 to remote] DEBUG org.apache.http.headers  - http-outgoing-16 << Vary: Accept-Charset, Accept-Encoding, Accept-Language, Accept
10463 [Forwarding findElement on session b1310904-d161-49ca-a1a6-530fba7baea8 to remote] DEBUG org.apache.http.headers  - http-outgoing-16 << Accept-Ranges: bytes
10463 [Forwarding findElement on session b1310904-d161-49ca-a1a6-530fba7baea8 to remote] DEBUG org.apache.http.headers  - http-outgoing-16 << Connection: close
10463 [Forwarding findElement on session b1310904-d161-49ca-a1a6-530fba7baea8 to remote] DEBUG org.apache.http.impl.conn.DefaultManagedHttpClientConnection  - http-outgoing-16: Shutdown connection
10463 [Forwarding findElement on session b1310904-d161-49ca-a1a6-530fba7baea8 to remote] DEBUG org.apache.http.impl.execchain.MainClientExec  - Connection discarded
10463 [Forwarding findElement on session b1310904-d161-49ca-a1a6-530fba7baea8 to remote] DEBUG org.apache.http.impl.conn.DefaultManagedHttpClientConnection  - http-outgoing-16: Close connection
10463 [Forwarding findElement on session b1310904-d161-49ca-a1a6-530fba7baea8 to remote] DEBUG org.apache.http.impl.conn.PoolingHttpClientConnectionManager  - Connection released: [id: 16][route: {}->http://localhost:37262][total kept alive: 0; route allocated: 0 of 2000; total allocated: 0 of 2000]
10463 [Forwarding isElementDisplayed on session b1310904-d161-49ca-a1a6-530fba7baea8 to remote] DEBUG org.apache.http.client.protocol.RequestAddCookies  - CookieSpec selected: best-match
10463 [Forwarding isElementDisplayed on session b1310904-d161-49ca-a1a6-530fba7baea8 to remote] DEBUG org.apache.http.client.protocol.RequestAuthCache  - Auth cache not set in the context
10463 [Forwarding isElementDisplayed on session b1310904-d161-49ca-a1a6-530fba7baea8 to remote] DEBUG org.apache.http.impl.conn.PoolingHttpClientConnectionManager  - Connection request: [route: {}->http://localhost:37262][total kept alive: 0; route allocated: 0 of 2000; total allocated: 0 of 2000]
10463 [Forwarding isElementDisplayed on session b1310904-d161-49ca-a1a6-530fba7baea8 to remote] DEBUG org.apache.http.impl.conn.PoolingHttpClientConnectionManager  - Connection leased: [id: 17][route: {}->http://localhost:37262][total kept alive: 0; route allocated: 1 of 2000; total allocated: 1 of 2000]
10463 [Forwarding isElementDisplayed on session b1310904-d161-49ca-a1a6-530fba7baea8 to remote] DEBUG org.apache.http.impl.execchain.MainClientExec  - Opening connection {}->http://localhost:37262
10463 [Forwarding isElementDisplayed on session b1310904-d161-49ca-a1a6-530fba7baea8 to remote] DEBUG org.apache.http.impl.conn.HttpClientConnectionOperator  - Connecting to localhost/127.0.0.1:37262
10463 [Forwarding isElementDisplayed on session b1310904-d161-49ca-a1a6-530fba7baea8 to remote] DEBUG org.apache.http.impl.conn.HttpClientConnectionOperator  - Connection established 127.0.0.1:17232<->127.0.0.1:37262
10463 [Forwarding isElementDisplayed on session b1310904-d161-49ca-a1a6-530fba7baea8 to remote] DEBUG org.apache.http.impl.execchain.MainClientExec  - Executing request GET /session/b1310904-d161-49ca-a1a6-530fba7baea8/element/6288645d-bf7f-4921-991a-bdd69583e784/displayed HTTP/1.1
10463 [Forwarding isElementDisplayed on session b1310904-d161-49ca-a1a6-530fba7baea8 to remote] DEBUG org.apache.http.impl.execchain.MainClientExec  - Target auth state: UNCHALLENGED
10463 [Forwarding isElementDisplayed on session b1310904-d161-49ca-a1a6-530fba7baea8 to remote] DEBUG org.apache.http.impl.execchain.MainClientExec  - Proxy auth state: UNCHALLENGED
10463 [Forwarding isElementDisplayed on session b1310904-d161-49ca-a1a6-530fba7baea8 to remote] DEBUG org.apache.http.headers  - http-outgoing-17 >> GET /session/b1310904-d161-49ca-a1a6-530fba7baea8/element/6288645d-bf7f-4921-991a-bdd69583e784/displayed HTTP/1.1
10463 [Forwarding isElementDisplayed on session b1310904-d161-49ca-a1a6-530fba7baea8 to remote] DEBUG org.apache.http.headers  - http-outgoing-17 >> Cache-Control: no-cache
10463 [Forwarding isElementDisplayed on session b1310904-d161-49ca-a1a6-530fba7baea8 to remote] DEBUG org.apache.http.headers  - http-outgoing-17 >> Host: localhost:37262
10463 [Forwarding isElementDisplayed on session b1310904-d161-49ca-a1a6-530fba7baea8 to remote] DEBUG org.apache.http.headers  - http-outgoing-17 >> Connection: Keep-Alive
10463 [Forwarding isElementDisplayed on session b1310904-d161-49ca-a1a6-530fba7baea8 to remote] DEBUG org.apache.http.headers  - http-outgoing-17 >> User-Agent: Apache-HttpClient/4.3.3 (java 1.5)
10463 [Forwarding isElementDisplayed on session b1310904-d161-49ca-a1a6-530fba7baea8 to remote] DEBUG org.apache.http.headers  - http-outgoing-17 >> Accept-Encoding: gzip,deflate
10463 [Forwarding isElementDisplayed on session b1310904-d161-49ca-a1a6-530fba7baea8 to remote] DEBUG org.apache.http.wire  - http-outgoing-17 >> "GET /session/b1310904-d161-49ca-a1a6-530fba7baea8/element/6288645d-bf7f-4921-991a-bdd69583e784/displayed HTTP/1.1[\r][\n]"
10463 [Forwarding isElementDisplayed on session b1310904-d161-49ca-a1a6-530fba7baea8 to remote] DEBUG org.apache.http.wire  - http-outgoing-17 >> "Cache-Control: no-cache[\r][\n]"
10463 [Forwarding isElementDisplayed on session b1310904-d161-49ca-a1a6-530fba7baea8 to remote] DEBUG org.apache.http.wire  - http-outgoing-17 >> "Host: localhost:37262[\r][\n]"
10463 [Forwarding isElementDisplayed on session b1310904-d161-49ca-a1a6-530fba7baea8 to remote] DEBUG org.apache.http.wire  - http-outgoing-17 >> "Connection: Keep-Alive[\r][\n]"
10463 [Forwarding isElementDisplayed on session b1310904-d161-49ca-a1a6-530fba7baea8 to remote] DEBUG org.apache.http.wire  - http-outgoing-17 >> "User-Agent: Apache-HttpClient/4.3.3 (java 1.5)[\r][\n]"
10463 [Forwarding isElementDisplayed on session b1310904-d161-49ca-a1a6-530fba7baea8 to remote] DEBUG org.apache.http.wire  - http-outgoing-17 >> "Accept-Encoding: gzip,deflate[\r][\n]"
10463 [Forwarding isElementDisplayed on session b1310904-d161-49ca-a1a6-530fba7baea8 to remote] DEBUG org.apache.http.wire  - http-outgoing-17 >> "[\r][\n]"
10503 [Forwarding isElementDisplayed on session b1310904-d161-49ca-a1a6-530fba7baea8 to remote] DEBUG org.apache.http.wire  - http-outgoing-17 << "HTTP/1.1 200 OK[\r][\n]"
10503 [Forwarding isElementDisplayed on session b1310904-d161-49ca-a1a6-530fba7baea8 to remote] DEBUG org.apache.http.wire  - http-outgoing-17 << "Content-Length: 77[\r][\n]"
10503 [Forwarding isElementDisplayed on session b1310904-d161-49ca-a1a6-530fba7baea8 to remote] DEBUG org.apache.http.wire  - http-outgoing-17 << "Content-Type: application/json; charset=UTF-8[\r][\n]"
10503 [Forwarding isElementDisplayed on session b1310904-d161-49ca-a1a6-530fba7baea8 to remote] DEBUG org.apache.http.wire  - http-outgoing-17 << "Vary: Accept-Charset, Accept-Encoding, Accept-Language, Accept[\r][\n]"
10503 [Forwarding isElementDisplayed on session b1310904-d161-49ca-a1a6-530fba7baea8 to remote] DEBUG org.apache.http.wire  - http-outgoing-17 << "Accept-Ranges: bytes[\r][\n]"
10503 [Forwarding isElementDisplayed on session b1310904-d161-49ca-a1a6-530fba7baea8 to remote] DEBUG org.apache.http.wire  - http-outgoing-17 << "Connection: close[\r][\n]"
10503 [Forwarding isElementDisplayed on session b1310904-d161-49ca-a1a6-530fba7baea8 to remote] DEBUG org.apache.http.wire  - http-outgoing-17 << "[\r][\n]"
10503 [Forwarding isElementDisplayed on session b1310904-d161-49ca-a1a6-530fba7baea8 to remote] DEBUG org.apache.http.wire  - http-outgoing-17 << "{"sessionId":"b1310904-d161-49ca-a1a6-530fba7baea8","status":0,"value":true}[\n]"
10503 [Forwarding isElementDisplayed on session b1310904-d161-49ca-a1a6-530fba7baea8 to remote] DEBUG org.apache.http.wire  - http-outgoing-17 << "[\r][\n]"
10503 [Forwarding isElementDisplayed on session b1310904-d161-49ca-a1a6-530fba7baea8 to remote] DEBUG org.apache.http.headers  - http-outgoing-17 << HTTP/1.1 200 OK
10503 [Forwarding isElementDisplayed on session b1310904-d161-49ca-a1a6-530fba7baea8 to remote] DEBUG org.apache.http.headers  - http-outgoing-17 << Content-Length: 77
10503 [Forwarding isElementDisplayed on session b1310904-d161-49ca-a1a6-530fba7baea8 to remote] DEBUG org.apache.http.headers  - http-outgoing-17 << Content-Type: application/json; charset=UTF-8
10503 [Forwarding isElementDisplayed on session b1310904-d161-49ca-a1a6-530fba7baea8 to remote] DEBUG org.apache.http.headers  - http-outgoing-17 << Vary: Accept-Charset, Accept-Encoding, Accept-Language, Accept
10503 [Forwarding isElementDisplayed on session b1310904-d161-49ca-a1a6-530fba7baea8 to remote] DEBUG org.apache.http.headers  - http-outgoing-17 << Accept-Ranges: bytes
10503 [Forwarding isElementDisplayed on session b1310904-d161-49ca-a1a6-530fba7baea8 to remote] DEBUG org.apache.http.headers  - http-outgoing-17 << Connection: close
10503 [Forwarding isElementDisplayed on session b1310904-d161-49ca-a1a6-530fba7baea8 to remote] DEBUG org.apache.http.impl.conn.DefaultManagedHttpClientConnection  - http-outgoing-17: Shutdown connection
10503 [Forwarding isElementDisplayed on session b1310904-d161-49ca-a1a6-530fba7baea8 to remote] DEBUG org.apache.http.impl.execchain.MainClientExec  - Connection discarded
10503 [Forwarding isElementDisplayed on session b1310904-d161-49ca-a1a6-530fba7baea8 to remote] DEBUG org.apache.http.impl.conn.DefaultManagedHttpClientConnection  - http-outgoing-17: Close connection
10503 [Forwarding isElementDisplayed on session b1310904-d161-49ca-a1a6-530fba7baea8 to remote] DEBUG org.apache.http.impl.conn.PoolingHttpClientConnectionManager  - Connection released: [id: 17][route: {}->http://localhost:37262][total kept alive: 0; route allocated: 0 of 2000; total allocated: 0 of 2000]
10503 [Forwarding findElement on session b1310904-d161-49ca-a1a6-530fba7baea8 to remote] DEBUG org.apache.http.client.protocol.RequestAddCookies  - CookieSpec selected: best-match
10503 [Forwarding findElement on session b1310904-d161-49ca-a1a6-530fba7baea8 to remote] DEBUG org.apache.http.client.protocol.RequestAuthCache  - Auth cache not set in the context
10503 [Forwarding findElement on session b1310904-d161-49ca-a1a6-530fba7baea8 to remote] DEBUG org.apache.http.impl.conn.PoolingHttpClientConnectionManager  - Connection request: [route: {}->http://localhost:37262][total kept alive: 0; route allocated: 0 of 2000; total allocated: 0 of 2000]
10503 [Forwarding findElement on session b1310904-d161-49ca-a1a6-530fba7baea8 to remote] DEBUG org.apache.http.impl.conn.PoolingHttpClientConnectionManager  - Connection leased: [id: 18][route: {}->http://localhost:37262][total kept alive: 0; route allocated: 1 of 2000; total allocated: 1 of 2000]
10503 [Forwarding findElement on session b1310904-d161-49ca-a1a6-530fba7baea8 to remote] DEBUG org.apache.http.impl.execchain.MainClientExec  - Opening connection {}->http://localhost:37262
10503 [Forwarding findElement on session b1310904-d161-49ca-a1a6-530fba7baea8 to remote] DEBUG org.apache.http.impl.conn.HttpClientConnectionOperator  - Connecting to localhost/127.0.0.1:37262
10503 [Forwarding findElement on session b1310904-d161-49ca-a1a6-530fba7baea8 to remote] DEBUG org.apache.http.impl.conn.HttpClientConnectionOperator  - Connection established 127.0.0.1:17233<->127.0.0.1:37262
10503 [Forwarding findElement on session b1310904-d161-49ca-a1a6-530fba7baea8 to remote] DEBUG org.apache.http.impl.execchain.MainClientExec  - Executing request POST /session/b1310904-d161-49ca-a1a6-530fba7baea8/element HTTP/1.1
10503 [Forwarding findElement on session b1310904-d161-49ca-a1a6-530fba7baea8 to remote] DEBUG org.apache.http.impl.execchain.MainClientExec  - Target auth state: UNCHALLENGED
10503 [Forwarding findElement on session b1310904-d161-49ca-a1a6-530fba7baea8 to remote] DEBUG org.apache.http.impl.execchain.MainClientExec  - Proxy auth state: UNCHALLENGED
10503 [Forwarding findElement on session b1310904-d161-49ca-a1a6-530fba7baea8 to remote] DEBUG org.apache.http.headers  - http-outgoing-18 >> POST /session/b1310904-d161-49ca-a1a6-530fba7baea8/element HTTP/1.1
10503 [Forwarding findElement on session b1310904-d161-49ca-a1a6-530fba7baea8 to remote] DEBUG org.apache.http.headers  - http-outgoing-18 >> Content-Type: application/json; charset=utf-8
10503 [Forwarding findElement on session b1310904-d161-49ca-a1a6-530fba7baea8 to remote] DEBUG org.apache.http.headers  - http-outgoing-18 >> Content-Length: 53
10503 [Forwarding findElement on session b1310904-d161-49ca-a1a6-530fba7baea8 to remote] DEBUG org.apache.http.headers  - http-outgoing-18 >> Host: localhost:37262
10503 [Forwarding findElement on session b1310904-d161-49ca-a1a6-530fba7baea8 to remote] DEBUG org.apache.http.headers  - http-outgoing-18 >> Connection: Keep-Alive
10503 [Forwarding findElement on session b1310904-d161-49ca-a1a6-530fba7baea8 to remote] DEBUG org.apache.http.headers  - http-outgoing-18 >> User-Agent: Apache-HttpClient/4.3.3 (java 1.5)
10503 [Forwarding findElement on session b1310904-d161-49ca-a1a6-530fba7baea8 to remote] DEBUG org.apache.http.headers  - http-outgoing-18 >> Accept-Encoding: gzip,deflate
10503 [Forwarding findElement on session b1310904-d161-49ca-a1a6-530fba7baea8 to remote] DEBUG org.apache.http.wire  - http-outgoing-18 >> "POST /session/b1310904-d161-49ca-a1a6-530fba7baea8/element HTTP/1.1[\r][\n]"
10503 [Forwarding findElement on session b1310904-d161-49ca-a1a6-530fba7baea8 to remote] DEBUG org.apache.http.wire  - http-outgoing-18 >> "Content-Type: application/json; charset=utf-8[\r][\n]"
10503 [Forwarding findElement on session b1310904-d161-49ca-a1a6-530fba7baea8 to remote] DEBUG org.apache.http.wire  - http-outgoing-18 >> "Content-Length: 53[\r][\n]"
10503 [Forwarding findElement on session b1310904-d161-49ca-a1a6-530fba7baea8 to remote] DEBUG org.apache.http.wire  - http-outgoing-18 >> "Host: localhost:37262[\r][\n]"
10503 [Forwarding findElement on session b1310904-d161-49ca-a1a6-530fba7baea8 to remote] DEBUG org.apache.http.wire  - http-outgoing-18 >> "Connection: Keep-Alive[\r][\n]"
10503 [Forwarding findElement on session b1310904-d161-49ca-a1a6-530fba7baea8 to remote] DEBUG org.apache.http.wire  - http-outgoing-18 >> "User-Agent: Apache-HttpClient/4.3.3 (java 1.5)[\r][\n]"
10503 [Forwarding findElement on session b1310904-d161-49ca-a1a6-530fba7baea8 to remote] DEBUG org.apache.http.wire  - http-outgoing-18 >> "Accept-Encoding: gzip,deflate[\r][\n]"
10503 [Forwarding findElement on session b1310904-d161-49ca-a1a6-530fba7baea8 to remote] DEBUG org.apache.http.wire  - http-outgoing-18 >> "[\r][\n]"
10503 [Forwarding findElement on session b1310904-d161-49ca-a1a6-530fba7baea8 to remote] DEBUG org.apache.http.wire  - http-outgoing-18 >> "{"using":"xpath","value":"//input[@name='username']"}"
10543 [Forwarding findElement on session b1310904-d161-49ca-a1a6-530fba7baea8 to remote] DEBUG org.apache.http.wire  - http-outgoing-18 << "HTTP/1.1 200 OK[\r][\n]"
10543 [Forwarding findElement on session b1310904-d161-49ca-a1a6-530fba7baea8 to remote] DEBUG org.apache.http.wire  - http-outgoing-18 << "Content-Length: 200[\r][\n]"
10543 [Forwarding findElement on session b1310904-d161-49ca-a1a6-530fba7baea8 to remote] DEBUG org.apache.http.wire  - http-outgoing-18 << "Content-Type: application/json; charset=UTF-8[\r][\n]"
10543 [Forwarding findElement on session b1310904-d161-49ca-a1a6-530fba7baea8 to remote] DEBUG org.apache.http.wire  - http-outgoing-18 << "Vary: Accept-Charset, Accept-Encoding, Accept-Language, Accept[\r][\n]"
10543 [Forwarding findElement on session b1310904-d161-49ca-a1a6-530fba7baea8 to remote] DEBUG org.apache.http.wire  - http-outgoing-18 << "Accept-Ranges: bytes[\r][\n]"
10543 [Forwarding findElement on session b1310904-d161-49ca-a1a6-530fba7baea8 to remote] DEBUG org.apache.http.wire  - http-outgoing-18 << "Connection: close[\r][\n]"
10543 [Forwarding findElement on session b1310904-d161-49ca-a1a6-530fba7baea8 to remote] DEBUG org.apache.http.wire  - http-outgoing-18 << "[\r][\n]"
10543 [Forwarding findElement on session b1310904-d161-49ca-a1a6-530fba7baea8 to remote] DEBUG org.apache.http.wire  - http-outgoing-18 << "{"sessionId":"b1310904-d161-49ca-a1a6-530fba7baea8","status":0,"value":{"ELEMENT":"6288645d-bf7f-4921-991a-bdd69583e784","element-6066-11e4-a52e-4f735466cecf":"6288645d-bf7f-4921-991a-bdd69583e784"}}[\n]"
10543 [Forwarding findElement on session b1310904-d161-49ca-a1a6-530fba7baea8 to remote] DEBUG org.apache.http.wire  - http-outgoing-18 << "[\r][\n]"
10543 [Forwarding findElement on session b1310904-d161-49ca-a1a6-530fba7baea8 to remote] DEBUG org.apache.http.headers  - http-outgoing-18 << HTTP/1.1 200 OK
10543 [Forwarding findElement on session b1310904-d161-49ca-a1a6-530fba7baea8 to remote] DEBUG org.apache.http.headers  - http-outgoing-18 << Content-Length: 200
10543 [Forwarding findElement on session b1310904-d161-49ca-a1a6-530fba7baea8 to remote] DEBUG org.apache.http.headers  - http-outgoing-18 << Content-Type: application/json; charset=UTF-8
10543 [Forwarding findElement on session b1310904-d161-49ca-a1a6-530fba7baea8 to remote] DEBUG org.apache.http.headers  - http-outgoing-18 << Vary: Accept-Charset, Accept-Encoding, Accept-Language, Accept
10543 [Forwarding findElement on session b1310904-d161-49ca-a1a6-530fba7baea8 to remote] DEBUG org.apache.http.headers  - http-outgoing-18 << Accept-Ranges: bytes
10543 [Forwarding findElement on session b1310904-d161-49ca-a1a6-530fba7baea8 to remote] DEBUG org.apache.http.headers  - http-outgoing-18 << Connection: close
10543 [Forwarding findElement on session b1310904-d161-49ca-a1a6-530fba7baea8 to remote] DEBUG org.apache.http.impl.conn.DefaultManagedHttpClientConnection  - http-outgoing-18: Shutdown connection
10543 [Forwarding findElement on session b1310904-d161-49ca-a1a6-530fba7baea8 to remote] DEBUG org.apache.http.impl.execchain.MainClientExec  - Connection discarded
10543 [Forwarding findElement on session b1310904-d161-49ca-a1a6-530fba7baea8 to remote] DEBUG org.apache.http.impl.conn.DefaultManagedHttpClientConnection  - http-outgoing-18: Close connection
10543 [Forwarding findElement on session b1310904-d161-49ca-a1a6-530fba7baea8 to remote] DEBUG org.apache.http.impl.conn.PoolingHttpClientConnectionManager  - Connection released: [id: 18][route: {}->http://localhost:37262][total kept alive: 0; route allocated: 0 of 2000; total allocated: 0 of 2000]
10543 [Forwarding isElementEnabled on session b1310904-d161-49ca-a1a6-530fba7baea8 to remote] DEBUG org.apache.http.client.protocol.RequestAddCookies  - CookieSpec selected: best-match
10543 [Forwarding isElementEnabled on session b1310904-d161-49ca-a1a6-530fba7baea8 to remote] DEBUG org.apache.http.client.protocol.RequestAuthCache  - Auth cache not set in the context
10543 [Forwarding isElementEnabled on session b1310904-d161-49ca-a1a6-530fba7baea8 to remote] DEBUG org.apache.http.impl.conn.PoolingHttpClientConnectionManager  - Connection request: [route: {}->http://localhost:37262][total kept alive: 0; route allocated: 0 of 2000; total allocated: 0 of 2000]
10543 [Forwarding isElementEnabled on session b1310904-d161-49ca-a1a6-530fba7baea8 to remote] DEBUG org.apache.http.impl.conn.PoolingHttpClientConnectionManager  - Connection leased: [id: 19][route: {}->http://localhost:37262][total kept alive: 0; route allocated: 1 of 2000; total allocated: 1 of 2000]
10543 [Forwarding isElementEnabled on session b1310904-d161-49ca-a1a6-530fba7baea8 to remote] DEBUG org.apache.http.impl.execchain.MainClientExec  - Opening connection {}->http://localhost:37262
10543 [Forwarding isElementEnabled on session b1310904-d161-49ca-a1a6-530fba7baea8 to remote] DEBUG org.apache.http.impl.conn.HttpClientConnectionOperator  - Connecting to localhost/127.0.0.1:37262
10543 [Forwarding isElementEnabled on session b1310904-d161-49ca-a1a6-530fba7baea8 to remote] DEBUG org.apache.http.impl.conn.HttpClientConnectionOperator  - Connection established 127.0.0.1:17234<->127.0.0.1:37262
10543 [Forwarding isElementEnabled on session b1310904-d161-49ca-a1a6-530fba7baea8 to remote] DEBUG org.apache.http.impl.execchain.MainClientExec  - Executing request GET /session/b1310904-d161-49ca-a1a6-530fba7baea8/element/6288645d-bf7f-4921-991a-bdd69583e784/enabled HTTP/1.1
10543 [Forwarding isElementEnabled on session b1310904-d161-49ca-a1a6-530fba7baea8 to remote] DEBUG org.apache.http.impl.execchain.MainClientExec  - Target auth state: UNCHALLENGED
10543 [Forwarding isElementEnabled on session b1310904-d161-49ca-a1a6-530fba7baea8 to remote] DEBUG org.apache.http.impl.execchain.MainClientExec  - Proxy auth state: UNCHALLENGED
10543 [Forwarding isElementEnabled on session b1310904-d161-49ca-a1a6-530fba7baea8 to remote] DEBUG org.apache.http.headers  - http-outgoing-19 >> GET /session/b1310904-d161-49ca-a1a6-530fba7baea8/element/6288645d-bf7f-4921-991a-bdd69583e784/enabled HTTP/1.1
10543 [Forwarding isElementEnabled on session b1310904-d161-49ca-a1a6-530fba7baea8 to remote] DEBUG org.apache.http.headers  - http-outgoing-19 >> Cache-Control: no-cache
10543 [Forwarding isElementEnabled on session b1310904-d161-49ca-a1a6-530fba7baea8 to remote] DEBUG org.apache.http.headers  - http-outgoing-19 >> Host: localhost:37262
10543 [Forwarding isElementEnabled on session b1310904-d161-49ca-a1a6-530fba7baea8 to remote] DEBUG org.apache.http.headers  - http-outgoing-19 >> Connection: Keep-Alive
10543 [Forwarding isElementEnabled on session b1310904-d161-49ca-a1a6-530fba7baea8 to remote] DEBUG org.apache.http.headers  - http-outgoing-19 >> User-Agent: Apache-HttpClient/4.3.3 (java 1.5)
10543 [Forwarding isElementEnabled on session b1310904-d161-49ca-a1a6-530fba7baea8 to remote] DEBUG org.apache.http.headers  - http-outgoing-19 >> Accept-Encoding: gzip,deflate
10543 [Forwarding isElementEnabled on session b1310904-d161-49ca-a1a6-530fba7baea8 to remote] DEBUG org.apache.http.wire  - http-outgoing-19 >> "GET /session/b1310904-d161-49ca-a1a6-530fba7baea8/element/6288645d-bf7f-4921-991a-bdd69583e784/enabled HTTP/1.1[\r][\n]"
10543 [Forwarding isElementEnabled on session b1310904-d161-49ca-a1a6-530fba7baea8 to remote] DEBUG org.apache.http.wire  - http-outgoing-19 >> "Cache-Control: no-cache[\r][\n]"
10543 [Forwarding isElementEnabled on session b1310904-d161-49ca-a1a6-530fba7baea8 to remote] DEBUG org.apache.http.wire  - http-outgoing-19 >> "Host: localhost:37262[\r][\n]"
10543 [Forwarding isElementEnabled on session b1310904-d161-49ca-a1a6-530fba7baea8 to remote] DEBUG org.apache.http.wire  - http-outgoing-19 >> "Connection: Keep-Alive[\r][\n]"
10543 [Forwarding isElementEnabled on session b1310904-d161-49ca-a1a6-530fba7baea8 to remote] DEBUG org.apache.http.wire  - http-outgoing-19 >> "User-Agent: Apache-HttpClient/4.3.3 (java 1.5)[\r][\n]"
10543 [Forwarding isElementEnabled on session b1310904-d161-49ca-a1a6-530fba7baea8 to remote] DEBUG org.apache.http.wire  - http-outgoing-19 >> "Accept-Encoding: gzip,deflate[\r][\n]"
10543 [Forwarding isElementEnabled on session b1310904-d161-49ca-a1a6-530fba7baea8 to remote] DEBUG org.apache.http.wire  - http-outgoing-19 >> "[\r][\n]"
10573 [Forwarding isElementEnabled on session b1310904-d161-49ca-a1a6-530fba7baea8 to remote] DEBUG org.apache.http.wire  - http-outgoing-19 << "HTTP/1.1 200 OK[\r][\n]"
10573 [Forwarding isElementEnabled on session b1310904-d161-49ca-a1a6-530fba7baea8 to remote] DEBUG org.apache.http.wire  - http-outgoing-19 << "Content-Length: 77[\r][\n]"
10573 [Forwarding isElementEnabled on session b1310904-d161-49ca-a1a6-530fba7baea8 to remote] DEBUG org.apache.http.wire  - http-outgoing-19 << "Content-Type: application/json; charset=UTF-8[\r][\n]"
10573 [Forwarding isElementEnabled on session b1310904-d161-49ca-a1a6-530fba7baea8 to remote] DEBUG org.apache.http.wire  - http-outgoing-19 << "Vary: Accept-Charset, Accept-Encoding, Accept-Language, Accept[\r][\n]"
10573 [Forwarding isElementEnabled on session b1310904-d161-49ca-a1a6-530fba7baea8 to remote] DEBUG org.apache.http.wire  - http-outgoing-19 << "Accept-Ranges: bytes[\r][\n]"
10573 [Forwarding isElementEnabled on session b1310904-d161-49ca-a1a6-530fba7baea8 to remote] DEBUG org.apache.http.wire  - http-outgoing-19 << "Connection: close[\r][\n]"
10573 [Forwarding isElementEnabled on session b1310904-d161-49ca-a1a6-530fba7baea8 to remote] DEBUG org.apache.http.wire  - http-outgoing-19 << "[\r][\n]"
10573 [Forwarding isElementEnabled on session b1310904-d161-49ca-a1a6-530fba7baea8 to remote] DEBUG org.apache.http.wire  - http-outgoing-19 << "{"sessionId":"b1310904-d161-49ca-a1a6-530fba7baea8","status":0,"value":true}[\n]"
10573 [Forwarding isElementEnabled on session b1310904-d161-49ca-a1a6-530fba7baea8 to remote] DEBUG org.apache.http.wire  - http-outgoing-19 << "[\r][\n]"
10573 [Forwarding isElementEnabled on session b1310904-d161-49ca-a1a6-530fba7baea8 to remote] DEBUG org.apache.http.headers  - http-outgoing-19 << HTTP/1.1 200 OK
10573 [Forwarding isElementEnabled on session b1310904-d161-49ca-a1a6-530fba7baea8 to remote] DEBUG org.apache.http.headers  - http-outgoing-19 << Content-Length: 77
10573 [Forwarding isElementEnabled on session b1310904-d161-49ca-a1a6-530fba7baea8 to remote] DEBUG org.apache.http.headers  - http-outgoing-19 << Content-Type: application/json; charset=UTF-8
10573 [Forwarding isElementEnabled on session b1310904-d161-49ca-a1a6-530fba7baea8 to remote] DEBUG org.apache.http.headers  - http-outgoing-19 << Vary: Accept-Charset, Accept-Encoding, Accept-Language, Accept
10573 [Forwarding isElementEnabled on session b1310904-d161-49ca-a1a6-530fba7baea8 to remote] DEBUG org.apache.http.headers  - http-outgoing-19 << Accept-Ranges: bytes
10573 [Forwarding isElementEnabled on session b1310904-d161-49ca-a1a6-530fba7baea8 to remote] DEBUG org.apache.http.headers  - http-outgoing-19 << Connection: close
10573 [Forwarding isElementEnabled on session b1310904-d161-49ca-a1a6-530fba7baea8 to remote] DEBUG org.apache.http.impl.conn.DefaultManagedHttpClientConnection  - http-outgoing-19: Shutdown connection
10573 [Forwarding isElementEnabled on session b1310904-d161-49ca-a1a6-530fba7baea8 to remote] DEBUG org.apache.http.impl.execchain.MainClientExec  - Connection discarded
10573 [Forwarding isElementEnabled on session b1310904-d161-49ca-a1a6-530fba7baea8 to remote] DEBUG org.apache.http.impl.conn.DefaultManagedHttpClientConnection  - http-outgoing-19: Close connection
10573 [Forwarding isElementEnabled on session b1310904-d161-49ca-a1a6-530fba7baea8 to remote] DEBUG org.apache.http.impl.conn.PoolingHttpClientConnectionManager  - Connection released: [id: 19][route: {}->http://localhost:37262][total kept alive: 0; route allocated: 0 of 2000; total allocated: 0 of 2000]
10573 [Forwarding findElement on session b1310904-d161-49ca-a1a6-530fba7baea8 to remote] DEBUG org.apache.http.client.protocol.RequestAddCookies  - CookieSpec selected: best-match
10573 [Forwarding findElement on session b1310904-d161-49ca-a1a6-530fba7baea8 to remote] DEBUG org.apache.http.client.protocol.RequestAuthCache  - Auth cache not set in the context
10573 [Forwarding findElement on session b1310904-d161-49ca-a1a6-530fba7baea8 to remote] DEBUG org.apache.http.impl.conn.PoolingHttpClientConnectionManager  - Connection request: [route: {}->http://localhost:37262][total kept alive: 0; route allocated: 0 of 2000; total allocated: 0 of 2000]
10573 [Forwarding findElement on session b1310904-d161-49ca-a1a6-530fba7baea8 to remote] DEBUG org.apache.http.impl.conn.PoolingHttpClientConnectionManager  - Connection leased: [id: 20][route: {}->http://localhost:37262][total kept alive: 0; route allocated: 1 of 2000; total allocated: 1 of 2000]
10573 [Forwarding findElement on session b1310904-d161-49ca-a1a6-530fba7baea8 to remote] DEBUG org.apache.http.impl.execchain.MainClientExec  - Opening connection {}->http://localhost:37262
10573 [Forwarding findElement on session b1310904-d161-49ca-a1a6-530fba7baea8 to remote] DEBUG org.apache.http.impl.conn.HttpClientConnectionOperator  - Connecting to localhost/127.0.0.1:37262
10573 [Forwarding findElement on session b1310904-d161-49ca-a1a6-530fba7baea8 to remote] DEBUG org.apache.http.impl.conn.HttpClientConnectionOperator  - Connection established 127.0.0.1:17235<->127.0.0.1:37262
10573 [Forwarding findElement on session b1310904-d161-49ca-a1a6-530fba7baea8 to remote] DEBUG org.apache.http.impl.execchain.MainClientExec  - Executing request POST /session/b1310904-d161-49ca-a1a6-530fba7baea8/element HTTP/1.1
10573 [Forwarding findElement on session b1310904-d161-49ca-a1a6-530fba7baea8 to remote] DEBUG org.apache.http.impl.execchain.MainClientExec  - Target auth state: UNCHALLENGED
10573 [Forwarding findElement on session b1310904-d161-49ca-a1a6-530fba7baea8 to remote] DEBUG org.apache.http.impl.execchain.MainClientExec  - Proxy auth state: UNCHALLENGED
10573 [Forwarding findElement on session b1310904-d161-49ca-a1a6-530fba7baea8 to remote] DEBUG org.apache.http.headers  - http-outgoing-20 >> POST /session/b1310904-d161-49ca-a1a6-530fba7baea8/element HTTP/1.1
10573 [Forwarding findElement on session b1310904-d161-49ca-a1a6-530fba7baea8 to remote] DEBUG org.apache.http.headers  - http-outgoing-20 >> Content-Type: application/json; charset=utf-8
10573 [Forwarding findElement on session b1310904-d161-49ca-a1a6-530fba7baea8 to remote] DEBUG org.apache.http.headers  - http-outgoing-20 >> Content-Length: 53
10573 [Forwarding findElement on session b1310904-d161-49ca-a1a6-530fba7baea8 to remote] DEBUG org.apache.http.headers  - http-outgoing-20 >> Host: localhost:37262
10573 [Forwarding findElement on session b1310904-d161-49ca-a1a6-530fba7baea8 to remote] DEBUG org.apache.http.headers  - http-outgoing-20 >> Connection: Keep-Alive
10573 [Forwarding findElement on session b1310904-d161-49ca-a1a6-530fba7baea8 to remote] DEBUG org.apache.http.headers  - http-outgoing-20 >> User-Agent: Apache-HttpClient/4.3.3 (java 1.5)
10573 [Forwarding findElement on session b1310904-d161-49ca-a1a6-530fba7baea8 to remote] DEBUG org.apache.http.headers  - http-outgoing-20 >> Accept-Encoding: gzip,deflate
10573 [Forwarding findElement on session b1310904-d161-49ca-a1a6-530fba7baea8 to remote] DEBUG org.apache.http.wire  - http-outgoing-20 >> "POST /session/b1310904-d161-49ca-a1a6-530fba7baea8/element HTTP/1.1[\r][\n]"
10573 [Forwarding findElement on session b1310904-d161-49ca-a1a6-530fba7baea8 to remote] DEBUG org.apache.http.wire  - http-outgoing-20 >> "Content-Type: application/json; charset=utf-8[\r][\n]"
10573 [Forwarding findElement on session b1310904-d161-49ca-a1a6-530fba7baea8 to remote] DEBUG org.apache.http.wire  - http-outgoing-20 >> "Content-Length: 53[\r][\n]"
10573 [Forwarding findElement on session b1310904-d161-49ca-a1a6-530fba7baea8 to remote] DEBUG org.apache.http.wire  - http-outgoing-20 >> "Host: localhost:37262[\r][\n]"
10573 [Forwarding findElement on session b1310904-d161-49ca-a1a6-530fba7baea8 to remote] DEBUG org.apache.http.wire  - http-outgoing-20 >> "Connection: Keep-Alive[\r][\n]"
10573 [Forwarding findElement on session b1310904-d161-49ca-a1a6-530fba7baea8 to remote] DEBUG org.apache.http.wire  - http-outgoing-20 >> "User-Agent: Apache-HttpClient/4.3.3 (java 1.5)[\r][\n]"
10573 [Forwarding findElement on session b1310904-d161-49ca-a1a6-530fba7baea8 to remote] DEBUG org.apache.http.wire  - http-outgoing-20 >> "Accept-Encoding: gzip,deflate[\r][\n]"
10573 [Forwarding findElement on session b1310904-d161-49ca-a1a6-530fba7baea8 to remote] DEBUG org.apache.http.wire  - http-outgoing-20 >> "[\r][\n]"
10573 [Forwarding findElement on session b1310904-d161-49ca-a1a6-530fba7baea8 to remote] DEBUG org.apache.http.wire  - http-outgoing-20 >> "{"using":"xpath","value":"//input[@name='username']"}"
10603 [Forwarding findElement on session b1310904-d161-49ca-a1a6-530fba7baea8 to remote] DEBUG org.apache.http.wire  - http-outgoing-20 << "HTTP/1.1 200 OK[\r][\n]"
10603 [Forwarding findElement on session b1310904-d161-49ca-a1a6-530fba7baea8 to remote] DEBUG org.apache.http.wire  - http-outgoing-20 << "Content-Length: 200[\r][\n]"
10603 [Forwarding findElement on session b1310904-d161-49ca-a1a6-530fba7baea8 to remote] DEBUG org.apache.http.wire  - http-outgoing-20 << "Content-Type: application/json; charset=UTF-8[\r][\n]"
10603 [Forwarding findElement on session b1310904-d161-49ca-a1a6-530fba7baea8 to remote] DEBUG org.apache.http.wire  - http-outgoing-20 << "Vary: Accept-Charset, Accept-Encoding, Accept-Language, Accept[\r][\n]"
10603 [Forwarding findElement on session b1310904-d161-49ca-a1a6-530fba7baea8 to remote] DEBUG org.apache.http.wire  - http-outgoing-20 << "Accept-Ranges: bytes[\r][\n]"
10603 [Forwarding findElement on session b1310904-d161-49ca-a1a6-530fba7baea8 to remote] DEBUG org.apache.http.wire  - http-outgoing-20 << "Connection: close[\r][\n]"
10603 [Forwarding findElement on session b1310904-d161-49ca-a1a6-530fba7baea8 to remote] DEBUG org.apache.http.wire  - http-outgoing-20 << "[\r][\n]"
10603 [Forwarding findElement on session b1310904-d161-49ca-a1a6-530fba7baea8 to remote] DEBUG org.apache.http.wire  - http-outgoing-20 << "{"sessionId":"b1310904-d161-49ca-a1a6-530fba7baea8","status":0,"value":{"ELEMENT":"6288645d-bf7f-4921-991a-bdd69583e784","element-6066-11e4-a52e-4f735466cecf":"6288645d-bf7f-4921-991a-bdd69583e784"}}[\n]"
10603 [Forwarding findElement on session b1310904-d161-49ca-a1a6-530fba7baea8 to remote] DEBUG org.apache.http.wire  - http-outgoing-20 << "[\r][\n]"
10603 [Forwarding findElement on session b1310904-d161-49ca-a1a6-530fba7baea8 to remote] DEBUG org.apache.http.headers  - http-outgoing-20 << HTTP/1.1 200 OK
10603 [Forwarding findElement on session b1310904-d161-49ca-a1a6-530fba7baea8 to remote] DEBUG org.apache.http.headers  - http-outgoing-20 << Content-Length: 200
10603 [Forwarding findElement on session b1310904-d161-49ca-a1a6-530fba7baea8 to remote] DEBUG org.apache.http.headers  - http-outgoing-20 << Content-Type: application/json; charset=UTF-8
10603 [Forwarding findElement on session b1310904-d161-49ca-a1a6-530fba7baea8 to remote] DEBUG org.apache.http.headers  - http-outgoing-20 << Vary: Accept-Charset, Accept-Encoding, Accept-Language, Accept
10603 [Forwarding findElement on session b1310904-d161-49ca-a1a6-530fba7baea8 to remote] DEBUG org.apache.http.headers  - http-outgoing-20 << Accept-Ranges: bytes
10603 [Forwarding findElement on session b1310904-d161-49ca-a1a6-530fba7baea8 to remote] DEBUG org.apache.http.headers  - http-outgoing-20 << Connection: close
10603 [Forwarding findElement on session b1310904-d161-49ca-a1a6-530fba7baea8 to remote] DEBUG org.apache.http.impl.conn.DefaultManagedHttpClientConnection  - http-outgoing-20: Shutdown connection
10603 [Forwarding findElement on session b1310904-d161-49ca-a1a6-530fba7baea8 to remote] DEBUG org.apache.http.impl.execchain.MainClientExec  - Connection discarded
10603 [Forwarding findElement on session b1310904-d161-49ca-a1a6-530fba7baea8 to remote] DEBUG org.apache.http.impl.conn.DefaultManagedHttpClientConnection  - http-outgoing-20: Close connection
10603 [Forwarding findElement on session b1310904-d161-49ca-a1a6-530fba7baea8 to remote] DEBUG org.apache.http.impl.conn.PoolingHttpClientConnectionManager  - Connection released: [id: 20][route: {}->http://localhost:37262][total kept alive: 0; route allocated: 0 of 2000; total allocated: 0 of 2000]
10603 [Forwarding isElementDisplayed on session b1310904-d161-49ca-a1a6-530fba7baea8 to remote] DEBUG org.apache.http.client.protocol.RequestAddCookies  - CookieSpec selected: best-match
10603 [Forwarding isElementDisplayed on session b1310904-d161-49ca-a1a6-530fba7baea8 to remote] DEBUG org.apache.http.client.protocol.RequestAuthCache  - Auth cache not set in the context
10603 [Forwarding isElementDisplayed on session b1310904-d161-49ca-a1a6-530fba7baea8 to remote] DEBUG org.apache.http.impl.conn.PoolingHttpClientConnectionManager  - Connection request: [route: {}->http://localhost:37262][total kept alive: 0; route allocated: 0 of 2000; total allocated: 0 of 2000]
10603 [Forwarding isElementDisplayed on session b1310904-d161-49ca-a1a6-530fba7baea8 to remote] DEBUG org.apache.http.impl.conn.PoolingHttpClientConnectionManager  - Connection leased: [id: 21][route: {}->http://localhost:37262][total kept alive: 0; route allocated: 1 of 2000; total allocated: 1 of 2000]
10603 [Forwarding isElementDisplayed on session b1310904-d161-49ca-a1a6-530fba7baea8 to remote] DEBUG org.apache.http.impl.execchain.MainClientExec  - Opening connection {}->http://localhost:37262
10603 [Forwarding isElementDisplayed on session b1310904-d161-49ca-a1a6-530fba7baea8 to remote] DEBUG org.apache.http.impl.conn.HttpClientConnectionOperator  - Connecting to localhost/127.0.0.1:37262
10603 [Forwarding isElementDisplayed on session b1310904-d161-49ca-a1a6-530fba7baea8 to remote] DEBUG org.apache.http.impl.conn.HttpClientConnectionOperator  - Connection established 127.0.0.1:17236<->127.0.0.1:37262
10603 [Forwarding isElementDisplayed on session b1310904-d161-49ca-a1a6-530fba7baea8 to remote] DEBUG org.apache.http.impl.execchain.MainClientExec  - Executing request GET /session/b1310904-d161-49ca-a1a6-530fba7baea8/element/6288645d-bf7f-4921-991a-bdd69583e784/displayed HTTP/1.1
10603 [Forwarding isElementDisplayed on session b1310904-d161-49ca-a1a6-530fba7baea8 to remote] DEBUG org.apache.http.impl.execchain.MainClientExec  - Target auth state: UNCHALLENGED
10603 [Forwarding isElementDisplayed on session b1310904-d161-49ca-a1a6-530fba7baea8 to remote] DEBUG org.apache.http.impl.execchain.MainClientExec  - Proxy auth state: UNCHALLENGED
10603 [Forwarding isElementDisplayed on session b1310904-d161-49ca-a1a6-530fba7baea8 to remote] DEBUG org.apache.http.headers  - http-outgoing-21 >> GET /session/b1310904-d161-49ca-a1a6-530fba7baea8/element/6288645d-bf7f-4921-991a-bdd69583e784/displayed HTTP/1.1
10603 [Forwarding isElementDisplayed on session b1310904-d161-49ca-a1a6-530fba7baea8 to remote] DEBUG org.apache.http.headers  - http-outgoing-21 >> Cache-Control: no-cache
10603 [Forwarding isElementDisplayed on session b1310904-d161-49ca-a1a6-530fba7baea8 to remote] DEBUG org.apache.http.headers  - http-outgoing-21 >> Host: localhost:37262
10603 [Forwarding isElementDisplayed on session b1310904-d161-49ca-a1a6-530fba7baea8 to remote] DEBUG org.apache.http.headers  - http-outgoing-21 >> Connection: Keep-Alive
10603 [Forwarding isElementDisplayed on session b1310904-d161-49ca-a1a6-530fba7baea8 to remote] DEBUG org.apache.http.headers  - http-outgoing-21 >> User-Agent: Apache-HttpClient/4.3.3 (java 1.5)
10603 [Forwarding isElementDisplayed on session b1310904-d161-49ca-a1a6-530fba7baea8 to remote] DEBUG org.apache.http.headers  - http-outgoing-21 >> Accept-Encoding: gzip,deflate
10603 [Forwarding isElementDisplayed on session b1310904-d161-49ca-a1a6-530fba7baea8 to remote] DEBUG org.apache.http.wire  - http-outgoing-21 >> "GET /session/b1310904-d161-49ca-a1a6-530fba7baea8/element/6288645d-bf7f-4921-991a-bdd69583e784/displayed HTTP/1.1[\r][\n]"
10603 [Forwarding isElementDisplayed on session b1310904-d161-49ca-a1a6-530fba7baea8 to remote] DEBUG org.apache.http.wire  - http-outgoing-21 >> "Cache-Control: no-cache[\r][\n]"
10603 [Forwarding isElementDisplayed on session b1310904-d161-49ca-a1a6-530fba7baea8 to remote] DEBUG org.apache.http.wire  - http-outgoing-21 >> "Host: localhost:37262[\r][\n]"
10603 [Forwarding isElementDisplayed on session b1310904-d161-49ca-a1a6-530fba7baea8 to remote] DEBUG org.apache.http.wire  - http-outgoing-21 >> "Connection: Keep-Alive[\r][\n]"
10603 [Forwarding isElementDisplayed on session b1310904-d161-49ca-a1a6-530fba7baea8 to remote] DEBUG org.apache.http.wire  - http-outgoing-21 >> "User-Agent: Apache-HttpClient/4.3.3 (java 1.5)[\r][\n]"
10603 [Forwarding isElementDisplayed on session b1310904-d161-49ca-a1a6-530fba7baea8 to remote] DEBUG org.apache.http.wire  - http-outgoing-21 >> "Accept-Encoding: gzip,deflate[\r][\n]"
10603 [Forwarding isElementDisplayed on session b1310904-d161-49ca-a1a6-530fba7baea8 to remote] DEBUG org.apache.http.wire  - http-outgoing-21 >> "[\r][\n]"
10643 [Forwarding isElementDisplayed on session b1310904-d161-49ca-a1a6-530fba7baea8 to remote] DEBUG org.apache.http.wire  - http-outgoing-21 << "HTTP/1.1 200 OK[\r][\n]"
10643 [Forwarding isElementDisplayed on session b1310904-d161-49ca-a1a6-530fba7baea8 to remote] DEBUG org.apache.http.wire  - http-outgoing-21 << "Content-Length: 77[\r][\n]"
10643 [Forwarding isElementDisplayed on session b1310904-d161-49ca-a1a6-530fba7baea8 to remote] DEBUG org.apache.http.wire  - http-outgoing-21 << "Content-Type: application/json; charset=UTF-8[\r][\n]"
10643 [Forwarding isElementDisplayed on session b1310904-d161-49ca-a1a6-530fba7baea8 to remote] DEBUG org.apache.http.wire  - http-outgoing-21 << "Vary: Accept-Charset, Accept-Encoding, Accept-Language, Accept[\r][\n]"
10643 [Forwarding isElementDisplayed on session b1310904-d161-49ca-a1a6-530fba7baea8 to remote] DEBUG org.apache.http.wire  - http-outgoing-21 << "Accept-Ranges: bytes[\r][\n]"
10643 [Forwarding isElementDisplayed on session b1310904-d161-49ca-a1a6-530fba7baea8 to remote] DEBUG org.apache.http.wire  - http-outgoing-21 << "Connection: close[\r][\n]"
10643 [Forwarding isElementDisplayed on session b1310904-d161-49ca-a1a6-530fba7baea8 to remote] DEBUG org.apache.http.wire  - http-outgoing-21 << "[\r][\n]"
10643 [Forwarding isElementDisplayed on session b1310904-d161-49ca-a1a6-530fba7baea8 to remote] DEBUG org.apache.http.wire  - http-outgoing-21 << "{"sessionId":"b1310904-d161-49ca-a1a6-530fba7baea8","status":0,"value":true}[\n]"
10643 [Forwarding isElementDisplayed on session b1310904-d161-49ca-a1a6-530fba7baea8 to remote] DEBUG org.apache.http.wire  - http-outgoing-21 << "[\r][\n]"
10643 [Forwarding isElementDisplayed on session b1310904-d161-49ca-a1a6-530fba7baea8 to remote] DEBUG org.apache.http.headers  - http-outgoing-21 << HTTP/1.1 200 OK
10643 [Forwarding isElementDisplayed on session b1310904-d161-49ca-a1a6-530fba7baea8 to remote] DEBUG org.apache.http.headers  - http-outgoing-21 << Content-Length: 77
10643 [Forwarding isElementDisplayed on session b1310904-d161-49ca-a1a6-530fba7baea8 to remote] DEBUG org.apache.http.headers  - http-outgoing-21 << Content-Type: application/json; charset=UTF-8
10643 [Forwarding isElementDisplayed on session b1310904-d161-49ca-a1a6-530fba7baea8 to remote] DEBUG org.apache.http.headers  - http-outgoing-21 << Vary: Accept-Charset, Accept-Encoding, Accept-Language, Accept
10643 [Forwarding isElementDisplayed on session b1310904-d161-49ca-a1a6-530fba7baea8 to remote] DEBUG org.apache.http.headers  - http-outgoing-21 << Accept-Ranges: bytes
10643 [Forwarding isElementDisplayed on session b1310904-d161-49ca-a1a6-530fba7baea8 to remote] DEBUG org.apache.http.headers  - http-outgoing-21 << Connection: close
10643 [Forwarding isElementDisplayed on session b1310904-d161-49ca-a1a6-530fba7baea8 to remote] DEBUG org.apache.http.impl.conn.DefaultManagedHttpClientConnection  - http-outgoing-21: Shutdown connection
10643 [Forwarding isElementDisplayed on session b1310904-d161-49ca-a1a6-530fba7baea8 to remote] DEBUG org.apache.http.impl.execchain.MainClientExec  - Connection discarded
10643 [Forwarding isElementDisplayed on session b1310904-d161-49ca-a1a6-530fba7baea8 to remote] DEBUG org.apache.http.impl.conn.DefaultManagedHttpClientConnection  - http-outgoing-21: Close connection
10643 [Forwarding isElementDisplayed on session b1310904-d161-49ca-a1a6-530fba7baea8 to remote] DEBUG org.apache.http.impl.conn.PoolingHttpClientConnectionManager  - Connection released: [id: 21][route: {}->http://localhost:37262][total kept alive: 0; route allocated: 0 of 2000; total allocated: 0 of 2000]
10643 [Forwarding findElement on session b1310904-d161-49ca-a1a6-530fba7baea8 to remote] DEBUG org.apache.http.client.protocol.RequestAddCookies  - CookieSpec selected: best-match
10643 [Forwarding findElement on session b1310904-d161-49ca-a1a6-530fba7baea8 to remote] DEBUG org.apache.http.client.protocol.RequestAuthCache  - Auth cache not set in the context
10643 [Forwarding findElement on session b1310904-d161-49ca-a1a6-530fba7baea8 to remote] DEBUG org.apache.http.impl.conn.PoolingHttpClientConnectionManager  - Connection request: [route: {}->http://localhost:37262][total kept alive: 0; route allocated: 0 of 2000; total allocated: 0 of 2000]
10643 [Forwarding findElement on session b1310904-d161-49ca-a1a6-530fba7baea8 to remote] DEBUG org.apache.http.impl.conn.PoolingHttpClientConnectionManager  - Connection leased: [id: 22][route: {}->http://localhost:37262][total kept alive: 0; route allocated: 1 of 2000; total allocated: 1 of 2000]
10643 [Forwarding findElement on session b1310904-d161-49ca-a1a6-530fba7baea8 to remote] DEBUG org.apache.http.impl.execchain.MainClientExec  - Opening connection {}->http://localhost:37262
10643 [Forwarding findElement on session b1310904-d161-49ca-a1a6-530fba7baea8 to remote] DEBUG org.apache.http.impl.conn.HttpClientConnectionOperator  - Connecting to localhost/127.0.0.1:37262
10643 [Forwarding findElement on session b1310904-d161-49ca-a1a6-530fba7baea8 to remote] DEBUG org.apache.http.impl.conn.HttpClientConnectionOperator  - Connection established 127.0.0.1:17237<->127.0.0.1:37262
10643 [Forwarding findElement on session b1310904-d161-49ca-a1a6-530fba7baea8 to remote] DEBUG org.apache.http.impl.execchain.MainClientExec  - Executing request POST /session/b1310904-d161-49ca-a1a6-530fba7baea8/element HTTP/1.1
10643 [Forwarding findElement on session b1310904-d161-49ca-a1a6-530fba7baea8 to remote] DEBUG org.apache.http.impl.execchain.MainClientExec  - Target auth state: UNCHALLENGED
10643 [Forwarding findElement on session b1310904-d161-49ca-a1a6-530fba7baea8 to remote] DEBUG org.apache.http.impl.execchain.MainClientExec  - Proxy auth state: UNCHALLENGED
10643 [Forwarding findElement on session b1310904-d161-49ca-a1a6-530fba7baea8 to remote] DEBUG org.apache.http.headers  - http-outgoing-22 >> POST /session/b1310904-d161-49ca-a1a6-530fba7baea8/element HTTP/1.1
10643 [Forwarding findElement on session b1310904-d161-49ca-a1a6-530fba7baea8 to remote] DEBUG org.apache.http.headers  - http-outgoing-22 >> Content-Type: application/json; charset=utf-8
10643 [Forwarding findElement on session b1310904-d161-49ca-a1a6-530fba7baea8 to remote] DEBUG org.apache.http.headers  - http-outgoing-22 >> Content-Length: 53
10643 [Forwarding findElement on session b1310904-d161-49ca-a1a6-530fba7baea8 to remote] DEBUG org.apache.http.headers  - http-outgoing-22 >> Host: localhost:37262
10643 [Forwarding findElement on session b1310904-d161-49ca-a1a6-530fba7baea8 to remote] DEBUG org.apache.http.headers  - http-outgoing-22 >> Connection: Keep-Alive
10643 [Forwarding findElement on session b1310904-d161-49ca-a1a6-530fba7baea8 to remote] DEBUG org.apache.http.headers  - http-outgoing-22 >> User-Agent: Apache-HttpClient/4.3.3 (java 1.5)
10643 [Forwarding findElement on session b1310904-d161-49ca-a1a6-530fba7baea8 to remote] DEBUG org.apache.http.headers  - http-outgoing-22 >> Accept-Encoding: gzip,deflate
10643 [Forwarding findElement on session b1310904-d161-49ca-a1a6-530fba7baea8 to remote] DEBUG org.apache.http.wire  - http-outgoing-22 >> "POST /session/b1310904-d161-49ca-a1a6-530fba7baea8/element HTTP/1.1[\r][\n]"
10643 [Forwarding findElement on session b1310904-d161-49ca-a1a6-530fba7baea8 to remote] DEBUG org.apache.http.wire  - http-outgoing-22 >> "Content-Type: application/json; charset=utf-8[\r][\n]"
10643 [Forwarding findElement on session b1310904-d161-49ca-a1a6-530fba7baea8 to remote] DEBUG org.apache.http.wire  - http-outgoing-22 >> "Content-Length: 53[\r][\n]"
10643 [Forwarding findElement on session b1310904-d161-49ca-a1a6-530fba7baea8 to remote] DEBUG org.apache.http.wire  - http-outgoing-22 >> "Host: localhost:37262[\r][\n]"
10643 [Forwarding findElement on session b1310904-d161-49ca-a1a6-530fba7baea8 to remote] DEBUG org.apache.http.wire  - http-outgoing-22 >> "Connection: Keep-Alive[\r][\n]"
10643 [Forwarding findElement on session b1310904-d161-49ca-a1a6-530fba7baea8 to remote] DEBUG org.apache.http.wire  - http-outgoing-22 >> "User-Agent: Apache-HttpClient/4.3.3 (java 1.5)[\r][\n]"
10643 [Forwarding findElement on session b1310904-d161-49ca-a1a6-530fba7baea8 to remote] DEBUG org.apache.http.wire  - http-outgoing-22 >> "Accept-Encoding: gzip,deflate[\r][\n]"
10643 [Forwarding findElement on session b1310904-d161-49ca-a1a6-530fba7baea8 to remote] DEBUG org.apache.http.wire  - http-outgoing-22 >> "[\r][\n]"
10643 [Forwarding findElement on session b1310904-d161-49ca-a1a6-530fba7baea8 to remote] DEBUG org.apache.http.wire  - http-outgoing-22 >> "{"using":"xpath","value":"//input[@name='username']"}"
10673 [Forwarding findElement on session b1310904-d161-49ca-a1a6-530fba7baea8 to remote] DEBUG org.apache.http.wire  - http-outgoing-22 << "HTTP/1.1 200 OK[\r][\n]"
10673 [Forwarding findElement on session b1310904-d161-49ca-a1a6-530fba7baea8 to remote] DEBUG org.apache.http.wire  - http-outgoing-22 << "Content-Length: 200[\r][\n]"
10673 [Forwarding findElement on session b1310904-d161-49ca-a1a6-530fba7baea8 to remote] DEBUG org.apache.http.wire  - http-outgoing-22 << "Content-Type: application/json; charset=UTF-8[\r][\n]"
10673 [Forwarding findElement on session b1310904-d161-49ca-a1a6-530fba7baea8 to remote] DEBUG org.apache.http.wire  - http-outgoing-22 << "Vary: Accept-Charset, Accept-Encoding, Accept-Language, Accept[\r][\n]"
10673 [Forwarding findElement on session b1310904-d161-49ca-a1a6-530fba7baea8 to remote] DEBUG org.apache.http.wire  - http-outgoing-22 << "Accept-Ranges: bytes[\r][\n]"
10673 [Forwarding findElement on session b1310904-d161-49ca-a1a6-530fba7baea8 to remote] DEBUG org.apache.http.wire  - http-outgoing-22 << "Connection: close[\r][\n]"
10673 [Forwarding findElement on session b1310904-d161-49ca-a1a6-530fba7baea8 to remote] DEBUG org.apache.http.wire  - http-outgoing-22 << "[\r][\n]"
10673 [Forwarding findElement on session b1310904-d161-49ca-a1a6-530fba7baea8 to remote] DEBUG org.apache.http.wire  - http-outgoing-22 << "{"sessionId":"b1310904-d161-49ca-a1a6-530fba7baea8","status":0,"value":{"ELEMENT":"6288645d-bf7f-4921-991a-bdd69583e784","element-6066-11e4-a52e-4f735466cecf":"6288645d-bf7f-4921-991a-bdd69583e784"}}[\n]"
10673 [Forwarding findElement on session b1310904-d161-49ca-a1a6-530fba7baea8 to remote] DEBUG org.apache.http.wire  - http-outgoing-22 << "[\r][\n]"
10673 [Forwarding findElement on session b1310904-d161-49ca-a1a6-530fba7baea8 to remote] DEBUG org.apache.http.headers  - http-outgoing-22 << HTTP/1.1 200 OK
10673 [Forwarding findElement on session b1310904-d161-49ca-a1a6-530fba7baea8 to remote] DEBUG org.apache.http.headers  - http-outgoing-22 << Content-Length: 200
10673 [Forwarding findElement on session b1310904-d161-49ca-a1a6-530fba7baea8 to remote] DEBUG org.apache.http.headers  - http-outgoing-22 << Content-Type: application/json; charset=UTF-8
10673 [Forwarding findElement on session b1310904-d161-49ca-a1a6-530fba7baea8 to remote] DEBUG org.apache.http.headers  - http-outgoing-22 << Vary: Accept-Charset, Accept-Encoding, Accept-Language, Accept
10673 [Forwarding findElement on session b1310904-d161-49ca-a1a6-530fba7baea8 to remote] DEBUG org.apache.http.headers  - http-outgoing-22 << Accept-Ranges: bytes
10673 [Forwarding findElement on session b1310904-d161-49ca-a1a6-530fba7baea8 to remote] DEBUG org.apache.http.headers  - http-outgoing-22 << Connection: close
10673 [Forwarding findElement on session b1310904-d161-49ca-a1a6-530fba7baea8 to remote] DEBUG org.apache.http.impl.conn.DefaultManagedHttpClientConnection  - http-outgoing-22: Shutdown connection
10673 [Forwarding findElement on session b1310904-d161-49ca-a1a6-530fba7baea8 to remote] DEBUG org.apache.http.impl.execchain.MainClientExec  - Connection discarded
10673 [Forwarding findElement on session b1310904-d161-49ca-a1a6-530fba7baea8 to remote] DEBUG org.apache.http.impl.conn.DefaultManagedHttpClientConnection  - http-outgoing-22: Close connection
10673 [Forwarding findElement on session b1310904-d161-49ca-a1a6-530fba7baea8 to remote] DEBUG org.apache.http.impl.conn.PoolingHttpClientConnectionManager  - Connection released: [id: 22][route: {}->http://localhost:37262][total kept alive: 0; route allocated: 0 of 2000; total allocated: 0 of 2000]
10673 [Forwarding clearElement on session b1310904-d161-49ca-a1a6-530fba7baea8 to remote] DEBUG org.apache.http.client.protocol.RequestAddCookies  - CookieSpec selected: best-match
10673 [Forwarding clearElement on session b1310904-d161-49ca-a1a6-530fba7baea8 to remote] DEBUG org.apache.http.client.protocol.RequestAuthCache  - Auth cache not set in the context
10673 [Forwarding clearElement on session b1310904-d161-49ca-a1a6-530fba7baea8 to remote] DEBUG org.apache.http.impl.conn.PoolingHttpClientConnectionManager  - Connection request: [route: {}->http://localhost:37262][total kept alive: 0; route allocated: 0 of 2000; total allocated: 0 of 2000]
10673 [Forwarding clearElement on session b1310904-d161-49ca-a1a6-530fba7baea8 to remote] DEBUG org.apache.http.impl.conn.PoolingHttpClientConnectionManager  - Connection leased: [id: 23][route: {}->http://localhost:37262][total kept alive: 0; route allocated: 1 of 2000; total allocated: 1 of 2000]
10673 [Forwarding clearElement on session b1310904-d161-49ca-a1a6-530fba7baea8 to remote] DEBUG org.apache.http.impl.execchain.MainClientExec  - Opening connection {}->http://localhost:37262
10673 [Forwarding clearElement on session b1310904-d161-49ca-a1a6-530fba7baea8 to remote] DEBUG org.apache.http.impl.conn.HttpClientConnectionOperator  - Connecting to localhost/127.0.0.1:37262
10673 [Forwarding clearElement on session b1310904-d161-49ca-a1a6-530fba7baea8 to remote] DEBUG org.apache.http.impl.conn.HttpClientConnectionOperator  - Connection established 127.0.0.1:17238<->127.0.0.1:37262
10673 [Forwarding clearElement on session b1310904-d161-49ca-a1a6-530fba7baea8 to remote] DEBUG org.apache.http.impl.execchain.MainClientExec  - Executing request POST /session/b1310904-d161-49ca-a1a6-530fba7baea8/element/6288645d-bf7f-4921-991a-bdd69583e784/clear HTTP/1.1
10673 [Forwarding clearElement on session b1310904-d161-49ca-a1a6-530fba7baea8 to remote] DEBUG org.apache.http.impl.execchain.MainClientExec  - Target auth state: UNCHALLENGED
10673 [Forwarding clearElement on session b1310904-d161-49ca-a1a6-530fba7baea8 to remote] DEBUG org.apache.http.impl.execchain.MainClientExec  - Proxy auth state: UNCHALLENGED
10673 [Forwarding clearElement on session b1310904-d161-49ca-a1a6-530fba7baea8 to remote] DEBUG org.apache.http.headers  - http-outgoing-23 >> POST /session/b1310904-d161-49ca-a1a6-530fba7baea8/element/6288645d-bf7f-4921-991a-bdd69583e784/clear HTTP/1.1
10673 [Forwarding clearElement on session b1310904-d161-49ca-a1a6-530fba7baea8 to remote] DEBUG org.apache.http.headers  - http-outgoing-23 >> Content-Type: application/json; charset=utf-8
10673 [Forwarding clearElement on session b1310904-d161-49ca-a1a6-530fba7baea8 to remote] DEBUG org.apache.http.headers  - http-outgoing-23 >> Content-Length: 45
10673 [Forwarding clearElement on session b1310904-d161-49ca-a1a6-530fba7baea8 to remote] DEBUG org.apache.http.headers  - http-outgoing-23 >> Host: localhost:37262
10673 [Forwarding clearElement on session b1310904-d161-49ca-a1a6-530fba7baea8 to remote] DEBUG org.apache.http.headers  - http-outgoing-23 >> Connection: Keep-Alive
10673 [Forwarding clearElement on session b1310904-d161-49ca-a1a6-530fba7baea8 to remote] DEBUG org.apache.http.headers  - http-outgoing-23 >> User-Agent: Apache-HttpClient/4.3.3 (java 1.5)
10673 [Forwarding clearElement on session b1310904-d161-49ca-a1a6-530fba7baea8 to remote] DEBUG org.apache.http.headers  - http-outgoing-23 >> Accept-Encoding: gzip,deflate
10673 [Forwarding clearElement on session b1310904-d161-49ca-a1a6-530fba7baea8 to remote] DEBUG org.apache.http.wire  - http-outgoing-23 >> "POST /session/b1310904-d161-49ca-a1a6-530fba7baea8/element/6288645d-bf7f-4921-991a-bdd69583e784/clear HTTP/1.1[\r][\n]"
10673 [Forwarding clearElement on session b1310904-d161-49ca-a1a6-530fba7baea8 to remote] DEBUG org.apache.http.wire  - http-outgoing-23 >> "Content-Type: application/json; charset=utf-8[\r][\n]"
10673 [Forwarding clearElement on session b1310904-d161-49ca-a1a6-530fba7baea8 to remote] DEBUG org.apache.http.wire  - http-outgoing-23 >> "Content-Length: 45[\r][\n]"
10673 [Forwarding clearElement on session b1310904-d161-49ca-a1a6-530fba7baea8 to remote] DEBUG org.apache.http.wire  - http-outgoing-23 >> "Host: localhost:37262[\r][\n]"
10673 [Forwarding clearElement on session b1310904-d161-49ca-a1a6-530fba7baea8 to remote] DEBUG org.apache.http.wire  - http-outgoing-23 >> "Connection: Keep-Alive[\r][\n]"
10673 [Forwarding clearElement on session b1310904-d161-49ca-a1a6-530fba7baea8 to remote] DEBUG org.apache.http.wire  - http-outgoing-23 >> "User-Agent: Apache-HttpClient/4.3.3 (java 1.5)[\r][\n]"
10673 [Forwarding clearElement on session b1310904-d161-49ca-a1a6-530fba7baea8 to remote] DEBUG org.apache.http.wire  - http-outgoing-23 >> "Accept-Encoding: gzip,deflate[\r][\n]"
10673 [Forwarding clearElement on session b1310904-d161-49ca-a1a6-530fba7baea8 to remote] DEBUG org.apache.http.wire  - http-outgoing-23 >> "[\r][\n]"
10673 [Forwarding clearElement on session b1310904-d161-49ca-a1a6-530fba7baea8 to remote] DEBUG org.apache.http.wire  - http-outgoing-23 >> "{"id":"6288645d-bf7f-4921-991a-bdd69583e784"}"
10763 [Forwarding clearElement on session b1310904-d161-49ca-a1a6-530fba7baea8 to remote] DEBUG org.apache.http.wire  - http-outgoing-23 << "HTTP/1.1 200 OK[\r][\n]"
10763 [Forwarding clearElement on session b1310904-d161-49ca-a1a6-530fba7baea8 to remote] DEBUG org.apache.http.wire  - http-outgoing-23 << "Content-Length: 77[\r][\n]"
10763 [Forwarding clearElement on session b1310904-d161-49ca-a1a6-530fba7baea8 to remote] DEBUG org.apache.http.wire  - http-outgoing-23 << "Content-Type: application/json; charset=UTF-8[\r][\n]"
10763 [Forwarding clearElement on session b1310904-d161-49ca-a1a6-530fba7baea8 to remote] DEBUG org.apache.http.wire  - http-outgoing-23 << "Vary: Accept-Charset, Accept-Encoding, Accept-Language, Accept[\r][\n]"
10763 [Forwarding clearElement on session b1310904-d161-49ca-a1a6-530fba7baea8 to remote] DEBUG org.apache.http.wire  - http-outgoing-23 << "Accept-Ranges: bytes[\r][\n]"
10763 [Forwarding clearElement on session b1310904-d161-49ca-a1a6-530fba7baea8 to remote] DEBUG org.apache.http.wire  - http-outgoing-23 << "Connection: close[\r][\n]"
10763 [Forwarding clearElement on session b1310904-d161-49ca-a1a6-530fba7baea8 to remote] DEBUG org.apache.http.wire  - http-outgoing-23 << "[\r][\n]"
10763 [Forwarding clearElement on session b1310904-d161-49ca-a1a6-530fba7baea8 to remote] DEBUG org.apache.http.wire  - http-outgoing-23 << "{"sessionId":"b1310904-d161-49ca-a1a6-530fba7baea8","status":0,"value":null}[\n]"
10763 [Forwarding clearElement on session b1310904-d161-49ca-a1a6-530fba7baea8 to remote] DEBUG org.apache.http.wire  - http-outgoing-23 << "[\r][\n]"
10763 [Forwarding clearElement on session b1310904-d161-49ca-a1a6-530fba7baea8 to remote] DEBUG org.apache.http.headers  - http-outgoing-23 << HTTP/1.1 200 OK
10763 [Forwarding clearElement on session b1310904-d161-49ca-a1a6-530fba7baea8 to remote] DEBUG org.apache.http.headers  - http-outgoing-23 << Content-Length: 77
10763 [Forwarding clearElement on session b1310904-d161-49ca-a1a6-530fba7baea8 to remote] DEBUG org.apache.http.headers  - http-outgoing-23 << Content-Type: application/json; charset=UTF-8
10763 [Forwarding clearElement on session b1310904-d161-49ca-a1a6-530fba7baea8 to remote] DEBUG org.apache.http.headers  - http-outgoing-23 << Vary: Accept-Charset, Accept-Encoding, Accept-Language, Accept
10763 [Forwarding clearElement on session b1310904-d161-49ca-a1a6-530fba7baea8 to remote] DEBUG org.apache.http.headers  - http-outgoing-23 << Accept-Ranges: bytes
10763 [Forwarding clearElement on session b1310904-d161-49ca-a1a6-530fba7baea8 to remote] DEBUG org.apache.http.headers  - http-outgoing-23 << Connection: close
10763 [Forwarding clearElement on session b1310904-d161-49ca-a1a6-530fba7baea8 to remote] DEBUG org.apache.http.impl.conn.DefaultManagedHttpClientConnection  - http-outgoing-23: Shutdown connection
10763 [Forwarding clearElement on session b1310904-d161-49ca-a1a6-530fba7baea8 to remote] DEBUG org.apache.http.impl.execchain.MainClientExec  - Connection discarded
10763 [Forwarding clearElement on session b1310904-d161-49ca-a1a6-530fba7baea8 to remote] DEBUG org.apache.http.impl.conn.DefaultManagedHttpClientConnection  - http-outgoing-23: Close connection
10763 [Forwarding clearElement on session b1310904-d161-49ca-a1a6-530fba7baea8 to remote] DEBUG org.apache.http.impl.conn.PoolingHttpClientConnectionManager  - Connection released: [id: 23][route: {}->http://localhost:37262][total kept alive: 0; route allocated: 0 of 2000; total allocated: 0 of 2000]
10763 [Forwarding findElement on session b1310904-d161-49ca-a1a6-530fba7baea8 to remote] DEBUG org.apache.http.client.protocol.RequestAddCookies  - CookieSpec selected: best-match
10763 [Forwarding findElement on session b1310904-d161-49ca-a1a6-530fba7baea8 to remote] DEBUG org.apache.http.client.protocol.RequestAuthCache  - Auth cache not set in the context
10763 [Forwarding findElement on session b1310904-d161-49ca-a1a6-530fba7baea8 to remote] DEBUG org.apache.http.impl.conn.PoolingHttpClientConnectionManager  - Connection request: [route: {}->http://localhost:37262][total kept alive: 0; route allocated: 0 of 2000; total allocated: 0 of 2000]
10763 [Forwarding findElement on session b1310904-d161-49ca-a1a6-530fba7baea8 to remote] DEBUG org.apache.http.impl.conn.PoolingHttpClientConnectionManager  - Connection leased: [id: 24][route: {}->http://localhost:37262][total kept alive: 0; route allocated: 1 of 2000; total allocated: 1 of 2000]
10763 [Forwarding findElement on session b1310904-d161-49ca-a1a6-530fba7baea8 to remote] DEBUG org.apache.http.impl.execchain.MainClientExec  - Opening connection {}->http://localhost:37262
10763 [Forwarding findElement on session b1310904-d161-49ca-a1a6-530fba7baea8 to remote] DEBUG org.apache.http.impl.conn.HttpClientConnectionOperator  - Connecting to localhost/127.0.0.1:37262
10763 [Forwarding findElement on session b1310904-d161-49ca-a1a6-530fba7baea8 to remote] DEBUG org.apache.http.impl.conn.HttpClientConnectionOperator  - Connection established 127.0.0.1:17239<->127.0.0.1:37262
10763 [Forwarding findElement on session b1310904-d161-49ca-a1a6-530fba7baea8 to remote] DEBUG org.apache.http.impl.execchain.MainClientExec  - Executing request POST /session/b1310904-d161-49ca-a1a6-530fba7baea8/element HTTP/1.1
10763 [Forwarding findElement on session b1310904-d161-49ca-a1a6-530fba7baea8 to remote] DEBUG org.apache.http.impl.execchain.MainClientExec  - Target auth state: UNCHALLENGED
10763 [Forwarding findElement on session b1310904-d161-49ca-a1a6-530fba7baea8 to remote] DEBUG org.apache.http.impl.execchain.MainClientExec  - Proxy auth state: UNCHALLENGED
10763 [Forwarding findElement on session b1310904-d161-49ca-a1a6-530fba7baea8 to remote] DEBUG org.apache.http.headers  - http-outgoing-24 >> POST /session/b1310904-d161-49ca-a1a6-530fba7baea8/element HTTP/1.1
10763 [Forwarding findElement on session b1310904-d161-49ca-a1a6-530fba7baea8 to remote] DEBUG org.apache.http.headers  - http-outgoing-24 >> Content-Type: application/json; charset=utf-8
10763 [Forwarding findElement on session b1310904-d161-49ca-a1a6-530fba7baea8 to remote] DEBUG org.apache.http.headers  - http-outgoing-24 >> Content-Length: 53
10763 [Forwarding findElement on session b1310904-d161-49ca-a1a6-530fba7baea8 to remote] DEBUG org.apache.http.headers  - http-outgoing-24 >> Host: localhost:37262
10763 [Forwarding findElement on session b1310904-d161-49ca-a1a6-530fba7baea8 to remote] DEBUG org.apache.http.headers  - http-outgoing-24 >> Connection: Keep-Alive
10763 [Forwarding findElement on session b1310904-d161-49ca-a1a6-530fba7baea8 to remote] DEBUG org.apache.http.headers  - http-outgoing-24 >> User-Agent: Apache-HttpClient/4.3.3 (java 1.5)
10763 [Forwarding findElement on session b1310904-d161-49ca-a1a6-530fba7baea8 to remote] DEBUG org.apache.http.headers  - http-outgoing-24 >> Accept-Encoding: gzip,deflate
10763 [Forwarding findElement on session b1310904-d161-49ca-a1a6-530fba7baea8 to remote] DEBUG org.apache.http.wire  - http-outgoing-24 >> "POST /session/b1310904-d161-49ca-a1a6-530fba7baea8/element HTTP/1.1[\r][\n]"
10763 [Forwarding findElement on session b1310904-d161-49ca-a1a6-530fba7baea8 to remote] DEBUG org.apache.http.wire  - http-outgoing-24 >> "Content-Type: application/json; charset=utf-8[\r][\n]"
10763 [Forwarding findElement on session b1310904-d161-49ca-a1a6-530fba7baea8 to remote] DEBUG org.apache.http.wire  - http-outgoing-24 >> "Content-Length: 53[\r][\n]"
10763 [Forwarding findElement on session b1310904-d161-49ca-a1a6-530fba7baea8 to remote] DEBUG org.apache.http.wire  - http-outgoing-24 >> "Host: localhost:37262[\r][\n]"
10763 [Forwarding findElement on session b1310904-d161-49ca-a1a6-530fba7baea8 to remote] DEBUG org.apache.http.wire  - http-outgoing-24 >> "Connection: Keep-Alive[\r][\n]"
10763 [Forwarding findElement on session b1310904-d161-49ca-a1a6-530fba7baea8 to remote] DEBUG org.apache.http.wire  - http-outgoing-24 >> "User-Agent: Apache-HttpClient/4.3.3 (java 1.5)[\r][\n]"
10763 [Forwarding findElement on session b1310904-d161-49ca-a1a6-530fba7baea8 to remote] DEBUG org.apache.http.wire  - http-outgoing-24 >> "Accept-Encoding: gzip,deflate[\r][\n]"
10763 [Forwarding findElement on session b1310904-d161-49ca-a1a6-530fba7baea8 to remote] DEBUG org.apache.http.wire  - http-outgoing-24 >> "[\r][\n]"
10763 [Forwarding findElement on session b1310904-d161-49ca-a1a6-530fba7baea8 to remote] DEBUG org.apache.http.wire  - http-outgoing-24 >> "{"using":"xpath","value":"//input[@name='username']"}"
10793 [Forwarding findElement on session b1310904-d161-49ca-a1a6-530fba7baea8 to remote] DEBUG org.apache.http.wire  - http-outgoing-24 << "HTTP/1.1 200 OK[\r][\n]"
10793 [Forwarding findElement on session b1310904-d161-49ca-a1a6-530fba7baea8 to remote] DEBUG org.apache.http.wire  - http-outgoing-24 << "Content-Length: 200[\r][\n]"
10793 [Forwarding findElement on session b1310904-d161-49ca-a1a6-530fba7baea8 to remote] DEBUG org.apache.http.wire  - http-outgoing-24 << "Content-Type: application/json; charset=UTF-8[\r][\n]"
10793 [Forwarding findElement on session b1310904-d161-49ca-a1a6-530fba7baea8 to remote] DEBUG org.apache.http.wire  - http-outgoing-24 << "Vary: Accept-Charset, Accept-Encoding, Accept-Language, Accept[\r][\n]"
10793 [Forwarding findElement on session b1310904-d161-49ca-a1a6-530fba7baea8 to remote] DEBUG org.apache.http.wire  - http-outgoing-24 << "Accept-Ranges: bytes[\r][\n]"
10793 [Forwarding findElement on session b1310904-d161-49ca-a1a6-530fba7baea8 to remote] DEBUG org.apache.http.wire  - http-outgoing-24 << "Connection: close[\r][\n]"
10793 [Forwarding findElement on session b1310904-d161-49ca-a1a6-530fba7baea8 to remote] DEBUG org.apache.http.wire  - http-outgoing-24 << "[\r][\n]"
10793 [Forwarding findElement on session b1310904-d161-49ca-a1a6-530fba7baea8 to remote] DEBUG org.apache.http.wire  - http-outgoing-24 << "{"sessionId":"b1310904-d161-49ca-a1a6-530fba7baea8","status":0,"value":{"ELEMENT":"6288645d-bf7f-4921-991a-bdd69583e784","element-6066-11e4-a52e-4f735466cecf":"6288645d-bf7f-4921-991a-bdd69583e784"}}[\n]"
10793 [Forwarding findElement on session b1310904-d161-49ca-a1a6-530fba7baea8 to remote] DEBUG org.apache.http.wire  - http-outgoing-24 << "[\r][\n]"
10793 [Forwarding findElement on session b1310904-d161-49ca-a1a6-530fba7baea8 to remote] DEBUG org.apache.http.headers  - http-outgoing-24 << HTTP/1.1 200 OK
10793 [Forwarding findElement on session b1310904-d161-49ca-a1a6-530fba7baea8 to remote] DEBUG org.apache.http.headers  - http-outgoing-24 << Content-Length: 200
10793 [Forwarding findElement on session b1310904-d161-49ca-a1a6-530fba7baea8 to remote] DEBUG org.apache.http.headers  - http-outgoing-24 << Content-Type: application/json; charset=UTF-8
10793 [Forwarding findElement on session b1310904-d161-49ca-a1a6-530fba7baea8 to remote] DEBUG org.apache.http.headers  - http-outgoing-24 << Vary: Accept-Charset, Accept-Encoding, Accept-Language, Accept
10793 [Forwarding findElement on session b1310904-d161-49ca-a1a6-530fba7baea8 to remote] DEBUG org.apache.http.headers  - http-outgoing-24 << Accept-Ranges: bytes
10793 [Forwarding findElement on session b1310904-d161-49ca-a1a6-530fba7baea8 to remote] DEBUG org.apache.http.headers  - http-outgoing-24 << Connection: close
10793 [Forwarding findElement on session b1310904-d161-49ca-a1a6-530fba7baea8 to remote] DEBUG org.apache.http.impl.conn.DefaultManagedHttpClientConnection  - http-outgoing-24: Shutdown connection
10793 [Forwarding findElement on session b1310904-d161-49ca-a1a6-530fba7baea8 to remote] DEBUG org.apache.http.impl.execchain.MainClientExec  - Connection discarded
10793 [Forwarding findElement on session b1310904-d161-49ca-a1a6-530fba7baea8 to remote] DEBUG org.apache.http.impl.conn.DefaultManagedHttpClientConnection  - http-outgoing-24: Close connection
10793 [Forwarding findElement on session b1310904-d161-49ca-a1a6-530fba7baea8 to remote] DEBUG org.apache.http.impl.conn.PoolingHttpClientConnectionManager  - Connection released: [id: 24][route: {}->http://localhost:37262][total kept alive: 0; route allocated: 0 of 2000; total allocated: 0 of 2000]
10793 [Forwarding sendKeysToElement on session b1310904-d161-49ca-a1a6-530fba7baea8 to remote] DEBUG org.apache.http.client.protocol.RequestAddCookies  - CookieSpec selected: best-match
10793 [Forwarding sendKeysToElement on session b1310904-d161-49ca-a1a6-530fba7baea8 to remote] DEBUG org.apache.http.client.protocol.RequestAuthCache  - Auth cache not set in the context
10793 [Forwarding sendKeysToElement on session b1310904-d161-49ca-a1a6-530fba7baea8 to remote] DEBUG org.apache.http.impl.conn.PoolingHttpClientConnectionManager  - Connection request: [route: {}->http://localhost:37262][total kept alive: 0; route allocated: 0 of 2000; total allocated: 0 of 2000]
10793 [Forwarding sendKeysToElement on session b1310904-d161-49ca-a1a6-530fba7baea8 to remote] DEBUG org.apache.http.impl.conn.PoolingHttpClientConnectionManager  - Connection leased: [id: 25][route: {}->http://localhost:37262][total kept alive: 0; route allocated: 1 of 2000; total allocated: 1 of 2000]
10793 [Forwarding sendKeysToElement on session b1310904-d161-49ca-a1a6-530fba7baea8 to remote] DEBUG org.apache.http.impl.execchain.MainClientExec  - Opening connection {}->http://localhost:37262
10793 [Forwarding sendKeysToElement on session b1310904-d161-49ca-a1a6-530fba7baea8 to remote] DEBUG org.apache.http.impl.conn.HttpClientConnectionOperator  - Connecting to localhost/127.0.0.1:37262
10793 [Forwarding sendKeysToElement on session b1310904-d161-49ca-a1a6-530fba7baea8 to remote] DEBUG org.apache.http.impl.conn.HttpClientConnectionOperator  - Connection established 127.0.0.1:17240<->127.0.0.1:37262
10793 [Forwarding sendKeysToElement on session b1310904-d161-49ca-a1a6-530fba7baea8 to remote] DEBUG org.apache.http.impl.execchain.MainClientExec  - Executing request POST /session/b1310904-d161-49ca-a1a6-530fba7baea8/element/6288645d-bf7f-4921-991a-bdd69583e784/value HTTP/1.1
10793 [Forwarding sendKeysToElement on session b1310904-d161-49ca-a1a6-530fba7baea8 to remote] DEBUG org.apache.http.impl.execchain.MainClientExec  - Target auth state: UNCHALLENGED
10793 [Forwarding sendKeysToElement on session b1310904-d161-49ca-a1a6-530fba7baea8 to remote] DEBUG org.apache.http.impl.execchain.MainClientExec  - Proxy auth state: UNCHALLENGED
10793 [Forwarding sendKeysToElement on session b1310904-d161-49ca-a1a6-530fba7baea8 to remote] DEBUG org.apache.http.headers  - http-outgoing-25 >> POST /session/b1310904-d161-49ca-a1a6-530fba7baea8/element/6288645d-bf7f-4921-991a-bdd69583e784/value HTTP/1.1
10793 [Forwarding sendKeysToElement on session b1310904-d161-49ca-a1a6-530fba7baea8 to remote] DEBUG org.apache.http.headers  - http-outgoing-25 >> Content-Type: application/json; charset=utf-8
10793 [Forwarding sendKeysToElement on session b1310904-d161-49ca-a1a6-530fba7baea8 to remote] DEBUG org.apache.http.headers  - http-outgoing-25 >> Content-Length: 66
10793 [Forwarding sendKeysToElement on session b1310904-d161-49ca-a1a6-530fba7baea8 to remote] DEBUG org.apache.http.headers  - http-outgoing-25 >> Host: localhost:37262
10793 [Forwarding sendKeysToElement on session b1310904-d161-49ca-a1a6-530fba7baea8 to remote] DEBUG org.apache.http.headers  - http-outgoing-25 >> Connection: Keep-Alive
10793 [Forwarding sendKeysToElement on session b1310904-d161-49ca-a1a6-530fba7baea8 to remote] DEBUG org.apache.http.headers  - http-outgoing-25 >> User-Agent: Apache-HttpClient/4.3.3 (java 1.5)
10793 [Forwarding sendKeysToElement on session b1310904-d161-49ca-a1a6-530fba7baea8 to remote] DEBUG org.apache.http.headers  - http-outgoing-25 >> Accept-Encoding: gzip,deflate
10793 [Forwarding sendKeysToElement on session b1310904-d161-49ca-a1a6-530fba7baea8 to remote] DEBUG org.apache.http.wire  - http-outgoing-25 >> "POST /session/b1310904-d161-49ca-a1a6-530fba7baea8/element/6288645d-bf7f-4921-991a-bdd69583e784/value HTTP/1.1[\r][\n]"
10793 [Forwarding sendKeysToElement on session b1310904-d161-49ca-a1a6-530fba7baea8 to remote] DEBUG org.apache.http.wire  - http-outgoing-25 >> "Content-Type: application/json; charset=utf-8[\r][\n]"
10793 [Forwarding sendKeysToElement on session b1310904-d161-49ca-a1a6-530fba7baea8 to remote] DEBUG org.apache.http.wire  - http-outgoing-25 >> "Content-Length: 66[\r][\n]"
10793 [Forwarding sendKeysToElement on session b1310904-d161-49ca-a1a6-530fba7baea8 to remote] DEBUG org.apache.http.wire  - http-outgoing-25 >> "Host: localhost:37262[\r][\n]"
10793 [Forwarding sendKeysToElement on session b1310904-d161-49ca-a1a6-530fba7baea8 to remote] DEBUG org.apache.http.wire  - http-outgoing-25 >> "Connection: Keep-Alive[\r][\n]"
10793 [Forwarding sendKeysToElement on session b1310904-d161-49ca-a1a6-530fba7baea8 to remote] DEBUG org.apache.http.wire  - http-outgoing-25 >> "User-Agent: Apache-HttpClient/4.3.3 (java 1.5)[\r][\n]"
10793 [Forwarding sendKeysToElement on session b1310904-d161-49ca-a1a6-530fba7baea8 to remote] DEBUG org.apache.http.wire  - http-outgoing-25 >> "Accept-Encoding: gzip,deflate[\r][\n]"
10793 [Forwarding sendKeysToElement on session b1310904-d161-49ca-a1a6-530fba7baea8 to remote] DEBUG org.apache.http.wire  - http-outgoing-25 >> "[\r][\n]"
10793 [Forwarding sendKeysToElement on session b1310904-d161-49ca-a1a6-530fba7baea8 to remote] DEBUG org.apache.http.wire  - http-outgoing-25 >> "{"id":"6288645d-bf7f-4921-991a-bdd69583e784","value":["prakashs"]}"
10927 [Forwarding sendKeysToElement on session b1310904-d161-49ca-a1a6-530fba7baea8 to remote] DEBUG org.apache.http.wire  - http-outgoing-25 << "HTTP/1.1 200 OK[\r][\n]"
10927 [Forwarding sendKeysToElement on session b1310904-d161-49ca-a1a6-530fba7baea8 to remote] DEBUG org.apache.http.wire  - http-outgoing-25 << "Content-Length: 77[\r][\n]"
10927 [Forwarding sendKeysToElement on session b1310904-d161-49ca-a1a6-530fba7baea8 to remote] DEBUG org.apache.http.wire  - http-outgoing-25 << "Content-Type: application/json; charset=UTF-8[\r][\n]"
10927 [Forwarding sendKeysToElement on session b1310904-d161-49ca-a1a6-530fba7baea8 to remote] DEBUG org.apache.http.wire  - http-outgoing-25 << "Vary: Accept-Charset, Accept-Encoding, Accept-Language, Accept[\r][\n]"
10927 [Forwarding sendKeysToElement on session b1310904-d161-49ca-a1a6-530fba7baea8 to remote] DEBUG org.apache.http.wire  - http-outgoing-25 << "Accept-Ranges: bytes[\r][\n]"
10927 [Forwarding sendKeysToElement on session b1310904-d161-49ca-a1a6-530fba7baea8 to remote] DEBUG org.apache.http.wire  - http-outgoing-25 << "Connection: close[\r][\n]"
10927 [Forwarding sendKeysToElement on session b1310904-d161-49ca-a1a6-530fba7baea8 to remote] DEBUG org.apache.http.wire  - http-outgoing-25 << "[\r][\n]"
10927 [Forwarding sendKeysToElement on session b1310904-d161-49ca-a1a6-530fba7baea8 to remote] DEBUG org.apache.http.wire  - http-outgoing-25 << "{"sessionId":"b1310904-d161-49ca-a1a6-530fba7baea8","status":0,"value":null}[\n]"
10927 [Forwarding sendKeysToElement on session b1310904-d161-49ca-a1a6-530fba7baea8 to remote] DEBUG org.apache.http.wire  - http-outgoing-25 << "[\r][\n]"
10927 [Forwarding sendKeysToElement on session b1310904-d161-49ca-a1a6-530fba7baea8 to remote] DEBUG org.apache.http.headers  - http-outgoing-25 << HTTP/1.1 200 OK
10927 [Forwarding sendKeysToElement on session b1310904-d161-49ca-a1a6-530fba7baea8 to remote] DEBUG org.apache.http.headers  - http-outgoing-25 << Content-Length: 77
10927 [Forwarding sendKeysToElement on session b1310904-d161-49ca-a1a6-530fba7baea8 to remote] DEBUG org.apache.http.headers  - http-outgoing-25 << Content-Type: application/json; charset=UTF-8
10927 [Forwarding sendKeysToElement on session b1310904-d161-49ca-a1a6-530fba7baea8 to remote] DEBUG org.apache.http.headers  - http-outgoing-25 << Vary: Accept-Charset, Accept-Encoding, Accept-Language, Accept
10927 [Forwarding sendKeysToElement on session b1310904-d161-49ca-a1a6-530fba7baea8 to remote] DEBUG org.apache.http.headers  - http-outgoing-25 << Accept-Ranges: bytes
10927 [Forwarding sendKeysToElement on session b1310904-d161-49ca-a1a6-530fba7baea8 to remote] DEBUG org.apache.http.headers  - http-outgoing-25 << Connection: close
10927 [Forwarding sendKeysToElement on session b1310904-d161-49ca-a1a6-530fba7baea8 to remote] DEBUG org.apache.http.impl.conn.DefaultManagedHttpClientConnection  - http-outgoing-25: Shutdown connection
10927 [Forwarding sendKeysToElement on session b1310904-d161-49ca-a1a6-530fba7baea8 to remote] DEBUG org.apache.http.impl.execchain.MainClientExec  - Connection discarded
10927 [Forwarding sendKeysToElement on session b1310904-d161-49ca-a1a6-530fba7baea8 to remote] DEBUG org.apache.http.impl.conn.DefaultManagedHttpClientConnection  - http-outgoing-25: Close connection
10927 [Forwarding sendKeysToElement on session b1310904-d161-49ca-a1a6-530fba7baea8 to remote] DEBUG org.apache.http.impl.conn.PoolingHttpClientConnectionManager  - Connection released: [id: 25][route: {}->http://localhost:37262][total kept alive: 0; route allocated: 0 of 2000; total allocated: 0 of 2000]
10927 [main] INFO  ./TestResults/2017_09_06_05_36_38_PM/LogFile.log  - Entered Username ->prakashs
10927 [main] INFO  ./TestResults/2017_09_06_05_36_38_PM/LogFile.log  - Report step generation success : Entered Username ->prakashs
green1
10927 [Forwarding findElement on session b1310904-d161-49ca-a1a6-530fba7baea8 to remote] DEBUG org.apache.http.client.protocol.RequestAddCookies  - CookieSpec selected: best-match
10927 [Forwarding findElement on session b1310904-d161-49ca-a1a6-530fba7baea8 to remote] DEBUG org.apache.http.client.protocol.RequestAuthCache  - Auth cache not set in the context
10927 [Forwarding findElement on session b1310904-d161-49ca-a1a6-530fba7baea8 to remote] DEBUG org.apache.http.impl.conn.PoolingHttpClientConnectionManager  - Connection request: [route: {}->http://localhost:37262][total kept alive: 0; route allocated: 0 of 2000; total allocated: 0 of 2000]
10927 [Forwarding findElement on session b1310904-d161-49ca-a1a6-530fba7baea8 to remote] DEBUG org.apache.http.impl.conn.PoolingHttpClientConnectionManager  - Connection leased: [id: 26][route: {}->http://localhost:37262][total kept alive: 0; route allocated: 1 of 2000; total allocated: 1 of 2000]
10927 [Forwarding findElement on session b1310904-d161-49ca-a1a6-530fba7baea8 to remote] DEBUG org.apache.http.impl.execchain.MainClientExec  - Opening connection {}->http://localhost:37262
10927 [Forwarding findElement on session b1310904-d161-49ca-a1a6-530fba7baea8 to remote] DEBUG org.apache.http.impl.conn.HttpClientConnectionOperator  - Connecting to localhost/127.0.0.1:37262
10927 [Forwarding findElement on session b1310904-d161-49ca-a1a6-530fba7baea8 to remote] DEBUG org.apache.http.impl.conn.HttpClientConnectionOperator  - Connection established 127.0.0.1:17241<->127.0.0.1:37262
10927 [Forwarding findElement on session b1310904-d161-49ca-a1a6-530fba7baea8 to remote] DEBUG org.apache.http.impl.execchain.MainClientExec  - Executing request POST /session/b1310904-d161-49ca-a1a6-530fba7baea8/element HTTP/1.1
10927 [Forwarding findElement on session b1310904-d161-49ca-a1a6-530fba7baea8 to remote] DEBUG org.apache.http.impl.execchain.MainClientExec  - Target auth state: UNCHALLENGED
10927 [Forwarding findElement on session b1310904-d161-49ca-a1a6-530fba7baea8 to remote] DEBUG org.apache.http.impl.execchain.MainClientExec  - Proxy auth state: UNCHALLENGED
10927 [Forwarding findElement on session b1310904-d161-49ca-a1a6-530fba7baea8 to remote] DEBUG org.apache.http.headers  - http-outgoing-26 >> POST /session/b1310904-d161-49ca-a1a6-530fba7baea8/element HTTP/1.1
10927 [Forwarding findElement on session b1310904-d161-49ca-a1a6-530fba7baea8 to remote] DEBUG org.apache.http.headers  - http-outgoing-26 >> Content-Type: application/json; charset=utf-8
10927 [Forwarding findElement on session b1310904-d161-49ca-a1a6-530fba7baea8 to remote] DEBUG org.apache.http.headers  - http-outgoing-26 >> Content-Length: 53
10927 [Forwarding findElement on session b1310904-d161-49ca-a1a6-530fba7baea8 to remote] DEBUG org.apache.http.headers  - http-outgoing-26 >> Host: localhost:37262
10927 [Forwarding findElement on session b1310904-d161-49ca-a1a6-530fba7baea8 to remote] DEBUG org.apache.http.headers  - http-outgoing-26 >> Connection: Keep-Alive
10927 [Forwarding findElement on session b1310904-d161-49ca-a1a6-530fba7baea8 to remote] DEBUG org.apache.http.headers  - http-outgoing-26 >> User-Agent: Apache-HttpClient/4.3.3 (java 1.5)
10927 [Forwarding findElement on session b1310904-d161-49ca-a1a6-530fba7baea8 to remote] DEBUG org.apache.http.headers  - http-outgoing-26 >> Accept-Encoding: gzip,deflate
10927 [Forwarding findElement on session b1310904-d161-49ca-a1a6-530fba7baea8 to remote] DEBUG org.apache.http.wire  - http-outgoing-26 >> "POST /session/b1310904-d161-49ca-a1a6-530fba7baea8/element HTTP/1.1[\r][\n]"
10927 [Forwarding findElement on session b1310904-d161-49ca-a1a6-530fba7baea8 to remote] DEBUG org.apache.http.wire  - http-outgoing-26 >> "Content-Type: application/json; charset=utf-8[\r][\n]"
10927 [Forwarding findElement on session b1310904-d161-49ca-a1a6-530fba7baea8 to remote] DEBUG org.apache.http.wire  - http-outgoing-26 >> "Content-Length: 53[\r][\n]"
10927 [Forwarding findElement on session b1310904-d161-49ca-a1a6-530fba7baea8 to remote] DEBUG org.apache.http.wire  - http-outgoing-26 >> "Host: localhost:37262[\r][\n]"
10927 [Forwarding findElement on session b1310904-d161-49ca-a1a6-530fba7baea8 to remote] DEBUG org.apache.http.wire  - http-outgoing-26 >> "Connection: Keep-Alive[\r][\n]"
10927 [Forwarding findElement on session b1310904-d161-49ca-a1a6-530fba7baea8 to remote] DEBUG org.apache.http.wire  - http-outgoing-26 >> "User-Agent: Apache-HttpClient/4.3.3 (java 1.5)[\r][\n]"
10927 [Forwarding findElement on session b1310904-d161-49ca-a1a6-530fba7baea8 to remote] DEBUG org.apache.http.wire  - http-outgoing-26 >> "Accept-Encoding: gzip,deflate[\r][\n]"
10927 [Forwarding findElement on session b1310904-d161-49ca-a1a6-530fba7baea8 to remote] DEBUG org.apache.http.wire  - http-outgoing-26 >> "[\r][\n]"
10927 [Forwarding findElement on session b1310904-d161-49ca-a1a6-530fba7baea8 to remote] DEBUG org.apache.http.wire  - http-outgoing-26 >> "{"using":"xpath","value":"//input[@name='password']"}"
10967 [Forwarding findElement on session b1310904-d161-49ca-a1a6-530fba7baea8 to remote] DEBUG org.apache.http.wire  - http-outgoing-26 << "HTTP/1.1 200 OK[\r][\n]"
10967 [Forwarding findElement on session b1310904-d161-49ca-a1a6-530fba7baea8 to remote] DEBUG org.apache.http.wire  - http-outgoing-26 << "Content-Length: 200[\r][\n]"
10967 [Forwarding findElement on session b1310904-d161-49ca-a1a6-530fba7baea8 to remote] DEBUG org.apache.http.wire  - http-outgoing-26 << "Content-Type: application/json; charset=UTF-8[\r][\n]"
10967 [Forwarding findElement on session b1310904-d161-49ca-a1a6-530fba7baea8 to remote] DEBUG org.apache.http.wire  - http-outgoing-26 << "Vary: Accept-Charset, Accept-Encoding, Accept-Language, Accept[\r][\n]"
10967 [Forwarding findElement on session b1310904-d161-49ca-a1a6-530fba7baea8 to remote] DEBUG org.apache.http.wire  - http-outgoing-26 << "Accept-Ranges: bytes[\r][\n]"
10967 [Forwarding findElement on session b1310904-d161-49ca-a1a6-530fba7baea8 to remote] DEBUG org.apache.http.wire  - http-outgoing-26 << "Connection: close[\r][\n]"
10967 [Forwarding findElement on session b1310904-d161-49ca-a1a6-530fba7baea8 to remote] DEBUG org.apache.http.wire  - http-outgoing-26 << "[\r][\n]"
10967 [Forwarding findElement on session b1310904-d161-49ca-a1a6-530fba7baea8 to remote] DEBUG org.apache.http.wire  - http-outgoing-26 << "{"sessionId":"b1310904-d161-49ca-a1a6-530fba7baea8","status":0,"value":{"ELEMENT":"aaf2fdb5-a749-4a1f-9981-75d8fc996473","element-6066-11e4-a52e-4f735466cecf":"aaf2fdb5-a749-4a1f-9981-75d8fc996473"}}[\n]"
10967 [Forwarding findElement on session b1310904-d161-49ca-a1a6-530fba7baea8 to remote] DEBUG org.apache.http.wire  - http-outgoing-26 << "[\r][\n]"
10967 [Forwarding findElement on session b1310904-d161-49ca-a1a6-530fba7baea8 to remote] DEBUG org.apache.http.headers  - http-outgoing-26 << HTTP/1.1 200 OK
10967 [Forwarding findElement on session b1310904-d161-49ca-a1a6-530fba7baea8 to remote] DEBUG org.apache.http.headers  - http-outgoing-26 << Content-Length: 200
10967 [Forwarding findElement on session b1310904-d161-49ca-a1a6-530fba7baea8 to remote] DEBUG org.apache.http.headers  - http-outgoing-26 << Content-Type: application/json; charset=UTF-8
10967 [Forwarding findElement on session b1310904-d161-49ca-a1a6-530fba7baea8 to remote] DEBUG org.apache.http.headers  - http-outgoing-26 << Vary: Accept-Charset, Accept-Encoding, Accept-Language, Accept
10967 [Forwarding findElement on session b1310904-d161-49ca-a1a6-530fba7baea8 to remote] DEBUG org.apache.http.headers  - http-outgoing-26 << Accept-Ranges: bytes
10967 [Forwarding findElement on session b1310904-d161-49ca-a1a6-530fba7baea8 to remote] DEBUG org.apache.http.headers  - http-outgoing-26 << Connection: close
10967 [Forwarding findElement on session b1310904-d161-49ca-a1a6-530fba7baea8 to remote] DEBUG org.apache.http.impl.conn.DefaultManagedHttpClientConnection  - http-outgoing-26: Shutdown connection
10967 [Forwarding findElement on session b1310904-d161-49ca-a1a6-530fba7baea8 to remote] DEBUG org.apache.http.impl.execchain.MainClientExec  - Connection discarded
10967 [Forwarding findElement on session b1310904-d161-49ca-a1a6-530fba7baea8 to remote] DEBUG org.apache.http.impl.conn.DefaultManagedHttpClientConnection  - http-outgoing-26: Close connection
10967 [Forwarding findElement on session b1310904-d161-49ca-a1a6-530fba7baea8 to remote] DEBUG org.apache.http.impl.conn.PoolingHttpClientConnectionManager  - Connection released: [id: 26][route: {}->http://localhost:37262][total kept alive: 0; route allocated: 0 of 2000; total allocated: 0 of 2000]
10967 [Forwarding findElement on session b1310904-d161-49ca-a1a6-530fba7baea8 to remote] DEBUG org.apache.http.client.protocol.RequestAddCookies  - CookieSpec selected: best-match
10967 [Forwarding findElement on session b1310904-d161-49ca-a1a6-530fba7baea8 to remote] DEBUG org.apache.http.client.protocol.RequestAuthCache  - Auth cache not set in the context
10967 [Forwarding findElement on session b1310904-d161-49ca-a1a6-530fba7baea8 to remote] DEBUG org.apache.http.impl.conn.PoolingHttpClientConnectionManager  - Connection request: [route: {}->http://localhost:37262][total kept alive: 0; route allocated: 0 of 2000; total allocated: 0 of 2000]
10967 [Forwarding findElement on session b1310904-d161-49ca-a1a6-530fba7baea8 to remote] DEBUG org.apache.http.impl.conn.PoolingHttpClientConnectionManager  - Connection leased: [id: 27][route: {}->http://localhost:37262][total kept alive: 0; route allocated: 1 of 2000; total allocated: 1 of 2000]
10967 [Forwarding findElement on session b1310904-d161-49ca-a1a6-530fba7baea8 to remote] DEBUG org.apache.http.impl.execchain.MainClientExec  - Opening connection {}->http://localhost:37262
10967 [Forwarding findElement on session b1310904-d161-49ca-a1a6-530fba7baea8 to remote] DEBUG org.apache.http.impl.conn.HttpClientConnectionOperator  - Connecting to localhost/127.0.0.1:37262
10967 [Forwarding findElement on session b1310904-d161-49ca-a1a6-530fba7baea8 to remote] DEBUG org.apache.http.impl.conn.HttpClientConnectionOperator  - Connection established 127.0.0.1:17242<->127.0.0.1:37262
10967 [Forwarding findElement on session b1310904-d161-49ca-a1a6-530fba7baea8 to remote] DEBUG org.apache.http.impl.execchain.MainClientExec  - Executing request POST /session/b1310904-d161-49ca-a1a6-530fba7baea8/element HTTP/1.1
10967 [Forwarding findElement on session b1310904-d161-49ca-a1a6-530fba7baea8 to remote] DEBUG org.apache.http.impl.execchain.MainClientExec  - Target auth state: UNCHALLENGED
10967 [Forwarding findElement on session b1310904-d161-49ca-a1a6-530fba7baea8 to remote] DEBUG org.apache.http.impl.execchain.MainClientExec  - Proxy auth state: UNCHALLENGED
10967 [Forwarding findElement on session b1310904-d161-49ca-a1a6-530fba7baea8 to remote] DEBUG org.apache.http.headers  - http-outgoing-27 >> POST /session/b1310904-d161-49ca-a1a6-530fba7baea8/element HTTP/1.1
10967 [Forwarding findElement on session b1310904-d161-49ca-a1a6-530fba7baea8 to remote] DEBUG org.apache.http.headers  - http-outgoing-27 >> Content-Type: application/json; charset=utf-8
10967 [Forwarding findElement on session b1310904-d161-49ca-a1a6-530fba7baea8 to remote] DEBUG org.apache.http.headers  - http-outgoing-27 >> Content-Length: 53
10967 [Forwarding findElement on session b1310904-d161-49ca-a1a6-530fba7baea8 to remote] DEBUG org.apache.http.headers  - http-outgoing-27 >> Host: localhost:37262
10967 [Forwarding findElement on session b1310904-d161-49ca-a1a6-530fba7baea8 to remote] DEBUG org.apache.http.headers  - http-outgoing-27 >> Connection: Keep-Alive
10967 [Forwarding findElement on session b1310904-d161-49ca-a1a6-530fba7baea8 to remote] DEBUG org.apache.http.headers  - http-outgoing-27 >> User-Agent: Apache-HttpClient/4.3.3 (java 1.5)
10967 [Forwarding findElement on session b1310904-d161-49ca-a1a6-530fba7baea8 to remote] DEBUG org.apache.http.headers  - http-outgoing-27 >> Accept-Encoding: gzip,deflate
10967 [Forwarding findElement on session b1310904-d161-49ca-a1a6-530fba7baea8 to remote] DEBUG org.apache.http.wire  - http-outgoing-27 >> "POST /session/b1310904-d161-49ca-a1a6-530fba7baea8/element HTTP/1.1[\r][\n]"
10967 [Forwarding findElement on session b1310904-d161-49ca-a1a6-530fba7baea8 to remote] DEBUG org.apache.http.wire  - http-outgoing-27 >> "Content-Type: application/json; charset=utf-8[\r][\n]"
10967 [Forwarding findElement on session b1310904-d161-49ca-a1a6-530fba7baea8 to remote] DEBUG org.apache.http.wire  - http-outgoing-27 >> "Content-Length: 53[\r][\n]"
10967 [Forwarding findElement on session b1310904-d161-49ca-a1a6-530fba7baea8 to remote] DEBUG org.apache.http.wire  - http-outgoing-27 >> "Host: localhost:37262[\r][\n]"
10967 [Forwarding findElement on session b1310904-d161-49ca-a1a6-530fba7baea8 to remote] DEBUG org.apache.http.wire  - http-outgoing-27 >> "Connection: Keep-Alive[\r][\n]"
10967 [Forwarding findElement on session b1310904-d161-49ca-a1a6-530fba7baea8 to remote] DEBUG org.apache.http.wire  - http-outgoing-27 >> "User-Agent: Apache-HttpClient/4.3.3 (java 1.5)[\r][\n]"
10967 [Forwarding findElement on session b1310904-d161-49ca-a1a6-530fba7baea8 to remote] DEBUG org.apache.http.wire  - http-outgoing-27 >> "Accept-Encoding: gzip,deflate[\r][\n]"
10967 [Forwarding findElement on session b1310904-d161-49ca-a1a6-530fba7baea8 to remote] DEBUG org.apache.http.wire  - http-outgoing-27 >> "[\r][\n]"
10967 [Forwarding findElement on session b1310904-d161-49ca-a1a6-530fba7baea8 to remote] DEBUG org.apache.http.wire  - http-outgoing-27 >> "{"using":"xpath","value":"//input[@name='password']"}"
10997 [Forwarding findElement on session b1310904-d161-49ca-a1a6-530fba7baea8 to remote] DEBUG org.apache.http.wire  - http-outgoing-27 << "HTTP/1.1 200 OK[\r][\n]"
10997 [Forwarding findElement on session b1310904-d161-49ca-a1a6-530fba7baea8 to remote] DEBUG org.apache.http.wire  - http-outgoing-27 << "Content-Length: 200[\r][\n]"
10997 [Forwarding findElement on session b1310904-d161-49ca-a1a6-530fba7baea8 to remote] DEBUG org.apache.http.wire  - http-outgoing-27 << "Content-Type: application/json; charset=UTF-8[\r][\n]"
10997 [Forwarding findElement on session b1310904-d161-49ca-a1a6-530fba7baea8 to remote] DEBUG org.apache.http.wire  - http-outgoing-27 << "Vary: Accept-Charset, Accept-Encoding, Accept-Language, Accept[\r][\n]"
10997 [Forwarding findElement on session b1310904-d161-49ca-a1a6-530fba7baea8 to remote] DEBUG org.apache.http.wire  - http-outgoing-27 << "Accept-Ranges: bytes[\r][\n]"
10997 [Forwarding findElement on session b1310904-d161-49ca-a1a6-530fba7baea8 to remote] DEBUG org.apache.http.wire  - http-outgoing-27 << "Connection: close[\r][\n]"
10997 [Forwarding findElement on session b1310904-d161-49ca-a1a6-530fba7baea8 to remote] DEBUG org.apache.http.wire  - http-outgoing-27 << "[\r][\n]"
10997 [Forwarding findElement on session b1310904-d161-49ca-a1a6-530fba7baea8 to remote] DEBUG org.apache.http.wire  - http-outgoing-27 << "{"sessionId":"b1310904-d161-49ca-a1a6-530fba7baea8","status":0,"value":{"ELEMENT":"aaf2fdb5-a749-4a1f-9981-75d8fc996473","element-6066-11e4-a52e-4f735466cecf":"aaf2fdb5-a749-4a1f-9981-75d8fc996473"}}[\n]"
10997 [Forwarding findElement on session b1310904-d161-49ca-a1a6-530fba7baea8 to remote] DEBUG org.apache.http.wire  - http-outgoing-27 << "[\r][\n]"
10997 [Forwarding findElement on session b1310904-d161-49ca-a1a6-530fba7baea8 to remote] DEBUG org.apache.http.headers  - http-outgoing-27 << HTTP/1.1 200 OK
10997 [Forwarding findElement on session b1310904-d161-49ca-a1a6-530fba7baea8 to remote] DEBUG org.apache.http.headers  - http-outgoing-27 << Content-Length: 200
10997 [Forwarding findElement on session b1310904-d161-49ca-a1a6-530fba7baea8 to remote] DEBUG org.apache.http.headers  - http-outgoing-27 << Content-Type: application/json; charset=UTF-8
10997 [Forwarding findElement on session b1310904-d161-49ca-a1a6-530fba7baea8 to remote] DEBUG org.apache.http.headers  - http-outgoing-27 << Vary: Accept-Charset, Accept-Encoding, Accept-Language, Accept
10997 [Forwarding findElement on session b1310904-d161-49ca-a1a6-530fba7baea8 to remote] DEBUG org.apache.http.headers  - http-outgoing-27 << Accept-Ranges: bytes
10997 [Forwarding findElement on session b1310904-d161-49ca-a1a6-530fba7baea8 to remote] DEBUG org.apache.http.headers  - http-outgoing-27 << Connection: close
10997 [Forwarding findElement on session b1310904-d161-49ca-a1a6-530fba7baea8 to remote] DEBUG org.apache.http.impl.conn.DefaultManagedHttpClientConnection  - http-outgoing-27: Shutdown connection
10997 [Forwarding findElement on session b1310904-d161-49ca-a1a6-530fba7baea8 to remote] DEBUG org.apache.http.impl.execchain.MainClientExec  - Connection discarded
10997 [Forwarding findElement on session b1310904-d161-49ca-a1a6-530fba7baea8 to remote] DEBUG org.apache.http.impl.conn.DefaultManagedHttpClientConnection  - http-outgoing-27: Close connection
10997 [Forwarding findElement on session b1310904-d161-49ca-a1a6-530fba7baea8 to remote] DEBUG org.apache.http.impl.conn.PoolingHttpClientConnectionManager  - Connection released: [id: 27][route: {}->http://localhost:37262][total kept alive: 0; route allocated: 0 of 2000; total allocated: 0 of 2000]
10997 [Forwarding isElementDisplayed on session b1310904-d161-49ca-a1a6-530fba7baea8 to remote] DEBUG org.apache.http.client.protocol.RequestAddCookies  - CookieSpec selected: best-match
10997 [Forwarding isElementDisplayed on session b1310904-d161-49ca-a1a6-530fba7baea8 to remote] DEBUG org.apache.http.client.protocol.RequestAuthCache  - Auth cache not set in the context
10997 [Forwarding isElementDisplayed on session b1310904-d161-49ca-a1a6-530fba7baea8 to remote] DEBUG org.apache.http.impl.conn.PoolingHttpClientConnectionManager  - Connection request: [route: {}->http://localhost:37262][total kept alive: 0; route allocated: 0 of 2000; total allocated: 0 of 2000]
10997 [Forwarding isElementDisplayed on session b1310904-d161-49ca-a1a6-530fba7baea8 to remote] DEBUG org.apache.http.impl.conn.PoolingHttpClientConnectionManager  - Connection leased: [id: 28][route: {}->http://localhost:37262][total kept alive: 0; route allocated: 1 of 2000; total allocated: 1 of 2000]
10997 [Forwarding isElementDisplayed on session b1310904-d161-49ca-a1a6-530fba7baea8 to remote] DEBUG org.apache.http.impl.execchain.MainClientExec  - Opening connection {}->http://localhost:37262
10997 [Forwarding isElementDisplayed on session b1310904-d161-49ca-a1a6-530fba7baea8 to remote] DEBUG org.apache.http.impl.conn.HttpClientConnectionOperator  - Connecting to localhost/127.0.0.1:37262
10997 [Forwarding isElementDisplayed on session b1310904-d161-49ca-a1a6-530fba7baea8 to remote] DEBUG org.apache.http.impl.conn.HttpClientConnectionOperator  - Connection established 127.0.0.1:17243<->127.0.0.1:37262
10997 [Forwarding isElementDisplayed on session b1310904-d161-49ca-a1a6-530fba7baea8 to remote] DEBUG org.apache.http.impl.execchain.MainClientExec  - Executing request GET /session/b1310904-d161-49ca-a1a6-530fba7baea8/element/aaf2fdb5-a749-4a1f-9981-75d8fc996473/displayed HTTP/1.1
10997 [Forwarding isElementDisplayed on session b1310904-d161-49ca-a1a6-530fba7baea8 to remote] DEBUG org.apache.http.impl.execchain.MainClientExec  - Target auth state: UNCHALLENGED
10997 [Forwarding isElementDisplayed on session b1310904-d161-49ca-a1a6-530fba7baea8 to remote] DEBUG org.apache.http.impl.execchain.MainClientExec  - Proxy auth state: UNCHALLENGED
10997 [Forwarding isElementDisplayed on session b1310904-d161-49ca-a1a6-530fba7baea8 to remote] DEBUG org.apache.http.headers  - http-outgoing-28 >> GET /session/b1310904-d161-49ca-a1a6-530fba7baea8/element/aaf2fdb5-a749-4a1f-9981-75d8fc996473/displayed HTTP/1.1
10997 [Forwarding isElementDisplayed on session b1310904-d161-49ca-a1a6-530fba7baea8 to remote] DEBUG org.apache.http.headers  - http-outgoing-28 >> Cache-Control: no-cache
10997 [Forwarding isElementDisplayed on session b1310904-d161-49ca-a1a6-530fba7baea8 to remote] DEBUG org.apache.http.headers  - http-outgoing-28 >> Host: localhost:37262
10997 [Forwarding isElementDisplayed on session b1310904-d161-49ca-a1a6-530fba7baea8 to remote] DEBUG org.apache.http.headers  - http-outgoing-28 >> Connection: Keep-Alive
10997 [Forwarding isElementDisplayed on session b1310904-d161-49ca-a1a6-530fba7baea8 to remote] DEBUG org.apache.http.headers  - http-outgoing-28 >> User-Agent: Apache-HttpClient/4.3.3 (java 1.5)
10997 [Forwarding isElementDisplayed on session b1310904-d161-49ca-a1a6-530fba7baea8 to remote] DEBUG org.apache.http.headers  - http-outgoing-28 >> Accept-Encoding: gzip,deflate
10997 [Forwarding isElementDisplayed on session b1310904-d161-49ca-a1a6-530fba7baea8 to remote] DEBUG org.apache.http.wire  - http-outgoing-28 >> "GET /session/b1310904-d161-49ca-a1a6-530fba7baea8/element/aaf2fdb5-a749-4a1f-9981-75d8fc996473/displayed HTTP/1.1[\r][\n]"
10997 [Forwarding isElementDisplayed on session b1310904-d161-49ca-a1a6-530fba7baea8 to remote] DEBUG org.apache.http.wire  - http-outgoing-28 >> "Cache-Control: no-cache[\r][\n]"
10997 [Forwarding isElementDisplayed on session b1310904-d161-49ca-a1a6-530fba7baea8 to remote] DEBUG org.apache.http.wire  - http-outgoing-28 >> "Host: localhost:37262[\r][\n]"
10997 [Forwarding isElementDisplayed on session b1310904-d161-49ca-a1a6-530fba7baea8 to remote] DEBUG org.apache.http.wire  - http-outgoing-28 >> "Connection: Keep-Alive[\r][\n]"
10997 [Forwarding isElementDisplayed on session b1310904-d161-49ca-a1a6-530fba7baea8 to remote] DEBUG org.apache.http.wire  - http-outgoing-28 >> "User-Agent: Apache-HttpClient/4.3.3 (java 1.5)[\r][\n]"
10997 [Forwarding isElementDisplayed on session b1310904-d161-49ca-a1a6-530fba7baea8 to remote] DEBUG org.apache.http.wire  - http-outgoing-28 >> "Accept-Encoding: gzip,deflate[\r][\n]"
10997 [Forwarding isElementDisplayed on session b1310904-d161-49ca-a1a6-530fba7baea8 to remote] DEBUG org.apache.http.wire  - http-outgoing-28 >> "[\r][\n]"
11037 [Forwarding isElementDisplayed on session b1310904-d161-49ca-a1a6-530fba7baea8 to remote] DEBUG org.apache.http.wire  - http-outgoing-28 << "HTTP/1.1 200 OK[\r][\n]"
11037 [Forwarding isElementDisplayed on session b1310904-d161-49ca-a1a6-530fba7baea8 to remote] DEBUG org.apache.http.wire  - http-outgoing-28 << "Content-Length: 77[\r][\n]"
11037 [Forwarding isElementDisplayed on session b1310904-d161-49ca-a1a6-530fba7baea8 to remote] DEBUG org.apache.http.wire  - http-outgoing-28 << "Content-Type: application/json; charset=UTF-8[\r][\n]"
11037 [Forwarding isElementDisplayed on session b1310904-d161-49ca-a1a6-530fba7baea8 to remote] DEBUG org.apache.http.wire  - http-outgoing-28 << "Vary: Accept-Charset, Accept-Encoding, Accept-Language, Accept[\r][\n]"
11037 [Forwarding isElementDisplayed on session b1310904-d161-49ca-a1a6-530fba7baea8 to remote] DEBUG org.apache.http.wire  - http-outgoing-28 << "Accept-Ranges: bytes[\r][\n]"
11037 [Forwarding isElementDisplayed on session b1310904-d161-49ca-a1a6-530fba7baea8 to remote] DEBUG org.apache.http.wire  - http-outgoing-28 << "Connection: close[\r][\n]"
11037 [Forwarding isElementDisplayed on session b1310904-d161-49ca-a1a6-530fba7baea8 to remote] DEBUG org.apache.http.wire  - http-outgoing-28 << "[\r][\n]"
11037 [Forwarding isElementDisplayed on session b1310904-d161-49ca-a1a6-530fba7baea8 to remote] DEBUG org.apache.http.wire  - http-outgoing-28 << "{"sessionId":"b1310904-d161-49ca-a1a6-530fba7baea8","status":0,"value":true}[\n]"
11037 [Forwarding isElementDisplayed on session b1310904-d161-49ca-a1a6-530fba7baea8 to remote] DEBUG org.apache.http.wire  - http-outgoing-28 << "[\r][\n]"
11037 [Forwarding isElementDisplayed on session b1310904-d161-49ca-a1a6-530fba7baea8 to remote] DEBUG org.apache.http.headers  - http-outgoing-28 << HTTP/1.1 200 OK
11037 [Forwarding isElementDisplayed on session b1310904-d161-49ca-a1a6-530fba7baea8 to remote] DEBUG org.apache.http.headers  - http-outgoing-28 << Content-Length: 77
11037 [Forwarding isElementDisplayed on session b1310904-d161-49ca-a1a6-530fba7baea8 to remote] DEBUG org.apache.http.headers  - http-outgoing-28 << Content-Type: application/json; charset=UTF-8
11037 [Forwarding isElementDisplayed on session b1310904-d161-49ca-a1a6-530fba7baea8 to remote] DEBUG org.apache.http.headers  - http-outgoing-28 << Vary: Accept-Charset, Accept-Encoding, Accept-Language, Accept
11037 [Forwarding isElementDisplayed on session b1310904-d161-49ca-a1a6-530fba7baea8 to remote] DEBUG org.apache.http.headers  - http-outgoing-28 << Accept-Ranges: bytes
11037 [Forwarding isElementDisplayed on session b1310904-d161-49ca-a1a6-530fba7baea8 to remote] DEBUG org.apache.http.headers  - http-outgoing-28 << Connection: close
11037 [Forwarding isElementDisplayed on session b1310904-d161-49ca-a1a6-530fba7baea8 to remote] DEBUG org.apache.http.impl.conn.DefaultManagedHttpClientConnection  - http-outgoing-28: Shutdown connection
11037 [Forwarding isElementDisplayed on session b1310904-d161-49ca-a1a6-530fba7baea8 to remote] DEBUG org.apache.http.impl.execchain.MainClientExec  - Connection discarded
11037 [Forwarding isElementDisplayed on session b1310904-d161-49ca-a1a6-530fba7baea8 to remote] DEBUG org.apache.http.impl.conn.DefaultManagedHttpClientConnection  - http-outgoing-28: Close connection
11037 [Forwarding isElementDisplayed on session b1310904-d161-49ca-a1a6-530fba7baea8 to remote] DEBUG org.apache.http.impl.conn.PoolingHttpClientConnectionManager  - Connection released: [id: 28][route: {}->http://localhost:37262][total kept alive: 0; route allocated: 0 of 2000; total allocated: 0 of 2000]
11037 [Forwarding findElement on session b1310904-d161-49ca-a1a6-530fba7baea8 to remote] DEBUG org.apache.http.client.protocol.RequestAddCookies  - CookieSpec selected: best-match
11037 [Forwarding findElement on session b1310904-d161-49ca-a1a6-530fba7baea8 to remote] DEBUG org.apache.http.client.protocol.RequestAuthCache  - Auth cache not set in the context
11037 [Forwarding findElement on session b1310904-d161-49ca-a1a6-530fba7baea8 to remote] DEBUG org.apache.http.impl.conn.PoolingHttpClientConnectionManager  - Connection request: [route: {}->http://localhost:37262][total kept alive: 0; route allocated: 0 of 2000; total allocated: 0 of 2000]
11037 [Forwarding findElement on session b1310904-d161-49ca-a1a6-530fba7baea8 to remote] DEBUG org.apache.http.impl.conn.PoolingHttpClientConnectionManager  - Connection leased: [id: 29][route: {}->http://localhost:37262][total kept alive: 0; route allocated: 1 of 2000; total allocated: 1 of 2000]
11037 [Forwarding findElement on session b1310904-d161-49ca-a1a6-530fba7baea8 to remote] DEBUG org.apache.http.impl.execchain.MainClientExec  - Opening connection {}->http://localhost:37262
11037 [Forwarding findElement on session b1310904-d161-49ca-a1a6-530fba7baea8 to remote] DEBUG org.apache.http.impl.conn.HttpClientConnectionOperator  - Connecting to localhost/127.0.0.1:37262
11037 [Forwarding findElement on session b1310904-d161-49ca-a1a6-530fba7baea8 to remote] DEBUG org.apache.http.impl.conn.HttpClientConnectionOperator  - Connection established 127.0.0.1:17244<->127.0.0.1:37262
11037 [Forwarding findElement on session b1310904-d161-49ca-a1a6-530fba7baea8 to remote] DEBUG org.apache.http.impl.execchain.MainClientExec  - Executing request POST /session/b1310904-d161-49ca-a1a6-530fba7baea8/element HTTP/1.1
11037 [Forwarding findElement on session b1310904-d161-49ca-a1a6-530fba7baea8 to remote] DEBUG org.apache.http.impl.execchain.MainClientExec  - Target auth state: UNCHALLENGED
11037 [Forwarding findElement on session b1310904-d161-49ca-a1a6-530fba7baea8 to remote] DEBUG org.apache.http.impl.execchain.MainClientExec  - Proxy auth state: UNCHALLENGED
11037 [Forwarding findElement on session b1310904-d161-49ca-a1a6-530fba7baea8 to remote] DEBUG org.apache.http.headers  - http-outgoing-29 >> POST /session/b1310904-d161-49ca-a1a6-530fba7baea8/element HTTP/1.1
11037 [Forwarding findElement on session b1310904-d161-49ca-a1a6-530fba7baea8 to remote] DEBUG org.apache.http.headers  - http-outgoing-29 >> Content-Type: application/json; charset=utf-8
11037 [Forwarding findElement on session b1310904-d161-49ca-a1a6-530fba7baea8 to remote] DEBUG org.apache.http.headers  - http-outgoing-29 >> Content-Length: 53
11037 [Forwarding findElement on session b1310904-d161-49ca-a1a6-530fba7baea8 to remote] DEBUG org.apache.http.headers  - http-outgoing-29 >> Host: localhost:37262
11037 [Forwarding findElement on session b1310904-d161-49ca-a1a6-530fba7baea8 to remote] DEBUG org.apache.http.headers  - http-outgoing-29 >> Connection: Keep-Alive
11037 [Forwarding findElement on session b1310904-d161-49ca-a1a6-530fba7baea8 to remote] DEBUG org.apache.http.headers  - http-outgoing-29 >> User-Agent: Apache-HttpClient/4.3.3 (java 1.5)
11037 [Forwarding findElement on session b1310904-d161-49ca-a1a6-530fba7baea8 to remote] DEBUG org.apache.http.headers  - http-outgoing-29 >> Accept-Encoding: gzip,deflate
11037 [Forwarding findElement on session b1310904-d161-49ca-a1a6-530fba7baea8 to remote] DEBUG org.apache.http.wire  - http-outgoing-29 >> "POST /session/b1310904-d161-49ca-a1a6-530fba7baea8/element HTTP/1.1[\r][\n]"
11037 [Forwarding findElement on session b1310904-d161-49ca-a1a6-530fba7baea8 to remote] DEBUG org.apache.http.wire  - http-outgoing-29 >> "Content-Type: application/json; charset=utf-8[\r][\n]"
11037 [Forwarding findElement on session b1310904-d161-49ca-a1a6-530fba7baea8 to remote] DEBUG org.apache.http.wire  - http-outgoing-29 >> "Content-Length: 53[\r][\n]"
11037 [Forwarding findElement on session b1310904-d161-49ca-a1a6-530fba7baea8 to remote] DEBUG org.apache.http.wire  - http-outgoing-29 >> "Host: localhost:37262[\r][\n]"
11037 [Forwarding findElement on session b1310904-d161-49ca-a1a6-530fba7baea8 to remote] DEBUG org.apache.http.wire  - http-outgoing-29 >> "Connection: Keep-Alive[\r][\n]"
11037 [Forwarding findElement on session b1310904-d161-49ca-a1a6-530fba7baea8 to remote] DEBUG org.apache.http.wire  - http-outgoing-29 >> "User-Agent: Apache-HttpClient/4.3.3 (java 1.5)[\r][\n]"
11037 [Forwarding findElement on session b1310904-d161-49ca-a1a6-530fba7baea8 to remote] DEBUG org.apache.http.wire  - http-outgoing-29 >> "Accept-Encoding: gzip,deflate[\r][\n]"
11037 [Forwarding findElement on session b1310904-d161-49ca-a1a6-530fba7baea8 to remote] DEBUG org.apache.http.wire  - http-outgoing-29 >> "[\r][\n]"
11037 [Forwarding findElement on session b1310904-d161-49ca-a1a6-530fba7baea8 to remote] DEBUG org.apache.http.wire  - http-outgoing-29 >> "{"using":"xpath","value":"//input[@name='password']"}"
11067 [Forwarding findElement on session b1310904-d161-49ca-a1a6-530fba7baea8 to remote] DEBUG org.apache.http.wire  - http-outgoing-29 << "HTTP/1.1 200 OK[\r][\n]"
11067 [Forwarding findElement on session b1310904-d161-49ca-a1a6-530fba7baea8 to remote] DEBUG org.apache.http.wire  - http-outgoing-29 << "Content-Length: 200[\r][\n]"
11067 [Forwarding findElement on session b1310904-d161-49ca-a1a6-530fba7baea8 to remote] DEBUG org.apache.http.wire  - http-outgoing-29 << "Content-Type: application/json; charset=UTF-8[\r][\n]"
11067 [Forwarding findElement on session b1310904-d161-49ca-a1a6-530fba7baea8 to remote] DEBUG org.apache.http.wire  - http-outgoing-29 << "Vary: Accept-Charset, Accept-Encoding, Accept-Language, Accept[\r][\n]"
11067 [Forwarding findElement on session b1310904-d161-49ca-a1a6-530fba7baea8 to remote] DEBUG org.apache.http.wire  - http-outgoing-29 << "Accept-Ranges: bytes[\r][\n]"
11067 [Forwarding findElement on session b1310904-d161-49ca-a1a6-530fba7baea8 to remote] DEBUG org.apache.http.wire  - http-outgoing-29 << "Connection: close[\r][\n]"
11067 [Forwarding findElement on session b1310904-d161-49ca-a1a6-530fba7baea8 to remote] DEBUG org.apache.http.wire  - http-outgoing-29 << "[\r][\n]"
11067 [Forwarding findElement on session b1310904-d161-49ca-a1a6-530fba7baea8 to remote] DEBUG org.apache.http.wire  - http-outgoing-29 << "{"sessionId":"b1310904-d161-49ca-a1a6-530fba7baea8","status":0,"value":{"ELEMENT":"aaf2fdb5-a749-4a1f-9981-75d8fc996473","element-6066-11e4-a52e-4f735466cecf":"aaf2fdb5-a749-4a1f-9981-75d8fc996473"}}[\n]"
11067 [Forwarding findElement on session b1310904-d161-49ca-a1a6-530fba7baea8 to remote] DEBUG org.apache.http.wire  - http-outgoing-29 << "[\r][\n]"
11067 [Forwarding findElement on session b1310904-d161-49ca-a1a6-530fba7baea8 to remote] DEBUG org.apache.http.headers  - http-outgoing-29 << HTTP/1.1 200 OK
11067 [Forwarding findElement on session b1310904-d161-49ca-a1a6-530fba7baea8 to remote] DEBUG org.apache.http.headers  - http-outgoing-29 << Content-Length: 200
11067 [Forwarding findElement on session b1310904-d161-49ca-a1a6-530fba7baea8 to remote] DEBUG org.apache.http.headers  - http-outgoing-29 << Content-Type: application/json; charset=UTF-8
11067 [Forwarding findElement on session b1310904-d161-49ca-a1a6-530fba7baea8 to remote] DEBUG org.apache.http.headers  - http-outgoing-29 << Vary: Accept-Charset, Accept-Encoding, Accept-Language, Accept
11067 [Forwarding findElement on session b1310904-d161-49ca-a1a6-530fba7baea8 to remote] DEBUG org.apache.http.headers  - http-outgoing-29 << Accept-Ranges: bytes
11067 [Forwarding findElement on session b1310904-d161-49ca-a1a6-530fba7baea8 to remote] DEBUG org.apache.http.headers  - http-outgoing-29 << Connection: close
11067 [Forwarding findElement on session b1310904-d161-49ca-a1a6-530fba7baea8 to remote] DEBUG org.apache.http.impl.conn.DefaultManagedHttpClientConnection  - http-outgoing-29: Shutdown connection
11067 [Forwarding findElement on session b1310904-d161-49ca-a1a6-530fba7baea8 to remote] DEBUG org.apache.http.impl.execchain.MainClientExec  - Connection discarded
11067 [Forwarding findElement on session b1310904-d161-49ca-a1a6-530fba7baea8 to remote] DEBUG org.apache.http.impl.conn.DefaultManagedHttpClientConnection  - http-outgoing-29: Close connection
11067 [Forwarding findElement on session b1310904-d161-49ca-a1a6-530fba7baea8 to remote] DEBUG org.apache.http.impl.conn.PoolingHttpClientConnectionManager  - Connection released: [id: 29][route: {}->http://localhost:37262][total kept alive: 0; route allocated: 0 of 2000; total allocated: 0 of 2000]
11067 [Forwarding isElementEnabled on session b1310904-d161-49ca-a1a6-530fba7baea8 to remote] DEBUG org.apache.http.client.protocol.RequestAddCookies  - CookieSpec selected: best-match
11067 [Forwarding isElementEnabled on session b1310904-d161-49ca-a1a6-530fba7baea8 to remote] DEBUG org.apache.http.client.protocol.RequestAuthCache  - Auth cache not set in the context
11067 [Forwarding isElementEnabled on session b1310904-d161-49ca-a1a6-530fba7baea8 to remote] DEBUG org.apache.http.impl.conn.PoolingHttpClientConnectionManager  - Connection request: [route: {}->http://localhost:37262][total kept alive: 0; route allocated: 0 of 2000; total allocated: 0 of 2000]
11067 [Forwarding isElementEnabled on session b1310904-d161-49ca-a1a6-530fba7baea8 to remote] DEBUG org.apache.http.impl.conn.PoolingHttpClientConnectionManager  - Connection leased: [id: 30][route: {}->http://localhost:37262][total kept alive: 0; route allocated: 1 of 2000; total allocated: 1 of 2000]
11067 [Forwarding isElementEnabled on session b1310904-d161-49ca-a1a6-530fba7baea8 to remote] DEBUG org.apache.http.impl.execchain.MainClientExec  - Opening connection {}->http://localhost:37262
11067 [Forwarding isElementEnabled on session b1310904-d161-49ca-a1a6-530fba7baea8 to remote] DEBUG org.apache.http.impl.conn.HttpClientConnectionOperator  - Connecting to localhost/127.0.0.1:37262
11067 [Forwarding isElementEnabled on session b1310904-d161-49ca-a1a6-530fba7baea8 to remote] DEBUG org.apache.http.impl.conn.HttpClientConnectionOperator  - Connection established 127.0.0.1:17245<->127.0.0.1:37262
11067 [Forwarding isElementEnabled on session b1310904-d161-49ca-a1a6-530fba7baea8 to remote] DEBUG org.apache.http.impl.execchain.MainClientExec  - Executing request GET /session/b1310904-d161-49ca-a1a6-530fba7baea8/element/aaf2fdb5-a749-4a1f-9981-75d8fc996473/enabled HTTP/1.1
11067 [Forwarding isElementEnabled on session b1310904-d161-49ca-a1a6-530fba7baea8 to remote] DEBUG org.apache.http.impl.execchain.MainClientExec  - Target auth state: UNCHALLENGED
11067 [Forwarding isElementEnabled on session b1310904-d161-49ca-a1a6-530fba7baea8 to remote] DEBUG org.apache.http.impl.execchain.MainClientExec  - Proxy auth state: UNCHALLENGED
11067 [Forwarding isElementEnabled on session b1310904-d161-49ca-a1a6-530fba7baea8 to remote] DEBUG org.apache.http.headers  - http-outgoing-30 >> GET /session/b1310904-d161-49ca-a1a6-530fba7baea8/element/aaf2fdb5-a749-4a1f-9981-75d8fc996473/enabled HTTP/1.1
11067 [Forwarding isElementEnabled on session b1310904-d161-49ca-a1a6-530fba7baea8 to remote] DEBUG org.apache.http.headers  - http-outgoing-30 >> Cache-Control: no-cache
11067 [Forwarding isElementEnabled on session b1310904-d161-49ca-a1a6-530fba7baea8 to remote] DEBUG org.apache.http.headers  - http-outgoing-30 >> Host: localhost:37262
11067 [Forwarding isElementEnabled on session b1310904-d161-49ca-a1a6-530fba7baea8 to remote] DEBUG org.apache.http.headers  - http-outgoing-30 >> Connection: Keep-Alive
11067 [Forwarding isElementEnabled on session b1310904-d161-49ca-a1a6-530fba7baea8 to remote] DEBUG org.apache.http.headers  - http-outgoing-30 >> User-Agent: Apache-HttpClient/4.3.3 (java 1.5)
11067 [Forwarding isElementEnabled on session b1310904-d161-49ca-a1a6-530fba7baea8 to remote] DEBUG org.apache.http.headers  - http-outgoing-30 >> Accept-Encoding: gzip,deflate
11067 [Forwarding isElementEnabled on session b1310904-d161-49ca-a1a6-530fba7baea8 to remote] DEBUG org.apache.http.wire  - http-outgoing-30 >> "GET /session/b1310904-d161-49ca-a1a6-530fba7baea8/element/aaf2fdb5-a749-4a1f-9981-75d8fc996473/enabled HTTP/1.1[\r][\n]"
11067 [Forwarding isElementEnabled on session b1310904-d161-49ca-a1a6-530fba7baea8 to remote] DEBUG org.apache.http.wire  - http-outgoing-30 >> "Cache-Control: no-cache[\r][\n]"
11067 [Forwarding isElementEnabled on session b1310904-d161-49ca-a1a6-530fba7baea8 to remote] DEBUG org.apache.http.wire  - http-outgoing-30 >> "Host: localhost:37262[\r][\n]"
11067 [Forwarding isElementEnabled on session b1310904-d161-49ca-a1a6-530fba7baea8 to remote] DEBUG org.apache.http.wire  - http-outgoing-30 >> "Connection: Keep-Alive[\r][\n]"
11067 [Forwarding isElementEnabled on session b1310904-d161-49ca-a1a6-530fba7baea8 to remote] DEBUG org.apache.http.wire  - http-outgoing-30 >> "User-Agent: Apache-HttpClient/4.3.3 (java 1.5)[\r][\n]"
11067 [Forwarding isElementEnabled on session b1310904-d161-49ca-a1a6-530fba7baea8 to remote] DEBUG org.apache.http.wire  - http-outgoing-30 >> "Accept-Encoding: gzip,deflate[\r][\n]"
11067 [Forwarding isElementEnabled on session b1310904-d161-49ca-a1a6-530fba7baea8 to remote] DEBUG org.apache.http.wire  - http-outgoing-30 >> "[\r][\n]"
11097 [Forwarding isElementEnabled on session b1310904-d161-49ca-a1a6-530fba7baea8 to remote] DEBUG org.apache.http.wire  - http-outgoing-30 << "HTTP/1.1 200 OK[\r][\n]"
11097 [Forwarding isElementEnabled on session b1310904-d161-49ca-a1a6-530fba7baea8 to remote] DEBUG org.apache.http.wire  - http-outgoing-30 << "Content-Length: 77[\r][\n]"
11097 [Forwarding isElementEnabled on session b1310904-d161-49ca-a1a6-530fba7baea8 to remote] DEBUG org.apache.http.wire  - http-outgoing-30 << "Content-Type: application/json; charset=UTF-8[\r][\n]"
11097 [Forwarding isElementEnabled on session b1310904-d161-49ca-a1a6-530fba7baea8 to remote] DEBUG org.apache.http.wire  - http-outgoing-30 << "Vary: Accept-Charset, Accept-Encoding, Accept-Language, Accept[\r][\n]"
11097 [Forwarding isElementEnabled on session b1310904-d161-49ca-a1a6-530fba7baea8 to remote] DEBUG org.apache.http.wire  - http-outgoing-30 << "Accept-Ranges: bytes[\r][\n]"
11097 [Forwarding isElementEnabled on session b1310904-d161-49ca-a1a6-530fba7baea8 to remote] DEBUG org.apache.http.wire  - http-outgoing-30 << "Connection: close[\r][\n]"
11097 [Forwarding isElementEnabled on session b1310904-d161-49ca-a1a6-530fba7baea8 to remote] DEBUG org.apache.http.wire  - http-outgoing-30 << "[\r][\n]"
11097 [Forwarding isElementEnabled on session b1310904-d161-49ca-a1a6-530fba7baea8 to remote] DEBUG org.apache.http.wire  - http-outgoing-30 << "{"sessionId":"b1310904-d161-49ca-a1a6-530fba7baea8","status":0,"value":true}[\n]"
11097 [Forwarding isElementEnabled on session b1310904-d161-49ca-a1a6-530fba7baea8 to remote] DEBUG org.apache.http.wire  - http-outgoing-30 << "[\r][\n]"
11097 [Forwarding isElementEnabled on session b1310904-d161-49ca-a1a6-530fba7baea8 to remote] DEBUG org.apache.http.headers  - http-outgoing-30 << HTTP/1.1 200 OK
11097 [Forwarding isElementEnabled on session b1310904-d161-49ca-a1a6-530fba7baea8 to remote] DEBUG org.apache.http.headers  - http-outgoing-30 << Content-Length: 77
11097 [Forwarding isElementEnabled on session b1310904-d161-49ca-a1a6-530fba7baea8 to remote] DEBUG org.apache.http.headers  - http-outgoing-30 << Content-Type: application/json; charset=UTF-8
11097 [Forwarding isElementEnabled on session b1310904-d161-49ca-a1a6-530fba7baea8 to remote] DEBUG org.apache.http.headers  - http-outgoing-30 << Vary: Accept-Charset, Accept-Encoding, Accept-Language, Accept
11097 [Forwarding isElementEnabled on session b1310904-d161-49ca-a1a6-530fba7baea8 to remote] DEBUG org.apache.http.headers  - http-outgoing-30 << Accept-Ranges: bytes
11097 [Forwarding isElementEnabled on session b1310904-d161-49ca-a1a6-530fba7baea8 to remote] DEBUG org.apache.http.headers  - http-outgoing-30 << Connection: close
11097 [Forwarding isElementEnabled on session b1310904-d161-49ca-a1a6-530fba7baea8 to remote] DEBUG org.apache.http.impl.conn.DefaultManagedHttpClientConnection  - http-outgoing-30: Shutdown connection
11097 [Forwarding isElementEnabled on session b1310904-d161-49ca-a1a6-530fba7baea8 to remote] DEBUG org.apache.http.impl.execchain.MainClientExec  - Connection discarded
11097 [Forwarding isElementEnabled on session b1310904-d161-49ca-a1a6-530fba7baea8 to remote] DEBUG org.apache.http.impl.conn.DefaultManagedHttpClientConnection  - http-outgoing-30: Close connection
11097 [Forwarding isElementEnabled on session b1310904-d161-49ca-a1a6-530fba7baea8 to remote] DEBUG org.apache.http.impl.conn.PoolingHttpClientConnectionManager  - Connection released: [id: 30][route: {}->http://localhost:37262][total kept alive: 0; route allocated: 0 of 2000; total allocated: 0 of 2000]
11097 [Forwarding findElement on session b1310904-d161-49ca-a1a6-530fba7baea8 to remote] DEBUG org.apache.http.client.protocol.RequestAddCookies  - CookieSpec selected: best-match
11097 [Forwarding findElement on session b1310904-d161-49ca-a1a6-530fba7baea8 to remote] DEBUG org.apache.http.client.protocol.RequestAuthCache  - Auth cache not set in the context
11097 [Forwarding findElement on session b1310904-d161-49ca-a1a6-530fba7baea8 to remote] DEBUG org.apache.http.impl.conn.PoolingHttpClientConnectionManager  - Connection request: [route: {}->http://localhost:37262][total kept alive: 0; route allocated: 0 of 2000; total allocated: 0 of 2000]
11097 [Forwarding findElement on session b1310904-d161-49ca-a1a6-530fba7baea8 to remote] DEBUG org.apache.http.impl.conn.PoolingHttpClientConnectionManager  - Connection leased: [id: 31][route: {}->http://localhost:37262][total kept alive: 0; route allocated: 1 of 2000; total allocated: 1 of 2000]
11097 [Forwarding findElement on session b1310904-d161-49ca-a1a6-530fba7baea8 to remote] DEBUG org.apache.http.impl.execchain.MainClientExec  - Opening connection {}->http://localhost:37262
11097 [Forwarding findElement on session b1310904-d161-49ca-a1a6-530fba7baea8 to remote] DEBUG org.apache.http.impl.conn.HttpClientConnectionOperator  - Connecting to localhost/127.0.0.1:37262
11097 [Forwarding findElement on session b1310904-d161-49ca-a1a6-530fba7baea8 to remote] DEBUG org.apache.http.impl.conn.HttpClientConnectionOperator  - Connection established 127.0.0.1:17246<->127.0.0.1:37262
11097 [Forwarding findElement on session b1310904-d161-49ca-a1a6-530fba7baea8 to remote] DEBUG org.apache.http.impl.execchain.MainClientExec  - Executing request POST /session/b1310904-d161-49ca-a1a6-530fba7baea8/element HTTP/1.1
11097 [Forwarding findElement on session b1310904-d161-49ca-a1a6-530fba7baea8 to remote] DEBUG org.apache.http.impl.execchain.MainClientExec  - Target auth state: UNCHALLENGED
11097 [Forwarding findElement on session b1310904-d161-49ca-a1a6-530fba7baea8 to remote] DEBUG org.apache.http.impl.execchain.MainClientExec  - Proxy auth state: UNCHALLENGED
11097 [Forwarding findElement on session b1310904-d161-49ca-a1a6-530fba7baea8 to remote] DEBUG org.apache.http.headers  - http-outgoing-31 >> POST /session/b1310904-d161-49ca-a1a6-530fba7baea8/element HTTP/1.1
11097 [Forwarding findElement on session b1310904-d161-49ca-a1a6-530fba7baea8 to remote] DEBUG org.apache.http.headers  - http-outgoing-31 >> Content-Type: application/json; charset=utf-8
11097 [Forwarding findElement on session b1310904-d161-49ca-a1a6-530fba7baea8 to remote] DEBUG org.apache.http.headers  - http-outgoing-31 >> Content-Length: 53
11097 [Forwarding findElement on session b1310904-d161-49ca-a1a6-530fba7baea8 to remote] DEBUG org.apache.http.headers  - http-outgoing-31 >> Host: localhost:37262
11097 [Forwarding findElement on session b1310904-d161-49ca-a1a6-530fba7baea8 to remote] DEBUG org.apache.http.headers  - http-outgoing-31 >> Connection: Keep-Alive
11097 [Forwarding findElement on session b1310904-d161-49ca-a1a6-530fba7baea8 to remote] DEBUG org.apache.http.headers  - http-outgoing-31 >> User-Agent: Apache-HttpClient/4.3.3 (java 1.5)
11097 [Forwarding findElement on session b1310904-d161-49ca-a1a6-530fba7baea8 to remote] DEBUG org.apache.http.headers  - http-outgoing-31 >> Accept-Encoding: gzip,deflate
11097 [Forwarding findElement on session b1310904-d161-49ca-a1a6-530fba7baea8 to remote] DEBUG org.apache.http.wire  - http-outgoing-31 >> "POST /session/b1310904-d161-49ca-a1a6-530fba7baea8/element HTTP/1.1[\r][\n]"
11097 [Forwarding findElement on session b1310904-d161-49ca-a1a6-530fba7baea8 to remote] DEBUG org.apache.http.wire  - http-outgoing-31 >> "Content-Type: application/json; charset=utf-8[\r][\n]"
11097 [Forwarding findElement on session b1310904-d161-49ca-a1a6-530fba7baea8 to remote] DEBUG org.apache.http.wire  - http-outgoing-31 >> "Content-Length: 53[\r][\n]"
11097 [Forwarding findElement on session b1310904-d161-49ca-a1a6-530fba7baea8 to remote] DEBUG org.apache.http.wire  - http-outgoing-31 >> "Host: localhost:37262[\r][\n]"
11097 [Forwarding findElement on session b1310904-d161-49ca-a1a6-530fba7baea8 to remote] DEBUG org.apache.http.wire  - http-outgoing-31 >> "Connection: Keep-Alive[\r][\n]"
11097 [Forwarding findElement on session b1310904-d161-49ca-a1a6-530fba7baea8 to remote] DEBUG org.apache.http.wire  - http-outgoing-31 >> "User-Agent: Apache-HttpClient/4.3.3 (java 1.5)[\r][\n]"
11097 [Forwarding findElement on session b1310904-d161-49ca-a1a6-530fba7baea8 to remote] DEBUG org.apache.http.wire  - http-outgoing-31 >> "Accept-Encoding: gzip,deflate[\r][\n]"
11097 [Forwarding findElement on session b1310904-d161-49ca-a1a6-530fba7baea8 to remote] DEBUG org.apache.http.wire  - http-outgoing-31 >> "[\r][\n]"
11097 [Forwarding findElement on session b1310904-d161-49ca-a1a6-530fba7baea8 to remote] DEBUG org.apache.http.wire  - http-outgoing-31 >> "{"using":"xpath","value":"//input[@name='password']"}"
11127 [Forwarding findElement on session b1310904-d161-49ca-a1a6-530fba7baea8 to remote] DEBUG org.apache.http.wire  - http-outgoing-31 << "HTTP/1.1 200 OK[\r][\n]"
11127 [Forwarding findElement on session b1310904-d161-49ca-a1a6-530fba7baea8 to remote] DEBUG org.apache.http.wire  - http-outgoing-31 << "Content-Length: 200[\r][\n]"
11127 [Forwarding findElement on session b1310904-d161-49ca-a1a6-530fba7baea8 to remote] DEBUG org.apache.http.wire  - http-outgoing-31 << "Content-Type: application/json; charset=UTF-8[\r][\n]"
11127 [Forwarding findElement on session b1310904-d161-49ca-a1a6-530fba7baea8 to remote] DEBUG org.apache.http.wire  - http-outgoing-31 << "Vary: Accept-Charset, Accept-Encoding, Accept-Language, Accept[\r][\n]"
11127 [Forwarding findElement on session b1310904-d161-49ca-a1a6-530fba7baea8 to remote] DEBUG org.apache.http.wire  - http-outgoing-31 << "Accept-Ranges: bytes[\r][\n]"
11127 [Forwarding findElement on session b1310904-d161-49ca-a1a6-530fba7baea8 to remote] DEBUG org.apache.http.wire  - http-outgoing-31 << "Connection: close[\r][\n]"
11127 [Forwarding findElement on session b1310904-d161-49ca-a1a6-530fba7baea8 to remote] DEBUG org.apache.http.wire  - http-outgoing-31 << "[\r][\n]"
11127 [Forwarding findElement on session b1310904-d161-49ca-a1a6-530fba7baea8 to remote] DEBUG org.apache.http.wire  - http-outgoing-31 << "{"sessionId":"b1310904-d161-49ca-a1a6-530fba7baea8","status":0,"value":{"ELEMENT":"aaf2fdb5-a749-4a1f-9981-75d8fc996473","element-6066-11e4-a52e-4f735466cecf":"aaf2fdb5-a749-4a1f-9981-75d8fc996473"}}[\n]"
11127 [Forwarding findElement on session b1310904-d161-49ca-a1a6-530fba7baea8 to remote] DEBUG org.apache.http.wire  - http-outgoing-31 << "[\r][\n]"
11127 [Forwarding findElement on session b1310904-d161-49ca-a1a6-530fba7baea8 to remote] DEBUG org.apache.http.headers  - http-outgoing-31 << HTTP/1.1 200 OK
11127 [Forwarding findElement on session b1310904-d161-49ca-a1a6-530fba7baea8 to remote] DEBUG org.apache.http.headers  - http-outgoing-31 << Content-Length: 200
11127 [Forwarding findElement on session b1310904-d161-49ca-a1a6-530fba7baea8 to remote] DEBUG org.apache.http.headers  - http-outgoing-31 << Content-Type: application/json; charset=UTF-8
11127 [Forwarding findElement on session b1310904-d161-49ca-a1a6-530fba7baea8 to remote] DEBUG org.apache.http.headers  - http-outgoing-31 << Vary: Accept-Charset, Accept-Encoding, Accept-Language, Accept
11127 [Forwarding findElement on session b1310904-d161-49ca-a1a6-530fba7baea8 to remote] DEBUG org.apache.http.headers  - http-outgoing-31 << Accept-Ranges: bytes
11127 [Forwarding findElement on session b1310904-d161-49ca-a1a6-530fba7baea8 to remote] DEBUG org.apache.http.headers  - http-outgoing-31 << Connection: close
11127 [Forwarding findElement on session b1310904-d161-49ca-a1a6-530fba7baea8 to remote] DEBUG org.apache.http.impl.conn.DefaultManagedHttpClientConnection  - http-outgoing-31: Shutdown connection
11127 [Forwarding findElement on session b1310904-d161-49ca-a1a6-530fba7baea8 to remote] DEBUG org.apache.http.impl.execchain.MainClientExec  - Connection discarded
11127 [Forwarding findElement on session b1310904-d161-49ca-a1a6-530fba7baea8 to remote] DEBUG org.apache.http.impl.conn.DefaultManagedHttpClientConnection  - http-outgoing-31: Close connection
11127 [Forwarding findElement on session b1310904-d161-49ca-a1a6-530fba7baea8 to remote] DEBUG org.apache.http.impl.conn.PoolingHttpClientConnectionManager  - Connection released: [id: 31][route: {}->http://localhost:37262][total kept alive: 0; route allocated: 0 of 2000; total allocated: 0 of 2000]
11127 [Forwarding isElementDisplayed on session b1310904-d161-49ca-a1a6-530fba7baea8 to remote] DEBUG org.apache.http.client.protocol.RequestAddCookies  - CookieSpec selected: best-match
11127 [Forwarding isElementDisplayed on session b1310904-d161-49ca-a1a6-530fba7baea8 to remote] DEBUG org.apache.http.client.protocol.RequestAuthCache  - Auth cache not set in the context
11127 [Forwarding isElementDisplayed on session b1310904-d161-49ca-a1a6-530fba7baea8 to remote] DEBUG org.apache.http.impl.conn.PoolingHttpClientConnectionManager  - Connection request: [route: {}->http://localhost:37262][total kept alive: 0; route allocated: 0 of 2000; total allocated: 0 of 2000]
11127 [Forwarding isElementDisplayed on session b1310904-d161-49ca-a1a6-530fba7baea8 to remote] DEBUG org.apache.http.impl.conn.PoolingHttpClientConnectionManager  - Connection leased: [id: 32][route: {}->http://localhost:37262][total kept alive: 0; route allocated: 1 of 2000; total allocated: 1 of 2000]
11127 [Forwarding isElementDisplayed on session b1310904-d161-49ca-a1a6-530fba7baea8 to remote] DEBUG org.apache.http.impl.execchain.MainClientExec  - Opening connection {}->http://localhost:37262
11127 [Forwarding isElementDisplayed on session b1310904-d161-49ca-a1a6-530fba7baea8 to remote] DEBUG org.apache.http.impl.conn.HttpClientConnectionOperator  - Connecting to localhost/127.0.0.1:37262
11127 [Forwarding isElementDisplayed on session b1310904-d161-49ca-a1a6-530fba7baea8 to remote] DEBUG org.apache.http.impl.conn.HttpClientConnectionOperator  - Connection established 127.0.0.1:17247<->127.0.0.1:37262
11127 [Forwarding isElementDisplayed on session b1310904-d161-49ca-a1a6-530fba7baea8 to remote] DEBUG org.apache.http.impl.execchain.MainClientExec  - Executing request GET /session/b1310904-d161-49ca-a1a6-530fba7baea8/element/aaf2fdb5-a749-4a1f-9981-75d8fc996473/displayed HTTP/1.1
11127 [Forwarding isElementDisplayed on session b1310904-d161-49ca-a1a6-530fba7baea8 to remote] DEBUG org.apache.http.impl.execchain.MainClientExec  - Target auth state: UNCHALLENGED
11127 [Forwarding isElementDisplayed on session b1310904-d161-49ca-a1a6-530fba7baea8 to remote] DEBUG org.apache.http.impl.execchain.MainClientExec  - Proxy auth state: UNCHALLENGED
11127 [Forwarding isElementDisplayed on session b1310904-d161-49ca-a1a6-530fba7baea8 to remote] DEBUG org.apache.http.headers  - http-outgoing-32 >> GET /session/b1310904-d161-49ca-a1a6-530fba7baea8/element/aaf2fdb5-a749-4a1f-9981-75d8fc996473/displayed HTTP/1.1
11127 [Forwarding isElementDisplayed on session b1310904-d161-49ca-a1a6-530fba7baea8 to remote] DEBUG org.apache.http.headers  - http-outgoing-32 >> Cache-Control: no-cache
11127 [Forwarding isElementDisplayed on session b1310904-d161-49ca-a1a6-530fba7baea8 to remote] DEBUG org.apache.http.headers  - http-outgoing-32 >> Host: localhost:37262
11127 [Forwarding isElementDisplayed on session b1310904-d161-49ca-a1a6-530fba7baea8 to remote] DEBUG org.apache.http.headers  - http-outgoing-32 >> Connection: Keep-Alive
11127 [Forwarding isElementDisplayed on session b1310904-d161-49ca-a1a6-530fba7baea8 to remote] DEBUG org.apache.http.headers  - http-outgoing-32 >> User-Agent: Apache-HttpClient/4.3.3 (java 1.5)
11127 [Forwarding isElementDisplayed on session b1310904-d161-49ca-a1a6-530fba7baea8 to remote] DEBUG org.apache.http.headers  - http-outgoing-32 >> Accept-Encoding: gzip,deflate
11127 [Forwarding isElementDisplayed on session b1310904-d161-49ca-a1a6-530fba7baea8 to remote] DEBUG org.apache.http.wire  - http-outgoing-32 >> "GET /session/b1310904-d161-49ca-a1a6-530fba7baea8/element/aaf2fdb5-a749-4a1f-9981-75d8fc996473/displayed HTTP/1.1[\r][\n]"
11127 [Forwarding isElementDisplayed on session b1310904-d161-49ca-a1a6-530fba7baea8 to remote] DEBUG org.apache.http.wire  - http-outgoing-32 >> "Cache-Control: no-cache[\r][\n]"
11127 [Forwarding isElementDisplayed on session b1310904-d161-49ca-a1a6-530fba7baea8 to remote] DEBUG org.apache.http.wire  - http-outgoing-32 >> "Host: localhost:37262[\r][\n]"
11127 [Forwarding isElementDisplayed on session b1310904-d161-49ca-a1a6-530fba7baea8 to remote] DEBUG org.apache.http.wire  - http-outgoing-32 >> "Connection: Keep-Alive[\r][\n]"
11127 [Forwarding isElementDisplayed on session b1310904-d161-49ca-a1a6-530fba7baea8 to remote] DEBUG org.apache.http.wire  - http-outgoing-32 >> "User-Agent: Apache-HttpClient/4.3.3 (java 1.5)[\r][\n]"
11127 [Forwarding isElementDisplayed on session b1310904-d161-49ca-a1a6-530fba7baea8 to remote] DEBUG org.apache.http.wire  - http-outgoing-32 >> "Accept-Encoding: gzip,deflate[\r][\n]"
11127 [Forwarding isElementDisplayed on session b1310904-d161-49ca-a1a6-530fba7baea8 to remote] DEBUG org.apache.http.wire  - http-outgoing-32 >> "[\r][\n]"
11168 [Forwarding isElementDisplayed on session b1310904-d161-49ca-a1a6-530fba7baea8 to remote] DEBUG org.apache.http.wire  - http-outgoing-32 << "HTTP/1.1 200 OK[\r][\n]"
11168 [Forwarding isElementDisplayed on session b1310904-d161-49ca-a1a6-530fba7baea8 to remote] DEBUG org.apache.http.wire  - http-outgoing-32 << "Content-Length: 77[\r][\n]"
11168 [Forwarding isElementDisplayed on session b1310904-d161-49ca-a1a6-530fba7baea8 to remote] DEBUG org.apache.http.wire  - http-outgoing-32 << "Content-Type: application/json; charset=UTF-8[\r][\n]"
11168 [Forwarding isElementDisplayed on session b1310904-d161-49ca-a1a6-530fba7baea8 to remote] DEBUG org.apache.http.wire  - http-outgoing-32 << "Vary: Accept-Charset, Accept-Encoding, Accept-Language, Accept[\r][\n]"
11168 [Forwarding isElementDisplayed on session b1310904-d161-49ca-a1a6-530fba7baea8 to remote] DEBUG org.apache.http.wire  - http-outgoing-32 << "Accept-Ranges: bytes[\r][\n]"
11168 [Forwarding isElementDisplayed on session b1310904-d161-49ca-a1a6-530fba7baea8 to remote] DEBUG org.apache.http.wire  - http-outgoing-32 << "Connection: close[\r][\n]"
11168 [Forwarding isElementDisplayed on session b1310904-d161-49ca-a1a6-530fba7baea8 to remote] DEBUG org.apache.http.wire  - http-outgoing-32 << "[\r][\n]"
11168 [Forwarding isElementDisplayed on session b1310904-d161-49ca-a1a6-530fba7baea8 to remote] DEBUG org.apache.http.wire  - http-outgoing-32 << "{"sessionId":"b1310904-d161-49ca-a1a6-530fba7baea8","status":0,"value":true}[\n]"
11168 [Forwarding isElementDisplayed on session b1310904-d161-49ca-a1a6-530fba7baea8 to remote] DEBUG org.apache.http.wire  - http-outgoing-32 << "[\r][\n]"
11168 [Forwarding isElementDisplayed on session b1310904-d161-49ca-a1a6-530fba7baea8 to remote] DEBUG org.apache.http.headers  - http-outgoing-32 << HTTP/1.1 200 OK
11168 [Forwarding isElementDisplayed on session b1310904-d161-49ca-a1a6-530fba7baea8 to remote] DEBUG org.apache.http.headers  - http-outgoing-32 << Content-Length: 77
11168 [Forwarding isElementDisplayed on session b1310904-d161-49ca-a1a6-530fba7baea8 to remote] DEBUG org.apache.http.headers  - http-outgoing-32 << Content-Type: application/json; charset=UTF-8
11168 [Forwarding isElementDisplayed on session b1310904-d161-49ca-a1a6-530fba7baea8 to remote] DEBUG org.apache.http.headers  - http-outgoing-32 << Vary: Accept-Charset, Accept-Encoding, Accept-Language, Accept
11168 [Forwarding isElementDisplayed on session b1310904-d161-49ca-a1a6-530fba7baea8 to remote] DEBUG org.apache.http.headers  - http-outgoing-32 << Accept-Ranges: bytes
11168 [Forwarding isElementDisplayed on session b1310904-d161-49ca-a1a6-530fba7baea8 to remote] DEBUG org.apache.http.headers  - http-outgoing-32 << Connection: close
11168 [Forwarding isElementDisplayed on session b1310904-d161-49ca-a1a6-530fba7baea8 to remote] DEBUG org.apache.http.impl.conn.DefaultManagedHttpClientConnection  - http-outgoing-32: Shutdown connection
11168 [Forwarding isElementDisplayed on session b1310904-d161-49ca-a1a6-530fba7baea8 to remote] DEBUG org.apache.http.impl.execchain.MainClientExec  - Connection discarded
11168 [Forwarding isElementDisplayed on session b1310904-d161-49ca-a1a6-530fba7baea8 to remote] DEBUG org.apache.http.impl.conn.DefaultManagedHttpClientConnection  - http-outgoing-32: Close connection
11168 [Forwarding isElementDisplayed on session b1310904-d161-49ca-a1a6-530fba7baea8 to remote] DEBUG org.apache.http.impl.conn.PoolingHttpClientConnectionManager  - Connection released: [id: 32][route: {}->http://localhost:37262][total kept alive: 0; route allocated: 0 of 2000; total allocated: 0 of 2000]
11168 [Forwarding findElement on session b1310904-d161-49ca-a1a6-530fba7baea8 to remote] DEBUG org.apache.http.client.protocol.RequestAddCookies  - CookieSpec selected: best-match
11168 [Forwarding findElement on session b1310904-d161-49ca-a1a6-530fba7baea8 to remote] DEBUG org.apache.http.client.protocol.RequestAuthCache  - Auth cache not set in the context
11168 [Forwarding findElement on session b1310904-d161-49ca-a1a6-530fba7baea8 to remote] DEBUG org.apache.http.impl.conn.PoolingHttpClientConnectionManager  - Connection request: [route: {}->http://localhost:37262][total kept alive: 0; route allocated: 0 of 2000; total allocated: 0 of 2000]
11168 [Forwarding findElement on session b1310904-d161-49ca-a1a6-530fba7baea8 to remote] DEBUG org.apache.http.impl.conn.PoolingHttpClientConnectionManager  - Connection leased: [id: 33][route: {}->http://localhost:37262][total kept alive: 0; route allocated: 1 of 2000; total allocated: 1 of 2000]
11168 [Forwarding findElement on session b1310904-d161-49ca-a1a6-530fba7baea8 to remote] DEBUG org.apache.http.impl.execchain.MainClientExec  - Opening connection {}->http://localhost:37262
11168 [Forwarding findElement on session b1310904-d161-49ca-a1a6-530fba7baea8 to remote] DEBUG org.apache.http.impl.conn.HttpClientConnectionOperator  - Connecting to localhost/127.0.0.1:37262
11168 [Forwarding findElement on session b1310904-d161-49ca-a1a6-530fba7baea8 to remote] DEBUG org.apache.http.impl.conn.HttpClientConnectionOperator  - Connection established 127.0.0.1:17248<->127.0.0.1:37262
11168 [Forwarding findElement on session b1310904-d161-49ca-a1a6-530fba7baea8 to remote] DEBUG org.apache.http.impl.execchain.MainClientExec  - Executing request POST /session/b1310904-d161-49ca-a1a6-530fba7baea8/element HTTP/1.1
11168 [Forwarding findElement on session b1310904-d161-49ca-a1a6-530fba7baea8 to remote] DEBUG org.apache.http.impl.execchain.MainClientExec  - Target auth state: UNCHALLENGED
11168 [Forwarding findElement on session b1310904-d161-49ca-a1a6-530fba7baea8 to remote] DEBUG org.apache.http.impl.execchain.MainClientExec  - Proxy auth state: UNCHALLENGED
11168 [Forwarding findElement on session b1310904-d161-49ca-a1a6-530fba7baea8 to remote] DEBUG org.apache.http.headers  - http-outgoing-33 >> POST /session/b1310904-d161-49ca-a1a6-530fba7baea8/element HTTP/1.1
11168 [Forwarding findElement on session b1310904-d161-49ca-a1a6-530fba7baea8 to remote] DEBUG org.apache.http.headers  - http-outgoing-33 >> Content-Type: application/json; charset=utf-8
11168 [Forwarding findElement on session b1310904-d161-49ca-a1a6-530fba7baea8 to remote] DEBUG org.apache.http.headers  - http-outgoing-33 >> Content-Length: 53
11168 [Forwarding findElement on session b1310904-d161-49ca-a1a6-530fba7baea8 to remote] DEBUG org.apache.http.headers  - http-outgoing-33 >> Host: localhost:37262
11168 [Forwarding findElement on session b1310904-d161-49ca-a1a6-530fba7baea8 to remote] DEBUG org.apache.http.headers  - http-outgoing-33 >> Connection: Keep-Alive
11168 [Forwarding findElement on session b1310904-d161-49ca-a1a6-530fba7baea8 to remote] DEBUG org.apache.http.headers  - http-outgoing-33 >> User-Agent: Apache-HttpClient/4.3.3 (java 1.5)
11168 [Forwarding findElement on session b1310904-d161-49ca-a1a6-530fba7baea8 to remote] DEBUG org.apache.http.headers  - http-outgoing-33 >> Accept-Encoding: gzip,deflate
11168 [Forwarding findElement on session b1310904-d161-49ca-a1a6-530fba7baea8 to remote] DEBUG org.apache.http.wire  - http-outgoing-33 >> "POST /session/b1310904-d161-49ca-a1a6-530fba7baea8/element HTTP/1.1[\r][\n]"
11168 [Forwarding findElement on session b1310904-d161-49ca-a1a6-530fba7baea8 to remote] DEBUG org.apache.http.wire  - http-outgoing-33 >> "Content-Type: application/json; charset=utf-8[\r][\n]"
11168 [Forwarding findElement on session b1310904-d161-49ca-a1a6-530fba7baea8 to remote] DEBUG org.apache.http.wire  - http-outgoing-33 >> "Content-Length: 53[\r][\n]"
11168 [Forwarding findElement on session b1310904-d161-49ca-a1a6-530fba7baea8 to remote] DEBUG org.apache.http.wire  - http-outgoing-33 >> "Host: localhost:37262[\r][\n]"
11168 [Forwarding findElement on session b1310904-d161-49ca-a1a6-530fba7baea8 to remote] DEBUG org.apache.http.wire  - http-outgoing-33 >> "Connection: Keep-Alive[\r][\n]"
11168 [Forwarding findElement on session b1310904-d161-49ca-a1a6-530fba7baea8 to remote] DEBUG org.apache.http.wire  - http-outgoing-33 >> "User-Agent: Apache-HttpClient/4.3.3 (java 1.5)[\r][\n]"
11168 [Forwarding findElement on session b1310904-d161-49ca-a1a6-530fba7baea8 to remote] DEBUG org.apache.http.wire  - http-outgoing-33 >> "Accept-Encoding: gzip,deflate[\r][\n]"
11168 [Forwarding findElement on session b1310904-d161-49ca-a1a6-530fba7baea8 to remote] DEBUG org.apache.http.wire  - http-outgoing-33 >> "[\r][\n]"
11168 [Forwarding findElement on session b1310904-d161-49ca-a1a6-530fba7baea8 to remote] DEBUG org.apache.http.wire  - http-outgoing-33 >> "{"using":"xpath","value":"//input[@name='password']"}"
11198 [Forwarding findElement on session b1310904-d161-49ca-a1a6-530fba7baea8 to remote] DEBUG org.apache.http.wire  - http-outgoing-33 << "HTTP/1.1 200 OK[\r][\n]"
11198 [Forwarding findElement on session b1310904-d161-49ca-a1a6-530fba7baea8 to remote] DEBUG org.apache.http.wire  - http-outgoing-33 << "Content-Length: 200[\r][\n]"
11198 [Forwarding findElement on session b1310904-d161-49ca-a1a6-530fba7baea8 to remote] DEBUG org.apache.http.wire  - http-outgoing-33 << "Content-Type: application/json; charset=UTF-8[\r][\n]"
11198 [Forwarding findElement on session b1310904-d161-49ca-a1a6-530fba7baea8 to remote] DEBUG org.apache.http.wire  - http-outgoing-33 << "Vary: Accept-Charset, Accept-Encoding, Accept-Language, Accept[\r][\n]"
11198 [Forwarding findElement on session b1310904-d161-49ca-a1a6-530fba7baea8 to remote] DEBUG org.apache.http.wire  - http-outgoing-33 << "Accept-Ranges: bytes[\r][\n]"
11198 [Forwarding findElement on session b1310904-d161-49ca-a1a6-530fba7baea8 to remote] DEBUG org.apache.http.wire  - http-outgoing-33 << "Connection: close[\r][\n]"
11198 [Forwarding findElement on session b1310904-d161-49ca-a1a6-530fba7baea8 to remote] DEBUG org.apache.http.wire  - http-outgoing-33 << "[\r][\n]"
11198 [Forwarding findElement on session b1310904-d161-49ca-a1a6-530fba7baea8 to remote] DEBUG org.apache.http.wire  - http-outgoing-33 << "{"sessionId":"b1310904-d161-49ca-a1a6-530fba7baea8","status":0,"value":{"ELEMENT":"aaf2fdb5-a749-4a1f-9981-75d8fc996473","element-6066-11e4-a52e-4f735466cecf":"aaf2fdb5-a749-4a1f-9981-75d8fc996473"}}[\n]"
11198 [Forwarding findElement on session b1310904-d161-49ca-a1a6-530fba7baea8 to remote] DEBUG org.apache.http.wire  - http-outgoing-33 << "[\r][\n]"
11198 [Forwarding findElement on session b1310904-d161-49ca-a1a6-530fba7baea8 to remote] DEBUG org.apache.http.headers  - http-outgoing-33 << HTTP/1.1 200 OK
11198 [Forwarding findElement on session b1310904-d161-49ca-a1a6-530fba7baea8 to remote] DEBUG org.apache.http.headers  - http-outgoing-33 << Content-Length: 200
11198 [Forwarding findElement on session b1310904-d161-49ca-a1a6-530fba7baea8 to remote] DEBUG org.apache.http.headers  - http-outgoing-33 << Content-Type: application/json; charset=UTF-8
11198 [Forwarding findElement on session b1310904-d161-49ca-a1a6-530fba7baea8 to remote] DEBUG org.apache.http.headers  - http-outgoing-33 << Vary: Accept-Charset, Accept-Encoding, Accept-Language, Accept
11198 [Forwarding findElement on session b1310904-d161-49ca-a1a6-530fba7baea8 to remote] DEBUG org.apache.http.headers  - http-outgoing-33 << Accept-Ranges: bytes
11198 [Forwarding findElement on session b1310904-d161-49ca-a1a6-530fba7baea8 to remote] DEBUG org.apache.http.headers  - http-outgoing-33 << Connection: close
11198 [Forwarding findElement on session b1310904-d161-49ca-a1a6-530fba7baea8 to remote] DEBUG org.apache.http.impl.conn.DefaultManagedHttpClientConnection  - http-outgoing-33: Shutdown connection
11198 [Forwarding findElement on session b1310904-d161-49ca-a1a6-530fba7baea8 to remote] DEBUG org.apache.http.impl.execchain.MainClientExec  - Connection discarded
11198 [Forwarding findElement on session b1310904-d161-49ca-a1a6-530fba7baea8 to remote] DEBUG org.apache.http.impl.conn.DefaultManagedHttpClientConnection  - http-outgoing-33: Close connection
11198 [Forwarding findElement on session b1310904-d161-49ca-a1a6-530fba7baea8 to remote] DEBUG org.apache.http.impl.conn.PoolingHttpClientConnectionManager  - Connection released: [id: 33][route: {}->http://localhost:37262][total kept alive: 0; route allocated: 0 of 2000; total allocated: 0 of 2000]
11198 [Forwarding isElementEnabled on session b1310904-d161-49ca-a1a6-530fba7baea8 to remote] DEBUG org.apache.http.client.protocol.RequestAddCookies  - CookieSpec selected: best-match
11198 [Forwarding isElementEnabled on session b1310904-d161-49ca-a1a6-530fba7baea8 to remote] DEBUG org.apache.http.client.protocol.RequestAuthCache  - Auth cache not set in the context
11198 [Forwarding isElementEnabled on session b1310904-d161-49ca-a1a6-530fba7baea8 to remote] DEBUG org.apache.http.impl.conn.PoolingHttpClientConnectionManager  - Connection request: [route: {}->http://localhost:37262][total kept alive: 0; route allocated: 0 of 2000; total allocated: 0 of 2000]
11198 [Forwarding isElementEnabled on session b1310904-d161-49ca-a1a6-530fba7baea8 to remote] DEBUG org.apache.http.impl.conn.PoolingHttpClientConnectionManager  - Connection leased: [id: 34][route: {}->http://localhost:37262][total kept alive: 0; route allocated: 1 of 2000; total allocated: 1 of 2000]
11198 [Forwarding isElementEnabled on session b1310904-d161-49ca-a1a6-530fba7baea8 to remote] DEBUG org.apache.http.impl.execchain.MainClientExec  - Opening connection {}->http://localhost:37262
11198 [Forwarding isElementEnabled on session b1310904-d161-49ca-a1a6-530fba7baea8 to remote] DEBUG org.apache.http.impl.conn.HttpClientConnectionOperator  - Connecting to localhost/127.0.0.1:37262
11198 [Forwarding isElementEnabled on session b1310904-d161-49ca-a1a6-530fba7baea8 to remote] DEBUG org.apache.http.impl.conn.HttpClientConnectionOperator  - Connection established 127.0.0.1:17249<->127.0.0.1:37262
11198 [Forwarding isElementEnabled on session b1310904-d161-49ca-a1a6-530fba7baea8 to remote] DEBUG org.apache.http.impl.execchain.MainClientExec  - Executing request GET /session/b1310904-d161-49ca-a1a6-530fba7baea8/element/aaf2fdb5-a749-4a1f-9981-75d8fc996473/enabled HTTP/1.1
11198 [Forwarding isElementEnabled on session b1310904-d161-49ca-a1a6-530fba7baea8 to remote] DEBUG org.apache.http.impl.execchain.MainClientExec  - Target auth state: UNCHALLENGED
11198 [Forwarding isElementEnabled on session b1310904-d161-49ca-a1a6-530fba7baea8 to remote] DEBUG org.apache.http.impl.execchain.MainClientExec  - Proxy auth state: UNCHALLENGED
11198 [Forwarding isElementEnabled on session b1310904-d161-49ca-a1a6-530fba7baea8 to remote] DEBUG org.apache.http.headers  - http-outgoing-34 >> GET /session/b1310904-d161-49ca-a1a6-530fba7baea8/element/aaf2fdb5-a749-4a1f-9981-75d8fc996473/enabled HTTP/1.1
11198 [Forwarding isElementEnabled on session b1310904-d161-49ca-a1a6-530fba7baea8 to remote] DEBUG org.apache.http.headers  - http-outgoing-34 >> Cache-Control: no-cache
11198 [Forwarding isElementEnabled on session b1310904-d161-49ca-a1a6-530fba7baea8 to remote] DEBUG org.apache.http.headers  - http-outgoing-34 >> Host: localhost:37262
11198 [Forwarding isElementEnabled on session b1310904-d161-49ca-a1a6-530fba7baea8 to remote] DEBUG org.apache.http.headers  - http-outgoing-34 >> Connection: Keep-Alive
11198 [Forwarding isElementEnabled on session b1310904-d161-49ca-a1a6-530fba7baea8 to remote] DEBUG org.apache.http.headers  - http-outgoing-34 >> User-Agent: Apache-HttpClient/4.3.3 (java 1.5)
11198 [Forwarding isElementEnabled on session b1310904-d161-49ca-a1a6-530fba7baea8 to remote] DEBUG org.apache.http.headers  - http-outgoing-34 >> Accept-Encoding: gzip,deflate
11198 [Forwarding isElementEnabled on session b1310904-d161-49ca-a1a6-530fba7baea8 to remote] DEBUG org.apache.http.wire  - http-outgoing-34 >> "GET /session/b1310904-d161-49ca-a1a6-530fba7baea8/element/aaf2fdb5-a749-4a1f-9981-75d8fc996473/enabled HTTP/1.1[\r][\n]"
11198 [Forwarding isElementEnabled on session b1310904-d161-49ca-a1a6-530fba7baea8 to remote] DEBUG org.apache.http.wire  - http-outgoing-34 >> "Cache-Control: no-cache[\r][\n]"
11198 [Forwarding isElementEnabled on session b1310904-d161-49ca-a1a6-530fba7baea8 to remote] DEBUG org.apache.http.wire  - http-outgoing-34 >> "Host: localhost:37262[\r][\n]"
11198 [Forwarding isElementEnabled on session b1310904-d161-49ca-a1a6-530fba7baea8 to remote] DEBUG org.apache.http.wire  - http-outgoing-34 >> "Connection: Keep-Alive[\r][\n]"
11198 [Forwarding isElementEnabled on session b1310904-d161-49ca-a1a6-530fba7baea8 to remote] DEBUG org.apache.http.wire  - http-outgoing-34 >> "User-Agent: Apache-HttpClient/4.3.3 (java 1.5)[\r][\n]"
11198 [Forwarding isElementEnabled on session b1310904-d161-49ca-a1a6-530fba7baea8 to remote] DEBUG org.apache.http.wire  - http-outgoing-34 >> "Accept-Encoding: gzip,deflate[\r][\n]"
11198 [Forwarding isElementEnabled on session b1310904-d161-49ca-a1a6-530fba7baea8 to remote] DEBUG org.apache.http.wire  - http-outgoing-34 >> "[\r][\n]"
11228 [Forwarding isElementEnabled on session b1310904-d161-49ca-a1a6-530fba7baea8 to remote] DEBUG org.apache.http.wire  - http-outgoing-34 << "HTTP/1.1 200 OK[\r][\n]"
11228 [Forwarding isElementEnabled on session b1310904-d161-49ca-a1a6-530fba7baea8 to remote] DEBUG org.apache.http.wire  - http-outgoing-34 << "Content-Length: 77[\r][\n]"
11228 [Forwarding isElementEnabled on session b1310904-d161-49ca-a1a6-530fba7baea8 to remote] DEBUG org.apache.http.wire  - http-outgoing-34 << "Content-Type: application/json; charset=UTF-8[\r][\n]"
11228 [Forwarding isElementEnabled on session b1310904-d161-49ca-a1a6-530fba7baea8 to remote] DEBUG org.apache.http.wire  - http-outgoing-34 << "Vary: Accept-Charset, Accept-Encoding, Accept-Language, Accept[\r][\n]"
11228 [Forwarding isElementEnabled on session b1310904-d161-49ca-a1a6-530fba7baea8 to remote] DEBUG org.apache.http.wire  - http-outgoing-34 << "Accept-Ranges: bytes[\r][\n]"
11228 [Forwarding isElementEnabled on session b1310904-d161-49ca-a1a6-530fba7baea8 to remote] DEBUG org.apache.http.wire  - http-outgoing-34 << "Connection: close[\r][\n]"
11228 [Forwarding isElementEnabled on session b1310904-d161-49ca-a1a6-530fba7baea8 to remote] DEBUG org.apache.http.wire  - http-outgoing-34 << "[\r][\n]"
11228 [Forwarding isElementEnabled on session b1310904-d161-49ca-a1a6-530fba7baea8 to remote] DEBUG org.apache.http.wire  - http-outgoing-34 << "{"sessionId":"b1310904-d161-49ca-a1a6-530fba7baea8","status":0,"value":true}[\n]"
11228 [Forwarding isElementEnabled on session b1310904-d161-49ca-a1a6-530fba7baea8 to remote] DEBUG org.apache.http.wire  - http-outgoing-34 << "[\r][\n]"
11228 [Forwarding isElementEnabled on session b1310904-d161-49ca-a1a6-530fba7baea8 to remote] DEBUG org.apache.http.headers  - http-outgoing-34 << HTTP/1.1 200 OK
11228 [Forwarding isElementEnabled on session b1310904-d161-49ca-a1a6-530fba7baea8 to remote] DEBUG org.apache.http.headers  - http-outgoing-34 << Content-Length: 77
11228 [Forwarding isElementEnabled on session b1310904-d161-49ca-a1a6-530fba7baea8 to remote] DEBUG org.apache.http.headers  - http-outgoing-34 << Content-Type: application/json; charset=UTF-8
11228 [Forwarding isElementEnabled on session b1310904-d161-49ca-a1a6-530fba7baea8 to remote] DEBUG org.apache.http.headers  - http-outgoing-34 << Vary: Accept-Charset, Accept-Encoding, Accept-Language, Accept
11228 [Forwarding isElementEnabled on session b1310904-d161-49ca-a1a6-530fba7baea8 to remote] DEBUG org.apache.http.headers  - http-outgoing-34 << Accept-Ranges: bytes
11228 [Forwarding isElementEnabled on session b1310904-d161-49ca-a1a6-530fba7baea8 to remote] DEBUG org.apache.http.headers  - http-outgoing-34 << Connection: close
11228 [Forwarding isElementEnabled on session b1310904-d161-49ca-a1a6-530fba7baea8 to remote] DEBUG org.apache.http.impl.conn.DefaultManagedHttpClientConnection  - http-outgoing-34: Shutdown connection
11228 [Forwarding isElementEnabled on session b1310904-d161-49ca-a1a6-530fba7baea8 to remote] DEBUG org.apache.http.impl.execchain.MainClientExec  - Connection discarded
11228 [Forwarding isElementEnabled on session b1310904-d161-49ca-a1a6-530fba7baea8 to remote] DEBUG org.apache.http.impl.conn.DefaultManagedHttpClientConnection  - http-outgoing-34: Close connection
11228 [Forwarding isElementEnabled on session b1310904-d161-49ca-a1a6-530fba7baea8 to remote] DEBUG org.apache.http.impl.conn.PoolingHttpClientConnectionManager  - Connection released: [id: 34][route: {}->http://localhost:37262][total kept alive: 0; route allocated: 0 of 2000; total allocated: 0 of 2000]
11228 [Forwarding findElement on session b1310904-d161-49ca-a1a6-530fba7baea8 to remote] DEBUG org.apache.http.client.protocol.RequestAddCookies  - CookieSpec selected: best-match
11228 [Forwarding findElement on session b1310904-d161-49ca-a1a6-530fba7baea8 to remote] DEBUG org.apache.http.client.protocol.RequestAuthCache  - Auth cache not set in the context
11228 [Forwarding findElement on session b1310904-d161-49ca-a1a6-530fba7baea8 to remote] DEBUG org.apache.http.impl.conn.PoolingHttpClientConnectionManager  - Connection request: [route: {}->http://localhost:37262][total kept alive: 0; route allocated: 0 of 2000; total allocated: 0 of 2000]
11228 [Forwarding findElement on session b1310904-d161-49ca-a1a6-530fba7baea8 to remote] DEBUG org.apache.http.impl.conn.PoolingHttpClientConnectionManager  - Connection leased: [id: 35][route: {}->http://localhost:37262][total kept alive: 0; route allocated: 1 of 2000; total allocated: 1 of 2000]
11228 [Forwarding findElement on session b1310904-d161-49ca-a1a6-530fba7baea8 to remote] DEBUG org.apache.http.impl.execchain.MainClientExec  - Opening connection {}->http://localhost:37262
11228 [Forwarding findElement on session b1310904-d161-49ca-a1a6-530fba7baea8 to remote] DEBUG org.apache.http.impl.conn.HttpClientConnectionOperator  - Connecting to localhost/127.0.0.1:37262
11228 [Forwarding findElement on session b1310904-d161-49ca-a1a6-530fba7baea8 to remote] DEBUG org.apache.http.impl.conn.HttpClientConnectionOperator  - Connection established 127.0.0.1:17250<->127.0.0.1:37262
11228 [Forwarding findElement on session b1310904-d161-49ca-a1a6-530fba7baea8 to remote] DEBUG org.apache.http.impl.execchain.MainClientExec  - Executing request POST /session/b1310904-d161-49ca-a1a6-530fba7baea8/element HTTP/1.1
11228 [Forwarding findElement on session b1310904-d161-49ca-a1a6-530fba7baea8 to remote] DEBUG org.apache.http.impl.execchain.MainClientExec  - Target auth state: UNCHALLENGED
11228 [Forwarding findElement on session b1310904-d161-49ca-a1a6-530fba7baea8 to remote] DEBUG org.apache.http.impl.execchain.MainClientExec  - Proxy auth state: UNCHALLENGED
11228 [Forwarding findElement on session b1310904-d161-49ca-a1a6-530fba7baea8 to remote] DEBUG org.apache.http.headers  - http-outgoing-35 >> POST /session/b1310904-d161-49ca-a1a6-530fba7baea8/element HTTP/1.1
11228 [Forwarding findElement on session b1310904-d161-49ca-a1a6-530fba7baea8 to remote] DEBUG org.apache.http.headers  - http-outgoing-35 >> Content-Type: application/json; charset=utf-8
11228 [Forwarding findElement on session b1310904-d161-49ca-a1a6-530fba7baea8 to remote] DEBUG org.apache.http.headers  - http-outgoing-35 >> Content-Length: 53
11228 [Forwarding findElement on session b1310904-d161-49ca-a1a6-530fba7baea8 to remote] DEBUG org.apache.http.headers  - http-outgoing-35 >> Host: localhost:37262
11228 [Forwarding findElement on session b1310904-d161-49ca-a1a6-530fba7baea8 to remote] DEBUG org.apache.http.headers  - http-outgoing-35 >> Connection: Keep-Alive
11228 [Forwarding findElement on session b1310904-d161-49ca-a1a6-530fba7baea8 to remote] DEBUG org.apache.http.headers  - http-outgoing-35 >> User-Agent: Apache-HttpClient/4.3.3 (java 1.5)
11228 [Forwarding findElement on session b1310904-d161-49ca-a1a6-530fba7baea8 to remote] DEBUG org.apache.http.headers  - http-outgoing-35 >> Accept-Encoding: gzip,deflate
11228 [Forwarding findElement on session b1310904-d161-49ca-a1a6-530fba7baea8 to remote] DEBUG org.apache.http.wire  - http-outgoing-35 >> "POST /session/b1310904-d161-49ca-a1a6-530fba7baea8/element HTTP/1.1[\r][\n]"
11228 [Forwarding findElement on session b1310904-d161-49ca-a1a6-530fba7baea8 to remote] DEBUG org.apache.http.wire  - http-outgoing-35 >> "Content-Type: application/json; charset=utf-8[\r][\n]"
11228 [Forwarding findElement on session b1310904-d161-49ca-a1a6-530fba7baea8 to remote] DEBUG org.apache.http.wire  - http-outgoing-35 >> "Content-Length: 53[\r][\n]"
11228 [Forwarding findElement on session b1310904-d161-49ca-a1a6-530fba7baea8 to remote] DEBUG org.apache.http.wire  - http-outgoing-35 >> "Host: localhost:37262[\r][\n]"
11228 [Forwarding findElement on session b1310904-d161-49ca-a1a6-530fba7baea8 to remote] DEBUG org.apache.http.wire  - http-outgoing-35 >> "Connection: Keep-Alive[\r][\n]"
11228 [Forwarding findElement on session b1310904-d161-49ca-a1a6-530fba7baea8 to remote] DEBUG org.apache.http.wire  - http-outgoing-35 >> "User-Agent: Apache-HttpClient/4.3.3 (java 1.5)[\r][\n]"
11228 [Forwarding findElement on session b1310904-d161-49ca-a1a6-530fba7baea8 to remote] DEBUG org.apache.http.wire  - http-outgoing-35 >> "Accept-Encoding: gzip,deflate[\r][\n]"
11228 [Forwarding findElement on session b1310904-d161-49ca-a1a6-530fba7baea8 to remote] DEBUG org.apache.http.wire  - http-outgoing-35 >> "[\r][\n]"
11228 [Forwarding findElement on session b1310904-d161-49ca-a1a6-530fba7baea8 to remote] DEBUG org.apache.http.wire  - http-outgoing-35 >> "{"using":"xpath","value":"//input[@name='password']"}"
11258 [Forwarding findElement on session b1310904-d161-49ca-a1a6-530fba7baea8 to remote] DEBUG org.apache.http.wire  - http-outgoing-35 << "HTTP/1.1 200 OK[\r][\n]"
11258 [Forwarding findElement on session b1310904-d161-49ca-a1a6-530fba7baea8 to remote] DEBUG org.apache.http.wire  - http-outgoing-35 << "Content-Length: 200[\r][\n]"
11258 [Forwarding findElement on session b1310904-d161-49ca-a1a6-530fba7baea8 to remote] DEBUG org.apache.http.wire  - http-outgoing-35 << "Content-Type: application/json; charset=UTF-8[\r][\n]"
11258 [Forwarding findElement on session b1310904-d161-49ca-a1a6-530fba7baea8 to remote] DEBUG org.apache.http.wire  - http-outgoing-35 << "Vary: Accept-Charset, Accept-Encoding, Accept-Language, Accept[\r][\n]"
11258 [Forwarding findElement on session b1310904-d161-49ca-a1a6-530fba7baea8 to remote] DEBUG org.apache.http.wire  - http-outgoing-35 << "Accept-Ranges: bytes[\r][\n]"
11258 [Forwarding findElement on session b1310904-d161-49ca-a1a6-530fba7baea8 to remote] DEBUG org.apache.http.wire  - http-outgoing-35 << "Connection: close[\r][\n]"
11258 [Forwarding findElement on session b1310904-d161-49ca-a1a6-530fba7baea8 to remote] DEBUG org.apache.http.wire  - http-outgoing-35 << "[\r][\n]"
11258 [Forwarding findElement on session b1310904-d161-49ca-a1a6-530fba7baea8 to remote] DEBUG org.apache.http.wire  - http-outgoing-35 << "{"sessionId":"b1310904-d161-49ca-a1a6-530fba7baea8","status":0,"value":{"ELEMENT":"aaf2fdb5-a749-4a1f-9981-75d8fc996473","element-6066-11e4-a52e-4f735466cecf":"aaf2fdb5-a749-4a1f-9981-75d8fc996473"}}[\n]"
11258 [Forwarding findElement on session b1310904-d161-49ca-a1a6-530fba7baea8 to remote] DEBUG org.apache.http.wire  - http-outgoing-35 << "[\r][\n]"
11258 [Forwarding findElement on session b1310904-d161-49ca-a1a6-530fba7baea8 to remote] DEBUG org.apache.http.headers  - http-outgoing-35 << HTTP/1.1 200 OK
11258 [Forwarding findElement on session b1310904-d161-49ca-a1a6-530fba7baea8 to remote] DEBUG org.apache.http.headers  - http-outgoing-35 << Content-Length: 200
11258 [Forwarding findElement on session b1310904-d161-49ca-a1a6-530fba7baea8 to remote] DEBUG org.apache.http.headers  - http-outgoing-35 << Content-Type: application/json; charset=UTF-8
11258 [Forwarding findElement on session b1310904-d161-49ca-a1a6-530fba7baea8 to remote] DEBUG org.apache.http.headers  - http-outgoing-35 << Vary: Accept-Charset, Accept-Encoding, Accept-Language, Accept
11258 [Forwarding findElement on session b1310904-d161-49ca-a1a6-530fba7baea8 to remote] DEBUG org.apache.http.headers  - http-outgoing-35 << Accept-Ranges: bytes
11258 [Forwarding findElement on session b1310904-d161-49ca-a1a6-530fba7baea8 to remote] DEBUG org.apache.http.headers  - http-outgoing-35 << Connection: close
11258 [Forwarding findElement on session b1310904-d161-49ca-a1a6-530fba7baea8 to remote] DEBUG org.apache.http.impl.conn.DefaultManagedHttpClientConnection  - http-outgoing-35: Shutdown connection
11258 [Forwarding findElement on session b1310904-d161-49ca-a1a6-530fba7baea8 to remote] DEBUG org.apache.http.impl.execchain.MainClientExec  - Connection discarded
11258 [Forwarding findElement on session b1310904-d161-49ca-a1a6-530fba7baea8 to remote] DEBUG org.apache.http.impl.conn.DefaultManagedHttpClientConnection  - http-outgoing-35: Close connection
11258 [Forwarding findElement on session b1310904-d161-49ca-a1a6-530fba7baea8 to remote] DEBUG org.apache.http.impl.conn.PoolingHttpClientConnectionManager  - Connection released: [id: 35][route: {}->http://localhost:37262][total kept alive: 0; route allocated: 0 of 2000; total allocated: 0 of 2000]
11258 [Forwarding isElementDisplayed on session b1310904-d161-49ca-a1a6-530fba7baea8 to remote] DEBUG org.apache.http.client.protocol.RequestAddCookies  - CookieSpec selected: best-match
11258 [Forwarding isElementDisplayed on session b1310904-d161-49ca-a1a6-530fba7baea8 to remote] DEBUG org.apache.http.client.protocol.RequestAuthCache  - Auth cache not set in the context
11258 [Forwarding isElementDisplayed on session b1310904-d161-49ca-a1a6-530fba7baea8 to remote] DEBUG org.apache.http.impl.conn.PoolingHttpClientConnectionManager  - Connection request: [route: {}->http://localhost:37262][total kept alive: 0; route allocated: 0 of 2000; total allocated: 0 of 2000]
11258 [Forwarding isElementDisplayed on session b1310904-d161-49ca-a1a6-530fba7baea8 to remote] DEBUG org.apache.http.impl.conn.PoolingHttpClientConnectionManager  - Connection leased: [id: 36][route: {}->http://localhost:37262][total kept alive: 0; route allocated: 1 of 2000; total allocated: 1 of 2000]
11258 [Forwarding isElementDisplayed on session b1310904-d161-49ca-a1a6-530fba7baea8 to remote] DEBUG org.apache.http.impl.execchain.MainClientExec  - Opening connection {}->http://localhost:37262
11258 [Forwarding isElementDisplayed on session b1310904-d161-49ca-a1a6-530fba7baea8 to remote] DEBUG org.apache.http.impl.conn.HttpClientConnectionOperator  - Connecting to localhost/127.0.0.1:37262
11258 [Forwarding isElementDisplayed on session b1310904-d161-49ca-a1a6-530fba7baea8 to remote] DEBUG org.apache.http.impl.conn.HttpClientConnectionOperator  - Connection established 127.0.0.1:17251<->127.0.0.1:37262
11258 [Forwarding isElementDisplayed on session b1310904-d161-49ca-a1a6-530fba7baea8 to remote] DEBUG org.apache.http.impl.execchain.MainClientExec  - Executing request GET /session/b1310904-d161-49ca-a1a6-530fba7baea8/element/aaf2fdb5-a749-4a1f-9981-75d8fc996473/displayed HTTP/1.1
11258 [Forwarding isElementDisplayed on session b1310904-d161-49ca-a1a6-530fba7baea8 to remote] DEBUG org.apache.http.impl.execchain.MainClientExec  - Target auth state: UNCHALLENGED
11258 [Forwarding isElementDisplayed on session b1310904-d161-49ca-a1a6-530fba7baea8 to remote] DEBUG org.apache.http.impl.execchain.MainClientExec  - Proxy auth state: UNCHALLENGED
11258 [Forwarding isElementDisplayed on session b1310904-d161-49ca-a1a6-530fba7baea8 to remote] DEBUG org.apache.http.headers  - http-outgoing-36 >> GET /session/b1310904-d161-49ca-a1a6-530fba7baea8/element/aaf2fdb5-a749-4a1f-9981-75d8fc996473/displayed HTTP/1.1
11258 [Forwarding isElementDisplayed on session b1310904-d161-49ca-a1a6-530fba7baea8 to remote] DEBUG org.apache.http.headers  - http-outgoing-36 >> Cache-Control: no-cache
11258 [Forwarding isElementDisplayed on session b1310904-d161-49ca-a1a6-530fba7baea8 to remote] DEBUG org.apache.http.headers  - http-outgoing-36 >> Host: localhost:37262
11258 [Forwarding isElementDisplayed on session b1310904-d161-49ca-a1a6-530fba7baea8 to remote] DEBUG org.apache.http.headers  - http-outgoing-36 >> Connection: Keep-Alive
11258 [Forwarding isElementDisplayed on session b1310904-d161-49ca-a1a6-530fba7baea8 to remote] DEBUG org.apache.http.headers  - http-outgoing-36 >> User-Agent: Apache-HttpClient/4.3.3 (java 1.5)
11258 [Forwarding isElementDisplayed on session b1310904-d161-49ca-a1a6-530fba7baea8 to remote] DEBUG org.apache.http.headers  - http-outgoing-36 >> Accept-Encoding: gzip,deflate
11258 [Forwarding isElementDisplayed on session b1310904-d161-49ca-a1a6-530fba7baea8 to remote] DEBUG org.apache.http.wire  - http-outgoing-36 >> "GET /session/b1310904-d161-49ca-a1a6-530fba7baea8/element/aaf2fdb5-a749-4a1f-9981-75d8fc996473/displayed HTTP/1.1[\r][\n]"
11258 [Forwarding isElementDisplayed on session b1310904-d161-49ca-a1a6-530fba7baea8 to remote] DEBUG org.apache.http.wire  - http-outgoing-36 >> "Cache-Control: no-cache[\r][\n]"
11258 [Forwarding isElementDisplayed on session b1310904-d161-49ca-a1a6-530fba7baea8 to remote] DEBUG org.apache.http.wire  - http-outgoing-36 >> "Host: localhost:37262[\r][\n]"
11258 [Forwarding isElementDisplayed on session b1310904-d161-49ca-a1a6-530fba7baea8 to remote] DEBUG org.apache.http.wire  - http-outgoing-36 >> "Connection: Keep-Alive[\r][\n]"
11258 [Forwarding isElementDisplayed on session b1310904-d161-49ca-a1a6-530fba7baea8 to remote] DEBUG org.apache.http.wire  - http-outgoing-36 >> "User-Agent: Apache-HttpClient/4.3.3 (java 1.5)[\r][\n]"
11258 [Forwarding isElementDisplayed on session b1310904-d161-49ca-a1a6-530fba7baea8 to remote] DEBUG org.apache.http.wire  - http-outgoing-36 >> "Accept-Encoding: gzip,deflate[\r][\n]"
11258 [Forwarding isElementDisplayed on session b1310904-d161-49ca-a1a6-530fba7baea8 to remote] DEBUG org.apache.http.wire  - http-outgoing-36 >> "[\r][\n]"
11288 [Forwarding isElementDisplayed on session b1310904-d161-49ca-a1a6-530fba7baea8 to remote] DEBUG org.apache.http.wire  - http-outgoing-36 << "HTTP/1.1 200 OK[\r][\n]"
11288 [Forwarding isElementDisplayed on session b1310904-d161-49ca-a1a6-530fba7baea8 to remote] DEBUG org.apache.http.wire  - http-outgoing-36 << "Content-Length: 77[\r][\n]"
11288 [Forwarding isElementDisplayed on session b1310904-d161-49ca-a1a6-530fba7baea8 to remote] DEBUG org.apache.http.wire  - http-outgoing-36 << "Content-Type: application/json; charset=UTF-8[\r][\n]"
11288 [Forwarding isElementDisplayed on session b1310904-d161-49ca-a1a6-530fba7baea8 to remote] DEBUG org.apache.http.wire  - http-outgoing-36 << "Vary: Accept-Charset, Accept-Encoding, Accept-Language, Accept[\r][\n]"
11288 [Forwarding isElementDisplayed on session b1310904-d161-49ca-a1a6-530fba7baea8 to remote] DEBUG org.apache.http.wire  - http-outgoing-36 << "Accept-Ranges: bytes[\r][\n]"
11288 [Forwarding isElementDisplayed on session b1310904-d161-49ca-a1a6-530fba7baea8 to remote] DEBUG org.apache.http.wire  - http-outgoing-36 << "Connection: close[\r][\n]"
11288 [Forwarding isElementDisplayed on session b1310904-d161-49ca-a1a6-530fba7baea8 to remote] DEBUG org.apache.http.wire  - http-outgoing-36 << "[\r][\n]"
11288 [Forwarding isElementDisplayed on session b1310904-d161-49ca-a1a6-530fba7baea8 to remote] DEBUG org.apache.http.wire  - http-outgoing-36 << "{"sessionId":"b1310904-d161-49ca-a1a6-530fba7baea8","status":0,"value":true}[\n]"
11288 [Forwarding isElementDisplayed on session b1310904-d161-49ca-a1a6-530fba7baea8 to remote] DEBUG org.apache.http.wire  - http-outgoing-36 << "[\r][\n]"
11288 [Forwarding isElementDisplayed on session b1310904-d161-49ca-a1a6-530fba7baea8 to remote] DEBUG org.apache.http.headers  - http-outgoing-36 << HTTP/1.1 200 OK
11288 [Forwarding isElementDisplayed on session b1310904-d161-49ca-a1a6-530fba7baea8 to remote] DEBUG org.apache.http.headers  - http-outgoing-36 << Content-Length: 77
11288 [Forwarding isElementDisplayed on session b1310904-d161-49ca-a1a6-530fba7baea8 to remote] DEBUG org.apache.http.headers  - http-outgoing-36 << Content-Type: application/json; charset=UTF-8
11288 [Forwarding isElementDisplayed on session b1310904-d161-49ca-a1a6-530fba7baea8 to remote] DEBUG org.apache.http.headers  - http-outgoing-36 << Vary: Accept-Charset, Accept-Encoding, Accept-Language, Accept
11288 [Forwarding isElementDisplayed on session b1310904-d161-49ca-a1a6-530fba7baea8 to remote] DEBUG org.apache.http.headers  - http-outgoing-36 << Accept-Ranges: bytes
11288 [Forwarding isElementDisplayed on session b1310904-d161-49ca-a1a6-530fba7baea8 to remote] DEBUG org.apache.http.headers  - http-outgoing-36 << Connection: close
11288 [Forwarding isElementDisplayed on session b1310904-d161-49ca-a1a6-530fba7baea8 to remote] DEBUG org.apache.http.impl.conn.DefaultManagedHttpClientConnection  - http-outgoing-36: Shutdown connection
11288 [Forwarding isElementDisplayed on session b1310904-d161-49ca-a1a6-530fba7baea8 to remote] DEBUG org.apache.http.impl.execchain.MainClientExec  - Connection discarded
11288 [Forwarding isElementDisplayed on session b1310904-d161-49ca-a1a6-530fba7baea8 to remote] DEBUG org.apache.http.impl.conn.DefaultManagedHttpClientConnection  - http-outgoing-36: Close connection
11288 [Forwarding isElementDisplayed on session b1310904-d161-49ca-a1a6-530fba7baea8 to remote] DEBUG org.apache.http.impl.conn.PoolingHttpClientConnectionManager  - Connection released: [id: 36][route: {}->http://localhost:37262][total kept alive: 0; route allocated: 0 of 2000; total allocated: 0 of 2000]
11288 [Forwarding findElement on session b1310904-d161-49ca-a1a6-530fba7baea8 to remote] DEBUG org.apache.http.client.protocol.RequestAddCookies  - CookieSpec selected: best-match
11288 [Forwarding findElement on session b1310904-d161-49ca-a1a6-530fba7baea8 to remote] DEBUG org.apache.http.client.protocol.RequestAuthCache  - Auth cache not set in the context
11288 [Forwarding findElement on session b1310904-d161-49ca-a1a6-530fba7baea8 to remote] DEBUG org.apache.http.impl.conn.PoolingHttpClientConnectionManager  - Connection request: [route: {}->http://localhost:37262][total kept alive: 0; route allocated: 0 of 2000; total allocated: 0 of 2000]
11288 [Forwarding findElement on session b1310904-d161-49ca-a1a6-530fba7baea8 to remote] DEBUG org.apache.http.impl.conn.PoolingHttpClientConnectionManager  - Connection leased: [id: 37][route: {}->http://localhost:37262][total kept alive: 0; route allocated: 1 of 2000; total allocated: 1 of 2000]
11288 [Forwarding findElement on session b1310904-d161-49ca-a1a6-530fba7baea8 to remote] DEBUG org.apache.http.impl.execchain.MainClientExec  - Opening connection {}->http://localhost:37262
11288 [Forwarding findElement on session b1310904-d161-49ca-a1a6-530fba7baea8 to remote] DEBUG org.apache.http.impl.conn.HttpClientConnectionOperator  - Connecting to localhost/127.0.0.1:37262
11288 [Forwarding findElement on session b1310904-d161-49ca-a1a6-530fba7baea8 to remote] DEBUG org.apache.http.impl.conn.HttpClientConnectionOperator  - Connection established 127.0.0.1:17252<->127.0.0.1:37262
11288 [Forwarding findElement on session b1310904-d161-49ca-a1a6-530fba7baea8 to remote] DEBUG org.apache.http.impl.execchain.MainClientExec  - Executing request POST /session/b1310904-d161-49ca-a1a6-530fba7baea8/element HTTP/1.1
11288 [Forwarding findElement on session b1310904-d161-49ca-a1a6-530fba7baea8 to remote] DEBUG org.apache.http.impl.execchain.MainClientExec  - Target auth state: UNCHALLENGED
11288 [Forwarding findElement on session b1310904-d161-49ca-a1a6-530fba7baea8 to remote] DEBUG org.apache.http.impl.execchain.MainClientExec  - Proxy auth state: UNCHALLENGED
11288 [Forwarding findElement on session b1310904-d161-49ca-a1a6-530fba7baea8 to remote] DEBUG org.apache.http.headers  - http-outgoing-37 >> POST /session/b1310904-d161-49ca-a1a6-530fba7baea8/element HTTP/1.1
11288 [Forwarding findElement on session b1310904-d161-49ca-a1a6-530fba7baea8 to remote] DEBUG org.apache.http.headers  - http-outgoing-37 >> Content-Type: application/json; charset=utf-8
11288 [Forwarding findElement on session b1310904-d161-49ca-a1a6-530fba7baea8 to remote] DEBUG org.apache.http.headers  - http-outgoing-37 >> Content-Length: 53
11288 [Forwarding findElement on session b1310904-d161-49ca-a1a6-530fba7baea8 to remote] DEBUG org.apache.http.headers  - http-outgoing-37 >> Host: localhost:37262
11288 [Forwarding findElement on session b1310904-d161-49ca-a1a6-530fba7baea8 to remote] DEBUG org.apache.http.headers  - http-outgoing-37 >> Connection: Keep-Alive
11288 [Forwarding findElement on session b1310904-d161-49ca-a1a6-530fba7baea8 to remote] DEBUG org.apache.http.headers  - http-outgoing-37 >> User-Agent: Apache-HttpClient/4.3.3 (java 1.5)
11288 [Forwarding findElement on session b1310904-d161-49ca-a1a6-530fba7baea8 to remote] DEBUG org.apache.http.headers  - http-outgoing-37 >> Accept-Encoding: gzip,deflate
11288 [Forwarding findElement on session b1310904-d161-49ca-a1a6-530fba7baea8 to remote] DEBUG org.apache.http.wire  - http-outgoing-37 >> "POST /session/b1310904-d161-49ca-a1a6-530fba7baea8/element HTTP/1.1[\r][\n]"
11288 [Forwarding findElement on session b1310904-d161-49ca-a1a6-530fba7baea8 to remote] DEBUG org.apache.http.wire  - http-outgoing-37 >> "Content-Type: application/json; charset=utf-8[\r][\n]"
11288 [Forwarding findElement on session b1310904-d161-49ca-a1a6-530fba7baea8 to remote] DEBUG org.apache.http.wire  - http-outgoing-37 >> "Content-Length: 53[\r][\n]"
11288 [Forwarding findElement on session b1310904-d161-49ca-a1a6-530fba7baea8 to remote] DEBUG org.apache.http.wire  - http-outgoing-37 >> "Host: localhost:37262[\r][\n]"
11288 [Forwarding findElement on session b1310904-d161-49ca-a1a6-530fba7baea8 to remote] DEBUG org.apache.http.wire  - http-outgoing-37 >> "Connection: Keep-Alive[\r][\n]"
11288 [Forwarding findElement on session b1310904-d161-49ca-a1a6-530fba7baea8 to remote] DEBUG org.apache.http.wire  - http-outgoing-37 >> "User-Agent: Apache-HttpClient/4.3.3 (java 1.5)[\r][\n]"
11288 [Forwarding findElement on session b1310904-d161-49ca-a1a6-530fba7baea8 to remote] DEBUG org.apache.http.wire  - http-outgoing-37 >> "Accept-Encoding: gzip,deflate[\r][\n]"
11288 [Forwarding findElement on session b1310904-d161-49ca-a1a6-530fba7baea8 to remote] DEBUG org.apache.http.wire  - http-outgoing-37 >> "[\r][\n]"
11288 [Forwarding findElement on session b1310904-d161-49ca-a1a6-530fba7baea8 to remote] DEBUG org.apache.http.wire  - http-outgoing-37 >> "{"using":"xpath","value":"//input[@name='password']"}"
11318 [Forwarding findElement on session b1310904-d161-49ca-a1a6-530fba7baea8 to remote] DEBUG org.apache.http.wire  - http-outgoing-37 << "HTTP/1.1 200 OK[\r][\n]"
11318 [Forwarding findElement on session b1310904-d161-49ca-a1a6-530fba7baea8 to remote] DEBUG org.apache.http.wire  - http-outgoing-37 << "Content-Length: 200[\r][\n]"
11318 [Forwarding findElement on session b1310904-d161-49ca-a1a6-530fba7baea8 to remote] DEBUG org.apache.http.wire  - http-outgoing-37 << "Content-Type: application/json; charset=UTF-8[\r][\n]"
11318 [Forwarding findElement on session b1310904-d161-49ca-a1a6-530fba7baea8 to remote] DEBUG org.apache.http.wire  - http-outgoing-37 << "Vary: Accept-Charset, Accept-Encoding, Accept-Language, Accept[\r][\n]"
11318 [Forwarding findElement on session b1310904-d161-49ca-a1a6-530fba7baea8 to remote] DEBUG org.apache.http.wire  - http-outgoing-37 << "Accept-Ranges: bytes[\r][\n]"
11318 [Forwarding findElement on session b1310904-d161-49ca-a1a6-530fba7baea8 to remote] DEBUG org.apache.http.wire  - http-outgoing-37 << "Connection: close[\r][\n]"
11318 [Forwarding findElement on session b1310904-d161-49ca-a1a6-530fba7baea8 to remote] DEBUG org.apache.http.wire  - http-outgoing-37 << "[\r][\n]"
11318 [Forwarding findElement on session b1310904-d161-49ca-a1a6-530fba7baea8 to remote] DEBUG org.apache.http.wire  - http-outgoing-37 << "{"sessionId":"b1310904-d161-49ca-a1a6-530fba7baea8","status":0,"value":{"ELEMENT":"aaf2fdb5-a749-4a1f-9981-75d8fc996473","element-6066-11e4-a52e-4f735466cecf":"aaf2fdb5-a749-4a1f-9981-75d8fc996473"}}[\n]"
11318 [Forwarding findElement on session b1310904-d161-49ca-a1a6-530fba7baea8 to remote] DEBUG org.apache.http.wire  - http-outgoing-37 << "[\r][\n]"
11318 [Forwarding findElement on session b1310904-d161-49ca-a1a6-530fba7baea8 to remote] DEBUG org.apache.http.headers  - http-outgoing-37 << HTTP/1.1 200 OK
11318 [Forwarding findElement on session b1310904-d161-49ca-a1a6-530fba7baea8 to remote] DEBUG org.apache.http.headers  - http-outgoing-37 << Content-Length: 200
11318 [Forwarding findElement on session b1310904-d161-49ca-a1a6-530fba7baea8 to remote] DEBUG org.apache.http.headers  - http-outgoing-37 << Content-Type: application/json; charset=UTF-8
11318 [Forwarding findElement on session b1310904-d161-49ca-a1a6-530fba7baea8 to remote] DEBUG org.apache.http.headers  - http-outgoing-37 << Vary: Accept-Charset, Accept-Encoding, Accept-Language, Accept
11318 [Forwarding findElement on session b1310904-d161-49ca-a1a6-530fba7baea8 to remote] DEBUG org.apache.http.headers  - http-outgoing-37 << Accept-Ranges: bytes
11318 [Forwarding findElement on session b1310904-d161-49ca-a1a6-530fba7baea8 to remote] DEBUG org.apache.http.headers  - http-outgoing-37 << Connection: close
11318 [Forwarding findElement on session b1310904-d161-49ca-a1a6-530fba7baea8 to remote] DEBUG org.apache.http.impl.conn.DefaultManagedHttpClientConnection  - http-outgoing-37: Shutdown connection
11318 [Forwarding findElement on session b1310904-d161-49ca-a1a6-530fba7baea8 to remote] DEBUG org.apache.http.impl.execchain.MainClientExec  - Connection discarded
11318 [Forwarding findElement on session b1310904-d161-49ca-a1a6-530fba7baea8 to remote] DEBUG org.apache.http.impl.conn.DefaultManagedHttpClientConnection  - http-outgoing-37: Close connection
11318 [Forwarding findElement on session b1310904-d161-49ca-a1a6-530fba7baea8 to remote] DEBUG org.apache.http.impl.conn.PoolingHttpClientConnectionManager  - Connection released: [id: 37][route: {}->http://localhost:37262][total kept alive: 0; route allocated: 0 of 2000; total allocated: 0 of 2000]
11318 [Forwarding isElementDisplayed on session b1310904-d161-49ca-a1a6-530fba7baea8 to remote] DEBUG org.apache.http.client.protocol.RequestAddCookies  - CookieSpec selected: best-match
11318 [Forwarding isElementDisplayed on session b1310904-d161-49ca-a1a6-530fba7baea8 to remote] DEBUG org.apache.http.client.protocol.RequestAuthCache  - Auth cache not set in the context
11318 [Forwarding isElementDisplayed on session b1310904-d161-49ca-a1a6-530fba7baea8 to remote] DEBUG org.apache.http.impl.conn.PoolingHttpClientConnectionManager  - Connection request: [route: {}->http://localhost:37262][total kept alive: 0; route allocated: 0 of 2000; total allocated: 0 of 2000]
11318 [Forwarding isElementDisplayed on session b1310904-d161-49ca-a1a6-530fba7baea8 to remote] DEBUG org.apache.http.impl.conn.PoolingHttpClientConnectionManager  - Connection leased: [id: 38][route: {}->http://localhost:37262][total kept alive: 0; route allocated: 1 of 2000; total allocated: 1 of 2000]
11318 [Forwarding isElementDisplayed on session b1310904-d161-49ca-a1a6-530fba7baea8 to remote] DEBUG org.apache.http.impl.execchain.MainClientExec  - Opening connection {}->http://localhost:37262
11318 [Forwarding isElementDisplayed on session b1310904-d161-49ca-a1a6-530fba7baea8 to remote] DEBUG org.apache.http.impl.conn.HttpClientConnectionOperator  - Connecting to localhost/127.0.0.1:37262
11318 [Forwarding isElementDisplayed on session b1310904-d161-49ca-a1a6-530fba7baea8 to remote] DEBUG org.apache.http.impl.conn.HttpClientConnectionOperator  - Connection established 127.0.0.1:17253<->127.0.0.1:37262
11318 [Forwarding isElementDisplayed on session b1310904-d161-49ca-a1a6-530fba7baea8 to remote] DEBUG org.apache.http.impl.execchain.MainClientExec  - Executing request GET /session/b1310904-d161-49ca-a1a6-530fba7baea8/element/aaf2fdb5-a749-4a1f-9981-75d8fc996473/displayed HTTP/1.1
11318 [Forwarding isElementDisplayed on session b1310904-d161-49ca-a1a6-530fba7baea8 to remote] DEBUG org.apache.http.impl.execchain.MainClientExec  - Target auth state: UNCHALLENGED
11318 [Forwarding isElementDisplayed on session b1310904-d161-49ca-a1a6-530fba7baea8 to remote] DEBUG org.apache.http.impl.execchain.MainClientExec  - Proxy auth state: UNCHALLENGED
11318 [Forwarding isElementDisplayed on session b1310904-d161-49ca-a1a6-530fba7baea8 to remote] DEBUG org.apache.http.headers  - http-outgoing-38 >> GET /session/b1310904-d161-49ca-a1a6-530fba7baea8/element/aaf2fdb5-a749-4a1f-9981-75d8fc996473/displayed HTTP/1.1
11318 [Forwarding isElementDisplayed on session b1310904-d161-49ca-a1a6-530fba7baea8 to remote] DEBUG org.apache.http.headers  - http-outgoing-38 >> Cache-Control: no-cache
11318 [Forwarding isElementDisplayed on session b1310904-d161-49ca-a1a6-530fba7baea8 to remote] DEBUG org.apache.http.headers  - http-outgoing-38 >> Host: localhost:37262
11318 [Forwarding isElementDisplayed on session b1310904-d161-49ca-a1a6-530fba7baea8 to remote] DEBUG org.apache.http.headers  - http-outgoing-38 >> Connection: Keep-Alive
11318 [Forwarding isElementDisplayed on session b1310904-d161-49ca-a1a6-530fba7baea8 to remote] DEBUG org.apache.http.headers  - http-outgoing-38 >> User-Agent: Apache-HttpClient/4.3.3 (java 1.5)
11318 [Forwarding isElementDisplayed on session b1310904-d161-49ca-a1a6-530fba7baea8 to remote] DEBUG org.apache.http.headers  - http-outgoing-38 >> Accept-Encoding: gzip,deflate
11318 [Forwarding isElementDisplayed on session b1310904-d161-49ca-a1a6-530fba7baea8 to remote] DEBUG org.apache.http.wire  - http-outgoing-38 >> "GET /session/b1310904-d161-49ca-a1a6-530fba7baea8/element/aaf2fdb5-a749-4a1f-9981-75d8fc996473/displayed HTTP/1.1[\r][\n]"
11318 [Forwarding isElementDisplayed on session b1310904-d161-49ca-a1a6-530fba7baea8 to remote] DEBUG org.apache.http.wire  - http-outgoing-38 >> "Cache-Control: no-cache[\r][\n]"
11318 [Forwarding isElementDisplayed on session b1310904-d161-49ca-a1a6-530fba7baea8 to remote] DEBUG org.apache.http.wire  - http-outgoing-38 >> "Host: localhost:37262[\r][\n]"
11318 [Forwarding isElementDisplayed on session b1310904-d161-49ca-a1a6-530fba7baea8 to remote] DEBUG org.apache.http.wire  - http-outgoing-38 >> "Connection: Keep-Alive[\r][\n]"
11318 [Forwarding isElementDisplayed on session b1310904-d161-49ca-a1a6-530fba7baea8 to remote] DEBUG org.apache.http.wire  - http-outgoing-38 >> "User-Agent: Apache-HttpClient/4.3.3 (java 1.5)[\r][\n]"
11318 [Forwarding isElementDisplayed on session b1310904-d161-49ca-a1a6-530fba7baea8 to remote] DEBUG org.apache.http.wire  - http-outgoing-38 >> "Accept-Encoding: gzip,deflate[\r][\n]"
11318 [Forwarding isElementDisplayed on session b1310904-d161-49ca-a1a6-530fba7baea8 to remote] DEBUG org.apache.http.wire  - http-outgoing-38 >> "[\r][\n]"
11348 [Forwarding isElementDisplayed on session b1310904-d161-49ca-a1a6-530fba7baea8 to remote] DEBUG org.apache.http.wire  - http-outgoing-38 << "HTTP/1.1 200 OK[\r][\n]"
11348 [Forwarding isElementDisplayed on session b1310904-d161-49ca-a1a6-530fba7baea8 to remote] DEBUG org.apache.http.wire  - http-outgoing-38 << "Content-Length: 77[\r][\n]"
11348 [Forwarding isElementDisplayed on session b1310904-d161-49ca-a1a6-530fba7baea8 to remote] DEBUG org.apache.http.wire  - http-outgoing-38 << "Content-Type: application/json; charset=UTF-8[\r][\n]"
11348 [Forwarding isElementDisplayed on session b1310904-d161-49ca-a1a6-530fba7baea8 to remote] DEBUG org.apache.http.wire  - http-outgoing-38 << "Vary: Accept-Charset, Accept-Encoding, Accept-Language, Accept[\r][\n]"
11348 [Forwarding isElementDisplayed on session b1310904-d161-49ca-a1a6-530fba7baea8 to remote] DEBUG org.apache.http.wire  - http-outgoing-38 << "Accept-Ranges: bytes[\r][\n]"
11348 [Forwarding isElementDisplayed on session b1310904-d161-49ca-a1a6-530fba7baea8 to remote] DEBUG org.apache.http.wire  - http-outgoing-38 << "Connection: close[\r][\n]"
11348 [Forwarding isElementDisplayed on session b1310904-d161-49ca-a1a6-530fba7baea8 to remote] DEBUG org.apache.http.wire  - http-outgoing-38 << "[\r][\n]"
11348 [Forwarding isElementDisplayed on session b1310904-d161-49ca-a1a6-530fba7baea8 to remote] DEBUG org.apache.http.wire  - http-outgoing-38 << "{"sessionId":"b1310904-d161-49ca-a1a6-530fba7baea8","status":0,"value":true}[\n]"
11348 [Forwarding isElementDisplayed on session b1310904-d161-49ca-a1a6-530fba7baea8 to remote] DEBUG org.apache.http.wire  - http-outgoing-38 << "[\r][\n]"
11348 [Forwarding isElementDisplayed on session b1310904-d161-49ca-a1a6-530fba7baea8 to remote] DEBUG org.apache.http.headers  - http-outgoing-38 << HTTP/1.1 200 OK
11348 [Forwarding isElementDisplayed on session b1310904-d161-49ca-a1a6-530fba7baea8 to remote] DEBUG org.apache.http.headers  - http-outgoing-38 << Content-Length: 77
11348 [Forwarding isElementDisplayed on session b1310904-d161-49ca-a1a6-530fba7baea8 to remote] DEBUG org.apache.http.headers  - http-outgoing-38 << Content-Type: application/json; charset=UTF-8
11348 [Forwarding isElementDisplayed on session b1310904-d161-49ca-a1a6-530fba7baea8 to remote] DEBUG org.apache.http.headers  - http-outgoing-38 << Vary: Accept-Charset, Accept-Encoding, Accept-Language, Accept
11348 [Forwarding isElementDisplayed on session b1310904-d161-49ca-a1a6-530fba7baea8 to remote] DEBUG org.apache.http.headers  - http-outgoing-38 << Accept-Ranges: bytes
11348 [Forwarding isElementDisplayed on session b1310904-d161-49ca-a1a6-530fba7baea8 to remote] DEBUG org.apache.http.headers  - http-outgoing-38 << Connection: close
11348 [Forwarding isElementDisplayed on session b1310904-d161-49ca-a1a6-530fba7baea8 to remote] DEBUG org.apache.http.impl.conn.DefaultManagedHttpClientConnection  - http-outgoing-38: Shutdown connection
11348 [Forwarding isElementDisplayed on session b1310904-d161-49ca-a1a6-530fba7baea8 to remote] DEBUG org.apache.http.impl.execchain.MainClientExec  - Connection discarded
11348 [Forwarding isElementDisplayed on session b1310904-d161-49ca-a1a6-530fba7baea8 to remote] DEBUG org.apache.http.impl.conn.DefaultManagedHttpClientConnection  - http-outgoing-38: Close connection
11348 [Forwarding isElementDisplayed on session b1310904-d161-49ca-a1a6-530fba7baea8 to remote] DEBUG org.apache.http.impl.conn.PoolingHttpClientConnectionManager  - Connection released: [id: 38][route: {}->http://localhost:37262][total kept alive: 0; route allocated: 0 of 2000; total allocated: 0 of 2000]
11348 [Forwarding findElement on session b1310904-d161-49ca-a1a6-530fba7baea8 to remote] DEBUG org.apache.http.client.protocol.RequestAddCookies  - CookieSpec selected: best-match
11348 [Forwarding findElement on session b1310904-d161-49ca-a1a6-530fba7baea8 to remote] DEBUG org.apache.http.client.protocol.RequestAuthCache  - Auth cache not set in the context
11348 [Forwarding findElement on session b1310904-d161-49ca-a1a6-530fba7baea8 to remote] DEBUG org.apache.http.impl.conn.PoolingHttpClientConnectionManager  - Connection request: [route: {}->http://localhost:37262][total kept alive: 0; route allocated: 0 of 2000; total allocated: 0 of 2000]
11348 [Forwarding findElement on session b1310904-d161-49ca-a1a6-530fba7baea8 to remote] DEBUG org.apache.http.impl.conn.PoolingHttpClientConnectionManager  - Connection leased: [id: 39][route: {}->http://localhost:37262][total kept alive: 0; route allocated: 1 of 2000; total allocated: 1 of 2000]
11348 [Forwarding findElement on session b1310904-d161-49ca-a1a6-530fba7baea8 to remote] DEBUG org.apache.http.impl.execchain.MainClientExec  - Opening connection {}->http://localhost:37262
11348 [Forwarding findElement on session b1310904-d161-49ca-a1a6-530fba7baea8 to remote] DEBUG org.apache.http.impl.conn.HttpClientConnectionOperator  - Connecting to localhost/127.0.0.1:37262
11348 [Forwarding findElement on session b1310904-d161-49ca-a1a6-530fba7baea8 to remote] DEBUG org.apache.http.impl.conn.HttpClientConnectionOperator  - Connection established 127.0.0.1:17254<->127.0.0.1:37262
11348 [Forwarding findElement on session b1310904-d161-49ca-a1a6-530fba7baea8 to remote] DEBUG org.apache.http.impl.execchain.MainClientExec  - Executing request POST /session/b1310904-d161-49ca-a1a6-530fba7baea8/element HTTP/1.1
11348 [Forwarding findElement on session b1310904-d161-49ca-a1a6-530fba7baea8 to remote] DEBUG org.apache.http.impl.execchain.MainClientExec  - Target auth state: UNCHALLENGED
11348 [Forwarding findElement on session b1310904-d161-49ca-a1a6-530fba7baea8 to remote] DEBUG org.apache.http.impl.execchain.MainClientExec  - Proxy auth state: UNCHALLENGED
11348 [Forwarding findElement on session b1310904-d161-49ca-a1a6-530fba7baea8 to remote] DEBUG org.apache.http.headers  - http-outgoing-39 >> POST /session/b1310904-d161-49ca-a1a6-530fba7baea8/element HTTP/1.1
11348 [Forwarding findElement on session b1310904-d161-49ca-a1a6-530fba7baea8 to remote] DEBUG org.apache.http.headers  - http-outgoing-39 >> Content-Type: application/json; charset=utf-8
11348 [Forwarding findElement on session b1310904-d161-49ca-a1a6-530fba7baea8 to remote] DEBUG org.apache.http.headers  - http-outgoing-39 >> Content-Length: 53
11348 [Forwarding findElement on session b1310904-d161-49ca-a1a6-530fba7baea8 to remote] DEBUG org.apache.http.headers  - http-outgoing-39 >> Host: localhost:37262
11348 [Forwarding findElement on session b1310904-d161-49ca-a1a6-530fba7baea8 to remote] DEBUG org.apache.http.headers  - http-outgoing-39 >> Connection: Keep-Alive
11348 [Forwarding findElement on session b1310904-d161-49ca-a1a6-530fba7baea8 to remote] DEBUG org.apache.http.headers  - http-outgoing-39 >> User-Agent: Apache-HttpClient/4.3.3 (java 1.5)
11348 [Forwarding findElement on session b1310904-d161-49ca-a1a6-530fba7baea8 to remote] DEBUG org.apache.http.headers  - http-outgoing-39 >> Accept-Encoding: gzip,deflate
11348 [Forwarding findElement on session b1310904-d161-49ca-a1a6-530fba7baea8 to remote] DEBUG org.apache.http.wire  - http-outgoing-39 >> "POST /session/b1310904-d161-49ca-a1a6-530fba7baea8/element HTTP/1.1[\r][\n]"
11348 [Forwarding findElement on session b1310904-d161-49ca-a1a6-530fba7baea8 to remote] DEBUG org.apache.http.wire  - http-outgoing-39 >> "Content-Type: application/json; charset=utf-8[\r][\n]"
11348 [Forwarding findElement on session b1310904-d161-49ca-a1a6-530fba7baea8 to remote] DEBUG org.apache.http.wire  - http-outgoing-39 >> "Content-Length: 53[\r][\n]"
11348 [Forwarding findElement on session b1310904-d161-49ca-a1a6-530fba7baea8 to remote] DEBUG org.apache.http.wire  - http-outgoing-39 >> "Host: localhost:37262[\r][\n]"
11348 [Forwarding findElement on session b1310904-d161-49ca-a1a6-530fba7baea8 to remote] DEBUG org.apache.http.wire  - http-outgoing-39 >> "Connection: Keep-Alive[\r][\n]"
11348 [Forwarding findElement on session b1310904-d161-49ca-a1a6-530fba7baea8 to remote] DEBUG org.apache.http.wire  - http-outgoing-39 >> "User-Agent: Apache-HttpClient/4.3.3 (java 1.5)[\r][\n]"
11348 [Forwarding findElement on session b1310904-d161-49ca-a1a6-530fba7baea8 to remote] DEBUG org.apache.http.wire  - http-outgoing-39 >> "Accept-Encoding: gzip,deflate[\r][\n]"
11348 [Forwarding findElement on session b1310904-d161-49ca-a1a6-530fba7baea8 to remote] DEBUG org.apache.http.wire  - http-outgoing-39 >> "[\r][\n]"
11348 [Forwarding findElement on session b1310904-d161-49ca-a1a6-530fba7baea8 to remote] DEBUG org.apache.http.wire  - http-outgoing-39 >> "{"using":"xpath","value":"//input[@name='password']"}"
11378 [Forwarding findElement on session b1310904-d161-49ca-a1a6-530fba7baea8 to remote] DEBUG org.apache.http.wire  - http-outgoing-39 << "HTTP/1.1 200 OK[\r][\n]"
11378 [Forwarding findElement on session b1310904-d161-49ca-a1a6-530fba7baea8 to remote] DEBUG org.apache.http.wire  - http-outgoing-39 << "Content-Length: 200[\r][\n]"
11378 [Forwarding findElement on session b1310904-d161-49ca-a1a6-530fba7baea8 to remote] DEBUG org.apache.http.wire  - http-outgoing-39 << "Content-Type: application/json; charset=UTF-8[\r][\n]"
11378 [Forwarding findElement on session b1310904-d161-49ca-a1a6-530fba7baea8 to remote] DEBUG org.apache.http.wire  - http-outgoing-39 << "Vary: Accept-Charset, Accept-Encoding, Accept-Language, Accept[\r][\n]"
11378 [Forwarding findElement on session b1310904-d161-49ca-a1a6-530fba7baea8 to remote] DEBUG org.apache.http.wire  - http-outgoing-39 << "Accept-Ranges: bytes[\r][\n]"
11378 [Forwarding findElement on session b1310904-d161-49ca-a1a6-530fba7baea8 to remote] DEBUG org.apache.http.wire  - http-outgoing-39 << "Connection: close[\r][\n]"
11378 [Forwarding findElement on session b1310904-d161-49ca-a1a6-530fba7baea8 to remote] DEBUG org.apache.http.wire  - http-outgoing-39 << "[\r][\n]"
11378 [Forwarding findElement on session b1310904-d161-49ca-a1a6-530fba7baea8 to remote] DEBUG org.apache.http.wire  - http-outgoing-39 << "{"sessionId":"b1310904-d161-49ca-a1a6-530fba7baea8","status":0,"value":{"ELEMENT":"aaf2fdb5-a749-4a1f-9981-75d8fc996473","element-6066-11e4-a52e-4f735466cecf":"aaf2fdb5-a749-4a1f-9981-75d8fc996473"}}[\n]"
11378 [Forwarding findElement on session b1310904-d161-49ca-a1a6-530fba7baea8 to remote] DEBUG org.apache.http.wire  - http-outgoing-39 << "[\r][\n]"
11378 [Forwarding findElement on session b1310904-d161-49ca-a1a6-530fba7baea8 to remote] DEBUG org.apache.http.headers  - http-outgoing-39 << HTTP/1.1 200 OK
11378 [Forwarding findElement on session b1310904-d161-49ca-a1a6-530fba7baea8 to remote] DEBUG org.apache.http.headers  - http-outgoing-39 << Content-Length: 200
11378 [Forwarding findElement on session b1310904-d161-49ca-a1a6-530fba7baea8 to remote] DEBUG org.apache.http.headers  - http-outgoing-39 << Content-Type: application/json; charset=UTF-8
11378 [Forwarding findElement on session b1310904-d161-49ca-a1a6-530fba7baea8 to remote] DEBUG org.apache.http.headers  - http-outgoing-39 << Vary: Accept-Charset, Accept-Encoding, Accept-Language, Accept
11378 [Forwarding findElement on session b1310904-d161-49ca-a1a6-530fba7baea8 to remote] DEBUG org.apache.http.headers  - http-outgoing-39 << Accept-Ranges: bytes
11378 [Forwarding findElement on session b1310904-d161-49ca-a1a6-530fba7baea8 to remote] DEBUG org.apache.http.headers  - http-outgoing-39 << Connection: close
11378 [Forwarding findElement on session b1310904-d161-49ca-a1a6-530fba7baea8 to remote] DEBUG org.apache.http.impl.conn.DefaultManagedHttpClientConnection  - http-outgoing-39: Shutdown connection
11378 [Forwarding findElement on session b1310904-d161-49ca-a1a6-530fba7baea8 to remote] DEBUG org.apache.http.impl.execchain.MainClientExec  - Connection discarded
11378 [Forwarding findElement on session b1310904-d161-49ca-a1a6-530fba7baea8 to remote] DEBUG org.apache.http.impl.conn.DefaultManagedHttpClientConnection  - http-outgoing-39: Close connection
11378 [Forwarding findElement on session b1310904-d161-49ca-a1a6-530fba7baea8 to remote] DEBUG org.apache.http.impl.conn.PoolingHttpClientConnectionManager  - Connection released: [id: 39][route: {}->http://localhost:37262][total kept alive: 0; route allocated: 0 of 2000; total allocated: 0 of 2000]
11378 [Forwarding isElementEnabled on session b1310904-d161-49ca-a1a6-530fba7baea8 to remote] DEBUG org.apache.http.client.protocol.RequestAddCookies  - CookieSpec selected: best-match
11378 [Forwarding isElementEnabled on session b1310904-d161-49ca-a1a6-530fba7baea8 to remote] DEBUG org.apache.http.client.protocol.RequestAuthCache  - Auth cache not set in the context
11378 [Forwarding isElementEnabled on session b1310904-d161-49ca-a1a6-530fba7baea8 to remote] DEBUG org.apache.http.impl.conn.PoolingHttpClientConnectionManager  - Connection request: [route: {}->http://localhost:37262][total kept alive: 0; route allocated: 0 of 2000; total allocated: 0 of 2000]
11378 [Forwarding isElementEnabled on session b1310904-d161-49ca-a1a6-530fba7baea8 to remote] DEBUG org.apache.http.impl.conn.PoolingHttpClientConnectionManager  - Connection leased: [id: 40][route: {}->http://localhost:37262][total kept alive: 0; route allocated: 1 of 2000; total allocated: 1 of 2000]
11378 [Forwarding isElementEnabled on session b1310904-d161-49ca-a1a6-530fba7baea8 to remote] DEBUG org.apache.http.impl.execchain.MainClientExec  - Opening connection {}->http://localhost:37262
11378 [Forwarding isElementEnabled on session b1310904-d161-49ca-a1a6-530fba7baea8 to remote] DEBUG org.apache.http.impl.conn.HttpClientConnectionOperator  - Connecting to localhost/127.0.0.1:37262
11378 [Forwarding isElementEnabled on session b1310904-d161-49ca-a1a6-530fba7baea8 to remote] DEBUG org.apache.http.impl.conn.HttpClientConnectionOperator  - Connection established 127.0.0.1:17255<->127.0.0.1:37262
11378 [Forwarding isElementEnabled on session b1310904-d161-49ca-a1a6-530fba7baea8 to remote] DEBUG org.apache.http.impl.execchain.MainClientExec  - Executing request GET /session/b1310904-d161-49ca-a1a6-530fba7baea8/element/aaf2fdb5-a749-4a1f-9981-75d8fc996473/enabled HTTP/1.1
11378 [Forwarding isElementEnabled on session b1310904-d161-49ca-a1a6-530fba7baea8 to remote] DEBUG org.apache.http.impl.execchain.MainClientExec  - Target auth state: UNCHALLENGED
11378 [Forwarding isElementEnabled on session b1310904-d161-49ca-a1a6-530fba7baea8 to remote] DEBUG org.apache.http.impl.execchain.MainClientExec  - Proxy auth state: UNCHALLENGED
11378 [Forwarding isElementEnabled on session b1310904-d161-49ca-a1a6-530fba7baea8 to remote] DEBUG org.apache.http.headers  - http-outgoing-40 >> GET /session/b1310904-d161-49ca-a1a6-530fba7baea8/element/aaf2fdb5-a749-4a1f-9981-75d8fc996473/enabled HTTP/1.1
11378 [Forwarding isElementEnabled on session b1310904-d161-49ca-a1a6-530fba7baea8 to remote] DEBUG org.apache.http.headers  - http-outgoing-40 >> Cache-Control: no-cache
11378 [Forwarding isElementEnabled on session b1310904-d161-49ca-a1a6-530fba7baea8 to remote] DEBUG org.apache.http.headers  - http-outgoing-40 >> Host: localhost:37262
11378 [Forwarding isElementEnabled on session b1310904-d161-49ca-a1a6-530fba7baea8 to remote] DEBUG org.apache.http.headers  - http-outgoing-40 >> Connection: Keep-Alive
11378 [Forwarding isElementEnabled on session b1310904-d161-49ca-a1a6-530fba7baea8 to remote] DEBUG org.apache.http.headers  - http-outgoing-40 >> User-Agent: Apache-HttpClient/4.3.3 (java 1.5)
11378 [Forwarding isElementEnabled on session b1310904-d161-49ca-a1a6-530fba7baea8 to remote] DEBUG org.apache.http.headers  - http-outgoing-40 >> Accept-Encoding: gzip,deflate
11378 [Forwarding isElementEnabled on session b1310904-d161-49ca-a1a6-530fba7baea8 to remote] DEBUG org.apache.http.wire  - http-outgoing-40 >> "GET /session/b1310904-d161-49ca-a1a6-530fba7baea8/element/aaf2fdb5-a749-4a1f-9981-75d8fc996473/enabled HTTP/1.1[\r][\n]"
11378 [Forwarding isElementEnabled on session b1310904-d161-49ca-a1a6-530fba7baea8 to remote] DEBUG org.apache.http.wire  - http-outgoing-40 >> "Cache-Control: no-cache[\r][\n]"
11378 [Forwarding isElementEnabled on session b1310904-d161-49ca-a1a6-530fba7baea8 to remote] DEBUG org.apache.http.wire  - http-outgoing-40 >> "Host: localhost:37262[\r][\n]"
11378 [Forwarding isElementEnabled on session b1310904-d161-49ca-a1a6-530fba7baea8 to remote] DEBUG org.apache.http.wire  - http-outgoing-40 >> "Connection: Keep-Alive[\r][\n]"
11378 [Forwarding isElementEnabled on session b1310904-d161-49ca-a1a6-530fba7baea8 to remote] DEBUG org.apache.http.wire  - http-outgoing-40 >> "User-Agent: Apache-HttpClient/4.3.3 (java 1.5)[\r][\n]"
11378 [Forwarding isElementEnabled on session b1310904-d161-49ca-a1a6-530fba7baea8 to remote] DEBUG org.apache.http.wire  - http-outgoing-40 >> "Accept-Encoding: gzip,deflate[\r][\n]"
11378 [Forwarding isElementEnabled on session b1310904-d161-49ca-a1a6-530fba7baea8 to remote] DEBUG org.apache.http.wire  - http-outgoing-40 >> "[\r][\n]"
11408 [Forwarding isElementEnabled on session b1310904-d161-49ca-a1a6-530fba7baea8 to remote] DEBUG org.apache.http.wire  - http-outgoing-40 << "HTTP/1.1 200 OK[\r][\n]"
11408 [Forwarding isElementEnabled on session b1310904-d161-49ca-a1a6-530fba7baea8 to remote] DEBUG org.apache.http.wire  - http-outgoing-40 << "Content-Length: 77[\r][\n]"
11408 [Forwarding isElementEnabled on session b1310904-d161-49ca-a1a6-530fba7baea8 to remote] DEBUG org.apache.http.wire  - http-outgoing-40 << "Content-Type: application/json; charset=UTF-8[\r][\n]"
11408 [Forwarding isElementEnabled on session b1310904-d161-49ca-a1a6-530fba7baea8 to remote] DEBUG org.apache.http.wire  - http-outgoing-40 << "Vary: Accept-Charset, Accept-Encoding, Accept-Language, Accept[\r][\n]"
11408 [Forwarding isElementEnabled on session b1310904-d161-49ca-a1a6-530fba7baea8 to remote] DEBUG org.apache.http.wire  - http-outgoing-40 << "Accept-Ranges: bytes[\r][\n]"
11408 [Forwarding isElementEnabled on session b1310904-d161-49ca-a1a6-530fba7baea8 to remote] DEBUG org.apache.http.wire  - http-outgoing-40 << "Connection: close[\r][\n]"
11408 [Forwarding isElementEnabled on session b1310904-d161-49ca-a1a6-530fba7baea8 to remote] DEBUG org.apache.http.wire  - http-outgoing-40 << "[\r][\n]"
11408 [Forwarding isElementEnabled on session b1310904-d161-49ca-a1a6-530fba7baea8 to remote] DEBUG org.apache.http.wire  - http-outgoing-40 << "{"sessionId":"b1310904-d161-49ca-a1a6-530fba7baea8","status":0,"value":true}[\n]"
11408 [Forwarding isElementEnabled on session b1310904-d161-49ca-a1a6-530fba7baea8 to remote] DEBUG org.apache.http.wire  - http-outgoing-40 << "[\r][\n]"
11408 [Forwarding isElementEnabled on session b1310904-d161-49ca-a1a6-530fba7baea8 to remote] DEBUG org.apache.http.headers  - http-outgoing-40 << HTTP/1.1 200 OK
11408 [Forwarding isElementEnabled on session b1310904-d161-49ca-a1a6-530fba7baea8 to remote] DEBUG org.apache.http.headers  - http-outgoing-40 << Content-Length: 77
11408 [Forwarding isElementEnabled on session b1310904-d161-49ca-a1a6-530fba7baea8 to remote] DEBUG org.apache.http.headers  - http-outgoing-40 << Content-Type: application/json; charset=UTF-8
11408 [Forwarding isElementEnabled on session b1310904-d161-49ca-a1a6-530fba7baea8 to remote] DEBUG org.apache.http.headers  - http-outgoing-40 << Vary: Accept-Charset, Accept-Encoding, Accept-Language, Accept
11408 [Forwarding isElementEnabled on session b1310904-d161-49ca-a1a6-530fba7baea8 to remote] DEBUG org.apache.http.headers  - http-outgoing-40 << Accept-Ranges: bytes
11408 [Forwarding isElementEnabled on session b1310904-d161-49ca-a1a6-530fba7baea8 to remote] DEBUG org.apache.http.headers  - http-outgoing-40 << Connection: close
11408 [Forwarding isElementEnabled on session b1310904-d161-49ca-a1a6-530fba7baea8 to remote] DEBUG org.apache.http.impl.conn.DefaultManagedHttpClientConnection  - http-outgoing-40: Shutdown connection
11408 [Forwarding isElementEnabled on session b1310904-d161-49ca-a1a6-530fba7baea8 to remote] DEBUG org.apache.http.impl.execchain.MainClientExec  - Connection discarded
11408 [Forwarding isElementEnabled on session b1310904-d161-49ca-a1a6-530fba7baea8 to remote] DEBUG org.apache.http.impl.conn.DefaultManagedHttpClientConnection  - http-outgoing-40: Close connection
11408 [Forwarding isElementEnabled on session b1310904-d161-49ca-a1a6-530fba7baea8 to remote] DEBUG org.apache.http.impl.conn.PoolingHttpClientConnectionManager  - Connection released: [id: 40][route: {}->http://localhost:37262][total kept alive: 0; route allocated: 0 of 2000; total allocated: 0 of 2000]
11408 [Forwarding findElement on session b1310904-d161-49ca-a1a6-530fba7baea8 to remote] DEBUG org.apache.http.client.protocol.RequestAddCookies  - CookieSpec selected: best-match
11408 [Forwarding findElement on session b1310904-d161-49ca-a1a6-530fba7baea8 to remote] DEBUG org.apache.http.client.protocol.RequestAuthCache  - Auth cache not set in the context
11408 [Forwarding findElement on session b1310904-d161-49ca-a1a6-530fba7baea8 to remote] DEBUG org.apache.http.impl.conn.PoolingHttpClientConnectionManager  - Connection request: [route: {}->http://localhost:37262][total kept alive: 0; route allocated: 0 of 2000; total allocated: 0 of 2000]
11408 [Forwarding findElement on session b1310904-d161-49ca-a1a6-530fba7baea8 to remote] DEBUG org.apache.http.impl.conn.PoolingHttpClientConnectionManager  - Connection leased: [id: 41][route: {}->http://localhost:37262][total kept alive: 0; route allocated: 1 of 2000; total allocated: 1 of 2000]
11408 [Forwarding findElement on session b1310904-d161-49ca-a1a6-530fba7baea8 to remote] DEBUG org.apache.http.impl.execchain.MainClientExec  - Opening connection {}->http://localhost:37262
11408 [Forwarding findElement on session b1310904-d161-49ca-a1a6-530fba7baea8 to remote] DEBUG org.apache.http.impl.conn.HttpClientConnectionOperator  - Connecting to localhost/127.0.0.1:37262
11408 [Forwarding findElement on session b1310904-d161-49ca-a1a6-530fba7baea8 to remote] DEBUG org.apache.http.impl.conn.HttpClientConnectionOperator  - Connection established 127.0.0.1:17256<->127.0.0.1:37262
11408 [Forwarding findElement on session b1310904-d161-49ca-a1a6-530fba7baea8 to remote] DEBUG org.apache.http.impl.execchain.MainClientExec  - Executing request POST /session/b1310904-d161-49ca-a1a6-530fba7baea8/element HTTP/1.1
11408 [Forwarding findElement on session b1310904-d161-49ca-a1a6-530fba7baea8 to remote] DEBUG org.apache.http.impl.execchain.MainClientExec  - Target auth state: UNCHALLENGED
11408 [Forwarding findElement on session b1310904-d161-49ca-a1a6-530fba7baea8 to remote] DEBUG org.apache.http.impl.execchain.MainClientExec  - Proxy auth state: UNCHALLENGED
11408 [Forwarding findElement on session b1310904-d161-49ca-a1a6-530fba7baea8 to remote] DEBUG org.apache.http.headers  - http-outgoing-41 >> POST /session/b1310904-d161-49ca-a1a6-530fba7baea8/element HTTP/1.1
11408 [Forwarding findElement on session b1310904-d161-49ca-a1a6-530fba7baea8 to remote] DEBUG org.apache.http.headers  - http-outgoing-41 >> Content-Type: application/json; charset=utf-8
11408 [Forwarding findElement on session b1310904-d161-49ca-a1a6-530fba7baea8 to remote] DEBUG org.apache.http.headers  - http-outgoing-41 >> Content-Length: 53
11408 [Forwarding findElement on session b1310904-d161-49ca-a1a6-530fba7baea8 to remote] DEBUG org.apache.http.headers  - http-outgoing-41 >> Host: localhost:37262
11408 [Forwarding findElement on session b1310904-d161-49ca-a1a6-530fba7baea8 to remote] DEBUG org.apache.http.headers  - http-outgoing-41 >> Connection: Keep-Alive
11408 [Forwarding findElement on session b1310904-d161-49ca-a1a6-530fba7baea8 to remote] DEBUG org.apache.http.headers  - http-outgoing-41 >> User-Agent: Apache-HttpClient/4.3.3 (java 1.5)
11408 [Forwarding findElement on session b1310904-d161-49ca-a1a6-530fba7baea8 to remote] DEBUG org.apache.http.headers  - http-outgoing-41 >> Accept-Encoding: gzip,deflate
11408 [Forwarding findElement on session b1310904-d161-49ca-a1a6-530fba7baea8 to remote] DEBUG org.apache.http.wire  - http-outgoing-41 >> "POST /session/b1310904-d161-49ca-a1a6-530fba7baea8/element HTTP/1.1[\r][\n]"
11408 [Forwarding findElement on session b1310904-d161-49ca-a1a6-530fba7baea8 to remote] DEBUG org.apache.http.wire  - http-outgoing-41 >> "Content-Type: application/json; charset=utf-8[\r][\n]"
11408 [Forwarding findElement on session b1310904-d161-49ca-a1a6-530fba7baea8 to remote] DEBUG org.apache.http.wire  - http-outgoing-41 >> "Content-Length: 53[\r][\n]"
11408 [Forwarding findElement on session b1310904-d161-49ca-a1a6-530fba7baea8 to remote] DEBUG org.apache.http.wire  - http-outgoing-41 >> "Host: localhost:37262[\r][\n]"
11408 [Forwarding findElement on session b1310904-d161-49ca-a1a6-530fba7baea8 to remote] DEBUG org.apache.http.wire  - http-outgoing-41 >> "Connection: Keep-Alive[\r][\n]"
11408 [Forwarding findElement on session b1310904-d161-49ca-a1a6-530fba7baea8 to remote] DEBUG org.apache.http.wire  - http-outgoing-41 >> "User-Agent: Apache-HttpClient/4.3.3 (java 1.5)[\r][\n]"
11408 [Forwarding findElement on session b1310904-d161-49ca-a1a6-530fba7baea8 to remote] DEBUG org.apache.http.wire  - http-outgoing-41 >> "Accept-Encoding: gzip,deflate[\r][\n]"
11408 [Forwarding findElement on session b1310904-d161-49ca-a1a6-530fba7baea8 to remote] DEBUG org.apache.http.wire  - http-outgoing-41 >> "[\r][\n]"
11408 [Forwarding findElement on session b1310904-d161-49ca-a1a6-530fba7baea8 to remote] DEBUG org.apache.http.wire  - http-outgoing-41 >> "{"using":"xpath","value":"//input[@name='password']"}"
11438 [Forwarding findElement on session b1310904-d161-49ca-a1a6-530fba7baea8 to remote] DEBUG org.apache.http.wire  - http-outgoing-41 << "HTTP/1.1 200 OK[\r][\n]"
11438 [Forwarding findElement on session b1310904-d161-49ca-a1a6-530fba7baea8 to remote] DEBUG org.apache.http.wire  - http-outgoing-41 << "Content-Length: 200[\r][\n]"
11438 [Forwarding findElement on session b1310904-d161-49ca-a1a6-530fba7baea8 to remote] DEBUG org.apache.http.wire  - http-outgoing-41 << "Content-Type: application/json; charset=UTF-8[\r][\n]"
11438 [Forwarding findElement on session b1310904-d161-49ca-a1a6-530fba7baea8 to remote] DEBUG org.apache.http.wire  - http-outgoing-41 << "Vary: Accept-Charset, Accept-Encoding, Accept-Language, Accept[\r][\n]"
11438 [Forwarding findElement on session b1310904-d161-49ca-a1a6-530fba7baea8 to remote] DEBUG org.apache.http.wire  - http-outgoing-41 << "Accept-Ranges: bytes[\r][\n]"
11438 [Forwarding findElement on session b1310904-d161-49ca-a1a6-530fba7baea8 to remote] DEBUG org.apache.http.wire  - http-outgoing-41 << "Connection: close[\r][\n]"
11438 [Forwarding findElement on session b1310904-d161-49ca-a1a6-530fba7baea8 to remote] DEBUG org.apache.http.wire  - http-outgoing-41 << "[\r][\n]"
11438 [Forwarding findElement on session b1310904-d161-49ca-a1a6-530fba7baea8 to remote] DEBUG org.apache.http.wire  - http-outgoing-41 << "{"sessionId":"b1310904-d161-49ca-a1a6-530fba7baea8","status":0,"value":{"ELEMENT":"aaf2fdb5-a749-4a1f-9981-75d8fc996473","element-6066-11e4-a52e-4f735466cecf":"aaf2fdb5-a749-4a1f-9981-75d8fc996473"}}[\n]"
11438 [Forwarding findElement on session b1310904-d161-49ca-a1a6-530fba7baea8 to remote] DEBUG org.apache.http.wire  - http-outgoing-41 << "[\r][\n]"
11438 [Forwarding findElement on session b1310904-d161-49ca-a1a6-530fba7baea8 to remote] DEBUG org.apache.http.headers  - http-outgoing-41 << HTTP/1.1 200 OK
11438 [Forwarding findElement on session b1310904-d161-49ca-a1a6-530fba7baea8 to remote] DEBUG org.apache.http.headers  - http-outgoing-41 << Content-Length: 200
11438 [Forwarding findElement on session b1310904-d161-49ca-a1a6-530fba7baea8 to remote] DEBUG org.apache.http.headers  - http-outgoing-41 << Content-Type: application/json; charset=UTF-8
11438 [Forwarding findElement on session b1310904-d161-49ca-a1a6-530fba7baea8 to remote] DEBUG org.apache.http.headers  - http-outgoing-41 << Vary: Accept-Charset, Accept-Encoding, Accept-Language, Accept
11438 [Forwarding findElement on session b1310904-d161-49ca-a1a6-530fba7baea8 to remote] DEBUG org.apache.http.headers  - http-outgoing-41 << Accept-Ranges: bytes
11438 [Forwarding findElement on session b1310904-d161-49ca-a1a6-530fba7baea8 to remote] DEBUG org.apache.http.headers  - http-outgoing-41 << Connection: close
11438 [Forwarding findElement on session b1310904-d161-49ca-a1a6-530fba7baea8 to remote] DEBUG org.apache.http.impl.conn.DefaultManagedHttpClientConnection  - http-outgoing-41: Shutdown connection
11438 [Forwarding findElement on session b1310904-d161-49ca-a1a6-530fba7baea8 to remote] DEBUG org.apache.http.impl.execchain.MainClientExec  - Connection discarded
11438 [Forwarding findElement on session b1310904-d161-49ca-a1a6-530fba7baea8 to remote] DEBUG org.apache.http.impl.conn.DefaultManagedHttpClientConnection  - http-outgoing-41: Close connection
11438 [Forwarding findElement on session b1310904-d161-49ca-a1a6-530fba7baea8 to remote] DEBUG org.apache.http.impl.conn.PoolingHttpClientConnectionManager  - Connection released: [id: 41][route: {}->http://localhost:37262][total kept alive: 0; route allocated: 0 of 2000; total allocated: 0 of 2000]
11438 [Forwarding isElementDisplayed on session b1310904-d161-49ca-a1a6-530fba7baea8 to remote] DEBUG org.apache.http.client.protocol.RequestAddCookies  - CookieSpec selected: best-match
11438 [Forwarding isElementDisplayed on session b1310904-d161-49ca-a1a6-530fba7baea8 to remote] DEBUG org.apache.http.client.protocol.RequestAuthCache  - Auth cache not set in the context
11438 [Forwarding isElementDisplayed on session b1310904-d161-49ca-a1a6-530fba7baea8 to remote] DEBUG org.apache.http.impl.conn.PoolingHttpClientConnectionManager  - Connection request: [route: {}->http://localhost:37262][total kept alive: 0; route allocated: 0 of 2000; total allocated: 0 of 2000]
11438 [Forwarding isElementDisplayed on session b1310904-d161-49ca-a1a6-530fba7baea8 to remote] DEBUG org.apache.http.impl.conn.PoolingHttpClientConnectionManager  - Connection leased: [id: 42][route: {}->http://localhost:37262][total kept alive: 0; route allocated: 1 of 2000; total allocated: 1 of 2000]
11438 [Forwarding isElementDisplayed on session b1310904-d161-49ca-a1a6-530fba7baea8 to remote] DEBUG org.apache.http.impl.execchain.MainClientExec  - Opening connection {}->http://localhost:37262
11438 [Forwarding isElementDisplayed on session b1310904-d161-49ca-a1a6-530fba7baea8 to remote] DEBUG org.apache.http.impl.conn.HttpClientConnectionOperator  - Connecting to localhost/127.0.0.1:37262
11438 [Forwarding isElementDisplayed on session b1310904-d161-49ca-a1a6-530fba7baea8 to remote] DEBUG org.apache.http.impl.conn.HttpClientConnectionOperator  - Connection established 127.0.0.1:17257<->127.0.0.1:37262
11438 [Forwarding isElementDisplayed on session b1310904-d161-49ca-a1a6-530fba7baea8 to remote] DEBUG org.apache.http.impl.execchain.MainClientExec  - Executing request GET /session/b1310904-d161-49ca-a1a6-530fba7baea8/element/aaf2fdb5-a749-4a1f-9981-75d8fc996473/displayed HTTP/1.1
11438 [Forwarding isElementDisplayed on session b1310904-d161-49ca-a1a6-530fba7baea8 to remote] DEBUG org.apache.http.impl.execchain.MainClientExec  - Target auth state: UNCHALLENGED
11438 [Forwarding isElementDisplayed on session b1310904-d161-49ca-a1a6-530fba7baea8 to remote] DEBUG org.apache.http.impl.execchain.MainClientExec  - Proxy auth state: UNCHALLENGED
11438 [Forwarding isElementDisplayed on session b1310904-d161-49ca-a1a6-530fba7baea8 to remote] DEBUG org.apache.http.headers  - http-outgoing-42 >> GET /session/b1310904-d161-49ca-a1a6-530fba7baea8/element/aaf2fdb5-a749-4a1f-9981-75d8fc996473/displayed HTTP/1.1
11438 [Forwarding isElementDisplayed on session b1310904-d161-49ca-a1a6-530fba7baea8 to remote] DEBUG org.apache.http.headers  - http-outgoing-42 >> Cache-Control: no-cache
11438 [Forwarding isElementDisplayed on session b1310904-d161-49ca-a1a6-530fba7baea8 to remote] DEBUG org.apache.http.headers  - http-outgoing-42 >> Host: localhost:37262
11438 [Forwarding isElementDisplayed on session b1310904-d161-49ca-a1a6-530fba7baea8 to remote] DEBUG org.apache.http.headers  - http-outgoing-42 >> Connection: Keep-Alive
11438 [Forwarding isElementDisplayed on session b1310904-d161-49ca-a1a6-530fba7baea8 to remote] DEBUG org.apache.http.headers  - http-outgoing-42 >> User-Agent: Apache-HttpClient/4.3.3 (java 1.5)
11438 [Forwarding isElementDisplayed on session b1310904-d161-49ca-a1a6-530fba7baea8 to remote] DEBUG org.apache.http.headers  - http-outgoing-42 >> Accept-Encoding: gzip,deflate
11438 [Forwarding isElementDisplayed on session b1310904-d161-49ca-a1a6-530fba7baea8 to remote] DEBUG org.apache.http.wire  - http-outgoing-42 >> "GET /session/b1310904-d161-49ca-a1a6-530fba7baea8/element/aaf2fdb5-a749-4a1f-9981-75d8fc996473/displayed HTTP/1.1[\r][\n]"
11438 [Forwarding isElementDisplayed on session b1310904-d161-49ca-a1a6-530fba7baea8 to remote] DEBUG org.apache.http.wire  - http-outgoing-42 >> "Cache-Control: no-cache[\r][\n]"
11438 [Forwarding isElementDisplayed on session b1310904-d161-49ca-a1a6-530fba7baea8 to remote] DEBUG org.apache.http.wire  - http-outgoing-42 >> "Host: localhost:37262[\r][\n]"
11438 [Forwarding isElementDisplayed on session b1310904-d161-49ca-a1a6-530fba7baea8 to remote] DEBUG org.apache.http.wire  - http-outgoing-42 >> "Connection: Keep-Alive[\r][\n]"
11438 [Forwarding isElementDisplayed on session b1310904-d161-49ca-a1a6-530fba7baea8 to remote] DEBUG org.apache.http.wire  - http-outgoing-42 >> "User-Agent: Apache-HttpClient/4.3.3 (java 1.5)[\r][\n]"
11438 [Forwarding isElementDisplayed on session b1310904-d161-49ca-a1a6-530fba7baea8 to remote] DEBUG org.apache.http.wire  - http-outgoing-42 >> "Accept-Encoding: gzip,deflate[\r][\n]"
11438 [Forwarding isElementDisplayed on session b1310904-d161-49ca-a1a6-530fba7baea8 to remote] DEBUG org.apache.http.wire  - http-outgoing-42 >> "[\r][\n]"
11478 [Forwarding isElementDisplayed on session b1310904-d161-49ca-a1a6-530fba7baea8 to remote] DEBUG org.apache.http.wire  - http-outgoing-42 << "HTTP/1.1 200 OK[\r][\n]"
11478 [Forwarding isElementDisplayed on session b1310904-d161-49ca-a1a6-530fba7baea8 to remote] DEBUG org.apache.http.wire  - http-outgoing-42 << "Content-Length: 77[\r][\n]"
11478 [Forwarding isElementDisplayed on session b1310904-d161-49ca-a1a6-530fba7baea8 to remote] DEBUG org.apache.http.wire  - http-outgoing-42 << "Content-Type: application/json; charset=UTF-8[\r][\n]"
11478 [Forwarding isElementDisplayed on session b1310904-d161-49ca-a1a6-530fba7baea8 to remote] DEBUG org.apache.http.wire  - http-outgoing-42 << "Vary: Accept-Charset, Accept-Encoding, Accept-Language, Accept[\r][\n]"
11478 [Forwarding isElementDisplayed on session b1310904-d161-49ca-a1a6-530fba7baea8 to remote] DEBUG org.apache.http.wire  - http-outgoing-42 << "Accept-Ranges: bytes[\r][\n]"
11478 [Forwarding isElementDisplayed on session b1310904-d161-49ca-a1a6-530fba7baea8 to remote] DEBUG org.apache.http.wire  - http-outgoing-42 << "Connection: close[\r][\n]"
11478 [Forwarding isElementDisplayed on session b1310904-d161-49ca-a1a6-530fba7baea8 to remote] DEBUG org.apache.http.wire  - http-outgoing-42 << "[\r][\n]"
11478 [Forwarding isElementDisplayed on session b1310904-d161-49ca-a1a6-530fba7baea8 to remote] DEBUG org.apache.http.wire  - http-outgoing-42 << "{"sessionId":"b1310904-d161-49ca-a1a6-530fba7baea8","status":0,"value":true}[\n]"
11478 [Forwarding isElementDisplayed on session b1310904-d161-49ca-a1a6-530fba7baea8 to remote] DEBUG org.apache.http.wire  - http-outgoing-42 << "[\r][\n]"
11478 [Forwarding isElementDisplayed on session b1310904-d161-49ca-a1a6-530fba7baea8 to remote] DEBUG org.apache.http.headers  - http-outgoing-42 << HTTP/1.1 200 OK
11478 [Forwarding isElementDisplayed on session b1310904-d161-49ca-a1a6-530fba7baea8 to remote] DEBUG org.apache.http.headers  - http-outgoing-42 << Content-Length: 77
11478 [Forwarding isElementDisplayed on session b1310904-d161-49ca-a1a6-530fba7baea8 to remote] DEBUG org.apache.http.headers  - http-outgoing-42 << Content-Type: application/json; charset=UTF-8
11478 [Forwarding isElementDisplayed on session b1310904-d161-49ca-a1a6-530fba7baea8 to remote] DEBUG org.apache.http.headers  - http-outgoing-42 << Vary: Accept-Charset, Accept-Encoding, Accept-Language, Accept
11478 [Forwarding isElementDisplayed on session b1310904-d161-49ca-a1a6-530fba7baea8 to remote] DEBUG org.apache.http.headers  - http-outgoing-42 << Accept-Ranges: bytes
11478 [Forwarding isElementDisplayed on session b1310904-d161-49ca-a1a6-530fba7baea8 to remote] DEBUG org.apache.http.headers  - http-outgoing-42 << Connection: close
11478 [Forwarding isElementDisplayed on session b1310904-d161-49ca-a1a6-530fba7baea8 to remote] DEBUG org.apache.http.impl.conn.DefaultManagedHttpClientConnection  - http-outgoing-42: Shutdown connection
11478 [Forwarding isElementDisplayed on session b1310904-d161-49ca-a1a6-530fba7baea8 to remote] DEBUG org.apache.http.impl.execchain.MainClientExec  - Connection discarded
11478 [Forwarding isElementDisplayed on session b1310904-d161-49ca-a1a6-530fba7baea8 to remote] DEBUG org.apache.http.impl.conn.DefaultManagedHttpClientConnection  - http-outgoing-42: Close connection
11478 [Forwarding isElementDisplayed on session b1310904-d161-49ca-a1a6-530fba7baea8 to remote] DEBUG org.apache.http.impl.conn.PoolingHttpClientConnectionManager  - Connection released: [id: 42][route: {}->http://localhost:37262][total kept alive: 0; route allocated: 0 of 2000; total allocated: 0 of 2000]
11478 [Forwarding findElement on session b1310904-d161-49ca-a1a6-530fba7baea8 to remote] DEBUG org.apache.http.client.protocol.RequestAddCookies  - CookieSpec selected: best-match
11478 [Forwarding findElement on session b1310904-d161-49ca-a1a6-530fba7baea8 to remote] DEBUG org.apache.http.client.protocol.RequestAuthCache  - Auth cache not set in the context
11478 [Forwarding findElement on session b1310904-d161-49ca-a1a6-530fba7baea8 to remote] DEBUG org.apache.http.impl.conn.PoolingHttpClientConnectionManager  - Connection request: [route: {}->http://localhost:37262][total kept alive: 0; route allocated: 0 of 2000; total allocated: 0 of 2000]
11478 [Forwarding findElement on session b1310904-d161-49ca-a1a6-530fba7baea8 to remote] DEBUG org.apache.http.impl.conn.PoolingHttpClientConnectionManager  - Connection leased: [id: 43][route: {}->http://localhost:37262][total kept alive: 0; route allocated: 1 of 2000; total allocated: 1 of 2000]
11478 [Forwarding findElement on session b1310904-d161-49ca-a1a6-530fba7baea8 to remote] DEBUG org.apache.http.impl.execchain.MainClientExec  - Opening connection {}->http://localhost:37262
11478 [Forwarding findElement on session b1310904-d161-49ca-a1a6-530fba7baea8 to remote] DEBUG org.apache.http.impl.conn.HttpClientConnectionOperator  - Connecting to localhost/127.0.0.1:37262
11478 [Forwarding findElement on session b1310904-d161-49ca-a1a6-530fba7baea8 to remote] DEBUG org.apache.http.impl.conn.HttpClientConnectionOperator  - Connection established 127.0.0.1:17258<->127.0.0.1:37262
11478 [Forwarding findElement on session b1310904-d161-49ca-a1a6-530fba7baea8 to remote] DEBUG org.apache.http.impl.execchain.MainClientExec  - Executing request POST /session/b1310904-d161-49ca-a1a6-530fba7baea8/element HTTP/1.1
11478 [Forwarding findElement on session b1310904-d161-49ca-a1a6-530fba7baea8 to remote] DEBUG org.apache.http.impl.execchain.MainClientExec  - Target auth state: UNCHALLENGED
11478 [Forwarding findElement on session b1310904-d161-49ca-a1a6-530fba7baea8 to remote] DEBUG org.apache.http.impl.execchain.MainClientExec  - Proxy auth state: UNCHALLENGED
11478 [Forwarding findElement on session b1310904-d161-49ca-a1a6-530fba7baea8 to remote] DEBUG org.apache.http.headers  - http-outgoing-43 >> POST /session/b1310904-d161-49ca-a1a6-530fba7baea8/element HTTP/1.1
11478 [Forwarding findElement on session b1310904-d161-49ca-a1a6-530fba7baea8 to remote] DEBUG org.apache.http.headers  - http-outgoing-43 >> Content-Type: application/json; charset=utf-8
11478 [Forwarding findElement on session b1310904-d161-49ca-a1a6-530fba7baea8 to remote] DEBUG org.apache.http.headers  - http-outgoing-43 >> Content-Length: 53
11478 [Forwarding findElement on session b1310904-d161-49ca-a1a6-530fba7baea8 to remote] DEBUG org.apache.http.headers  - http-outgoing-43 >> Host: localhost:37262
11478 [Forwarding findElement on session b1310904-d161-49ca-a1a6-530fba7baea8 to remote] DEBUG org.apache.http.headers  - http-outgoing-43 >> Connection: Keep-Alive
11478 [Forwarding findElement on session b1310904-d161-49ca-a1a6-530fba7baea8 to remote] DEBUG org.apache.http.headers  - http-outgoing-43 >> User-Agent: Apache-HttpClient/4.3.3 (java 1.5)
11478 [Forwarding findElement on session b1310904-d161-49ca-a1a6-530fba7baea8 to remote] DEBUG org.apache.http.headers  - http-outgoing-43 >> Accept-Encoding: gzip,deflate
11478 [Forwarding findElement on session b1310904-d161-49ca-a1a6-530fba7baea8 to remote] DEBUG org.apache.http.wire  - http-outgoing-43 >> "POST /session/b1310904-d161-49ca-a1a6-530fba7baea8/element HTTP/1.1[\r][\n]"
11478 [Forwarding findElement on session b1310904-d161-49ca-a1a6-530fba7baea8 to remote] DEBUG org.apache.http.wire  - http-outgoing-43 >> "Content-Type: application/json; charset=utf-8[\r][\n]"
11478 [Forwarding findElement on session b1310904-d161-49ca-a1a6-530fba7baea8 to remote] DEBUG org.apache.http.wire  - http-outgoing-43 >> "Content-Length: 53[\r][\n]"
11478 [Forwarding findElement on session b1310904-d161-49ca-a1a6-530fba7baea8 to remote] DEBUG org.apache.http.wire  - http-outgoing-43 >> "Host: localhost:37262[\r][\n]"
11478 [Forwarding findElement on session b1310904-d161-49ca-a1a6-530fba7baea8 to remote] DEBUG org.apache.http.wire  - http-outgoing-43 >> "Connection: Keep-Alive[\r][\n]"
11478 [Forwarding findElement on session b1310904-d161-49ca-a1a6-530fba7baea8 to remote] DEBUG org.apache.http.wire  - http-outgoing-43 >> "User-Agent: Apache-HttpClient/4.3.3 (java 1.5)[\r][\n]"
11478 [Forwarding findElement on session b1310904-d161-49ca-a1a6-530fba7baea8 to remote] DEBUG org.apache.http.wire  - http-outgoing-43 >> "Accept-Encoding: gzip,deflate[\r][\n]"
11478 [Forwarding findElement on session b1310904-d161-49ca-a1a6-530fba7baea8 to remote] DEBUG org.apache.http.wire  - http-outgoing-43 >> "[\r][\n]"
11478 [Forwarding findElement on session b1310904-d161-49ca-a1a6-530fba7baea8 to remote] DEBUG org.apache.http.wire  - http-outgoing-43 >> "{"using":"xpath","value":"//input[@name='password']"}"
11508 [Forwarding findElement on session b1310904-d161-49ca-a1a6-530fba7baea8 to remote] DEBUG org.apache.http.wire  - http-outgoing-43 << "HTTP/1.1 200 OK[\r][\n]"
11508 [Forwarding findElement on session b1310904-d161-49ca-a1a6-530fba7baea8 to remote] DEBUG org.apache.http.wire  - http-outgoing-43 << "Content-Length: 200[\r][\n]"
11508 [Forwarding findElement on session b1310904-d161-49ca-a1a6-530fba7baea8 to remote] DEBUG org.apache.http.wire  - http-outgoing-43 << "Content-Type: application/json; charset=UTF-8[\r][\n]"
11508 [Forwarding findElement on session b1310904-d161-49ca-a1a6-530fba7baea8 to remote] DEBUG org.apache.http.wire  - http-outgoing-43 << "Vary: Accept-Charset, Accept-Encoding, Accept-Language, Accept[\r][\n]"
11508 [Forwarding findElement on session b1310904-d161-49ca-a1a6-530fba7baea8 to remote] DEBUG org.apache.http.wire  - http-outgoing-43 << "Accept-Ranges: bytes[\r][\n]"
11508 [Forwarding findElement on session b1310904-d161-49ca-a1a6-530fba7baea8 to remote] DEBUG org.apache.http.wire  - http-outgoing-43 << "Connection: close[\r][\n]"
11508 [Forwarding findElement on session b1310904-d161-49ca-a1a6-530fba7baea8 to remote] DEBUG org.apache.http.wire  - http-outgoing-43 << "[\r][\n]"
11508 [Forwarding findElement on session b1310904-d161-49ca-a1a6-530fba7baea8 to remote] DEBUG org.apache.http.wire  - http-outgoing-43 << "{"sessionId":"b1310904-d161-49ca-a1a6-530fba7baea8","status":0,"value":{"ELEMENT":"aaf2fdb5-a749-4a1f-9981-75d8fc996473","element-6066-11e4-a52e-4f735466cecf":"aaf2fdb5-a749-4a1f-9981-75d8fc996473"}}[\n]"
11508 [Forwarding findElement on session b1310904-d161-49ca-a1a6-530fba7baea8 to remote] DEBUG org.apache.http.wire  - http-outgoing-43 << "[\r][\n]"
11508 [Forwarding findElement on session b1310904-d161-49ca-a1a6-530fba7baea8 to remote] DEBUG org.apache.http.headers  - http-outgoing-43 << HTTP/1.1 200 OK
11508 [Forwarding findElement on session b1310904-d161-49ca-a1a6-530fba7baea8 to remote] DEBUG org.apache.http.headers  - http-outgoing-43 << Content-Length: 200
11508 [Forwarding findElement on session b1310904-d161-49ca-a1a6-530fba7baea8 to remote] DEBUG org.apache.http.headers  - http-outgoing-43 << Content-Type: application/json; charset=UTF-8
11508 [Forwarding findElement on session b1310904-d161-49ca-a1a6-530fba7baea8 to remote] DEBUG org.apache.http.headers  - http-outgoing-43 << Vary: Accept-Charset, Accept-Encoding, Accept-Language, Accept
11508 [Forwarding findElement on session b1310904-d161-49ca-a1a6-530fba7baea8 to remote] DEBUG org.apache.http.headers  - http-outgoing-43 << Accept-Ranges: bytes
11508 [Forwarding findElement on session b1310904-d161-49ca-a1a6-530fba7baea8 to remote] DEBUG org.apache.http.headers  - http-outgoing-43 << Connection: close
11508 [Forwarding findElement on session b1310904-d161-49ca-a1a6-530fba7baea8 to remote] DEBUG org.apache.http.impl.conn.DefaultManagedHttpClientConnection  - http-outgoing-43: Shutdown connection
11508 [Forwarding findElement on session b1310904-d161-49ca-a1a6-530fba7baea8 to remote] DEBUG org.apache.http.impl.execchain.MainClientExec  - Connection discarded
11508 [Forwarding findElement on session b1310904-d161-49ca-a1a6-530fba7baea8 to remote] DEBUG org.apache.http.impl.conn.DefaultManagedHttpClientConnection  - http-outgoing-43: Close connection
11508 [Forwarding findElement on session b1310904-d161-49ca-a1a6-530fba7baea8 to remote] DEBUG org.apache.http.impl.conn.PoolingHttpClientConnectionManager  - Connection released: [id: 43][route: {}->http://localhost:37262][total kept alive: 0; route allocated: 0 of 2000; total allocated: 0 of 2000]
11508 [Forwarding clearElement on session b1310904-d161-49ca-a1a6-530fba7baea8 to remote] DEBUG org.apache.http.client.protocol.RequestAddCookies  - CookieSpec selected: best-match
11508 [Forwarding clearElement on session b1310904-d161-49ca-a1a6-530fba7baea8 to remote] DEBUG org.apache.http.client.protocol.RequestAuthCache  - Auth cache not set in the context
11508 [Forwarding clearElement on session b1310904-d161-49ca-a1a6-530fba7baea8 to remote] DEBUG org.apache.http.impl.conn.PoolingHttpClientConnectionManager  - Connection request: [route: {}->http://localhost:37262][total kept alive: 0; route allocated: 0 of 2000; total allocated: 0 of 2000]
11508 [Forwarding clearElement on session b1310904-d161-49ca-a1a6-530fba7baea8 to remote] DEBUG org.apache.http.impl.conn.PoolingHttpClientConnectionManager  - Connection leased: [id: 44][route: {}->http://localhost:37262][total kept alive: 0; route allocated: 1 of 2000; total allocated: 1 of 2000]
11508 [Forwarding clearElement on session b1310904-d161-49ca-a1a6-530fba7baea8 to remote] DEBUG org.apache.http.impl.execchain.MainClientExec  - Opening connection {}->http://localhost:37262
11508 [Forwarding clearElement on session b1310904-d161-49ca-a1a6-530fba7baea8 to remote] DEBUG org.apache.http.impl.conn.HttpClientConnectionOperator  - Connecting to localhost/127.0.0.1:37262
11508 [Forwarding clearElement on session b1310904-d161-49ca-a1a6-530fba7baea8 to remote] DEBUG org.apache.http.impl.conn.HttpClientConnectionOperator  - Connection established 127.0.0.1:17259<->127.0.0.1:37262
11508 [Forwarding clearElement on session b1310904-d161-49ca-a1a6-530fba7baea8 to remote] DEBUG org.apache.http.impl.execchain.MainClientExec  - Executing request POST /session/b1310904-d161-49ca-a1a6-530fba7baea8/element/aaf2fdb5-a749-4a1f-9981-75d8fc996473/clear HTTP/1.1
11508 [Forwarding clearElement on session b1310904-d161-49ca-a1a6-530fba7baea8 to remote] DEBUG org.apache.http.impl.execchain.MainClientExec  - Target auth state: UNCHALLENGED
11508 [Forwarding clearElement on session b1310904-d161-49ca-a1a6-530fba7baea8 to remote] DEBUG org.apache.http.impl.execchain.MainClientExec  - Proxy auth state: UNCHALLENGED
11508 [Forwarding clearElement on session b1310904-d161-49ca-a1a6-530fba7baea8 to remote] DEBUG org.apache.http.headers  - http-outgoing-44 >> POST /session/b1310904-d161-49ca-a1a6-530fba7baea8/element/aaf2fdb5-a749-4a1f-9981-75d8fc996473/clear HTTP/1.1
11508 [Forwarding clearElement on session b1310904-d161-49ca-a1a6-530fba7baea8 to remote] DEBUG org.apache.http.headers  - http-outgoing-44 >> Content-Type: application/json; charset=utf-8
11508 [Forwarding clearElement on session b1310904-d161-49ca-a1a6-530fba7baea8 to remote] DEBUG org.apache.http.headers  - http-outgoing-44 >> Content-Length: 45
11508 [Forwarding clearElement on session b1310904-d161-49ca-a1a6-530fba7baea8 to remote] DEBUG org.apache.http.headers  - http-outgoing-44 >> Host: localhost:37262
11508 [Forwarding clearElement on session b1310904-d161-49ca-a1a6-530fba7baea8 to remote] DEBUG org.apache.http.headers  - http-outgoing-44 >> Connection: Keep-Alive
11508 [Forwarding clearElement on session b1310904-d161-49ca-a1a6-530fba7baea8 to remote] DEBUG org.apache.http.headers  - http-outgoing-44 >> User-Agent: Apache-HttpClient/4.3.3 (java 1.5)
11508 [Forwarding clearElement on session b1310904-d161-49ca-a1a6-530fba7baea8 to remote] DEBUG org.apache.http.headers  - http-outgoing-44 >> Accept-Encoding: gzip,deflate
11508 [Forwarding clearElement on session b1310904-d161-49ca-a1a6-530fba7baea8 to remote] DEBUG org.apache.http.wire  - http-outgoing-44 >> "POST /session/b1310904-d161-49ca-a1a6-530fba7baea8/element/aaf2fdb5-a749-4a1f-9981-75d8fc996473/clear HTTP/1.1[\r][\n]"
11508 [Forwarding clearElement on session b1310904-d161-49ca-a1a6-530fba7baea8 to remote] DEBUG org.apache.http.wire  - http-outgoing-44 >> "Content-Type: application/json; charset=utf-8[\r][\n]"
11508 [Forwarding clearElement on session b1310904-d161-49ca-a1a6-530fba7baea8 to remote] DEBUG org.apache.http.wire  - http-outgoing-44 >> "Content-Length: 45[\r][\n]"
11508 [Forwarding clearElement on session b1310904-d161-49ca-a1a6-530fba7baea8 to remote] DEBUG org.apache.http.wire  - http-outgoing-44 >> "Host: localhost:37262[\r][\n]"
11508 [Forwarding clearElement on session b1310904-d161-49ca-a1a6-530fba7baea8 to remote] DEBUG org.apache.http.wire  - http-outgoing-44 >> "Connection: Keep-Alive[\r][\n]"
11508 [Forwarding clearElement on session b1310904-d161-49ca-a1a6-530fba7baea8 to remote] DEBUG org.apache.http.wire  - http-outgoing-44 >> "User-Agent: Apache-HttpClient/4.3.3 (java 1.5)[\r][\n]"
11508 [Forwarding clearElement on session b1310904-d161-49ca-a1a6-530fba7baea8 to remote] DEBUG org.apache.http.wire  - http-outgoing-44 >> "Accept-Encoding: gzip,deflate[\r][\n]"
11508 [Forwarding clearElement on session b1310904-d161-49ca-a1a6-530fba7baea8 to remote] DEBUG org.apache.http.wire  - http-outgoing-44 >> "[\r][\n]"
11508 [Forwarding clearElement on session b1310904-d161-49ca-a1a6-530fba7baea8 to remote] DEBUG org.apache.http.wire  - http-outgoing-44 >> "{"id":"aaf2fdb5-a749-4a1f-9981-75d8fc996473"}"
11588 [Forwarding clearElement on session b1310904-d161-49ca-a1a6-530fba7baea8 to remote] DEBUG org.apache.http.wire  - http-outgoing-44 << "HTTP/1.1 200 OK[\r][\n]"
11588 [Forwarding clearElement on session b1310904-d161-49ca-a1a6-530fba7baea8 to remote] DEBUG org.apache.http.wire  - http-outgoing-44 << "Content-Length: 77[\r][\n]"
11588 [Forwarding clearElement on session b1310904-d161-49ca-a1a6-530fba7baea8 to remote] DEBUG org.apache.http.wire  - http-outgoing-44 << "Content-Type: application/json; charset=UTF-8[\r][\n]"
11588 [Forwarding clearElement on session b1310904-d161-49ca-a1a6-530fba7baea8 to remote] DEBUG org.apache.http.wire  - http-outgoing-44 << "Vary: Accept-Charset, Accept-Encoding, Accept-Language, Accept[\r][\n]"
11588 [Forwarding clearElement on session b1310904-d161-49ca-a1a6-530fba7baea8 to remote] DEBUG org.apache.http.wire  - http-outgoing-44 << "Accept-Ranges: bytes[\r][\n]"
11588 [Forwarding clearElement on session b1310904-d161-49ca-a1a6-530fba7baea8 to remote] DEBUG org.apache.http.wire  - http-outgoing-44 << "Connection: close[\r][\n]"
11588 [Forwarding clearElement on session b1310904-d161-49ca-a1a6-530fba7baea8 to remote] DEBUG org.apache.http.wire  - http-outgoing-44 << "[\r][\n]"
11588 [Forwarding clearElement on session b1310904-d161-49ca-a1a6-530fba7baea8 to remote] DEBUG org.apache.http.wire  - http-outgoing-44 << "{"sessionId":"b1310904-d161-49ca-a1a6-530fba7baea8","status":0,"value":null}[\n]"
11588 [Forwarding clearElement on session b1310904-d161-49ca-a1a6-530fba7baea8 to remote] DEBUG org.apache.http.wire  - http-outgoing-44 << "[\r][\n]"
11588 [Forwarding clearElement on session b1310904-d161-49ca-a1a6-530fba7baea8 to remote] DEBUG org.apache.http.headers  - http-outgoing-44 << HTTP/1.1 200 OK
11588 [Forwarding clearElement on session b1310904-d161-49ca-a1a6-530fba7baea8 to remote] DEBUG org.apache.http.headers  - http-outgoing-44 << Content-Length: 77
11588 [Forwarding clearElement on session b1310904-d161-49ca-a1a6-530fba7baea8 to remote] DEBUG org.apache.http.headers  - http-outgoing-44 << Content-Type: application/json; charset=UTF-8
11588 [Forwarding clearElement on session b1310904-d161-49ca-a1a6-530fba7baea8 to remote] DEBUG org.apache.http.headers  - http-outgoing-44 << Vary: Accept-Charset, Accept-Encoding, Accept-Language, Accept
11588 [Forwarding clearElement on session b1310904-d161-49ca-a1a6-530fba7baea8 to remote] DEBUG org.apache.http.headers  - http-outgoing-44 << Accept-Ranges: bytes
11588 [Forwarding clearElement on session b1310904-d161-49ca-a1a6-530fba7baea8 to remote] DEBUG org.apache.http.headers  - http-outgoing-44 << Connection: close
11588 [Forwarding clearElement on session b1310904-d161-49ca-a1a6-530fba7baea8 to remote] DEBUG org.apache.http.impl.conn.DefaultManagedHttpClientConnection  - http-outgoing-44: Shutdown connection
11588 [Forwarding clearElement on session b1310904-d161-49ca-a1a6-530fba7baea8 to remote] DEBUG org.apache.http.impl.execchain.MainClientExec  - Connection discarded
11588 [Forwarding clearElement on session b1310904-d161-49ca-a1a6-530fba7baea8 to remote] DEBUG org.apache.http.impl.conn.DefaultManagedHttpClientConnection  - http-outgoing-44: Close connection
11588 [Forwarding clearElement on session b1310904-d161-49ca-a1a6-530fba7baea8 to remote] DEBUG org.apache.http.impl.conn.PoolingHttpClientConnectionManager  - Connection released: [id: 44][route: {}->http://localhost:37262][total kept alive: 0; route allocated: 0 of 2000; total allocated: 0 of 2000]
11588 [Forwarding findElement on session b1310904-d161-49ca-a1a6-530fba7baea8 to remote] DEBUG org.apache.http.client.protocol.RequestAddCookies  - CookieSpec selected: best-match
11588 [Forwarding findElement on session b1310904-d161-49ca-a1a6-530fba7baea8 to remote] DEBUG org.apache.http.client.protocol.RequestAuthCache  - Auth cache not set in the context
11588 [Forwarding findElement on session b1310904-d161-49ca-a1a6-530fba7baea8 to remote] DEBUG org.apache.http.impl.conn.PoolingHttpClientConnectionManager  - Connection request: [route: {}->http://localhost:37262][total kept alive: 0; route allocated: 0 of 2000; total allocated: 0 of 2000]
11588 [Forwarding findElement on session b1310904-d161-49ca-a1a6-530fba7baea8 to remote] DEBUG org.apache.http.impl.conn.PoolingHttpClientConnectionManager  - Connection leased: [id: 45][route: {}->http://localhost:37262][total kept alive: 0; route allocated: 1 of 2000; total allocated: 1 of 2000]
11588 [Forwarding findElement on session b1310904-d161-49ca-a1a6-530fba7baea8 to remote] DEBUG org.apache.http.impl.execchain.MainClientExec  - Opening connection {}->http://localhost:37262
11588 [Forwarding findElement on session b1310904-d161-49ca-a1a6-530fba7baea8 to remote] DEBUG org.apache.http.impl.conn.HttpClientConnectionOperator  - Connecting to localhost/127.0.0.1:37262
11588 [Forwarding findElement on session b1310904-d161-49ca-a1a6-530fba7baea8 to remote] DEBUG org.apache.http.impl.conn.HttpClientConnectionOperator  - Connection established 127.0.0.1:17260<->127.0.0.1:37262
11588 [Forwarding findElement on session b1310904-d161-49ca-a1a6-530fba7baea8 to remote] DEBUG org.apache.http.impl.execchain.MainClientExec  - Executing request POST /session/b1310904-d161-49ca-a1a6-530fba7baea8/element HTTP/1.1
11588 [Forwarding findElement on session b1310904-d161-49ca-a1a6-530fba7baea8 to remote] DEBUG org.apache.http.impl.execchain.MainClientExec  - Target auth state: UNCHALLENGED
11588 [Forwarding findElement on session b1310904-d161-49ca-a1a6-530fba7baea8 to remote] DEBUG org.apache.http.impl.execchain.MainClientExec  - Proxy auth state: UNCHALLENGED
11588 [Forwarding findElement on session b1310904-d161-49ca-a1a6-530fba7baea8 to remote] DEBUG org.apache.http.headers  - http-outgoing-45 >> POST /session/b1310904-d161-49ca-a1a6-530fba7baea8/element HTTP/1.1
11588 [Forwarding findElement on session b1310904-d161-49ca-a1a6-530fba7baea8 to remote] DEBUG org.apache.http.headers  - http-outgoing-45 >> Content-Type: application/json; charset=utf-8
11588 [Forwarding findElement on session b1310904-d161-49ca-a1a6-530fba7baea8 to remote] DEBUG org.apache.http.headers  - http-outgoing-45 >> Content-Length: 53
11588 [Forwarding findElement on session b1310904-d161-49ca-a1a6-530fba7baea8 to remote] DEBUG org.apache.http.headers  - http-outgoing-45 >> Host: localhost:37262
11588 [Forwarding findElement on session b1310904-d161-49ca-a1a6-530fba7baea8 to remote] DEBUG org.apache.http.headers  - http-outgoing-45 >> Connection: Keep-Alive
11588 [Forwarding findElement on session b1310904-d161-49ca-a1a6-530fba7baea8 to remote] DEBUG org.apache.http.headers  - http-outgoing-45 >> User-Agent: Apache-HttpClient/4.3.3 (java 1.5)
11588 [Forwarding findElement on session b1310904-d161-49ca-a1a6-530fba7baea8 to remote] DEBUG org.apache.http.headers  - http-outgoing-45 >> Accept-Encoding: gzip,deflate
11588 [Forwarding findElement on session b1310904-d161-49ca-a1a6-530fba7baea8 to remote] DEBUG org.apache.http.wire  - http-outgoing-45 >> "POST /session/b1310904-d161-49ca-a1a6-530fba7baea8/element HTTP/1.1[\r][\n]"
11588 [Forwarding findElement on session b1310904-d161-49ca-a1a6-530fba7baea8 to remote] DEBUG org.apache.http.wire  - http-outgoing-45 >> "Content-Type: application/json; charset=utf-8[\r][\n]"
11588 [Forwarding findElement on session b1310904-d161-49ca-a1a6-530fba7baea8 to remote] DEBUG org.apache.http.wire  - http-outgoing-45 >> "Content-Length: 53[\r][\n]"
11588 [Forwarding findElement on session b1310904-d161-49ca-a1a6-530fba7baea8 to remote] DEBUG org.apache.http.wire  - http-outgoing-45 >> "Host: localhost:37262[\r][\n]"
11588 [Forwarding findElement on session b1310904-d161-49ca-a1a6-530fba7baea8 to remote] DEBUG org.apache.http.wire  - http-outgoing-45 >> "Connection: Keep-Alive[\r][\n]"
11588 [Forwarding findElement on session b1310904-d161-49ca-a1a6-530fba7baea8 to remote] DEBUG org.apache.http.wire  - http-outgoing-45 >> "User-Agent: Apache-HttpClient/4.3.3 (java 1.5)[\r][\n]"
11588 [Forwarding findElement on session b1310904-d161-49ca-a1a6-530fba7baea8 to remote] DEBUG org.apache.http.wire  - http-outgoing-45 >> "Accept-Encoding: gzip,deflate[\r][\n]"
11588 [Forwarding findElement on session b1310904-d161-49ca-a1a6-530fba7baea8 to remote] DEBUG org.apache.http.wire  - http-outgoing-45 >> "[\r][\n]"
11588 [Forwarding findElement on session b1310904-d161-49ca-a1a6-530fba7baea8 to remote] DEBUG org.apache.http.wire  - http-outgoing-45 >> "{"using":"xpath","value":"//input[@name='password']"}"
11618 [Forwarding findElement on session b1310904-d161-49ca-a1a6-530fba7baea8 to remote] DEBUG org.apache.http.wire  - http-outgoing-45 << "HTTP/1.1 200 OK[\r][\n]"
11618 [Forwarding findElement on session b1310904-d161-49ca-a1a6-530fba7baea8 to remote] DEBUG org.apache.http.wire  - http-outgoing-45 << "Content-Length: 200[\r][\n]"
11618 [Forwarding findElement on session b1310904-d161-49ca-a1a6-530fba7baea8 to remote] DEBUG org.apache.http.wire  - http-outgoing-45 << "Content-Type: application/json; charset=UTF-8[\r][\n]"
11618 [Forwarding findElement on session b1310904-d161-49ca-a1a6-530fba7baea8 to remote] DEBUG org.apache.http.wire  - http-outgoing-45 << "Vary: Accept-Charset, Accept-Encoding, Accept-Language, Accept[\r][\n]"
11618 [Forwarding findElement on session b1310904-d161-49ca-a1a6-530fba7baea8 to remote] DEBUG org.apache.http.wire  - http-outgoing-45 << "Accept-Ranges: bytes[\r][\n]"
11618 [Forwarding findElement on session b1310904-d161-49ca-a1a6-530fba7baea8 to remote] DEBUG org.apache.http.wire  - http-outgoing-45 << "Connection: close[\r][\n]"
11618 [Forwarding findElement on session b1310904-d161-49ca-a1a6-530fba7baea8 to remote] DEBUG org.apache.http.wire  - http-outgoing-45 << "[\r][\n]"
11618 [Forwarding findElement on session b1310904-d161-49ca-a1a6-530fba7baea8 to remote] DEBUG org.apache.http.wire  - http-outgoing-45 << "{"sessionId":"b1310904-d161-49ca-a1a6-530fba7baea8","status":0,"value":{"ELEMENT":"aaf2fdb5-a749-4a1f-9981-75d8fc996473","element-6066-11e4-a52e-4f735466cecf":"aaf2fdb5-a749-4a1f-9981-75d8fc996473"}}[\n]"
11618 [Forwarding findElement on session b1310904-d161-49ca-a1a6-530fba7baea8 to remote] DEBUG org.apache.http.wire  - http-outgoing-45 << "[\r][\n]"
11618 [Forwarding findElement on session b1310904-d161-49ca-a1a6-530fba7baea8 to remote] DEBUG org.apache.http.headers  - http-outgoing-45 << HTTP/1.1 200 OK
11618 [Forwarding findElement on session b1310904-d161-49ca-a1a6-530fba7baea8 to remote] DEBUG org.apache.http.headers  - http-outgoing-45 << Content-Length: 200
11618 [Forwarding findElement on session b1310904-d161-49ca-a1a6-530fba7baea8 to remote] DEBUG org.apache.http.headers  - http-outgoing-45 << Content-Type: application/json; charset=UTF-8
11618 [Forwarding findElement on session b1310904-d161-49ca-a1a6-530fba7baea8 to remote] DEBUG org.apache.http.headers  - http-outgoing-45 << Vary: Accept-Charset, Accept-Encoding, Accept-Language, Accept
11618 [Forwarding findElement on session b1310904-d161-49ca-a1a6-530fba7baea8 to remote] DEBUG org.apache.http.headers  - http-outgoing-45 << Accept-Ranges: bytes
11618 [Forwarding findElement on session b1310904-d161-49ca-a1a6-530fba7baea8 to remote] DEBUG org.apache.http.headers  - http-outgoing-45 << Connection: close
11618 [Forwarding findElement on session b1310904-d161-49ca-a1a6-530fba7baea8 to remote] DEBUG org.apache.http.impl.conn.DefaultManagedHttpClientConnection  - http-outgoing-45: Shutdown connection
11618 [Forwarding findElement on session b1310904-d161-49ca-a1a6-530fba7baea8 to remote] DEBUG org.apache.http.impl.execchain.MainClientExec  - Connection discarded
11618 [Forwarding findElement on session b1310904-d161-49ca-a1a6-530fba7baea8 to remote] DEBUG org.apache.http.impl.conn.DefaultManagedHttpClientConnection  - http-outgoing-45: Close connection
11618 [Forwarding findElement on session b1310904-d161-49ca-a1a6-530fba7baea8 to remote] DEBUG org.apache.http.impl.conn.PoolingHttpClientConnectionManager  - Connection released: [id: 45][route: {}->http://localhost:37262][total kept alive: 0; route allocated: 0 of 2000; total allocated: 0 of 2000]
11618 [Forwarding sendKeysToElement on session b1310904-d161-49ca-a1a6-530fba7baea8 to remote] DEBUG org.apache.http.client.protocol.RequestAddCookies  - CookieSpec selected: best-match
11618 [Forwarding sendKeysToElement on session b1310904-d161-49ca-a1a6-530fba7baea8 to remote] DEBUG org.apache.http.client.protocol.RequestAuthCache  - Auth cache not set in the context
11618 [Forwarding sendKeysToElement on session b1310904-d161-49ca-a1a6-530fba7baea8 to remote] DEBUG org.apache.http.impl.conn.PoolingHttpClientConnectionManager  - Connection request: [route: {}->http://localhost:37262][total kept alive: 0; route allocated: 0 of 2000; total allocated: 0 of 2000]
11618 [Forwarding sendKeysToElement on session b1310904-d161-49ca-a1a6-530fba7baea8 to remote] DEBUG org.apache.http.impl.conn.PoolingHttpClientConnectionManager  - Connection leased: [id: 46][route: {}->http://localhost:37262][total kept alive: 0; route allocated: 1 of 2000; total allocated: 1 of 2000]
11618 [Forwarding sendKeysToElement on session b1310904-d161-49ca-a1a6-530fba7baea8 to remote] DEBUG org.apache.http.impl.execchain.MainClientExec  - Opening connection {}->http://localhost:37262
11618 [Forwarding sendKeysToElement on session b1310904-d161-49ca-a1a6-530fba7baea8 to remote] DEBUG org.apache.http.impl.conn.HttpClientConnectionOperator  - Connecting to localhost/127.0.0.1:37262
11618 [Forwarding sendKeysToElement on session b1310904-d161-49ca-a1a6-530fba7baea8 to remote] DEBUG org.apache.http.impl.conn.HttpClientConnectionOperator  - Connection established 127.0.0.1:17261<->127.0.0.1:37262
11618 [Forwarding sendKeysToElement on session b1310904-d161-49ca-a1a6-530fba7baea8 to remote] DEBUG org.apache.http.impl.execchain.MainClientExec  - Executing request POST /session/b1310904-d161-49ca-a1a6-530fba7baea8/element/aaf2fdb5-a749-4a1f-9981-75d8fc996473/value HTTP/1.1
11618 [Forwarding sendKeysToElement on session b1310904-d161-49ca-a1a6-530fba7baea8 to remote] DEBUG org.apache.http.impl.execchain.MainClientExec  - Target auth state: UNCHALLENGED
11618 [Forwarding sendKeysToElement on session b1310904-d161-49ca-a1a6-530fba7baea8 to remote] DEBUG org.apache.http.impl.execchain.MainClientExec  - Proxy auth state: UNCHALLENGED
11618 [Forwarding sendKeysToElement on session b1310904-d161-49ca-a1a6-530fba7baea8 to remote] DEBUG org.apache.http.headers  - http-outgoing-46 >> POST /session/b1310904-d161-49ca-a1a6-530fba7baea8/element/aaf2fdb5-a749-4a1f-9981-75d8fc996473/value HTTP/1.1
11618 [Forwarding sendKeysToElement on session b1310904-d161-49ca-a1a6-530fba7baea8 to remote] DEBUG org.apache.http.headers  - http-outgoing-46 >> Content-Type: application/json; charset=utf-8
11618 [Forwarding sendKeysToElement on session b1310904-d161-49ca-a1a6-530fba7baea8 to remote] DEBUG org.apache.http.headers  - http-outgoing-46 >> Content-Length: 66
11618 [Forwarding sendKeysToElement on session b1310904-d161-49ca-a1a6-530fba7baea8 to remote] DEBUG org.apache.http.headers  - http-outgoing-46 >> Host: localhost:37262
11618 [Forwarding sendKeysToElement on session b1310904-d161-49ca-a1a6-530fba7baea8 to remote] DEBUG org.apache.http.headers  - http-outgoing-46 >> Connection: Keep-Alive
11618 [Forwarding sendKeysToElement on session b1310904-d161-49ca-a1a6-530fba7baea8 to remote] DEBUG org.apache.http.headers  - http-outgoing-46 >> User-Agent: Apache-HttpClient/4.3.3 (java 1.5)
11618 [Forwarding sendKeysToElement on session b1310904-d161-49ca-a1a6-530fba7baea8 to remote] DEBUG org.apache.http.headers  - http-outgoing-46 >> Accept-Encoding: gzip,deflate
11618 [Forwarding sendKeysToElement on session b1310904-d161-49ca-a1a6-530fba7baea8 to remote] DEBUG org.apache.http.wire  - http-outgoing-46 >> "POST /session/b1310904-d161-49ca-a1a6-530fba7baea8/element/aaf2fdb5-a749-4a1f-9981-75d8fc996473/value HTTP/1.1[\r][\n]"
11618 [Forwarding sendKeysToElement on session b1310904-d161-49ca-a1a6-530fba7baea8 to remote] DEBUG org.apache.http.wire  - http-outgoing-46 >> "Content-Type: application/json; charset=utf-8[\r][\n]"
11618 [Forwarding sendKeysToElement on session b1310904-d161-49ca-a1a6-530fba7baea8 to remote] DEBUG org.apache.http.wire  - http-outgoing-46 >> "Content-Length: 66[\r][\n]"
11618 [Forwarding sendKeysToElement on session b1310904-d161-49ca-a1a6-530fba7baea8 to remote] DEBUG org.apache.http.wire  - http-outgoing-46 >> "Host: localhost:37262[\r][\n]"
11618 [Forwarding sendKeysToElement on session b1310904-d161-49ca-a1a6-530fba7baea8 to remote] DEBUG org.apache.http.wire  - http-outgoing-46 >> "Connection: Keep-Alive[\r][\n]"
11618 [Forwarding sendKeysToElement on session b1310904-d161-49ca-a1a6-530fba7baea8 to remote] DEBUG org.apache.http.wire  - http-outgoing-46 >> "User-Agent: Apache-HttpClient/4.3.3 (java 1.5)[\r][\n]"
11618 [Forwarding sendKeysToElement on session b1310904-d161-49ca-a1a6-530fba7baea8 to remote] DEBUG org.apache.http.wire  - http-outgoing-46 >> "Accept-Encoding: gzip,deflate[\r][\n]"
11618 [Forwarding sendKeysToElement on session b1310904-d161-49ca-a1a6-530fba7baea8 to remote] DEBUG org.apache.http.wire  - http-outgoing-46 >> "[\r][\n]"
11618 [Forwarding sendKeysToElement on session b1310904-d161-49ca-a1a6-530fba7baea8 to remote] DEBUG org.apache.http.wire  - http-outgoing-46 >> "{"id":"aaf2fdb5-a749-4a1f-9981-75d8fc996473","value":["prakashs"]}"
11778 [Forwarding sendKeysToElement on session b1310904-d161-49ca-a1a6-530fba7baea8 to remote] DEBUG org.apache.http.wire  - http-outgoing-46 << "HTTP/1.1 200 OK[\r][\n]"
11778 [Forwarding sendKeysToElement on session b1310904-d161-49ca-a1a6-530fba7baea8 to remote] DEBUG org.apache.http.wire  - http-outgoing-46 << "Content-Length: 77[\r][\n]"
11778 [Forwarding sendKeysToElement on session b1310904-d161-49ca-a1a6-530fba7baea8 to remote] DEBUG org.apache.http.wire  - http-outgoing-46 << "Content-Type: application/json; charset=UTF-8[\r][\n]"
11778 [Forwarding sendKeysToElement on session b1310904-d161-49ca-a1a6-530fba7baea8 to remote] DEBUG org.apache.http.wire  - http-outgoing-46 << "Vary: Accept-Charset, Accept-Encoding, Accept-Language, Accept[\r][\n]"
11778 [Forwarding sendKeysToElement on session b1310904-d161-49ca-a1a6-530fba7baea8 to remote] DEBUG org.apache.http.wire  - http-outgoing-46 << "Accept-Ranges: bytes[\r][\n]"
11778 [Forwarding sendKeysToElement on session b1310904-d161-49ca-a1a6-530fba7baea8 to remote] DEBUG org.apache.http.wire  - http-outgoing-46 << "Connection: close[\r][\n]"
11778 [Forwarding sendKeysToElement on session b1310904-d161-49ca-a1a6-530fba7baea8 to remote] DEBUG org.apache.http.wire  - http-outgoing-46 << "[\r][\n]"
11778 [Forwarding sendKeysToElement on session b1310904-d161-49ca-a1a6-530fba7baea8 to remote] DEBUG org.apache.http.wire  - http-outgoing-46 << "{"sessionId":"b1310904-d161-49ca-a1a6-530fba7baea8","status":0,"value":null}[\n]"
11778 [Forwarding sendKeysToElement on session b1310904-d161-49ca-a1a6-530fba7baea8 to remote] DEBUG org.apache.http.wire  - http-outgoing-46 << "[\r][\n]"
11778 [Forwarding sendKeysToElement on session b1310904-d161-49ca-a1a6-530fba7baea8 to remote] DEBUG org.apache.http.headers  - http-outgoing-46 << HTTP/1.1 200 OK
11778 [Forwarding sendKeysToElement on session b1310904-d161-49ca-a1a6-530fba7baea8 to remote] DEBUG org.apache.http.headers  - http-outgoing-46 << Content-Length: 77
11778 [Forwarding sendKeysToElement on session b1310904-d161-49ca-a1a6-530fba7baea8 to remote] DEBUG org.apache.http.headers  - http-outgoing-46 << Content-Type: application/json; charset=UTF-8
11778 [Forwarding sendKeysToElement on session b1310904-d161-49ca-a1a6-530fba7baea8 to remote] DEBUG org.apache.http.headers  - http-outgoing-46 << Vary: Accept-Charset, Accept-Encoding, Accept-Language, Accept
11778 [Forwarding sendKeysToElement on session b1310904-d161-49ca-a1a6-530fba7baea8 to remote] DEBUG org.apache.http.headers  - http-outgoing-46 << Accept-Ranges: bytes
11778 [Forwarding sendKeysToElement on session b1310904-d161-49ca-a1a6-530fba7baea8 to remote] DEBUG org.apache.http.headers  - http-outgoing-46 << Connection: close
11778 [Forwarding sendKeysToElement on session b1310904-d161-49ca-a1a6-530fba7baea8 to remote] DEBUG org.apache.http.impl.conn.DefaultManagedHttpClientConnection  - http-outgoing-46: Shutdown connection
11778 [Forwarding sendKeysToElement on session b1310904-d161-49ca-a1a6-530fba7baea8 to remote] DEBUG org.apache.http.impl.execchain.MainClientExec  - Connection discarded
11778 [Forwarding sendKeysToElement on session b1310904-d161-49ca-a1a6-530fba7baea8 to remote] DEBUG org.apache.http.impl.conn.DefaultManagedHttpClientConnection  - http-outgoing-46: Close connection
11778 [Forwarding sendKeysToElement on session b1310904-d161-49ca-a1a6-530fba7baea8 to remote] DEBUG org.apache.http.impl.conn.PoolingHttpClientConnectionManager  - Connection released: [id: 46][route: {}->http://localhost:37262][total kept alive: 0; route allocated: 0 of 2000; total allocated: 0 of 2000]
11778 [main] INFO  ./TestResults/2017_09_06_05_36_38_PM/LogFile.log  - Entered Password ->prakashs
11778 [main] INFO  ./TestResults/2017_09_06_05_36_38_PM/LogFile.log  - Report step generation success : Entered Password ->prakashs
green2
11778 [main] INFO  ./TestResults/2017_09_06_05_36_38_PM/LogFile.log  - Getting value of Browser from Test Configuration file : IE
11778 [Forwarding screenshot on session b1310904-d161-49ca-a1a6-530fba7baea8 to remote] DEBUG org.apache.http.client.protocol.RequestAddCookies  - CookieSpec selected: best-match
11778 [Forwarding screenshot on session b1310904-d161-49ca-a1a6-530fba7baea8 to remote] DEBUG org.apache.http.client.protocol.RequestAuthCache  - Auth cache not set in the context
11778 [Forwarding screenshot on session b1310904-d161-49ca-a1a6-530fba7baea8 to remote] DEBUG org.apache.http.impl.conn.PoolingHttpClientConnectionManager  - Connection request: [route: {}->http://localhost:37262][total kept alive: 0; route allocated: 0 of 2000; total allocated: 0 of 2000]
11778 [Forwarding screenshot on session b1310904-d161-49ca-a1a6-530fba7baea8 to remote] DEBUG org.apache.http.impl.conn.PoolingHttpClientConnectionManager  - Connection leased: [id: 47][route: {}->http://localhost:37262][total kept alive: 0; route allocated: 1 of 2000; total allocated: 1 of 2000]
11778 [Forwarding screenshot on session b1310904-d161-49ca-a1a6-530fba7baea8 to remote] DEBUG org.apache.http.impl.execchain.MainClientExec  - Opening connection {}->http://localhost:37262
11778 [Forwarding screenshot on session b1310904-d161-49ca-a1a6-530fba7baea8 to remote] DEBUG org.apache.http.impl.conn.HttpClientConnectionOperator  - Connecting to localhost/127.0.0.1:37262
11778 [Forwarding screenshot on session b1310904-d161-49ca-a1a6-530fba7baea8 to remote] DEBUG org.apache.http.impl.conn.HttpClientConnectionOperator  - Connection established 127.0.0.1:17262<->127.0.0.1:37262
11778 [Forwarding screenshot on session b1310904-d161-49ca-a1a6-530fba7baea8 to remote] DEBUG org.apache.http.impl.execchain.MainClientExec  - Executing request GET /session/b1310904-d161-49ca-a1a6-530fba7baea8/screenshot HTTP/1.1
11778 [Forwarding screenshot on session b1310904-d161-49ca-a1a6-530fba7baea8 to remote] DEBUG org.apache.http.impl.execchain.MainClientExec  - Target auth state: UNCHALLENGED
11778 [Forwarding screenshot on session b1310904-d161-49ca-a1a6-530fba7baea8 to remote] DEBUG org.apache.http.impl.execchain.MainClientExec  - Proxy auth state: UNCHALLENGED
11778 [Forwarding screenshot on session b1310904-d161-49ca-a1a6-530fba7baea8 to remote] DEBUG org.apache.http.headers  - http-outgoing-47 >> GET /session/b1310904-d161-49ca-a1a6-530fba7baea8/screenshot HTTP/1.1
11778 [Forwarding screenshot on session b1310904-d161-49ca-a1a6-530fba7baea8 to remote] DEBUG org.apache.http.headers  - http-outgoing-47 >> Cache-Control: no-cache
11778 [Forwarding screenshot on session b1310904-d161-49ca-a1a6-530fba7baea8 to remote] DEBUG org.apache.http.headers  - http-outgoing-47 >> Host: localhost:37262
11778 [Forwarding screenshot on session b1310904-d161-49ca-a1a6-530fba7baea8 to remote] DEBUG org.apache.http.headers  - http-outgoing-47 >> Connection: Keep-Alive
11778 [Forwarding screenshot on session b1310904-d161-49ca-a1a6-530fba7baea8 to remote] DEBUG org.apache.http.headers  - http-outgoing-47 >> User-Agent: Apache-HttpClient/4.3.3 (java 1.5)
11778 [Forwarding screenshot on session b1310904-d161-49ca-a1a6-530fba7baea8 to remote] DEBUG org.apache.http.headers  - http-outgoing-47 >> Accept-Encoding: gzip,deflate
11778 [Forwarding screenshot on session b1310904-d161-49ca-a1a6-530fba7baea8 to remote] DEBUG org.apache.http.wire  - http-outgoing-47 >> "GET /session/b1310904-d161-49ca-a1a6-530fba7baea8/screenshot HTTP/1.1[\r][\n]"
11778 [Forwarding screenshot on session b1310904-d161-49ca-a1a6-530fba7baea8 to remote] DEBUG org.apache.http.wire  - http-outgoing-47 >> "Cache-Control: no-cache[\r][\n]"
11778 [Forwarding screenshot on session b1310904-d161-49ca-a1a6-530fba7baea8 to remote] DEBUG org.apache.http.wire  - http-outgoing-47 >> "Host: localhost:37262[\r][\n]"
11778 [Forwarding screenshot on session b1310904-d161-49ca-a1a6-530fba7baea8 to remote] DEBUG org.apache.http.wire  - http-outgoing-47 >> "Connection: Keep-Alive[\r][\n]"
11778 [Forwarding screenshot on session b1310904-d161-49ca-a1a6-530fba7baea8 to remote] DEBUG org.apache.http.wire  - http-outgoing-47 >> "User-Agent: Apache-HttpClient/4.3.3 (java 1.5)[\r][\n]"
11778 [Forwarding screenshot on session b1310904-d161-49ca-a1a6-530fba7baea8 to remote] DEBUG org.apache.http.wire  - http-outgoing-47 >> "Accept-Encoding: gzip,deflate[\r][\n]"
11778 [Forwarding screenshot on session b1310904-d161-49ca-a1a6-530fba7baea8 to remote] DEBUG org.apache.http.wire  - http-outgoing-47 >> "[\r][\n]"
11878 [Forwarding screenshot on session b1310904-d161-49ca-a1a6-530fba7baea8 to remote] DEBUG org.apache.http.wire  - http-outgoing-47 << "HTTP/1.1 200 OK[\r][\n]"
11878 [Forwarding screenshot on session b1310904-d161-49ca-a1a6-530fba7baea8 to remote] DEBUG org.apache.http.wire  - http-outgoing-47 << "Content-Length: 880575[\r][\n]"
11878 [Forwarding screenshot on session b1310904-d161-49ca-a1a6-530fba7baea8 to remote] DEBUG org.apache.http.wire  - http-outgoing-47 << "Content-Type: application/json; charset=UTF-8[\r][\n]"
11878 [Forwarding screenshot on session b1310904-d161-49ca-a1a6-530fba7baea8 to remote] DEBUG org.apache.http.wire  - http-outgoing-47 << "Vary: Accept-Charset, Accept-Encoding, Accept-Language, Accept[\r][\n]"
11878 [Forwarding screenshot on session b1310904-d161-49ca-a1a6-530fba7baea8 to remote] DEBUG org.apache.http.wire  - http-outgoing-47 << "Accept-Ranges: bytes[\r][\n]"
11878 [Forwarding screenshot on session b1310904-d161-49ca-a1a6-530fba7baea8 to remote] DEBUG org.apache.http.wire  - http-outgoing-47 << "Connection: close[\r][\n]"
11878 [Forwarding screenshot on session b1310904-d161-49ca-a1a6-530fba7baea8 to remote] DEBUG org.apache.http.wire  - http-outgoing-47 << "[\r][\n]"
11878 [Forwarding screenshot on session b1310904-d161-49ca-a1a6-530fba7baea8 to remote] DEBUG org.apache.http.wire  - http-outgoing-47 << "{"sessionId":"b1310904-d161-49ca-a1a6-530fba7baea8","status":0,"value":"iVBORw0KGgoAAAANSUhEUgAAB4AAAAOnCAYAAADBRFtbAAAAAXNSR0IArs4c6QAAAARnQU1BAACxjwv8YQUAAAAJcEhZcwAADsMAAA7DAcdvqGQAAP+lSURBVHhe7N1ldBVX3Pf94BDcvUIFSr3UkOLubsHd3S0h7m4QIoTgFnd3d4OE4A7BtYXvs2eHpEBpr/t+8Vwv7jUvPmt8z5yZOSes9eO/t0YPowJUKpVKpVKpVCqVSqVSqVQqlep/0yftW9OsYT2pSf06NNasXTWvaPBGfbH+bZr1akn162miWbdelXp16kp1a9d5o94/1KlV92+Nm1KrRl2a1KpPY7G/RnUNNOpVo17DBmiKdZp1Gol2G0r16tWnbl1xTL3a1NWsVaFGHerVEtckzlm/jriu2jXEMdWpX7caDTVr0KCuuH6h6vpEG5Xq1mtIgwaaUv2G4nM0qEPt+jWlWvWrSXXr1fhb/eqCBrUb/E1ps26dWtSuVYNatatRW5y7jjivonY9DRrWakH9Go2ooSHarVmLOrWro6GhQS1xrTVr16JmTTH9D9XF/fgv1cRnr1WzumhfWa6JRo3aVBPzkwZ9x430w1zLPsqN3OPcyj/JrUIf7p7x5965EB6cD+PhhXCeX87lWv4Jys/Ec7nIgqSULpzL38izi/lcyHUgL68fV/IOkps+i/y8ITw+n87TsrOcL9xOdupUSjNWkZ+yhjsXj3L3UiKZ+cu4UhbKi1sPSM+cy8UzG3h68wB/3c7iyaVSnlw5x7PbJTy7U8zjO0W8uFMql5/cOceT8lLOF8Vy+oAJPh66BHjuFvQJPGCA/349OQ3yMiTqhCWeVmsx36rFyT06HLbfhNXOabiaz8XdahZm24dgpT0C46398bRfydF9q9Hd3A+L3YNwMh8t1vflpOsynAynivne7DMciavpbLzcjAn120+AmzYR7lsJ3q9N6AE9gjx2Eeq5i0jP7cR4rMdu+e/YLPgax4VdcVryg+S89Edpz7KfpL3Lu0n7V34qdOLA6i/xXPMVXmu/59D6nzi04TcOb/ydI9rfc3zn9xzb+i3HNnzDic0/cnLX7xzW7o7bjl+w2/4H1tt/x3JLHyxXDsdoTnf8jYdQcGQSeV7jST00g8wjcynyXk6x71ryvdeRd3o9Bac2c9ZnOwUB2ygM3ElR0C6KgncLuhSFGHAmzISSCDPO+9tyKdSJK5F7KQmyoyjAijMhtpwJt+dMhAPnEpwoiXPiTLQQu4ezsfsoSfCgJN6T0oSDnE08ztlkT0qSDlGW4MPVpOPczbDnSZYxLzJNpb+yrXiVb8vrAjvBgb8K7HlV4MTrQmf+LHLhVaFQtEdw5nWRo1i2E9ut+Svfitf5OjzL2M7DpC08z9Ihcd9Y8o7OJe/4QnKOzqfgwBLOHF5G2cnlwhJKT8zj7PGZlJ6cSdnpmZzzWceZkyvIO7KA7EOzyPSaTobXJFI8xpLoOooU18kk7p0gpblPJffQbAqPiXaPziPn4CzSxXKY43i8dAdgsbo7W+b8xLLJP7J48u+smNEfg0W/Y7V+IHt2jcFJexxmGwejs7wX25d2Z+fyP7BZPhD7tcPYs0Vs3yzevRUD2b6gBzuX/IHh2sF46k7ghLkWQY7z8baaTvqRDSTtX0PuCW3OBZpRGGrM/XwHuLxH2CscgCsneXXNG275wN1guB/Gn9d95fT5laO8vnoQbnjx51k7HsSs5F7Ucu6EL+FG8AKu+M/hgvcMzp2cJu7VVIoPjaHo4GgK9o8i120EuS7CnpEVnEeTaTeIDNuBYjqELIcRZNgNI8lqEEmWQ0izHUGm6zzS9s4mzWUm2R7zyPdaIBUcXEjhIXHPxbpcT2XdIrFucZXCQ0soPrKMgsNLqxSKZUXR0eV/O7ZaKj6+psqZE2urFJ/eLp3x3iYVn95M0ekNb6wT34utFJ7eIinfifyTm6S8ExulghMbpMKTG6soy/nH10u5pzZIOSfXV8k+sa5K4XFxrFBwbCP5RzeI90wcc1gcI+QcUubXSTmH1pJ9cI2U5bWazAOrpPT9q0jzWFkl1X2FlOK2XEp1XkiK0wIpWbwjSQ7zSLSfS4LdHCnOZhax1jOJsZpBtKXWO5R1sZazibGYRbT5TKLMZhBpqiWnCmVdjMXfYi1FW++JtJ5NlM0cKdp2rlS5rGyLt62gXEfltVRSzh9nNVOKtZwhziGuy3y6OPc0cR1TpQjjiVXCjSZIYYbjpVCDcYQajf6HEMNRVYL0x1QJ1Bv9DyG7hxKsM+QdQdqDq4TuGFElbOfId4TvGkWY9rAqobuGSiE7h1QJ3DlUCto1TArWHl4lREdpc7ik0dO4EJVKpVKpVCqVSqVSqVQqlUql+t/0aYc2NG+kKTVtUFeGvpXzisb1/9ZIs847GtarTYP69arU16wradar87c3wWtVAPsmIK5UrV59alSrScPqtWlUqzZ16tWkbuO61K5bi1oaGtQR6+S+9erJ8Feur1OTWppiX3F99RvVokFjcR1vKMuVlOVm9WtVqfxMTRrUo2lD8RmF5nWa0rxuE5rVaUxTRd2GNK6nqE+jupo0rtNCaEZDsZ+igRJIC/XqNJCaaDaS+zesU58G4vM1VAJx8bnr1RXXV1tcp1iurVkfjRo1qV67DjXE59CoVZea4hiNWvWoXbu2VKuW+FwfULNm9f+ktCnD52oaYrk21UTbSgA8efD33MqsCH9v5p3gdsEp7hT7UX42gPtloTL8fXQxQkxDeX4ljdIcXfJT13Or2J/SbH1y0qbx5KovhdlzyM+Yx5lUGwqyZnK+aCNXCvZRnD+NayXmFGdM50KuGQ8upJNfPJuiAmdelN+g/FI+d64GUZCxjZvnDvDocgqPLp3l6Y3zvLx7jud3S3hy9yzPlTD4TQD8WKx7PwD2cdORIXBlEKxMo09acdRxCy7Gy/Dep4+vmwFuZstx0JuJm8VcnIwmY60zEjfL6dgZzsBcezwultMw3tEXk119cbeegqftXKy1J+BlPwfn3SPYazQDv5MOxEUcxmfvNkL3bSF4vy7BHrsIO7CbiIO7Cdu/g9iD23HaNIw9GwexZ0Nf9mz9Aect3+O0+TscN32Lw8ZvsN/wNXbru1bY8CM2677HcvV3mK74DsMl37B7wTdoz/2anbO/Ys74r5k3tiuzh37J5D8+YvQvrRn4Y3O6f92IHzrXpWs7Tbp0qM4nLavRrl51PtXUYMeMb0n3mk3BoXnkn1gsFZ5eQb7PamEtBT7rKfLeSLHPJvL8tlAQsKMiBA7eTXGIHmfCjGT4WxZtyfkIK85HWXM+0kYqFcvnou2lC3FOlCW4Voh3pzTeTfCgNHE/pQkHZAhcknSCkhQxn3yY84m+MgC+k27H40wjnmcYCya8zLTgrzwbGQK/KnSQlPCXM3v5q3ifpATAfxU6yXD4ZZ41L3MteJFjziOlnTwrnhc4cCFcl22TPmXtyI8xW9gbzx1T8LEYR6DtZCL2aBHrPpvEA3NJPTyfrJOLyPVeSsmRpZw7tpTzJ5Zx4ZSYnlzA+VPzuHB6Hhe951J6bDnFhxeSu382WW5aZOybQure8SQ6jibWdijZNiPJsx9DsesUSg7OpPjQTNLdJhBpO4RA875YLh7Mzsm/sGzw5ywd/CWbJ/+G0ZIRWK+dhPW6yTL0tV4zBOPlAzBcOQiTdcMw3zQG8y0TMN82EZM1Q9mg1Y1Fo75g0/RuxBzcRWGIDXmB5iQf301hkIkM1P8qsYdzjlC2H/Fh+OviCV5fPQlXT8ANb15cPgZ3/eHmKeGo2HePfAbZ+4aS4zqMPPcRFHqOpthrLCWHJ3Du6CTKjk0W8+M4e2gsRQfGUOg+irx9Svg7nBznEeQ4jSLHcSgZ9oNIsx1EurgfqUKylWA7nHTHseR4LCLbfaGwQNzDReTsF/fefa4MfvMOzKfo0HLOHFnJ2aOrpOLDK6oo688cX/1BZ0+skYqPr6ty5sR6zp7cIJWc2igVn9zCmVNbhc1ifhPFpzZQdFK8/9Jazvpslc54i/0EGRCf2lSlMsD9O8hdL+UfXUfekbVkiutXZBxcJqV7La2SdmAJaW6Lq6TuW0KKy2KS9y6RkvYsJt5xXpU4h7nEit8bRYzdbCnKZmaVSOsZUoSVVpW3w9W3w95K/xXAKpLtF0iJtvNIsJlbRVlWVAa0b4u3nlUlzk7sI8Tbz39H1fr3zv8+Jfit9HYAXCnSZFKV94NgRYjhmHcEG4x+h//ukZKfzoh3+GoPlwK1xfdUCNg1+B3+OwdV2Da0SsD2Yf8QpDP8g4LF3wxFuP44IgzGV4k0FL8Nb0QZTSTasIJGT9MiVCqVSqVSqVQqlUqlUqlUKpXqf9NnH7WhZRNNqXmjujRrWKdqXtG0UT2pScO672jcoE6FRg1o1LB+lYYNNKWqYFiz/j8oVcOVamkq1b3iHHVq07BuLRo0qo9m4/rUqK5Bq/q1qF9DQ9IUy/Vq1ECzZm3q1axL3Rr1qFO9LnXqiKmidn3q1W1Efc1mNKzfSmgjNWlYu0pj8TmkJvWrtGpcj5bKZ22gVD7XoYVYbtFULDepIz53LVqKzyA1FPdIaCGuTdGySQOxXwOxTiyLz6toLq5doVRQK/emoWYtNOpqULeRoiaaDZQKZCX0rSs+ewNkhXRd8VneqFOnzjsqwuG6/6lmXdFGnRrUrVlNLNemRh1NGQBPHfojd7KPVgS/hacpL/apCH9Lg6rC38eXInl6PZprZ93ITl3GxXwPXl15xo0zp8hMn0RZ0Q5ulx6kNEeb4nRd7pVEU5Qzm7TkAaKdOK6cMaUoayxPLiRQVmBNdu5Kbl+N49H169y7VsCz6485l+PKrVJx3ovpPLpcyNObZ3h26wyPbxbxRMwrAfDTW2f/PQB21SXQ04igA8aSn7s+Ucet8d63m6MO2zi1xxBvF0NOOGtjv3sue4zmyhDYZvdoDjvNR3/zCMx3jcHLaQ6G23rjajmBY3sXYbF9FG5m8wk6uBMP46k46k3D+7glSTGH8XXZSqDzJsLEdQS5biFs/y6iD+kRdViPiIN6bJr9BwtHf8PsEV2Y3P9jJvbtyJiebRj2SzMGfN+AP76qze+fV+PXThp0alWXT1rUpmPTWrRuWIPm9TRoXFO80+J91hTPSaOaUL2arN6uplFdqImGJN6daoJGI6rXqIOGeOc1NOrJSu+1c36h2Hc95w4vpezYKkpPraHg9CoZABcHiPVBW6QzgZs4G6pNSZgu5yL0KY0wFIwojTSV4e+FWGsupVhzMdma84nWXEl14kqyM9dSXbiW4srNdA9uZJzmVnaFK+nHuJR6hEvph7mYdohzSZ6cSznFubSDnEs9yoUkPxkA306z5VGGoQyAlUpeGfwKf+bbCHYy5H1dvAfOulQFwJxxkYEwxU68LhLbC22kh/mWPBDHPi7cy5kQQxYP+YghX9aiX6fa9Gxfkx4fV6PP57UZ/n0ztPp+xqoJv6K7eCT2W2fhpreEYIvpxDjOJ9V9GVleK8n0WiYsIefIMvKPL+eS91ouift22VfwW85Fn4Wc957HuVOzKD2pRenBhRR7ziPPbTpZeyeS7jKGtH2jSdk7nATHgWTsX0Dm/kWkuy8S55mNj/F4PDYNxG55DywW/sy2GV3ZOv1rNk7ryoZp37F1zm/orxiM5ZYJ2O7SwnLbFHYtHc7KqX+wcfYQgsS7nuxvR0aQNbkR1pQGmXE3xYo/CyzF/bCsuE/iO0nZIbjoBZfEvJj+eW4/ry94ivXuvCq2p9R3mQyq0+37SRkO/cl0HECW00CynQeRs2cwuXuHkO82tILrcPL2KUaS76IYTf7esbISONNhKGl2imEyAE6yGUai9XCSbUeK+zCPdNeF5Hgq1bsrKTi8gryDSkXvchnk5notFctKpe8Kub1ICYGPKQHvWkpOrqPk1Pp3nBXr3nbm9EYZ6lYGu4VK1a1QcHxthSOryT8s3n0h79BKYbmUK86pSPNYKqW6L5FS3BZLya6LpMQ9896R4DyXePFbESeeZazDLBKdZksJjrOId5gpxdnPINZOS0oW25Id55LkMEdSqnMrKnRFW8L7FbyVVbyVEkV7igTR5tviRduKt8PeD3k/8K1UuT3OWkuKtRLfA8tpVZTlClOrxFlP+4fK/Srbebs9RZT4fn1IZRVyuPHkd4QZTaoSajiRUKPxUojhOCnYYKxUWdUbYjCBYP3x7wjSG1elcv/3j6v0P21/O2xWvF2RXBFGK8H05CqRJlOIMp1aJcJk2jsiTae/I9pU3AdBo5dZMSqVSqVSqVQqlUqlUqlUKpVK9b/pi0/a0bpZA0kJfpUAtE3zhn+Hwk3qV2nWWPMdMhhuXF9q3EhTatSwntSwQV3pQ+Hw2yFx3QaNadaoIa2UUFnpXrphA2rXr4NmbQ2G/NaFLfN/ZvX0b5k35nOmDf6I8b3bM/SXlvTsoslPH9Xgsza1+bRlLT5qVpP2jWrRrmEd2mjWo2WdOjSrUZt6mhpo1tegfgMNGjTSoFGTGjRuXosmzevStIXYr3U9mresS5MWtWnWqi7N29anZfuGYtqQJm3q06GVptS+ZT3aCm3EMa1a1JVaNq9Dy6a1adGkFs2b1qJFs9o0F+uaN69H06Z1aCy2NWmqQbMm1WjSoAZN69WmaZ1aNBNa1q0uiOv6QNV0vbriut/4UBfab6tVT"
11878 [Forwarding screenshot on session b1310904-d161-49ca-a1a6-530fba7baea8 to remote] DEBUG org.apache.http.headers  - http-outgoing-47 << HTTP/1.1 200 OK
11878 [Forwarding screenshot on session b1310904-d161-49ca-a1a6-530fba7baea8 to remote] DEBUG org.apache.http.headers  - http-outgoing-47 << Content-Length: 880575
11878 [Forwarding screenshot on session b1310904-d161-49ca-a1a6-530fba7baea8 to remote] DEBUG org.apache.http.headers  - http-outgoing-47 << Content-Type: application/json; charset=UTF-8
11878 [Forwarding screenshot on session b1310904-d161-49ca-a1a6-530fba7baea8 to remote] DEBUG org.apache.http.headers  - http-outgoing-47 << Vary: Accept-Charset, Accept-Encoding, Accept-Language, Accept
11878 [Forwarding screenshot on session b1310904-d161-49ca-a1a6-530fba7baea8 to remote] DEBUG org.apache.http.headers  - http-outgoing-47 << Accept-Ranges: bytes
11878 [Forwarding screenshot on session b1310904-d161-49ca-a1a6-530fba7baea8 to remote] DEBUG org.apache.http.headers  - http-outgoing-47 << Connection: close
11878 [Forwarding screenshot on session b1310904-d161-49ca-a1a6-530fba7baea8 to remote] DEBUG org.apache.http.wire  - http-outgoing-47 << "zm2luz2WgmRa9atJ7uGnj78R8pzj8vg994ZX+6f9asIf8tCZPj75HKU9PxWEoWZhjKofXq1gMeXinl04Sw3Sk6TlDyU+2XeXM33IDdtMrfPenEp34yclBncLoigMH05pdnLZEick7GOy8WJPLl7iRsXM3l4o5Tykj+5fzGVx1ezuX+5wpMb4hzX84Uice5zPLt1VgbAj28Ld0soK4x5twvo/YYEe5lIlQFw5DErGQwfd9rBSScTjtjp4utqiqflRhx05+JsNAOLnSOx0x+Fpc44nEwnY6U3DCudQRzdOxcHvXHY7JqIr9t2/MR5fPesxdlgJvuctxMXuV92+RzgtJHIg1ZEHdhBqNtWQtx3yPD3mNNWfvmyMfWqaVBbQ1Hzg+po1JKqKd10CzLolWHv2/PVqV6jLjVq1qNGdTHVEM9Oo2Jao7omNWsoleONhepo1BTq1EWjlgar5n3HxaDVXHCZyrWDK7nut5lzQZsoCt5ISfAmzgWKaeA6CvxXUxS0gzMhOpSG63Eu0oiyKBMuxFpyOcGOa8mOXMx05HquC5cynLmV68n19P3cyjzEncwjlGef4Ha2H/fygyjPC+R65mmuZZ7gevYpruec4ErmUS5m+HJB7Hs+/TiXUwNFmye4lWrDw3QDGQArVbxK9S/FDnDWCUr2whln2d3znwWOsgto2Q30v3QB/SjPkDvpu7mXacS9bCsCHKZzwmwq7tpjsVjRh21zB7Bi/G9M7vUZA7o057cO9fi5jSa/tmvE7x2aMvKnpkzr85HY50d0Fg3AdssEvEwX4u+ynqhDu0j3WkzmoSVkH11EzvEF5J6YS6HPXHH/FnI+bDEXw9ZI5wJWUnByCflHFr/pnngl+YeWk75viDCU1L1DSXAcTJzdEBIcRsgq4iz3KcS4zCDKZaasUnbfMRDTRT+xY3pXNk/+ik2TuqK96A+2zfmDtZN7ortoLFEHLUn1tSb+5G5S/LUp8dPhWtQOHiRv4VnqZv7M0OV1jgWvC63F/TIX91Pc1xLHint7RkyV+RwzMl3HEWPemyzrvmTb9PtXaXa9SbfvUxEOOw4ix3kYOXuHk7t3lDCGbOcRZDmNFNtHkuE0ShhDst0o4iyHE202hGi7GTIsTdm3kByv5W+C2IoQtkAJhIXCo6uk/MMrZCib47VUUuYzPBZK6e4LpDS3+e9I3DOnSoLzbCneaZYU5ziTpD0zSXSeQYKTFvGO0+U0wUlZniGWtaoC3MoQt1JlmKsE2JWS98yV3t43RZxDkewwgyR7LSnRTpzHdpqUaCOWJXEdQoK1OLe1OPaNaLNpVd4ODpUgUTId90ERJmOlSPNpVT4UskaI78L725RlZb0ixvq/RVlOrhJtNeUdyvZoC7H+jRhLsU54e124hTiX5fQqkVZaUpS4D4q3w+rKUPhtSlVwZWXw29XBlV1ERyvdV78lSunK+m3v7V8pQtxbRaS5uB4hwkxc31vCTadJkWbis5tPeUe0hXLeCpX7Kd5vo7Lt/1LZvbZGD/NiVCqVSqVSqVQqlUqlUqlUKpXqf1Pnz9rRtmUDqXVzTVo1U4LOinm53LR+lcpQuJISFr8fDr9fMax0s6x0ufy2t7uV1qzfWHbL3LxBdVk1q9moMXWVALe+BhvnDuV2yiyux8/gcqwWF6NmUhYxi9LQORQHzqTAbwaxR7QI95yCr/NoDpsPYZ9OH2w2/I7x8h/RXfgtK6d/z9Kp3zB37BdMHdKBEb2a07+bJj2+qcWvXarR+aOGfNauHh+3qkOHlrVo37w2bZrVpkWj6jTR1KC5Zg2hlqwQbiGuvaL6tyGtmjShZdMmtJFhcB0Z/rYU965FC3FvWjakhdC8RSOaNmlU0T12PeU+iGMbN6ZVowY006xDU82aMiSv9PZYy5VjLL/dffaHKGF5fXF9DerVRFOzruxyukYNDbRG/MT9/BMy+H1Q4s/D0oCK8Pd8qKz8VcLfp1eiuXc5gtvn4igvy6H8fCq3zqZSfvYyd89lUnbGiKL0NRSmLyM3ZR5JKR9xIcecq9kBJCR2oihjFWcytpOfOYsrBbHcvXSB+5efcP9mITcvZ3D3wk0eXbvAw2tnKb+cJc6VwZObeTy9WSyD31f3L8iKYKUSWAmAH905+04AHHhAl6ADppK/hxGBniZyGnXcFu99ehx12IH3XnOOOxjh7WIqK4E9LFZjvWsyxlsGYrCpJ3vNtbAzHCfm/8BWbygO+qMx2jgEv33bCHTT5YSTLmHiXF7Wq9nnvJOIIFdCPHUIcdlKqKcpsYe0ifTYRsT+HcQcMcHbzZBvvmhZEeDWqEY1pXL3LdVr1HpHjfeWNWoq1bxCLSXMrUt1DdGGUgks1KhWXY7nXKdGdTTFfD1lW63aVKuphMVCrRrinBpsWdyNx2FbuGIylmKzSVw7vpqykI2cCd/EuVDBfwNlwZspFOsuxhhyKdaEK/FmXEmw5GqiNdeS7bmZtofbGS5czdjP/aJT3Mw+zP1CH65nHONutjf38wK4l+vP7Wxf7uT4cTvHm+tZJ6VbeT7czveV02u5QVzJPcHl7NNczwwV7Z6uCoBfZpnyIteC5zmWFfKseKlUACvdQJ/dy+sSFzi3H0o9BDdZEaxUAL8dAP+ZYyI9TtHnVuwOIh3HEWQ9An+L4WI6Cl+HcfjYj+e0zQSOm0/AU28Uduv7ozf/Z7ZM6YpW/88Y370dg75pSK/PatLzs2r0+6oOw39qwrjurVk5tgvbZ/2M9foheBlPxddxAaHuS4j0Wk70oeVkHNKi+NQCzvkt57y3MtbwMi6eWsmVU2u4fHI11wNWcPH0Is4emU3RwVlS8YHZ5LpOI8N5IgkOw0gWv01KIJy2dxJZ7uJ3SxkHVwlBPRZxXH8Ee9f1YdeU7zCc1ZMIp/VkndAl69RWCoK2c9Z3I+eDl3Mjaj734hbwKH4Zz1I28GfWFl7krONl+i5eZ+tBnjGvcozF1ATSdch2GkqqRS+STX+TUsx+J9W8O2kWPUi37EmGVS8p06Y3WbZ9yLTvT5b9QDIdBpPpNIRMx2GkO40ga+9osveOrbBvAjn7JpOpdJPtNIlEu3EkOc+TlbBR1lPlVAld4xymE207mSibSURaT6wSbjmeMItxhJqPlfMRVhOItRfHvRFjN6WKcrwiUbSlSBLtKpKdZkgpzjOl1D1TxHQySQ4Vkh2nkaJsV/ZzmFEV1H5IvI0455tQ8+1wM8pcXLfZRCJMJxBlPFaKNBojRRiOlsINRlUwGlfl3erRiorR94PffzAb/59CjCZKocaTpDCTyVXCTadQGfT+WwgcbjbhPykhb6zNtHfE2U6vkmg3iyT72R+kbKvsEjrBYYGU6LiwSpLTIvFMFlRJFPu9L8lurpRoO0dKsJktVXVBbT2XWKs574hRxjWu9CZAfjtEftuHQtl3g1zxnN6INFcC43dFWcyQ/u34GKtZ/ynWerak0dPiDCqVSqVSqVQqlUqlUqlUKpVK9b+py+ftadeqoVQZ/LZv3Yg2LepLldXBld4OhBUtmmpKzZsoYXA9mjWuW6VpozpVwfDb4fA7GjejqdL9cgMNGjWqTYMmzalfvz7Na2uwe/FgbgSN5VbIeG6HTuR60AQu+Y6lzHssF3wncjlgCpfDtKQr4TO5FjGXG1ELuRWzlNsxy6XyqNXciVrF7ciV3AxbydXQ5VwJWc7F4KVSzunVpB5ZQpTrLLytJ+ClPwynLX0wW/EL+gu/Z9m071gwqSszRn3OuP7tGfRbM3p8U48fP6/Ot59o8FXHOnzZriadWlbn42bV6NBEg3aNNGglPo8SYjdr0pQmTRrJMLhh45rUa1CNBuLeNGjSmBZt2r4ToCv34/0utt8fd/l9dWXFdV0a1a9Jgwaa1KmvSa1aGswc1Y2Hhacqgl/h0blAGQA/vhBWFQAr7l5M48n1s9w9X8jVolTunM/kTlkON85mcO9yGsVpy8lNmimmq8lNG0JhykrOpVpTmDmGkqzlZKeO51KxDQ8ulXD/yjVunr/BzYtl3Lmax50rGaL9i5RfOSvn711NfRMAn+HptUJe3CqS849vFPPoVskHA2Al9PVzN8THVZ+A/cZyOeakvVw+5riTE"
11878 [Forwarding screenshot on session b1310904-d161-49ca-a1a6-530fba7baea8 to remote] DEBUG org.apache.http.wire  - http-outgoing-47 << "06G+Lqac8xe7LPPhNP7dmGvNxWLXYOwNxyElfYInIzH4GA4ArPtfcW2MRy0WkTEISN89+jh7SLadNERx+7G78ReIoO8CHDbRYT7djHVJsx9G9FeO4nav1MGxaddDfjm87YVVbk16qGhhLP/oZZGQ6nGW6ppNPhb9dpoVFPaqlER8NasQbVqGtSU1cWiDY3q1BPt1BXzmrXqU7u6BjsW9uRFsC6lG4eTvfkPrngtoCRkLcWRGygN2UyZ70Yuhu3kTMQuzkXocj7KkIsxxlyKM+dyvCVXEm25nuLErfS93Ek9zNN8H24mH+RxoS+3s45xJ/ckd/JPcSv3BA/PeMuAuLygYt3dAh/uFvoLgdwpCOB2UTg3Cr25nu/H7dxIbmf4VHUB/We2Ga8KbXiRa8XjLDMeZpiI9eY8zrHiWb69HNf3ZeFe6UMVwIrHcSa8zrDjRZo1D+KMSHebQ5zTVGIdJ5HuMZsY1wlE7xtPtMskYl2nEe82mwS3+cS7LiBu33zCnBYSZDcXb/MZHDWYhNu24Vgs7c72KZ1ZNbwdU/74klHdOtD784b81rEmvTrVY8wv7Vg08kc2avXFcs1I9u2ayimbxYS7riLOaxVJh1eQJH4zko4sJu/IfAqPL6LUeynn/ZZx0W+J+G2q6Ea67PRsyo7NovTIDEoOTees13RKDmpJhR5Tyd47nnyvGeQdmEuigxYRFjNIdVtJ2v7VpHmuIO/EWvJPraHYZwGXQmZyO0KL8og53I9ZzOPEJTxMmsuD2GU8jl/Nk8QNYn4NDxVhS0kx7068/rfEG3YjwehnKdH4F5JMfn0nFM6x7k2WDIH7kWmnVAEPIct5KFl7R8rwN8d1PLluk6Qs18nkuE8n/8AcCg/Op8BrHnkei1GqYsNNxxAsvmMhRsOlIIOhBOoPIkBvoJwGGw6RQoyGin1HEGUxmljrccS9J9Zq7DtizEYQbTqcKJNhRBqLYw0HE2YwiFD9gVKgfh/8df/AV1vRmwDdAQTpDRGGEag7lFC94f8pxGBklVDDUVXzwfojpH8Evu8JEvtUGEXFuLRjq7ozVrovrqxE/VemYp/3KOFzpbcD3kpvB72VXT5/aPxdRaKTUtE8Vwb1iuQ986XK5QTHColO89+R5LxASnZeTMqeJVLq3qVS5bKyTRnn+H2VYyDLcZCdFr0TClcGxVWB8VthsNJldrzt3CpxNnOIEaKtZ78jympWlTir2VViLZUxh98VLb7374sy06ry4W6x32KhVSXGfLr0TkW3EhK/RakoflvlerUCWKVSqVQqlUqlUqlUKpVKpVL9r/vqiw4y8FUoIbAS+nZo07iqKrhd8/pV2jbT/IfKSmFZLdysntSyad2/faBq+B3NWtK6SV1aN61Gkya1adi0hQyFm1XTQHteD24FzudmwDyu+83mqt8s6Yr/bK4FzuV60Dwu+0yXrvhqSZXLletu+o0Rx48V7YzjTvAk7oROoTxci/LIGdyLmsnjhGnSo6QZPEmey7P0RbzIWMbLzJW8zFrDfaE8Yw03UlZxOX4ZZZFLKQ5ZREHgAvL8FxDuNotA56kctxiD2+4h2G78A4Nl3dg+Rxn3szNaQzoxdVA7xg5oTK+fNOj2rQY/ftOAj9vWo7FmTVq3aCi1at6Als0qAvW3w3RlHOL/oinuYVMZINeVQbNmo4bUravBnLG/8rTE+x8BsFIBXDn+rxIA379UxO2LkdwojeVWaR7lFzO5dzmFuxeyuX0uW3YfXZS8mbzkGdwpOkJ+ykwyEvtx/0wohamLSE/pTfn5YO5di6D8Ujk3r2RzubSQ+9eucONSqgyDy68XcfdGGnevpVaM/Xv9LI8u5/HoSgZPbhT/ZwCshL5K1a+vm4EMfxXRJ+xkAKyM+3vMQYfTe43EVF+GuSf2bMdBfzK2+kNwsx2OybYB7DUby36bSRhs7MEBqxmEH9LGf58ufntE2+7m+DvrEOBmTmTAKWJCTuGzdzvh7psJ2r+NANetxBzUIdpzF1GeugR7mvHDlx2oWUup5G2IhjJO79s0KsfwrVBTCXOFWjU0ZGW2VOtvtWrWE23Vo3pt0V5tcYzYVxnnt2GN6rStJ9bXqU/92jVoINa1b9KGlo1rsHNJd17F6VNuNY3zO3vzyHspl2LWcSZ2E+dDtlB2ejMXQnQpDNfjfJS+rAC+lmjBzVQ77mY6cz/XjSdFB3lRchRyfXiVc4rr0Xug1JfnpSd4fO4o90o9uXvOkzsF7lzP3sf1LHfKi47zuFS8RyUh8vk/OBPB/dIY7pz153ZxEPcKYynP9udOup0MgF/lWvA0y5RnuZa8LLCRY9P+dcaJF4X2PMqx4V6GBQ8ybHiYacvjTGvBiieZFoIZTzKMpT9z7XmRI9pLs+B2nCFpBxcT7zqPyL2zpET3RSS4LRTrFhG3byFxLmL7vqXCcinZYz6JbnPF/GwSxHFJ7gtIdl9Mwr4FxO6Zi7/9Sk5bLeGgwWz2bJmEyZIhbJr0K/P7fcGUX9oy6Me2DP6pLSN+68CUgZ+zaPJPbFnaF9PtY3EymUGgwxyCHWYT5qRFjPgtSDs0R3YjXXBqNgWnZ3FRGV/Yfw3Xg9dxO2w9t0LFb0nwCm4GL+dO2Cou+c0Xv2XLKD25mDS3mSS5zhfXt5y0A+vIPradrKPbKDi5mkshS7kbJUQs5X7ECvHbtYzbkXN5ED2X+7ELKI9ayJ0IIXQ+dwNmkW7zGwkGXxOp+w1Ret8SY/A98cY/kWj6MykWv5Fm1Z106x5kmfck06InGZa9ybTpR4b9IBkAZ7uMIsd1nKz6zXabRI77VLJcBTctGfwWH1kkLCHLaQaJlhOIMBhKmN5gwg0GEaY/UIowHCSWB0ph+gMI0e1HkE4fSZlX1kWK/RRR4rgPiTboR5R+XyJ0exOq3ZOgHb8TsO1X/Lb8jO/mbnjv6MbJrT9wfNMPnNj8C97beuC3sw9+Owbgu70/QdoD/5vOUCl49zBxTcPfoawL1hfTt4QYjHhHmOlYKdxsHBHmE6WKytGp0tvj8v6Xt0PbeNvZVRLs5ryjcozhSnIc4feWK8caVsYdrqzEfTvIrQxvK9YpgW6F1L3L/iFx73IpyWXFO6rWi7belijafFuai3iXhcr2lPMkOyvnf0NcX6X3K4WVQDjOfs4/xNrNrlLZxbLiQ2FvjMnkf4g2nlTl38b+jTSZJIUbjPlP71eGv/+fBcKMRksa3cU/tlQqlUqlUqlUKpVKpVKpVCqV6n/TV1+0o33rBlK7VvVp21KTDm2UamBNufx2APzBIPhNUKyQFcPvBcL/VT2saNqgCa2b1KZ9qxoVAXCTlrRt0Ya2dTQwWtST8tjZXAubxHn/0VwIGs3N6MncTZrOrfhJXI0ay53w6dyN0OJelBLqTuVupNgeOZHyqEncj5nETbFecT1qJjeiZ3E9Zg43YudK1+PmcydKHBOtxV2x/W7UXLE8j9sRC7kdtYTbkUt5EqP1xgwei2MexyzkcdxiMb9UWM6L7Fk8z5zFs6w5PM+az/OcJTzLXs7TzBU8yljGk6R13I1dJM47i5KwqZTGLCPhxArWTv2BLzQ1aNe6idS2VWPatGxUFQZXBcJKd9T/oaG4r83FM1GC42bNG8nKYk3R7vwJ3XlR5lcV/n4oAFbcvBDFzfOJ3LoUxs2LodwszeNWWSZ3rkRz52Iaz85cJC95FimR4zmfvZNzBdPISx/KmYzlFCdvJyd1HgU5i7h/OZcbF/K4fimTR/cKuVZWSvnl69y4WEL5zQLu3kjlztVkHt0o5NnNMp5dL+LFzaz/MQAOOmBGoKepFOxlTsB+EyKO2nDaRY+Te3bj42rAUXttWQXs52bCPpOlmO8YgYV2b2wNe+BiPgHznf1xMhqB8ZY/2Gs4ER+XTfjv0ydgj5k4zpjgfYb47DUn8MRx4kL98Nmzk2CXtUQc2SnH/Y06qEOY62aiPXVkt9BdOjSRlbkatZpQs4bGf6teR6ohVFe6iK5enWo1FBqyW2cl2NXUqEZdsVxHLNcTWtetQbf2rRn53TfUaNyYWm/2++nLL+n8RQM2LuvCk4T1PD0whUs7u/PYeyEXo1dzNm4j16K1uRmqz70ke"
11888 [Forwarding screenshot on session b1310904-d161-49ca-a1a6-530fba7baea8 to remote] DEBUG org.apache.http.wire  - http-outgoing-47 << "66kOskA+EK0kVQWZcy5SGNKI00pi7bkQqw1V33MKfDaQZjVPEpD9CiJ1CUrfDOJwStJDF1FXqQ2mcE7yI8w4lq2O49K/Xh8LownZVG8uJgk3qd4yksDKS8J5UFxPPdzA7mbYc/jTCPIt+JlgZUMgJ9km/M0x0KGv5TuhQsecMnz7y6gz+6TFcAv82x5mmXO43QjHqYa8KBgN+W52tzPM+B62m5ivOYQ6jaTyP0LifBYRNS+6US7zpTha5zHHOL3z5VTRaz7bKLEfpEeCyq4i/09lhK9f5mwXEo6qEW853RiPaaR4DmHlIOLheUkeIjtLouJ2DMbb7OJ7N85DMcNgzFb0pdtU7uxYkRXFg78ghk9fmBO759YPPBHVo/4ke1TumGxpDeeO0aJ46YQs3euDKwzjyyjNGADV8S9vRa5idsxG7mftIXnadv4K0eXJ2naXArfyBm/jRT761Dkb0q+rwXnAh24HGbKk1RD2c0z4r6+FvfmdcZuniVv4kXKQvEbs5A7kXO4HS5+2wLF75zPFNKsfyZ69+dE6H9LpMF3RBl+T7TRD8Sa/ES82c8kmP9CosWv5Fj+IWVZ9iZNSLHuR6rdAFIdhpDqOJxU5zFvKn+nkumqmE62xyxyPeeJ6RxijIYSqT9Iqgxtw/X6EqbbR5y7nzhnf3HufuIa+or1vQnd3UtS5iP0xT46f1SJ3N1bihLHVorT/+MdsXq9pBjdnpLfzm54b/uBk5t/5PSWX/Df+QdB2v0J1hkkpoOJ0B1aJVJv2D9EGY6Roo3GEmM8Ttyf8e+IsqgQbTlBirGaSKz1pCqRb0TZTCbaZhoxtuJdstMSZhJnL97JDwSY8Q7inXgjTql6ta/oRvlDXSkrge5/qQx7316nBL+pzgtJ27OIJCcl6FVC34qA9/0wNmXP8iqpe1f8Q9K+1VKy65p3VK5P3SeOe0uKi2hXSN67VFLOr0h0XCQ+10LxGReIzzxfirWdJ+5hRRfJispuk6MtZ1YJNZskhZhOfEewyQQpxEBse0uwvtj2ljDdUe8I3T3yHWF6Y/8hXH9clUjdkVKU3igpWn+0FGMwpoLJWKKNxfvzRpTRaCnScFQFZV4JgD/U/YpKpVKpVCqVSqVSqVQqlUqlUv3/qetn7WnfogEdWzXio9aN6dCyoaQEvcq6yu6h3/Z26FupssvoSm8Hwf+lfQtNWrSsIeab8FGzZrRpWZMWrZvQWrMaZst+40HUHG6HzOFG2BwuBI7nSuQYbiVM4HrENB4lrORe5FQeKgFt/CxhJo9itXgQPY37UVPl9FbSXGE2d5PncC95Ng+SZ/AoRYvHyULKNB6kzRBmCXN4kDqXh2mLeJS2lMfpK3iSsYry9LncS1/Aw4yFPExfzIOUxdxLUizhQaJiMeWxFeNzKpV492Lmi2uYz8NYcZ746TyMX8DthOmy/WeinZfZC3iav4bNC76Rlc/t2tR/Q9zH1uLetdIU90DcT6G1uI//ds8r77MS/rZrXo92TeuK/RvTrFkTGjXQYMHEHrwo9eXphRDpiRL8SuE8vBDOowtR0oML8dw5l8ylwkTKb2Rz6WwCdy9kUF6Uw9MzJZzNXktGYkfOi/uXHv0dRenruXEmmOTUjziTNIW8lN2cz+lFfooR966X8vxiCTdLC7ly6RkPrpTw4mY2N4qSuH02m/sXsnl2M4vHNzP4s7yER1fP8vh6IY+uFfDoehGPbhdzsTAav4OmBHgq4a8OQZ4WBHkZiuXdBB4wwN/dlMij9vi47cTbfS2nnew47rSDU84WHHNeg+m2ITjqz8BCpwfmO4ayx2Aeh+znYbDpR+yMfsFs50/st55OgIcBvnts8XZxJsTduKK9Uw7EhB/Fz02PUNfthB7SI9xjK1HuW4jfv524/bsIcjHg+49aUUNDqfhtQvXqmlSvUVcGvDVq1JChr1LlW726mFbTQFNMa1evRrVq1dCoJY6pUxuNurWoqVmb6nWqyTGbWyhhcF1BfO8aatTnxxZtcOneAs8BX7Cucye5v0btFqzv/DXdWjdn+eLOPM814U+nGdw2/J0XMZu5lLSNG0mbuBVvSHnmEV6fPUKuywjijv9I3om5xLsPJtd3McknJ3I5YgfPMpM5k7aES/bDuby4H0WHF3Mn/wgXo8dwN9WYi+FDKEzrzY3sLZSkDeRC1kyeX/DlxYV0youjeXIpnifXonh6KYUnV2N4eDmW8tJEGQzfTrfjWZYR5JjxrMCZ12ccuB23nMuizSvRv3ItoS8P8xZzP2cXN8T363mxHpQ48DzflL+KDHmWqyuXKXasGP833VBWA99PMSTlwDyi980i1mO+eB4LiHNbWiXWdck/RLrMJ2LvvCrhe+ZKYc5z3phHqNNcKcRxjqRU9CqC7GcRYDOJILsphDhMI2LPTGJcxb30WEDSAXEvvZYQaDuHE8aT2bNlEAbzu7Fu/KcsGNiSGb0aMrW7JuN7d2TmoE9ZNb4rhot7sm/naI6YzyDIdQXJ3jqcCdHhcryFDOaTjm4k4dBmkk/sJM3bgJJoB4oj3LmV68Vf147BHW+4GwwP4vnzUTxPH0Xy+rYfL28c416pE+VnTCnP3cXtxFVcDZpN4YHhhFv8wvGtnxCo/QUx+l8Tq9OVBN0fSdD7jVTj3iSYdJNVwYkmv5Jo3oNkiz9kCJxmO4B0u8Gk2I0gzWEU6U7jyNirBMBaZLnPFuaSKe5DgvkQYowHEW04WIbAodoDCN89hCj9kYTpKFXBw2Wlb6hBd4L1vyPY4BtCDH4kzLAHEUYV1b1Kla8ixrD/O+Q60WaswWBijcRUUAJlJUwO1e9FiF5PAnV/w3fnb5ze0RNf7cEE6I3G32AcAUYTCDabSJT5KCnafOwbf4+vG2k6jgjTv8d0DbcQz9hSzFuLqfUUIm2mEm2j9Z9i7OZJsfbzpTgH8U6+Ee+4kHiHpf8QZ7+kytvdIb+tKhR2XvyflO6cU/YqFb6iLUfxzjuK74HTMhJclpOodCfuulRKEd+PZPF9SHJbQqLrYinBTTl+JUnOK/5VtPNMEl0WiWtdRLTVIhJtl5HiIKY2Yr3tNJJs5hFvOZs4yxkkWM8i3mom0WZTpFhxP2NMJ0rRJhOEcW/GU1YqZUdVMBj5d1gqhOuPIFR3GCG7hxKsM4QIfbGPEK43UgrTHVE1r4gxEW0ZDBfHDBHv2lDRxgiijcXzFqKMlO3vijUdJVUuJ5oM/k+V7128yRASTIdKynycccW2KJM+RJuKd1iIFN+ncMNekjKvrAs3GyypAbBKpVKpVCqVSqVSqVQqlUql+l/39ecdZOCrhL0ft2lSNa+EwkogXNk19NveDiL/bX2lt0PhD1EC4OatatCm5YcDYKW75lshM7kZPpcroVO5GTeVS2HjSfMcSs6hqZScnkyZ7zQuBszgSvBsroXO5WbEAu5EK8HsUu4mLqU8YakMbB8Kj5MX8zR5ES9SFvMydRHPMpRun+e/sYDnGQuFxVWeZc7jRdZ8/sxZKL3MnM+LjHn8mf5G9mJe5y2Xxz5OmQ8Fq3mZtVica1ZF2Ju6XFzDTO6nzuZR8hx5vse5q9g4rwstG9WmQ7uGUvu2DQRxH9uIeyrueVvlfr51b//tHrcQz0m5h0oArNzD5s2b0rhhNRZM+v2/A+CLEdID4U5pLHfKSigrEvOXc7l7LoNH57K5krOHpJhBXEqxpihmPGeStMhOm0x62hQu5jiSFtmT0nQtrpfEkBDTkwvpFty/foMbFzJEu1FcOf+I4txdXCzay72L8WJdPi9unuX+lUweXsvkwdWsqgD4vpg+vFXEhYIofL1M8N+/WwbA3i5K+KsvA2A59TAj+oQ9x5w24WI6g1N7lK6fDTm9bztGG8fgYTUfD5vpcuxfF/NxOOhNwnz7EFwtxmGl0wcHg2HY7R7Dcad1oi09/NydOe2wAx/37YSFeMgAWBkPOMpTh2AvMT2oS8yBncR6biX6wHaCPHT44YvmsqtmjepKt801KtSpSbU6taTqtf9WU6M69WvVo26NelTXENuV4FipHtbQoF49cXzd6miK+UbVm6DRoAEN6zdAo4YGW7q3InfsNyRNHsx337aR4wlv6PwxX9Wuj"
11888 [Forwarding screenshot on session b1310904-d161-49ca-a1a6-530fba7baea8 to remote] DEBUG org.apache.http.wire  - http-outgoing-47 << "tHmntxK3ME9L/GdsOnHg5iNXErezuNsfa6F6HA73pULwUZyDNeMwNGcj5tDfuQQLqZocyN/FyVJo7mRuZW8uPEQZE3sym+5nLGEgrSplOd6UJyxgZtZ6ziXa09W1M9i3pabOQ7cLN7F8yu+PL+Yx5OLiTy9Hs2zy6k8ux7H46vi+Z5P4en5aBkAP882hlxzXha78FeRDQ9S1olrEtcQ/js3k4dwPXkGlxNW8iDLmGtJK7kSt4BzYfM4GzSNktAJPMvW48+Mo+I7ZMyjNANZDXwzVptI5yn4WIzBx2q85Gsx+R0+5pPe4Wf1N1/LiVV8LCZUeGtfpdK30mnTCZKf1bt8LcU53xLqMIfIPQuJc1tGvMcKYt1WEOK8UFzbbE6YTsds9VD0FvVi8+SvWDP6I5YNb8ucfs2Y1rsxM4e0YfWEz1k36Ss2TPkW3UW9OW61jORTZqSctiTN25a84L1cy/Tg5aVDcPMk3AmChwnwLJmXz2LhSa6QCU9T4IVYfz8ArhyBC578le8oxwSOMPkF/21fEq37LbE635Bm/Bvppr2I0/+tIvwVkkx/I8miJymWvUm16U+63UAy7Ie8GwC7TJYBcKbbLBkAZ7jPJ8Z4gKzkjTToX1H9q9ufCL2BROoNIWRXf8J3DyJER6nK/Ylg3W8I1f+GMP0fCdn9q1jfXezXR4bAlSrD4Cr6g6SYNyFwtJFo26AvYQZ9CNH7g2AhcHcf/HUGyjF4Q40nEWQ8kUCjCQSJ5xduMpEI00kV47EqY7cqY7i+1UVwrKVQ1Q3zDGJsxbKdFjH2FRLsZ3xQvNhHequa922V1b7vdHf8HqUyVqnW/ZDKyl6lQjjWdm4VZUzcd8bFlUH0TDmvrK/az3aWXB9nKj6bifhMQrT4vYwy0SLS9G8xpuP/U4TlUKKsRhFuNpZQo7Hyfsrg3GRUxbjMRuNkV8gRhmNlwKsco4S80SZjiTOfQJzZeCnWdMwbbwWwpsNJMh9LotkYKcF0dBVlWdkWYzhcijUaQZzxSOLFeRWV+8UaDyPOZPg/xJuOIMFMnMNoiFgeJpaHi2Vl3Qg5XynBdLAUbzJItD9QijUaUPWfEOJMhxBvNpQE82GSMq9Q1itizAYQZzGIROuhJNsOl98XhTKvSLUdSorNEDR6WZ5FpVKpVCqVSqVSqVQqlUqlUqn+NykBcGX1rxIAv10JrCxXjg/8oSBY8fb2D+3zfmD5PlkB3LrmBwNg8+W/V3TrHD6TW2GzuRqqxc3YmSR7DcRu1SfYLP8W69VdsVnzLXbrvsdhw484b/6Zfdt6sF+7D166/fE1HYi/+WDCbIYR4zSGFNeJZHtN48zxOZSemi+D48tBs2RwfDt6Affil/AoeRlP01byLH0lf2Wv5HXOCshbBfkrxXS5sFTML4GCxVAkpiVreV20iieZC8X8Gl4WLOO52O9F3hqxzxae5yyT2x4lz+NJ2mwe5axk84Kussr64w7iPrdvzEftxH0XOratoIzDrPif7m8r8bw6tKxPh+aatGvdjBbiPjZtXIOFk7tXBcBPzgdLFQFwqAyAK0Pgh5eiuZh/hPKL2dw4k8vtywHcPZvHvbMJxIUPoSzbipsZRzgbs5Dy3OMUZ20gJuEHys+EcyPHgjNp47h67jQ3iz0oyhhHQb4bz27ekOMLnz8fQkrcSi4W7eHh1QTKy7J4eatEBr8y/L2RK8Pfh1fz/zUA9vcwJuSQMcEHlRBYXy4rAbCX7SpMtw3j2J6VshtoW73hWO6YzGm39Vjr9mOf6QKO7J2JyZaBYv1wTrsux1ZnLCf2LsPdQgtH/fF4uy/Hx82KEPdd7LdajLuLDlGhhwn2MCTEZSvhh3YT4WlAqMdOwtw3E+K5Cd8DO/iua1MZ0mrUVrp21pBqV69Bneq1hXrU1agvNBQaV4zrW7MG1WtWo2bN6tSpK/arW50atTWoJmg0qkvjmp1ortGChhoa1NXUoE49DQZ1bUjZ5G+4Pe5bdKd/RYNqGhh068jnYh+zdd15kKPPlYDFXDw8iXtp2tzOMYKzDpSHGfI0wZWzJ7ZzzX81JVnTiAz5lOLkbcRHD+Jc8XyuFOiSndSJ5+c28WCfEfn7NpOR0JeSuElcydtMft4iHucdIT1pNmcTVlCWvJPLGTbcL3Xn0YWDsivxl9cyeH4tludX0nh+I55nN5J4fCmd5xdj/w6A8y15dXYvr4ptxXdhF1eipnAjYQzPi+dyN3MetzPE9+lCILdTV3I1eTyX4qZRHDyCwuDePM/X4a+MCJ5nGvI4RV8GwDdidhHuOIlTpiM5bTaG0xZjCbCcIPlbjH+Hn/k4yddy7DtkePwWf7HPhwSINhTvB78+FuMkb/Oxkq+JOIfJBHxMK3ibKSH0FGGq2G8aQXbzCbSejZ/ldAKstQiwmckJyxkcspzDCadlmKwdw5Y5vVk8+nuWT/yFffpLSPFxIt1/H2m++8gN2sO1NPGdOn+Av64f4fWtAHgQC88S+etFPK8eF/DXo1xeP82BF9nwMBEeC/ejuZuzX47h6739e7w3fkH4rq+J3PkV8XrfE2/YjWi9n4gz+lGKN/qZeNPfSTTrSZJln4quoG0Gkmo//B8BsFIBnO0xj0wh3mwgUYZ9iDHuR5xpRUAbZThAhsGhOn2J3N2XkJ2/ELTjO7H8DeF634jpd4Tp/Eykbg9Ctbu/I0ynB+G7exKh24tIvT+I0hPtCTIINhws2w436E+Yfj9C9foSrNcPX+2+nN7eH++dQ/EX3/Egg/GEmUwm0kq8+2YzpCjzmURbzJGizGeLdbOkWIspxFhOIdZqshRjLaY2U4i2rZDoMLPKP8JfIc52epVYm2lSjPVUKdpKtGE57T+FmUz8T+HGk/9VmNEk8Rm1CDOfTKjxBMKMlYrmcShVzkoAq1TaxpmPlGLMRlSJMh8hPvtwKdr0v8VbDhXHDyPefIwwoaJbbKWrY5NRRBoPRxn/OV58X+LMRst9lHA3ynioOPcQcQ3ib66YVjEeVFEtbtT/Hyq7CX+b8h8LlPdJOSbWZHBV6KrMV7alvHNJlsPE+zqCZKvhsiI93mywnCrrEy0Gi/VDxbs8XEqxHiaXFcp8ZWCbaj+y4j13HE2G+HeCItN5rFgeK6bjydozQU6V5cp12Xsnkmw3ihT70VKaWK9IdRD/zhDLSbYjyXUaQZb9UDUA/j/R0/wsXWZdp1nXx9Rt8VL8kXxFjTqvqN/uOe37lfP96kv0NCv54LEqlUqlUqlUKpVKpVKpVCqV6p+6ftlejvmrhI4ftVNCx4p5ZUxgZblyfOC3ybGB3/ifAsr/iRJeKgFw21ZN+bh5czGtRcs2TWlTv7oMgB/GafEgZrYc4/J62Axuxc8n2LEPi4fWZU6/lkzq04iJvRsyvldDxvaoz+jfFA2lMb83Zlr3Jkzv0ZQZvZozp29rFg1qx/LhH7NmzOesH98ZnRld0Z3VFcP532Kx7Cfs1/2Cy9aKAPmgfj/8zIcRZD2CSOdxxLtNIP3gZPJOTqfEbxbng+ZwPkyL86FzuZWwkmtxi7mXsZxbqYt5VriV8rStPExYxuOMJbzIXc6LzCVVXUBvWfg1HVs14JOOjSQlBP47CG78VhAs7tF73n4WbdqI/ds0oGNLTdqL+9aqdTOaNakMgL15eiGIJ+cDZQD88HyQDO8eXlBC4NCKAPhiBmcz95KbsVosF3CnNI5rBUHkpCwiM2YdD84lkJ88nrKEjVzPdKQwVZeU+DXkps3nZsZBUmNXU5zelSfnzlF21oW06FHcKIrj6qUs8nO1uJDjy91ziTy6nMedc6k8uZXJw+tpsvL3ybXzVQHwPTF9cLNQBsA+B4zx89Ah0FObkIMWhB42IviQLkq30H7uRsSecuSY8wZsdcexx2Q0+0xmYbGzP6ddV8t5k629sdg2BivtgTjqTcPNbA77lGrMrUNwNhqHl91M7PVG4WE1jWAvM3z3rMFqxzjsrNYRF36MsAMmBIr2ww9pE3PYXCzvJthjG0FeOzgpruvrLi1lBXA1zeZUV7p8rql0+1yNmorqNahRrSa1NGpSU6MGGg0ao1FD6fq5HtVr15HVvzXqaFK7fmOq1WtAfQ0NoTW16"
11888 [Forwarding screenshot on session b1310904-d161-49ca-a1a6-530fba7baea8 to remote] DEBUG org.apache.http.wire  - http-outgoing-47 << "1SjRe3afNJck0XfdaS9pgaeo77k4bj2JGv3YOug5hwZ9hWf1NJgx4ofeHLWhBtx6ygJFu9cvhEPi6yh0JnX8fb8FefM1QB9HqVYkBD/O0dOfkuA/1RCg4eJ5WWkp24mO64fT5N2k795MucT51KSuJlrEcPIierO7RILLkUt50queFfPpFCavpIzacu4f+Y0D0uDKC89xYur0Ty9EikrgCsD4CeXM2QAfDPVhqeZypi1FrL751fFNjzP0+N6/BJuJM3hftYCriVpCTOh9Ai3U5ZwM20ct9OmcyF2PGcjhvK8QI+/sv14liY+R7Iej9IMuR2rQ6TTZHzMRskQVglmfcxGvsPbdMQ7TpgMe8dx46HvOG0g9jMUxwk+RqJdwdd4tORnMobjYvmEmFecFMunzZTwVwmCKyqIQ60nE2I1iSAx7282AT/T8fiaTRS/G5Pwt5gs1yvbgy0nEmgxCV+LqRwzn84pxyVEHdMmO9qNeH87TrntFO/qQo44bCY92JWsME8yQ/dTELaXGxluPL/gyaurh/nrujev70bx+nEcfz6NgucJQjyvnybw4mEkT24G8OctX4pjjTFe1Q3zSc04tPJLgrd9T+j2r4nR+YaY3V0J1+lKjPGPxBr+IMUZdiPO5DcSTHuQaNGbZKu+pFgPIMFKqW4cTJLdcJIcxpLsNJGUPVNIc9EixWUm8eb9CddTxvTtJYPgCP0/iDToTbRRRYCnhLwhO38maMc3BO38SlYi+2z6Ev+t3xK66xf8tvxUxX9rNwK3K2Hxr4Ts+l0GwhG7lYriAUTqD5ShcoThYMLFNOyNYH0l9B2M9/ZBnNo2FO8dwwnYPUaGoVHmE4gwmSIpFcCVlIrgCFkdPF6GmAqlorVSuKmYmo0WxhJiOIpgg5FVgvRHEKg3vEqI0XCCDYe9I8hgaJUQo5HvCDUe9Q7lGhTK9XyIUl1bWWGrVNsqooyVgFfpUlnsIz5PuHjvwsTvYJjxMCKMhsjwNcpgMFF6g8Q5+xP8liDjCgEmFYLEvpWCxffhfdG6g8S7Iu697jBiDMU9kV0yj6m6hghD5ZkMEstDiFHCWaU6VgmMLYeKd2eYDGEVVaGrzRBZFatIsxtKuv1wKcNhBJmOIyVlXtmeLN67dLuRVTLsR/3D28cq0zS7YW/aHla1LctpFNnOo+U+ynqFsl5Zp4S0lSGuEtwqAa78zw7O46Vkx3GkOk8gbc9EOVWWFel7J5HtNo38A3PI3T+LLDctst1nyPkCr7kUHpwnFe3XIs91Chp/WJWg+ne/7LxAyx8fiT+Q/Kfm3zzmlx0X+MPyw+2oVCqVSqVSqVQqlUqlUqlUqr993bmDDBWV0PHj9k2qgkclXKwMhD8UPP7tw8FvZYXv++vfpwTALdvU+kcA3LZBDSxWdOd+/DTuxc6kPHoONyNm8DBtBWH7hjNrUEMm9+nI6N7tGNGzNUN+a0n/n5rS6+vG/PZlA7p9Wo8fP65D17b16NK6Dl+2rMXnzWvQqVl1QZnW4LPmNencvG6FFrXp0rImX7etxfcda9GtU11+/aI+/bs2YfB3zRj9S2sm9mqH1oCOzB/+KcvGf8mqyV0wWtwV/fnfYremBwd0+xDlMQov/W85YtSDY0ZDyPYcyaXQ6TzPWcHr3NVQsIJnBWvZNL8L7VvWo1OHRlU+bd9Y+qRdIz5pK6aC8gwqVT6bSsozadeuidz/Y/EsOrZrTpu2zWnRrBaLpvzO85LTb8LfQB6XBVQEwMKD83+HwA8uZHIp/zAxsT0oy9/JvbyLlGYaEB/3LffOJpGdvJGMmGEUxY+kIL0fpbkWXCtMoTBzORmx/clP1eN8xihy02dx++wlbhWZkpEwh9IyO4oyVnHvYiT3zifw6EoO5edTeXQjnXtXkmXw++BSiQx/H1zJqwqAz+dHvhMAB+w3ltXAAQe0CfLSl8txpx3x9diGu9UMrLT7YbSlG4cdFuNhpYX5tqEcsluO/obfcdAfi7+bIUcd1mG1azjWu/tisasnLmZjOOq0EFvtifh77sBJZ7SsCA70sSMx6iSB+/SI2b+d0APbCHYX1+G2g4hD+kQfN+ekqyE/fNaO2hoa1NCog0Y1JQxWtEBDqfjVaCjUE5Swt5bcr47QrF51mtfToFX9WrTS1KS+Rm0aaDSg70ct+aV5MxrW16Cu2O/HFo2w7/4lzcX8uB8+pkjrY1I2deGu0wxODvqExnU02LzpV8rzdHmRoUtJzGYeFVnyKMeGGxHGkOTMPb/d3Iux4GbmHq5ctia/zIjzV624U3aavPgDnDm3g/Pp83l43IHoLd+RmT6IW8XmXE/tza08C4rTtDifsIYXxUk8uxDNk7JwyjIMKMvUkWP8PrsonuOFAB5fDJJjAD+9FsvT64lVAfC1JEsepuryOsuE57lm/FVowf10He6lb6c8bTNX4xdyPVGLGymTuJu8kisxM7kcN5lLMULsbErCFvA415TXJS48TzfgSbI+j1MMuBm9izD7CZwwHMoJg+EcNxrBcb1B/3BMd+Df9MXyBxw3GCyd1BsmndIfLsPgykC4MgxWQl/FKdOxUmUAXMlHXIOv8UgZFvuZifdNCYHNJ+BrJraZTsDHeDhBZqOlAPHeKV1NHzebjrfzMmJP6OF/XJdIX1OCT+jjaDwXN6slJAXZkRPlIhWHuYjn6M6L8578dcWLP6+d5tXdcF49iublk0h4GFjR7fP9EF7dCeTVjdNw8wSFQZvYOrEJFhMbc2TVF/hu6Izfuk8I2/45IYLftk/luMChu7oQpv0V4drfELb7eyJ0fyLS4FeijX4nxrgnUaYVY5lGmw8g2nIIsTajibMbR7z9ROIcphBrMpCgXd1Fe90I2PEL/tt/llOle+eQ3b/JkDdg23f4bv5K6Iz3xs4cX/M5x8Q1HV/dmdMbv5F8Not9tnyP/7YfCdzRjWBxXIj2r+Ka+klK19Jh+gMJ1x9CuHj+4YbDJSWkjVTG8zWZRLjRBELEdz5ITwmBB+Gn049Avf6CMhX0+7zxh9CzgnYvgpQuqnXE+t19CBLnCto9QOw/UAoW70WQeD/eFqg7tEqA7oB3VB5XSalOVq6jkv/u/u/w0x4s+esMqRKwW7T7hjIWrjImbiU5prKgjJWrCNQbSah4XyNMhxFtNkTchwFEKlXYSgAsrj3GYJwUZfi3yhBZhrgWI94RYzmySqzVKFJsx5NkPVYYIyXaVEgW61PsJpAs3oUU+/GkOkwQxpHmOJ50pwkyRJVB6htKZa1SYZumhLv2SlfJw8RxQ+W6yi6TlWnFPhWUZaXaNk0JZt+orL7NcZlE7r7JFHpMJd9tspifKBW4T6Fo/7QqhZ5iemA6xV5acj7fYwoF+6dy9tBMzh+fJwNcRZ7nbHI8ZsoQVwlzM12nk7FvmvzPDql7p0rJzpNJEJ9Tocyn75tOmNkIGZ77iPfm1K7enNjRSzq2rQdHt3bHa3Mv9m/orgbA/0UJdBt+/Ez8wfxw6Ps+zVYv6DrvGt2Nzn2wPZVKpVKpVCqVSqVSqVQqlUpV4dvO7fm4bUMZIirhozKv6Ni6vlzXoU2Df2gvtv3tvwPgyu3/RqmCVQJgpfviT1q0ENPatGrb7K0AWIu70Vrci5rJjfBp3E9fTrjnaGYMbc74QZ8xus9HjPyjA0O7t2NAt7b0+b4V3bu04OfPmvLDx43p0rE1X3RoyWftmvNxm2Z0aNGUNs0b07pZY1oJrRu2pGX95jSr24TGtevTqFZdqXHtOlKj6tVpXLM6TWvXpHmt6jSvrUFLoXU9DdrW1+Az4atGGvzcpjrLR3ci4/Rijhj/gsum72U1YKbHCK5GzOLPvLW8zhXylvEkbzUb53WWlbufdWz4RuM3QXCTqiD403ZNqiqD360Q/lsHub94Zq01+ai9uG/tWtCyeU0WTv6NZyUneHIh4K0AuCIEfqAEwW8C4PKLkVwrPszFXBvSk77mTKI+Z1I3cjl3HyVZBiTFzuBy+gEyEtpRmjOBJ5fyeHS1VLSTQ2ZKZy5lr+BmSSaFOf25nLWJR1fOkZ09nPzU37hREkxJ0SYuFFtz73IEDy5l8fxGMfcvZ/P4en5V9a8SAJcr3UDfKKAsL"
11888 [Forwarding screenshot on session b1310904-d161-49ca-a1a6-530fba7baea8 to remote] DEBUG org.apache.http.wire  - http-outgoing-47 << "wJvTyN83ZXwdxf+Hsr8LgK9dhF62FAuRx235fie9TgaTsB6V1+stH/Cy3IxZpsHcsh2DgctV2G1q7uYn03IATMCPXfKil8rnZ4cdZmIvf5gDtkvYK/hXNkttIvuMI7YzybQx4aowIP4OmsT7bGN0ANbiTqsR6inDlGHjMTUkCPWWxj8Q3s+a6BB5yYa/NBKg1/ba9Dn89qM+LEB0/5oyYJh7Vg57lPWTf4cnZkd0V/YCd1lncT1fcdx54nY7RjM4K7V+Uq8O6O/asTuwV1YNqgNv35Sl2nfdUT39/Z0bakhw+MdvRphNUGT65bj2ftrM+o1qMWmTT14fdYcMo24lW7Oq0IH7ieac8Zblz/TXLjuvZlXZ9x5dCMUuMWTV1fh9QNelaZQFOnI+VILCsMWcMliFWbL2mNhMxlXl9844tWPMwXbyIgbws0zKdwtLuJ+2SkenUvkRp4/1wpdKD93UIbCf15OEu9UCE8uJvP4SrR47nGyC+hnF2K4kmDOvSRtXqYZ8CLXiNfFFjzMNubPs078VeLI3YxtPMxZxKP8KdxIHMHtJKVr6Nlci1tIeeoOrkTriv2t+bPUtKICOFGXR8n63I7aRYT9RE4bDeeU0UjJx+SfvI1HVJHVwm/xNR/9Dn+zSVUCzCcTaDGFIMupVQJtpktBtlpSsN0MQuxnSqEOs4hymkGkoxZh9tMItZtOsP10uS3McTZhznMId5hOhNM0sc80YvbMItplAcHOCwl0WSXeqZ2EB5gQE2xBhK8BDsYzcDGfS3qYNXnRjmRH2FEY4sSN9H08L9vPqytevLrmDeWR8DiW18+i4XksPIhC/EAibhBc8IWyo9yM0OHghp84tvZzDq/owPGV7QjY2BG/9W3x2dSBYO0v8dv5mQx//ysATrAeSKLNIBJth5BgN5IkpQJyzyRS904nZZ8W2Y6TZfe+cpzfXT3x2/YLPlt+xHfrTxXTbd/jveVbTm7syqlN34j57zgtfhuPr/uWQyu7cHK9WL/haxkAvx/+SqJdpSvpEN3+hOoOIlR/KOEGI4kwHE2Y0WgizcfJSt9Is4mEGY4V+w2TAW6Aci07f5MhdJD2z/jv+B6fbeJcm7/gxMZOHN/4sXRy/VfyGk5u+JZTG3/g5KZuwi9iv984KZza0us/ndz0axXlGMXpLb9X8d/Rp0rAzr5S4K5+VUL0hsjPVCnMYJhUGXDHmY19M3buu2JMRktKt8zxlmPFcxpJvPUQYq2HEa+EtOJ9THGcS6bluCrplazHV0m1HkeazXgp3XaClGE3sUqY7Xhi904ibs8Y4vcMJ919NBluI0lxHibehSGkOmuRvnemoEXanulSxr7psqvwdJdpZIl5RbZYVipmc9ynC1OlXI9pnD+1nLNHF8kAVgleKytpK+V5KhW2yrYZsl2lTWWqLGe7z5T7pzhPkv8xIcJc3DezoYQYDyLQoD++u3vjrdOb09p/cHx7dw5u7IbHmu9wXfk17qu/Zf/a77Fd8CU287/Aet7nWM39DIvZn2I282NMZ3wkGU7vKBlM64DelHboTGyN9oRW7J7UBv2p7dGd2IbdE1qjM74V2uNasmtsC3aMbsb2UU3ZOqIxm8e0lzR6W5ei+rD2ve9/MOj9n3Tof4/eVh9uU6VSqVQqlUqlUqlUKpVKpVKVygBYCSL/LQDuqMy/8aEguHKs2g+NV6t4Pxh+nxIAt2pb+4MBsOXKHtxPmEl5zAwexs7ieugEbifPI2j/CCYNa8zwgZ8wqk8bhvdqzZDfWzPg55b0/aEVvb5pyW9fNqNbpyb80Kkl337akq4fNeOL9k35RFyTMr5x62bivE3r06Z5ExkGt2zcmOYNG9K0fkOaaDaicb2GNKrbgAa160qNa9erCIZrVmhaW5MWYnvrerXpqNmAdtU1mN7/I+4VmJLnPw0/i16EW4+j9KQW95OW87pwE69y1sgAWKkA3rywswxuv/y4cZUvOjaRPu/QtMonHZq84/1AuGPHprKdT9rUlwFwu/Yt3wTAv/D07HEZAD8+7/9WABwgA+CKEDiYuxdDuJjvyr3iEHISh5MY/iVFSesoL0wlPnoAlwu8uJ7rQn7y75SmbONOSRrXSkO4lB3MmfQFlGbO53x+IPfPHaQ4rR9nszw5l7+RgthhXCiyJyttCZfO2nD/Sjjl59P583aJDH+f3Cjg6c0zMvy9fzn3XwPgQE8TAjx3E3xIh5BDBvi6GRB5zAov2xXob+iH9a7e7DEahtmmYezRn4av6zrMN4/EUW8Y1jv7c9h+Gaf2rcJebwxm2wbiZaeFi+lE7HaPwcNyDjqrf8PLYjieVpNw37OVcD9Pglz1Cd27njCvLUR47SDEfRuRXnqEi2tKPrKbk+bTCHGcSLzHZM6c6snZ070o8+nFRf8+XAnow7XgvlwP6cPN4D7cCp1IxpE/OGTzETZGLfB0/QVn81+ZM6w2o7/XYEIHDea01GB9zzYc3j6c+G0TmNmjBR0aalC7fi3x7tZn7rD67JvTCWvxfmk2aozuih5QbMOLTBPuxFjyMs5Ujv17LcYJzhzhVsQOXl7cz0vEPX55mRd/Ag8ecyv4NA8zrSnK3siNMC/yNv/KttXfs3jhNyyd9RFzVn/H6cBveJZzgrKSYO5fSOReSRzXCj25fSaApxfSxPQw5WdO8OpKNk/PR8gK4IeXInl4ObZqDGAlAL6bsJPnKXpQaMSrInOeFdrwstSDV2UHeZRnzM3kmVxP7MfNhOHcShrEzcTx3E7cyLNsJzFvSXmWFQ9ybWQ31Q/idXiUqMfdGB3i9k4nyGo8QdaTKlhMeEeg+fh3KBW5lQLMJ1ZRumNWKGPzKvyttKQA6xlVAm1mium0qgC4MvxVgl8l4A13miMD36rlPXOF+YQKIc7zCXaaR8i+BQTvmUOg3bSKfZ3mEuQ4nzDxTiYeF++0jznBp5QKYEMcjeez32opGSH2ZIfakRloTWGwI9fTXHhZ5g7XvOCmN9yPhKfx8CKWv55F89fjOHicJJ5xIuIFhHNe3I/eRYhBD8L1uhK88zNCd3YiyfgrYvU+J0q/Cym2vxNt8TMpFr+Ravk7aZY9SbXuTbpNPzLsB5HlOIRsp+Fk7R0pjCbLZSyZ+yaQrQR4nrPIOzCXvEMLKdo3h2SLccQYDSVW6YJYb4AMggN2/CbDYO8dP+C7qxunt/3MwTXf4LH8KzxXfo3X6m85sOobjq7+guNrlUrgr/Hd8h0B238kaGe3KhUVun0I3t2PYN2BhCrVrwajZNirVPyGmo6UVcBKd8oBu4fgv6uvPCZU93dCdr8ZZ3jXL7LL6dMbvuTYmo84sqodh1e1FlpybPWnwmdi/ZecWPcVJ9Z/w8kNP3Jqw88yCPbb3rvKh0Lc8N2DqkToDv6HKP2hVaINlG6Uh0uxRiOkGJORkjJ2rqJyLN1KUSbDpMoxeZUxfGOVcX0txL5Cirj3iWI51nwg0VYDiLYZRqStuC9WMwgyF++jeMfDLCuEW02WXZZLtlOkAMuFBFotkoKsF0vBNkukENul+NqvEu/qGk5ZTePg7gH4mg0WbQ0n2GQQYcqYvMqYyA4zibGdTrjlBELEswg2HUOg8Uh8xWcOMhxBgP4wfMWzOyWejVIVe3DjL3iu+0mGsQc398Rj3a84L/sO+0VdsVv4FbYLumAzvzNWc7/AdManGE//GIMpHdCb1A7diW2rKMuV63TGt0Z7XCt2jVVC2L9tGtlM2jyqubR1TEu2j2vNront2D2lI7qTOlTZPbE9OhPaSdrj20o6kz76B90pn6A/rRMG0z/DbFYF05mdMNb6BMNpH6E3ub1oT1yXsGNcB3HMJ2oA/G96mZ6jyRdPPxjw/k+q13rN1wuvf7BdlUqlUqlUKpVKpVKpVCqVSvXPAFiZ/7cA+EMhcMe2Td7xdiCs+FDo+7b3A+D2berIALhdw5oyAH6UPIcH8bN5ljSfW5GTuJMyl9CDw5kypikjhnViXP/WjOrdkmHdWzLol+b0+6EFf3zdnO6dm/Lr5034qWNdvu9Yh+861KVr+7p82bYunVrV5qOWtenYvA7tmmrQvlk1oQbtm4rlJnVo07AererXo0W9OjRvUJMWD"
11888 [Forwarding screenshot on session b1310904-d161-49ca-a1a6-530fba7baea8 to remote] DEBUG org.apache.http.wire  - http-outgoing-47 << "WvRskEdWmjWpXm9urSsV5/W9RvTtmFT2jRtQ7tG7WiqocH4nm3huhNc3sX5YC2S9oym8PAUbscu4c+8DTIA5swa/jq7SQbAHVrVpcunTat0/riZ9OVHTYXmfNGxGZ8qAa/wb0GwEgArlcN/B8DNqwLgJ2eO/R0ACw/K3ngrAFa6ZT6X5UZG5GxKY2zJjulLTtx00hNHU5pnyPWiSFITO3M1U5f06PHkZs/l1sVAkhKGc7PQlrJCM84mD+VhWQK3zqZSkNKdkmRDbl88RWbs75TlHJbdAz+/mcutknj+vJvN09tZ3L+cx4NL5//HADhgvyH++3VkBbAy9XHVJ97bgSOOq9Be3RNX8yE4603FeGNPjtisxXb7NFyMR+PvvkFuczIaho3OUPaZzuCUy3osto0nyGsrjgZjsNzVHweDYeKY37Dc3pdDHrtIjDhBmLsRUa6bCTuwmWD3TUTs30H8YQPC920k+eBqIp2GkuT2CxF27Thl9QenrfvibdWf0xYD8DEfhLfZIE6bDua08SD8DXvivutb7Ex+Yt2WT5gyvzVTZ3Zm+rifWTZxCJ5jvsB17Jes7fMlOiNqkbXoW84keOJgvpBPfm5Pg3bt+KN/Aznmtf7Qz1C6lbZf2oeXEdt4VWJPkecmrh1exw1vbf486wNX/bkVv5Pz6aZcfZrKy1ePech1Xt14QIzBdigy5/GVPTxMcOHW7gUcOtgdb4/e2O/8BD3HIVxI84DMCK6eP8jd7Fiu5Udy/0IUt0sPiOd7mPvF6dwvSOVxWRB/Xg2XYwArAfCDSzEyAH5xKY6riRbcid/Bs2RdXubo8jhrN8+L7HlatJ/XZSd5fc6ZawnTuRjzO+WJU7gU240LUT24GbeNF9le3MuwFPs68qzwOE8SdXgQu0v8BuzmTrQ28S5ahNhMFCbLADjEcgrBFpP/Ich8kqRU9FaqrOoNVsZ+fsPfepYUYDO7SqDtnCqV1b5vU4LgSu+GvvMIFlNFkNMCAp0XcMppLv4uC2UQHOm6mKh9i8R+Cwl3XUXKCR0i/J0IPmlF8DEL9posx918Fal+9mQH7aEo3I2iECduZrjy14X94rflINwSz1gGwLHwPIanRPInsbx8EcPz8hD+unESbnrxPHMHEZY/k2DxHdmOv5Bu8Q0ZVt+Qa/cTWfa/kuH0B3HWv5Fm1Z106x5kWP9Bum1fMu0GyPA3x3kYuXtGku0yShhD9r5xZLlOJMdDi9wDsyk4OJ/8w4tIs55KlP5IIvWGkWA6mnjTEbIiOMpwgBwD2F/vN8JM+uKv+wd7F3+J/rhm6I1tiqVWBxznf86BpR9zaEWnd0Jg/20/4Lf1e0kJcwO1exOk07cqAA5VxsU1mkCE8UTCzEYRZTWOaMtxhJso2wYQqt9L7NeNYJ1vidjRg9CtvxCw8Tt81n7F6TWf4b32U3w3fIrfxk5yPGKla2q/LV3leQO2/0Tgzt9liB28qzchuwdKsvpYCNMbLLuhjjAYKindLCuUz6+I0BXrhfDdQ6TK7dEG4r4YjpRijUYRJ36jFIniupOsxkvJ1hNIEe+2ItV2kpS+ZwoZe6fKKtpc95kUeM6hyGseZw8vpOTIIm4eXcG140u55i3mQ1ZyK3oL50O2k3poE6FOqznlbMrpPWbSyb1m4jfQvIKrheTt6SD5HHCUfL2c8DvoXCXcy4Mgdzss181g6dDOrBryEVtGfMqOYR9hMLYLulM+R3+aeK7TPmf35E+Fj9Gb+qmkhKU7xrSSdo5tLbRk17hWsoJWoVTT6k//BN2pH6EzuYMMZPWmfSyXtSe1l0HtzvHtpV0TOqA9sWNV+0r4aqj1uZh+gdGMzhjP7CLnlWvYNeEjSXvix+ycJJYnd0Jn6ufoaXXGcFZXjOd8g8ncbzGd9x2ms7tiMusrebyhVsXn0J3SSbajBLfayrFTPkN32hcYzOiCiTjWYsEP2Cz5Gdulv2C75DtsFn+L9SKxfv5XmM/rIqfKOoflP+K55heObOqJRm+b86j+qYfxRRp+9Pwf4e7/Kc02L/l565UPtl3pd91ksU8Iv2rH0cvizAf3UalUKpVKpVKpVCqVSqVSqf5f9LXSBXT7xlWhohLyKvOVXQy/HwD/33o/EH6fEja3aVeL9m2a06l1Szq0rU2b9s3o0KQmVqu6U548k/L4WdyPn8uNyKncy1xMqOdwpgypz5gBHRnbrx2jerdmaI+WDPylBX1+akav75rye9fGdOvckO87NeXbTxrTtWNDOisVt+IzdWrTiI9b1qdjc03aN6svtWuqSdsm9WjTuC6tG9WhVcPatGxQi8YNq9Gsfi1aaIpt9ZrQrl5z2ms2o32DprRr1IxPGlXniyaN+ahWNab2/YgHZ03hoS5/XVpLjv9Iik6P4UrUFF4UruFVwUYoWM3L4s1smv+VDNi7fNpY6vxJI+nLj5Wq4IZ88VED6fMOjf9buyZ8Lj7b5x/Xp1MHcYy4d580q8XcsT9x79xpnp7z50mpH49LfHkkptI5pUvoIJ6cD+bhlSRK0veTmzyN1PAxPDnjQ0bUZHJT+/GgJJDMuF85k2VKedkNrhWHkZ00luzk3ygt3MDNi5lcv1FMYYoBmekzuXrWi4K47pzNGkdZwSmK02eQnaXFnfMBPLkVwY2zETy7VsbTW/k8vl7Eg6tpPL2ez8OruTIIVqYXckLx9zAgwG0XoR478XfdRaC7mLptJcRLrHc3JuywJcf3rsbJeAyWOr9huqsLDvqjsdjZB8ON/Qg/ZMkxp5X4uRrL7qFttPvgs3cbUYfN2Gs4EftdU/Cymofh1vYccpiJs05fHHaPJNDbkZSoAPycDYjx0CbIYzNhXvqyC2jlWqI9dxDuuppjJhPw2NWbg3q9OG4yjBOmw/G2GEGA9XCCbEcQYjecMPthwhBi7fuQ6CyWLX4n3KwPCa7f4WjQlNGT2zNbtzfLjT7FRP8TAg26E6n9PcFWX/LX7UPcvZfE7NVfMnZOW9Zs6M8PXzVkx/rxrFz0vax6LvHZDXGHubF6Inct5/AgxBiuRfLgxklK87ZwPmk1XDnGo/vnef7nQy5nBVLmvkMcs48nmRacOzmfa+I4xDNLcR2Pn1EvCvyGcDZiGo+LjlNe7McNMb2RG8qds8e4eyaYB0WJ3Ck8ze2igzy7GC67glY8PB/F/fNxPLgQL96pUC7EWnMjRocHCdt4lKHLn8VG4p235EXBfnG+ICg5xtPcDdxOGcjVuKFcix/GzYQFPMuy5Um6B3eSbHmU7cyz3EPcS1rDnbj13IjeIj6eDjF75xNkNYNQ+/kEWM0S90vrDSXQnUKw9SRhwhvjCbGaJMfmVQRaTiDQaiIBYupvPZFA28lEmCzA32oqJ+0m422/kFPGWoTain2sh3HcfBghxmPx0R1JgJE4xmSyaGc6fhazOGUyAx+ruWJ+DIHiPJWCbMR5xfHKVBFqIdbbzJBV436W04gQ1+dnMgpfm1lEHt5JiI8eET4m+Hpp42K2jD36C8kItCfNz4q8UFuyg5y5lObEy8uu/HnFTUxPwq0oXt6M4PmdUB4/DublvTz+vFXIy3LxTO4egUuHeBqtQ65Zd5JsOhNn3plY069JMO9GsmUPEs17kGz2O6kWPUix6kmazR8kWnYnw6G/lGTdmyznweTsHUrenjHk7h1LjssEcvZNlhXAuZ5zZPVv/pHFpNoMJ9FiMHGmA6pEGfYhQv8PIg16E6Lfn9O7B6M360fmDvoErb6dmN67LVN+1sRkzk8cXP41R1d/z6mNP+G9WfEDPlu/x3/HjwSJ767fju747eohx+cN0O1HgDK2ruFQAo2HE2w6mjDxTCLNpxAl7nOEkXheen8QptedcL2fCd/9IzEmoo2dnTm8/hP2r+qI9/avxbk+x0csB2wQ37tNSsXvtxzb+jNh4jsQtO0rEvR/kuMRhxoNJkRW4A4gQvtXEkwHEm2pVLeOIsZsFJG6vSi26UOx7XCyzIaTaSWmSnjuOpx8j0mkOU+hxGOGdMZDi2Jx74o9Z3Dh2AKunFrCheMLuea7iOt+i7kZsJSrPgu5E7yCR1HruRe2Wk6fJOzkQcxWnibu4lWGHn+li78t6TqQpcfrT"
11888 [Forwarding screenshot on session b1310904-d161-49ca-a1a6-530fba7baea8 to remote] DEBUG org.apache.http.wire  - http-outgoing-47 << "F1eZRryV7YNf2baQb6tYMbrHEfSTjtx2uMgQV6H8Nm/H+/9+/A/6IbfITd8vNw47eWJ76FDnDq4j9OHXPE+LNYfcZd8j3pU8T7qROQpH8w3zWL+sAasGt6O7eO+Qnf6V+ye8j3mM77GetbX2M39Bsf532A//2vMZ3fBaMZXGGiJ/aZ0Fft1lkGxEtoaTf8YE62OWMzpiN2iTjjM+5p9C7/BdWEX9sz+BButjzHV+gx9cfxOrW/ZNu1zdk6tCJnNZnTBeuaX4nyfYr/wU5xXfIbbvC9xndcF57ldsJvTGfOZX8hgWFerEzpiqiOO0RXHGIpjzOd8LK7vE1wXfYHXkq84uvw7vNZ8wYGVop0lH+E8r4NovwPm4vzG4nMZz/4Ri9lfYyqOt5jRSXzGTrgv+1K8P9/J6vQI3V/F73pffHV74L2tFyfX9yPRZiHhVovwt1lKgPgbFbBnLb6Oq9QA+L98NOTeB8Pd/1NNOz/l112XP9h2l5lWNPmiOw06fE2jTj/T4vthfL1g7wf3ValUKpVKpVKpVCqVSqVSqf5f828BsDL9XwuA29eWAfCnrVq8EwBbr+7BvZRZ3EuY/X8cAPft1pxe3zXn965N3gmAv/6oEV06NKoKgD9p1UAGwB2aN/jXAFiGwI3q0qJhHZpr1qJ53Zq0qFdLrm/dqBYtG9eQ19mxUT3a1tZgUv92PCqzgBu7BG3+LNXmasRMbibO4mXR2ooAuHANL4o2yQBYqbiuDIArQ+DKALgyBJbh7n/4rH2Tiv0+ri/HEv6yQzM+aV6jKgB+cs7nrQDYl8fn/HkkKAGw4k5ZPNfPHiQ9fgjpcT0ojNDnXPoGshKHUJi8htLMhdwuiuLehTNyHN/iTC1So4fILqAfXjvLjfPB3LyZRU7CdopSe3OjKITS3NnkJn7OvYuJZCSv5EyeNvfOZ/HoSg7PbiXx8HIZz2+d4+H1vwNgZSzgR9fyZADs564vA+AQ9x0Eeewm5MAuGQD7u+uIqRHRJ+w45boOe4ORmO3ojq3uYPaajsR4cz9czbTwcV9NyEEd9lsuwnJ7P+x1RnNyzyIZJPvtMWa/xVQstb/Bw2I8Ztv74Go4AAfdoXi47CQq4ChB+8Q5xLlDPLcQdmC3DIDD9u8i7qA28Qc3E+Q8Fx/b8YTumSjmpxLiNIVgJzFvP5Zgu1EE2QwlyHqQFGHdkxDLPkRY9SDavB/FJ/oRsr8bw4e2YeDML1m661O27u7ArtUdWNC3OqbzO3Ex2RCIwTtmG6t3dMXUZgALFn7M9m39uHUtSNzjE+Qf38nVo5spnN2Hc7vH82eCI+VnTlGc78CFc7t4dEGXZ7mWPL9dzI3b4dxKO8UDVz0KDEdQ5LuT++knyLOeQVHQLrK8V1KaMI7cYC3OxCwnKXAWNwpOcqPEi5v5R3l0JpWSJFvyElZyu/AwD88kcK84kIelQTw9H/WPAPh8jBXXonZxL24L91N38yhrN49zjXle4ALFJ3mRq3TzPI9L0b9zL2MMpaG9KQubwOMMU+4l2XMrwZInuXu5n+bO3bi13I3dwM2ozVwN30G0s3i+pmPwtxzLabNR+CnMR7zD32JkFWW7j8mICmYj8TUfxWnzkXhbiPWWo4l2XMExiwlY7ejHaaelpB7ZRvbRJSQfmEH6yRVkHZhHiusM4l2myfGHlfa8TSvaCrAaJ8/nbTKU08ZD8DUbXnHOt64jyHRIxbWaj5dhcZjlCAJNh4l3ZTpxJ7YR7K1LpK8xfuJ93Wu6BEfduTIATve3JDfERnYDfSltD6+uKtW/h+D2CXgYCo+j4a9E/noazqv7cby6E81f94L5874vXD3C4/gdZFn8RpptZ5IsO5No/jUplj/Lit/Kqt9M214Vy7Y9Sbb6nUz7vmQ69iPFpjeZTgPJch5EtvMocvaMJsdFqQCeXFUBnHdoPnlKBbDtCBLMB8ngN95sILEm/WUAXClMfwCHNvzGxtGt0erZgBl/NGXWH02Y3b0uZnO+xWt5F46sVkLY7+XYwKc3fyvHDPbb/gMBO3/Af2ePim6gdfsSqNefQH3xvTIaQpB4niHiWQQZjCXMdDzh4p0IMxhE8G6lavc3wnR/IUznJ/y2fUW6wyDyPSbKLpLjbAeT6jCMC4encuXoNM66TSZFfG8THMdTekK8k0enc+f0bDLsR5G6dwYJe6ZSHrKeh8GrOHd4thz7OHHPLJIcJstrjtT+gVvH5kO8IY+DNnDLZwHlQQt5EL6Ge8Gbuem9nHvi+AdhG3kYvonHUVu5E7SWa/4ruR+5mQcR63gYuZ5HURu4G7JKTl8mbudJzCZeJGzjcdwuHkRv52mCDn+l6/Nnmp70OlO/IhDOMODPLGteZtgivtCCKa+yHUg9bc9pjwN4ux/E1/MgfgcO4HPAA29Pdxn++hw8jO+hY5w+JJYF78Me+BzZL/ke9fzbcRcij/vguGsBq8c1ZeOotuhM/hLDmV9gueBnXFd+z8H1v3Jqey+8t/Xg2Iaf8Vj2DfZzPsdy+kdYz/sB81ldMZlR0Z2z+axPsF/QCfc133Bs+y+Ei+9OrJlg1I+g7d04urIz+xZ+jt3cz7GY9SXGC7piPLszZrO+kAGvy+Kv8Vr/I967exIsfk8zxPNMsRpEtHFvfER7Svfi9nM7Yamca/rHGCltzPkMq/mfs2dFF45u/ZEQo74k240hZ+808TzHEm+rjLvckxObvsN9yRfyeCtxnHLdyjUrXVE7i890THy+KPH9zd0/g8s+S7gdsobzwSs577uKbLf5hBtNIt5mEVF2Kwh2XEOY+xZ8Hdfibb9aDYD/S3fDS3w15xYfD7tH+z4PaP3LI5p8+Yzajf76YOD7D9Xg84l3/tm2dRnNvuoj9tF4R52m7fhh9fF/7q9SqVQqlUqlUqlUKpVKpVL9P+b9AFjp1rkyCP7fDIA7tG3xjwpgmzU9uZ86m/uJc3iQMI+bUdO4n7WEsAMjZAA8un8HxvRty8hebRjSvVVFAPxTy3cC4B8+a8Z3nzapCoA7i8/2WdvGfNq6IR+3bEDHFuIa/yUEVrSsV4+2jRqIbWJd0xq0aKpB6xbVaN2qOq1aVqOt0karJrRpoCGupSXPlS6gbxnAVX0oM+V59hoeZi3mz+J1vCpYD0VreVG0kY3zOtNJ3POvOlX490rgRv+tY7OK/T5pwOdiuXPH5nzaoibzxnWjvPQUj0u9JRkCn1NUBMAVAnlw/jwXCx0pTNrA+TR9UqK6ciVjD2WJnsRH/sy94tOinWBe371KQaotGbGLOJ+7gbTEWdy+HMCLa+c5fyGQwux5FMTNpCRnHwVJO8iLH0RBlh7FuTu4eNaUR5fzZAD85GYc9y+WygD46a3sfwTAF3PDZADs77pTBsBKBXColzYB7tuqAuCo47YctF+KztrfsdMbyh6DOZjv7IGb+SxstMfh5TAeH9dtmG7th5flYg5br8J252i8964l3MsU650DsNL5Hk9LLYy39MDVsC+22gPZ67CRyAAvgpVxht02E3ZwU8XYv567CXevqACO8dxEkPM8fG0nEeoyVew3l0j32US5ziRq33Ri9k0ldt8k4lwmSLF7BxFi3Zckl4HEWvTj0qmhpB8bSrfP69DqYw0GjmrF9NWdWLSzEwuWdGBwNw2sdn7NmVI97ryOJeesEeb233I8YBBep6Zw4bI/vL5MgbchWc5Tubh2ABfMJkGhJy/vhpBfZEts4hKe3rQg5eQCeBBGVoK92H87d8zHw5EdJBwzhydniTFbS1moIa/OuFIunl9uQF8uhO8iK2AueTETKC84KXZLkt1Jp0fO5EzaOu6ccaO8KIgHZ2J4cC5UBsAPyiKrAuDHZSGURVtyJWIHd6I38iDVgHtp2pRn6PAk34Y/i1x4kKHHldjJXIn7nTupIzkX3pOzwcO5k7id8iRz7qaY8STXmXupHtwOW8vdyE3cCtvMNSHOZRJ+FgPxs+qHv01f/C16SwGW/Qi0Gkig5WCCrIYRbD1C8hfzSmW2MvWxGoqfzXAC7UcR5DiGEOdxRHqux8N6EisXfIWbxWwyTmmT6jWf9INzuJFgxnlx/rLQNVyMWMuVyPWcD15Oif9CSv0WUHBiJ"
11888 [Forwarding screenshot on session b1310904-d161-49ca-a1a6-530fba7baea8 to remote] DEBUG org.apache.http.wire  - http-outgoing-47 << "ske4h1wHC3ONZQQG+W8Q+U1KNMwuxFE2QwU01EEO4wj2HaErBgMMestl6OPrCDk1G4ifIwqAmCjRdhpzyI9wI4MP0uyg6zICbXkcpoLfymVv9cP8/zSHp5c3iO+L/t5ec9HPN9g/rqzn+c39vLqni+vH0SI35/jPEjeRIrNz2Tbf0mG9ZekmX9NmmU30i1/q2D9O5l2ShhcMZ9i8Qvpdr3IdOhNum1vGQRnOPQlc88IOQaw0gV0ttskGX7leSkVwBVdQGfbjybJbBCJpgNJNh9MnFE/YsX3Kd64v5wmmA7Fd2dP7BZ9hsWiL7BY3AWj2Z3YOqIJllqf4zKvI+6LPsVzaSe8VnTi4MrPOLTqM46u/ZITG77i+MbvObHxJ05t/YWT237n5I4enNz5B6e1+3F69wBO7xyKv94IAvXFc9buIyuG/Xf8JMcSDtj2Hb6bvuWs+zRuB64hz3M2+QfnUnhYGVJgJ8+TtnHLZwVZ7jNJ8ZjD9dBNPIxcx/Po9bLb5ZR9c4neM5Wboeu4H7aa0mPzSRbf9fRDS7gWsoXrvitkcOgwq6Pszvl+4CaeRq7lftAiYRm3Ti+X4fGjyC3cDlknQ9/bYeu5H72FcvFOK+/1w+itPIrZJt0N2yCXnyXsktMncTt4FKvD/aidPI7bzcsUQ14kGwh6/JVmyJ/iu/UyXazPtOBFhjXkWApifZYt6ads8dnvhbfHAQIOHiLwsJg/4Mqp/S54H9yP32ElAD4ig9+3VYbAlUGw/7H9hB06zQHjlWjPaMOuSa2xWfA1buu/x9twOMlukykU9+Wi7zLOn1xEvttUEsyH4L/lJ44s/Rznxd9gO/dN1e68z3Bf9TXe2j1IchpD8ZE5stvqu+GruSfu18VDU8myHkD4jp85sbIL+xd8is1Ccey8z3Fc8AWH1vxAiH5f0vaMp+zUAm6J7+OLhNU8j11BedACznlNIsliAH6bvxfn/hLP+Z+I4zrjvETMr/8WP4MepLiMpsx7IXdjtvA0VY+HidrcidjIRfFbme08mgi9Hhxf97UMgvfM/4y9oh2vjT/K/8iR4TmLiyEbeJRuBCUOcNmdv0ocxd958fsZY0im20pCzWYTZL0UP7uV+O3ZwCmbtRy3lBXA58Q/uFT/5Q/LMnqaldHDSOm2+QI/b7vEN0uu89GgezT+7L8D4ZY/POYPq/fatC6laeeeYvu7AbCi0ac/8cv2sHf3V6lUKpVKpVKpVCqVSqVSqf4f0/XLdjLorez2+f82AH57POAPU/b5d/8WAHdsWgu7dX/wIG0OD5Lm8ihpAbeip78TAI/q157RvdtVBcADfm5Jnx9bvBUAN34nAP6qY2O6iM+pdJtcUQUsPkOLCh8KgaW69ejQqKEMgFs0rU6TRho0bqJBc3F9zZvUoVmTprRt0ZSWDTQY2qM+98oseXphO3+d3w6XTeDcdp4VLONl0eqKAPhMRQC8Ye6XfCau56tOf+vyqdIltBIAN6zywdD3LXK8YBkAa/L5xw3o8lEzOrWsxbzxP1JeeoJHJacrAmClErjMX6oMgB+W+lF+MYqCjC3kJmymKHEF+WnfkZ0wTMxvIid1KBmJEyk/k8il/AOkJc7hfJ4Jt0v3U5i9hsTUPty5cEnsP54rZcacK/AWx//AuXQj7lyOJTP1a4ryVvPgUhwv7iZw61wEj6+V8PBaJo+uFvP4ev47AbCy/HYAHOy2Hb99Yuq5UwbAgft1ZQAccdSaA7aL0V3fA0eDUXJ8X+MtvfCynYeN9hj2mo7BQXcqdrojCfYwxtdlB7bb5uBpIdiMwHrHMDxM52Oy5QfcrUfhqPMbVjv/4OhBHZKjTxLkqkv4vvWEHdxAlKcOkfu1qwLg2AObCXFZTKDzDCI95oj95kqR+2YT4aJFxN6pRO6ZRKTTeCKdxxG1dxihdgNJdRtEomU/Lp8YQv6RMfzYWpPG9ZX/TFCfn3t/xpT1HzFXuzHbLboyZ5UGe4735DEJPH4RQsklPVyO/ISew1dEpSvVwUW8OhfI2UObeOQwhofHl/JXoTOvnwaTV2KN57FJvHjoyQlxHWc8xhFzdCU+1n24bPMHz06aUpQWIdq4wy3/Y5AXQ9GBvlw7PZsUh36kuP7A/aSNFATMoyh0GdcyvMiOnUZm9CSuF1hwt8SFG/me3DsbJQPgJ2WRMgC+VxYrQ+BH54IpjTTlYuhWboSvpTzJkDvJu7ieuJkbydtlEHw7ZQ1X48dxI6kXJSG9uRLXn7MhgzkXspDbibrcTNIRTClPcedu2CbKw7ZyPXA9V4LXErdvHL4WvThl9TPetj/hZ/0r/ta/Cz0ItOlLkO1Agm2HEGI3khDbUbJL7mDH0QTaj8TXeih+dsMJcBiJv6PYtmcsPvtX4WA1gfHj2mIp3plUb22yjy8m68hCzgbs5mKsNiURmykMWMU5cf7zIavEZ1vJtYhVlPktINltPNGOwwm3HUyEnTiv1QCCLfvLqUKp/A6y7keo2CfMfhBRNr2ItulDxJ5RxIhzhJwS75ePEQGHtGUAbLtdS3b/rATAOQEW5ISYcCVlH68v+cKN47y84szjK1Y8uubE68cneHX9OE8v6/Pw4lZe3j7C6wcJvL5zgvK0tSQ5/Ey27RdkWXcm0/IbMq1+It3qV1KtfnmjG2ni/qVa/ioD4FSb38mw/4MMh78D4Kx9o8jYN4Ys8TmzPSaT6zm9KgAuENefI94/JQBWwt9Uy6Ey+FVCYCUQVqYJBoMI2fU7h9d35sjWrziw6QtcV36KtVZrHGZ9hPvCDngu+ZiDyzvJsYAPr/yMo6u/kGMCn9rQFZ8t3WRlZ0VX0L3w1e6Nr04//PQGEGAwhECDEYSZjiXCbDQRRuL+6/YhdHcPQnV+JWTnzwRs6ka0vrg+h4lE204k7/AS0r1mcyd+F3fjxDsasJ6M/fNIOrCQKxHbKI/cwMPIjSTuEe/CgWUkec3jWvgG7oStliFnsqf4vu/VotRvrayyvhu9g+Pb+sjuj/cv/5ayI7N4FLqUOz4LIXonV/1WiXd3LXfDN3M7dCNXAlZzM3QD5bHbuRW5mXvh27gfsV26GSjWi3f9cYy2nD6I3MHD6N2Uh+/kUYwuL5INeZaoLylB8PMkMU3ZyfM0Y56lmEGm+HuTqcvLdEvSTtqId9sT7/17OeFhz5F9lhxyMcFrnwmH3aw44mHHUQ8nThzY9w8nvVw5ddBN8j28nxDPE/jabcZGPCO7BZ/gq9uXBJcxlAWt4574e/BXmQNccYUyZ14qwwWIz1riqSXeqUEc3fADHss7s3fJZxxc/w1hJv0p9NLiXtRGyDbkz7MW4m+kFZSKaab4rCErKfGYSIJRbwI2fsu+5V1wX9mFU+K3Ot5yIOeOzOB+lPg7mmskjrMVLCsUGfNn6nZuBy6hyG0MCca/E7Lta06s/068P92IMutD7oEJ4lku40nWLl6fEffrnA2cdYICa/5M2839sJVcODhFfCf6E6r9Iz6busoxrGNth1J0fB4343bwNM9K/G135fXVA+L7eASuecHtk7wqdOVqqBGBZrPwFn9bjlss5aDZMo6Zr+OwiawA/vA/wFT/s15mZfyuf4FftS/y7dJrNO3yFI33AuAadV7RZdbNfxzb6uexMvB9X7XqNWjXS0u0nf+PY1QqlUqlUqlUKpVKpVKpVKr/V1QGwEro+/9HANyxrdLGv3s/AG7fppYMgD9qVhuHDX3eCYBvx2jxIHup7AJ68mBNRvZtx6g/2jK8RxsG/9aK/t1ayAC457fN+f2rZv8aAH/RvmlVAPxRy0bSv4XAHzVoQLsG9WVX0M0aa9KsaQNaNm0ktjelXePmtGnUkLYNatOuvgZTBjXn6UVruKkPFzfCOaFsB0/zl/K8YCWvi9bB2XW8LN7A+rmf0alDI7p+1qTK+0GworIS+F991LQiKP5EU2jIVx8357NWFQHw3ZLjPCo5KclK4Dch8KMyP0kJgB9eSeFafjRpEZvIiOvD9aRwclP6kpb4DQ/OhpIQM5DC9OWkxkynOHMr986H8eRSCfcuxJGeuIjEuHWUZc3gWl4GWXkbKcpSQuMZ5BasojRjkWhnGdcKw3l0PYbbZZE8u1kq5"
11888 [Forwarding screenshot on session b1310904-d161-49ca-a1a6-530fba7baea8 to remote] DEBUG org.apache.http.wire  - http-outgoing-47 << "rO4f6mI+5dzZQCsVP4+ulbwTgDst28HQa7bZBfQSgDs57pFBsDKGMBKBbCPx0ZcLSdhsqUvTsaD2Gc6Hatdgzm+dwF7DGeJ9QM5vW8DgfvM8N27C2/nHVhuG4K1TjdOuyzCzXg+Jpt/kQGws2537HX7c+KIHqmxpwn1MPg7AN6vLUV67BLTnUR5biF47xL8nWYT6jabGM/lxB5YRsLBZSQfWkrKoUWkHJhH8v5ZJHloEec2lliX0aS49SfDfgA3vYdQeGQsf3zUlvbN3/zngfot+OpbDdaYt2eD+9ds9Pwa45PfkHl5G1DMufMeOLoPxNDpWzyDxlNUZgOvc7gWup8r+4fzNHYzL0r38rDci9Kr9oTHbeLpQ1/slPFrF3TglG1njth3I8iwH8X+Orx8fY97V6+RbrOW4PUjidjRn2yn3uR7DOduwgTSjg/kUeFe4oN7E+fXnbOxWyiIWs+Z5FWUn/HidpE/NwqPcLfUh0el4dw/F1EVACvdQp8NN6YsaBNXQ1ZxJXwXN+J2cCF6JUUhcykJn8vFmFmcj/z/2Pvr6CyydGEfpntacXf3pnF3b9zd3QkhEEKcAIEYxAgh7u7u7u4eIFgS3KUbvb6qSsNADzPnvO97zlq/b+b541q7apdX7aoni4v7vhdyLXYyNdGLuB73G8VBUykLXifMy1EZcYAr0WrcS7PicbQKD6KUqY9Q5HasMhlOa4iwmC08g+nC+JhKuMUUYX46kZaziLKcS4z1YmKtlxFns4o46zVSm+S4ngT7tcTZrhae4zpi7FYTZrWMCJsV+LnIY2S4ihmzWnNGYzUFEbrCeakQe2k1ejvGcEF5Jlbqc3HXXU6MzQ4KfY9yOUyZWzGa3Ek4RbrDCun5ptkvF573SlJsl5Jqt0wi3mIBWbZzSbJeSKrjKqFvCdl284S++cK5LCXFdx/RfieJDdCWBLCdviiA15MVZEhe6HkKRSL1uJlhyfsbAcJ3xQ/u2PPmrgWvH1rBW0/e1TkI76M6z4Xvzbt7nvBEFMD+PMo9Sob5SAqM+zQIYJMh5BqPlIRvlsk4Mk3HSuRcmCDMTyDzT7IvTiXfcqaUAjrXcjbZNvPJtVtMgeMKipxWUyQJ4C2Ue+yk0nMPRZeWkWk4l4zzc6Q2RYz81Z1Bqv4sqc0Q3s0U3WlEag0l+sxgQjT7EKb1C0EqvxKqMpwQtSGEqg8lXHM4ESdGCOuNlORt7OnxxEm1fCcTf3Y68cJ+4/V/I1Z/LrHn5hN/fjEJxkuF6WUkGq8ixXQFSecWEqczi7gz04TtJxCjNY4ojUn4HxtN2OlZhJydS6nPQfLddvI44xRPMk9SF3qULKed0rtbG68pRYaKNXfTrDaQ73VUGDubuZesxrPk41wPPUSG6y4SHXdyNVyJx4lq3E3WIsdpL8WuCljtG4L5ts7EaI/ltt8uXkSo8DxJQxK/dyKO8kD8zwwJqtyLURLeXUXuJ6jwMFaNR3HqPI7X4G6ksFyYFqN9xflnSVo8TTjJwxgNqRXF78vU09LyV2mnhelTvExX4WXmGV5k6PAuWxuyNfg9W59sHyMCHR3xcTyPvZkm5ucUMDc6gtUFJSxETFWxMdfCzdZCwtXmksTHeQ97Kwk/FycinH1IdTmD35kxBArPRozcFetyU23GH/fd4LkwNl9FwDOBB8L0dWfhHHSpDz0spduO1xfeUe1xUgruSo8/5W+RDlw24U29Ax9uO0G9wHUb3pUaSSmvr7hvIcd0HjG6U0kwmErepTnc9FnPiyQFYVvhOi8bC7+xlnyo94ZbHsK0I1wx522xNo/i5bjiuUIYx1PJFo5ZaDFPmF/Ng/j9vC7SENY7B9dM+FBjJvxG2wjzFsJnVhTQWryKP0i97zoq7BZSYD6LIvulXPXdKmUz+KPUgPfXrIR3zpm3d714e194H8XrFdtbwrtX6USazX6Cz20j0FgON719eBoo4KZ7iEbTLlxHxv8ApteZfP4GQ+Xu0LLf7zT6TAK3G/6SKUY3vli/64xdNPrmm0/i93PEVNAjFYO+WF+GDBkyZMiQIUOGDBkyZMiQIUOGjH8n/pkAbpC3X5e+/5N8FMDdOrf7QgD3aPMjl5SmSwL4WeYOXmTulgSwGAEc5TSfVbN/YsHUjiyc1In5EzpI6Z9njGzDlGFtmTi4NeMGtmJk/5Zf1AD+qwDu1aFB/v4zASzSp1UzujRrTIcWzejUrj1d2rWjc3Nh/cY/0FtgWKdv+W1IG1ZNbIfm1l+4k6MFt/Xgjgbvq/bD5eO8KN7DH+UHeV9+BKqPSAL42I6+9OrShF/7tpYY1KeVxF9TQn9V+n7GgB6tGwRwr5+kNNCDeralb4cf2L58GPerPD4TwP48/1MCS/L3arDEgxuhXM33IC16GRU5yylOWi9FAucmz6WmWIG7FVlkZw+lKG0td0sjeHSlkCfXbvOkppDagkCy4ofzoDaBa0UXKMlZxN3boZQU76MwpxNP60KoKjClpuyisE0ZL+oK+eNBslRP+OXtGkn8fi6AX94p42ZJ7CcBHG6rSrjDScId1SUBHOlyRhLAYgRwgL0i9sZr0FeZifGp8Tgb78bm3FKs9ZfjeE4OY63ZeF48TJitHrGuenhbbMVYY6awbAse5isxPzMZNyM5KQW0g95M7AyWYm+lSlKkBwlu54mzOy6lgE5y1CTZ6YTQihJYg3gnVcKs9hNwcTOh1luJs99HguMBUl0PkuUuR47HQbI99kpphEURLKYSznZZR6rVFHIvTeV28EyKvBYwqWcn2rRoSef2jejbqgO/dmrBkDGN2KkzmvV6gzho1gmX+GHcfZ7Aiz/SSEo5jYP3ImwDp1BwRZE7152gNpfSwA3UijLopiO3as5z+boO+cV6hIaps2f3EAIVe2N+ojHujkNxNl/Oq6elvOMpUV66xJ1ZTE3oAd5lB/C6VIPc4EHU5SpQmipHfOxvFJXsJiNkLKVxWymJUeRymj73y1x5UO3Lo6sBPBDH0OUYHl+JFeaTJAn89HI4ldF6XA5V5EbYAWrCVbidrE5N/H7yAldQELyEKmGsVUUspCxAeL+zD1ERPJdc76lUhW+gOGAzWV5ruBJzjLtp5jyIPcadKEXqo45TF69OtMVKXPWm4m48DQ/TqQSaz5MIMl9I8KXFhFxaRpjlKsKt1kpEW64j3nYTsXabSHTaRqbPflI9dhPrtIUk952EeB7lgvEGpk5rh9bx1eSGnuFmkhpup2cyv38jVoxtwcpxLVk/qR0bprRj929dkVvUB7X1Q7FWXcLNWEUKvbeT7riWNIc1JNuulKazXTdK8zmOK0i2W0OiwwbiLJcL42Ah8eZzCDReQKK3PDEBWsT4niLCTRPH8/u5qLGBTH998oIMKAwzoDjciJvpF3knPu86V97XuvKmzpmXdRb8/siU93fNeHdHn3e3jeBxADxN5MM9Px5lHyfLfCQ5Rn3JMx5EjvEw0g1HkXp+DCkm40gxHU/ShfGkmU4h1WQy6RemkmQ8UVg2hfRLM0m9OJM081kkmk0n3WoeeQ7LKXJZQ7Hr+k8CuNpnL/mWy8i8sICkc7OI15tOnO40Ys5OkRDnE7Vnkii8a+HqvwrjbQjRJ/oTe3IQMSeGCAwl9tQIibjTIwVGE689joQzwrmdnUyyjrAP7SlSLeEkPeFc9OeQYDCP+HMLiDdcSKLRUmLPLyHRRLjHJstJ0J9PzJkZxJyeQrTWBKI0x5F4dhqRpyeTY7mGEJ1Z5LtsJVt4Fo/FNMyJSlz1O0iy9SaSHXdyLfo4j1PUeJmmTvKl1WS6HSLVeQePU7V4mqTMlcD9pLvsJMVpF9cilXmarEFtgjpJVlso81aizF2em0HyOB3uj/m27hRabqUuUJ7fk09K/4nhhr8c96OVeRirSm2IgjCulaT5BzGiCG6Ichfb58laPIpT41nSCSn984MYVakVha/YJwrS58mawrSYIlqJF2laPE85xduME7xNPy6cvzaZXgYEOdjh72KMjZkGpgbyWJgoYm2uzCXTY5ibqgjTWjhaXPgCJ0sznK0ufpLBnm6OhDh7UxBkTJ7rKopdVvM8VYMPVfpQ78j752HwKoYPvyfy/lUivIiDR"
11888 [Forwarding screenshot on session b1310904-d161-49ca-a1a6-530fba7baea8 to remote] DEBUG org.apache.http.wire  - http-outgoing-47 << "8F8uGLLi1xd7kfsosZnA2Wuq7nqv42HCUd5k68NFYbCb+EFXotpzevd+f2WK39cd+TtFRveFBtKabLrAnZzxX0T1zw2UB+wiWfx+3ifpyJsK0b/msE1a2H8h/O21p83192Eba14V3meV3nq3I/bzY3gddzx28z94O08jdvP6xwlqBSOXSO8K9fMhdZCwEbYl9BWGUPxad5mKgnHOSCc907uhArnG31QusfiOX+oNuHDdWs+3HaFh37CuxYiIFz/PR/h3fSAW25UBaoQbriVUKP9+Ojtk6J/ZQL4XzDV5DpTDG98wVTjG5LoFZeJfG07EXHdbjOf8rcfP9CoEfzY6i3DDt35Yp2eC47yzbff/YP8/ciADee+WF+GDBkyZMiQIUOGDBkyZMiQIUOGjH8n/iqAu3Ro8kkEf03Y/k/TXTjO5wK4c4fv6NC5lSSALY7P+BQB/FcBvHLWj8yf0kGK/p07rh2zRrdh+p/pnycMasPYAa0Z0a+FFP37UQCLNYD/TwSwGAHcp3VjujYX+1rTqU0b2jX9kc4/N2JM50asGt0MG9WJRJivI9F2G+FGy4m9uJQS73VS7V+uH5ek7/Oi3byukGsQwJWHvxDAg/u1+SSBP4rgjxJY5PN00F+nJf3F6N+PArhXa/oK93DbsqHcq3TnxRXfBvl72Y9nV/wkCfzsauCnKOAnN7KpzrPkSrYBt3KtyUprytVUW27nxEkpoK+VenCjxICCpDU8qLbleX06V0uyuFOWT2nOGmpyl3CzIoKSglXUFJ6l6ooHhbmnqRKeWVmBMveuu3H3mjPPb1bzvLaAV/cSeXStkld3rvHqrtD+KYBf3C7/QgAH26gTZqMipYAWBbCYAvqjAI7xMMLd/ADnNGZhd24jlroruXh6Bf52+9FTnoG13hrMzy7ARGu+tJ8IJzVMTkzH4uxcXI13YHZqGg5Gc3A3PsR5jek46s/B2Xg1jjaaxAa7E+dsSLydGjGuaiQ5aJDirEWy00mpTXE/QYLLMWKc5Uj0kCfT+zjZ3srk+imT769EoZ8iBT6HyPfcT56YbtZlN2l2a4k3G0Oy8SiuB4ynNGgh4/q2p3nLJvTo8K0w1v9Gl2bNhDHZngG/Nmbe6m6s2NeOfWea4RyzjQ8kUFlpSWSMPHZesyivV6X2jikPb7lTXWDKtUI3ble4UpyjSHryFhITDqOmNYXt+/qho9IBS6Nu+PiNpKjKjhevoKIskWDhHXpZoMbLGm8eVp8gJ3QPudGLyIqcQ3XmMZJj5hPiO4PyyMNkh02lIHIjtVn23Cl25G6lK8+vJ/LgargkgB+J/CmAn1SHCdvoUBmkQE3wXq6EHqcuUZXKyJ2kev4mMIWi4HmUBS+hxGcRdxOUKPFdSr7PXMpD1pPhtoRkl/lcjTvKnVQT7scpUBclEKfC5QhVLqlMRnFjDxS39uTIVqEVpwWObeqO0uYeHN/SE+WtvVDZ1lvi5LYBnNjSD+V1PdASpo0Oj8VQYSznD4/BUn0G4W5HuHR+I9Mmtef0sfWSAK5L1cRHfwGbJrZjw/RubJrZg10LBrBhZk82zOjN8omdWTy2Ayo7Z1PkL4e79gwM9vZDb3cfdHb2klrDAwM5v38ABju6cXZnX87sGcTJLT04t7M7utu6cXrXQDzMthEXcJJIb2GMu2rganKQSyc2kO6rS06ALkWhBhSGmHE93ZDX1y5AnT3Uh8ODeN7dd+P3xwb8cU+X9/fs4J4/PBGWPYkQ1hHe9XRN8i6MJsdkENkmQ0g9P6whAvfUYILPDCNUbwTB+iOI1BtLhECc0WShHU+o7lgiDSYTeHYsQTrj8NcZQYzpFLIcFlPotpYSNzECeBMV7tu57L2XbOtlpJkvJEJ3ihQdGqI9gaBT46TpaIPpZBsvJubkRNz29yRC5RdiT/xK/MlfiTv1K4lnhhJ9crDAUKK0hhB1QmhPDCdaaxQxWmMlRIErRhIn688m6dxvJJ6bS8L5BSQK+00yWUKS6XLh+KtJN19JitEiEvTmkqg7W9huBona04nVnUDi+encCNpL6NkppJovJtlkLtd9t3HFdS01fgdItdlIqtN2asR6vWlqvM89SZr1GnI95aX+R0maPEtUltI353seINl+F1WBRyVJ+zBDWNdmK6Vex8i02cHz9LM8TtQg1WwdGvPa46c4imKbDTyNVuV5rJii+Bh3Q49K6Z5FKXw36gj3oo9KtYHrwg5J06L8FOcfJyjzOF5ViiAW2+cp6lJ0stgvCuknicd5kqAgiegniSf4I1WVNynCNaSeJN1ThyAHGwLd7XC3vYCzlQFu9ufxcDTC2fY8LnamwvQlYZk1bjZWn/Cws8HLwQ4fJwcp+tfTxxk/JzeKwkyojT/Ig1gF3heebxCotWL0bxi8iII/BfCHp9ENkerXrPlQcZ73OceF8z7Mw3g5nqYo8XveKd6VCttXi9G3Fry75cLbW268vuHCq6t2vK224H2ZofAMNHmdfJhncUd4EnOQ5wn7eZsl/KaWNMjndzWXeH/DUfoPEe+uO0jy932lKW9L9Xmbp8Ufmcd5laLAG2Efb1OPCNse40OhOpSfEY4tppy+JGDNu6vCeV4RrqVSOGaxNm9z1fhd2PZlphLPs5R5l3MCCrSh7M9zrrESrtuJD3c94aE/7x4FCdPewm+9g7CsoRZwjMlmQvS3E6C3F69zh3HXk6PRdLMb/KczxfAmIxVv02vRE9qNeEnzXn/QuMMbfmz5jh+a/Unzd9J8k05v6Lf6EVNNbn51X58zUaeWLtOe8c3fPtB58nOmmf59Wd9VJ/n2b99/Vf6K9Jgn/8W+ZMiQIUOGDBkyZMiQIUOGDBkyZMj4d0IUwKKI/f+iALZUnvkPKaBFARzpOI8VM39g3uT2UvTv3I/pn4e3+SSAx/Rv9UkAD+7RnEHdmn0SwB9rAH8UwJ/XAf48+lcUwF0afyuleO7UqgXtWzWjbZNGjOjWCNUNvUiwXkmx90KSrWYQcW46oWdmcmFHby7s7ELChSncT9zO29LDUgTw2yr5BgFcIc+bqqMo7RRTQDeVBPDnEvivkcBfl76f888F8N0Ktz8FsFgLuEEAP7sc8KcADuLFtVAe3gyjttqchxXBZEatkiKAC1MX8bDShSu5J4hNGceVYkXKM1aRFD2Gm5VhPKm9Q0HefgrzhlOVd5CqFOE+pDpx/24ihVlbqSrS59HNWgpS53HzsiHPrhfz4nYad6/E8vpu9Z8poKt4euu/FsBiBHC0q5YkgEOFabEGcKKvGV6Wh9BTnU6A7VECrE5J6Z/tDLbiYb4TffWRmJ9ZJkUGuxht59LppZifXInZyd8w1ByGm+kmAq1U0VceJ+xnG1anZuBkuI5g3wskhvsSYatPvJ0G0S5qpDhpkOZyUooETnRoiACOtJMnzHYP0U77SXRWINlVgXSPI2R5HiXf5wiFvgoU+8oLHKLQXY4Mhw2kWE4gzvBXqvyHUhm1mNED2tK0fTN6te5AN2E89ejRhs5NevKLMO5Gdm/EhHHNWbSjF/KmrbDxm0tdnQ1Z6adw9V1LcNImMsvkKK1WoepyCE/vl/DwWiQ3yjXJSV1PTrYC+sa/cfbiLFSMx+Hg2YG0zJXcul/Ks1fgLtzbKxnypIWO5HKOBRWZiuTFLaIqbj+loZuJdxxJafA64dqmk+O3m/LIo+SGraY4cRO3ixy5V5LCndIo7lYLx66O/gcBXBZxlorAw1wJ3C2J4CsRCuT6ribceiyRtsPI8JxKkd9SSr3XkGGzhULPlRT4LCTLfRGx1jOIs59FecReapP0qY06wM1IOe6kaFEVdQJduTFsmduObUu6smVJF7bM68DW+Q1sW9ie7YvasWNxW3YsacPOpW1RXNGDvXPbsnbcd2yc9BMHFnVEbklnDq/qgfa+UYQ7ymNyejXjhrZA89AqckK0qUlUwV13LnILB7JtTi82z+rOjgX9WTm5M8undmfWyLaM6vsje9dPFc5TGVvNKaht7MIp4d0/s7sfWtt6cmJrD9Q3dUVrfRc0N/VHbesgjq3sxskNXdFc24kTO4cS7KQkCeAILw1JAHuZyWN5chNpPjpk++s0COBgS66l6fH7NV24Z"
11888 [Forwarding screenshot on session b1310904-d161-49ca-a1a6-530fba7baea8 to remote] DEBUG org.apache.http.wire  - http-outgoing-47 << "Q23E+FRoVTn98VDbR7Vq/LmthvcEfujePfAn/e3vCUJWGgyljyzYWSZDidObzB+6n1xPtYDx+O9cVbrh5NGX3yE98FPawQhehPwOTkSd82heGoNx155EHbHf8FFvT8h58aSbruAIve1lLpv/CSAq732kGWzjDSLRQSfmYC7yhB8T4wS9jlSIkr4Jiafm4ff0eFcWNOSgMMDSDo9hiTt4cRo/UL86UEk6Awj/sxwYk8LfSeF9tQogTHECe+uSPyZSZIETtSdToL+LCkNdNyfUcAJRotINFlGitlKUs2Wk3R+AfG6c4R9ziJJZyZJZ4SxJJx78oXpPE5UIEFMB+wgfKvslnIvaAc33VZx3X8/2fabyXTbzbVIRSnVMzlaZNutp8xfkRS7LbxMP80fqercCDxIruteqTbwrQg1nieekNJDp1hvotBNgUybXbzMMuBJqjb1USdJNN2J3fbeGK1oQ4zwjXkWqcLjSGXuBh/hWYyaJIPvxx3lQbyiRH3kIWn+SbKy1IoRyqLsFaXwo3hRpKpK0vdRvCiJjwnLFHkUJ8+TJFUeJahLqeD/SDrM0+QTZLifJdDemgAXD/ydXQlwdSbA3Ql/N0d8XBzxc3Uj0MMbf6H/cwLdXQnx8iDc15sIPx+8gtzxsncmN9iQh1lK/J6lwYcSYz5ct+TtTS9h3HnAg0B4EinJ33cPgnh3ywlqLsLVc1Bygg+FarzNV+dNwUleF+vyutSQ95eF5ddshPVs4Yaw/k1nYX073ldeELY5C3nKkHGID1mavMtQ5m3WUT4UKPGh/ITw+ym8D1cseHndibfV+ny4bACXhWOV60HhGcg9KTxDgdzTvBfO+UP28YbI4SLx3M9IAvp9uTnvK6x4XW3Bu2ozYVroKz3Lm8IT/FGgye9FJ/m9+DQf8k5JtYo/CuAPVy15f91Wusb39S78ftcX7nvzXowkrhKuqciMFPPthOpuIVR/L96Gh/EwkKPR1Is3+E9lsvFNRqrcpt3IlzT6LGXzP0MUwD0XP2aS4c2v7u+f0WPBE1r0/YPR6vWf+vpvNODb738S9vt1Adx15m6mXLj6xX5kyJAhQ4YMGTJkyJAhQ4YMGTJkyPh3YWDfjp/EryhkP4rfv/c1/19FFMBduv0k1QDu2a4N3Tr/KKWA7tryu4YawNkHeZq7QZLATzN28rhwE1EOC1g6vj1zxnZj9thWzBrTmmkjWzJ5aCtJ/o4e2JqR/doyom9bBvdqwa89mzOoe3MGdG9Gv67N6N25Gb2EY4v0aCdcY9sm9Gjfgs5tmtG5XSs6tG5Bix+/p3PrlrRr8wPNf/5BOLdOdGn+E33bNkJpXVviDYeTfa4XEQbzcVWeipX8DC4pLOLC4aWobRjNvoU9OLlnFJkeG7iVfITXVTugbDfU7OX15e0c3DyUnr26fpK/f438/SiCP6aC/pwBwvV8ZFC3tgzs2YyBvRvTv1cT+vdsLV3jkpkDqSn25kVNgCR+n1725cllf55eCeDptSCe1oRIvKwu4XF5MjlJS8hPXc6TyngqMpVIjRvPs+p4irM3kpE+nOoCRYpyl1Ccu4qq/GPkZMzgdqk3eYlLuF50gnsV6RQVHaKo4hCPam/ysLaE61VxZOfspqpcn8e3o3hSm82LO8U8upnL8/pynt260iB/71bwpE5sy7hWEoW/nRah9qqE2CoSbq9GhIO61IY7aBJmr0G8tz6Btup4X1LC3+IsMe76uF7YxTn16biar8L5whoMNeYRYHcYI7V5XNSeir+VHGanZmB/fhGRLseF5WNxNtpImJM+PmZ7MdZciIfLCfIz/YVjaBFmoUiM62liXdSJdxbRJMFFg0QXVZLclEhxO0yKuxzZXsckcr0UyfFUEJAnx+MQ2e4HBPaR576dfM/tJFv/RpLJDK75/0ZF4HIm92lBx9bfCmOxBd3bN5EQp3t2FN49YXpAj7aMHdqH7UcHs1GpJc6p83FMWoay0WRsPbfh6DGd3JL5lF7R58GDSO7e9qWq0oKrlYGUlVvjG7EeHdNZLN/+EyGJRyirdOLViyhifExJCdTjj+uB1KRYkh4zhZzgxdTGKnMlXJnq1K0kR44mwm0cl6NUyY2Soyx5D9nhq6lMUuROoTO3C0K4WxXBnRo/nlyJEcZRPA9rEnhwNZZH1WEUh+tS4iPsz1+RMt8TwvUqUey/jVibqURZjiP84iRyPTdRE6lM+KVpFAWsozp8G4nCPYqxmEWMzTzyQ7dxNfUoN8KPcCX0MPUJGhQHHOLi8bEorGqH/JqOyK/riuamYZzaPpKzu0ejs280+gfHcV5+MufkpqK7byLmCpMwlRP69o7EcM8wTA+MwvLIRBxUZuCq/hvBvvJYn5rP/gVd0Ts2k7RQea6kKXHp1ALhGTRlcM/GDOr0M6O7tmZs5w78NnggY/t0pVfHn1m3ZgY3/I7hpTIW071dMJfvg4XCMCwPj+DC7l6Y7GiH7p5OnN3aHb3NAzm/dSB6W3ugt7MbNmrjiLXdTpKfOpEeRwh3UxXGsBrmp/aT6qdNpr86ZeF6FIQbcivRgA/FYpSiG9TGwcsM3jzz4OUTA/6oV4P7gbx7kAMvUnn/MAiuuUs1YrMvjKHQdDgZ54eSbjIeb7WBOB7th9PRQXipjcRHfRS2x/vgpT2cMGG5x+lB2Cn3xvvMKHzOTMBFWO6hNYNIw/kUOK2h2GUlpS6rqBSeXZn7Nsq99lBouZisi/OkCGB3jZF4nZqA58lJwr2dQLTRYnIMp+NycCK7RjXBdGtPkvVHknLqV5K1hpJ0ZgRxJ/uRePpX0nRHE3diGPEaw0nTHkfyyZEknxohMIOUMw01hcU007F600g5P59sk2VknFtM3LklZJivI8VkOamGi0jS+43405NJ151OivZkwgyHEm8+hTznVSSbLyfhwhLynNZR7LmGq6GbpDrGmRabyHfczfWQo9THKgi/M+qkWq4l30WOGKd9PCsw5mn6Ka6FH5NqBWe6HaQ66AhPE1SkerzJlpvIFp5hnNVWnqXq8DRJWDdCjRTnQ5R5qeGhMptLW/vjuu8XSs2X8Sz4AG9iFXkacoAH0n902MndBGXqAw7zMHEndfHbeRKvzJ2wPdyPPcaDOCUpUliUwc8SVXkYc0xa/iRGiYexh3iSoMajGA1eCu/wy2h5YfkJkp3PEejgRYirE6GuroS5uRMstEEuzvi72BHgZkWghyX+ri4Eiv3uDYS4ORPm4UqUtwcxvh74+iUR5udDbrgpj3J0eZ5zDCpOwmVD3ohRtLV2cMsWbtrADWth7Fny4eol3l2+yNtqM97c0OVBniavS87zR6Eeb0q1eVemI0Xfvimw5O01Yd0ac6ke74dqI95V6PKu5BTvik9IPCkSrlPgabEKz0vVeFUh7Kv65Cd+LzbibZkRv+dpN9QGLtLiXa6KJJ7f5avyPv+ExLsCUUSfbpDLoigu04VS4TxK/qRY6C86I6yjzfuC0xLv8k8JfTrC9uJyA6gSqBG2uyK0lcK1VvoK+xDeSzEy+KbQCveEUlOyzbcK78w2fM7twNdQHg+9/f+5AliUuL2WPua7n9/T6Cuy93O+/eGDJInHnqr76r7+Oww7cocxmn8XwAO3XRD2+7Ow/68L4C4zdzHFVCaAZciQIUOGDBkyZMiQIUOGDBkyZPx78ku/Tv9UADdMf13c/k8hCuDO/0IAP8k6wJOc9TxJ3yawg0cFG4m0n8+iMW2YPboLM0e3YsbIVkwd0YpJQ1oz/pfWjOrfhhF92zC8T5u/COAW9OvS4u8CuGMLurdtTJfWP9OtfXM6tW5KlzYt6dmxndAn3ItWTejZ4Se6tGpJ8781oVfzxmyf1QuLg4PxV+5H0tlh+J6cgL3SOC4dnc6Fows5J78E+eWjWDysGUuG/oTail6EG6/jReFhqFSCsj28qtjBkZ0j6d6jwz9N/fzPBPDn8vdzAfxLnyYM6N30vyWAn9QEfhLAz6+mU5lpSH7aNm4WX+RZ5WXulIZQlrOfzPjNPKpMpDpfhcIkDZ5cFWv6ypMSs4x7VU5cy7emLHcGzy+nUFmkTHrmZuqv5vOgtoKb1Sm8uFtHZdkZrlfb8qgunoc3MnhxJ"
11888 [Forwarding screenshot on session b1310904-d161-49ca-a1a6-530fba7baea8 to remote] DEBUG org.apache.http.wire  - http-outgoing-47 << "5+ndTlStK8YAfxXAXy9NPofBHCko0aDBP5TACf4GHwSwEE2OrgaHyPG8ySOxhux0FmCy4UNUm1gB8ONWJ5diLHGbFwvrMJQbbpUC9jy7GJsdNbiY7GbUAcDIuyPY6O/EUcbdZJjXYlyOkuccKxIJy1JADdIYE1JBCc4q5DgokiSyyGSXA+Q5nqYdDcFMtwVyPY4LAngPK/D5HvLC8hR6LWLIu/dpDksINNqPnXhi6gKW820fm3p0u5HSfj26NBUkr/9urX+JITFflECL1rViy0KXVGz6IND3GKUzo3FyHoZ/sI+4lMXEByzjZoaR6orLlB73YqX92Kpu+ZEaoY8p7THY+W6mpwSTQpynShPzyA8cDo1eeo8rXTmbrEOCWETKIj+jZuJe6gMP055gjrZcZtJi1hAqt9c0oP3kxa0gYKYTTws1+NRuSf1+cE8qonjztUAHlZFStMPrsZz/0qMJICLwnQo8lKiyvcI5X5alPodJcttPSGm44i4NI4oi6mkOq4iy3UbcTYrhWUbKfLdQqrdMlLsVpDqupHisCNUxGtQE6ZFRaAqV6POcjVWnwwvZeKcFUn1PUGK3wnSfU6S5X9KQIsMX00JcTrT7yRp3lrkeCuT7XWcbPdj5HgoCs/kuHAsZUr8VSXyw9WoDFAlzeoA0dYHSffeT1WUAubKvzG0WzPh29GUQV1+YrQwParDz0zu1VKYbiL0fcfmNZO5FnBIiv4PNBhDgu08MoRrSXNcT/C5ybio9+WiYm/O7emJ/tZ+mO76BdtjQ/HTnUqc7WqyvA+Q6KtGlOdRSQC7mKpiprWXFH9tsgI0KAnVIS/0HDfidXhXaAwVNnAzCJ7G8PqhE68e6vHHLRW458G7+4nwLI4P93z4cMWOV+ka5JmPpdhsJAUXx5JiOAYP4ZsVfGYcgafH4ak6Al+NkTiq/YKD6kA8Tg3FWWOAJITdTgjftTOTCTaYTYDeXKKNF5DnsIpipxWUuq6gynsTlV7buex/kGJhLGaZzSf2/Ey8T47HTXMcHloT8T4xjSjDJZ8E8O7RTf9BACdqDydWe5CUBlqsARypOYJIjVEkiNG/WqOFdjQxJ6YQe2oKcboziNKdTtjZKUTrzSLl/EJS9BeQaLScDPM1pF1YTrrxEin6V0w5nawzlQTh25ygK+zj9Cj8FH/BdX8ffBQGkSTc/2rHNdzy3kyR8xYidOeTYLSKEvfdVPpu536yIjmOwjX6HCPKYRePc89LdYCvRyqS7XlQesevCe/Ki5QT/J5+hhSrzZIAjrEQvpfJ2jyKP0FNuCpJjgcp8lDiQbwBd8LVcT74K/pLmhKsNJo67308DT9GfcgRHqQc42WmMU9jDaiP2E1d5G4eRarwIvYo92IUJW5HHOZhnJIkfh9EK/I47jiPo4/xIEZeSkX9IEqNZ1FHeRF1kKfCe5Pnq0+8jxthXj4CfoR5BhDk7k+Aq7cU/Rvg6UyQtzMh3n4Ee/kS6OFJoLsHAW6uBLm5EeLhQaiXBxHhocQFO1Iaa8SronO8zlVGTMP8vkKHt2Ld3CsX/s5lU6lO7nuhX+RdpREfqk5IQpdS/QbJelkHyoX5ivMCFsJy84bI2Sozod9IWEe3IeWyKF/ztSBLFbLVGshRh1yNvyPOl2pJEcbv8oTf1kLx3FT4kKPA60w5YT+KkgR+m6cipXZ+ny9sUyzst+Q070XJXHS6YV7gQ9FJifeFWpIsFnmbrylJ4vfFhnwoE6OEhWur1heuy4DfhffxbaGd8JtuxR/lxrwQrvWVmNq63JwyF3nCz20h0HgXPucP/ecK4PFna+k66ymNviJ7/0qTLq/pvfwxk43+z6J+/yv+KwHcfe4hpppd/+q2MmTIkCFDhgwZMmTIkCFDhgwZMmT8/zufC2Cx/Sh/xZTQ/18QwI8z9/M4ex2P07YKbOdh/gbCbecyf2RLpg/vwPQRLZk2vFVD9O+vrRg3sBUj+7VmeJ/WDOvd+p8I4BZfEcAtad+qCe1b/Cz0Cfei5fd0a9KI9t81onOzRnQXls0b0pnzm38hSLE/4coDiNAajYP8r5gdGIzOnlEobRnD3pUj2TL7F9aN7cbGMd1Z06c5R2f3Id1uMWJUEtVHeFayhcNbB0tpf/+ZAP4ogf8rAfxr93ZfCOABvdp8EsBXi7w+CeAn1T48rvb7BwH8+EY0JbkaXCm+yIPLWdQW5XC3vIC6Sh+SkxYL+1DnRk4I6YlzuJKvS3WODskJw6W2OGsH1flrqCuyp6hAmC6z4/Gth9y9Ucq9mns8rrssTIdw91oMj25lcO+aKIVzeH4nm1f3inlyq1gSwM/vlH8hgAPsxVTPDQJYFL8fBXCE4wlJAosCOMhOAx+L4wRYncbbXI1wp9OEOKpgpbteiuY11JjD2WOTsTs3H+uz6zDUHImp5gIstVdxQWs2niYqRLuqE2x3nnjXU3hclMPFTpv4CDeinQ1IcDwlHS/OVeMLARzvpEyc0xESnA6S4LxPSv2c4X6ETDEFtNefEcACuZ5yAgco8d1Pke8eMp0Xk++wnPuxK7gcsVYSwJ07/PRJ9vbp0lJCikrv0PRTVHCPbt+xYkN3Dmv3JDR/J6cuTeKQ2q84e64gK2cfITFryMxRIz3lGLWXjXh+05u8eHVCPNdgdHo8VVVWRMfu43qFI15227mcrUJG9ERupZ8mK2w4V3JUKYlfSUXscsqilSSRflFnLU4m8/CznEKc514qko+QG7GJ4pjD3C1y4X5JBPXlYdwo9+J+RTj3L0dz73LsFwK4wEORci95Sv01KQlQJM1lI94GYwg0mUCI2VQiLs0nyHgeWa6HiLfcQILlSmIvLSbq4mKiLddL9zXFQ4Uifx2yPE6R6Smcr48u6b7nyAo0JSvUnNQAE3IiTciNMiU33JiMIAPSAvTICBTWC9Ah1e8M6V6apHlqkOGpJqAqPCMVsj1VhOd1jEzXo6RZbaLScTeXhWeaarlfqu96O16DAP1NLBrZj/FDujBlSHuWje/KqnHt2DS5PSvHtWbOsGbsWj6CK2EHyPdeQ0XkRu4VKvKySocnJdpcid1NlqdwjUYTcVAdirncIByVhhNtOpPqsF3Up6kI2ygR7y2MQy9FSQA7C2Pywok9kgDODtSkKPgM2UF6XIs9w+s8HSg7x7urtry77cofty34444er2qO8b7ekte1Pry/78PbWnvelpvwPFmR/EsNEcBiLWBRAPtp/kqc8UxijWZJEjhAawyOqoOxOdYPJ/VBkgi2Vx6It/Z4wo3mkWy1lnjzlSRdWk6+40qKnZdJArjSYwPlHlu5EnCQcpvVZF9cRIrZQgK1p+GoMgqPE1MJOjuP6PPLyDGaiqvcJPaMaSYJ4CS9EaScGvRJACfojSHy1DCiTo0l6uQEIk9PlgjWGE2YcH7idMipiQRrT8FPaL01hfFzZjqJhotINVpCiukq0s1WkXFxJZmmy4g/O51orQlS6ugozdHEnBpPst5UwjSGEa45lLgzY8g3n8fTCHneJqpRE7CXeCNhXxfXUOmzl0q/rdyJO0yW/QaKhLEZ57CTx1l6PE4+wa1I8T8RHCTDQ47LIUo8S2oQwKnWW6QMAGIE8MOk0zyM0+RKqDKxNnso8FYk1+UgLzPO8y7bkMwLq9Ca34xzq7qQZrKBm0GqROkuwFN5CTHndnIjaD9Poo9S73OEx4EHuRslvHMCdWEHeRB9hEexityLPMzjmKM8jFLgQeQhHsSocD9SmafCes+j9vI0UThPb2UiXHUI9bQkxMOKIFcbfJ0t8XIwx9PJFG9XI3zcDPFxNcXL2Rh3RwPc7PQEdPC008XLXg9vR13hm6iOj7U82T5HpSjb11lKvM05ztt8VUnsvik6/Ym3Yg1dgXdimuU/oVhV+N0TJasu78V0ysUneC9GEReelISvKJKpOCsg1tkV+oo1+FCgzIdcRQkyDzcg1v8VEafTD/EhTU7ibeYhfk8V7m/yfl4mHRTusRLvso4L80eEZcrCvCJvchp4lyvM56vwvkBMSa3Km7yG6Y+IsviTMP6IcD1/lBjzssyaR0XmvKw25/0NS15WXuL3SgfeVdsJ77wlL65aSy2XHagO0sRL+J0JM"
11888 [Forwarding screenshot on session b1310904-d161-49ca-a1a6-530fba7baea8 to remote] DEBUG org.apache.http.wire  - http-outgoing-47 << "t3xdwE8zfwm/0lMNqyl44QXNPqK7P0rzXu9ZsyJ21/dz/8rAzad/5cpoPuuOf3V7WTIkCFDhgwZMmTIkCFDhgwZMmTI+Hfgl36d6dGlJV1E6dS5RYOUFVqxr2tHsU7v18XtR8R1/l/470YAfy6Aw2zmMHd4cyYPbsOUoa2EtvUn+TtqQCuG92nJsN6tpPq/ovz9tUcLSQD379acvp2bNwjgji3o2aE5PUT5KwrfDq0a0j+3/IlOTRrRv1UjJvZuzKppjdi6rB971o5Hdf0gzDY0wX1bIwIPt8Hn+CAcDozG8tBEKeWs/MYRrP2tF+um9URh4XD0NsxEe8FY9oxug5fWEN6KdQ2vHeNp6SYObhxAj26i5P07v/Ru8Q8M7NX8E3+t/9u/R9N/iAAe0KuVJIAXzxjAlULPvwhgn08C+MnVYIn7t8K4dcWN25fTqKvM4EqpC7cqkrhbXcaVcmuy04dSkbObirwtpKX0kWr+1oq1ZrN7U5q7jNK0PRRmbuRqkRPP6q7woD6fO9dqeXrrDbU1mUJbzqMbRTypzZcE8PM7mRKv7hfwtC7vTwFcyuPaYkkA3yiLIdDhVEPNX7tjXxXAib7nCLbXxNdSGX/Lk0Q6G+BjrkmYo7bQp4SRxhKMNH/DQG0yFmd/w05/FcYnxmMi9Ikpod0vbCPMVk/Yrw5BNoZEC8fzt1Ym0MeC9PgQIh3OEW2jQZTzyc8igP/ESVloj5LoLEeiy36ShDbFVb4hAtj7CLm+Ryj0P0JRwFEBBYp891HgvYt0xwYBfDduBVVha5nYpxWd2v8oSV5R+n5M/Swijk8Rsa9n61aMGNqERWubYOk1n0seC9l/tBeGJrOou2lOSPQywiPWk5m0n/oKHR5fvkSScLwwh5UUxRzlfp0VPh6zqc4/TXrEOirSN1Cfo0FGcD+uJC/k95pEHpTpU526Hc+LSzmy4zdmjxvAb6O6sXB4O9R3DSUnTI6KpIOUxByRBLCYAvpafqAwZoK4UxbKveoo7lyO4d7VGB5dCacoXJc8T0XKPA8J165EWZAyed57CDSeSbDpdCIuzSXOdinhFxdRFX6SeOtNRF9aRJzlPEJNZhNmtpIUN0XSvU5REnGB8mhzSqMtKAi3IE8gJ9yKjBBLkgIvkRJ+UbguS1LDLpEYYEqcrxGJfudJ8tMjwfeMJIGTfU6T4K5Jgquq8MyUSXZRIsXlGKnCcyx12U651ToKLm4i2XIPqU77uZN4mgCDLUwb2F76nkwf1opt87qivKYXujt+5eyOwSiu6IfSuuFSfeObKUd4WqnBh3ojuG8Dd2z4o0afR6XKUi3lWIs5BOtNJe7ibEp9V/G88DjvruhTE3ecWM/jkgAOc1X5JICT/U5LArgg8DSZQWe5EqXF88yGOqovy07z4vI5Xl7T5+1NHV5dPsrrmrM8qTLkVc1F3lw15Y+i0zyJ30uO2UiKzIaTYTiY7IsTiTk3jgTTWSRfnCu0cwg9MxHLI/2xOtoPR9VBWB/rg61SfwL0phArjIUky3UkWqwm8eJicu2WUuy8hEq3FVR7baDKays3Qw5RabdW2PcSMi8tJ1R3FvZHR+ClOZWIc0uIMVxOrvE03OUnsW9ccy5s70GS3rAGAXxyMAnaQwg6MQSnQ72wPdALuwMDpf9QY3/4V2wPDcBFeSgeKsNxPDYE66ODuXhoEBcODhTmR0n11uPOzyftwkpSTVcI57CKTLOlxOpMJ+rUOGLPTCD8xCgCTk8l+dJCCtyWUxW4RqLSfx110XLCu3icau8tJJuKAngFV/33cT1sDw+TFclz3EyphzxJTrt4nHmWZyma3I5VocDnMDk+R7keKTyLNG1epJyUIoDzfZRIstvJk9SzPE7Q4mqYClGWO4VvQkM2gAfJOtyPO0VtiCrpF7difWACqgu6orawDZu7NmJjv0YoLurDFe+dPI+Q557/Yd5FHuJOpLxEXcgB7kcp8FB4p++FH/pT/h7mYcRhHkQrcTdSkScxh3katYuH0XuJtliJxemFGKjOkLIh6B6fyZljMzh9dBonFadySmkSp5UncFJpDKcUR6N1ZCQnhWenLdxbHeXR6B1v4KzKaIyURxFlsZQX6aq8SVfkj1R5XqUe4vesI8I9UJR4lX6M3zOU+CPzOK+zlHmboypBviZv8s/yIt+QF0WGvCszgAo9uHyB58VCX+k5XpUb8rpCoPIcr4Vv0etSHf4oOcubkjO8KDjBq6KTwvxpoV+bN2VnpPbjtJTKudJQkslvi014X2Yh7NteErFvCoX3IUOugaxDEq+zFST+EM5dPP+3uce+4KMs/sizDOEabjnDH+nwJIH394LhUZBAILyIQngAApHwWJi+L7SP4niQa4eP/nqCjLfibXgID4MD/3kCuO/qR3zz3QcafUX4fk6TLm8Yrnj3q/v4n0AUvN9+94NwrH+Uv9/93Jyh8h5f3U6GDBkyZMiQIUOGDBkyZMiQIUOGjH8HRAEsCl9RAH8udj8K4P9t/isB/LEG8OcpoEUB/NvQpkz4peWftGbsgJaM7tdSkr9DezVnSM8WDO7xd/n7S7eG6N++nVv+Xf62b0GvNo2F47agU9uWdOnYhu7tmtKjeSNm9G/C8ZWjsD49G42949kyrw9HFnbGYU8nwhTaEXGsD9Fak4hU34Sv8lpMD81HadNots7rwa7Z3dDZMAa3wwuJ0FiB1a7hZDtO5V3RQajYyfOKDShs/VW6z/9MAP9X4vcjXxPAfbs0ZdH0/lwu8OD5Vf8vBLCYBvpzAXz3Zjh3r6VyqyKHG1Vh1N/w4s7VHOorarh9JZPKDC3SEsZRmr2evJRlZCct4FrxMcpzN5KbvJz8lMXUFJ/kYfV17t7I5359FvdvPKD2Wg6P6mp4cv0Wj69X8ayumPvXk3l2O4On9Q0C+NntnH8QwDfLYwlyPE24o7okgD/WAP5nAjjA6hRBNmcIc9Aj2PYMES6ncTbZgZ7KZFzNl2F6Yg5GYlraixs4c3Q4DudXCPvVJM79DP4XdYXtzxNuc4IgW00igpzISowiwt6ASGsVYtxOfCGAP9YATnQ99vcawD5K5PgeJ9fvOHl+xwSOkuMjT673IXK8DkgCONdrNykOC8mxW8ad2JVUhK5hYp82dGz/sxTt+1EAd237sySA+3Zt9Skd9ID2PYVx+j0jxzTigNIAPIM3IX+kJ6pHB3Ml35iwiBVkpGyjLPuI8AwMeVphQLj1cuKdNnO/SIeo8DHEBq3G32EmNVlq5MfMojrtN+FaxlMVvZmbGbZcS1OnLHYfl7QXsn/rbBbPGcuMoQOZ98swFo1qjI32LHJCd3Ez+7QkgG9m+3OrOJS6qgYBfPczAfz4agTFEXrkex2jxOuQ0B6VBLCYDjvYeDGBRnMFZhN6YR4BRjMoDJAjxmo5UZdmk2j/G6EXpxFmsZRMH0VKowyE4+pRnnSRy+k2lCZZURRnSUGsDXlxthJx4VYkR9oJOJAYZEusrzmxPsbEeesT46VNgp8+sZ7aRLtqEuUoPFNHJeIdjpDoeIQkoc2yW0O+5TLSzVcKz/IYWSGq3Eg5S+DFHYzt9yPTBjdnxaTWHFvdHZODA3BUGYmL2kQsFCZwft94Lkdp8LBAlzc3jHl/xwruu8EDT7hjz/tbxjzOVeBy2DaKvdZTE7qF20nbeF2mBFf1uZ6oTLT7MUkAhzgfl2oAXzy5j0Sfk5IAzg84RWawNtWR6jxMOMqLdHkeZclzL/coz0rVeCfWQa04zosKRW5ny/GkSIu3Ffq8LlDlUcxWcsxGU2I+kizjoeRemkyc4QQSL8wmxXwe8SazCNEeh7VifykC2FnjV2yP9/skgKMvLCLh0iqSLVaSZL6IfIellLksodJ9OdUeayh338BV/z1U2a0m58JCMsyXEKYzHXvFYXhpTiZKrM9rvJI8k2l4HZnKwYmtMNshRgAPI1X7F1JODSHxzFAidCbgfKQfVvv6YLmvP9aHBmNzeCj2x0fgrzcDe+VBWCkOwlLYr8WRkZgfHo6z6gQiDOaSarZMkr9pxkvJEc416+Iy4g1mEHV2IlFnxhNxejSBwvc71mQ+5b7rqAlbT1XQCnKcFxBmMJkA7cmE6"
11888 [Forwarding screenshot on session b1310904-d161-49ca-a1a6-530fba7baea8 to remote] DEBUG org.apache.http.wire  - http-outgoing-47 << "47B/8RoAk5MINN6KRXe67kevosYowWkW2wlwmy1FPkrpmC+GXZUiuzP8jzKtUhNfs/Q5WXqKUkAFwjfAFEAP045w7Pk09wQxoUYAZzouJt05z08SNXlbuwpqryPknppF4kXd1Pgqoqd/CAcl7bk0vrB7FvQnlvBO3kUuJk7ATt44LOcOxEHJWpD9nI/Wnj+0Ye5F36QR5HyPAiXkyKZ74crUB8uz8OoQzyJ3M39iJ1SCnLt/T3QPdiRs/s6cmZvF07v6cqp3QJ7BYS+0/s7oH2gpYTOwdboy7fBSKE9xkc6YHy0PYYKbdE+3BH9Q52IMJ0uXKsSr5MVeBm3j6cxO3mWsJMnwnfjI0/j9vMs/gAvEuV4lSzP7ymHJXHOLfcGQfokDh6GCgTDsyjePY4W+pOE/kR4KrSPhfZhvPAOxQoI6z8QlotS9TM+3Ivg/d1w3t0Jk3hzVXjnbrvx9rYv7x+E8rLWn7f1AcL+o3lR7cDvyXv4I2Uvr1P38XvqfomXwvTLlAMSf6Qf+sTrDPl/4FmqMu9q7PnwIoWXT9KF36hY3j2I4d2TeJ4/TuDD83Q+PMsWjlcAL0uAK7ypjSHs0gE8tFdKAtjrvNx/lgCeqF9Ly35/0Ogrwvdz2g57xSjV/53I34/0WqLMN99+JxzvHwVwp4nrmWxY/tXtZMiQIUOGDBkyZMiQIUOGDBkyZMj4d2Bg3y5079yKzu3FaF9R+opRwC2lvi4d/usI38+l8f8N/5UAfpYjJwngpxnbBXZKAjjU+jdmDW7MmH5NGduvlUAbRvVtxcg+LRn+p/z9tXsziV+6ibRgYNeG6N8+nf4uf7u3a07vtk0kAdyuZVM6tG1B59Y/MqBNIzZN6oiVwmx2LhrMgCaNGCqwcWRbjs9qi+ma7vjuH0n00ekEHVqH7bZ5aArrKc7rh9KSfmivGYzzwZlEqi0n+dR8Ys7M4m7CcqjYx/uKTbyo3MChTQOl8/g83fPnaaD/Wcrn/j1EAfx3funahgE9mn5RA7hP5yYsmNqXqjw3SQBL9X//TAEtCuDHVwM+CeD6a2HcrEjienkctVciqBcjgcurqC0vof5qLG8v3+FK9kmyMjpTV3SRqpwD5Gb35G6xOxXZOyjMns6tUhte3arj3o1i7tRmcb+ujBtXMnl8p4YHV67x8Fo5z+rzeXAjRZK+T2qzeXlXFMBZvLhdKqWAfnSrSBLBogAOdtImwklDEsBhdqqS/JVE8FcEsPdFDSkNdJiDLuFOZ4Q+RczPLOO85mRsjX7DQnsZRidG4Hh+LbrKg7HRnyvs5xQRzsqEWhnhb2lAhK0WoQ6nCfV1ICU6hChHA2LtVYhxV/5MAGtKAjjJVY0kNyVS3RVI9ThEmpgC2ktRkoe5fscoCGgg3/8IBX7yFPgekKJfUx2WkG27lNsxK6gK38DkAe3p3LHJp/q/YvpnUQKLMlgUwOK8JIdbd6J3p9Z069qIsRO+Rf/cdNSVBuBoPJ/3dW4UZipxtVSJnOgDvKqx5EnFWS6pDSfafitF0fL4uvWhLFmTnJj15MXN5mGxMTmRQ6mMXc/lmF0UCudTFLWU4qi9XDy1hh0bhHdrSj/GD2zB0pF9md7vR8zUZgrPYjlpfnu5lmEl1QC+WRTG1SIf6stDuVMVSV11NLevRvOwpkEA53n/KYB9hPvge5RMt4OEmKwhzGwVAUbz8TOciYfeeMIsFxBoOpWgC+OJs5lBhMVMIqyWkeC+h6LI05QmGlKdeUkYg9ZUpltSmmRBSZKVgA2lyfakJbqQmexNVpI/6VFeJAU7kOB/kXgf4Rl6nSLGU5dod1EAaxHtpEqc43ESHY6SYHeIRFs54i2Xk+ewglTbNaQHHiMlRIUbaTrCevuYPeonts3qguraAVyUG4qnxiiCT4/F7+RkXDWmYXF0CtURWjwvNeXtjUu8v20LD73hgT/UO/HHVSPeVp7gcdYx7iXK8Txbnue5e/m9VIH3l89wI0GZKDdFqQZwsJMSnpdOYHlGjgRvLakGcJ6/8N6FnaYqQk0SfA9i91IXu42r0Zu4m7qfFzlHeJmnxKPc7dTEreBe2iHeFJzkjxwFHkQLz/vSJAovDCH/4ghSjEbipzmQWOOpRJ2bio/mcLxUh0ipn0Xx66wh1gLuK9UAdtcaTqDedEkCi/V/k8zmUeS0lAq3JVS5LaXaY5WUBvpawG6q7FeQZ76ANNM5UlppJ6XBeGqOJ1R3NgnGi8k3nY6v0jTkp7Tm4k5RAA+VBHDq6cEknhlMhPY43I4NxEnhV5yODMNWYRgXD/6CycF+2KmMENpumMj1xuLYSOxUp2CvPBVP9elE6s0jURhHovxNN1lGrsVqsi4uIcV4DtH6kwnVHk2EzjhiteaQbrCQWp8t3AvezDXPJeSYCed0dCBe8oOwOdgeV8W+eAvvTKblIq4GbuZ29F7ijReSar6ZcJPlQp8cNwP3czNYgSy3/aS6HOJyqDpPU87yR8bZTxHA8dbbuJ9wUhLA9fGnhHF2gOIAZdId9nAr5qQkgK8Fq5Jpt49U631cCTnLLf8tVB0bjsvmQaya/j3Xg7byyG899SHbuOu3kNvhByTqgvZI6Z4fRslzL/QADyMOcT/sIE9CD3InVDy3fdwNE/pD9/Ikaj/RJpPR3ddOuH+dMdrfifN7uqC/qxsGu3ugv7cHBvu6c+5AN87vb4fhgfaYHurARYXOXDrSSeLi4fbCmG+LoWJ7zh9qQ7jROB4nHOJxzD4ehO3gQehm4Rw2C+ci3NfPeBC+jUeRO3gSvYtnsXu4E6cqvA/BvHwufPuf5/DmaSbvHqby6lEGj57l8fJZHK+ex/P7iySJV88TG6ZfJvPHqxR4nsT7pwm8fRwnIYrXj/NvHsXy4WU0735P4PmzWJ69TOTx4yhePQuDl0HcrTThefQ2nsdu50XcDoGdPBd4FruLJ3G7eBq/m+eJez/xImmfhJRO+k+exB7heYWlsM9koJqn9zO4VR7C7RsJVF+Np6IynMrSKErzYsjPiCA/K4zkUAvCrI4SZrwD73NyeBkc/M8SwEPl7/FDi3c0+or0/UjjDm8Yo/m/K39Fus8Vbv433wrH/FL+/tiyE8OP+n11GxkyZMiQIUOGDBkyZMiQIUOGDBky/l0Y0KczovAVBbAofxukb4MEbuj713xN6v6f8N8VwB8jgMUU0CFWs5n+y4+M6PUTo/u0YVTv1sJ0K4b3bMmwHg3yd1A3MTq2qSR+RQZ0aSHJ316fyd9ubVvQt00TerRtTrtWAq2b0aHZN4zp+T0KC3thsn0II3t1oEujRmwb04+j88cwrdt3bBrTFpfdk0mUm0LA3iV4712AzaZJOO+bRZj6amJPrCVRaz2pJzYRdHA8KboLeZaxhQ9l+6F6Oy8qN7JnRQ9J7ImS93MJ/LkA/qv8/ZoAHijcq/7dmzCwd2P692pCvx6thP02Zv6UPlTkuHwSwI+rvHlU5fsPAvju9QhuVkRwqzxFSgF9ozSJ68VZ1FXkcvdaLA+L47iSJ09q/GDKslcJ0wrkJS2XpsuzdlKet4qy3EPcq4nkWd0jbt9Kp64ugXvX71B/I5+HNRU8uJYrRf2KEcAv7hQL65Xy8m4RT+rSJAH87HbZJwF8qyKOEOcznwRwqK2KJH9FESzK3zB7jS8EsJeZBkE22vhZqhNkp4a13gZ0jk/i4tmZ6KoOx1pnObYGCzinOg5jrdEYn5iAh9l2Aq0VpVq/gTZ6RNieIMzxFEFetiRGBBLlpE+M/VGi3BS+EMBiFPDHCOBkV3mS3Q6S6X2MLDEK2P84ef5K5PqLEcAKZHnJkem1nxzPPeR57yPFcQnpNoupi15BddQmpg7sTKcODQJYlL4f0z6L0x8Rl/Xs0Jq+XTsJ76LwfPt8y75dA3AxX0Ci+0Z+LzXhZskFqrKOEeO6hRfVdjyrOou9zmRK4rQpTDhMtPdWciNVeXHjIplRMymL387dLGsyY5pyN1uFrKAxVMTN5HLKTqx017JmySTGDOvElMEtWTKsM/OHdCDg4m5SfXcRKxyjKsmMurwgrheEUFclUCZQGc6tykjqLkdy/0oYBRG6Uk3UIuEe5PseFu6BPJluh0m03"
11888 [Forwarding screenshot on session b1310904-d161-49ca-a1a6-530fba7baea8 to remote] DEBUG org.apache.http.wire  - http-outgoing-47 << "UeGqxyx1huItFxMqPks/EynEnZpFkFCG2uzgBSXdaR67CTB7QC54ZqUJ12gItmM6jRLAWsqkkRsqUp2pCLRkdxMHwqzgynMCCcnLpD0MDdSAy1J9j9Hku8pKRI41vMscW6nSBCeY7KLMqkOR0m1P0Sq7X6ynLdT4rKeLKf1JHkdIt5LgdtpOhR4HeTw8h6or+zBhX1DcTwyhAD1kYSeHIOv5jjcNKdhpTSJK5FqvK4y4d0tU97VmcMDF7jtyoeblvxxRY8P1ad5X3aSF9nHeVekyB9FB3hTeoR3wnO6Ht8ggCPcFQh0UMTX+jS2egrEeWqS4afWIIDDNagIVeN6wCHuhO3hWtB6irwXcjlkFfURm6mL2c/N2KWUBkzmZvhmnqUo8TRxF/fCVlNoOYMis6EUXhpFmslovNX6Eao7liDtMXiqDcFHQ7guoU/E68yvuGr1x06lJy6ag/A6PQZ/3cn4nJpAjOF0Ch0XUem6hCr3xVzzWyeczzZuRxziquMyiiznknB+Et7C/lxVf8VDfbhwj8YQaziXQrOZ+CvP4Mj0dlza3Ztk/WGknRlEmvYQks4OIfzUKPxUhxKkNZ7AU1OE7cdgdrA/Ots7c/5AT0zlumOu8AtuWtMJ1F9BkN4KwnWXkmS0lIwLS8gwWUa2+UryrRoEcNrFecSdnybsawRRBhOJPz2HTMOF1Lhu4GHoTu6HbOGq2wrhnOcL92URaZcmk2u7gHy75VwL3Mad6N08SpIn3WI56eabSbRaR114Q9rlu9HHKfA8LNX8viqMzadperxK0ybZcpMUAZxgs/0LARxnu1d4B4RvgsshYZ963ApTpcRtP+lWW0ix3kFVsDo3hXO5sqsfNou7sXdtV64HCefotVF4zjt5GL6RutC93A7Zy62AncI5HOCBGBEszD8MOyBcyz4eBe7mdvAebgl9Yprou/77eCo8l5SLMzE/0gmjw90wONiFs7u7cnKHwPbunN7di7P7eqNzoBdndrdDZ28H9A905PxB4Z7LdcJQmBY5v78DRgodMdjXigDdkdRF7KA2aAu1fhuo9V9Hre9abnj/nZs+Qp+w7HbgZu6FbJNEcX3EYZ5esePh43j++FDJk3uZPLmRzON7edTczuV2bQR1N8O4fi2I6io/iordyct3JSfXmew8Z3LSbUlNMCcu0ojIEH3CAnUI8j2Nr4cmnsK32MFWk0uX1DAwOYa+yRFiEi3hdQY8D+N+qREPhfflYehGHodvlXgYtoUHoVslUf0wYrskqz/yOGqnJK6fxuyWEAX23YA9vKoU9kkerz6UcdH4CL/2+JFenRvTsXtbOgq/u527thD+FmpHx/Yd6NqtHUMGtEJHfhHRJvuk+r//cTWAey99QqNvvi5+P9JnxWOmXfz7NmIN4PFn677Yz/8EnadsFo73pfwV6TFPnqkXar66jQwZMmTIkCFDhgwZMmTIkCFDhgwZ/y6IAlgUvp3aNZXa/68JYDEF9OPsdTxK3SLVAH6Qt54gi5lMHfA9Q7t/z8ierSWG92wlyd+h3Zt/kr+/dG3yp/xtRn+x9m/H5pIAbpC/wvm3Efpa/Uz3Ng3/gCumgO7a5jsWjGrL6fVDOLWkA93bNmFws0bsndCLJb+0oF8rYXrZCAJV5pN7dDShB+eRrLqGSMVFxBxfSrLGOsLkFuKxaRp2y8fhum40xRd2QbkK70sO865iFy+rtrBrWXf6CPf4rwL4owT+70T//isBPG9yb8qznf+lAH58JYhHN6O5czmSW0VF1BYXcqfGR8CP+rI8bpcXUJG7ntSY8dQUHiIzeTClqYd4WhFPTspEirPmUJa9nYLchRTnaAvbXeNBfSXXryVxt/Y6925d5cmtYh7eTOdxXRL3hP6Xdyp4ebuaV3fFqN+UTwL44c3CLwRwpLMoe5UkASzK388FcIKPwScBHGSjg4epsMzpNE5GuzDSnI/NucWYnZnGOc3RmJ2cg4PBRgxP/IqB6ijszy/gnNpowu1PE2B5nGA7PUKsVKT9hfnbkxIdRITDWcKtDxDpdpA4V40vBPDHGsAJTgdJcN4npYIWo4DFlMU5vooNAtjviJQGOsv7AOku28ny3E2yw2JSLRdzK3IZVZEbmTKgE23b/iRJ3o+IEcAfpz9GAvfu3pou7VvTo0tHunf6nqnj/kak+yYyPDbwMl+be6XOlCYdI0043oN8S+oK1Ah3WcvtUmtSI/cQ6niQ6mRbnlZ78rDMguzwlRSnDiPNbyFJPqOoF2s4B0+nIGIhEZ57ObR7iZR+enTPTqweORzTYzvIDjhNebwKJdHKwr4uSimgb5dHc6M0SBLAtRVh3CgP51ZVOHerQ8gP1yHH8yiFngcp9G8QwDkeiqQ7K5DpqkCI6Qp8zk3H+9x4fE2mEGW9gADDWUSL0bg+BykOUSPF8wj5EdoUx12gONaM6lQ7ajJdJPFbmeTM5SR3KuNdyEhxJzfdn7ykINIj/UgOcBKuy0xAh0Qv4ZmJkcCeZ4lx0STWQXh2dgok2zbI31SbvaRbbybz0lJyHddLzzPadg93YrUod9/HpUPjsDsyGh/1SXgcHYrfsSEEqI7AXXkUjioTMVMYS02UIu9rzvOhTp/Xted4W3uRN9fNpPTP1OtD9VkBPf7IV5ME8Ovig7wrF7apEmv7KkkpoD8K4AC7szicU5QEcLqv6p8CWJ3yEFWuCs+3PnAf1d6ryXScQbH7XK54LaHCaxMVAdPJdRtKla+YMvgAd8I2UBuwlCKrOVTZjKXEaiylDsL9NRhD8NnRBJ8ZS9Q54b4bTMbj9CDCTMaRYj+LcNOx+OkNI/LCFCnlr7/uRML0Z5JmsUA47houey6l3EWYdl9Bpcc6rvpt55rzUkpt5xOrPxYPlf64awzCTW0wbsqDiT4/g0Kz6QSqzuLojPZY7OkjCeD0s7+QfmaoJIBjzgjfUK1RRJ2ZSvjZmXiqj8dSYRDGB3txSWkgJge7cEnhF9xPziTk3FpC9YVvra7wnT2/hCyTxWSaLiffYg2FNmulNNSZFguJM5qO34mhRJ2fQLj+HMINhGsTrrfIYyW10bu4FbWTuwn7hXY3d6I2cytkqxTRXOW9gVL3ZdwM20GG5QrSLm4iymQZV333ctN/N7UhCmS7HCDZSY6KYHUeJp3haeIJEi9toMhfhRSH3TxK1uZ5ija3Yk4Qbr6NEi9lsuz38yzlHM+SdLjir0DixbVEma6iMug4JRemc2/3YHzWDEFXeRbXAg/wXOBKkBx1QZsFdkvc9N/BndB93A8/QL0wL8rfu0F7uOe7ldvBu6gTnnt96CHqffbzKEQY32azsTrWBUOVbuge6YLWvo6o7uyA2q5OqO/ripZcD07JCxxszxn5TtI6Bke7CnTm3JHOnD8qbHusM4aHOqO/py2+OqOk+3ItYCPXfNZR47GaKudlXHZdLnHFbQVX3Vdy3WvNJwl8N3gr13028qTyAlDEo+c5HN4zlyFdGzF6SBv6Dm7LiH79GN63L8P69OPXXr0Z2EOkr/B71p9f+/1Cj1496dy1C+06tJfo1EX4e6V7N7p060rHzp3o2Lo9LZq15ocfm/C3779FVXkfvKqCR4k8zL3EHd813PNfx4PADdwX7udd4fzviOcWJEaEb5XOUUQU1vdDt0uI4vphuCjghXHiLbQFxvz+Jo13XMVQX45mjRrR9LtvaN6mA980b8S3P35D4x+b8/PPbWj0ww98/20jTuydR5ThPtx09ko0mm5ex38CU4zqaTfiFcI9+irffveB3kueMtWk/tM247XvSCmjf9356It9/U/QZvAs4bhfyt+W/SYwyaD0q+vLkCFDhgwZMmTIkCFDhgwZMmTIkPHvxC/9ukry968RwJ8L4f8XxH38FVEuf6R7h1Z07PSz0N+O3u3b07XTT5IA7t76B8yOTuFZ9gGepm/jedpqniZu50nuJgItJjJCTO/cqym/9vy8zm+zLyJ+RcR6vx9r/jakfm4m1fnt1raJRFfh+G07fEebDj/TpWV7fmn6HRvG/oDWuh7sntaZFk3b0K91W9aMGMjSnj+wYUAj7Lb/SvTR8aTIjSV8/xQSlUX5u5jQo0sJPLICt71L0Jo7n"
11888 [Forwarding screenshot on session b1310904-d161-49ca-a1a6-530fba7baea8 to remote] DEBUG org.apache.http.wire  - http-outgoing-47 << "JOLxpKoP477cZt5W7yP9yV7eV8uXEPpXnau70KnLi35a33fv9K/179mYPd2kgge0KcxfXs3oU9P4Xo7/8TcqT0oz3bkxRVfnlV786TSU5LAogx+eiXgE/eqI7lWHMCtslIul4dTeyWNm+WJwnp5VGYfJTN1KrXFjuRmTaaicBO5KfsoKVxIZb6O0LeGkpxtPCmvICNtMlcqj/Gk+imPrz3gfm0md688of6yC5eLjXly25cX9Vm8rC+RxO/zu2m8ulfMi7pCqQ7w09ointUXCucRQ6iTNkHWKoTbKhNirU6IjRLBNkekmrwRDtpEueribXEIG4NVBFhoEmJ/GDcjOQyUp2Grv4RAGwW0FcYQaH1Ekr4Xtafga70OI42peJpvxMlwHYaqc4hwOUK4paGw35N4WB7CQl+e1DB7Ity0SPA8RozdwYaoX1dNEpzUSXBWkyJI4xwOEmO/i2TXPSQ67yLJZbc0neq6lzT3PWS4ieyWyHPbS7brbtIdlpFltZS68CVUha2VagB37dSYge0FOrSgd7tmwthsRa+uouhtJ43LXp1b07lnW+E9aqj13K3dtwwa9AOnTi4gO06VylhFXlVcoij6OOmRh7iWf4Jr6cdJctvI/eoLONqvIjXQggc1dlzLtuF3MUVzuQFlceuF62xLTdJOMsOmkRE4mdq8vaQEHcb2gjL9enam7Y+NUNq5kJxgfSkVc0H4cSoStAXEaFx3KjN8uFkawa2SYGrLwrleJkxXRnK3Koy8MF2yPY5Q6N4QBS3WTM331SLGSpF4u6PEO+0l2HIxNtpDhOc3Dlf94XjpTybNeRv5Popke6uSH3JG2I++dLzLKRZcTbflSqo9lcl2lCbaUZbsRGWaGwVJ9uQluJGbEEBGtAeJweYkBp4n2d+QBDcDEr3PEu+pTZzLSUniJzqqkux4lBT7AyTb7SHXbjc51ktItFqFt9l+Qu2VqAxW5KrfQWwVZmGpNhJ7lRE4Hh2Am0JfXA73xVlxCA5qYzGQG8ytBCUe5Z/iQdFJXlzW5XaRBvV56tRlq1Ofpcn1TAWq4w5RE6fAtZi9XIvbxLWETVRGbRHYS7T7EWJdDhIo3BdPV31sLUT5rU6O+2GKAtUoDjxNSYAi1SH7uB6yg1K31VJ0Z6rVJIq9plPgMZc060mkXZpIod0CSh1XS6mRM61Wk2G9ljSbrWTYbSfDYYdEumMDmcK4zXDdJUU6F4i1qoW2WHhWpZ57KfPcTanHTspFvHZT7bNT2O8q8i7NpsRmDlfdlnHTdw23AjZy1XkFlcLYjtUfj6tyf3xOjsBTcxgOigOJOjedfPN5hKpOQ2VqSyy3DyTJcCJJ+kJ75lcytCcSf24kPmpDCD47kyCDuTioj+DS0b5ckOuH0d7+XDrcG/PDA3EW3l0/veWEGa3G/+xvJJrOJ9nsN3IuLaPAehXlzuspsFlG5sX5xBtMJUBjCJFnx5J0bjHROovQW9mDEws6E623klsRKtTGHeVK5C7qhHenPkyBKqc1xGmNxE++F6HHfyVccyy+SiMJPz2BEvt1XPfZT7HtFkk8ixQI35MS+w3citJqiGz3UibGYidPknV4kXJK+OafIsFyO5d9DpHmuJ96of+R8L7eDZMjyWoTkWZbyLPfww31AZRZbOLMzrFYH58s3NNdkjSt89/E/YD13A7a+wV3gvdJ3A3ZL6WCvhN6kFr/PdwJOMC9gIPcDRSOFbKLdOtZWCm0xVC+FTr7O3FqXz809vdD7UA3lPZ34NiuTqjs6c+ZbYPR3TUUnR19MZbrgoVSW+F+N+fCgXZYHhyA3tGmWKp3wF+7L9d8l0vPv8Z9JcU28yi0mkOpzRKJMuEdKrdZTJX9MmocV3JTGKe1Hmu57LqKhyXWQAJvX8WyfdUivmvUmJYtm9Omyc9C25I2bdrQrl072rZtS6tWrSTaC38LdO7cmXadOtKqXVuatmxB0+bNaNGqYX1xXZH2wvbNmv7ET01a0ujbJqipH4I/kuGxL7czzlPrvJDrLiu44SW8d8J4rfZfKrzbC6kLWMtNj43Ue63nps9y6gKFdfxXc8t/B/X+wrjwWcvTsJXccN/A3RxjeJsI7+KxMpLn+0ZN+OFvbWnZuBFNf/wbzZu14fvGzfm5dQu+/dv3/NzoOzbOm4CP2U7hu7YTT51D/zkCeJL+bVoP+uf1fztNfMm0i19u03dVQ8Rw39VPvuj/f2WSfglNOvUXjvt3+ftz+16MUg7/6voyZMiQIUOGDBkyZMiQIUOGDBkyZPy7IdYA/iiAP5e2Yt/nIvd/gq+J4O4dWtCh8z8K4G6tvpcE8NOcfQ0COH0lj5O28jhnIwGWkxgupnfu2eyT+P0ofz9G+37kX8rfNo3p0rY5rdt8Q+u2P9OpZRsGtf6JDRNbcXRFH+YOaspP3/zEry2asm98XxTHNOf0rObEqE4jVX0OUXvHES83mwyV5SQfW0K43HwC987Fb99CrNZMwnHLbO4Eb4LiQ3wo3ce74h1Qvk0SwNvXdqJDx/9ZAdynl8BnArgsy4Hnl314WuX1TwXwk+uxXCs3p7zIigc3q6gu8+FBdTX1pb5kJE6VUgzfygsnO3Erz65HU5ZzjNSsdty57EpdhSf52TN5cjmR26UhJGS15NZlO+5dvs79O2E8uv6QrOx5VBcb8Ly2gIdX86X2eX05z2oreHyzoEEA3y76JIBry2MJcz5DsI0qEXYqBFmKNYBVCbM/RpSLBpFOp0nyNcbrkhwGqrMIc1TE11wJK51FmJ9cjvelXRiqC/feYDs2esu4oDUX89NzcTZZhsmJqZhqzSDYYS/nlH/D1XgHkba6wj6U0FNbiJPZcXJiPYjz0ZX+8T7TS504JzWp9u9fBXCU7Q6hb6eEKIFT3PaS7rFXivrN8xFTHzcgCrY8jz2kOy4m7dIcrofOpSpsFZP6thbGfFO6tviBrsKY69zqJ0n49unalh4dhfHaqQU9OgnvZHdhzArr9RLGa6+OP0q1gLduHkRs8CGygvfwtOgSmYEK5MapUJGqRWnUcaLstpAfewI3oS1J0+NupaMwDlK4XSI8h5JYimOWkxHVnCvJK8mImEpR7G9cy9iJ56V17N26gF/69mLSiIFMHtSa45smkeV/irKY05THaksRwGIK5qIkO64Uun8hgMVU4ncqQyUBLEYAF3kI5yjcj0zPw2R7qhFleZgE+yOfBLDr+bH4XBiDx/kxBBjPFLbZQ0WoBkVBJykM0yE3VI/SWBOqkswbBHC6A1Up9pIALk1ypDzFhbwEW3LjXcmJ9/8kgJOCDEkNNCbJ47wkf2PdTxHrrEWso/AMHVRItFeQpF2izS7hmWyjwH4FaQ7rcDbcRpSrKnWJGlz134fJrlEYyQ3D/PAIzPf+gu2BITjKj+LSwdHo7R2N8ubBlAcK1xlwmBj7DYTarsHDeD5eRvPxMVqEn9ESfEzn4K47G199oe/sVDy0h+GmPQjnUyPx0pslRf/+VQCnemlIArgwQFXY9ymK/Y9SGbSHmqBtlLmvIcNyDqlWU8hxmkSm43RJAGdaTaPIfiHlzmtINJpLqrnwjP8UwOm22z4J4AxhvIryN9N1D1nCmC3yOSRR7C1Hqc9Byr33U+61RxK/lQJlnruo8t4hCeB8i98os5tHjfvyPwXw+k8COM5gAm4qA/DWGo6HmFr62C9EGkyTBHCY2vQvBHCiwUcBPJ5o3aF4qw4Wth2Dq/oE7NWGYyLXnfN7euCgMg6rowOwODIIO5XROGpOwfP0LLxOTCTpwgIyLs0n12I5hTarJQFcbL+SLHMxGnkiwcJ5hGuPJEp3KhGnp+KvPA6T1V1QnNQI2/2DhHspz+0EZaqC9lMXJU+F5zrizo0lWKM/vkq9hfUHEKk9hjSrJVwJ3MvdWBUu+x8i2XwVscZLyLJdR6nndu5Ea5DusI8Cf3VS7PfzKPksT5NOcS/xDLGWuyjxOECS4wHuZRjyJFGF2lA5kqy3C2NvD0WOe7iq9otwLxajsXE4lscmSgK4NmAr9QGbueu3lvrAPf8SUQrf9N1Fvd8+7vjt53bAbmqDdgjnPVMSwGbHO6Mv15VT+/ugub8vmsK9VT/QEY39X"
11888 [Forwarding screenshot on session b1310904-d161-49ca-a1a6-530fba7baea8 to remote] DEBUG org.apache.http.wire  - http-outgoing-47 << "Tl9cADqu77j5L6W6Ch047xKL0xO9sLKYAhWeuOF7+tozij2w+BILxxU+3PVZ40kgIuEcZBpPJ1Cy4VSGm0JiwWUWC6SJPBluwYJfN1lJeUOS7mXZw5vY3jzIpKdqxfxQ6OmtGrVgtZNm9KiRQtJ5Hbo0EGSvqLcbd26tSSERQHctmMHWrZtQ+PmzWjSrKkkgUVp/FEUt2km9Df5+ZMAbogAToAHntxONaDSZqY0Rq/7bqc2fJ8UAX47fhf3Y+W4F6nIw5ijPIyX53GKHA9TjvAiTZPnScJz8ttAjec8rjqsoi7NAH6PFYjCxkiext+1pOnPnWnd/Fua/vQ9LZq35cemQl/rlvz4U2N+avQDiyYOxuPCbjz1tuN+5iCNpl+6xX8CU0xqaTfy6xHAP7d7y7jTt7/cxvwWHce/lJZ3m/WMaWa1Xy7/f2DIAUe+b9JK2HeD/P2pdReGH/X96royZMiQIUOGDBkyZMiQIUOGDBkyZPw7Igrgjm2bfBK+HyOB/6cE8Odi+SOfS+C/CuAuHX8U5ltJAvjCkck8yd7N4/TNPElbwaPELZIA9reYyLCuzejXXazx21SSvg3ityn9Ogn9An2F44iI0vcjH+WvKH4l+dv6Zzq3/JG2rb+ndZsmtG8mbNPyexaNasvyKV3p3aoRPzdqxJCfG3FqWg8CNw8g/uAvZGlOI/7YLMIOziZMfjYRh+YQLkyHy83Fd89MXLdNwXHDeCLkl3AneANvsnfxInsDL3LW8rZkA4+Kd7N9dSc6dWzzRTrnr9Gv579GFMDifejf+2f69Gr6SQDPmdKTkgy7v8vfCg9JAD+p9vm7/L3sz/3LUVwvsyMxZQlXy9y5f6WK66XOZKZPozL7FPfKg8hNX0Je0mHqqowpzNpOYeZuinL3caXYkIKspRQUjuN+eRGVhWfJL51OTbkbz2pvkFuwj0JhvTvCcV7V3pRSSj+vzePlXaG9k83TOwn/pQAWI4A/CuAIJzVJAKf4m+JnrYCRZoPctTqzHrNTs/C1OICd3nr0jo/lotYKzqlOkiKDxX+IN9GchaXObM6pjcHRcIVUB9hUfQXBlkq4GG/A6NQiIr0NyYn1ItpDnyDLw1K0aKyAGAUsCuBEF3VSXFUkARxps11otxPv2CCCJQnsuotUKfJ3D5nuDRR6ixJ4H2lO80m8OIUrwZOpjFjG5H5t6NKpKb26tZZSoXds+xN9urWie8fG9Oj0M327N6d7px/o20MY012E96TVz/zSox3thDE5bXILAj32EOa2jkdFouzcS3GyMrE+O4l23kGo7RbhHm4j3GsnNXlneX4ljtvFZry64sOVpBNkhk4iO2wsiV79qMxaRF7kDNL8l2B6Yg5b18xl1JARLJg2gVmjOjOp299I9z5NSeQpMvyOURZ/ntKEi+QlXKAy34ba0hDqyiMkASymgb5dEUJuaEMK6GLPhjTY2d5HyPVWk9Ivp7srEW2/FU+jWTjqjcTTeAxehhPwOTeVZIeNFAcoURCgIUUAiwK4MPI85fEXuJxq/YUALk4Q2iQncuNtyIlz+SSAk0IukRxsRFqQCcmehpL8jXbVItpRUziuKnF2x4m3lSfBZi/xVjtIM9tGof1qUu3XSv+BIMxFkevxx6jw3cIl+VFYyvXD5dhgfI4PJ1B1LL6q43FRnojhgZEcXNyBqtCTFPqqEHZpG4HmW/A0XIOv6QYCTTcSZLIRb6PFeOguwU9vJX5n5+F+chyOGsNx1JxAoOFqwt0OfyGAbS6pShHA2W7y5PspU+h/gmJ/Bcr8t1Ptt4lyj/Xk2S8h1XIaSRajiL80mnSbaeTazqPEcTnV7htIMplNgskC0q3WkWq9RRLA6fbbyXTcSabTHrKc95LtfoA8r0MU+8pLlAqU+cpR4XOASp99VHjvpcp7DyXuO6j02i4J4EKruVQ6LuSG1wpu+a2lNnADNS4rJQGcaDgZD7Vf8NQcirv6EJyUBn0SwOHq01Cb3loSwInnx0sCOPnsYEkAx+oPx+P4L9jI/4qF/GAsjw3C/EgfzA71x1V9EvbHh2KjNBgb5SFYKf2KnfJgXFSHkXxxvhS5LUb/FtutlQRwhcs6SQBH646X5G+w1lDC9cQo48lSVG+c6kgiFYdz+rfvOLGwKRHnFvEk6wQ1UQepid7D9ZgdVASuluos3wnfLqUzLg/YIUVf34wWxoS/HLFmwhg5v4AUm9UUe+/gcbQKmbZbKfQ5RqrdHmrD1aiPVKMu/ixh5rvIcz8kjLkD1Kcbcjv6uHRvYyyFcWe3nwzTlaQf6IHNzuEcXT0ES8XJ3PTfye3AbdT6babedx11Abu/oNZ/l8Qtv50SYt9Nrx3UCc+q3me3FL16K3Ar6ZYzsT7SDlPFLpzZ3xHN3d3Q2NONE/s7o7arFSd3t0d7d1c0FVqivL879kYbqchx49WjLN7+Xsyjh/lcvpxCtP8ZPMx3Yqc1gxy7FeSYCs/UeBqZhjPIMltMpslvZJvMEfrnkmc2n6JLCyi1WkyVzRJJBIu1lm+lG/H+VTCvHwexf+1CfvrmZ1q1aUlrMaL3TwHcqVMnOnbsKAlgUex+7BMFcIs2rfm5WVN+btKYxk2b0KxZM5o3by7RUpj/+ecfGwTw35qipLiLd09j4K6LFHVdajODIusF1IccgSuWcP0S1FzkXZUFXHbi9wpb3l6x4f01K2GZDdQ5CcutuBO1n3LXhZRZLOF64lnePg0V9huEjeEBWjduR+tWvWjd+geaNP6Jli3a0aR5G5q1aUHTZi2Evxl+YsyArjgYiRHA23A/s59GMyxq+U+h3+onfPPtXwTwN6Lgff4P6w6Te8CPLd5J6zTv9ZrJ5+r/YZ3/G6ab36DzlE2S+P3m2+9o0mUgI5UCv7quDBkyZMiQIUOGDBkyZMiQIUOGDBn/rog1gD8KYFHWfhS2Yt/H+f9J/iqDu7Vv/kkA92on1uFtEMBiDWBThUk8zt7Bo7SNPE5bysOEzTzI3oTvxYkM7tKEPl2b0rdLU/p0FqY7NaO3GCnZoRk92zcVaEYP4ZpE6fu5+BWlryR+WzVEXXZu9h1d2jalbaumtGn8PX1a/Y0xfZrxS/em/PR9I9r9+B2zO/2E27qhXDs5nctao0lVGoX/gSn4HlyKm8IcAo4sIEJxCWHHluB2YCbmG0dhtnIIjhvGUmo7l+cpm3lduIW3RRt5V7qBh0U72baqMx3at6Vf9+b/ElEE/isGdG3fsG5PMQJYFMCt6NnpZ2ZP6k5hqq0kfh+VuzdQ6fUPAvju5VDqyqPITNlNcvI8HlzOICdzLVmZ43lYnk520gYyM4aSkz6P7IzZVBdo8vxKKYUZKhQUT6I0bwclxXPIy9rI0+rrVJQeorRkL1eLvEjOnM7tijgeXg/nSW0sd6uyeHmnkud303l+L4GX9zO/KoDDXc4SYqtGpL0q4XYnCLNTJshaQRLAYfZaxHudJ9hBCWfTjegrT8BQYzSO57ZIqZ0vnJiPq9FuzigOxVp3MWG2OsS6aWOmtYjzauNxubBYSgUtRgrb6mzFXHMxljpzcLfegr/TKTIiPAi01SbJ4zTRVsf/QQCnugnzjnJE2zVI31T3fRJpHvulCGCRTPe9n1JA5wrLcjx3kewwi1jTMVQFjKMyYgmTB7SmUwdhPHZvR+eurejQThTAzeja4W/06d6Yfr1bSPWwu7X/Gz07Cu+iMD77de9I66aNmDKhLR5Oe3G3XU1N1nFyYnZxuVCZANdV+DtsINxtG15Wi0gN38KzqiAeVZvzqMSTG7mKZEYNojZLhdTgntxI20V27EyK4hZRlbRXuJe/sWrBdMaOGMe4oQOYOrQdYzs1Ish8N2E2W/A2WUlO0Ekqk60ojL9EZY4DdWWhUgTwtVIxCjiM+vLgLwRwtvchSQBnewn30vYgae4KhFquxUl3Mg46I3E/Pw5vo0lSCmixBnCu90FyfI+T5a9FTogu+eEGDVHAyZZSHWAx+rg43oaieDtKEh2/EMCZMZ4kh1qQEmL83xbAWRa7yLNZQYLVCs4rzyPYUZ7y8P1Uh24n4uIqssVIW8tp5F6aTorxZMLOjCPObC6xFsswVfyV0gB16dpChfEUZ"
11888 [Forwarding screenshot on session b1310904-d161-49ca-a1a6-530fba7baea8 to remote] DEBUG org.apache.http.wire  - http-outgoing-47 << "rUfP7MdBJhtx99kE35G6/A1WSpc2zL89VcRoLsAL+2JkgB20BhPiMmaTxHAAbZHcHU8i6XZcZI91L4QwCUBRyQBXOmzgUrPTZS4rpEiPKOMhhFm+KuU7rfIcSVlTsJ48Nkk1X+NOT+bNIv1pFhvIs12iySAMxx2SQI4x/UgeV6HKfBWpNhH4U8BfJgyoa3wkROOc6BBAHvtpdh9K+Wemyl1WiGl/b3ssoib3iup9V/zhQBOMZmGl8avuKmJDMZVZcifKaDnEKk5A/UZrbDaOeBPAdyf5LODJAGcZDQGtyP9sDn4CxcFzA71xeXEcNxPjMfm6Ehc1UbipDYMR/VfsVTqg83xfrioDSLNfD651ssleV/itI5Sl7VUeW4ky3I+ETrjiNAdg5/mr3hpCt9r41kknRhGomIfCrVHkao1EtvtXTj+27dc3N+PHLct1KepcD3pCDeS5LkevZdrgdu4H76PKp9tpFssJeXiMmLOLcRbbSIeyuMI151FlvUqbnhsIeLsHGIvrif0/HKKXHZzVXhe9UkG0ngo8FEmxuEQd7NMuJegTnXQEeLshe+F7S7ClUfitaY1R2e25dDKodgqz2yIVPXbzA3vDdz22/hJ+P5VAn8hgL23Uee9i9uiAPbdIQngTOuZ2Cm154JyT/QPd0H3UE+0D/ZCW64nGjvaobO/C2d3dUBhX0+87Y7w+90aeAO8ht8fP+TNy8fCzB/w4SmvH1ZQlmBJkfdhUs/PIO/cFHIN5xB3dh4p52ZIpJ+fRabRbEkEF1ycR7HFQkkE51z4jZr4s7x54sPre14cXr+Qxo1+omXrZjRr1uSLCGAx6leM7hXFrhgFLPZ9LoB/avyzJIGbNm36ieaNm9C48U/83LQVf/uhBUcPb+HNw3Cos+dO4mkKLKaTdH461d5ycNmRpyVmPL/swINKN+6U+fH4ehgvb0fy5LowXe3CqyoH3lSYcyVQ+HbbLqDIbAHXYk/z9mEgb+57YnduN+1bCOfVvh8tWv9IkybiNXSgWct2NGvdlJat2kiCW/z7w1RvO37nt+NxZo8ogG8Kf3D9ZzBRp47mPV9/IYB/bPmOsSduf7HeNLNbtB3292hhsT7wKOU7X6zzf8so5WB+aNaGb7//iQ5jVzD5XMFX15MhQ4YMGTJkyJAhQ4YMGTJkyJAh498ZUQB3aNP4k/D9GPn7vyWARb4mgLt0aCsJ4M4dfqB9p5Z0afE3TA5P5H7WFu6nreNR2lIeJG4W5jfidXECgzo2pmfnpn9K3yafxK8kfYVzl2jTjK5tmkp0ad1EonOrxnRq+TMdW/wkIQrgrm1b07pZYzo0+4YRPZsytFszmv/4DY2++xudW/zM+lE9Cdo3heqTMyhUG0Hs0TF4H5yJ9bZ5WO+Zge/BhQTtmY/DuokYrhjOmUW/cG7BIMzmDCJRZwqPY7fxoXg374o38bZ4DY+LdrJzVRfat2tD364t/iV9uv1r+ndpR1/hfCUB3LMZfXu1lgTwrAndyU+25mGZ2yc+F8Ci/BV5Xh9LfVkE14u8yc6YQ3baXPKS90v/OF6Rq0Z26jzuVriRnT2Iwpw1PL2ayvvb1dwvLyGveDhFRUt5df0m2TnTKC/ZwcPLGZQW7SM+rSe3L/tQU2LHjUoL7l734tG1TEk0PLnVIH2f3KiWUkKL4lfs+5oADrPV/AcBHOd5jgDbo9ieW43pyUnoqQzC8fwGzqvOwM10kySAjTUnSTI40PIk4Q5aOJ3fjJbcSHysNuJsvAojtd+EcbQb7UOjcDCah43JCi7p7ycrypsgu7NE2KmR6XHmixTQHwVwgtMh4hz3SOJXrP0rIqaAFuv/SmmgPfYJiCJ4D2nOO0h32Uq87SyiTSdQFTiZysjlkgBu3+FHWndoSaeurejauYkU0d2t43f07iGMVzH1c+82dO8ijPEe7enRswsdO4n1gJuwae1EvF2UcLHbSVLwIdKjFSjPPYOfcA4utvuwEe6B4YkJwrXs4l6RMc8vm/Eo34OMqL5Srd9r6TtIC+3K/VwNkgLnkBYwn6pEOSx11jB32mjaNG9L93bNGTuwOUdW9yHgkhjVugDP8wvJ8NXkapoLBbH2lKS6SRHAogCuKQnjWmkodWVB5ISclWoAiymgRQGc6XmIZKeDBJisJ8JqM34XFuNqMAUvk8m4n5uMn8lM/AynE2ezklyffWR6KZDuq05mYEMUcHG0EeUJ5lQkWVMab0VRnPUnAfwxBbRYAzgr1uuTABZTQCe6n/uUAjrG6YSUAjreXvmLFNA5ljspEAWwxXL0FGcT5naMimh56hIPk+CwQzjvDaS5bifJYRuRlpvxNV4rnPcGnA3XoaM0jbKQ4+T5HRWua6cwVvfga7YZb9P1+BitwM94Ob4X5uGpPw8f3fn46QjfCt2xuJwcjL3mcAKNFxEp3Kc4Vzn8rA/jYHOSC4YKJLgq/10AB2hQEtgQAVzpvYlq7y2UuwvnZPkbIXqDCNTrL0zPosxlE2VO67jut4lMy9lEn5tF6qUNJFs1SOBU262k24sRwPvIcT1EvtcxinyVJaknUuIjT6nPIcq9D1IhpYHeR6XnHkkAl3lskqKLS+0WcNVtCbd8VzQI4KB1XHNdRZWwLN1sJr5aQ3FR+UUSwJ4aI4gxnCkJ4Cit6WjOaiMJ4IRzY0g6N4AUnV/JOCPW6B2Fq0JfrA8MxHz/QEkAu2qNwOvUJJyUxuKhOQZXzZE4aw7BWqkvdsrCctVBpF2aJ9X8LXZcK1z7Bsrd1nPZezO5NouI0h9HpN5ofDUGEqG/WIrcDj3ShzTl3mSp9CBLqz8ZOiMJON4P9blNOL2iLYHCM6qJUeVW4gluxapyV+BW8GHSjOfie3w4nkcEFEbhLj+CINXJpBouosZjF/cD9hIrbBthuBz/M/OEe7+OCuHdFyOAQ8x3SvWsI20P8CDLmAdJmlSHKhEjjJMsYSwF7u2My7rubB7VBLnVY7BT/Y3r3tu45b2Rm8K11AvP8nPx+zXq/Xdyy2sb9ZIA3ikJ4LqgLeTYzsZZuROGhzuhe7AD2gc6orZLYGc3FDe2Q3tPT9Q3t+XArvaUZJvB+1pe3iinNNmfynRnSlNNKUk+z9snj+DDK3hdx4NCTzIvrSX+5DjSDWYTc3Y+8WenkqAzjSS9GaQazCDDcLYUEZxnKjwfswWkn5vG5ciTvL7vyut6Z45tnMtPjb6lsfC7KspcMZpXjPgVha8ogxs3biwhTkt1gb8igEXpKspfqW3cTIoK/ln4Zn3/UyvkD67j9b0AuGXNXeFZZhhPlp5hmfBt/L3QgkdltvxxL4ramnjqbhaRlOBORXk0N6rjeFATwcsab95VW1Ptv1sYS0spMJlPTfRJ3t3z5e0dF+wMdtCpRQfatO9H49Y/ShG/TVu0p1mrtjRt1US6lsbfNad14x/RUtsgvOM78Dy7m0YzLW/xn0SfZU8k6fvt9x/4vtl7af6v64w4ek9a53NRPGjHw39Y7/+U6Rev0m3mTr5r3JyeC+SZKfyh+7X1ZMiQIUOGDBkyZMiQIUOGDBkyZMj4d6d/706fBLAofz9GAot9n0cF/0/yVwHcvtNPkgDuKaZ9bP897Tq2oHPzbzGWn8C9zE3cS13Nw7RF3E/YxN2sDXhcmMCADo3p1qEJPTo0lfh7pG+D9G0QvsKx/pS+n4vfDs1//ESnpt/RqXlbWv/cmD4dvmH+6E6M792Onxt9w3fSP0T/yJQ+rdGc2wfvvSMJVhiN5+GJ2O2dgdG66VxYPxmn9TPwXzcXv22LcNi5kNNLxmKydAo+m5YSdnw6d0J28yb3AH9kb+BV3nIeFW5j12pRvLemb9dW/xIxLfC/ol/n9vTp0py+PZo0COCewn3s2IQZ47qSk2DF/RIXiQelrjys8JQE8Ef5+7jaj0c3Y7lR4kp5uh5XcpWIi+hHebIJ13M9yEydw/2KUG4Um5KTupSi/IXcrQjg+eXLXCs/R27WOgpzt3Ct2I5Hl3MpLlrB1bKTFGedoChvGTcrdCnM28GNMhce11Tw8EoZz27l8/BGFq/uFfKoNkmaf1pXINUDFtuPKaA/CmCxBnCkoyh+jxHmoEK4w0mS/UzwND/IK"
11888 [Forwarding screenshot on session b1310904-d161-49ca-a1a6-530fba7baea8 to remote] DEBUG org.apache.http.wire  - http-outgoing-47 << "YWJmJwcheXZhRiojsDh3DpcjbdhemIWLob7OKc8G3v9LdjobMRWdxMOBpu5eHIJPhY7pOjgCydnYqk9GzvDmZxVm4iXzQlyYvyJ8zIh4JI86e5a/1ADWEwBLQpgsY6tGPUrRgGLJLnsJtllp0Sq805SnLZLJDtsJtlpE3HW84g1ncXV4PlURa5lwoBWtGv/HW06tqJr91b06Co8v+6N6Sqmfe7fkf7DB7B612YUVY4ip3yEBetX0axja5o3/44lv41m54YpLJnXl7WLR7Jl5Sj2bJ7MwjnDmTl9NGOG9eC38c2J99lPacIC7ucbkB++gpq0fdxIVSEjeCS5YTNI959JfdEJqpPlhPm9JAdroXtSga4dO9C/W1vWzh+Gq8FS4l22EGq9mGCLFaR6qlAWa0dOhD0lyZ7cLA7iZkkoV4tDPwng7OAzZLkrUOguR5aXfIMAdt6Pp8ESfI2W4GU0F7dzU3E7PxH/C/PwN/0N3/PTiLy0iAT79cTYbSfJ4ziZATrCvnQoiDhHaZwZpfEWlMRZUhBjSWGcLcUJDp8EcF5ioCSAU8IsvxDACV5niPM4TZzLSeFZakhpvZMcjpBsf4Ak291kW2yj2L5BAJ+Un06wqzKVMcpcjVHESH4Sk8b2ZtzIHsK38Gea/NiIpj9+I2UGaNv6BwYN7EpJ8GGyfeUJt90pjNeD+Jpvx9t0HV4my/A1XYSn8TTc9abjcWY6nqfH4XV2CM4n+2OjPhBv/ZmSABYjgH0sD2FjoYGRvhxxzkpkuR4iz/c4+X5qkgAWUxFX+WymymsrZW4bSbn0G0FnB+Ov05dk89mUOm2jxH4DNT7ryLaZRfT5GSSZrSPJcl2DBLbZQprdDqlebbazPHmexyjyUaPQS3hOwjMqFiWw1yHKvOQo9zxAmedeSWSWeGyh1H09xQ5LKLWfR43HYkkA3/Jbya3AtZIAFiOAsy3mEHB6BM7KA6UU0H6nxhJv8hv5wrnFnJqJ1m+iAO7XIIDP9ydVd5AkgGN1huKpOACbAwOxODgIG8VfsVbsj+2xoQSe+U0SyS6qwj1THy6lf3ZSGyLVGBbr/xbZLafMaQ2Vruu57LGRq16bKbJfKqWjjjw7kkDNQXioTiVVGHPxGsOJVuhCtmYv0tW7k6zZm9zzo4kR64Xv6sfJBc0x3dafHPvd1Mee5nqkOjeiNLjivoXsi0vINF1G6vmlpBkuI8dsDaV2m3gQdpRnEUfIMF9DgvlGYoxWUuS4hRv+cjxN0yPJfh+5vupEW+/lfpou92KUKPdXINx8GxWOW8k93oNA+YlsGNsWufWTsFWZww2f7dT5bqbev6H9KHo/j/r9iBQd7LudGx6bqfXcRr3HNqHdyq2ATeTYzsRFpROWSr2kNND6R7qgvq8LJ+WGcGL/cEw1pwttf44f6EiI8O26nGZLRZw1lfGGpHju5pL6YMzVBwjvWQAvH9UDr+BpBdWh2oRrTiReexpxunOJ0p5C9JmpxJ+dTqLudFL0ZpJ2bqYkgrMMfyP5zCQqgtV5c8eRNzdtUd74Gz82asRPzX7k+ybCO9WkIaWzKHRF8fvjjz/y008/SX2iFP6vBHCTJg0CuHEL4Tf751Yc2L2C32/7wI1LPEjQIFV/CpnGC8iz2cT7Cite3/KiqtCDCxd1cPcLw9bVgoTkKEqK0rhXk84fN0P4cNmGcrdt5JgsINdwHlfDNXlT78GHOw44GWwT/oZoS4t2ffi+1Y80adGaZi07SQK4hfC3hhi93OSnNvzw/d/YtWseoRd24K2zSxTAN4Q/uP5zmGF+k+Hyd+m/5hFD9t5nxqW/LBfme8x9+oX8Fek47sU/rPt/yiTdTPqu1GDQdpOvLpchQ4YMGTJkyJAhQ4YMGTJkyJAh4z+FjwL4o/D9GPn7vyGAPxe//0oAtxX6OzX7RhLAdzLXcyd1FQ9SF3A3QZgW5t1Mx9O/XRO6CnwUv1/KX1H8CsdsJZy/QKeWTSQ6thCus/nPtG/2k0S7pj/SoekPtPmxDe0bN2dY929ZOq4NU3p3oNW339OiVXO+ay4sb9KIiV2/Q2nxL1yQm4bJ/qnob56IxvyhHJw7gFPzR3Jx+Qwsty5Ba9M8Zgxsy4wuLdk1ZBDuu6dx1X0Pf6Qf5l3eTt4WrOFR/la2LW9PO2H/fYT1/hW9u/5rRAHcu3MzSR5+LoCnj+1CVpwFd4ucuFfsLEngrwng+upAbhT5kRI1j+LU9VSmHqI4+SBpiVOpytOmtiCUtNShXMmylyKAi7L2UlsYSU7BcK6X2FNT5EFiRm+e1VRQVx5AeuYvlGQd5V5ZJKmpAynM3c/9mmCeXrvKnYoCnt7K5OGtRF4+SOPJ3TCe3szjSW0+j27kS+2tsphPNYA/CuAoJ/UvBLBYA/ijAL6oPUWK+tVTGYLbhQ1cOLEIG71lhNqexMtMTooQPq86DQeDrcR76HJBfT22uuvwsliLtmJ/3E1XYKY9Hl2NqVIN4MxIH2I9DYlwUCTGVv4fBHCyi7JUA/ivKaClNNBixK8YBey6mzSXnRKpLptIdtpCjPViEs1WcD1sLdWRWxnfvzXtO35LO2H8d+nUjG4dfqRHxx+kiN9fRw5i1ppVhOYV8QSoefWKc54utBvUixatf2bSiAH0avezJFK+a/QtPwjtT980olGj7wSaC3xP19aNSPQ5xtX0NWSEDKUgfCm1aWfICJzOtbR9ZIT+QnXCHuoLL/Kk0oSyOCXC3I6gq32AUaN+YXD/jkwe2hbNHb8SIJy3r8lcAi4sEe7HYTL9z5ERbEZhoj3XCwP4/7H3lvFVZNujbYC4O+7u7k5wd3d3JwSIKySBECDE3d09JCSBJERwd4emkXY73T1e1UqTA30453/uffe99+HtDyOrqpX47s8AAP/0SURBVHZV7dqrVlXtX8aecz65mv6ZAL6Q6kB5xHYuRmymPHorlXE7pHYz0UcmEXl4LLEe44g+OopAxz7kBswn5cQk4lyHk+Y5ltTjk0g6PpvCiD1Uph6mLMmemswjXCs48ZkAvpjvx+UzgVSd8RMpoOUI4MozcZzL8uVcxnGRAro42p2zcU4iClgWwIVhVp8J4JLA9VT7LOd68CwKTk3n4IZhJElj7Hr2IW6k72XpMBOU6kl9qqwutZpSq4dSfbl/1dDTka7Pli24k23BxWRzcgO3kB++j1TfLSScWEGU+yyiXCdJ7Whijown1nk8EdYDibLvQahNJ/wPdiXedYKoAZwftpk47634eh3E3WUz+SF7KA/bQlXcXol9XEnaXieAb0Uv41LwAoo8zUhx7E6iU1vOeIzmSuAqLvkt5G7MHCH/8txHUnBsDkWn5woJXOy7hFL/lZwP2sCF0O1UR+3jctwhIYCvxO36FwEsRwDLAvh6zAohgK8ETasTwE/jZ/JUlsByvdy/BHC170RSHfsSat5RCNpUpyEUn5woBHCBvRl2E0zwW9vhbwK4P0UuvUi06EbUvr5EWgwkeH9PvLa3xntrR5JsZYnZheB9XQk/1J8Ym+GkOI0mTbrm5fq/14KmczNsgRDAD+OWcz92MddDZ3L+xEgy7HqQbteNVPsRFBweSY5Vd84cas8F+y5ckPq/wrozFVZdqLTvRY3TYHL29MB9qh72kw3IcJ7Cg9xD3Cs4xFdndvM0axvPsnbzMHUnTzL2iPZi6DLuJm3gSYJ07Z+WRftK6fpeKB3TUu5FruBV1l7yjs+nImYfGSeX8Vra15ucXdxP30Pu6eU8le4LT21bkm4+iUVDWrB9+VgCDk3khSx345bwOmUdz+KXC/kry15ZDD+MWc4D6fx/RJ5/JJ2b+2ELeRK2RPAoYiGPYxdQ7jOCMPOGnN7dDI+dpjhvN+bgxmYcPjAKN5sZ+HsswWJ7X6zWmOJ1YAh5Qdu5kStdZ7m2+NmNwHZDO4pjNvK4NJQPr67zG79Ld6If+HAtiWynyWRbDybDfjhZNsPIth1Ojv0wChxkETyCYudRlLiMpkTq93yrflxP3Mtvz/35x6PTHFw6BnXpfqWirUwDUb9Xow5Z/n4UwLLglaOADU1N0DHQR01LEzUNdSGBa8VvLZoauqhr64gIYHV1fdYtn8IPT6Kkm6Yn7"
11888 [Forwarding screenshot on session b1310904-d161-49ca-a1a6-530fba7baea8 to remote] DEBUG org.apache.http.wire  - http-outgoing-47 << "woPUuo4kiL70ZR5zoAHPvz2IoqSQh/W79iKpWskJdVV3Lz3iJvXb/HV/Wp+fZAJdwO4H76ca8enUiFdu7dTLfjHs3B4HUSE+3Lpe4QhuqZtUTPWRNtAPr4mGBiaYmSsK45bW7OhKDs7fko/6dyvJNZp1f//BPD/xFCX5+i3+0VI309R1viDvvtef3Gb/5aRnje/uFyBAgUKFChQoECBAgUKFChQoECBgv+/IQtgU0ONzwSw3P6fFsB/F7/NGukJ/pMAPrZt0F8CeDZfn/9UAA+hvbF8fJr/In+bGUn7/yh/9aX9/Af5+xE9ZUOa6hnRr3U9JnRtwMDG0jGpSn1iaoiyiQ56+uq0MVFhzsgOHFxvhtOW8dgsHMiaXka0b67E9L6mLOrbArNOJnTqpI+SlhIGevXp3aIRloNbcsZuGq8y1vDrhTX8fmkhbyqXsHy6odTH+rRtYvAfadP0P/O5ANb7RAA3p6LgNK8vh9RJ4Lc3o/9FAL99FsPrmyXUFC2ltMCIt9ddqT7fk/KKdry8XkD5ucHcvrqQP1885tWVc1SdX0B15WguV27kpycP+f7REx7dOyiE8MMrftSUL+Du9cU8unSS6nMLqDlvyVfPPPjqaQDPb2Xyy+vbfHhWJVI+f3h8j2+eVH8mgJ9ezyMj1EEI4OxAC1EDODv4gDS/SwjgDGlergEsp4D2cZkl0j67HexD4JG5OO/tg5/LVBE9nBmyjzRfB45adxbpoHPDD5Lu70Cytw1etvNwPzQAH9c+nLIZhaftII47TcD/6G7KsmJJCbThTOQ+isN3iBrAn6aAlgVwfuAmsnxXSG0tBUErKQxZTXHYakoj1goB/LEGcEXMCkrDpHX85lDitZSnmSu5nbNOCOCGTZVo1syQlk31pHOtQRvpOmguR3P37Mz45at5DHwlC+A/wCLEB6UmuugYaTBuyAA6N22EgZoKKsraNFBSQkdDHaX6WihpNkOpgTqaKkrE+y7iaflSqjN786BkAVdyh/K0dA8PK2ZRlNiUNxU+IjX4m8sneVF9BJ8jsxk3pi09e7Vh5ODO9O+ow/jOSoQ6TiXGbQLpp+dSGrOHklhbihLsKU53ls5zEo+vpHH/SvpnArgsfBvVYRspi9oiooDPR24kxGE0gbZDiDs+jhTvCUS4DaYobDnpXtNIOW5Gnu9kMk5NEamTPwrgcwm2ohbw1XxPUYdUTgEtC+CaPF8u5vtTWeArESZqAMsRwLIAPp/pSXn6CUpjjwkB/J8igC/5r+Bq4Axyjk/m4IbhJAdbcT3Xngd5jszpZ4KxdJ/R0KhHg/pKop9l2W42oDsBbofIjz3JjUxL6RzvJ/nEZlK99xLvuZ0Yj/VEuS4k2nUmIU5jiHaZTLTDJIItBhJk0R1/i474mPck7vAUMqR+ygvd9C8CuCx0MxXRuyR2cylhc50Avh6xlCq/eRQcG02KQw8hgHPdRnDRbyVVXvO4GTGDSv+RQgDnus4WAvis9wLO+iymxG8F5wLXUxEinZuo/VyKtRTyV+Za/E6ux23nZtw2bsVuERL4dsxGbsSuFAL4cuBUrgVO4EHUVCGAn8TP4mny3DoBfNF/MunO/QnZ10EI4IzDwyn1miwE8BmHTwSwe9/PBHDZsYGkWvYi03GMtP04Qix6iQhg/51dCdjei8DdbQnY3Ylo62FkuE6n6MQCCtyl/QbO4nrItDoB/DhhJfdiFnEzfDYVXmNIs+1KptQ/Z46N4MzRoaRZdiD3UAfK7Ltzwbo7VVZ9uGjdn4u2Laixascl277S8qGErGzD/glquG5qx1lZsJ7dyf2CHTws3Mft7N08LjrI9fTtJLibEXtkBDlOY4k5NIokl+mkOU3m/PGpVJ+YxC1pXCfajCbp6GKCDowR6bRfpm3gYeYeMo/N4+rx8VSvUyJ6uxlzB7dgz5rJhFhP52XSWqlP5/M8eY1IAy0L4KcJq4XsvRuxmNthC7kVKn1mqb0Tvoh7YfO4EziXB0ELBPdC5nI/cjZlp4YSvMcY791NOLHLmCO7TbDfLY27owsIPr2NqLB9mO8Zhts2Hdy2NubE3m74WA0i+Mgojln2w/fIFL66E8n7Sh/ePi3n/a8/8g/+4NsHJWS4zCTlUH+SLPuSYTVEIIvgPLth5NsPp8BhGIUOwwXZB3pxJWYnvz314R8PTmG5bPQ/BbCOdp30/VT+yjJYlrsiPbSJMdr6eqhqaqCipioksBwpLOSv1Gqo66CmpY26jpG0vR6rl0zk20ehcP8Y7wr2c8FpPGdtR1FxYip/3HTj/Z3TPH2YQ3BMImGpt6m6eZcb919yueYmr2/V8PujbCGA7wYtpNrJjFLH0dxI2Msvj0PgVSDR7iuk7xNG6DVsh1pDHbQMG6Fr2BxDo4aYNqxNYa2t1Vi6F6vQd2g7IYBjnFagZOb7HAX/ZMDBr9Bq9I9/EcAypn1/+uI2ChQoUKBAgQIFChQoUKBAgQIFChQo+F+jXauGdQJYlr8fp00M1MV8QyP1OhoZa/wL/+l1WdD+ff7vtDAyoFHDBjQy1RA1exsZq2NoKh2Tdn3ctvXmw5nFvCmcw5vSybwums/bc/OIPzqQDtK6pg0NhPSV5e+n1Irg2jTQjXWl49JRq5O+xlpyRK86xtoaAvmfzSZa9RnS3pj+LbRpZyptYyhtb6JHC6kPmugb0NBQD21pu2bN9Zg1pT+7Vo5h69QOrOivg6G6PkbG9WnUThsVPV0aqOrQsUVDRrZrzLR2nTgxrQc5BxbyVfZqfixbzPeVU/n64iLmjW+JibEerZv+36NtM1NaNdOnVUsdWkhta2leTok9ckBjyvKO8/KyN6+v+vLmRhBvb0bw7k40727H8/ZWAm8kvrubwbOL3lwr3UdN8RIuVcznWvViqV1OZckKbtZY8+FxMe8ePObD88s8enCca1e2SdNR/PrsJj+/OcuHZ6k8uenDk1vH+fZFIO8fBfDihi/fP03g2b1A3jyJ4+tHmbx5cIZvn1bx40u5/m+lQE4BLeSvLISf1fDqTpEQsKl+FmQF7Cc7ZD+ZgYdI89tLdtge0gL2URB1jCS//ZxyHI+n/WicLLoQ4LYAu1198bSdSEaIFUmBmzhps5QTdlM46TABL7ulZEWYkxm+By/7BThb9Cby9ByO7BpN4JEFnDw8nuPOsziXGUJejCOZwesolvZTEH6IMxGWQgQXhFhQGG5OXvBmMv1XkhuyUqR+Fumf62oBrxOURK4RVITPE5HAuX6LyPdexrXUmdwpWs7wTkY0MlEV9atbNNGlYSPpemikTLMmKnTq0pIVOw/yFPhVIvfWIxa7eaDUuhX6jY2ZMKQf7U2NRNryekoqqDZQQq2eCnJkqpKqMioqOujVV8LfdSwXc7vxpGwJ51Obca1gKjfOzKE6rw8vqsw5E9OXV9fNeVy+n6rM1ezd1JWJ44bRpkN7evZtRreOBrRqosyR/eOIdR9G2onhFEWt4UycDeczT3I+zZNrxb48upTIy9v5PLycKYRwdborZZE7uSD1S2n4RirjdnE2ZA3+NgMIdOhJuOsg4j2mk+W9kRD37iR7TSbPbxkJbuNJPT2SpNOjyApaTVXKCSqTbLiYfpgrOce5kutVm/65UKLYh5qzpyg/40tFQRg1Z5KoyovhfIYPZRnHKZOOrSjuKMXxjhTG2HEm3Lo2mjvYnLNB2ykJ3Ehx4Bou+C/jSthy0o4uZM/ioSLy+0bGDm4UODJ8QDsaGTSmU5t2KCspoaehRESAC2+fnKcixxuHHdOlYzxEZfJB6bhXke6zhsQTy4g9toho9wWEH55DmNMkQh3MCLUdTvDBfoQc7IvPnm6c2NWFqMNjpDG9hdzg9SQFbOf0if24OW2RPvtukUL7fORuyhJ2cS1xB3dj13MjaiEXo2aQ6jGItCODyXAcRIZTX1KO9CDz+CARcXs/fD43A8eT4TCATPf5nDm5gMJTiznrvYIS31VCAF8I3SbtZw+X4/dzOXZ3bRSwnAY6ZivXY7aI9M83YtZxK1pmA9fDl3MlYCo3gybwOGYKz+KniwjgV6lLeBa3SIjYCp/xpDhLn29/R8IOdSPRsT95x8yoPj2VQsexOE/Sx3tJM"
11888 [Forwarding screenshot on session b1310904-d161-49ca-a1a6-530fba7baea8 to remote] DEBUG org.apache.http.wire  - http-outgoing-47 << "8rchnPuSE/KpGMuO9ybEufhlLiOIsd5JFmuZmQfHUfkoZ74bGtJ6P72hO5tS9DujmS6jqfo9ELKpHFScnIGl/xncDtiJjcj53M/eglPY1fzOHIFDyKWUek1iWRbqU8O9+WMnIbYfQxZh7qSf7ADlY7duGDfiXLbDpTbdeacbXfKbLtSYd1RUGnTjULzLoQsaYTDyPqEWozlSsI+nhY5cTPbnEcFFjxI38LZYxPItOxPoo0ZkfsGkmI3nDzXMVwNnceTxNW8TNkoUiOXeE4nx2o0t6Olvs2y4FmRHRUuM8he3RX/cZoc2DWVWaNbYr64P+GHJnMnbj1PYpfyRDqP76TP9DJxPc/j14rP9yxujZh+kbDuk2Xy9HKexS7glbTdy7jVvEpcy9WgiYSb63F0fxtO7DPgyFZlbHd3xcvfjtDEcMJDbHDc0UNarovn1qac2NYMj71N8bDqjZfDHB6cDePl2QAeV0Tw04trfPfmFvxQA09SqPBaT/SOYaQeGipEcKrlAEG6tTQebQaTaTuELDvpWrKX1tkvjcvwDfz2/BjcccF51XjxQwpl6Xmsq6yCuqoaGmrqAk11DYGWdF/T1dZBX1cPEyNjDPT0hVhVVVUVElhVXU1EAstRwaqquuhqqIjXG2iZMn/BBH564A+3XPhQYEWu3ViKrEaR6z6Hn26f4B833Hl+Mxf/zHOEFF/m1t1n3Lx1iVs1Vby+Ucavj8L4885JrkVsJV96JuTYTaQqaTe/PfOGx8dJPb4OfaMmaDXrhmFD6R5s2hh944YYmDSSvgeYoqtnII5FltdGRkYEO20m/vgShQD+O332fI2q7uf1fz8i1w3utPTDF7dToECBAgUKFChQoECBAgUKFChQoEDBf0/blnIqYvXPxK88bayvJuY/Lv8UWQx/5N8tl/kYUfz3ZZ/SwtAQk4b1/0UAy1LWdWsv3hcsEgL4q5JJdQI4zn0A7Q21hQD+u/z9yEcBLMtfmU/l70cMdTQx0tOmjbEGA1vp0l5fiYaa9cSyxsb6om6wobY2BjraNFBWQqme9LqxCr3b6DCphxErh7ekWytjtFWUMDLWQ0O7HiamqjTSVGJs2ybsnTyC2LXjKLZfw+usVXUC+O3FpSyY0FYI4FZNdP9v0bqJsRCILZpr0aKZnhDArRrpCAF8LucYz2pO8eLSaV5d9efrG+FCAH+4G19b//dOEj89Ost39zP5cD+Cbx8F8uOrIH59E8kvbxL56VUKv3+dzu9vK6RlN/j1/UW+f5/Bd+9i+f2bQv54e5k/P9yH727z5zc1/P6hlD8+lPDz6yJ+eXEe3l3l53c5fP86T9Qa/vrBWT48viCk73fPqvn+RZWYfvfkr4jgZzW8vF34mQBOD9hDdrAVWUHSfOhuMoL2U5JwirjTe4Tw9XYdhu+R6Tjs60bEiZV42swi8Ohswj224rLPjMiTq0gPssP14AhCj60lwHUpR20GEe65Bifz3kQeW4in1USO2o8i0m8rl4pSyI5wJDt0I+fCbckPOygksCyAz4QeoCjMnNygTWT4rSA3cDk5fkvJ9V9GXsByCoKWcyZ4haAwtJby8AWiFnC2zwLOnF7C1ZTp3CxYwqAO+pgaKQtZ31SiYUMtWjXXplVTdTp3a83K/VZc/UVU3uT6d79hEZ2IarfuqBvpMbJfD9o2MkVTRQPlBhqiJq16fVXqKakKAVy/vibaSrIAHsfNMxM4n9SFS+kzuZQzkaq0aTwrt+LDrf08KLagMmMGFzNWcCV3FUcODWP6hJG0a9uJvr3b0VK6PjuYKOFlOZ5Ix4GE2PalKGobhQnOFMa7Up7qzqUzXty5EM2Ta1k8uJQhUkJXpR3hfMQOKiPWUxy6nvLo7ZyL2ESY00hCnPsIAZzqNZfi8F1EeAwgw3c2lXHbyDw1g6STw0j0GkmG1J816ccoj7ekJs2Jy9keXMo+SXWOFzX53lwskgXw6f9RABfF2nMmWjqPoZbkB1twJnAvRYHbOBu4gbMBq7kQsESk801ync/ORYOFfL2ZuZ1LmZZ0a2dAI0NTjHV1MdVT47DdDm5Wp+N3dBvLp3dj4fg2Qv7KEvjfCeBQx4kE240mxGYYQQf6EmjRm9O7unB8RycinEf9TQDvw815E5mBu6iI3CEEcHnibq4mbOdOzDohgKujZpHk3p8Ul4FkOg0mV+rL5MPdST7Sj4JjZtwLn8/dsClkOQ2S1plBwYn5XxTA1dH/CwI4YmmtAA4ex5PYqZ8J4KexC7kVMp2y02NJcpTO7cEuRFl1J96+L7nHRlHjPY0ip3G4TDbAZ2lzytyGfiaAS11GUOQyXAjg3KPjyXQzI8S8G16bm4no37B97Qje00mkfi44OYdS74Xku4/nov9U7kbN/qcAjlv5LwI4w6UP+dL+zrqPrhPAVU7dqXToTIVdRyrsuwgBXG7XjQs2XSi3kl6X5ivtB3DGoi9JmzuzZ5wGh1e0pkQaj69KnXheaMOjrL08Tt3G9bAlXAlfx6WwVdK5Wcm18CXcilzKs6SNvEjZytkjE6X3n0SO9UgexG3hSYEFL3ItyNkzhPiFbYhf2g7b3TOYPbwFe+YPwG/vOK5FreFx/BLuhczmcdgiqZ/X8iReWha3WiDPP0uUo4Jrlz+Jr00V/SxmIS9jlvAybq2IIr4SLAtgA7wPtMV/rwmnturgurMDnkeX4+2zk0ivxfhbSPN7GhMk9cuRdXq47jDl8L5e0rXtwIuKKB7kStddrgcfHlXw6pF8vy7k9wfRXArcSuzuYcSb9yNJGtMyyQf7CRmcZjWwTgTLJO3uR2HQGn5+4ga3nHBaOU78mEJFup70VdXQUlNFW10NXU2NOvS0NMUz10hPt04Ay1JYCGAVlbpIYCGB1fTQUVcWkcNK6kbMnDWa7+54ww0nvjljLQTwmUMjyDoykx9vnoQ7x3lzr4Cw3HLCSi5x+/4L7t67xr0rl3l1/Tw/3Q/lj9unpHG1TQjgLJvxVMTv4OfHp+DBUZKPrcHAoDGaTbtiYGqInpFpnQA2NDJBT9+wLj21LIEdds8n0WOZQgD/nZ5b3tJA7c8vCmAZ7Wa/Mcz11Re3VaBAgQIFChQoUKBAgQIFChQoUKBAwX+HLAyNdNUx1tPA1EBLtCb6mmKZPC8L4L/zqfT9O38Xvl/iUwHc3MAAY9N6NDTRoLmhrrQPdQxMTDHWrMeRzb2FAP7qzGwhgF8VzuPr0rnEuvWnnXysJnqfSd8WJrr/IoBNdVT/KX+1VTHUVBPoa6kLjLWU6dfGGLMuprTWVUJPvX5tHT8JLTVl6ikpiX8811dVQalBfTEvp7BsoanEmA5NGNfHED1pXlNJS+o3JWZObMuAVupM7dgQj1WTSNs2kyLbVbzMWMHPFUv57sI03lQvrhPALRvr/Ee+JH0/o7ERzRpp06yp1H9NdWnTvKEQwMP7NeRshivPak4KCfzyki9fXQ/m/e1ovrmXIATwu9uJfHU1hbc3U6XlEvdk0nl3N5d3dwp5e/ss39/N5+W1WN4+TObN0wyJQr59fYF3z4p48zCDl7drePOgRojd949LeXO/SEjc13fKeH37Aq/uZfLkeqoQhF/dKxbryZG/3z67wIcnZZ8J4PdPq+sEcIrvfjL9zesEcGagNB+yi/RAc0oTvUj0Ncdp30A8HfsT4D4LN6sBnLKfTYTneo5Zj+Gk7TyCPeaQEeRCauBBAo6swNNuPMdtxxByfB5Bx+YIQRxzcjbHDo3iqP0Y4oP3c7U4j6ywI+SEbqM0zEYI4MKwQyJ69KMAzgncSPrppWT5LRHi958sFeT6LyHHf5GgNHgOhdKyzFOzOOO1kJsp07iVv5CB7fUwNVaTzp8eTRsZ0NhUT9R8bmxYn669O7LV1Z2KX+DZu59EGmi39Hw0u/VA08SAIf1709K0IfXrqaKirImasiyAlWlQX516ag1QUqoVwMFHp/H9LXNuFI7g60onnlZs4P7Zrfx6K5XfHrvz250knldv5OHZzbyu2UtZ2h6sdm+lhWlraf8GdGnYGNfNZuR5LyPfazqZJ+eQK33+jHAnzia6cyHtMJVyZG5xMHerk7l/MZ0nV1JE6ubSMDnN8EYhfs+Fb"
11888 [Forwarding screenshot on session b1310904-d161-49ca-a1a6-530fba7baea8 to remote] DEBUG org.apache.http.wire  - http-outgoing-47 << "6MkbBPhzmMItO9LiMtAkk7OJMdvLRFHR5LiNVukis7ymkncsSEknBpBZtASajJdOBdjQVWKA5ezj3Ex6wQXMk9I73mKqgIvqou8/kcBLEf/5kdakxdyiLyg/RRI4+mM/xYK/ddR6LeyTgDHuMxmy/yB0njbya2sHVQm7qGlkdSvyg2EsBo9pAtp8Z6cdtvCilk9mDa8MfPHtqIiUT6+Q6R5rxZ8FMBRbvOFAA5ynECQNOaCrIYQsL+3RC9O7OzMsW2dCHOoFcA5QeuEAPY+aY6r00YypGOQayiXRe2hImkfV+K3cTt6LTejF1EZMYO4w71JdOxHlvMwCo4OJ8m5B/FOvcg5Mpo7oXIK4CnkuAwiyWka+Z7zOHNyEUWnl/+LAL4UZ/5fCOB1QgBfDZTGbch4IYCfJ8z4SwAv4mnMfO6EzaT05EgSbbsTbd2NWNtexFr3Itt9BBd9p1HsMoEjU40+EcDdqXDrRfmRPiIiONdugEgnnOwwhHi7wQTt7ULg7nbEWPUg0qKjqAMsL888OpE8jymk2g/hUsA07kbN4VbUgjoB/CRqJQ8il3Dh1ERS7HqS7tKLXKlPZAEsagBbdqJa6qtqp661Eti+C+ftulHp2JMqqS2z7EjZoS5csOvPBadhlDkMJ8t2AEcWGHJgkgaRh0byONuGl4V2PMoyFzL3ec5+XuSZ8zBtC3fj11B+ehaV3vMkFpJtN44ct8lkHBxKhcdkagJncTt4IQkrOxA6qwWJWwbjuGUqswa2YPfcIXhsHcPFsFU8T5U+S9xCXiSuFoL3cdxagTz9NGE9zxI3iFZGXv4sfqUQwM9jl/Eido2oI3w5aIIQwEGHWhKytykBWxtxfGsrjuzvibN5VyGGQ3cacHJPK4IOtsNzmw6uO4zxdZrM4yrpvlARwtmQeWSFbpXu2dJ9/WkNr6Xnw4fLvtQErCVOltjmfSR6kSCNa5lEiz51IvhjZHDsth7k+i7lh/vO/HnDgcMrx6NST3qm6qtjpKYhUtd/FL6fYqir828FsNzKAlhGQ8NARADLy5RU9Jk0eQjvrp+Aaw5CAOfYmpF7YCjJjtN4f+WoiAB+dTOHyOxSwvPLqbp6n1t3r/HgxjVeXi/j+3vBtQI4Ygd5jmPJsDTjvHRd/PDAE+65keS2Cn39Rmg26YKBkT46Bsb/IoB1dXXrIpbXr55AhucGlMb6vUDBP+mx4T31lf+9AJZf67z8wxe3VaBAgQIFChQoUKBAgQIFChQoUKBAwX9HyybGGGir1klgQx01MS23sgiWI4Fl5MjgT/mfpPBH2fulZZ/STL82hbIsgJsZ6Ej7UhNRNYbqSrhs7Mm7/IVCAL8umcDLM3N5UzKHGNd+tJWOzdBE99+mgJblr4wsfmUMtVSE+NXTVJWQ21qMVJQY37sV0we2p62RKpqqDWigro2Sshr16tWjgYoy9VRUUWogoaxOA2UNlJXqo6mkREsdHSb10ad3o6boKWkKEbxhYXe2zu3AzG7abBrajtClI0naMZNHiQv5tXIl31ZM5XnZXOaYtcTIUK6FLB3vf6B5Y93/yEcB3LSJOs2a6NSlgB7S25iCFGdeyvL3ryjgr64G8e5WJB/uxPH2VhxvbsTwqMqHRzX+PLkUytNL0VIbL7VJPL2ayvNrmXxzNYfXV2J4/zCeN4/SeHwrjxd3y/jqYQlvnuTw7uk5aXkRT29n8PxeBq8e5UjkS6+d4+V9WQiXCKkr893zSn58VcM3TyuE/JVl8UcB/OHppS8KYDkFdEbAQZECWo4ATvXfS2HMcZHmOejYTA4f6IfLwW7EnF6Pi/kIQo8vJshtFS4WfUkP30h2kC/RJ7eT4LOfEw4j8HUbRYz3GtwshxJ5YjPHDvbntON4TrtNI/jETioys8kJPya973aKguW0zwfqBHBRmIw5uf4bSD21mHTvhSL6958sIcdvMdm+i8jyXUCmz3zyfWeQc3o+6cencvbUPO6mTOZOwUJRA9jUtPaaaGxqQGNjA1qb6tNQpx79B3Vnj6cHCQ9f8PDtB94BloFRKDVqhpqBPv379aSJqQkamno0qK+JsixUpDHZoIEK9dWVkQWwrjQWIzwXwHNXfr3rwo83Hfn+hjvfXz8ptd7SfAg/3QrlmxvW/Hn/BO8vWXGv1ImC+Ah6d+hBQ/V6rJ86jXTX5ZzzW0mx9FlyfVaT5HeAlJAjnEs9TmWaPRVZx6jK9+VGeRz3atLEuJEFcEnoViGAy6O3ChlcFLRJRML62/Yl3HUICZ5TiXGbRbr/PFK95pNxahHpJ6YR7zGMOM/h5IWvoDLdhtLofVSl2HElx0MI4IoMT+kcnZLe05uaIr//AwJ4EZfClhPhOIu1c/qT7LeD2zk7qErcIaKfRX1lVSV2bZpLwLFd7F49ArcDc7DaMo4F41pzPm4P1anS+PReSerpFdLnWkzM0flEus4hzGUmQY6TCLQbQ4DVMPz298XfvBeeOzrhtq0jIQ4jyQ7bRHbgWhL9t9UJ4HT/HbUCOHoXF5JlSbudW1FruRm1mAvh04l27EW8fR+yXaR+cpMFcE8SXfqR5TKS6wEzuBs+kTzXQaQcnkLe8bm1Ath7qRDA54M2/G8I4MVcDZrC7dAJPI2bwrPEaTxNnCUE8JNoaUyHz+Sc5wjirbuSYF97bFGHupHjOpxLftMpdZ2A6wwjfJfLKaCHct61Bxfce1Lh1oeyo8PIsOpO5N5OhJl3J/xAT0GMZW+SHPoTZ9WNeNs+xNr0J8FxGEkScdJrlwOncydytnR883gQs5gnsSt4GrOC+9Kxlp8YS5pjT9KkfslyHiEEcK51DwqtOlPj0pMa525UOXbhgkNXyhykaSdpmX1Pyi07c86iC+eselJq048S235Uug+WjncYCfv6YD3FELs5LTlzajnfVnpyP8eSu+k7eZq3j3vp27idtJ4U6ZxG7utP1N7BxOwbQfShYSRL82cdh1J1agz3pPtB6or2eE5oxNHF3bFfNYa5/VtjvmQiHtuncDFyHU/TlvMwfiGPk2sjfD/lo/j9OP84dr0QwHIktiyAn8WsFumhhQC2MMTX0pSAvc3w39aKE1tb47KtMTYbtXDboIHPOk1O7m7NqR2mhFqb4rZdn/SAjdLzIpuHJSeJcOoi3UNm8MPLUt6/vMKjK3E8PXeYKr8VxO6Rzs2+nsTu7SW1vQWyEE6QxniihRwZ3F8QvaUbmV4L+faOHdyw48jqcUIAa+hrYKyujq70DNbXlr536GqJzBsyH6eN9eWMIEZCBGtraaCupoKahLq69JzWVEdT2k5T01A804UAVjXAbGw/3lzxgCt2IgV0pvUIsswHkeAwha8uuvHLVTdeX8siraiClOILZBdVUn2tmrvXr/PyegXf3Qnhj1unuR62g3Sr4aQeGEVp5Ca+v3MMbh8RAliOANZq2hVD6Z4tvquYNhYYGBqjb2CEvvSdRqSkbtCAabOHkXtil0IA/53u695Tr/6X5e9HNEz+QX+Lr7+4vQIFChQoUKBAgQIFChQoUKBAgQIFCv5nmjcyFv9ANdBWx0hXU7SGOhqiNdbTEjL4U2RJ/CmyJP6IiBj+hIZymuYvLPuUJrr6GBrVw9RYnWYGepgYqKJraIK+ihKO63oIAfy6YBavisfzomAOXxXPJupwH1pLx6L/ieiVpe+n4ldO3yxjoKmMgYb0+STkz6krtTJy2kkZU3UlJvRrz5juzTCRppWU6qOkoo1SAzVUVRqgoqaMkrJcX7W2xmqDBjqo1NeigVx7VUmZfi00mNy3K83V9dBRUmJMbxMO7xnCqjGmTGvTmBPTehG8wozrodP5sWwp35ZP5+m5ucwc1QIDfel4/0oB/O/4khT+lE8jgGUB3KqpCc1NNBnYw4CcBHueVx/nedUJXlSf4vUVf97djODDnRje3YrhzbVovr4bxdd3onl7J4l399L55mEW3z7N5fvnEi9y+P3pGf7xopBfXpbw85tyvnlZynevyuGHW/D9HX7/pkyaruTX98X8/n0Ff/5cww/vKyUu8u2bGlHv96dXl/nwpJxvn1XwzdNy3j0qkfZdO/3t05p/EcDJAdZ1Ajgr2PyLAjgz1JqQ47M5bjsOu"
11888 [Forwarding screenshot on session b1310904-d161-49ca-a1a6-530fba7baea8 to remote] DEBUG org.apache.http.wire  - http-outgoing-47 << "z3diD61iRjvFbgeGE3UyY0cOdQPP9cZpAe4kuZ/FN8j0zhhPx5/9ymcchmMn8sKIk6sxs28vzQ9jYDj8wk+sZtzqenkhB8nN2wnhUEWIm1wYchBgSyAi+UIYL/1pJ5YRNqp+aScmEvqyXliOuP0fDK9F5Dls5Bsv1pyfWcKAZzhMYmzx6dzJ2kc9/LnCwFsbCqNVWPp3DU2ls6hCW0aG9JEX5kBAzsze9MqFjs6EJueQVJRGfM376GeUUO0DXUZOLAnrVo2rxXA9bT/EsBKKCsr00BTjgDWlsZiPcI9pPF21Z73lad5XraVrypdBQ/Pb+FpiQdPyg7wpsqVe1k2vCi1pDR+BzuXz6WlgQHdmmoxuLkhW0Y3JtF+Gmekzxd3ZC4pAYcoSPCiKMGNsiRryjOPUpFzmiulUdytThUC+EKKC8UhW6iK3MC5iC0iHXRJ6HZCHSYQLEd5nhhD6ukZRB6ZTFniFs6EribmyCSyvKaT5jWBmGOjKYpZx4U0S0qid1OdZse1fA+u5J6kMsuLCxKydL54NvC/SgFdEGXzb1NAVwUs5ErUKoJsp7NiRn/ifbYLAXw9bTcju2iJvm3VRBvLnQux3j6VQxtHcfTgbA5tGsfKmT0ojdlFTdoh0n1WkeK1vE4ARxyZLQRwoNMkAm3H1glg3/29RPpnt62d/0UA+5zaLwRwqu82ysK3UR6zm4rEfwrgG5GLuBA+kyiHnsTZ9RFyM/eILIB7CwGcKc1f85/O/cjJFLgPkpZPJNdjDgUnFv5vC+Cb0Ws+EcDjeRY/ledJ0j1MCOAFPI2czf2IWZw7MZx4684kOfYi0aE30Qe6kuM6jMv+0yg7Ohn3WSb4rWhOmfsQyty6U3WsN5VH+1F2bDCZ1t0I391e1PqNONiLONsBxNv0I9qyB8l2fUmTrlc5pXS4ZU8iDnUj5mA3rgTN4FbYbG7HzBcC+HHMMp7HrRICuMzTjAypT1Icu5LpNJzio2PIt+1FkXUXLh7uxaXDPYQElusBywL4gkN3qu16UWUjHZN1Lyqk9zwn9e9Zm+6U2nWh1L4PlW5jKbAbx8mVXdk6WpeA/WZcS7PiRZEdb845cSdtB9fi15NzdJL03hNJsZ9Amt0kEqzHUOgylis+U4Qsf+wzk6RFbbEbYczuGR1xXDaCeYM6sWfZbI5sn8XNpF28yljFveg5Qvg/liWvLHtl6StH/ErTj+LWCh7GrpHa9dK5WMWzuCU8kyW4dL7k1NCXgicTYWGCl40hXhZNOLWzjTTu2uC6synuexpzfFtjkWbbe38bvHYZEGlrgut2HZJ9VvPyYhaPz3kRat+RIPcx/PCymDfS/flmRSQPCp2kfa8gZncfwrZ1JmZPT4Esgj/K4NrI4FoZHL25M5kn5/LNbVshgN1Wj0dVuqbU9eRnr7p4FsuZOIx05ewj2oKP0yZ/CWBjfT0RJaypoSbQ1tZEV1cbPT0dIYD1tdRECuj6miaMGt2b15eOwmVbIYBTDgwiY+8AEh2nS8s9+O3aMb65k0fV1btcvvWAhJxzlF+u4u7NWzy/doFvbgXzjxunuR6yk7SDw0mxGClqGH93W9rnrcOkuq/GyLAJes26Y2RiKMSvcaOmGDVsIgSwjKGhocggIkcrdxvYkZRje1Aa5/8SBf+k56b3otbvp8L3S2gY/U6/fW+/uA8FChQoUKBAgQIFChQoUKBAgQIFChT8Z5o1NBIpFOV/osri99NWFsJyJPDf+W+FsMyXln0qhBvr6GFgWB8TQw2a6uuKaGMdfRN0Gyhhv6Ybb/MW8Cp/Ji+LxvM8fzavz84i0qU3raTj0Je319eoQxa+H6cb6anTUFdaR136bBLyZ5T/2awjTcviV649qKmqgqmGEgM7NqG9ibqQaEr1lFFS05XaBqhLxyDX/a3XoD71G6hRv55GbcRlAw3qCSFcH2MVJTo108VEUx0dJW0MlZVYNLUV0wYbM7FLJ05O60vQ8jHU+E3gfdECIYCfl81n+ohm6Olq08xE5z/S3FT3P/J3ASxHdDc1UmdAd30hgB+XufG4wp1nlZ58ddmPdzfD+OZ2jIgCfn87lu8eZfPdw1y+e1zAD0/O8uOLYn58WcT3z/P58DSLn19k8suLc3zzuJyfv6rmj2/L+eXrQn5+Xsrbm8W12z0v4c29PF7cyuN2dRrXKjJ4fPs8j2+V8eBitkj3/PZhMV/dz+PNg3y+fljIT69r+OFltRDAbx9X1gngF7fOfCaAU/121dUAllNApwXsEymgUwIO4HZoOCEeSwg4vEbI3ciTa/A7PJ+j1kM5aTcHl/1DRS3gqBPb8LCeKOoAn7Afi7fLJGK91+FhNYW4kyvwc5qP39GFJEjvU52XQ1aYK3nhOzgbcpAC6X1l+Xsm+IA0f0AI4FzffwpgmXSvBWScXvhP+eu76J8C2H8O+dJ8xrEJ5B0Zy/XIwdzJmSUEsKGJtojWbtJQX6QDl6OBmxrWo3+v5vQa1JUWfXvQc0BPeg4cTMNWHVHW0EZFVYl+/TrRuVNb6tdXRqWBrqgBrKFcD2VlaZxq1JPGpTZaSg0IcFkMT0J5X+3BTzeO8fNtL95fPsx3t5z54fYx0X64FMCfdxL4+YYXCScXs27OBIZ068zI7g0x69iY/kZKHF4zgLM+S0Qq6IzAvRQmeooU0CXxNpRluFOWdYqLZ8O5WZEoagB/FMAXwtdRFLye8qg9lEWYE+44jVDHEULwxh0fT5jLWAoj15AbtIRQ+5Fke0+X+nA6sVJfFUVvoSbLnpLondSk23K94DjX8r2oyfWhKseH6gJ/agr/ZwF8Ns5B1AAuCLOqjeYO2sfZoO11Arg6cBFXo1fjdWACC6f2IVYab7eyt3I7cxfLzFqhq6NOd6kfLLfPxX77FCzXDcN6/Si8bFdhu2MOZyN3cjHdWtT/TT4lRwAvJUYaS2Euswl1nkWg4xT87cbibzUcn/398NnXG4/tnTmytRNBDqPICt1MVsCazwRwis9WzodtpSJmH+UJ+4SglQWwLGJlARzr3I8Eh35CbuYeGUmiYx8SnPsLAXw9cBpP4qZR5DGEWPvR5BybTb7nAgq9ln1RAF+J2yOxi6txO7gWu40bsVu5GbtRYj23Y9bXCeBrwVO4EzaBZ/GTeZE4laeJM+oE8IPImZSdGkmSbVcSHXqKKOCYQ13Idx/BlYDpIv3x8bmm+K1oKgRwuXsPqo/3oupYXy4cH0y2bXdCd7bGf2cbIYAT7AeRZD9QkO4kcXgwSU79CbPsSvjBTsRbd+dy4NS/BPBcHsYuEgL4Rfxq7kcs4pzHSDKlZ0SyQxchyUuOmXHGXha6XUUEsCyAL7p0F/WAyx27Um7XlQvSPi9Y9abKRjomad1z9j04a9uZEuuuVErHcNayL8XSGD3vOhOL8UasGaKN/bLe5Ern/E5GrQh+fsaSm4lbuB6/SerHzVwKl/ovaqPUBwtFJPSdiPlUOowmaHJT9g81Zf30TuyZ2p3hbU0Z3ac7i8d2p9R/JQ+j53I3bAZ3IpdKn00WwBt4krBRIE/L0ldeXvvaJp4lruFpfK0AfhJTGzUsBPBBU3zsGnLqUEM89zTl2I5muEmcOtgez92tOLGrnTQmTQmxaoy/uRan9hvh6zia15eTeFsTSqbnOLylsfaD9Dz48OIO92tSuJ1rT6XfUiK29yJsazeidvUURO/uJYjZ01sQu1e6liQiN3Yk7fgs3t84BNescVs9tlYAy6UZpGfwRwEs6vHLkb9/yV9TA10aGurR1NRItHKUsI78wy3pe4mu/P1ET0v63qCDlpaRtK0cCSw9l7UbMnxED17WuPHHRWve51uSJF1zqXv7E+8wg2dVR/n5shvf3Mjhzu2HPHjwiOSiaqpuXuXu7Xs8uVbJu+tB/HrNSxrvO0k/NIpU8xGijvm3N9zgZq0ANjFuhn7zHpiYGGHSuJlAFsBGxqYiDbQsgOX6v7KUNm5hQqDLDoUA/jt9dr5DWfOPz2Tvv8O098+Yeb/64n4UKFCgQIECBQoUKFCgQIECBQoUKFDw75H/wSpLUTkdsoG2LH7V61r5n7FyJPDfkf/h+imyKP4UOXL4I/9uuYyJvjaNtPXRN"
11888 [Forwarding screenshot on session b1310904-d161-49ca-a1a6-530fba7baea8 to remote] DEBUG org.apache.http.wire  - http-outgoing-47 << "6iHsYE6TfR0hADW0pWOqb4Sdqu7fiaAn+XN4lXRTCKce9FSWxU9fU0heT/yUfrK1Nb+VUFXtYH0+ZTFZ/xU/qqpKqOmooq+RgPaNzVET6U23atSAw2U1HRErV8tifr1lFBRro96AzWUlVSk5XKKXSWUpf0qa9QX9UHl7ZTry++jLaaNdetjoqVE91YN8ZrRn4i1k7gUMIWvC+byTdk0np1fwNRhTdGXPu+XpO+nfEn6fo4+TRtqCQHctLE2LRob0cRQTUQA5yc78aD0sJDAsgB+fcmbd9dCeH8rUkjgb27H8eZOEm/vpfDhYTrfPMnh26f5fCfX+X12Vpou5odX+fz4+jw/fFUltWX89q6Ybx4mcaPgFNWJx7ldHExl+inSAhwJOXYQD6sdhJ48TGlWIqkRAZRkePPhaQnfvSjh7eMc3j3J593jQn54WSXqAX8qgOVI4I8CONnHnAy/faT47iQryFIIYDkCWBbAJQmnSPa3wPXgMOJO7yE9yIHTzlNwPzSBxID1HD4wAC/7xfg4z+Wk/XTcrQeKtNBuh0ZyynEiUSe3EOgxES+HWZwJtyXi2Ca8XecTI+3z4plMsiOcyQ7dSEmYZZ0AltNBCwEcsk8I4LSTi0Vq0xw/ueZvbQpoOf3z31NAZ/vNJc9nESmHR5FmNZBq327cypjKsC6mmDY2pKWRikh7rm+kiaE03cK0HoO6GdOlrQFt2jSifafmtGzZnGZNWkrXhoFInzqgX3t6dmuLav160rjTQ0NVCU2V+jRQlsarRj1pzOqhKY1Tb7uF8DKB76648o/bIUIAf3PVnV/uBvHT3eP8fMeX72+H8vOtKH68fYpoz3ksmTKCgZ07MbB9Q0a2aUZnE212zOlBrtcCCgMXk+azjoI4Z0qSjwm5WpIinet0TyoLgrlSGsODmoQ6AVwRtlbqsw2cD99Daeheol3mEus+meijowg7PJwQp1HEn5hBgudkwp2GSf05WQjzbP+l5IdtpTrDkZKYHVSnW3G94Bg3znhzKd+Pmjw/qvMDqSr43xPAn0YA1wTVRgC77RrF3Mm9SZRev5m1hVtpW6TP3Q3lBkqY6jZgw4IRuO6eyb5FfTi6ZyZhR3eza9VkiiJ2cCnDhgzftSSdlCOAawWwLH9lAhwm42drhp/lMLzN+3J6Xy9R/9dlcwcC7EYIAZzpv1oIYF8vaUw7bSTZewvnQqX+i9knUkwLARy5nmvhcgTwbBKODCTJcRDpDkOF4Exw6E2K62BRA/ijAD57fCgx0v6zj84i7/h8IYBL/VYLAVwZtv1/UQAvFAL4bvh4nidMqRPAL1PmCwH8MGImlafHkGLfjQSbLiIVtJy6udBjJFcDZ1DpOZUT8xvhv7IZZe6DqDjakxrP3lR79KPm1FDyHHsQtruVqPsbZdmHaKu+JNgOJN9jLBnOg0mw60OSU1+i7boRZ9+VZPvu1PhN4m7kPO7EzhMC+FH0Ymmor+Ze+EJKj0n9eljaxr4z2S4jOXd8HIUOfb8ogC84dxURwBeselJh2Vtwzqo7Z607UmjThnO2/TkrLSuz60eZ4xCyDw7GepIRu8c1ZcVAI9aNMibAYiKX4/cKCfy62Jo7adt4lL2bJ7l7eZVpLt37F5PrOobCY+NJ2NwLr/EtMR/Vglmjm7NqeHPaGTRAT1WNjqbKRFqOpVw6l1dPjeZu6GLuREufKXYtDxM28Chxo0CerptP2Myz5LXSeVnBc7kOckxttPCl0KlSXzYhxLo5/gdM8N1vhI+5CSd3NMZvf1s8d0vPpgOm+BzUJNzaFL99OvhZmeC+vxM12Yf56WYKV2L34efan9/elvPHd29596CMe/mHOS/dC0I39yZiWz/Ct3cjYkf3OiJ39qhDFsPha1uT7DaNN1f288flQxxZOUb80EpVuz7GqrU/zpJLMxhL3zlMdDSla02Lhnra0jNMj2bGBjRvZEIjI33p+4OWSBctS2Ad6TuILIH1pO8UfxfAgwZ3lp51h/lHtSXv8g6RbNGflD39iLSdwsMyV76vPsK7y2ncuX5XpH1OOnuRiutXuXXzHo+vXuDNtWB+vuzF1YCdZB4cQ9KeodI9Yw0frh2B685CAJsafS6AhfyVMDFthLFJQ5ECWo4Alo9JW18PxwNrFAL47wyweCuie6Wx8D8i1wNuO/07xpxSSGAFChQoUKBAgQIFChQoUKBAgQIFCv5X+J8EsBwJ/JH/RgbLfCp9v7RM5qME/kwA6+pipKcqBLB2PSVsV3Xl69z5vMybwYvCcUIAvyycIQRwCy0VdPU0hOj9O7L4lTHWUkZbrYHEPwXwx8hfWf6qKquIeoOtmxijKb2fLHuFAK6vLsSuYX0lkQJWlroqSvVEnVVlqZXXq6csrasmvaYuLVPTR1VDX9pOmldRRl3FVKSJlqXs8cm9iN4wleuhM3lXOJ/356byqHgOkwY3wshQ/4vS93+Fpsa6NDHVFDWAZQHcvJGhEMCDexlRmHaYR+cP86TcnZfVJ/nqsg9vrwbz9kY4725ESkTz9kEEHx5H8u3TaD48i+Xd4wSJDL59VsiPL8/z9vlZvnldyj++r+abV4X88KKAb++mcCXDlbu5x3hWGUpV+lEKImVpeoQ4b2cqcmK5f7GYsFMuJIZY8+ZhDt+9LOCrh6m8e5LN+ydFIvr3w+OqOgH8/kltLeC/C+D0gD2k+x+Q2Ed22B6RArog6hjpwZYEe8yS1nMlLXg/sV67Oe08EV/XScSc3oj7ITPiTu/Dw74vR61GE+M7H2+nBYQcXU3g0dkcPTSJxKAlZPs7kBFojY/rIk4dXsmF3ATyop1JD1xDceghIYDlSGBZABcFW9QJ4PSTi8k6vUhE/34aAVyHz3wyvOeRfnomWafmEWc/hNg9XTl/sp0QwKN7NqVpq8b0bKlH+9YmtOrQhBat9WnbrD5926jTWk+Jrk30adRYQ0TpN9U3RqdBfdSksTiofzs6t28ipG89JW3UpLGoIcvfBrUCWLmBAdpKapy2XQSPQvjzfgA/XPHm+2s+/HonRNT//eFGMD/dDOf9HT9+vC0tu3dc6sP5rJ47gQFdetCtsRHjOnSjY/MW2G6ZTrbPQhJcx5AduJqKTDeyo53IirClMMGR4lQPynMDqCmK4G5lrBDAcg3g8tA1IgV0SchOzvjtJN5tsYiKTvWeLKKA5UjfqGPjiTs+jiRPM7K9p3I2bCkXEnZL7yNtn2xHcfR2qtIs6wTw5QJ/LsryNy+AyvyA/60U0IUBWykKWE+R/youBi/iUsQK7LcMZsbEHiSHWXAjczPXkzawb2EvcY021FVhzayhuO2ayfaZ3fDYNxfXvUux37WCwvDtdQI48cSyfxHAPvYT8bE2w+fgELz29ubUnh64bu2A08YO+NkM+48C+EKsOaUx/xTAV8MWUhkxh2T3ISQ7DSbVdigptoNIdOxHlscoCo5O4Kr/FO5HTqTo+CDiHUf/iwAuC95YJ4Avxu7javxeid1ci9/J9bjt3Izbxq24TRIbuBO7gZvRq/69AE6dx7PImTwIn0G1zxjSHHsQZ9VJoguJ1j2kYxjFtaDpVJ2YxskFjf8pgI915+KJPkIAXzo9jKIjvYk90J4Yqx4kOgwmxLwbofu6kXu0VgDL9YQTnXqReLgXaa59SHfuTZXPBB7ELPxMAL9KXFMngLOP9CXRvoMQwOc9x1Mk9ZGcArrauYcQwDKyAK50+asGsF1fqm37U2XTjzKbnpTYdaTYvi3n7IZTZj+Y87Z9pHWlYz88CsuxWmwZYsDeCZ1YM6oJ68Y0wnJhO2IcJ/KkwIIn+Xt5kruHO6mbeJayg0rpPhAnnadwi34cm9GEk+NaYzulG9NGNWfn9K4MbN9YehYa0bGJJtHW0rmz7cUl96HcCVzATWlsyhL4Qfz6OgEs8zhpE0+SN38mgJ/Fr+JpbG2q6Mth04i2akrkvlaEmRsRZalLvG1Dws2bEnGoNb4WeoS66BJsr4m/uTYhB4w5tV8Plz1NiPBYyO/3cnhbHEScnxl8fxl+/pFfXt3gZZmXqAEcurkPQRt6Erq1iyBsW9c6ZCn8keCVzYk/PJGXNXv4x8UDuC4fXSeATVRURGkGI"
11888 [Forwarding screenshot on session b1310904-d161-49ca-a1a6-530fba7baea8 to remote] DEBUG org.apache.http.wire  - http-outgoing-47 << "+m7xqcCuLGBrpC/LRsa06KxKU1MDKXvDLUCWFt+hmvWRgLLIlhb21h8v9DQ0KCBlin9B3TgcbkTv1UdEgI45WA/knb1Idx6MvfOH+GnS+58dy2LJ7cf8ODaVaJzyzl7qZpr12/z6GolX18P4edLp7jst520/SNJ3D1Eumes5t0VF7jmRKrrKkwMm2LQrFYAi9TPJo1EKuiGjWolsJ6enpC/Wlpa6OjosXnjLJQmBrxAwT8Z5fYao06/fFH4/jvaTv2OcadffnF/ChQoUKBAgQIFChQoUKBAgQIFChQo+FcMjXTR1FJFQ1MFHV0NtHXU0dJWE628XFu3HmoaSqiqK2FkpIaBgQqamkoY6DVAX7c+Buoan2GooYmRppbAWEsbEx2tf4uprjY6mvUw1dKjhY4JBioq6ErbaatpYaiixKEN/XmeP4MX+WN4nTuD51nzeVI4nwCn0TTRVhJ1AQ20dP4FfU3tOj4KXw0VZdHK8zLyvLpyAxrqNKBlI31UZNkrp9CVlsk0aCCLNCUa1FP9jPpKKp8hp4iW01PKUUuNNNVoKn3mNkaN0FGS+kLVkG09exG7cSq3T0zmm6Th/FA4ivt5C5k0pLauYUODejRvqEarJpqibWqiItoWjdRFa6yv8llN4IZG6oIWTfRoYqpFQxMl2jTWp6mBOqb6SjRspEkTIy3G9DClLGYv98/bcfe8PY8qj/Dq6kne3PTnq+sSN4N4ezuct7fi+OZeEj88yuCHJ9kSuXz/JJ8fnhbw47MivnuVzA9vcvn56/P8/KaCb18X8fJxBHfvOHP95h5u3nDgymVbLtXYcvWyMzeuunHlohtV5S5Uljlztfo4b58liHrC7+5l8u3DQr59fI73j8/zzfNK3j2+xFcPq3n39CLfvKzh6fVskgNl4buDDJ9NZPjvJitwL7khFuSGHiJTeu1cohu5YbYkee8nJcCRuNNW5EQcIeL4NjxtZomavp62QznpMAhvp3GcdhyD457ueFgPJvLkPFz2jCLFbw/pAZbS/uzIjfAkMcSKMJ+9lKbFkB3mQV7YbopC9pIXdIAzIeaUhB2iNMyBvOC9pAWtIdJrNXPMOjO0RwuG9Wwp2kFdm9K3gyk9WhvQtYWuoE1TI1o3MZTOiQ6NDLREZJuhnC5cpQEGcj1LLTVUlKVxJo0/dbUGaKgri3Eno6mhgqqqqoQy9aRxJr8ur9e3V2d6dG0jUj/LP1RQqy+Ny3oaKEljTkVZQwhhOc2qzYEV/P48gp8fBfPd3QA+3PLlm9sB0nQQ394J5P2NAH6878vPD4N4fzuY9KAdnLRbQt82qnRqrMzAjg1x39iDfO9l5HotIfOEHO28ibJkB84mHSYz2pHcSFvKco5QfdaH8pxQ7lQkUZXuwPnIzZQFbhIiWK7/ey5sH9leGykO3kGOzwqiD48jyHYgUUf7EnNsCHFHxpB2fA6VseZcSXOmJNaWitTDXIlazcVkC6pzPbl8JpBrBQFczfUTArisIJQL+UGU5QdTXRItzYdzJtWb4jQvzia4URTjTHHcYQoiHcgPtaUg5BAFAXvI991Coe9azgaspNJ/DlXhy3DYMpRp43qQELSfW1kbuJe2GtsV3Rjb10RkAli50IzDlnMxXz4ef7ulhJxcjv3BNeRHbqE6/SAp3itI91tLyqnVpHtvkD7fYiKdFxJsP5kAm3H4W4/Ba/9gju/pLer/yhLYz7JfbY1r6VgS/DcQHHAId+edxHvu5HzoLqkPd1MedYCa2B1ci1nDlZAlXA9dSannbHKOjSXCthsp1v2Jt+9DSdBsCk/Movq0XAN4CjW+40i1G03m0dnkn1hMgddSCr2XUxq0gYrwrdTE7OF66qG/BLBE3A6ux2/jVvxW7iRsktq13I5dw/3oVdwMnccV37E8ip7My6QZPI6dyrOUBTxPW8LL6MXcDZ7FtaCZ5LoOI8qiKxHmXSnymECx5yRuhE7nkrcsgBsRvLYFpUf6U3OinxDAl04M5uKpUZx1GUSu4wjOek4jyW44sda9hKSMPNiUGMvmJNp1ERHPcn3dC4FLKTo+lSo5pXLUPO7HLuZR3FLpuFZJx7dUml4uvTaNmIPdSZH2W3xiOudOTKHUdSgFhzpy8UgPLrt05qJTB6rs21Lj3INqp+6CKoceVNp354Jddyqkvi236cpZ56YU2XSk1LY3F10HStP9OWRWWxt746Qm7DBrwa7xjQlY0hDXyZo4bphAZvBBnheYcyt9GQ/S91MZspBLJydzdkNPAsxas3NQS8wXjGHJqK4cWtmfPq2k56SmKl2bqBJ4cCx58nE7D+GmzxJuxazmbvw67iduENxLWC+Qpx8mb+Je/AoepayU5qWxEbWEG9L1ciNqJcU+o4hzaIavZStpnHQhzKIDkeZNiLcxJNJahSAZB31Ss45y/Uo1F4oDKYifw/FdDUl0H0lFxn4e3Sjg4ZVC+OMDf/zjPX9+d59X5SHSuNhF4IaO+K9tR/D2boRs60bw1q6C0C21hG/tJji+rpX0ntP5rnQf/7iwmaMbh9X+kEpDTzzndeU6wBIGWrXpn2VkoStnB2lqaig9AxvS2MgIY11d6XmuiZ6GRh3yvJZ0L5V/6KUnfWdpID2H+/drxZPSo/xYZs77sxtJOjhKGo+diTk0hG+KnPil6jAfamJ4euMhF28+o6K0nPLzl7lx7TbPrxXzrtqb32ucuBiwgFiLESRa9CPTexEfLh/lz0przp5aQyPpXm7QoqP0rDXC1NRUYGJiUoexsbH0PclAiGBljQbMmDtdIYC/RLvp3/2L5P1P1KsP3Vd9YILfl/enQIECBQoUKFCgQIECBQoUKFCgQIGCz5H/iSmLX1n6fmw/nZZFsK6epki3qKZaH03VBhjr64jIWYO/6vbJ9ftk5Mjhj8gRxDJyZPGnfFxe97qeCsYaOjTS0MdUW4tGpg3R1dbDSE0Jm23DRdTv05yRvMyZxPPsmTwtnkmgywia6ihJ768r7eOfEcoyepqqn6Ghpo66qlod8rzMxwjgRroqtGpoWJv+WVBfUK9ePSHbZPEmU1+a/jJyFKYSTY30aSz1URtjAzo0bUxLE1M0lFSY2kKPo0sGUH1qMu+yp4gU0LfOLGXKaH10dOrxsXayXE9Zrq8sTzc01Bb/ZBatiTamRpoiQtrESI1mTXSlPpL63UCFxnLq5yYS0nu2MNGnRVNtmjTTo6G0/sgexqJ+6J2zttw968Cjcjde1pzi1WU/iQBeXwnm6xsRvL8jC+AEvnuQwrcP0yUy+FauC/w4R0jgb59L7ctiIX9/+foC378p4u3LOJ4/OcHDR/bcf3KIOw8tuHXfgjsPLLn70JZbd224cduGm3fsuXUpiHdPpX0+zebN7RTe3cvm/cMzoibw+2flfPfysvR6NW8eXeDVg3NCAKcEWpIXfpCCUHMyA/YIAZwTvJ+ckINkBFhQmuBKdog1CV77SPCxIi3IgZhTB0j2O0Sw+2pc94/khN0wnM07E+A6lSD3yRy1HCAtG4qH1UjCPZYRf2ov2UGHSfO3JDXAjYRgG5LCHag+k0NuxEmyg3eRH7CT0mh7iiMOUhx6kPMRThSGWwgB7OU0m27N6otxIyNHin+MFv8UeZn844K/L5eR0zmrqNT+2ODTMVU7Dv85HlVUVMQ4U5bWk8fawH49hQSW96FWrwEaypqoKGujrKyLpoacElqOVldi7/b58DSA3x/68Otdb365c1q0v93zk6Z9+OnWaX6+JU3fDpSmgzgXtZNb+W5k+W8n2mMNqT47yDq5iByvJaQem0uO9yryAjZTFHuQ/Fg7smOdRRRwfqItRelHKcsO48a5OCpSbEXdzIoQWf5upThkG+WR+8nz2SLSL8t1gdNPzSLEfjDBTj0IdelLpNMwCvyWUR1vzoU4SxFFLAvgy5GrqEnaT1XOcS7J8jffnyu53lTm+nM+P4TyXOm4cwOpKo4SArgwzYeS9NOUJB0V8lfmTJTjvwjgAt81QgBf8JtNZdhSbDcOYopZNxKDpbGctYnbqauxXdmb2SNbYthAiblTB+Jhv4Kj+5aRHWhBTsw+jjtvozBmOxdzrKW+WkmatM+kEytJObWWCKf5h"
11888 [Forwarding screenshot on session b1310904-d161-49ca-a1a6-530fba7baea8 to remote] DEBUG org.apache.http.wire  - http-outgoing-47 << "DnM+6IAdt/WpU4AZwbt+5sA3v65AI624GLczloBHLpICODzJ+eS7zmBSLvuxB/oRbx9L2n9ORR7zaX69FTuhE2k2mcsqXYjyXSX1v2bAC4P20JV1C6upRzkmnSPkAWwHAF8I2E7txO2fSaA70Wt5EbI3H8RwE+T5woB/DxqkRDA1yXy3IYL8Rp9oBtFnuM5J93zrgROFgLYa1ETQta1FBHA1Z59hQC+cmqomL/oNZ6z7maUnJxG4YkpJDn0w29XY+JsWhNn1YqI/W3IPjqayuDFVAQuEuvdjl7CjbBZ3ItZVCeA5TrAD2OXUek7VRxDomN/ad0ZlJ2aQtnRESIC+NrR/tw82luiJ9dcu1Ht2Icqh96CSrs+XLDtTYVNH8qte1Nm1YtCh/YU28gpoAdQ4diXM1YDsBhuwOZhTdg0tglbRzRh57gm5FgNJXpHH7bMH8rqGb2JtxvH9biVXIvezI34VTyKWEjpjt74TWjOhj6GrJvYieXjOrBwWENGdtFj4fg+rJrYmdPbBhK+vRPxu7uSbjmMbKeZZDnOEMjTOc6zBB+X5zhPIddlItnOY0l3GEem41QynCcTb9uHEIvGhNhoixTPEQeaS33ZhnibFgRbGBF0sBmJrgPgx6+Al/DrQ6nJJ9GtH6fMVaV76zgeXYrn9aOL0uvf8/vv3/DHd/d5URHCjZhdBG/pScDGbkIAC/6dAF7fgjjraXxbspffKjZwbNPwfwpgdQ101NSEAJZl7sfvEnJmETk7SBMTA1o1aUJTWap+QQDLaIsfmimjL31PkQVw3z4teFjqLgTwu6JNJOweRciOLoSZD+RVoS3va6x5dtWPm3erKH5whXOXL5JfWUPF1Wvcv1HCm0t+/Fp9mBq/RcTvH0fC/r4iw8P7S+78ccGKIq9aAazfvMN/JYDVpWd6v8F9UZoU+BIFnzPC+Q16LX+THnJfFr5fQq/1b4x2/+qL+1OgQIECBQoUKFCgQIECBQoUKFCgQMHnmJgaCNGrrqEsIn7lVo4GlpfJ8/q6BtRTqi+iDLVUNVFVUkZFqQHK0jIDdR0hhP+Ohkp91JXrCTTV6v9HNLSU0KynjLqSEur1lFBTU0GWXvL87lX9eZ63kKc5o3iZM5GX+VN4WjIJH4d+IkJYPiYDHeU69LUb/AuqahqoqKrXIc/LKKuo0UBZlSZ6GrRpZCoiKYX8radCg/pqKNdXQa2BMkoNpOUScsrnj9SX3vsjSspq0nZKQnprSG27JgZ0ad2Ift3b0qaFCV30ldg8rScZHkt4lLeVp+e2UpG1nRmT22HaUI+ObdvQtmULWjdvJtoObVqLZXLbrlVL2rVrRMuWRrRpY4qhoTrGxpo0b25E48YGNGliSNOmBhjr6tPU0EiIYQMTNSGLh3UzpDRuF4+KnXhceoSXFzx5e9GHd1cDeX81jA/XI/n+dizv7kTz4V6skMBybd9vH6Xy3ZNMfnyey88v8/nmyTm+fXqe75+fF3V83z/L4qun8bx4HMSTB6d4+PQo9x65cefBEe7cd+PmHXeu3XAVXL95lDsXk/jqfi5v7qXx/Fo0r28l8PZ+Dm8fFfHheQUv7xXx4r7EvbOCV3cKSfA9QEbAQdK9a6N/ZbKDzMkOliOD91MSf4SsYCshcZP8D5LoZ1krggPtSQnYj5/zHFwP9MPbZTBe9hPwtBlOxMkpHN7fE1+XCWQE7yYz0Il0n6PSfmxI9HEhXto2I+Y4l88WkxPmRU7Ibs6G7hHSsDB0H4VB0vuG2pMnHUdqwBr83RbTo4U0VuWU4Spa1FPVFq2SsmYt8rREgwbStaKsLASuPC1H9Mrz8rSamjR2pDGvVL8e9RpIY09q5XkRga4ijT15Xr7elDWk7ZWF/JUZNqg/Qwf2E2JZXVquLh2DLIBl1FS1UJWWq0n72blpATz24c/7p/jHHU+JE/xx7xR/3D0t+P2OF/+4Gcoft8P59XogyW6zKAtbz7mQ1SS5TSHDcxYZXksJd5hMzOEZ5AesIzdwC2eiLciNtiE90pb8mMPkJTpIuFKaFU51XhjnE61E3cyayF2Uhm3lbPBWKmMOku+7lQK/zRSHbiTXbwFBdv2JOz6M+OMjiXc140L0Ri4lWVAasY+Lme5CAF+KWElVwj4qsz24mO9fJ4Av5PhxLi+YspxASrNlARwjBHBRui/nMn04n+IpIsXlsVIY7URBmF2dAM7z2SwEcJH/Cip951IVsoSDq/swcUwXEkLMuZ6xgRvJa7Fc1ptV07rRUq8+Q/u2wM12JX5OmylPPCx9Tnei/G04K11jl/PsRARwivcqEo4vJ9FzBeGO8whzmPuXAJ5QJ4A99/T9RAAP+BcB7Oa07TMBXCYL4Hi5Ru9aIYBvhK2i7PR88k9NItK+BzH7uwoBXBY2l1KfudR4T+NWyDiqvEeTYjuCDLc5nwjglZQErud8yBYqI3dyReprWQAL/iaAbyes4470nnejlono3qt+43gcU5v++aMAfpa6mGdR87kbOpMbITPJcxtKrHVPoi17UHjcTDrOqVz0m8Bln+n4LG0uBPAFj6FUevQWAviq1zCqPIdT4TFC1OmVo7Fz3M2EAA4/0FbaTyuiD7Qm0bYrme7DKfGZycXw5ZR5z+Bq6FzuRs+vE8AvElfWCeDy05OEAI6z6yMigCtOTxMC+IxlJy67Su97pDuXXbpyybkLNY4DBdUOA6iyG0ClbX8u2Aygwro/5Vb9KHIcQLH1IMptBlJs1Y1zjsOxndCMXSNaCvlrPr4Nm0eZErWnH/snG9GrvREdG6phPrkprgubk+08lXPSGJP7IGdTD0LndmLX2OYsHGnK3OFGLBrSnLkDTfDcOxHfPWMI2zmUqB0DiNs/iJA9fYjdP57ofWOJ2mtGjPk44g9MJOHgpLrliRYzSbCYJC0fT8KBycQfnEGc9Hr0wQFEWLYnxlqdqAOGROxvRpxlB6KsWhN2qAUh0nSy23C+eVTDT2/OwveP+ceTy0S4DMT7oClpXou4dz6AH94/Bn7iT37kz+8f8aI8lMvS2AnZ0R+/rb0J2tZV8HcBHPYXsgCOsZrMN8V7+LV8Pce3jBQ/TlHW0EFLTV1IYLkuv66mhvQM15ae2RroaaljqKdJIxN98Uxs1qghRnq6Yp1P0dFQR0dLG2P5e4qOOvW1NOnVszn3zrrxw/n9QgCnmY8ibHcXQqRr71mREy+r7bhzKYDKm9Vk3LpM1oXbhGZVEZlWwvli6dl2MRSue3I5cCkRu4YQu7cXKSfm8rbG9X9LABuYGtKmY1uFAP539Nv1DjW9P4Tc/W9Q0fyDoTZff3FfChQoUKBAgQIFChQoUKBAgQIFChQo+Bx9fV0hXeU0s+rqqmJabrW0NNDUlP9Bq0K3ju0Y3K83Q/r3YUifXkwdO4bJo0YyuGcPhg7qLRg2uA/Dh/RlxNB+nzF6RP8vMmp4P8GwEb0ZM3wI44cNwWxkX4YN78+gQQMYM7gTrgem8zJ/GU+zx/IiZxwv8ibwpGQc3vY9MVJVQlNFThct1/j9J1qq9T+jgbK6oH4DWfiqo6yiUTcvy95GWiq0bdxQ/FNaTuncQK7/20Dapp4yqvUb1Apg5f+AtI2qLJal9caP6kds2AlKC+IoORNLZlowZ7OTuFFewIe75fzxohTeFMHP17l3o5xLF69z/UoFVy+VCW5cvcCt61WileevXDzP5YtF3LlVKbXFrFuzABNDDQx0VWhorCNo3MSYJsaNaNWwEabG6kIAm5pqM7S7PkVR27hXcIhHZ214dt6J15XHeFNzkq8vnubDFX++uRHCN/dj/yKODw8SJZJ5L/HhYZpEOj+9KOeHF+f46fV5fnxVwvevivj562J++VDGj29L+f6bK3z4+qLg/ZtLvHlZxevnEs9qePlEah9c4LvnF3j3KI8X12N4eSOa1/dSefMgnzdPzvHqfgHP7xXUSeCvJGSZmxlgTW6AJdlB+/6iVgD/PQI4KcCcZGm91EB7knytyQy1JuzYEg7v70PU6Yl4Wo/F/eAQorym4byvO6Ees0gL3E1BuAepXp7SfmxJ8nElKcSZzNiTXDxTSlawN7mh+ygJ38eZ0IOURB6oSwGdG7iPZL81B"
11888 [Forwarding screenshot on session b1310904-d161-49ca-a1a6-530fba7baea8 to remote] DEBUG org.apache.http.wire  - http-outgoing-47 << "B1dwbCuDaXzL/8A4D9RG1Fe++MCpc9E70fZ+1EAi9f+Wl73ulIDVKVxKteeliN+5R8qyNfhiAF90ZLGn56qGtrS+NOUxrX8o4WP62hJ43Hj0unwNITfHvjz810ffr7jyy93/SQCBL/dD+LPxwnwKEHUBY5wmEaIlRn++4dyeHU7XFa1wevgOLz2jybOfT7pXqtI9lpLfoQFmeGHiAvYT16UG2fTjlKUcYrzOdFU5oVTlelMYfB6LoRuozhsC0Uhm0Uka47PJvL9N1IQtJrUU9Pxs+lDpOtQotxGEOE8gqLAZVTG7eJ89D5qMo9QnXGsTgBfyDomBLBIAZ3nIyKAPwrgczlBtQI4P5KzGQGcz/IVAvh8krsYKx8F8JlQS1EDON93U50ArvJbQFXIUsyX92DcyPZCAF/J2MiVhHXsmteDXYsG0quVBh1aaOBitZqok/tEzWtZjpXn+Er73sXVfCeSvFYI4o8vId5jmfR55hLpMo8Q+6n4W4/HT+pXL6lfZQF8dHt3XLd0wvdQfzKk4/m7AI47voNzITtrI4BjDtQJ4EshC7kauoJzp+aSe2ICEXbdibXoJgRwceAMik7NFBHAsgCu8TUj2WY4aUdmkee5iAKv5Zw5vYKz/uspDdpEedh2LsXv53qiuRDA1xN2cTNxB3cSt3M3cbPUrhcC+HbEEi77T+Oa/1iexE4WNYCfxEskzeFZ6kKeRc3jbtgMrodOJ9t1IHG2PYQEznMfSanXRC75TxTyM3hde5ECuvL4MCGAL53sKyKAr3ibUXxkAPmHB3P2xDgRuRpn00vaTzdiLKXzYd2ZNKc+JDj0I8llGOf9Z4n1qv2n8iBuUZ0AlmvgPoldyv3oJZw/NUEI4GjpOPLdx4sI4PJjIym06sxV9wFcc+/DtSO9uHq4NzVOval27FUXCfz3KOA8m76ctx3KNdfhlDl0odBxCAfGmbJjeDP2jjZl59DGbJ/QgkQbM1YO06RlU30GdmlD8LbJBKzug+P0VgTu6EeW7Rji1/TGf0EfDszqwfLxrVg1uTWrRndhwQAtvHf0JtFyCIl7R5JkPoFE64mEHhxMsrV0HiVSbMaSajuOdPsJZDhMFG2a3XgybBeRYTeXLMc5ZDotIMtpMRnSdKL9cGJsO5NwyETabyui97ch8mALwqxMiHI0JeCQPmH2Laku8eDNC+me/t1Dvn5SSFWONd9cT+a3h5f57ulZfv7xK/7kl78E8ANeVYZRHbqVoB0D8drcl8CtXQR/F8Chm7sIPNY1J+rQRD6c3SkE8Ilto+oEsIaKXI5BXaCjoYm+tpYoi6CjIf+wSxNTQ7k+eishgA11dWqFr8RHASyLY1kAG2mqCHEsC+Du3Zpw+8zhOgGcuKcfgdtbEbCnPy/OuPK+2oMXF5O4e/0xFTdecPnKO8orv6Ky8in3LpbxtiqIf1Q7cylwPlF7BxK1qzuJ0jPjTdXhOgEsZ+bQbdquTgB/Kn//LoB1DPQxadxIIYD/LQEvaT7iR+kB+WXh+3caqP7JECuFAFagQIECBQoUKFCgQIECBQoUKFCg4L9BFsAfxa8sfDU01ATytLzMQFuJsEBXnj+q5pdvH/Hu5XVePazh3fNrfPPqJm9f3q3j3at7X+CO9NrtOr5+cesznjy9zKvHt3l5/yqP75Vz+14lz5895Omt83y4n8aL3NU8y5kgIoDl9mHRGLxsawWwlqo2eup6/4Kumm4dctTvx2hfuf0YCSzP16uvTBMdFTq3aIJGgwYi0rm+qPWrXJuiV+KjLP5Ivfrydv9EXian5pWlm5P1dqrPJfP0XjE/frgBfz7jl59f8Mt3L/nj+zfw7XN+e3+b3394wI/vpemffua3Hx/x+89P+PPXZ/Dbc9H+8cvT2vl/vODnH+UIrHe8fHaVRfMnoKOhhKFuAxoZawn09VVprG9AC2MjTA1VMTCS0GvAgI6anJUF8Jm9PCq24Fm5NS8vOPG6xpW3lz35cPU076978+ZmOF/fiuT93RghgOUI4G8fZ0hk1vI0l2+eZPHdszy+fVYgzRfz69dXRMQYH57y49tXfPv6Gd+/ecEPX7/km5fP6/jq0QPePr4sbVvN2wcFvLgeK6KAX95J5qv7eXz1uJSvHhYKAfzqYTGvH5by/GY+SX42pHgfIMv3ADnB5kIAf0wBnRV0kLLko6IGcOJpc+J995EVbk+ctH5qgBVRJ7bhbjGek3ajRQ1gP5epBLhOxP1Qf47bDBYpoCOPryPd34HsAE9S/Q6R6n+U1PDDZMQco+ZMIdmhp6X32kth8B6KI60ojTooBPC5cEfORliR5LuWE3bzGdO7NZr1ldBRqY+emjK6qg1Ea6SljrG2BgYaqmhpaKKtpYGujpao96upoSy1qtJ5U8fQUBMjfQ20NaTttVUwNtAUrY5mAwz11DE10hb1gvWl69NIuiYb6mrQVF+Tkf27SXSVxq4yTXXVaSzR1FCHFg31aNPUgA7N9Ondzpjdq2ZJ5zaM19dDeXUtRJzrr26E8/JqCM8vhfDicigPq/24c/4kl/OOEOmxEj/7uZzYPxWP3RNx3DAcy7UDOLJ9JD6W0zi22wz3XeM5ZT2Po4cW4LhvLpab52K/bx6Hds7l0I5VBB+zpCTehrOhGzkfslW0Z0O3UBq+m0yv9ZwJ3Ey27zJi3MYRaN+fMOfhRB4ZSfSR0aSfmEZZ1CaqEg9QKu1DFq1yDeDqRPPPBPC1fF+q8wNFDeCKvBDO54ZSU5JAeUGUEMDnMvw4l3yC0gT3zyKAPxXAZ/xqawBfClhGdfBS9i7ryrhRbYkN2cel9E1Ux29kxdgO7F3Qn5E9dWmkr8SBXUuJ9z9ASZwjF7NOUZR4hLOx+7hZ5EbSqVV1Ajjm6ELCnWYR4Ty7TgD7Wo7hlPkQPPf0rxPAPgcGkB6w5zMB7Oq4lViP7UIAl0XtoSzuINUJu7gSu0YI4MvByyjwmE760TEE23Qh2bo38Q49yD5lRs7RiVSdnszd8PFcCRpHsu0wUlxmkeOxiPxTyzjjtYoiv3UUB2ykLHQbNdKx30iqlcA3EndzK2knd5N2cC9pi9RuELVnb0csosZnIjcCx/M0bgrPEibyNGEqT5JmCwH8JHoOd8KncS10KunOvWvFrU13Up0HUnh8DNeCp3LVbyZJe/sRur6VEMByCugrXv1FDeBLXqO54DmChAMdiDnUhUT7viQ59iHiYCchfrMPDyLeujtJTv1Jchkk0jqnOvTnWvisz2oAP4tfLgTwvajFlHiOFamoIy27S9uPolzqkwvHR1Nk3Y3rxwZxzW0AV1z6CC66dBXUOHej2qkrVY7dqHToygX7LoKz0vuet+3LJadelNp3INt5CBYzWrNpuClbh2uwY0gjdkxsTbbrLLZPb0nLlg3p2MSYE8uGErqqL5bDm2E7rRXHFnfBfUp7Dg3vwPbJ/Vg0tjOLR7Zh6ahObDAzImBbZ1IO9iNx73DizScTbzWFOMdxJFmNEeL3o/SVRbC8TJbCsgBOPDiFZKuJJErLZWmcajdTOg/TiLfrT8iBFkRam0jnRGoPNiXaqiFhNlpEOOpw2kJTuu7ac+NqMn/yLT/+fo9vfyyFH57Arz/x3YsbvPv6Kt9//xW//fETf/75Hb+/v85XFYGU+63Bb0tfPNb3ImBLZyGAg7bUSmBZ/ob8JX9DNnXGY11Twi3G8b5oB7+UrcFrp5kQwA3UtVBrUF/8cEVT/hGLuix1tYTglcWuHAUsl5qQI4CbNjQV0cHy8o/Rwh/X09HSxVC6P8oCuJ6GFp07NuJGnpMQwO/PbiHRfIAQwIG7+vA6354fL9jzTbkvb6rPca/6PE+qs3l6VWqvlPDyYgIfyo/we5U1V4IXErJ7IJE7uxF/dAZfVboIAXz29FpMDaTjbNIW04aGdcL3U4yMjKT7uz66urpo6upgYGKsEMD/iWH2bzBo9+sXhe/fUdP/nRGOb764HwUKFChQoECBAgUKFChQoECBAgUKFHyO/E9KOS2tXGdUXV1dtHKKWhm5Du6A3sYE+1nh47mPjERPHt3I48G1HG5UpfDgSjZ3r57hzpUCbl3K40ZNDters7lWlVXH1cr0Oq5cSBNcr"
11888 [Forwarding screenshot on session b1310904-d161-49ca-a1a6-530fba7baea8 to remote] DEBUG org.apache.http.wire  - http-outgoing-47 << "kito6Yqg0tlmVw6m8jlyjgu1WRw+3oFpRnBJJ7ezNXImdxJHMPzzGk8y57OwzOT8LLpi4GyLGiV0VHVEWiraH+GlrKWQEW5tnaqXM9XbuV5GXm+fj0lWuir0LN9M/Q1Ggjp+zHNrqivKm8j0kHX0kDI4c+R15Xlb6dWJiSGHcf54GrszZdSkObNy0elvP+qmPevKvnuzS3ev7zCm2dlvH56VrQfvrrGm+clUlvON28qePfqPF+/KBXzP7yv5qdvLvLHT3d59biMYG9b2jXTwFhLiZYmGhiqK2GsqYSejtzWw1RDQk8JfV0lqT+UGN5Rj3ORO7hXZM7DUkuelNnxrMKJF9XuvLl8kq+vefPmig/vbseKOsDf3k/mu0cZ/Pg0h5+eF/Djs3xRA/jH51l89zyTn14V8NPLEr5/Xs6f7+7Bj1/Dh9dSc5Xvv7rMz++ui+mvn1Tw1aMyqS3j2Z1C3jyo5N2j83x1O48nl+J5UBXJw4sJPLqaxuMbudy9lM6N6mTuXMoQXCmN4UycK9nBVuQGWpAbsl9I4NwQC/LCLMkJsaQ85ZgQwHIKaDn6N1pq00NsSPLbx0nbeXhaTRapn90ODMbv8ESJ8bgd7I/7wUGcdpDGj+0sEk7vkvblSLq/HRlBx4kPsiQqwIKynGRywo+LCOCzIQcokN63KHyvqAF8NsiewjArApzncmDDSGaP6sOsUb2YP64/CycMFO2iiYNYPm04y6YOE8uG9O7GqIG9mDBiIGZDejO0bydGDe7MzEmDWTR7FCvmjGPepKEsnj6K1fMnsmTGaBZMGc7y2WPF/CyzQcwcM5BFk4axerYZ6+eNY8/q2WxfNoVF4/uzYe441swew+o5o1g5d4Rg2bQBzB/The3zRrJ2QXdWz+sq2k1L+rFxcV9WzenBshldWD6zK+vmdmLVzPasmtGRFdM6s3hCB+aObsvq6X1ZNK4b80Y2YYlZc1aMb8G8wYbMH9aQ6QMbYtbLkBE9jBnYzoj+HbXp3laTPtJ15LBnDQXRlpwN38K54C0Uhm6gKHSLxA5STqwk138daacXEOU+hgi3oUS7jifBYxIpHhNJ85xMacQaKuL2SufanPOJLlyNXiMigMsz3KnK8eFKnl+dAC4/E8aF/FDK8sL+EsAxFKUHUpruS2mSJyXxbnU1gD8VwAV+WymUjqM4cBXXJCoDl7J7SWchgKOC93A5ayuV8VuY2q8JO2d2Yd7YxphI19byBROI8tkjItGTTx3Abd90ShMOcv/8SVJOryHZa7UQwBFHZhNsN4VQh2mi9bMcj88hM07uHcrx3f1w39adI5s7423RXwjgdJ81JAZsrBPAMce21Qng8vhDVMbt4FLsai6GLaImcAmZhyeQdHg4IbZdSbfvT5x9d5LchpDqPJpKr0ncj5zIzfDJpNgNJ9FxOllHF5B3YjkFp1ZS6LuOs/4bhJyvid3PzWQLIYFvJu0RAvhe8k7uJ28VAvhewnpuhS+k6vR4boWMF9G/sgB+lihHAP8lgGNmcTtsKheDJ5Ds0I14Cfl4Eux7kXNsGDdCp3MzaC5VHjOJ39mF8qODuXiyP1dPD+DyySFc9R1DqdsAYve3IeZQByGQ048MFGmg050GkuE4iEyXwWS6DyPZuR9xdj2JtexMdcBkHiUs4kHcEiGAn8Yt40nscu5ELKT4uBlxlj2JsupBlstIKn2nUXNqHCXStrc8h3Hn2FBuuA7kptRnNc5dqHbqTJVjJyodOnPBvhMVdp0F5badOOfcl3OHenDBsgvFDr0I3j+YLdO7sXx4M7aNM2SfWQs2jGpIxL7h7JvZjt5d2tDRVBfzkaYcmaiP++RO7B1tzNZh2uwdZMrabk3ZMmUYm+aOZN2k3qyf0Qv3zcOIOyh9PotBxJuPIsl6OqkOs8g6MpNky2mkS/erLIe5opXTPMfsG0+sHCV8cApR+4YSYT6IsH39CN0ziOgD40i2n0ScwyBCDrXBx9GIAHtjAg/pk+BoQqydHiHWhngfaE1F/AZ++RH+BL7+8Zr09z78/j13a+LJzbPj/U9PagXw79/yx29f8/3jEl4UHaf42DxOr+vKsTU98N/cSUjgvwtgWf4Gb+wkBHDIvlG8K9zKz+dX47N3bJ0AVq1fDzUVuR5/bV1++ccymuoaqKupoCX/8EVPh+bNmmBqYiR+QKOhriqQX5PR1FBDW1MHfVVlETmspK5J+7bGXMt24sfzB/hQvJUs6boL2dmBoN29eZVnzg9lG3lfvJNXJUe5XXKYe8XbuHPelquFDtw9c4i3pbvgspV0/azCZ/NgInZ0Jc59Oq8vOPNnpTXF3uuEANZu3EaUz/gofD/F0NCwNvpXRwctPX10DAxRmhz0CgX/hsBXjDn2Fe1nfP9F6fsprcf/wES/11/ejwIFChQoUKBAgQIFChQoUKBAgQIFCj5DFsAfpa9ck1Selvk4vXzBEPxOmrNr4xTMt80k3MeSC4Vh3KxK5l5NGrcrk7lZkcjVc7FcKo6ipiiC6sJw0dYSJqguDKXqTIigsiBYcCE/iMrz0dwsT+HGuRjuXYrmfHEQ0SFHOWKxHIeNg7mXtIjnOTP4Om8JT9LmcztzGictB2CkooS6cgMRpfsRWcT+nb8v//u6JupK9GzbEEOteqgpK6Eq7Ve5gUQ9JbTUlNCW5j8ii1VdtXroqdevw0RXlcYGqiyeNpzUEHcObJjB9uVjcbVcTdAJCx5fDhY1b799doFXD87VCt7Xhfz6zQV+fVvND6/K+e1djUCe/v5lGb98XSWQp29UxZAZ54qd+WL6dtRhQBdjBndrysAuTRg3sAujhjTBbEBbxvZty4RhHRgxuAMj+3Rh7eS+FJxex6VMS65k2XA114Fruc7cOnuM++dO8+C8L3dKTnPnnC+3S324UXSaq0XeXDnjQ02+N5U5pyjPOElJqjNFiU4UJrmSHXWYWF8b4vwciPN1IuCoBYHHthHiuZNYfwvCvXZz3H4Zx2yX4OWykhOOy3C1WYW79SrpfC7GdtsMLNZNYN/aiezbMJm9m6YJYbl4xmCWzR7GmkWj2Ll6HJEndgkxlhe8l7zQWgmcF3qA/HArIYDlCGC5BnD08Z2kBTkRemwn2ZE2BLgu5aT9dKJPLue41TiCXOdx3GYI7ocGEHFiNkfMh0r7Xoy3w3TptQUk+2+S9u1KetBRAo6v5/SxZZzLCSE/+hh5YXspDbOhKOIAJVH7KYuyEQJYloiO24cza2RjZgzvzewRHYRsXWDWlXmjOwsWjesu2mmDW9OnlTGDOjRhTK82jOrZksGdjBnRoyFTh7Vl5qgOTOrfnDE9TJnYr5lYX54e0cUQs54NGd3dhKEdDBjeyah2nT5NmSytJ4vJCT2lZV10mdjDiMl9TJkyqBHThjRm5ogmzBvRjDmDmrB4eEvp2JpLx9iYWcOl5aNbSLRixtAmgrkjW7FiXDuWjm3DkrHtWDK+I7NHtmby4ObMNZOOf3hb5o9ux8LRbVgorbtQ2p8ctTimiz5DOujSv50+fVsb0aOVKn2lz2U2oAfx/u5UZ7tTFLaZIv8NUrueMyEbKQzZSqzbIuKPLiDu2Axijo0l3HUIkS4TiHWfSOzh0SR7jCfbZx5ZvqtE/5cnHxECuDJ+L+dSj1CR6cXFbGmM5nr/UwDnhf8lgJM+EcB+fwlgd87GulAQ6UB+qK04d4VB+zjjv42igPWUBq/hqv9qyv0WsWtxJ8aNaUtk0G5p/7uoTtrN0Pb6rJLO87YlXWlmqsTg3h3wc18nfogQd8yCrfO6ci7BkkcVp0n1Xi8kcILnUsIPzxK1f0McphBsNw3fQ+M4fWA0J/YMwWOXXAO4O4c3dcLLvD9p/rs/E8BHHLYIAVwavKNOAFfEbBMC+ErkUi4GLSXF0Yx4J6nvnHoJARxr14U4l/4kOYyg4uQ47kVM4HbkVNIdRxAvXQ+Z7gvJ9VxG/smVnPFZS5Hfes4FyRHAtQJYkLSH28m76gTwveSNfwngBVzwGsOdsImi/q8sgJ8nTeVpyiyepy/gccwsboVOojpwHHF2HUly7iHRUzqmbmQfHSwE8L3wRXwt7TfPZjBl7oO4dGoA17wHihrAt4Imc"
11888 [Forwarding screenshot on session b1310904-d161-49ca-a1a6-530fba7baea8 to remote] DEBUG org.apache.http.wire  - http-outgoing-47 << "MapBwkH25Jk35kwizakHR5A7rGRZDgPJd1hMEWeY8mQfyxg04WUw71JkNpzp0bxNHlpnQB+HCM9H2KXc1s63rMeY0i06SNSQMv7qPSdStUJMwqtunLNfQg33QZx/cggbrkN56rrIK4cHsxlF+m4nAdy0WlQbU1g+1pKbftwyXYo1x1GU2hrxvpxbejW2JAejTRZNtyU7SNM2WzWhFjzkfhsHcnW5fPYsXAyyeajKbEfynmp/+MPjMB7Sw88l/ZicTdDZg9sw6KJPVhu1oGNi/oQZr+IOMspxO0fQ6ylGcnO08k+PJd857nkOM8j/8hCClwXkXd4AZkOs0mznSHIsJ9Fku1YqT9GSNsNlRhHks0caXzMI/WwdAyHhxLkZ0bYqWEE2bSTzk8jYq30CbNsir9Vf55d8IHf4dcfvxOZOvjlHg8qThJ1egpFBU78yW/8+vPXwPf8+dMzESH7IM2GHPuxnFrZjhPreuC3qaOQwH8XwLL8DdrQEY91jQnaM4K3Z7bw0/kV+JmPrxPAKtIz9qMAVlfVEPJXFsFqqspC7urpatPQ1BhDAz2RRUGWv7Icll+TESJYQxc9lQYiKlhJTYO2rQ25kunAT2UH+aZ4B2n7huG/pSWnd/Tgca4F785v42XxHp6UnOR6qQePa9x4eTOMJ5fDeFbpyVcl+6Rt93ItZDkhO0fWCWA5AphqW0p81mOir4lWo9YYm+jXCd9P+Rj9q62tjbq2Hho6+goB/N8gi91O875DWf3PL8rflmN+ZOyJr7647f+XjDt5i6FW2Qy1zpHI/SfSMjOPK1/cRoECBQoUKFCgQIECBQoUKFCgQIGC/zeQ/2GpqamJhoaGiFiRkf+B+TGdoZfbbnw9zLHYPg/r3YvZtW4aTuYrSAh0pjI/goc1ydyvSuRORRw3z0dzvTSSG+eixPStshiuloTWcaU4hMtng7lUFFRHaZ6vtDyai7l+VBV6EhGwj72b5rBn+WginOYLAfwkYwZPUxZwM2o2t9JnE+s5i1F92mM2chjTpwypY9rkwf/C+JEDBeNGDBDthFGD6ubNhvVj7MB2rFs0iZmThzF5osTkUUyeMILxYwYydfwQ5kwdwtxpQ5k3fRjzZwxn4ayRLJ4zmiVzxwhmTRrGvEmD2bFyGvvWTGHDnCHsXj6OTQtGsnPlJA6tGMjJA8vxdd6P68EtuNlt5LDVMlwPLRWy2HLLLBz3LMJp72Kst83BautsbHfMY//6qWyYP4w541oxbqAxCyd1YvrINiya1Iu5Zj2ZObInEwd0YvKYpswx68I8s+4smdaXqWN7M3X4AOYPbMu2saYsHW3KkjGNJZqwdExzVk3qyMYZvUTk2eop3Vg2oQVLxrVgkVkzIQsXmLVivlkb5o5uzZxRrZjY31iiIdOHtGTy4JaM6mnCmL6mEob0ba/EsI7GjOvVnDkjOjNtUFsGttWS0GR8n8ZMGdiCIb20GdFbj9G9jBnZ1ZChHfUY1sWQkb1NGdW/MUO6N6NvJ1MhEAd2N2bK8FbEeu8hJ3QfuUE7yA87ICRwftjBOgF8LtGNNP8DhLltIcnXmZyII4R5rueIxViCPeYS4bmI45aTiPNaz1HLfnjaDiU5cAXejlPxc5lBvM9ynPb0J+b0fLKDXKV9HOaEyyJOHp1D1dkQipOOkR28i6IgKyGAz4TupjTcktJQJ6qSXYUAHtShPiO6tWFkdxPG9mnCuL5NGdOrEWa9GzO+XzMxPVj6rL0aa9G3mTbD2hsxsrMhwzroMrKLDqO76TC4vTIDmioxsJkSZp20mNTDQLQTuukxXerjid31mdS7IVP7NWJqn4ZM7m3EVImJPXSY3F2LmX0NmNZLlzmDjVkwqiGzhhkwa4iuON8bJ7dj5/SubJvVhbUT27JcOrcrzFqwfHRLwdoJHdk+qzcWc4exd+YAtkztxaYpPcXY2Di3L6tm9WTx5A6smNKX5RN7sWpCD9ZM7M6Kcd0Y182UCX1aihTYo3q0oX8HPUb0bcm0McMoSAikIu0IuQFrOS/XAI7YSEHwBiGAw53m4G81gTDnCUQfNcPfvg9ZPovJ9JlPvKsZmV5TSfKYSuTh6RRGWVCZdkykgK6I3U1Jsgvn005QnenFpWwvqvICalNA54ZxPjec6uJEyvKjPxHAJ/+tAC4M2M7ZwA2cC1nLFb9VlHsvYOeijow3a0dY0C6undlLTYo5fZprMra1EluXdBQRwPoa9XDYP0M6NltyfJ3YNq8zxbEHeFTuTcrpdUIAJ51cLiKAQ6WxFuY0hSDbqfgcHCsEsOfuwXjs6v8/CuDoo1vrBHBZwiHOR2/hYswqrkUv51LwMpIdxhDnPIQY136k2vauE8CJDkMpPzGWuxES0VPJdB5FrPT+6a7zyTm+9J8C2HdjnQC+lXJACOBbyXuFAL6fsosHKduEAL6fuKFOAN8Nn8TLpGk8T5zIi+RpdQL4Ucx0rodOpCpgjPReHUg53Itk1z4iCjjn2BCuh0zjUfQyKHOhzG0c590GCgF83WcQN3xGcsVnNBXHBxNn0ZJwi2ZEWbUn1aUvyY4DOOMxlrPHJwqJK6eAlqVyjG0nEWl8OWQqtyNn8zB+KY/jl0nvsVgI4Fth8yk6Nppku37E2PQi02UYF3ymUOo6lPjNjcjd3YqsLU1IWm1MytpGxK9sJohb0YzY5U2JWdaM6KVNiVrShKjFzQhdYkrU3CbEzG5J4IoBjO3YmOYGzelg2lCkb94xphHbxjclYd9w4g9Nw9ViK647lpJuMYwSh76U2oyQlvfEa3tb/Lf2Y9OIpuKHFmvm9GHdlE6snNeJiMOriLdZTJrDAlKOzCTNXRr/7gs457KYwmNTBUUe0wQf588cnSLIc59F1mHpXB+ZSq7bYnIOryXNcSVpzvPIPjaTjKxj5CRZEX14AlEWrYg01yX8UGN8rXvzuOoU/H6Vb19ehw8/wc9XSfPpQrhbb35+eRP+QHr9GyGA//juIQ+KA7gZvYuMg0M5tbwVpzf0/K8EcODu4XUC2H//hFoBLH3fkH+ApaqsIaH2lwDWklo1aV5FyF456tfIUF9EAsuyV5a/MvJrHwWwproOusp/CWBpH61bGnI5w14I4G9LdpJ9qD+B25txemdv7uc486LUkfsFJ7lekMP5gkxuVlRws+oaNcWl3C6J50WxCz+WWXAtdCHh0jNCTgH9JQGs2bCVEMDy9ye53u+nyN+fRPSvlhaautK8cUOUpgS/5v80A/bEoGHcHBUtPVR1jD6jgao67WfsYXLAsy9u+3+CMW5VdFt+mK5LnOi61FnQZZE9PVYdxczj8he3+Z+YHPQas2Nf023pdzQb9hON+/1Mq7E/MuTQOyYHfnmb/6/ptf6UqCfyJbossmOK9EX7S9spUKBAgQIFChQoUKBAgQIFChQoUPD/NDuXjGf7orFsmT+azfNGiek9yydhvmoq+1dPw8NuPfZ7F7N33UwObF6A8/7VOMvRufsWcvjQEo7bbcfXdR9uB9djsWEOVlvm4bBrCfY7F3Jk3zJsds7i4JapWG6djdW2uexaOZWlUwYze3Rv5o8dIE0PFUwY0IGBHRti1rct00f3YtbYvsybOJDxI7oyYWQ3Rg9ox4CujTEb0F5Iw2E9WzBlaFemDW3LrJEdmTumC/NGd2LOyA7MG9Ve1FhcNrE7s0e0F1GaMyXk9WaO6iyYM6YH8yf0YcG4ntK23Zg9StpWjuA06yqiH2eObM/Uoa2ZMaaVkK8rZvZk5eyerJ7di7Vze7FuTk9WzejK4ol9WDKpr7RvaZsRnVg2pb+Yl6flZcun9mPh+B5ivwsndGfZVGn9ydLnG9VO+sxNmDmsLXNHdWThWOl9pVZm8fja4x7eWZ8+bfUZ0bMZw3s0ZXj35qJ/hnVrRr92Jgzp0pQRXZswRuqL0T2aM7RTQ4Z3acy4Pq2Z0K8tZr1aMrJ7a0b3bM2wrtL23ZoweUhb5sjRnSNaM26ALCtbMbaPtH3PptK6jUVr1lt6n78Y0cOEoV2NGdWrsfR+RgzpbMIIab1+bQ3o20ZfOg5jBnVqxODOjQVD5feRjlNmSJcmDOvSguFdW9bSvZVgYOdm9G5rSs/Wxgxs3"
11888 [Forwarding screenshot on session b1310904-d161-49ca-a1a6-530fba7baea8 to remote] DEBUG org.apache.http.wire  - http-outgoing-47 << "5hB0v66dmzKjh27iI0KJczXgvTQXRSG7hNRwHLa5cJIS7JDd5IbbklZ0mlSAg5gt2cAid7bSfDaxwnLOYS4riH21DqO7B8oIn+9nPsTeHQGfi4r8LCci/fhCTjs7U2oxypivaX1DvUhJ8iKQLcpnHCeTHa0NzX52eTHuJAVtJ3SMAeKwg4KzoQeoCD8IOcSnHHaPp0JPU0Y26Mhkwc0Zc6oNiyeIJ270a2YN6aNmB8j9duwjob0b9OUfq1MGCP1y5jOctSuIdMHtWJ8/6b0aaPBIGnMD+3SiGGdGzGiWyPG9WrK2F6NJBoyqX8zFo9sx/iuuoKZ/Rsxo5+p1DZkzuBGTO9nxIwBjURk7pLhjVk8xIiVoxqybmIrNkzvwNa5Pdg0qzvrpknXwrjWrJ7cgbVTO7F8fBsxLS/fOqcfW2b3ZdPM3qyZ3JUV4zuybmp31k/rwVKzdqyd2IuN0/qwfkp3Vk/qwrKx7Zk5qBkTpWOc2rc5k3uYMqlvU4b21mHWpD7kxcVTnOBBSdQ6SoM2URi4m6JgC0qlvhP1cB2GEn18FGHuozltM4yCkBUke84hyWMGSccnkHRyDKGuI0gNXE1Joj1V4Ru5kmDBhQR7qjNPcvFMaG0GgaJgqoqDKM8PpaogkisliYLy7BBK0nw4l+4ltccpTjxMSYILxdGOFIdbURJqwfngnVSEbuZC6HquBs2hxHsl25f2Y9T4Vvie3sSVVGuuxG/FfkMrnJeNJsx6KUe2jmHPkq5EHl1GVcZh8iNtSfY/SHmFO9VFh6UxupOUU2uJ9VpNyLGlBDvOI+SQNPYcJ+PrMAHPA0M5urcPHuZ9ObK9Iy5b2uB1oCfJAbtI89tKgv9OgsN3YnPgEFEe2ygK2sXZ8EOURttzIdacy/HruBS+kCshS0h1HEWkdW8SXQcQ5zCAFOchJNj2J8W2H+eOj+VOxFzuhs6k4tgwoh0mkew6h5yTy8n3XkPe6dUU+q2nPHwHF+P3cTPZnNupFhLm3EjeJc1vl6ZltkrTm7kROl/UAL4VMYVHidN5mjiNZ0kzeZ4wj69Sl/Mgfj63ImdyMWgycYc6S8fWlwzXQSTY9RFpm2+ESMcSsRzOO3HOdRQVHv25FjCIqz4DueVvxmXv4Vw4MZBs5y4kOXQk3l5qHfsQuq8LGU4jRQRwvFUvkf45VY4MPj6CbNfBXPCZyr1o6f1jFvMwdhlPk1ZzP3451yMWUuo1kQTrvsRY9ib76BxKT00ny24klsO0OT61JZ5TjQSHRzfEZUoHLIcb4jHJFK9pRpyYZIj7eBMODjHGcqR0/ifq4DZdD4/puhyf3ZJp0j3OUMuQdk0NWWnWlO0jGokU0NF7hhBjMVk69/a4715FqoUcMTyQYusJZErnPnBzZ7w292XD2BbsnjeQTbP7sHJaezYsa0Oyx1JKjy6n2GEuOU7TyTs1n2yveRT4LqBIuj4KA5ZS7L+Uc/7LKDm9iLxjs8hxnyH1xWzOu0ym1HkGRU7zyHOSXnNdLD5zqvMY4qTPn2zVDH/rRkTadyLMoh0B+3SlY9Mh2qojWWVO8KxE4hz8dp8/313jYmkiN64W8Y8/3/EnP8Bb4B+/8fZ6Ae/S3bjssQjf7V3w2NgR35WdOSWNZZ9tnfDf2oGgTe0JXd+GiDWtiVrdmti1rQlb3pvw/QN4lbMe8nYQsWciSqpKKOlooaYktfWVUFGth46mCjrqykIKa+loU09ZAzVNI1EHXc/IEA0DY/EjNT1pfcP/i72/js5jWe+0YdkWs55HzMzMzMxgS5ZlZmZmZmaRRZYMMjMzbXsznM28D01yJpkkJyeZd2aur6q05ey97XOSeZO8M+tbzx+/Vd3V1dXV1dX9aPny774H6WFuaMxAQw1WJrIvawaaaLE2tsPH3ZlnZxbwp/tT+G93F3NzUTLHpkbRONmfry+P46+fz+HL5xt5+92bPPro9/zqgy948vbnXH/0nEe3TvBXD3aKtbqSbztH0DErmvaZQZxaW8h/e7KGf3o2nzePTsHFdBD29t5oNNYq1LMEvr8EwNIB3BcCWoxRa/+fA4BdU2rRk5P4Z2Rm70XGxkevPfc/QjHTjzBg4KBXrqtvZEbC/BOvPef/dhUc/EwBbAmzQ0dsVpIQN35OD0XN3732nIjxe1+Zg34F1a3SAWCddNJJJ5100kknnXTSSSeddNJJJ53+j6kg3pf8OB8luV2U6K8k93OiPUmJcCIl3IX4ICfiApzFtjtpkW6kS9djkgc58f4UJAeLOk8FcCWcTBZtJSBMDnIgOVSjlBnlTH6CrwKDYW7WBNibE+aqITHQhZQQdyI8NPg5mCowGB/sSrS/o1KQly1+or2vqxU+ThaE+zoS6mlLlJ8YT5AbKaFOpIe5kB3lJsbvTUmST5/ivShJEOOLciEnxlUpK9KV9AhnMRZ3MmM8yYr1Iivao29fKDvGnTxxXn6CJ7lxct+VDHFcuoRLUgMoSw+iPC2IiozAPqUFqH2pwgQ5f95UZYZSmREi5lDOpTgvxVdB16Ikb1WWpMhSXCPelexoR7IiHF46R6WbVLpjZZ3cjvIwItbPWtyjmMcQRxKD7FUpoWuEh5UqY70tSfCzIV6F47VQ+4n+Yl6F5LYM0ZsU6Eicr4ZocTwpSENGhJ3o00r0Z05SgI04X/Tlba4U52Mh+rJUkttpYbaivb0Yr5inSDnXYpzhziSI/uP9tMT4imsH2JIQaKckxyhhdYZYI1K5Ud5iLfmJuQgU8+Mv+pAQ2E1B/MQQZ9JC3MiM8yA5IZAN69Zz6/olTh9dx9XuBQoA3+5cpJybEr72A+CnZw9x89h6Dm8tY9fybLp2jOfg+nzl+G3aWEP77hy2LEpi3/oIThyaxNWulexfW83O1XF07Jf5gHNF/RSatlawb3khzZsG0753HI07JvHWnWNc7dzB3W4JDOfwoHsF948uV+OQbmQJgDfNrqQszoUysU6q0rwZmhfA8KIghmR7Kee0DKOcI+YsPchWzKMzkW5WygGcKeY6V7wLFcliTcU4EelpJI6Zqzy68llFuRoR52VCSoAlWSFa8qPsqU3xJD/EmlzxrEqjbBX8rUt1VyqNtqFEtBmc5EJ9ihMNKbaMzXZiYpGXAsDTasJ+BoDHFPkpNeR4qFLC4EnlEQr2ynJ8SaiCvNIFPLUqWm1LADypNEoBYOke7wfARWK9lsW6UybKEvGupEZbUlkYxdUTJ7jXu5N7R8fxoHUKd9tmc6t1jlLj8lz2LYuhdWMindvyOLarip6tJXRvKuHKoTrO7C7kxM40undmKwD8/PJWnndO4t3eRbxxciXPL+7hrVtHkKHjn91u5dmdZp7caFdhoN+518vbd0/y5EqbAsAPL+7l/vldCgDf793IvZ513OtcrgDwk/Y5CgA/ax/Hr9prebx/GLOqAxldH8bF7vnc3D+Cu/tqeevMNB6dHc1bp8fyu6tz+d2ZWfz+wlL+5vEB/unbq/z2q8v88FELH15fz+1DE7m+bzzn9o+lbUsdzeuraV9TzcGV5RxaXc6eRblsn5vEjtmxrJ/oz/pJPhxYFMWZ5tmcb5zGiaZZHOmcxcrFSxUAvt8+T629Bz1reHZ8Ae+cHM9bHUN5p33YjwA4ht7N8ZzZlMyZ9YmcWBHNmZWxPN6Tx2fdQ/jiaBUv9qXTtbqYs9trubJ3JNfE2KT790FLX37m550zRb/zeP/MfD4+t4BfnZvLJ0KfXpjFp+en89HpyXzQNpg3GwtVSOmfAuBve2v49elhfHFyyEsAfHZ1OGfXRiiAK3P4Xt2Zzq86xPGOBv7LudlcE+N7vi+RX7Wl8GFTEh+3ZPNBUxZvH8zgwe4k7uxJVXmDL2xKpG2+P2dWx3BqRRi9KyJUCOjru7N42FTCA/EOv3Okik976hQA/vL4cL49PUYB4I+6618C4J6lEdzeU8mL1greOFBE2xhfHq3N5+3t2byzI4f7KzI5PT+Dnqnh3FmWwBvrUni8KoGbixI5OimSjkkJXBXfkUcbsnm2IZ3bq/KZWRxNsKcXYeK72pBsxfRUe2bkuykAfG51NduXzmTt5DouL8/j/rpk7q/K4fLSRJon+7NnYhQjk+2ZV"
11888 [Forwarding screenshot on session b1310904-d161-49ca-a1a6-530fba7baea8 to remote] DEBUG org.apache.http.wire  - http-outgoing-47 << "BTGqPxAhud7MWdCFK3rqjm2spLjYq20iefVtF58kzYW0L2tnBs7arm6tYaLGyu4sKGcK5uquL6pmivryjm/soij61I5tiaT3pV5nFlayOnFufQuSuHEkgh6lgTSMU/L8dXunJzrQe98X3rWe9KzyIyWmY5cE8/6i/du8tuvn8P/6gv1/N/+9Af+xH/nj2LvD//zf/D/iPJ3f/yet55289X5TdzeWM6u6YFsmxnI7kkBNE32oXWaP+3T/Gif6kuH2O+c5EX3xD5tH+nD3sVhfH9/Ev/z4RyOLy9R0FfPxAwbPT2MjQ1Vbn7pCjYfZIjZQAM05tbKGWxqYomF6SBs7GzRN7NBTxy3kOGeB+lhZmiKhZULVhImm5iLPo0x0jfDztGGxxcW88+PZ/H3dxZzfUkKR6dH0Tk3mi8uTOSvnizk26c7eXDjLDfufcb7733Lmx/+lofvfsqzh+f4zYOd/D+Pl/GrzjoOzAhUALh3TZ4CwH96Oo+3e6bhaqaPnZ0XNtrXA+D+/L8yBLQEwP8pDuCcne9gau/5Wuj4U0VNOvifBiDjZncxUN/glWsaWYo/BBaffe05/7crY8PDV+5Hyj48h7y9H732HB0A1kknnXTSSSeddNJJJ5100kknnXTS6f9WpUV4kxrupZQR5atCK6dH+pAY7Easv5MCrrHBnkJeRPp5KEUFiGMhriRFuZMcEUR8qI+ocyc+yIvkMF9i/FyJ9Jbw14ukcFfig51JCHEjMdSTGH83gt3sCPVwIjZA9OnjphTgbIuXvTVB7o74u9njZmuh5Ki1wNbKBA9HDV6yjaMWF40F7nbWuNpYEORmQ6CzFSFu1goeS2dspKcNUR42xPpoSQyyVZBYgskwT9He1Uxcw5xgd0sCXMwIdu07N9TdhnAvGzEWLVG+tkT79Sncy0Up0seFGF85J27E+bqS4C/uPchDQU7p0JXXUDD6R7duUrCDuqYEpBKMSoibFu4k5CDaOJIT60ZBkocCxIWJXhQkeCpInRZmr0Brrjguy+xoF/Li3MmNkSF33RR8lU5eqaxIdzKC7V4qM8SeLHEdKQkfk/2siffRKHdwtoTfoaLvcHvRj4PoR0N6mA35Ua7kRjiTI8YmJbd/th/jRGG8u3Jay1IBdSHpVpWO4TRRZka4KKWGiGceZKfq5DilcqNdxXmeyhEt71XeU5a4p8Ikb/LixT1FeJKX5EVWehh7du3m6aO7nO3ZxOX2OdxondcHXtuWKvh6vWsuN46uUA7gOyc30XVgKPvX5rJjZRCnD0/h8KYsmrbkcOrwRLYs8+HI9mIudyxXatk2hA2Lg+huLKBxSxlNm4fRvW8cW+cn0rSpjI79ozi4dbRyl17p3MLtrpXcbpvyEgDf6ZJhqP8FAJfHu1Ih7mFkcQTjKqMZXxXF0DxfBYAr0zzIDNUqB3Cstz2RzuYqn2x2oA15IRqK45yVQ1g6gKNcTcSzslfPL8lHtrMgJ6QPFOeGWjM4yZ2icC0FoTYqRLSEwLUpbsr1WxZtS3GkHdUJTgxNdmR4qj3jclyVA3hcsTcTygIYVxLAqAIfhma6Kgg8PNeTugwXRhf6KgAsIa90/koILJ2/UtIRPHNIvKobXxTOxBJxrDhUAWDpCq5KdqFErIvyODGGKCeKxVqVDuDy/AguHzumAPDdrrE8PDKV+53Tudsxi1utMxUA3r88nqa1iRzdUcyNjil0bSrk9K4anh6bysUDZRzdIo9lceLAMJ6c28SLjgm8c3IBT48v59m5nSr087Mbrbxxq4Un1w/x5GYbT6+3qXD0z2/28PjykZcA+O7ZHdw7tYm7J9aL57lajGPZSwD8tH0KT9vEGBvLePPIWDaMi2H++EjOt43hRfdE3jk2hc8frOb754v54ekiProykY+uTefT+8v46vk2vn77IP/1i5P88MZe3uldxJ3do7i7bzwX947iyPoqGtdX0Li2nD1Lati7pIqd8/LZMSeDPfNT2To9XIWAPrgg+iUAPt44k9aOmQoAH9s9U4xzPo+OreJBzypx73N5+8Q43myv460jQ7mwIZvuFXEcWx+j8rz2rkng2DIJgON5vCdfOYC/OFrBBy3ZtK0spHfrEM7vGMHFnWO4dXAKD5um86RlKm8dncn7pxfz0bklfHxR6Py8PgB8biYfS/fvyQm83VTRB4B7yhQA/vp0Kb8+V833p4fw/al6BYB/Ja71TlsJVyWQXhNOz/JgLm5O4vb+XOUA/lCM+a19NRyf6cs7h9P4pCONj1tT+aQ1R+UA/rClSFyjmLfbh/C4sZwr29I4Mt+T48v9OLbEhxPLg7i2K5MHh8t5p7uBt9qq+fBotRhTFV8cE2M41sA3p0bz+ckR/KpnGI8OFtG7Ipqji8O4taeUZ82FPN2XwZGxzrzYksFH+5N5e1c0N5YEcHJ+ON3TPbi3KoQ3t0TybEM4t5aF0DHJndaJftxYFMUjsV6frovm6cZs9k0tZnRNCXX50UzPt2N2piMzC1zpmBHDhbXVrJw+mhXjqrm8IpfryyJ5tC6DaysSaJnmz57J0QxLtGN4uj81iW7UpDixc0wyh8dncHhsKl1zi+hcUkLronzaFuRwYkkhPYvz6Vicy+EFGRxYmEHrygLx3MvpWVHEkdnpdK1Jpmd1hrjfLC4sy+Hy4gwuLIlVbuzulT40bbOneaOWjtk2nBDfxMb1DvSsMuXSImeu7S7hq/fO8smLXn735V34H98B/wX+1x/gf8rQz//AP/7xe7798hE/vDjFH67u4fz8PLaM8GTnJG8OTfalcawHLZO8aJ4m+p7qzcGpHhya5knjNHcOTXHlwHgvMW5/vrszmj/dmcSplcU/On/NMNczxNjUhIGDDISMMDG0wHSQqYK7AwYMYKCxvtjWQ2tnyyBTawYYS1etFaaGRipvsL6+OSaiL0NrDeaWFlhammPmYMZ1sZ7/cHuKuN4Szi2M5+D4AI7MjeGT05P5u2er+fb2Flo3LWHtkq08fvAW73z0Le98+hlvPjnDN/e38o/PVoi1P5ymBeEKAJ9cncvfPl7Nn57O5d3jM/CwNEKr9cBGa/kz8CslYfBPAbC5tbYPAJe2/47/SEVNPoi+sdlroeNP5ZI8mMLDX762j3+v/jwAtiVp8dnXnvN/u7K2PMHA1OqVe3KKK6XgwCevPSdywp8HwMFDV1Ha9tvXnqeTTjrppJNOOumkk0466aSTTjrppJNO/9mKD/MlMsCdEG8ngjwdCHC3w8vRCletKU7WRmjNDbGzMBUyQ2tqhsbUGK2ZMfZWRjhpjXCwssDGxAhLw0HYimN2ZiZojfVxtpKg1ZlAd1u8HCxx1ZjgYi36tDTF3swIR9Gfu9YGP2dHfBzt1baHnRYfJwecNVZYGemrPmVISGP9QWgsLbC1tMTc0BATvQFYG4kxWFiK8yyUfJysCXG3J9jNliAXmZ/WmczoANKjpNPXR4WMjvS1JcTDiggfOyL8HQj1sSVM3HOEuPdIH2dx3FEpwseBKD8H5UBODAsiLtiXBKHksAAhP5JDfEmPDCAvIZzitFAKU4KVCpKDyE3wJzvOl8wYb9IiPciKkqGWfShI9FOldBnnxHpQnOJLZVYwg3PDXjqKy9MDFAiWwFfCUrkvwWtpsnQ2e1EQJ/qLcCIz3FkBXRmiOS/KiZwIBxU2uCjOjdJET4rj3cmPlpDRnhR/G4rE9SqS/SgTfVSkeCuVJLiK9s4UxbhSEOVMYbSLAnlScjs/0knVyzy+pYkeSjKvb/+1JBzODnMUY3EkP9ad4kRvihK8FOyVpdyXkucUxDhTlSbuJ81HAeWSFC/qCsKozg6kKN6PwlRv8jLD2Ld3N08f3KG3fS3nW2ZxvWUuN9sXKAAsHcA3js5TAPjBqf1c6VzF/o1F7FuTxYbFrrRubmDf2lSO7iunad0YdqyIZO+KSk41Tadz91gObazk4KZ89m/I5XTrWPavKxMqoXFtJbvXRLJ9XTyn21fzxvUT3Du7jls9M3h6bLUK/ywBsMoFfHQZj09vUiGgZW5eOXcVKTLssy9D8/woT3GmLNmZ0iSXvnzHYu5jvcRadDcjJ9iWwnA7coOtyAvTkh5sQ3KgNemBW"
11888 [Forwarding screenshot on session b1310904-d161-49ca-a1a6-530fba7baea8 to remote] DEBUG org.apache.http.wire  - http-outgoing-47 << "uWglTC5NNZVgVWZ77coUqM0WDzP8hhHykRdaVRfXuCyaDtqEsWcxjuq/MCDk1yp+xEAj812YXSuGyNkvt9CH+X2rU13pjrZXkFguT041fEVACwdwCo3dFm4cv/K0NAKCBdHML4olPHFQX0AONeb6hRXcV1nysU6Kwy1V6GwkyLMKcuL5HLPCR6c3su9oxN43D6dO20Tudc5kzvtM2lemcvh1ckqDHTHlhKutk5V+YDP7B7MnSNjOLe3mKNbkunclsGpQyNVLuEXnWN57+QcnhxbwpMzW3lxrYk3brQqCPzo6iEe3zjCoystPL3WoSTz/z64eJAHF/ZwR7S/27uR28fWckuslzvtSxUAftoxlydtk3ncOlpct4q7B2tpnJ/GvhVZ9Owt470zU3nz5DSO76/n4OwSru+dxg/3D/HF4318/GyXuP4qPru3iTePzeXpmQVijUxV4ZVlaOVzu0fQvqlKrMca9q8uYf+KwexbXs3uBflsn5PKthlRrJ/gy9bJXjQu6gsB3Q+AW9pnsGLREuUA7gfAD8Ua/CkAfrutgcubCzgu5vHo6mh61yfQsyqWkysTuLAmlUe7C/hVRxWfd5Xy+dECutYV0r2+nDMyNPDuSVzfNYlbeybysHESz9um8/bpxbx/ZikfnFnEB6fm8EHvDH51epqCZR/3jlehll8cLuDTY+V89SMA/s2lIfz2fD2/OTucz08M5qOucpWT986uNE6vDqNzsT/Xd2bwqLmED9tqFAC+sjyVtgkufNiarQDwp23pfNaWxydthXzYXMyLQ6KPjhE8aapRALhjsTvHV7hzYrmHUABXdqRzv7GG93rG/AiAK/n8ZPlLAPx176iXAPjxoWIFgLsWhfLocB3vdVaL/nPpHOfKiy1p/OpgHO/tCePmUk96RZueGa7cWRPIm1tDebYxkBviep1TxDdlsjdX5gbxdH0ML9aH8mRdHPunpDN1aDFjS2OZnadhSpINE9K1dM9JoHdZCUsm1TNvWD7nFmfwYH0Sd1clcGlpJE3T/Ng7I5HRGZ6MzgqlVrzXw9PcubVyCOcWlHBifiFn11Rydn0VF9dVc21dlThWwbP1Q7i3vppLa8s4taaY8xsruLOtlqfb6nm+sY4b6wu5vKmIc1tLhIq4vKOAS2KuejaHc3C1G/sX6NG42oTj65zo3hTAjnUa2lcbcWKhBW3rQ/j+/WP8zZeX+a9fXOO3H17irz67w99984z/9vUb/O1Xz/nmrdN8dr+T3zxo58vzW+kW97h7Sji7xor1O9qNpgk+NE70pXl6II0z/Dk43ZeDs3w5NFvc7zRPDo1xoXl+AL+7N5m/fzSdU1sqMNDXQ8/QGD0DIwYOHIjeIH309MX2IGMG6eljMEDUGYg2lgMwEW0lSJUhofUMzUU7UwYMNMTczBpDA1MsB8nzDDAWfyeYChlq9LlycTl/uDOd/35b/GZsyKFpajCNs8P58ORo/un5Kv7q7mrO7JzEwTUzeefuWb759Ck/fPWET5+18v09CXqX8emJETTPC6N9ZgDHV2bzN49X8I9P5PsxE28bEzQaV6w14m+fXwBgCX9l+Gfl/jUzw8LSGo3W7j8eAHsXTkZvwIDXQsefSt/EkrQ1N1/bx79X//8KgOWc/fKe/hIAjhi365X2/QocskwHgHXSSSeddNJJJ5100kknnXTSSSeddPo/Jm8XLW72ljhrzXCxNcdJY6rgrp2lIQ7Wxtiam2BlZIClgTE2xmaqNNcfqMCwq50FdlZW2JqZi3Z9kNhGtJUg2NfJgegAP0I8nfF3sRP7WgJcHcW+K8EeLmrb18lOwV/ZNsDVmQg/H2KCAgjwcFUQ2N7SDAsTcV0Lc6zNzbA2NcXSWI7DBCdrGwI9PJVL2MPeikA3ByL93Yj2c1NANzbAnczoILKjvcmL81MgODbAQbl7E0PdSY30Jjnck/hADxKCPEkMlqU7cQGuyvkcH+iiXNCybVyQi5ATSTK8dVifZChjCXULEwOVipKCVJkb66ugrzyeHu7+Mry2lHTxSknIW5rqp3IRy9zAMj+xzGFclxemtosTPalI81M5ietyAhmc6acAalmSpwK7fTli+yCshKsyX2xelKOCtbJdf1uZQzZftKtM9qZG9FeV4sOQjADqsgOoSfehMsWTwam+VMvj4lituPYQ2S7Ji0oxBlk3vCBU5VIeKsYhz+1XTZo/5YleCgzL3MvDCyMYURRJfV4otdlBKoexHENFshulCc7iel4KlEp3bF1+IGMqoxlWFMKQzBCqc4Mozoui8cB+3nh0h1Md67jYMlvljpU5gGUIaAlf+0NAPzpzkPOtS9mwKJlDm1I5vm8ya+Z6qBDQMhz04Y35nDu4ifZto9m9JlO0KWHfmiouti2ldetYWrfX0rmvnK3Lozi+p4FDm2PYuiaaU20reH7zOLdPrebSkQnca1+i8rBKAHyve6nKQywB8MZZFQrUSnArcwDLe5K5fyUArkxzU/tZYbbKAZwcaEuyvyWFkfYqXHNBmHT2alR+57QQrQqlXCXWQ7WYx6oEV6rinZSztzxKy+AEBypjXVWe3VLxHKvEtSQMLo7Q/BgOWgJgMbeJLtQmOdGQ7MCoDCeGZzoxLNNFAWDp+B2S5qQAcH2Wm9quSXFQAFi6gyXwlZI5gKX68/9KjS4IZEJxGOMKgxlXFKjyBjfkeFGd4kJZnLj/GBdyAmzICLL9GQB+eGafeGZjedg6netNY7jbMYNbR6ZzYHE6B6Qbcn0qTWtz6dpSS+/Oas7vref45jJObs+ne2sKrRtSONM4msdnN/N25xje753N02MLeXRyA29cOcyza0cUBH50+TCPrjfz4FKjgsCPVfjnxh8B8G5un97CHXHOLwGwdAA/PjKJh80jedZcx7Ntg2kfE8f2kcF0LUvj91eX874Y78YRUazYNJaTR9fz4d1OlWv6d19c4LNPuvn9d6e40D2Ti2KdnG0RbRrHcEqofVstB9eUcmhdJTuWF7J9cT67lhSwfWEaG6dHsHqMJ2tGObJ/tj9nt6RzrnWuygHcD4CXL1xM987p3Gubq9znD49JB/AcFQJaAeAjw7mxvZxT67LoWhVHx9IQusQ6lq7g65vzebSriPdby/ikI59vewu4uLOQzuXpnFhTruDv1R2TuLxtHLf2TeD2AfGMuuby7Nh83jwxj3eOz+K9E9P4uHcqH5+cyMfHx/JmcwVvthTz6clKBYC/OlPKry8O5tcX6vn1+REKAH/QUcp7HWXc35upHMBdSwK4vTeHZ20VvNdSqUJAn5obTctYRz5uzxNKVQD4i44CPmnL573DBdzfkc3jg5Xc3lPIpS3JHF/lw9kNPuK+AuldFcgFUXdjbzFPW4fwYH8B77aX8PWZahUCWgLgr06O5LMTw1UI6H4HsATA17bU8OxQNc9259Pc4MKjNSm8tzued3aFc3uZH8fnRdA1xZOby0OV+/fxmlCuLg6ifYIXzRP8uDovmGcbo3m+LkAcC6dpWhqLxlYxc3AKiwrsWVTozuRsO84uy6B3WbH4zsxjzeTBnF2UzsMNySp09OUVMRyc4s/OGcmMyvQRCqEhyZ1JeZ6c3lZO94ZCjm8vo2dzMcfW5HB+fRE3N1dwZW0Rl+dlcG15Pre3VnF3Ty23tlVxfXURd5YV8FRc743FJTzaUK3y/l7YWsYtoWeir9vr0zixIIj3ZodwfVkg+8Y5MKfcktXjXTizyJfTc715cnkSv//8Dv/zbz7kf/3tr/iHX78r9D5/8/W7/ObDZ0LP+f1vr/BfvjzH33xxnr/6+jRfvt/EuxeX0Ds7ke6h3uK9CeFIgz/dw4M4NSqE0yOCOT8mlAsTIjg1JpimEa6cmBfDX1+dw99dm8WllRX46+thM9AAKwN9HPT0sDUchMbUCFsTI7wsLPGxscJOY4KeqR5mRsbqP3+ZGRliZGTCQENRP8gYYxMLsW+Eib6ZCh+d5KRPtrcFDvb6nD+5kP/2aA7/dGseZxcncHCiLwdmBPDByQb++Y0F/P2juXwnjn31YA2fXF/Lr5/v43dvH+CH+2v4uwdL4flqvu4R7/LUUNpmiHsT788fHi7jH5/O4uOzc/EXf/dYW"
11888 [Forwarding screenshot on session b1310904-d161-49ca-a1a6-530fba7baea8 to remote] DEBUG org.apache.http.wire  - http-outgoing-47 << "ztjrTV/CX77nb8vc/+amSmZW1hho7FFr6zjt/xHyim2+LXA8XVSLtT2X7+2n3+P4ud0/lkAnLzkzGvP+b9dOdufYWD6KgB2ji+j8OAnrz0nYe5RNP7xaAIS0AYkKsltWRc95SBl7b957Xk66aSTTjrppJNOOumkk0466aSTTjrp9J+tIE8n/FztlALcHfBx1iqo6qIxU2BVhlq2NzcVMhOywFLfQDlt7MwN8Ha2wsvJHnd7Lb7Syetsh5vGUoVyDvdxIz7IR7lyg1xt8XeyIdBFS6hHn+M21MOeAGcbcUyWtuKYnYLFYd6uaiz9Y7CzNleyMTHE0dripUvY016c4+YirmuNv6uGcF9nUiN9yYgJICnEXYWDDvfUKpeszGWcIUNRy5y1PlqVq1jC3MQQFxIDnUgOdhFyVkqSoDfYQYVzlqGcs+I8yIx1VSGbZcji/Hg3ChLcKU72pCLdl5Jkf1EGq7y//SpLDVT1pSkBVKUGUZnir1SdFkhtdjANBRGMLo1hbHkcI4vCGZYXzOiSSCZWxatS7kvwKo815AeJ/UCGZPooaDs4w1fB3GoJboX6AWtxnCPlSa6qXX1uALVZvuLa0v3pzfDcYIZm+lOV5MGQNHE8K4C6DD9xTLQRdTKccWWiO4NTvakW96Xy2wrJY/VZfuL8QNHe5+U5EgxLaFwc7azAsBzz5JpEpXHlMWLMIeLaXhTFOonrSZjsKsbtre5D5ssdVhBEQ2Ewg7N8FCweUhhIZXEsrY0Hefvpfc52rOdiy1zuHFmsQkDfleGYjy7jcttMrnUu443zjVzuWMnmpWkcWJ9B88YGdq2KZu+Kcg6sGkrHzlpudRzk7OEl7FiVyD7R5kzLdG4f28vF1o1sXpTFgc3J7NsUx96VcRzamMm+zYXsWFfJ2/fbuN69lZsdy5Vz9WHPSiUJgPsdwJvnVKl5GpIh5kXc//CiEEaVhqoQ0MMKAqjPD1TO57RArXJoZ4XaqFDNJZFaBW6lw1fm+E0P1lAgSgl1JdwdkuBCXbIrNbF2VMXYqLDOJRFO5AZaq3Y1CeJ5poh1J+ZVQmClSAcq45wZEu/AsCR7RqY7MjzdmYYsd8aVBCmXr3QBS/fvyHxvFf5ZOoBlWGipn7p+JQCWbmDpCpYameevAPAYcT/jivx/BMAeVEmXc6yjgto5ARrlYk6OtKA0N4pL3Se537uPa82juHN4ErdaJ6lcyrePzGLfwnT2LYujbVMazeuzOLyqgDsdE8SxCXSuLeD0riJO7clVAPjUodHcPbGWt7tG8uGpmTzpmcf9Y2t5fG4fjy818fRqHwB+cLWR+xcPKwD85NoRHl6UAHh/HwA+s0kB4DvH1/0sBPTjttk8ap2oAPCXh0dxa1wKOyNt2ZLhyq4KH/YWudNSFsq7G2fw60+7+eGdTtZMzqQowYYDOyby7Tsn+OOT4/zx5D4eNU7nWuNUug+Moe3gKA5trRVrqlSsw0r2LC9jk7jnDXOTWT8zls3Totg0KZjtEwM4PCeS46vSXguAj+6Yxp3W2eo/Hzw8voInx2YrB/CLtlreaRvBnd2DObepgM4V8aIfb7qWRHF9ewm3t5XzcGcp7zaX8Ku2bL4/k88bLQWcWBFL+7xETqys4cTaBs5sHsOV/ZO4cnCcmHsxF0fn8eLYPN46MYv3jk/lg2MTeb9rBG8fqRWqFirls94qvjpXqQDwt+eq+O5sLT+c63MAv99eogCwdADLHMAyBPSNXZk8PVIuxlLBp6Kv4zPDfwaAP2vP4MvOQj5pz+HtQ2lcWRfJ1a1JKv/vxS1xnN8cztXt4dzYHsu5deFc2JIk6tO4viuHq1tSeLOlkG/O1PHViQaVA1g6gCUA/vDoUAWA+3MAX9pQwYvGwby1v4y2Ud48WpXOu9sTeHtbNLcWBdEzM4rOST7cWR7Nm5sTeLYujltLomkf70/zuGCuLork8fpYcZ4vD1aG0DQzjaUTBjO9KpW5GRqmp2kVAD6xIIkzK8to37WKHfNHcnpBMndWx/DmljyurEhk5wQ/NkyIV+93g/h+j8v0ZM2wCFqWptCxTNz/5jJuLc3n3vR0nk/N5o3pOdwYl0hHjhenK8O5OSaduxOyuVQTTWeSC0dCrDkqvh+Xxe/c5Vgvzqf5czHJm4exPryfFMRb4vfnZpwrR8V3e36CGUOC9MmxM6DBU0N3oi93s0P5ftcC+OI6/+ujy/zjW2f526e9fHbhMGc3zWTf1MEcnFHP5y8O84f7TfzT7Wb+9LyDf3yjjd+3LeVGeRQ3swM4Oy6DY+XhnBffwfvid/BhvC8Po724K35zr4pv12nxzpxPcueDujQ+H5rK88w4tujbscEqgJWOPuyzCWKd1oeZFvZMMbBgubUbK8X+JGvxm61ngpGhOZaG+piJvznk3x2mBgMxNjHrcw0PlAZYA+wN9NgzOIHD1YkkuZrT2zhJjHM+f3dzisq/rHIULwzn09Nj+e9PF/JPj2bzj8/n8ffvLeYf3lim9HdPhB4s5H89WwnP1vN1x3iOTY1RALhraSp//WCxeOdnivmZT5CjJZaW9goA94Pfn8Lffvdvv2Sb/1AAnL/vAyzdQ16BlH9OLolVFDd/9dq+/jWVHvlegc/Cgx9TeOhTSlq/fXksfnbH/5UAuLTtB6XXHfvXlL/3vdcCYDmHJa3fvfac4qYvyd76hOxtT8nZ/saPeqbqCg9/+tpzdNJJJ5100kknnXTSSSeddNJJJ5100un/C/k62+DtaIWfi4ZAdzu1L8M1u2lN1XaQhx0eduYq366LteWP4ZuN8HGyINhLo86T7WWYZwl4vUVbf9FfuKcdoe5aor0ciPVxIsbHnggPjZA10d5aYn1tFYxNCXEnzs+RSE+tysMr8/EGuVkR6Cr6E/Jz1eJhL/MBmxHu66JyDcswzDH+7oR7ORH2Y97ehGAnFeq5ODmYwiR/sqM8VJ7c0ngvJRkGOS/STYVPzgxzVXlxZQ5dmQO3INpNSbprpaSrVrpni+PdKErypizFj4q0AOXKrUztc9hK+CodtRXSOZsdzJCsIKVh+eFqvzrdX5X1om5opgSoAQrCSvjakBPEiLwgRub3hd8dlR/A+JJQlXu134UpJeuG5vgqVaa4KsA7NEf0kRtEbZa/AsW1Wd7UpHtQluhESbwD1Wnuot7/5TmDxX5Drh+1GRLsOilJ2FuR4KbK6kQ3KuKcqYx3YXCyBzVJ7pTJkMNCclueO0aMsSFHjl/CXw91rgTJEoJKAC3HNKY0gvEV0UqjS8JVnQTQNUmeP4JkmY82SrSLUuOXoZNlGOohmWJsRQFUlcTQeng/bz25x7nODVxqnsvt5oUKAN/pXKFCQPc7gJ+dO8z17rXsXV/A/jUFbFoUzNnmiWxaGEXb9iouH1nO9aMLOLFnCduXZ7JteQInDo/lfPM6rnZuYv/6QvZuSKDncBV7VsTTsi2Pwzsq2Lamkue3W7natY3rbSsVtJTwV4bivd+z7CUA3jK3WsyDF3UyhLcYf12ueCb5/gzJ9qKhsA8Iy/UjczIXxjqJNWZLaYwdxRE2lEZp1Xznhvflay4IsqIy2p7B8RLiOlGf7MKwJEfq4rXUJ4pzZIjtYNs+UCzWpswd2geAbVU46MJwB7Vfm+BMQ7ITI9OcGZbqyLBMN8aXBjO5MlTl/pXuX+n6lSBYAmAJg4dlu6s11p8DWIaBluB3TGGQqpMOYBn+eZS4v7GFfuL5+alzKpPE9cWYpZM5y8+aFF8NiWEWFGWFc77zGPdO7uVK4wjuNk7ldutM7nUsUJI5gA+siKNT5njdlMXBlZlcPjySSwdG0rEmn7O7yzh3oJDjuws52zSOJ+e28FZXAx+cmsaTbrEeZCjuk9u4f+4gjy83K9h77/IhBYAfX21VuYAfXZIhoPeLY7u4c3azCgEtcwDfFevlXudy7rcv4qEY08OWCTxoGsHXYl1cHprA/jgfDpSJNTGthPb6JHam+tNWnkZPeTzHqtOYH+bAgvxQxiS401qbzYuCHP5LXDrPZtbyaMN4ereP5uDmenatqWbX0gp2L6lg87xC1s3JYMWUBJaMjWTV6CjWjohkzdBg1g8NYXtDJKebZnH20"
11888 [Forwarding screenshot on session b1310904-d161-49ca-a1a6-530fba7baea8 to remote] DEBUG org.apache.http.wire  - http-outgoing-47 << "BSOHZ7xCgBW4cfFunt4dAZvHhvDG60SyI7k3t46LmwR41wmxj3DnY5FEdwU6/f2tkoFgN9rKeWjtgy+PZ3J5yfyebQ3hd6lCbTOyaRlQTlHltfSsbGeY7tHcmbPBDH/E7l+eAK3Do3m/qEGHh8ewpMDleK8El40V/CssYBPTlTw9fkqvj5bxjdnK/n69GAFgGUO4Pfainm/s5zrWxOVA/jEqjCVA/jeoQLlAJYAuHtaCE2j7fnoSA6fdWXweUcmX3UV8VlnFu80JnFhjTfnNgRwen0wl7fHcn13Ijd3JnFjewLXtiVybXcKpzdEcmajdDtHK1fyV71DFQD+6sQIlQNYAuAPuuqUQ1gC4OPLo7i8IY/njaW8dTCf9lFuPF6TzPu7EnlvZwx3l4bSNT2UtvGe3FoazvONMTxbH8PNJRG0j/dTAPjUrEjl5H2+OYrH66PZNS6esRVZjMqJY36miwLAK+qCaZwQRPeCXBZNrGXZ2FJOzU/i6ZZUHqzM4NzCBLaO9mfN2HiqxXs6PN2b+VWi/fJCusQzOTRMzFlNJNfSA3gnLoQPwgN5EOjJCfFb2Kux46KjK3fcfHjg4sNDG3EPZk68ZerChxaevDC254W1C+/Ze/GN1pffW/vxjV0gDz0COR7oxwRnI4YGm7CwLIkFJWU0+IezJyCIh3GxfFBfy725JTxdPlhoCDdml3Bmci7Hx2fQVBvDpjxv7kwp48uGcv6quoxvGyp4f2w57w0v4WZODA9qMhV43RzjTov4Lb7tIcZj78HbWnfecfDgmYMbbztoeWLuxH1jZ+6Z2fJAbN808eGSi5hjHy/2+AaxPsyXWWF2jPMyYpK7GXUaM9I1NjhIyKtnosI7+5vr4WOsp0Cw/iA9BhkZM9DQAD19Q7zN9DheHkKn+IbWir8ZbrXM4J/fms8f7ozn8dpUWiZ6cnhaABfXZXF/m7jfnSXc253Ltb1ZPNxXxJ2d2UoP9uTx9EA5zw4M5ub6ErE24mmb4UvH4kT+6v4iBYC/uLSQUBcbzM1tFQDuh76vA79SpjJqiWjzHwqAI8btZJC0Qv8EUA4Qk/U6GCtl6RZMwYFfvbavPycJfcNHbcE5oQL78Gzsw7Kwj8jBKbaEsJGbFPRMWXZeXNPwlev9WwBw5oa7yjkbN7ONuFlCokycf4zsrY9f2/5fU/LSs/iVzcItrQ6XpGol15Qh+JXPInHhideeI5Wx7pZq45k7Bp+iyer8192TmYM3HtkjRZspeOWNI6B6IcXNX6s+UpZfUNeS57qlDf1RYju1loT5PaqNhMfRkw+o63gXTHgpz5zRYq5OvxxP+prrBA1Zintmg5JH1ggCaxaRuvLyyzY66aSTTjrppJNOOumkk0466aSTTjrp9G9VSrg/iSE+SgnB3gqq+jlaE+CsIcrXlRAPGzy1prhaGeFmbYqPvaWodyE53J2EUGfCvOxwsRqEu8aQYFcrglwsCXOzJMbHlnB3K9JC3CiIC6A8LYzSlBAKE/woSvRV7lipzAgJal1JCnRUzlyp+CBHpdgAe5IifAjy0OLvbKny8/o5mBPmYavgsp+tqWhnT3KIPalhjkoZEY7kyLy2cfK6bhRGOlIU6UxpjBul8R4KBhfHeVIS70N5kj9lidJB6yr2XUR9n5NWSsLU0gRHIencDWVIZgQ1qcFUpwQxWIy7OsmP8ri+UMkS8srwyTKcckNOiIK9sl7W1aX4UJ/mx7AMX6WGTD+GZ/kyKjeAMflBTCoOZly+PxOLgphRGcn0igimlYcrTS4JYbSol6pJdaNcjGdYtr+SdOtKoDy6JJThBYEvIbAsRxQG0ZAvxpjmToV0hmZ5C/mIMbso+Fge60JZTF9ZLe5dAkTpIh2c5K72Za5ZmXNWwsZR+YFMLItgRK4/taleyr0qXadD0/1oyAqkTPQ/RFxzeJ4Yi4SHEhyKcliOrxpzdaKXOM+PMUVRzKxNV2rIC6NczE9pvLuCwQ2lIQwuj+dI4wEFgC8c3cT19kXcb1uqcgDfOLLkZzmAH53az9Wu1RzeWsae1SnsX58gymR2rYpl75pUzrVM4WLbDA6sGsaR7SPpbWlg27IMzjQt4sSB2exbn8Xe9SlsW5pN8/pyDm+JVTmAjx5cwuPLx7l3ZjPXO+bwqHNjnwuzZyUPji3nbs+KlyGgpUO6MtmHYfkhys0snb8/BcCFYm6lAzg3SkthjC2V4tmVRFkrCCzhugzNLf/TQVmEVjl/a2IdKAm1oCrSiqEJtjQk2QvZUhblQnm0WJ8RThSG9oHgonAtJZF26jkVifUu3cNDk1wZkeqiAHBdkh11opQ5eyeWy/+E4CbWorOCvrKUIaBlaGjpBpaQV/4HBAl85X86kPBXQuD+/4AwXrqb83wVAB5fKteeBMAOFEVryQ62JsPHkgRPS+KCTclPD+Fse/dLB/CDlhlcPTiNa4fncOfIAlpWFioA3LY5keYNyexdlkj7uiK61pfRtiqXE1sL6N2dQ+++Ek4ekDmAd6iwx+/3TuVR10xutS/hZs8mbp/ay6OLjTy8cJi7l/Zz/+JBnlyTeYHbfwaA757bogDwvZMbuH9sPfe7VigALMf1oHm8AsDPDw7nUFkwe3Kj2VqbxZoRaewZnUljfSZbC+LJEN++EnsNk2MiWFCSwYKaZEps9VjrqMc5ZxM6vBy5XJtLx6xyVk1OZ97YBBaPTWLRqCQmVQUzabB4x6sCmVwRwBQJ0cUzmpDowmKxbrbVZXDy0HROH5hEjyib26a/BMB3j8xRAFjmnr7fOYXn3aN41jKEt1pHKAB8cYuYs6XxPwPAt7ZW8GB7KR8cKeejtjS+OpnKr09n8t2pUh7vKeTowmwOzy1h24wC1k7LYOviQvYvKqFxaSktS4tpX5ar8p1e3JjDrW353Nmex6P9hSq08wc9JXxzoZqvz1e8BMC/uTSKL3trXwLgSxtiOLUqlJOrwzm1JprruzN5v7WKTzqH0zUliEMjtHzQksUX3Vl82ZWtAPCXPVmiTQIX1rpydoMHp9Z7c21XHHf2p3NzZxrXtiRxZ086dw5m0LsuhBNrgriwIVLMQwmfH6/n65PDhUby7ekxCgC/31mrAPBplRc5hqtb0nnenMOLfak0N9hwf2Uk7+6UCufO0gC6Z4bQPtGVG0sCeLo+jMdrQ7i5JITOSV4cmRTAxUUpPNiYzpONETxcH8feSalMqilmXEEqC3N9eHxwOncOT2HbUCcOToqhvjCRlRMquLgsk9uronm6toBrK3LYNzWaDWJ9VCY4KRfwgkpfTou137txOGtKAljta8UhcyMe27jytsaTW5aOdJqYs87Mlp3WLjSJuk4LT86Y+3DNMpA7FkHcNvHnmYU7D42deMPAic8MvPjY0IdeYxemaW1I8TRjV4IPW3L9WJDoR46nK1ozPQo9jdgkvvP7xXe9rTqenvo0zk0s4czEMnrGFdIl1DQ8hy0l0VwI9eE9Wxe+NXHkfWdXbscF8XR4MafHFbNnciGrRmQxT/yebnd15JKDN0/NPXhh4Mobpq48MnPhmYEZb5r6ctc0iIsaL47aONHm6ss6PxdGBQ9krokBG8X5h8ck0zo5lZ3V4dR7i78hrI0ZINnbQEscTY1Y3lDI8mFZeIrx64t6Y3MzcUzmCjYgydWUqyW+NIp3cqanLU9bZvG3DyfzhwfjeLwqgaZRTrRMD+bQxHB21gbQODyMncO82DrSje0jxdiHO7N7jBt7x3mwebiLqPfiwOQIjsxK4sh0H9oXJfwIgKfz1ZXFhLlqXgLgfvD7OvgrZWxsrNroVXT+jv8oyXDEvwSUNt5Rr62X0jc2I2vjvdf29Tplrr+NfWgmg4xMX9ufhM8SBIcOW42+ibi5XxyXADhl6dnX9h0+ajMOkblYuARgbOOo2hpZ2anSWCwOK/cQnONKiZ6077Xn/1L5u9/Bp3ASpnbur4yjXyYaZ9zT6yk69Mkr58dMOfRn7/MvSY65v7/IcTtf20YquHaZalPS9CUuCeWvbSPnpLzjN/iVzsDcyYcBAwe90sbM0Zuo8bt+NnaddNJJJ5100kknnXTSSSeddNJJJ510+teUH+VJepAjcd5a0mVu3GB35"
11888 [Forwarding screenshot on session b1310904-d161-49ca-a1a6-530fba7baea8 to remote] DEBUG org.apache.http.wire  - http-outgoing-47 << "caN9XchNdxHuXp9HazwtrPAx86cKB9n0kK9latXuntj/O1ws9bDUzuQKN8+J25KuBsZ0V5qOzvSleJEX8pTAylK8KEgzouSJD9Kk/3Vfl60D2nBLsR6aYh0syLK3Zo4L3sSfMSYRCkdwK7SjeyiUSGptaaDcLI2U6GppaLdXMmNDCI7wpOEAGsSA61IChb3EuFKfnwARRIEx7hQkxGg3LqlMrftj9slCR6UJ/lSmuCtoLB0CUuVxHupkM2DM4KpSw9miBh7jRhvdWKAUlVCIGUxvhRHinbJfgxOD6ImLVCUAcoVKnPkSnewDNU8TDpcU72U01ZKbsu64dkBNGT5K3g6qjCIiTIUr9CE8gimVMcwa2gSc4alMKUymvElYQzPEddJcaMq0VmVDdm+jCkMViF8pXNzRK4f9ZleSnJbwjtZViW5KdeuBMbSiVsqc8pGOyuVRLuKMYm6aCcFg4ekeKv9wnA7Jbldl+YrxhugJI/Ldv1th2cHqfDO1cnuyh0sQ0VLp7AMOy0lQbUMBS0hu3QryxDRMly0zD1ckeyhXMyV2YFUp/tQnhXO/sZ9PHxymwtdG7nesYCr0v3btppbbYu4e3QRNzuXcLt7DW9d3cv17nmsnRtL46Y8evaOYuuSGE4eHEPTxhoObcihacMwDq4r4krrFi42bufIlmFsW1hE44ZK2mWo4cMT2bo4maN7KzmwqZgNK1I5fXQZHzy4yb1T+7jSNo0HHSt53L2SB+K6dzsXq3ysD0+tY8vcSvHe2Cs3eH+obRniWuY5lmV1micF0XbkRWopjtJQGiMdwLYKxlcnOVMeZ6/25bYE6MViu1g6g8V2Xao7wzK8xPw6Ux0n+gi0JyfQgSRvDWkhDqSHO5AZoVX/OaE4xob8UBvKY+wZmu5GfYYzQ5JsqUuxZ2SGp5A3YwvlOvMUz89DSfZbl+aq6mQ5Qawh6fCVkqGeJQCWQHhUYSBjS0IUKJYaWxzIxPJQRhX4iXfCg7JYO7KDTEnxsybG04l4MbainBDOdrRz78QhbrRO4EHzWK4eHsuVQ5O52z6fgwsrOL17Iq1rqmhck0fL+lw6N2VyYns+x7fmcnxLIWd313Gnc64KAS7B7QcdM3mrfRJvnZjBrdaZYl2s4vG5A9w+vZ0HF7fy7HoT968c5vaVJu5eb+PhtU4eXm7mwYXDPLxwkPu9+7nVs5Prx9Zw48Qcbh4dyc2mITw5PJ5P2ldwc9dYZuR5M168u1NSg5ga78mKgjAmy7DtEe5EedhRlhBMlfwPIyF2DIm0Z3KmPxOzAijwNmapkzfbHDw54OzBCndH6gKcsDLRw8jaCj0DG+Ve9DAyIszMlFQnNwIsrHExHEBOmHhmqQ507R3P5YNTObFvKvsaF7B0+US6Ni7k+r5Z3O2dyaNjK3jSPYu3j41VDuAXzSO4v3cYl7ZXsH9OBAdmRNI4O5pz6/M4tSqVu3vyeetIKe91FvPZqXL++lghf3Umid+ei+LTligebUlhy8gQIjwMMLIYhJ6pLSam5jia65EVZMS2yeHc3p/NnUPR3D7gy+VNjjzcn8jHxxr48sxovrkwmN9eqeB3F6r5/dkGvjk9TIVjljqzKoxz6yI5tzGWnhUhXNqWxCdt5UJD6ZoWzo6h9nzYVsGX3YV83ZXFr4/m83l3CR925HNpbRCXNoVyfkMoV3fHcXpzGPdbcnjeVcilHdFc3BbDtd2J9K4L5dT6CB63FPPxmeF8cWKoGMNwvj7VwOcnG/iwazD3d+eIsUTRuzycSxsSVAjrFwfKONTgxq3l0by1I5T3d4Rzd0EwTVMC6J7ux9UFAby1IYrna8MVAG4d70bLtCCOiu031sbydI03DzeGsXd0CFOGpjOyJJj16RY8mxNMp/iet4rfvH35oQzJjmHJqHKuLC7i8cp03l2WyNPlObSMSaBpRiUN8S4Mj7NlabkXt7YO4aF4F84sy2VetjNT7W1pswvlurknd01duKDvQrGFOaOdHVlh78wWjSOb7B1ptHHhuIUbBzVu9Nh6ccDeg7UuHixy9WKWaDfBVstYDwcmRHpTH+rEyAjxzfawItJYjxgbK0YnxbJ9cB6tdWl0j8zmSF2KCp98cEgSB2tT2CPKnUMSlfaJ35muwjAuVyVztSGbk6NzaByZzu4hcewsi2BtYSQLUvyY6KNlgb2GJid3Ttt5cdLakeNaO7qc7DlnrqXTyo5dDmL8llqWu7oxIcSTXEt9asU9JHkOYO1wd/aOdWZ3uSvD3czRmBmgP0ByOSOy7C04MdSJU2UeDHcwwlG8U6YD7FUIaEs9C7JcLGkbHsWKAEvmuTvwcfMo/vRiNL+/NYp7qzPpGudDz5RAOib7cWisuM5oFw5N9GLvODcOi/LQBE8OjvdQpaxvmuJLy4wAWmcG0jMtiiML0vj+4VL++OZsvr44nzBbC8xN7TC0MsXMzARTU2NMTIxUKfd/WvcfDoCzNz3A3Mn3Z3BQun+Da5eTOK/7tfBQb8AABWtf198vVXTwY2yDkl/t4zUyNLdR1/5l/esAcNmR7/Avn42+sfkr7V8nAzMrXJNryNny6Gf9/FQSVEvw/dp7/qXEHDhG5r3SX9z0ZgzNrF9/zl+Qqa34Q+rQp6qP6Il7X9tGKqR+lWpT2vwVbsmDX9smYsxW9fwGGhi99ni/5DjDGtb9bPw66aSTTjrppJNOOumkk0466aSTTjrp9JdUFOtDTrgbKYFOZEV4kRzsRpCLtQrhHBfoQZino8rjK3P4etgYE+yqJSnQvS+ss3efazfaW0NKiAu5sb5kR3uTE+OjSnksI9SFAhmaOcGfvGgvFXpZ1qUEOhDrZf1jqSHC1YIYTxsS/RyI97EjWoaPFvJ3s8XOfJAKAe3rYvtjbmALBX99XezxtrYm1Nme9HAvCuK9yYqSDmBnBZdzIj1UDtbcSEcF6yT0LY53pyzJS8FfqcIYdyUZCjovUtxDhLNyZkooXJUaoFye5YkyjLRoHyddq2I7zuelqiQoTg+iWrStTvVTeWEHp/srACxLCXuHpvtQl+ZNfYavAr+jZM7ffOmslI5iV4ZmeTNCQTfp9g1mvMzJWhPLzLpEBYAnlUcyrlgCXX/qM72pS/dkaIaEvd4KDE8oDVfHhqS6U5Psqo6PLghiZN6/wNj+kM3l4v5LYlyUpCu6Is5VAd2qBHcGJ3tRGe+mHL5Ssl7CYXmsNtVHSUJheY6UrJchpSsSXFSuX5kvWIJguS0lt8uT5Nzai/mU4aulU9lHua1lfZ2Yi3KZm1iMVwLgA037efzsLhc7N3KjbT6X2xdwr3M1N4/IUNALuNGxmOsdK3h8divXjs5lx4oMDqwtpHlrdl/e1XU5nGoaxoHVVcoJfOrwBK607OBi60LOHFpM69Zq1Ua6g3csT6B7z0h2LEtSTuL2xiHs2TyCN+9c5tbxHVzrmMbDrhU8Pbaax93LuX90KQ9OrnwJgCXcLRfzJYGvDIMtoW9lirsqJQiWLvLCGHsGyzDcQlWJYh6lQzvZRbmBJeytTXMXa8ieslh7yuMc1PHaFDcFZuuSnRmc4EBlrDvFYk0meJkT621JSpCWrEh7MYdOlMTaURCmUaGgy2O14tloFQCuT3NkaJIzFWKMEvhWxkuY76BUEWcrnps9NUninRD148U6GSfBr9BYsS3h7/AcX5X/tx8AN+R4MbpQ5gAOVMfk/ciQ1tlBZqT6WIj31IGYQA0FWUEKAN89eYjrLeO50zSaK4fGqBy59zsX0rZqKGf2TKJrUx2HVuWwd2kyTavjObI2iZYVyZzcVqKA8b2uReo5v3FhL/ebxvDs6ETePT+Hu0dncaFJrIujG7l1dgf3ru/g8eU93Luwi3sX9/D42mGeXD3M4/O7edi7iScnN3CraypvXdjA42PruNk8n0dds3nn+Aw+6p3F1+eWsnlcIRkepiQ5WVLs70yxjy0FPloCtKbYmpuQajmA0dF+NIS4kWNnSK6zOWUhHpRHBZEZIL43FnqMtDdijocNcyJdGZcXgqvDAIwM9DDS08N4oD7ulpaEamwIt3XAfpAR5qI+KUCrYPrhPSM4tmcsPQemcqBxIfPnjqBt7Vwxd0u5eGSK+"
11898 [Forwarding screenshot on session b1310904-d161-49ca-a1a6-530fba7baea8 to remote] DEBUG org.apache.http.wire  - http-outgoing-47 << "s8P99qm8LxrJI8bq3l6qJ4b22o4vaGQQ/MjOTA9lMOzIjixOp1TYs1LAPzscC4fHMnmu1PF/Pp0Ot9eKOT7m/Vc3Z/I4YXh7F1UTGl+KHpijIPMjdAbqIeDtR6zhqdyYucoWlZm0rwilvP7c7m9L4Jr28J5p62YHy408NWpMj47XsD3Z6r53YXhfHumgXdaihQAPrs6nIsbY7i8LYlTayO5vD35JQDunBrG9jo75U7+sqeIb45mKwD8SUcB77dkc31jCLe3RSsIfG17DKfWBXF9dzy39iVwblMYF7dGcnNvMle2x3NtZzLP28v59OwIvult4LuzIxUE/uLEMN7vqObuzqyXAPjWtnQx9rKfAeA3t4fw3vYw7i0MeQmAr8z35831kS8BcMs4VwWATyyL5NnqWB4s8+DRxgiOTE1k/thiptTGs7/Miwv1EcwXv1HLbK3Ylx7MlNJkZo9O5eTyKJ5uDuH62miOLYtl3fgQ1szKIi/JisGF9swb7ceh1WlcW17M1R01LK0JpEBfjzWWbpxz9ueq1p3Tpm7kmZlSqLVigtaO+Tb2zLa1Y73Wib2Wrmywd2Oh2B9qYkCeqT4V7k6MCRe/LSEBlLnbku5gTIatPtViPdcFOZPlakuoWIvRWmuqfR2YKn4X5wotEN/yxeJ3brH4jZyT5M0s8fu4QLzLq8rEu1mfSveQdLrLxbtaGM2G7EDmi+/cLPENnyN+Z+dFuTArzo2psa5M9LJhnq0lW8VY99s4cUDjyAYnJ7ZpHFhipWWORozfSnx7tFqSxVgSrcxoMHAnzmogczI9WJbjzppYT8ZpbYk0NSFC34xwSxuGOVvTU2RNe6ojs8XfHJnW5vjqa3EX8+U30IQSe0MOFnox206PqeI9e2/vCP74dAJ/dWcaD9Zk0TnWm+7JARwVz7p9ki+N4z1VXuCmyT60TvShZYI3zRO9aZnkQ/MUX3XsyIxA2mYG0TU5lKY5Sfz68VL+6a05fHFuzksAbCL+Dvn/HABLUPhL6GokJjV321PlhtX4xf/sWL+ks7b4cB+w/HOSkFa6iP9NQPUv6JcAuGDPuzhE5LwStvpfk7xP6eyNm9Hys3FK5Wx9rO7pdef9Ocn7kvA8aX7Py35ipzX9vwTAbi8dwP9mAJwy5JXjckwWLv7/5jFIx7V0LfePXyeddNJJJ5100kknnXTSSSeddNJJJ53+krJCXcgIciE5wJHMcOmidVZhlgNdZAhoFxUOWoZ99tCY4mppQKi7HRnhvqSGeJESLNs7kBHhoXLvFiQEkB7uTlaUl4LAycHOJPrZKuAr4W9ulKeCshICp8oQz17Wqk7m5JUAOiPUjfwYP3HMhRhPDYm+ToT5OaMx0cPJ2ogwMZ4Ifw/8XO1ws7XCx9kOBzMLnCxNCfeS4NeHwkQvlX9XunGLYlzJCrMjM9RWwV4JfqUjuF/SDdzv+JUOYAl+JQSWQFg6g2vSgxSolA7WEnlOjDgW7UJxrBtlCZ7K/dsPgGUpYXFNmv/L/MASAEunrASn0klbnyGBcJ+bVm5L9blzZbjoPsesdNGq3MAlEUyujFWQuB8Yj8wNUgBZQmUp5SBOdWdqVYyCwBL8SgAsHcISDEsALCGs7LvfAfxTACwdwDIUdD/8lfl6JdiV0LcfAkv1O4T7Jc+RdVIqj3CyDCcsxpMTpNSf53hkfqhyAOdF2ikILF2/cj5lqG25LfP/lkqonNYHgA817ufps3tc6trE9SPzuNQ2n/tda7jROo9bHXNVGOhbR9fy7Pwu7p9aQceeWvavKWLnigTONE1m/9pMuvZUKPC7fVkMZ5rHcKV1Ezd7lnB8zywOrC3gyPZSWjbX0rGrjGN7x7FlURIHN5VyvGMEuzYN5en1U9zp3caV9okK/D6RYZ8VAF6sAPCj0+vZvqBGOXwrxLOtzw1QELgu20+5geX+8IJgVSedwRLyDs0Qz1eUEpwOSXV7CYDlfkm0rQLAyh2c4KQgrQS/UkMS7akSx6oSXEkPtCbOx0K5gLPDHFUO4bwwLYXhWkqjbBXQHZxsR02Cps8FLIGzHGO0Rkm6iYckOlITb68kt2XdqGxfxop1Ip3AEgCPEPsyZLgEwTIMtIS/9VkeCvxKR7n8jwdyzclQtgXh1qT7WhDlZkuUvzV5GQGcaW9TAPhqywRuHR75EgBLB3D3hpGc2jWBU7tH07Q2n50L42lcFUfTyjj2L4jmzM4a7hyZwZ32pVxrW8PTs4e43z2epycn8kbvBB52TeVK4xzxrJdw6eRGTh5byp3zm7h1eiN3T2/hwbnt3Dsl9sXzkq7tN7uX8vzkEp50rRDbm3nvxAaetU/n3dPT+PzGPO60DiPOyxn7gQNwMzElztWRJFdbwsT3zkZ8V/SMbAgwHUiyq4YUd2viXUyJcDTERzMQZ0s9FU7XzcMUX3sTnAeIbUsj4hKjsHCyY4ChCeYDZXTUgVgZGeBkYoKDsRlmA40wGqhHgLOJytHduGswvQfHcGL/JLE9nQUTymlcLOaucRnnG6eJdbdchb9+5/gEnrfW87xpGBc3FNO5NFUB4I6FURyeHcIhoZaFYVzbkc6z/el81JzMD11p/OMbtZzckMH4Cl98nfVwtdUjNtQBZydb9MT4Jfw1NNLDRJTe9qb42xuiFdtBTnriu25H56owLu+M4t2udH44V8IPpyv55mQ1354dytfnavnu7HDebyt9CYDPr4/i8uYEetdEcHZDDB8fKXsJgLfV2v4MAP/QlcdnHQWiTS4v9ifzQWsOT/Yl8vRAKje3R3N/b6IoI7mxLYo7uxJ4fFDc2+EcMQf5vNdRwWcnh/LlcTGOk8P4qncYX55s4KOjQ3h6sIibW9PEeWk83l/Ae2IMb+4rpbHB/SUAfmdrCPcXhSoAfHSarwLAL9ZF8MaaMG4sDlYAuHlqIJ3zwnhzbYpQCE+3xLN/dBQjShJoEN/j1tpQHs+KZ554D1d4W3FE/AasqshhyrA02pemcH9NAveWZ9A9KZa11cGsGJpCabAVcysiODynkM6FBVxbXcHpjSWsHhNDqrkeYy1sFTBtt3HgqnskRZbWRJjqk6+1ZqiNeIdtNEwSx+eaOzDZXnyHbcyIMx2En8UgAp2tiPFwJMFRS4LGnCSNGckWRhQ4WlIlfkfzfD3wFf3Z6OnhZaBHuuMgqt3MGOanZWSIM0P8bSlwMiFNM4AcUZb52zFZ/J7OSfRjcbw/86O9mRzmwphge8aK79CkUGcWR7kwV3zTp6V7UeltTIGpHqPE7/FcG0dW2Hkyx9aVWXbu1JtrGGfhyDQLDxKNLPA0MyXH2omSgW44i/GkOJiQZWdMnYMjdZbibwEHO0ocxbfRxoa5Hg6cKXbkSJwjK/28GOXuTLqJDYXOg8ixsVWO4e3pjkyy1mOijT1v7xzNH59M5Q935/NsfQ7d4705NtmPE9ODODkrRDxvf47NCaF7VhDd0+V/AAigZ0ag2u+ZHayOHZsbynHx7I9PD6NxTiy/frSIPz6fzienphFub46Jkebf5AA2Ee/9fxgAlhBRgtRfQkEZrrmi47d9kDG19pXjUhK+Sofw6/rtlwwx/JfCIVu6BipXrgxT/Lrj/folAHZNqmLAgIGvbSv1l45JSSgt4XR/f+VtP6gw0tLV+7r2/5oco/LVXMm+oifvF3Nj/Np2f0kGplYUHfhVXx//DgCs9L95H9JJ3D8XOumkk0466aSTTjrppJNOOumkk0466fSXFO9jS6KfPYn+jqSGehDpbYeHjSFetmYEuWqJ9HERpa0KAy1DQId7OpDg70qoiw3BTlYKAEvwWpISQl6cn+jDlbQwNwWBJQyOcrcQ19CQHGCvoG96iLMCwBL6yv3KjDBqsiMpSvQnJ9qbXNFXUoATke7WakxRAW7YmQ3A0VKfMB9n4kN9CPdxw9XGDAdzQ7QWFjhYmeMhxhbmoVH91OeFMSTNT7lVpaM3M8RelRL2StArAa/cLkv0oSBa1skQ0OLaEa5khTqRE+4ijnshcwSXp7hRkeJJmQSX8S4qt6uUhMfKVZzkq9y/EgZXJHkrF7CEvxVJXioEdE2KdMP6UJsuQazvSxArwamUdM32O2b7AbAMoyzL0"
11898 [Forwarding screenshot on session b1310904-d161-49ca-a1a6-530fba7baea8 to remote] DEBUG org.apache.http.wire  - http-outgoing-47 << "YWhCv72g1/pJB4ixlIjxiI1ONlDuYDnN6Qxc0iCcgFLQFeb1lcvw0RL+CtDNFckuFEe76pCQBdFOancyMVR4j5indUxCXH7HMIyRLSjOG6vVBLjJNo7UBBhpyS3ZZ08r1/ynH4Q3H+/EgKPyAthcIavmGMHBYAl/JWSbuB+lciw09I9mxXOwcP7ePbGfQWAr7XO5UrbAu52rOCWKO90zef20WXc7dnE84v7eHB6LZ176tm/NpddS0vo2F3MyUMj2LE0g56DRWxfksWe1YmcOTyLS60rVDtZ17y5nF0rE1V46f2rS+jcWc/BjdXs317C8fZZPL52jEcXdnKxdYyCvw+7lvKga5FypUoA/OTsBnYvHSLG7kxNhj8N+UEMzRHPrSBYaXRJOOPKo1SddALLcM/S9dvvBJaSdUWRNi9DQ8twyuUxdsqdK6Fsn7TUCBWHmTE4yUU8E/H+BFqTFmJHWqCQrzU5gVrKY52oineiNlWG5banOt6GwYla5QAeHOdIeZSWStH3kERn6lPdGSodxsmu1Io+Byc49eUOFmtFQmCpBrEtQ1BLACxDi0vw2x9aXK4t+Z8L5LqT4cyLImzJC7Ih3lNLtL85OeK597Yf4XbvIS63jOfGoVEKAF89PIUbzbM4un4Ex7aO5vyBCRzZWMyuRQkKADeL57F3XjTndtdxr30Ot44s59qRDTw8cZiHPeN5fmIsb3WP4t2uydzaM4nOVWO41rGGqyfWcvHEBq70bODWsa3c6t3F1eNbONe+Upy/hMdi7dztXs315kXcaVnI06453G8by4szCzm9byYlcTJtpBEG+ubYWtgSoLEizGIg/gZ62OvrYzTADFczO9xMzAizFd86Z1OiNXpkeQ5geIojIzOdCQ5wx9/FCSvRj6m+NT6hcZg6eDJAnGusZ4KeoSH6g2TIWj0M1b/fD1S5TS0H6pHgbcSxDfmc21RB44xMdo3PYn1DBm2L67l+aA5XjszkWtN8bjRO5Gn7CJ40DuGNxnrOrM6jScxX46IIjswPpWluMPtn+9O6KJSbezJ470geX7dn8dc9uXx8Mo/R4tui0df2wV5TPXw8A7AydlTjMDW2wGigMYP09DE3sEBjpsVIz1TJQIx/ZKYe1w5m8NWlQr45lcHvz1Tz+3Oj+O7CSL68MJhvTw9TAPi9IyVcXBfFBaErWxK5sDmeK9uTXwLgjimhbB2i5f3WMr46Vsy33TkKAH/TVcgXHXl83p7PD71VfCzKz7qK+PBIrlA+H7Xl8dnRYqFSPu8u49veIXx7sk70MYTveuv5vKeWL46J/RP1fNU7nE976ni7tZI3DpfwvLFUlW83F/N8T7ECwHckAN4azNubg5QDuHGyvwLAl+f5Kffvs9WhXF8URPNYFwWAexbF8GJ1Ko+X+fNkQxwHx8QxqjiJodnBHBkcwfkae0a667HKz4zLmRH0jBrB8jHlnFhVxot1Rby5q5KzCzPYPiKKVfVx1EZrWDs8gTMb6ri4oYZbKyu4vLGS9pVV5LtaUmxswmp3F464utNj5clorZtaj1FibebbOJBlrqHK2pE6U1FqxffC2YUES3OcxPoyF9Ia6+NrbkqMuQVp5lak2YrfXgtjkjWmxDvZ4a21x9zQGK2hHn6aQaTZmZHtbE2uu/imiN/0aI0RQeL3Nki8B2FiO9RGjyRHE4o9xbW8HanxEt8zoTofRxoCXBnubsKoAGumit/a0ZFO1PtrGeElvkc2ttSJcUrwK8eZLsY41NyecWYuBIp3y9FEnzIrV8KMbDEzEffnakK8gwEZGgvijEyxFevUTdQXWNox3duDs3VBdKR6ssrTmYluDqQai2+Prx2jomKZFOPPknRP6rSmjLB35dnO4fzT88n8/aP5PNmYwdHxbhyd4M6xyV6cnCme91Qvjs/069N0X07M8OPELH9Ozg7g5NxApeM/6sy8CFrmxfDDw/n86c0ZfHluFske9liZO2CuscRcAl9TY0xNjFQp939aZ2pqqvID/4cA4PSVl1Uu2J/CwL7wz315ZqX8K+b87PhP5V0w4Wf9/VRlR77HNijltedJuSRUqDy2sq0MfSz3X9dO6qcAWOYeNrIQH59ftDEwtSSwegGF+96nrPVbMtfexDG68JV2Uhq/OPJ3vfVyrJFjt/9ZaGtm70ns1MPk735blSYap1faSICdsfqa6itvx3Oixu9WfYaP2KhCO/+yvZS1Zzhhw9cr2CtDNsu+5ZzJPv7dAPhHmTv6qDzAPoWTMdG6vLaNlAzR3T8XOumkk0466aSTTjrppJNOOumkk0466fSXJOGvdN+mBLmQFuZJhJc9zhb6OFkZ4m5rpkI/y/y/EgAHOMnQ0A5EedoT4mytwkBnRnhQlBhIeVoYJcnB5Mf5qbrUENFfqCuZYe7K2Svz/EqXcb/TV+bslarKDGVEaSJDcqMpiPclO8qL5CAn0beW1GBXwnwccLExUvJxsiJYXF/KXWuBo4URWmszbK1McLezxM/RirQQNwZnhDI4xU+5WqWTVwJf6ZqUYZ77AbB0+8qyROb2TPKnLNGPvEg3MkMcRVtnccyzDwzHS9jrpgBwSYL7jwDYVTmKVU5hmS9YwV8Jg/8FAJeJ45XJ3tRlSBduIPVZQapUYFrUS9WIdkMzpQvYS0lu9ztopaNWOWmzAl86hvtDMMswzVLSuStDS8+pS2VqZZxyBMsw07JO5hqWoE66i2We3rI4FwVqy6ST+ScAWNZLSYArxyBhsAS90l3aD3v7AXA/EO4/pw8A90HlfkmHcd99SZAdQrUYSz8AlsBXuqllKV3A0hlcJtpKSF2RGcaBg3t44437XOncxPWWuVzvXMyd9uUq/+7do30hoG91refJ2d1caV/EzhVFdOwYSu+B6WycH8vFtqm0ba9m+/IIDq0vZt+6RFq31NKycQSNm7Np2lTK7hXZnGqupXnDSA6vr+Za12KO7pvEjg0FHGubzRu3erl3ZjPXOify6OgyBX8fHl3M/e6FPDi5nKfnNrJ3eZ24Dydk7mLp9JUalieek9DIolBGFYepcNDSJVwYZkVlXJ+7tyreUaks2paicGtKo7QK7sq6fvgrnb+1ifYMSbBTALg03FS5e18C4EAtaQEakr3MyA0S54j5rIh1UOGca5JsqU22Y1i6E7UyR3CIJaVh1lRG2SoYXJfoQn2ymzjmTI04RzqEZf0wMdbRWb7KDdyQ7km9kHQCy7DQ8j8SSMevBL+V8l0Qz7I/NHhOkDUVUXak+TsSH2hBbpoXJ9uauXXyIBdbx3P18BgFgGUO4OtNM+lc28DRTSM4s3csLesL2bEgjr2LImlakcTeeTGc2l7D7daZfdBfrIFHvYe429jAu91j+Oz4GL7qmsL5BZXMF2vr8MyhnN81nxNN6+jdv5az+zZxumk7xzp30dG+je7GdZzat4qu5qkcPTSN5s2jad80kua19SwZlUt2cCCWEtAONEPfyBJrU3OiHG0ocrcgz1qPdCsj0uwdyLYU3wIbB+pcnBnpas0UP2u25YWwpSCA8d565NqbkOtgQ5KNDUFSHm442VqK76cBbmZ6mFsZ4+RgRrC3+G75eRARHkpsRAhZkZ7MqIihd2IIe0ocmeOvx9IQc7Zke9M5p5AL+8dyRrqnmxZzed84HrUO5/HhwQoAn16Vw+E54bQsjeTgzEBa5RzOD+LAbE8Vevn5oVy+aCvlb8828KvjlYQa62Gkp8XEwhpjcz0cLR1wNnXATE9C6YHoC5kbmWEwYKCSlZk5RoNkvR5FYXpc2lfKN1cG893ZfH5zpopvjtXy1Zl6BYC/OlnHh+1lfCB0ZWOscgGfXRvFxY1xXN2R8hIAt08OYXONDe+1lPL18RK+68ntA8DdBXzRkcPXRwv57alKvuws5Osecb1jZaIs49POAr45Uc4X3SV80l7E18cqhar5rLOCL45W8V1vA9+eHKZCQX99cjgfHx3C203lvDjUB4BVeSCPN3YX0fwTAPzmxgDuLwhWALhrqg+X5voq9++TlcFcWxj4EgAfWxjDm6tSeLzEj0frYjgwKobhBfEqukNTZQhnxVoYJn5/ForfnxPBPhwtr2BZdSonF6fxxspkbs+J4"
11898 [Forwarding screenshot on session b1310904-d161-49ca-a1a6-530fba7baea8 to remote] DEBUG org.apache.http.wire  - http-outgoing-47 << "fzkKJqGBnKgLpIVWa40DY/h1tJiHq8t44VYjy+2NXBn6wRGRfiQZWTIdAcN+xyd6bUNYLXWn+CBA/G1MifZypEkU1vyLcU32VRLntaWCo0TaebWeA4wVPmmjUVbZ0tLwsSxeCvxnRBlrJkRkSYDCbQyw0Vjh7mFDaYmBtiI9Rkio2doLImwtyHMzoZArSXe1ua4W5niZmmCRqwdGflDhkSPsbUiRbTNFG3yHLUUujlQ6mFOhasZI3zsmBDkzpQwH0b4ulEs2pQ72ZFvok+6xogYrSHlWiuGWWoINh8o/qYwoEZjT+ggM6K8rVhaFqlyDq/OiqbCyQELQz21PkMNxXVs7dlf6cX+JGfm2ZnRYGuNm565WLP6+BtZEGRuSKKTPtHingptHbm1tYJ/emMEf3t3HE+3ZHJ8qhfdUzyVTs70U+WxGT4cnynhr6+qOznbn945AfTOkwA4gOPzAjg211+09aJpbhjf3pnOn15M5Yuz00lw1WJsYI2Rxc9h718EwJVdv+ffq5jJB15x6Oobm5G86OTLNjK88Z/LsyvhaP7OFz/rs1+JczoxtNC89jwJP3O3Pv5Zewlt7ULSXtteAuDUZWdVOwlWZdjigYMM/iW09IAB+JVM+1l/UhXtv0bjG/tKf9ZeESrEtWwjQarc/2UbKRlKOXvj3Z/1GTVuJ4Nek1tXwudK8QfwT9tWdPwGG5/oV9pKuaUMFvf8zc/a9ytm0r7XniMVWr9atSlr+fovAmDX5Gp1b/195m1/JsYS9dq2MvR1fzuddNJJJ5100kknnXTSSSeddNJJJ510+ktSzt9gV1JC3MmM9CHW30W5fyX8la5aCX8lBJZ5gINcNPg7WhFgb64cwDIUdGlKCGWpoQoC58X6KhdvUqCjArgS5JYlh1CcEEhOpJeCwBIAy1LC37xoH/JiPBiSE6FUFO+nQkJnhXuoNhIUR/k54e9siZ+ThRiLOT72FgS6aAl2syPazw1fdw0OVvoEuNkqp3Kgg4UKZV2eGqgcuhIGV6YEKnevlAS7spSQV8LeyhQZrjecqtQQccxb1MtcwB7I3MjFceJ+IhzIj3ZW0LcfHEtJOCyhcXGsh4K/5Yl9uYIlAJbgtzTeXex7KhgsncASGMiyPzy03B6SEaDAqwSzUhLASvArJV200i0swzJL8Ds03U9BYBlKWoaVlvUSBksH6JiCUOUQ7ncG97uDZehg6SyuSnJ76dCtSBD39iMAljmAZT7eItGHhLKVKZ6qzI2wJSdcK+7XUQFbCWslwJXAVsJcuS/rVUhncZ+yT1n2A+DB4h4lAB6WHaxy/sr28hryHOkAlteRoaHltUoVJPdRTnAJgJ8/f8DVrs0q7PPNziXcblui3Lf3uhdyo2MJd3s288b5A1ztWM6uFSVcaFnErePz6Ng2kf1rCjh3ZDTNm6rZvz6e08317F1Zwv51aRw/MIKWbTkc2VHIsb0T2L0ih/PNC7neuY5r3etpPzSaXZvqefPuWa71rOXeydnc71jG456lPDm2hIfHZAjofwHAJfEOlMs5TvVQTl/pBJaS8FdKOoTTg8wpidT0hXYWki7fflXE2iv4OzxLPls3apOclIalOtOQ5iJKR+oTRdsIa8oitOSH25IZrFH5rGX45zQfU7IDzCkTz0gCYOkAHpbpQkOGOF9IhoAuCbWiNMyGyig7qqLF9eKk41cCYBe1XxFpS52ok1B4eJonDeJe+l3CQ5LFekx0plg+8zCNUn6olrwQDaXREgCLdzjQRvRpT06QM4nBFuSleysAfFMC4JaJXGkcw+WDMg/wZG62zFY5gLs3j6R7Sz37lmWwaVYEexbG0LwylQML4+nZWMLFfaO5eWQ+19qXc//kNp60jOXtjpF81DWSr49N58rSIYzwsWJCpDfzsmOZWZbO1IxERkREUBgaQlx0CKHxYYSE+hLm6Yy3lwVOGlPcra0J1FoTYKGHp4Ee/iZ6RGj08DA3Vjl5ZVjc3AAnpiT5UO9hRJHVACrdHRjmrmWUly3D3a0Y5mnOoswQttTnMSs3hvIAe2pDvKkX16xNjic/KYakpAgiY/0IjXIhIMiGcPEtDPexIcJTfEedzQkQfcow+snuJoxPdKG7OpBFAfrMtddju5cNu6MdOTIhmZNb6+nZ2kDv9hkc3ziUB03DedZc9yMAzuLwnFBal0ewV8xh0wKhef4cnuXBpU3xvN85lKcHB/NW82hedI9U68TdVjy/gjhyM/2I8XMm1tuR9Eh7bIz0cNYYEeitwd5Gj6gQG2aML2BYWRihrnosG5HC0XXlXN2dx5dnBvNfb47im5OVfHeuTuxX8/XxWj5oK+WjjnLu70zj+pYELm+M59audB4ezONXraUvAfDGKivebS7hmxOlfH8sj+87c/m+t1g813y+OV7ED6fK+LK7kO+OlfBrcY0fTlSotr8+U8W3Jyv46liZaDOE354dyq9PD+U3ZxoUAP76+FAFgb860cCHbVV90PdgsSrfPFzKG/tzeXNPiQLAtxZHqPDPEgDfnRfI4Ul+dE7x5uIcH+X+fbwiiKsLAmga46zCQ3fMFm1XJfF8ZSBP18ewe1go9dmR6tu8v8iL9nQHpntqWO1tz05XG1aFxzE1IZaNRcGsTDBjrZclm8Rv2UpfV9YE+LPY3Z2lHq6s93dnR5gXKyKMWZ9kxfJkZ4Z5OVPt6sysIA/W2mno0vjQaBVI5MCB2JoZEmFmR4yJHSkWjmRa2JKitSHWyJQkjR3hWkesTU3RG6SHntFAHLVWhDo7EmdnT6qTlhTxu+lvYYylgSEDDIwZZGSIickAvC0tCNBqCLCzw1O8I/ZmJlgZ6GM2aIAKVW4s3hUT40FozAzUuxJubkaChSVJNlYkOmiIdTQn0caUAlstQz3Fd9Bf/DZ52DLY1YwG8e41WJgxXGNFtb0l4xwcmG3jQI2tFeWuWmbZujDCxp0qN2tWh9izPcyBNT4ujBNtkjXi98fOnVhzc7LE7/6GMme2prgy08aEMfZavPRsGDRAH0c9fWzFOF2tB+JvrSHD0Y3LW0r5H+8M5+/vj+bW+gSOTvege4YnnVPd6JnpRZcou0Vdj6jrPyZ1dJbXS3XO8qRjpgedk1zoWhzDV7cm8KcXk/nm/AwSXKwxN9RgJebN0tQECxPxDTE2UqXc/2mdBMBS/yEAOKhm0Ssw0NjKnvxdb75sU7DnHeyCU19pJyVBqASyP+2zX+EjN/5ZV61v8ZTXnzNiw2vzBf8UAOdsfqDaSeDrkliBpVsQtoHJpK24+Ep/UjI88y/7+ykAloDXROP8Shsp/7KZr/RX2vylctbK4zLU9EB9AyFDnGNLKG364mdtSxo/F9eKfKVfKee4UuV8/mn7fv17AbCBmbWap1/2G1g1/7XtrTzEH7W/aKuTTjrppJNOOumkk0466aSTTjrppJNOr1OCnwPJgc4kBbmSFuFLfJAnfi4afJys8XK0UTmAwzwdFWyV8NdbhoZ2tCTSoy8XcGGcvwK8EtpKh29qkLMKKx3jaUN6iCs5kd5kR3iJbTeSpFPQx44EX+k6diYj1J2UIC3Zka7kRruTGe6sQkTL0NCyrwRf0TbEgwAXKwWAA5xtfpSGcC8ncuLDSY1yw8fBiEhfMUYfV/wdNET5iPuR7uNIT+XwlQBYuntlaOd+l6+UDKVbmuBPRXKQKiX8TRfX7ofAuRHuZEW4kCOuIUF1fx5jCa4LYv3UfUsALOFvWYKEvtL1K0GwuG6cmyqLY13VtnQE90vWS8kw0dKRK6Fpf1kl6qRLWEJUuV2XJl29gQzPDqEhK5ih6QFUJ3pRHuumIFxJlKOCwsrt/KMzU+bxlcBYweI0L2QIaAl/JbSoFNctiHAgL8yOokhnBXT7AbCEwRL6StDbn7dX5T8W9bJdPxiW27K9hLgSJvfnFC6OdlalvIZ0OMvxS9grz5f99INfGRZa5v9Vx+Q9ZvhQlRnOoYN7eefNx9zo3srN5r6cv7fbF78EwLePLufBiW28uNjI3eMbObp3LBeaVnKpbS63ezaxbVEurVsrOd04ic2LQ8Txag6uK6RlewbtO6rZsyaeo/vK2LO8gmP7h3Ojax2XmrZwo2cH53oWc"
11898 [Forwarding screenshot on session b1310904-d161-49ca-a1a6-530fba7baea8 to remote] DEBUG org.apache.http.wire  - http-outgoing-47 << "GD7BN68c55bJ7aI/mbzsHPNLwCw2D67jr3Lh1CSYE9pksvLvL9jSiOUxldEK0kHcGaIpQq/LIGqVE28zMHrqEIvyxDMwzO8GJHjzYhMTxrS3alPdaY+RUJgRxVieESqeJYR9uQHWpMfKp5JhGNfHuoYe3KCzSgMt1BhmCvjHMXa8BR9iT7SxHpIsVchoKtFu4owDdXiWVaK51YjnmdDkjvDxLOQ27K+Nla0j5OOYQmNXV6OVeYezg+xIMPPVMicTH8LpZygPgBcFi3ep0AtQ2K1onQgJdSKgkwZArqFGycOcL5lAlcOj1UA+PLBSQoAH1xYoRzAjSvK2LkwmS1zoji0LJWWlZk0LUuhY00ux7dUc/7AOHoPTORWzwqedUwVGs0bHfX86vQs7u2ezEjx7pY6WFHupKXOoQ8wlRuaEqQnna566BkMQM9QX2wPwmiABQZ6FnjYeONlZkG0rR7zyz3YMzqQpTlmTPQT9+CpoSLInXEZUSyoSGVKZii10f5iHhLUfxYpkpEC4tzVfwTJiXElUpzjqNHH1dlCfQu97ExwtDbAykwPG6uBODga4+Vpjp+vFYn+lmQEWykHd3VaIEPzE8W7HMO0DH82l4WwSLyDVVYDmKK1ZZujGxtdbFiR7sGCqjDmlUcxTaypRUMCOL2hgEeHanhysJZTYr5kzt+mJcHsn5fGrumhHJzuSetMV65sSuL6jnJmFDiLZ29Kpp8Roa6DcHceQJB4lonhdsT72RHkJr6n3pYq17u/myXRwQ6EeBkS5T2I2nRnxuW4MTLRhpHiu1EfZ0dduB5Hl8Ty7aV6vjpTzO8u1vDrs3UKAL/fXMSvOit4p6WEt4+U8qKllA+ODubjk+KZ/QiA2yYFs6HSUgHgb0+W8cPx/D4AfLaUb04V8W1vEd+dKuXbE8V831vKD6cq+PXJcr46Xsg3J4tV2OivjpXyXW+VgsBSEgJ/e7yeL3tqFQD+9sRwBYDfbizjneYK3m2pFNer4O1DBbx7oIKmYW5cmx/C21uCeXtDAPfm/gsAvjDbm6erQni0PPBnALhHtH+6LJKHC115vC6M1gmxzGnIZVxpGNuzHDg1xpNtxcFsS/ZgilhbSQNMiRso3jdra5LFWkzRH0COhQUphuZkmdtTaO1GrpkteabWFFlYsSDamM0Ztkz0GKTy+eY4alhZlMQ+8dt2QOPJMYsAYowHMtBYD3cjCwKNtQSb2RBpKdaetQmh1hZCVvhbWKMxMRXrfpBY/3qYmOqr3PiR9uJ3WvxWZnloVZ7gvjDk+gwykg5VAxyNTXA2N8dRyNrQSLwvA9DXG6DCg0vWpK8v2hoMxMh4EHamxgTJd8jMnDBLM/ytTPC1s8TdxBhH8a65GprgIcaa52nBxqJQmgv9adDaM9FGfPOsbaizs2ey1pmh1lqq7WyZYO3AeHGP+eK+h1oaMFJrwSitA/XmtpQ52jLb04NVsXbMF9+onXUebBC/Z7Nt7Vjq6UmNtTfprloSLa3xMdLHzkiGjNYQbGhNz5JMeG8C/+ON2fz1ralivQ7nNxfH8u2ZEfz6whi+PzOSH86OeqlfnxvND+f79N2F0Xx7fhRfnxup9G3PUD4/P4m/e3cRvD+D31ydR5yTJcYDLTGxMP9XAbDMASz17wbAMgeuS3z5z0CglH1oxittJTh8bV7dP+O8lQoZukK5dH95jgS8EaO3vPacpPndr3XX/hQAv07SaVve9j1FBz5SIaAL976nHK/JC4+/hLU/1U8BcMqS0xhZ2b3SRsJrGYr5l9eSLl95z7bBKQrAeuePF/vTSZjToXIJ/7StBMJ/FgDHl/2nAWD5DCV8/mW/8pm8rr0OAOukk0466aSTTjrppJNOOumkk0466fRvlQz9LJUY6EJquM9LAOxhb4WLxky5bSX8jfF3VzmAfe0tiPGWDl8nlQtYhpCWbl7p1pXQVoZ8lhBY1ksoLMGvBL1SqfI6fg4KAstSQuDcaFcywhxID3UUpdNPALC9AslJYR64awxxsRpEoKuE0Q7KBSzBdEZ0MEUpXkR6WRIX4ExKaABJIYFE+rjhbmOswEZ6kL2CwP35faXzV4JfCYAzgh0oTwpU7t+yxAByZG5icf38KBkm2ltB4IJYHwrjfBXwzY/xJS+6TwWx/hTFBVMSJ2FuXyjo4lgJfb0U5JXQVwJeWScl4fBPJYGSrJeQVMJSCU0lBJZuWgl/ZRhluV2T5M2QFBnWWbp//dW2BMCVEjYrufWB3hRvFRJaAmEJgEfmhjA6P0z05akcwP0AWF4jO1hDZqA1uSF2Cur2A9p++CsBbz/wlZLbsk0/IJb7slTgOEaMOd6TygQvVVYleveF3xaSdbKdlOxfwt9+CCxLdb64b5nbuDorgsbD+3nv7afc7NmmALB0AN/rWsbdzoXc7pSO4KXcObqFh717uHNsA2daZnKheRkXmzZypWMuVzuWsntZKZ17Stm9vICtS2Jo3pqt4O/2FcHsX5fO9qWptG4r4lzjEs6La1xp3s2Zxo2cPbqIK6c288bNczy7fIhLrVN4cnQzD7oW8Kh7EQ96FnH/xBKenlvP/pV1lCU5qvzQMtevdP7KvL9Sk6rjlKQrODvMWuXgla5aGVpZ5t79qWTd8AwPBYCHZ7gp+CtDP9fGaRiWZK8AcG2MB/kBGgpCxfMIdyA7VDyPSBuKoy0ZmiGeS5RY35EyF7BWrAUblQNYhoGWIaDLIzSUhYgxhNpQEmSpyqHiGUpJ+Fslnm1NlN2/KNZBuYGHpYl1FWNHjr8xucE2KtSzLKXjVwLgkkgXiiOcSfexpCrSiuwAW/HuWVCY5cupjlaunzzEuebxXPwxBPTF/RO41jiDHTPy6Vg/jD0L8hQA3rMkicblmTQJNS5J5cjKLDrXF3Jydx1dO+u5dXwhN0Q/Mg/wk1NjeHRiIp1rasmw1yfBeCBFjrbMdbVgW7AvG4PDqHNyx93UBH1TQ4zMzNEYWWElQ9hqTSnNCGdkUTDTCt1ZXejHPPG9mGbtwAa3gWyIcWdGXCApDmb4menhrzXA2Uacr7HFys4OS2sLvN0ciBTfu9RwL/LjA8S3x5uceBk63oUhmV6MFn1PLYtgTmkEs/IDmZXtx6LiECaKusklIYzJ9qFKzHu6nw2JDvoM9TZkdbI9dX7upFtYM1zjw1rrALZ7+LIg1psSP0uK3KxJddOjNtaI7hUZvNEyVDmAJQDeN8OfPbO9aFtTwd6ZkTTO8KZjjgdXN6Vwen0phcHGeIt7cTNzwM3eHEdHPZztBuJspo+LiQFudhrsnJwJdZffdY2K8hDhoSHcdhCpYnwNgVomiG9ybaQTdVHuFHgOYu+0aL68Us9nZ7L4treA3/YO4ftTw3ivqVC5gN9tLeWdtjKeHCrgWWMRTxoLXwHA7zQV/wwAf34yly968/j8RD5fCn3bW6JA8HcnS/j2RCnfiP2vTxaLskyoQrmPv+2tEqrh6xM1/NA7XEHgX0uod2oUH3cO5r2WSj5sqxFjqlHl+80lfHC4mqahrlyZG6QA8DsbA7k/L+hnAFiGf5YA+Mp8/5cAuHOOH8+WRvBsmQeP14VyYIR4zoNTGZHvz+p4I1ZmaBnv78DsQCcmiu9qrK0d0cYaRovf02kFAUwQ399x4htf5S/eUR8tI8Rv5ahIT8ZEuTE+2oU1hS6cmJhEx/AMttaUEqcxJ8/DnFk+9my2deOUpR+xlgboGelhY2SMm7H4XTY2xcPcECfxfH0sTfA2NMBroBEuhmaYim3JiGQ4aJdBg/AyN1HAMtnZDG9TPUxE/YCB+gzSN2TgAD00+vpYC5kP7IPDg6QGDGSQYoEDMZB8b+AAlT/aXJQ+hsZEmlsSZmOBr9YMOxMTzAdJ46hory+lR6b4znSPT+dyuQ8hDtak2WjwNRqkwqJHiPvzNxqIi7ifQBN9Ug3McBdrMtjMhCCtHQHmdoQbmJDpYsKqKGee13vQUejK5hIN0wMcGG+kYb2LJzOsnRnnJt4jR3tSrE0JsDYmROtJqKEdrbPS+OPjcfz11Sn88dk8/uv96fz3NxfxD0/m8M9vLOCfn8zjvz+d31c+X6gk6//peZ/+9MZ8/vFH8cYS/u7ZS"
11898 [Forwarding screenshot on session b1310904-d161-49ca-a1a6-530fba7baea8 to remote] DEBUG org.apache.http.wire  - http-outgoing-47 << "v762Wz+/skofrg8i0RXGyyNbTG3tvrfAMDdv+Pfo9TlZzC2eTWfrXfeGDLWXiV9zWWljHXXCBux7pVQ0f1yjC6g4uhvXuk/sGbBa6GxgZkVcTObX2kvJa/1unDTCgAvP/tK+/w9bxI77aC6lkfmMDUW+/As7EJSMf9FbuOfytornNwdT1QfifNeH6pazk3y4hOvXPN/R6Utn2Pt/frw0s7xpRQ3fvLa82Im//kcwKENq1SbsiNf4Zb6egAs60tbv3yl38ixW1/bXgHgX7TVSSeddNJJJ5100kknnXTSSSeddNJJp9cpK8KHjDAvEgPcSA3xIs7XVUFeb605XhozAhy1hHs4E+Prhp+tOb5aE+L9nZRrWErC3iR/B+K8tQrYytDNMtyzhMLymATD0skrj/eHf1bOXiG5LZ21BXFe5Md6KqetBMEpQXYkBWhJ9NcQ7+uoXHYy76+r1hIPB1tCfdxxtzFRjuTEQEeivTVKMuewzD0sxyEBc7SHDd6W1kS6OYlrBFGeFkRWlOg/RIwzVIxdtJXjk2BXjrnPsSxdvt4KXst7KEzwIyda5it2Vw5gGRZahoeWKon1VXC5NMGXCpkHOEXUJbhTJEMeCxXGOSjIW5YgIbEEw9IR3AeE5bZ0C5cleVGbHaQkw0YrIBvjRE2Kh3LGVie5IPO8Dsv0Y2RukHL2SrevhMDSiSkBcH9e4LIYZ+UCluGh+9p4/NiXl4LKEkoXRDkrJ2NWmB3J/pYKAheEO5If5qDCQktALHP7yny/UtKpLIG2dJ7K0MN5EQ5qW/ZVKPpRjtQfy4IoMc9C/SGuVTsh6RKWMFuGv5ZQvFy6lYUKxHhlSO6KOHeqM6I4eGAfH7z7QgHg+zLfb7vMAbyUB0dXcu/oCm60L+Nm1wreurqbG0dXcbpxPuebFnOlbTXnDi9X5cn909izMpfdq2PYsy6E5q15NG8uY+/6ULYvi2Hn8lTOtY7l3MENXD2ylfONa7jcuZ7zR9dyoWc7b90+zb3eJq61ruLp8eXcP7pUaDH3e5bwsHcFT85uYMeiaoqitQpq1/+Y57g+14/xZSGMKwtkgigbssWaCrKkKNyGymj7lw7gIfEOjMhwY1S6C+OyPRiWak99ih1Dk0UbJUcVBlq2GZ3tqRzdheEyDLOtKvu3Zb18xtJFrEBtgAlDEh3FdVyoT3VVQLk2yYHSEEeKAu0oDrajIsKRaukQj7SlTIyrLNxKrdGCGEdyIuxF6UJVagDSMV8g1rr8DxH5YU6k+liRId7FnGB7MsV7mRvioLZjXYwIdtEn2t2B9CCxbtN86Dq8l+unD3HqwCjuNk3k2sHJXNw3lcuNc9i1OJ/1s6PYvSyZvUuy2Dglg65VFRzdPJSt89Jo31TA6e0FNC5K4OS+MVw9sZ4HByfwdvcEHh+p4v3TE7l8YCLDskKI9fMkyNOL+NGzKZw4B6/QaJXHVoIvUz0DTPWtMTK0Fd+sgUR4WONoNhCNiT7WRsYKdFnpm2JvYk2hnStLPILY7+PHIj9rRhe6Ulbjw5jBsayoyGbVmDRWjk5VkuGQ59fGMr0snGmlYcwoj2BOkR9Ts92ZlOXKuAwx9wm2VMXYMDjeVjwPe0rE9yxffD+TNFq8LAwxGNjnUi72dmSZeD5VtjbU2pgz08mWjaLdbh9P1op7G+4tnouMghDhS6yHKW3La3neLOZhfzWn1qezf1EUa2YGcXB2AKsneIu5jaNtQQh3V0dyf30eyc4DcLDzJFiCXntrHCxtcLeyxcBwALYmg1Tu12BXG4IcTAh2syDc25Zof3vlDk7ztqLU34bhYr3Ui3VRHqyh2N+RPZOT+d21wfzuTDE/nKzl23NFfHeyjk/bq3jvUBnvHqrk/cbBvNc8RKiG91uqeb+1gk+7Gmge68aJ2T58cbSATzvTxPkFfNNdpNy9/ZLw9yUA/lHfny7j+1MVSj+crhaq+dEBXNfnAD5dzw/nhvPdmQZ+e260cgF/0lbNJ0cG8ytx/Q8OVfD2wSxe7Mukc5IXFxdF8HhDGM/W+XNnoS8HR3pxYmYwZ2d4cG95gNLNpcEcHK6lfUogbbPceLQ2kbcWhPHeskh2DvcgP16jvrNzEp1ZFOGk3LxVZvasDfFmiLMpjlZ6jK0J5OPmHO6JZ3VvWxG7x/qzf0YsuyZH8LxlJM/2lfHB4VLeP1RFxxgxjiEe3N8zmnhPPZLcNMx2C6DRzIUVHh4s0Noyw8CQJRYWLLU0Z5bxIGZa6DPJYiAFlnZUWohnZGBNkbktYYZmuJmY4ahviLu+EQEGdgSb2uFtYo6DwSAs9QdhojcA0wGGYh1Y4aanr0KgW4t9Jz35/higZzxQAWdTg4FYiePymMVAQ0wNjTAzM8PU0oJB5ibKaT9AT7Q10BPnCIlyoFjf8a4GTBW/5TPcnQgX9dGGekSaDcLb1gRTMz20QtH2ZoSLeuMBetgbDSRY9BlnriHO2IpwAwtCjMVvvpk15bae5In1Wx/uQq2f+MaI6zc4eJNhKv42sBLvr9aKcnd3hrtZsjgjnFA7CzbOLOZ/PJvLP9yq4O8eT32pv388Q+kfnsz+iea8Vn98Olfpv769hL95vIJ/erCU//loEX+4uZoMTzPMDU0xsXXExthEfVNkaG0puS2d2P0yNzRW0qs6+jv+PQoavPBVGDhgAEaWWhUGWpZq29pB7b/OmStl5uBJ/o5nr/b/ZwCwhLmJczteaS+Vte6Gyu/7unPSlp39WduUxSewC055pe2/RRIA521/ovpJnNOOobnNK21M7dxIW37uZ9f831VZ8+fY/Jn8wi7xpZQc/uS15/1FADxslWpT3voV7n8GAHtmNqjjv+w3evzO17aXAPiXbXXSSSeddNJJJ5100kknnXTSSSeddNLpdYr1tifOx0E5elOCPUnwdyfAyboPAtua4WZpQpS3C+kRgYS6aPG3M1MAOCnAiXhfewVLJUSVEFhCXQl5JTiVILW/XrqBpTtY7kuwKl3CcrsPvnorydDKmWGu4nzZj5ZYL2tiPK0IdjTHw1Jf5fx10VhgZ2mMn6uDcgBHeDmSHe1NrK8tkZ7WZIS7kx4mrhnYdy0JmEMdHQh3EeMKcqEwwYfiZB9yY91EOxeVo1iOtyg+gJLEoJdjlpLwWkrCXykJf+U4JRiTDmFZlsb5vQKASxM9KI536wPAsU4K/FYkeStJ529RjKuCsIUyfLN0Acvwz0me6pz8SEcVdrkiwY3a9L7cuENS3ZXqM3yVU1aCXgkfZAjo4kgnBX1lXT8AlpJO4P4cwRLmViV5KJexDEctAa7Ma5werCHJz4K8UHsVClrpx3DORVEOKuesLCWUltBWSgJdeb6UGuuP+WglAFZgN7Ev5HV/iGt5TIaFliGnZX5gmRtZtqtM9RFz5S3mSMxFtMxj7EZVeiQH9u/lvbff4PrRLdxrX6QA8M0jC7nXuZy7Xcu51bWMW0dX8uLyTm52r+Zs80LlAL7UupLLrWu42LKCy20Lad9Ro2Bv+550WrdWsHNVOJc6R7NteQhNW7K4cXSFCi98qWkHl1s2crppOb1HVnLl5G7eeXCWuycPcLV1KY97FvGwZzkPupf8DADvXFxDYZRGOaJlHmcZzlq6S8eVBjOy0IeR+b7UZ3ord255TJ+GJIrnEGurcuaqPL/JDgoCN6Q5KAgs4W9dkp2SdALLPMASAstnLR3d8rlK8NvvxpUgWELguiTx3CO0VMc5MEJcc2SWl9KobG8VUrosWFw/xI7qCNFW9FMn1mV1pC0V4VZKOeE25EVq1bqTz3pIRqDKY50X4UxGoD1pAWKd+FiSHqhVSvS2INXfRm3HuBmLb4MZce6OpIp20o3ftn+nAsBnDo3h5r7RXD0wiUv7p3Hp8Gy2L8hh9fQwtsyPYfu8FDZPy+DI8lKOrK1m1+JsGldn0rkmlYOL4uncVs9F8YwfNk7iYeso3j09hestYxldFICdsZ5yJjq6+RA2cQkJY+diGRCOnpGJcjAaCA3Uk6kp9dGYDcDL1R4bC1OMDAwxMTJngJ6BOG6Mkb4FNoP0KDa3YpObB/vF+7+uPJRhJZ5UZXkyMslfgdyyCAuKQ02piOzLeVwVbUdxi"
11898 [Forwarding screenshot on session b1310904-d161-49ca-a1a6-530fba7baea8 to remote] DEBUG org.apache.http.wire  - http-outgoing-47 << "CV5/iYMEXM7OMCauhANw0I1DAmypEY8o+pQOypDbcn2NSfN2ZYwC0usZWjqQQMxGmBAub8rC6OtyLcX75mFOSPNLVlkqWWLvQtrPT0Y6akl19dCwbRsjwEcX1LBe4fH8P7BodzZlM/xZYkcnhNJz8wWUYD4AAD/9ElEQVQo2mfGcG51NrfXZ/D21iwebSyjyMMQDzNz4uxtsBNz4KCvR4jWBhtLAxyFQqxNCBPf60hPG0LdbQh2t1YKd7Mg2cOc8mBbRotv1bBIB8qCbCjw0bJzQgK/uVLJb04VKgD83flCvj5Wyacd5XzYLNRSza9aa/mgtYYPjlQLVfJeS6kCwN3TA7i2KlLl8/2yJ4PvjufxZWc+X58oeqlfguCXOlnGd73lQpUqBPR3J2v4vrdW6Yvjg/m6t06UQ1Qu4I/bK3mxN4/nu/N5tjOXF7sKeL43jTfEt6Bjoifn5ofyaH0oT9f6cXOelwLAx6YHcma6Jw9WBikAfG1RAHuHWtE83ocjU915uCaGt5cE8u6KKNYN9iRerPWMYCemJrkwOtWVGFsrMswsmO2loc7RkBgHcxaUh/HemmRxrQIuLclidbl4rrUB7BwbxYvG8bx7oJ6PD9Xx8e5hdI4K5siYYJ4eGEuxz0ByXKyYGhzIfCdHbg3y44lhCC8GBfKxYTif64fx6YBAvjIO5TOjYJ5YuPGmmSfPBznz1NSTK2ZunLP15oSlO8eMnbkwwI0rxl5cMnPnnKV0FLvSbeJAh6Ejx8R5p6zd6bBypcfCi7OGPrTru7LD2In9pk6cMnRll5sfW5y9WK11YoGpNXNMLZltZsVMM0ummJgxe5A98w0sWTjQgsUDxZo2cmalhwsrxO/8KHsrDjlFcNI6mgNWkQzWuOMj3sl4PUPKrB2IsjRFz2QAFuJvDFeNDb42dniYWmFvYIalgTFmRsb46JsQbqFPhb8t9V62VFnZUOngibe+oXi3BxEv3qlce0dq7IyZKn6T/TUmrJtRyD8/ncs/3qvlH55OV/rj01lK//hsttBc/vTGPKV+1+8v9c8vFir9l6fz+Puny/l/nizmnx5M5fe3F5IXYorGyhhzF3s0tlqsxdgtrCwxE++xlKm5GSZmphibmqhIBFL/LgBcfPAjHMKzXgGB/2+k8gCP3vzKNYKq5yug/Mv2Eir/WQC8/iYGYkG8es5PAHDXb4kYtUlB6V+265eJ1hmNXyy2gYmvdRT/2wCw+ONvxfmfje9/V/+nALBHRv1rAXDU+B2vba8DwDrppJNOOumkk0466aSTTjrppJNOOv1bFe1p2weAfR0UAJZO4CAXjYLAfg6WuFkaEebuQFKIt8r7G+pqRUJAn/s30b8vV6+EqBKWSuAqXbQSoErwG+1h/RIKy2P9ULUfssq6jFAXUcrzZf7gPkkILENAJ/lL57Atdvp6+NhbEujhrFzALtamygEc7etCbkIA0X52RHlpyIryJjvSWzmB8+P6QjZnhgUQ7+Mq7lMj7s+Rgnhv8mI9yYxwE/JQcFrm9JVt5XjkWOU9SEitQHW4K7kxXj+GgZahpKVL111BYOkAlo7gskQ/ypP8hcR2ktfPXMD97l8JgOW2BMD5kU5KCgIneJAf7URmqFaF9y0W5wxJ82Fopu9LADw0w4uGLH9qU70UCJTgT7p/C8LsKYqwV/sSEkpY2A+EJQCWqkyUeYU9VKhp6dqV0Fa6fzNCtKQGWpMX6khJtCvFUS4URjgpCCyBrQTA0j0soaB07kpHrzw/R5ybGaxRpexLlhL6yjYS8MptKQmL5f1IoCydxRIESyexgskpYi7E2KQDOD/KXYzZlYrUcPbv28M7bz7laucmBYDvdC7lVtsiZBho6QC+27OSm0eX8fT8VgVxz7bM50Lzci61rFYA+Gr7Gq6I89q317FzRSLN29LZsTSDvWtjadpcyM6VkexYHs+5pjniGgu43LJZuYDPtazhTIc4t3cXbz84xYMzB1T46SfH5/L4+EoeHVumAPCDk8t5em4ju5cOoTim71nJe6pJ92FYnj8j8n0ZlutBfZYHtTKMsgy1nOCsQjTLnLqVMVpqYqXb15H6RDtGpjkzPN3xRwjs+DMXsITAspTPVT1H8Uwl9JUAOF+sleJIByUJl6vinRiS7MbQNE8hcf10T+ozxLpJd1PuzSrxjOrEsxwu1kJDoiu1MRII21AVbk1OsLl47jaiLztxLecf80n7iGs5qJDPKX7WCgJnhzoo8BvnYargb36keHeDbMV3w4J4DwfRxpqKDD86D+zi1umDnD08lht7R3F53wSuHJyhAPDWeVmsmhbK+lnhbJ2TxN4FRRxemM+hZSU0b6yiaU0WLSsTaV2ZTuumWq6e3MTjloncaxnN81Oz2TgrB1sj6TLUZ6C5HW6RCaQt30nCtCWYBEehZ27OgEF6GBkOwMBQtBPfjQEG+mgdHLGwtGbAQENRbybOl9FRTRgwwAw9Uz2CjQYol+VeH2dWRDhSFjCIjEBDiiM0DI62pyTIggI/ExVCWwL0IWLdlojnkO1pRLqnPTneWiqC7Bkm3sf6MFvqwh0ZEulGmfi2pXoNIk18NwNstOJ6A9DTN2LgABNKfFyY5T+IBCsLsq1tGOHgwVx7H1Y7+LHEw4uh7mLOfU0pdjOlysOYTRWxHBqaQNPQOLaX+LEx35vVWe5szAtgY64XLcMj6Z4gjlX7sr46ikIfLbGODuQ6WhHtYEi2izl1EX6EedmofOpBGlN83S0JdrbA39ECPxcrgjxtxHfURoWpluumQXxbGqLEfARZke+tYfv4GL6/WMavewteAuBvTpTzWWcJvzpSwketlULVvNdSrsCvDAv9wZFyPjwymGMzg7i1LpbfnK3m6+NZfHc8l6+6Cn4GgH8JgqX+f+z9dZQlx5XuDZ8urjrMzFR1ivkUMzNjFzQzq5mZmZkZ1N1iWRazJUu2JYNYMswYxzAzpvHzxY5S9Qjavq/nvt/97vpW/vGsyIyMjIwMOrXql3tvfk6uoLkamZrwyZVWpnauUQD8wZVOfHipC9870YCXd5bgpe2leHFbCV7cUoJXdufhtb1FODfFhZvzAvcA8BPzHDg06MH5qX5cm2rFsysCeHqZD48tjMWBXg3OTIvD8fEOPLU8gFeXWvHSYh9msrWqCgmFOToSTX4pW/8qJKjCURQTgRVePTakeTAnJQkbcuJwOVuKa2zvPc/2/R0+NfYkWnE0y4eHm3LwWH0KvlEXjyf7SnGo3IIDDWY8MrMc8xwxGFJEY6xNi3xVCIKSaO7qvFWjRZ+C4uZqMVtjxHKrEyuYDnmlOMl+J0+y39mT7Df5CNvPTwQ9OJrnx6miZNwMJuF6diLOZ/hwmu21J9nvzpGADgfYb+GhZBfO+c047TPjvMOGy3obTqj02KfV4aTOgJsyHR4WG/CIxMj1UIyenz8mM+MJhRWPyy24YojDDb0DN9R2XJbH47gmgJ1+F5aw+d9ukWKCWoEFMRqMi1QgKXwMNCIRMqNCUatXI0k2Bmp2bmXrNC4mEmkSMZLFYvhZ39rZuYX1qS+a/e6Lw5GtY32sjUSeTIwcjZmNQQjEsnCkho1BgVqPJrUYw+xvCxfLWzWjnLtx/v2zA/j9S9M/t/qd9TkAnvc5AF7AdT/4+0X96tX5+Msbq/C310bq++ypaWzvi4RMEYoosxYyeQwk0iiIJZFcdExAezQvho0f6X8LAFOs3fuB0f+pCCY3HP/gS88ItC+6rwUwWfhmTDv4pbKjIuB6P1fTXwTAhSvvcIj81TL0LFNGLbJmHuX1lG99ARXbX+QQ+KtlvwiAcx+4eN/6opVG5C26/KX2jYrupfYQsKZn1Bz4DprOfPa1cgIAFiRIkCBBggQJEiRIkCBBggQJEvT/b8r26jnMJaibn2BHdpwNiXYNkp06bmGb4jQh1jgChOOt5GpZi0yvDtk+HfICJm5FS66USXQc9Ou5BS5dT3epuEtRyiNlejTIcKv5tdH7gn5Wn0fFlROrY3lG7p6ZLHQ5pE20wyoWwaWVIMFp5hDYpVfCIo9AglmJYMCOJIeWtVWDIopFzERWwNXZflRmulGTHY/yNB9/z3SXgtdPUJfqJ8teA"
11898 [Forwarding screenshot on session b1310904-d161-49ca-a1a6-530fba7baea8 to remote] DEBUG org.apache.http.wire  - http-outgoing-47 << "sVlaS7eFmoXido/2r4vAmCyAKa4wDw2cBrLS6UYty7UZ/u4FXB9tguNuew8aEd1hhm1WeQemaWfu3z+ohtoAsEkKl+RakBRvIpbzJJb4c7CEfhLVsBtuRb0lri5+2eyAibrXoKCowCYrEIp7u+opehoSta/FBeY3D+PQOARC12y1i0ny12mUvY8AsDVyWbu6nfUGphgLYFgHpOY3UcunQnujkLdojglTwkAk8tnAsOj1r90Ts8gkaUw1UH1kagcAVPqH4K/BL0pNnNdqokD4FEL4FEA/PS5ZXj2/HK8cGkVnr2wAs9eXoUnzi3FCzc3cAB889h83D6yggPgu8fo2hpc3jcFe1fWYN+aEmxZnIIjmypw59RkrH/Ag4PrS7F/bTlLy3Hj4CI8fm4ljx/8+IWtuHV2NS6fWIUXHjuJ5x/ci6cuLMJLV2Z+CQA/e2UZB8D7VnSjIUvPxpu1nb0TuYDuLHGht8yJsVUubgFM0L491462oJm7gW5K06AtS8dj845aABMAHltkxEAxpWb0F7L8ghHrX4K/ZH066vKZoC+JjkfhL8H/6kQVGihGc4qWP4dgc10K5WnQweZOQ7wcjQkKbvXbncXqz7GiJ9uM9nQNmpMVbLxVqE/XjsQSZiJ34y3svQgIVyYokeNR8pjZFEs7yylDmjWGx88my3eC9/msTQU+lvrkaC2NxflDu/DEtf24dXAATx0Yxt09478GgNfNSsSOBfk4uaYDRxbVYP+SWjZuAzi1qQZHlwVxbHk+9q9swCNXNuK5/T146eQwXrk0F8snlUAWIoJYokSoTAN3dhDtq7egbOIsqPwBiKJGvJ6OGf1f+RhSCMIiwhEVGcotg8n9cjTLD6NjArJRIgRkoXjAZcPeRDcWxavR5AlBeSCS9YsG9WRt7ZVzNQQ0aEkyoT5Oi3LWF0WWaKSyfSfPp0U9WzfdmUZ0sH7nFsJsfIoDrG+8oShy6xHQ6UdiqYZHs7ZFo8yixazYCJSqxShSSVGhN6JWZUYLU7vRinK25+baZWiwO1GoYHuDRoNCiRiVChkqoqPRJFegS8vukUjRJAnFDNa2eWwNpkSK4I4QwSmWIl7D1qAyAm3s2sJCP1ZWpbHxlCOewK9OCpMxEg55JN9LHToJAvQxENuvyS08fTTQzt59bAbbWwIKVLoVHAD/+OEG/OR6BX58rZ0D4A8u1uD7pyvw3WOV+M6xGh5v9+0Ttfje6Xr84HwzPrs5gO+f6cL1+Qn45oYs7tb5w0vF+OxKBT65WH1f6PtF8euX6z5XAwfAH19uYWrj+tHFVnx8vRsfXu3CJ1d78e6pJry2pxyv76niemlrKV7fV4g3D5bh0gwfrs+J5S6g7wHgYS/OTvbi8lQLnlkeh28u9eORRbE4PFaPczMTcWZiHJ5ek4Bvb7TjjXVJmFPohnqMEmY2B7vY2p7E1lKrRYXxWi22sTlEWmx3Y6Xdij2GSBxVqXCcjdMRgxX7tRauA1odjuu0OG3UYo/bg71pRmzPluE0q/tKnI+VtWAqG3+KR62VsbFRS+GRxyBWHIksmYTNBRWajHq0moxoK2FzptjF1l4c2svi0FHqQWelF51N6Zg0qRGzuosxrjUPnVUpaGa/Ke1s72lne09zHvsNKfChkO0B3JMDfajF5kSCIhx+eShS2bzJihzD3TSni0ORp4hm81TC5qsU5UopyhSsHXIx+sIk6JOEo0UahtoYMWrYHO23ijEvSY9ZHiMWWWIwyynFDLeGvZMMk9gzFsZasIGttVUqMbaYLdhptWOvnfUD006rGxvMdiw3mbHQYES7OQG5MtYuuQhx+lDuDcQpl0MXEgZ7tBheto6TIiXoMKgxNdUFjzIUq2eW4i9vLsPPvzHAwe8X4S9Z/Y5a91Jc4P98bRH++PriL4nyRvXbV+fiz68vw59fmY3fPz+Iz745i/12yhETFQ2J0QUj6xO9IoZ7JlFLIriUMWGQR4VAxvpPJo7gErWd+xf8T9Ry6lP4aqfdg3//byhaZUTxyrtfek5S3xqEUBDnr5QdExKKpN7VXyo7qqzphxHCg0V/+R4CwIXLbvEynsoJX7tOUrnTULPrW1+r05ha+bWySmcSqra9xK+XrHoYUUrD18pQ29Mn7Ppafa1nfwpDSjliNBZIDG7IzH4oHInw1U1D0/EPv1S28eg/BsANh37wpfKjypj89wFwUs8qXoaeZcv7Oy6gi3q+1hZS2vj7A2CFPeFrZQUJEiRIkCBBggQJEiRIkCBBggQJup/IMpYseXPIMjfZhbxEBzJ8Zg6CSbkJbgQsajhUkYg1SZHu1jFpOMwlWEpul8vT3fdA6qgbZtIoFCagOioCwaMAmMqOgtdRMDxahkSAmeL5JpJ1mlkFq0oCr0mDrDgnEmxa+HUSxJrViGfHBK3TvQZk+dh9rE6K3VuR4eLwtjYnjlv70jOoXoK6pOJkM2qCsbwtBKpH203t4LEwE0bgL4FiclFNbqBH4/8SAK5g7a9McaEuy/t5vpNbAZNVLwFOcnFckWwYAb1BAqlkJevmx+QOmscDzmJ1pBlHYrCmGjlUJGjbUeDkALg524iuQgePAUwWwGQNShCY3CYTBCbrX4K+lDfqHvqLeWT925Bp5jF4CdLSMyqYKN4rpeUB9uyAjlv9UXxXsgRuzKTYwSPxewlwkkateul+AtVk+UuivNF8Ar6UjpYlCEyunwn+khUwP2fvS/1C71sYUHIATK6sCQAfOrgf33v7W9wFNMUAfub8cu6CmSAsHT93ZTWePL8UL97aiG9eXoUbR+dwt8+kR0+vxPWDs3F0Qyf2rxkBwHvX5OPQhjIcXt+EfesysW1JDs7t7sDulfk4t2MKHjo1Dw+fWIfHL27AmQOzcWjHNDzz8BE8e3MnHj01lz13Bn/+FwHwK7c34eDqPrTkmtGcN+LqurPEh75KPwaqvBiqZar2cWjfwa6TZS5B2XY2jhSbt4fdR4C3P8/ARQB4qNSC4TI7BkusXAPFNg6AKZZsaawcOfYIBG3h3PqXxpbgIsHgingVqhM0qIpXo8QrRYlPjMp4BcpixSiPk3DLYHJVXM2Oq2IlaEhSoSPLhO4cK9oyDKhPVN77eIDqrE5Ss2Mjt1wmGFyVqEK+X4OiAMX41SHoVnAgTOCXAHBZkhllbJ6XBhzIdcWgrdQ3AoCv7sHNA2PxzQPDuLN73D0AvGVeMVZMDWDNjHhsm5eLE6vbsWduKXbMK8OpbZ04tq4C+xel48CibBxY04RHrm/BG8cn4LXTk/DKpXk4smYs90AgjwyHXC5FQVkOxk4aRlN7MxJivTCrlRCPESGKLIRFoRgTEslj7krCRYi3KlCSZEVJPNt7PHKkWsSIU4dzd9KVDjWWZMdjfUE8ZpIVNOv3hhQFahPlqHDJUWZnqVOJGrYn1Hj17Jj1t5WtF4uCQ9oyjwJtbO73Z7B7ydqb9XMDQftYBQp9MSh2aJGqVUEVHYJo1m5yQZ1n0mI6Kzcp3opSQwzs0SKIRSJoRGPgjZLAGR4GS5gIqSoTXOExcEfEwBctRYpCzYFXTowKFSozhmwOzAo4sSjdhvk5ThTpwhCQRnJLSz17/8zwMWj0yLAsz461JV4kqsmbQgQSjQq4HXK41DKYWHmjIhIOgxQJ7H0IXLen6dHF2jfI5kszmydVbNx3TEzDTx9tws9uVnEA/MntCu6i+YOLdXjvXD1L2/DR5U58dK0bn97sxU/v9OPnj4zHR1cH8NyWUnz7YAWP6fvBpQJ8eqUUn12+j7vnr+iLAHjUAviLAPj755rwwZWOey6g3znZiFd3l90DwK/trMQbB4rx7UPluDo7Dldn+bgF8EtrPHh8rh07uy04MezClal2vLQ2lVsBP7IogH3dKhwaduLUcCweXx6Hl9eb8fwKL2blWWAIkcMikaAzqMHhhiwsjvNgpsaAOQoVxovZOhBL0KNSYKpOgVkGMyartJiiM2GCRo+pRgsmqDSYpmNic2JYpsMmtt9uDKqwwqXApUAKLjv9eMBh5h8+6dg8NodHwR4RDVdUNALsuYms/mR2nKdUoz7WgiStEh727CRWf7GJ/b4qxPBJpEh0xSKWXXOy51sUGnilU"
11898 [Forwarding screenshot on session b1310904-d161-49ca-a1a6-530fba7baea8 to remote] DEBUG org.apache.http.wire  - http-outgoing-47 << "mSycc7ThCNJEQVLFJt3knAEjXqki9WwhoihDpVCHSGHLUYLM0t17D6SQa6BUaKGMUoBE8u3RCpgj1LBG6qGSxoDnTwcSkk0rDFhaLSLsTHThQMJcbipt+C4y44j8QGccPmxy2DDBrcDmzx2bGd9sMJmwnKrEcssJiw06DCL5U3WKDDIfuv7mJpULmSx9RxUhqAyTs9j/DpiJHxNxEVLkCWPYu+rxSSfB7MzPHBJRFjC5im+swK/fWHq5y6f53wOfh/AX95YjL++uQT/9eZy/O3bK/DXby/Hf7214kuiPALIpD+8MQ//+cpC/PmV+fjz67PxixdWoZGtNUWoBlptIgxqPfQqHTRyNdQytsalStYPCsjYWqWY5NFRMq7/MQCu2/sWdAlF9wWB/1ONCQ1DYveKLz0nbdw2hN3HmpfkKOz+UtlRxTbN+Ttuo9mPxvLbvIzal/W16yRv9eSv1UdSuVO/VvaLALhm1+uIUZu/VoZkL+j6Wn0EjMPv46bamtuK1jM/+VLZfwSAbbltaD75yZfKj0oAwIIECRIkSJAgQYIECRIkSJAgQYL+b1WyTcbj+RYk2lCW7uEQmEBqmsfILWvjrRoOXz06MeLNMg5/g7EGbqVLFrvkNrkqw4uG3HgeR5fcKY/G+SVXyhQjmGLrUkpulumY7hl1HU3H5CY6w6nisJeU7lDycx4/2KVBBhNZH5vJGkorR4rbjASbmrfHxc7jbTp4DXLuyjTZpeIAuDLbw+RCOcGtHC9KUhwcdlNdpakEhb2oDjp5e+h51Iba7Fguahe1j96lJuhj91LMYjMra+cunwn2khVwWYIFZYkU19fLXUJzd8ZBNwfABFfJCng01u8oACbRMeURGB6BsRQveASkklthigHcmmtDe76DA+DWHDOHcuSilyAvWfg2sfvbclwcCJO1L4muESAkq1ESQT1y41ydohsBsUwc3BKoZc8iC2ACwCV+HXKdUhR4FKhNtXIATJbAVUkjLp5JZCU2asFL7Ry1BKb8UVfQPOYvewaHvF8AwASSya00AWIOh1n7y1nbCAJTn9UkG1CfE88B8DvfeQNPXNh6DwA/c24JXri0Ak+dXYRnLpEL6KV49aEteO76Olw+MB0PnViGuycW47GzS3B4XTuObWrFhb1d2Lk8H9ePdfJ4wJsXJ+LR8zNwckcVjm+rxEOn5nBAfH7XOHzjwjo8eGoBDmwdiyO7p+K1p8/gxTv78eip+Xj1+gI8d2EZB8DPXVp6DwAfWtOP9gLW/4Vu/q7tRR70V8VyANxdakVHgZmPWX2aHp15NjRl6NFX6OCxeQkA9xdaMDbfyAEwWf8Ol1kxrtyBoVIb13CZk0Pi1gwVt/LNd0VzCExjSuNMbr4J/o7EAmZjmahDWZzqnmvo8oCcnctYOQMbQwU/LvREs3GW8fpo7pDVdXmchgNRckdexuqgMaVxo48QKlK0KApIEXSz9eTTItfL1qZTwdMSthYoBmqmQ45MTwyybBpkWsM5AD68dQ0eubgDDx0dxuO7e7kF8MMHZuDuodnYNKcQSyb6sHJqLDbOzMTu+VU4tLAGe5fWYt+qeuxfWYr9izKxf2EQJ7f04vrZVdgxqQgr+5OxbCgdC4aK+McZ5JWgPCsenTVBNBYmoakgGeVpsWzfiUWq3YpEpxtuqx02C5NeDr9RgqpUC6bWJmFGdSwmFNswWGhHR5YR7fFGTMrxYCpbS0MZRrSlECQ3oiVZgwa/Ao2xVlS72Ny161DlNKDGbUKlnc13ixYlJjU6HDI0WcRoYXtIF9sXO9i+0cLa2OrXo8nD1gjrrzKTBpWsHbmmcGSyMlEiERIUUrR5VOi165GjDIdFIoIyWgRjTDjcYjHsIWGwhobBGR0OMwFsXTjbC2PYPAhDqlqEbKZSYzim28Oxu8KL3TV2nO5PxDdWteLSwg4UsDZZwkLgCI1CmnoMJsdGY3WhDfFyEWyyMQioZAi41fAbtDDJxdDLImFSRcKjj+TuvNtSdWhPlGEcm8etyWpUe1XYOSmdA+Cf3ijHZ1db8NGtMnx2vQkfXW7EhxfZ+eVOfHylB+9f6sKPLrbhvUtt+N7pBrxzuh1vH2nChxfa8ZNb/w2Af3y1hlsEj+qfBcDkApqeMeoCmp79RQtgigP8xp4afGt/Ed44UIpbC5K+ZAH81ANurK6WY3+3EVcmWz8HwAl4fFE8dncosbNLj/OTk3js4ufWOvDMUg+WlOmRRr9Bxmj058bgaHMmZnrZfJHIUSlWokCpQqZGigRlDBIVMciQypAUGYVMuQzZSgXydWp2LEEWG/9USQTipVLMyLFgYT7bO5UR6FUaMFOtwhCba4pQEaSiUEjHhEMeEQlpVDikbH5Eh4kgY3PCZ9ZiKCsWHkkUYlg5l0yBplg3tx6nDwDCwmMQxcqFhUciIkIGfXQ0MlRRbP7KkMHKKCNiYI4UocruQJZYA5UoDJEhUYgQRbL6ohE6JgIRkWJEsHoiwqLZc2MQHRLNrkVBFiqGJlIBcYSFA87QyAiEhUZDOWYMis3RmJ5kxBSTAmOlCjSER7O+kSNPKkdGZAyyxRKkS2NYH0XxjxXipNHwSaPgYccOJgo7YVOK+QdfSXK2t8SE8fi/SwrSUG/WIxARxdeIU8bqYn2Wp9JhksuOqezvkWSNCEsnBLjF7+9emIHfPj+TpbPw+xcpBvCI6+c/vbYYf359Cf7yraX481sr8Ze3V+Gv31nNRceU96dvr8Af31zOAfBvn38Af3h2Hn7/zEx88vBCtCWZYWB9ZIjRQypWQBIjhzhahpgoKRfFGY9kfRbO1l5YpIxL1M7+2PqfqGLjNyHWWL8GAW157ShYdAWFS66jcPHVr+gaSlbcgT7x78cN1vizOVwefU7Zmse4ZfD9ypL76dw5p77UrtLVj0Kstd23PAHg4hW30XrqM8ht8V+7Tta6acNbv1QfKWvqgftCaALA1dte4mXazv6Uw9ivliFRfGN/3XS0nPiIl63f/x0Yksu+BqkjpeyPy9knvvRsUhMHwElfKvvf96iRMXH31+4hZf4vADCVaT7+Iez/AADT9a/Wm/4PAPBXywoSJEiQIEGCBAkSJEiQIEGCBAkSdD+lOZXc0pXi51Zk+rgL5VS3Dol2cvssgUsjZqmMi9ydBgmOBkwcinI3zYk2Dnar2b10TDF1CaZSrF8CwQRY6TqJgCqdUzmCrAR7CwIWVl4HivVLKSnDqeZpIVnHJdiQ7lAhyarm1r4evZzLpxUjwSSDV69hbbXAoRbDpYtBMN6MEgK0WU5U57B25VhQk+NAaaod6azeFIqtmeJCe1kyuqpS0FacyttKsJnegTQaA5iANgFgek+KS1yabLsHfwmClSdaUczaX5VK1pBWLnIFXZPB3vtzyEqgl6x9yfXzqEatf7kb6EwrmvPdaC30cnfLBN/IZTMB4OagBS1BE5qyDNwik6wz23Odn1v72tFd6OcAmIAwQUHSqHUoibsITtGhKlnLXTET3KP4veT+uTrDgkJ2XBFvQil7t3wXmwceBaqSTBz+lgU0KI1Tc8hLIsA7CncJ7NJ5Sbz6Hhwm+EuiZ1A5KsPdI+e6uPtpcilN1ymfx/4lS1aKa5vu4BCzOtOPfXt347tvvc4B8HNnl3C3z0+fXcgBLAfAl5fjGxeW4bWHt+KZa6txdNNY3Dn+AO6eWICLe8bhwJp6Dn/P7m7GrpU5uHqkHftWV7PjLJzZ0YsT26uwdXEWHjo9C4c3leLIhlbcPTkX5/YN4eD2Hlw4PhdvPHceL905hKfOL8er15ZwAPzSlRV48eqKezGARwEwgV8Oxclt9+cuoFvz9ex99XzMKuIV3AqXAPAAufEucXIX0GOLrBhXYsNwMVn7mjgAJvBLLqAHiska2MnLkAtogvo0lmT9S9a6NPYE+SmPAHBVgh61yayvU2nsjXzM6dqIa3AC7Do2L9UojFUgzyvj8XtL440oYWs436vlHz9QrO1sD1tzXiVKklndbPyKksjCX4JkixgpVgkSTdGIN0QiyRzD7pFz8Wv2cGSZVcj3SFDH5u7UvlYc2jQLj56YgMd39uChvRNwd980DoA3zy3C4glerJ4e4AB4w5R8n"
11898 [Forwarding screenshot on session b1310904-d161-49ca-a1a6-530fba7baea8 to remote] DEBUG org.apache.http.wire  - http-outgoing-47 << "N/QhUu7hrFzaRUHwEdX5GHfoiCObenBxmV9qCCvBPEaZCaIkZPG2hswojDFz/YTL4JOOXICWhSn2lCV5UNdTiJbq16UZiagID2AYLIPyQl+BJM8PI5xS4oS/RkKrkmsv6dW+zGNjcuUcg+6srRoz9ShK9OIvmw7j+nb7GPz2qpDrlqCdEkkF7ngzZSKkSFh/SAWY6yXrRNlKJIiRRzmJai0TGokK+VIkccgVSdHpVaJCWyfnZEmxcRSFwxhIpjCw5CmEyMuJBzOEBGSlGKUWHRosrF1bNKjRKtCsd2EoE6KWr8G26dU4vF94/D0oX48ubMDN1ZW48zcYlwdH4+bs3OwrVmHfe1KvLOrCq9sbUGWUgRlaAgUkQZYJSHoc0dha008Mo3kRjcCXnEM/GY52z91MLJ30smjYVJGwaUN5/OkOVWL5rgYTCqwo50dV7O5sW18Mj57qBY/vlaKTy434YMbRdz6950TldzC9s2DNXjjQC1e2VeBF3cX44XdBXhpbyFe3V+Ntw434oMLrfjkGrl8LsBnV8s4AP4q8P2q++cPL1fjw0vs+HMX0ASbP7rUfM8C+MOrnfjkRs89F9A/PNuKN/ZX4Y19NRwCv7m3Fq/tLWBtK8NjK7Lx8JJUvLkzC29uScBLKxNwbnoa7rL59uzKbLyzuxRvbAnize3FuDEvCdfmZ+HO4hw8u60Mr23PxFtbM3BuSgLmNiVgRmMs6w8f1td6MehTsfHSwS81wRCtgFESwWVned4YJbxRUsRLlGx+sP6OjIQnIgKxYim30pVIIzGlwIqFeVb4IsOhC41GSswYVFoU0I2JQnRoJMJDIxDK5ouIzRNROBNLw9gcctsMmJrjhTNahAjRyMcD3SkeNLG1rCb352EhGENpKNOYSEhYmVSJCE0OCXLMCm5xHsruLWG/s/Ea2Ug5cQi7j+5lYtfG0DNZHSHsWhh7djjLJxfrpFB2bcwYKb9OChOFQ8by6WOi7gwTipQh3DpZEx0OqSQKyqhoGCMksMfIYYiJgVYcDX+EFP4o9jvO+sgRKYUlXMwkhS1SDnc0QWoREuRj0G6XYg59XCaPgo09Q8eep2RpLEuL1Br0sfZP98gwoy4WF7fW4FffGMIvnxiP3zw7Hf/23Az87oXZ+MNLc/EfLz+AP7666B4EJtBLGgXBlBL4/Y9vLcW/s+u/emU2fvnMA/jlk7Px6a1+vHd1IhbXe9HO9mD6IKspz83j/o948mC/i+x3n35Xc7xSZLliEDBHcf2PAXD+AxdZ537dypagY/vZn/1DpY/bjrAo8dfuJUXJdcibf/6/n8XKW7Ia7luWJLcGkDv3DOr3vY3saYcQfR83zKPiAHj5bV4vwcr7lXGVjP3vZzNR+b8HoL8IgEkExaPk2vuWpdjCZCFMlrwRYvl9+27E/fTrX3o+qeXkJ9D/A2trcoet8qRzN9UElgma032ZU/bdtzxJAMCCBAkSJEiQIEGCBAkSJEiQIEGC/n8pitNLbo9LUp0oz/CiMMmONI+eQ+AEm5K7Vg5YlBwGB2PN3FKY4kTmBUasgAnkknUvgdPSZAcHwGS9SxB4FPISYCVLX4KslEcQmOAwnZcmO9l1sgg23kuz3FqelqW4OGhNsyuR4TZyy1+fUcmtkin+r0cVAZ+ZLJWtsCpiuBVwRXYANfnxnwNgF0v1qMq2joDcBAfSnVoUJznQUZ6CsQ0ZGNdUzGFvilXGrX7pHQhWtxQmo7cqyF1JU9xggmQEgMn1c3G8CYVxBu4CuiiO3Dyz94lnfcjaSq5xCQCXEBjlENT237CXiY5HoTCprciPvqok9Fcno4Mdk1vh9nwXB8D1GQYOgBsz9dyalGLK9pfG8di+LdkO9BTFcve9HPQmaXlKIvhH5wQMa9NG1Px5jF4CwGR1TP+wLohToiKetZ+9TzF7P7JWLI/Xf+4SWo4CD7mDVXEATLCXQO+oC2gSHRMAHnX/TBaklJII9FLs4N7SALrYe5El8CgsppjHBIAbclibMl3cgrUizYNdO7fzGMDkApoA8HMXV+KZcxSLdwW+eW7xPQBMFsBPXFiKHUubcOPQLDx8ej52LavGmZ1tuH60FztXBHFwQxF2r8rBqR0NePjMLJaXiZ3LSnBscyO2L0vH4xfm4/DGShzb1I4DGxtwbG8frpyZj+cePYJnru/DN8+vwTPsnFxAv3JtFV6+vgrPX1vBATC5gB4FwK35FPvZglZ2TgC4q8SCPpZSDGCKoTsSk1fNAXB/kZ1DRnLxPLXayzVYYuYAmMBvT56exwAeKnXwMp1BHYf6NJZk8Utgd/SYrHmLvBKUxapRn2pBE5tzBNJL/GTxq+DzgFsDp7PxYmNRzMYrx69ka2tkbZLoo4sEkwQpNgUSLRK2pqKRE6tBaZqZx/bNZPWPwuE0u4zD31SblK1xzT2L+NJUNt4BO4fPOb4othb1mDm2DA8fG4dv7hvAw/sm4vaeKRwAUwzgpZP82Dg3hbuAXjsxB0eW1uPiziGsnJmDXUsKcGp9CQ4vZ+mOsZg+rgTlRZWoqCxGQWkCsvO9qCjLQHFWIsqSKR62D3lZDpTk+lGeF0BZbhyyAiaUsjVbmu1EUaYFWdk5aKguRS0r25NrxZRyB4YLDZhY7sSEKi8mVtswttyM+nQxOrK16GXzstWjQZ4kBMUaMYoMagSVEqTFRHFlStn7KxTIU6tRpDegL82GREUIh2kiUSREYQqEhMsQFhLJoZyJqUwswbKAHrtKddjYGoAnSgRNSAg8SinscgvMYRKkR0vRoVRhmkaLSWo5mtTRqGb7aL1OhyZ9DNbX+HFhShquz0jAM2vy8cL6cjy5ohR3lmTh8OxULG7XYXuvGm/tKMTT68oRJxNBojAiNNoJtSwKPWy+7GxMQ9BCcX+j4IsWI1ZPAFgPvVjMY5dqZWGwqUI4AG5NH7EAnkKxrFPZunXLsWU4ER/frsKnV4rx8aVGDoA/udqMd0/W4Fv7yvHK7gq8treaA9/XD1bjjcPV+O6pOpbW4tuHGvD9U/X44FIFPr1ezK2IP7lUeV/oew/8Mn1wqYrHGSYI/OElih/cgA8vNuGjS61cZAFMEPi9S+0gF9A/ONOCNw+wZ38OgN/aX89jAL91uALPsD3h6XV5+P6hInx/bybe2pyFx1ZX4Ztry/GNJWl4emkC7s624cklybgwzYfLc9JxaWYi7q7MxRPLk/Hccj/OTbZjba8Pizqd2DFkxbauZAyxNRDU6aGNMEIWqoYpMhqmMWEwhsqhCZdAE8rOI6JgZ/NAHxrCjiOhj4yCKiwMYZEiLCx0Y2W6DWZROJs/cmijRQiqxQiE62GIZOcRUigiYxDDymskMdBHR8HA6knV6LA8Jw6ZsmioQyPgiRFjONGFHjZv7GEEd6OhZKmEtUESpoZdFIVqeQSmst/WFoeZP88cIcL4pADqNXp2zuarWAbLmBhY2FzWR0igjIyANDyU3R8CWUQYP44KFSEyRISY8BBoRGEcLEvYc6SsTSp2XOpWYmKGG9XRYdx9s1wqglIvRlyYGPGiCN5+OVsDXlbeEBECfVQoNNGhULKULJtloWNY34RCGx4OHfUF23PakjSYXBbH1qkdRfEuVCbHoTKW/Y4nGDCjsBDT7EYsZnvj5Q2D+METC/Dvz0/Af7wwHf/+8lwe+/ePrz3AY/7+9Y1l3PUz3l4FfGctt/r9r++uwd++t5aLjilvFAT//o3F+NMb6/HnV1bhl49NwB9fXIAXDvbiG4eG8NixHh6j/Jm9XXhqVzue2N6CR7c04u6GWtxcXYGry0twflkFl6jj/L/in1X7uZ8hvm3h1wAguXAuXnbrvvd8UTU7XoXM5P3a/SSyls2ctPtL5XPnnkaEWHHf8qMiCHq//C+KA+DP22dKq7pvmXC24fnrpqFo6Q0kdi1DeIz8vuVIBHNrtr/8pbYmda+4b/zh/5UIELtK+r9U16jaz/4Uvpop973vqyJL5aIl1/l9WVP237cMKbl3NS9DVsn2/PsDYGdRL7/+xbaQMibsvG95AsBfLStIkCBBggQJEiRIkCBBggQJEiRI0P00CoApFm8eAdhYEzLdegR9JuT4zSMw2KmBXx/FU"
11898 [Forwarding screenshot on session b1310904-d161-49ca-a1a6-530fba7baea8 to remote] DEBUG org.apache.http.wire  - http-outgoing-47 << "hWPy0sqSrByOFScaOEwiJQfZ+CwiKxlCwJGfkyQN9Ol5gCYXEUTXCVgPGoNTCCVwCm5UKZjcjdLgJVEFrUUfzTeEI2sWCtS/TaYlBLY1HI4NTJoI8bArY9GPAFin5G7hU73mlCREWDv40aa04iSZC9XaYoHBfEjMX4JXndVpmFCewHGteVzWJzh0TBpOQCvyPRy6+Gu6lQUJBkR9KuRG6dHVZaHw+IcH7k9dqMk3satp6nvKL4o9UF5so1DzYoUK8oTya0zAWCy+B3R6Hk9e2Zj0M2hb1dJHFdncSzaCkYsgcmylCAqwVty49yYZUFnvht9JbEYy8r2sHIdrBxZAZP1Z0O6hUPhUXfA5FaZjhvJDXCiBq0FLpSlUYxlGUrYObl5rUzUoyyRrHdZP8XruMhVbkWyiVuKktXkKNQlAExWpARx6ZxALgHl2kwDajJY36RpubUpifKbc1383caWJfA2EgAmN9AElKmupjwXt3qmeZTF2lKU7sX+zVvx7isv4vErm/HkhQV4/tJibv379JkV+ObZpXju6lI8e3UNXnnwIF64uQWndrVgz4oMnNzUhiPrK3D76CwcWdeKs3srsH9dHg5s8ePusTV48vx6HN8wCdtXJODy0VKc2T7M7qvG7RPTsH2lD2e39eDq/j4c39mA154+hSevH8I3zi/Gm1ce4M98/vpSvHiN6coSvH1nI86u7kN3ug7jcp0YyjGgP1PD0/H5Zp4O5xq5+jLUyHdKQJbAXQUWtAcVaM2Uoj9fh76gAWNzbejOl7DxVGKgVI3uPCU6c5ToztXw+KLNaQqUs/4vjdMi16FEHluHZK1d5Jej0B/JxiICGXYZctg6o3i8pWwsM53RSLdHoCCOjVUyK8/6u4z1d2ksWyPmcGS7xUh1RyMzSYOcTDbOPglbawo2r+VsfmhYKmV1ydFd5OBuq7vy/ahJsXDXzxlOBbf8zXZJUcHmAVmfVycrmJSoTNLx+ZHjDMecznQ8cWw2Hj00CXcPTcSNPcN4+Mg0bJtTho3TC7FuahBrp2dizfRUbJ+fik0PZGPFrHRsXpCNg0vzcHFLC05uHsSUsUWoKAigJMeH7AS2J2S6UV+UxD/wqM4LoDoYi1K2niqy3CjP9qAozc7KGRBMMaMg04FsNo9L2JrtrMlCXa6PuzyvzzChlYncPPflmlHrF2Mg04ixNEZeNhZs3RY6tBychYpECI8SIUISAlFEFMKi1BBHSGGPDEetQ4XxyUbMS2fr2CuHQymCme1TBnkUzFIpzHIlbFodUuQiZOpCUOi2YEJGLJYU2mARizjoc4ZKoY9QQBsthkEcjlimouhIdMnVGK+zYUBlwWptMpYY3Jhn1GKWQoYlCj022bzYFO/ApqAJxwoTsK2uBPNqtDg4rMRLa2pxY3Ensm0iqCNEEEeGQRUuQgfri63N8WhyhMApD4fFqIFWzvZPrQp6SRQUrIxTI4FXHYkUYyTa2P5DbrD7Wd82sjEuYvNqXX8qPr7TjJ/cKMRHlyrxwfUKfHCpAe+cqsEbByvx+r4avLa/fkQH6/Ctww1480gd3jxahbePleHdMyV4/2IpPr5WgU+uVuCjy+X49DrFAa4Zgb9fsPIddfX80YUWvH+2ET88VYcfnKZYw8081vDHVzpZHV14n6Xv3ejG+7d68YOb3Xj3chvePdWAdw9V4wf7KvHu/kK8vSsPr2/NxcsbcvDsmlw8uTwHDy3Iws1ZqTg7ju0fAyk42BWP3S1ebG9yc+1kxzvb4rC124/dA4k4NDEDh6cEcXBSFvZNGNGBSUFsqU/EgCsG7QYZGpRqVEvVHKZWqWSo18tRa5KhyihBqU6MApWYx+fNkImRLCVJkKKUY6ggDtPyXahk49Upj0aHWYEkuYSNiwlyNlaRbC7q2D0E6g1RUTCJCaKOxLWeXJaIZFa/mc2bZKkMEwKxmJLohz88FNFhURw0G9jY6qPGwCyJRtAgxUCCFrUeJeRsfntDRBjHfrOq9REcABtj5DCGh8E0RgQTu6ajZ/8DacMkULB2m0NFsEWE8DlXZojCzFgnciUSSEKjIA2JGFFoGIfE8tBQDnmlISOWzBGsfWNEIWy9RSJMxNaZKJxpBDKbRBLUxyZgMlvzw7lK7JvN9pZ9jXh2ezWeW1mExzdX4pvb2rGq1oFBfxhuL23D+5fm4k8vLsdfX5uPv766FH95ZQn+8toK4NtrgbfW429vjqT47hamjcB3NgDf28SP/4vKUN67W/DXN9dw8etvr8Pf3lqLf395Ob57fghPbK3HN3e0sWe34untbXh2Zwee29XJRceUR9ee2j6i/xEArtv9BpSOr7sk1icWo/HgO/e956vyVk3k0POrdZD89TM4ZP5i+djG2f+PwSpB3Pu5bP4iAP57bp3vp5BwMnWP/Fr+/QDwaFtDI6K/Vv7vidrrKh3gVsxfrWtUFRuegvTvQPMviiyri5be5PcIAFiQIEGCBAkSJEiQIEGCBAkSJEjQ/60iF9AEMAn8EgCmeMAZLh3yAzaUp/lQkOzilr+JVhmy/QYUJ9s59CTYmeunGMBGFJIb4WQbh6CURyCYwDDlk/UvuVQmC+HWohSu5oIk1GT5ORQm4EvglwAwAV+CwaXs3oJYPc/P9aqQZlcgJ96BJI8Zelk0jLIYDoA9WgVcWgm3/M2MsyIv0cXL5cXbkOHRs/aaEPRZkOUxcMvfJIuMA+90lwIN+bHoqc5AAwHUfD+aipK5G+xc1qaGgkQ0FcejKMWIfIJqPjWCfi3K0hwcWNI71WXGoibdx/uDW1CztlNfUPvJrXF5soUDYIKplSlmDlZHUwLATTketBXEckjaXsj6Jt8z4gI6y8bhL7lSJlE84IZM8wi4CtrRU+TjALi/OBbd7J7OfC+HvfVpZg6A6bgiXsPTygQtmjNG3EO35DtRkqJDbpycu4AuYWWK/eTemaUBLYe9BH0JBpMoj4DwqAUwwb3RGLHcjXOqEY1kVfw5AK4m0Jym5wCYrtN70Pt0FcaiOZu9V7oVdWls3sSpWP16bvlcz+6n/gyyvJJMPw5s2Ybvv/oSnri6hQPg5y4uwouXl+P5C6vw/CWm60vxzUsr8eKNfXj59nZcOtSDE5srsGGeD7ePTMWprS04s6MV1w5NxL51mdi3Nh+PnFmAO0dX4tzuTuxeUYqT2xtx7WgHTmwawLEtdTiyuRQHVhdgz4osPHh6Nl56/Aqef3QPHjk9Ad86v/oeAH7p+jK8xI6/+9BmnF87Fj3snYfzXRwEd6So+Xl/tgm9rD/6CC4yUX7QwvrOpUFtEhsXvxRlnijUkTtn1veNcXrUsrQ50YiWJBMaAnrUxWrZNT0qaF0aopBhiEGaLgbxsiimGKSyeZ+ulyDTFI08h5iViUGuLgJFZjEqXHJUeRSoj1OjJVmHxgQ1OlhdHT4dOlna4lTz2LSVrO7aeCPagl7unpvGkdxyl6SQ22dWnzeKzSUL+grc3LqYADRBZu4mmj7q8LA5xOYCuR6vSVFyAEwfBtA8KfBGY0FvNp48Pgd3943D7X3DuLpzAHcPTsPOuRXYMqsEG6bnfg6A07B1VjK2zM/BpgW52LeiBGfXVuDWzm6c3zEeMwdKOACuKUlCYZYbRRkulOf4UZUbh7rCRNQWJKC5LA0VQT/y2f6Tm2xFWdCHpqoMLgLHBIDbKtNRlcXWtk+G0oACNfGsz1M16M0xoTPHjPGlbnRnqNAQF43WFC3y3eSiVgRl1BioRSIO0Mhil9zzmkRhCISFotmhwfR0Fxbn2TCUyd49NgqlbC4UBtiaIlfbHikH62kmBQdpWlZPjVWD2UEjNNEiiMIioWB5FFM1iuK7xoTDEhOB5MhIFERLURIjRy5LByUa9ClYqhdjilaOxVoTVumsWKxXYrFTinUaMeZYTFiWq8HpJhnO5GlxkPXRBKsYfUYTd1kdz57f5ZBgfYUHjfZw2KThsBo0/OMZp1oBgzQaekkE4iwaxBulyGD3trJ9ozFBiZ50GxqS5BwAr+1LwUe3m/Dj6wX46FI13r9WzgHw905W41sHKrjl7ygAfvVALV4/VI+3jnTizcPNLK3Bd09U4IdnCRpX3bPw/fBqBdcHV"
11898 [Forwarding screenshot on session b1310904-d161-49ca-a1a6-530fba7baea8 to remote] DEBUG org.apache.http.wire  - http-outgoing-47 << "yrxPsv/0YUq/PB8NX5wdkTvnCjGd44VMhXjeyfK8M6pCqYqvH2iCt8+VoHPrvbhxzfG4pPbg/jw1iB+eLkH75xuxXcONuC7u2twd3kZri3Iw6kpKdg3EMCObh+2dvqxpT0Wm9v82NxpxLYeG3b2O7F32IdDkxJwZHoKjs/MxIlZWTg1OYm7ib44MwsXZ2fjwqwgzs7M5jrHjndVJ2C8JQrdqhh0KNRolmvRpNaiPCYK5bIw1EWFoDY6HDXRkaiKiUZFjARlYjYPxQoUi5WoYWt6XoYVG3MdWGaWY3ecC2tjrWjRSpGpMCCD/cbFRkcgVcXmkkqNTLUGQa0auWwuNAWcWBU0oMHC9gGdGo1GLVbEW7GS/XaWy0KQ6XSwsXQjVquE26BCwMx+E8waTGP7ziArF6dTIUUpw+ScOLS41fBKxXDobHBrteweOXx6FZ8f/0hWhREmdTTc8gh4FHIYFZGoZmtjTqIfuTIptBIpVNExkIVHIHLMGISzOU+KDA1BdHgYYsaIoIoMhZrNe22UHBaphkkFC7vPqZLDKYrk9bQ55BhKkWDHxDScXl6K84uKcfWBMlxelI+ri8uwqNSAHrcIh8fn4OHVtXjtcBu+dawe3zndhbdPdbK0B+9eHMD3Lw7j3QtD+P7lcfjRtcn4AdO7Vybih9en4P1b07k+eWgOfvzofHx8dzZ+/NA8/OyxBfj07kx8fHs6fnhlMp7Z3Yoby8txe1U9bq6qwS32vAfX1OH22nouOqY8ujaa988D4HP/guypB+8LANPHbbv/PfdR6epHEClT37ceAon3A6v2vPZ/DIHZQMqtcciZdRwqV8rXrkdIFPfgaNuZH8Oa08zh7lfLfVHUxtiGWfzZX72msMWjevtLX2snifpCYnDxuMJfvW9U9Gwqkzfv3H3r+KoqNz0DhSPxvu6jRxUaEcWtl6l85qQ99y1DIktlKtNy/EPYclruW8ae38mvf7ENJHq3+5WXmX1fKytIkCBBggQJEiRIkCBBggQJEiRI0P1UlGznrp/JtXNevIWD01iDGMk2DfICDhSmuDlIJetfiv9L1r9ZXi23/iWNWv+Wpzq4CP6SBTAdV2eOWMyS1W9TfiLaS9LQUZrOVZsdy10uE+jN9+u45SzF1qWUQDDlEQAOuhXcjXQwYEfAoYdBHsMt1uwqCeJMWliUUpilMUhympGX5EV2nA1pFNvUrUYwTsdSHdJcWsSbZdyKOYFc3TIVJltQme1hZTQoSDKjOhiHwiSyBGbtSbCiKMU6Yv3L6khjbcj0qDj4JhfWIwDYz1We7kZRko0Db4LfRQEjqtLs3CKTADDBVILAJLK2JREEJgDcURTgkJQAXEM2xQkmy2ByDz0iOm/NdXAITBbAZHE5CoD7ivwcALfluLjrX3LBS3GByRqYzkdBcFO6medTXcXJWuTFKblrampDoVfJQS8pz0sxYhUc+pYmkKWulqfk6pksdgnukdUvtYtSAn5k6UvwtzbTxFWTwd491civV1E70sxoynJ9HleYXGCTy2wNG2MTWgtiWR+R22A9smNZOzJ82LdpCwfAT17beg8A8/i7l9bghSsrOYh96iI7v7EPL97ainP7OnB4fRF2rYjHyU0tOLKxHFcOdOPIul7uDvrgmk6c2NbA4/8e21qBC7sm4dSWIZzeVYObx8Zj5/J8nN1Th6MbSjkAvnVqFl558hpefHwfHj0zEa+dXYkXry7DS9eWfw6Al+E7d7bg9Kp+tKVo0JNpxdigDb2Z5nvqSjOgI0XHXZY2xsmRodMgx6JDsYvNdasChVYZKl0aVNg1qGTzuUArRalJhQqrlkmNaocOdW49Km0qFLL5WudSoM6pRI1djSqLFg0uC1r9DrTHsbmQ7MZE1m/9bN12s7XUy9bLEOvnydlOTMy0oT9Bi2lZsRhOsGGs38zVx9ZHhZHNf2M0KjzkTtrE5ynF/i1LNSM/wOa5X4Emdn93vg+l9GEAmydkAUzrmlv3x6q5xS8B4Lo01uZkJZ8n9IFAaUCGxQN5HAA/uHsQt/YM4vqOEQB8cEkT9i6qxfa5pdg6Nw+b5gaxbXoKO8/FrsWlOLW2Fje2NOCxfQN4cP8MLJlYi7rSVDSUp6Mgw42MWAN38ZzD1mFBioOntYVpKA8moCDVi3T2fqle1j6KyZ0bj2K2x3TUBjHQUojaHC/yYxWs3WxNpOrRnWPBUJEDtckqtOca2foRozI5Ap2FJrTkWFESIMt4J1tPDtSnuVEZ70Cx24xMvRwpinDkGKJRYhNj2C1Bp0eMEmsomticaGNrrCNBgWZvOBp9ocj1WeGVh8EVE4E2uwrL83VItIogM0jhoRipbD9LULL9Sx2DHI0ENRoFWjRKNOnkqDMrUSUXoVYfgjaHGC3KSIyXKTFXocd8pQILTHJsNOkxTWvCpgIHbrfYcMQehcNWA/ayeXTY48fGWB/mWI1YxMZta5kXzS4xbOyZFvYMjzIULpZaVTLYNTIku0xItiqRw+ZcO33AkajilsP1SRKUuEcsgD98sPEeAH7vajk+vNzIAfDr+8vxyr6qL1kAv3awFq/v68a3DrTjraPN+MGZJla+GZ9db8Gn18jKtx4/vdOAHz9Yh09u1OKjq7X48EodS+vxyfVmfHqjBR9fJTfQFRwMv3eRXESzvOvdrHwvS3vww6Md+N6RNvbMRjy1rRK3Vubh3JxkHJ/kw6FBF3Z0uLC93cm1tcOJHd0e7O7zcxh8YCgBJycm4fTkFJydns7h7vnZOTg3KxdnZ+bg1IwR0Es6PTOLKYiTLO/kDHZtZi5OsHL76wswgf1WtsqkqJdqUa9gvw06C8o1bH0bdaiVa1Gj0KFaSVbBJlSqLShTWlCssKBIbkZZRCimxamxOkWPZToZ9npdWOU2oJXNh0yZGh42NvIxIkSHjUFYWAhCQkZi78aEiuDUy7CwQIVkrYhbCXsUkZiebsDMVDl8UpZn0sAjMUErlkBNH0sZ2Z6s02K2k81/m5q7o7awerrY7261UwFdRAQiI2SIHBMKOauP3E1rYqL/F9JCKYvk8YfJfbSKza0KpxYzEmMRlIjhimKKljBJeexfC0uNUTJWXslhrylyDOziGDilMjhjFCOKksARFQW3OBpJMTHIjQ5HJ5vr49j6nVtmx6QyI8YV6TGdHa9osGJtqwtzWD/MzJXjxLQ8XFpQhOtLi3B+fiouLsjE+XmZODsnHWfnZeDMnEycmpWO40wnZmfg2JwcHJyegUMzMnGYjfFoemRWNj8+MTsPZxYU4CTbq0hnHyjE0Rm52DchiCPTirF/Ss4/1OGpeVyidvbH1j+jllOfwlc7lcezjdFYRqQ2cZfO5eu/cd977qfW0z+GIaV8pJ4v1WW+B0W/ek/DwXfhrZkMqdHDXTOTBS+JLGgpdrA5sw7VO17lZdXeTERKVRzgkiIkSkj0DhQtu3WvvubjHyCueS5vO7mYJutZXicbaCqv9mYgd95ZXjZ1cBPEWuu9tkazRWNIKmXPe+VefV9V7Z43uTWz0pXCnu28965irQ0afzYCrQtQufWF+97791S9/WU4S/qhdKZArLPfa4/U4OZw2JxZj6rtL/Gy2TOOsuume2VG+5eUOrSFl2k+8RHcFeNGyo2W+bwcWWnT9S8+n0Sxhe9XryY252tlBQkSJEiQIEGCBAkSJEiQIEGCBAm6n8jlcRHF7iW4G29Dls+IWL0UiRYVcmJtKEr1ICfOwq9T2dw4IzI9Gm7tSpC3IsOF4mQrSlJsKE21c/fKpPJ0J+pyY3ms39EYwWT1SymJ8sgymIAvQWBy+Txq/TtqAUxpnk/NYwqnuPTwWzUwq6QwKyQcADuUEu5qlVxjenRqHiM41WtENmtbXpIZOYl6ZHoNvP3k3jnNpeZKsEh5yvO8KuSy5wQDViQ5tDzmsVsbBZtSxOohK2I9K6dBkKXc3XPciHVzbaaHaxQAEwQnIF4YR26QCWKPAOAvWv8S/CXASlCYrICbc7334C+BYLICHrUEpjy6RvC3JcfO4wIT/O0t9qO30IfOXBfaWBmy+iXgSyI30ASACQaTyAK4hvUB5RGQpTiweXHkLphdZ+NTxt6F2jXq8pkAMKWj7"
11898 [Forwarding screenshot on session b1310904-d161-49ca-a1a6-530fba7baea8 to remote] DEBUG org.apache.http.wire  - http-outgoing-47 << "p8JAo/G+yUITClBXwK8o66hyeqXwG9dlvme5XIlezZZ+ZII/tJ7j8BkNofiNPz51VkOHpM21SZHBllMUgzgdRvwzssvfBkAX13GLYCfvbgMz15diGeurMLLt/bh6StrsX9DOQ6tz8TNI93YuTwWF/a04vqhIRzd1IBHT23CQydWYM+qIuxdH49L+wbYvZtwbf887F/diGPbs7F/TSUObE3F+R19OLOtFftYfa88dQJPP3gMT19ahjcuL8BL11aOAGCmFy4vwRsPbsThpZ2oihWjLl6FzjQL2pKNaGH93BSvRX2sCrU+BarcUpTZo5GmlSPbxOYYW0/5FjnKnGxMvGy8XFpUOTXojDegN8WE/jQThrKsmFRgx8xyD2aUOzG5yIKZWXomA2ax/p2cbMDEBCPXkF83IjYX+9ha6XDJOSTs8SswLkXP1Rcn41bFBCrzdGEod7LzJAuK/WqkO6Ws3xXIZ23J9bB5weooYtcKE0as7ikedEUsG3efkgNgstQfBcA0hjWpRv5BQkOGFnVpGj4POAT+AgC+s3cYt3YP4+auYTx6eAbObxrLdXpDJ85u7sDZLS14cFs7rm3rxhU2Btd3dOLOtmY8sqMLt3ZNwoLBUlSXpKK2LB2FbM8Isn0qK2BBsputW58B2Wxd56UEUJCWgLzUWLiNcu6O1q6OZOVsqMxNwISeKgy3l7B9is03r5QD4NYMAzqzTehifduRbkJfvhXNWUo0ZEnQV2rilsHNfi06/DR32fxn71vKxrSc9Vcp649cjxzpLhniHTFoS7GyecD2Dxt9IOFGY14ijx9eneVCCa25FCeq011ozUzE1GQzNhXI0JQUjuJcD3qzzRiXaeDW4wO5Dkxh63pxSQLWVSVjVW0AK1oC2DpYgA3DJVjaXYA2tpe1yBWYoDZiqt6ISUY1hrQKVIrlmMrG4EyTFUfYmB2yWnDQrMYZqxlXHQ4c87qxg+1dW/IdaHSyfVMlh02jhidaxD+e0YkjYZJHw6OXw60MR6opCvVsLKt94pEPGVIkKPdJsH5sGj64RRbARfjoUi3eu1KJD6+QBXAlXt9fygHw6wfq8K2D9Xj9UB3Xm4e78e2jnfjeqTa8d6kFP77Vhp/dacXP7jbjpw824rPbjfjxnRb85G4rUzt+ercLP7lD6uH6lzu9+MmtHnx6rRvvX+ri9by8rxaPri3EtYUZHOAeHR+P/YNx2NHnw+YeLzZ3+7G5NxZb+gLYNjYeu8el4PC0LJyal4fzDxTgwiKWLszFuQeyce2BKq6rC6pxaV4lLs6twrk5FTg7uxxnZ1XizAPVODW/EifnVeDEnEqcmFeFk/NrcHxeNY6xspuqCtBv1aEsOhK5ETHIiIhGcmQU4iLCkCSNgo+deyOj4YuKgS9aCm+MnMsdo+BKlkSgi82T6ZlmjNWIMcOsx7BdiSKzFA6tGskGG48jHB4SDVEoKQqikAhERYjhMtqwptCNVA2FbWXl1SbMZvNvJtuDzWRlLjNCE6FHjEwJkUKMCLEMxQYjFsR70WzTczfLGqbOdPY77lFDEjIGojApxojCufvzkBByyzziCv3vKxpjQkU83nWEKAIhYWMQ1MswwWtDZnQEHFERcEZHwyWVwKVQwMraomfzVcveXSdVwSVTsGssFSvhiJbDxSXl0NjL2huQxCBHEo0+ux7jWRunB62YUmzFtEoXZlf7MbfEjDUtbOwH0nBwUhBXl9bg/LwS3FhWi1sr6nFzeQ2uLanE5YUVOL+gDGfnleLknCIcn1WAYzMKcXB6CfZOLuDaN6WQa/SctHNcHk93TcjBzvFZ7DorN7kYeyaWYv/kSuyZVoLdU4uxa0rRl0R5dG3vxHyufxoAt535CSo2fpNb0hJMJRUuuY7yDU+h9dRn973n74ngKa/nC3XRceHSG6jb99Z97yHR8wlCpg1v5SAzY+IuDoxHYWXrmR/zNgVnHkVw1nEugqF588+j4dD3v1Zf5ebnuEvotHHbeJ1p47Yje/oR1oa375Wh49H2UVqw+CrK1z/JgfgX67qfGo/8EGXrHr/3riWrHkLz8Q/vW/b/qeg9SlY9zPuqePmDvP+/2F5S/YHv8X74av+S6vZ+m5dpO/tTVG19YaTcaBkmqrdq24v8+hfrHKn3uyhcfO1r9VJ/fLWsIEGCBAkSJEiQIEGCBAkSJEiQIEH3E7k8zokzccvXgkQHChJc3Po3xa5HTqwDeSyPLGizfHpuIUwAmKyAy8hqKNOD6mzvPfg7CoMJJNE5QWCCvKSiBCtPyXqWrD7J/TNB4Kq0kTjAZDlLGoXAlEdwuDjewF1AU3zfWJuWA2C7RoE4iw5OOlZrYZKRBZsKiQ5W1mdCdrwZhak2FKSOuK7m7WbPG7FytvGYxgkWObcKjiP3mcl25Ce5EbCokWjXIdmpg88YjRS3CpleHX/3wgQbe08Hd3VdleFGfbYHdVlulKW5OBgmIB70ajgAHrUALksYsfwlAFydZuWwddTF8qgr6JY89wjo/RwA0znBX4KpHAKT5W+eE93FPg6AKQ5wa5aNu3Yete4djfdLKWkUABMUrgxoUcHE4XOyETkUz9ir4nC6ivUHWeWSCEznE+z7CgAmy99R6046JuhLLp4JAnORy+d0A28vWQfXZlg5bKZ35BbPrA8qaU7EkkW3jo0vG+fEEWV7RwDwqAXwzrXrOQD+xvVt9wAwQdfnLqzAMxcWcwD87NXVePX2ATxzdR32rS/D/jUZOMLSI5tS2XEBDq+rxfUjg3j4+GY8emoDDqwvwraVLh7v9+nLLO/0Gpzd2Y8ty9w4t6cF29fE4uSmDpza0ozda0vwwuNHeAxgAsBvX1+MV66twsvXlnM9f3kZvvXgZhxa2o0KvxjVARWaEgxojNejPk6LWta3dbEanlazdyPVpbBxZPOhKmBANSvTxvq6J8uBbjZ+3Rkm9Kaq0ZemwthMFYZztJhUpMPUUj0ml2gwLl+KnvgYdMVFYSBFjp6ABO1eMTp9cjQ7JGhzKdHkU6E1Ts1SBRp9UnQmaTCca8VQjgndqeS+W4VcpxhpxnAE7WK2xrTIS9Aj3i2B3x2D8gQHG3cjMtxqriwvk1OBTLME2WxtkAVwEXsGuYDOZM+jGMC5XgUHwDQXCQA3ZOi4BTjNjSLWL6MuoB8+MAF39o7Hg7vG4e6+abi4cRBnN/ThxJpWnFrXgtObWnB+VR1OrKhn5204u6YeV9dW4dbGZtzaOREPDBShujgT9eU5qC3NRlNFHqoK0pHusyLNy/aSZB97DwcCbisS3BYYZOFQRYmQ6GRzPiceHVW5mDpQj3EdpdwFdJ5fjopENRpTNNwFdFOSHH1sjQwGzejKVKAjU4ahAj3GkhWvWYpeoxptdg1ajTK066LRoY1GJ8tvd6hR69CgzK5GBVuDtJ4MISIoRSLIWaqQhEIiCYFUHgK9WASvIQr5fheG4q3YVKRHbUIMcpLdGJvuxmCZBS1FRnTUBjDQlIbZ7dnYMFyAzVOysXlWOk7OrcXKvjxMa8xBnkmJ7MhIVIqlqJHLUCSJQrFCgtQYMYazNDjb48OxDC92293Yz/ax824brrP98ZzTiT1+I7bk2NDgkMIkl8Kq1iBWGgaTJBramAgOgCkGsEMWgjRzNOoStajyxqA9WYO2TDlrswIbh9Lx/s1GfHa1CB9fasB7V6rxweV6DoC/daAMrx2o4vD3jUMNeONIA759nOlYM0/fOlmFd89V4YNr1dzi9ye367nev9KIj2+0s+M+/MtDA/jZ3UF8dquf1duNH5xrw2v7WvHsVnLlnI9LczO5K+fD4xOxfzARe8fGc/C3oz8Vu5j2DKTj0Lggjk8t5AD3wrwqnF3YgguLW3BpaQuuLG3ElSV1uLSoEpceKMVFshR9oADXFuTjygP5uDy/AJcWFODyA8W4srAEVxaV4sE5xbg5pwg3ZhcyseO5pbg1rwLX55Xj6pxSHG5IwuosMxam6LEg3YpZbF8fx/bKHr8MvfFytLK10uxWoN4pQ41NjEpzFMqNESg1RqLEEIFyfRiG2dybnaPGZEcM5rHfnAnucNS5wpBijkCino1PpAgRYSKIIpgoDRUhdIwIaukYLE3RI"
11898 [Forwarding screenshot on session b1310904-d161-49ca-a1a6-530fba7baea8 to remote] DEBUG org.apache.http.wire  - http-outgoing-47 << "k0ajnBROGI1WszK8WMa26+tbB6KQsWIFIUhLGLMyL0sr9Buwaw0P6rsWg5udWzOtrHfqjxTJCs7ck94tARj6HhMCMJCwv+xRFEQhY/AYJEokj0jBMnKCAy72N8JsijI2DVy8xxFVszsOIK1I4Q9N4Qdh0eNgUYUDTVru0oUwo7ZehkTBmNoOCyhbE6OCYc5ivVDTCRazToMu3VYWp6AdZ2ZWNWWhEVVTiypj8eShlisaY/Hxt5E7BpKw7b+FBybUYozc6pxenYlTswq5+dHppbg0DQS+92YUoK9k4qwcWwBNg0U8pS0oT8f63pzsaY7iLU9OdjUV4itg0XYPDYX63szsLE/Cxt62bXOHKzpyMXa/iDW9GVjdW8WVvWwdjHRMeXRtc39bB0ziTov/ByCBAkSJEiQIEGCBAkSJEiQIEGCBAkS9H9SBHhzE+zI9Js4BKU4uvFWDYehKS4j0r0GxBklSHEoQTGAOfxNc6Ey3cUh8GhKMLg+J5anZBlMMXHJWpDcPBP0HY0FTGm2R8vzyTU0QV6CvQR+R+Ev5f03DDYh06Xm1rkEgCkGMLksTfPakeK0wK7VwKJS8Lx4p4HDoUQna7tHg8xYA1zaMJanY+W1yIm3caV7TYgzK+A3KhBLLqEdKlbWjgS7nsfBDMa7kJfs5C5nk2xKDsApPjK9O8U1rsp0oibDjtpMB+8LiqFM75rlVnHL5S8C4FHL11EIPCo6JxE0HXWbTNa1IxDVwuFvW4GXw99RtWTbeDzfela2gWLwppnQmGHlsJcAMGnU/TPlcTAcMKDUr+FtIehKEC/TIUc+648K1hej7aB2EvglEDwCftk93HJXw9tDbaQ4wGQJTG0lKExuoCmla1SmLpNgsoVD71Fr51LWN1UpDu7Sm/pmdF5QLFlyq03W3YWsnQTsRi2An7qxHd+4+AAHwM9dXIgXLq3CC1eW47lri/D05eV47e5+vHx7M07tbsCxjWXc+vf6oW7sXpmGo5vK8NBJdu/NZbiwYy4ObyrB+T09OLCuDJf3zMWjp1fj9M56HN/ShKNbi3ByRxWv48CaXNw+MwcvPHoJzzy0k7uAfvvKhhEAfHUl14tXV+DNh7fj2JoB1KSoUJ9m5ECX1ESuclkfUtrIxpuOG1gftOeRdakZha4Y5NsiUBOnQiO5CE6UojkpGp0JanQnadGXpsNAphFD2UYMZuk4FO5kZcrjdCh0K/hYkkV3sU+OYq8KeXYlSn0mVMcq2bO0LJWjKlaC9kwDBopcLNWhwh+OmlgtGtmaqmHjXeXTooytheI4PTLcSiS75Gx82Zrw6Xls7CS7hI8JuTLPskuRY5OyZym4BXCQze0UqwSJpmg2f8SoStajI8+FRvacxkw9/wCA5gLFAJ7XnckB8CMHJ+L27vG4uWMcrm8bh7Nr+3BiRSf2L6rDgSU1OLS8CpcIBq9uxYWtfbi8uQN3trXi4Z1dePjADCwcLkW8xwS/QwcXW6vJbG3npvh5LHCXQQ6bMhqSyFAoJRFwmdWw66TwW5V8LjWVpqK1IgPTBhswtb8GHeUpqGZztCZVj3qyAk7XoT1dg7GpBgwHTejPUqEvqMKEPDOG2Lh1mlToNxgxVW7AdJkO81VGzJOqmZSYo9RiqkKDSUodxsXJMI+t9elmFWZZLZhotqDXxOaCQo5auRi+mEgO2czhUah3mrG6KgGpDgVipBpkG2woZvuPUyyCRR3D3dkna6ToZ/vnAxVOLK01YU6hEWlSEWIVYbCGhyIuOgbpYjEypWIkSiKRo1TBFxKBcRkqXOx0YxfbrxdLtVhv1mO7ToOTRhv22uzYwPbDrQVO1NujICVIHSOBRx4Du1LGPSpQjFg/e+dYXQwKfAR9rWiIV6AzVYPuPDWa0jQcAP/oej0+vVKIjy424EeXa/D+pToel/fbhyvwrUM1eJPA79FGvH2iBd8704q3TtfjnXON+NGVBnx6ux0/f6wHv3i8Fz9/qBc/fbAbv358Jv71oSn46Mog3j7Whme3VeD2Uoq1G4+Tk304OSkbxydk4vBgGvYPpODAYCoODGXg4HAmDo3Lwol5FThLMHZuOe7Or8I3HqjCMwsr8OxiUhnemJ2Pb83Kw7dm5OCNGdl4c3oG3pqajDcnJ+LNifH49iQX3prs5vr2FC/L9+D1iW68Ot6JV8Y58PKQjeulIXY87MTL471cL43z4PlhD14a68YzPTY8O9aFVyYm4OVJyXhmfABPDsXhqXHx+MbYRDzF9I3+BDzZx85Z+tTYeHxzIAFPDybikc4UfGM4gKfHxeHZ3mS8PZyHZ3t8uN3vw+meZNxuTsSFah+OVfpxtCYBByoC2J3vwq6gFYcLXHh4MAUba72YXOrFssZEnBvKwrFmHyYks70joESZne0LXgly2f5T6NdicoEfy9n+0BU38gFUkioSQ1kONLK9Xxk6AnFDQyIRTtA2WozQMSH/UOEEfcNFI8CYYDCrI0kZiik+AxqtcuRZTEjXKHmsYYpnnKVXIV0rRYoqhssjlsMTI4af/a7HKiLgl4yBN0YET6QIdjZPLdEiZCrD0WyRY6yXzcH2HByeUYWj00pxfHIBdk+s4FbyuyYWYc/EQmwbDGJzXwZ2jyvEnvEl2DmUjx2Dedjan4tNfUFs6s0ZAbhdmVjRmoaVPfnYMFSGTeMqsHZsMdb0F2FVbwFWdOdxLW0NYkVnDlMmlnemci3rSMWS1nQsbsnA0rY0dkznqew8hWv0nK4tbk7gEgCwIEGCBAkSJEiQIEGCBAkSJEiQIEGC/o8rzaNHVqwZqW4DMv0Wlprg0UkRa1Kya2Yk2lX8H8UUF7cklSx87ajNieOwlyxhCfZS2pgXQFN+/JcAMIEkAr1k/UuieMBlKU6eEgymY4K8BHsJ+o5CYIoFTC6hSUUBcjtr5Fa5XrMKOmkUjwFMMX8zvA64TWr4bXpYNVJ+PdVv47Es421axJFFr0OOIKsnYJWyOjTI8JnZe9o44PYb2Dv6dPAYJOy6ht1jgNdAlsR6Hk803a/n1tBpTj1yYy3cQpKsfMvTbKhKs6KW4G2WD4WJI1Azw6ngrnIrUqz3ADBBUIKhZP1LFr91mQ6uUYtggqc8dirTKEglN8oEgNvJ1XOhB81BGwdXVYka1CTrOAAm1SWPuHcehb0Ef7+meNa/HjVvC41Hml2GHLcWOS4NSriLWwMHtgSACfpSOgqBCVxTW8g6mQAfAV9qJ0Hg4oCKHxP0IyBM8X5Jo3WNQuQCvxH5PgOyHAQWDXws0x1KpNjlrG9lSLHKUMDaWR4MYNuqNfjui89xAPzUpYV4/tJiDoBfvDwCX5+/Ti6gV+D1hw5wAHxiZx0OrC7Csc05OLi6Ekc3F+Lktkoc29SBR86Pw57lDbhysB/PXt2KPSuqcXRDJy7uHcKhDVW4dnAytixJwrm99Ti9rRpHNhTi4QsLeAzg5x/dwwHwty+tw2tX1+DVqytHYhGzNrz16E6c2DCMunQ9Gtn4t7LxInGXuaxPalmfUFrhl6MqTonWoBWNGWYELZHIMUWhNk6HxgQ1mhJkaEqMQXe64Qsyopv1IbmEpdir7az/s00apGpjUMnmcD19RMD6qorGiM2zumT3SH30gYFfhTK3BG3pJgyVeLmL40p/DBp8enQmO9AesKAlzsrdT5ezMcl2KPjHADwGdxx92GFAmluGbLIAT9Ah2ylBjk2MApf0ngtomt8EgbNZHgHg9lwnmrMNHADTPKH5UeiLwfyeLDxxbDbu7huHm9sHcW0r05bxuLp5HLcCPrO2E2c3srHY2o1LG7pwYnU7zm8fwMXN7bi1bcQt9IMHpmDO2Hwk+e2IdRqhloRBL4tEesCNitwM7vbZy/pmzBgR5JJwJMaxdR/H9gTqp5JkNJYmoLkkAZP6ajC5twrdVeloYPOY1lFtggotaVp0ZGjRnq5Cb44OvblqjC3QY1yRE92JFtQatajRGtGltKBPbcMUkx9TdC5M19owx+zAdJ0RM41GzLZGYZvXiB1KJQ4pDTikM+Oo3YkTbhcuBWKxLSsd011m1GnVPO7q6govYs0xEIWIEa8wosJogkE0BtJQMSJE4TCKRBiItWFrmR97y0xYU"
11898 [Forwarding screenshot on session b1310904-d161-49ca-a1a6-530fba7baea8 to remote] DEBUG org.apache.http.wire  - http-outgoing-47 << "O2Fg+XZYqLhUrL9SGdChkqJoI7tS2olUlV6OMeEYUK6GBc7rNji1WGKVIe5VjPmaLSYL9djlkaHWWYxNuSzeWqLQDSrTxwtgVUu4QDYKIvhMYAdajFcijDke9X3AHB3hgZ9hRq0ZOiwYTAN716uxocX8vHB+QZ8/3w13rtYjXdPV+Lto1X49tHaEfh7vJnD3x9e7MCPrvTivWs9+PhGLz57cCzTID66OsDu6cW3D3fg0TVluLO8EFcXBHF2ehpOTErEsQkJOD4xmevoUC4OD5OCODohiJPT8nBxXil37fvQ2ibcWVOJR1eV4/llJXhzcR5+sCAL781Owg+nufHuJBt+Nd6AX4/T49dDOvxmSIPfD2rx+341ftsjw687xfh1hxy/6VTg37qU+LceDX7TrcYvu9T4eYcS/9quwEd9SnzYqxpRnxof9evwwVgd3u/Tc/2w34gfsLzv92l5+sOxevygz8DyTUwWvD/gZnJyfcj0wVgbPhprx0cDVq5/HUrDZ5N8+NFEBz4Yjscvpmbi02EHPpkWy94hHR/OTcIHs1Pw/uwMfDKvAJ/OK8bHMwvx6awC/HROIX49PR0/nZ2Nny4rw8+XV+E3iyrwy9kl+Hh6ET5ZWItXH6jE6zPy8Szruzvj8/Hg+Ew8OOjH4SYXFhW6Mb0qD6ubc7CoJo3tBW6Io+TcNTS5dCbAS2D3HylSFMqtecPYOgwLZ/M6PASJMhFmxGoxFKdFo9ODMi37PVAoUK1n84r9xrZZ1WjWxaBRE4VikxzVbiV6M6yYWOzGlBIHZlfHYWlbFlZ3FmBZbx62DZZjRU0qxqVouVXugXn1ODK7ChcfaMDuKRU48UArHtw0GVdXDWLHuFKsak3noHfHUBG2DRRwbe7LxTqy6u3KxsqObCxuSsXc6gBm1MRjeU8e1g6WYEVvPlb2FWDNQDFWjy3iWtFbOJLfn4MVfZlY0p2Mhe1JTKlY1D4CgL8Igb8If0mrejK4BAAsSJAgQYIECRIkSJAgQYIECRIkSJCg/+OKtyo4BB6Nf+vVy2AUh8ClESPZYYRDFY6ASYqKTB8qs/zc2pXi3hLoJfBbkeZEXdCP1qIkDoAJ/pJFMKUUK5dcPXPQS7GGE6zc6pdiAY+CYLL4HYW+ZAlMomPKJ+X7NbwctY+s/owKMTTR4XBp5UiwGpDoNSGY4oXbpIRdK0FmvAuF6YnIDng4zC0lIJ3tQ5xFgjizjMcS5gDYrIFPTxbAMrj1YlZWAY9eiVgz6weHAQkODY8zmh/v5m6xi5NcPPYxAeCqTDuHv015bg7DCYrfg6seNcqTqe0mDl0Joo66gSYA3JDtQn2WkwNgukZglQAqwV+y/h21CCbRNQLA9RkmlAYUKI2VcwBMrp8JAFcGVBz8jrp8puNREDxqEVwZZ0S+k93Lxo0AHrlcLg6wfvXqUcz6jmDtF6HtaErWwHRM7p5HXVKPun4ehcDUxlEATG6fKfYv3TMCflUcJGWTNbZJgmSjmPWdjlv8xhmikGAWI1YfiVhtBLL8Ch4DeOPS5Xjruae5C2gCwC9eWYoXLi/GC5dW4PnLSzgAfv76arzxyCE8e20tdq8pxLFNxbh9bBw2LfDj1rEBnNvVigMbgji0vh4ntlfiifPL8NjZZbh7bB0ObSjD/nUFuH5wLi7t78GxLVXYtSYOpzZ34uz2NhzYVInXnj7FYwA/c3k53rzywD0A/CI7f+HKSrz58A4cWzeMmlQth/XNaQa0pLP+T1ChKk7OrUvrEtWoZuNFx3wM4g1I18Yg16hAc5IH7SkOtCXr0ZKkwuQKO8YVm9Gfq0dXhgbtrN72FB262Bj3ZrG1pJGhQB6C7ngdJgStGEjToitehlpbONp8SjQnWHgc2iqPEnmGMFR75ejMMKMlWYMKdxSKbFJu/VvBxqE+lo2RT49ytiZpLqSze8ganNyCk1voFCdbP2RhnMTmPUtLYlXIc4h5zGD6GGPUcjufjW0tmwsEgFuCRu4CmuYA/zAgVoIH+oJ4/Ogs3No1gAd3DuPmtmEOf69tmYALGwZwclUbUzNOr2/F5c1sHFa34cy2fu4S+sbWZtza3o7bR6Zj3rhi1FcUoam6FMmxLm79H+cwo7YoD03lxcgM+KDTyeB06lGQw9Z8qpPtBVa0VqWiuz4Dgy3ZHABP7K5AZ0UqB8C0lhqStfcsgBuDSrQXatFZpEVPsQFd+TaUeVRIYHuMd0w4HDIJrNEx8Enk8EREISUmGsVs7ylRRaFCF4EBtq6XZcZjldmMrTojdhvN2O+04IBdi1NOLW67VLjK1sUmthfMt4VgW6EC2Q4RwsJCkCiOQYpFzSG2SB4DUUw4xFEi9GTbsLXZhZ2VYsypiYVWJII2QgxVmBJ6URSc7DxFyvZnsRQuuRpusRgTc6U412PC+kQj2iQKtOjVaNVq0C03YNBswXT2TptLHWj1xLD9MxRqlR5aVgfFTjfJxbAoxTBKwmCJEfF128HWPM2hnkwtxhbr0Jqpx/qBVHz3QgXeP5eLH52pxffOVOJHF6o4AP7u8Rq8dayOqQnfOdGCd8+14/0r3fjR5UF853QXXjpQg29sLsKdFXm4Oi8bZ6ak4/g4Ar4pI5rIjidmMGXh+PhRBXFmWhkuzanCrSUNeGh1Mx5Z14iH1tXgofWVTOV4Yk0unl2ZjTeWpOLDBQH8Yq4Hv5tlxh+mqfCHyVL8dLwanw7K8UmPFJ90SfDTbhn+tUeBn3cp8fNOBT/+l24l1896mLpV+GkPSYOf9Wrx0z4dftKrx497dPisl6nHgE96SSauH/Xb8d6ADT9k+T/o0uH9bgM+7rXi014HPum043v9Drwz1okfML036Mb7Qy58MOTg+miQlWn349OJXvxoqhvfGfbj/fEJrD4LPp3uxw8nJeOdySZ8f7IdPxym+3z4cDCATwbj8dMJKfjZlFT8y4wk/Hi6Bz9h7/3J7Fh8PDUZP52Rg5/PCuIXczKYEvDHqX5gRhp+OTsH78yIx/dmefDcgAuH8/WotCtQLhOhWsfmlF4FcZgYsrBw6MTRiBwTCkl02D+UPDwC0ZIxbN6GQixRQsTSBLEIM9k+NDFeC59RCUPMGGhDRfApRSjyyNGUqkd3lgljcy2YmG7CnCI71rfFY8fYRGzricW+4RRcnF/J5koHzj9QxdMdHWnoSxRj9UAODi1rx9YpZdjSn4ddU8uxZ3oVjs5l+/f0VmwdqODAePf4cg6At47Nx7YBcuFcgA29uVjXSy6e87G8I4gFDSmY25yMjRPLsW1aDdaNK8Eads/68aVYO1yM1YOFWDtYhtXs3jWDuexaNlb0p3IITDB47VAeB9L/SPcAcNfFX0CQIEGCBAkSJEiQIEGCBAkSJEiQIEGC/k/KoxbDr5MhwTwa/9YAqzwCXoOcy6MKQ4JJgspML4edFN+XRLF+Ka4muUAuTR0BvKSyRDvKkxyoSnWjNt2L+lwf6nK8qMkegcVkGVyUYB6Bv8kOVKY6UJfl5bGACfjSOQFgsgom68TigBX5PjPSWdvS7AYk2/RwKEes12KtRiQ5yYrXgFSvHoluPXw2NXx2LfxuE0w6KXfrTC6fk61yDj/p2TmxBsSaxQjYFNziOc6s4u9OVs8EwMk1NOVlxdp5zF8C2eTemdzfEgCrDXrQkh+HmgwnGlPtqGJ1lrG2FpJra+8IsCbATW6ja9j9TZke1KZaUZ9uR2eBH01Z7B0TdGjItKImxcTy6ZoVdWkWNGba0RJ0oSHDhspEPXuGnvWJBmVJSpQna1g/jUDZUfha7JGhJZPVF9Ai3ynh8VorEwkIsz6M1XHoSiIQX5Xh5ZbXFFM5y63hrrWL44w85mu2S85VzdqWG8uu+6QIxsr5eJYEyPLUiQr2PhQ3OM+nRkGCAfms7QQGy9iYkotnsvTN9bBn+Vk+G7ckgxgmaRifR242FpRa2NxShYtgU0bBqRHDqQvjFtrZfj0WTWrH45d24eU7+/D0lbV45tpqvHJ5LV67tgIvX1+EF68txQvX1uG1O7vx7NU1OLapHQc3JmHfqnIc25aBfWszcHlfP26d6MC6OUl49NwUPHbmCB69sAa3TyzHiZ0NuHSwEWd39uDol"
11898 [Forwarding screenshot on session b1310904-d161-49ca-a1a6-530fba7baea8 to remote] DEBUG org.apache.http.wire  - http-outgoing-47 << "nLcOTYbJ9fm4Oi6Itw+Oxkn9kzFM7eP4qU7R/HosQV46/YyDoBJZAH82q31eP3OVpzaNBEN6QY+fs0pem51207QNdXAz5vISjtBjSq/DA1pWtTEK5FniUSuORJlrI/JNTRB2vqAHBOLzJha6kR/UIf2FHINLUdbigbdWWa0pmiR5TWjxM/KszGfXerF1KCBxxbtSWZj7FWjJcmEpiQzKv1alHhUqE4g19NsbsXJ0eiPQQWbD1WxGu4KmkTnNE+y3WI+zkkONeKNYj72NCdLfErkOGKQ7ZBxt8/0IUBNhhHV6eQSnM0xts4K/cYRF+VFFrTlGNBd5ERrrgPVKTpWhwzzu9Jwd+9EPH54Im7tmMJ1Y9tEXN48jHPrenFidSeOr2rjlr8XV/fhxKo+nF4/iIsbuvHgxnbc3dKF27umYtlwJZqq0tDVkofWuhxkpzigU7D5ZNOgMDcV8T4HUkl+tpfkBJDP1mIJ25NqCwJor8rG2OZiTOguxZzJneiqy0N3aTwml9kxKU+BaRVGDJWZMbNKhwWtXkyrcWBmpRXLWuIxkO+EIoRilUYhJDIUUWGhkIZEITo0ElFRUYgIHwNlmAhpRi2mebWYH2fDLJMBK+1ebLJ5scfmxgGzCWc8Nlxwu3EjoMMjqQEs9xmxLJeta70c4WESBCQGZBnVEImiER4h5jBNGxaD8WwvONdlxaFWJXY02BEeHglRpJq1Y8Tqklz0ykQhvKxapIRzTAiGs9Q4MykBa1IlmCORYK3WgE3GKBywqHHJyuoL2LG51ovWDAO3Mo6TGuEyK2HTqNmajIZFHAabQspd6qe6rHxf62Tzkz5soLnXmyjBtm43d/P84t5svLg/iBcPlOD5fUV48WA1Xj/WhjePj2X5vXh4fT0uLCzEydnZODojF3snpGH/hPR7OjA+DbsHEnGQHe8a9mH3OD/2T4rHkekpODU3CxcXF+D6yjI8uLYKD64uxe3VFdzS9/a6KtxZX8N1e30d1921tXhpRhDf7bbjXya78YupVvznPC/+tCQJv1mZhn9dno1frwril0sz8NOZsfjxRBd+Ns6On/SZ8FG7Ep906fBBpwbvtavww1YFvt8qH1G7Aj/oUOLbrMzb7Nr3OlT4fqcKP+pS4r0uOd7vJEnxPt3frceH3UauD7oMTCZ2bOYg+Mf9Dq5P++34uMeOj3rt+LDHxuTA+70OfDTWzfXxWC/XR/0+rg/7vEx+fNTjYfXQNT8+GQjg08F4fDqUhE8GE7k+Zn33EevDD4fYfeNi8dmkJHw2JRmfTErEh+MSeN30nB+w+fROlwXf7TLjbdbG7/ZZOFTenBVAZqQI2WyfaS/JRU26j/3Wu9neFo/WQDzq08zcy0QNeYNg+0w1+y2k34ESrxGFLh3/jaPfFvqIqzxej9Y0KzrZPtJmj+YAuDGO/T4lKNHD9pD+bAvGBq2YXOrHnLoUzKpJwpwKF+ZVeTC30s3TJY3xWN+Tha2D+dg2VICNXVXYPrYO88uS0RvQYE1TFvYMlmN7Ty42tKZjx0A59oyvwd6J1dg1rgI7mXZPqMLOieyYaQs73jGlDjun1mPbpBpsZeW2T67l55S/fXIDK1OLzayOrRPruDaNq8aGoUpsHK7C5gnl3EX0urGVWD9Qw9JqrO4rxur+XKwbCmL9UOE9rRvM41o7kIu1gzlcFDuYJABgQYIECRIkSJAgQYIECRIkSJAgQYIE/R+XUxGFeJMKObEOFKfFoTDFDx8BUIsasWYVAoYYZHl0qMsNoDrbz+FvSYqNA+CyNNtI/NvAf8f4JWBI8LeG4G+mH00FcWgpiuciC+HabB+PG0yWwKMxgGszPahmeXRMIJgg8KhlcEm8FUVxZElsQUW6H5WZ8dw1tV0VAytru0MxBkk2OY9VnOIxwGWQwaoRw2fVwGFUwqOXc8vmFJsC6Q45t2IM+vUcHCe5NMhNcCPJoecuoUfhb4JNew8C5wbMyPTqkEgWxIYoXge5eG7K8aA5l71jqo2rgd6J9QkBYLISLggYeb9Up9pZPxAMd3Lr3/bCOHavC7UZVIeL5Tm4RuPnUv5IHF0DigNkTUzwl2Lz/rdKE8hSV8v6mtxBm9GV7+fugcsI8CUYUEX/pGfjlOtWcshL/6An2F6e6uJumAmEkxvmeEM0Mm0G5PrsyPPbuDViik2FRLMcCRYpYtl1gseZdiWKWP+W+cnK2MEBcE6shrsLzvGQG2EtzyMITNCQgHKQ9W28NpL3oVsr4X1LgJ36lj4yIPCeHedAMN6AwmQLyln/tJcmYE5fMW4cXIAXb27Ay7fW4IXzK/HKlWV46dpCvHB1CZ67sgav392D1x/ahhtHJuHgmmrsXuPCnePTcGFPKw5vysTdk1NxZGMpP3/k3AY8cX47Lh7sxrZlBTi5vRZHtuTj2oFJOLW1DZe2NuPCrjac2NmFqycX4N1XbuC5mwdGnnNjCYe/r19fzWMAv3ZrLV6/swWnN09AY4aRA2ACv51ZVnRkWjj8bUjUcPhbE6dAhVcyAoDZ+BU5xCjzKFDP3reZjVl7mhF1cTL0ZqkwlG9CT6YanWkqtKeyNJ0s5MxoZvelO7X8w4LWJB2mFToxJceM4Qw9hrKdaAro0ZpoQiOrs8ylRLFTjkZ23pVhQ1uSBk2+GFaflZcZVW2AzZs4FUpYO4tTdCPz28PWgVeF0jg1m0NszsWz+cXKklU7WXTXsbbUZIzEeyYAnOvW8o8QmvLYu2RpuRvoqmQ29xLVqEpSYGFvJh7ePxkP7urHrR2TcXP7JFzfOgGXNg1wAHxqbSdOrung6YVV3Ti2shMn1vTg/PoO3NzQhLtbO3F371SsnFyN4qAb/R2lmDC2DjWlaQiwNU4xgX0uI4/9G0xk+5VFhQQ3WydBH3qb8tBSnor2qiwMtJRgxlAtFs0aywFwS54HU8odmFKgwuRSHSZWOzCjegQAT691YlqFGQvrWR1BK+Tk0jZSAlH4GESEjEGMKBzholCEhYVxCCtmSlDLMSdFi4XJZkxm83uhTo/1ehP2GUw4atTgqtuKuzorHmPr5+lYJzZ4tdhc4kSdQ8pjpVrF0chmexTFXQ0JjYR4TAhUYyIxLs2Ci70OHO3U4lCdHpIQESsvhYrdowgPhYK1yxgeAZeM7VUKG7KUYswp0uP2jFScrnRij9uFI65YnIy14Ibfgid8Hlxge9GmSjYvsgywh4TBI9VCIw2FRiyBRSaGRy3hHhBMavpoRof2oIND5UY2H3uzzRhIV2D3oJ+7dn73XBW+d64Sb52uw/tXh/HMjjocm5qAtU0mLChVYna+FLPyJJiRL8EDlQbMK9VgcbUJS2stWNPoxKZ2Pza2eLG1Iw6bOwLY0hmPbd2J2NGbjF39qdgzkI69gxlch8dnj2hiLo5OzseRKUU4OrV4RNNKcXJ2Hm73xOOJEhVerpHjmbJQfKs6Bu+0m/DdYS8+3dmI3x7vx9/OT8R/nRmHvx4diz+zveBPe9rx79ua8JfVFfjzqnL85/IS/HZJAX69MBf/Oj8LP5ubgZ/OSccv52bhX2el4ydTE/HJeB8+HnLi40EbPhmy4zOWkjvojwZMLM/M8ixMdM3G3Th/Ns6Jj4bU+GhQgw8H1PhgkKTFe0zvDxm43umR491exedScb3To8b3ulVc3+/W4t0eHb7fq2di5Vn6vW4D3u7S4S02Pz7otOCHrSa828Tym3R4p9mA7zK91aDHG7UavMDG/JlSE54s1uOxIg3u5itxO0+KO4VyPFKmwbmGAKaxvWduZxB7F/Xi9NohXNo5Cec3TsDlJRNxfM0kHF3J9tml47Bv0TB2zR/Alhm9WDepEyuHW7BmcjdTJzbO7MHOef04uKAP63tLuGXvcLwSE4o8GM53YjDXjq40tj/GSlHvZ/siS6vdUWyPVLC9UsM/imlhv2F9eT5MrkrD7KZczG3Jx7qOPGzpK8HiuiRMCuqxsTsLh6dV4tTsKpyeU83jAR+bXYujs2pwcHo114GZNdg/owZ7p1Vh94xa7JlZh13Ta7B9SiW2Tirn6bbJFdg8oRTrh0uwdrAI64aKsWlCOTZPrMDG8WVcdLxhXD42DBdgEzvfMqEGm8dXc"
11898 [Forwarding screenshot on session b1310904-d161-49ca-a1a6-530fba7baea8 to remote] DEBUG org.apache.http.wire  - http-outgoing-47 << "ti7djAba4fSsWmgEBvHFmDjQN4XlItNg3lcBLFJ/zQAzp//W6SP+z2Kl/7bfa//36jW479EzbZf8+OWY79E7uzfIXvq79B28pdfK/v/hqo2/QYZE36PslX/fB81HfwVcmb+jt+fNeULmvR7ZLK80pX/+/1et/vXaD7yK3RdGGlr2tDvUbjwt+g4e//yggQJEiRIkCBBggQJEiRIkCBBggT9vy2vRoIkq5aD0LLMBOQlebm1pksrgdsoR7pTjfI0D5qLklETjEVFhgvV2V4O7CoyHBwAkwj+EmQk8NsYDKA5NwHNOfFoK0lEe2kSV0dpKtpLUtBSmIi6YBy3SCXr0ZoMN4fAo/CXQDABYG5ZGmdAjk87AlUTyPrYhmCskcctLk7zojY7Fk35SWjIS0R9fjJK0mORl+hBdsDF3U+Sa2eKH5zjN/J6yJKXYvkSACb3z1SWgDJB4HirhoPJYMCJdK+Fg8o4u44DpjizAqlOFXtPE+pYH7Tl+tCex56fOuLKmVSaaOAwlFzq5gd0rF/0qEqxcQhMALgx6ObgmEAwQd9REEzukwn4UgxdOh+JpWtgdZJ7ZorRO3JMsXnJvTJZ9pYEWF6iGY3pNnTketHAxqI6mWIKW3h+cZweWU4Zh+gE1ykld78J+gik26TccpfcVftUSsRpNUg2m5DtdSPRbIRXp4ZTJYdHy/rOIkWCLgqZNhkK3OTSmNxHqxH0qZDplaEsWY/KNBOqMyyoy6LxIytuG5py/WjM8bE5FbjnXjzequKxpoMBO7fKLk7zozSFtcOv5PcSYGzLteD2oXl49eY6PHN+wT0L4FEA/Ozl1dwC+NU7W3Dt0ATsXV6LY5uqcWJzEx4+NQtndtZgz8pcHFzdiK2LU3B65wCuH5mNQ5vyudXvzmVZuH6sARd2DeHkphZ88+xSPHxmNvZvasOZI9Pw9svn8fStnXjh5ga8dH0Je/aqrwHgM1smoinLgMYsC1rY2LWy8aK0kY0Rt74lMJ+gRW1AjaYMHWqTVSj1SFDLxq+NjVdbugWdGUa0pmjQla7E2Bw9d7XbncnSLBO6Mk0cAFOs4HSrgrvwbghoMJRtxsSgGZNy7RiX60RTvBYdCSY0B9jcsIkRZGNb7VWhhz1jbLoJfckatMWyNrmUaGFzvz3eiBo2bqWxShSzunMTlHxN0UcR5LK7mI1DJRsDclFOY0gxgilGNFkAV6Wp2TzUcwAcZHsCHTfm6tGZb0ZHvhW1aWz+puhQGifGnPZkPHFkBu7sGcDtnZNwc8cEXNs6jIsbenn8X3IBPWoBfG5lK46uYMdru3B2bROurqnBjfX1uL5tAAsHC1BdzNZ1RTrqyjNQkBmL5Dgr3Gw9WgxyxLE1mpMUi6LMeOSmulCZF4f+lgK0VaajtyEfnTU5mDZQjXlTu9FUls5dlI8vMnMAPK5AiUk1zhEA3ObjFsBTyoyYXe1Ee6YRsjEiRMbIERYdjpiIcMhCo7kFcGRkJEJDRJCKREjSKjEjVYm5yVoMqUMxRy3DOr0e+9haOmXW4SrbV27a3XiUrdUnUrxYFafCqmI9Sq0hEIWL4NfHIJe9R4goAhFhkZCHhkLHnkEWwASAD7WpcKXDCLs4DNJINVwRobBHi2GMUcIUEgKnRAxvhATp4jFYkKvCg8M+XC4x4KTbhsvuWDyWFocXEl14mfXRFTZXtpWb0J6lgVsWjViDGQZNFGThUTCKo3jcd7dRAa0sDPEOGXqL7ZhcosFwmR1DhWze5WlxbEYGPrw1iJ881IGPbzXj45sd7Hgy3jrZgcc3luPGsmJcX1KKK4uLcX5+Hs7MCeLMvFxuCXx2bg6OT0/FiWmpODMrE8enpuDY1CQcnZLJ0iwcn5bNRceHJ5GVcAr2DSdhd38idvUlYGdvPHZ0J2Bbdzy2diVgU2c81+5xSbjQ4sZjZQa80eHGyw0mvFSpxzOsH+6U6HGj2IjH6jx4tiUe32z04claF55g4/54tQOPV9jwbKsHL3T48TJ7xreGUvHWpCx8d2oO3pmeh3dm5ONHE7Lww/GZ+CG79qNxKfhwQip+MjUTv5idg9/ML8DvlmTgD2xP+ffl2Tz97aIM/HpBKn45LxW/mJuCX81Lwi/nf655yfj5/GT8YkEafrEwneuXC1P+Ww+w+5j4daafz2fnC7K5fs5EYPrHc9Lx6ax0fDQ9Be9PS8KHY9Pxg65kfLvZj1fYHH62zIxvFOrwSJDNhwwZLrLf0LOJRpxJMOBsigGnUrQ4marB6Qw9LuRYcL3JjWNDGbiwthc3N4/HzQ09uLq5G9fW9+CbW6bh7LpJbM1OxKnVE3Bi5TgcXTqMgwsHsXdeH3bN7sa+Of3YM6sb+xf0sXU9ntUzAbun1mJehQezC20Yl2PFINvTBtia6mH7XVtAxvYsBbqSVDytiQ1HXSAS9fFRPCU1JsagOVnCRR8hzCi1YFa5DTPYWK5lY797QjYOTivA4RkFODm/EifmVeDo3AocmlmG/TPLmSqxe1oFtk4oxpaJJVwbx5GVbj630CWgS8drxuZgw/gCro0TCrF5UjE2TSy6l0fHm8YFsWV8PlMRNg6yOsbmY/1ADtYPZmID6zeKNbyxJzii3myuTX1Z2DI2iK2s3I7hfC5RJ/tj65+R1PRXsD0GusCf73v9/zZVbPgNopX/BXPmn+6di3Uj71Cz/ddfK/+/rQu/QKD133n95vSRZ/4zKlj4W0TK/ovffz+ZM/75Or+opJ4/ICzqbyhc9Ft+PtpWtfcvaD76y6+VFyRIkCBBggQJEiRIkCBBggQJEiTo/xuKNaoQZ1IjxWlCht/OXSZTLEhVlAhacQi3/q3K9KOxIJED4JqgjwPgsjQHytPtKEy0cihL7p/JwrQ+KxYteYlcTcEAB7/c+rcgjsPg7ooMdJWnoyk/8R4AJkD5RStggpUEKHkc4BQTCuL1yIvTIi+g48plx6WpVjQXJaKrOAVt+UkcOneUZqC3Oh/dVQWsvZnI8FmR5CRYbEVFupdbHhNQJmCdFWeEzyT5klUquYEmEEzwl0Qw2G5Qwa6TczhC8JLiHzfnxaI1x4umDDvqstysjRYUJRpRmGDg7cz2ypHtVyA3oL73Xg1BL7+PQCepiaBtzggwJXBcRi42WX312dQXDnaPjYusjAkcE0Amq14Cv0WxBhT69TytSjJw+FtH96RZWd8ZuVVumlWCREMkCuN0rG72vk4Z4jRjEKsWjbh6TifQboFVEg59hAjmmFCke6yIt+jZHDCC4idTPOQ8Vh9B75o0F+pSHWjPJQtmcoHtR12OG2XJOlSmGdGU50J7cSwac9kcCDrQWZKA/qo0lKV7kOZSI9mu4CKIThbVZHlal5eA6gwzdy1cl25GeUCOwVIPnjpF4HUFXr2yEK9f24BXry7H85fncwD84vX13AL4uWtrcXJrFy7s7sOjx7dg17JCnNvZhdtH52L/mnwcXFuB64d7cHhDHQ5vzsPZnU24dLAc+9am4dEzU3BkfQmPM/vitd149PxyXDg0Cfu2dOKp25vwymP78QTFHb6xnAPgb91YhVeukwvoEQB8bttktARNHADXJ+nQkKz/mii/jr1Xa7YR9akalHmlqEvQo5ONPQFgAry9QQu3/B3IY8fZevTnmNGXY+UAmNxKkxVxplmGPJsMNT4FupK1HKSMz7ejjz27yi1Gi0/NAXCFg5UzhLNUio5kA4ZYv47PMqLNo0EDu7+LzfcBNg/b2FygeNEVGSYOgOmDCLL+LYxVooK1tz6DvRNrI1mwB0wxPB40WaGXJso4oCf3zzkuDXdB3lpo/hIArknVo9AbielNATx+eDpu7ezD7V3jcHP7IK5s6sXZNe04sbwFh5c04OCiOhxYWIuDc8uxd2EVjq5qxvkNTbi1qRZ3trJ01xAWjytABdsnWmpzUVuaiTinBgk+E8ry05CR4oWXrVmK+d1RV4K60tQR989FcajK86KnPg9NLG+ovRDje2tQnZ/AAfCEYgumF2sxsVhzzwJ4fqsXk6tsmFSi5wC4I8vEAXB4lBSRkihIoiKhjIiBODwaMTExiIwIuecCemaGHguy7BjQxWCaToOVNge2OlzYbTfjCFtP+1JTs"
11898 [Forwarding screenshot on session b1310904-d161-49ca-a1a6-530fba7baea8 to remote] DEBUG org.apache.http.wire  - http-outgoing-47 << "DdJj51sHx20R2BhhQWNAQW3AI5XRyNHHYUwUQgiQkKhCBkDXWg4JqSZcbnfhYOtSpytV8IeGQppuAbOMWFwR8lhlxlgiYyAUy5FrILtM5porK104ptTEvFUgx0PJTtw1+PAQ14tbpuluMv2rRN+KfZUW9GSIoUhOgQmlQJaVShU0TJoY6JgU0TCytqjkYmQ5JNjgPXH5FIpBliftKdJMDZLiiOzM/HBrWH87PE+DoB/fLsTnzzYhvdvMF3vYnlD+OT2RHx0azzevznMNIT3bgzivZtj8cGDg/j+5U784GoHPrs7yMr1s3K9+OjBIXx8exif3h3P9cmdcTzv/Rtj8d71fnx4YxgfXGf1XBnCDy4P4N2LA/ju+X5851wf3j7bj9fPDuHlxcV4ssGCF9uceLbJilfrXHih2oPHq9x4tcCDlwvceD7HjifYHH0sTY8n2Np4lK2vh1L0OJ2u4TqTocXpTC1OZWhwLE2Fw8lyHEqS4UxCNM4liXEpXYZr2Qo8mK/GI8UGPF5uxJOVZjzfomXP1eOlNhNebDXi2UY9vlGjwuOVcjxaLsND+XrcLdDjTr6OyYDbBQbcKTDhwUITbheZ8TibDyOy4YlKO0sJTDvwWLkdj5bacYvtCTfZXnM9x4Kr2SZcYnvDefYOZ9iaPMl0gq3nY+z38hD7XRuRCQcCJuyPNWOf34SDfgs7tuBQvA3HUp04nunCCfa7c7rQi4vlcThf7cb+7izsJLfI46qwd2I5Dsyuxp4p1Tg5rQM7Z9Rw7ZpZi90zG7BnViNPSbtm1OPYzDYcnNaAvdPrsW92HbtejfVjs7CyNR5bWbquO4g1nVlY3ZGJFa1pWNqUzLWsOYVrfVsAGzsSsLkr6Z62dCdje18advSnY11POrYM5mD3pELsmViIfVMKWRvzsHM4G5v7UrF1MA1bBlKxbSgTO8bnYffEUm79u396HbaPr8C2CWXYzt6JRMej5zsnV2LXlCpsnVTKtW0yu8ZEx6PQmLRrQgmvc+d4dk7Wvn15PJ7w1sECbB8uwq7PtXOoEDsGWbuG8tl5AXaPz8eeCQXYxVKSqOvSL/HPSOn4CweGxpQ/8fP2s79C26lfof3Mr9B64ldoOvxrft55YaR858Vfou00u05iZZqP/Botx0aOu9i10XqpnpbjI/e3nvwVOs6P5FPK62f3j5bvOMfyWBm6h/I6WMqffejzullZem4nuzd18A+8vbbcP/J8uq9w0e+QN/d3vF2jbaRrdG8Tax89b/T5o237R+/4VdVs/w2C03+Pig3/xs+/dD97PrWT0vvd33z0Vyh44HfIn/87uEr+iDEhgML2V+TM/D1vc+XGf+P3UduprVT+i33Jr33+jNF3oX7gdbNzuXUEfhctIYvfX6Fmx2+QPZUsi9k5K3evv1md/BnUVvbO1OejbaT6RvubUipH93yxjCBBggQJEiRIkCBBggQJEiRIkCBB/0gWaQTMknA41GLE23QcmJLVKwFPj0mJoM/ALYDJ/TOJADC5f84LGFCYaERunJED1aIEK499W83KEoxtyI5DDR3nx3IRAG4tTuBWwKSWwmQ05iXcs/Qly99R188EfwkCU35tjpc9z4yCRB2HwZUUG5epKtOOmmw7mrO8aAqyZxBsLiTr4hTUBhNQlhaLVMfI+5C1aXUWWQrHcwhM71GW5UOiU81dPxMoJgtosvylY4K/lJJlsNuig0Ovgo3cSrM+yYmzoCrDx+MU57rZvRT3N9bE2mjnrrFz4/TIcMsR9JPltIWXo3ciCEwxg8m1LsHeqjQrOzbwlM5JBHwJ/lakEADXoSigHbHoZdfI6jfPo0LQKUeWXY40sxgpxmikW6OQ65HzuorjDQi6FUixSpBgjEK8IRLZLrL21aEgVs1F5Qg0E4Dmz2P9S7GcCfQWJJmR6JAjJ8GCVI8GfrOUnUv5O1HbywNG1CZbuNUzWTGT5W9hQInSJC1aCjzoKovn8Jesguk5BLcp3jK5GE5hbSaX2CSywKaPBuiDgsoUA1ry3GjPd6E124IJVX48cmQuXr26DG/eXMYtgF+6tATPXZqHl66z81ub8MbD+7iL6LM7+/DYyWV49tJaPHp8JQ6sKsOFHWPx6MkHsHtlAI+dmYkLe5txcGMqHjkzhANr03H1UC3ObG7F2a21ePL0A3jk+AY8dHIJHr/0AE7t6seTV1fi29/Yj8fOLcbzN5ZxAPzGzdV47eYqvHZrNb710Gac3z4JbblmNGUzsbH6ohqTTdzStzpOg0q/isfIJSvgCr+Ug+GubMdI3OBULbqzDehIU6E/x4i+oAlj8+zoz7WjNV2PRtanZW4Jcq1yFDkIAKvQnKDhsTTJpWpXBluXrgg0eBRoYc+r97O54lGiKcGAnnQL+lkdY1M1aI/ToZHNiR42tuPYWJN76Gay1mZ9XZjM5pNbhnyfnFv+tmTb0MbGguZkJptrcRYJB8DcBXmCFKXs+QSA8zw61LI6OkpsHABTX9RnmFCXzuZxQMItgB87NA3Xt3Xj5tZeXNnUhXNr2nByeSMOLazBvnlV2DWnHDtnl30NAN/cWIPbWxo5AF4yvhBlOcmoKspAWV4KYh1axLn1KC9IR2qiC3KxiAPgxvIgaktSUM32mKbyJJRmOdBZk4WxzUXobQyit6UYNQWJaCvwYVqlC3MqTJhda2NzzY7ptXrMaXFjQrkZE0r0mF/vRXeubcTtcljUPRfQYlEYIseEIyIiAmGhIsjZ9RS9GtPYnrQoJ4BBkxZTrU4sdMdjkc2DuVod5qqVmC1WY4FMhOVKMbq0kZhX5EBLggkidn+sTI58VRiiRSJEMSnGiKAPDcekDCtuDPu5C+jD1WqYI6MgDtPAxMqYRKEwRcthigyFIToMlpgIZKiisKrCgTsDDlzJD8Nxyxictcpw2hKKu6xtl9lefDDDjBPdyWhOlPLnidl9OkUI9EotDFIxzLJwmFSR0ChDkBKrxGC1HVMq5BhfrkNvjgJDeUpsGReP5w7X49OHu/HRzRZ8fLX5c2vgNrx3pRXvXmzHd8604q0zLXiHHb9/swcfPtjH1Mv1zsV6vHupDj++24nP7rThkwdb8MGDdfjwdj0+vtuITx5qYnU3f1m32zlk/uTBdnzInvPRg52sfCc+utOFj+/04pMnp+Dt9YV4rFmNpzuMeLbdgleaHHi+2oaHyw14ptKOpwmullrxSLEFd4rNuMOObxWZcDXfiDt5ftzO9eEmWxs3gh5cY3vhZbYHX2R74wW2Di6yeU3Q9WrQiut5VtwsYGmhGdcKDFy3S/V4iM2nR6uteJTNp0cqbbhbZsWDxSb2DCMupzu5LqQ5cD7VjjMpjs/lwmmmM2xdks6y31SuJFaG/Y6eZr+npxPsOB5w4ES8E8cTmOLdOBZw4XCcCwf9Dhzw2bHXb8cuv41rt9+J3eza7jgPdsa6sd3nxN6AFXviLdjP6j6cacPhHJbmWXC0mD2j0o2zDbHY3pmGVf3FWN1ZgE39+dzydfXYAqxuK8Sa3vQvKBWre1Kwis0j0squJKxtjsealngsb47D8tZYLGh0YlqRBrNKtVjV7MGiWjfXwhrXPT1Q7cSCKgfXwkJ2vciDJSW+e1pa6seKigBWVydiZWsyljcmYGVzEta0JbNnJWIdS9e1JGFVQwArGrxYVufFqqY4rG5Nwdr2dGzuy8fWscVY2xHE+u48bOjJx8beAp6u7czBGpZPx1tYmW1Dxdg+XIId4wjylmHXhHLsnljx3xpfjj0TKrh2jSvDjiGmQXY8XIPd4+qwb3wR9o4rxB6CvkO597RnOIdr78R8LlE3+2Prn5HSPgKArdl/QvfFXyK+7T+4NbCz6I8cDpN1qT7hzyh84He8fP3u33BLWEvWn2DP/yOiVf+FKNl/cbhJ13iZPb+Br+Y/EaX4L4RG/I3Xk9zz72ghGDr/d9An/plbvhJw7LrwS6QN/AFq91+QNfn3vEyg6T8g1o3cG83qsOX8iYPSkqW/RYx6xJo2LPJvcJf9J8pX/xsCLf8BB2sLAVF6fsX6f4M1+CfeLiqn8f4Fqf1/QPPhketUXh/P3rGYvaOTvSMro437Mwe1dP2ryp/3O15f5qTfo"
11898 [Forwarding screenshot on session b1310904-d161-49ca-a1a6-530fba7baea8 to remote] DEBUG org.apache.http.wire  - http-outgoing-47 << "+v8L5HY/u+8vKPgj1CxdoeE/41b3BLkJXB7vzpIGRP+gJAwwJTC+vrzPCqfP/d3MKX+CeExf0Ok5G9wFP4RDftG2lqw4He8/REsn0T9RPVQ3/mq/hOiMSOWxHLLX5HS+++8DdS3CayNo/fztrL+Mab8GRHsGVLjX5HU+e/oOPMrdJ79FYLTfg+F9a+8bfQ+prQ/8f7JGP+He+0UJEiQIEGCBAkSJEiQIEGCBAkSJOgfyaWWwSiJgDpCBF10KAzSSNg1MmjEYVBGjUFZqhu1wQBqc+LQkJ/AAXBBAoE8sqTVcwBMVsAEf0kU/5fg7ygArs5yoSHPz+Fva1ESh7CNeQEOgDvLMkBwtChg5NCXgC+P+8tElsAETwk2E4CkZ5GlLcHRqnTzPRfKFF+XXA03szo7StNHXFXnBFCVk4C8RAePARxrkqMwwYaaLC9KWb1laS4UpjoRsCl4bFqy/B2NS5viMnJX0CSfQY6AQw8/O6Z6/j/s/WVYHcm6/o8Td4LbEmRhC3d3dwsQIMTdlQQSkhB3d1cCwRIS4glxd3e3mcj4ntkzs/e+//U8K2Qyc/Y+53e+L86bf7+4r+qu7q6uqq7uxXV9uJ+HQkoTHNbkDTaEXLuJmLNGsDJoAyelPrxtTDThqW0M4WtNuXdNOSdyhLg3hbcmkRuXcgjHepiLcRpzyGhyYJJomxy7QXYG7NL1tmgHX8vW8LNqA39VWwTa6CDIVpdDMBMM9rfSYXBM4XrJXZwUYItocQ8Kzx0hxkcKsddHvCc9Fzk7hMkpTPA2I8iO3cUdwsTzCRLHfcT8e5iIMbSFp7iXm2VbuIs+2MqawU9twE7nGGcNAI4X90zyVHAOYoLApIwQW2SGOjBcJshN4yA3Mjmjw11l7IxO8LNGor8Nh8em+gB7AwTZt0eirxLZ4vr8CDW6Rdth78oRuLpzMk5sHYHz26ewG/hcdSHO1YxnB/CFXQtxYfds1K4bgLpVxdizfgDOVM3Ctrl9GQLXrOiORWPjsHJKBBYWe4u6aKydFYCFhX6oXNIRm2ZGM2Q+smko9qydgMOl43CscjQOivudqp6Ek1VTcGTbWJzeOY7dx1d2TMLFHX8A4G3z+yEzUI40PzlSxFyQUl3NOIcl5fdNEs+V8lqSCAB38DNDgpMe0sQ85fhZMtxNctBGmqsO0l20OfQzweD8ADEPvmJtO9O1egi1bMW5fUnxYm0kOhog20uGbiFW6OhjjESHNujgaizaMNHcz8EQWd5Khsh53ibIddMR/TJBoj3BYyNkuVPfDBHrqC/WjHg+bgYcXjxWtJEi2u0YbM3PgdaUl7UBPO2M+Z8PYj0I6Gtz/mkKAU0AOJHyH4cpPjuAMwIsOAR0gGUT9EuyQ/XcrkK5KJuSiq0lSVg/PgGrC+OwfFQMFg+PwvzBEZg7MAzLh0dj/vBYLB6ThBVjorC+IBibi8KxdUo2huX6IoBykov3T2WmCwvxriqN28HRxhTOagVsrYxgrzRAiJc90uK8kRbtirQYZ4R7myM5zBmd04KRGeeBjinBDIA7RbtgUJw1BoUbYXiSBbqEm34GwD2iZegTaYrRaWrki/llANyoGYPaJloEaJtwDuBmzZp9BsDuJgYY5CHHSG9bJDTTQqw4L7NRG3Rtpo2B7fUwxtQU69uao1pphgPObpjiYIWJwSqk2smg1aQx7AyMkCCnHLztYKrTBiq9NrBpr4tBASrs6KnGsnQ9rEuTw7J9G8j1TeDaWgu24j6qNkIttaBsIcq2WggwaISiUFPU9bHFvs7m2Boh7pnsi/IUL0wLdMEwFwsMEWtubdcwpDsbolVTLbTVbgMTvaYw1tWHmW5bKHRaQKbXCkZ6LeBkrYvcCAsMijVD/3gz9ImWo4dov2+kLpYNtce9qiy82Z2H19XZeL2zG55Wdcaj8q54uK0H7m/rhbul3dipS47du6VdcGdrZ1Hm4/q6dNzalIYXNZ3wcgcpF4+r0lhPqtPxtCaDRUCZgO+L2ix8tScfb+s64c2ufLzeTeqCV3Vd8WZvd7zd1wOvDnXHtcm+2JvaDkc6GOJQujFOJ5viTLwpjiXJUBuui7ooI+yJNsauSCNUhRpge7ARqyLEBDs8LFDjbs6qdFNqJL7NVZ4WrK3inSURCN4m3s2yABm2izVfEapAZZgc1aFy7BTzvTvaSsgau6LEsxPf1Kpg0YZQZaAKFQHWKPezQqn4zdriZYFN4hu50VOjtU4mWCe+hevEb2qD1jrKWGsczLBMvG/L7EywXPyurFDLsUyIHL2L7WVYZGeGlXaGWGVvgtXid3i1+A1d46jAaicFVjkqsdJBgcWibqH47VzsZowV3uL8ABOsDDLG6nBjbIgxQ1m2OcpGhaJ6TmfsmNYJ28YmYu048b0sTsSmsemoLslmVZV0QMWEdJQXJ4tz4lFaFMflthGRKC2IxtbR0eJYIsqK47GlIBJV4tieiWmoGJuA7UXxKBsTyyoX34AtIyOxfkgINgwNxUpRLh8UhKUDArC4nx8W9PbGnO7umN3Njct5+V6YleOG6VnOmJvjjpmZzliQ64n5OR6Yk+XKmpHhgNni+MxMJ0xNs2cX8fzOXpiR7Szkgmmifoo4Z5I4NoGAcYIVihNVmJhii7Fim1QUb4nCOAsux4ljVBZEKzA+WS2OW/O+5lxrFMbaoijWCcUJnhgnjo9LsWONTRbtJYtzk1QoTBTtCY1LEfcT+n8GwOSoJScowUnaJ/hqGfJ3aMs1DlNt2T8YEMfN/A6NmvwBHa3C/o4W7f7F+04dfkbm+o8wdf2N9/Wtf4fdJxBM+zbRvzCgbN5Gc37Y2O+Ruuwbhp4EUSOKv+fj1H5rvX/COuqXz+GTbWJ/Qbg4rv0pZDW1YZ/4MwPltsaauuTF3yBzw0e+L+0T+KQxNPTXpePfeAwEtGm/SYt/MfhuuN7E+TcGon+aI3E+AWM6znO05QMDcL5e9JkgsKG9pj1qhxy0f7r+C7l3+QmNRV/oPuTWpbrwcd/ztSTzwL9/njsabwfRVsN4VRG/wC5RzIeYK4Li5PIlEE3wmo7TmKn9hr7qWf6uuWdnjWOaZOryG4N73m8ERIz/nuec9mn+aa7onIbz6Xl92X9JkiRJkiRJkiRJkiRJkiRJkiRJkv6TfNQqOFuYQWWkA7luG5bawhRy/bYw1m7BztkUyrEb5MQiuEgAOMLdnKEswV8CqhT+mcJAR7taIsHLlhUjtmO9LRn6sRM40AGJfnYscv8SBI73UjH8DVGbMAwm+EslwV8CwgRUSeFuFuzeJbhIuXAp9HGCu4zDEJPi/ayRFu6CpFAXxBOoDnZGsJcNO5utjdpwDuBI0SbnAbYxhKetETtc7Ux1GPaqZXoMfwkCU0hoCgVN7mAXhT4czXT4PAeFqFcpxPzIYKqrjTZNtKDfsjlkOtqwMtCFrbEO3MyN4abUg4NxK9gbtuAcuu7K9vC20mcoTLmMOT+wkK8NOaz1WA3bDXC0IZx0qEN7hnUpfhZIC7DiMtFbySIITvNLgDXKQ8lQ3sdGn59JoKNMzJsJh/ZlUO5jznmEQ9WacL/xnnLRliVywiicsyU6BNuI9jXuTzdZa7jI2iLAzgQOVm3gZa+HGC8LxLvJkeolnq+rGQPgOFdTJHhbMdSmkgB3A7wn8E3/DEBOYALdBBWTKQfyJ+cx1YeoDdjVTaK6jCBrdIqwxoENY3F97xyc3l6ES1XTOQTz+ZoiBsAnKybj3M75uLRnLvZuHor9a0fh4Pox2Le+Dw5vmITSudmoWJKKPSvGoXp5Bvas68yho/esz8HpigIc2jAYZ6qG4nz5NJwtLxL3mMTO4tMVI3GxehzOb5+M+o1jcbJ8HC7UFjEAvrpTA4Av1hIAno6yhX2RHSJHmj/l/TVl4JssxtMAgGk7UaxRrvM1QFYAhYrWQ6q7KTuAk8V2orodUl3aoVOAKboEK5HrK0OWjylSXPURY9sOsWpdRNlqI0lthHhbfSSIMtZen9vICzRHlpch0t3aI9NLhhQ3E0Ta6SJSPNtkTzN08Dbl4xReOt6HAK8+Yp31GELHOeggxlEHieQy9hdrwEeOZG8ZUr3NkEnuY7HGgh0N4WqlC"
11898 [Forwarding screenshot on session b1310904-d161-49ca-a1a6-530fba7baea8 to remote] DEBUG org.apache.http.wire  - http-outgoing-47 << "w+1GWLEeBJ96JnqiLWjy/A32NZErD1zBsAZfqIdb7E+RTuRjrocApocwKVTO2LbtAxsm5KILSUJ2FgchzVjY7GiIPYzAJ7dPwzTuvphYo8ATOkbitkDArFskA/WjQrDlsm5GJkfDEfxbXK0ksFWYQSFQRuY6bfiPMAhAS5wd7aElYk23MX3oUOiH5LCHZEUoRbvvg3CvJSIprDrUS7I7xCBaH81ciOdGAD3DmiPYYnm6B4lR/94IwztIOrilOgXK8eYdIc/AHDTFkJaaNZIC220mqNlY6GWLTkENP3DjJfMGP08tDEhwha9xHs+ROxPsrTBLLkVlphbYY3KGntNLXBYpY9TzraYqTbG5CAz5LnKuV2VbjtkivfezsQQluL7qxay09PFID8rdgAvStZGbVc7BFmJZx3qjokpNhgbr0RBog1Gx1tgRKw1RsarMFy0OTG0PXYMtMa+kR4Y4aePOEVbOLbVgqylFnS1RF/1tbCwSzTSxHehTYumaKndFtpiDNqtW4nvfCsO+2+q0wqGem2gkunwmugfqUSXIG30CDNDrwhzdA3WwdQuCtwoz8bb3V3xVU0+nlbk4/6WXNzZ1An3tnTFvdKeDIBvb8nHra05uLu1B+5u7oIHpV1xa2MW7m/Nxssd+XhVnYfXO3LxaqfYFtIA4T/0oiaP9b6uO97t7oY3u7ridW0XvNzZFa9qu+H1ru54uasn3h3qj7szInC8owLnOtvgREdLnE40w8loQxyNNcSxaBnraJQMh0Jl2BtggjpfY+zxk+OgWO+1Yp3sFN+yKg8ZKt3NsF28Xw0qF6oQ380KHwUq/JTYHqBEhXhXK8OUqIk0R3W0BXZGmmFXtBJ1sRbYHWOOnREKVH9yF28PNEG5vwJl4l6lPmbY7GWKjR7GWOdujLVuRho5kUw+g+C1jhoR/CWou1J8R0irxPGV4vhKZxmWi9/ApY4mrBV2+lgutMLeQMgQy8VvxnJ7YywVa22Z+D1YopYJmWKp+L1cJZ7pGvG9WRtigs3RZihLEmPIMsSB8aGoX5SHIzOzcVC8r7XTYlAxJQ5VE5JQMZaUgMpxiaKMR3lRNMoKI0QZjopxkdg5MRY7J8WjYnwUaibFiW1x/YR41E/NwNEp6dg/LQX7piZj18Q41p7Jidg5PgaVheGoGReF7ZOCUDYxAOUlgaiaGorqaWGomBzM9ZVTQlAt7rVjrGi7KBJ7J4hrC6OxtzgJtWNiUT0yEntEv3YVxmD/xATsF/3YWxKFEwvScHOjWG+buuLCihzePzwrAfVzknibdGxeCo7OTcaBaUnYPzURdSWxqBVj2DUhmlUzNhxlIwOweqA3lvd1xepBbthS4I/No/yxvI835nZyw+wcTxQR9CUAnGaL4nQ7IVuxLd7TVGsUpViiQHxXSP/vANj/V3bjNgBCAod03C1fk1O2Zft/MvxMmPctmrX6F0Pf6Cnf8TkENOkcArLkyKXtNob/RMoyjYvVOVvTBl1DxxvuQU5Wct3SNoFPctemLv8Gnj1+QsCQH7h9nU/9I7cvtUX1tE/uXdpPmPMtg1eCueTwbQCqFBqZ3MR0DkFqqiNYS4CX3Ly0T8CajpNblvapD/8F4G77wG5ZOk5AmvpIc0X7Ljkal23sjO8YSDcV85K2QjPmf6cvATDNJdV5dNMAWupvzLTvEFb0PUNemitqt62JBgATfPbs/hNDX4LeDf00sNPMT+x0zbOgPtE+wW/a9+6tad9I7BPgp/5RP2m+/Af+CLdOmvNV4Zr5pHbJDUx16mTN/EiSJEmSJEmSJEmSJEmSJEmSJEmS9D/J09YCHjbmDFrs5EawMTOAh9qK894atm2GcFdLxPuqOWwy5b/1tzdiUQ5gCnNMoXypngBwiKMcIfZm7HgNd1QwKIr3VTGkjPY0R6yXCgm+tkjytxelPWI8CT46MjAkF/CXAJjgL0HhKC87BDoqEaiWscOYjse6KZEi2kz2UCDaW4lYAqF+KsQH2yFC3C/IyxLhfuI6LytYGbZjB3Cw6A+5YwkAUwhib3sTuNsYswOY8gBTSeCXYDA5eqmO5GbWDrb6zWCp0xwqI21YmujDSFeb84I2b9oM+q1aw8rIBLZmZrAx0ofaRBcOxjpwFO25ynTgaaELPxsjBKnNECr6Tn0gJyzNC80JgdWG+Yl0V/A2hctOC3FgR2+8lzE6hFgiP9YBOZGUQ1jGTkyCcVSSi9ZV0QpuytawN24GZ3lrhFI4andLBDnJ4WfVGh3D1ega747sMDHvXnIO5Us5XMnFmRVojbxQB3QKc0a0eH7RYq49ZbrwUYjnbCGDl5OYL3s9hJHL1E2ODMpR7GrG+Y/T/ETfxXgI4FP4boK+YQ5yxLipxLYFolwsxbMluC/uR8/KjdzPMoa9FN6aoHC0j7jeVTxTMW7KIdwz0RWHtkzE6aopuLxrCjuAz5aP5RDQpyvHfs4BfHnvPOzZNARHtxbgTGUJTmybgJOVg3GyfDwu1EzH8coeXE/Q+GhZX5yvmYILOwpxrHQILmyfjjPlIzi89LmqsTi5bQguVY/CpYqxOFc6ERfKp+Hc9nG4tOsPAHxpZ8lnAFy+qB8D4PQAGTI9LZDupkCqiwxprnIuCdbG2Rlw2QCAE5x0hAw4/y9B3jQXPWR7G2BwkjMGxIv591cgzd2Q4W+oZQvEi2eb5GyCDGcZEu0N2QEcaa3D7t0MLxPRhg4y3LUZ6hLQDSdgLNqnPLxxzjpIdG4j+qaDYA89hLqJteLUnnMs07lxznpI8TJFx1AVgz7aTnQ3QrKnCYdx9rcTa5gAopU+A+AkX/qHDF3xbusgQGWIMPEuUtju7AhzdAyWI070ha5L9VWgb4ob1k/ujD1L+2LL5FRUTE9iCLx5Yjw2jIvHqjGxWDoimt2/M/uGYHK+L8Z3DcTUfpGiLgQrBgdiQ0Ektk7Ox8hOoQj1coOfqwMcLM1gb24CK7E2Lcy04WAr9q1NEOyphpudCdLjfZAR645u2cHo2TEUUX5WCBbPJT3aFb3zEz8D4GFJ9gyAC9KsMSjVDv3iDDEs0wb9Ei3Fc1AyAM4LstAA4OatPoeAbtuoxb8FwL09G6MkWoF+ymYYLb4z8xQyrDQxxXYzOfZYWmKXWB/1Ica4mOCMBQRqw/WQ76aPRk20oNZugUxrbQbBBi0awUjc01BLCz1cjFDTwx4rOhhgU2wreOiJOvH+Vw3zwI4Rrtg2xBNlA9yxpb8vNvR0xro8ZyxO1EflQEtsHOqEQHMtDo/dyqgd2pi2hZZ2IzhZ6GBx30yk2JujnfhmaRvowaC1FlqIfui00IJ2Uy3otWkGQ/Fto29/hNoQXfzl6BNljGEpakzqForpvYPEMwzG/ZpueFTWEQ83ZuB5TRYelqXjzuZUdvfe3JiOaxtTcH1TEm6VJuPe1hzc2ZKJB2XZuF+ajkfbU/CmNguvdqTidW0KXu3M+5PIFfy8uiOeVWXjaWUWXlZ3EMrCi6pMPKvO5GPPd+Tg1a7O7Ab+/sgo3J8Wj/oMS5zOdcCxTFucTrDA2Ri5KJU4HKPEgUhN+Od9oQocDLHCAfHNq/OxwG7xTaoR39NqXxmqfMxYlGd3u48pyn1NUeZjgjI3EwbB5d6i3k8oUChYPN9QcUxoR6QeaqONsDvWBHVxptgVY4KdUUbYEWHM2u5viXLxndzmo8QW8Vu12UuBDR4yISoVWCt+l9aJ30uWI4V7tuCwz2vU5qxV4ttKWi1+O1Y6K7BCfNPJBUxgd7H4rV3opGAtEN/uuQ4KjZwsMM/ZEvNdrLBctLXcQYkV4trVXkqsFc90Q5AcW8ScbI+3RHVCexwfG4H66VnYNyYRR8bG4OCUBOyZmoSDkzKxY3wSdk5IRu3EJKEE7JgQIxSF2pJo7J4ci5qSKOyaGoftxeGoIBWFomZMKI6UJKC+OA51k6OxqyQSlUVB2D4mAFVjg7FtlC82DnFH6UgfbBvshy0DvLF1oA/KhwZg+7BA3t7Y1wMb+rhj80B7bBdrnrRztA8qh3ugdowfakb4oHq4N3aM9BWlJ/YUBWD/RD/sL/HGxRVRvJbe7++KF5W5uL0+CVdWRHP5vCIHb3Z0xsuqPDwpy8Kjb"
11898 [Forwarding screenshot on session b1310904-d161-49ca-a1a6-530fba7baea8 to remote] DEBUG org.apache.http.wire  - http-outgoing-47 << "V3wYGs+7mzMwa312bi7KRf3t3Ti7UvLU3BieSpOrRRre3snfHVkCF4fGILza3NRNSESG4YFYdXQWKwZHot1I8X3rSARG0YnYH1BPNaNisHakdHinCiWVk7ZO/EH1/93/QGA/46Ope8g89LA0pAxBBTfwS1PAxDJkZu99R0S5n5k5yuFTk5eQhDyHecPpnMc0v4GvwEaQGvsRGGONfdoqCOFF3/LbXPYZbvf+DxyG3t2+5HPTVlC0PlHDkNN92xwuFpHE4x8B5++mrYo/DTtx836hiEptZG6goDnp+MBmuMkr16aOnLudlj/HgofzRgDhnzPx906acZI7mc63nAda9s7uGRrjltHEgB+B4Wf5nr/gZrrE+Z8ZJczQeC0lfQH7xfXfyH3Lj9+AsC/8lxSnWuOpm0KV23i8iv3Ud/6N+gofkfSwo/wH/Q9DGz+cOVSOG2H1L8hacFHZG1+z+dSfcQECr8t+tpR054GAP8xdhsxf9T3pEUfOZQ0QXy/gT9ALdqi4zQHdH7Wpvf8XKjOPpkA938dhyRJkiRJkiRJkiRJkiRJkiRJkiRJf5WXnTnsCICatoGdTCMCoxQSVN6+BcO5xABbJAXa8XYAuVJdyAGsQDC5VF0UCHUT2y4y+DsYI9CBQsvKQTl643wsOAQ0uVMJcBLQpFDQBDgJ+IWJdigsMzl7yZ0b5W7BgJS2CZYG2hsj1INAjgUCnClPr/knWcLPwRw+9gpxjjWCHGxZAWorBDpbI8xDjVBPOwS5WcPOVBtqmQ48rE0/l6HutnCzMoarpRHMtPVgYWAES0NDmGq35RDYBq0bQW2uD3ulHrsOyUXsojCCi8wAnuYm8LE2g61hGyjaNxXXNxZz1w5e9mYIcrGEu6UewkR/o72sGYx7W+ky0CbncqKPJTt3Cb5mBllz3lvKuZrsreAwvImeMg7B2znaGR1D7ZDqa470IHNkhlqxSzdL1KWJ6yinL7mDKcS0p7w1AlS6nCM42NYAUc4yhNgZItLJTBMiWq2N/Ag7VlawpbifORK8TURfTLntjpH26JLgirwYZ/F8rOCmbAkbAy1+1ulhLnAV7XIoYA9r0Xd7dPB3QLR47jEuBHUNOTw3rQlaD5pnSk5uEyT4KJEi2qM2w8XYQpwM+BitCYLe5HKmtRHjJUe8GD85kuPcTNA9xhFHNk7A5Z0zcbGqBBdrJuNsxQScLi/m8tKOKbhSO+1P9aRTZeP+pJPbCOyO/XN9edEnFX7WmYpxrLOVxThXNR7nqydwvt+LO8S9SeI+l3dO5fDP53ZOxqU9c1C9YgS6xqnRIUT1yZFNobUVSBJjjhZjDbRpB39VG4b0GUE2iPOQcT25ZNP9FRrQ6mGAVB9jdItzQ+9kb6SI9yXYWgdBYr0EWekjzNaUnZ9RYk4oxDaFPafcyuHOmroIF7EG7NojwEHBeai9xBqI97VEsr8SSb4miHbXRqq/ATKC6Z8m2iPCQQehNm0RomqJ/FBL5IeYoVuEHHlBJsgJMmaQmxUi1oaPeMcddOFi1RpOFq3FcxL9DrLlZ+gv7hfsqC/u1Qr+9tpICRZrV4whnZ6fi1jnHrrolhmF+p3V2L1mCspnJqNsegdsnZKGjRNSsGZcEpYXxGHh8GjMHhiK6X2CMalbMMb39sXEAcGYNTAWK4ZHYd0Yf2ycnISCLkFwcxLvvo8DPJ0t4eMm3m9P8e6qTeFN/3gS6IRwPzXCfO0RGaBGRowPOqWFoEOMN2LFfoy/LZKD7Lk+VHxn4vzM0TvWEiNTLFHU0QHDM50wMM0Sw9PsMDzGGkXJoi7Rlt+T1o200LRpWzRrqoUWzZsy+G3atDlatWiJds2aQKeJFhzE96CbZ2vMTDBFsWVbzLNVYL5Da6wS81Dpp8DeoHY46GeAS64WuBrkjXkucowKtUBPXzlUol1XGxl6xoQgRq2Cu4E2/Mx04K3bCJ3Fs145IA4lqbaYnuOFHMemGB4lw9phkUKhWDnYD2uG+2LtCB+sHhSIdf08sLCDASr6qrBrhAdmZMowKtUKwzKdMSTeHGMy7DE63Q5jsxxR3NEZI5JVGBSrwIBoGTqFizUQbsrhsLuFGaNHmD6Hfi7JU2PZ4CBsHhmL0tFxogzFtsIg1C+Ix83SHNyrzMHd7R3wsKIz7m7LxY1NWbi2oQOub8jG7S15uLetM+6XdcPNrd1wv6IX7pZ1FtvZuL+9I57uyMPTnTl4vkPjBiZRWOgXVAo925mPJzV5eFydi7sVWbizPRO3yzuI+2Xisbj25e6ueFXXDS92dcGHA/1wd1oQLuWa4abQuU5mOJihj5Npprgcb4qDkaY4FCXHoUgl9ocpUBcoxy5/OWrF89kl3t1qbzmrykvGqvAyY5V5mbLKxe9WuZcC5eLd3S6eGwHgymAzVIWYojrcjPP91on294o52xdnxiXlBK4V87ojRJwfoGQH8FZvM2wRz3Wzh1xIiY3iN3KDWA+rxG8nS2yvEb8Ta8Tv3noHGdapzbBe/KaQG3i1owmHdyatFMdWiGPLKDw0gWA7MwbBDVokji92lGOxk0Ij8XtA+X+pXCJ+b9eKMW8OUaI0QoxVrIGqTGvUj4nEvpJYVE+MxN7J8eykrZsYzw7fHcXR2DlOqDiSXbE7CkOxsygMdWJ/38QoHJ4Yh92jQ1l7qX5MCOrEOjk4IQKHS6JwYFKcOC+Gz989LgK7RBtUkriuOAi7Cv2xo8AHNaMI6GpUM8wTlYPdUDfKl7VvTAD2FYVgz5gg7BwZwNo9Ohg7xP6OUX7YLb4Z+4uDsXd8AC6uSMGb/QPxbE9fBr3XVqbgwpIMXFmVhec7u4u110Wswd5iLfbFk+29xVrtyiHLaY0+quyKN7W98XK7qFuZiivzo3B2USzulHfGt8dG4PuD/fBocw4qxwRyGOyNY8KxuSiSy/UFoVxuFfO1ZWwUNowOw+bCGP6Hlv93ABzwZwAcPEoDgF1zPwFg/b8AYHFd8qJPANj1EwBO/RvCx2ocwBQ6usM6DUx17/wj13GY5wnf8n0MPkFGUhuDfyB+Djln/wCilIs2suRbBsS0TwCTjnt/AppWYeQIfsfXfXYAr/iA4ALN/Q1sf2OYSeeQM5nqCHJnbfwEgBsB/oM1ALfhnv9bAOzbl3IGayA0AVwCq/9bAEywm9qiUM8ElKn/NOc+fX5A6rIPCB/3HZ8TPPJ72MX/zOOk8506/A0dRd9onLQfO10zf/8JAFtH/YzsLe8YHFM/CawHDv3+M/y2/DSf1P+GsN8SAJYkSZIkSZIkSZIkSZIkSZIkSZL0/1Xk/LUwagdL4zawkbdjOauMIddrxWFJY7wtObxyrI8VQpxNGfYR+CVASCDY30mOICdNyGFynJIzODHAHmnBGtBLbl8K+UyQN9xFwTl4CfQS4CU4GiqubRA5iIMdCPyK+9iZwN/WGCHiXLoHhWx2sdSFo0IHDvL2DHPJ2RtgZynOt4SvrRIelqacm5cgr4+9aF8tg5NSF3ambUW9Pl/ramnA23LtRrDUbw4bY2NYGxmKNk1hZ2YAK8O2UIm58Hc2h4etCZxtzEQpxmmvRIBQpKs1kgJcEOtrz3DayUIPnjYmCHa1QoS3DXxEnwkAx4htEoV8DnE047y/5H4l0Jnqb8khdJO8zITkrBQfJcPgvAgHdIlxYRBMUDg1wBz5sU7Ii3JCbrQTckSZ4G3BANjTsh0ozy6FX04NsIMmr7ApvMzbch7hQFt9xDjponOkPYvAVkaAEnGeRqwkXzPRnhqdRPs5UY7oGO3M4bRDnMRxXxU6RLghxNeGAbC3tQG7P6PFWIJU7dgNGuGsw+fROqCQ1QR4KXwwQUqCuslinKnBNoj2lDFApOP0jwEN8J9AMNXTuRR+moB37wRXBsCXdszA+U/A93xVCc5sH49zlRMZyH5ZRxC4QbT/V9E1n1Ul9lkEezVqgL//CQBfqCb37yQGwOdrp+DSnlkMgDvH2CEt0IIBMLmq48UYCQIT3CdndqSYA6rvGO7AAJjq6HkTgE/zpRzKhhw6uUu8Czu0wxz0OM8z5WwmmB+mNoWvhY6op7aMOHS3Jg+09ucw3rwv3hlytLsoWiFU3DOanLz+Jkj1M"
11898 [Forwarding screenshot on session b1310904-d161-49ca-a1a6-530fba7baea8 to remote] DEBUG org.apache.http.wire  - http-outgoing-47 << "0JOhAIp/mLtubRHtLMuYp0NkCSO945zQOdQGbqGy7jMDTLjXL6ZwUoGyGFuxvCxE++KeM6Ban2G9rQmCAAHiOfubd1afAv0kRZqg0QvQ6R5m7HrOMytPfLTwnCwajtqV03CtumJ/wEARzIAntE3hAFwcS8fBsAzB8T8FwDs5WYNV0dz2FqI99beDAEeNggS71VkkBOig5wR5GkNH2clfMW3JU7UpUZ5INxLrGF3JVIjXJEa4oDkcHdxjhwxPgoMSXPA+BxHTMh3RUGOG0bmqDE6ywmjktQYm+KIEalqhvu6rbTQulV7tGnRHK1aEvhtjeZNW4j9ltBu2gSGzRvBzdwEfcU3YFa4I6YorbBa5YtVlhbYZGODckt71FgZos6mBQ4qtHHASYVJal0UhJqiKEKFJP3GiDFuj6IoM85bOjvXDcv7BmN6lgPmij7tGZ+EHaPDUTbYBVv6O2DTQEcs62GJxT3NsXa4E1YOc8DCASos6u2FxV3tMTdNDxUD7bF7jB+mZcoZ4hbkemB8JxdM7eGN4jxnHvPMPv6YPyiUXdhLxFwvHJWMRQXJWFmYinXF6dgwPhWbi5NRXpKKGvHsqkrSsWNKBnZMTcaBeSm4sqULHu/qhUe7uuBudUc8ru6OBxVdcGdbHm6XdhJlPu5v745HVb3Esd54UNkXT3b0xz1Rd31TFu6W5+B5bWe82NUZz3fl4fWurgx9n1TmiHYIEGfhHkHf8g64tS0dd6qyWXSvhzW5LILAzykX8N7ueHNwKO7OjcflLra4nmOJ83lWOJwlw5FkGQ4G6eOQmF8CwAfFu/CfAPBf4e92Tw38/e8AMIV5JgBcF6XEnhjZ/wiAS31knwHwJncFA+D1zjKGv6td/wyAKf8vAWDSGvE9pzqCv+QEJgC8XBwn+PvvAPBCcQ1B4EWfIPAS0e5yd3MuF4lv9HIP0aafKTaHmaIywRw12fY4MjoCdeOjUDk2TAN5xbqj0MuVYyM+h2AmCLxrXCRqRR1BXIK3e8Q1dUXhqB0dgr3i2KGSGByYEIWDE6NxeFK0KCNRLY7tKAzja3cXi/PHR7Nom1Rd4IeqUb6oHOmD6hE+qBnpi52j/FBb4M8lgWBS7UiCvIEMfiuGeqNskAfKB3szAN5ZEMjH6sgZPNIdJ+bF4uXu/ni5fwBe1+Tjyso0nF2cxgD4dV1fvN7bCy/3DMDDyoGcs/pOaQ+xLnuItdpTrM2+eL9vEN7t6otHGzviysJonF4Uh+ul+fjq4GB8tbsnbq/LwNYRvlg/KoqB7yYxRw0AmETgd92oEKwc6s/wd+2IMGjllr/H/0aU25dgn9z7V+SUvoeZuwa4Bg3/gY83hD+mkMQdxfGEud/wPuX/TVr4DZ9Dbl2qI0CZtvzj55y6VuG/IHDoD2jIyUvnpa/6yNe452vAI0lH+TuHRKZ6CjtMdQSVvXr8iFZ6mhzAVqG/8HHvXhpgSoCYwiVHTvgO7Uw190sV905fqXHjNmoE2Mb9DO/ef7ShCWn8/rNjmZzJX47RxOU3dFin6cdnifMp7DIdJ+hMc0BzRfvUNp0TN/NbhqoExun+f7r+CzXAVg7H/Gm8QSM0IaubtSYX9E88LxT2muaO2iUw3M7kHxz6miAwgWY63zGN4Ox7dmLzfsbfEDXpOzhnafpqYPM7t+/ZXTNf1F5HcU96ZtRPmp/AYT/w/DVuKu7f6l+wifmFx0aQmq6h+fqy/5IkSZIkSZIkSZIkSZIkSZIkSZIk/SepTAygNGgDBwsjBimU99PdTgGZbktYGOoixtcakV6W7PINcjZDgKPJZwU6mSLIRYUgcuU6KFhhLuTwtAWFd45wtUCinwOSA5wQ5a6Cl6U+PC30EOxAoFfO+6FOSoQ5myPEUQF/WxP4qAy5pPpoD2uEuChFu2bwsjaAq7kOnOTt4CjTZjmYtYPauA1c5DpwN9fl484KbTiZt2dY7GqlgbNetqYIcVPBVy2Ht50Z1xEMpn17mSGHiXa1MkWAixWD32B3S8SHOMHH0RRqC124iXt7WOlzvzRjUiM5xBFRYm5CXMwZfEd72yA11JXz7jrJ28JTpY9gZxqTMdyV7ditS3CWQiFT7t0oFyMGhAR+Sen+5M5VMfglAJwbrmZHLDlJCRASAE4PFvcIsGEnMYWQptzKATZ6n2Gvn0qH5aFojTDxfAg6p3jJ0CPOFd1jXZATZivuIa71ImhsxqF9O0bYsbIj1OiS4IGcGDeGtBSOOtrLiuGvpUETqHS04GTYBKG24vlZazOwDHXUY2d4hJucATDl8qWQz+RWJedrXpQzskTfCQRHu4tnoDZgCE7AOspVjjhPDQBOpHyyIXY8/l7xLji0vpgBMDmACfYShCXgS6JtEgFdgr4N+w3HG9QAff9UXz3hkwj0avRX+PtXAExtEAC+SBB412Rc3jsbVcuHIj+anoWCAT3NZ7Sb4WdFuRqIsZnwsZwIR4bB9BxjXQ0ZwBMATvTQR5KngZh3OzFfJvCzboVgtQ67fGmuKEw25U4OtWvP/wgQIeY72KYdogkse5ghRqwfUqiLnHNHe6vaIcnPHNnh1uiV7Iy+qY4Y2tETg7O90DfFFd1i1egR64S+Sa4YneuP7tEW7ADuFmWOTiFyZAWaMQAmV3icr0Ksa0OGwF5W2uwCJhDsZ6sj7tNG1LVGhLsxO4AbAHCCqx7C3XWQmxyMfdu3YefKEpTNSPqPAHjOoLDPAPivDuD1hQGfAbCflz18PGzh7apCgPiuhPs7ITbMDfERHpzjm9y/caFu7AAO87JGTKAa0X52iPRRISnUCfmJvshOCECAuwWSg61RmOeFkk4uGJfrxAB4REd7FOW4Ymq+H6Z18sY4Udc3zQ3tm2ihmVZztGqkheZaQo2biP2maNO4GVqLfX1R72yqh2HiPZwcaI4CXX3MbG+FeaJcKzPHBmMVKq1MsNddG+fEe3dYrOtZYYaYlW2OxdnWGO9lgHlR7lid2gabOhliebY2SvtbYN94L9RPCcWVhR1wdnoSLswIw8GxHtjS1xzzc/QwL98YC3pZYGpnM0zoZIzCFCUK4w1RFNkCS3LNGKQt6OGIURnWmNQ7GHMHBWLpqEjMHxKMhcNCxTNIQOm0TFTMzsWWKRkom90FpdPzxDPKRtm0jqielYud4tieeXnYv7AzDizqgkNLuqJ+RRdc2toHLw6Nxscz4/D1yRF4fXQQPhwrwNdHRuDNweF4fWAYl28PjcJXhwtYr/eL8tAYPNrZH9e3kGs4Hy/reuHVnp54vqsbbz/a0QW3yzviRmkmrm3T6PLWDFzcnIYr5Vms65U5uF2VhxvbO+JqaQfcrszFk7oeuLd7KK7MTsa5Lk64mmWL81nWqE8zx7FUFepjzTXu308AmEJAfwbA4ptDqhLf4AZViO8Wabt4v8o8zbDNwxRlHkoGwGXeov4/AOC9sXLsi5Nhf7yMSwLCu8T9dor7VYi18d8BYIK/DH4/wV+W+L0jaQCwpk4DgOUaACx+ZxsA8FJ7ORbbUzhojRYKLRL1C8Xv6yLxmzrXzhBLxO/6UvE7tczDHKt8lVgXJMdWMSc16TaoFuv/UEEE572tLo5AbXEMdhVFYfc4ytmbgF3jyQ2ciP2TEnFAvJMHJyXgQEk8Dk6Iw8GJsTgyNZnrDk0WxyfFMRQmZ/CBSTFiOwI1RdGizThug0TbVFc1JpJVOSYEVYWasNGknWPCUFsYjj1Fkdg3Lhr7isNYBJMPT43HoSkaR/Ee0V9yLROI3j8+EofE8UPjxbUFPjg+Jxova/vh6wND8Wh7Ds4sSsShmbE4sSAZDyu74kltN9yv7oWrm3ri6oauuLK+C65s6Yqb5T3xoKYvXu8ZiNc7euPuhixcW5qEM0uTcX1bdw7//LauN25v6IhtBYHYVJiELeNisVWMicpNYlwbC6O4XD86AmtGhooyGmvF+/e/BsANcNaCQiqXvofCV+OODR71PR8nIEnAsK3RPxh+Js7/hmEhAdjkxRoA3ACN7RIozPB7BpUELamuQYb2vzFsbLgvgUhqk1zB9kl/gMaAwT9w+w3XtdL5J4d3JjBJx6mNhuN6Vr8zYCYXLNU19IdAKoVjbmiDZOz4G"
11898 [Forwarding screenshot on session b1310904-d161-49ca-a1a6-530fba7baea8 to remote] DEBUG org.apache.http.wire  - http-outgoing-47 << "+JmfMvH5V6/8pjoXrTfAGbpHpnr/ysAJkduoyZgQEpzYB6ocQD79ddcHz/7W7Q2+CfnSW4A3P9O1K+mLf/FADp7s+Y+GWs+cm5h6k9DXwnI+vT5EZkbPjDopXs31FNJz4xyKdP1BHYbrqNn2OBmpjzDdNyntwYAc9/Fs0le9A33k+arYfzUr4ZnQWG3G+aOnNN0XJIkSZIkSZIkSZIkSZIkSZIkSZKk/0l2SlNYGOvA3sIQ7mo51JYGsDM34Py/VqYGiPRUcT5ZArHk8iUY6682hY+tEUNOH3tz+NmZw9dWzgp2JHhog2h3W0S4iuucCPKp4GdrBgeTtgxsfW1M+bwAezmCKIyznbhWZcI5c51M2sFNrsv7dMzNXOwLuSrbCmnDRdEOLnJtOMvasQiuelvrcSjiEGcZQ1cCsv5OMvg6aJzAMX6OSAnz1ABfgsYycb25HodsdrMi9297eFgbi/PN4GVnhABnOcNdyiHqamcAd1sDvn+AOEahnMm9So7oCB8lu5397Az53pnRHgzLbY2aw864BUNrD0td+KgM2P1M1xEgTfKjsMFKdgKn+lshycccyb4WXJITtnOsGyvBSwFv85boEGyL9EBrhqcUXplCQEd5yNmtSyA10kWM296QQTABYHd5KwbDoQ7GyPAzZwDcNdoJ2SHWSPNTMrAk+Jvsp2AXK4FKgsydYl0ZMBPIpb4GqTUhvinnM8HaDHE/gtMdQ+y5PzSWcFcZghwM2CFK/aPwxORYpXDIuZGOyI5wQGqgisMYB9jocN8JAMe4Uz8sEUuhk8V8EDAmB3DXKDUOrB2LK7WzcLlmMs7XTPqTzlWX/EnkCG5QAwz+Ul86hBtg79lKcv1q1OAK/hL+fgmAqY4A8KVdk3Bx9xQGwDUrh6NbvJpDc+eG23BY50RPYyR4iLF9UoqPxu1Lc0Dhn4Ps2nJ9dqgFsoIUSPczFcdNEe1lJNYPhVRujUgPA0S4UzhtQySINlOCLbndTpF2yI+y53tRjuQ+KR7oHu+MXklu6BTjzqG2yYk8IMMHI/OCUNwrAhN7R2D2kHiU9AnH2G7BGJzhJeSNgrxgjO8Whh4xlugWpUDXCAvkhSnQMVQh+mbO+aaTxLogwBvspAd38zbwt6Nc0+IdE/K0bAUPi5ZifRjxs6MQ0B3E+SmeYk166SMnKQh7y0uxa/VkVMxO/QyAN4xPxuqxiX8CwDP7hWJy9xBM6OOHSYNCMWdwPFaNjMGGokBsmpKM0V2D4eKgRESIBxKi/BAe6Ixgb3uE+asR7GMLd4oU4G6FhHDx3gWoEehqzv+4kRXniwzxLqZHuaN3Zhi6Z0UjPswV3dJ8MXtQDOb08cf0Xr6Y3j8ck/uIuv5hWDE8CQtFOaWHL4bnesO4hRbaN22Jdo210JZyADduAu2mzaDTtCnaa2nBQEit0wr9fBphSnxrFDq1xAwnMyz2NsCGCBXWhqlxqKc3qvPdUdcjCGszHFEY2hqTM/Sworc9FuU6YFa6G5ZlylE+yAVreptjZS8ZNg2yxdbBzigb4IlVuWpMSzbDYL+mGOzfAhPT5JiRr8bkHFuMy7bChFwbjEm3wkSxXZJqjFkd5dg1KQaHFudjY0kqNs/IR9msjti5uBurbnkv7F/dj7VvVV/sWNQV+1cNwN7lfVG3tDf2LeuNwyv74Oia/jixrj9Orh+Ao+v74/Ca3qhf0x2XKgbixdHx+OrMRLw+WYSvThXiq5PFeHN8LF4dLcSLI2NYzw8X4tmhMXh6cDReHy7G2/piPNw1DNdKu+FOVS+8PDCUYdrzPQPw6uAQPNrTD7druuNmVVfc3tkDd2p74pYob9R0w+263ri5qyfu7OmDR/sH4F5dH9za0R33Rfnq6HBxvyLcXJSJCz1ccTvHHjezbXEyWYHjiQqcjDPHgUgZ5wDeH6HEnhA5dgcpUeuvxA5fkgYAV3rKWA3wl3L+EvxtAMBlnvL/CID3RJszAN4fL8eBBE1JAHh3pLhPmJIBcLl4l/8KgDeI7yYB4Ab4u/YLANwQ7nmV+P3ifSGCvySCv6SlDnIhUX4BgBfZmWGBEEHgBWqN5tmZYKGDDAvFb+Ii8TuxVIx3mZ8xVocYY0uCEuXZdjg2Ph5H52Zh/5wM1M/JxomZ2Tg+KweHZmTh2JxcHJ+bhxPzcnF6Xh5OzeuIU3TOrAwcn5mOQ9PTcGBqCg5MS0JdSSxqx0dh/9QEHJmVKuoSxX6yqE/D3skZXNL+zuKkz/Xlo8NRWRiJmnEx2FEci53jYhk67y9JxuGp6Tg1PwMn5qaxTi7IYh2fn4UTC7JxerHo06IcXFzaCdeX5+PG8jxcmJ+GW+vy8M3hAnx/vAhf7x+I21u64OKqfFxZn4+X+wbh1aFBeLF/GO5UD8WN0kG4Wtof18oHiPXXH/drB4lzhuHFrgG4uyUPV5en4+zKTFzb3guvjxTgq/2DOLR51cQ4lJZkopL+mWJqB5RNSsOW8UnYODYe6wtjsXZ0NFaPisSSwSFYPCj4fw+AkxZ8w07T1GUfGXamLNHsE3yk4xmrPzLgTJz3DR8nFynt03UEFOkcvmbGt+z+pX0CyQRjyZEaUfwdYqeLYysoXPQf96VtaoPa6rD2D+iatUnTPoHemKniPgs157Db+NP9yYUcMf47vidd23AOHaM2skUbBKoJkvJ5YjzkzOX7C1Hf+L6f3L7pYozUR6r/so8NouPUBo9PHE9ZKvbp3p+uJzcv9YlEY//r9Q0i2Ev3ZVD9xX0IOifM+YbHTKJ2Gsby5Xx8nkvRj4b70POheaJx0pgJQFPfCPRq7vlB83w/9b1h/kh0X3JRU95hAsSx0zR9I7BOANgp82+f+yhJkiRJkiRJkiRJkiRJkiRJkiRJ0n8nR0tzWJrow0auD0eVCazM2sPKVAcGbZrDysQIoa4WrAAHGbtgyWVLeW5dlO1hZ9wSduJcZzkBUgO4KPThbk5OQTOEOlowAKZtAr4eFgZwMtOGo2k7eFoaMvwlOOxjZQw/a1NWA/SN8bBDsr8LUgPd2OlKuWIpbDDlB6bw0VHuVqxoDxXnPaVjlGeYwk9HuJuL/ppzaFx/tbi3nQmHa04MdOJcqdYGzaDSbwoHszbwsxf3tTfhkM1RXtZ8HTuNLdrBQ6XDjucQT3P4OZrA00qHYSuFWSbgGeEhQ4yvBTqE2jEYI3ckhZtNCnaAn9qI4bOnrSHclDqI97NHcpAD9z3Y0ZhdwJlhos5fkxOYwkI3iMBqlzh35Me4cuhgyueb5K1CtIucHaEx7nKEOhjCx1pbzGlr+FrrI8xZznmTKcw25U0mKE6wmu6X4qVAp3AHdAy2RZqfBYebjvMwY2BIorDE8e7G6BBsw6CZADP1j/I1U5huPztjzt/cLcETvZI80CvBnfMTJ/up4C/Gp8npSzDXnJ28NAZyvJJrlVzNnAdY3IdcwcH2+oh0MUWijxiPm4LnMlGcQ/mCCYCTs7VTmA0D4Ku7ZuNS9R/A968gmHRhxx/w9/8VADeA338Hf0m0f7l2Ei7Wiu3dk3B530zsXD0cfVKd0TlOjR6JTsiPtuX8ueSgJdF2xzBL5Eao0CnaGSn+GuieHWLF4YW7xdqja6wNeiTYIztShdQgOTpGieee6IicaBtkhlugU5wdeqS6IDvYHAPSPTE40wf90zwwNNsPwzr68/6oTsEYnh+O/CjxfENVGJ4TgFF5/ijs5I/iLgEcUnla/3BM6RuGUR29MTo3EOO7RWBclxDkhclE24bICVGIbXPkRVggV/SZw0D7ycSzMRRrSk+sMx2xvg143VIIb1rntO4op3OEm4lYm0ZI95ExAI72NmC3bd22LZ8B8LZpGdgyORXri5OwqigBy0bFfgbAsxi4hmJiX39MGRKOeUMTsaYgDpvGBWPLtFSM6RYCa/HdiArzQlJMAHzdVfBxsWT46+WsgCO58t0sEeoj3kGx1hsAcFqkh5AbOib4IjvanXMAR/jbo1dmIBaPSsGyYZFYLLRkdAqWjIrB4uFxWD4yGfMHhmPWgCBM6h8JV3kbOMrkcJQbChnD3swYjgozuCpM4WIm7qsUa1ytxNDw5lja3xoT06wwPskFJek2GJ2gQtdAG"
11898 [Forwarding screenshot on session b1310904-d161-49ca-a1a6-530fba7baea8 to remote] DEBUG org.apache.http.wire  - http-outgoing-47 << "Sb1cUXJwCSM7hKBMVkBGJfshEkZtpg/KAQT+0chXbxHueLbNrN/MtaMz8Wy0QmY0z8QC3oHYlH3QIwVa2Fsvh+WFKRjx4L+qF83Csc2jED92iGoXz0Ah1b05u1zm4fj+Mpe2DO7A26WD8fzwzNwsnQkDm0cifrNw3Bi2yic3j5GrOOJYp2Pw3Fx7EwF5b8uxMmtBTixRbQrzju6YQjrhGjvbNloXKgYg6t1E3GpZiwuVI3GrX3j8erMbLw5NxMvT03B6zPT8OLkZDw/MQlPj5VodHQy6/GREjw6PAnP66fi1YlpeHRwPG7uGI5HB4rw7tQ0vD89FW+Pl+DdWdHOiQl4dqQIT+uL8OJ4MV6cEvsnivH4qKgT5YMjY/CovhDPT47HyxPj+bznx8bxtd+cnYxnG7vh0mBPXM2zxu0cK1xOleNsogmOhut+gr9y7A2Toy5YgV2BCuz0U6DGR4FqbwUqxbeuQds95Ch3l7G2iW9vqbsZtrkr/i0ArhHvT02EDP8OANN+AwCuDLL4jwB4nZMZg99/B39Xit8PUgP4/TP81WgJO4CVWGynwCJbORbayDDfVqN5dhqR+3exkxLzxG/hXNHuYi8ZlvqLe0SYYatYs2WdXXBtaTfcqx6N6+XDcGPLUNzaMBi3Nw7BpbUDcXXdIFxZ2x+X1/TD5VV9cWlVL1xc3gMXlnXF+aVdRH0f1rUNfXFlXW9cXN1NbPfGjU3i3DXdcXJJD5xe1gtnlvfGqaU9cXRBFxyZl4/6+Z1xbGFXHJzTEfULOuGk6MPZZT1Y51f0wpXV/XBT9OPK2u64tLqraLcrLq8V9xX7Z1Z0xallnXFqRRfevkDu9JVdcH2V6M/ybNH/zni7Zxje7BvOwPZuGfWnD65v6c3g9/nBwUIFuF87Cvd2jMPtmjG4tVOs710jcW/PSLw6PAavD4zAw8qeHDb6zOpcXKseiNfHxuLrI6PwqLo/aqali29bPsqnZqJsSgeUTkrHlomp2DwhhUXbW0vSsHl8GrZMSP/fA2BJ//8t/0GaHMHk/jW0+42d0uQAp7qQ0RoXuCRJkiRJkiRJkiRJkiRJkiRJkiRJ/5NUpiYw0W4LuX5bWJq0F2VrmBu1h07zpjDTac8OWXeVEYdMppy5Sp0msDJoAZVhS5jrNhUit2vrzyGZHU3bwMNCj/P4hjkrEelm9TnEM4V9DlLLEGBnyvt0LCXQCckBjoilcK58viXXZUV4IjvSix2OHSOckR6kZscogcMoVyViPSyR4G0NApEUspggJUHQEGcFfG2M4WquByeZLsPfeH8HRHvbIli0721jxGGkCQAT0A5QmyLcjcCxJSvYiZzMRrA3bgE38/bwtKfcwzrs4k30sUGqnz2HV/YnKOZiyrl8KZQzAU7qB+VG9rU3RJSvLfycxbadCaI8rBHpYYU4XzFGFzN4WrZh9yyBTwKnFO6XwCi5Y2m7Q4hajNeOt0PsjBEp+hRqb8LuYwLAFErZz1ab3ZgEgCm8NJUEfz0tRJ+FaJtcx4nuZgx/swKtNUBW3JPAb1aoHUPfFB85op31keytQIybeC72+kjy1eQUDlGbiHYN2a3bI8ENPeId0SlC005aoD1CxXOlZ0Mwm1y+5F6mNul4srcMqb6aNgkKE+iOofDPYrzJPtaIEnNDihP9obkj93OiKPPDbT8DYMoB3BDG+Uuo2wB8KTz0f4K/DWGf/1T/CfBeqCHY26CGuv8Kf0mXdpbgyi5xj9oJOL9L7O+dgdo1IzCggzt6priiZ4IjukTbIi/cCjmhGohK2/mR1ugcZYNsMR6Ny1rBQLh7ggN6JTqhV5Iok+zRJdYenaKs0SPREb2SHdE1zhb5MZbIjZSjc6wFesSqMTTTh9U3yQX9kl0xINWdRXXD8wL5Xp3CrFDQKQAFOT4oINib5YGJXQIxvW8gO20JJE7qEYmpfWMxtlsoOoXLkRmoj6xgGXLClNznjiHm6BAgQ5q/GVJ8TTi8M+WvZjmZcM5mgsAUbpr/CcLNBHHuepxXONFNH5GeeugQ64vaLRs5BDTlAC6dmo7Nk1KwblwiVoyJw9KRMVgwLOJPDuAvAfDa0fEMgDdPTWEA7Ggn3qtIX6TEBSHU3xExIe5IjPKCr3hnXcS7TCGg48PcERvizCGgowPskRHthZxEP+QlB6BDhAsSQlwQ5GmFHhn+WDA88TMAnjs0FouHR2HBkGgsHBwrynDRt3CU9A2BWl8LipYtYNxUCybNtaDXSAtGzbRg3kYL9rpN4CdrgzDzthgdbIGSjo4IMW8NG+2W4rvRBBZ6zdBCS1xv0QwmMj20N2wDS4O26OKhxsSkQKSKd8BAnNO8dRvI24r31cYKwa7WHFI/0tUIveKdMEY8285eJhjZKxDbVw/FkcrxOLh1JM5Uj8GV2iJcrx2N23sKcWP3NNzbPwv36ibjWuUYPD44FU/r5+B8ZRHOVI3DObF+KXT51X0zcP/4Ilw/MAunq8fjUt1UXNs/Ezf2TsctKvfNxNW6aaxbB2bj0fHFeHZ6OZ6eW44nZ5fh8Zml+OrKGvz0sBR/e1CK726vxw93N+KHexvw/R2NaP+n+1v5+E/3tuHHu6X4/t5mvubjrfX46vJKfHNzLX6mujsb8f3Ndfju+kp8uCzavriI9e7yEnGfJXh9cSFenJuHlxcX4MmpWXh8ciaenZmDV2fn4fmp2Xh5ag7enJ2P9xdm4MPBcbi/IANn+7ngWAcZjiQY4ESCCY7FGGOfeI/2iLW+O0SG2iAZdgYoUeOnRJX43pHjl8Bvhfimkhrgb5mbGcPfBgBMMPhLAFwl2vrfAGDKA/wlAObwz+J3gADwBke5KOWc97cBAFOu3+WOpqyGnL8NYZ8bwC+FeV6kVmLJF/B3gbUZ5lqbsubYaNQQDnq+aGeBmzjf1wKLxBiWR8qwKU2FLd3dcWVNHzw6MEmsp2LcqS7C/e2FeFxdjAc143FPrKE7lYW4WV6Am6UjcWOrBhJf3zwI1zYN5P2rmwbj2pZBuLp5IC6u740rm/qJ/QG4vLE3Lq0fhCsbh4hzhvL2mZV9cHxJdxxZ0BmH5nXC6dU9cX59X1zaNEBcNwCXNvTDpXViX+jKhv7iuj6ivg+ub+2PuxVDcbtyOK5tG4SLmwfg/MZ+uFI2BFe2imvFvW6K825u6oGHFf3w7kgRvj46hsOTP6kdhgfVBHuH4+uTxXh3ahzen5mMl4en4OGemeLdmYo7e0pwZ38xHpJj/VQJ3p+cgOd7h+P21h64uq0f7u0dg/fnpuObMyV4uW806hZ0QuW8vqiZ2wXVczqjanb+Z1XO6sR1tQu6Y9+yfjiwYgC08rZ/gCRJ/1+VvekjPDr/BF2L39Fa/59oY/hPGNn/Bp8+PyFn68d/e40kSZIkSZIkSZIkSZIkSZIkSZIkSX+VykwGg7at0b5lYyEtaLfQgpl+O7Rv0Qwm7XVgbdQGtibtYG/WHnam2rytlunA2dwA7hS22UoPPrbGHBaaFORoyi7cOG9rJPhZI9HPDgm+tlwm+dvzNjlVyc0b66ViqEQOX3LwktOQws1SWGGqo+s7hjugQ7A9knwob64pwtTGiBD3iHWzQKKXNSg0MYHheB8bcU87dhV7WBjB0UQXaiECukGOMvjYGLKblQAx7fvbm3AZ4iiHNzmb5e3gYa7LOYoDbGUcjtrLwhD2cso33JbBdaqvIzoEuSDBy1YDxZxlSPIyQVawBnzGeMnhZd0ODrKWCBdjIwBMc0N5id0tdBDlacmg2lvVnp2U8d4KDpuc4G3BADjQVpfdveTCJbcvHQt3kIvxKsS4KYdwQ6hnPYZvFIaXxkOi8NheKn14iudB4wpzNUeoixJRDvpI8zFHuq+FBtz6WSAtwIpDPmcEfQoJ7W4sZIpIBwNEinsn+1oxbPax1EGEk1LIGNlBlsgOVCDF20jsG7C7OFCtCd+cJtqhvMYElimHMc0HwV9yFxMAplDWdDzeU4lEMdZELytEOpmJZ6gU8yHj8NAUCpvgNDmA960uxLXdczgH8J8ArlAD8G2Avl/uN9T9p/P/ALsEehv0Z+D7VxEAvrqbHMATcK5WnL9nKnauGcYAuFeqG7t5CfQS+"
11898 [Forwarding screenshot on session b1310904-d161-49ca-a1a6-530fba7baea8 to remote] DEBUG org.apache.http.wire  - http-outgoing-47 << "CWASvoSBJP7l0Jtk6uW3LWdY2zRM1GNbnG2yA1XoEu4Cj1j7DEo1RX9RH3/ZLGdpkavOAv0jrfEiCxvFOT4YXimFwYkO7OGpLvz+f2TnDAowx1do63RK9YGxV2DGfQS+J3YOQAlXfwxJluNsbkuGJHhhOIuQZjQPRyj8/3FNaKPEabIFn2iPlNJ8JdE2xSmmrbpnwjoHwzI7U3vKOV7pn9goPVLYcijXdoj3kWfcwATACa3bQMA3jo1nsM/bypJxtqxCVg+OhZLRkRj/tDwzwC4pGsQ5wCmENBzhyRg9ahYDgHdkAPYWayx0EBXZCSFITU+ECkx/pz/19/DCoEeKnb/JkV6ITXGG9H+asQGOaBzWih650QzBO6U4IO0KC9EBzmiXw7dIw6LxL2WDI/CrEFRoj/Up3iGwItHRGLusBAUdfeGs4EWbNq2hL2+FpyMm8JaVwu2+k3hYtoS/spWiLFtj0jzZpgSaINJafZwMdSCofiGmuk2hrJ9W+g2agOZfnMo2jZF29ZaaKWlhUSL9pic4ifmygAtxb6pjj4cdFvDQb8N7A1bQG3cBN7mLdiNPb6bH4pynLFtYRecqi7CyapCnKwYhet7J+Luwcl4emwW3p5bgCcnl+PFmRV4c3Ylvjq3Ah8vr8bb8yvwoH4uHh5fiCdn1+D5hfV4c3ULPt6pwKvLm3D/BEHdNXh0ehUenFiKZxfW4O31zfj6xja8v7MdH+9V473QV7cr8Ob6Vnx9qwzvbpfj+wc1+P3Vfvzz9QH8/nIfl3i7D/96s1dov9gW+18fAd7Va8q3ovzmGPDtcfzj3WH8SsffHcG/vj7M7ZB+fVyNnx9V4sf75azvH2j0zb1t+EgA+eF2fHe/DN+I7Y93tuKbW2IcNzfjmxub8d0tsf9wC359tBXfnp6DZ1sG4eK4GOzOtEZtrAJ74iyxN0KBujCCv6bYGWiGHf4KVItvU6X4VpPjt8Jd+Vnl7gpWmVjjpUJbxe/QfweAdxBc/gIAUw5gKhtyAH8JgLeJa/8KgNeK3zECwOsdZAyA/wp/lzkJOZh9zve7RPwGEfylEM8L7RWsBgBM8He+yhRzxG/ybCtjzFJpNNfaGPPsTDUOYPF7NFd8a2eLb/iySDGmXEfUiffy0iYxb7WjcaG2ELd3FeP+jvF4tKsE9+tK8PTgdDzePxUP9kzCw90TWY92j8eD2nG4v3MsbleMwbXSYbhRNgJ3KkeL/ZHsJn5SNxZP94hzasbgwY5CPNxZxCUdo3PIqX6jTFxXOQx3akbivrj/vZ0FDHivlw3G9a0DGSKfXdeddWFzX1zfPgQ3q0biesVwBr+XxPXnKobggjj/wpZ+HMr5emkf3KsaiK+OjcP70xPw/vgYPN09iu/9YFcBPpydhG/OT2aY+/TwVDw7sgRPjizE0+ML8OzkHLw6NwvfXZmPH6/MxjtyoVcPxW1yrteX4OOVefjp8ky8Oz4FR9cMxN7VBTi9ZTRObByJY+uHo37tUIa9uxb2xM753VG7oAerbnFvCQBLkiRJkiRJkiRJkiRJkiRJkiRJkiTp/17O1jawMDGC3LA9lMbtYW6iA0drJUx120Ompw9L/ZYMfT2sTdmlFu5pjzAPO8T4OSMlzBsJwU5IDnFEYpAasX42iPG25Py40Z4KhLuafga8if42SA6049DCBHYbwjoTxEwKsEKHcLU4TkBYziIwSJAz1l0DEaNdzRhOkmJcKfeoNTIC1Z8AsArxnjYId7GAp7kRbPTawlq3HRyM9RmKEuwlAOska8P7BIUJmpL7l1zHfjbGDHjDnCzF9QYIsjdHoJ0SUW5qBt0uSl0Eq5WIdlYh0dMOqf5OiPG05tDOWUFKUA5YyqlLjt4QF2M4K9sgxNMS3g4m7IqmUNkeVnrsLCYInBHmJMavCZ1MeXEbXMDkACb5WrWDm6w5Hwu2MYW/pSF8yVVta4gQtRGHaE4LsRVzrQHbBHoJbtO4aD/QwYxFdX6KlohSGyCeQi97yFkEZMmtS87cVG85u4DJARzrYoIUP5UYnzXnEPa31keCmNcQG11xnQEy/IzFuQYIdWjP8xZgr0QkhXoOtkF2mBqZok+54jl2DLVhsExtU2hnEgHgWHc5K87dnENap/ja8HMmBzCFviYA3DHIEnUrCnBjzzxc3zX9s8v3r0CXtskdTMcb9Bn0fqGG61ifnb5/OID/HfT9Ug0A+NKuiThXOx4X6qZgx+qh6JfhjB4pzgxzu8fboXO0SozdnHPpkqOWtgnkEfxN8ad8yzKxXuUMgPukOKFrrAoZAUZId9VHt1ALDE5yRL9YawxJscfobFcMTbXFiAw1hma4YXCaC/onOaCPuA9B4kGpzrydFyxDrwQ7dApXorO45+BURwyIt8WYLA+M6+iJoix3jM1xQFGOI4alqVGY58MO4SGZ7siPUiIn3IRhNQFfykmc6mOMzCAzdIq0RH6EJYeH5jDgNgZwU7T9FAbaDG7K1vCyassAOMZVrF8XfXYAUwjozDg/7C7dzCGgS6clMADeODEJa4risayAwi1HYd6QMMweGMoAeELnAIzr6Y2JA4Ixe1Ac5wBeXxiADZMSMTI/AEozbajFOxAb7o3EaF8EetrCTby3FAKacv/GBLsg3E+NqEAHdvomhrmgQ4w35wCmPN5J4psTJd7TcD879OwQgIndAzGjh/dnB/DCoVFYNCwWM/oEY84goWGBmD0iBr0TvVCYn4OxvZIwsX8GCrolYkTnOIzIj0ZBbjiKOgahf5Qdprg1xYb+jijs5oUJIzti0qh0TBuUjck9u2D6oA5Y1icJ4wfGolCMd1qeKxZ0UmPhiDAsKO6E5WOHoGJSb1RNHYC9S4twYutMHN86GacrxuPWgcm4vb8Y92sn4NHeaXi8byZe1i/C86OL8fzYMry/uBmvz63Hq0sb8dXljXh/dSMD0Z8flLN+uLMVH25swA8Pa/HT492sX57txXf3d+DD7Uquf3+rAh/vVeLbB9WsD/dr8M3jXfjhuTjv+X58eFyHn57vwy+vDuJvL/bj55cEeE8AH04D704B35wTOin2j4t9oa+PaY4L/eur4/jHm6P49cMx/PbxOP7+/ih+/yDO/Z6uOYN/vhfb354FxDGIYwyMG/S+/g+9+7Qv6v/x+gD+/qwOvzzdzeXvz/bgu68P4ad3B/D72zrg7W7868wKXC7Jxg7xDtQkO2vcv6Fm2Blogh3+MtT4yRkAk/uX3L4N8He72x/wl0Twl0QgmADwNi+zfwuA68R7RAB4XxzBXxmXDQB4p/gWVAVb/vcAWPzuEAAmfQmAGf6SPsHfpfYa+Eu5fgn8LrCTsxbbKLHQRuxbyzHPygyzrUwxy9IEMz9ptpUhO4Fn2ppihoMp5og+rBLfoH3i3Xswryu+qpuM18dm4fqhSbh5dCrenluMj6cX483xeXh+ZA5enlgg1tscPK2fhRf1s/Hy2Gy8OjobL45Mx7NDU/Fo90Tc31mMZ/sm4aujs/C2fjpeHZqClwcn48XBiXi2fzwe7xnLgJdA783KYbhRMZRFQPc6uXoJAO8ag0d1RXi4uxAPdo7GvZpRuFM1ApdLB+D8pj44u7E3Lm4diEvlQ3B5+1Bc2T4CVypH4qRo41zlUFyuHMKg9s6OIXhYNxzvz5Tgu4vT8O3p8Xi6dzSDaOrDh7NT8PHiFLw9PQ339oi+HV6CR0cW4dGxhXhyci5enpmND5fn4uMFMY4jhbhfORjXq4fj3qGJeHdpLn64PAsfTk3HiY0jcHDjeJzYNBrHNxZweXLzGBxdPxL7VwzCnqX9sW/5QNQu7I26Jf2glVf+DpIkSZIkSZIkSZIkSZIkSZIkSZIkSZL0fyk3OxNYm2nDwcIA3vbmcLYwhr2pHpyVxnAxN4OsXWO4WejDy0aPQx6Hupog2MkESf4OSA5w4jDMJIawQkm+tkj2s+MQzRRCmEL+pgXYsIM3I8gO2WGODBjJZUoieEgOUs4T60Hhnc04zHODgh0N4WWpw+7cMLUl4txsEe5ghihR3yHQHLH+bnBS6sNeRiGd9TiHL+colottSzP42ipZ/vYWcDM3hLuFEXztzMR5xmIsVhxumYBroK0+ux0p1"
11898 [Forwarding screenshot on session b1310904-d161-49ca-a1a6-530fba7baea8 to remote] DEBUG org.apache.http.wire  - http-outgoing-47 << "LOroj3n7qVcxZbG2jwnfg7mHPKY3JAUyjiDoLW/BTKC7ZET6cIhm1PEuGg7VYzX31q0IWsORyNdeJqbIMiBQLgTAhwUsDJsJtpsjyBX6peRmE8zBuT5sR4MYIOttRGu1kWQVRsOz0yOWgK04Y4GCHMwRKQLuYatxPyYw8VMnGevYFH/CAb72BkgwNEIgU7GnH/ZS8yHn0oHwXbtEWrXDuF2OkhwMUGmuFdaqDM7tgMdTBgYEzimENrOsnbwsjJAlCfl+jXmcZP7kwC1n3Vb+KvaimcrR26oLbKDVMgMsOQw05kBKmT4iWctnm2mmA9SnLMJ0sXzT3CXIZScz55yZIbYISfCkZ3TBIBTg+kfAGw4NPXe9WMZ6F6pGYdLOyexvoSyX4Zs/p90ecd4XKopZl2sFu192qZ6Vi3l+J0o7kEweDznSD1XNRZnK4s0KivEGaFTpWNwfPMoHN9aiPWTstA/xRI9YuXol6JGtxgCpgp0CpEjJ9AUnUMV6B6hQpdQC3QKU7HSfUyR4Kor5sWUc+4SYO0WY4NccX6+uK5PnC36xtthdI4Xg9qx+T4Y3sEZA5LsRb0NeseqPqtntCW6hivEdWboEWUlts0194y0xMBkR4zI9MDgVGdxngoDE61RkOWCEVnOGJnlisJ8bwxOd0LncDnnASYHc36kNbuAMwMVLPqnBnJ8dwwW76i7KaKcDDh/c4BavAd2huId0eMw5PQcw+y1EWmni1gnXc4ZnB7tjZ2b1qNq6ViUTotjALxhQiJWjYnFkpEEWyMxd3A4ZvQLwpSeARib54gx3XxQ2D8CxQNDMW94KJYXhGH1uGQUdvWFs7013NQqBHo5IT7MF/6uKoR4WCNMrMsQdwtNzt9oTySFu/I2hYCO9LNlJ3CEr3gP/S0REeSEMC+xTqNcMKarP0p6eWNqD2/M7hGCGT1DsXBojKY//QIxqV8oRnUO5nWZF+mO3CR/5CX6ISfeS5Q+6J0VgkH50RiQE4buqb4o9DXGur7RWDE0CQsKMrC4JA9LpnZG2dIBqFs3Ens3jcIhsWboHxDWFadi4ZAwXCgvxNOjc/GofjZuH52C+ycpxPFCTdjlkyvw6uwavD6/ml29by+vxctzq/D6whq8urQeLy9uwNsrpfj6xna8uboNb66U4+3V7fhwqwY/PNyFHx/txvcPdrII+n5/dxf+9nAv/v7kAH55fFBs78cPD/YK7cf39/fh+8f78eNTUf/8MH5+cYRL2m/Qr2/q8Y+vj+P3r47hn+9OAN+f1+ibM8B35zQQ98MpPvaPr4+y/vmOynpxzREGvf8Sx/HxtOZcEl3boI+ijQZ9ICD8xT7pm8uivCTaOId/vTvN9/nXV0fxL9E+weF/fC3OEffEixr8/c4qPDxQjF0rumHe2FT0y/NFjyQV8iLkSPHSRYJjWySJ9Zqh1ke22gjZ4nvXT3zvB1sbYqStEcbZm2CK+P7NdpZjsfiOLnO1YFi7heCwlwJV/kpUB8lRGWqK6hgFdopvwM5UV+xO90JlnCOq49XYL96/A3EWOBJlivowHdSI72GlrwUqfMxZlE94s4sxNjkbcbnOSYm1jgqsVss+a5W9GVbYmmCZtRHWWSk0UimxxlqJlSo5lorftUUWJphvboQVSjssUdpiodBMhQ0mK1QolllhtMwCI80s0N9Ohl42RujnLscA8W6PFt+UigXd8Pj8Ury9sx4fLq0T0yvW1LnV7CR/eW4Nnontx2dWs3P8pShJr8+sxIuTy/Cc1uixRVy+PLkYDw7NY90/OBcPDs5hPTw0G48OzsbjQ3PwdN9UPNxdwv/IQLojvunXt4/GjYoxuLujGLd2FuNeXQke7Z+KJ+Q2PjCNt6l8emgG7u8Zhwd7i/Fw33g82DeRdXdvCe7smYjbdRNwtW48rtaO47DolKP6Rl0hbu0txJszs/Dh8jx8f3Eenh0sxt2dBaLN8fjq1Gy8Ee8b5aYmB/CDQ3Px8Ijo96FpeHx4Or4+Mxc/Xl2E78S1X52YJO5fhDu7RuHxwbH44fp8/HBtIV4cm4Ija/vg4Ko+qF8znN2/5AI+tbkAZ8XvxJmt5AoehiNrBuLYmqE4uX6EBIAlSZIkSZIkSZIkSZIkSZIkSZIkSZL0fy8XaxOYG7aClUlbuFiawF6mB2tDbTjIDOCkMIKXrQzBzhYIdpEhxNUMQU7kMDXiEM9pwa7ICHZCepAjQ18CwZQnlyAwweBIFwU7dgn4pgfaIjNEzTCYXKAEf7NCHZAd4cAAOJFy6XpbsBOWcs6SszfZz4ZDDbvI2nKY5nhPW8S4WWnCP4tzo1yMYWOiA+PWjWBl1BIetkYIdFEiwMkcHpamcDM3gZNMn7d9bGRwNNOB2rQt5wcmV6+/2owdyh4Wok4p7mFtAD97ca6tKVwU+hr3r5gTT1sFQtxUiCY3rKMZQ9hETxmHU47zkLG7lXLcUhjjTtEuYlz2iHY1QYSYqzAnMQ+utghzsUKcjz1ife0Q4GgCZ4t2UOppib60h7eNOM9VwWGyw51MEWSry+2leFNeXFN21KaK+SE3NM0dQXKCwAE2BnBXtue8yeEu5gxwPSx1OXcxtUkwnMJZM8C1NxTPwpDDPVNe4EQ3GZLEPcnVGag2RKizKQNwCs1NuZQph3OEqwW3HaQ2YVEbdG8aJ+U+TvW3RAd/JYPwrEArdAy2RnaQjdi3QrZ43p3CHJETYschqKkuyUv0ncJHuxiJcZiKNaESz13JobBzYjw4h3J+jAv2bRiH63UzcW3n+D/B3C8hcAMY/uvxhvrLtZNZV3ZOYNBL8PdC1VjOjXquohBnt49hnSofjZNlBTixbRSObR2Bo1uG48imoTi8cQgObRiM+vVDUb9hGI6I8sj6YeL8IhxcNxxbZnbC9vnd0TvRFl2izDmnbn6oArlBZqI0RzfKAxysRF6oWBNhKmT6y5HqZYSsAAKvdL4FOkdaMQAmgDsoxYkdvASAR2V7oKiTt9j2wJA0J3HMgSFwrxgr9IiyQLcIJcPfjv6G6BKmZPjbKVjG2wSSCf4OSHJgANwvzhJDU+0xMNkO/RNtPoWXVolnZSKejSYENIV71kgp9s25zPBTiOcm1oibCSId9TnsOMFfb2s98S5qQpVzXmcXA8Q4CDnqIMJdHxkxfqjZuO4zAOb8v8XxWFEQjUXDIzjP7pxBIQxcp/YKxPhOLhjb3R9FfUPZBTxvqD9WFoRi3fgkFOR7ItDHDd7u9vB0skKorxOHfI4PdmbAGxdoj4RQZ6THeDEAJvgb5q1CqJcVl75OZggR6zFSnB/iYYsUsRYHZLpiVI4a4/PcMLVLAKZ0D8KEfB+MynREYWcx7938MCDDDZ6yRjBupIXWWlrQFiWpndhuL6TfVAuy1o05vPP4cAWGirmMs9JCkkc7jOwagNljUlE6tyd2rxyM3euHY8+6ofwPDWdLC3Fuy2gGYw8OzsCd/VNx/9gMPDo5B49OLMKjo0vw9MRKvDmzDl9fWC+0Fh9ubMJXV9bh3dWNeHdjK766thXvbm7HxztVoqwQZTW+u78TPz/di99fHWT9+mI/fiGnLOnJXtavz/bjtxeHWX9/cQS/PD/M+v3tqT/ptzcn8evrEyza/vuro6Keto9z2QBm//n1KeD9J4ArSoKzLHL2EvD9QE7hE/jHxzOf9c9vzn7e/v3DaRZDXdHWP746ye1T+WXbv359Fr+9E9ewxHlfH9dA5q+O4B9vD+PH61txrXwMds1Iw95ZKdheEodZ/QJR2D0cQ7rEIidB/EZFqBEnvtH0rfNS6sBRvwVsxG+GpXiO+i1awaBZS+g3aQrDRo1h2qgRzJs0hnXTZrBt0QyObXXh3E4Hnrpi/RsZwt9MfC8txLfS0UJ8r9To5O2BPmHB6BsegiGxESiIi8CIEHeMEN/54R4W6O+sQi97JbqL3x9SV5UpOpkbIk9pwGWO0gzZchNkyYyRaWb0WenG+kg11EWCgR5iDXQRo6+DSD1thOm0RVD71vBr1wK+bZvDsV0TOGg3gV3bRlC1awxlWy2YiW0TURoJeYljYbI2SBO/Od2DVRiX548NE3Owb+UA/q6d2ToGt3dPx7Oji/Hy1HKGvU9Pr"
11898 [Forwarding screenshot on session b1310904-d161-49ca-a1a6-530fba7baea8 to remote] DEBUG org.apache.http.wire  - http-outgoing-47 << "cDj06v4nw3onxEYAp9aiWfHl+Bx/UI8Ojzvs6ju+YmlDIdfnlyKV6eW4fXJJXhzainenhZ1R+ayXtXPw5tjC1ivj85nvT2+UNx39meRy/jRoem4t28ybtdNxM1dGuj7cH8J57Z+KHR//xTcrJuAKzuKcLGyENf3TMG1PSW4tmsCbu+bhFt7JuDegRK8u7QQ319fjh+viv4cF+/Y/gl4cXQaPl5YjG+uLMO786KPpxfg8fHFeHJisSYE9PE5+Pr8QvxwYwW+v7oQX58Rfakbi1s7R+HhviJ8e3m+qF+M58dn4uj6gQx4D68ZxqpfNwzHNozAsY3D+TfjyLohOLx2IOrXDsEx8bshAWBJkiRJkiRJkiRJkiRJkiRJkiRJkiT9n8vR0hjmhm24jPB2QpSvC4JdbeHnYAlPGznn/XVW6CDMXYmEQFskBKgQ7WXBYDbRz+G/AGACvw1ljDjnSwBMuXwJ/Dbkmc2LckUWhX72t+TwyeSgTfaj65SI9TAX+7YIdbaEj7URhxymnMF031RxP3Iguynacy5No3bN4e1oiSAPW7jbmEIt14etqT6cFGZwMNGGr42MHbiuCl04mrZjd6+HhR787UzhqdJn57CnygAuFmLb2pShr41JeziZG8NdZcZ15BaO8aYw0wrOz0swlkIbE5il3LoNJYVApjy4BDsJEodQDl03K4S7WSDO1waZka7IiXNHhyhnRPsq4GFrAh97GQIoJLWDGZzlreFu3kbMgZxheIKHCYdT5va8lQzQCZRTjl4CwORepjmjPMjkzKRcxp6W+giwl8PP1gyBNiYIdTDlHMPk2KW8v1nBNkgW8xulNoKfVRuEOehrxiLmn5Tgacm5linUNjl/g+2NRRvG7PqkPuRFOSEnzB4dAi2R7itnCEwu4AY3MMHejsG26BzphLwwNW+TO5jmiMYR40ZwnNpSiGcv1pGoJwBMIYV7Jnujbi3lAJ7BDuDLNSWsKzsm/Vt96Q4+Xz0B56rG42xlMc5UjNOofDROlxXg1LZROLF1BI5vGY5jm4d9Vv0nEfglEQQ+XjqSgTCJHMDnRTuXRNuXqifi6u6pDKcv1U7FjX2z0T1e4zDMDSWwq0BesIIBcOcwC3QKEuMKtmAInB2oRAc/M3QMUjL8zY+wRJcoFbt/ybk7NN0VIzLdUNTJFyOz3FGYR05gLwzv4MoQuF+CLYPfLmFydv92CjZFlq8+8ihkc7CM2yEQ3C3CgsEvidrtG2uBwZ/gb584K/RNFO1EmYvnZIqcEBky/M04129moPwzACYXMMHfZE8TJLoafwbABH/dLbThadGeneD0jwD0DwoxDoYIt9NGmKsukqO8sX3NSlQsHovNk6PZAbx+fAID4IXDwjF3IMHfAEzu6YuJXX0wIccdxV38MLaHxoG7YJAXVhUEYp24ZniuM3w97eHtbgtP8R0I9rHlUM9xYc6ICRRrONwRHWJ9kZscjJQID0SI42Fe1pwLmMJB0zYB4KhPADjB3wZd42zRJ9ECQ8WcjM7wwLg8XwxPdxTza43B6Q4YkOaI3smOCLNvCycDLVjot4GlfuvPUum1hJ1RW3hZGfG3qb9fe8zt7otlIxKweXpX7F49AntWDcehNSPYHXh462jsXzcEJzcX4FJFMW7vnIJbuyaLtT0et/dNwd3DM3D/yBw8PLoQj48sxdOjK/Hm9Fp8fW6dKMX2pVV4dWEF3l5bj/c3twiV4pu7lfjxEbl9d+G7hzvx09M6/P35Pvz6Yi9D35+fiLpHNfjhQRX+9XI//v6UIPAehsP/eHMEv748iJ9fHmJ373dPDrK+fXyAyx+eHcZPL+rx86tj+OX1cfzy6iR+e3uG9ftX5OC9otHHS+zOJQfuP9+dxz/fn/0EaTWg9p/vT+NfH86Icy8C34lzRfmvby7gnx/Pfy7/8YFg8lk+j84nNVzbcP2vX5/Gb+9Psf7x7gR+//q46PdhDkf947M9eHdAvP+rumDflFjUTY7F/G4uyHBpzVEO4n3s4eemgo+LCh5qCzhay2EtN4XSyAAmenowbK+L5tpCbdqjcYs20GrSHFqNm7AaNWmMxk1puym0GmnUqDEdbwGtlm3QwtAEuhYq6IUnwiI1F6r0LrDP7Aq75GyY+IdA39kJ7W2sYNiuDefTb91YC60aaUS/WSTabirK/06NGjUS9/yLmnxSU5LWH2om1FyolVAb0ee2zSAzaA1nGzP4qMV7Kn5TesY5Y3iaK0alqDExyxkrRsSgcnoeu1hv183Cq9Or+B8Qnp1cheenVuPN+XV4fW4t3pxdI7SKncJfn1uDdxc0on9SeHdxHT5cFOvzoli3dM7pZax3Z5bjzanl+OrMSq6nskGvyU18dBGenZiPF6cW4uXpRVw+OUaO3Fm4d3A66+7eSbi7byr/w8TDQzNx/9As3D0wAzf2Tse1uqm4e2gu7hycg5v7ZojzZ/I/VTw6MgPfXF2Fn26vx4831uKrs4vwtH4mXp6aj++ur8Ev97fgx9ub8P7yKjwVY30uxvji7Gq8PLuC6368tQ7f31glxrcAD/dOxr3dE/BIrLPvryzF99fp/VzMTt9TWwpxfOMY1K8T77oQhX8+tHow6pb0wZ5lfcQ3YBDq1w4SczsEWp22v4ckSZIkSZIkSZIkSZIkSZIkSZIkSZIk/V/KxVoGpUEbhsDuYpvCQBP0dLMyhqulEbtgKY9tuIc5EoPsEO9PINSSc4Mm+KqR4m+P1ABNSRD4S5ETmJy6BBWpJHhJIJjCQlNdx3AnpARYMfylENAURpnCJxP8jXKVMwh2UxjDx9qEQxtTbuFYPxVCxLajmR7MWjZF+xZNodu6MaxMdWBnrge1uT6crEwZAJvr6sBNqcegJtxVBW+VIYNfysVLIsesl5CTeXvYmLaByrgN3GzlCPJQw9vBGu72lnBVGrBjONBRjgh3S0S4KjV5jT3Jpazk/LkEQjMCxPj8lMgMsmLHLoVtTvc3F/cxQLibuEbMWVKQqI92Qm6cCzIj1UgOsoCXvRzeahn8HZXwsTWGi1KbQ+025Eqm9lN9FRwCmpzGNIfRbjIOWe2norzAbZDoI0O0uyk8la3gatYKnjRGlQm8LIzhT2GcnWUcrjdJzDPl6aV8vcliDBH2pgz3KPduXoQDckLVyAqyRaqPOKY2RKSDEYNfciVTCG8CfgSPc8PtPjl+rZAbKp6jKBtE9Rl+5hwGmtzAuaH2XBIA5rDZgSoxBiuGv+QCzgjRhICmOQ11NhZrQo0dK0Zy/t6rO4pxrXYy6+pOAr4lDGIvVo3Hhcpi1rmqYpytJNg7Fqe3F+Fk2RgcLy3Asa3k6BX6AvaSCAATCD5ZOlIjgsMEickRXFnEIaApFDSFhObw0NXFuCrKm3XTuB/sKt41BRdFf85WTUT3eBvkhMnFvJgyBKa8uZ1CKCevmJsgJQNgEgHgTH/ZZwDcNdoaPePtOYQzQVsK3Uywd3zXQHYBj8n1REFHdwzLcGFncJ84a4a/pAYXcF6QCXICTBj+kou4wQ3cAINpv3e0OQYm2jAA5lDS8dacL7iDvxEyA8R8h5izC5gAsEYKdAiQf3YAEwCOdjbkENAEgMkp72GujQhnE2SI5xrnYYZIcSxY1RpBju0RG+KKzUuXYNvCQqwvicKmkuTPDmACwHMGBGNaHz9M7OaFcZ08UJzpxhB2TCcvTO7phTl9nbFimDeWjgpH7zQbODko4Cne3SB/B0SHOSM8wA4BHgoEuJoizEe8F1GeyE4O4pLgcAz9Q0qcL9fFh7kiUHwzIgLEdV6O4n1zQK6Y97xwcl0r0CtCE3abYDnNVRcxh1mB5IxWMBjvleiMXmmu6CbO6RJrg17iGQ0S/R3ZyRcTeoVi+qBYTM1zwPYpmdi1sCdq5vdG1YLeqJ7bE3sX9caRpf1wYN1gHNs0Asc3DMelbUW4I9bN9WqxvqrG4fa+aQyz7h2YjSdHFuP50VV4eXwN3p3dgI8X1zMoe3JyvgYQH5+PJ6eW4OGxRXh4chmenVvL4Or11Y34+uZWfHOnHN/eLcOP97bjl4eV+PVxNeunu5X49sY2fHurDD88qMH3Qu/vVOL9vWp8/6yOge/3Tw8x/KXyx"
11898 [Forwarding screenshot on session b1310904-d161-49ca-a1a6-530fba7baea8 to remote] DEBUG org.apache.http.wire  - http-outgoing-47 << "+dHPsPfv7/RuID/+fUZ/OOr0yx8vAB8OM/b/3p3VpRnxXFyBJ9hB/Gvr8W1L+vZOUyAGd+I80kEfN8R6KUwz+dZmu2TGn1DYaLJPXyCHb6/vT2Cv78+hL9TKOl3R//QV1R/EL+82Ie/PdsD3FuLny/Mw9sD4/BoxyjUzszEwDgrBCmbQtVKC6ZttGDYUgs6zbXQrqkWWjdrhOZCTZtqAG+rJi3QsnFzNG/UjNW0cTM0btxUA14J2IrrWonr2jTRQltxTeumzdGmlTb0DM2gsLKFoX8qrGK6QBXfDerk3nBI6A6lfxJkLsEwsvWEnokJWrVvj0YtWkCraVNoNSGo3PgPNRNikPtJtE9qLs4jNfqLmlAbf6hpo5ZootUCTbWaCzVDM6FWYr9No1Zo17g1mmo3h45RW+jpNIFSvxGC7NsjxV0fnf2NMUZ8V8ZnO2Lp4AjsmN0NF8sn4NXJ1Xh3YRPent2I1+c24snxFXh8bDmeHiOX7wqGwO/Or8X7C+sYANM/Kbw9s4r1+vRyvDi2GM/q5+PVsYV4e3IJn0twmKDx61MrRPvLuXx+TKzlg/Nwo65EvAPTGPo2gF+CuFR3/9AMPD06n/Xk6EI8O74YT0Wbz8V9Xp5dyaHRn5xcya55ds+fXMrnvTy1DD/fKcVvD8rw891NDINfn16Mt+eX4W93S/GvFzvx25MafHtzC15fLsPba2X46uo2fH1lE+fR/uVRGX59WMogmMbw6th8fHVqIf5+dzN+f1CKH65txs1dM3Bj52zxHk/B+e0luFAxSfwuleD0trE4vG44jm4cgXPbx+HE5qEsCQBLkiRJkiRJkiRJkiRJkiRJkiRJkiTp/1xqpQmU+u2g0G/NrleSWqbDrtRIb3v4O1pwuOQobyt2AMf6WjCIJSdsSqAzO4DTAh3+CwSmOjpGeX8J+sZ7KrnMiXD+DIIpBDSBX4LAFAY6TdSRC5jy2xIAJvDoZ2MOb5Upgp3F/cJdECfapXDPbbS00L5pY9ibm0Fh0A7mxm05jLWjpSF8HSzhYimDypDC1RogwpWAtZLz+5IC7IxEuwbsZPR1MIOjUhu2Zm1hrt+CQbizygyu1ko4Wys4Fy45aiPdVeziJfBN4a8JWEZ5KNlRmxPhgNxIx89gM0WMicoQex04KVrDx46gsx58bNsj2lOGDqG2SPSVI9JFH552pnCy0IOrlR7cLXXhaaWjaTfYQcyjikM2kxI8zESbSgax5OYNshPjcpYjI0CJjqEaqEphpyk0dJSL6KdajiBbGYKs9JEo2iOHLzmAqW8EkqNd5Ai1N0OsqzHDZQK7Gf4qdAiwRrqfaMvJBLEuZvzc6Hl1iXZFJzFGcvnmR9gx+O0cYYPucQ7IC6ccwOasrEALUEjoVG/KuyljIJzuSyGFzRmSExTvKK7PDrcVz1cXceIcCgFN80k5gGk+KQT0ldppDIC/BL7kxD23fSzOlhdxXt7T2zSwl3Ri22gWAeBT5YUsAsLkAG4QhXymENAUCrohD/AFzlmkXwAA//RJREFUUf53urpjwh9hpEU/zlePZwB8tW4azog+dU8koC6eaSCF6lYwPMwNsUB+qCXygs15jnJDLD8DYBKd81cATCGbCfY2AGBy/xIAJihMIaAp/HPnUArzLAflAG7IA5zla8guYGqDHL8EMskR3OAG7hWlRL84K84dTOCYICflKU73NRLPxPgz/CUXsEYaCEzPkpzdBIBpjZDj18dGnwEwvTcNAJggPgHgIOvWCHQS9QHOWLtoAbYtLMKa8eFYXRSDlWOisHREBBYMDcPs/kGY2tsXE7p6YmyeOwrFmMdke2J0niem9PTCwv4eWD0yCLMGhaFrqjNsVMawohzk7uKbEOKCiEA1QsT6jAmxQ2yQLUK8bZEU6cVKCPdASrQPOiQEIj3On4/5i3UV7u+ESB8XpAS5IFOs1XR/Q2T5mSBHvAcdKSQ3hb32M2Ngn81jN2UQXNwjGCtHRWHR4GDMHxCA5cNCsaEoDlsmJGD7pBRUT8vAjtlZqJmdjU0TU7FlUiYqZnRG+ZSOqJ6RgwOLuqFmficcWNEXdfO74tDiXji9YRgOif1acWzfyv44vYVyh47C+W3FuFI5BTerp+PJAQqXuwQvDmtyk97YNRE3d5cwMKZ/RLi9dybuH16Ih/WL8eDkIjw9vRSvzq3EVxdW4uvzK/Hu/HJ8OKfRy+OinWOLOTTvmwtr8Pz8Kjw8vRzPyK1JwPjZfvzwdB++f7IX3z3eg28f1eHjg12sD/dr8e3dWvz4cA/rl6cHgLfHga9OaMqvT2r07pTQcfzrbT1+e3kAvzzbi5+f7hHarXEdvz7EYampjpzK/3xzWJx7hM/959u9rH+82YPfX9fht1e78evLXfj7i1r88nwnfn4lthv0sk7U72b9+lyjf7ypwu8vxTjurMZPd1bim6vLcatuCvYsG4IVRVkYkRMuvlEe/B3ztGwHa4OmMNPWgm5rLbRppoUWBH61mjI8bSzELl92AjcDO38ba4lSSPzeNG7UHE0at0aTFnporWcOPaUDdByDYOIZA0P3GMj9kqEKToHSPQymdh4wUNrDUN8E7drooHnTVmjWpCWraeMWLKpr0qQJi4GzuMdf1VSrCauZ6COJ+kpqxnVNPvWzsTiXpIVGQk2Emn9yGzcSat5EC62basGknRbcLZoj1k0H3WOtUNIzEGsLkrBrXk+c3zoWd3bPwePDS/Do8DI8OLIMz0+tZfj76Ogydqc/FuvtCYHW+kV4cmQhHh2aj7t7Z+H+/jl4eGAuHuyfjfv7ZuHxgVl4UT8fb04sxovjS1l0zQM6R4iuJdH2nf3TNf8EcXAmi7Z5ne+Zguu7J4n7zv8cbpry9XK+YVH34IhoT+jG3vm4uW8BbuwTbYn35jb9M8XRhfju+maxHrbi26tr8fbsUjypn4Mnx+bj49V1/A8SP9zZhtf0LpzcgCdnNuLpmfV4fmYNvrq0Dt/f3iKu3Yxvr63Ga/Eevjy6AK9OLsTfbm3AL3e24JvLG3Ftx3RcqZqBsxWTcWb7JJwT7+6lHdPEfgmObi7kXPGU95vSDZAkACxJkiRJkiRJkiRJkiRJkiRJkiRJkqT/cyn0tGFh2B62MkPYy/RhYdASFnrN4EyuVxclu4DtjFtzCOikYHskBlpzKFXKE0sOYIK8BHwbQj5Hi3oqKQw0AeEG2Evgkhy/nWM9OBQ0geHsMEdkhNiiQ6gdlwR/E8V5iT4qzgEc7aZAnI8TAh0s4OeggJ+TEnYKXei3boS2zbTQrlkTdjC7qcwQ7K5CgOivs4UO7M3asUPYw9KM899GuVshxFEutg01uWwdjRHkYAQfax0OAU0KcTGHl62pGHsLmLRpDJl2M1gbt4eTaWuGxgm+9pxn19/eCDHeKsT6WHNI5zgfCyQFWCMtxJ63ycUa6S5DuKspPCxai/60R6CTKbt6nWUtEGirK+ZE9TkccpSXNd/fS6XLUJry7Grc0irOAUzuYnIAk0s3wUvMh4eCQzF7W7Tj0MxpPgoNbCUXtafYFnOYLPoW7mDGoZ8j7AyQ4WvF7ltya5Iojy9dG2BnihB7XRbnK3YwRJSLKTuGg2z0RRsm7AYmZ3DXaBeGuB38FOgR64TuMWp0CVehR7yjOG6JDH8ZA0NyAWcHUWhoJQNggsFUUh8J/pKjOTPUGjmRYj6ddBHpaoT0YBskijUVLfpP/atZPgLnq0pwfvtonNlW8N+KnLukMxWFLHLxnqNcv9XjNG7ef6MG+Etg999B3y91vXYCru+eyOeTE5jCjlK40VsHZ+HCjhL0SlGjY5gSGQ0AONSCATCFfSbnL81TAwCm/L8UBjo7SPY5BDQBWwK1lAN4aLozh4Au6OiJsfk+nAeY8gETAGZ4+yn8c/dIcxZtZ/oYsAuY2iEATE7gBvjbO9YGAxPsMCDeloExw+EQOXKD5OI5UdhqyjNtJJ6xMdL9TBn8dhR95zDQAeYc3jvBxQhxFLLb2YRzAH8ZAjrJx1w8P2PEUP5otS6CncV75KPGijlzsHVhIZYXhWJVYTRWjI7EkuHhmDsoGNN6+WJ8FzeMyXHCyA4OGJ7qwOMeke2K8Z1dMLObM"
11898 [Forwarding screenshot on session b1310904-d161-49ca-a1a6-530fba7baea8 to remote] DEBUG org.apache.http.wire  - http-outgoing-47 << "2b39kPvFBfEBKoRHOwNGytT2NmYwsvNGqH+akQFOyIpyh0R4tsS6mePhEhPxIW7IybUlcv4CA/e9hbfg0AvS4T7kgPYBQl+TpxzmgBYkocxUsS7lOZtwms6wdUAya6GSHLRQ4JzO3GsDcb38MWm0UnYMCoeG0fGY9OoBGwZFccqHR2H7UWJ2D23A+rmZaNqageUTcpA5bQcoWzUzOyIvYvyUbdQaEEnVExOR+2Mjqhf1he18zpjy5RMVMzJR83sHJRPFdvTcrFjZmfRXnecWTcUNyvH4HrFSNzbWYyrZaNwuXwUblYX4+aOiRxG+uHe2QzdCJpReNyn9XM4r+rLQzPxaOdE3BPvwl3xXjzZNQVPxJp9JtYrOTMf1c/F3SNz8fDUYry6shYfbpXj4+3tLNp+d2Mbvr5eyqJtgmRfX16H91c34Pvbpfj96Q7g5W6N3uwV2qfR6z3414td+O1JFX5+UI6f7m/Fj/e24JeH5Ejejp/ubcN3tzbjx7ul+PVx5efzfn1Shl8elYrzN+OHuxvx/Z0N4rpN+PnhVvz98Tb8+HgLfnywCd/f24hv76zHt7c24Jsb4rybok7o9a2NeC+Ovb6+XPR5Gb6+uhSvTs9nYEcu1Af7FuBm7RxcqJiK+o3FqFk6Eqsm98DkwSkY2S0C3dN9kRvvhqQQa4SIb4+3WMfOVm1hLW8Gc+PG0DVohPY6WmjfTgvabbXQqlUjNGvRGM3atEBL/XbQslWhkdoeWta2aOzoDG0vb7R2ckQzKyW0THTRtnlLNNdqjH8X3rmZVqNPpUZfHmvRqBFaskOYXMGN0KiJFsNoAroscQ6paVMtNG+uhTaib/q6jSE3bQlbS2042enDzdEQ0eK3NDnIHp0TPTGiSySmDE3B4uIslM7vhQObCnBq0xhcq56Ce/vmi3VEUHUZbh9YhBsHFuJu/XJ2Ab86uwGvTq3BixOr8Oz4MnarPzy4gMHvrd3TcaduBuv27mm4UzsVd3dPwaO9M8SaIzCs0b29M/k46e6eGaw7ddPx9Mg8cXyWOD4d98V39dFBWtezNGHSq8T3t3o8r/mbtZNEnfj21k7B1ZpJuFQ5AefLx6G+tBgnyybiRFkxzog6SgFA3+d3l1Yz7P363BLOL3xnz2QOJf3mzBJ8J9bP+8trOO/vzQNLcfvQctw5uBj3Di3gXMYfL69l1zBdSzD7wf6ZYswz8c3llZ+A8kqcLZuAk1uKcVSofvM4Lo9tLcbhjYWoWzWEtX/dCNSt7I/dK/pJAFiSJEmSJEmSJEmSJEmSJEmSJEmSJEn/9zI30IPKxEBID5YGbWFp2ApOSl3OSRvla8sOYAqBHOqmQIyvFSI8ZIhwV7ADONLNiuFvnKfVZ/BLiqIwyaIkKEzgl/L9Utkp2g09knwZ/GaGqLkk+EsAMDVQxQA4SZxL+WwJAFMZ7W0DP3sZrAzawKBVExi2aQXDdq2h164V9Nq3hKOZDtSmbRHoKEO0lxWCHE3hZt4ejsZt4a4wQJCtCfcvUvSXHLPkLKb8uQRBCWqFOpsiwN4AIc4ydvgGOyvhYWXIeT4JfvtZGbAi3SwZJnup9DkUdJg4N9JThTDRtp+jGcvbnsJJa8PdWh++DqIfKj0OL035F+l8dg+LcaX6WCFFlPnhTsiKdEWIkwn3h0IsU4jknBA7dAy2Rq6YFworTXmAKZ9wnJh7Cp9NIaD9rXUZ8MY5GSPexRRp3hYMegnWkuhcCvscozbm+nRyAIt24kU75BKmsQTaUZ5gPQbhVPqKfhMkp9LDXAfBDjKkivtlBqhEf2zZDZriaYLukXboHmXLYY47R9lwGGGChwSCO4XbsjtYAxDJ+atgkEjhhLOCLZHurxBrRmyH0fOWswOY3N8EgP3tdNElzg3b5g/AqbJxOFs2CufKx3zW+e2FrAsVRZ9F4Zr/qi8BLsFeEoFfcv42qAEGEyRuOJeu/Rz6WejKrhLOQ0xhSi/VjMU1sX99zxRxTgku7JyIU+L+vVOcGAB3CDJDboQV8sKtkEvhn0Ms0THInB3AmWKcpJxgc3aYcpjocAvkhWnCNhO4pRDQBHoJAI/N98PE7oEY11kDgyn/L8FfcgA35AFugMEEf3MDTT+HgW4AwJz/N94Og5PUnwCwSnMszAJdRT/JgdwtRqwvXxOGv1lBmudHbm4qCebTM4t3NmQATK5z+ucHD8v2HAKacgJHuRgjWK3LTnEKEx3kIta9qzXmT52CDXNGYt4wHywviMCSEaGYNzAQ03r7YEJngr8OGJlpj+Hp9sgPNRbzZYLeSSoMz7DGxE6OmNQ1gNdDgLc7/P28IJcZwcRQG9YWxgjycUBUkCsSo7w43DOBXgLAEYGOCPG14zzBBIVp30+8p4EelgjxchDfL0dEeaoRIcYSbN8KkY66iFKbIMZJl8cYKdZelL0eYuy1keymg0zf9hid54jlQ2OwemQC1oxKxKqh0VgxOBIrh0Zi3YhYbCxIwObCEFSWxKNiYhK2FMWjbGIKqqZnoXRqCjZOisO2SUmonJKKipIU1E7LxuFFvbBrblesn5CKLVOzUT0zE1snJqJ0Yhq2l2QwKD60uAvObeyNU2u74srGITixtAeOLuqGE8v74uiSPji0sCcOLuiFA/N74tjafji2pi/ObxqCO5WFeFg5Fne3DMedTUPxuHQUHpQVsu6JtXqnqhg3xDonZz2t76t7Jn/Ob90QYv1yjVj3oiSnMYWmfnZsBl6dmsN6c2YevrmyDN9eXY6Pl5dy+dOtNfjx5mr8cGMVvrtGx5biw6UFeHdhHr46NwffXVmE768uxgcK03x6Jt6JOtr/4doSfLw4X7SzEO9FSee+Fscb9PbsbK57e34W3pybiVdnZuLlyel4cWKG0Cy8PjGX9c3l1fh4aQWeHSfn53Q8OjIV13eOxfXqItwU7+xDyrO8exKuVo8X3w6KHlCMc5WTcHnnTFzbPUdIfAMqC3Bs8xAcEPO4Z0Vv7FrSC9Xzu6FiTmesntEVKyblY8m4jlhYmI05ozIxZVgaSoYLFWRhXEFvjB3VBwP65WNgv64YPrgHBvfOQ//8JPTsEIku6WHITQpEdrwfMmN9kB7liaRQFySItZsY4ozYAPH7GWiP+CD1ZyWGOHK0i/QodyQmeiI50QupyT7ISgtAfnYYeuXHYnCPFAzvk4Fx3RMwsXcKpg/qgAUFeVhV0h2b5/TH9iVDUL1iGGpXjcHetUXYv76IQeWJ0vGo3zASB9dQaPKRuFw9FTd3z8bt/RRqfJkmJ+6FjXh+cTPeXCvDm/ObWBwS+vRaPD++kgHwo0MLGQI/2D8H9/fNxr29s3CPYHDtVA5zflusIdLjfeKZ7J32WQ/qpoj6CZp/ZhC6tG0M67JYo1fF87km1iOVtH+xdDSulRfghli7t8W5dB21SVD4crn4bpcW4vDWQtRvE9oyGsfE+RQF4lrdZLwVa+Kba2vxzfmleFk/C/frJuLxgWn4cG4pfrq5Ht9eWcP/JPDg8HI8PLICjw4vYVfyV2fEmr65ET/fXIfvLi7H48OzGP6+FGvth5tr8dPtDfhwZa14ZybhzLbxOF42GUdLS1Av5vXI1mIc3FSEvetGoW7NCNa+NSM5J7gEgCVJkiRJkiRJkiRJkiRJkiRJkiRJkvR/LrVSDmtTQ5i1bwXj1o05D663nRmCCYa6mSPCSw1/tRyRXpaID7BBpCflwlUgyt2CQyuT05cAK5UNYZ/J+ZvoY8M5gCn0JomcqwSA+6QFcknhnwkCE/ilHMCkhhDQlPuXICW7gH0s4WGlD50mWjBuI/rm5AxrpRK62q1gb6+Eh4UBHExaM1ztEO6MjDAnhtE+FvrwszKGv7U+w2gCwAR/SaEOhqJOLtrX5PENdzJGgI0GgAapzeCm1IGjaRvEeGnGQW0QGHWVt2O4HOwkZ9euh5UeXFWGUOg2gax9I1gatoCFQXM4W+ojwsce8cGuCHAyh4voC40h1EmBeA8rhJLT10oX3aM8kBPpgghxfwrvzHl4Q2zYkZjsqo80DyMGwA0hoAnqpvip2CVNOYCD7IwQbKGDSFsDJHuYI0mMiZzFdE2EgzbCHLURrTZAurc5u3AJACeL4"
11898 [Forwarding screenshot on session b1310904-d161-49ca-a1a6-530fba7baea8 to remote] DEBUG org.apache.http.wire  - http-outgoing-47 << "9Ge5gi0N0WwozkDc3InEwAPcVbw2PztTOFjbSTGb8vgOM3HHNkBVtyvbD+5BvwK9Yq2ZeDJrleGwbboEqVGXhjl/KVQ0EqGv7RNIDgvwhY5YRTi2wSZoVbomuDMDmAKAd09NVDIHztXT8aZmtkcApoA8LWdEz+LwjFzSOaa8Z/VAHAb4G8DwGV4S/oUvpnU4PxtcP+S6PwG/TuATAD41t7JDIA1DuDJol60uXsyq2eqBgBnhSjRKcqagThD1GALZAUoWCmeRsjwNUMeAXIxTwR/O0dS/mQlh4BugLUEeou7BGBSz1BM6R3KDuARmW4c/pny/TYAYCobthuALwFggslUUghoqicHcJ9oK/SM0IBmUgMAJvdx5whr8dwsWfQcO4n9vwLgWEd9DgH9JQB2V7aDn0qbneO+KvGeOJsi0tkQ/o46cFUrMG3cWKycMgRT+zpjzgBfzOzrhak9PDChiyvG5jqhMNdRyBlFuW4Y09UTIzp7YHyfIEzq5YdZfcX4e0SKdSneezdvWFmaQ19PB/rt20Jhogc/dzUCPOw41HRciAc7jmk70NMWfm4q+Ltbi+M2XO/ragU/VyUC3e0Q7KJGpIc9O/T9VM0RKPodIN7zMNs2iFTrIVm8O93Fd2lUdgjmDE7EzIHhmD8iApN6e2JafzGGAX6Y2scD0/t4Yv6QQCwtCMXygjBUTYxC2dhwbB0dgdIxMdhWnIQtBHSnJ2PHshzUr+iGcxsG4sKGQTiyqBsD4L0Le2Lr1CxsnZmL2rlZDIirpqZzSOkqsb13XhaOrcjFvvkpODpHnDMxBTXFidhdko4dE9OxvTAZW0YlYMOwGGwqisb6gnCUFcVi34xsHJ+bhxMzc3Bhfj7urOyLW2sH4+qqATi/og9OLe+N46v6oH51P+xb0Qu7lnbDvuU9cVDUHV7TD4dW98V+UU/7xzcOxjn6B4zS3rhcMQDXqgfj9q4ReHq4GC+PlbDenpqKF/UleF4/Ac+OjGc9ry8W5Tg8PjgaD/ePwquj41hPxf693UPxYM9wvDhShJf1Y/FYHH+4n87T6P7eUbhbNwI3dw7B1aoB4r79cHPXYNbtuuG4u6cAD/YW4snBCXh5eApeHZmK9+Ld/O7ITLzYMwH3dhThakUBTm8chHObh+NKeRHOVwwXGokzZcNxTIzpwOqBDD9PbBnDeVtPiu/H8cqxOFZeiBMVlE98Cs5Xim/P9ik4U0rv/Ux2D58vE9vl03G5ciYuVs/ChV1zcXnfQlzftxhX9y3B8YrZOFoxB+dqF+HCzgXiWzEP13fMwrHKCajfXsyi7aMV43G4bCyLto+WF7Pqy8bh0NZC7N9UgH0bR+HA5tG8T/UEOQ+sH4l9q4fhwKphOLJ2JE5sGIPTm8fixJpiHF83DifWj8XJzUU4VSrE4e81kRGOb6OQ+EWo30DjH45rog/XxH2vlI4R8zWJQydTHt2XFzfg5YVNeHFxE8Pf1zfK8d3j3Xh/ZRs+XC3Dx8vb8PX5jewEflq/BI8PL2IIzOBX6MEegqwzGALfrZ2MWzUTcaNqPG5UjGHdEd/RB7sm4u4O8U3dNhIXNg/FxS3DcGixWJdrhuKSeB4XxZhPrx2GE6sG4+z6Ebgsxn2tdASubhMqHcm6tJWuHY4zG4dyOPX9G0fgwKaRqFs7CHvWDBDqh1PbR+HxiTl4cXYhvhblwzrRj0qxtnaNw9sT8/DtpeV4d2Yxnh0m9/wS1j0xD+Sop5y/P11dgx+vrMDHM+RynoIHB6byPxh8f2MV5wV+f3kVLlSO57k+vHk8Dm0qxsGN4xj+Ht6icSWTDm8Rz1nUH1hXCK0u2z9AkiRJkiRJkiRJkiRJkiRJkiRJkiRJkv4vZdK+NVRm+vBysISrlSmsjVoh3MsaER5WCHKSI8zFAt7WBohwkyPRX4UEbwsO0ZzgZYsED1skeauQHqRGhxBHpAbYIN7XUpxniaQgFVJCbDjfbFYohXy2QadoF/RM9kF2mJrdrlSX5m/HYaI7x7oiL8oJqYGiPtgeCb62CCM3roMClsbtINNuDidzU3io5HCW63GfKCRtsIsMnlYm8LCQI8HfnXMVh7iawNfOGC4KQ3hb6XP4Z3IlE1SOdjVDpLMJuxcpTy+FHA52NGS45S/GG+RqDgfTVgx8qW9xPkoOdxvjJkO8hwVDVw9LXXjYGMLFxgB2RtqwM2gHF9EnJzMd+FmbimtNEOuumaMIcV8K7Ux5gym3L4WfDlSL+bZqy/OZEWwl5s2cc+KmBVrwdo9kD6T4K3mbXLIJHkZIEf1M85IjS1xDkDfUUQ/hrsbsaAxzMUK0uyliPWUclrdDsGgrQIUwB31EOMoQ527OsI7u1TXBVYzFhPdpHijna6qvOEe0TU5kguB+Kh3OAUzO4WzxHDU5fc0YCtL5FCKYcv8S7Owcaf8Z+uaEqDg/MIn2qaTryc1MYLtjqA3yIuwR427EY+0U44jMYCUiqP/etuiUHIWbJ/fiwt41OFM9laFrA9T9K6htALQN0PZ/0pdQ939zXcM9r+6exECZ6qjUgOBi9EvxZGCaTeA10pzVJYZAsC3PV5KHjJ3Q7LANkaFTuFzMlyW6RaoYopMzlyAwwdphGW4ozPNhBzDlAB6T64nhHdzRJ86WRWGdCe5SSSJwTNf3Evcj4Esl7VN9vwR7dhX3T1QzXO4m6ij0c1agGTuR88NV6BShAuV0Jsc2g2DRBsF8cnOneiuRKNZ8tLM+u3z97DSh0h0UYq0r28PX1ohzaXuJdyzYUh9RlAfYRl+8dybonROHcb2TObfvnJ4emCU0u58f5g8LwcLhEZg/NAwLBodi8eAwzBgQgul9/TGjjz9m9QvEolFxmFuQhDE9wzCkSxD6dwrH0O6xGN4zHsN6xGFKQSeM7peCId1iMKJXAnrlxqJrZgQ6pYWgQ6wvEkJchNyQGOqOmAAnJAR5IszDDmHiXQwW728Ivf/iXUkX36i+iZ6Y2itQ9CcSy8fEYfnoaCwaHob5g0Iwt38oZvcNxfR+EQzjS3oEYVLPYEwVdbMGRWHesBgsGBGH1QVx2DQuBWtEuW5UDDaPSUBpUQLqpnXEkfndcH1hDq7Pzsb1WR1xdlYODi7IR828PJROSkfVlI6onZWFsklpKJ+SjaoZnVExtSP2zM3BsSVCC9NwbH4HVE+IwfYJ8dg2IRFbixNRNj4Z5aKsKUnBtpIOqCpJxZG5mTi/JAunZyXiyMQYHC1JxompYn9KOk5OFZqRjqNzMrB3Vgaqp6Vj+7QsVMzKR8X0bOyYlYfd8/KxZ2E+Di/thqMru+Po8m44tDgP9UtzxHYO6pdl4fy6fNyv6Y8Xe4fiWd1Aof54VDuI6+5V9+PyTk0/3KzsjRtVvXGrpi/u7RqIx3uG4l5lX1zf2Bk3N3fF/fLeuFvRh695VN0XD8T5t0q74trWzrixrSuubM3H5S2dcKuiB65V9MTlsm64Ut4dNyr7sK5X9MWdHYPw7MBovN03Bk+qhuL+pj54sK4X7q3qidui77dW9sD9dX1xbVN/XN08EJeFzm8cgBPr+uHomr44un4gA+H6tYNwZM1AHF03GKdLR+NCxTiGexerJuByTQnncb1YVYJLlSW4Ir5J13bOwOVdM3CudgZO7JiKo2VzcK5uFc7sWYODVYuwb/tcHKqcjeM75uD87rk4UTsdZ8Q154Uu7RBl1WScrpgorhuHQ+J+x8rH4mT5ONbxbUU4tmUM548lpzLdlyMhVEzAucqJOLN9ojhehIPrCAaPwN5Vw3F4w0iuIx3ZOFqoUGyPQ/3Gsdi/ehT2rB7K8PjQ+lHs/D2xaTTOl43FpQpy0Rbj2vYJeHFqPV5cqcSrK2V4Rc7fy6X49lE9vn9zCx/u78c3d/fgw41qfLi0DW/PrMPLE8vw/PhiPD+5SJTz8ezoXHbKPj4wQ+P4rZuC+zsm4i6Fb64ci6tlo3F1eyHu7JzIulQ+GqfI2b5+EM5sImA/inV2M22LPv7/2PsLKDmyPM/zrd3zznu9s7Mz3ds93dXd08VVWSmGAAWIpZAUIQgFMzMzMzMzoxSMYmamFDNzQlUWNczu/N6919wjPDzMQxGpVFal5u/nfI6Zm"
11898 [Forwarding screenshot on session b1310904-d161-49ca-a1a6-530fba7baea8 to remote] DEBUG org.apache.http.wire  - http-outgoing-47 << "7sbuHukqv3b16yJPxaEk62hON0ejrPtEezzi8RFdnzn2XGcZU41S6/Z2xiJPQ0R2FEVIt6PvXVB4nrvT08W4svL5fj8TAke7mf7sysJN3Yksf0vweuzZXhzrgKPjuTh7v5i3N5Xheu7a3F1VynuHs7Dq7P5eHsmFy8PZ+FaTxjO90TgKnvt29OF+O3pXLw+xD73xhD0loeivzwEw9URwmh9NLpKAjBYG4GhukgxHa2SUAAmhBBCCCGEEEIIIYR8537893+Df/gv/z/85O//L/zqH/8av/zH/1ME4OXzfyyuXctHgs7+p/8EvU/+Vlzblo8E5CN0jRb8DEbzfiauF8uDsKnBr0UA5lGTB2ATg58JPPTarp6DTbo/Eack3mrwCxF+eaTk+PVq+Uhg+7VzYb16FixWfIJ1i/5FxCWjxb/A3F/+ED/74X/Bz//+v0Drk59C+1c/HgvAfOTqykU/ZtMf49N/+FvM+ee/xdwf/Z9Yo/0jbND7FDq/5Keq/rE4fTM//fOK2T8Up0/mMddowT/CWOu/Yy0f3ciOa8X8fxEBmI985qd55iOczQ1nwXgJvxYxO0YevrV+JkYDz//Rf4H2r38I3Xn/wt6jfxBRyVj/52ybP8HmpT/HWq0fYp3W32PV/L8Rx8FHJ2/S/1S8h4t+8p+l7c37oYjlm/gpkg35dY/5iOcfws9SHznhNnBYx6+t/C8iAFsY/gQ2hux90/kRrPR/IU4TzQOwzi/+M5bN+Tss+dV/wSb2nlutmgUT3R+LwO64bgHWLfwnEYBXsPeJjzA254GWrXcLe67ez/+zdH3mJf8kTsvMR2Jv0P25CNbLZ/2DOK0vP620JfsMLfR/Kkbw8sDLR/ryUaL82r8Oq38h4q/z2lkiIvLr/ypDMB/1y++L8KsIwDz+uhkvEHGbx2jrVZ+IAMz33XTFQtiarMLZ/QM4u7MO54ZzcGlICrWq8Zfjy2YacpXPn+nrlNvUFIA9TRZI18w1/KexAOy87pdwWfep4lrIPxERnAdW+5U/guPqH7H362djAZiHXB5teagNMZuHcMuFYtRvuOV8RNksQoSVluL6wPNF0OVhl9/32zhLvIbf5/g6eCTmIVkZgPlzxh43+gUclv+YfRbSqag5HqX5dZ3F9Zv1/1kcg4UB+xtl34lN7G+Vn1qcnyrZ4JP/yv7e/hrzf/xf8csf/hV+/cP/Q4yE59cCXjn3v8F4wX8TI5o9TRfCzUIPqVE2KIwzQ56/IerDV6EqZLm4BnB55GqURawSEbgshC0PXYPyKGM0JG5Bd469OO3urtpA7G2LxY6WROztzsbZwQIc7kzDkW3pONCWjEMdqeKUtnubE7CjLhp9VYHoKPJEc64LGrKcUZ/phJY8T7Tme6EmzRF1qW6oTHJAebIdimK2oCx+C1oyLLE92waD+fbozXfDQLE7Bktc0V/ogJ48W3Rn26IzzQbNCRbYxvZte5IpulNNxXV+B7IsGXMxYrcnbQuGkjZgf64F9mWb4mCOGQ5lb8Ge5PXYl7YBB9OMcSLdBMcT1uNo7DrsilknThXdmrIJ9dHr0MH2pTNxA+oiVqM+agOaYregOXYjBjK34mCJJQ4Xb9EYgLfHG4sAzK853J28CTszNuJo/iYcy1qPQynrRAA+nGqGI0kbcYht83D6JhzI2YId2ZvZvrPjUQTggTw77GLHvq/CHXsrXLC/3FmMWj5R74nTTV443+qJ820eONPsjM86PfBoRzBe7A3D012BeLLTD493hoxFYB5/r/Z44NI2F5zvdMKFbc5SBB7yw/Xt7rhQb4NLjXa43u6Ca9vccK3LHbe73XFzuysut9jhXJO1cLLeHCfqzHCuxQZn2x1wvNEKR+stcLbNEZe2u+FKtxeu9fni9nAQHg+F4EFvAG40uuFcoQVOs8/gYhHbTpkDLpba40KJA86VOOFsqRPOVbJ9qPHB2VpfnKzywbFyT+xn83uqvLC70hN7a/1wsDFIjJY92haBE51SjOWjhXk4FSNsO+JxpDMO+9rZd5QtO9iVL/57dXp3Iw4NVWJfXzH29ebhYG82jg5k4eSOXJxm/y07M5iFM73pIuIe70rEET7qtysWh7fHilMY8/h7ojtBXPtcGZ3PKsLvSfZcvh/K0HuoNRr7m6Kwpz6czUeyaagYHcwj74HmaOxrjMT+xmgcbo1n60zCqd4UcdrrM93sv4Ps/uV+9t+vgVR8xrZxYyAdb8534qu7u/G7R7vxpwc78G9sii8v43/+6Rn+5xdn8D9fncS/P9qHP94YxOfnWkUAfnS4RFxP+t7+HNzbl427e7Nwf08WHu7JxqPdbLojA/dH0kQMvj2UjNsjqXi0N0e4MZyMi93ROL89Ehe2x+MMe395CD7RHIajDcE4XO+PozzITyMAH25nn0cHey9b4th7lCA+K36mhxdnSvDVlYp3BuBbewpwc08Fru6sFgH43pF89n4U4svzBXhzLBd3R+NwqT+a/VsUhyeHMvDyYDKe7E7Ewfog9FWEoa8sGAMVoegpCUR3aSAaM13RWeyHrjJ2vzwI/SWSH3jVXgAhhBBCCCGEEEIIIYQQQgghhJDvPwrAhBBCCCGEEEIIIYQQQgghhBDykaAATAghhBBCCCGEEEIIIYQQQgghH4kfXLgAEEIIIYQQQgghhJCP11dffUUIIYQQQgj5XwQFYEIIIYQQQgghhJCPnNyPQoQQQgghhJCPEwVgQgghhBBCCCGEkI+c3I9ChBBCCCGEkI8TBWBCCCGEEEIIIYSQj5zcj0KEEEIIIYSQjxMFYEIIIYQQQgghhJCPnNyPQoQQQgghhJCPEwVgQgghhBBCCCGEkI+c3I9ChBBCCCGEkI8TBWBCCCGEEEIIIYSQj5zcj0KEEEIIIYSQjxMFYEIIIYQQQgghhJCPnNyPQoQQQgghhJCPEwVgQgghhBBCCCGEkI+c3I9ChBBCCCGEkI8TBWBCCCGEEEIIIYSQj5zcj0KEEEIIIYSQjxMFYEIIIYQQQgghhJCPnNyPQoQQQgghhJCPEwVgQgghhBBCCCGEkI+c3I9ChBBCCCGEkI8TBWBCCCGEEEIIIYSQj5zcj0KEEEIIIYSQjxMFYEIIIYQQQgghhJCPnNyPQoQQQgghhJCPEwVgQgghhBBCCCGEkI+c3I9CfzbDvvjBD36goIvSizLPeV/fxTbIX6CLKNVVfu6M77DMc/4XofFvYBi+ssunoLou3VJclHsOIYQQQv6iUAAmhBBCCCGEEEII+cjJ/Sik0YRwpMl7RNVvI85eLIXu2Dp8Maz++F9oAL5Yqju+X3Ih7S90vzWbGFx1Sy/KPOe79JcfgCd8B2R9S5+7xu/SnyEAq/69UkAmhBBCvhMUgAkhhBBCCCGEEEI+cnI/Cmk0IRxp8meOk+8KwH+hKACTdwdgie+w/Ovf33cdgNWiPAVgQggh5DtBAZgQQgghhBBCCCHkIyf3o5BGEyLkX2hcpQD8F4IC8Exp/g58V6OXv6MAPOG7rIICMCGEEPKdoABMCCGEEEIIIYQQ8pGT+1FIo5kE4AkhlpkQrdSClnJd74i3GkdIKtY99QjKd21jcvxSX5+miDl5u77w9X3361Rpjn8K7wrAM4pqqseqJLNOmfdqeOy4Jn8+E32zADy+fhVTBM+ZvPeq61ZdPmEdYlvq78+7jvXbMdV3YML7MuH9mCLaaoqzM/gbGFvXpMclvr4atjEVCsCEEELInxUFYEIIIYQQQgghhJCPnNyPQhrNJABzahFYeeraidFOZT3TClNy5IPtRIr1feNtSNRPvysbLNV82ACsHtMnU93nqd8jtX1V+/wmetfnP8MAPOW2uMlBcqbv/bQCsCbfQZzU/B2Y+N2c+B2cItp+mwFYU7RV9Q3eo3d+7wkhhBDyraMATAghhBBCCCGEEPKRk/tRSKNvEIEmxjVdlJZqCpmMhjA1dSTi0UplPRrj1rse1xzZJoRG1e2rvR/TiY2avDOEaQrAE5arH68UYceORdNzNb0n73ovpzSTAKwWsVVGuH6b7/20ArDqNiYc/+T4/22b+LciR+4z+C4C8MS/DY2fg9z39h3e+b0nhBBCyLeOAjAhhBBCCCGEE"
11898 [Forwarding screenshot on session b1310904-d161-49ca-a1a6-530fba7baea8 to remote] DEBUG org.apache.http.wire  - http-outgoing-47 << "ELIR07uRyGN1KKbLJmIMyHiqZgU1DSEKfXXTxni3hUtZxy/GA2RS2OcVHvsQwZg9Wg41bZU92niezgxwI499q73ckozCMATtqP23mt47Ju895qWT3gPJ5xeWcP7opFaKFU1xWmsld4dgBW+61NAa/juTbmNaaIATAghhHz3KAATQgghhBBCCCGEfOTkfhTSaEIImkkQVBvhyckFMU1hasJ2J5sQ5t4VLWcavzjZyDV14PyuAvDE45lsfNsyn4EGY69513s5pRkE4Cm/VxOjqvRZf7P3/nsVgNW/A2qf8/i+fPgAPOV+adrGNFEAJoQQQr57FIAJIYQQQgghhBBCPnJyPwppNGWom4pMfJxJAOYmbHuysSD2rmg5w/glyEaubxYhNfnGAZhTi4PqpO3LfAYajO3vu97LKU39/kww5ffq+xSA38/U3wG1z29sPykAE0IIIWRmKAATQgghhBBCCCGEfOTkfhTSaMpQp5lqeFM1KQrOIDhOCEecMoi9ax0zjF+Chsg14bjUgvZMA/A739uZvPcTnsso9nnG+/RdBeAJ25kqbo8/9k3ee03LKQArX6NhXVN99zRtY5ooABNCCCHfPQrAhBBCCCGEEEIIIR85uR+FNJpJhFSYGGrZayasY6rYN75+Ee7UIp/GwDhhHTLRbqbxi9MQuSYem+prZhA/x6hun5lwvJofE/sgE85kA+lU770gbWfao6mnNJP3QFPcVDuO93zvv9cBeMJnp7ovmo9X4/pm+jeg9jc1rW1M0/u+nhBCCCEzRwGYEEIIIYQQQggh5CMn96OQRmoRSp6mcDS+fEL0UQ1QGsLUhAgoSzViqcVE9efMNH5xGgLwpDCrwdTxU8V03l+1SDbxvZQz8Vje/fwPE4A1UgZXtcg4mdpn8g3e++9VAJ7KhH2c5uveJwAzM97GVKbzPVc7RkIIIYR8eygAE0IIIYQQQgghhHzk5H4U0mgmAVjtuRMjqHocfEecnSIOysdVufj4jm18owDMTd4W3ydNsXE6NAVv+QA5RQjVGNE0v2bCvmp8r6ZjhgFYQfbYNR7HzN77738AVo/g49TfN7Gvmr633+RvgJm0f3ydU/5taDCd/45QACaEEEI+GArAhBBCCCGEEEIIIR85uR+FyPv6bsMhUUXvPSGEEELIVP7yAvBQPeaz/+FmVyPzGPmW3UfCfPY/lO0OyTxGvpcUfz/S/wFkgIQhmef8BRtKMGD7HYIamccIIYQQQgghhHxzcj8KkemSYqP6CN+JIyVnOnKWTA+994QQQggh38T0A7AiLM1PuK/22CHY8f+xNb8eQxOWAzV2/H+EzTDmfJQBWHqPJr933x4pnMl/Dpp9uACsKeRJ3wlVHyJSKr6T6j760D2T75niPdLwnnzjEFsTwl73zT9TCsCEEEIIIYQQ8mHI/ShEpmviaFM56oGSfFvovSeEEEII+SZmMAJYQywcG3GoHm2+YVykAPwNKNY/n8ezmcS37z4ASz7c+6EM4Rr/HxW+h6Nip21G8ZUCMCGEEEIIIYT8r0TuRyEyXVNFSBp9+mHRe08IIYQQ8k3M6BTQciN6RbCZbyATbb9h5KMAPHNj0W2m2/nIArB4H6b+7gwlhHzkAXi68ZQCMCGEEEIIIYT8r0TuRyFCCCGEEELIx2lm1wCWiTs8Cs9POCRC4oSgpykEjY0YVlKLPRoCsBSGVF+n9px3rZcRAZufIlkRCieuRxFDp3j92DpUXvvuiKkIbWomv1cqj8/oNM4qx6Wc1xjQ5PdlQgRU3xdBfn2aPhO55RPXIR+Ax+Of2n5OK1ArPr+ZvHdj31HVz15lP9/5ndIU0Ccfn6bv3ru/P+Om/O7JfW5Tvm+K93iGAXjG+6D234BJ3w217cttV+77NJP3jRBCCCGEEEIIBWBCCCGEEEL+VzKzAKwIYuPxRYpIY9FPJb7JBiRFIFINt5OCpUwAlp6jFpPZusb2YzrrHVvGqEQn1bg0/nq5sCcTGCe9H5rIB09O2r7qsc00ZKqtW+a9EGT3VeY4Vd9XBc3vpebPRPbzHyP/fox/FpO/D+rPnWTan4UKxXs16ThUHpv6OzXDAMy3pfZey35Wk0zzuyfWJ3MssqR9nLzvksmf3/vvw+T3b/I+qG938t8Hw7erYb8JIYQQQgghhMiT+1GIEEIIIYQQ8nGaWQBWD14iAClijQg/ynAjF8bko59y+VgEU0Qljfcn0RThJi8XAUo9rGpYv3yIUo1XKsvfGWunPvbpL5cxKbhJr1V/P2SPXeN7p0Z9G+/8TDS/XxL545N/zTT3cRr7NInGWDnd75Sm500+Pvn3X/PyCTTtp/pyjccjR/E9mZLKZ/G++zDlck1/Z9P87AkhhBBCCCGEvJPcj0KEEEIIIYSQj9MMA7DaKD4eb8bilRSUpAAnE/g0BSBF5Bl7rlrImzokMlOEP/W4JhvbphWApwhRagFLnnzwfNd78u7wpXie2jFNfs80bF/TdhTviXoQnPZnwkz9HPn9kX+N/DFOMuXnqHoc04iV0/5OafqcJh+fptA7nfdS02sn7afG75McaR81fcfU9+t992Hq148/X3a7au8lIYQQQgghhJCZk/tRiBBCCCGEEPJxmnEAVg08Is6MBSQpholQIxeBxDIp5shSrkctKL0zkE0R66YVsTS8fuJrFaFPua+TvCu6zTQATxHMVGk69knLpx+AZYOb4rOb9mfCTP2cDxeAJx/jOGn9Ku+3pvd/2t+pP3MAVt/OFN+nyaTXvncAnuY+KL9Xmmj+bsn97U39fhFCCCGEEEIImUzuRyFCCCGEEELIx2nmAVgRfOxqpDCjGslEvJlfjxq5qDXdOKUW394ZyKaIderRSjZiaXj9xO1qCn3TNTkIChrfk+ltT9pHHsQ0GDtWDdtX346miCr2cwafCTP1c+T3R/41in2UjY+q3v08af0q77em93/a3ylNn9Pk49MUUKfzXmp67aT9nO7fmCDt43sH4Gnug8bXq3nn+6HY3nTWRQghhBBCCCFknNyPQoQQQgghhJCP0zcIwMrQZgDVU7cKIv6EwI7HnmlEMVnqQWmKGCfRFOEmL5eNUBrWrx6iphPqNNN07DNdrkrTcUuk/VV+PtN8jzS912oB+N2fybveL/njk3+NYh+nE/wU+6npfZv4njAag+k03y9GPmxOPj7552najhpN+6m+XOPxyJH2UdO2J30W77sP09y3qb83kuk8hxBCCCGEEELIRHI/ChFCCCGEEEI+Tt8gACsDjObwpSnCKV8nF1uniosinqnHo5qQ8W2IuCT3momR6H0C8NixyR3zpGXqNEdMaTuqxzbN4PmuCKt4/N3vETMWAWWCpGI98q+d2WcybnIg5Sa/59w03w8F5XdMLmxO2mexjxqi5DS/U5M/P/m/Abnv3uTXaiLzHqh/vtxUxzOJYj+nG4Cnuw9yywTF62U/3/FlE7fLH1M/HsV6NOw3IYQQQgghhBB5cj8KEUIIIYQQQj5O3ygAK+PY5AijjDxTRCiVoDhOJQopHlcPh2Nhb4zaNiatVz00yUe4qbenYR0TtiMXu+SMh8FJr1G+n0rTiJ1yMXIixWehui617ShP4z3xc5y4n+L1MjGUe9dnMvFxaV8nv3/jr5F/z2WO453UjkFJ/fv6rmA6je8UN/GY+HOk7at+xnLfm6k/v8nU1zHpe/eu45lgpgFY8s594CZ8z6b6Tiio7IP6dt/1fEIIIYQQQggh0yP3oxAhhBBCCCHk4/TNAjAhZEZEOJ1RxCaEEEIIIYQQQr49cj8KEUIIIYQQQj5OFIAJ+Q5QACaEEEIIIYQQ8uck96MQIYQQQggh5ONEAZiQ7wAFYEIIIYQQQgghf05yPwoR8qGEhIQQ8sHJffcIIYQQIqEATAghhBBCCCGEEPKRk/tRiJAPhcc5utHtQ94oABNCCCFTowBMCCGEEEIIIYQQ8pGT+1GIkA+FAjDdPvSNAjAhhBAyNQrAhBBCCCGEEEIIIR85uR+FCPlQKADT7UPfKAATQgghU6MATAghhBBCCCGEEPKRk/tRiJAPhQIw3T70jQIwIYQQMjUKwIQQQgghhBBCCCEfObkfhQj5UCgA0+1D3ygAE"
11898 [Forwarding screenshot on session b1310904-d161-49ca-a1a6-530fba7baea8 to remote] DEBUG org.apache.http.wire  - http-outgoing-47 << "0IIIVOjAEwIIYQQQgghhBDykZP7UYiQD4UCMN0+9I0CMCGEEDI1CsCEEEIIIYQQQgghHzm5H4UI+VAoANPtQ98oABNCCCFTowBMCCGEEEIIIYQQ8pGT+1GIkA+FAjDdPvSNAjAhhBAyNQrAhBBCCCGEEEIIIR85uR+FCPlQKADT7UPfKAATQgghU6MATAghhBBCCCGEEPKRk/tRiJAP5UMG4APxP4Vp413FvW/jdgDxPzXFt7pKun3wGwVgQgghZGoUgAkhhBBCCCGEEEI+cnI/CpGpXESp7g/wA9/hyY8N++IHP/DFsPpyMoYCMN0+9I0CMCGEEDI1CsCEEEIIIYQQQgghHzm5H4XIVCgAvw8KwHT70DcKwIQQQsjUKAATQgghhBBCCCGEfOTkfhQiU5lJAFY89wfjdEsvqrxmGL4qj/1AtxQX1R7zHVZZh3hcZjk3YX8mb3fiur/CsK/0GjGd8Jyp1iu37pkF74kBWAqs8fGm+OlPfyqJP6B4TBF04+NhqrKcLxt7LqPy9IkB+ED8hPXdbVTZBjMhFCufO+kxRQBuVHlcdYN3G6V9k3uMbn+2GwVgQgghZGoUgAkhhBBCCCGEEEI+cnI/CpGpKALoNAKwMrKOP2cYvmMhVhlylY8pnq/2+A9+oIvSi+PPkV1+sRS6E9bF91EmRKvsizL8jr9Gud7Jyyaud2LEvliqO+GY32VyAFYNp9J95V0Re00bocyxIuKq3JcCbDx7lXQbC8Ai6KqM3BX3x58nbUfxuFiHynMn3FfbP5nHxpuv+n26/bluFIAJIYSQqVEAJoQQQgghhBBCCPnIyf0oRKYy3QA8OZaqEuFUfR0i5CrD7uRALJFbPvW2BL5vKqOAJ8fpaSxTW4dE037KkxsBPBZf2U1EXkVFnTCiV3lTG62rGnbF88WI4YnrFDf10bqaIu+Em/r+qd6/i0ZT9jrVIE23v4gbBWBCCCFkahSACSGEEEIIIYQQQj5ycj8KkalMNwArR8ey53Jq4VQ5AneybysAS8+buO6pRie/e9mE41HzbQVgEXgVUXVSAFYfyas2eleMGGb3TXmYVQ266qN8FdFXffTuWBwee0AuAKu+ThGBla+jGPwXcaMATAghhEyNAjAhhBBCCCGEEELIR07uRyEyNblQKqgFYCW5EKxxHWPeIwCL/VALwmr79o0D8KQRwDPzPiOAJwVhmQAsHleM9lWGWtV1Sjf1kKt6U33sXQFY9SbF4Ekjlun2nd8oABNCCCFTowBMCCGEEEIIIYQQ8pGT+1GITE1TCH1nIFWJsO+Oqd88AIt1q8flbyEAawrcMzE5AKtG04mBVT34ql8DWDniV/kU1edPeK7ayGHxmHI7U10feMI8v6ns36RRxVIAlo/DdPsubxSACSGEkKlRACaEEEIIIYQQQgj5yMn9KETeQVyrV22ErWLZeJjloXZiLJ0QfRXPnxhcechVvuY9A/CEbUuvee8ArFyPWrge9lWetvrd5EYAi1M2/1SiGnwnjfhVRNbxUy6z12oIwGPPVTmd9MTXjcdaZRBWGl/HFAFY3FW7HjHV37+IGwVgQgghZGoUgAkhhBBCCCGEEEI+cnI/CpFpUAZcFeqxVsTTCc9RHz2rDLMq1GLrNwnA3MRts+1+GyOABWlbE/Z5ypHME8kF4AmNl250e88bBWBCCCFkahSACSGEEEIIIYQQQj5ycj8KEfKhUACm24e+UQAmhBBCpvZeAbgvxRSDaVvRHW+MWn89lHsuRI3vYtT6LUKV9xxUenyKau9ZqPObg1pfNu/1Kao8ZzGzJ6j2nIMa7/mo9VmAOt+FaAzQQkvQErSF6LHpQrQGL2Tzi9EWqsPooj1MHx0RK9AcYoiWkOXoiDRCQ+BypJr/CmEbfoSQzb9EqOksBJnOht+WOfA3XYhAC20EW+kijImw1ka01SLE2SxCot0iJNksRAqbZjhqIc9FB8Veeqjw0UONH6eDBj9tth866AzTQ2/0Mgwnr8OOdBPszNiI3ZlbsC/HHIfybIT92dY4mG2Lw7n2OJLnhOP5LjhW4ILjRW44VuyG4yXujCdOlHoJp8v9hbOVQThfHYILNaG4WBuGi/XhuNQYwUTiclMUrjRH47PmOOFKUywTryJBTK8LcZNcbYjBtcZYMX+zJQG3WhOFmy2JuNE8M7ea2etn4A57zR22f9ztxvix+btsudK9liTcb03Gw/ZUPOpIE/Oa8OdwyvsP2lLwiL/uG3jMtvWkM11MH7L1PODrV0zv831ixDLmUTuXNMnDtkT2nAThfks87rHPZ0xLjHCXfXbcHfY5cvdbYwX1x281ROFWfRRu1kXiJvv8uRt1YWzKhbL5IFyvDcS1mgBcrfbHteoA3KgOwg12/zq7z12r8hWuV/sxfN5bwQtXqzxwtcJT+KzcY8yVMlc2dWXL+dQFV8qdcLnMQbhUasset8DFkq04X7QFZ/I34nTeBpzKXc/m17OpEY5nrcaxrBXC8eyVOJm5DCcylk5yLM0AR1P1JznCpRsyy3EwZTmOphux7VrjQYsvOz62v5VeuFnLjpUd58VStu/VPrhc44pLNQ64WG2P85W2OFtujbOlFjhTYobTJaY4W6y0BefYfiudLdyMs0Ubca7QhN1fz+6vxfmCNThXsBJn85fhTK4+TucswalsXcW8Hpvn95fgZJaucDxDW6OjaYuFI6mLhMMpC4WDSfOFA4nzhP0Jc4UD8bNxIG429sfOxp7YWdgd8yl2Rc/CToWR6NkYjpqFochPMRg+i5mDoYh5GAifj77QuegNmYPu4HnoCpqHbYFz0eE/D21+c9HiMxdN3rPRyNR7z0O91zzUec5Hjec8VHvMRZX7PJS7zkGZy2yUOs9BsfNsFDrNQoHDbOQ5zEK2w6eTyP0bQAghhBBCCPn+kPtRiJAPhQIw3T70jQIwIYQQMrX3CsD9qeboSdyE/pQtGM20QG+iCer8dVHmPgdVPvNQ57cA1d5s3vNTNj+XmSfuV3vPnaTGZ75Q67sA9f6L0RigjeYgHbSFaDNaYtoq6DBL0BpmiJbQpSIAt4avRHvkWrRFrEWZryESrOchwPjn8Df+JYJN58F/6wJ4b5oH3y0LxHyY5SJE2yxGjPVCRFnMRYKtIgA7aSHXVQdFnktQ5q2HMi9tVHhpocprEduvRWgO1EJ76BJ0RS1HX8IaDKcaY1emKfblWOCgCMC2jB2O5DngaL6jCL8nCl1xoshtLABLEdhzLAKfLPXFqTI/nC4PEBH4XFWwFILrwnCxgVOJwCL8xuJyYwwTpyJeTK9pCMDX+LSZi8cNriVB0iwfeadyk21Djlz85aYTgJURmMdc1birTvkcbuy+8nFFsJ0uHnpFCO5IE1Nl9NUUgB+2SbF3klb1AKwagXnkjWXHF4O7TTHsuHkEHne7MUrSEIlbXH2kFH8ZHn6567U8/IYqAnCwbAC+zqZS/PUT8VcZgK9V+TDeuMpV8pAqBeCJ8dddBODLpS6MMy6VOOJisT0uFNvhfJENzhVY4FSOCU5mG+NE1nocZ/j0RPY6nMrdgJM5Rmx+LY5lrcbx7NVsfg1OZq2QIjBznIffdEON8Zc7zBxK4wywP9kQB1NWsm1uxpVyB9yu82bHwvffh/HFZ5V++Iwd3/kKR5ytsMXZMhucLrXCqWJLnCoyx4kCUxwv2IST+VsYPt2IU3mbcJotGwvAgjGzDmcL1uBs3iqcyVvOtmmoCL06IuaeEiGY3WdOZOkyOuyYdHCMPXYsXUuaqjjKlh1JW8yOZxGzEIdSlBbgQNJ87Ofhl9mXMHfM/vjZ2BfH4+9s7I7h0ffTsfg7GjULw1GzMRQ5C4MRn2IgfBYzG/2hc0T47Qmeja6g2dgWMAed/rPR7j8HrTz++s5BE/tvaoPnbIEH4DqveagV8XceqtznolIRgEtdZqPYeS4KnWajwGkW8h1nI/c9A/Ann/4NPpn7Y/x8kS5+obMRc5a7QHdTAvQd6qHn2YdPXQew2KsL/22BM/7qb+bhZz9egFVrbLHOrRB69rlYYZOAn2qZ4Vc61jCxT4SVRy6MLJNgsCEKuhtiYe7TjC2+HdgaMoTlXt2wSjmHlaEHoRe0D"
11898 [Forwarding screenshot on session b1310904-d161-49ca-a1a6-530fba7baea8 to remote] DEBUG org.apache.http.wire  - http-outgoing-47 << "ws8+vFT4xzMs8rDMs8SrAsuh0l4FcxiW+CUtgM+eefgm/sQvnlv4J//WwQU/QYBZa/gX34HPpUX4FV5Fp5Vd+Be+RDu5ffgUXEfPtUPEFD/COEtzxHV/hyRrU+Zh4huYVofILb1vqTtLmLa7iO8/RnCO14iouO5wF8TwV4T0fJECGt8irCG5whreoXwpi8Q1vIVe/x3iGj7V0R2/AGelY/gU/sQAc1PENL+AiGdrxDEpv5tz+DT/BQ+Tc+Z1/BueAuvui/hXfsVfOp+D/+6P8G3/nds+Wt4sG241T+GC1uPc80jOFU/hGONxL35FTxa2HNa3sCz9S3cW7+AR9uXCr+Ba9NXcGn8Ck71X8Cx7nM41L6Ffc0b2c+aEEIIIYR8v8j9KETIhzIxANONbt/+jQIwIYQQMrX3CsB7C12xI8ceg+kWGEzZipEMc+zMtkRvwno0BS9BhedcVHnNRYP/ItT5zkeN7zzU+HFsfoIFE+7zEcR1/otRH7BIRN+2EB20BfPwqyvFX6Y5RB9t4cvQxkcChy5HUwifX42OWBPUha9HlusShJl+Cn/jTxCwZS5CLLQQaLYIfqbz2f35CDGbjwjLhYi2Xoh420VIsl+MdCcd5LjposBTD8VeS1DqrYsyb21U+CxGtR/fHy00BS1BC9t2e8QydMfxCLwJe7LMcSDPFgfz7UQAPpzHR//yCOwsKXDB0SLXsQB8rNhjPAKX+DA8AvORwAE4UxEoheCaEJyv41QisAi/MbjUEM3EqogX06tN8QyfTnSjNQHXW+JlJOJGS9LMNMXhRuNkcvGXmyoAK+eV95UjgTXhz1GdV96/15zEsNfPAA+9Ssrgq1wuF4AftPJ5Hns1u9+SwNahjMDjIfgu+wy4O+yz4/goX6Wx4FsbMeZ6TTiu14bhGvsOcNdrOR5/g9n9QFytlgIwd70qUCX+SgFYiqUcD6de+IxHXwUp+Eoul7opuOBSiTMuFDky9jhfaIdzBbY4W2CFM/kWOJ27WQTZUzmb2PwmnMnbjLP5m3EyewNOZEsxmE9P5qxj1uN0zmqcyl6BE5nLcSx9GY6mGeBIqkR1no/8PZxigEMpejiYuoTRw/4kfexLXIqDKWtwLHMj239X3KqTjulKuTeuVQfiMpu/XOOBS7VuuFTtgotVTrhQyfa9wh7nyth+l1rjfIk1zhVbMhaKqRnOFW3F2UIpAp8pMGHYvuavZfvLg/NydjyGbJ+lEb4i8Gbq4DiPwcyxTLZM4WiGFo6kLx5zWCltEQ6lLmT7vkA4kDx/zL7EudibMEfYEz97nBj1Oxu7mJ1Rn2I0Ugq/I2LU72wMRczGQMQs9Id/ir4wJnQ2ekNV4+9sdPjNQpv/bLT4zkazzxwx6rfBcw7qPWajlvNk/83lRPydhwq3uShnSlzmothlDoqceACeI+IvH/2b4zAbWWyqTu7fADm/nvV3+HT+z/GJzlL8St8M81Z4QHdTEgwcG2DgPYR5XqMwDBrF7HVR+NsfGeLXv1wCHYOtWO2UDy2rLHy60h0/mm+CX2hvxa+0LbDeOgaW7lmwcM/DnKU+2ORWjK3+DXBMGIVFzA645l3A+uj9MMs4D9eyW1jp1weTsH5YJg7APq0fDuk9cMocgEfefvgWnkdQ8UMEFr9EUOmXCK5gKl8imEfe2qvwq72MwMZHCGx6hpDmFwhrfYGo9leI7niFmM7XiO18iZiOZ8wTxHU8RnznEyR0PBoTu+0Jora9ROS210LEthciAoe1PUVY82OENvHnvGHre43wZrYPDa8QUMfUv0FgwxcIavwcQU0vEdL6EuFsmxHb3wjjEZhpfcW8gV/z5/Bt+gJ+jV/Bv+lr9rrfI6D5d+yxz+HDXu/F1u/Z9AIejc/h1vhMcG18IQKw5DXcWt4wn0/g0vglnNm+ONa9hUPtG9jXvIZd9SvZz5oQQgghhHy/yP0oRMiHQgGYbh/6RgGYEEIImdp7BeDeFCvszHPGnkI3DKXbojfZDEMZVhhMNcVQmim649eLEcHFLrNR6TWfzS9CXcBCWbX+CwRlBFYu56eDbgrURkuwLtpCDNAeZijia1OwHprZfR6AO6JWoTN6NdpjVqM5Yg1ao0zQGW+G2jBjpDjqwm/Dr+C25mcI2DIPQVsXItB0Afw3z0Ow2QJE2Wgh1nYxEuwXI81ZF5luS5DrsQT5Xmy/fZeg1FcH5X66qPTXQU2gDmqD9NAQbICmEEO0hi/H9hgjDCZvxu5sa+zPs8P+HFsczHEQDuU64nCek8AD8HgE9hiLwFIAHo/AYyG4MhBnqoNwVoRgRQRuiNYQgOPE9Gpj3AcPwHIjjDl+amk5t9g2lDFYdaTwbbacG7vfnIg7rUnC3bZkWfz5yseVr+X3lVF4JpSjiDkenpVURxcrg7QIwm1svi1xSvfY+3yXva/j4oQ7zbHC7aYY4VZj9JibDVHCjfpIXK+LEK7VhgtXa8KYkHG1QcJnNYHMeAC+VhmgwJZV8lgqBdPPKryFK3ykr1KpJy6XeAiXStwYV+FisTPjJAIwJwJwvg1jiTN5ZjidY4aT2Tz6Km3EiSxpZDDHRwmfymXzOcbsuWtxKnsVTmSuwrH0FTiathRHUiV8/mjacjF/OMWQWYpDKXz0r54YBXww1QD7Eg2wJ2EpswInsrfiZo0Pbtb643IZj9n+uFjhh8vVPrhY44EL1e64WOmGi1UuuFDJjqHSBZcqndhzHHGx3AGXyu1xscwOF0qtcbbIDGcKt+J04Waczmf7m78BJ/OMcDJ3Fdv/Few4DHE8Ux/HMnRxNF0HR9K0NTqcqiUcSlksHExeJBxIWjhmf+IC7EuYL+yJmztmd+wc7IrhZitG+87BjqjZIv7y4DsYzs3CAJvvZ3rZ/Z7QWUJ3CBM6l03nojNoLtoDZov42+o/F43es9DgNQd1TC0/rb7HbFQzPP5WecxHpfsCVLjNR6nbPJS4zkOx8zwUucxDIZvmO85BLsPjb7bDXGSyeXVy/wbI+XTOP2L2oln4VH8NZi+3wcLVvtDZlAwDx0Ys8xvFIv99WBm+DyscCvDDn6/Gr39lgE/mrsMalxJo2eRh0QZ//NOs1fivP16CX2qZYOlGd5g6R8HYJgxaa53xC11L6G0Nh2NcG0LKDiOl6x68Ss/AIe8k3IqvwD3/GrwLr8Ov7Ar8y86y6XH4lh1h05Ps/nkElF1DYPldhFQ+Q1jtS0Q0PEd401OEN99HWPNdRLc/Rdy2V0jq+RxpA18iffArpPZ/we6/QeK250jueonk7heyErtfIrr7NaK63wqRXW9EBA7reIbQ1kcIbn6EhL4vENP1VsTlgMbH8K17BJ+6J/BreIYAti+R2z5HVOfniN72hZgP3/YawR0vEdj2HAGtz9j0JZtKIdiv5SX8mYCWN5K2t/Brfwuf9jfwbn0LLz7Kt5mP9n0Nz1bFiF9235VxaXoF5+ZxTk2vBcfGV3BoeAn7+hewq3sO29pngtxnTQghhBBCvl/kfhQi5EOhAEy3D32jAEwIIYRM7b0C8I5cN4zmOAs781wxmu2IgTRrDKdbYyTDCkPp5uhP3ozOqLWo89dHja8W6gJ4BFY3MQLz+fqgRWgIXowGPx00BSxBS5A+WkOWoT2MiVjO1rkSrTwEhxigOWwp2iJXoJUt64hdh84YE7RH8wi8Fc0xpsjzXIFIi4UI3DwbQaYLEGK2CCHmixHMmS0Up4OOd9BGqssSZLjrI8tDD9keusjz0kW+tw6KfHVR6q+LcrYflYF6qA02ZPu2FI3By9ASthJdMesxmGyKnRmW2Jttg3059jjI42++E44UuOBYoRuOFEqjgKUILAVgThl/T5b6jQVgoSIAp6t4BA7GudpQXODXBBbhV4rAk08BnYArDXG40hg7ybXmeFxrUeIxWHKjNYlJmbabrcmKU0Hz00dPxK8nLEcKwFKsvdkkxV5+/04Lj7085CaN4ffvtqVoxJ9zrz1FUL6WL3/QljpjD9vTxPQ+O657LTwE85G/fF08AEvL1Jc/aE+eTIRhyb3WRNxl76tkPAKrB2D1EHxTEYJv1Efheh0PwVIMlkKwagRWxl8uQLjKviNXK9mU4XGUnyL5SoUPw"
11898 [Forwarding screenshot on session b1310904-d161-49ca-a1a6-530fba7baea8 to remote] DEBUG org.apache.http.wire  - http-outgoing-47 << "8OvFy4LHrhU5i4R4ZcpdsfFYjfGFReKXcYDcLEjzvMAXGiHs2IUsA3OM2fzrHCKR+CsrTiRaYoTWTwCb2HLTHE6l0/5/U1suTF7jhGbrmbPW41jGStxNG0FjjB8ejR9JZtfjsOpTMoyHEzmo32lU0DzEcBiFHCyPvYkGGBX3FLsSzTC2UIb6VTW7Ngus7+Ni+UBuFjthwvVPow3LlZ54mKlJy5UeuB8mQvOljhJiu3Za+1whh3HmUIrnC0yZ1MznC4wxam8jTiZa4wTuetwImc1jvPrF2cuZftrwPZRj+2jDtuvxWMO8dgraCtoSY8lL8Z+HnuZfTz4KuxN4OZjTzw3D7t49GV2xnCzhR3RszEaNRsjUXMxHDkHgzz48lM8h81CX/gs9IbPQU8Yj79zsD10NrYHz8a2kDnMPHQGzUN70By0BcxBi/8cNPrORb23Iv6K0z3PRTVT5TkPlR7zUeGxEOXuC1DqNh8lrgtQ7DJfCr/O85l5yHWah2xHhsdfJt1xLjIc5oupND9v0n//NZk158f4dNFczDYwxrzVblhsFAKdTekwcGjGsoDd0Ak+gqWh+7DWvRJ/99PV+PnPDfDjX63GBt8G6DuXY+F6P/x8sTH+0z/Ow6LlpvhUdw022Xthlakt1lg6Y/7KTdA2toehdQA2+GTAt3AQ4XXHEVJ/CsF1nyGy/jnCa14jtPoxgipvI7DyKgKrLiG45hJCai/Cr/wsAqrZfN1NhDc/FME3tvO5iL7x218icfszpHQ9Q2b/a+QMfSlkDn6OtL7XSOl5idTeV0Jy7+sxST08GLPX975BVPfnCO9Reovw7jcI63qJcB6C2Xaiul8jgm0ntOMZglqfIrDlCfxbnyC47Zk45XNE51tEtLPXtL4SI4GDWl4gsPk5/FuUnsKXvcan+THzaIxv60P4tD2FF3sdP72zR9NruDW9GqMc8asMv05NLwXHxhewa3wuoq9DA58+h339U9jVPYVt7WPY1HCPZD9rQgghhBDy/SL3oxAhHwoFYLp96BsFYEIIIWRq7xWAdxV4YTTXHcPZrowLRhQxeCiTnxbaBoNp1hhMtcJQqiUGks3RHrkKtQHajJbC4rFpXeCiMfXBi9AQshhNodpoDNRDc6AhWoKWopkH19BlaA3j4ZVNI5ajNZJNo5ajhU25jug12B6zHtuiN7B5E7THbEFzrClqI7cgy30Fws0XwH/THIRZaCPcWg/BZosRZauFOAcdJLvqIcPDEJke+owesjyXIMd7CQr89FDsb4DSIANUBBmihu1HffByto8r2D6uRnuEEdumMXoTNmM03RI7MqywJ8sWB3IdcCjfBUcUAXg8AruPBWDlNYBV4y8fAXyy3B8nK9h8lcoo4PooEYClawHHMfEKCUyiWhSe6LPmBOFqSyKutSbhelsyk8KkTpsIwS1JuDkDt1qScauZTZmbbB+V83d4ZG1Pw122Xj7P8fl7DJ9qcr8jXVDe5+u438a08pg7PQ/Y8x93ZuJhe7qYVy5TvX+vhUdgHoPZY+JxHo0nUx9JrDw19V32Xisj8J1mHoHjcJt9btwtfhpohZvs8+Thl+Pz4/cjBR6Cr9aE4rPqYAXVCMyw78dnVQG4UukvXOajYyt8cKncm/HCxXJP4UKZh3CxxH3MhWI3nGffx/NFzpJiZ5wrcsDZQh5O7XE63xpnCvh1gO1wJs8Gp3ItcTLHgjFnzNh9M5zOM2f4/FYcz9oiTtt8NMOIWaNiNY6kK63C4bRVOJS6AgdTVuBA8nLGEAdSePhdIknSUwRgA+yOX4l9ietxrtBBXOv4Cvu7uMj+Rs5X+uFclY9wvpJNK7yE8+xYz5Wx4ypxxVl2PGeKHHG6kLPF2SIrnCm0wOmCrTiRtxkncoxxPGcdjmSuwpGMFTicbihGIh9MWYJDyTrYm6SFfTzwpmgJB1K1J+DL+ON7kxZhT+LCMbsTFozZFT9f2BE7VxiNmSOMRM9m5mAoai4GI+dhMGIe+sPnoo/pDZuLHqYrfB66wuZhW+g8dPARv8Fz0R48D21Bc9EaOA/NPPz6zUG972zU+cxFnfc81DLV3gtQ47UA1UyV10KUeSxEqccilLgtFIpcF6DAZQHyXeYjz3khcp0WIIfJdJqPTBF95yOVzac5LmTTBUKa44JJ//3XZNacT/DrRVqYpb8VC4z8oWMSB90t+TBw7MDywP3QCToOg+D9MPZtxo/mbMWvP12Ln83eCJOgDmg7lOOHC8wwd6kFZhuY4Mdzl+Cffz0P6y0sYOvljPXWpjDYaITVVhbQ2rgZizZZYXNgMiKq+xHfdADRDWeR2PEGMU2/QXjdGwRVPkVAxX0EVd9BaP0tRDRfR1jTRYS1XkRU52eI7b6DhN4nSOp7jaTer5DS9yXSup8iq/cxMvufIKv/ObIHXiFr8JUIwhkDb0UE5rE3sfcNErrfIq7nLVvP54hhePwN3sa2u/0tQrq/QGjPlwhj6w3r+wIRvV+IIBy8/TlCul4gdPsLhHU9F0K6niBk+2OEbHuO4JZn4jTQgY0v4N/4XAhoYvN8pG/rK/iyx71bn8Cr5RE8Wu7Do/UuPNvuwKudaePX+H0Bl6Y3cG14DefG13BqeCWmQvMbMcrXgbFn6+R4/LVpeAbbMU9hU/8I1nWPmYewquXzDyd9zoQQQggh5PtH7kchQj4UCsB0+9A3CsCEEELI1N4rAI/keTJeGM7zwHCuO4ZyXDHCDGc7YSTLEcOZjhjMsMNQmq2wM5tN07eIUbuVPotR46eF+iA9RpfRQUMwpyVF4KBFaAzRQRMPv0HL0BKyXGgNXYHW8JXi9Mt8xK8QvQIt0exxNm2LWInOyDXoijFGd9wmdMWZopNpjzNDa7wVKsI2I8ZGF0FbFiDcShehFlqId9QXATjeSQdJrnpI89BHlpchMr3Y1FsPOb76yPc3RFHQcpSFrEB1yErUBq1EXfAqNISuRXO4EVoj1qEtcj22x2xEf5IZdmTYYG+OI/blOmE/w2PwwTxHEYF5+FVeA/hYkReOF3uLUcATRgIrRgCrB2AlfspnHnZVAzCPu3KU8Xc8/EpudqTjVmcmbnVwGbjZLrnRls6kien4/XQRgW+1pchSP1W00m32mjv8dS1se+z+rdZk3GlPxd2OtDH8/h22jtscD8Eqj6m635mB+9sycK8zXRhbzo7jAdt/dcpYLKs9bSxAC4oIrXwdf0zEZTb/QLyGz6dOIkYks/1Wjkzmp6fmp6WWTnEdL9xq5tdIjsPNpljhRmOMcL0hWrjGPk+hLhpXhUh8VhuBz2rCcaU2TEUILtcE43J1EC7VBLApU8mviRuIS+z7ckmcHtlXuFTpI1ys8MbFSi9cqPAUzpe441yx5GyxK84UuSjwWOoknC50wOkCO5zi4Tefx1974XSuDU7lWCvwU0Nb4XSeBU7lSkH4RLapiMDHM43ZdB2bKijmj2UaCUfT1+Jw2hocSl2FQymrRQTmo36l6/9K9iTqYXcCHxW8GqPsb3tfkjEul3niRm0QLpT54ly5H06XeeNshZ9wkh3XmTIvttybTT1wlt8vccXpYhd2LJwDThZYM5Y4UWCOE3lsX3M24mj2ehzJWIPD6SvZtpaqhGhdtk3td9qbqIU9CYuF3fGLsCtuobAzdoGwI2b+mNHoeWK0rzTidzaGIuegP2Iu+iLmozd8PrpC52J78Bx0Mh3Bc9HGpm2Bs9HCNAfNQWvQXDY/D00Bc5n5QqP/fNTzU+bza6x7z0OV1wKUey5EBVPusQBl7gtRxKOv+yIUujGui5DvuhD5LouR67IQOc6Lke28CJlMutNCZDguQhqbT2WPpzlrIYXNpzgxbLncvwFyZi/QwicLl+ITfRssNo7AUrNsGFpWwtClByuCj0Ir8ASWhR+FeVg3Fq/yxdyFmzFLywbrA7bhU/NifLLMG5/qmWGNuRf+8ZNFmK2nh5/M/QU22xtjzdal0Fo9D5ucNmKNzUYss9yCFbaOcIrLhE9mNYJLhpG87RHi2z9HTPMXCK17g4DK5wioeoqQ+kcIb7uLhL67SBy4ieThm0gduYe0kWdIG/ocqQO/Q2rfb0XwzR14ipz+JyICZ/Q/Y14gY"
11898 [Forwarding screenshot on session b1310904-d161-49ca-a1a6-530fba7baea8 to remote] DEBUG org.apache.http.wire  - http-outgoing-47 << "+A10gbfImbbU3Gd34jOV+L0zGEdbxDc8VYIbH8jrr/r2/Ea/tvY/a4vENzzFUJ6f6PwJQK6XiGw+xWb516wx58iuOsRAjrvw6/tAfyan8Gv6RV8G1+y6RvBv/ktAtq+EHzb3sC77SU8254xT+De8ZC5D4/Oe/DsfAr31rdwa/kSrk1fwaXpczg3voUT48zmHZvfwL7xlaTpBWwbn0/UJAVg24bHsKl/IsIvD8E8CMt91oQQQggh5PtF7kchQj4UCsB0+9A3CsCEEELI1N4zAHtJATjXE8N57hjKdcNIDscjsDOGs/hoYCcMpjtiMM0eAymWGE63wM5sa/QmbkRjyDLU+EvX1G0I1kddoA7qg7TRFLqEPaYLPlqYB+AmPvI3ZIWIvy1hUgBuiWTzXBSbj16J1pgVaItZjc7oteiO2oDt0RvQFWOCrthN2Ba7BdvitqIj3hwdSbZoTrBFpsdqhJlrId7eEAmOBkhy1keKqyFS3ZYi1d0AaW76yPTkEdgA2T6GyPNbjsKA5SgJXoXK4DWoDVqNuuC1aAg1QlP4erSEb0BrxHq2fRP0xG8Ro553Zthid5a9CMHSaGAnxShgaQTw8WIpAEsRWO1U0BUBOFXJqUTg2ghcqIsUAXgs/oq4m/jOAHy1JQnXWsfjLx/9e7MjA7c7s3CL68hUC8BS/FVddr01DbfauJkE4BQReEXcbZOmIvjy+KoIuNJ9pfHl6nj8lQKwFIHHlrP7D+RMEYFVH7/XLgXfu+zY+HLVZeK5Y+vREIBV8FNSjwdgfq1jlQCsiMDjAViKwMoALMXf8QB8hQdglQgs4i9zSRGAL1Ur468yAAfgYrmfIgDz6eQAfK7EY1oB+FSBvQjAp/LtcHosALN5HoFzpQh8OteKzfMRwWbC8WxpFPDxTBNmg4Ixs14x5TbgWMYGHE1fh8Npa3E41UhEYOVo4P1J/LTP/BTQS7A7QQ+74w0xGm2AnbGrcDh9K86zfb5c5YezZexvpcQHZ9jxnuN/J6XeOM2cFQHYC2dK3HG62A2ni1xFAD5V4IiTBTYiAp/It8CJXDMcy96Mo1nGOJS+FgdTV2F/yjK2fQPsS1qioKMIvXw6eX5vomRPAo/AWmxfFyvirxSAd8Qo8QC8gB3HfEX8nYuhiDkYjJyDvoiF6AlfiK6whdgeMh8dIfzUzvPQEjgXzTz28mv78pG+PPoGLkBj4Hw0BPAIzKcLUc9Pn++3ANW+C1HpvQAV3otEAC71WIgSj0Uo5uHXfTEK3LSQzxS4aiHPdTFy2XyOixayXBYjw4lxXox0p0VIc9JCqjM/Hb42Upx1GG0ks2XJTtqy/wbImaOzCj9ftA6/0HeG1uZkrLGrwGqnVqz02oFVYaewKOgUVkSfhnl4Hww3R+Hnv16PX+vYY41fF2ZbV2G1fT7mL3fBUhNPLFy+kVmB//bTf8ACw1/BYP0cbLBaAgt3I6w01YOesT5+pbcY+lvMYOoVipiKboTXHkJ402eIbnmI8MYXCKx6Cd/yF/Cveo7AhseI63uChMH7SBq5g9SdD5C24wXSRr9C2vC/In3oD8gZfoPs4WfIHHiKtP6nSOp9ioTup4jd/gzR218gqPWxuBYvv/6ud8srcY1dcXpl5amWm57Dq/mlOBWzT9vn8On4Ar6dXyl8ye6/hU/na/h2sP3qfMbmH8K77S48W2/Bo/kOPFueinXy6/d6tbxl2/hS4TeCZ8sXcG/9Aq6tb+DCtu/U+gJO7c/h3PGCYdtv+w3cWn8L15bfwrnpSzg1fgGHprdj7BpewraRew4btq+2zS8U+LwUgW0an4pRwdYNT2Bdz+bZfbnPmhBCCCGEfL/I/ShEyIdCAZhuH/pGAZgQQgiZ2nsF4KF8DwmPv8xgrpuIwErSqaFdMZTlgqEMZwylO2AwzQaD/BrBWXYYzrTGtjgTNIWtREPoMlQHLEFNoC6awpeiOWIpGkL00RTM5kOWoTl0uUr8XcUeXymJWo3WmDVoi12Ljrh12B5njO7YjSL+iggcbcLmN6Enfit6kizRHmuGzmRbdKY6oSrCDBluK5DibIhUl6VId1uODPcVzDKkuy9FpucyZimyvJYhx2cF8gNWoihoDcqDjVATtBa1wetQH7oejeEb2L4Yo4Vpj9qIjuhN6GLb46e9HmHHujPTDvtz7cUI4MMFzjhS5CYisEQRgRWjgHkAFhSngD5ZESCICFwdhnM14WMjgHkAlkb3Jklakie42poiKOevtaVOcKMjA7e2ZeFmZ+YYvoy73p4uphOWs2V81LAc9dNFK91sS8Nt9ro77PVK/D4PyXyq+thdtp2p3GP7qqS6/H5nFh50yLvfzh5Xw5c/7MwW1J+rOq/6fGUYlqMcLazERxRL1yjmEVgiXfs4ATeZG41xwnX2GXLX6mOE8QAcjc9qo3ClRhmBefwNFS5Vh0gBmGPfiUsVCuWBuMhPjyxIEVgZgC+Ue0n4CNliTwV3nGXfwzOFqhGY4wHYEacKeASW8AAsscMpfipo5iSPwHlWbGqBE3z0ryIAH8s2xbHMTYyJwsax6fEsNs/x00SzZUczjHEknVuvCMFrcCB5BfYlLsWeBD3sitfFjlhdNjVk0+UYjV6FQ+lbcbnKG+erAqA8dfq5ykARgk+X+eBMGQ/BnjhV4oFTxW44VeginCx0wokCO5zIt8WJPGscY/t9lO3rEbYvB9OMcCB1FfYlL8OeRENGH3sTlmBvEqcra0+SDnueLnYn6mB3grawK14LO+IWsX1djNHYRRiNWSiMxCxg2DR6AYaj52Mocj4GI+ZiIGIeusMXYTvTGcaELERr8Hy0BC1AU8A8NPjPQ73fXNQp1PProyvw+dqAhajxXyjFX99FKPdehDLvxSj1Woxiz0XSqF93LRS4aSOPyXXTQa6rNrLZfDabZrpoI91Zi9FGqpMkxYlHXx0kO+syS5DEpolsGSf3b4Cc2fpb8ZPF5viJgQ+0tuZinUsL1nn2Y43ffqyNPIfFQWewKvYsNgZsx5INEfibf9DFzxfaYG1gL3Q9urDEPA9rbdIxf7krlm52w9//chYMN6zAfINPsMjwp1i9eR6MLbWxcrMWLN1MsWLTaixZvw7a60zgEJEE99wqeJf3IbThNMIb7sK/4hk8i1/Ao/QlvCqfIaT1GcK2P0BU313EDz9CyuhrpO34Guk7/h0Zo/+O9OEvmBdIHXqJpP4XiO56irCORwhseQSfpofwbH4E96ancG18AZeGF3Csfwn7+hewr3sF+9rncKt/Cs/6J/BofA7PRh6I38Cj+XO4Nn8huLXw+ddwbnoGl8aHzH24Nd2Fe8sduLfeh3PLU7i0vBaBlz9Xev4X7HlfwrlBmjox9mzervEL2DZ9Dmu2fpsWNt/6JVzaePz9DVyafyPir13DW9jWvxpjw/aZB2DV+GvX8pJhx9DKniNGA7PH2fOU+H25z5oQQgghhHy/yP0oRMiHwuMcIR+a3HePEEIIIZL3CsCDBW6SfM4dA3lsyuOvIgjz00IP8/t8VHAWm89wxnC6E0az2DTDAQOpNmxqJ2JwZ6wxmiPWoD54KeqCDdEQuhRN4cvQFGKI5lBumXTa5wg+8ncVmiIkzVFr0BqzDm1x69ERb8zWswldsZvRHbcFvXGb0Ru7ET3RJtgeuUEs60+xliJwog16MlzRluyI4kBj5HobIcNtJdJclrLpcmR7rUKW50pkea1AtvdK5PisQr7/GhQFrkN50HpUBa9HTcgG1IYZoz7chO2LCdt/E7RGbWT4tYd5BN6MvmQzMRp4d5YN9mXbiZHAhwtcxxwt9BSOFXlPGAV8oswPx8t8GTYvYnAATleGiAgsjQKOUbm278QArAy/6sH3enuaoLx/oyMdNzt5AJZ3a1v2GGlZJm51ZsiSi8LcLUXgVQZcPlVGYNXoyx+7vz1bUA2903Gf7d8DOZ1sfWy/ZXVkyi6XXsfWyx7nlMvub2PzihHIqsTpqNlxKk9Lfa9DGtEsjXhOwu1WftrrRElLAm4y15viJI2xuMZcbYgRPmOfqVAXjSt1UbhcG8mE43JNGC4xF2tCJNXBuFAdhAtVQbhYyaYVgcL58gDGX5we+UKFH85X+"
11898 [Forwarding screenshot on session b1310904-d161-49ca-a1a6-530fba7baea8 to remote] DEBUG org.apache.http.wire  - http-outgoing-47 << "DL8+rjebJkXzpZ74myJQrEHzihHyAou0umSi51xqsgJpwodcFKMBHbAGX4qaOZ0vi3DA7Ay/loy5lIA5tcAzuF4AN7M8Ag80fGszWMmPCeDSd+EI6nGUgROWo69Sfw00LrYncBjqyF2xhtiOMqA3TfC0RwrXKplx1sVjNPseE+xv5Mz7HjPlPvidJkXTikC8El2fCfZcZ0scMaJAiccz7dn7HCM7f/RHAscyTLFoaxNOJi2DvtTVmNv8grsSeDxmUdgA2aJ2AdNdifw+KuDXfE8/mpjZ5yWFH9jePyVjETz8CsZjlqgiL/zMBg+D/1s2hW2CB1hi9EeuhhtwYvQErQQTYELxWmda5ka33moVuIjfQUp/Nb4L0KV3yJU+CxGOVPmrYVSpthLG4WeWij00EKBuzZy3XWQw2S7SbJcdZHpqoN0Zx2kukjBN8VJF8mcow6S2DTRRQ+JTkuQ4LwE8ex+vKOu7L8Bcuau9MAvDb3wyzXx0LGpwQbvfmwM2Auj4KNYEXYWSyIvwSjxIraG9mGWgRd++skG/N1PTWCZcBBGkQexzms7Fm9Ig4FpInQ2+MJwkyPWWFhgrsE86KyaA50Vv4QuY2g0D+tMl8PFzxX6RmtgaLwJC43WwasgGeEttfCt2A7bjEG45V2BS95j2GU+g1vxW3hVvYZX/RP4tz4S192N6nmOmN63iOv7PfM1Ega/QtzAa0TyUzRvew7/9sfwaHoA1/p7cKq9B5vK27CteQT7+mdwbHwlXU+3+S0cmr8U4da/7QXcq24hpPMNfJtfwbPxNSwK78Ol/nPY17yBZcVz5hmsq59I66l7BOeGB3Bpugfn5gfw6PkNPPr+AFv2Wvvm1/Dc/jVs6p6L0zjzkb0i7DZ/DcvKL2Bb/zv2vH+FZcMfYN36HzCr+w1sGz6HQz3bp7o3IkrbNbD5xjdi9C8/BbRdE4+8UgC2bnw2FoJ5BOYBWByLyohh/lpO7rMmhBBCCCHfL3I/ChFCCCGEEEI+Tt9KAB7Id2XGA/BwvocwomJHrhdGsz0wmuWBndmeGM10xXCGE+OIkUwHjGTZYyDNUoTghpAVqA00RH3IUjSF6qM5zAAt4YaKAMyv+7sazZHcGrRErUNrtDHaYk3QHrcZbTGb0BGzBV3xZuhLNEN//Gb0xpighz2nJ4qfFnoTBtNs0Z1kjY54K/Rnu6MjxQn1MTYoDtiIbM9VyHRfgSyPlcjxXiPk+qxBnt8aFAQYKQLwBlQFGaNaBGAT1EdsQlPERrY/G9ESacIYiwjcwUch8+0nmGIk1Rw72fHtybTBgVwnHMxzFgH4SIGHFIFVTgMtiPDLI7CEB+BTFcEiAp+rCcP5Wn4tYCkCK68BrB5/lcFXiQdf1QB8nZ/auYOHXR54Jbe25Yy5vT13DL/PH+enjL69LXPa7nROjLzKeeV91YirDMCaTHi+yvKH23M0mhCEVagG3rHwq0K5fMJj2zMnUUZgZRDmp6QeP511shSBmbEIzCgDMI+/EwNwrMLEACzib3XoWAC+IAJwMM5XBeE8D78K58oDGH9xemQegc+Vs2mFjzgt8tlyL8W1cccj8Jli9/EALOKvhAdgHn+V+PWAxyOw9RjlyF9lAFaS4u4MZJjiWJoZjqZtxpG09TiUshIHUpZiX7KeCK27EnSwI34JRmP1MRxtiMGYlThZwo6Fj/xlfxcnSr1xqpyfDtoXp0q9xGM8AJ8odsXxQmcpAOc74ni+g3AszxZHs61wOHMrDmbwALwBB1KNsDdpFfYmLpcicKIhdovTUEuRVxNl/OU0xV8efpWUAXggfK647m+niL9aaAtZjJagxWgKXITGgIWo9V+AGr/5IvxW+c5npPDLKecrmQo+8tdnMUp9FqHEezGKvbVRpAjABe5ayFMJv8r4m8Gku+giVZziWTHi10lXCr889nI8/CrEsfuc3L8BchZvjsdck2TMMSuFgWsPjP33wCToMIxCTmFlxEURgFcnnIdFRD+01wVjoa41fjTHHFZJB7AsaA/WBYxC37oW+pYF0DWNhf4WP+iZWGO2gT4WGC6A4TodaC+bDZ3l87DKeCls3OywdvMmbLVzhuEWE6zxMoFrQSiCa2vgUdgNp6yjcMi8Dpv0R7DNfA67/FewK3oCx/IHcK25B/e6e/Csuy+iMOfZ9ATuzQ/hUv9ABF/7mjuwq74N26o7sGbMy27BouIerKoewKaGXx+XXzP3Gewan8Ol8THcK69ga9Ju2OWcgFPxZ+LawK61/LTQv2XreQ2rilewrHoNm+qXsK15AYe6Z3BseCJe69T8DM5dX8Kl52vYtr6BQ9truG3/AvZNT6XnNL9UPJ/H3bdwavojnFv+AzaN/wHrhv8B08rfipHBPEwrOTW9FuGXc2rhUZcH69ew49cAVgm/fFuOrfwU0eyxhrdsG5+z534hRhE7Nn8p+1kTQgghhJDvF7kfhQghhBBCCCEfp/cKwAOFLowrBgp4AHZFfx67z4j4W+CJ0TFeGM33xs48H4xme2Io3U3E4J38GsJZ7LVp9hjJdsJwlj0GM23Rn26BzviNaApfhaYww7EA3ByxDC2RPACvYdaiNXo92qKN2dREhN+2mM1ojzFFR4wZtsWaoiduK/ritmAgbjMGEzYxW7At0hi9CWYYSOUR2EZE4K50V8YNHclOaIi2QkngRmR7rEaetxHyfNYi39cI+X7rUBhgjOIgE5QFG6OSqQ42QW3oRkUAnhiB+UjgtuhN6BDXIN6EvvjNGEraih1pVtib7YADec44JEYBe0gRWJwG2mc8ApdLAZiP/lWOAD5VEYRTlVIEPlvNrwfMTwUdg8sNcbjcGI/PWqT4e7WVB14efaXTOCunynmOP0cZgJURWDX+KgPwna68sQDM3dmWPSP3FO528vgr4ffvb8+ZQPk87kFXrizl48rXKJc/ZPunyQO2z1NRPu8RO87H3fljr7nP3g9OPEc8VxGB1fBArBqS+fxd9r4qA/AdRQBWHQmsOQArRwDHqATgSFzip/1WBGAp/gZJ8beSKZciMA+/Qpkf48OW+wrnyhWjf8s4Hn55BGbECGAegFVHAUshWDUA85HAp4vs2NRmzMkCK8YSx/h1dLm8rSpMcTRrC45mTnYkY/Mk4rF09ro0cxxNMxWjgA+nrsWhtBU4mGYoTrW8O0kXuxKXiFHAIzH66I80xFDCRhwudMO5aj+cLvfBKXacfOQvj79CsRtOsOPhAfhYgSOO5TO5PP7a42iuLQ7nWOFQphkOsn04lG6iGAW8BvuSVooIvDdpKdumntjuVHYm6Ao74nUwGqeNkVgtYThmsTAUvWjMYNQiDEQtxEDkAvSFz0dP+AJ08JG/oTpoCdZCc5AWGgMWiev61vovQo2vFHurxHQRKv0WM4tQzpbxUz5X+C5m81oo9dES8bfES0vE3yJPbeR76oiRv1y2my6y3JYgg01F/GXSXJcgxZlx4qd5XiJG+4oRv45LEO+oh3hnA8QxsU76jB5i2DK5fwPkGDpXQs+lHvoefVgVeADGIUeZ41gbfhYroy9DP+4qViechUVkLww3R8BwpTN+tsASVkn7sSx4P9aHHoFRwG7oOTRgqUMZDG2SsXCDK7SMzDBv2TIsWqaP+fqLoL/GECuN12KViTGWrzOGs08wNjvbYo3bCqwLXA/H9Cj4lzbBPW8n7NNOwibtJixSH8I84wnMs5i8B7AouAPLwluwLrwhWBReh0XJbWwtvQ3TklsCD76WFTz+3oNtzT3Y1d4X7OsewJ6PCq6/L/BRvO7112Ge1IsVnsVYF9LE5kfhV38T9oVX4Vj5GPZVL2FX/Ra2jE3t57CtfyNG6zo2voBT43M4NL+EdfMb2LZ/AZvWl3BofQrbxrtwar4Dh9orcKr9DC71N+BSdwdu9Y/h1vCS+QrOjX9g2/93ODX9Cc7s9S7Nz8e4trwS1wp2bX0N57Y3cGJTJQe2nEdfp7bP4cy26dLxJdxavxIjjT1av4Z729fwbPsdPNp/J/tZE0IIIYSQ7xe5H4UIIYQQQgghH6f3CsDDRW4YLnDDUIG7MMhHAOewZXmewojgNWY41xOjuV7YxUMwm47k8JHBntiR74WhL"
11898 [Forwarding screenshot on session b1310904-d161-49ca-a1a6-530fba7baea8 to remote] DEBUG org.apache.http.wire  - http-outgoing-47 << "FcMZ7lgmL1+NJetK9MZvak22Ba/CU1h/NTQ/Nq/a9EevQHN4euE1sj17L4JOmI3itDKr73bGb0VnTGW6GK6Yy3RG2eO/gQLxoxh80kW6I43Qxdb1pNkje2JVuhJs0dvphP6s5zRk+6MtkQb1MeYI9tzBQr916MkaCPy/dYj23s9ioI2ozRkEyqCTVATthl14VtQG74JDeGb0RSxhe3jFrRGbWH7Zcr2x5Tti6mI0dt5kGbbHUixwmi6PfZkO2M/e78OFnrgUIEHDhd64ggfBVziI8KvuP5vZYCkQnkd4ECcrgzEqfJAnK0KwYXaMFysi8Dlukhcqo/C1dYkJhnX2lJwvS1NXLNXnOa5g5+6mY/I5aN3+SjebNwS4TdTEYH5dX6lUz4rp7e38wCsjr2uK2fMHbZMSVp31lj4vcuW3WMe8KDK3OdRlS3nU35fhFbxuBRipcel5yijrLqx5yvWK5aJCJyH+8yD7QUMn0oeCorXs3ULIuoybB0P2WsfdbPndLPH+XoU6xYji8W+MmxeuVx1RLEy+HL8lNGqMVgZge+2p+Ee+yz49YDvtCTjdrN0GuhbjfG42cSvAxyLm40xuN4QLVyrY58hVxvNRIprAH82dg3gEFypDhbX/r1YFYBL7HtwkblQHsD4jwXf82U+uFDqhUsVPpJyL1ws82TLPHChxB3nit1wlityFU4XuuBMobNwusiJTZ1wukC6BvDpfHvhTKGdcLrAFqf4KaAFK5zItWQscDzHXMFMOJZlKl0LOGuLcDRrs3Akk9s0GY/BYvQvm09TXBM43QiHM1Zjf/IycW3evUnLsTthGXbELsVw9FL0Rq7AztTNOFXqjIvVPjjNjpGP+j1d7M144VSRJ04WuuNEgSuO5zvjeB6T44hjzNFsOxzJtsHhTEscytyKA+kmOJC2AftS12Cv4lTQe5OXY0+yIaOP3Ul6wi5OLf7y8KuMv6OxWhiNGQ/AQ9FaGIxeLAxEcVro4yIXozdikbj+b3uoNlqDtUX8bQrUQoP/ItQxtX48AC9Ctd9iVPtqCVUKFd6LUOWzmE21UM5P++ylhRIvbZR666LYSxcFnrpS+HXVRhaTzk/37KqLVD7qV5zyWbq+b6KgjwRnPcQ76SPOkXHg0dcQMU7LhGgmynEpohwMZf8NkLPCtxsrg0awKvwYjKLOY0P4WawPO4O1ERewKu4zLE++iTUJp2ER2YOVWyNhuMoBP5q9CVaJe7Au5gR7zRlsjr8gAvJa/26s9qzE4i0RWG4djMVGFvjvsxdh7hJ9GJmaYYO5BT5drI3ZWnpw9AqEtZcr/NK9oG+9BIb2G+GWngO/wm44Z++BY84F2GTfglXOI5jnPoN5/lPmoTg9s0XRbVgU34B58S2Yld3HltIHzD1sLX8Ay0oefB/CiY/ubXkC385n8G5/BK/We/Buvg2f5lvwbroOj/rP4FN7Ajbx1VjqGIEl9rFYH1SO0MYL8Ky6Aveau3CrewHnurdwqOenaf5cGq3b8EaM0nVufCnirV0zv67vGzi2see2PoBF+Sn4b7sKr8YT8G0+jqSRW4juvYrYvnvwb7ohTjftWfsUnjWvENDxNdvHZ3BrewqP1qdwb38Gd35Kasat9aWIwG5tb0QIHtMqxV/X9i/h1vEVfLZ9Lfh2/Bbenb8VU6+O38h+1oQQQggh5PtF7kchQgghhBBCyMfpvQLwaIE7RvLdx0b6juR7isg7Hn292X0efiV8mRgNrDIqWEn1ecM5PhI2P5rrhsF0exFUq/1XozZoDTqiN6MzZgubbkQHP9Vy5AZ0Rhlje9RGdEWbMVbojrFBT6wNeuNs0ZPA5pneRDafZD2mO8mSsUBvqhV6063Rn2GDgQwH9GY6ojvTCdsznFERthlZnquRH7ARlVHWKA41R4G/CUoDTVAZuglVDA/BDRFb0RxljpZIM7SyaXu0hcBjdGcsmzLb4izQnWiFgRRbcQ3kHdlOOFjoKRwq9MDhIk8cKfbCsVIfHK/ww4lKf4FH4FOMMgDz096e4yNAq4NxsTYUl5iLtWG41hyPa61JuN6WjBvtKbjZkSZdh7cjU5y6mUfZu9vzxtxiy27xcLs9G3d40FXg9+Xc7MrGre6cCW4rXiPWoxaAxShdZYCVoRyFq07uuVO531WAe12FCnw+n22Xj+bNFyN7Of68R3zdigAsThHdzZb1SAGYh171U0urkjut9FgAVruvjMAP2jJwvzWNScW9lhTcaUpkEnC7MZ6Jw63GGOFmQzQThet1kcI1rjYCV2vCmTB8Vh3CBAtX2HfgcpW/hH03Llb44kK5j3CxzEvE3wulnviswhuflXvjCpu/XOqGSyWuwvkiZ+EcV+iEswWOk5zJd8DpPPsxE68BbItTeTbCyVxr4USOlXA825KxYBTXAuYROFs1AKuFX6UMJt2E4fF3ooMpRjiQvBb7EtdgT/xK7Ixdjh0xyzEUsxTD8StwMGsLzpW54Fy5B04XeeBMkTfji9OF3jhV4IGT7L9PJ/JdcCLPhe2TC9sfR7Yv9my7tjicyU8DbY4D6Zuwn21rX9o67E1l20lZhd0pK7AvdRmjFoHVAvBovPaEkb88AI+P/tXCgEJ/lDb6oiW9kdroiViM7eFaaA/VEQG4KXAxGgN4AF6MOqbWbzFqfHn81Z7IRwtV3otR6akllDOlntqMDkq99FDE5HsuQS4/3bOLFjJctEX4TWGSnXWQ6MKv66uLBCd+emc9xPHRvU4GiHE0QLSjIaIdePBdzqxEpEKEwwqE2y+X/TdAztLAnVgRcRgrYy9hVcxVrAm/iLXh57E2+gpWx1/FsuRrWJNwCk5Jg9jqkor1xq748a/XwTpuBFtSz2FN/EVszryNpaEHsS5qH9aFdGGJXQ5WO2dgsYknfjjbEHMN1mO1qS0227jiVwt18amWPrY6uGGTjR3C0qKx2nIDdDatxUYffzgkFsCnuA/+1Sdgl38StoU3YVX4AJaFT2FZ/AxWJU9hXfYYNhUPYMVYVD2FedVzMeXX6bWvk07P7Nn8CD4t9+DVeAPe9RfhXXsOfrWnEVh3Av41R+FTsRd+xT0IyC3GBncPLDa1wXKXcMS2HEZU+0UENd+CT9NDuDW8gHPja3FqZeemL5nP4dLyFq7Nr+HW8jk8O34Pl+Yv4LvtDbzabsMsdwTxA+cR1bkbid070HT2CiqPnEX9yRvI6DuJiIYjiGy6gMDKs4jZ/gi+rXfh1cH2teMxfLY9g0/nc3h3PINX+3MRgj3aX8O9/S3c2pR4/P0NW/5beHb+Bt7tnzNv4Nvxlq3jLfw6P4ffti9kP2tCCCGEEPL9IvejECEfyk9/+lNCPji57x4hhBBCJO83AjjPdSwA7yhUhN187wkBeDTfR5LnJ03Vwu/Y4wJ7Dn+eEMD4YzjLHXuLfbGnyBs9KbZoidzMbER79Ga0R7Ep08Fsi96E7TGb0RVjhu5YC8YaPXFW6EuwZmzQn2iDvmQ51uhNtmAsRQjuT7fHQLYTBnLdMFLki64sN9SxdZWEbkVxyFaUhVuijM2Xh25BZbgpKsNMUR2+FQ2RFmiKtkJTlAWaoy3QFm3JWKEjxhqdsXxqrojAliIC820PpNphb64r9ue74UCBBw4VeYoIzGPw0VIfnODXN1U4WRmI01VBOFMVjPPVITjHptyFqhBxjdhLdeG40hiLz5oTRPy91ZnGpDMZ0nV7GfUAfKcrF3e7c3GvJw/3e/MFPs+XqQZhJfX4KwIwIx5ThuRtUvxVBuBvQnlq5+nSGIDZVArAuXikCMCcCMBsn8XIXwUeeWcagOUoI/D9jkw8bOcROH0sAN9tTppWABYReDoBmOEBWBmBpQDMR/t64kq5F66UeTDuYwH4YrHLWAAWEfhDBmBGjARmpjoFtIQH4I2yDqeZ4FCqMQ4kr8e+RCPsiV+D3fGrMRy7DENxyzEctxoHMkxxlh3jmWJPnGb/HeLxlzuZ74ETeW4iAB/P4/HXeSwAH86URgAfVpwG+kCGCfanb8C+tLXYm7oae1JXigC8N2WpGAm8O8kAuxL1x+xM0BNG43QxEqujoK2Iv3yqrQjA2oyOFICjdAQegLvCtbAtTFsRgHXQF"
11898 [Forwarding screenshot on session b1310904-d161-49ca-a1a6-530fba7baea8 to remote] DEBUG org.apache.http.wire  - http-outgoing-47 << "KitEoC1UeunJRuAq3y0UOm1SMTfCrUAXOK1BIVMnocuctx0kemijXQXHRGAk5lENq8MwNK1ffUQ66Avwm+Uw1JE2S9FJBNhv4xZMRZ+uTC7ZbL/BsgxCDmE5TFnsTzhBpbG3MSqyM9E/DWKvYpV8VehH38ZaxJPwCdnN3yiymHvEIpfzTWGTewAtqSewdq0a9iQfRerky5gfcJJGMfswkqfZix3KcRCkyDMWemAxWtssHClKTZYumLxig3QXbMR68xsYGC0ERb2njB38MQGG0csNbOEkacffIpqEdayG3ZFo7AtOQPLomswL7oPs+KnMC95Bsuyp7CufAybqiewEPH3OSyrn8G2+ikcah7CueYe3Gquw7PmMiwydsAqvR82aV1wzuyGR04X3LPa4JRSC6e4LLhE+cE2yB4mbmx/bO1hl1SEzdHlME8bgHvNJbg3PoBb03O4NL2Rwm/r5yLEerQzbZ/Dp+0PcK97i6D2F/BruIwN0TVI7d+H6OYmJLdXo2JXJ4qHmtFxYjeK+3uR2tyNnI69iKvZgbyhGwjbdhMB3Y8Q2PMEQb3PEdTzEv7dL+G77QV8Ovn0Dbw63zJfwLPzS3h2fM3mfwfvbb+H7/bfwn/bawR0vWSve4OQvrcIH/wKkcM0ApgQQggh5GMg96MQIR8Kj3N0o9uHvFEAJoQQQqb2ftcAzuHX+5UCML/mLx8BPFrgzaZKPowvW+bH+DM+GC30lqZj/LCD2VnozwSqCFJMfTGc446RXA/sKmTPz3NHb4qtOM1yW9RmdMRsQWesKbri+GmWt6ArZiu6Y83QE2eJ3nhL9CVYivjbn2iNfh5dk23FCNyBFDsMpthjMJVNU9nyFCv0MTzKDmY6YjDHFX2Zrhhi+zhUGIDOdA9URVmjPNwClREWqIo0RzVTE2mB2ihL1DH1TEMUj8DWaI6xQkuMDdpibdEea4POOGvGCtv4NYcTrNCTJAXo4TQH7Mh0wu5cVxwocBenhOaOlHjjWLkfjpf7TwjAZ6uDxamflRH4fFUILioC8IW6aFxujBMjgG92pE4IwGOnZe7KF0QE7srDvR4efgvwoK9wDF92t5uH4Ilu90x2R/kYWzd3d3uucI/hp2G+z6b3t8lQPD4JH63Lr8U7XexY7ncXqShkCtjyAjxi+HV9RQBmHrNt8gDMIy6/r4y/D1RC74MuHqAnU65jLASrRF/1KKyMwHIB+G5z4rcagC9V+k0IwOdLPIRLpZw7LvORv8UuIv5+dwHY/FsLwJxqBN6ftA57k4wwHLscowlrMBizEoPRa3Akh+2buJ6xh4jAp9h/j8To3zxX6fTPuU44lu0wYfTvoQxzHMo0HQvABzI2YH+6EfalrcHetFXiNNB7k5dhT9JS7E40xK4EA+xM4PFXsiOOB+AlGInVxXCMjiL8amE4msdfbbZf2iL8ivgbyfH4q4NuNs9H/3aGaqM9hAdgXZkALJHCr45Q5aONKm8+8ncxKphypsxTCyUe2ij25Nf+1UWBhy7y3HXFdX8zXXREABajf12XIFFEYB6ApdG/sY76iHEwEKd3Ho+/SxFutxShdssEHn6V5P4NkGMYdQYrEvhI3wcwiLuHVdE3sD7+JtYl3hIBmI8AXp1wFL45uxCcWANPrzjMXrQZNrF92Jx+Gmuzb2Bl5m0YF9yFccZFmKafhHnKfqzwqIKuRRKWWcXA0NQXv9QxxvItTtBfvxWGJqZsagK91ZuwcZM/7OzjsMnSB0s2bMUKR3vYJCfAvbwa7jU9cK4+ANuKC7AquwuL0qfMc1hWPId11TPYVPP5Z2z+BexqXsCx9imcax7Apeom3MovwqPsONaF1mNDcDk2BxfBMrwQtpF5sA5NwxavCBg7OWKjw0o4B5vANtAMeuZGMA4IxDLPKGyMq4d33Vl4Nt6Ee/NDuLbw0zJLo3E9OqUo69v5FQJb/wjv6jeI7niBkPozWOWfiozt3YioTENsdSQSa4IRVeyJ0u2piC4KhV9qMOKKcxCek4/8ngOI77uO8MEniBx+gaiR14gceo2wwdci5gb2vGG+RGD3bxDQ9Vv4dX3N/BH+3X9CQPe/I7D3D4gY+kq8Jmr4c0SPvEXM6JeI2/ml7GdNCCGEEEK+X+R+FCLkQ6EATLcPfaMATAghhEztvQJwX5YzhvLcRfwdzPXAQI47hvn1fPMkwyIC8wDM4y9T6IcdRb4MnyoUBgg7iwKZ4El2FAWImDyUy08v7YUdBd7YXegrrh/cn+aAbfEWaIsyFTG4M3YrtsdtRXccD8Bm6GWP9SfyAGyJgSQrEYEHkmwwmGzLOGAoxQHDqfYYTbfDSKothpjBFDsMsGX96Y7YwbY3mMOOjY9kLg7GUEEgWpOdURNlhcoIc6E60hJ10dYStryeTRuibdEYa4umWDu0xDmgNc4enQm2bF/5NY1tsD3BBt2JNuhl+9HL47Q4JbQjdufw0cA8AnviUIk3Dpf54liZFIHHRgBXB+NcbagIwBdqQgV++ufL9ZE4XxuFi/UxuNIknQr6RjuPwBljp2W+15WL+908mEqjZO+y+Xs9Bbjfy8Nv0Rh+ny9Xd4e53cso5rm7jHisKw93tueJsKyMzHwU7lR4pJXzqLtwRh50s/3uKVbg89Lyx+w4eQB+3J2Hx2z/eAAWEZjHXB5+u/iI44nxV3VUsCp+reBJEVidSgR+0JktAvDD9nQ8aFOeBjr5gwTgsQhc6ini77lid1wodsPFYmnUr6oPH4C5mQZgRib8ckcVcXhCBGZ2xK/CLjYdiVuLvohV2JnInptrj1OFrow7w0f+8vjLR/8641gOj792wpEsPvrXAocy+OjfLcwmHMgwxv709dII4DRpBPCepOXMMuxOXIpdCYbYGW8g7Ijj8VcyErMEw9G6wlCUjgi/fDrISPFXGvEr0UFPlC662HTbWADWlQ3Adf46jC5q/JTxVweV3tqo9NJChYcy/i5GCZsX8ddDCwUeOiL+5ogAvAQZLjpIc+Wnf9ZDkqueiL+J/Hq/IgBL1/odO+0zE8lEMGE8ANtKlPF3JqeAXh1/BetSbmFV6kMsT7iD1XHXYZxyE+tTrmFV4kVsyL2GtYn74JzWB6/oSjh5xGHWws1wiu2CXdphmGaexdrkM7AtvQ/z7Kuwz7sC7/KrWBvYiqVuxTB0SMdS2yT8i7YtdE0CsHCVA2OGuSvWYdlmR9h7FMLUJhe6a32gZewMI48ArAsMgWliGkJaB+HTeACe9WfhUnMDDtUPYFf5DLZVL2FX+wa2dW9hXvMSlnWvYdfwFk6Nb8Upm91q78K96jLcy49jdXAFjALzYByYiq1BCbAKiMZWD3+ss3DAsg2rYeayHFbeS7HGWg9am/QRkJuN6NpORDfvRdz2S/BrvADfpuvwaboL77aH8O14DP/O5wjY9gLB214htvtrhDc9RebAcyS2n4ZxQAwKetsRUx6BuFJ3JJbZITB1DZKKbWDjo4u1lvNg57sRNl6WiCkpQfrwecTvfICkHU+RvOMl8xbxI58jevAtwvu/QCgTNPAVgvp/i8C+r9n0Dwju/xPCBv4V4YN/RPTob5g3iBp5iaihx4gcuIeovtuynzUhhBBCCPl+kftRiJAPhQIw3T70jQIwIYQQMrX3C8CZPAB7iOjbn+2GngwXDOTwEOyBwVxPDOZ4YzjPFyP5fkwARgr9MVLE5nnUHRMk8MA6WhQ6SW82j69B2FMRhl0lwRgRo4Z9sa8sGLvYuob4dpMd0BlvhY44c2yLM0NX/FZ0J5ihJ8F8LP4OJFqhnz1nIMEGg4l2GEqyx3CyI0ZSHLGDR+A0O4wwPAgP8gCcwqQ6YCTLHTv46an59YzZsYwWBqCPHVdLkiNqom1QGWGJ6ihr1MbYCnXRtqiPcUBDrD3jiKY4JzTHOaI9zhbt8TboYNvvTLRFF9uHnmQ7EYJ7kmzZtuwxkumEXblu2FvgiQPFPjhU6ofDZf44WhGI41XBOFUVIpypCsW5mnBcqI3A5bpIXK6PEvgIYB6B+fRSQyyutvAInDZ+Td7uPBF/lQH4Hpve5bGXR9/+YoHPc3y5HB6AlfF3UgDmI4oV8ZfjMfeBYnszwQPuzCjjr3oAL"
11898 [Forwarding screenshot on session b1310904-d161-49ca-a1a6-530fba7baea8 to remote] DEBUG org.apache.http.wire  - http-outgoing-47 << "sQTtm8iAHMTAjAfbSwFYH7qZz4/VQBWrkMuAqveVx0J/KCDnwo6A/fYZ3C3LRV3WpOZJNxsimficKMxRrjeEI3rjVG4yj5Lpc/YZ3uFfcZXeNyvCWGChUvVgbhY7T9mwijgUk8Rf7nzRfx6vy64UOQ8wXcXgM1xLMtMOJq5VTiSYarBZhxO36TRobSNwsFUExxIMca+lA3Yk7oBI4nrMBRvhP4YI/RGrcWOpC04kueAE+y4jxc641iBE47mO4plx3LscTTbVsTfI1nStX8Ppm8VAfhAuvL0z8prAK/G7pSV2JW8XNiZtAw7EpdiNMEQI/EGY4bj9DEUq4fBmCUYiNYVp3qW6IrwK8VfXaFHjPxdgq6IJdjOdITpiNM/iwActARNAbpo9NdBgx+Pv7pjavyWoNpXdywAV3jx0z7zAKyFUg8egLVR5K4j5LvrIlfEXx1k8QDsugRpjAjALvpIYNMEFwPEO+sjztkQsc7LEOO4HNFOK8Q1f6McpGv+htuvQIgdw6dMKFse5rhK9t8AOUYxF2EUdwlGCVdhlHQNRqmfMWxZ2hkYpR/DhqzD2JKxC16Fu+Ca1AIbn1zor/GGk18ZvGM64JsxCuuofgTkXYFF5DHo2m+HQ/oZ+JSfwfqIdmyM2obFdqVYYFYGQ9t6/HJZNAzM4rHM0hMr7AOwNaQJljFDWGJbBB2bTNgmtGGlZyZ+ZeKD9cEFiGs/Cq+y3QhoOAeH0tPi2r58pK97y++xuewFNta/hXnH72HW/DW21n4O57bfw7vzt3Brug+3uvP4sVUk5rtF4hMzexg4OmOrly8Sc/LwV3/119i0ZSOMLPSxzsEAlv4WWGphDDO/ICRUd8E7sxVp7acQ13IaVik9WB/eBKu0QfhUn0Rcz12kDD5D7PY7iNt2A8ndnyGx4ziCyzphaO+I2KoMhOd7I6HcGcml5jBx+HvY+f4CGyz/AUvX/S0snRZjk4U2rHzs4F1ci7COw8jeeQsFe58hd8crZAy/RcrwF4gf/hKhA68QOPQK/gqBg28QNPA5wvp/g7CBLxE+/BUS932NhF3PEdp9CTHdp1Fw4JrsZ00IIYQQQr5f5H4UIuRDoQBMtw99owBMCCGETO29AnBPJr9WrrvQk+mC7nRn9GW5oT/bA/05nhjI8cZgrg+G8vwwnB8gTqU8rFTEBWKkKBgjPP4WhzJhCuHYURwh7CyNYM8LEaNvhwuDsKMkFLtKQ7GzOIhNg7CnlIfgAAzmeKAnxRGd8ZbYxgNwogV6Ei3Rk2CBfh6Ak+0gTgWdYIOBRDtF/HViUweMsMdGU+2wI92BccRomiOG0+zRl2QtThHNTws9kuWEg6V+2Ffsg92lgRgqDsS2DE80xjugMpyfEtoKDXEOqIu2R02UnZg2xDqhMc6ZTR3QGm+HtngbtMfboiPBDtuS7NCVZI9utn0egntTHDCQ5sS244ydKhFYGYCPVQbhpCIAn6oMHgvAF+sihUuMMgArI/DlxnhcbUnGrY5MEYEnBeAeHn95+C3Bg4FSpkTMSwFY3u3eQtxhr1O6y9fBp2ydd7v4ehURt7sQD7sYEWTlSadrnmz8OcrAO/F1k2kIwGzKA/CTnnw86Wa68gQRc3v4qaalUcDvir8cD8ZTBWDlsvERwFkTArAUgd8dgHn4VZpJAOangFYG4LNFbu8MwDz+Ti8AS/F3qgCsjMDvCsCaIvDhjC3MJlmHeABO34iDaSbCgVRj7GP2Z2zGSOJ6DCdwG9AXvUaE4D1pbJsFUgQ+xo7lKMcjcA4f+cvDrzTy91CGFH/56N/96WydaeuxN5W9nsff5FXCThF/l2NHIg/AyzCasBQj8YYYFgwwJAKwPgZj9DAQzSPwuP4oXcUpn3n85eFXdyz+dobroiNsiYi/bcFLVAKwLhr8pJG/kiUyAVhbxF/p1M+LUeyhhSJ3bTH6l8dfafSvjoi/6TwAu+gh2UUfiSIAGyCeiXMyRKzTUsQ4LWdWINpppRSAHVchkgl3WDkh/irJ/RsgxyTuKowTrsE46So2pF7H+vRrWJd5FUYZF7Eh4xy25pzFuphRuOYchmNsN1zCG2Hlko71G31hYRcB56B8bPXMgXtsDzZ6NuJXa5Og61AOy+RBcQrm1SHbsdCxAToO27ExcB8WbamEvmUBllrHwMg7B8YxfbDJO4u14cNY6t0Om+Rd2Bq5HfqO2VjrXQCruAaE1OyHZ9leBLVegWv1NZgV3IBH6x/g2Px7WLZ/ha3tX8C8+XNY1r6FRfkzWBQ/gEPlffi23EFE9w0ENO6HY04tLKKSYbjVDG4B/vjxj/47li9fjBWb58LIXgv6mxdjqdlKBKQkISgtF3NWmcI3rQpapp745Vo7zNrkjtXeyXDPaUfK9lPI7L+C8PpDyBw4h/K9V1A4dBzeOcX4Z72F2OpnAc84c2TVuiE2zwgmNn8NS7d/grPfr2HjOgsbzH4J3WX/gvV2xijYcQDFh26j+vhLVBx8g6KdXyB/9LfI2fF7pO/8HaJGv0DYzrcI3iUJY4+H7/gKUSO/RezQbxHR+zkSd3yJlNGnSOi5gLSuwygcPir7WRNCCCGEkO8XuR+FCPlQKADT7UPfKAATQgghU3uvANyV6TwuwwXdma7ozXZDX44n44X+XF8M5PlhMN8fQwUBGOQKeQgOxFBREIaLefwNxUhJGEZLIiSlkdhRGoWdpdHYURYt7o8wo6X8McmO0nDsLo/A7jIujOFROAS7S4Ixmu+D3nR7dMRbiBjcnSSNsO1JtEN/sgMGku0xyAwnO2EkxVlMR1OdMZrmhJ3pTtiV4Yxd7Hj2ZPL7PAxbMZbYkWaJ3RnW2J/viH2lPthZHoJd5WEiXnekuqI2ygY1kTaoj3VEA4++TH2sE+OMxnhntCY6oj2R7Veig9CZ5IBtSfbYzvapS0RgR/SnOWMg3RlD7L0czXbF7nxPEZ0PlweMjQI+WS1FYB6AubPVYVIMVgRgfgpoJT4K+FJDPK40JuFGW7oYBTw2QpdH4F4+2pdH39IxPAjf7eUjgXkInuwOf1zxHPE85j4Pr70lwkOlnhI8Zsbuy5gYbscpH1Ne11e5TBPV12oKwE+5bgm/L2Juz2Ry8ZdTRl7V+KuMver3ldcAvt+eifsd6SoBOEVE4EkBuFEKwJ/VqYRfhcs1oZoDcBWjuP7vhTLvCSOAzxW6MM44X+g0gTL8KuMvj73qePg9lWs3Rhl+1WkeCaw5AKuG4MPpWyQZW3Aok9s8CQ+04hTN6RuF/WkmzEbsTd2EXczOlI0YSdyAwTg+EngNBmLXYk/6VhwvdMSJIj4C2EERgG0V4Zef9tkUB9l2D6RL692XtoGtbx32pKwdi7+7klZiR9IKYTRxuTCSsEwYjl+KoThDYTDWAAMx+pJoJkoPfVFLhN7IJeiJ1EM30xWhh+1MZzgf/cvjr4TH35YgPRGAmwL00Oi/RIq/fmzqp6cSgHVR6a2DCqbMSxuligDMT/1c6K6NfHcd5LpJp37OdNVFhqse0lyk0z8nOiviLw+/zjz8Mo7LEaXkwEf+8vi7Wghn86rhd8YBOPE+jJPvwTj1HkwyHsA46yGMMx8xz7Ax7SmsM97ANPom/HIewj36ELwiOuEXWoR5i5Zh7UYzbHbyx2o7H1iHJWJrcBx07X2xyCYYRkFliGy8BOvkfdgQMozVPn2wiN4LbesqLLGqgJF7IxxT9mFr6lG419yFU/Fn2Jx0AA5Zx+CRfwzmsV1Y6VUCQ48cRLWegFXWAMI7b8Kt5iYsC2/Bo+m38Oz4A1w7XsOy9jbcmh8jtOc3COv4EkFNbxHR/BUimz9n0+fwLr6AoJJDYlTvWlsP+EeFwMF1E4yMP8Ua0x9hneVP4Bi4gtkAOz9TuEe5Q8d4OXQ2rYVNqD82+npik78vbGPiEFZeg5p9x7H9/C3UHrqErL7DqDl4GRW7jrH1Z+Nv5/4ESy2WwDtmI0pbvJGQY4TQJB0ExmnDK0wLm+xnYfHKH2GD9QrEV5Sg/uQ9VJ35EuXHfouC3V8gZ+gr5A7/Cbm7/gOZe/4DSXv+DXH7/hXRB/6IyAN/QPTePyJu958Qv+NfkTL6RyT3fIWsgc9RMPQUB"
11898 [Forwarding screenshot on session b1310904-d161-49ca-a1a6-530fba7baea8 to remote] DEBUG org.apache.http.wire  - http-outgoing-47 << "X1Xkd9+EDmNQ7KfNSGEEEII+X6R+1GIkA+FAjDdPvSNAjAhhBAytfcKwNszXYRtGc5i2pXlhu5sD/TmeDM+6Mv1RX+ePwbyAzFYEITBwiAMFAVjqDgEQyWhGBZBNxIjZVEYKY1i81EYZvOjZbGS8jhhRExjxPwONt1ZHo3dlTHYUxnLxGBvFReNfZXROFgbg4PVkeKaw92pzmiPt0ZnnA26Eu3Rm+yIoTQXDKY4oS/BHoNJ9tiR7oaRVBeMpLmyeRcRgPdkOWFflgOOFjrhUI4tdqduwWj8OuxMNMKhbDMcKHZj2wrBvopQ7CoLwYGaKBG4a6P4tYBt0ZrkhuYEV9RGO6AuxhEtSe5oSXRGW5KT0J7sjA62L51JjtiW7ITtqY7oTnFEL9u3vgwX9DPDWS7YmeuBfUW+OFgagMPlQTheGYoTVWHC2bpInKuLwrlaNmUmh99YMQL4cmMCLtbF47OmZBGBb3dKEfhRXzEe9Jfibn+JIMKuYl55XxNl/J0yADM8AD9SLJfDXydH/TERdqd6/gQqAZgZGwH8AQKwMvqq31dG4AeKawArrwP8oC0V91uTx64BfLspVuU6wOPXAObX/53uNYB5AB6LwCrXAP7zBmBpJPCxLAvhaKb5JEcyzHA4fatEBGBTWdIoXR5rNwv70zYJe1NNhd3Jm9nfpQlG4tZhMHa10B+5ij22BWdKnHAszw6HsqzZlF/310yxTkX45aOJ0/ipn1UD8BrsSlIG4FUYTVwpjCSsGDMcvwxDcZLB2KUYiDFUMEBflL7Qy3RHcgbC9ggDbAvXR2eYHtrD9NEWqie0BumhJdBAxN+xAOynJ9T68hHAemPxt9JrCSq8dFHqqYMSLx0Ue2iL+FvgroM8D92xAJyhCMCpLtLpn3n8jXNZhjjnZYh1WiFz2mceftcwaxHORDBRTkaTyP0bIMc45TFM0h7BJOMhTLIfYWPOQ+YxNmc/wdb0p9iaeB8ebD4k9w78E/fDPaASLp6x+PTT2diw2RirLeyx0GQjFm1dDm3rZVjqYgwtWzMsNA+Ac/IAQkouIrD4EqzjhuCQNopV3vVYH7ANtrEn4FlwD3ZFt+DW+AQ+Tc/hXHYdTkWXEFB7HZ5Fx7A+vAUbIpoQ1nwGllnDcKs6g8B29tzW13Cp+RzuDZ/Du+khvOo/Q3jnbUR33oRf2XH4l5xAXNNtpLQ9QWzDfcTU30Biw3mEFfbCPigSAXH+CIy2hI7hf4bhmv8Dyzf8X4jL3AS3IEMYW87G6q1zsd56CRas/gR+7N+DkKxg5DTno3FnJ1oODKDl0A5Ujgwgob4RKZ39KNt9GBWjuxBakI1Pl83GWist+ESuQ3qRGQKiFyMl3wguAXOwZN1f4xc6f41PDH4GxzBflA7uReH+B8ja/yUydn6JtIEvkTXwB+TvBIr2ATlMKpNw4P9B7MH/QMyBf0fcvn9Dwu5/R9LOf0Pa6L8hd/hfUTj0W7b9t6gavo+C5oOIy2uX/awJIYQQQsj3i9yPQoR8KBSA6fahbxSACSGEkKl9iwHYVSYA+6kF4GD0FwVjoDgEgyVhGC6LxEh5FEYrotk0Rhit4OE3HjsquASMViYqJLD7idLyyjjsYnZXxmNvdQL21yTgQG0iDtRxSTjSlIrjLenYXx2HobwAdKd7oDvVFb2pLuhLdUZfiiP6maE0J4xmumMo3Q1DGe4YyXDDTj76N8sR+7NtsTd9K7pD9FFt9zNUWf8zOr0+wY7IJdjJlu8u8cP+8mDsLQ/CodooHG+Iw57ycGxn22qIsUNtlC2a4l3QnOiKhjgntCa5MM4i/koBmL1vbLo9RdLN9q0nzRm96TwCu2KA7cdItht253thb5EPDpT44wjbnjICn+Xhlwdg5rzimr8T428crjQlMIm43JAoAvC1llTcaOOng87Fw96isQDMo+5tHnT5KN+BMqZ0UvRVutVThNvd4+4wd7uKJsfY7mI85Hrk4+9UHvaViunYOhXLlPfVqUbnh+w4+LE9ZvvJRwA/7pZiL6d6CmgRgXsnk4vCnHIdchF4wn1FAOYedWThYXuGSgROZVJwh30ud5riRQAej8DRIgLfqJdcq1NG4KkD8Nj1f1UCsIjA36MAfCh9PPRqMiEAp25WBGAz7Ekxxa4kE4wmGGE4bg0GolegN2IZhmJX40DGVhxl+8VH/x5l+3U4i0dlPqqYjyQ2Zq/np32W7Enhp38eD8A7E/nI35UYEfFXCsDDIv4ux1ActwyDYwFYisD90YZj8bdHEX+7IvQFKf4qAnCoPlpD9NAazKaBBrIBmMdfrpoZG/3rqYtyhgfgYk9tFHlIATiPj/5l+OmfpWv/6iLdjQdgPaSIUz8bigAc67x8GgHYCBHM+wTg9emPsCHjIYxzHsEk7y425d/ElvxrMM2/CIu8U9gcP4KwmtPwyehGRE4rQmJz4OzmDcMl2li3bi1MnbyxZOsm/Hz1P+EfDf93zDf779C20sWizQ6wC2tCRME5JDdch31yK5yymmGWVA+nnD3wLnwIx7wXcKv/Avb8mr7Nr+HZ+AquVffhU38ffvU3YJtzAHZ5e+BWfogtO4eNyTsQ1PEUET2/g33ZU/g1vUVQw13Etl5FdNNh2CaVQt/eA0ud3OGQmIGIilZkbz+EpoN3UDl6HjFlzfBOiIRTkDlcApZBb+X/FyvX/icYm/wNwqOWw8L250hm33GD1f83TCw+QUSyBeq3J6OyMwWtIyXoOdiKjj3NaN3dhu5Dg9h+dBdSW5tQtmMUFcN9iC1JwZL1c7Fy4y/g5quNwHBt5BaZIJsxd/oFtNb+ECusDWAe7I6o8lrkDZ5F6s4XSNnzR2Ts/ndk7fwfKNwLsMNFCZO7D0jeDSSyZbH7/h/E7P0fiNv9H2L0b+LIn5Ay9G/I3vU/kTP6ryje9TUqdj1HVvtJBOd2yH7WhBBCCCHk+0XuRyFCPhQKwHT70DcKwIQQQsjU3u8U0Fk8+iq5oyfHE725TI6PIgD7oz8vYCwADxSFMKEYLAnHUGmEiL87KmOxszKOSRB2VSUyydhdnYLdNSkYrUrBiJDMnpvCsGlVEnucPycJe2uSsb8uBQfrmYZUHG7OwqHmHBxuysbxtlycaM3B/uoEjBaGoD/LG10pzuhKtkd/mhMG053Ql+qEgQwPDGZ6Ypgdw84sF+zJdsCBbGsczDJFp+88NDr8C1qd/xktDn+HAd+fY0+aMUZyXbCrwBOHKoNxtDaSicKx+lgcqo7CMDve9mQ3NMU5o4mf/jnJDS3JLmhNdkWbQnuKKzpSXNCZ6optqS7oYrrTXNGT7ioi8AAfBZztih15HtiV74m9hT5iJDCPwMcqQnC6JkJEYO58fTQuNoyP/uXx97PmBFxtSRLXAL7anCLi7/XWNCYDN9uzcK87X4zevdtbijsKd/vKcH+gQlAum6BPes49Ffd7y/CAudddgvtcl+QB85DrkR6frodsnQ/7yhX3eQhWLi/H/R4egSd7yJ73rgD8RCUAixHBMvF3ygDMyURg5fyECKwIwTwAP+oYD8AP2ycG4DvN0ihgKQJHq4wGjh6LwNMJwMoIfLHMa3wU8PcsAB/I2IL9Mg5kSvg1f7l96ZuwL40HYDPGnNmK3ckbsTNpPUYT1mIgejmGYlegP2o5+iNXYj9b/zF2PAf59rI241DWJrYtfhppKQDvSZFG/o7H39XYmbgKO5iRhFUYUjEYv1IYiFsxpj92Ofpilkmil6I3Qhrxq4y/0shfA3SGMWwqRv+GGEjxd1IANkCjv74iAOuhxkcKwJXeDB/966mLMj7611NbBOBCDy0UuGtL8deNB+AlyHLTF6N/010NRABO4gHYeSniXFZI8dd5pYi/0SqnfObhl0dfHn/DHdcj3IFN7dcwqyeQ+zdAzvq824Jx/j2YFN7DlsLb2Fp0GZbFR2FbPAyb7GoEV9fCJSkKsYWpyK/MQ3x8OJysLLBquRE2WHhhmZUVllh+gk/W/2+Yv/mvoG36c2hvMIV9YCWi844hoeIElrqGYmVgCNbHpMG+cAB+ta/gVvk1PNt+D6ua57CvewX31i/g1vASnvVP4Nv8CN711+FQcgy2hQeROPwE6xNH4"
11898 [Forwarding screenshot on session b1310904-d161-49ca-a1a6-530fba7baea8 to remote] DEBUG org.apache.http.wire  - http-outgoing-47 << "Vp9A8Edb+FU/gSxPX9CTMtDxNafgWt6A8xCo2Ae5o5N/uZY7boB6z3NsdHPDbHVlcjp6ERiVRnCsiPgELgBpo6/xirj/4p1a/8OG9b+PUIDl8J860+Qy/42rGx+hai4dcgqcEBIrDESc5zQ2J2J4UMt6N/fim07m9A61IjSbdXIbK1E5eh2lPfWIzo3FMs2fIJla/4eAYFaCA9fjLz8DXD3/RT66/5vzFnxzzCwWguTwGC4Zdchsfcy0vb9Huk89h4G2GGi6ABQyqZ5e4CUkf+B5J3/LxJ2/78i/Mbu+ncRfxNG/4SU4T8geeh3SB35A9JGv0LBnjco3fsAub0nEFvTJ/tZE0IIIYSQ7xe5H4UI+VAoANPtQ98oABNCCCFTe68A3JvrgZ4cSW+ul9CX56sxAA8Wh2KoLALD5ZEYrYzBzup47KpJwJ7aJCaZScXeujQmHXvr07GvIR276jKwsy5T2C1kMMrHM3CAOcied6gpg8nEweZcHGkvwanuKhzvKGbLsnGsJRsnW7PEdYNH8v0xkOWG/gxn9KXZozfFAf1ZnmyZF4ayPLAj2wV7cxxwMNsK+1PXYyhsMZrs/h4djn+H/WG/QrfL36EvXBd7C92xK9cVo+z5+0v9cawmEsfqonGiMR7HGxKxqywc29M80ZrggrZkd7QqtKW4oz3FTehIdcO2NMn2dFcRgJUReCDDFcNsP0eyPTDK3t+d7L3dV+SHgyWBOFIWghNV4ThVHYkz1fw00NE4XyeNAJZG/saLAHytNRnX21IVI3/TcbOdx99M3OrIxp3teWIE763eEtzmYbefj/ytwL1Bhk3vDpTLejBYKTxUeDRQiccMD7QPe8vxSMVjZqoALF4zBdXnPeqvmPS40iO2/+NKxOmtn/RyRdB0CuinvWx532RyUZhTrkM9AnPqUVjpcSePwJkiAkshOE1E4LvNibjDPh8egMcjcAybjxX3eQTmAVg6HXT4lAFYGYFVA7C4FvCfMwBncdY4xqbHMq1wNMNSjQWOpFvgcJo5Y4aD6aZjgVedpgC8L9VC4AF4T8om7EregB2JazESvwrDcSvRF7kMveHLMRq/nj3fHPvT+EjijVL8TTcWAXhfGn9MEYCTJwZgMfqXrWsoYbUi/koG2LrH8QC8An0xPAIvR2/00gnxtyvCANvDlaN/DdDBtIcaigDcEqwvrv0rH4D1pdM/+yxBlbfeWPwt99AZH/3rroNCJt9NB7muOshhst31kOmmL0b/TgzAyxHnvHJCAI5yUr3mLx/5u06Kv8oAbLdmErl/A+QYl56FSellbCy5g83Fj2BW/BiWJTdhW3YYzhUdcCpOgFmiGezZe+udZIT8yhAU5cchyNUHxitssFDfHnOWb4Ke+Txobf6/MHvND/BLg/+MWUv0YO6UhOSCPQjP68HsTZuxPNAFW7OSYFnUDM/Gu/Bp/z1c27+GY+sXsG/6As5NX8K99St4tbyFd8sLBLQ/g2vNFXg0XEbs8HPYlpyBVcE5BLS+EqN/43v/iITOZ4isPwOXjAZEVNWgZncnQgqDsGjzrzFn3S/w8xU/g665IezCnRBZGI3wLB94R23B6k3/iPmL/zcs1f0HbFk7C5EBm+DpbICwYCO4uS5GUspWBIasRmKaHbILfVFcGYucklgUVKahe0cHdh0dRetwB2qGWlA5XI/06iT4xVhj7cafY/36v0d4qA4CfH6NnGwj2Dj9DJvt58LQXAcrXezgmVeHmM4TqL3wP5By4D+QflgKwPyUz/zavzk7/w0Zw39AfN9XSNn5r0jc/a+I3/VviN/9JyTt/COSd/4e6aNfI33HF0geeYKMXfdQuP8Gyg5cQOnufSgY6Jf9rAkhhBBCyPeL3I9ChEzXxVJd/EC3FBdlHpNDAZhuH/pGAZgQQgiZ2nsF4P5cT4bHXw9pPs8LAwW+6MtVBuAAtiwIA/khGMwPw2hxJHZURGNnVRx21yRgb10S9jWkYH8jD7ppIujuq8/C/oZsJkdM9zTlYrfCnsY8hk9zsb85DwdaCoSDLfk42FqAw8zRznIc3VaFwx3lOL69Aie7ynGkNQ+HGtJxsj0Lx5qSsaciDAN8pDK/3m6WG3qz3dGX44FBZiTHBbtyHLE/1wbH8iywJ2EZBoNmYcj3x9jh808Y9flntHvPEc+50ByFA8Xe2FvojaOVYThcEYqT9XE42ZCEM61pONmchl3FEehM8URLsgdaUjzQptCe5o6OVHd0pnkwPABLEZjrynBDHz81dZY7RrKlkcmjOZ7Yne+D/UX+OFzKRwHzawFH4HRVJM7U8NNAx+JiYywuKQLw1ZZEEYBvtKeJEcDX29JwsyMDtzoycbszC3e7eAAuwM0efmrnUtwbLBfxVwq9PARXMlWT3B+owoP+Sjxgz3nQz+YH+DyPwNVMlQKfr8QT9jgPtMqRwvcVo4Z51OXzD/qlgHufTZXzIuiK2MvWLwKwNM+XPWLre8S2LRmfl15XKr1WJQaLCNxXxBTiaa8q+fjLycVfJdUIPB6AJ44MVsbfR9ukAPy4Uz4A322RC8DSfRGAFdcE5gH4ak3otALwJXEaaCkCnyt0ZcYjsGr4FfGXmzIAKyJw3jcJwNZSAM7UFIAtVQKwOQ6mb8WB9PHIq0pjAGavGw/Am7E7xRg7k4ywK3kdBmNWiAA8HLtWXA94MNqIPW8T9qfzkb+KAKygDMDK+Ds2Apif9lkZgGXjr0RTAN4eqT8efyP0pfjLtIQaoDXEAE0hemgK1kNLkAGaGWUArlcE4BrF6Z8rvfVQ4bUEZV66KPPgo3/5tX91pADsNh6As9k0iwdgdykAp7kZiNM/J7kYTAjAsU6KACwTf8McjRHuYIwwBzbvYMSsnUDu3wA5JlWHsKniDLaU34V56UtYF38B++JncCk9D8/yHthmhGCx7a9gHbUIxs7/HSExG5CVGghvO3dsXecGo40hmLfUFDrG86C78W8xe/kP8InuX2HJSkP4hWYgPqsDEVkN0LMzR0BNNpJ39MC9uQeOtRfh0vQKTq2v4dXDQ/BvYNfwFu5tX8Nn29fwbv8cvh0v4b/tMSKHX8Gv/S782u6JABze9QUiu/+AYPba6O6XSBl4hJj2k6jYex7dZ87DPioQ/7Dop9DZoo9fLP01/j//8lf4mf4v4BRmi8BEF2SWBsLJUw9Ll/4DjJbNRlqUD1Ji3FGU7Ycm9nfs47UU5ha/RhH7+zTZMguuXkbw8reAJXu/3fzsUd5UgvrOOoQkBWP07Ahqh8oRkuoMO8+lMN70E2zc8Hfwdf8E61b97wgMmINV6/4rNtovwhJTfZgEBqF0/2coPvwK/3/2/gK4zjQ/8P2n7n+39tbevbv7300qmewmmUkmyUCGoc2Mze02M7Ms2ZIli8FiZmZmZmZmZpbMzNTf+7zvkWTZPm4YTyfp7HuqPvUe1tE5cqta3/o9j13xfYzzHmFR/ALrwqdYZt3GMu0yNumXsM24jGXGFSxzbmOec09eJloinb8orrPOuYVd7iS2mS245NXgXVSOf1EOQYWJhBREqf2sFQqFQqFQKBTfLer+KKT45tJOfI/vfe81J9LU3vffEyUAK6d/ayclACsUCoVC8eXeKQAn2x6SpdgfJt3xKBmuJ8l2PyNokWx/igRbDVIddQQ90p0MyXEzJs9dn3wvI0qDLCkNtaYoxIricFtKIhwpjXCmLMKF8nA3ysPcxe2uFEW5URCtUhjlMcOT/EgPCiK9KIjyFvfxpSjaj5IYf0qi/SkVx7KYAMpj/aiI9aEixoPKaFeqo5yoiXKgNsqWihAz8jzPk+JwggS7/SQ67CfZ8SBpjofE93KQLId9FDnvJd/6E9J0FxJ79O+I2vtnRO//c7x3/h3lrsdoDNSh0vMMlV5n5ancIjdNysRzVvsbUxtsRk3wRaoDL1IZbEmszRnCLE4QYnZEHI8SfvEY4VL8tTxCpIU0DXyAKCkCWx0k2vIgCVbivbU+TIr1UdJsjpBhe5RMu2NkOxwn3/mU+FpnxNc6S5XPOWr8zlMr7QccaEBjkCHNwca0SUs/h5nRGWEhTwFLuiMv0htxkb5IS/qirOiNtaM33omBRFcGU9wZSvWcm"
11898 [Forwarding screenshot on session b1310904-d161-49ca-a1a6-530fba7baea8 to remote] DEBUG org.apache.http.wire  - http-outgoing-47 << "fD1YUDoS/Gd4S/rT/ZlONVf3O7LQNJMDBbnh1P9GEryeY0UisUx2WtuWelZUjx+23k5KM8+du6oOj+S4vcaX/k4lKz6OtJ9hqUgLIdhT0aT3AU32Zj4HseSXBgXx3HpmOT8jUgheVSKydLy0gmOjMghWBWDJWNxtozG2qjEWDMaJe3/ayVIe/9K4fciI5EWMmkZ6KFwUwbCVBFYir/SEtCz+/++nP6V9gFWBeB2Xy1Zm88Z2nw1aPU5Tav3aVo8VZo9TgrSFPBx4ZhqGWiXg9Q6H6DOab847qdOnJeOs2qc9lHtuPcr7KLKYceXqrTfLquw2yYrsfpcrWLLTXOk6Ftk8SmFM+TLUgieuVxg/ols9vLrpKWd88Uxz/xjeQJYWgY62/R9MozWk264To6/iToriT+3nGTd1WQZbaTA4sOZvYQ/JN/8fXJNN5Btsk48ViXbZO1cAJ6dAs4wWiWH4NnJ4jSDVaTqr5SlXFhFst5KknSl4LycuPNL5PAbrbOQSO0FRJ5bQPjZ9wg99x7h5xaJ40KCzy6Q42+QEKi5gKAziwnSWKIKv4LfqYX4nlyI94kFeB5/D/djC3A79h6uR6Xw+96MhTgdXoDjofdwOPAetgcWYCPv/StN/i7CYv8izA/MBuAlcgA22rcSAzkAr5KXf9aV9vzduxadveuRgq/Wro2c2fW+OH6A1u6Nwvo3vP7f/7f5NKCAT3yr+Ni5m8/sptnp9JQTni/Q8LjMKZcKzjj78enprRzS/4DdJ9/jhMYGfNxNOLXvEEt/J76WjgvL3t/Kzxb9Peu3/ZSf/OF7/PPv/zOLlv2KPQePo6Vvz/aTF9iuq8NxNweO+Aaw3z+ZIxHdnIq/wZHISxwKv8T+0EscDL/Osai7nIy9x8m425yKvcbp+EucjhvndOwwp2NGOBM9gVbMZbRjb6ITf1vcPiEMcTH7Gk55V7EI72DRFjNWbTfmowNGbNh5hiWfbGXNti1s2P4RKz9aiJXDWZxdtDDU28sv/uF/o31S/Pc7zpuEGHt27vwdx08tY/XG/8WHn/+E7fsXo3lhF59sX832Q5vYdXQrBzX3slWc33L4E5JKIwlJdcbOS5OPt/yMTZ/9kL27/pGDu3/AL3/yPfbv/xH7j/2WbcdWsVljJ2dcPHEv7MKn+i6WebewLXuMTekDnMtu41Z8GevUbgIrL2ESXY9v5TUcCy5hV3Ad64I7XMy/LR5zA8vcq1hnT+OU1YtDXBqlPS00T7RT2VNAy1AePZN5aj9rhUKhUCgUCsV3i7o/Cim+OTkAvxJC0zjxf0AEVgKwcvqTngoN5Z+RN3waRP/MXb7qJN1f3c+eQqFQKBQKlXdbAtpqP4m2B0lzOkq22ynyvLUo8NWmPsaS9hQ3qiPsyPE0ptDPiiI/Wwq8zSgPEILMKRWqo+2piHEgL8SS4khHSiKdKY10FTwoDfekJNyd0hgvimM9KY4Tl+O8KI33pjTOl5JYiZ+4HEhZfDDlCSFUJIaJYyhlCbOXg6lMCKQq3pdq8diaOA9qYpypjXGkLtqB6kgbKsMsyPHSIsP9FCnOx0l2OEqaw3GyHaVp2yOUOO6Xl49NOfsHIg78gJDd3yfw4M8pcz1Gtfh+a2YCbI2fHlW+uhS7naPITYcyb32qxfdYE2xJZaCF+Fr2JDtrE2x6iAiLY8TanCLa+gSRFkfkaeAIi4OESyHY6pC47RgJQpL1UTkAp4rzabbH5ACcZX+cXKdTFLhoUOyuSZnXWdVy0NKewAH6qggcbERLqAltYWZ0hJvLU8BS/JX0RVkyEG1NvzAQ70BfvKM8CdyX4ER/kqtqeedUXwalyJviL+tPCVRJ9WdYXJai73xSAB5M9nkLKRRLEfjrmh99X/VmAFaRArDqcS+pJoalaWIpAs+GYFdVAJYjsPrQ+zZjiS6MystKS0enLw3AYzGCeH9VS0Crpn9VLorrpCD89QLw/AnguQDsqykHYDkCzwvALZ6n5AA8G4FVAfgQdc5SBJ4JwC5/TADeTZXDzleC73yvx99vFIDnRd9vGoDzxb9JiRR/5wKwyQdkGm2USUs/p+itkSeAJWkX1pJtvEH8W/5IjsB5Zu+TY7JejsAv4+/aufg7G4DTZyaBVfH3ZQCWpoylADwbf+cH4KiZABxxbgFh51QBOOzcIkKE4LMv468cgDWWEChN/p6ejb8L8Dm5EC85AC/AXXA7tgDXI7Pxd8FcAHY49B52B96T4+9sAJbir8V+Kf4uwVQw2b9MDsCGcvxdwYU9LwOwNP0rTfZq7dqA5q6NaO7+QPgIzT3iuFdc9xp1vwPUWe2QwaeeVewLGOOAzw32Ot5kn800p50GMfBtRt89lqOGOuzX2sIJ7U8xMj1IgK8VThfN+XTjp5zXt8DI2oqVH/+GBav/kmXr/pwlq7/PL37zv9jw0Tq27zvC54fP8OExLZYd1mT5GQt2umZyMmqIA0GDHA4ZkKd8zyVe51zSHc7E3uFk9C1OxdxCI/EWpxOvoJEwKc6PoxE/hmb8JNrxVzkvbtNOvs3ZnLsyg+wH6ERd5oRzF6v2hHPSpAArnxp07eIwcQnh4/0HOXHhLJv2fMLOvZ8QHOhERIgHv//1j7loqo2vrxlbt/+WA8fe4/Cp9ziquQgjq63sO7mKCxcPcc70CLqWGuw5tZm1Wxbz4e7l7NP6mKQiP3St9nJQYy0a5zaif+F99u76MR9t+O+sXPIf2L//p3yy7ces+OQXfHBoC2fd/fArGyCi9Sk+dU9xKr+JW/lVvMrHSOi4Tkz9EHFNQ7hl1hBWM4xnyQjOxdPYFV7DOv+qzLbgMo5F03gV9pFa10zDQBudE620DZdT35lGcXWQ2s9aoVAoFAqFQvHdou6PQopv7s0APBNHv3eCNPnyTBD+sgnhtBOv3j73WPWPP5EmXd+E23vi8vznkp/nzceq7i+Zeczcc82/77yoO+/1zD22yY335h43QwnAyumdT/0Efaom/L7GsHDm7l9yku6n7mdPoVAoFAqFyjsF4Hhr1dLPqU7HSHc+SbrrKeE0tybKefGgh+f3enl6pZM7bcVURbiR62lMbaQVDbG2lIWZURBiRkm0LaWxThTHuVAS5y4H3vJ4P0EKu/6CL+UJvlQk+lGZFCCrSg6iLCFA3BYobguiQoq9QmViKFUpEVSnRlGTJqRGCuHUJodQKx5Xl+xLbbwH1bHO1Ao1sY7URNnRFO9IuXgtWe7nSbbTIMXuDFmOWuQ6nKbc7Qx17ieotNlBvuF6ci+sIMfsE2p9tCj30KDGX4cqH22q/HSpDTAUlw0pFs9T4KpNibeBHIAbwu2oCL5IfYwjZeIYZ32SEOMDxIpjjNUJ4mzE0eY4kVZHZTG2J+UltJOsj80LwMfJtDshB+BshxPitZ2kwOU0xfLU8VkqvM7KEbrW/wINQYY0hRjTGmr6SgDuibKUw+9gjA2D4jMYiLejN85BJV4VgAek5ZilpZ6luJsaIBtIDWIwLZjB9EA5AMsTv/Pi7/zLb/L5xoalSWM11MVfycvHvSQtQT2a7Cl4MCZzF9yYSJqR7PKNSAFYta/w6wF4ZmnoONu5CDwu3l/JmLwMtPVM/LWU4++XBeDuQJVXI7A0BXxOmI3ALwNwm48GrV4a8yKwagpYIi0D3TATgKXwK1FNBP/pArC6+Ftuu5VS681qvR6C50fgtwXgt5Emf2enf2cDsCTL+P05cgS+oFoGOklnBWkXVpNr+r54vLi/yUayjVUB+GX8XSOHX4m8BLTRCtnL+Ds7+SvF3xWvTP8m6CwjTmfpWwNw6NmFhJyVAvCiuQAcoLFgJv4uxn9eAFbF34UyOQAflQKwFH5VEdj50Mz0ryDt/Wt94D2s9y/k4lz8XYTZviWYCsb7lmK4d5k8/Xthz3I5/kqk5Z/P7lqN1s7VaO5cz5mZAKy152O09n6I5j5xed+GV6j7HaCOVvI19vr3stmhgV3OLRz3bkfTt5ELfuWYB2XhmZCBY4gfpy4c46T2XjS0dqF1dh/WFrp8sHEpv1/yzxw+s4WlG37Ae8v/O4tW/r8sWPbfWffBzzhwfCt7jh7hvQ2b+Mmq7SzcacjHehEc8WzkXNQlt"
11898 [Forwarding screenshot on session b1310904-d161-49ca-a1a6-530fba7baea8 to remote] DEBUG org.apache.http.wire  - http-outgoing-47 << "IQL8SMYJgygnziGXsIltGOvohl7A834m5xJllzjTMolYQot4VzKZXRSrnEh5Tbn0++xP/EqJ3IeoZcPZtlfYJPyCF2PHtxih/FJaCWlsgf7oDB2aR5l1aa1/NU//hV/908/4MMP3ycmIpRDh7eirbuLHfvfw/Dip6z97H+y7dAP+WTvX3NY/FxsP/p79mqs4bTRdrQtD7JX632Wff5jjhi+j5nnATJKvQiKNeOi/QH0jD7nwL4/8MmHf8uCP/xHfvWr73FU/Ixs3vMbPj+0Dm0HY/zzioltHCek7hZepVfxKR8nsGoAz9xKEppaCCvOxzcjGZ+sLMLK6/AtbsOzdAi3siu4VtzGteoObpW38Ki6im/lGLkdl0mraiWrrp7cugqCEoIxdjBQ+1krFAqFQqFQKL5b1P1RSPHNfa0A/Mrtqij7nluT6rIcVt/DrWn2dtXj50feufvO3n8m+r4+hTu7HPWr0Xb2dbwZjF99nbOXX72PbCb+vgzJb37tryLFuddPhYYvA9+nQW/OeX7V7f1Bn87d/kM1hfBdb39lKlXdJOq73v5//ElN/J39HNRMBKv7GZh/ku6j7mdPoVAoFAqFyrtNAEv7/NofJ9nxOClOJ0mS9v91OM5IaQhPLtXBk2G4PwR3xfHhBJc78qiJuki+/wXKoiwpjrImL9yagjhnMiMdyY52JyfOh/z4AAoSgigUShMDZGWJgZQnBQnBQgiVyWFUpUZQnRZFXUYsDdkJNOUk0SDUZ8+KpyErlvrMaOrTwqlLCaI2yY+6JB/qErypjnOjQnzd6kgHGmJcaIx1pzrciXxPM1Jtdci0OUuB4zkqXM9S6XKKGqcj8h6rdV6nqQvQpdT9DDX+upR7aVPtd4Fqf33qgk2oDTKlwteQYi99ynyMqQq0oDbMivpIWxpj7KkJtyLbQ5foi8eItjxOtNUJYmxPyaKFKJtTxFmfkANwso14b21PkGp3gvQZGQ4nyBJyHE+SL0Vgd01KPcVr9D0vh+iaAFUEbg41oSXMVLUM9EwE7o22oj/WhoE4W/pldvQnODEoxd9EV/oT3QUpAvvMRGA/OQJLAXhoXgAeSfOX/VsIwMMzX+fLA7DkTxOAx+KdXsZfYVyYFO/jRKytTBWApaMdY9Hz9wFWLQP9VQH41QisI2jLAVgVgTVp91MtAy1PAXvNj8AnaZkfgGengGcDsOufPgC/Hn+/LABLvioC/7EBeH4EliaBJVIETjdYLy8BnaC9Qg7B0vLQWSYbZojzptLldWQarxXWyDKMVsvkAGz4MgCn6q94IwDPTv9KAThWCsA6i1V7/movVAXgswvl+Cvt/SsFYDn+nllEgMbCGYtls0s/z07/epxYKHM/tgjXYwtxOboA5yPv4XRYsgDHgwuwn1n+WYq/VjMB2HzfIjkAq+LvYmEJBnuXcWHPbABeie7ula8E4DM716Oxc4O8BPSZPR+huVeaAH7/Dep+B6iz2b6TLY4t7Pdo5Ih3GTttw9li5MApZ1ecE6Kx8HXE3t8JS1cLzGz1MbQ4h6GpFpHRvlhYafGHxX/NyvU/ZNGq/8lHm3/I7xf9B37yy++xdfcf2Lx7LX/70x/x5//4K365Zh+fa/my0ySdnRfLOBMwglXGHTT9KjjmksFum3T2OZVwOqgX3cSrGGTeRy/zHlpp19BMv4JW+jRnMy6hk3EF3Yzr6KXdRkfcR7sMNIvheMIt9FNv41n4CP+8y4QX9OManck2jVMs+HgVv1j9G/7Xz/+aH/z87/lo6xZ27hG/G+qb8fG3YdeBpXzw+d9xSncRe0/9I4s/+L/Yr/lTNh38kRyAl330I5Z9/FNWbPpn1u/8OSs2/y3adhvRtf8IQ5sd2DofZ9+hZSxf+b/5yU/+f6zf8AOWLP2f/OoP/5nT2uv5VLwXH+xdhaaNHq7JyXhlV+Gc1oJzRivRdYMkNHbgmZyAf3okjuJ3mn2QDbElKUSX5eObV45vcRf+1VcIan5EUOsz/Jof4lV3E+/KaVI6xHWFA0SW9xNX3YtDdBrazl5qP2uFQqFQKBQKxXeLuj8KKb65NwLwTCx9Jdq+Ro6ns5H1jand+V6f4H3NK4+V7nsCt3nP/UqkVROaX3/+t0Vd+Xt8LQq/awB+Jb7OmN9gv+r2rwyE73p7fxCfvnb7K5H4XW9XTuIjmPfevC2Qv/I5fcqXNWDpPup+9hQKhUKhUKi8UwBOtD8pnCLR8RRJTqdIcdEg2fUM8U4aVMTYMdqUwdMrHfBgDO6Nwu0eLjcmkuV7gXQfQ3LCbMiNciY/0Ye8pEDyU8MpzoylPDeFqoIMaoTGwnQhjYaCVBrz06iXpVKTnUS1UJOdQm1OKrW5qdQJDfnpNBVm0FSQSbM435ifQmNuIg3ZsdSlR1CfHkZDRoisLjWA6gQv6uI8aYj1pDFWnI/ypCbcjapgZwo9zMl3MSDfSZtCJ03KXTSp9tCiyvscVf66lIrz1QF6VPiepynMnCo/fXG9IQ0hFjSGXqQq0IwyX2N5Ergu2Jz6UAuao2xpi3OkLsKaYj9jUhy15OWgI61OEG2rQay9JlG2p4mxFu+t9XGSbE6QbHuSFLuTpNmdIl283xkOp8gU732Ww0lynE5T6KpJiXgt5d7acgSu9tejPshAngKWArC0FHS7NAk8MwXcNxOAB+LsGIi3ZzDRiaEkl5kI7CYH4IEkL9U+v1JclSeBAxlOE+bFX5m0LPRMBH4732/gzcD7VWYfq9oTWFoq2oexFG/BS/BkXOYhuDOZPCPF9RsZl8PvrJkAHKuKvxPxjnIAnh+BJWPi38BIlBVD4n0fjLAQzAUzBsMlpvSHGdEbYkBP8AW6g/XoDrpAlxR/Z3RKATjgPB0B2nT4n6NdCsD+WrT5n6HN7wztvuLofWZeBD45RwrAjTMBWAq/s/6UAVhd/C2z2fJWb4vA80Pw6wE43+xjteTg+xZZph+Qafw+mSYqqQbrSNJdLQfgxPNSyF1DptF6cR9pv2Ap+krxVxWA5+Kv4SpSDZcLK8TjV5JisIIU/RUkC0kXlpOkt5xE3RUknF9OvDT9q72UWO0lrwXgRXMBOERrEcFCkDAbgP1PL1BN/gq+pxa9svSzx/GFwiLc5AC8CJejC3E6smAm/r6HvWAn2MjTvwu4KFjsW4jZPin+qsKvkWC4dwkX9i6dib/LZ+LvSrT3rOLc7jVo7lqDxq71nN4p2YDG7g+E99HYs1EQl+dR9ztAHa2QO+x16eSwewXWmY1ENDUQVJWEbaIthv5nMffXxtD5DI7+5uiYnuGs/mnO6J7C1tUKXYMT7Nm/kk8++wkrVv8ZH3/+13y65W/Z+NnfsH3/Qn674h/5T3/2//CXP/kViz49xlZtD0475WMY2omGVysfnY/lx+sP89MN+/nFJ1os2mfHh3rx7HOt5XT4MFqJlzmXeoWz6Zc5m3kZ7awr6GRdQzfzBnoZtzifdQ+dfNAtEt9H0jS2BdN4FHRhG52Glt1FPjm6id9//Gu2n/2cZVuXsF1zF2ctTThvacPp85YYWtji4mkijtvZuOmvWfPxf0PfSrz/gmfoXux99mHisI/tR1ez8uNf8ZtVf8Oqz/+Rjbt/hKa4z7ZT/0hKji2unpps+vy3fPDhP7Pxw5/z+bY/8NuFf84vF/4ZroG6HNT+hA/2reakuSa+aUkk1baQ0TpOftc0XskZeCZEYO5uhrXXBdyC9AlJsKGgPgnvBH+C8grxL2rFv3wKv9q7+DY8xqfxIZ71t/GovoNvzQuci+7hV/OY4IYHOOQN4ZjXr/azVigUCoVCoVB8t6j7o5Dim5udup3vjfg7E4Vfud9cPFVF2NnrX4+9rzz/65O58wOuFIOl2+dN/UqPnXst0u1vibuz91EfddVMIQvvFoDfsuzvXCD9qttfi4ez5kXEd71dXYD+4Q8NmXuF73j7//GnVwL5zPvyepSf+bxfeS+/JKJLt6v72VMoFAqFQqHyTgE4yVGDBIfTxNmfIt7xJInOp0lyPUO613kyvC+Q4WNEQagdjRnBTDZkc629kL7CCHICLpLqa0FRvA91+Um0VOYz0N7IUE87Y4P9XBof5+r0FDcuTXH3yjR3Lk9ye"
11908 [Forwarding screenshot on session b1310904-d161-49ca-a1a6-530fba7baea8 to remote] DEBUG org.apache.http.wire  - http-outgoing-47 << "3qc21Pj3Jwc48bEKFdHhpga7GOsp4uBtha6Gutor6miubyI5pJcIY/m4hyaCzNplOJxQTKN+YnU58RSlxVFbWY4NemhVCcHUJ/kS6Mk0ZemBH+a4v1pjheXY7yoCran2MuEYk9DyrwNKPXWpdz7PDWB+lT66YmjAVX+F2iLtpbjb22gKdX+xtQGmdEQbk2TNPUbZikec4FKH30agk3piLGnM8GZ1lhHqsV9sj0vECtFX9szxDmcJdLmDNHW4j21OUWi7SmShGS7U6TYa5Au3u8M8b5n2IujFIGdTpPnqkWxx1l5CliKwFIArgsyoHEmAEuTwK3iKC0H3R1lSc/MFPBwoiPDSU4MieNAgiODSS4Mp3gwmOwhR+D+RCkCS5PA/jMRWJAia5o/YxmBMum8dN2b0fePpy7yfplXAnCqjyDF3z99AB6PV5kNwGPzAvBUvP1cAJ6MUQXg0WhbhqKsGIy8yECEBf3hZoKpOG8mmNIXZkRPiAHdwRfoCtajSwrAQqcUf4WOAF06As/THqAtnJO1+WvR6n9GRZoE9p4fgU/NBeAm96NvBOAGt0PfSgD+OvFX8vok8B8bgPMEKQBnm6vzMZmmH5BuvJEMk/fJMvtQPi9FYGkSOFZrKYk6K+XloaUILO3jm2msmgDOMFIFYCn+SlIMlwsrSDZQSdJfLqwg8cJyWYLuCuLPLydOmv79OgFYc7Ecf18GYMli/ATvUwvxnj/9e3yRsBg3cVQF4EU4Hl2I42Hh4AI5/tpK+/8KlnIAnpn+3bcYEzkAL8VorxSAVfFXortnmRx/dXav5NyeVZzdswbNPWvlAHxqp2SD8D6ndgm7xfnd4rp51P0OUGe3bQeHXdvQC2/CJrUSy4RozvuaoSF+R5xzPMLW0xtY9P7PWfnpYv7pt//E8vdXsf3QPhx9PLB1sWHz58s5e+YT9u35HQsX/2f2Hvk1e4/+nlUf/oTfrvwxP1v8a/5x0WIWbdrN9vM2HLYOY7dZuBx7//y9nfx0zRZWbT/CTh0HTtjEoeFZgnZYB2ZZ17CrfC5P/ErhVzvnMufzrqKbex293JtcyL4l3ONgxCUu5D7EquAqYc3XMAtP5KPjh/jp8l/wv3/1F/z9H37Aqm1r2HrmAGftrfGITSI0s4SDOhYc0dbF2OIMekabOXZmMR4B+/EK3kVK/gVC47S46LgHbeNdHNPczkdbV7N8469Yt+mf+Xj3P3FE/3dsOfxDjC9uQVtnE598+ms++vS37BCf0+adK1i09p9Y9cmvOaK7mc+PrmPryU8w8jQhtiiTjNo6AjMKsA2MwNjZFm0zTczsTuMTfJ7cYmfqW0Np7k7BLcSWuJIigota8CoYwUXa+7fkJi4Vd/Gsu4d341McSp7gXP4FHjWI431sCi/jVn1T7WetUCgUCoVCofhuUfdHIcU3JwfaLwmhcih9Leyqj6d/TAh+GWel21WPka6TJn1Vt809zzsG4NdfjxKAlQD8Lqf5749q8lr9Z676yAsxnLvu7VPA0u3qfvYUCoVCoVCovOME8Bni7U4Ta3eSOIcTJDidItFFgzRPbdK89Ej10ifDx4ScAEvyg+0oDHWiMMyVirgA2grSGGmqZrK7m/Hefkb7RhgZmGBs+BLjI5eFK8IlpiaucP3KTe7cvMu9W/e4K9y7fY8Hdx7w4N5DHt1/zGPhofDo7gPuX7/GjbFBxjpb6WuoprOqhNayfBqLs+TJ4JaSDJqL06jLS6AqO4bqjHAaM0JoTAugMdWfltRAWlICaUryo1VoTvCkPsaZyjArigKMyfPWo9BblzI/Xcr99KnwN6AywFCQlno2oSbYjPpgc3kKuCHEkqYwa8GSFqFBul2KxAEmNEdY0x7vTHOsEy2JrpQEXyTB4Rwxdpri/TxLnBSDbU7Lkh00SXM+J08LJ4v3O9VRg3Qh0+kM2S5a5LqdI9/tLKVe2pT76FDlr0dtoL4cgSWzy0G3hpvRIS0FHWUp7/87nOigkuTESLKL4MpgkpvgLsxOAasmgWcj7+zSznOxdmYSePby62Zvf5102+xzvU7d8s8SdfFX8scE4KlUN7XUxV/JhPiMJhJmiM9tPM5RJdaBiVh7OfrOJwVgaQnokRgbhqOtZCPRluKyeO/nBWBJb6gBPaH6dAe/NBeCg6QIrPONA3CzxzGapQgsTQK7H5bj77tOAL++5+/rl2dD8Nu8HoNnJ4Hnx+CvCsF5pqrlnqUlnqXQmynt+2v24VwAls7Pkm6XIrAk3fh9Ugw2kKC7hjidVcSfX0my/lpx/XpSDdeSZiTOm6ikGa8h1Wj1lwbgBL1lrwRgSYz2UqLOLSZSe7Ecf8O1FstLP6ssJURrCUGai4WlBJ5ZIi/97CNN/p5ajPfJxXiJo+fJRXieWILHicW4C27Hl+ByfDFOx1QB2OHIQuwPSQF44dzyz1L8nR+ApaWfjeS9f1X7/+pL+//uWzEXgLV3r+Ds7pWc3bMWrb3rOLNnI6d3b+TEzvUc375BDsAaez/g2Pa1spO7NsjU/Q5Qxyp5Gv2wLrS8ytD1LcAyIhfb8BRMPf3QtrLCwM6ao+fO8Onunfx66VKWrP+Ahes+xs47BDMbF47u34+53insrI7LSx9/vuNnrPvkR/z1j/8zP37vR/zo9z/n7xb+loXbPmHDiYP808YN/Ief/JL/+tvV/OLjPSz9dCubDx3npLEjem6J6AeUohfegl7cIBfSptHLvoJu7lX0Cq6jW3gD/cLbGBTcwTDvLka59zHNe4JDyWOsUvtxy2pis4YOP/jtr/kn4aPtO1n72R7eW7eLC3ZRGLunYeqThkNkLr98fwvHjQwxsTrPrt1LyclzI6fAjtwiG5y9DuAdqMXa93/KkmW/Yt36Vfzy17/gDwt/xe+W/IiFa/6KD3b8DTuP/AQD400EB5ngKP57/+mmRWz46D2Wrf8NC9b9nKUf/ZY125dw0uQgngkuJJYnkFyRSUh6IpYe3pzS18fYxojTZ3cSGi5+X+Xa0lDvTm2dK+VV/gTFOJJcVkJkSTv+xeO4FV3HqeQuLhUPcK+VpoAf41P3nPB2CGx8ikfldbxrr+BTf0XtZ61QKBQKhUKh+G5R90chxTf3VQF4fmCd9eXxVP3E7azXHytfPnGCE/OWd5a/prju5f6/wh+9BLT61/NuAVh9IJ0/3PlVt78xLSooS0B/l0/zI+9Lr3wmX3GS7q/uZ0+hUCgUCoXKu+0BbHeaeNsTxNoeI9buOAnSHsDOp0hy0SDJVZMUdx3SvQ3I9jOnINiG/GAnSqODaC/IZqShnrH2LoY7BhhoH6a/c5L+nksM9l1hePAaI4PXGRkSx+ErjIxeZmzsKpMT17ly5S63bj8SL/6hOD7k/v2nPHz4goePhYdPefbwEV88uMvze3d4cus69y5PcmWol9GOJnoaKmmpKKCuKJOawjRqi9JpKEqhuTCWptxwmrJCackOo02SGUJrRhBtaf40JXtRF+9CZbQtpWEXKQkypjTAgHJ/Ayqk+BtoRHWwqRx/5wfgxlApAFvJAbhVisDicrMUhaWjFIbDbelO8qRVPHdroht1UY6ku+qRYK9FosM5+Zhgr0mikOQg3k/Hs6Q6nSXNUUuW4aRJlosWOW7nyHM/R6GHFiXSFLAUgf105UlgSWOIkfh6pnIAbpuJwL0x1i8jcJIjI0nOcgQeTnRlSI7Af6IAnCrdHvCGYXH9UIr0fG9SF38l6uKv5JUALC0BnfrVS0Cri78SdfFXoi4AT0heC8BTM6Tz0hLQYzE2jMqs5QA8HCUtBW3GgDQJHG4sLwPdF2pIb6g+PcEqcgSeXQ46SJfOQB06As7J5paAFmaXgJ4fgGcjsByABXkSeF4AlvYCnh+AvzoCvxmAZ6Pvv1YAlsh7/JpKPiTb7ENyzD+SSedlUhiWb/9AXgY6w/h9Ug03knRhHYl6a4XV4vwaUgzWzQTgdaQZS/FXOi8FYGkJaGnp5+Xy8s/S0s/J+svlY6KeNP27TF7+eXYJaMnLALyEiLOLZwLwkhlSAF5KkOaSufirCsAq3oLXqSV4nlwsB2D3Ga5SAD4mBeDF8wLwQjkA2xxcgNUBVQC2EKT4q5r+VU3+S"
11908 [Forwarding screenshot on session b1310904-d161-49ca-a1a6-530fba7baea8 to remote] DEBUG org.apache.http.wire  - http-outgoing-47 << "vT3LZPjr96+5ejuXYaOHH9XoLV7JZq7V8sTwFIA1tjzvhx5j25bz3FpEnj3+xzfsZ5jwoldG4WvH4A1XOu54NeMWUgTlqFVOIQW4B6VgXdULN4Rgehb6eEa4IClizn6Fw3QumDAio2fEhSTgbmNF7ZWjuzd+jmONtocPbKOXbt+z6ebfs6vf/+/+c3in7Jo/TL+cfEf+P7vfsn//O0v+Ktly/jdroOs0zBh1ZEL7Dpnxr7zFzlm7ouhfx7OmQN4l9/BsfQuprk3MMgR8m5iUHgTo+LbmBbfw6xIKLiHed5dLHPvY593C/OEDnwLeth61oK/W7Ca36z5FE0TN46e9+Skfij2QbXkND3EJ7WFvQYu/G7Tbk5dvMjpC6fx9LtIcUUULl6amFrtwFv829Uz3sEHn/yBRUt+ydp1K/nRP/49C5f8nvcW/QPvLf1frNzw5xzXeI+j4rO2sNiNxpmP+fHP/iu//sPf8vP3/pZl7/+GD3euYNXnv8Xc6xwp5eH4J7mgYXqMg2f3om2ug7XbRTR19rNjx1IiwgxJjDPCz/sQJkYfYGm9D2dvU1KKiogv6yCy+gph9Y8JbHyBd90XuNY+w6XyIW5ldwkQ17uXXcO1dJqgltv4NlxV+1krFAqFQqFQKL5b1P1RSPHNfZ0A/Mrts8tBz1wnhdRX4+q8KCvd97Xnlp9v/lLQ8j7Ar30NddfNhNz5j5Uj7rxI/NaoKz/f6zH59ef/clKce/00fwpXXej7qttficRq4uq73v5KJJ43HTx3etfbldMrpzensr98z9/XT9Jj1P3sKRQKhUKhUHmnABxvc4I462PEWh8hzuYICfZHSHQ8RpLzcZJcTpPifpZ0Tz2y/YzICzAnP9SF2rQEhuvrmOzsZqi1l/62YQa7puhtn6av6wqDfdcZHpDi73VGh68xNnqNiYkbTE7dYmrypjjeYHr6Jteu3uP6jXvcvPWAO3cecefeI+4Jj+8/4Pn9e7x4cI8vHj6AR/fl80/v3+HRrevcnBpjaqiHoa5m2urKqSnKoKk0habiRFqKEmgriqc9L5rWrFDahPbsYNoyA2hO96EhxYO6RBeqo22oCjOnItiE8iBjKoNMqA4xoybUnNqQ2fh7UQ6/zeFWtERY0xZhS3ukveAgH1vCbcV9bKgNtqI7yYOeFC/aE9xoT3SnLOgiKU46xNuflaeCk520SXVWSXFSRWBJuvNZMoQsV21y3KUIfIZCD01Kvc5R5q0t700s7QlcH2wovta85aDDzeT9gKVloAdnIvBIoqPgxLC0DHSSFIFVU8CD8jLQXnxVAH6r1AAh8A3DKQFvIR6jJvJKRlP91Xo1AKvMBuDxVC8mZJ6CB5PiM5xK+eYBeDJRSFCZDcCTsRIHpoTZ+DstHcXPx4QwFiVNAdvKS0OPSxE4ypLhCHPZUIQpg+HGDIQZ0R9qKBjQG6w/pyfoAt2BeoIuXQE6dPqfk3X4adEu7f87swdwu4/mvAisCsCqCHz8jQA8PwLPD8GvB+FXo/BuYZccgF+PwP+aATjH9EN5EvhtpNslUiiWp4WNPyDN6H2ZFIKT9dfLAVgKwbMR+KU1pEh7AOtL+/8ul48pF5bLkvWWk6S7jMTzS4XlJOgsk8VrLyVGe4kqAJ9bSsTZJTMBeOnc9G+wHIBfTv9KSz/7nFqC9+kl8vSv18mlqunfk1L8XSpzEZedjy3B6ehiHI4uwv7IIuwOL8L20GwAlqZ/F2MhmO6d2ftXXvp5GQaCtP+v3l4p/i7nvLisvUcKwMvR2rUCjZ0rOb1rNar9flUB+PC2dRzZvp5jOzfKju96XyadV/c7QB1j9wksfUfwThzGKbyE0yYWfHrwQ3YcX8pBrd/jHrwbI+v16Ij3+rzBJj7fsoLf/PYX2Nm44+zsj5mlDZ9v/YQzp/egf343NiYHsNDbwc9+9J9ZsfSf+WTzR/zZ3/09f/37lfzNss/5UMuVNWc8OepaynaLdA675nDSuwi9yGassiZwLL6FXfFdzHNvY5x1Uw69EouCu1wsvIdlwR1sCu9iKy5LLmbfwKXsIR7ltzFP7OawYyrbjQI5Yh3FBZ9sgvL7cU5owC2xnpjyIQy9EvnbRR+w9ZwJZ+1dOGx4nviSVLJq0rB0v4CF0ynOXNiClt5W9h3fyJoPf8eStb/i4y2rWbnuV/zqd99n3fp/4tc//0+YGn+Es9tuDh3/DUYWm9i849d8/2+/x8aPf8Hq93/G+o9/jqP3WZz9NLES/7Z1zLcQmmTBoXMfsP3oKj7duYAFi/+GgwdWo3n6IzZ98gtWLvtrfv+7v+Sff/F9/v4nf8v+M5p4xucSWT6MX8k0IQ1P8akH+/JneLeAb+MX+DU+k/cG9m14KPNpuKf2s1YoFAqFQqFQfLeo+6OQ4pv7qgA8F16lYDoTTdPmh9bZmDrPyyD82mMlb3wtVTBWF5HfnCJ+/fnmRV3hy6Z6VbH45Wt45Xv4GqQ4p5yU05efXl0G+psOTCsBWKFQKBSKL/duAdj6qCzO6rBwgAS7QyQ5HCHN5QTp7qfJ8NQky0ubLG89snwMyQl2pCYridG2RiZ7+uhv6aGnZVCe/u1pn6S3a5r+3mmG+i4zMnCZsYEpLo1fYXr0MpPD00wNT3Ft+jr3bt7jwe373L91T7jLwzv3ePb4EV88fw4vXsCzZ3zx6BHP7t/n6b27vLj/gC+ePOSLp+I+0vHJA549vMutq9OMDnTRUltEU0UOjSXptJSk0lGSQndREu050UIErdmhtGQF05ThT2O6L03J7jTGOVAbZUNl6EUqgs2pDrGgRqgPtXwl/rZGWNMabktHlBPtkuiXOmKcaY10oCbAgrZoBwYzfOiId6Er0V2eBs7yMSXRWZdEJ21SXHRJdj5PkhR/nbXlJaEl6S7aZLqdJ9tNRw7ABR6aFHufk6eApQAskaaBpSWhG0KMaJrZF7gr2pK+GCsGheE4O4YTHARHwZnhRGkSWDUFrOLFcLKPHFb/VAFYoj4Ai/urib8SdfFX8vYA7P1GAJ6SA7DwWvidpTb+SmYC8HS8K1NxznL8nZrjwKVYu7n4+zIA27wRgIfCzWYisBlDESYzEfiPDMASH815Efj0KwG4xWMmAnu8ugz0rNkQrPJqCH49AFc7vtwH+N9CAFYXfV83PwJnCekmHwkfy8eUmWngeN01JBmsJdlwzasMZgKw/rJ58XfZKwF4fvyVA/A5aQJ46bwArIq/cgDWXEbwXPxVBWDfuQC8VBV/Ty2V46/HyWW4icuugsvxpTgdX4LjMSkAL8H+yGJVAD64GOsDi7A8oIq/EpO9i2fi75KZ+CvsWa4KwPuWo7NnqRx/JZq7VnBqxwpOyhF4vRx/j+1YJwdgydEd4vJMAJ6Nwep+B6jjFDaKbVAnnrFN2AUmsFvjCOu3L8DAdguZFRYk5+ng6LWJ5ev/K6vW/w0fffR7vv/9/z/bt+4iKSkHz8AQtu3Zg7HxeXZ8vhZjrT0c3rKCzet/xx9+9Xf8/r3f8OPfL2blttP8fut59lols8sqh3Mh3ex3qcIgcQTDtFHMs69iWXhLDrzm+ULeXTn8Xiy4L7MU52fDr33hHRzF/aSjZfY1HIru4lx6D9vcKxgn9mMc34ldxhA+JRO4Z/cSWTNFQtM0piGZvPf5cf77z5fy0XF9bCKSCcovxiwogJTqYqx97Tl+/oB4vf+L3y79EYvW/4zT+vtYs2khv1vxY36z5O9Z9/4v+Xzz7/nlz/5v3l//v9EUP1MegYewd9+H5vmN7Ny7kCMnNvDL3/4PDhxZQVCkAYGR57Gw38Yx8bNlIP7drPjwf/OrJf+Vn/zmP7F01V+xc+cfOHJkJdran6Gnux0Dg4OcObuXcwYaWDg7YuMfhl92NXGNl4lsfUBA8xO8mr7Atf45vs0v8GsSRykCz/BpeKr2s1YoFAqFQqFQfLeo+6OQQvFtUQKwcvq2T0oAVigUCoXiy73bHsBWUgA+TLzVQeJtDpBod4Bkx0Okux4jw/0UWR4aZHlqke2pTaanDim+FhQkhtHbWM1kfx9D3f10tfTS2TJIZ9sIXR0j9HSN0Nc9xED3gLi9j4GWDsY6+5jsHWC0o0c8t"
11908 [Forwarding screenshot on session b1310904-d161-49ca-a1a6-530fba7baea8 to remote] DEBUG org.apache.http.wire  - http-outgoing-47 << "on2mhraqqtpq6qgo6aK3qZ6RrtbuTTYx83pSR7cvsOzx4/54tlzVQx+8oTn4vLThw958vCBuO0BL56J654+4umj+9y9dYVLYwP0t9XTWV1MR1kuXcUZdOYn05UfT0duDG3ZETRlhtCQHkRzmg9tKR40JzhTH21HbYQ1deFW1IVZUj+z5PPc5G+kDW0RdnREu9A+ozPGle54N3oTPeiIcRK3OdIaaSfub0tXnCMDyZ70ZQbQmORFQZAVqW76JDnpyFKcdUh1eRmAJRmuOvIUcJ6HJoXi/Z4fgCv9dKkQ56WloOUIPLMfcEekBT3RFxmItmQo1oahePuZCPwyAA/NBuDErw7Ao+kBao2kvRl+v4q6yCsZSwtQa0R+LW8G4PFUbybSvJmUeQmeTKeqqIu/ErXxN1lIdGXqLQF4Wnxm8wPwZJS1bDxamgCWIrANY9HWcgAeEe+7ZDhyfgA2kiPwHxOAO3zF5bkIfHpOq9eJl1PAMwG40e3lJPD8GPxqCFZNBr+MwLvFeSkC73wlAs8Pwf8aATjPXJyfMT/6vn55NgJnifOZpp+SYfqJHIBTjd4n2WADSfrrSdSXIvDL+JtksFpcNzP1OxOAVfF32bz4u+SV+BsnB2BpAlh9AA4+s5QgYTYA+59ejK+8/++bAdh9XgB2ngvAS94IwFYHXwZgM3E02rsIw72L5QAsTf5e2LNM3vdX3vt37zJ0xHWq6d9laOxazsmdqgB8fMcaju1Yy5Hta+cmgI/MBGApBEuXj36DAGwZnohZSCTGAQGY+nth4eOMV4wPzkG26JgdR//iKQ6f3sKO/R9zwUSLjz7dyB8Wv8cpTS0Mzaw5fsaADz/dhZWlHb/75T+z+YNVrF38Sxb//icsXvxbFq9ZzY7T2hw192TZQSNOe2VhmtCKe9ElDOM7cSi8hGPJdZzK7mBXchPrghtY5N/gYuEdrIofzLEpfohd8X3si+7jUHwPxxnOZY9xKn00c90dXEpu4VF+E5/Km/hXX8OvbJKoxms4pjWy/JAhf/Hexyzfr81xmwD88xpIax3nhLU30cW1ROYUoGdtzl/8/fdZt2kNaz9fhba5FluPbWHV5ytZ9sF7fLp9BavW/YyVK37Ip5/+lFUb/xoLh93EpFjj5qNNWU0UxzU+YvHyv2HT1l9jYbtbvG8fs+aDv+CHP/0e//Dz7/E//tf35PO/XvTf+GzbT4iMuUBK+kU8fU5y7vz7BIYaEhxxkYAoR8xcjNipeRQtRyeCKxqJaB4jousmcaMQ2PkE/5YnBDQ/m+Pf9FSm7rNWKBQKhUKhUHy3qPujkELxbVECsHL6tk9KAFYoFAqF4su9UwBOtj5CkvUhEq0PiuN+ku0PkuKokup8lHTXk2S6a5DloSmOZ0n1NSMnzp/GshwG2psY6elloGuAvs5BejoEceztHqC/q1foYrCzne7qGlpLSqnOyqQgPo6c6AhyYyXh5MdHUJwcTXl6HFXZidTkpFBfUkBnUyNTQ8PcuXqVh7dv8/jePTn8vpBC8FPhySOePH7I40f3efz4vjgvLovbH96+xd3pSaa7Oxiqq6CvNI/e4kx6CtPoyE+gJTuaxoxwmlMDaEvxoi3Zk5ZEN5rinGmKcaAxyo6GcGlvX2uaI2xoEdrEdW1RDnTGuNER506X0BPvQXe8OCa40ysMJHuJ61xoCRf3j7SVz3eI5+7ICKArM5CaGCeyvY1IdZHir+S8HIJTpElgFykAa5PpepZctzPki/e6yPscJb46lPmep1yKwMJsAK6bicCtYSZ0RZrTH3VRngIeirNlKEGKwI4MJzoznOQmjh6yVwOwj0w1dSsFYBV18VfyzQOweJya+CtRF38l33YAnpIDsAtT4nOZFqbinJiMezUAT6sJwBPismry12qGpXBxJgJLy0CbMBT+MgJ/dQDWpsPvLO1+mrT7qkgB+GUE1pgXgE/S4nliZi/goy8j8IzXI/D8GPxqAN4jB+AaJ9UUsLpJ4H+NAJxv8Ql5s8TtOXLw/ZhcKQDLEfhjcd3Hqv2Bxf2zxPkss0/mAnCa8QdyBJYkXJCC7xoSDdaq4q/BKnHd7J6/y0i+oIq/iTMBOOH8UuJ1JMuI0xbOCWeXEv36BPBM/H01AC+dC8Dy3r+nl+B9atmrAVhcluKvHIBPSAF4KY7Hls4E4CXYHlqC9SEpAC9WBWBhfgA22LMUfUFPslsVgHX2LuPczASw1q7laOxcwaldKzmxYyVHt63i0NbVHN4mReD1HNm5Yc6h7es4KK4/uuvrB+CffPYeJ9z08SuMxSsrmhOWxug6OGLrF4pbSCyB0enEZZRwXMuQk9oGGFnZY+3ujom9LU6+gdg4h3LkpAnndSz5cOMmTAwM8fPy5Fe/+gVLV6/m8yMn2HrWgF1GThy2D8GvYhDThGpM4qsIqJ7GPmcYh8IpnIqv4FB8DfviGziU3ca29A6WxeJY9lBmV/oQ+/IHOJY9wKnsHi5l93EW13vVg2vlCxzE7Y4l93Etv4d7+V1ciq/ilD9BaOMdPIpH+eCcG//w0TEW7NHDLLIQ96wGIqtHiKm9gllIMWF5HWTVD2Ho6M1f/MOPWbd5Mz9e+Fs27NrCdo3DHDXS4oShBofP7uO9lT9m78H1aF/Yzkfbfsfne5ewbf9KvAJMsbQ/w859K/l406/ZsfcP7D+6AD2TD9A6vxx98fNt57IPV/FvPzrRmuxCb7KKnCmsdMMvVIOIOH1sxb9n/zA9LB2P4RliTmZFItZBTliE+hJWWU1CxxCRHROEtF/CrWaC4PYnBLc9J6j1hfCMwJbnghKAFQqFQqFQKP49UPdHIYXi26IEYOX0bZ+UAKxQKBQKxZd7tyWgpclf6wMk2BwkwXY/SXYHSLI/qJoEdjhEmvNRst1OkuOpQZ6XJmne+iT521KWFk5/YznDnS0MdnQy3CtN/A7R3dYv9DLYNchIzxCj3f0MN7dSk5VFRlgoaWEB5MaFkp8QSkFSKCVpEVRmxwkJlGXEUpObQkN+Fk2FufTX1nB9oJc74yPcmRzj7qVx7l6Z5MWjO/DsPk8f3RZu8eLFQ549fcKj+w94cu8BPBSXb9/h/vSUKgTXV9JZkkN7YSptBUm05MbQnB5OW1owbSlBtCT50hTvQVOcK02xztRH2dMYaSfY0xzhQIu89LNqqefOGBc5+vYledItjh1xbnTGu9Od6Elvii+9yT60xrnTEu1Cq3R7iid9GT4M5/jRnepOebA56W668rLQqV5GZPgakeiiRarracpCDMn2OEuOhzZ5njrke2tT5K1DiVAuSBG4yleHWr/zNARcoDnYgNYgAzpDjOmNsmAgTrUf8FC8A8OJTgxJETjRjZEkD0aTvRhJ8WY4xYtB8dqHJOK6YXHdSJoPo+m+gv+ckYwZaoLw16GaLlYt6zzfeEaguF1aVtpPNprmz1iGFJmlKWRpieiXxlN9mBCvbTLdhymZt+DFdJpEtRz0S25MzkbgZBemU1wF1XEq2ZlJ8V5MJjgxId6XyXhxjHdkPN6eiTgHJmPtmJDZyss+S8al6V9hLNpKsHzD7D7Ag+GmDIaZMhBqQn+okTga0i8+xz4pAgdemNMToEe3/3lZl582nb6Sc3RIfFTavc8KWswuBd3iKQXgkzTPLgPtflTF48grMXh+CH59AlhlryBF4D283A9YpdJ+p6zCboes3Ha7rMJOvXLbbZTZbKPUeislVlsottxM0UUp/r49AKsLwXlS6BXX5cg+I8f8M7Kl89LR/FOyxP2yzT6VzZ0XR2kKWArBGaYfkC57X5ZsuI4kIcFwLQn6a4g3WCOOq+Qp4ESD5eK4jMQLy4nXW0aC7grizy8j9vwK4nRWEKu9kphzK2TR55YTKUScXaYKv1rLCNGc3fdXxV9jCX4aS/E9vRQfQQ7A0h7AJxfL+/+6n1iM2/HFuIrzc/v/yss/L57Z/3cx1oeWYHlwCRcPSBZjtn8JZtLev/sWYbhnMfq7JYtkF2Yi8Pk9y9AWx/n7/57auZqTO9ZwdPsaOf4e2rZeZftrR+GwOK/ud4A6P93+a+F3rNXYgnV8MHbR8bjE5WMblI9XTAMOfqXE5w7hGlJMYGIFntHpn"
11908 [Forwarding screenshot on session b1310904-d161-49ca-a1a6-530fba7baea8 to remote] DEBUG org.apache.http.wire  - http-outgoing-47 << "LW2Y/WOrWw6eoyjZ204ruHAOR0nrG0COHhAkzXrNvH3//x7frxwNRsPa+KcUsz5gGR+8MFeNmhbcjG5GL/SFlxy63EvHsCtZAKXwgkcCiZwLrmKR/U9XKruYVNyE8fKB8KjGQ9wqXwoc6t6JHOueoZT5XMcK57gWvUE95oneNUJtQ/wqr6FZ+VVLNM7+eVOI9adc+GUZyoOWc2E1o4T1XiDsIo72Mb2EVV0hdSaK5i6xrNx52l+u/YzFnywib26Bhh4euCVkkhkcRa+iaEc1N6PW5ANwbGuGNnq8KulP2P1x0s5cmYXVva6/H7hD9DU3sS+Aws5q7MW36BjRMVqk5ppTmKKBWHRJsSI/3ZHiP8OWboco3kgldKGMHwj9MX7uZGgGEtCE8Tt4r+J8QWxhGTFYh8TjkdWNpn9E+RN3SV56BYZU18Q3vmE8I7nwheEtT8TXhDapgRghUKhUCgUin8P1P1RSKH4tigBWDl92yclACsUCoVC8eXeKQDHWO0nxno/sUKczQHibQ/K+wDPHpMcDpHqdIR01+NkuJ0kzfM8Kb7mpAc7UpUZzVBLNRN93fS3d9Dd2sVQ7wjDfaP0tQ/S19rHcMcAA01tVGVlkxEZTlZ0CHkJYWTH+VOQHExhSggVWTHUF6bSUJRBa1ku/TWl9JQW0paXRWdRLgO15VzpbePe5BDXhrqZ6m/j2ngfj+5c4smDq9y9Nc0XTx/z7NEDHt+9y+M793hy+w5Pb93i8dUr3BwZYLS5lvbSbJoKkmjOT6A1O462jFja06NoEa+hMdGPhgRPGuLdaIh1piHamabIGVGutES50BHtRGeME91xqgjcnehBd5InXYnedCX50JnsR2eqvxBAR0oA7eK6DnG/niQ3RjN8GMvyoyfVg+pIB/ICrUn3tSDKUYd07wvk+18Qn8Uhsjx1yPbUJddLj3yvCxR461LspUuZt46s0kebGl8d6v11aQ7Uo9lfj7YgQzrDTemNlvYEtmYwzp4haQo4yYWRJHdGk2cDsBR8xVFcpwrD4pgibkv1YkwOwBJpEvhPEYDfjL8SKfbKzz8zdSxRBeCZKeTXArAqAqufAP7yACykOnMpxZnpZCcmEx2YSJonwZ7xeDuVOFtV/BWkad9XA/Cb8VcyF4DD5gXgEGMGpQgcYkh/sMFc+H0ZgHVlXX5SBD5Pp/gcJa8G4LO0eav2A34ZgGengGci8EwAfj0Cvx6AX43A8wPw7rcG4NkIPP/yfNJtcwFYmA3Aqgj8DQKw+cfkmG8i2+JNWeafvcVsAP6QTNMPyDB7GYBTjDeQaLSOeMO1xBmsmbGaBANVAE7QX0bCTACO11tBrK5wXtBZRYz2KqLPqUSdWykH4LBzqgAcorVMjr+zAThA8JMD8DJVANZ4GYA9Ty6SA7DHcSkAL8LlxOK5AOx4dBEOgv2RhdgcXoyVHICXygFYXv55nyoAG+9bjOGeRRjMxF+JwZ4lqing3cvR2bmccztXzATgVZzasUZe/vnodin+rpND74HtGzkozIbf+dT9DlBno/4B1p7byzrNYxiERqDnG4dLUh02obU4R3YQmjWJU3gLJp55HDTw5qfrNrNgyy4+OnWCVbv2Ye0ez+mzbuzaZ0RCSi3GFt785//xD1ywC+AHiz7AJr4I94IWTvkmseyUCas0jFl6TJs9FvaEVLQQWDlEYM0lfMoncS4cxrl4Eu+aW3jX3cep4hau1fdxrn6AS81DmRR43Wsf4VHzSD46VT7FueY5brVf4F7/Aq/653g3PpP3xZUmYp2KpzkXXsuv95lzyi8fn8oJXIsGiW6/RWD1daLq4Zx7A/HVj4krv4ZXXD1BafVs3HsWh/BUwgprSGroIKuzh+zOTjxT4tGxNyGtLJO2kXasvZw5rqPForXiMzM5zxmdo7z/yUJWrP4Ru/b8ni3b/hFzy08Ij9IiIcmQlDQ7ElNdqG/MpLohi4S8UBKLI/GNdyWlLIbkomgKG3KJL4gjv7GUsu4m6idGSahtxCevgviWEaJbJvAo7SGw4RJRXU+I7HoxJ6LzuUzdZ61QKBQKhUKh+G5R90chheLbogRg5fRtn5QArFAoFArFl3u3CWC7o8TbHxHHI8TaHSbG9pAsVlyOE5fjHY6S6HicJOeTJLucItH1LCleRvJewCmBDlRlxdHfVMtgexuDnd0M9Qww0jvMsDAqTPSNMtbVT3NZBXmJCaRGhpAZE0JuQihFKREUJIVRkhZFTV4ytflp1OVn0FKUTXtJDr0VhQzVlzPcWMlIczUjbTVycB5sraGvrUp8vVqmhtu5cWmQO9eneXL3Fl88us+L+/d5dvsWT8Wb8+TaVR5fmebO2CCTHQ30VOfTWpxGa14SbdkJtGXG0ZoRSXNaMA3JfjQmetOU4EljnAeNMe40RLkJ7jRGutIZJ3GhM9ZFnv6V4m9vig99af50pfipAnBKAD3pIfRlhtErjj0p/vQk+9InDKUHMpITykBuJA2JvmT72ZLpY0W6pwlpLnrkeuqT7XmBHCHX6wL5XvoUeOtR5K1LiZc2pUK5t7YqAvudpz5AjwahOVCf9lBjOsPN6I68SF+sLYMJjowku87E31me8jTwSLIUf1UBWL4+xYvRuSlg1STwXAAW1AXer6Iu/kpmA/BsBJ49P3f5awTgKXn55/nx990C8ETczPSvJEaYNwU8P/pKSz/PepcA/HoEng3AcxHYRzUFPBuAVRFYFYDlCDwvAH9ZBJ4fgmud91Ij+QYh+G2kACyRAvDsFPA3ngB+xwAskQLwbARONdlIkvF6EozeDMDx+stlcRdWzInRFc5LVhGts4oo7VmvB+Alf3wAFkdnwenoYjkAS/HX7pUArJr+lQPw/kUy072LMdqzEIPdC+Yi8GwAPr/rZQDWFEeNHSs5tWP1XACW9v6VQ++ODRzcsVEOwa9T9ztAHZu0GpxyWtDwSuGYcwIfarliG9+Ea3oPrqndBBWMYBtTzfsnrPjBii3sMnLAJDSO0y4e7DeyQdvCDx1DH3T0vUlIb8TRJ4nv/V/fxze1lpP2EVgkVuFXO45ryQAG8WVoBSTymb4Vq4+eZq+pLVZxJXgUdBFcNY5v5Rhe5RP41l7Ht+4OblU38Ki9i0fdA+GRzLP+ifAYr7rH8tFTfA9eLeDdjHzevf6ZfB+fhqcEND/Bt/E+Z8Pr2WaXjGlKB7HdjwlruUNi/zPx9a6R2Al6/q3E1DwkTny9xIopitpvYBGQRkx5F6mtI6S2jZLcOkh0bRtnnFw5Zm5GeG4W3VcuEZCYgbt4P45qG7Jh02Y+/PxDfvjjv+Snv/ifbNr8c9Zv/EsuSFPrqYYkpZiRleNOTLwLrW1llFQXE52XQ/34JI2TkxR0dJBWXUep+D1a2NFHYfsQeR2jFPVeI7v7Bqkdt0jve0rmIKQPQ/YExPS8mBPd/VwW1fVM7WetUCgUCoVCofhuUfdHIYXi26IEYOX0bZ+UAKxQKBQKxZd7pwCc4XmONHctUlzPkOB0iliH40TbHSXG/oRwnBiHk8Q5nSbe5QzJblpyAE5yPU+qjzHJPuYkB9hTkhJJe3UJg+0tDHS0C10Md/cz1jfIxOAo04MTDLX3Ul9SRmZ8HOnR4eQlxVCYHE1xagxVOUnU56dTl5dGU1E2bSU5dJTnMFBXykhzBSMtlYy21TDZXc/lgRb6GsvoqMmnp6GEjtpCGkqz6G2pYaKvkzuXJnh25ybcvcPzWzd5cGlamOLh5UkeTI9wdUC8PunxxVm05abQkpVAS2asEEVTejBNqQE0JfvRlOhLQ5w3DTGe1Ed7UR/lTlustAewG50z8bc7yZvuZB96xGN60gLoFrpSg8QxmG4pAmeEM5gRQX9aGD2J4nahPzWE/sxIhvLiGchNoDLMkxxPa/K8rMn1MiPHy5BcbwNZnlDgrU+R9wV5CrjES0cVgcWxyvc8NX661PtfoCnQgNYQY9pCTekIt6A3xobBBAfVBLAUewUp9MrxV46+qutUIdidkRRPRtNmIvD85aAzAmaC7Tc3O9H7uvnBV50xaUnoGRNpvkzIEdhLHCWqqd+pFJU/ZQCenCFF4Mm5CPwyAM+GX2nv39n4+00D8Kw3I"
11908 [Forwarding screenshot on session b1310904-d161-49ca-a1a6-530fba7baea8 to remote] DEBUG org.apache.http.wire  - http-outgoing-47 << "7BqSei5COyj2g+41euUTBWBVctAyzyPyl6PwLNLQc+G4Fl1LvuFfXOkGCwH4XkhWF0MVkcKwK9MAf8LB+Bs8bhs85kpYPOXEVgKwMkmG0gwenUKOF5/pTATfvVWEiuR4+/KGf8yAdjhyEwAPrwA28OL5CWgreYFYPN9izATTPcunBeApaOwZwm6u5ZyXtDZuZSzO5bJAfjM9hWc2r6K49tWc3SbagloaZnnwzs2ygF4/3ZBOs6j7neAOgZhvThmXsYqaRj/0luc9a3AObsfu5QO3HK7OGQbwW93aLHnoi9G4VnYppRiFJGOTWIh+n6xGNoHYW4XzFl9Z0zsgojNaeT7P1+LgVcq7jmd+FRO4V17BdO0dnRjqtCPLuK0WwTb9Cw4aObAPjMPTCMKCCofJLx+ksDaKQLrruJTcw3X8kt41d3Bq/6+8BBPwbvh0Ryfxsf4t4Kv4Ncsjs0vhOfiuucEtX9BaMcXxA2BZe4IvvW35OcLarpDcPNdYnqfEFR/h6Dq+7hlTxBWcYXC/ue0XYO2KzAt/uc0r/syyS3jRNUPktg2Qf7ILezjc3CMzSC8oJTyvjHCMqsoaBwlNLUUMydvlm3YyIJlv+Off/V91mz4BxYs/q9s2/FjjEw+4sDhhWhofcaZs7vJL0ont7yCiv7LFAzeIrvrCpkdlygavC2Ol0lrmiK78yYF/Y+IFe9HVt8LiiYgquUJEc3PSOqDMPF9xvZ+QWzfU3F8Ln9PMT3PiO55rPazVigUCoVCoVB8t6j7o5BC8W1RArBy+rZPSgBWKBQKheLLvVMALgw0ID/gAjm+58ny1CbFTZMkFw3iHaQYLEXgk+J4ingnDRJdzpLuqUOi0xlxnQZpPkak+FiQ4GtDdrQvjaU5jPa0cWlogMHOdvrb2xgbGGKoe4jp4UkmB4Zpq6mlNDuTovQUyrNSqJGib3EOjQWZVGUm0SBNAJdk09tQzKWBJq4Pi+fra2SkrZL+xhKmeuq5NtTKeGcN7ZU5tJZl0l1bQENROg2FWXRUFjPR1cr96Qle3L7Ji1s3eXh5mjsTo9ybHhOGuTrYyVBjFV0lebTkpNCUFU9rTjwtWZE0pYfQmBpIfVIADYn+1MX5UhfrR0OMD00xbrTGudGe4EW3vOSzDx0zSz93pQXQkxFEb0aIHIA7UgLpTg1lIC2KgfRo+lIj6E0OpS8ljOGsKEayYuhLj+BSSQbtiWFkuVqT7W5JrpcJud5G5In3Nl8c830MKfA2oMhbX47ApdJ+wD7nqfDVpcpPjxr/C9SLz7BlXgDuirSkN8aWgXhHBhOcGE5yVYVeSbIr4ynujKZIAVh1vRyHUz0Fb9lsAJbi73hmoByC1UXeL6c+8M5GYOm5Z6eBpf1/Z68bF4+dNZnup4rA3/IS0BPCbACW9gOWArAcgWNsvjT+fpMA/LYILJkNwHMR2PesIE0Bn54XgY+/5PX2CDx/GvhlCD4g7Jepi8BvC8HqSBFYCsCSUmkK2GrLTAT+9gNwtkwVgCVSAJ6VbvYBKSYbSTRePxeAY/VXE6e3am7qN1ZXir8qs/H32wzAzscW4SSRA7Aq/kpsDr0MwJZyAF4kB2CJ6b6FGM8FYFUElvYE1tu5iPM7l6AjnNu+FC1BY/sKTm5bzvHtKzm2dTVHtq3lyPb1HNmxkUM7338j/n6TAGwSeQOnzCc4Zt7FIm4Up+xJAqqvcDGlkW2WfvzdR/txLWjEPqMKj8JW7NLqsU9vxDOvG8f4Suz9Y9AxtubUeRNOnDcnLq+WBZ8cYLeBJ2G1l3AtHse9+iYeNbdwLJ7AMqUN49BCdDxiOW0XwFEbf3YYuaLpEUdU/STRLdfwLhuTp3SlSeDA5nv4Nz/Ar0lofox/02MCW57KyzsHtz1HmvKVjmGdENL+Qr7s3/yQoLYn8lLI4R3PCG1/REjbQ+E+4e0Piex8LIvufEhsxwNsEutIbL5E1eRjxp7DNfE/puNfQPtdSGmfIrXrMhl9N0nvvUFKyySZrVPYRWSSUN6JQ2gBSWWDFDRNEJ1dzS8WLmfFulX8bsE/sfHDX6J17gOWrvhzDh5ZhMbZDzl9bju6RmcIi4kgvbSOwsF7pPU/Jq33Eel9qmNS5wPSux+TM4T4mi/EdZAsJPZAghAvzsf3qyQOitsGXwhfvHJU91krFAqFQqFQKL5b1P1RSKH4tigBWDl92yclACsUCoVC8eXeKQAXB+pTFKhHYYAuBX7nyfPVIddHmyyPs6S6aZDkfJoExxPCSRKdTpPqcpp0IVmcT3TRIsnzAkleJsT7XCQ93IOKrHg660sZ7GhkpLuNoZ5OBrv7GBsYZXp0kumhUQba22mtrhTK6agqpbeuiqHGWgbrqxlurubKUBsPrg/y5NYID670cf9yL4/F5YdX+7kx2srl3jqmu2u41FPLeGs5fbV5QgEd5dIev+lCFn31VVwd6OXu5AS3x8e4NjrE1ZEBoV/oFc/RzkhDDR3FeTTnpdKcm0hTdiyN6RE0pIZQnxJMXWIQdQmB1McH0xAfSFOcF02xHuLoQUu8F21JvnSmBNKe5C8fpanfnsxQlYxQ+tLDGRTPN5AZzWB2HMM5sQxnRTKQFsRIWiCX86MYyw5nPC9O3CeO8mB38rzNBVPyfEzJ9zYRjCnwNqLI14hiH33hAqVCmd8FKv0NqPDVo1qcbww2pinUlGahJcyM9siLdMVY0xdrL0fgoURnVfCVA7AbY8kujCY5C65yDJaDsByBX+4HPJbhx3jmHzsF/Gb8lbwegCXzr5Pjb4a/4CcH4EnxOl4GYMm3E4Cn4u1fRuB5AXg02pLh6IuyoUhzBiLMZIPivKQ/3FTWF2ZCX+iXB+D5EXh+AO7yk/YCnonAfqr4OxuAX0bgE68E4Hq2oN0AAP/0SURBVLdF4Pkh+OVE8EHhZQT+OiFYXfyVvG0KuMRKmgL+9gNwjniebHkS+BMyzSQfyzLE86Wafkii8UbiDdcTZ7COWP01xFxYJYvWk6yWRemuekXk+ZVE6KxQ0V7xTgHY4+QS3E+8GoAdjyyaC8C2h97D5tBCrA8txurgIiwPLOSiHIAXyqQJYOM972G0+w8Y7VqAoWTPorkArL1jNgAvQWPbcjkAH9u2gmNbV70MwDs3cGjnm/H3mwRg+7SH2CTfwirpMg6Zl3EtmMY0oZlPjPz44SfH0AnLxqu8B/vMRqyTa3HK7CKgZALvvDH8sjux8g7G0NqCw2c0+GTnbuz8wzhm7MB5zzjCqqW9ai/hVX0Hr9oH8tG3/Cp+RWN4prXgEFOCeWgWLunVHLYJ4qBtCP7lgyT1PSSq/R5BDTfkad2glvsENT8kuOWRLKT1MWFtT2RR7a/peER052Niup4Q3f1UPkZ2PZwjLQEd1/NEFt/zkKSum1gnFJHaPkzVxA1GnqoCsDQBPPQM6q4+I7PvOrHNUgi+RU7ffTLarrHxkAEfHTHlR4t38v1ffcJ/+/tl7DljwQENfX76m9/xNz/6S3bt3ci2nYs5eeYDLpjsxMLuJEnZEZTUldE7Pklx2wjV4ovlXYKsccgcUy3rnDMJGaOQ1P+MVDnwCgOQIMRLR3E5TkgcghTJ8HNSh56/clT3WSsUCoVCoVAovlvU/VFIofi2KAFYOX3bJyUAKxQKhULx5d4pABf5n6c4QFdW6K8jXy6RY7A2+T7nyPc+S47HGTJcTpHqeIwUhyOkO5+QI3Ciw0kSnM6Q7K5Hgoch8V5mJPjZkhXjS21BCt0NZQx2NDDS2yP0MzEwyOWRMa6OjnJ1ZJih1ha6a6toryiho6KYvtpKJqT7d9UyNlDHrUtd3L3Sy53pbm5NdHBrvJ370z08vtTH/fFOrvXWM9lWwVhzKQO1+fTV5NFRlk1zQSYtRTniOUsY72zncn+f+HpDXB4Sr6Gvi/HeDqZ6OphsbxaPq6StKJv67ERqM6Opz4iiLi2c+pQw6pJDqUsMoTYhhLr4INWS0LGe1Md6iKMXTfE+tCb60Z4SSKe09HOGKgD3ZoXRJwxmhTOSHcFQbgxD+bEM5UUznBvKWLYvExnuDCXYiaMXY1lBTBQmMJgfT6P4GsUBquWg833MBVPBmHwvQwp8DCn2M6REK"
11908 [Forwarding screenshot on session b1310904-d161-49ca-a1a6-530fba7baea8 to remote] DEBUG org.apache.http.wire  - http-outgoing-47 << "A0woDzAmDLfC1T56VMXZExDqClNoWZyCJ6NwN1RVjPTwNKS0M6MJrswkeIqG5cj8AwpCqd6MJoqLQftLZNCsBSBVfF2JuxmBIrrXpIuv2E2AM+LvKop4rdNAM9+DXG9tPxzup/8tVXTv/P3APZmKt2LS2kqXxaAp1IkTnL8nUpyVAVgYTzRXiYF4DmvTAC/XAJ6XJoAjrFiJMaS4SgLOfhK8VcKvrMh+JUALAyGGc8F4L4gfTn6zh5n4+98swF4LgJ/gwA8G4Hnx9/5l18NwQdeicBfZxJYMj/8vr4M9PwIXGotRWDVFPD8ACwF328agN9KCsAzpPNZ5p/OyRDPmyqeN9nkQxKN3ifecCNxBuuJ1ZdC8FpiL6wjRm8tUedXE3l+lTi+GX/DtZcTfm45EWeXvRKAg7WkALxMFiD4yxF4Gb6SM8veGoBdhNkAbHdoJv4e/APWB98TFmB9YCFWguWBRXIEVoVgFTM5Bi/CWFoSWpACsO7OxejsWMy5HUvQ2rYEja1LObl1GccFKQAf2y7tBbyOo1IA3r6e/dvWcXCbaj9g2fYNan8HqOOUO45d5jBOeaN4lExjmd7NUc9sNltEstksAp/yKezSuvAtnsC3YIKY2ntEVd7GLXUY75Rm7P0C0dQ/w7YD2/ls91ZOGxigY+PMSUsvkluvEVx3ncCGRwQ2Pieo4TlRzc9JaH5MTNU1gvL78ctrJ7CkA9PwXI46RHHUORb7jDZSB57JU8DhrfcJa3tAePtjmRR5I9vEse0hUa33SOi8T1z7bVlC512Sex6Q0vuQpG5puvceiV0PiBcSxGVJYs8jlb6npPSJ+3dMYBoaQ2ZbFxVDw/TdusHow/uMP33O8BMYfA7FY/eJb54mq+8eZaPPKRt8wu8+PMrizzVYtu08Bwx82XLSijNm3mgaOfIXP/gnNn7yAeveFz9TEU6ERDlwWGMTn+xai761Edrm5oSm5ZFa30dI7TCx/XfImnouy5x8Jh/Tx5/I16eOPyNl7CnJo89Ikr2QJY5/Qco4pI48I234GenC/KO6z1qhUCgUCoVC8d2i7o9CCsW3RYpzCsW3Td3PnkKhUCgUCpV3CsBJ9ifIcNOkwE+XsiBDVfz11aZECsN+2hR5a1LodYZiHy1K/c5S4KVJpstJ0pxOkup8ilQXDZJdpL2BtUn0MCDe04R4L3OSAx0pSAikKi+RnqZahjpbmRzo4crwoOzq8BB3Jsa5NTrE5b4uxtqbGG6pZaK9gRvjXdy80s3ViTZuTnfx6OYQL+6O8+z2KPemurg13MK1vgau9tRxqbOaqfZK+iqz6a3IorMsi9biLBrzM6nLyaCruoLB5ibGujoY7W4Xr6OFwfZmhloaGW1ulKeO20pyqcmKpyotmtqMKGrTIqhPjaAuJZy6pDBqE8OoSwihNtZX8KY2xpPaaC9qoj1kzQm+tCUH0JUeQm9WOP05ETMBOIxRcX44P4aBAkkEowWBTBd4MBBjQKXTXhp9NRjLcGMkL5SJihTGSxLl56oKd6bI31qeCC4OuEi+jwkFPsYU+hqLz8eIQj8DivyMxGdiQLmfPtWBRtSHmNIQakZjiIk8CdwWYTG3JHRfrC3DiY5IU78TUiCVgmmKq3xZCsBjKe6MpUqkCCztByxNAqsisCrOSrFWiraBjGcGzZkfg+ebjbzSEtKS2dj7VV4PwOMzewDPXwL6awXgZGcmkx3n4q9kNv5+WQCW9gBW7f+rMhZrxaggTwBHvQzA6gyEmTIU9nIK+OsE4B7x7+3rBuC5CPyWADw7ETx73WwAbnR/hwA8E4Hnx99Zr0fg2QA8G4Fng++bAfiTPy4AC9JjZs2/PsP8U9LE86YKySYfkWj0AfEGG2dsIE5/A7EX1hOtu5ZInZkIPC8AS/FXir7hwpsBeJlMCsCBMwHY/8xyVQT+0gC8WA7ADocXYjcTf+UAfEDyHtb7F2IlSFPA0lLQEmlPYEt5b+AlmIvz0pLQJnsXob9rIRd2LUZ3x2K0ty9Ga9siNLYu5tSWmQi8TRWAj+9Yx9EdGzi8bR0HtkoTwRs4umsjR3YK3yAAuxR045DbhVvxAN4V49hl9WIQ24hNRj9hjQ8Ja3iAe84E4ZV38M6awDWpD23nPPTdCzB0icfI1ppT2oc5rXNEHI/z2c4tnDW1YNvJC/I+tsHlkwTV3CG4/gkhDc+JaHxKXPNT4hvuE1N1hZjqcULKewmtHMSvuJcTrkkcc00mpP6qHGmj2x8Q0/GY2M4nxHWJx3U9Jq7zEfHtD0lov0dKxw0yum6S03eX/MEH5A3cJ6vvDmldt0huv056923Se+7KUnvuk9ItHiOk9jwko+82eX3TmASEUDk4TP3oMH3XL9N77RKDt28xeP8xk0D7HaiYeErJyGNyxfNVDj9hy6mLWAdmEl7US2z1KHFlA6RVDeEXW8A//2EFLj7+/NUP/4r41HDS8uNIEfxjA7D29mD5pu38ZPlH/OPqLRxxDsW5pJXsqUfkXnlK0vAtWfq4eH0Tj8iYfkL61GPSJh+9In3qqbjtGZnjT8kakzx/5ajus1YoFAqFQqFQfLeo+6OQQqFQKBQKhUKh+PfpnQJwuNUJwq1PEONwhnRPXQoDjSgJNqLAV5dSfz2qgvWpDdGnOug85b5nKfY+S763Dnle2mS7nyXTTYsMVy3S3c6R7qFHqochyV7GJHiZkeRnTUqQIwVJoVTnJdNZU8RwWy3TvW1cH+rh2mAPt8cGuD81yoPpMe5ODIrL/dy51M/DmyPcvzbIRH8Dfa1lTPY2cHeql1tjnVztb2a6u47pTikAqyLwcEOhPAXcU5FDe2k2zYXZNOZnywG4v7GOodYmhqSJ39Y6+ptr6a2voremkp6qUlqLc+QAXJkaSVVaBDWp4dRK8VeoT5ZEyMe6xGDq4gOojfOlJsaX6hgvqqI9qY7ypD7Oh5bkALqlpZ+zI+jPiZQD8Eh2OAN5UfTmR9NXGMZYSQCT2bYUWX9MvMZvSTq/jIEEU3rS3BgujmG0JImx0lQGC2Kpi/WiIMBasBKfixBgQYG/GQV+JuT7GYujEcW+BqoIHGBEVaAxNcEmcghuFKQpYDkAR1ykL8aawXg7hqVJWCmOprjIpBg8IR1T3eS9gaUIPJ7mIUdXafJ2LN2H0XRpQvdfMADPUE0A+zIpXsP8ADyV4iH7lwjAk3HiGGs9txfw7D7As3v/vu5dAvDLCCztA/wyAKsi8L+9APxqBFYF4PlTwK9PAL8Sgb+FAJwuSAE4xfRjkow/JMHwfeKlECzEifOxBhuJvrCeSN01cyLOryRcZwVh2ssJ/RME4Pl7AL8tANsefA/bAwvE+Zek5aBVlsgBeDYCW+xfjOnexRjsXoT+TmkvYFUAPrt9EWe2LeH0tmWc2racE9tXcmLHao7vWMOJnetVIXj7WnHdRk7s2shJ4cTOr78EtFdJL0557UK3vPduSN0tQurv419xC++SG3jnXyWq5gER5TfxyxrCwr+Y9XtN2KnhwNKP9rD90D40tI/g6GqBrv4ZVq9dwUUHJw5pGhKcUSsv9exfNEFI7X3xvI+EB0S1PCGp4ynpnY9IarlK4fAjImvHiWm8REL7LezSW3HM6SFjGBK6n8gSe56S0vOM1O6npPY8lvfIzei6Q3H/LeonH9B5C7puQ8Plp5SPqK4vGrxN8dBdiocfyKQ4nN17Rw7EuYMP5etarz7DPjSB0TtPGLt9j+uPHzN24wZjt24zcvcxE89g7AUMPxXPfekFmc1TFHReRdc2kJTKHqrHH9F8E5Jqhtmjbc97G3bzX/7yx/SOXUVTTx/NC9qc0j1DWVsNeY21RBcUE1vRTHBBE7axRWh6xeJb0UnxpSeUSMtNj9wme+wuhVeeU3Id8qafyHKnH5Iz9UCWOy2+l0uPZDmTz8gTLzJv4vkrR3WftUKhUCgUCoXiu+X1PwgpFAqFQqFQKBSKf7/eKQCXpASSEGBDgK02vpZnCHfQJt5Vlxx/EwoCjCkOMKA0UJ/yoAtUCeVBRpQGmVAWbEpJgCGFPrrke52X5Xrqku11gQxvQ9J9jEnzMyPN/yLpIXZkRjiTH+tNRXokHWVZjLZUMd7ew"
11908 [Forwarding screenshot on session b1310904-d161-49ca-a1a6-530fba7baea8 to remote] DEBUG org.apache.http.wire  - http-outgoing-47 << "HR3C9cGu7g5Ku3XO8DDKyPcuzzIvSsD3L8yzKWhVrrqi2kqzaK1Ioe+hlIGmyoYbROPb6thuLGcvupCIZeeymx5Ari9JJu2kjyhkOHmBkZbGxlpbWCwuZaehnK6akroqiyhu6KMzvIimguzqJH24E0OpTwxmIrEIKrEsTohmNrEUNUEcJJkZklocXttQiC18f6C38xUsLccgZsT/elIC5YngQczI+Q9f/ty4+jKi6O7IJKRIl8msywptdpIoeEi8gyX0RxwkqkSP7qyA+nNiWa4KJmJ8nRxTJKjcmmoI/n+VuSJ9zI/wIKiwIsUBksx2JTCmQhc4i9FYEMqA4yoDTKmXtoTOMSEtlApApvTE2UpR+CBOBvGEh1VEViKv+IoLQc9leYu7w0skwOwJxPyFPC/bgCW9gCWAvCUHIFVU79S/J1Mdv8XDcDjMVZyBJ4NwUPhZrLZ8DsQaiL75gFYWgb6vGwuAvudkyeB2300ZKoIfPJlBP5XDMDqQvDLKeDNbwRgyfwloWcjcL7FJ+RafE7OxW9Gesys+derAvBnpAmpZp/OROCPSDD6eMZHxBt+QIz+BqL01r0lAC8lTPhTB+D5S0BLpPN2B6XLC+fYHFossz60dI7lwaVyADbfvwiTPUsw2L2ECzsXobNj0UwEXsKZbcs4vX0FJ7ev4uSONZzcuVYOwCd3ruPkrrWcFsfTu9ejsUcQx9f/+/82ngXj+BRP4VtyGa+SK/iV3ySw6p4cf50zx/DJnyS29hamgcUYeKagbRfKpiO6nDZy4JPdB9m0fTMffboWQ+NzGBqe5fNNH2Fubo6GjhHhKaWE5LQRW32ZxPYnxLQ9Ibz5AZHN90nsfCxP4Sa1Xidv6BFJ7TfkCd30AXG/1tvEdz0ituMByX3PSe19LsffNCGz9ynZfU/IHXhG0cADWi89YvQ+XAeuCsPifMfVx7Rdfkj79We0XJW8oPHyCznWlgzfk5WPP6F++jlDd8HeL5GbT+HmI3j4AqZu3Gbyxl3Gbj9i8PYTRh7ChLi++w7Ujt+jeuA6XjFZhGdVUDR0ndS2cY5YePLXf3ifTYcN2HxAh+6Rm3y28xAaevr86De/ISQ9labxCcqHJukUz1M+9YyElkvi+58mf+geZZNPKRp7JDyh7NIXVFyBIvH6ii+9kI+F4v6FU0+ER7KSqcfitmcUiOsLpl68Qd1nrVAoFAqFQqH4blH3RyGFQqFQKBQKhULx79M7BeDm+krKi7LITI4kMdybSB87QpyN8TLXIMhKg0TX8+T5G1EWakZFmBllIRaUh1pRHWFLVZgl5YHGlPsbUBFgSImvHvleUgTWI8vLgExvQ9J8DMkIMCEjyIyMYEsyQ+zJj/aiLCmUlqJMuquLGWqpZqK7icuDbVwf7eLu9AD3pge5OzXIg8sj3JkcYKqnmb6GcjqrC4UieupKGKgvl/XVFtNTJQXgXLor88SxkN6qUvpqKhhtrmekqZbBhkr668rpriumq0o8R0URnWXFtBbn0pCbSlVaDGUJwZTGBVAW509FrD+VsQFUxQVRHRdMjVARF0iluFwljtXx4vr4AGri/WlIDKQu3pca8X1Jy0M3xvvQkRJEf1oEI5kJDOSl0VuYQW9RAuPFwVwvsKfdfTMlhn+gynI1OeYfc6nUj7GKOIYKE+nNjqcvN56J8gw5BHdnhVMS6kBBoLUqAgdaUhB0UZw3o8DfmGIpAovPoNTfUJ4ElpaDrgsyoiHYmNYQE9rF59YVYU53pDl90gRrrB3jCY5MJDrNxGAXpuUA7PoyAAsT6Z7i6MOYvEfvv24Afn0CePJfaAJYir+zAXh+BJamgF8PwP0hxu8UgF9GYG26/KUp4DPzIvDJOf8WArC6CCwFYHURuHgmAL8SgYU8Kehabv76Lm4Wj9kyJ9fypUzzTWRYbCJ9hioCf0KSyWeyRONP5BAcZzAbgde+GYC1l3xrAdj+8ELsj8w4vAD7QxIpDAuHpeNiYQk2h5dge2SZOC7D6tBSeUloeQp43xKM9iyRp4DlZaB3LEF75zK0ti9HY8cKNHau5tTOtZzetZ5TuzeI4zo0dq1Bc/cazuxei+aetWgJ6n4HqOOb9wVBpRBSDn5Fz3DPuSlcI7DiJtGNdygZh7i6UTZrmbDo852s3Lydzw4fRNvCGEcfNw6fOMSixb/n9KmjmBme58j+3Rw/fAgjI0uKKjtJqxggq/UG2b3PSOl5Skz7faLa7xDdfouY1usktl0nofUauUNPKZoUr6P2MtHNdxBfnsiWu2QMQHr/F3L8zRCyxHPkDzyndBiqR58wcOspUw9fcP0FXBXGHzwX1z1m6M5zRh7A0H0YvAddt6Dp0mOqRu8JD6iffkbHNei/DCZW4Vy/LR5/Ax48gonpW0xevsfYtfv0Xb1P17XH8nP03f6CMXF715X7FDZ14RweR+HQNMccfHj/pD579Ry4YB/K+q2nyCxpwy88DXMHT/7jn32f/dp65LZ1i9d9hey+6xSOP6F0Qrymq1Av3uOKoS9klWPi+xLvQ4U4FonvsVzcR1Im7lMqrisd/4IycblSuk7cr3ha3E+KxK9R91krFAqFQqFQKL5b1P1RSKFQKBQKhUKhUPz79E4BuKyukeqmZupbmmlorKG8NJ/C7ERyE4NIDLDFz/IMnoaHCLc5TV6AKcWh1hQH21Ad6UB1uA2VwWbyssPS3rP1oaZUBxlTEWhMaaApBX7GZHrpkup5lnQ/XbLEbdmBF8kOsiM7xJWsCG/y40OozE6gsTSTrroiBlorGWqrZrKrmRvDPbIr/R3ylLB0fqq7hZHWOgabquU9g8c7GpnsbmKkuUI23FTBUGMlA/WV9NdWynv89laV0V1RRE+lUF1IV0Ue7aW5NBfk0JCdSm16AlUpkVQkhFAeH0BFnB+Vcb6yqlh/amIDqY4NonyGFIIrYsT9YsT9Ynypi/NX7Q8cM7M/sBSBY71pjw2mNzGenuwsegpz6StOZ7wknJuFTkxFHqNE9zdkaP2SNIP1jOV7MVIWx0RZBiNFafTlJDBUmMRUVRYTlWn05kXRkOhDcYgtOQEXyQ20FMwplD4TaVJb2g94JgBXBRpRK0XgQENago1pF59LZ7gp3WEqg9GWjMTaMhbvwGiCA+NJTvJ+wLMBWAqqcwE43etfNQBPvGUP4OmZaeBvOwDPht/58Xc2AM9fCno2AA/+EQFYWgb6lQjsPz8Az0bgU/8mArB0fv7lV6eAt7wRgCXzz89G4IKLUgBWE3m/wpcH4M/JuPj5KxE42fRzWZLJJjkCxxt+JC8HPTsF/C8WgGfjr+AgLkvLQr+0WFw/4/BS7I4sw/bIcqwPL3u5H/D+pZjsWToXgHV2LEFn13LO7VzJGdlqOfpKAfj0ng2c2bMWzV2r0NopiOPZ3Ws4J6j7HaBOfPkXBOfeIyDrJhFlj4ivfU5M9X0iKq4SU3WJgr4HhBa1sFffklU797L4k49Ys+UjfrHst+w8uh0t7eNs/fx9HKzNMDinyd6tmzm0Zx/+PsE0tPSTVtxMRu0AWW2XSOu4TlqntCfvfdK6HpDYepvU9gdy0ExuvSdfVzoJab2PSOl+REb/M7IGX5DVJ47dT8jufEhe90NKB55QPfKC5vGnjFx7xMTN+0zdfsjYzYcMXbvP8PUHjNx6zvh9mHwEow+leAst04+pGrlN1fBdmqaf0nsDusdecE5P/PfmMoyJ6+6Ix4xMPWDs6hNGb7xg+A50XntG1/UvxOMfMv4YOi7dpWPyOpYBERQOX2KnmQNWMRlktY7hGpWLlrkHdX1XsPePwzM6nQUf7+Ccky/lo9eov/kFueJJq25C7sAjysX3UTn0nJoR8XmI771hSgrbKtL5mnGV6rHnVIvvVybO145BlXjfqqa+oHz6VdIEsbrPWqFQKBQKhULx3aLuj0IKhUKhUCgUCoXi36d3WwK6pJ7qmlZqG9qoamiksq6WmsYqKqsLqKnIoDw3ivwYN1J9zAi9eJxwSw1S3Y3J9TOXJ4ErQ8ypDzOnIcxMHCUXqY+woSbcnrJgGwr9zcn31yc/QJ88fxPy/CzI8bcmN9COnBBHskKFCCdyotwoTvSnMiuclpIUu"
11908 [Forwarding screenshot on session b1310904-d161-49ca-a1a6-530fba7baea8 to remote] DEBUG org.apache.http.wire  - http-outgoing-47 << "iqy6a3OZ7S5XN7rd6KtmpHmSsbbahlpqqK/oZy++jJ660vprpWmgUvory+mr7aI7qoi2svyaCnOpq00l6bCTBryUoVkGvJTqMtJpD4nifrMJGpSYqlIipiJv8FUxAdSGR9AZZyKNO1bFRskzgdTmRAqbgsR50OokEJwTADl0f5URPtRHeMrR+A6OQR7URvpJd4LH5oig2hNiqYzM5He/CTGimO4WhzI/VIv+kLOUmi9g9YIU67XJdNfGMtwSRpTlbmMlWfKAXioOFlcl8TVhhxxTKAp2Y+SUDvyAi0pCpaYUhRgQJG/ISWBhnJ8lwJwtTgvBeCmIGPaQk3pkKaAQ83oDjWnP9KCwWgrhmNtGY6zm5sCHpshTwGnujMhR2APxtK8GE3zlUPwWLof4xn+ghSDJVLoVcVedQF4vtdj7+vG030YF19DPgoTaar4O57qwWSqJ5Pi9UwJ01IEFq9rUo7V0lLQrrJJYUoiBeAUKQA7ySaSpGlnx1cC8PwIPC6zYzLejok4W8bF+zIeK8Vfm1eir0Ra/lnytgngwVCJIf3BBl8RgHVnnKc7QEcmRV8p/krLP0ukAPxyClhaBlqKwKe+cQBucHs1AM/G3y8LwHL4ddxDlYNkN5VS9H3FTirspfi7nXKJ7TZK5QC8hRI5Am+m2FIVgoulICwUySF4E4UXP6NAHPOkeGs1G3G3ClLknb08//zs7eIohd+L2wRxWSad30KW+WZhC5kWm8kUxwzzz0kzU8XfRLPNJElHk00kGH9MnOGHc1PA4Tqr5AAskfYADjsrBeDlsrCzywjVWkqI5ssAHDATgP3OLMd3JgD7aEgBeLEcgD1OLMb9+CLcji/E+dgiVQA+ugiH2fg7c36Wo0y6brG4TTiyRFxehv3RpapJ4ENL5H2BLx5Yhtm+ZRjuWsyFHaoIfH7nMrR3LkdL0Ny5Es1da9Dasw5NQZr2Pbt7pbCac7tXcW7PKrT3fP0AHJFWTEnjIGGpFSQVdZNcMkR23VUSisZIKpsmu/4Gvkn1OEXkEphegk9iGnoOdph42PPDX/4NmzYvY+l7P+T4/s/RPn0UjcNH0DyhwZGDJ9DQOs/vlq3ggx27CUjOJLexh7zmCVomoWoA8tteUNoLRUKhkN/7lPy+h+T2PxDuycfCgceUDD6nYuAFFT2PKe+6R13vAzrHnzN+Fa7efMq1m4+4cuMxl248YerGU8ZuPGPk+gsGb7xg6Db0XFfF3/ox8djRuzSM35cvd11+QlX7BCY2vjT3XaNv+hEDV1/QMvaAtkvPaZwUpAnbvjvUT39BrbRs9MQTSnuu0Cbu65NRRmRDPxaJ+SR1DNPzCIJyy3CKTiKvbUDe6zepvpfF+zTxyG8gT3zdCvFa6u6K73f8ETXifMX0E5kUcqvGxfsyApXDUDv6nIbJx7Revk/njbs0T1+mYWKKjqu3abvygIbRBzRNPKNVvJfS+9k0JT5PKSBLxGtW91krFAqFQqFQKL5b1P1RSKFQKBQKhUKhUPz79E4BuCa3hOL0fAqyC6moqqW2rZ2ajlahgZrmcmqrM2kujaejIJymZA/yQ2yIczPG3+IUcU7nSHU7R2WoGbXh5tRHWNEQaUddpCM1YS7URnrTGOsjbrekLMicYj9LivysKQqwozjYjqIQa/JDLcgLMxUsyA+3oSDKiaIoN0piPKlM9KcuI4zWvDg6S1LoLs+gpyKb7oocOsuluCteW3E6jUVpNBQk0zgrP4X6/CTq8xKpzoqnKjOWyowYKtKjKEuLoCwlgorkMDnolscFUxodIPhTJo7lsYFUxAWpAu9rSmODKYsJoTwmeIY0CRxIpXhcpXh8dbQfNdE+gje1QkOUl+BBfZQnTXF+dKaHMpwfx3hRAhPF8VyuSOVSRRrjZemMiu9ttDKbkfJMxsT3OF6Vw3hFFiOlqQwVJ4pjMtM1GUxVpdKVFUKFeI+LgqwoDDITDCkMMKA40ICyQCMqpCngAEN5CrghwJiWIFPag83oDDanO8Sc3jBz+iLMGYi6yGCMjRyBR+LtGYp3YERaFlqOwFJUlZaDdmNMHEeFsVQPRtM8GZOmgtN9GMsQMn3F0U82mukvBKioCbyS16OwihR/fZlI85ajr7T38IT4GvLE78x071Squ2q6N9WVaWnPYmEyxeVLyfsbC9KEs+y1KWB1xhLsGIu3ZVQi7Zf8WvgdibSQqd8DeHb614D+YH36gqT4+1JvoJ5sNv6qJn6lad+zsk4/Tdmr4fd1p2nxOv5KAJ4NvtJxfhR+GX8PqiZ/Xd4++fu6Sse9VDrMcJQuq1Q47BJ2Ctspt99Gmd1WWantVkps1Cu23iIrstosK7T8nALLzeRbbyPPeju5Vio5ltvm2frm+YuChUTcd+44//w2ssy3kmm6hQzTzaSZbCbZbAuJ4rpE6Wj2OQmmm4RPSTD5mFiDDUScX02Y9kqZKgAvI1JrhSxcazlhWssI0VwuCzyzlIAzy+Ymf300lsp8zywRx8V4nVqIx4kFuB9fgJs4ukgRWLYYRykECw5HpQi8EMejC+Q4LHE+tlhYInM6Kh2XCsvEbcvE/ZZiL00CH1iOxf7lmOxdgsGuJejNReClaO+QLEdn9yp0961De69kNTr7VnN+/xp0D6hI59X9DlAnLiWKutY6imuqqe/oJ6+8g6ySXlIL+kgpHCa7apqq7vsEpdRg4x+HQ3AkVn4+OEf4s+PYVo4c+YCtn/6BPdvWY2NhxL4de9j6+U727jnE0RNn2H/iOL9bvphTBnpkVdbR0H+DxoGnVHZ8QcsIlHdDWQ+UCsW9Tyjuu0/hwG1Z0eAdyocey9O+9SNf0DD4lAZxe9vAfQYmHjJ59Sk3bj0XvxyfcvX6Ey5dfcLktWeMX3vO6A0YugkdU09omXxEs7i/pHXqMZ1XntJ/4wuGb39BZesgxnZetAxdpXPqAW3TTygfuEPl6GNKhh5Rd0lajvkFNVPQJp5TisJNE0+p6r+FoXccWf3X5QhcOn6dnvvPiSoqwzk6lqjCcuombxBZ2cZRe38y+m5SeRVKJsTzi9dQMX6f+quPqJi6Se1Vcf7KM+qmnskRt+MyiKdl4MYTIrKy8IkNxSvGj+zaQgauT9N37Qbt4hvsEa+1eeQejWMPaRp7QqN4fJO0/++0sgS0QqFQKBQKxb8H6v4opFAoFP+mNfXw3tEO0tTdplAoFAqF4ku9WwBOCaQ6I4LyrESKczIpLCylrKKO2qZ2GsQdhvpaaKlMxc/mJD5me0gLsaQiK5K0KHcSAq0IcdImSNwW56JFtp8hxcEWVETYUh3pRE2kK3VRrjTEOlIf7UhNhAuVYc6UhTpTEmJHeaQtJVGWFEWakx8uhWArckPsKQhzolDct1gKwdEelMZ6UxrnQ1liAJWpoVSlR4jXHEl1ZpQQLStNCaVMkI6lyZIQSpKCKUkMpjgpiKIEIT6Qgnh/CuMCKI71pyxGCr9+4jX4yseyGNV15bFqxATOC7+q+KsKwFL8VXkZgH3kAFwf7Um9eJ/qozxoiPGkKd6HtuQgusX7N1KcwlhZJkPFafQXpjBSlsV0XRFjFbmMV+UxWSPJZUJaAroinbHyVEbLUpisTONyXRbDJfHUx3tREmpNUagZhYHGFPgbUuAr7QVsTKW4XC2OtQGqCNwcaEprkBkdwabyJHBPmDm9ERfpj7JiIMaGgThbhhLsGUl0lAOwFF3lZZWlvYFTXRmbMS4uS0tDj0kyvBjLlELwbACeR4q985ZznjWeHvAK+Xppqlha7lkOwEK6FICliV9hLgDPTPcKUgCWqIu+s96Iv98gAMvx91sMwK9E4IDZAKwlmx+B3xqAPd8MwLPeGoDVxN8vDcCz8fdPGIDnR+ACyy0zAXiHbDYCvxmC55Nu2/FW2Re3y7IstpFpvpV0sy0km28jSVyWInCSmWC+mUQzVQSOM/6QKP31hGmvkid8Q84uJ/zsCiK0VsrCNVcQNhN/v34AXqg2AMuTwHMRWIq/8wKwuH02AEtcji8Tlqsi8NGlOBxZhvXBZfIUsOnexRjsXsSFnYvR27kE3V1L5Qiss3M55/esQm/fWnSF8/tWz4VfvYPiOjkAr1b7O0Cdh"
11908 [Forwarding screenshot on session b1310904-d161-49ca-a1a6-530fba7baea8 to remote] DEBUG org.apache.http.wire  - http-outgoing-47 << "OQoyiqLKKuqpKWzl5yiOjILmiis7COzuIeIlBryqgY4fNacFR9vY/vRExzX0+GYngZ7T+zA2dUQf9+LfPLRSs5qnebwwWPs3XuUTz/fyaHjZzB3cGTHkSPY+/pR1ztCy/A9arofUdL8hJLWL6iQA/AXlPU+prT/ASUDtykZvKkizteMPaV+/Lk86doujp2jD+kZv8/IlQdMX3/M3ftw684XXLv1TFx+ysTVp4xeVwXgYWnf35F7NI/ep3X8IZ2XHtN77bk8FSwtDz31AMqb+zFz9KVj7CYdk/dpGL1HYdc1intvkd15k/zeuxT236ew9zYVQ/cp7rxC19UXdF95imtUNt13oHbyLvWj12geu0xqcRnhSSm4BoTRe+kmU0+kuD1Fp3g9DdNPqJsQr2VKvBbxxWv7p+m784DRx+I13XlO0/BNajqu0NB9lcbOMSrqW3HxdsHJyxo3fxvS8uPoH+9h6uYVxi/dYPz6Q7qui+e7+ZC2W09ovi15SoM4qvusFQqFQqFQKBTfLer+KKRQKN5RTgffO9r4KqMemtTd90/tK+PoACdee20nctTd79+w+d+jfH7e9+M+oP4xCoVCoVAoZO8UgPOCzlMea0NDViDNBak0FBZQW1hBfVktVUWldDVUUpUfg63hbmz0N+Nhr0VOZgyV5RnkpIcTH+lGsLcJwW4XCBC3xbjpkuVvQknoRaoirKmJtKEq0oraGEcaErxoTJD21PWmPMqVsmhHSmJsBCuKomwpiHCkINyFglBnCkKcVMcwcTnMlcJwN/IjXMkT8qPcKYzxpCjOh6J4X1lBtBcFUZ7kR3qI+7iriPOF0vWvyRf3K4z0oijCi+JIb8GHEkGKwKoQPMv/LRFYFX9nA3BFlL/gR1WUL9VR3jO8qInyoE68P3WR7tRJ56M9xPvgLd6DALqzohkoSJYjsDTxO1qezXCJdD6Xicp8JqsLmKopFPKZrs5lqiqbkdIUcZ8UpqozuVKXzWRlOs2pvpRH2lEYfJHCIAtKJIHmlAaYUO5vTNVMBK4PMKYx0ITmQGPagk3oDDGlayYC90ZZ0RdjzWC8HUMJDowmOTMuRdS3BmAPVQBO92I0w5vRdF/ZSIaKdP718DvrlfA7Q15eemavX1mapzCzt2+K+PqvxV7VHr8vI+/bzI+/0jLX6oLv677NADw/As8G4J5AaflnaelnVQB+PQK/HoKlJaBbvU7Q6v1mBJ5/eX4Arnc9+LUnf2d90wCsisDb1FKF4FcjcKHVFgpstpNvs1NtBFZPus/Ot3o9BGdabCPVYjvJ4rzMfJsqCJtvFjaRaPYZccYfE6G7diYAryRcezXhMwE4THMFIVqC5nJx+9cPwHIEPrkQ1xOLcBHkADxvCtjx2MK5ACzHX8Hl+NJ5lonHrpiLwI5Hl2NzaDmWB5fP7AW8RI7A+ruWCMvQFaT9gHX3rubC/nXCWvT2q8Kv5MKhdegdUEVgdb8D1Pnii4c8eXyPGzeucfPWHdo6B6hv7qFr4BIVDb10DFxGz9Se//hf/5xFa9ZxWOM0K95fxU9+9WP2HNpCZ0812jpH2bL1YwIDA9m//ziHj2lh7+yDtZMXPuGRmDo5E5aaQWP/BA39t6jrfYR4aspan1He+ZjynodU9N2hfOAWZYM3KB++Lh/LBu9QP/5UXuK4+xL0XYHBK1Lgfcyl24+4fu8J9x7Brbtw6cYzRi89YnDqIX2TD+mdeixPyLZPPKJt8gEd4rqu6Yf0X33KyK0vmL4PV8Rjy5r6sHILoffyI/n2+pG7FHWLrz9wl9zO65QM3KPxMgw/hoE70nTuM3ouP6Z7+oG8x2+3+Jrtk3fpm7pDR/84RcXlFBeX4u8XzNTlGwxOCNN3Gbn2DHEXrt4TzzV9j46ecbILyrBxc0fXwoL1n27hv/zPv+Z73/svwv/D//2f/l/hP/Lzn/0tmz9bxoF9G9i1Yw2nTuzExtIQFwd7bG0c8Q0NxzciCr+YeIKTUonIyiO+qEztZ61QKBQKhUKh+G5R90chhULxjqQA/C8VfF/3tQJwC25NM5fl+8+7/F3wWgA+ETk+c9s4bkbfwaCtUCgUCsW/oHcKwGURepSEG5AfZExOoBXVSUEMVBYw0VJLZ3kBXZW5tFekkhBsyUW9HWid2kpMXAgNzZWUVOSSV5hKUmoYoaEuhAfaEOJhQKjzWRJctcj1OU9JsCFVcbZUxDhSEe1KZYw3NQn+1KcEUJXgTkWiM+UJjpTGOVEU40pBhAcFoW4UBDuL1+REXpCDar9gITvQltxQe/LCHMgLdyQ/QhwjxGXpfLi4b6gTOSEOZAfby8fcEFVQlqaJCyNcKYp0k5eXLhZHKSgXhrlTFOZBcYQnJZJIb8GLUpk3ZVHelEf7CL7i9fu/GX5nSbdH+coBuEo8RsWL6kgPaiLcqI2SArCn4EVNtBe1MT7UxfrRkBBIV1YMo6UZTEgRuDSTifJcJivymayUwm/BDOl8nhyCVfeTJoLTuVKXL8fgrtxI8RrE9xNkS7H4DEqDrCkNtKAswJQKf1OqAkyoCTRShWBxbBZago1pCzFR7Q0cYUF35EU5AkuTwMOJDowmOzGe6sJEmqscYCWqAOzGRLo74zMBeCxdCsCzVPFXtV/wq+F31usBeDTVj5FUH/Hc3i8DcKrHXACW9yN+fdo3WaI++s56Pf7+sQF49E8UgOdffiUCzwTg7oCXU8CzEfj1ANzmLe0DfJJWb1UAlsyPvl8VgL9u/JX86QPwqxG40GrrXAD++hH4ywPw67KFDMtdpFnuJPXiDlmKxXZSLm4TtgpbSLb4nBjDjwg7v5YQ7bWEnVtD2NnVslCtVYRorSRYUyXgzHL8hS8LwNI+wJ6nFuEhuIrzUgB2ObHklQismvxd8DL+ittn46/rCVX8nSVFYKdjK7A7ugLrw8tn9gJeitGeJRjuXoLBnmXo7VqK7u7lXNi3Cv0Da7mwf418NDi4DsND6+WjRLpe3e8AdfjiMU8f3OLeretcu3qZtrY2yisr6OsfpL65hc7ePi5du0pxaRFOLvZ8tulDjp84QEiIF63tVVy/OcbWHZ+y/sMNWNo6oHHWgM+2H8TY0pnWvlGGr9wgq6KaxIJSGvun6Jp8Iu/h29Anvv4AVPXdp3rgNrVDt6kbvUn9+E1qx28Jd6gffUDL1As6LsHANRi9BVN34eojuPPsOfdefMEdcf76PXH99edy/O0avUvb8B2axfNJuqYfy/G3ffyucIfe6XsMX3/E9L3nXHusmgC284lk6MZzeU9gaZno6hHx+qaeyxFYOlYNPaDnBtQP3qZz8r68XPTYjScExWTQMXiNfvG6H4nXcfPKbfqa2xkR72FefBJT/cP8f+z9BXRVV8LwcQO1kXbaTqdCcXd3d3co7k6AkOCShEDc3d3d3d1DEjTECU5b2kJlpqP/b59zkxBoOs+8T9/3+77OOs9av7XPPffcc60ka/J/9j4FmYWkJ2ZjpGfD9s0HGTZgDL/t9Bve6fQW7735FkMH9WXqtAnMmT2TyeMnMHnUeGZPmML0MaMY0fsTBnf7HZuWj+fIzgXsWDuZPevncubQVrQ1DnLxsBoHly5n56y5rBSPm96rP0Pf/Yher/++w+9aoVAoFAqFQvHr0tEfhRQKxS/07wLwSzNW24Va+TE3UNNW3TdJjpqqoNk2u/WlUNt+Jm/r/leO7/A1vBKA20fTl16b0H427Uuzml88Ptau3fEtz1cRUNXy+lvP2fo+Xwm07c/Z7rVKj+9kJz6LlvtUx786c7njyC29HiUAKxQKhULx835RAC4IsyTT35AsPwMK5FBrQKqnFnliuyDciqIYJwpjPcgMdyM12IWkcG/KijO4Up5DTn4qKZkJpOekEJMYTmiYByH+1gS76xPmdI4w62MEmasR7XyOJG8DckPsKIrwpCjcnbwwJwoiHSmMthNsyY9yIDfckexgZ3IDnckPcCTXz5YsHykEm5HsbiwYkuJpRKqXESne0nLRBiR76svSvIzFfcYkuRnI5GM9jEnzNiVdyPAxI9PXQrxPS7L9xXv2tRKsyfazI8dfJdvPXtxv27LPntwAe/ICHckPciJPvC4pAr+qQMgTr"
11908 [Forwarding screenshot on session b1310904-d161-49ca-a1a6-530fba7baea8 to remote] DEBUG org.apache.http.wire  - http-outgoing-47 << "/cFR9VjxOsvCnCgWJynWJxbjsGB4nZLAC4Rn6XkSrgHN+MDacqKliPvw4I0IZ2H+S1jYWsETudJaSaPhQeFqTTnJcjLRj8uy+BBSSrVaaEUh7qQ7SPen6cpOeLzkCOwx2UKPHUp9LhIkRSBPXUodb/AFXctKsX2VW9drvte4obfZaoDDagJMmyJwGY0R5nTHG3BvWgrOQargrAqAEvuxqmuCdwc68gdSZxTm7ux0rLOP3U/zk1Qbd+NcRHndxLPI46Pdnghxl6QZv5KbFVLUreLuw8iVdpH3o7clbTE3+bw/3n5Z8mrAfiO+PcgC9KnKVCiJ2vwvySr99OV1fleFP59AO4oAtd4nuK2x3Gq3TVlt9w02tx0PcYNV9WyzxI5/jqqcc1Z5dUI/O8C8Kvxt0hise2l6NueFH7zLFptb2cruRZbhE3kmG8kx2wD2bKNwqYOZZluJMtkgyzTWLKeDKMNZJhsJl1IM5ZsQroe8L+3hRTjbR0z2trh/kTD7cQZbhOkENwSgw03t4k22ESE3nqCL67G7+wyvE8uxOf4fJm35jy8BE/NOXgIUvxtDcCu6tNxOdqifQA+Oq2N7ZFp2ByWAu80rAQpAKtMxVJtirxtJcVhKQCrzcD68ExsjswSj5sjzBXbc8S+2Vgdmo35obmY7JdmAc/k8u5pXNwxDe0d09HaMYML22dwdvsszu+ai9ae+VyQLUB730K09y9CS4wX9i7g3O7/fAno7754yN+++wr+/gN//f5rHt1voLg4m6amahobb3D7dgWlpdk01F7lLz98Ts3NcgpyEsnPiCMnI56AQE/efv/3rP5sPVb2zqzbtIP5y9axZPUmPu03lPisPGruP+Za0wPKb9/nSu1TCq99Scn1Hyi49h2l9ULTN1y59w1VD7/l6qPnwnfyMslV9//OzYeq2b8NX8C9r+HJ9/D0r/Dtv/7FD8D3/4Jn4vbjb6H5y39S++iv3Lj3A9eaxTnuqlTdEedu+Iqr4iS37n7Fnc+/48m3f+frH1UzgI2dg2h4+g+ui+eUrxP86O/cEs9V1PwX7v0N+Zq/tV+COA2Pv4PGx895+sO/SMku5f6jH6i4UkdRThkZMQlcy8oh3suTPSuWs3bmLCYMGMy88dNYMHkO21ZtYvWsRSweN5l5Q0cwZ/gwZo0fyYLpE5gzcSzjB/ZjTJ8+zBw+lAVjhjJ7RC+WjO/D1kWj2L9mIkc2zuT4tkUcWj+fPSvncWTtMk4sX8KxBfPYN306WyeM57PRY1k3akyH37VCoVAoFAqF4teloz8KKRSKX+ilWKrSPmK+FEBbw6f8mJdn4spxtS3Ctg+3qpDaYWR9Kbh25JUALB//8vOqtI+1P32MrbS//esXKgJuq5633X455r70/tu/zhfnVEVf1XtVPab9e/g377e9V16PQqFQKBSKn/pFATjW35XcWD8KYl1J8rlIktdxSiK1KAo7R7b/aTL9LpLlb06GnyNZQT6UJUZQkBRMmnjMleIMsrISSctIIjY+iri4MEKD3PD3MCPYVY8IFx2inM/hY6lBgO0Zwp0vk+hjTXaoG0UxnuSG25MXaUNBtK0cmotj3SiJ8qYgxIU8P3ty/WzI8rYgw9OUFA8jOeomul4myf0SyR6XBV2xfZFkVx3SPPRIcb1EovNFEh3F+xCjdDvNTZ9U98uke0hLJBuS5WNEto8JOb7mcgzO8bclN8CWnADxXL7WZPpaku1nJe/PCbAmN9CO/CB7wYGCYGkmsOtLCoSOArCkMEhaClo8zl+cw89WHqXb8vLQQc5y/JUicL54r+Vh7tQkh/C4MEP2qCBdRbpdlMnnpVncz0+Rl4h+LLaflGVzJzeJ2sxY7hen82VlHndy4ikVn22Wp4UgzQQ2JNdTnzxPPfKlCOylS5GnDsVuF+QIXO6pTaX3xZ9E4NpgQxrDpQhsyp1IM+62D8AxNvKy0G0ROFaKwI6qCBynIm3fl6/p+1MP4lxl96RZv9FS+HXiTpQDzf8vAnC7+PtLA3CTFICFxkA9Wb0Uf4U6Kf4Ktb4XBR3q/4cA3Lr/1QB820MKwBqyW27HZDdd1WXXnY/IfhKAWyLw/yoAW2z72QBcZPXzATj3lQCsir//QQAWMqUALGQYS8s/r28XgKWZwFLgla4J/O9s7jDy/pxUk+1yAI43ao3AKjGGW4g12kq00RaiDbcSY7SNSINN+F9YhefJxXidkCLwIjyPz8dDc16LjgLwNJkUf18NwI7i/tYALPl3Adj6sCr+tgXgo3OEuTLrI7PFMbMwP6SaBWy4dwZ6u6ZxadfUtggsBWBpJvCFnXPR3rtAjsBaYtQ5sEimvV8KwPM5v+c/D8A/fvUlfP+Mfzz/imePm3n2RRMFuXEUF8STkx1OVWUaleVpNNeVcbMyhxvlOdy9Xcm3Dxt52HCbhPho9Az0OXnqDKfOabF+03b2HjrKlp17mTlvEfOWraTwynXuPPmGwooaCsobyS1upPjK5xRWfUFxzVNK6r+gvOkpVfe/5tqDb4Xv5Gv2Xr37d641w/U7cEOMtQ+h6fO/c//Zjzz57gc+//7PPP0RnvwA955D41O4/eQf3Hz4V67Jj/+B0rqnlNZ+TnnN51TWPeHWnS9pevScR1/9hS+++wdZZTUYOPhTLS3/3Pg1pU3Puf7kn9x+BoVN35N05T4pFfcorH7C53+G4NhMtPUt2XfoOEtXfMaqVVuZOW0hI/sPZ928+VxNTyPI0pQNUyeycMQQ1s+exbJJU1gwegJrZ8wV+0azedZslo0Yxqx+vVgwfgRLpo9nxcwpLJsygSUTR7NkwkiWjh3MgpG9WTGuLyvG92TeiI+YM+xPzB/ZlakD/sTE3n+UA/Hy6cNZNHUo8yYMZubY/kwdPZApYwZ2+F0rFAqFQqFQKH5dOvqjkEKh+IV+LkRK4fKl/e3C6k8eI0XP9mG2fYRtF1Lbjm2JrD8XR9tIj20fp9s/xyszegVVuFWd/8XtFvJzSftffb7W1yc9TozSe5PirnR8a9Bu3df6mHavu30Mfvl8Pz1WdX/L63vpMQqFQqFQKDryiwJwv0GDWLZiERcvHMHf/RJJIXrkROiSH65NQag2+YG65AUYkxtgQ46fo7yEc0mkM8XRHuTH+JIRFUB8RCAxYcHERYYSHeZHsK8Tfi5mBDgZEuqqj7f1aXysz+BteR4fy4uE2BsQ72VGdqg089eGklhbSmIcKI6Szu1OaYTEjeIwF/F8DuL5xXNLs3elWbzexmR4GZDueZk0j0ukeuiS6q5Lios2yc7aJDldIMVJtZ0ipEoh2EWHNNeLpLtdIkM8Lls8PsvbRDCTZfuYy+fP9bOU5flbkS+eUxqLgu0oDnGQl1iWZtgWBDu/pFCK1YGO4vNRLRud7e8oy/JzINffngJ/KQC/rDBAisAq0oxg1axgJ8qDXbgZHci9zHi+KM7ii5IsnhRn8KQkk/uF6TwuzeZJeS6PyrJ5WJrFYym6FKbRnJ+qur8kgwcFiVTFeJHtbU6WpxEZ4j3neeuT63mJbDcdin30KPHQoVQo99KlwkeXKt9LXPW7zE1/PeEy1QGXqQnSpyHMkLuRJtyLNBPMVcsvx9ggLQstXR9YWg5aoorArVQB+MVyzh1rjb3NUeIxQlv87SAA/9w1gH8u9Lbe/olwVeD9d6Twe0cKvzKjnw3AquCrUuOjw21vHWq8tajzUsXfn4bes20xWLr94hrAJ1tm//40/L56+4bLUVnrzN9X/Vz8LbPZLeySvXot4J+7NnCR5S4KrHaRL7F8EYF/SQB+VWsA/k+lmWyVo+7/iQSDbcQL7QNwrNE2Yoy2Ey3GKEMxmuwUdhCitxm/C6vxPLEYT81FuGsuEKQILByfj7vGXNyOzW4JwTNkUgh2OjpV1hqApeWfJXZHpFnAUgiWIq9qpq/KNKwOT213WzJD1hqA7dTnyVpDsIUcgGditG8a+rulADwF3V1T0dk5Fe2dM9DZNRvt3XOFeVyQxj3z0ZFmAO9dIM8MPrdzjjy2/9n/72ju2c3RHdvZuno529YtxejSCdT2rWHPrmV8tnYaGuobsLI4S056CKmxARSLn1kp4YGkRYSSGRfDHvFYT"
11908 [Forwarding screenshot on session b1310904-d161-49ca-a1a6-530fba7baea8 to remote] DEBUG org.apache.http.wire  - http-outgoing-47 << "U1NWUhICLvE+RYvWca27Ts5d14LjZNnuPvgc54+/wt3Hz7j0ec/kp13i8TkSipufE7u1fvk3XpAUe0TShtUIfjKnWdcafiO8rq/cKX275TX/J0r1X+loubPXG/8jup7z6h99JTaJ99QK85X/ViaKfxXORpX3PlBXk66pO4ZRTVPKbz9JcU14rw1n1NV/6UcgOvvf03z4+fce/I96cW3uGTjzdXmZ+J1PKKg9imtM4Bzar8hteoBObeeEJklXm/9E+Yv38iAIWPp038YS5asYfr0hSxbulZeunnzsqV8fvMaFiePsWBoP3YvnsfqyRNZPnkS62bNYcWUqYz+5BO2zZ7BjllT2Tl/BpsXzWPdgrmsnDWdJZPGMXfUEGYN68+cYb3lAPzZjFHsXDyZFRMHMvzjNxn4XhfG9nqPOeK+5dNHMLz3ewzt9z7D+v+J4QM/Yfjg7gwf2qPD71qhUCgUCoVC8evS0R+FFArFL/T/9wH45ejbSg6vba+h3TnbHdMaiNtm48qkc0r7X5w31k5sJ7cGX9XrtRXnb3vc/4MA/OprVSgUCoVC8VO/KAB/OnoonwzrzycDPmXAsB4sXzKRM0c3ECyFU39j8kItKAy3pCDUnLwgU3L9jCnwN6U41Ja8YAdS/ByI9XEiyteNUE9XQrxcCXB3xNfJGh9Hc/ydTfF31MHX9gKellp4mGnjaXoBb7Oz+JgfJ8zhFGl+lygIN6M0yp7yKBdKIlTKo925Eush9rlSHCZFWBty/c3J8TMly8eQDE8D0twvk+omXquTFsmOF0h2uECSw3l5u21fy7Yk1VmbdNeLZLobkOlpJM+UzfYyIdvblDwfM3J9xfv0sxDv0ZKSEDvKQu25Eu7I1Rh3ysRrKg51pijEmZJQF4rEdn6QI/nBToKzfK3g3CBnWU6gGAPEfn9xf5uXA3CxGEvEWBLkQKkk0ImqME8qQj25HRfC44JUvpBn/ibLM34fFkvLPWfI4fdJRZ48PizJ4lFxJg/EsffzknhcnCIkcjvZn3zxXnK9jcjx0iff20DQI89DlyJ3HYqFUs+LlEkR2FuKwLovBeDaoMvUh+jTFGZIc7gJdyPMuB9lwf1oKx7Is4FtVOQILM0Ebp0NLC0J7SBH3vv/xr1ocYwUe6X4+z8E4J/MAG6ZBdxR/P3fBuBmScvM35cCcJABd6Rr/7Yu/xyg0iBd/1da/lm6/q9Q53NR0P5fBmDVEtDtl36WvHr7hosqArePvu21D8ASKQCr7BF+GoFf1T4CSwG4sEWB5Q4Vi+3kW2wlz3yLsIlc843kStcBFnJMJZv+Y9mmm8k03UKG6db/WLrpNlJNd/wfkWYAJ7TMAo432kGcECuNJruIbhFjupto8z1EmOwm5PJmfM6uwuP4Ylw1FuCmKZmPm8Y8YS7uGi8CsBR/XY9NeykAOx6Zhv3hlwOwzeHWWb5S5FUFYGtpaeiWfTJpCWjp+r+HZ2J7eLZ4nLQM9Bxxu2UZaLXZmB+cicn+6RjtnYb+nqno7ZmO7q5pXNw1nYu7Z3Jx7xx09s5De+9cMc4XFqC1ex7ndszmzLaZnNk6o8PfAR0Z1LUr4wcOYGC3j1k0cwJ7tq3EwvgUgwe+zx/f78TZM7vJzggFvhG+gx+f8bdnX3OvuoabpRWEBwbj7uyCg401Bpd02L5tEwvmzyYzM10cr/q/Rw+/5F//gn/8A/7yZ3jy+C/U1j2loLSB/OuPiSuoIa38DknFtaSU1hOZdZ2wlOsU3/qWzOIvuVoLpdf/SkHlc/Irn1Jy8wtuP/ie0tpHVDQ9o7TpO/k6wrnVX5Je9ZjE8mbii+8QV9xAdO5t+dwVDd9w92v48nvx/M/+yYMv/syDp38hJqMMp6BEeZZwYc3nlN35lqqHf6Pk7l/kawEXN34rB+DonKsUXL9DUFQqekbid55/GB981AMTC0f0jSyxNrPC2lCfvJgIDqxbzvBP3mXj/BksGDeK6SOGsmrWbDYuWsSqaVNZNnEM53dtZv3MyezbsIFTaupsW72WNfPmsn3lEvq891tmDO/PsK7vMrb3Rwz+6G0mD+zO/HHDmNC/u/jO3mP2uKEM6fYe80YNZNifxP39ezCpf08G/uk9xvft3eF3rVAoFAqFQqH4denoj0IKheIX+rkA3BJK20Jl++M6eIwUW19e9rg1sKqC5/+VJaDbeTm8tnut0jnbBdnW46TxRXR9OcLKx7R7r6pw3O55X3o/Lz/3y69D8krglT6rf/seFQqFQqFQ/JxfFIB/O6QX7wzvywcjBtF1+FC6DxpMzz796duzJ0tnT8P4nBqxvsbkxlhSEGtKcZQFhaFW5AZYUBBiT0mkB8WRPmSGeBDjaU+oiw0+tua4WRrhIrhaG+Jho4275Xk8LLTxsbqMr6Uu3qan8TY5iq/pQfzN9hFqpUaSy3nyA80oiZBmA7uIc7tQFuPGlTh3KmI9qBDbJaH2FIXYkS8tzyzNCvYyIdNTXzXr1/ECifbnXiLtk4OwgyoESwE4zUWHdNdLZLhdFvTJ8jAgx8uIHE9j8ryNKRLv7UqoHdeinWlI8+dBbhh3s0KoTQukKsaDwiA7CgLt5RhcEOxIXrDqGsFyAA5+QVoSuiCglZPgSGELKQCXSAFYjsB2barC3KgMdacyzIObMX7ieWN5eiWbx2WZPCjOkJd7fliWzaPyHB6UZvGoJJMvy7P4XOy/n5fAw4J4Pi9J5GlpInXJfmSK95fjZUiekOWmS6GPIfnuOhTIEfiifE3gMi8drgjSEtCqAKxLbeAl6oJ0aQi5TFOYAXfCWiOwpTwLt3VJaGl27t0Yia0cbe8IqnirCryv+rkA3DoTWBZtJ0jhV2JD8yvLPd+PUGkNu63h944kzKzt9k+EtVve+We0xt+mECNZc6C+7E6AnqxJfD6SBl/x2Ujx1+eirM5b538ZgE9R7X5CjsC33KQIrMlNVyn6SvH35ds3XFQRWFoKuv01gNvH31ats4BbZwJLAbhVawjuKAi3RWCr3TIpBBdZ7aTQcoeswGKbsJV8802yPLON7Wz+j+WYbSHLbCuZZtv/Y+lmO0gz20ma+X8uyWgHiUKCsWQX8UKcxGwvsUK06R6ixM+faIsDxFgeJNp8PyGXt+B5cgXO6gtwObYAN40FuB6bh7umoNG6FLQUgKfhoq6Kv+0DsENLALZtWf7Zpn3oFaQgrJoZPPOFw7NkNmotAfjwHJmN2mysDs7E8tBMLA7OwGz/NDkASwz2zuDynmlc2jOdy3tncXnfHHT3zxWk+DsPrV1zubBzjjxKM4MlHf0O6MjciZNZu3AhE4YNYfaUMSycO4kTmrtZs3Yu/QZ+iIn5BQyNxc/V5EjycjNIioultKCEqpIq0hMyaK5t5lp5FdmpqQT5eqFxdD9z5kzBz9eD+roa6mubKCy4QmP9E65dbeKbr//Fs2/g+z/Dl8+g4MYXRGXXki/G8oZnlNR+KS/bnHv1MdkVTyi+9j0l134kq/gZqYVfklf1nLSSh5TWfENGxV2Sypvl4JtQdpfokibCC+oIyakhOPs2IVnVcghOu3KP4ttfc/P+n6l7/CM1D76n7u5zGh5+T3R6qRyAS2qekHPjAVk3HpFx/TGxZc1EFjUQU9Qoh+TIrKtklddz98u/cO/z70jJKOT3732Ef2QSV241kFNQTKB4/4UZyXjamOBseomkUF9igv1Ijo5E/4IWE0eMxERHi60rlrJ40mjWL5zH5DGTmTB2GuOGj2PdilVMGDGURTOnsGHZAsYM7M3Y/n1YMHUyYwYMYFif3vT68E/MnjyBJfNnMmpgL0b36MrMgf2ZPmgg43r1FrfFvt79OvyuFQqFQqFQKBS/Lh39UUihUPxCPxuABTl8qmbRvhQxO3yMKsLKx2pXvRRMX7rvlaDbtozzz0bojgPwq+ec1BZdVQFWtV/SPja3298+2r4aojuKtvK+lse2e60/DcBC++eSP4v255Je38+9J4VCoVAoFO39ogD8wcSRvD9uBO+OHMm7w8by3uDxfDBgLH/sNZQPPu3Fx10/YPDgj1m7agIGujsIdL9ISrgDxcneFMW5kxVsJ88ELo1ypyjCnewgZ+K8bAh2MsXdU"
11908 [Forwarding screenshot on session b1310904-d161-49ca-a1a6-530fba7baea8 to remote] DEBUG org.apache.http.wire  - http-outgoing-47 << "g8HE23cLLVxNTuPq6k2nua6eJldwMNIEx/TI/ia7sXXcCs++lsIMtxJpOVRUtwvkRlsRX64PcUxLpTFuckzgSVSCL4SIy0R7UJJqBNFwfYUBtrKMVea2ZvipCUHXyn+JtidlcXbnpHH1iAsReBUJ23ShHTni2S66pIlHp/joU+2ux6FviaUBVlRGWbDN1eT4XmN+F9Zt/jn/Uq+qkyVZwPn+FqSH2BLXqA9OYEOZMuc2nEhN8CVPEmgM/ktMfilANwSfUsDJLaq0d+WK8FOlAWKY/zsqAx3py41jHsFCTwqTefJlSweCQ+kIFyexROx72l5Gl+VpvCkMIHPi+J5XBDL58LzihQe5oaL85iJ96VPobTstXiveeI7zGuNwB7alHhoUSpIs4CvCzf9LlIjR+CLsoagyzSFGMiBVLpOrjwTOMqKey3XBlYF4JdDsGr27k/dj7GXtd5WRV5bmqPs2kXgFwG4OdL63wbg9oFXir//PgB3HH1bvRp/m4INX4q/7QOwHHyFWi9tWY2nliDF3//vBeDWCNz+2r/tA3ArVQje06ajEPxqBG4NwHIEttrZLgKrAnCBxeZXIrA0dhx7O5L7vwnA5juEjkPvz0kx2SXsFvaQZLqHRInZPuLNDhAnRAuRpvuJsjhIrPUREm3VibU4QIDOBlxPLMFJir+aC3E/IbwagKVrAP9vAvCRGT8bgFVUAViKv9aHZskB2PzAVEz3TcZk7yQM90wWpmAoLQe9dzp6+2aiv38O+gfmCfO5JNm/AJ0989HeNZeLexeI24vQ3beww98BHfl9p9eZM3kKIwYPYMWShezds51Bg3vzxu8784cP3+F37/+OTm924Td/eJt3/vghf/ywOz16DePT7kMYO3omr3X6LX279WP5wsWcOX5M/A/SncyfPx1rK1PS09NxdfHC2NgeK2tf9h+4gJdvAt5+8UTGZBMWW4BLcAHa1pE4BGYTml5FTO4NKu98w7Xm77hS84zaB+J1Vv+VvMrvya74nht3Iefqt9x8CCUNf6Go4TsKGoWG78lv/J48cTuv4Yc22befk3v7G4rqvpOXh65q/p7KxmfcvPOc2oc/EJ5SgmtoinwN4FtP/krNV1D/HKq/gVvC1SfCo39y/cGPFN56SFX95xRdrSM8IZNVm/ewQ+M8ahf02KGmjk+AP19/9TnBfh74ejgR6OeJt7cn9g5OaF/SZ/DwUXz44ccM6teXEQP6MmvKNAYOHMunPYbzwQe9ePudP/Lee+8xbOhAPvnT+/zhd79lcL9BfPzHruJzfovfvfUevXr2p1OnLnTq3IlBgwbweqdOvPP6G7z95m/44zvv85s3f88bXX7b4XetUCgUCoVCofh16eiPQgqF4v8PvRpUFQqFQqFQKP4XflEA/uOYibw/egJ/GDWB3w+fwG+Hjeft4cLgkbwzYDB/6NOLd3t+zIc9P6RH/08YM2kwazbM56L2IYKkpZOjnCiNcaYs0p6yCDsxSjHYjYJod9JCnIjxtcHb/jKe1pdwN9fFzUgbT+Nz+JicxNtImv27mzCLXYSZ7SDEeBtBBtvxNdwvLw8d7qhNip8pBZGOXInzpCrBm6p4byrjfKiMFWK8qYiSeFAYaEm+n3g90vWB3XRJcdYhyVGLeLtzxNmeJdbmjEzalvYlCsn250lxuCCH4AyXi/IM2RwPPQp8jMj3NpTHuzlB/OVOIf/8/Cp8dZsfG4upTQ0g28dCsCTTx4pMP1sy/e0EB7ICHFs4kxsoxV838oNcKQh0Ea/RhaJAJ8GRYnkGsJ1gS4m/DSV+EmvBimJfK8rEfRVhzpSHOovH2XMrKZCGnGgelKbKAfihFIIrsvhCir9lyTxtmfX7RVEcdQk+3BDfwecFUXxflSaPlaF25LobUuRjLMZL5HlcJF8oFIpbAvAVL22qvLW44avN7QCdlgCsQ12gLg1BejSFvFgOWo6xUZbcjbaiOdq6HRuZFG/vdeBBtL3svhSDpQgs9knH3om0e0G6Lc/8teFOhJVgSbMUe1vcDZe8CLutM38lTaGmbds/Edp+eeeOtcVfoVFa/rk1/raEX0mj36W28Psi/mpx21MKv//vA/B15yNcd3kxC/jV+NveixC8V/bvQvBLEdh6T7sIrJoFrIrA2ymQI/DmlyJwvrm0veU/lme+jWwhy3zHfyzDYqewi/T/A6mmu4U9wl5SzPaRJDHfT4LFQeIt1Yi3PkqM1WGixXaczTGS7DVJsTtGrDgmUHcT7qeWywHY7fgCPCSaLctAS8s/H52Ky9EpOB/pOADbiNFaTRrbx9+Z2B6did3RGcKsdmZjd6TVXFn7GcBm+6a0BWCjvVMw3jcVo/3TMdw/U5iF4cE5GB6aj8GhBegJ+mqL0DsoRd8FXBaj/qEl6O5f0OHvgI6MHDyUrh9+xNjRY9i/fz8HDqsxcvx4psybz/RFS5i2ZDkDxk7mmJYB7sGJqJ83xSM4lcrar6i89YRH9/9M7Y27RIZEYWdjy46dm5kyfQJmFqYUl1dyq/YBpZV3yS+9i46BD0UVj8ksaaLo2n2Krj/h1kPIvfkDWde/pOLOd1Q0f83tz78j/2YTN5qfcaXmawpvfE3Bje9JL/+GykZILX/O9UdQ1gR5dd+TU/+M7Fqh/jtyG38gp+lHWXbjX8lt+Ku4TxxT8z0FYiyoeU7h7W8oq3suR+aw5GI8w1NU1xL+/G/c+uKfiJdCxeN/ya4/heI7f5GXgq5s/p66L/7GzXvfkFJwlTGzlrL79CX2nL/MwTM6BMXEkZ2fx6fdPxaf5V78ggLxDg7Dzt2HjKIqknPL6NTlt/iHRFBb10Bj82Oqqp9wQ7z+uLRiZsxfTl5JCVYOdmzcugWfgGDeeedjvH2jKC6tYdzEBRhZuGBs44ylswsDR4/ijNZFcgpL2LR9N+NnzMU3LB6/iMQOv2uFQqFQKBQKxa9LR38UUigUv0zbrFbF/8909L0oFAqFQqH4hQH4vVFzhFm8O2YG74ydxu/GTuKt0WN5ffhwXh8yhDcHDuJ3/Qfzdt/BvNNrIL/v2YN3+35Ct0GfMmpsXzasmo6l9j5S/UyozvClKsFNDsIlsa4UxnuQH+9JbqwnaaGuRLpZ4m12EXeDU3gbaeBnehhP/e04nV+F/cnFuJxdQaDBNvxNDuBmcAgnvf24Gx4mxPYsKT4mFIQ5UBHnRVWcj+DL1Xh/IYDrcf5URrtSHuFAYbAVOb6mZHgYkuamR4rLJZKcdElw0CLWTgrBp4m1Pk28GBPtzpBsf45URy3SnXVaZgJfEvTI9TSkItSGqnB7bsa48jAvnM9L4nlcHMfVaE8yvSzI8rEmy9eOTIm/fVsAbp0FnBvkSl6QmyxfDsFSBJaCrrMcgaXln4v97QRbiv0kNhT5Wqn4CVIYDrKnLEw8JsiB8kgPqtPDuF+SymNpFrAYHxUn8kVJIl+VJ/O8Ipl7GQEkWpwi2ugo91N9eVoQwZdF0TwpiOZGrBcpTqqZznmelynwvCS0BGDPC5S6n6PC8xzXfS5Q3T4AB+hSH9g6C9hYDsDS7NvWACxdo1ciBeDWbSns3o/8qYfR9rIHUXYyad89oVmQw6882rwUgJvCX57p+6rWwCvF3/9bAbgx2JCmdgG4ffyVvLT0c9tMYK3/MABL4fd0SwBuvQbw/5sA/MJ+Yd9PQnDHEXgXJTa7X0Rgcbt9AJZmARdaSrOApZgrhd9/H3/lJaMl4jF5rSy2kWOxnWyLHbIc851i/PcyLSW7yLTYLcuwfDF2bA9pZntIMZfsI8XsAMnmB0iyOEiipRrJtuqk2B0n0VaDOGt1Euw05ACc6qgpfh6cJNbyIL5a63HSXISj+lzcTyzC/fh83DRVAdhNCsBHJv+PAdhaTXUNYCn+tgZge3XJ7BeOzpE5iOdxUJ+HneTIXHEO6fq/szDfP1WYgqkYTfZPw/TADEwPzcL4oGQ2RofmYqw2H6PDCzAUDA4vRv/wEi4fXIyR+nJMNVdjrL6yw98BHVmwYBELFy5m2vTZ9Ow3iF1qmizfsJMB42YzdfkW9J2CCc26RmmjdD3cH/BJvEpi2UOSyx9x894/uV79DVUV9/D1jcTB2QM1DXWWr"
11908 [Forwarding screenshot on session b1310904-d161-49ca-a1a6-530fba7baea8 to remote] DEBUG org.apache.http.wire  - http-outgoing-47 << "lstB8or1XfIqxAqn5B55SvOmURQWvt3cm48p7D2OUUN35Na8bXY/hsZ17+g4v5zypsfklBSjL6jIzF5BRRWN3Ht7nNu3P8HJTV/laNvSuUPVD6UwiyU3v8XxXd/pKD5R/Lv/pXC+/+k8AHk34Pc5n9SIo4rui+Ok2YSi+0K4crdf3BNjHVfQGxWJQExWTR9/U/qn/6D2q9Vs3+vfSl8pdLwI3IIvimOv/Hk7zwHHv4AnV7/I3m1j3kkbkv76r/4hpyycl57+/cEhEbw8JvnNH7xLQ//DA+Epmf/otNr73Hr/tc0f/Ed957+KI6Br/8GZdWPGDR+On8R57FxcxXfwXrqHz5m8051mh7+hYfidYybuZb47CoKbzTw6Me/4RoejqmLuzjvt1h4+XHK1Ir74gS3v/qxw+9aoVAoFAqFQvHr0tEfhRQKhUKhUCgUCsV/p18UgH8zfg5vCW+OnSnM4I0x03h99BTeEN4cOZk3h03izSETeHPgON4YMIY3+gzjzV59+V2v3rzbuycf9elGj14fM6j/x2xeNYcgN1Nqy1K4mRdNUYI3RbEeVCV6Uy7GkmhXeRnnvGA7gi1P4qF/ALfLe3DS3oLt2Q1i3IyvyX78TdTwMTwk89Q7gPvlA3joqeFrqE6k7Xnygmy4nuQj+FIZ60l5tBtXpdnBcV7yEtFlke7yNXozvczI9bUkx9uMTHc9UpwukGh3inib42I8SZLjGVmy43l5WWhpCekMNz0y3QzJ8TQl38eS4gA7yoKcqAgVrz3EjdIgV3kmb66/C1l+zqQLGQFuggsZ/k5yBM4OsCdXkK4JnBPoJm67ki2Ol2YEFwS5UxgszVh2o0g8TsW1hQvF4vHF/vby8s+SQl9bQYrEjpQHu8rXBr4R7UtzRhTPK3N5erWIpzdLeFCczFdlcTzN9yNefztZ5vu4l+7IV7nePM4J5klZMg+v5FKRGEyauyGZHpcp9DeWl4LOczlDsftZSj1OU+5+kgqPk1R5neaG/wVqgi9S7a/Dbf+L1Afr0RRmRHO4aYuWENyyNLMUfu+3xuBIq/8la3nGrxR9X9UYZk5DqJmsSaYKvh1pDDGhIdhYJm03CXdCxGsO/vfuBIljA41Vgl4sAd0agFuv/dvxEtBa1LbMAq731qLBRwrC51si8Glxv4oq+kqzfk9y2/04tRIPTWrcNWS33Y7Jbjof4ZbL0ZdUu6oCsLQM9FWhyuEQFXYHuGK7n0r7g/Ltn5ACsZNKheMB2RWH/S8pt98nK7PbKyu13SMrsd7VFoBbrwPc/nrA+ebS9YClUZoVvL1N3ityJZY/Qz5mh9hWyWmzi2why0qw3COI23IwVgXhrBZSGJbuz7Rqta9NqsVeUiwOCAdlyZYHSbQ4RLy5NAP4EInWR+QZv6mOx0lzOkGW+K7SXU+LnwsnyPPTJtpaDYdTK7E/sQTX08txPrEAJ/XZuB6bifuxGbgdnSy2p8mcj03FWX2aKgarS6YJ0+XYq5rx27r0s2r2b1v8PSaZK3PUnC/G+dhK1OdhdWSuMA/zQzNlFmqzhTmYq83D4vB8zNoxPbJQWITZ0cWYHVuJ6fG1GB5dyYW989DcNAW11WM7/B3QkZFjx9G1R29mzltEj4Ej6Cp+9v+x71h+8+lofttrEv6ZNQRkN1DQBDmNcNougYiyp/J2dNEjCiqekld0F1MrX/QtHNl+6DAL1n2GrpX42XjjLulXHpFx9TlpVX9D362IojuQXQ/pNX+WZ+iWNEPtM8i49SURBZVoOdiy5tAOPh7Rm1V7N5FRVUFZ431K6p9S/QVy+M0Xjy+9B8V34dpTsU/sL3n0L0HsfyL2fw4F4rgccX9G479Ib/gnOeL1F0qPEQqb/knJnX9x7eG/iMmsxCcihdrH33Pr0Z+5Lc5X81y1/PMNMRY9EMeJ7ZIH/yC3/lvcYgqJKayRl4vu9PqHhBfdpqD5a6oePiO17DpphaX0GDSE9KIrVNbf50rD59z+6u9cffR3Eivv0emNjylvfk6TOGf9F/+kRrzm2+K1ppXVMWPZZ9z/7jtMXRxZsGYNdQ8/Z9Wmg4hTc7XheyYt3E5yUS3ioTz82z8x9fLmnKUN4m6cIuPZqHmWL8V26YNvOvyuFQqFQqFQKBS/Lh39UUihUCgUCoVCoVD8d/pFAfj1iXN4fcJsXhs3i9fGzOS10TN4XXht5HReGz6N14ZO4bUhk+kyaBKvDZrI6wPG8Wa/UbzVbwS/7TuUt/sM5L3efflTrx581O0junZ9n0ljB3NSbQcBLmZkR/twLS2Y25lhXEvxpzzek4pEL8GD/Ag74t0vE2R1kmDrU4TZn8bX9AhehofwNT6Ct4EanvqH8NCTQrA0W/gIHpfVhCMEWZwh1cuMkijXlqWhvWRX4725Fu/D1VixL9qDkmAHCgOsyZOuf+t+iTTnC6TK0fc0SU6nVAHY6Zwch9NddUh30SXVSVeMemS5GZHjYUa+tyUFPjaU+jtR7O9Mgb8LOX4uZPq5kS4JcCdd7MvwcyLL70UAzgkQt6VQLEgBOCfAldxAN9Wy0IHuFIjHFbYn9heK55CuEVzgL163OFehr72sxM+RsgBnWbl4DddCPalPDONBSTb3KvLl2cDPK5N4VhRIltUBEi5toC5cnz+Xh/C8Io67BfE0l+XwoKKAmvRgMj0MSXHUoshHn0L3CxS6SvFXFYDL3U5wxfMUV33OciNAi1t+2nIArg28REOIAU1hxtyRrpsbbioH4BcR2EoOwPd+QQCW4m9HAViKv+0DsCoCdxx/Ja8GYMmdDoJve1L8/WkAVs0Cbp39+z8F4DovLTn+Sl6aCex5piUAn5ID8G0P1bLPUgBuDb/t469Eir2vBmApCsvXAJYCsKNaW+T92fgrcRT3vxKAX43ArQG4NQK3BWCbFzOAfxqAVbH3fwrA7WNvjtUL7Y/JE/dJVBF4JzmyXWRb7Rb/PQtyAN5Ntrg/R47AUgxWyZTus9pLpkwKv/tl6daSQ6RZq5Fmc1iMh0kVUmyOkmZ3jHQHTdIdT5DhdJJM51NkuJyW42+6+zkyvbXJ9r0oRi1CzQ9ie3IFthqLcD65CNeTC3DVmInr0SltAdilxYsArIq/jkent4RfFZt2AbiVKgLPUUVgjXly/LWR4u/RuVgKFkcEtTmCuH1YbB+ej+WRBTILydGFmMsWY66+RFiK0eGl6KmJUWM15ic/w/rsJhy0t3f4O6Aj3fv0Z9q8hUyYuYA/fDqQHiNm0HP0YqauPYa2UzI67tm4pNzBNOwGWl5F7NIPxz6pCcOQStyTmwiMryEy6Rbn9F25ZOXOjuNnWbRtN8eN7YgqrscvvQ7v9Pvi2M/RsM7DLeMLHNMeYB57C/vkWjxS6wnJvYNzbB7ajq4MmDWR3lMG8nb/PzB68Vg0jc6joX+ZgxeNiC6sI7HqC+Fbwoq+JuHqD8RXfk50+V1CipqEZkJLHhBc+hDfggd4Zt/DK+e+PHqL0b/gMYH5DwnIvU9o/gNixXEhiUXYeoaSXVFHfMFNovKrCS+owz/7Nl4Z1Xhn1mIeWohleCEBOTV4JFXgn3GdwPSrdHq9q9h3i6jSBiLzrxGdW4FLYCQf9h5IeEouFY1fcOPRX7j2+B/c+Aoyap7Rudt44q/ck681XN74AzcewM37kFxSx+rdaly724yJiyMLP/uM0tt1bFc7y11xbFrJPQZMWIl3bCE3Pv+ea59/ibG3N+sPHSOhuBKXsATOW7rQ+B2U3VUCsEKhUCgUCsV/g47+KKRQKBQKhUKhUCj+O/2iAPyaFH/HvwjAXaT4O2o6XYZPpfOwKXQZMpnXBqu83mrQJF4fOJ43+o/hzb4j+E3vIfy+Z3/e69mHT/r04eMe3ejarSuDB/Vj5tTxnDywmQAHQ0pSQqnIDKckOYDSZD+upAZQluxDabwHxTHOZAVZEOmkha/5cbyMNVpo4mkkGGjgdvko7nrq+BqdwlNfE1dddfzNzpHgakBegDll4XZcj3fnVqIPN+O9uB7jwc1YL65Fu3El1J5CP1OyPS6T4aJDqst5klzOkuR8jiSns3IETnXWkqW5aJMujslwla4LfJlsdz2y3Qwo8LYiz9uWH"
11908 [Forwarding screenshot on session b1310904-d161-49ca-a1a6-530fba7baea8 to remote] DEBUG org.apache.http.wire  - http-outgoing-47 << "B8HsnwcyfSVZgC7kCZIY7qvtM+RLD97cqTloH0dyPBVRWBpJrAUgKUQLM8G9ncl30+lwN9NRdzfPgDLxLmkAFzkY0+xOJ/M255S8TwVwe5cTwjlQXkO39zI56vyBP52PZHqcFMSjPdyN8meb0vD+f5aKo9KkmksSOF+aRafX0mjMSOYHA9DctwvUeKlS7Hbecrcz1DufooytxPyeMXjNJVe57jmfYFb0nWB/S9SF3SZhhB9eZnkO2Gm8hLMMjkEW7bpKO5KWgPvv/Nq9H01/taHmIrXoIq8/44Uf+uDjF7MAg5WBd5/pzX+NgYYiVGKv9IM4BfLP0vxV1r6uTX8vqrBR1uOv7XSzN+WJZ9VIfis2Nc+Ap9QaQnAt1virxR9W7W/LYVfyY2W8CtpDcH/k6tOalQ5Sw7JWmPw/xSEW0Nw+wj8YinolyOwpG2fkN9OntUOciXWL8sX5yloIW3nW0t2kWe9W9gjy7XeS471Plm21V6yrPaIURV8s6z2yTKs95NlfYBMmwNk2BwU4yF5TJdG2yNk2B0Vo+SYLM1Og0xptq/LKbKcz4jxLJmuZ8W/9XNkiH8HOeI7zvXXJ0N8n4XBRuJny2VCTfdiq7EYR80FuB6fh4v6NFyPTMbj2NSWADy9jbPgdGwGjkdn4CDHXin+zpRZC9I1gaVtVQCejZ36nDat8VcOwOrzsTw6TybNArY6Mh/rowuxEqzVFwmLsTqmYnFsKZYay2RWmiuxObUO+wtbhK3YnN2E5an1WJz8rMPfAR0ZO2sxe49rM335Vt7tM4Fuoxaz+qAR5oEl6PsWc9G7BKuYRkwiazGKqGW7QTTmiXe4HHIN29gaHAIK8Y8s4ZiWFRfMXNmqfp7Zn+1kx2lDXGPLcUuoxSm2CbvIe5yyL8U27iGOaY+xjGvAPeuRuK8B7+R6QnNrsQyM5qNRwxg6dyyD5w5hwKz+9Js+kPeG9uA3/Qdg4BOFd+Ztwku/wSnxAREVfyP2+nMiqh4SXHqPoLIHhJR/TnD5V/gWP8U99wneBV/jmfcU77wv8C8UCh7iV9BMSMld4irEmFKIrVcwWZWNJJU0kFr1mPTq70i6+Wfibv6V5Np/EXvjR5LrfhSPbya4qJ7sBnG+1CI6fdALj/QK4q7dJ6LoNnm37uMcnMDE+avwi8smKreK0JzrJF97gnvqNXxz6/jj6KWEi/OE5tYTU3iPyNx7ZF//Fo+YEgZNXSK2azltbM60pWtIL73J7BU7SCttJq3kPt1HLMI/sYKg9CukXW/goqMnp4zsCEsrRd8hgPWHzotz1hGZX9fhd61QKBQKhUKh+HXp6I9CCoVCoVAoFAqF4r/TLwvA4+cKc+gydjZdRs+iy6hZvDZyJp2HTaPT0Kl0GTKV1wa3GDiFzkKngVPpNGAqnQdM4rX+k3i933je6juKN7oP4c2u/flN176823MAH/Ydwqf9BtCjx8d07/oeM6eMRl/rOElRfhRlRFGaGUFJchDFSX5cSfHnaloAV5K8yI9yIdHHEj/L8zhdPibzNDqFt8kZ3PWP46F3Ai+D0/gYncX98gkcLxwg2PAQCXbHyffRoyLcmlvx7tSLc1bHe3MrzoubsZ5cj3anKtyR8hBbcv2MyfC6RKrHRZJdtUlyvkCy01lSnc+T6aZNltgnc9NScb1ItrsRWR6mZHiak+5lS7q3A+k+joJzCycy5DDsSLavkzxm+jm3BWBp9q8cgP0EX2fyfF1kbRE4QIwBzhRKs4z9nFTEOQqFAh8HisRYLM4rKRHnLQ0Q5xGvIcPHjoasaL69nsU3FQn8cC2J51fi+PFmKk9LY3h+LYNvbxXwqCyLe0WpPClJ4euKND4vjCbXTY9CNykAa1Hqfl44Q5nbaUEaT8lRuMrzHDe8z70cgaVr5ErXzQ0zabvGbmsMlmYEdxR/JR0F3/b+k/jb6tXg215r/G0l7ZMC8L/TGGSsEmhEgyTIQGzr0xBwmXr/S9T56VLne5Fa4ba3+Cw6UC/uq/fRocbrPLelmb/SDGBvlRov6fYZsf+0rNpTFYFr3I7LbrtqChpUu6hI+6pbbt90UheOct1BmgF8VHbdWV2+JvDL1wj+qesuR7jqfLhNlRSEhUppZnA7FQ4HZVfsD/xkNrB8TWDh5yOw2LYQ+1rkW76QJ47N7UBb/G0Jv6r4+yIAt4ZfOf7atLA9QI7tQbKEbJtDYjxEpt0hsu2OkCVk2kvjUXnMtFdvib/HxDEaZNgfJ8NBcoIsp9Nku0jR94L4d61Fjoc2uV4XyfW+RJ6/PrkBRuT4G1Ag/nsoCjES/0Z18bu0Befji3A8OgtX9Rm4H52Cl8Y0sS2F35kyZ40Wx2bjoN56rd9Z2IrHSGyOiFGwO9I+/Kpm/aosxEZjIdbHFrREXhWbY4tbLMFWYyl2msuw1VzRxubEapntSTGeXIOV2LY4sQbr0+vl5fVtz23EQWtLh78DOjJu2UGWH7jMMdMgxq9SR9MymoseOZx1zsI84hbavuWcci/iYuBVTOIaWKsdhHPeU/ZaJmMbX42tXxIBUWksWbcTbRMnNHWs2HxIh+XbzuAffwtL72K8Y+9w1jwTDcNkLAOqMfG/jp7nFUx9rmPuVY1P7GOMXPMxdEli8sqtfDpuNEMXjGfg/KG8P+oDPpzUizHrl+GYnINFdLk8i9gg+DHOWX/FIfsejrl1uBTcwSGnEZf8hzhkPcIu/XMsE59gm/QlDqlfYZ1wF6uEWpwzqnHKvIJDeg5+ufkEp2ZiYOtKUFIRoZnVeCTV45n1JbHVYJv2DPus73DK+w6btHtYJF4jtLIJt8xcQkoKeW/0KHH+bGwSCvDIKCcgqwLX6EwWbT+CuV+MOFchruK8dvFFeObcxDKmiJ4zN+KacA274CICUxvwT7+LRVA5VkEl9J78GT4JFaidt2PumkOEJlYwd+Uh/GLKhQr+NGAeVt6ZeMVW4Zt0jSO6bhw8a0uI2N57wprlO3UISK/HOqS4w+9aoVAoFAqFQvHr0tEfhRQKhUKhUCgUCsV/p18UgLuMm6PSEoA7j5pJlxFSAJ4uR2ApAHcZPIUug4QBk+nUf4owTZhKp36SKXTuP5kufSfwRu9xvDdkOu9Js4S7DaPLRwPkIPxe95583KsnH/XoxoddP2Tk6KFs3bwaS2MdIvycKU6NoCIzmrKUEK5lRHA9K4rSpCCywt1J8LUh3MkIb7PzuF4+gYf+STwFb/0T+EgRWPA30MBXdyvBetsINdhNlOkR0py1KQmw5EaUG9Vx3tQlBwiB8uzgqmg3SiIcKAyzIT/QiiwfY9I9LpPmoiPP/s1w1SLTRXA9T4Y0O9D5DOlO0vZl0l0NSXM1Is3dgjQPa9I87cjwdiDN20mW7u0oR+AsH2cy5SAsSDFYCsGtpFnBYn+OOCZXaIvAcgB2oaCDACwtPV0kbkvxt0icv1A8p+RqlA9FQeL8nlbUiM/vYXEC39/K56uqTL69kcsX5Sl8cSWdb6py+Koii2+v5/GoKJkH+fF8USzkR1DsbUihqw4lbucpdTtHmcRVGs+K22ep9DjHda+zwnlu+WqpInCgPo0hqggsLbkszQZuH4E7ir+S1sD773QUfl8NwHXBL5Z47kj7+CuR9rUF3v+BHH+Fejn+6r0UgKX4W+OjQ7WXlqx9/JX21/mIz0ZaGtpbixqvC3IAlsJv+wDcFoG9TorxJDUeJ6h1P0GNNBtYCsEtMViKv7dcBOdjMikC3xBU4VcVd6Xwe8tNs01rDG7vhusxrrkckbVFYGlGcEsIlmOwU0sEbgnB/8lM4EJJSwQutBT7LMV9LQqsXngRdl9WYLOLQkEaC8S5Jfk2e4S9wj5ybfa3kKKvRAq9asJhsuwPq0Y59h4l20GdLAcNMhw1xKgpjxlizLRXyXI4TpbjSbKcTglnyBX/red5aJHndZF8b13xb+wyRb4GFPkbke9vTEGQKaXhVmT7GZDsIv7tu58jyGAHzscX43xsLh6ac/BQn6aaAdwuALtozhJm46w5F0eNOcJcHOTlnaXQO1dmLziozxP7BI15OGgsxF5Tsgg7jcXYarbQkGLvEmwEO01V9LU/vlxYgcMJ6brEq2V2p9YI6"
11908 [Forwarding screenshot on session b1310904-d161-49ca-a1a6-530fba7baea8 to remote] DEBUG org.apache.http.wire  - http-outgoing-47 << "7A/LfkMO8Hh3EYcL2zBSWsL9uc3YXtmPTZCR78DOrLvrCNnzEM4rOvB7E2nOGkezGF9X87ZRrNb242dwnmXRJmauG/VcUsueKZzwT0NDXNfNLQN0TU2Y9rcpeiZOLBj/2mmz9/Mln26GNpEYeuVg551HPq2SZwzicA5uBwzjxy8Y29x2jiSixbpnDOMwze6GmOnePTs/dmkfoxh8ybSb9ZgPhr/CSNWTOCwhTZ2SUkYBGdiFnkLt8y/4JD6DGcpAOfdxirlKqbxV7BNq8EmqQ7LuCYckh5hGXUXj4yvcE17iE3sdewSS3DOzMErP53I8lyis9LxC48hvbSa2MJGArMfEFDwHfYpX2GV/A0exf/AIecbbNKbsEu/hnNGAefd7AkrTWXTmcOccfXEL/86gXlXibtST0ByCXM+24ulfyy24WnYx+QQeaWJ1LqvsI8v4f0RC/BJuSnH8fD0RnySawnOvoupZxZDZ2wnLrcZdS0nxk7fiF9oPgtW7CM8voy4jFsMnbiaI+cd0DILxiW4CAP7GE5cdCIiuYJjF+zYcEBXvIcmoovvdvhdKxQKhUKhUCh+XTr6o5BCoVAoFAqFQqH47/QLA/BcuowVxsyhy+jZdB45Sw7AXYYLQ6fz2pDpdBk0VTXzt98kOvWVTKZTn3bE7c59JtGl90S6dBtDl09H0bnnWN7oPYHf9BnLWz0G8tvufXinZz/+0L0373zclY+6d2PIkEFMnzKBvVs/w87oIqlhPpSlRVOVFUtVRhQVaeFUpIZRlhBEdpAzCW5mhFlfxM/oNN6Xj+Grp0mgwUmCDY8RbriLKJMdRBjtIvjyTkL0DxBldpw0p8vke1tQFe5GdWIAt5MCuB7nw/UEf64l+lMe7UVhiBM5vpZkehqT6aZPpuslslx1yXLRIdtZixwhS1oa2lmXVBc9wYAUN2PBTLAkw8uOdC970jwdBEex7USmt4scg1PF/hRPO1ma2JZmDWeI/ZlCjrfTSwE4389FFYADnMn3d5Ll+TmS3y4ASzH4xUxgR3I9LKmKlK4n7EBRiBsFIe7cKUzjcVUBX1wt5OlVMVZk8+xqLt9UZPCsIpMvytJ5UpLKFyWJfFUcz5PsECr8jClx1abE7QKl7i+UuZ2nwuMcVz1Pc83zjDwTuNpPS3U94GADGkOk2bVGLbOBVTOB5RDcQfyVdBR8X/WfxN//JADXBRrK5AAsdBR7X9UWfwPE41oCcNvsX0GKvB0F4Nb9NV7abdcHrvMWn5P3hZaZwO0j8Nm2WcASaUnoGikEC61LQ0vXB24/i7e91rDbPvz+OzfdNLjmdpSrQpXrEVmly+GXVDirya44HZKVOx6Qldnvo1QosdtLse0eimx2UyjF29bZu5aqZZ4L/hcBuFCcr1VBm33k2e4XDshy7Q4Kh2Q5UvyVYq+Q5SBRJ9PhGBmOx8hy1CTT8TgZThLpur4qWU5S9D0p/h2fItflLLmu5+T4m++pI4dfSZ4069f7sixbbCe7aBNlc4oQs2Pi58w+HM5swlpjFSYH5mK8ZxpOx+bjdXIh7uoz8NCYgcuxWfKMXxeNOSrH5+F8fD5OgqOmioPGfOw1FsizfKXRQXDUXCgsxuH4khZS5G21DNvjy7A7sVzWGn0dTqzC4eRqYQ0Op9a2RV+HMxtwOLtR2CSzP7NR2IDjuc0yp/ObcdHa2uHvgI4YGzlhZuGOta0XU2YsZvHyjRzSOMtpbQP2Hj3Olv1qTF+6gt4jxjF92WrW7TnIsOnzWL/vCHNXrWfbrr3Mm7+QFSvXcl77Mpu37Wfj1gNMnbGcIaNmsXjVbnEuK2Yt3siEOSuYPH81n+0+zNBJs/jdJ31YumEfc1Zs5ay+Nacum3H4nBb9x42myx/fYvC0wXQd9Qmjl4xj9vZlzNj2GY4JqTjEF+OUeBPnpFt4Z90gvLxODrChRdXEVjYTnFuDVXAh9mFXcAi7RkBKI76J1bhEFOARl41HQgKOkT7YBbuQkJ5AeHQMYfFpeIWnE55dQ0LlN3hmPiCo9DlmkTewT7klthuJv1lPUH4WZ6y18Ul254i+Oot278EzIQ/PmGySi8Xzp5WzYsNBfCIyCEwswCU8jZNmbpgHJmHsGUenPwzEwC4Sn6ASrBwSsHFPxjkwm0MnzBk5cRmmNv5s33WSSZOXYmToyKiR0zmmqYPaUS06vfEhb38wgPe7Dqfv0Fl81GMEYyfNYPvevUybt4ARk6dy5IIOR3R0O/yuFQqFQqFQKBS/Lh39UUihUCgUCoVCoVD8d/qFAXgeXcYKY4RRc+g8cjadh0szgIUhM+g8aLq83LM047dz/yl07jeJzn2FPhPp1HuCSq/xdOo5ns5Clxade4yjc3fJGLE9XIxDeK37YH4j/PbTvrzTtRd//KQHn3TrQe+ePRkxaCBLZk9Hfe9O3C0NKU+NoLEsg8q0CKpSw6nLieVmaggV0V7k+VkTYXGWIANNwoxOEKKvRrTJHoIvbyTo8lZC9XaLcR/BempiPEao0UnibHTJ9bGhMtKLa7F+3IgP5lZiJLeTI7mVECr2+1Aa5EKRnx15XubkepiQ5WpAlos+Oc56ZLvqk+p8iWTny4IeyU76pDgbkeJiSpqbJWnuNqR7SCHYkQwvJzG6kOrpQLKHLUniPkmK2E71lI5xEMc4kOlhL8sSx0kxWArBOb5O5Po7kyeHYFfy/aU47EyhnwuFvs4UtSgWxxbLox2lAXYU+NtTGOxObpAH+RGBVCTHcv9KIc9vV/C0qoBvKrP5/moW31xJ4+uqXJ5WZPOoMIEvCuL4uiiar/PEZ+ujT6HzOco9dMhzPCVu61LgdJoy19NUup2kyv2UHIFv+V6gJkCHuqBLNIYaIC0D3RwuXQ/YjLsR5tyLfLGUc+vSzlL8vRtl/bNLPbfebt33avxtDcCt8VfSOru3NfS+qvX+jgLxS4J+OmNYxUDcp0994GXqpAjsr0uN30VqfC9S7a1NtY82t310VHxVarylGcKqZaJVs4XFMV7nqZaWhJZmA0ufnXBbWlJbfJY3PU6prg0szwo+pQrCXpIzXHPW+Inrwi03KRD/lLT/lrRsdLvtm67Hue4mHidcdTsmqFPlKpFi8AuVLpIjVDirYvAVp4OyMof9svYRuFhaCloiRVyhQBqtdlFsJe4TioRC6xcKhHyJPLv3hUJxPpV9bfLtVOE3x3a/HH3z7NXIlR0mx/6IPNM3x0mTXOfjZAtZTsfJdNQkW7qer5At/lvNcjtLtts5ctzPkuNymjy3MxR4nqdIfGeFQr6ntvj3LS3tfo5UpzMk2B4nyvwoQYb78b64C6ezW7A6vg7jwyu4tG8xWrvmcmHbdM5tnsjJ1cMw2TcdtxOLcDk2B3dplu9RadnnuTgJ7qcW4aQ5X+W4FHgX4iA5vkhQxV7HVicky2QOxyXLcTixAoeTEinyCqdWYy84n1krfIbz6c9wEhyl6Ht6vcz+jBR9N+NwbgtOF7bLnLV24KytGl20BZ2duF3c3eHvgI4c3XmIAGcvTqsdYfbECcyeNJZNaxYR4ufE2lWzWbpkErv3rmT7juUsWjqFSVOG8e4Hr7Np20pWr13EvNnTWL9mJXNnTkNf7yKnTh5n7drVrFy5kk6dOtGpc4s3OzFoRB/eeLsTl0xP4RloxfgZg1m+cSGL1ixkzda1+IQGsO/wId756AM+6dOdpRuWs3rHGnqP6UOv8QN4b3A3Jq0W+45q4JmWR0JVHTEFFaRX3iIwJYvgtBxi80qJyy/HMyyNkMQSYtNvEhRTir17DDauIXiFRuMa6IuJgwkGFjoYGOrg4mxPeHQcUclZZJbX4JdQQlz5XTxTqwguqCas6Dq+mTlYBovPyfwMnx1cwgWTfSzdPJmVuz7DPz5OPE8GFddvkZtXwNp161E/fgLN8+eYvXw54+bN46KNHRaeAbz+h0/E5/IH4T3efONjeezyxke8+ZuP+eCPvRkxbCIjh41n1NAxDB0wjJGDRrJk/lKWLVnJ8GFj6Nt3KL37Daf/wLH0GzSUj7u+zdDhHzN6Qi/mLp3AjoNrGTtzaIfftUKhUCgUCoXi16WjPwopFAqFQqFQKBSK/06/LACPXUiXc"
11908 [Forwarding screenshot on session b1310904-d161-49ca-a1a6-530fba7baea8 to remote] DEBUG org.apache.http.wire  - http-outgoing-47 << "Qt4bewCuoyaT+cRc+g0bBadh86mkxyAZ9BpwHTVUs/9pvNa38m80Xc8r/eewGu9xtGlp9BjLJ2FLt0l4naL17qpxk49xwpj6NRjpLg9gtc/HcxbXQfIM73e79afj7r34eOuPej6aXf69+nPuKGDmDV2MBfUdlKRHk19abo8C/hqagi1WRE0ZIXRnBPOrThPMlz1CTM8TJTpPjzPr8NbayNRZkeIMD2G78VDYjxDoMEJvHSO4qOrSZSVLrm+dlyNDqA6IZKapEhuJ0aI7XDqxFgTH0ZliAcl0sxbTxuyXc3IdjEly9WYFMeW+NsSgJOdDARpSWgzUl0tSHOzIc3djnR5FrAzmdK1fgNc5WsAS2OOIF8DWLomsLjvxcxfV3lbIl07OMdPCsCqJaHzJeL4Aml2sFAkjnnBmWI/e8GGQjHmB4rzBHuTG+JPbmggpbER3C3K5oeaK3xTkc2XRYn8+UYOX5Rn8Xl5Bk/L0/iqLIlnpXF8VxbNN3mBVPnpU+R8nmJp5q+PLoUuZyl3P0Wl2wmq3E/KAfimz3lu+2tTG6hLQ4i+HH/vRkjLP5tyL9Kce1GqiNsadNtH4P+XAbg2wED2fxyAf5ZhWwCWI3DAJVUAFqT4KwdgKfq27Kv1l5aIviRrv1z0bW8tbnlKwfcct8VnJwdgMd7yOstNOfi+MiPY6wy13me54Xq8Q9Xie/if3PY4JUdgKQDfdNXkursG11pIIVgVgV9QBWAVKQKrZgIfVM0CbheAS6QA3EKOwC0zgousd1NstbdNofULBYJqWeeXvYi/+9vk2x2kwOEQBY5q5DscJk/IlUbHI2JUzfrNdtSQI3CO6wny3M9Q4HGOHLczbaSwKwVgKQSXBehSLr6XYl9t8sTnn+54nASbo4Qa7sHv4jbcz2/A6eRa7DRWYn54CSYHF2F4YBGX9szn3NYZHN8wmaNrxnN41WgOrxguDObQ4r4Y75uOn454nPpsnDTn4XNuuTzr1/n4QlxPLML11GJcTi7B+cRiOfQ6nVyG8ylxzEtWtnE8qeJ8ejVOp9fKnM+sw+nsOhzPrhfbKk6nJVL83aAihV/B8fxWVfjV3omLzi5cL+5usRc33T24X9qHx+UDHf4O6IiPqTU6aodR37KB+eOGcGjTYoLc9HA0O8rMiX9k46qhrFjcm+Xis1i+tD+bN4xj57ZpHD+2ip1b57J4zhjmTh3F3q2ruXjuMBdOHUDj6FbmzxnJwf0rKSwIYc/uuUya9AFTp71PbLwB3/45n2ffZbBkdXc6vdWJ13/fiVHje3D6/GFxzER69+nHmLETxe+JnmzduYul61bzbvcPeLvHBxzU0kTP2QodBwu84qNw8vElJDIGBzcX3Hw8cHJ3xN3HTZzrHMdOnGbfvqMsXLiagQNHM2DACMaNG8eIkYMZMqwnU6YOZ8WS2UweN4revXrw0afdGD9zNhPmLib3ei1+yWnEFBUQK362hmdG4hXlwEULNdZsG8umHaMZOfEtVm+ZhIn9aeKSXbl+PYny4gj27pzPlMndmTytJ7MXDmXK/IGMmdlXjuC/eacTw4Z3Z0CfD+nT/SN6ftKdIf2HMaDnAEYOHk73Dz5i7OAhzJownu5/fI/fd+rEn373Gwb37sHMKRPp27Mbf/rgfT79pKt4L0NYtnSY/LnOmv0RGzaP5LTWKjbtHNfhd61QKBQKhUKh+HXp6I9CCoVCoVAoFAqF4r/TLwrAr41bIizmtbGLeG30IjqPmE/nYXPpPGQunQbPpvPAWXTqP5NO/abTud8MXpcCcO+xvNFrHK/3GstrPcbwWvfRdBFe6y62u4l9LV4X5ADcY4IwXhhLJ3FMl24jef3TYbz+8SDe6tqftz/tzx/E+AcpCH/Ui48+/oR+PbsyuE93xgzpy95NqwlwNCc/NpCbWTE05CdQnR5KdUoQdenBVCd5k+dzmUSHE4SZHiHI4DCBBuqEmp7E++IR/PVPEGJ6lmCTMwQYnpBFmEtLOptRHuTG7bhg6pMiaEiOoD45krrEMG7FBlER5k2xnyu5ng5kuVmT5mpKupuxfA3gdBdD8Xh90pwMSXc2ItXZhGQnM5JdLElxsyXNy1FeAjrNWzULOF7sj7IzJsTiEsFmukRYGZBgbybOZ9s2+1cKwdm+znIczvV3JS/AjTwxtkZiSUE7UgQu9LWn0N+GAn+HlmDsSX6gL/lBfuIc3uK2F/UZcXx7LY/vr+XwZXkaX1+TrhEsXRNYbJcn8XVxNF/kBvJDaThPc3256q9PgfMZ8p1OU+R+ri0AS655nuaG91l5GWhpFnB98CXuhBvSHGEsuxth2haAO4q7/zcDcGuofTUE/2z8DTWhvgMNYaYdC5UeZyDeox51QZflZa9rAnTlayDf9NHilq+2vC3tk+6vl8jXDJaWjtanzu+yPBtYWiL6lud5VQD2viD2ic/O9wLV0nLagrQs9G1PKQKrqJaJfnlfezUe/5nb7meodjutCsHuxwVN2Q03Ddl112Ntrrmoy646H5XJ1wZ2PkSl00EqHA+0XQ+4/TWBW68LrCK2rfe1KbJ5oVBiu09e3rm99uG3wO6gHH/lAOx4RCaF3xxp9q/DEfIcj4r/JjUolKKvsyY5TsdUM4FdpAh8inz3s+R7nCNffM4yrwuyNAcNUuwOE2exjxCD7XhpfYbzqRXytXUtDs/HaN8s9HZP59KuaejumIrW1imclWb6bhjPsTVjUFs1mgMrRrJv+Qh2Lx0qxqFsnPEJ+xb3wVhtLo6nl+OouQCf8yvl8Ot2ehkeZ1fgemopruI+1zNi/5lVwmpcz655Qbp9WhrXituSz2QuknMbcLmwSeaqtRnXC1txO78FV4nYdr2wTdgu7tuOm/ZO3HV2y5HX4/J+PPUO4qV/CC/xM9DLUHIUb6Oj+Bofw89Us8PfAR1ZPmkmu1esYsXUiSyaNJS+H3TinS6dWL2wL4vnfIDm4cmsXfUp+/eORl19Ghs3DGbe/E8ZPea3LJzXm7nT+7J26QQmjPgIM301HKxPsGf7DLZtGoet1X4C/U5TmG+Dnc1GDqsNITnpJPr607ioO46k1BP8g2JGTfwdb/y2Ez17/57Ro4byyUfd+PhPPejfZzjDh41j1ryFrNq0nlVb1tJrVH8GTBpG99H9+W3Xdxk/dTLLli1j7rwZrN+4nLXrFqCto8GhQ9tYt24Z/fv14aM/fczv3vg97/zmbd5/5w+81qmT7IN33+R1Mb7zmzf4wzu/V81UFu/9zfff4cadehq+fEBl0zVisiOw9zHC2u0cukbbUdOYg43dLoLDTrP38CR0DNbgF3CSrAxzinJssLfcztFDk9HUmIWXnyZrtwzhjO5q9Mx3oHZsIVOnfsTEMe8zsPfvGCR+/80YP4m+XbvT66OP6df1E6aOHslk8TlMHDGYYX270e2Pv6fXJ+8xe9oEhg7qTfduH/HRh+8xaPCnLFo4SHwf3Vm2vC/zF3Vn+65xbN87ocPvWqFQKBQKhULx69LRH4UUCoVCoVAoFArFf6dfFIBfH7+U18cJY5fw2qjFdBmxkM7D5tN5yDw6DZ5D54Gz6dR/Fp36zqRzv5m81mcKr/cez+u9xvFaT9Ws387dXujy6Vhek4n7hc7dxtGp+wRhojBeUC0L3aXbaH7TayxvdR/BG12lGcGD+F33IbzdfTDvduvLux935cNPu9OtVy+6dv2UAX16MmfqePZtXoOLqS7XcxOoK0rlWnoEjUXxNOQEU5vhR0WMCxleJkRZaxNkcppg47MEGJzCT/84vnoa+BtoEGikQbCBOhGGGsRanCHN4TJFftbcivGmITWUxrQImtJjqE+L4WZ8GFfC/CgMcCffX7purw0Z7qZyAM5wlpaINpLHVCcDEh0lJiS5WsnLPaf7OJLp59w2CzhD3E52tyHB2ZIYOxM5AKc4W8kRONvLUb4esBSAs6XHCHII9nN9KQK3D8CF0ujrKPbbCY5in7RUtJt4L+4U+LhR7O9JWZC3OMaFW/FBfFmWzrOrOXx9PY+vrmbzRXkyX5Ul8G1FHM9LwnmQ6sqPlZF8nevNzRAjchxPUOJ5nisep6l0Py676nFKDsDSLGApAtcF6crLQDeFG"
11908 [Forwarding screenshot on session b1310904-d161-49ca-a1a6-530fba7baea8 to remote] DEBUG org.apache.http.wire  - http-outgoing-47 << "XIn3Ii7ESbyLODGcLO2uNve/80A3BjywqsxuH38bTumo8j777QLwJLWACyp9tN5Kf42hOjJs6Ebpesii+dulCJ0gD61fpflJaKlJaNv+2hT4yvFX0EK6GK87SMtBy0tD32Oaq+zMml5aHmfPL5CHFfndf4/Uitde1gKwR5nqPY4KbslcZeCsCoK33DVbHPdRUN2zeUYV50Pc9Xl5yNwawhuVWqzTzhAqbVKsdhuVWR7gEKJ3SscBHvJQQrsD8nyHdQocHwx8zdHmv3rdJQCF01ZnqM6+c4aFIjXW+h2UlYg/pvMczslLwedYqtOnPlB8W97NyF62/HRWovXeSnASkssL8b66DzM1GZhvH8GBnumcWnnJC7umIjW1gmc2TSG0xtGy+PxdSM5vHIoe5YMZtuigWxe0J91c3qzbnYvNs7rzZrpn7Bn+WBszq7BUzyHx5nluJxcjK/WOtxPr8D55FLczq7C/dwa3M6tFcT+8y/It899hsf59Xhc2CBskrkLblpbcNfehofOdjwu7sBTdydeF3fhpbsb70t78Lm8T/ws24+P/gF8DA4JavgaHcbPWB1/Uw0CzDQJMD9JgOUp4QyBVmcItjlHqJ1Wh78DOrJlxQ5GDRjN+GEj6dvjY/r3eY958wYxZ1531m8dxobtQ1izpR/bD4xh2fo+7DkyHXNnNc7pb2bFuhGsWDGEReJzmjfrU05qLOGUxgL0dVezdNGfuKy7kDOnJuHqsh4v989IjD/AkcOfsG5dJ3R0BlBZpcuR4xPYsG00W3fO5N33O/Hma53o/nEPBvQaRs9PB9Oz+yCmTJ3F5Jkzmb1kIfNWL2Hl9g1MX7GIaUsXMXvBYpYsXc6MWVP5bONytmxbSUFxEg8e1VBdU86t6qvU1dVRe7uB5sYHfPvsB3747ke+ePI5jx8+4m8//pOnX3xD850HPHv+Hd//7W/UP7jDtYabaJvpoKF9mG2HVrNm20z2qi9mn9ocNmwezs7dozlybApnLs7D2nEzVtbrcXLYjKMYLYyWY2ezHiPjZVwyWspxrVnYeuzBwFq6vvJ07MS/r3Onl/JWl05ygJZi9B9+93vGjx7FyqVL2Ll1E6uXL2HjZ6tYs3oZCxfMlgP3xi3r2LT1M3bu28Gm7RvF57aWE6cOcElfE1cPY0wsTmNpew4t3X0dftcKhUKhUCgUil+Xjv4opFAoFAqFQqFQKP47/cIAvExl7FJeH72ELiMX0WX4gpYAPJfOA+e0C8Cz6NxnGp17TZJ16imF3fF06jaRTp+K7Tbj6Nx1vKxtXzeJKgJ3FqSZwa/3Gs8bPcfyVu+x/LbfOH7ffwK/7zOat/uN4q0eg+jyp568+XEv3u3Rjw979KFrr94MHTaUUcMGM37UYPQunKQ4I56ixDDulCbSkBdJTVYEddlR3EwJJS/QiUgbacbteQKNTgonCDLRxPfyQYL19xGuv5vgizsJ0t1NpIk66c4XKQqw5GqUOzXi8U25CTTlJFGTHsuNxHAqIv0oCXYjz9uWLDdTMl0MyXY1IkuM6c4GpDjpk+RkRIKLGYluFiS4WorRWp4BLMdgXycVHyeyJF6O8vV/s72liOtKQaC7HIBbj2s/G7ijACyRrg+cJy1X7etIoXiOYnGuUnFeSYk4d6k4R6m/OIeXHeVhnjwoTuXrG3l8dzufr6vS+OpKIt9VxfPdlQjqY6y4EWLIn8uC+a4kkEo/XQpdT1PucYpKd03ZVY+TXPeSloE+13YtYDl8StcCbpkJLAXgpogXUbc18kr+bwXgeqEp1FT2agRur/U+WZiZKky/Qo69HRLnEJ+H9P5enQXcSp75K+6TjmmSQrh4zibptQWJxwYZUh+oT62/eJz/pZalpMVjAqTlonVaSFFYtSR0qxqfC9T6SXH4xb726n20aPgP1HtfaAnBZ+VlpVuXmK4W32erm9LsYKH9EtPXXaUIfIRrrh1H4FYvhWBbMdocFA7JSmxfKLY7RJHE/mWFjgdVHNTaSDN/86Xg66wuHBP//WlQ6KZJkRR7xWsrdBG3hXxxX7b9UdKsDpJsvo9I/e2E6m7GT+szPKRr5mosw/7oQhw05mN/bC7W6rOxPDITs0PTMDk4Db3dk9DdMQ6d7ePR3jaO85tHo7luCOqrBqC+oj9qy/uzb3Ffdizsw5aFfdmwsD8bFg9kvbB52RA2LRnE5iWD2bdmJAF6W/G5sEae/et9fg2uJ5fjIUZptrHH+XV4XBDjhfV4am14iZf2Zrx1tsh8dLcLO1Qu7cZHby9+4meUv+F+/I0OiO0D+BscJMDwEEHGhwkxPUqI2TGCzTUJtjhOiOUJQq1OEWp9hnDbc4TbaxPmqCPoEu58iShXPaLdDDv8HdCRT94bQL9eI5k4biojRw5n2oxRHFRfxyHNJRw4MZe9mtNYv28E249OYPHmfqzaOZIFGwexSW0GK7eOYu7iTzmmPoP16/uxZ89Ipk97gzOnp3P48HDOnZ/Etm0fsWXLe+ze8yc0T/Ri69Y3WLWqE5qaH3Hm/GDUNMaha7SF5WtHcuDwGvG4HSxdsoARw4YzYdx4Jk2axKgxw9m4YyM6xhc5dPooK7atZ8H6tUxdvIQla7eyedchdh5U44L+RY6eUqPkai6V1aV4BLhi42SHjaMLuvoW6Bvbk5RWxIMn33Pv0XOuXK2n8lozDXe+prruEddqmsm/co0Hz55R86CZz//8FL8Yb5wDrbhofhwdk0NcMt6P1uWt7No/gzmLutF3aCfWbhnE3Pl/ZNmST5g1/bfMn/MHjqhNZM6895m37BM27RvLkElvMntFL/apz+X0hbVoaKzg9u1sCosLOHDkONv3HOCwxkkWr1jNstXrWLZOvMeVK1izdQtHTp/ijN4lNLXPsVdDHQ2t85zSvyTvO617ifXbd7Lss3Xiu1jIzgM72bZ7S4fftUKhUCgUCoXi16WjPwopFAqFQqFQKBSK/07/Xw3AnfrMpFPv6XTqNZVOPYUeU+jUbZLKp60m0KnrRJVPX8Thzt0mClL8FdvSktDdxohxHK/3mcBvB07h7SHTeXf4LP4gvDNiBu8Jbw+cwFs9h/PWpwP4fff+vPNpLz7s0ZtBw4bx0SefMHTIYM5oHCbAzoji2ADqC1NpLE6jSYwNeYnUZERTHu1NsrsJYRanCTI5RriFBlGm+4kx2k6syS6iTHYTJs0YNNxPuOkREh20yPax4Eq0JzdTw6jNjKEuK46atBiqk8K5Hu3HlWAXin2syfcwJdvVkCw3Q9LFmOIiBWAj4p1N5QCc5G5DsocNqZ52pHnZk+HtoOLlIAdgafnn3Jbln6Uln7PFdmZLBJYi8asB+NUInCOOl64bnCcUivOWeNlRKp6rQmyXi+crdLeWI3BxgDST2IXCEA/qsiP55kY2393K4llVEs8rYviyIFA8Vptky8N8XeDNsyJfnuZ7cS3okmoJ6JYZwFUe0nWAVctASxFYuhZwvTimMVSPpjCDtgDcHGUltn8ae39xAA55EYDvhJnRJPb/XAhuH3/lY8JbwvR/Klw6508DsKQ1/LbG39YI3tgagIXGYCMaggzkCCzNDL4TaiRGcaz02JYQLJOupyzPCL5Ara+WfFsi3e5Io58OTR1o9NVu0+QnjS0R2Pu8fE1hKQK3D8GSW+7SjOCTL4dgN02uux7lutsRrroclgNw+wjcPgS3zQi2O0C57SFBjTKh1O6FEns1iiUOL3s5/LY6Qr7E+WhL7NUkz0lDjr1Z4rxZNvtJNt9FjP5mQrXX4XdmOV4nl+CusQhXwUVjIS7HFuEsOB1biPWRmVgcnobpwSkY7ZuI/u7xXN49jsu7xqG7fQxaW0dxbstIzmwewckNQ9FcOxD1lX05vKIfB5cPYM+KwexaOZQdq0awecUIPlsylFULBrBifn8Wz+rFgvF/4syG0XieX42v9no8z63BR2s9PjobZd7ags4mYTM+F7fgfXErPrrb8Lu0Hf/LOwjQ20mg/i4CDfYQZLiPQCMp8KoRYnqYEHN18TNLg3BLTfEzS5MIy+NEWZ8k2u4MsQ7niXe8IH7O6BDvclH8zLlMopseSR4GJHsakuRjRoKfJYn+1iQFip8/wfakh"
11908 [Forwarding screenshot on session b1310904-d161-49ca-a1a6-530fba7baea8 to remote] DEBUG org.apache.http.wire  - http-outgoing-47 << "zp2+DugI59+OIRuXQfxztt/YvzECYwaN4D96uvZq76U/ScWsnBjP5ZsG8D8jb1ZuLUf69UmsuHwFFbtmcC6/RM4cHwKS9d+xM79Q1j52Uds2Nad4+cmsGt/X7QuT2H73m58tvUPrFjzBqvXv8HyNZ2ZMrMTs+d1Eo/pxtYDw7lstQtbjxNYuZzGxUsPS/vznDy3GzWN9Zy9tJ/DpzeSV5XIc55w48F1imquEJWVjn1gKJaekTgGJHPW1BH/pDSqv3hC8w9fU/fNE5zCQogvKiOx+BoJhbeIy79NQkE9SUWNxObWEJp6lezyh+RceUR+1UPyr94nt6qBwuomar/8hq/4F9/wN57+61u+5hmPf3zI7YeVVD8o5+7XN7n/rJqq+nzKb2VSVJ5AfmE0RYUxlBTHkVcQRVp2CJmlsaRXJFJwO5fKuxVcqSul5EYh1fU3+eLZ19Q8/pqUsmrco9PwjM0gICUf28AY9Fz8sQyI4OAlY3ae02H9sZOo6RlzwtyaSPGeYssqcYpMxDsmj4D4Mvxii3DyT0DPyoOTuuYdftcKhUKhUCgUil+Xjv4opFAoFAqFQqFQKP47/aIA3EVa+nmsdA1gYbQwahGvj1xE56GqJaA7DZhNJyn8ygF4Np37iO3eM+jUa5oqAHefQqdPJ7+iJQR3bW8inSWfShG4RY+JdOk5ic49xXavSfLy0m8NmMHbw2bz4biFfDJhMR+OmcvHY+bw8eiZvD9oAu/1H827fYbzhx6D+FPfYXzUfwQf9ujHqCFD+WzJInSOHyPI2YGSlDgaS3NpKEinMS+R+qxIbib6UhRoRbKjFtFmR0iyEqyPEmG0nxCDfYSbHCHc+CghRupEWZ4l0fEy2b6WVMV6U58ZQ0N2Ek05qTRkxFObKs4XF0BZsBN53pbkepmT7WlCprsRqS76JDrpkeBsQKKzkRiNSHIxI9XNknQPGzK87OW4K8XebD93snzdyfB2Jc3TmXQxpntLy0UL3k5kejuS4+dMUZAbBf7OcuiVlnou8lMtAZ0nLxMtBWQXCn2cKZZmAXs5CPaUiWOvBLhQJM5RKLaLA6UI7ECOv7V4PyF8XZXK99fT+P5qMt+URpHrpkO8+TG+Kgjiy1w/fqiM5nGGJ1f9LlPodIJK7/NUeZ6jyuOMPPv3hhQT/S9QH3iRxpDL3AnToznckHuRJtyPtBSsuCvci2iJweEW4n4rMVrSGGZBQ6gUf6Xoa6UaQ1Uaxf7W++TjWtSHmbdpEOR4LB33EjPxWqRwK0VhVSC+I45rFu5EiPNLIl+4I17nnaifIR0TLs0cNhSvx4D6ED1qgy5TE3ip5ba+rE4KwfK2tFy0sRynG6QQLZNitBFNYlQFYAMagsSx0mzggMvUBehS768ja5BIM6rF5ymp9ZNmAl+gps054bzqOKHpFXdaNPlrC1rcEY+5Ix3ve45a7zPUeJ+mxkvlttcpbnue4pbHCZl8jWA31ZLQ8gxg16NckwKw62GqpAjsokal8yEqnCQHueJ4kHKH/ZTZ76NUvibwAYpt1YTDFNu1sD8iHKbE4ShFDkeEwy3jEQqlbUc18d9Vyyxgcd4CR5V8IdfhANm2+0m33E2CyTZi9DYScWktoRdXEnhhGX5nF+N5cgFumnNxOTYXJ/W5OBydg+2R2diqzcL60CwsD87E9NAMDA9OQ3/vZC7vHM+l7WO5tG2MTHfrWC5KtknGo711PDrbxnFxx3jObB7LgZVD2b50CBsWDWH5bCn4DmT25F7MmtidWeM/Zda4j1kw/mNWjHufy7tn43N5J15S3BWjNKPX++I2fMXod2mHvC9AbxeB+rtlQQa7CTbYK37W7CPU5KD8/3gSbqZOhOUJoqxPEW17hli7C8Q5aBHnqE28yyUS3C6T5KFPsrf4GeNjKpiREWBNVqCtYE92sPi3HeJIbpgLeVGe5Mf5kRfrJ0Z/ChICKEoK6vB3QEeG9RtNn679eavLmwwZ2Iehw7qx/+AqDhxdzAGN+Rw6MZsDJ2ew8cAolm3pJ88Cnr2mB5MWfcSMZR+xef8glq7/gGUb/si6HZ+yT2Mox86P54DmEPZrDGbm4s5CJ2Yv6szStb9l086urNn0R2Yu6MT4GZ3YsH8oB87OQe38Yg6eno+mzirOG67n9OVVHNNexGWbzRzRXsgJg7U4ButQeTeXaw8q8U0MIyQzB4+4UnzSbnHZIxr31AIyG+6Sf+8BJY8/xzkpnZDCG4QV1RNW2Ex40X1iyj8n5cZzkm89J/HqV0QXPSKl/Cn51X+mrOmvlDR8T2HdV5Q1f8XNL7+j/P5DipsbqXxwl6pHTZQ03hTbNdQ9uy884PHfv+XLf3zPN//4gWd/+5bvfvyWb//6rbz9VIzf8k8a/vwVxfcayam7Teq1a4Rl5uIdkYBLaDxWIcnYJxRiHZMr8827QWBJPbYJxVz0i8MiNhenjFKc00txTC3EKiYDz+xSMaZxws4T3/QynCIzMfeNwtI3DOewGLzjkjr8rhUKhUKhUCgUvy4d/VFIoVAoFAqFQqFQ/Hf6RQG40+gFwnxZZ7EteW3UQl4bvoAuQ+bRZdDcthnAnfpIS0DPpLMcgKfTqec0VQDu1lEEFrqqdP5k0kvaonA3cb/QpccUOveaSpfe03mt9zTe7DuF3w2YxLtDpvHHETP5cPQcPh4zl4/E+KeRM3l/6FTeHjCR3/UbJ/tD37G8/+lAPuk2gD59hzJp/BR2bNjE5dOnqMhM4X5lIfdK0riTG8vnpcncyQzhaoQT+V7GRJmewE/nAP66hwgz1iTc5DiBekeJNj9NnPV5Yq3Ok2CrQ7KTAZVxwdxKi6E2K56mvCR5iejbKaFURXtTFipdf9eaPC8zctxNyHTVJ8PNgHQxJjvrk+RoIBiS5GRCiosFae62pHs6kuntRqaPBxk+nrJ0b3dSPFxI95FCsBPpXnZk+TqQ5mZOjo8dRYFOFAc4U+zvQmmgB0XStYn9WmYHSzOJfZwF8d68HSnwcaDQ15EioVico8RPjAFiDLYn19dCvG43vi5P5m+3c/m2MpkCLyOSbc7xTVE0z0qi+aownOfFUTxI8+KK72VK3C5w1eci5a6nqXA9QbWvKkjWB2jTFKLLnXA97oYbCEY8iLDgQaQVD6OseRBlI8fge3IMtuFOmCX1IeaCFIGtaAy3oTHMijuhljQJjeJ+KQrLIqxpjLCivgMNYeK+cGtxnDV3xG0VadtSDs53JS3Pez/SmmbxWpqixf1Cc4x4HcLdWFtZszzayPsld2VWYluazWxKY6Qx9WEG1IXoUyPN+g0zpC7UgNpQfWrF7RopDksBWF46WgrWrZHaTCYtKd0YKs1Glq5NbChIs4XFGKRPY4AuTUJz0GXuSLOpg3RbIrAO9YFa1MnOUxtwjlp/6fMW+1tCcVOg+NxlOuLxF2kW452AC9wRxzWL76bZ/xyNQq3P6TY13qdkt71OUu0pBeDjspvumtxw0+C66zGuuh2VVbkeaVPpcrhNhbMa5Y4HKXM4QKn9forlZZ2PUCgU2B+mwK6VNMP3KEWOKsVO6i2OUSTOUeh8gHzHfeTa7SHLeicZVttJNdtCovFGYvXWEq6znKBzi/A/PR+f0/PwPj0Hr1Nz8Dg5CxfNGTiqT8fhyDTs1Wdie2QmVmrTMd8/BZO9kzDcMwnd3VPQEXR3TeHyrqkY7p6G6Z7pWO6fic3BOVgfmoOVGM0OzMZw70wMxH3Sccc/G8vGWb1ZOa0Py2cNZt60AcybPpi50wYxb3JfFkzsyYIJ3Vg8visLh7/PuindMVFfjcflvXjq7iHQRI1AYzUCDA8SZHiAYCOVUGMp9h4i0vwwURbqxFhpEmd7iiSH8+Jng/g543yJFPEzI9XDiAzxsyTTy0L8HBA/L/xtSAuyJSvMkbxI8W892pMCoSTOn7KkICpSwqhKixAiqUyJ5GpmLNfzk6nKTaQyO4GqnESu5SV3+DugI8O6dmXakEHMGDmITUtnMHtCH7Z/NonN60axfcsoDu6fwL59o1m/qQ+r133K+i19WbH2U6bN/g3jp3dm+YaPWbj2PSbM7cSCte+wblc3Ptvdnd3HBrP5QB/Uzoxhy4H+rNvZS"
11908 [Forwarding screenshot on session b1310904-d161-49ca-a1a6-530fba7baea8 to remote] DEBUG org.apache.http.wire  - http-outgoing-47 << "4yD2bJ/CGu392PT3iEcOjONPacmslVjNBuPDGf9ocFsPDwYtQvjOWEwmUNaw5m/8Q3OWU0XFrBW3K+muxIDt1MYuF8mJDeTwMIGwiueYZ90HZ+ieqJuPSD69n0yHjzDr7SOqOpvxL7vCb/2A8EV3xIqxujbfyem5u9i/5/F478k5sp3ZNVByUMofQC5DX8hu/ZbcuqfEV/VSFRZNXFX64i9eovgolKCS8uIrKok7Eo5EWVlJF+7Sn5NLSUN9ZTU1FB46xb5Ql59DcGF+fJxMberib5VTWBJJf655aRcv8O1r/9F7O0vcCtuwCC2BIO4UqwybmCYeIWLUYWYpl7FOLECm6xbmKdUcM4/CZPYfOzSK3DKrMQyIZ2Lfi7YxnnjmxuGX04QzglO2ISbdfhdKxQKhUKhUCh+XTr6o5BCoVAoFAqFQqH47/TLAvCoeW06j1TpMnw+r49YyBvC60Pm02XgXFUA7i30mvEiAEt6SLOAf2YmcAcB+KVZwdIs4ZYILC8l3XOqHII79ZhAl15jeKP3ON7qN5HfDZrCO4On84ehM3h32EzeGz5LtVS0uP37gVP4bb/xfNB/LB/2HcUHPQfzQbe+dOvVj0GDBjFu1DD2bVlHYrAnD28UUV+cxI30UO4WxNKcE8ntpADKwpyJsdUmyOg4UVbnibA4S7DhcfwvqxMghIr9ERbSrDwtMnzMuJ7kQ1NuhPz4e3kxPMiPpT41lGuR3pQGOlPgY0+upy05nhZke5iQ6WZMqrMhyU4SY5KdzUh0NifFzUpeGlqa6Zvl40amnzvZfl6kebrKM4KzfF0EJ/ICXSgOdqE83IMrQlmwG0V+ThT4iudqjb/SbGAfF3lJ6RwvB3K9HeQA3KpIvCaZry1lQfbkeZuT62XG1XAXHudH8ddb2TwuiKI5PZAfqlL49koiz8ri+booguelkXyR7U2R63nK3S/Is4BLHNSp9dfiltdp6vwv0Bh8keZwfe5GGgkmPIiylOOvHICjrbkvRklzpI0cdqVIWhdiSX2oKuRKoVcVb1XbUvRt1SDIwTfSmnpxjlaNUTayO0JztC3NMXbcFZqlwCvci7aR3Y+xld2NE8fEi2MkCfaye5JEB5WWfdIxzdKxcTbiWHGuWEsaoszE85uK12FCbbgxTdHmNArS/kbpPpm0T7xm6XVJo3AnSmKpmnEsLy1tSmO4CU1h4hyhxtwJMaIpSF92J1hPjJdpCLpEfZA0q/qSoCtcpD5ER1YXLC25LW4Hiv2BqljcFHyJZvGYZrEthWApADf5n39Jvd9Z6nzPdByBvVQRWArArRH4mrv6TyJwa/iVXHE61BaAJSUOhyiSl3M+3LKsszSqtoudpPArBeDDqjhsr0a+3SEyrXapgq/5FhKM1hOjt4aoS6vk6BtyYUlb+PU9OVfmfWoOnidn4nZ8Bs7HpuFwdAr2RyRTMds3AdO9EzDZMwGj3RMw3DUBg12T0ds3E/2DczE9vACro4uw11iK07FlOKsvxfnoEvHYRdiI+yzU5mF2aC7G+2dhKB6js3Ma+5YO5bNZ/Vk2vT/zJ/dh+eyhLJ4+kHnje7Bw3Kfivn7sXzkaoyMrubhnPvZnNuFrcIBAI7W26/SGmUtLzh8jwvIYkdaaRAnRLeJsTpHgeJ4UV10yPA3EzwBTcvwsyQ20IS/YgcJQZ4rC3CgMdyM/ypOCOPHzJTmIyoxwrufGcis/nhu5cVQXJNFYmkVzRS6N5bnUFmZQW5xJbXkOt4ozuFGYJo81Zdkd/g7oSICFHsniZ09agDMJvjac2beSHSvHM3vMHxk38DUunV2Jgc4qTh2bzmdrujNz2puMHdOJGVNfY91nn6J5bjqHT01iz9ER7Dk2kt3qI9h5ZAh7T4xB7dwklmzsym6Nsaidmcm6XUNZtnGAuD2TI2cXsXH/aNbsH8yCLR+zak9v1qv1Z9Wurmw63JOdx3uxctfv2H7iY5bsepPPDn+CusF0DunMZ83BKZyzFP+t3a3GNfMWPiVPcc5pxq/yMWG3nxJa/SUpD/9GeO1z4u5AXDNE1UPIrX8RdOMfBFULt38k8Pp3+Jd/TWjFcxKq/06mODbnLqQ3/JOM+r+R3fR3Yq5+TsSV+0RefUBgWR02KQUYxaZhFJ+KXmQ8tqmpuGdnE1ZaTnzVVeLLKwgryMc/Jwvv3Bwib97As7QE29xc7PIKcC4ow6OgEv/iW4RWNuNdeQ/z7FsYpl7DvvQuble/QD/1BlqxFdiVPMCh+B7OpQ8wT7uJunsc1hnXsEwpxyS2EO2AIBxSPDCLuoSOtzqnHHdxwnYDGpZrOvyuFQqFQqFQKBS/Lh39UUihUCgUCoVCoVD8d/plAXjkXJURc+g0XBgmDJ1Ll6HzeG3YfN4YuoDXB8+jy4A5dO4zWw7A8sxfiRx//89mAP8kAMsRWOgujpUicA9xfK9JdOkzkS69xtO59wR5+41+k3m9r9gvbkvbbw2cym8GTuOtAVOFybzRZwy/6TeG3/cfzdt9hvJu70H8qU9/ug8YwIChAxg9dijrVi/EyuQiWUkh1BSn0ZCfRE1WLPV5cVSnh5Mf4ky8syFhlhcINj1NqOkpOQZHmp8l3FRD3D4kHCDR4RQ5Ppe5Em7D3ZxQPi+M42FuPM0ZcdQlRXMtMpTSAG959m2BjyW5nuZkuZmQ4WpCusTFlBRnU1JdzEl1k2YDW8tLQ0uzfTN9XOUYnOPvRrafsxx/K2N8eVCcQlN2NLcSAqkM96Ys2J1icUxhgDuFge7ki+08P1dyfZwFJ/J8HMlvF4ALve1UfGzI97KgMtSJ8kB7cj1MKQ+y425GCH+tK+DP19L5piyO51cS+O5qMl8URfC0KJRvS8NpjLOl2O0cV70uUO2nxXXpWsCep7jte46GIB3VDGA5AJtyL8JcXgb6QdSLAHxXZquKwBFW8uzdeqFBfI7NYv/daPE6hGahSdxuFMc1SKJaxIh9MXYqsRJb7sjsZM1x9oKDKuDKodee+zIH7kuBN8mRu8kSJ+5JUpy5n/qCdFvaf1cc1yyTHiPOlyCeK068zhjLFlZiv718373kF+6Kfc1yQJZegz13xGu4Iz4zSVOsNPPYSg7HsigzmiLNxGdmQn2QPg3B+jSFGsgaQ8Vt+ZrKYl+YHo1h0pLTurJ6aQy+TKMUiwUpGt8JEZ+70Cz23wm62BKBtWiSZgKLUdIQcJ56OQSfo9b3LLU+Z6gRbnurloOu9jrZthT0dXdNrntocs39GFeFKjkCH6XS5QgVzocpd1ITpAB8iDKHg5TaH6DE/iCFYrvA4ZAYfyrf7gA51ntJN99JivFWEg03EaUrBd/VRF5cRYTOCsK0lxOqtYzQC0sJPr+EwLOL8Ds1H58Tc/E+PgeP47Nw1ZiGk/oU7A9PxObgBEGMhyZhvm8CFgcmY602Azv1uThqLsTpxFKczqzB6fQ6nCUn1+KsuRJHdbFffRkOR5dgq7YA8wNzMG6d/btzKjrbJnJqw1h2LxrE5rkD2LF0DHvXTGHfuukc37mQS+prsDi1EZszG7A9vR7zo8uxPb4Gs8NLsdFcQ4SlBrG2J4myPk6M7Sli7c+Q4HSeRFctktx0xKhDgrO2GC+R6mFAuo8J2QFW5AbZki/+XRZFuFMa40NlYhBXk0O5mhbBtewYrufFU12cTH15Ok1VOTRfzaO5Kp+714t4fKucJ7creVR9hfvXy7h3o4S7QtPVQhoq82msKqD5enGHvwM68vR6Pk+u5fKwMouva0u4U5bMwxvZVBdEUZDgTqj7RS6dWceS2V0ZPaQTc6a+zdJFf2Lh7LeZNfM3bNk+mNmLPmDdlv4sX9+TDTsHcujERNZs68uuI2PYfmQ0c1Z+xIJ1PdmpPpV9x+exU2MuezUXiHE2y7b3Y+GmT9l2dCTqOrPYf3ICe0+M4uCpkWw60A0t06lcMJ/BUe1x7Dg+ihU7BjFteS92aKzAKcqXsIr7BFR9i0fxY4Kuf0X47WeE3v6G2Ka/E1n/D/yv/oWgWxBaA8HVEFLzL8Ia/klY498IqfsO99L7+JY9Ivz6cxIb/k76HUhrgMwmyLsP4ZVfE3Hta+Lqviei+ikO+bcwzSzHIq8Si9xiT"
11908 [Forwarding screenshot on session b1310904-d161-49ca-a1a6-530fba7baea8 to remote] DEBUG org.apache.http.wire  - http-outgoing-47 << "NOSsc1IxCM/S7yWYsLLi/DJScc+JRaL5Ciss5LQS47mXGwYWglRGKanY5tXhEdpFT6V9WhFZWORfxvronqMssS5c+swy5O2azHJqmOPYxwXIoqxTL+FXnQRgZUPcMq4hnFENhc83Dlosp3DJotRN1vEaZslXHBcjJbDvA6/a4VCoVAoFArFr0tHfxRSKBQKhUKhUCgU/53+7wXgYbPpNFQYIrYHzabzwNm8NnDuC/3n0aWP2N+6/LMUgKXZu21BtyX8dhCAO3UUf1tn/0rxt70e4r5eKp17i8f3ncrr/abRRejcZ0qbLn0lU+ncT4yDpgpTxOucJF7nGN7oO4K3+gzmjW69eLdPX/7Utw+f9OvFwJFDmDp7Cju3rMPH1pTbhZnUlWRxLSueW3lJ1AoViUGkeVsTZqVNkBSCzc4QZXGcGIt9RJpsJ9psD3FWh0m2P0W+tyE3otypTQjhbkYiD/OyuZedRV1SElcj/CkPcqTYTxVds91NyXI3EUzJdDMlw82EVBdjQbpusBEpYl+qmx1ZPi7kB0oR2JGCIGduJgbAN038S/jr/Zvcy02gKEBa7tlJDsAFQR7ieHfyA6TrBLuR7y9dE9iZfClAyxFaisB2MikAF/vaUOJjTbFQ4mtNqb+NrC7Jh6clcXxblcyzykS+qUjgq7JYvr0SzeMsH74rDpZntZa6nuamrxbXPE7L1wG+5XOOGn8tecZqc4Qh96LMuBthzj0pAEdb8yBGmoVrwz1pWWU58NpyR2ZPU4s70Q7cjXXkbpyT7E6cI40x9rKmWAcVse9OghPNCc7cSRTHJDrQnCgeK9yVQq0cbcXjk51l95JduJfiwv0UV+6lunE/3Z17GRIP7mV6cF/myYOsVl7cF6O0r9UDcezdVFfuiPM2JTrSJMZm6dxpbjwQ53sojnkkSKN0+36aOH+aq/yYu+K570rHS69LvMbmBPGe421U4qxkTdEW1IUa0RBmQlOkCXeiTGVNUcY0hRvSGGEg6NMQrierl4OwFIoNuSMJM6RZ3L4bqtIcqsddeUbwRTkG3xWk7cYgaclobeoDtKj1O0+NtHy3cNvnLNXeZ2TSbO4bHieFE1z3PM41T02uemhS5XaMSld1KlyOymPr7SvORyh3OkyZoxqlQrF0HV+HA+TZ7SPbehcZFjtIN99OqulWko03k2i4kTi9z4i5tJZo3TVEXpTi72rCtVcSprWCkPPLCD63lKCzSwg4vQjfE/Px0piD+9GZuB2ZgfPhKTgcnijHX/vDk3A8MgUn9ek4a8zESxzveWaJsFRYgefZFXicXYXzydU4nViLo8Zq7I6uwPrgYiz2zsdy3wIs98/HfN9cTPbNxnjvLHkJaKN9szBTm4+N5gqsjq/F4sR6rM5uxfbCLmwu7MTqzBZszmzE/sx6bI+vxEJtIdZSSFZfjsWhRdhrrsZbZwcJ9qdJ99AlTeItRV4j0n2NSPMxId3PjMxASzKDbMgJsSc/XPw7jnanJNaHiqRgrqZHcCsnjvqiFJrKMrlTkSNH3ru3inlwu4xHtVd4XFcpVPFlww2+bLwp3FJpquapIO37ouEaT8Qxj2vFscLn9Vc7/B3QkXtVWTSVp3HnSib3r+XTXJnH0/prfNVwnXs3S3lcX4Gl4Qn6fvoab3XpxPjRv2f/3qloHJvNYbVpeHqd4sDBGew/NI2Va/qyY89otPRWsnHXMPYcncRe9cmMm/17pi/+iF3HZrBu13gmLezGvLVD2HRwOss2D2Tx+t5s2DWSvUdnsPPAVDbuHM36bUNYt2UgW/cO5cipaazZ0od9x6Zy6ORieg17g4XrJlD39X2a/gWFX0HSnX+S0PhXYht/JKz6O4JvfkfIzb/gVf49gdf+RchtVGr+Icff8Ds/ENrwDfYFt3ArrSfs5lOSmv8qB+CUhn/JETj7LoRXfUfY1e+Ja/o70U0/4l71APuKelxu3sH5eh3OZRW4lZQQdLWKhLp6kuvrCamqxL0wH+fCPPSSEjDKzcS0uAi97BzOxSejFZeKVXYF3lfvYFdYjV1ZPeb5NzHKvIZ+xlXOx5ZwJqIIg+TraEeVYp/XgHtxM/qhOZx2ieKAsRtHzT05Y2fPevUlaBgsR995G/pOGzhjOBe182M7/K4VCoVCoVAoFL8uHf1RSKFQKBQKhUKhUPx3+uVLQEsBWJr9K8dfYZAwYJZKv9l06T+b1wbM4fUB83ljwDxeF/te6ztLFYKlCCzHXinqirGDAPyS9vfLS0e3aJ1NLOkp9J5Gp74z6CJeQ5cB0vPPprPY7txf3JauSdx/Jp37zZCP6SSNA8RrGSAeM0A8doA494AJ4rgxvDNsAp279eWNbn34fe9+vP7JJ3w4oD8Dhg5hQK9ezBg/Fv0LZ7mSm8mda6XcLEynviSD+sIUqrNjKInyIsHFmBCT40Qa7ybBYjeJVgdIsjpMrPkRQvQPkeJwkRx3S66EelGXHMs9ca4HuVk0Z8TTkBzCrRgfKkKcKPK1Js/TTJ51K10nOMvNkHQXPdKcL5PmcolUVwPBkjQ3G7J97Mnzc6Qw0JGKCFeqkwN4UpLE0yvpVCcGkSct6xzgRlGgO7n+ruSJbYkUggsDpZnBrhQESEtEOwmO5PvZtwXgQvFaS72tZcWelpR4W1H+/2HvrcOsus64bQYSSEKUCESQwSGQQIy4G2nTpmmbpBHiEAgW3J1h3N3d3d1dz7j7zBlXLER6f2vtgVTeeb9/+vVq83X/cV/P8r323ufkXJkfv2f5WIr9mdIU78l4WYLCYHEMg0URXNDE0JfuyViuL6NZHtT4nqLUeT81HoeoctuviMAy1vscoy1Yj45wI9rDTOgMN6Mr0oLuKEu6o63oirJSUjS3ylTNEVZ0RNnRHj2BFHwlHdH2dMY60B5jT2uU7QQxoj9W1AVtipjrRPtVobUz0ZGOpAkxtjN5gq4UVzolaW50KbiLsod4J150ZXnSne2toM2R+FxFln3pEffYm+dHX74/fXn+9GT70iXuvT3VnbYUNzqurSPoyfKhL8eP/lwxVkQ5tjtTrJ0hriHmdKXL64rrp7goe2xPlMKxuN8EW4G4V+lGlq5h8Yzao64SaU5rhCkt4ca0hhkKpBisfxU95Szi5iARg/RpDTwnnvcEHQp6tAefoT3wtCIEK2Lw1XKL3zGF/zcRWArAkiqXPeKd7lIo/ycBWJav1aX4W2D9DXmWG8m2+Ip0009JMfmERMMPidV7j6jTfyTi5B8IP/GOQtjx3xN67HcKIUffVhzAUgC+Jv767HsTrz2v4/7dK4rw67L9RZy3vaAIwDI673gel10v4Lb7Zdz3vorngTcFb+El5noefBv3fb/FZc967L97E5vtr2G19TUsNr+O+aY3MNv4OqZfv/ELhl+8htFXr2G2eT1W0jW6+w/Y7/sDLofew/3YRzgf/hD7gx9ic+hjbI98iuPxL3A6+SVW+97H+NvfYLzlDay2v4XD7t9h8s0rmGx6BVNxLfs9f8Jy5zuEmOwg3eMsad4GZPibkR1kTXaILZnBdmSFOpAT5kpuhDsF0V4UJ/ijSQmhMj2CpsJkRfDtqsilt66IgQYNg80V9DdX0ddaTX9bDQPttYIapdzXOkFvcy09TRNR0ifHN1X+H0z2GzAZfW3lDHfV8eNYL9+P9DPY0c5gp5bxwVEGewa4NH6ey5cu0N/fQWNzGdV1WeSXRpIqvkfZhf4U5AfgbLefY4fe57MNT/LpJ4/x1ddP8ZvfzWf9O3OZs2AKL/1mNl/tfJ7f/GU5Sx+9nqdev49n3prPzfdO4ZY5U5hx2xR0pk/hxplTmHWHqIvydTpTuPnGKfxmvfjv9ulNbN/+LoeOfkZMgjtp2aFUNRZwEchpv0RAyRDeBV0EaQYIrxsntHocP80oIdVX8Cv/kdBaCGuA4DrpBL5EUOM4IS1DBLf0YZdXjmtpHSF1vcS0nSem4SIR1ReJqf2B1DaIrv2ZoEoxp+4yfvXj2Gk6MS9txKysnnO5ZRikFmOWUoJTTjX+ZW1iH/VYJxRgGJ2JUUIu55ILORiVxvbgJPZG52CQW49jRR9OpQNY5bRgmFLK0YhUTojxTpo2fBoGOZtQyi7vJ"
11908 [Forwarding screenshot on session b1310904-d161-49ca-a1a6-530fba7baea8 to remote] DEBUG org.apache.http.wire  - http-outgoing-47 << "E5HFaIXXYRVSjVmMcXssw3irU0HeWfLYb49ZclZW1esXW0xMDnGnv1f8PU3b/PF56/w2WfPT/quVVRUVFRUVFRUfl1M9kchFZV/Fzt37lT5L2Kyd6SioqKioqLy/2/+JQFY55oAvPpldGT6ZykAL39Jcf9OCMCChc+js/AFpi56WRGAZyx9helLXv6bCCwF3L8Xdq8xmQAsudb/wDNXxV/pJhZcTS2tI645ddkrXL9cnkH8GtOWv4rOYrFPuRfd58V+5N7EHsUeJFMWC5ZOuJbl3qeufIlpK55n2tKn0dF9hOkLH+HGxWuZofsg1z+wmBlzlzBr3hLmLljK4sUrWb5sJc8++RR7tn9LgLsTmbFh1OQm01KUTm1GNEUxvuSHOJLmdJQo429xP/gBHoc+IdL4O+KtDhNquIdw00PKGb8ZHpaUhXnSkhJOX24c/TmxdKSEUB/tRUWIE4U+0olrTLrzWVIdT5Fif4Jk+2MkO0hOk+RoLNYxINHRiEwPC4GZwJSKCFcFTZircg5wnjxr2MuOdA870iSe9qRfFYKzfSQTAnCOGJPtZSuwJsdz4hzgPGdTgQmFbmYUe1pS5GVJnrhGnqcZOR4m1ES50J0TyvnKZIZKoxnMD+FSWQR96R4MZXgwku5Mrfdxar2OUOt5iBqPg1S67VfqUpzsijRRRF9ttBXaGGu0sRIbtPF2tEVIwdOK9igbOmImxN6uOMerYq8dHaLeKeptgnZRVoTfOAfa4kVbohPt0r2b7EJ7igudaVLkFaS70pXhLvCgK9NT4E1Xlg9d2T50Z/srdOUE0J0fhLYgeILCEHokRRModRF7i8PoLw1noDSCgbJI+orC6c4LpiM7QKE7N4ge8Tx6C8U40TdYEslQmXhGpVH0F0eIdrGOuE5PbgDaXD9lD52KYOwp9ukhcFP2K/ctXced4n66pZM4Sdx3gp3iZG6NtqDlqlO4TXEKGyvnELeFG9Eabqykjm4JNqRNxDYRZcptJe22knr7HJ3iHXQETQjB12gNOEmL33HFCdzofUQ5t1lSd1UIrlFE4P1Uu0kxf6+CFIClE1jjtJNSx+0U22+lyO5bCm23TKR8Nv+KTJMvSDf+jGTDj4k5+2eiz/xJEX4jT72riL+Sa2UpAEvhN+jwbwg89JYi+vruf0sRfj13S+H3VUX8nYiv4rHrNaVduoGlK9hn/5t4HxD1A2/gffBNvA68iYeY6773TZx2vY7jd6/jsON1bAU22wXbRHmLYLPkTey3/hanne/isud9PA9vwPv4F/ic+BKfU1/gffIzPE9swP3oR7gc+gCnQ3/B5cgGHMU4m/0fYrn3fSx2/Qn7A+/jfPAvOO3/E0573sFZ4LDrd7gfeh+bnb/Deuc7mG39PXb7PiLM+iCp3saK8FsQ7UZpoh9lSYGUpYSiSQ2nIj2K2hyZ0jmZVk0WHZW5dNcUoq2Tbt1yxck71FbLUHs9vVLkba2lr62OvvYGwUTsba2jRyDjNZS6mNvfIh3BAjFXRikKT/YbMBl//WGM8aEezg/3MzY0yIXxi/z1J0QHnL9whdGxS1z+/gfOXxxn9PwgF68McP6ylvGLHfz4cy/fX2rnp8udXBptgJ86xbw2Lpyv4tLlaobHS/iZJnqG8rhMnViyncFL5fRfKOd72hi6VMvYxQb6B2uob8ins72aHy6Pc2FkkIHubrHuBfq07Vy6NExPTzNDI12MjPehHeiiTty7Y0Awnx235t391mw08kUvKBe33E6CK0cJrDxPXCsElv9AiBSA6yG49gcCay8Q3nKR6O4LxPWcx7O8Ed/qVkLr+wivHyKgvB//kn4ia74npQsS2yCg6hJeFaO4Vw5jW9aJRVkLBgXVHE7IxSSjBuvMetyKOwmo7MM1rxnDqALOhuVgnFSGfnI5Bpk1nMuu50RyFUdiNByJKud4dBWnYirwqOrGvqCWoxFp7PaNE2356CdpOBmRx9GQLE5H5GMSV4JRRC6HXSN59N2NLHrxXWatfp5bFjzEi2/9ia+/2YGRmSWu7m44OtlgYWEw6btWUVFRUVFRUVH5dTHZH4VUVP5dSNFxcHBQ5b8AVQBWUVFRUVH53+RfcwCvnhB/f0n/vPyFXxzAiuN2kUD3eXQWPMeU+TI+rziAryFF4Knzn0NHCrjyLOC/Pw/4F9H3aabMEe1/z33S8SsdxDKd9MTaUxZIgfdFdBRB91XBa1ejYMnV8pL/C8teZ8qKN0UU45a8zNSlLzF10XNMX/IcNyx5hhsWrWOG7qPMmL+GG+at5ua5K7nt/qXcft8i7npgEXMXLmP5ilWse/xxPvngzxifOkpiqB8V2UnUF6QqjuCmpCDKQ5zJcDUi0uwIgfp7CDLYS5DhXkJM9hFufoAIy0PE2h8jw9OAighn2pJD6c6IoCstlI6UIOqi3Cn2tybX04gst3OkO58i1fE4qU6S0yTZnyPFwXDivGB7PZId9Uh3MyLX14I8X0uBtcCOHG/p6rUlzd2WVA+Bpx3pnvZX3cAOZF1zAF9Fjpfkeor5ruYUuAhklE5gd3PyPczJdjOmUFwj38cCTag9vfkRjJUnMFgQxpWKGEbzAqgO0OdCrhf9CdY0+J2gwfc4zQGnRDxBvc8JWkP00cZY0BdvJ8aINUTsjrWmO86GXunYjbGlXdAWPZHOWQq+HYrY60R7ggtdiW50JLrSnugyEZNcaRN0JLvRnuJOR6qH4ubtkGKqFHuzvOjO9lHE1h6xv578QDpzA+nKC6K7IITuojBBOF0CbWk0PWWxCr2aOPrK4yeomIiyrV+UB6sSGagUVIh7r0iipziGrsIotEXR9JXFM6BJYKgyWemTDMlYnqj09RSLcYXh9Ijr9RZHiHKospee/GD6CoIVcbhX7LFX7FU6jqWTuFvcS7d0CqeKe5YpqhPt6ZRuYeWsYnkOsRXt0fJcY3OFjigLOiMt6IiQabVNaQ8zFhjRIegMM6Qz1IBO8R4UR3DQWdqCztAaeIqWgJNKmu5rtASId+Z9REnffU3Iv0aV2z7KXXdT5vwdpU47KXbYTr7NFnIsN5Fl/jUZpl+SavQZSfqfkHjuYxLOTbh+pQj89wKwdP5ec/xK4Tfg4Hr89r+B77438NojeRPvvevx2ScF4bcJOPQ7go68Q/BRmRpauoN/r7TJPkUwPvAGnvtew33Pq7juegXn717BaeerOGx/RfAaDjvewHHnWzjvfhvXPWLeoT8QKDn8Z4KPf0zIqc8JOb2RgFOb8Dn5NV7Hv8Tj2OeCT3E//ikexz/DU3LyCzxPfCnavsRF9Dsd+RQXhU9wOfQRTvvfw2nPuzjsegfHvX/Efrc8Y/hP2O39AOs9H2D63fs4HP+GND9LNEn+1GRH0liYSF1+Ao3FaTSXZtKqyaGjMo/u2mJ6GzT0N1cy0FI1Idi21TLYXsdgZwNDnY30tQs6rtH0d7GJXqVPxgZBvRgrBeNaepqrfkHbVKkw2W/AZJwfGmJQq6Wns4Penm7xQzPI+IURxi+PceHKecYujTJ+cZjRsT7Ghnu4ONzLldEBfh4f5K+i/dJ4Hz/9NM4Pl4cZH9dy+fIAV34Y5IcfhxCr81fG+Pmvo/z40/Av7Ur5yhAXLvSKMRcQi/GjuM6l88P8cEkK0D/z0w8/i/5LYs5fxT5+YvTiFfrGLtA5OEZNew9pxVX4JxWw0dCTLbZRWKQ0ENpwmeC6i0q65sRuKfheIbT+RwJqLuNffYng+h8IabgiyuN4lQ/gVdaLZ3EXDpl1RDVeILMfAisGCawcIbETZT2/ylHcywbwrBrBvWoQy/w2zPKbMC9swSi7FsMUDRbpVTgXteJd2a2kkzaIL8QgoQS7vEZFzDXLqsOutJMTccUcCs9HL7lKSfG8zSMB04waHEvaOCP6dnjGcTwyD6OUKs4laDBMrsQwsRzT1CrORhWy3SmSDUbufHTWiT8eteK3351m3e82MHvF40y5eQ5T75rHgrVPse7NdyZ91yoqKioqKioqKr8uJvujkIrKvwspOg4MDKj8F6AKwCoqKioqKv+b/OsC8CrByhfRuSoAS/evFH8n0ixLAVgKtM+iM+/5q4LtM4rzd6ru8wrTFkwgheBp8"
11908 [Forwarding screenshot on session b1310904-d161-49ca-a1a6-530fba7baea8 to remote] DEBUG org.apache.http.wire  - http-outgoing-47 << "0T7XNH/wNPo3P8UOvdJsfeZv4nA914Vf++Xrl+xrhR/JVL8/UUAfoUpS18XvPF/suz/guibuny92PvrTF3yGtctfZVpC19kxhLJ89yw6Fmm667j+vmPM33uY9xw/0PMuHc5M+Ys4aY5i7j1vkXcPXcJ985dyMJFS3l0zRpeef5pvvrkAzzsLWkozqExO432nHSa0hKojA0m28+RMKvTBJoeJMB4NwFG2wkw3EqoxQ5i7fcTb3+CbE8LqqO9aE0Oois9hM70YJoTfaiKcKAkwIJsdz1FBE5zOik4TYr9WVId9AV6JNmdVtJDJzmcJt1Vn0x3Y7KkS9fbZkIE9nUg3dueVC970gTp3g5kyrOAfWQqaAeyfO3J8bG/KgLbKC5gKQDnuFiQ52JOrps5eQoT5wFnuhhR6GtFga8lWeJamhAHBvKjuKCJ43tNFENZvqRZ7WI0052xDBe0USaK+CvpDNOnLdSAjnBjeuOt6YmzpS/Rnt4kB7QJtnQn2KGVLtd4ezquntHbFmtPe7zjRErnBGfak93pSvGkQyDLHSkedKR50SnoSvemK9NH4Et3lh9dOX5050lXbyA9BUH0FoXSWxIhiKS7JAptaQw9Yt89FQn0VibRU56EtjJVkEZPVTq9NRn012YyUJfFYH02Qw05DCgxl5GmPEE+w42iLNr6q8ScimQlDok5w2LOUF2m0ieRbbKvT6w/3pQjyGawJpWesjhlH4pALPdREi32GUVPUQQ9xeF0FYSI+/BHq6SP9qE786pLWLqD5fnESYJEB7rEs+tUzjS2piPGmq5YG7pE7JTlKCs6I83piJDptiWmdIabKEJwl6A73IiucOkQ1lPOZ24NOk3L1XfW7H+SBp9j1HkdocbzEJVuB6h03a+4ucucdlNov4Ncm63kWH9LttVmMsw3kWL8peALUkVMNfmSZKPPSdT/lDi9D5UzfqPPvMe1c35Dj0nx9/f47Zei73r8D/w9b10Vev9I6PE/C/4kyu8ScEgKv+8q5aAjf8D/oJh/4G189v0W771vKimiPfdIZ/BreOx5A/fdb+Im8BbjvA/+Ad9Df8T/2AcEnfyY0NMfEa/3AbFSkD75Z8JOfkDIyU/wP/4pvie+xPf0JsE3+J65hqhfjd6nNuJ5UiCil2jz0duMhygrYvDBT3A68DFuRz7FS6xjt+d97Pf9Bfv9H2G7fwM2Bz7D5vDXGO/5nADrU1RlRdJenkl7ZY5yfm5bZQHddaUCDT0NGvqaqhhsnRB8BwT912KHpJ7+zoYJsbe9+R+5KgBLMViKvz1tdQra1mq6myvpbqygq6FcQYq/vS3Vk/4GTMb3l3+a4MqPXPrhCuPfX6D/wiCdI920D7XT0NVIe28b/SO9nL8wzJWL4/w4fp7vh0cYHxQ/TKMjXPjhe85fvsTQ+THGL11keHyM/uEhRi+cp6evl0FRHhflS99f5vKV75V4QYwbGxtB293J2Oig2IOsj6Ht6aO1U0tzh5aG9h6aeoao6x6iqmOIsrZ+Cpv6yajqICq3Go/kMk4FZnMqrBSn/B6C67/Hp2JMSdcc2wnhzT/hX31BIbD2koJ3+ShuxQNKDKn7nujGH/DK7ya8epyEtp/xLx8irO4Cqf0Q2fYDMV1/xat6GJ/6MYLbvsdR04theh3n0mowSK/GIqMah/wGvKq68a/vx6W0FaPkEk7HFqCfVIpeQilWuY14VPdjLMafiS/FIqeRc6mV6KVUYJpZh0NJpyL6HgrN5kxsCeeSypVokFLJ2bhSDFOr0IsvY49/KpudIvnKPpRPzHz58xl79tgFstXAgS9PmPP5MVM2HDbi3R3HJ33XKioqKioqKioqvy4m+6OQisq/Cyk69vf3q/wXoArAKioqKioq/5v8WwRgKf4qyPTPivtXunVFlCmb75fpm58SdVGe98yE8LvgeWYsfpkZC1/keikGSxH4ftF/75MiirkSKQRL4VeW/975O/9v4u8U3ZeYsugVJhy/E8LuhPAr3b1voiNF3slY8gbXLX+Lab8IwK8zbdFLXL9E7GmJiIte4HrdZ7luwZNcN28d1z/wCNPvXy1YxQ33r+TG+5Yx894l3DpHlzvum8+8RUtZunwlq1ev5umnn+St117DTt+YspR0WoqKqM1OpyE3lYrkMJI8zYiwO06Q2W7CzL8j3HI7Xmc/x+fcVoKMDxFpdZIsbwvq4mVa4jB6ssPpTA+iKcGLyjA7Cn1NyXTVI83xtHI2sCTN6SypjmdIcZAC8AlSRF+KaEtxMSDN1YQMdwvSPaxJ97IjzVsKwQ5k+DiS6XtVAPZ1JNvP4RcBOMvLWjkHWDkL2NWCHNcJAXgCM4EphT5WyjnFhd6WlPhZU+BjSXmwPQO5oQzlhzCSH0iiuL+eJHuGkp0YSXOkM9yQ5oDTdEcYKamfOwS98TZ0xljRHW+rjJV0J07QlSDP8J2gM3FC5OxKls5XdzpTpRtWPCOBIvxK0Tfjb6KvNtsfbW6g4qKVaZx7isSzLI6gpySSvrLYCRdvRSJ9lSn0VafSV5tBf10OfQp59Nbl01tfQF9DIQNNxQw1lzLcWsZoW7nCSKuGsfZyzndWMt5RqZRHW0sYbCygvz6PoaZCpX6tbbi5mJEWsY5oH2wsZETUO8tT6a3JYrQxX5DHcH0O/VXpE3uqEmiSxD4T6S1PQFsSS1dBOFp5P3mBdCspo/92jrA8P7g7VZDiglamiU50FM/PHq2gR8Z4O3ri7NDG2NAdbT1xznKk+YQjOFS6gY3EezFGK96JFOg7QuV5wWevOraPU+d9VEnbXe1xiApXKfruocRhl0K+3farwu8Wsiz/Jv6mmnxFmunXCrKeZPAZ8ec2EHP6QyJO/Ikwea7v0d8TdPhtAg7+RhF+ZVv48XcVUTjihDwX+E+CPxNy7E8KUgAOO/GeEmVdisBS+P1n/A78Fv8DvxH9v1XODg4Xa4Sf/oCIMx8SbfApkXobCDv9MUEnPyLwuODYe4QdeYOg/c/jt/clsR8x79RfCDv7JcF63xCkv5Vgwx2EGO0UcTtBBtt+qQecE9/h09/gfmITrse+xuXoV1jt24DD4a9wPbEZlxPfYHfoCyz2fIzjkS9xFmMcj23C+tDXCnbHtxNgdYp4XzvqCpJoLsuirVJ87lqqFeFXir69jZUKfU3V9MmUzW21TKR6rqFHjJNC7gS19LQ2CJr+jkZ62hroaq6lU6zV1SzWFWvI8T0CZR15raZKOuv/JgJP9hswGU09A7T0DQkGqO/pobq7g2ptG7W9HTQMdNJ9aZSuiyN0nR+ma1QwPETn0DCdA0N0DIo4Nk7n+fPUaXsoaW6mtKmZovoGCuvqqe7sEuv3KWt3DI3QOTyqxDYxV7ZJOocGGbp8iQt/haErV+gYHaNpYJi6/mGqe4fRdA1Q2N5HZoOWhKpWworq8c0qxy25GLvEUryKe/EoGyWk8SfCW8BTM6bUA2q/x6/6EqFNPxNYdwV/6QIWyDbfqosEN/xIdDv4l4/gmNFCYPkwyZ0Q2/oj8e0/E9vxs1inD//aMeWsXsdSLUGtl3GpHOBcSjVnkisxzqrDPKsGx6ImRQD2q+vDu6oX19IOxdUrOZekwSitCtvCNkXQlaKxY7kWy4IWLPKbOZVQimFGDXqJGo5GF3AypoiD4TnsC0znSFQ+B0OylDFy7unEMk7HlXBGrCnj8bActtn6s93Ki502PuxxCGCfUxD7nYMnfdcqKioqKioqKiq/Lib7o5CKyr8LKTr29fWp/BegCsAqKioqKir/m/xLAvDUVS8rTCYA6yyccPhKt6/OvKsCsEz1LMXfv0emfX7gaaaKMdIBfN3857huwfNcP/95piti8AtinuCB5yeQ5XniGvMFC16aQAq/C8U+JFIAXvyqgs6S15gqRV3JsjeY9n9B9l+3Yr0Y87rY/2tct+w1JZX0tKXy3OKXmLb4RaYufA6dBdK9/KTY52NcP3cN0+etYca8h7lx7kPMnLuK2+at4I55S7l19jxun/0Ac+YtYsGSFSxdtorH1q7jD2+/w+kjR4kNCaGmIJvWshyaCxJpy4umLNKJGNvDhBhtJ9x0J8EmewkwPkSQ6RFCLI4SbXeKb"
11908 [Forwarding screenshot on session b1310904-d161-49ca-a1a6-530fba7baea8 to remote] DEBUG org.apache.http.wire  - http-outgoing-47 << "B8LqmM86MgMpUsKwRnBNCV4owmxJ9/bjBw3Y7Kc9Ul3PEuaw2lSHU4qZwQn2h8XnCLRUY9kFyPS3CzI8LRRHMDpPo6/MCECSyYcwJJMeV6wt40iAksXcLaHFTnuEkuB+S8U+VqLaEqRtxVlAbbke5qJsjnlQdb0ZQcwXhhCjtMRhjPduZTrzWiaE4OJNrSHGdIm6JDO00gzumMtlZTFMnVxV7wN2iR7xf3bJQVgKWTKc29TXdCmuQncJ9Ifp3nRnelLT7a/wi+Crzy/N9uPbnmmrnT7FgbTVxxKb3E4vaUx9JbF0VeRQH9lMv3VqYIJ0be/IZ/+xkIGmosFJfQ1l9LfUk5/azkDbZUMdVQz3FnDSFcdo911ItYy0lmrlMd7GhjXNjAq29orGGotY7ClVJTLGZPisGCso2KCq/VrXNLWKIyI6/XVSCdxMeNyrtjLUH0egzVZCnKfvZpUtCVxSrronsJQuguCJlzN0hUs7zlTPJMMT/GMPNCmuInn5ipwoVeS5KzQk+CENl6KwbZo48Szls5gJT20KZ2CCVewiSL+XqMtRI+WwNOKEFzlfpBy132UOu6myG4nBTbbFXKsvlWE32ukm20k0eCzCfevyVck6H9K9OkPCT/+HqFH/3SVPxJ27E9EnPgzUac+IObMX/6B6NMfCP6i9Emiz35EhIhS+JWu32tIV/A1Z3D4yfeJFHPk2NhzH5Fo+AnxBrL8ITF6HxJ59kNFAA469h6Bxz4Q/IUgmer55AbCT31I2OEX8N35MK5b1uDx3XOi74+En/uSUP0tBBtsJ8hwJ4GG3xFguIOAc9vw09uKz9lt+OrtwEdvG94iep3djpeM+rtwOrEV68ObsDn6La56e/AzO0qA2RGixPcyw9+W0ng/mvPjGagtYKiplO7qAvqbKtBeFWAHO+rRNlaKz2ItfU019DZWT8TmakWwvSYAKyJw24SgqwjAzfWCxquIcoukTiD6FOScq+Jvm5jTXEVnQwXtdeW0VJfSWlOmlCf7DZgM95hEvOKT8E5IFjEB78R4/FOTBUn4JMWLehwecTE4RoVjHRyMqb8fht4+6Hn6cNbDm8CsPAX3hFTsI2JwiIzDMigMM99g7MOj8UpMxykqDuugCDE/HLvQaBwjY3GNScIzMZWE0nJiCosIzcolMDOb8IISojVVhBdV4JNVhHtqPo7JuTgk5WGbXIBDaimuOTX4V3QQ2TSOT8WIIvZGtknHLvjXfI9X+TjeFRfwqbygtEnB17V4WGkPafyZiFYIa4bQxp+IafkJn+I+/MsGiWy8rCDF38ReCG+9QkDjBVw1or/pAjEDENR+RRGBnSr7canqw62iG4+KTsX5a5tXh1VWrYJlTp2CRU4DZ+JLOJtQxrHIfEXsda3uxzyvCf20KkUQPpdepTiC9TOqlf4TCSUcisjlSEyBEk8nazDKrMU4p16ZJ88hdtB0Y1/cTlDTkLi3JowSCjgRmsqRwESFyd61ioqKioqKiorKr4vJ/iikovLvQhWA/3tQBWAVFRUVFZX/Tf4/EYCl+PsPAvCi55iiCKYCxf0rhd+rUTp/FeH3yQmunfk75wklSvevFIFn6L7IDQtf4rp5L6EzT6wvRd+r6MyXwu/LTNG9yjXx95oALNBZ/Kri5lXE3Wtiryj/M7JfZ9lrTFspHcKvibKYt+JVEcW9XUVnybV7Evew4Gmmzn+CaXPXMm3eWrG/hxUR+KZ5D3HzvFXcMncFsxas5J6FK7l7wXJm3b+I2++bx/0LlzBvyVIee+IJ3njjVbZ89Sm+zla0lmbSV5FNf2kqfQXRtCb7kmx/Cl/93fgY7cPf9JCI+3E/+x1BJodIcjakIMCOmlhvOjND6c4KV1JEN8R4UR5oR5GXGTkuemQ4nSHN8SQpDlL8lZz8RQBOd7cgy9uWDG8HxQH89yiisLed6JP9tr8IwDk+thPIspdEpoSWrl9LgQV57uYUeFpS7GVFgYcZeW4maKQT2MuE8hALutO8OF8cwvdFgco5wOczXRhPd6IvzpJWmf45wpSeWJmm2JLOOGvaY63ojLehJ9mBvjRnegRa6WZNc6U3w52eTE+F7gwPujN96MkJoC8vSEGWe/Kuun1lLBDtxaHiGYczUBbBgCaawcokBqtSGKxJn0jNXJ/DUEM+Q9Ld21LKYJuGofYqBturGRAMddYx2FXPUFcDw92NjGgbGe1pFjQp9aGuibaxXtnWIspiXJeY1yGFu0pGu2sY19Yx1lPHaFcNw51VjIi2MUFPcylNmgxy4wOVM17H2qq42FXLpW4xvq1CEYRHFSG4SOyxkMG6fPqrcugtl65gebZwBD3i3noKQ8S9BtMr7rs7yxdtpjfadC/x7DzRprorQnCfoF/Gq0KwFIGlI1ghXjqCpRtYvINIC8UR3BFmTKs8Czj47C8uYCkAN/mfVJy/Gue9iuv37wVgKfpec/kmG32hiL9xep8oom/Uqb8QeVKKuH8h9uzHigNY9icZfi7i54o4LMfGnpV8pIybmPM+ESc+ELxP+PH3f3H8SvevFIJj9MRaBp+SZPwFKaZf/UKqmdiHiElGn4n1pLD8AdECKQxHiHUl4Wc+Ifz0J4Sd3iDKnxNx9guixXpB+x7H69slOG9ajueupwg9+S6Rhl8SarCZQP1t+OvvEOxUYqAgyOA7Ag33EGCwR3x/d+Fz7ju8z+3CW38vgfIfcYjvXkawM8UJwVSkRVGdGYO2IoseQa94n/014r3WFQlK6KsvVVI8d9dr6JGO35ZatNLt21zLQEvdLwKw5NpZvUrK5sYKxbnb1SxiS6Wgiv72JvrbWq4iy42CBjFn4qxfKS53N0mnbxmdChpFAO6onxCBJbI82W/AZBy0d+KkuxfGASE4xicSXlhEck0tiRUVhObn4ZWSim92NiHFpYRVVOGnqcAhJx+j+BROhkZhHJWIbUIa9olZuGXm45tfjmNKFiZh8VjGJGGXnI1BaDQnfUPRD4nCJjET16wCvPI1BBRX4JNbhFt6DnbxadjEp+KcUYB3YSWe+ZXYphdjHJvNmcgMToalcSIik9PRORgkl+FU2k5I6yWcigfxrLyAT/UVvKsv4V31PV5VF5V6UNPPeJRfFGOGcCgYwr18XGn3qbmsjPOtuoRdZgd26S14FvUp5wcH1pzHs2wQl8IebLLbcCjS4ljcg0fVCC6VQ5jltGKU1YRBRgNHIgsnnL5FTcp5v7a5DdgWNOFQ3IpzWRduFT3YFrain1yuCLzHY4s4K8rS/SvPAZZOYufqPuU8YXmusI0Udiu0WJd2KHX9zBrOplZwLqMaA1lOq+RMSjl66VUYZtUqnIgrEusWciymgKPR+Ur9VELJpO9aRUVFRUVFRUXl18VkfxRSUfl3IUXH3t5elf8CVAFYRUVFRUXlf5P/DwTgCfF3MgF4yrX0zzJds0zbLEVgmcZZnuN774Twq5z3q6SGnnADK2WFCdF42oIXmTpfrDvveYWp8wWyTUn5LEXfVwSviWu+8Xe8hs6i19FZMiHwSkfvNMFUebavQLZNW/oG05a8qZSnLBfjVr6BzgqxznJxTytfZcqyl34RgKf8vQCs+7S49lNcr7uO6xY8znXzH+X6BWu5ccEj3LxgDbcueIjbFz7EnBWPsvDhp1jyyDMsWvME9y1ZxuyFC5mju4D5ixeyavUKnln3KH9c/zKeloZ0FGUwWJ5Nf3EqI5oM6lNDiHU3wtvwoCICB5sfxt9gL95ndhBosId0FwNqo93pygilJyuSnsxw2hL9qA5zpNDbhBwPA7LczpHurEeKTActSLKXnBVlfVKdjEnzsCJNpoH+J1I9bRVkOcN7wgmc4++okOs7kRo6R/TleNkq5wLneVqSL4VfEQs9LCjxtkLjY02Bm7Eom1Ef6UCe21m0Se6MZfvyc3k4Y+muylnAo+mOtIUb0hVrxmCKPZ0xForrV4q/XQm29Kc5M5jlTn+WdLO6KoJvT5YXvVLgzJJn33qjzfZBm+dPf0EgfQIp/PZKIbQwhN6iEPFMw+kvixDPN5rhyliGqxIZqU1nuD6LkYYcJeXySLNM0VyqpHIebqtktLOGMSnqSrFXMNotRd1WhWEp8Pb+j"
11908 [Forwarding screenshot on session b1310904-d161-49ca-a1a6-530fba7baea8 to remote] DEBUG org.apache.http.wire  - http-outgoing-47 << "eGeZoa0TUp5rL+d0T6BaBvprmOoq5rhrjrGexsZ72tmrK+JCwMtjPc3c15ESVtNIblJYWTHh9JdV8bl/jZG2msZaJZO4VrOy720V4k9lgvKGGosoa+2QDmPuL8ynoGKWPrLo8Q9RtJfIu61SP7DAD/BRDpo+cykW1qb4kpfirsiAvemXBWAE53ojXegN86OnlhbeqQAHGVJR7gprSGGtAXp0xp0RkEKv/U+xxTnb5nzXircDqBxOUCJ416K7XdTYLdLIcviW5KMvibq1CdEHP+QyFMfEnPmY0XgTTH5UnEEZ1h8Q7rFJkUoliKxFILj9CaIPfMJMadlaugNYg0x96TkL8Scep/Y05L3SDf5jCzzL8mx2kSuzRZybLaSbf0tmZZbSDf/hhSxbqLh52K9jxX3cMzZv4j6xyTpf0KCIE5cL1ZeSxB1ZgPh4lqhYr/S/XvNARx78k1CDz6D357nCDnyG6L0PiHS8GtCDbcSZLCdAIOdgl0EGe0hzOwAISb78DPcLb6rB4gV37ecQGuqEn1ozg6ntSCGxrw4anPiqM9Loqk4nbaybDo02bRrMumsyKG3tpC++hK6q4voqi0Rn0Ep0lbSJx29zVV0iM/GgDyrt6FCQVtffhUN3Y3l9DZV0tNSJcZX0t8mhd9qBjpr6WyoprNexpqJckMlXWK+POdX21Qh5mnoa9bQ36JhoFWsIz53ckxHfRWtdeU0VZdSX1E06W/AZPgVFuOWmY1ldCzGgcHYhEbiHp+IU1QMpr7+mPkHYxoSjmlEDPrRcRwPj2ZXQDAbPXz4zNGVPT7B7PMKYI+bP4f9QzGITuFcdCJ6kUlYZ+RhkpDJsZAojgZEci42GavMQqyzCpRol1XM2fAEjGLTMI3PxiAmXcxL42xUOmeiMzkZmYFXTQ/2Ja2Y5TZglF3HmdQKTiRqMMiqx14zgF/9DwQ2/BWXkjGss3txLBz+BSnyWmR0K2Up/PrV/ohr6Ti2uf04F48SWPcDHqVD+FeNEdnyI/HdKGcHB9ZfxKtiGM+qEbH+BYJbfyBM9Pk0XsSurBfnqiEFo4x6jNMqME4pxTKzRkn9LB3B9kUt2BW24lTWhVlWnZIC2rqoTXH7HospVITgo1FFmOe3Yl+h5WxmNaeSNZxOr1TEXuOCJkzzmziaWKK0H0sq5WhcEfuictkblsWeiGwOS8FX9O+NzONESoVYo1bUy9gVls32oPRJ37WKioqKioqKisqvi8n+KKSi8u9Cio49PT0q/wWoArCKioqKisr/Jv/aGcAPPid4diKuEHHZM0xZ/Cw6i0VdVyBTP8tzeuc9h859TzNj3otMvfNJrrvvOa4X9Wl3P8JN961j+pxHuf7uh7lF92mm3PEgM+Y/xfVzn2Lagme5bt7TYvzjTJ/3FFNnr2XmoucUrhPrT130MlOXrGfKkt8yZaFg6R8FfxD1t5my6E2BTOn8KtOWv8LU5S9PnEssxdwl8pxg0b9YzF38ppIqWjp/FfevjEvl2BfE/GuIeVLQ1p0QgKULeMqCpybSQS9Yx/W6TzBjwWPcJEVg3bXcMv8hZi18mLkPPsHKdS/x+Atv8uRLr/HoM8+z4pHH0V35ELrLV7Fs5WoeXrOWR9es4eM/vYOj6Tny4kNpKcmgr7aQrrJMKpODSfE0I9hkn5JmNsRgG6HnthJydguRht+R7WpAXYQbLQny/NdgtNkhNMR7UxpkT76vFVnupmS4GpNoc5pMZwMyHM+S53qOVNsTpLsYkupqToZ09Po5kO3vdDUFtCNZ/i5k+gmU6Ea6v6tSzxH1HD9ncn2dJvC2J89bCsGW5HlaCMwn0j+LWOJlSamI1f42VPqYUxtgxWhmAD+VRfF9YRCXC/zpjrdmKN2etmhDehLN6U2xojfZnr4UxwlSnemTrt90D7QZ3orbV6uImwHiXgPpzpGpj33pyvdCm++LtsCPnsJAeoqC0BaF0FMcRl9ZNAPlcQxVJjFSncJIXTrDTTkMNxcw2lLEWGsp4x3lggrOd1Uz1lWniL9j3U2CZsa0rZzv7WK8V8tYXxcjA50MD3QwNNDG4EArA4OtjI50MtjXpvSND/WIcW2Md9eL+XVc6G9jrFesMdjFkFhrtK+DC0NaLgxrGRTXaKjIpzAzjsKMeNprxV7E2DFtM8MddYwIRjtqGW6vYbS1mqGWcgabNQw0ljLYkMeQuJ9h6WYW9zegiVIczv0lYYog3iueS0+OeC7Z4tlluorn54I2XcQ0d3ol0gmcKJ5vnAN90bb0RFrRFWZKe7ABbUHnRJxw/Eq3b2PACer9j1PtfZQK90OUuRygyHEv+XZ7yLLcQZrJVhINN5Ogv4mYs18Tp/8NySbbyLD4jkzrXeTYSkTZZiupZhtJMP6CeKPPSTT+TPCpGP+x4BPi9ET57OfEnxH9pz8n6dwXZBh9RZbpFxRYfYHG6WvBF5TZbqDU5jOKRFuOmRhj+iUZ5tJ5vJkUk02kGm8i3fQrMkw+F3M/I9PkU9KMPiPV4HOS9T8jQYq/Zz8h+swGok5/RrggTHLqcxG/IFxcP1JcP/L0l0Se3Uik3mYiz31LhMEOwox2EWm+n1jb4yQ6nSXN3YgsbzMKQqwpT3ClNt2bppwAGsRnsz47mLqcEJoKomkuSqCtNJWO8gw6NJm0abJoq8ihrTKXjqoCOqvFd762iK66YjpF7K4vQdtQhrZ+AukI1jaUij4xrl72F4l6ET2NRfQ2lyiu9b6mYjG2QJCv0FlfSFtzJe0tNXS21dIpPkPSFdwnUz43V4i5JfQ2FNJTl09PTS7a6lzaKwtoriqlsaKUGk0R1WUF1JQXT/obMBmGwSGc8/PlsIMD+8wt0HNyxS0ihsDkdPwSUvBJTMMxNhGT8FiOB4az2z+UbYFhbA2JYltoNMdikjkYFMlO90D2+oVyNiaNcwnpmKTl415Rr8RTcSmcjknFIDUbo/R8ziamCzIxzijANK0Ey6wKLDLL0U8q5mx8EXpJJZyVgqjAJKeJcxn16Gc3Yanpw6ZyELOyfqwqh3Fv/gH/ZghsAruCYUzTu3EsHsO+cATzzB4l2uQNKm2eVVfwrvkRV81FZaxs86q8jGf5CM4FWkwSazkTVYZBfBVmGU1i70PE9IKLZgBHTT9u1RMOYKuiLuzFPlxrRrAr6VYcvqYZVUq6Z9fyLkX4PR6Zx77ANI5H5WOV16ykb5ZjzXNbOJdWg15qNWdTqpQ00tblWk6lV3MkoZS9YvzOkExOpFZimNfE/phCTos+WT+WpOFQfAkHY4uUqIi+WXXYVg3g3HAep/px5fmYiP1ZlfdP+q5VVFRUVFRUVFR+XUz2RyEVlX8XUnTUarUq/wWoArCKioqKisr/Jv+aALz8iausQ2eZYMkT6Cxex/XLnmXKfWvRmbeOKXPXcZ1g+vynuOXe1cy8W5fZc5cx54GFPPbYOt589RUeenAZb7z8DK++9CRPPbqSF19cx0svP82jTz7GnLmLuPXuBdw2Zym3PPAQM+c8xE0LnmLGwueZtugFpi95lWmLX1Zcw9OXvML0hbL+JtOWvsl18jzf5a9xvZLS+aUJ8XfpS8o5v1OWvSnK6xVk/Zr4qwjAS8R6V8VfHRnFtXQUR/Oz6CgC8DNXeYqpuk8qbuAZC57gRt1Hmam7lplzV3PzvAe5fcEqZi9Zw7wVj7D68Wd49JkXeeL511j79MssW/sUuisfYfGDa1n50CPiWTzGs08+zp/efgOjk4dICvGlqTiLYSn4FCdRHutOsssZAg224n9mE2GG2wjS20rAme1Emx0ly82YqkhHOtID6MmJoD0tWNQ9yPOyUty5aY76ZArSbE6Q6SCwP06miz6pLiZkyJTQXjZk+9qR4+dItp8TWQouZAW4kh3oQU6Qp0JeoBt5om1CBBZjvezIli5gcQ3FCexpTqGgyMuCEkGZaKv2tRVYUeVjQWuEAyOZAXxfFMJ4jjdd8Vb0p9nQFmNIe6wB43nO9KfYCxzoT3UUONOb6kKPFCwV8ddXcbdqswPozg6kKyeQ7vwAuopEW1EA2uIgtCWh9JRG0FMWSY8mlt6KBAaqUhiqyVBcv8ONOQy3FjHUVspwu4axzirGumoY7"
11908 [Forwarding screenshot on session b1310904-d161-49ca-a1a6-530fba7baea8 to remote] DEBUG org.apache.http.wire  - http-outgoing-47 << "a5lvLeJ8Z4WQasodwg6Od/bzZi2i9EeQV83IwNa8eXpVhgc6mJkVMuoYGS4izHJYCcj0gHcUa2cB3xxoJ0xsd7F4R7OD/cyOijGDnQzKhgf6OTCYBeXxDrn+9u5OCiv2cpwVyOj2kbGpfu4s14gzxSuZritgqEWDYPNZQw3FTFcl8mITGNdlcxgRTwDmhgGyqLoyvNHmyueSY54Ztne4rlJEdid7nQXulOc0CY70R3vSFe0DV0RVnSHWdAdakZXqDEdwQa0Bp6lye8kDb7HqfE6QoXHAUqc95Bvu5Msy61kmG8h1XQLKSYC429JM9tBlpUUefeSbb2XHJt95NntJ9d2H1nW35FusU3wrUCMN91IohSADT8jznCDiJ+QbPKpWO8rMiw2k225nXzr3RTa7KbUfq9gJ8W2mylz+ErwGfnmfybz3O/INfqTKH9MnuUX5FhuEvuSDuBtgu1kmouy+Tdkm31F9lUBONXgU1Jkmmj9DYoArKSlPvMpEac2EHbqU0UAlsJvhN5XRJzbSLjeZqL0txFrspskywOk2h8lw+kkOZ76FPibUBJqRVmEPeXRLlTHe1CT7EV1ug81mX4Cf6ozBJmB1GSHUp8XRWNhHC0lybSWpim0CJpL02kqy6RZk0VLeQ6tUhCuyKW1Mo/26gI6agr/hhSGG8roaCylTYlldDZp6Kgvobm2kLa6ErpEXdtaoUSlX9DVPNHW01aJtlmmei6lq16gRLFmXSGdtQV01uTTKa7ZKa7VWV0k9pJPW2UBbdWFNFfkTfobMBlafmYA6P3rTzSJH5nabi217Z0UVNQSm5GHe1gszuFx2EQlYRqbqoi7p1KyOJKWx7G0HHb4h7HbP5x9QVGKqGuZV4ZeUhaHw+M5nZiBQXoep8Sck/FpnE3O4oQoH4lJ5pxod6hoxL95RHHKGqZWiXGlGGc2YFemxVbTi2leB3sjStgVWsihuCoMC7WYlQ6hl9fN6Wwxp6Afi7wBRcyV4q9Zhhbfup8VpPjrUnYB94rLiggs+2zzh5S6RIrAFllaTNOalTTPPlWjRHT+lfRxSByCSOkGHpxw/TqU9eFcMYhX/XkcKwawLe1RBGCv+jFcyrWK+CtTQUd0XRZcwbWiB4/qfuLFfO/GUcxyG7EqaMempEvMG8KrcRyH8l48m8bx7/4Bh9pBLDXinjJq2BddgHFhKy5inlFBC3ZiHWuxnnlpp9KuL9aSwq+MJkUdONSMY1U5gmlRr/J8bCpGcGy4NOm7VlFRUVFRUVFR+XUx2R+FVFT+XUjRsbu7W+W/AFUAVlFRUVFR+d/kXxOAF6xiysLV6AimLnqIabqSh9GZs4ybFj/OlHuWc5PuY1w3fy0zZq9k1oLl3HX/Pdxz3x289NJjnDmxg5MHv2THl29icfILXI2/JcrjGNYnNxDksAdnk+2cO7Sdz//yZ55+4gmeeOoFdFc8xg1zljNr6TpumPsQM+5/kFsXPMzM+5Zy+/xV3DDvEaYueBqd+U8zdeHzgheYuvhlrl8uU0LL9M8yHfQb6CyXZ/6+wZRlrzNFEYBfm1QAVhDrXHMA/98E4OmKC/hRbpy/hpnzpAC8ilsFd4g93blgJXfNXcIDi1excNVjLHn4KRaveZqljzzLkkeeFve0lsUrVvPgQ2tZu/YRnn36Sd59+y32b/+WmEBPtDWF9NVk05gVSlWCB8muZ/A6u4UQ471EmB8hQH8fQQb7iLU+TIGfKY3xnnRlhNCRFkxTvB+aICfyPMzIdTMhx82QXJdzZDqeIkMRgI1JczVTRGB51m+enyO5gkwvezK9Hci8KgRn+7uSE+BKXsDfC8AyHbQduV42FHjL835lGmgLxf1bfFUA1oi2ck9LqnwsqfQ2p9zLSBGBL+QFcD7Pl1LPowxlODBwVQTuiDOmJ9Ga3kRbRQgeSHVmMMOVAXnmb5obPRleSurnXnnmb24g/fnBaAuC6S4OQVsSRk9ZOL2aKHrK4+ipSKCnMonemjT66zMZbMxluCmf4dZihjoqGOqsUs7pHemuZ6Rn4kzfEa2gp42R3g4Ruxjp62a0V8toXxej/VK01TIy1MfoSD+jYwMK588PMTDQydhIJxdHO7g81s5P5zu5MtTCD0NtXBHtcm3pAB4dFOOGexgb0jI2OCEAjw+0c76/jfE+KTo3Teynu4GL/U3KucEjYp+j8sxgseeRNg3DLWUMNZeIeylkuCFHEYEHxT0OiHvtL4+nvywWbX4IPeL5aLP9xWfBh840DzpSXWlPtJtIrx1nQ/fVdM/d4RZ0hZrRGWxCa8A56r3k+b4HKbHfS571DrIstpBh/g3pZt+QYbaFTMutZFlto8BhL4WO+yl2OiQ4TKHDQfLt9ou4j1zbXWLOt6QYbyJZkGryjeBrUk03kmmxWfRvE3N3Uuy8ixLX3eIzsgeN2z7KXPdR4rSPUof94vr7KLTeSZHNNkrsNlPuvFm0fUa6/u+JPvIKKWfeJtf8E4rsNlFgt01ceyc5NjvF3uSevyXTbBOZUlQ2FnOMJsTfZAN55vAG4vU3EHfuU2LOfU6UnuDcl0QbbCTWaDNxpt+SYLGddHFvmeK+ctxPUOijR0mAIWUhZpSFWaKJtKEi2h5NjAOl0Q6UxThTnuBJVVoANRlBVGcEU5UZQk1WBHV50dTnx9JYmCBIpKEwifqCRGrz4kU5mYaiZBqLUmgqTqWxJJ2m0nQaSzNp0mTTUpH7N6oLaKsrpbWhnJarNNVpqK8qpraiiLbGaloFzfUVNNZV0txQRXtDJa3l2eK/Ifn0NRTR31hKj+IsluJvCe31pbQplNFar1Foly7kyhw6y7MUR3B/faGSdnyy34DJ6BgbpPfCKL3nR+gQ3532zg56e/sZH7vEpcs/cfEnaB28QF6LFte0fMySsrErrkIvs5hTqbnop+TgUFSBq6YW69wSzDMLsC0qx6WiDufyWmyKyzHPK+ZcRg4nk9I4Fp/MqeR0TAtKcKpqxTi9BpP0RkEzptlt2Jf241p9HsuiPk4l1XM8sQG9jHaM8/sVwVcvp1fBpGgU24pLuFX/iE/9XxU8qn/ArfJ7PGt+xLvuZyXaFAxjJ8a6lF9S2vybwK9xgqBm8K69REDTFfzqxFoVI/jUXSRci4JP42U86y4Q2PEzvi1XcKocxq12nJBuCOz8q6gPYlvYhmu5FmdNN/bF7Yog7NswIvbRh0l2PdaFHYr717lqQMwdxr1uDKfqIUXgthDtxoXtnMys40hKpRJNSruwrx/BtfUinp1XsKjo5URGLXtjizkunpVpWTdWVf1YivWl0/eodC5ntGGc14NxQS8G2V2czWyf9F2rqKioqKioqKj8upjsj0IqKv8u/msE4MCd6P7GjOzJ+v4Vss34je5OAifr+y9DFYBVVFRUVFT+N/nXBOD7F6HzwGKmPrCEqXOXcN39S5h2/2Kuu28JN85byY3zH2TaPYu4d9VT3P/ws0zTXc3UxQ9z80NPMGPxCu6V6Y9ff5HVTz3MO++/yZbtH/H5F79l5/YP8HTTIz3Zn7OnDmFw9jhbvviQrz96h60b3uWr99/izefW8vhDS1m6WJf7dRdy630LuX3eCm6Y+yC3Ln+SW5bJ9NFPcNPil7hp6ZvozHuZqYvWM23JW0xbth4dKQiveEU581cKwIoQLFAE4KWiXcz7mwAsuZYCWnA1BbQiAC/4ZwF4LTcveJhbdR/mNt2HuG3Bau5Y8CD3LFrFPYtXcdfCVdy96GFmL3+Muauf5oFVTyupouetfJz5Kx5lwYq1LHvoMR586FHWPfkUr736Mtu3fElaXCDddfk0FcbTURqPJt6TMOsTeBseIMjsOMGmRwgw2EG4yR7SnE5THmJHR0oQwwVxyvnAFSFOZLuZkO9lTp6HMVmuBqQ7C1wMRTQmw9WUbJnC2deOPD97RdiVZ/3K83+zZFpoHwdFEFaEX0GeIF+0F/o5UuTnQKGPDYXe1hR6/b0AbEa5txWlbiKKtho/KzSeRlT6GKNNcOL7oiDSrHYyluPKQJod3YkWtETo0xNnRm+8JT2JVooQ3JvsIHBEK0lxRpvqRk+6p5ISuidTkBdEd2EY2qJwekoj6dXE0FOeQG9lM"
11908 [Forwarding screenshot on session b1310904-d161-49ca-a1a6-530fba7baea8 to remote] DEBUG org.apache.http.wire  - http-outgoing-47 << "r3VqfTWZdDfkMtAcyGDrcUMtpcx2FnNYFctQ911DGsbBU0CeZ5vK4M97Qz1dgq6GerTMtzfzfiwYLSLsZFeRkcGGRkZUbh08RLDg/1cHh/k/HAHF0ea+X6olrFuDePdVVzsq+OHsQ4ui74r41L47WB0oEPETrFmJxdEPD/Uznh/Cxf6m/hhuJXLA1L4lWcQVzHcVsZQSwmjbfJ84mKGm4sYbCxgsCGfgfoc+usy6a9Jpa8iid6yOLTF0fQURtKe6U97hg/tqZ60JbnTFudCa6x4fon2dMdZ0RFlppzx2+h3hnrvk1RKEddmD3kWO8g03UqayRYlrXO6uTxbd7tCru1ORfQtcTmIxv0IpS5HFPG3wH4/OdYyFfQuMi12KgJvpvkmsiy+IddyC3m2Wymy30GF235qfY4oruIGvxPUiVjnfZRKzwOUue4S6+1RkAJwmeN+RQTWOO+j3GUvFS7fUeG6jTyrT4g+9jqh+18k7sRbZBl/RL7VRnKVM4AlOwRiD4pL+RsyTL8i3eQLUo0/J9nwU5IMP1dINPyMBHlGsOFXpFpsJdVqB6lStHbYR7a4v1xxf9kSz6Pk+pwk3/8sBUH6FIUYUxBsSkGoOaVRdmhiXahIcKc6xZvKFH/KU0KozoiiJiuamsxoqkWszo6mSlCTG0ddfgJ1BYnUFCRQIwVgESVSGFYouioIl6TToslSnMAtlfm0VBXSXltCW00JrTXFdNZraKstpamikAZBc7UUc8tpqSmjuaaU1vpKWuorxLxi6nMTaC9Opbsim57qAuUflHTWXnMTl9PWVEVLUw1NzbU0NtWSHBuCt60+2TH+Yq9JtJRl0FKaMelvwGQMjvUzdmGI4ZE+urva6GxtYlCr5fvxC/z8I5y/cIXRKzAGVAz/gGt2OYcCY9nmFYZecj5Hw+IxTMrEJqcMy6xCTkYkscs7iD2+YRwOj+VASAyHI+MECewMDGWzZwDb/YM5FJPE2bQizsRVcCa2luPRVQoGqW3YFg/jVH4eu7JxPBt+xqMR3BvApf6vONb8iL3AuRZcRZtD2UWcKy4pAq9T+UXcq67g2wQBzVLAFXNEu4tM9Szm+LdASLvoa0URg92rL+NYNox3wyXR94Mi+MoY1gOhXeDVKNrbfsS76bIiAEsh2Kf5exwrhrAvH8Sjfhy7onZFAJaOX/eqPgXPmgGcKnqwKmxVnL/S0exSLcePins5r+DVfBHPFrFn0Wam0XImp5FjadWK2GtQ2IZNzaAiAgcNivsU0bZ2CMfGMaUso3X1gCIAS8HXrHAQe8157CsvKtFGMz7pu1ZRUVFRUVFRUfl1MdkfhVRU/l1I0bGzs/M/j/8OdN8yJXOyvv8RVAFYRUVFRUXlf5N/SQCedu8Chevuk1GXaXPmMe2eeVw/ez7XzbqX6bPnceOc+dx6/0IeX/8H1r2/kVuf/B3Tlz7DneveYv4LbzPtvkVMv3c+dy7Q5eEnn+CJZ9fx/EvP8uHHf8bKQh9na32s9A+x6+v32fD7F/jmL+vZ/unv2fzx22z44xv88Xev894ff8/7f3mfZ158Ed2HH+GG+xcxdfZibtZ9QuxtHTr3PsvMpb9jmu56pi18i2lL3lSE3inLX5xAlq8KwNIJPOUXAVj0SRQB+Pn/QwDWWXDtDOAJAXi67uPcsOBRZi5Yyy26a5SzgG+Zv5pbZDro+Q9y16KHuGvJIxMsfYy7l6/jzmXrRHySex98lgceeo55a55n/sPPsnDN0+iufowlqx/hwbVreP7Fp9nz3UYCvWwoy4yiqyqb2pxociI8iHIxw01vL0FGe/A5vYUAvR3EWR4j18OU6nBX+nOiqApzJdVBn3QnQ5Id9MhyN5kQfxWkAGysnBec42lFno8N+X525EsxWJAryrlSFPaVOImyk+IULhCxyN+RYn8HinxtKfaxosjbgmIvKQDLM4AnBGCNhzkVoi4F4EofU8UFXBtownCGB5V+Zzif50lvsi31IXq0RBjQHWOCNsYUbawZPXHmaOOs0Mbb0JfiQF+qk8CFvjQ3+tPd6BNr9Gb7oc0NpDc/hN6iMPpKougti6W3PJ7eqkT6alLpr89gsCmHwZY8hloLGW4vZ6i9kuGOKkE1w521gjrGe5qV83rHeqUjt105r3esv4PxIdE23MrocCcjQ72MDI4wPDDGSP8IYwODjPV10t9ZRWqUE2kRlmjrkgh0Okt+oi89jYUMdVVxfqCZ4b5GxgdbxbxmhnrqGdLWMiIY661htKuC892VjHaUMtCUz2BzPiOtBQw15TLQkE1/Qyb9teniftLoqUqhpzIZrSYObWkMXUURdOaF0JEVQGemHx2pnrQnudEe50xrtD0tYdY0h5pT53+GKu8jitO2wHYn2WbfkGm0aQLjzaQbbyHdVDp8d5Fnv58Cp4MCMdZxr0K+wz7ypTNYkGO7hxzr3Qp5tvsocjxImcthKt32Uee9l9bAI3SGnaQr4rSIZ2gPPiXaBAGnaPY7Sb33MWrdD1PtcZBq74NUeR2iQpQ1rgIXsZbTAbHWIaW/yn2PiN+J9i1km39EisGfxN4/otB2I8X2W8m3kwL1dsUBnGPzndj/djItv73qXN6opJdOliKw0ZckmUi+IlGmohb3nyLGpljvnBCAHfeT5XqYbI+jZHkeI8v7ONniM5oXqE9BsDGFYWYUhVtTIp5pWawrZXHuAg80Cd6UJQZQlhRGRWq0QnlKFJrUKMrTItGkR1OZFUNtXgK10v2ruIATaMiLEURNxPwY6vOlSBxPTa4gP5G6ojTqitOpK8mkoSyHVk0O7ZpM2ssy6SjPUpy63dV5isO3p7aYvvpS8Tkpo0/Q21BKb30Z3eX54jNTzEC9RvSVizYN2sYKupsr6WyR5wNX0dIsBeBqGpuqKS/NoTgnkaaKfFqri2jS5ClM9hswGT0dTeLz3cWFoR4Gu9rpaZX/uKKLK+cvwl9haOgil4FBUfZKKWa7pSd7XMI4GpyKSWoZzoX1HA+NZ7tzAAf8IjCMz8EysxjH4lo8a1uxLazGpaoRR02Dkg76cHSKkgbaKLcUq5JGrHI7lVTMBkktHI+u4UR0PedS2jHO1GKS1cfxmEYOR9ZzKKKOI7EtnEnVirnDWBSdF/PPTwifmjHsSkawLh7CoWwM15rLuFZdUtql6Osr8GueiL5Nf8Wt9ntsioYwye7ErlQKsxcIaP9JIbgLwnpRorto92m5gm/rD4rjN+hqm0Vht4Jz1RD2ZV2K69erdgi/xjHcawexLenAIq8Vy/w2TidVoJ9ei0lOC0Y5zeil13E2rRaDzGaM8trxaL2k4NZ8QRGDHetGcG06j0/nDwT1gV31INYV8uzjfqUsz/w1K+nCML8Vg7w2vJt/xKvxJ+V+zfP7OBFbx3cBhZO+axUVFRUVFRUVlV8Xk/1RSEXl34UUHTs6Ov7zKAKwCRmT9f2PoArAKioqKioq/5v8SwLwjPsWMON+wX3zuf7e+Vw3ey5T735AidPumM11d9/P9DvnMPX2u7ln6Sqe/8MGPj1szh++PsQtS59i5oJHuPmBB5lxty7X3zqHW26/j8XLHuKZZ15Gd8ES5t17D6vnzuTp5Xfy/Np5LF8wi4dXL+PJpx5l05av2fHdNv783h948omHee2Fx/nDb1/m2++2sO3YMV59bwO3zFvDTQ88yW2L32T63S9w3fy3FBF46qI3mbpUOn+fZ8oyiXQAX00HLVnyKlPkucJSBJb8IgA/J6IUga8KwPPX/aMAvOBxps+fcAHPXLCGW3TXctvCtdwuuGX+Ku5YuIZZix9h1pJHuWPJY9yx7ElmLX+au1e/yOw1ryrc++jrzH38TXTXvcH9Dz/DAw+tY+Hax5m3ciXLH17JS688w9efv4+LjSFVhak0lWZSkhxOYawfoRZH8Nf/jkCDPYQZHyDc+KByPnChjxU5nuYk2Z8j1dmIaOtTpLubkeYqhV8jhUw3KQCbkOVmRra7uRhvQa6nJbleVuT6WJPnazshCvs7UxDgLKITBf4OFPjZU+RrR4noL/G1psTbghJPM4VSQbmXBdWiXVLpY6YIwFW+plT4GNAcbsFQuis/lAbxfbE/aVbbSbWQKYa3k"
11908 [Forwarding screenshot on session b1310904-d161-49ca-a1a6-530fba7baea8 to remote] DEBUG org.apache.http.wire  - http-outgoing-47 << "GuzjQL7nZS67KXc4xCVXsdoCjWkJcKE9hhLuhNsFTF4QMyXInBfphcD2b4M5AUwUBjEQEkYA6XhDJZHMlgZy1BNAiP1yYw2pjLanMlYSwHjLYWMtxaJWCJiCWOtpVzsrORCZxUXumq42F3LBUlPHaMMVqlxAAD/9ElEQVS9lQz1VjHc2yjoEPU+xvqGuTgwymh3NxdHejmvrSLez5BQ571UZrriabaHmuwQLo82cHmgjrGeavo7yxnoqGCgq4KhrnKGOzQMtpcw2FpIf2M2w805DDZlMdiQwbCIA3Wp9FYn0SforYqntyKOnvIYtGXRaEsilPTXWnHPnVnetKd50JYs0zw70RJlLZ6XGbW++mhcjlNos59ci+9INdlIqvFXpAkyTL4m22wTeeKZF9nsoMR+F0UO+yh0PEC+4yHyBLkOB8ix30Ou4z5R3y84QK79PnLsxHvxOkmd/znawkzRxlhfxZzBeEP6Y07RFXaUtqBDgiN0hpygK/SUiKfpCD5De+BpWv1P0eJ7miZf6QY+IvZ6lGrvw1R5HqHS4wgV7lJMPkiF6z5KHXdQ6rSNcvcdlLtto8TpG3FfW9G47qBY9OUp4q88h3g7GRbbSBOkyhTUZptJNt0k+FoRfZPEPSeJe04yF+0W35JoKcbZ7iLVbjep4t7TnQ+J78IxssS95Yh7yw4wICfQiLwgU/JCLARW5IXaUhjhRFGUO0XRngIvimJ8BAEURAeL72KoIIzi+HA0KdFUZcZRkyNTPidSl59EjYiVuXFUZkdTnxNBQ064iJIIanMixWdGuoZjqJaO4YIk6gpTFBG4sSyL1rIMmvPiqE4NpSknmv6KTAaqs9BqUsVnPJfB6lzaisQ10sNpKUhgSKZ7rimnp6GGnsYJtI1V9DRXo22poru5nM5mDe2NJbQ2FNNcX0BTbSHNNYU0VRVQp8mmujiD+tKsSX8DJoPL41wY0IprNNLVVM9wn5YrFy9w8fwFegaGuSKGtA59j3diPu9sO86TH+3gg5N2bDD04i/nXNlg5MpB72gcc2oIqNXiUtTIubgcTkdnYZhahF1RPS6VrdgVN3AmJZ+jMZmcyyjGsrgO65IWnDQj2BePYZU3iHl2n2AA0+x+DNO1nElux7pgDNOcQfTTejmd0s3ZtB4MsgYwzh3GNH8Yh/ILOFefx7nqIvblI6I+/kvdoWIUmxIxRkSnygs4VYk+0e7RIO6n6WdFPHWpOa+Iup6Nl/BqukxAx8+EaMGvTfaNYVvWr7TLfin6Gue0YVPah1VxD/rp9VgXtWGR06CkgvaonnD+GmbUcCpew9mUKnHdftzrRhTXr2PVoNhzm7j/es6lN2KQ04p5cRcWZVoFKexKpOArxV77miGlXYq+zg1jijAsBWJZl/1OtWMcja1SUmUbpLVjktuFZX6/2N/gpO9aRUVFRUVFRUXl18VkfxRSUfl38WsRgDNM3kJXV/dv/MPYDEze+ru+v+/PMOEt3R34K+P82aH7FiYm4lrXxu3w/+Ua/2lUAVhFRUVFReV/k39NAL53ruABps+5j+vuEcy+n+miTefO2UyZdc/fuONuwWx0bpnF1Ok38/QLr2Niac/uA8d49MnnWf3Ik9w/bwk333IXM2feyZzZc1nz8OOsWr6cFQ/M5OUnFvLUY4tZoHsv98y9n0deeJGXf/8uj738KvcvWcZjTz3Fb377BksWzWPmrFt46q317DxpwPqPvmXmvKe4/t7nmXbvK0x74E2mzX+TqQtFXPIyOkueZ8qSZ5my+FWmLJXi7xsTURGAX/lbOmjlTOAXJwTgBc8o5wBLZPpnKQBft+AJrpfir+AG3ce5SffRqzwy4QZe8DC3L3qEOxY/yqwlj3Hn0nXMWvYUd654ltmrX+aeh1/h7jWvc9c11r4p6q9y98PPM/uhZ5mz+knmPLiG+1esZMHypSx/cBlr1zzIh+/9nmAvZ5rKCqjMjKcuI5wMXwuCzA4RbnGUcNNjRJkdJ9len1RHI1KcjEkUMcHZmFQPS9Ldzcn0MCfby5IcT4GHhYIi/Mq6p9mEKKw4g82UcdneduR425Pn40CBj50i/hb7SQHY5h8FYC8TyjxNKPeS7l8LgRR/zajylUgB2BCN11m64x34viiAnyrCyHbYR8y5L0g2/pokwy9INPicBP3PBJ8Tr/8FEac+Jvz0J0Se+UyM+5I4g69JNP6GTOtd5NrvocjlMOU+p6gPNaIl1oquVEd6s93py/NksNiPkbJgxirDGK+K4mJtEpcESqxJETGF83UpjNekipjOhfpMLjZmc6kph0steZzvKmCsp4QLvbVc7GvlUm83F3t6+GFgiJHWerg0wE89ZQxWR9JV7EGi1wEas7zpKY+FwUp+7CvnQreY313KSFsRw62FDDbn0t+QRV9tGj1iD0P1aQzWJjJQGUd/RSx95TH0aSLpLgmjqygErUIwnQX+tGd705bhRke6E91pjnQk2tIq7rk5wpRqv9Pk2nynnNebov8lKWe/IMfwGwottpNvvYMcm22KwJ4vKLTdTpH9dspd9lHmtIc8m11kW+8m3Wo3Gdb7yXM+Kt7nCQrdJmJdsCG9SY5cyPNlRFx/MNmJvng7euNsFfpiLBiM06PZdydl9l9S6bSF9oAD9EecFpylL+ycwICeUH16gg3QBhnQGaxHU+ApRQCWLuBy9wOUOu+jyGEP9f4nlHaZJlrjvocSlx0UOW0lz26T2OdXpFt8QYrp5yQZy8/NRlJMvhHxGxKMNgtEFPUk8RySzUXdZKNCovkWkiy3kSKeUar43GQ4HyTd5QgZrsfIdDsuvhOnyPA6Q6afMZkB5uQEW5MXbEduiAPZwfZkhziTE+ouohtZwR4CL1H2EW1+FMeEUZ0aK76LCTTkJNOQm0JNZgLlqZFUSBdwRpT4rkZRnRNLfX4CrYVx1GYEK9RnR1CVGSoIp6lowiFclR1DhRivyYxR0kK3V+TQUpJGpyab3mrp7C1AWzVxXm+fdAFX5ZIa5EyC+F62FCaJvgKaK8tprq2lvb6OjsZqOurL6agtpqMmj+66PHrrs+gRn0FtTTK94vsg/9FBX3UynWWxtBVF0VoQSUte2KS/AZPR3dzAQGcbI/09DA8NMD4+zoXvrzD6w0/0Xv6J5NI6Dtm48+ddZ3h101Fe2nyap74+xYr39rPuq9O8utOAz029OBqYwZmIXE6E5nAiPJsz0YWcji3gWGQep5OKOZus4UxKKUa5ddhXduJc24ddeQ/GOZ3op3YpWOYP41J5Bbfan3CsuIxF0Sh2pRexLr0gymOY5A1hnDuImWyv+AHnup/FWufxaL6Cbzt4t/2EZ/OPSpR1n/afcW+8otRltCobwDivG8vSflzqLuHZ8gNerT+KdS4ofRJZlm1ujZexKR9S1pZ1p6oxTPO6sCkdwK/tZ7yarmBZ2I1n3SgOJZ04lmsJbL9EaPcPuFb3Y1XUgU1JF7alPTjXDCsCsIzmxVr0s1s4l9WMYW6b2OOP4hqXsa+a6LMs7VWEXee6cewqxf3md2BR0iP21odpoXhOV+dK97BZUTeONePKnt3E/bg2XMK9/rISJ3vXKioqKioqKioqvy4m+6OQisq/Cyk6tre3/+fxuyoAT9Z3VcT1+6VtQvB9yyRDqfvtkEKu3z/0/bLWP8z1Y4ci+l4dq/S9hUmG7PvPowrAKioqKioq/5v8SwLw9Lvv5KY593DzfXOYed+9zLjnbqbdeafgbqbeeRdT7pjFlNvuEMxCRzBt5kxunXULN902k6kzpjN3yRJef/dP/HHDFzyz/vfc9sAipt1+H9PuuE+sNZ+7Fy1j+arFLF56PwsWP8D1N03ntnvv5tZ77+WW++Zy21xdrrtVXOeG28QeFrLk0WdY+sTT3L5wCXcteYjlT/+WWxY8zfV3r2P63FfQue9ldOa+hs6CV5iqK5290tErkILvUukAfvMfRWCBFIAVrjmBdZ9DR1eKwBPn//6jAPwEN+hOcKPuY78gnc63LHyE2xdJ5+/j3LnsSe5e+TT3rHqO2atf4O6HXuauh19VxN9Za97kjrVvcefaN7hr7Sui/UXR/yx3Pfg4d69Ywz1LlnP/0mUsW72a5"
11908 [Forwarding screenshot on session b1310904-d161-49ca-a1a6-530fba7baea8 to remote] DEBUG org.apache.http.wire  - http-outgoing-47 << "SuWse7RtWzf+BUhHs6UJksXYSx16ZGkelkRbHKcCItTRJifJN7OgGRnMxKcTYlxNCbBxYwUN3PSPaUAbK2QddXxmyfKuVIU9rAg28NMRDNRN1dE4WwvG3K87cj1saXQ154iKf7621LqZ0OprxWlPhaUeZuh8TGjQuItxV8LKr3N/0EArvI1odLXkJoAY0ayvBnIcKM+xFARcqWTM9tqKxkWW0g320LaVTIstpKmuDq/Jdl0ywQmm0k3/YY0k69JM/qKZMMvlDS/icZfKSSI9mSLb0i3206Oy14KPA5S7H2MioBzVAUbURduTnOsDW2JDnSmONOZ6kp3ujv9Ob4MFwVxXhPOxapoLjYlc74ti0sdhVzuKudyZy2XOxq40tkoqIXeKi41pDCiCWSg2JV8/8M0JtujLQjg585svm/NYqwxjeG61L8jheHaZEZrEwUJDIvrDGki6S+VaaxD6SkKpjvPl65cH7pyfOjIdKc1zZmmFHsa4q2pjTKh3P8kRW77ybTbRoK43zj9z5T7TxflLJNN5IvnVWK9g3Lb76iw302J0wEKJDKls8MuCux3KBQ57KTYaa9ytm+l71nxLsxojbKnPd6JTvFsBrI9uFDoz/l8P4Yy3OkRbYOpzgwkOTIgyyIOSRJsGIjTI9/yE8IPvUaO6cdoQ48xEH2W3vAz9IbpoQ3RoytQjw6/s7T5nlHSQTf4HVfOB67xFvhIJ/BRxQlc7LybIsdd5DnsIMduK1k2m8m03kSaxZekmkvxV7xvky9JFvebIu43yWiTuP9vSDLdSrL5NvHut5P095hvJ9FyB0nW35Fks4dEu32kOBwixfEoqS4nSXc7I74TeqR7ie+LhwmpPtak+dqKOEF6gBNZwW7khHiSF+ZLUWQQZXHhVCRFU5kYSVVSJA0ZcdSmRVOdIuqpkVSmRFCXGUNtVgxVGVFUpIajSQ2jPF3MSwlEk+hLVVogdVnh1GSEUpsdSW6UB1mRblRkRChicGNBgiIYN5Zl01xdSkNlEXUledSX5tNaVUJ3fTntlQUMNMkUzyV0VeUr4m+noKO+go6GKrobK+lpLKO/sYjB+hzGmzIYrROfu/IwBktkGnVnmpPMqI86S03QEfKdtxFv8gnBJ/6A597XJ/0NmIyLIyMM9GjRarWMXbzE90D/91cIy85jv6UDb27exZMfb+H1rSf57T4zXttlwZMb9Vn2/lGe2mTEond2sOK93Tz+xXH+cMyJE2FFeFQO41Ck5UhYIZ/ZhvOlUzRbvVM4FF2MXmYD+rnNnEyr4WCcBtOCPk4lt3MktpEzqZ2YFQxjWTyGce6AGKvlQHQ9h0Tf0YQWjie1cSa9GyMxxqH6BzyaUYRcKfQGasG/a0IEvibgSnFUtgX1oAi5JgXdnEyp52xGM6aFWixK+pSxdpUjGOd3KVhrpLP2vFh/TBGE5XwpBBtlt2NR2INz9bjiGpbRtWYM89wWziWVcy61UkkH7VYzgE1xO0ZZDQrWpVpF+PVuuYRfuxSTryiCr4x+nT8rIrAUdqWYK7EpHxD7HlVE31OpdWK/teKeG5R4KFbDwZgy8RyqfxGQpSAsU0GbyPsp68VW3ItD7eik71pFRUVFRUVFReXXxWR/FFJR+XchRce2trb/PL7b0V1vTPokfenG69Hd7vt/afNlu+56jNP/qe/aWunGrNfdjq/S989j/8+5/0lUAVhFRUVFReV/k39JAL59zq3ccvdMZt55EzfNuokb77yZm+68lRtm3cb0O25l2m23onPrLYLbRfkOpt9+i+AGZtxxE1PFGJ3bb2PKbaLvzjnccP9CdGbPZ8q9i5gyZwG3PfQEf9l/FCsvd77c9g0HTh5hw6YvxPXu4MY7bufGu+7htnmLWPbES6x66R0ef/tzHvvdl6x548888vrveOZ3H/LU2xuYueBJcY3VXP/A82Ld55hy34tMmfsSOvMEC6Sr94UJ4Xf5W0xZ8Rt0VqxXmLJcisHyTODX/+YEVkTg5xUBWIq/fy8AT4jA8hzgJ5ixcB0zFCF4whF848LHuWXRY9y2+HHuWCrP/F3HnAefZs6qZ0V8hntWPc9dq19SROBZigi8nrvWvsE9j7zO3Wte4a6HXmDWg09xx/JHuWvpw8zSXcYd981nwdLlLFmynNUrV/H6iy+wZ/OXeNoYo0mLpTYjHk10EMmulkRZ6xNrZ0S8kxlxzmbEuIgo2hNcLUh2tyTD04YML1syRcwWMcdbRmuyPa1+cQPneUmsyPK0JsfL5qoAPOH+LfO3o9THijIfS8q8zSn3luKvOZW+5lT5WAisJqKoV/uZKdQGmAtMKXE/TXuMHY1h5nTF2ZPvfIgil4MUOe+nUOIk44GJNoEsF4i2fMd9Six0kk7R7yi2306R3XYKbbdRaCfZToGI+XbSLbqVXIVtorxNxO2iXZ5xu5s8h93kO+wV6+0lz2kvxW6HKHY/RKn3USr8TlIVdJrqED0qw42piLagOs6BhmRPmtMCaM0Moz0rnIGSOPplKuZsd7oz7OjNtKQq7ASNMSZ0pzvxfXUkFyojGKuMYqRCUB7JkCaCwZJQ+osC6Svwpy/PV+BNX67ES6En24PONCdaEm2pixbPNViPQu9jZLnuJ8VmO/Fmm4gx+IwovU+IM/yM8NMfEnXmY3GPMi3yLvFMxHOx26lQYiui7S4yrfeQYX+QfNcjlPuepCH4DK0R+mjjzRhOd2A8y43RLC/O5wVyoSCM84WhjBYEMpznx2C2FwOZngyL/lFRHkp3YzjNlVHB+Qx3xmQ5xZ6BOAOq3LaRY/4JFc7f0hNxioGYc/RFCSIN6Ak3oDtEn47Ac7T5n6XF/zT1PkepdDtAqeNuJfV3jvVW0uX5vYJUcZ/JZhsFX5NkKs/u/ZJ4k89JMPlCIdlEnu8r2agIwEnGW0gx206yxQ4SrXaSYLmDBIudoryLRMs9Iu4hyWYfSXaHSLQ/QpLDcZIcT5DkcpoU13OkuhuQ6mFEqrc1aX6OZAa6kBPiTn64F0VRfpTFBVOeEIImPlTEMCoSw6lKiqA6KZTqxCCq4gMoi/ZBE+sn2oPEmADywtwoiPSkULRLimJ8KRHtFSlBIvpRGOtFYYwnJfE+igicGmBLnPge5Ue7UyM+Z0qq6NwoagrTqNAUU1ddQb2kspSm6lI66jR01pbQWZXPYJOGkZYyhhuLGe+soKcyna6yeFrzwmlI96Y6wZ6qKDMKfY6QbrdZfHbeJ/r020QcfZ2gfc8QvPMhQrcuIWjjfPy/fAC/L+4X3Dfpb8BkaLW9/ARKqufabi1mXt588N1eXv7yG176ZgfPbd7DWwcN+IuRJy/uNmfNF2d57BszVnx8jhUfnuWJLw156ONjLH53D0ve28/zO8zZaJ+AYVorbjUXOZ3cwKGYSo4n1mFa1It11ShmZQMYFmoxKuzDpf5HLEpGMMztxaRgALMiWe7nTHoXx1Pbcaz/CZuqy5iXjWNSPIJZ6RjmmvNYV14S7RexqRjBoXpEccy6NV5UhFWJdNRKl6wUSk0KOhWkWCpFVjlOiq/ebT/gWHteEU2tNINirWEcasaVNikCS6Q4LIVj/ew2sa8OjHM6MMhsxSS3E7uyfnybLuBRN4RXwwhBHZcJ6f4Jn+YLuNUO41ozpJz5a5jdhGlex8TZwSU9isvXtmJQ2aNylnD16C8pqGXqaZmCWp47bF8+iEPFkIJ1SS/mBV1KSmp5LrEcI4Vt0+JuTEq7xDPtxbKyD6vKQSVO9q5VVFRUVFRUVFR+XfzzH4RUVP6dSNGxtbX1P89VAThtkr60q2LvP7T/Mv6qiCv+X/Qfxl9bK+2qAKz0/fNYWddlu++1+n8WVQBWUVFRUVH53+RfEoCfenIhq1fNZv78m7nnnmnccYcON9+qww0zpzLjpqlcf6PkOlG+gRtuuVG0X8/0m3SYfss0brrrFm65726mz7mLKbPuQGf2bKbcLdNFzxLxbqbdfy8PvfQ0+/d8wf7vPuXo0V0cPnOS6+65H505S9CZtYjbV7/I8+9t5vk/SAfxB7zxxw08/db7rHrxHWaveo6Z8x/h+vvWcv3cdejcv44pc55iyn3PMeX+F9GZ+zJT57+Gju7r6"
11908 [Forwarding screenshot on session b1310904-d161-49ca-a1a6-530fba7baea8 to remote] DEBUG org.apache.http.wire  - http-outgoing-47 << "Cz/DVNW/hadB99GZ9XbTBVMW/VbrnvwLaatXM/UFW+gs/TViTTQC55DZ8FE+ud/FoAVEfjqecCKCCy4YdGT3LjwCW5b+qQi/iru36VPcM/yJ5i9Yt0EK5/iHikEK25gmQ76NWavfZ05a1/jnjWvctdDL3LHg09z+7InxBqPcveyR5it+yB3PbCIO2fPY968xax96FEeWfMwr734HN9+voFQF3vaCrOoSY6iKMybNC97Yhyk+9eMODcrgQ1xLpYkulmT6mlHmsTDlnQRM71tyfKyIdtbun2l2CuxVpDCcK7oyxdjiuS5v352lPqJ6G1JiZdM/WyKRlDubUqldPv6mFPtazmBnwU1/hIp/pqLKJ3ARtQGmtAYakFvkqty7qzG+wRlXico9TxOiccxhVJBoethilwPUSwocTtMqfsRNJ5HqfQ6TJX3ISo9JQep8DigpBHWuO6lTCDPkK0SbbXehxWhscH3GHVeR6kV1Pgcoc7nGLWircbvGFVirQovsQexjsZjPyXu+yh22yfiQYrcD5MvyHU7SrbLUbIEmS5HRP0I+R6HKRZzCt12i33toshlBwVOO0V5P7VBZyj3O01VsAFVoUZUhxsLTKiNNKMhyoymGDNaYy1oTbCkOdZSaasV48r9T4v1DpHtsJs06+2kWGwRyJTGG4nW/5Sw0x8SfuZj/A//CT+B5/7fE3r6Y0o8jyjjM6x3kGX7HflO+yiTZ+rK83ZjHGhJcqM7w4uhPG8uFPlxpdSXKyW+XC7y5lKhjIEihjCeH8ZYXgijhcEMFwYyIhjNDxDt0gnsz2iWJ6PpboykujCc7ER/vC3aSBP6YwwYiNVjIO4c/bHn6IvWV9q0EefoDDmrOH5r3A5Sar+LfMvt5FpsJUfcW4bJRuVs4hTjL0ky+oIEw89IEuWEq8SbSL5SYpxSFu1SEDaRqcAFhl8p7t9E4y1i/LdizFZiTbcRY75dsJNokx3EmOwS5b3EWR0g0fYoifbHSXPRI83NgAxPY7K8zcnysyLbX3ymo7zJj/CiMNKHivhgKhOClLayGF80sf4Ui3JBuBt5IS7kBjuTG2Qv5lmSIT7/GeJznxNoTbqIkfanyQ6wFeOcKAhzJT/UVUQ3CiI8yRDlnCgvCuJ8KU7wozTRn7JEP8qT/ChL8KImxY+WnDA6CyLRlsTRqUmluTyTjqo8umvz6a3LY7QpnyttRVxpzWWsMoHuHH9qosX31PMkiTY7STb/mjjDjwg/+Q5++1/Bffs6XDc/jP+OxwjcsYagb1cSvGUp4VuXEL1jObFb5xHz9R3ECmK+uo2oL28l/POZk/4GTMaFv0JyQTl7zprwxoaNvPr5Zt7ZdYS3957khW1H+MDIldeOWAgceeY7K57aaSeiC6u/tOCRTVY8u82G1Z+cZNXHJ3j9gBMb7ZPYH1zK6YRGTHJ6Mczp4XBsHfujqjmV0YFeXg+nsjoxLBzCuflnHOt/wLb6Es51P+DdCQHd4NEGbo2CFrDQnMcgf0DM7eJ0ZjdGYp5sk4KwcdEgp9KaOJ3ehH5OuyLkyvkRQxPpn6WDV7p8pdhqWzGsuGul+zZsAIJ7wbXhgtImBWT3Jukklumjf1DKcpwse7Z8T+w4JF6Sa/6IY+WwItSGiOsEdf6EW/UQ7rWDSipo9xp5JnEvFgVtGGc3Y5TVhFv9mHKWsFPViCLoSgHXWtOPnWZI2ZNvx18V7KtGOSPu40RynbJn6WCWKapl2bxAi35GC6eTaxUBWgrGHg2XlVTRtlVDWAtsa0awqx1VkPXJ3rWKioqKioqKisqvi8n+KKSi8u/i1yoA/61NFYBVVFRUVFRUft38SwLwx+8+wnu/XcU7ry9n/UuLeWHdXB5bdQ+L5t7IvNk3MmfWdGbdMo2ZM6YyfeoUbrhOh1tnzmDmTTOYNm0aOtdfz5SZN6Nz64QTWGfmTKbeOIMZd9/OjDtvYcZNOnzzwQt4mu9nzfL53HH3rdxy3zx07lnIlHtXMeXWxUy5eYGYP48bbn+A6Tfdic6Me5hy+1Km3LOaqXMeYsqdy0V9mRj/CFPmPCbiNRH4FabOewMd3TeZsnTC/auIwKt+p4jAigC86jcKigi8/LUJB7Du8+gsmNwBfI2/CcBPcuPipxRuXfY0dyx9kjuXPs5dSx/j7iWPcPfSNdy77FFmL3tMEYKvicD3PPQycx5+hXsffpXZMj306heZ9eCz3LH8SW5f/Bi3667hjnkrufOBpcxf/BALdB/k9tvv5f55i1j90FoeWrGS3730Enp7dpIT4kd9agwFIZ4kuFgS62ROnJs1MW42xLvbkuLlSJqPE2neDqR62StCcYYg08tWOe8319eOfD978nxtBTbketuQ522rnP9b6GND8S9n/5oLrp39a4TGy5gKbxPF+SvF3xo/K2r8LakNkFgoVPoY0xJuS02AKe3Rdozn+NMQYkp1wDkq/c6i8T6piL9FbkcU8bfS7wwVvqfEuico9zouENFH4HucCr8TimO30l8gy6KtWsTGoNM0Bp6iOeC0Qqugxf8UTWJskxjbHCAIFH3BE7SGnqU57CxNoWdoDDlNfcgJ6oNP0CLWaAk4RZ2fWNf7COXeh8Q9HhR7PEiJ5z6q/A5R6Svq7rvRuOxE47yNPMuvyLXcSK71t6SYfEWaxWZSzDcTa7yReEGCTFlsspFk069JNdtIutVW0qy2C7aRIQVcUU8V4zMtN5Njs1Wss5UCmcraegtxZz/G78AfcN79ezwOvofP8Y9wP/w+3iLGmG2lNECPqghTWpPtFSfxYIE/g4VBjGriGKtM4kJVIperYvi+Mowr5YFok63FszxGbZA+I1meigB8viCMiyVRDBeEMCzmDuUHMJTrR3+mJ/3p7gykujCQ7MRwirPi/h1Lc2E0xYELGbYMJRjRHX6WjhDxfP2PUOGym0JxD3mWW8gx20yGsbhn/S9I0vtcIVn/cxL1PlVIMhRtRqIuUITfq8QZfU2cmBdn/BVRRl8IPifG8DNiDb5QkOdEx+l9SfTZr4gUhOt9TbjRZiLNdhBntY8U+2OkOhwn3ekMWW765IrPaq6vBcUh9pSEOlIS5kJphBulkZ6Kg7c8zp9CUc4NdSUvxJmsQHsSPYyJddEXnCPG5ayIZ4hzPUOC21kSRTnJ5SQpridJ8zhLuuc5wi0P4nhsE/HOeqSKuZlSXA6wJzfIUVk3J8qbbHGtHEFJYhD1udE050fTVhhDa244nfkR9BZH0yPeRVduMAPF4ZyvjmWsPIK+bE9qwgzJst1OzJkPCNj7BqF7X8V/6xMEbnmUoC1r8fpiCcFf6xL2zXwitugSvVWX2O26JOxYSMyWuSRum0/KzoUkb59H/OY5xHx9F3GbZpGwRXIHMRtvJfTzGwjccP2kvwGT8dVxSz7cq89vNh3h5S/288rGI6zfocfvDljwzlFH1h9y5I0jrjy324FHNlvy9G5X1p8J56XDAaz62pw5b+/gdyddMUhuxL36Ao5lIxhltqOX0oReaiv6Wd0cS2jkQHQdx1LaOJUp6qntHIhvYn9sPQdj6tHP7sWm7AIWJWNKGuhjiS3oZ/ZgrZEC7UXsKi8rZdPCYYzzB5VxthWXBBdwbwVbcV3jon4F6Qi2rx7HsmwQw7wujAu0ojyAU80FXOovKumbHcQYKcDaaQZwrBjAtrQbs7wWzqZVcyJRg15WHbaVvXi1X8Kv+we8RXRrGsO1bhjnqgEFKfj6t1zCUdOLU2U/rjUjon0ImxItFgUdom0Y/7YfFZewc+UYLlXjOGiGsS7qwyy/G/20Fo7G17A7spzvIjWcy9fi3g5+0tnbD5EjEDEMzvWX8Gr5icBulDTXHg3fYyvuzbZsCNfaC8r5v/bVY1iXD2Fe0odpUY+SDnqyd62ioqKioqKiovLrYrI/Cqmo/LuQomNLS8t/Hp9t6K43InWyvlQj1uuuxyj1WlsqRut1WW+UqtR9tumiu83nap8P2+Q5v9fWUuZuw+eXvr9fZ2LsNp9r9f8sqgCsoqKioqLyv8m/JABveGc1H769ko9+t4rP3n2Uz/7wGB/+Zg3vr1/Ln19/hD+8vIa3nl7Ji2sXsm7FAzy0cB7z77mXW66/i"
11908 [Forwarding screenshot on session b1310904-d161-49ca-a1a6-530fba7baea8 to remote] DEBUG org.apache.http.wire  - http-outgoing-47 << "ZnTb2bG9bcw7bpbmH7jHUydfgvX3TCTmTffyozp13PLzBu4ebqOuMbT2Ort4NFl93HXraL9lhnMvP02pt1yJ9ffcT86t9zH9bMWcv2di0VcxPX3PIjOnIeZcufKCfH33tVMEW1TZos4W7TPflTUnxRjXuC6+15n2rw3maIrz/yVZ/+uZ8qyt9BZLpGpoEUUTFXSQss00XLMq+gseu4XAXjqgnVMW/DEP6C4gBc+qQjANygC8JPMXPQ4ty56jNsXPcKdSx7hniVrmb1kDXMkS9dy7/LHmbPyKWbLtNCrX2DOQy9y70MvMXv1i4oofNeDzzFrxTOKi3jWksfE3EeZNXcFs+Ys4d77ljN3wYPcq7uC+xYs4f4HFrBuzSO8+fRTOJ07Raa/Oxk+LqR6OpDsYU+ipyPJvq6k+ruRGeBBdqCniK5k+DoJHMVYB9KlC9jXnlx/R/IVHMj3daDAx14RfwtkCmiJt7XAkjI/azS+Vmi8zRUHsMbbhApved6vdP5aU+NvTW2AxIq6QBEDrajwMaElwp66IAtqAk35vjic8dwAxgsDGM33YyTXR+DFsEDGvjRnelMd0SY70J1k/wtNsRY0xJjTGGdBk6A5xoymKFMaI0xoDDOhKcyI5lBjWv6O+iADGoIFIfo0hhqIMfo0hevTHGFAc6QgSmJES4wRrTHGdEYY0hWqR3vIGVpCTon1TtIcdlLMP0pDqCD4CFXee6j3PUCN5x4qXXZQ4bSNatfvqPHYR7H9Dkqcd5Nvt4M82+8EO8i12UaO1RZyLDeRY7GJdFMpBm8k1ewbsqxk6mp5Pu9OCmU6Z6fdlDrtodRlj+jbTPDhd3Hcvh7fU58TYb6TZKfDFAQY0JLmzkhZBCOaSIbLZcrpaEYqYxipimOkOoHByhSGKtMYrU7mQnU85ysjuKAJojHahATzzWQ77mckx5tLRaEMZPiL9yCieCcDOf4KQzm+4l34Mp7ny6UCP8Yy3ehPsKM7ypzWEPEc/U+hEfsssP2WbPONZJh8SarhZySc/USwgUS9zwQToq/Cuc9I0hdtgjgxJvbMx8Se/ZgYQdSZD4nR36C4naNEf+Q5ca8KnxGit4FgMSbk9MeEC6L0PiXe4AuSjKXIvp10G/GcnA6R63GKfJ9zFPoaU+JrQamf+KyKz195sB2VYU5URrpQHGRPfoAtmeJznORqTIyDPpF2Zwm2PEaQ1VECLQ7ia7JXIdj6ECHWBwm22keQ5V7Rv0eU94i2vYTb7ifa/gDRdvuJEPVYhyMkupwmwfm0+C6ZUyiuUxbhRkWUF1UxvlTF+VOXFamIvk35MXSWJNJTGk9Duj/lMU4Uh5qL7905cjxOkGC9m9BzGwk68i6+257C7YtVuH++Av+vVxKyaTmhXy8k8qt5xH51P/Ff3EXKl3eSselOsrfcTc63s8jZNovc7aIuYvq3t5HyzS2kb7lDxNtJ+PpWEjbeStLm2wV3EL/1LmK/u5e4XfcTt1ust3cuaUcXT/obMBnrPtrLM58e5OWNJ1i/3YDf77Pij0ccefe4K++e8OS1/c68cdiTt44H8NqxAJ78zpUlnxkz+08nufudA7xxxJldPumYZ7VxPKacTywj+MAshMOR5YpYeTKhgW3+hWxwTOYzt0y2BWkU8fdEehf6uQOcSG7jbFqXcuavFIGdqn/AseoK1qXnMc0fUsq2movYV1zGueZHJcpzgs0LR7Cv+h6nhh+xrr6IWemI4gg2KR7AtGQQi9IhBae6izjWXsChahwbzTCWRTKVshar4j5FnLUqaMdZo1XSOLvWDojrdmCYXceZjCpOZVRyMr2C48llHIsv5nhCCaeTNcp5v6aZdcr5v1IIdqmWzt9+Rfw1z+/ELK9D1Afxaf4et5oLeDdewa/lJ3ybfxT8hH/rX5XoXn8ZhzpxP+Vj2NaJse1gX38Fy8rzWJaPKvdhUzHG2cx2RSw2yO4Qe7yIb+vPE3MrRgnoQsG/E3za/oq7uJYUuyd71yoqKioqKioqKr8uJvujkIrKvwspOjY3N//n8d6GrhRu/4n1hilKf4rh+n/sW29Iyi/zUzBcf61vPdu2SQfw1f4UQ0UA9lbGeSsCsGHKtXmyrss272v1/yyqAKyioqKiovK/yb8kAK9YOZ8nn17Nb3/zHH957zU+ee8VNvzxOT5750k2/fFJNr/zKJvfXs2OP6xh73uPs/P9Z/n2/VcEb7Dxvdf5/cuPs2LBPdx2w1Rumj6N6dOmcsOM65h+/TQRr2eGzhSeX3k/Vsc2sWbxXG6beR03zLyJGbfeybRb53Dd7XOZcvP96Ny+gCmzljLllkVMuVWXKXeLePdi0SbKd4l493LBg+jc+SDX3b2W6Xc/zvRZ65gx62lRfp7r7nuJaXNf4br5r3L9gte4ftEbTFv8JjqCKYvXXxWGf8MUmSp62Vui7UWm6j6Fju6T6CxYJ3hiAl3BwnVMWzjhAL5R1GeK8syFj3LLoke4deFablu4hjsWreVOwd2LH2HOsseZLdNBL1/H7Aef4e5VzzBLxodeYPaal7jn4RdF+UXufPAF7lj5DHcse4o7ljwu5j/C3bqrmT1vBXPmLuPeeUuYvWApd89dxIKlq9BdvII1qx7C6txZMkJ8yfBzJS/AnWwp+vp7kRnkQ16oD/mhHuQEuJAd4EROoBNZ/g5k+dqR5WdPtp8DOX5O5Pm7ki/mFgoK/Jwn8HWkSFDo60CRjx2l/o5oxHiNmFfuZ0eFv63AnooAB8oDHagItKdSxKogQbCM9lQH2tIY7kyNiFUBVgxkBHK5NJrhokAGi/wZLPBjoMCXgXyfv1HgrTAo2ocKfQS+jJb4ijmeAm8ulAcqguZ4WbAgnLGySMY00YyXx3G+IpHzlcmcr05lWFKVzHBFPP1iXI+4XneeJ21ZTgqtmU7UxFtTk2hHZZw1FRGmVIWbCMyojrRUUuzWxdpQE2VBfYwZ9VGG4p6O0hZ9mqawQ5S5baPSbTe1Xoeo9z1OpUxV7XmcCo9jlLkeQeN6mHKXA5Q77qHMficlNtsosd9BscMOChx2kmu7nRwpFjvuJddpH1kO+8h0Okie10mqIszpyvSgvSiYAU0kF2oTOC+41JDMeE0CYzVJDFfGMVAey0BFHENVSQxWJwtSGarLYaA2T5Qzxf2nKmMvirl9+X7iPmxoSbBnpCCAC8UhjOUHcb4whEuF4VwuiuByYRgjmd60RVlR6XuaArH3fLF36XDOMv+aNGPp5P2EpDOfknxGlM9+RrLeBpIURF3vK9G3kYSTG4k/8RVxxz8TfETkyb8QdOovhAgiTn9ItKhHHX+P8GN/JOT4nwg9I/pPvk/A8fcJPvEhISc/JkDEwNMfEar3KXEmG8my+45i94NU+UuX+GnK/fWoCjWhLNCEIn8jSnytKPGwpdTTijxnQ9KsjxFvupdok90EndlK0LkdBBl+h7/hdjzPbcL59Kd4ij1763+Bj+FXeBt8jfOpz7A49CF2p77E1XArHqa78DDbI9iHl+UhAp1PEBco1o40JzvGjoI4J8qSPKlNC6AhLYSmlFDa0qLozohHm5lIT3o0Zb76ZNrvFvf+Ma4738Jx8ws4bnwCx68fwvXrFThuWIDTR/Nx+mABfp+vxveTJQRumE/4FwsJ+Og+4jctJuaruQJR3jibpE13kvrN7aRvuYW0zTeJ+g0kbZ5F7Ne3E/nlLUR9fSuxW24nceddpO+bQ+bh+yk4s5Bi/SWCRVRZrKTO7iGqbR4UrKTSegUay6WUmC2a9DdgMl7edIqXt5zh1a16vLrNgFd3GvHaLjPe3G/D+kNOSlrnJ7da8eQ2G1485MlTu51Y/qUJj2xz4O1zIezwzuJkTIn4H+c6TsRqOBBayJnkWtxrLxI7AsfiqvnWN5dPHJLY4JLKZv8i9kTVcCihSXEESzfvuQwtR2IbFfTSu7EsHlOEXofK7xVkXUafVnCr/6siFhvl9ONQfUVJHy2xrrygiMCGBb3K2cJWmhEcai7iWH0eZ7EX14ZLvziAHStHlVTO0qXrVN6HT/0YwR0/ENT5A55N4+Jacn63gkvDCE51QzjXDIprj+DXeonQrp+I6oFw7V8VAdizYQzfl"
11908 [Forwarding screenshot on session b1310904-d161-49ca-a1a6-530fba7baea8 to remote] DEBUG org.apache.http.wire  - http-outgoing-47 << "osEtH+PV+MFRQy2Lu7BpqQXl+pR0XZJEYB9mn5QxGCvhu9xqTqvuHgV93LJAJaVYziKPikIuzb/RIAWBbl/KV5LbMtHsCiUAnYPjuWjihAsU0fL+/JovqKkjJb36VgzPum7VlFRUVFRUVFR+XUx2R+FVFT+XUjRsamp6f9XJEuxeJv3pH3/zagCsIqKioqKyv8m/5IAPPfJ9dy1+jlmLljFTfcvZP6Klax7+nHe+d2LfPTuC3zy20fZ8PoKvvn9Kva8v5bDnz3Boc8fZ9df1rB3wxOc2v4mlqc+xfbcZo599x7v/+4JFt5/A3Pu1OGu26dw98wpvL7sVqz2f8Tjix7g1pt0mDHzJqbefAdTbrjKzLuYcuu9TLl9HlPuWsqUO+cyZdY9TL3zPqbd+QA6s0T77fOZctuCqymjxZibloh5K5g+6xFuue8ZZty1jul3PcWM2aJ873PMuP8Frp/7ElPnv4TO/FeYoivP/32dKYvfmHAKL3oBHd11TFnwuOCxCXQFC59AZ5F0AD/BDbqPc7Puo9y2QLKGWxc+rCAF4NsFs6QTeNGj3LNsncJdy5/izpVPM2vVM9z+4NPc+dAL3LX2FRFf4o6HXmSWTAN9LRX00msC8CruWbCCe+cv4775S5iju5g754n3sHINcxYsY+WqteidOE5BfAQ5wZ4Uh3pTGOJLfnAAuaFBxLlY054TB9/3cbm7ivJYb3IDHCiJ8BBjXMj1dyFb4udOXoAPBYECf3cK/d0Erkos9nNVKBXlUjG2LMAVjb8z5QEuCppA0RYkYrBoE1SEuAicqAh2olJQH+5KjahXBtrTmejLpfIEhjWhDGqCGCgLpL80gL4Sf3qL/ZQo67JdIscMijhS5sdYqTdtqdbUxpjSm+fFhZpoRqvjGKxKYOD/Ye+vg7PKtr1tOASHAMHd3d3dpXEaaBqaBlpowR1C8ARCEkLc3d3d3d09IQQSCARv39c712Lvc/bzvLxV31e7TtXZ59x/XDWmz7nmupO76v7VGKM4mpbSeFrKU3lRkc6zykyeVGbTXJPDi/pMXj1K4XV9PG/qovmtMY5fH8fyZ3MyHxoS+a0pgz+f5/LXs0x+f5rKu7oUWsriacyLoi4tlOpEP5pzgqiIFM8UcI+KkDsU+54jzuQIOXaXqPC6K4evLvG4R47jTdJtrpLrcFtwgzw7dVkEzjE7R5bJKZKk8MjGx0kxP02K1XnS7K6S7XaH6kgLXuT686Eqnt/q0/hQK+V9TeJNZQK/1Ijnyg+iNsWNlsIQXhSG0ZQTyPvqRN5UxNNaGktLSSzNhVE05obzoiRR1JN4XhhHc24ET7ICeZrmw5v8YH4rCRf378/bLC9epbryIsGOpghLKjwfkGN7kyTjC8Q/PEmM7k9Ean9HrBS6WucIMdpfE3lvP2Gaewi5tZtIjUNE3j5M2O0DhNz8guAbewi8/gWeF3bjcf4LAtUOE3LtCAFXv8Tz3BacL23F5c4XOF/fjfPFbbiJNs/zAlF2vrgFjxu78dL4koB7h4jW+4l4w1PiLm+Q5XSDTMfrZDmok+34kSx7dbktyVKNSHHeCONLBD48L+afwufmGdyv/oTTpYM4XhD7XdqH69UD+Nz6AWf1b7G9/DVWagexun4A65sHcLx1GKsrX2J2cS9W6gdxuvcTbrqn8TC4iLfpdYJt7xLjYUh6iB1FiT4UJnqSHW1PYYILZYlulMU7UxplT1mYrfi8G5FodgOf60cx/nYr1zfP5dSiYWhsGIzu1sEY7RqJ+a4RmO8cjOV2VZz2dMNrvwouO9vgulUZ5w1tCdzVD4+t3Qk5OIDQQwNx29EZ/wO9CPuuP0HfSCGb++D3TWfcv1LC+3AbQk90JOZCT5JvjCZVYxI5ujMoMp5DqcU8Sq3nUeeylErHeRTbTafYfhq5VuPJMh9NvuU4SizHU2IxQbbF5uPIMxr1ye+AT/G5ujk71M3YftWUXTes+VLLmW8M/PjBPJyfrKL5yiCIlRctmfWTHovOmLLonAWzTxqx/IoD+w1DuB1SyO3gHBmNsEJ0YivQTazldngx5zzTueyXw+WAPK4EF3MjqoY7cY+4Fl0jh38+61vItzaJnPMp/BjyOeet7AUsCb6Sh69+5ivZC1gqSwKwfSWyF7DULmFR8ivmxZIXrSScfhSDJc9Z/TwpDPQ7rCt+wbrsg4wUKtmy9C1WxW9kEdi27C0OFe9xLH+LZ+0vsqjr9fgPWeB1rH6LY917XB//Jou/FqUtsihsWfwc58q3sljsXf+bXLYpasE094kcQvpeXCk3wvJRF3chieAPUuqxE/u41PyGRz241f4lC8CSV7BJdgvaSY9wbAATcS7DojcYFLxEK+0pD3KeyeK1FMravwUcqv+QxV9JBHaURGRRtxHPZy6eUwoHbV78WhaBpeeT8gpLuY8/9a4VKFCgQIECBQoU/HvxqR+FFCj4r+J/ngD80at34/2oT/T990YhACtQoECBAgX/O/mXBOAeq3+i11rB6u9RXfIlXWdtpsuUFXSUxM7Rk+k7diIjJk9k5sLZrFy7mJ1bZvD93olc+HYe144t4/qx5aj/sAT1n5ejdX4T9y9s5vK3i7h7egOXjizkx61jOLdlBBYXtrJjwXBG9evGoL4q9OjRiZ69utClSzs6d2pLx87tUG7flvZdu9FDpRs9O3Sie/tOdG3fhc4du9Opa286dPvoMdy2z2ja9JuIUr8JKPUR9J5IG9WJom8ibXtOol2fKbTvO412/WbQrv9MlAfMpu2gubQbMo/2QxfQfvgC2g2fR9vhs1EeNhulYTNRGi4xizYjZtNu5Bw6CttFoDJiFt1HzPwoAI+cTjeBZKW66siZ9Bw1m16j59J77Hx6jVtIzwmL6DFJEoCXyKJvj2mrUJ22WtjVqE5dTS9he01eTi9JMB4zm36SB/CIiQwaPp7BI8YxcOQY+o0Yw9AJ02QBePykaZw+9jN5MRGk+bqS4+9GToAXWYF+ZAYHkxnoS5qPkxz6OcHVghRPK1I9bUj1siHd105YO5LdbUlyl7yEnUj1cCHd05kMTycyPBzI9HAkS9gsD3tyxJhcdzvyPGzJd7eRxd8CD2HFenliPUkA/ij+WlPoY02xrzVF3lbCWlHmL8a5mVAVaM8vBRE8z/TkWaY7zYKmDDea0t14KnkDZ3nwTCDZlmxPnst48CLHlbeFnhQF6xJhfYHSKFNel4XQWhpGa0U0LyrieFGVSEt1Ki01abTUZvGiPp/WhnxeP87hTUMabx4l8KYuhupMN+rEmu8bEvi1KYO3jel8eJLFh8YMmV+e5PLr0yJ+byrjr+Zy/va8jL+1FPGXGPuiwIPfqrz4q9qVTNdzVIXq8q7Ai5JgPV5kufEk2ZH6eFuqoiypCjejPMiAEh9t8ewaZDtdl/P2FvrrURNjxbMMcYaSMH6vT+Z9bRJvxfnf1aXxti6D1mrxDJWp4tmSxDNGkR9mRYSDJpWJbrytjOdDdSIvisQ9FoTzLD9cWKkcQXNeKC05IbzKDeZtfghv84J4ne1La5q7nNe3MdKC2sCHcnjsQin/suVl0szOkGR0nLiHPxLz4CjRut8RqX2EcK1D+N34Qsb32p6PSF671/cK9uBzfRde17bgqb4Rd7V1uF5Zj+vlzbhIou65LTid24TzhXW4qa3FSW0T1pe34XBFzFGXROSviL57hDid70mSvKCtz5Mk3qvkCZ1hdYVMiyvEG58nxugcMYZniHp4nDCdHwi69y2+dw7hor4P56v7cbt5GPurB7G+cgBbUbe6vBNbtZ04qO/E5fpu3K7tw+XqATyu/4DT5R+xv3QM52tn8bx7BR/tGwQ/0CFMX594CzOyXRwo9HKmwNNOfG5txXuzpsTXnGIvI3KctUm0uEbMwwtE3T1F0NXvcD2xE4uvl6O7fRIa6wZxa3kPNFZ0QWdNJ4w+64r5NhUstvVAb0NP9DcNxHjzUEw2DcZ0Y18sN/XAakMHHD5Txm5dGzw3d8ZlbWf8twzEbXM3vPZ0wXiVEhE/9CX21EDiz/Qn7lxf0q4NIV9rNFUmU6k1n0Gl6TTKzSZRbjueSsdxVLtOotp9MhUuEykW9QL7seTaj"
11908 [Forwarding screenshot on session b1310904-d161-49ca-a1a6-530fba7baea8 to remote] DEBUG org.apache.http.wire  - http-outgoing-47 << "ibXbhQ59qPJtB1Jus1Ism2mi3e/iExzgcUiUV5CjtWyT34HfIplx7VYckKL5ad12HDZlO237dip4cBn16xZddGEyYduMPnwbeYc02X9dQd26/rxpXEo39jEcdwlieP24dzwS0UvtgSDpGoMk2swSX+MeW4zFgUvuOCdyc2IMtlr1UQKdSx4mN3C/ZQmNOIbsK/6Gw7VYFP+Bw8zX3AzqobrEVXcT5bGv0VTjDHKfY1V6W+YFb7HtOCdPFaaZy2shGXFb/+BTeXvMpL4K+XPta34VfaSlcI+30+sE9Sgn9EoewDbl7/DtrgVt8oPeD36E49HYt3yN5jmN6Of3ShjU/HmI1Ko59JWXKo+4N3wF951f8jev3YlL7Erf4FDZSv2FVIo6CYMM6UQ0M9kb2DLwhY5P7Bt6ZuPHscCyStYygssibeaibVcjSpFPbqc61FlXA0v4V5yvSz4SiGrtVMeczehDl1hrYrf4tEAXo3gXgfOVX/g/wz8mj+2OVb9Ij+XUXbTJ9+1AgUKFChQoECBgn8vPvWjkAIF/1VIomNlZeW/MVFobfhH+Oe/c8zxE+P++6MQgBUoUKBAgYL/nfxLAnDHz27SYcM12q+5SPuVp2i34mc6LT9K5yVf03nBHjrO2kK7yatpM04KlzwLlWFDGDKsK+NG9WDaxL4snTucneuncWTXAk5+tZwLh1aidngF945tQvv4Jh4eW4Pxj7NxvLKOm98s4MT+RRzZu5Q92xeyee10Fs0azszxvZk8UoX+PZTo3FbQrp2w3ejaoQddO/WkU5fetO/cm3ZdetG+R1/aCJR69EGpp7C9+qHUe4CoD0JJdYjsRdym53Da9BolGCsYL5iIcu8ptOszgw79ZtFhwBzaD5pJ2yHTUB48DaXBU1EaMoU2Q0V92DTaD59Bx2Ez6DxspnjemXQfOpNuot51xDS6CLoOn043MeajMDxb2Nmojp5Hj7EL6SbuqbuU53fqcnrOWEvPWZvoM3crfedtpffsTfScthbVScvpNWExfcbOpd/o6QwYOYnBIyYyZOR4WQAeMGo8Q8dPZdCoiYyfOI39u/dQmpxARoAneYFeFIQEkBsaQk54JNkhQeQE+Qq8yQpwJ83XiWQvWxI9rAU2pHjZk+rtKKwzSR7OJLo7k+rpKpPm6UK6hwsZHk5kSgKwpwN5nvbke9pR4GlLoaeNTIG3LXk+os3HVqbQ15YiQYm/sD5WsghcEWhPnrsJZX7WvM0OpSXDm5ZMT1kIbskQSDZL1NM9ZGH0uUBql/szJQHYnVeF3tTEW5Htp0NVvC0tRYE8Lw6mqTiUpyURPC2LobkinqaqBJqrU3lenc2L6ixe1qTxsjqR1upYWquiSPLXJzvCQrTF8mtzDq2P0nnVkMn7p7n82lTAL01FfGgqE1Tw69Pyj0JwSxnNheG8LA2iPtWKR0lGxDudpTLWkD8eR9CU68rzIh9eV4byvl7sUxFOa3kYraUhtBYH0Froz0vB68po3tQk8lYSfAVvalN4XZPKm7oM3j3K4XV9Nq21gppsce5sXlWLs5XHUpPsQVagGY1Z/rwRz9mSH8x70f66KJKX+WG8yAumJTdI3JcfrWlutCba0RxtTl2gHmXuGhQ6XCPL8gKpRqdIeniMxAc/k6hzlLh73xCp+RWhml8QrLGHwDu7Cbj1Of439+B/6wt8r3+Bt/pe3C7vxvXCLlwErhc/x/niDpwubcHp8gYcLq/G4dJK7C+uEnadaNuM29UdeN3cif/dXQTr7CD04X6iTX4iwfQUqaanSRfnSHl4nDi9nwnV+Z6QBz/if/87/DWOEHTrCH7qB/G+cRjPG4fwvP4VHupf4i7O4X51j9h3h2gX57r1FfZXdmOrthf7a19ie+0LnO98idu9A7jf/Qovza8JvP89UQ9PEWeoRpLJLTKstcl3NqLIw4wiT1OyHB+S4aBLmvU9ksxuEPPgHMG3f8Dr4pc4H9+ClfhfZbpvPsa7Z6K/bTK6m8agvWYoWisHorNmAAYbBmK8sT/GG3pitLYrJms7Yr6uHZbrlbHeoIzVxnYYru2E0fpumGxQxVxg85kqztt74LWnO8EHVAk/2Iu0H8YQtLMfvp/1w2NLd7z2dUJnkRKl96ZSrT+d0gfjqDadTLnReEqNx1FuPoVyixmUW82m2mkBRfYTybMbS7bNWLKsBLYTybabJphJnvNCitxXkO+2khyXleS7rxN/k7vF3+5hcl2+Jsf5IHmuhyhwP/zJ74BPsUfHjZ33nNimYS+zQ8uJ7fcc2Xzbng3XrfnZIY6rgQXci6/ldlQFl/xzOeuVwXmfLC75ZaIRmoNJShW2uU8wTa0R9TzUvFO46JHMOY8k7kSUoJNYj37GU1kEfpDejH5WC0b5r2Qk8depFlzqP2JX+RcG2a2yEHzerwDtlCZZ/JUEX0n8tSj+Rc556/UU7MVc26o/5LDJUihls9IPct2u+ndZ/DUtes2duCo0E2rQTvp4BtO85x/DPxe1ymKsQ/ErnMve4iQJtPnP0U9/hHZyNQ/SpPDUjRjnN2NeLOUiljx9m7Apeolr9S+yaGwn2owy6zDKrse84AnWJc+wKhLrFzRjV9aKe/3vwr7GtvQVZmJfKTewhElOsxjXipW0d/1fWJa/waSwFe20x6iHF8tcjyzlvH82FwNzZQFYyvkribyuUp5fUZZyCPuJO/B5Am71f8pitnnBC3ltY8Gn3rUCBQoUKFCgQIGCfy8+9aOQAgX/VUiiY0VFhYL/BigEYAUKFChQoOB/J/+SANxmwy3abrpNxy136Lz1Fu03qKG88jSd15+l0+oTdF79M11WHqXD4q9pM2cPHaesQ2XMfFRGzKTzoAl06juCbr0Ho9qzL3179mRkv14smDSStbMm8MXKuZzcuYibe0fhfmM9Xg++JilAh6QIc5JjHMhJdsfP+S4Prh9C7dhnnDy0gq+2z2f5wmmMHj2WHqq9aduuI0rK7VEWVrljR9p27kS7rl1o30OFjj27015VBaVu3VDq0R8l1cEo9fwoAiv1HC7sCNE+UjBGlMfRpqckBE+ibZ+ptO0/mTb9J6HUf6JgAkoDBYMm0WbwJNoNnkKHwdPoOHg6nQfPoMtg8axSedg0OkkMnUbXYdNRGTaD7sNnCyvlBp5H9zELUZFE4AlL6D1jLf3mb2XAkt0MXfElw1bsZ9Di3fSZs+WjF/DEpfQdN4/+Y2YyaNQUhoycxNBRExg8cgyDx0xk6LipDB0zhQkTp7N+xSqqM9PJDPQmV1AQEkhOSCg54THkhUeRFxJMTnAA2UG+pPm6EeVkQbi9MfHu1qT4OJDu70y6nxvJXi4kejiT7OlBiiDV0400DzdZBJY8gXO8HMn1cqBAUOhpS5GXHcVeNrLom+drR6GvvUyRnz3FfnaU+kvWhmIfayoCxRxvC0p9rWlK8KYpyY2mZDeaUyTceZbqwbM0D1rSvXmR4cWLTG9as3x5lS3I8eNVrh8v84QtCOBVYSDP8/x5LuyL4lCeF4fRLAnApZGCKEG0IJbmshSel6fwsjyJlxXxvKqK5VV1NMUJTpQkudBUFs3zqmSeVCbzrDaD5up0nldn8KI+j1ePS3j7tJIPzdV8eFrBX6011GYH01IRQYLHHXJDtckK0iQnTJt3dcG0VgdTkmLH03JRfhRHS61YW+z1rCqK55URtEiI8ov6VJ7Vp9Ncm0ZzndivVpTFvs2VUtjqDDFW7C+J1tXZYk4mz8sSeVsZy7vyKFqLwvijNoHfq+P4UBZJS4YPTxNdqIuypTJE3G2gEaU+DyhwUCPP6hQZJsdI1f+BlIc/kipI1j1K/L0jxGgcIub218TcOkjk9f2EXt9N4K2dBN6W2IXPte14Xd2O59WdOJz5DLvTm7E5tQXrk1sF27A5uR0rYW3PbMPp8jZZ6A28u4cwnf3EGn5Hkukxks1OkmxxnCQLsafZIaKNDhKivZ+AO1/go74Lz4vbcbsg5l/Yjosk6qrvxUFtF65qn+OrLsZc3o2n+pd4XNsn2Iv3td343dwjzif6ru/EQ20rfhp7CX1wiADdrwnR/44oi1NEWJwh1fk6eV53KfHWptrvAY1Bxjz2N6TC5"
11908 [Forwarding screenshot on session b1310904-d161-49ca-a1a6-530fba7baea8 to remote] DEBUG org.apache.http.wire  - http-outgoing-47 << "S6ZpheJ0voOr8t7sDu5EbMfFqF/ZDpae8dyc+sgrq/rw81VvdBa1w/ttf3QXdGHhwKjlf0wXiFY00cWe/XWdOXByk48WNEe3eXK6C5tw4NlShiuaoPl+nbYbu6E8w4V3Paq4nukH4FHBxFxfDTxZyaSfnEKeepTyVUbR86lEWScHkzR5ckE7e6J2wYVXDd3IfBwL5x3tyPt6jBKHoyn1mIKdTaTqXecTrHFBArMppBjMpMMw9lkmy2iwHElRW5rqfDdyqOQL2mK+Y6WhOM8jT7Bo4iT1IefoTFajRcpGoJ7PI67S2XEHUqCb1EYeJ0Cf3XxN3z1//X///+Lddet2HjLls0aDmy968QuHXcOmgbxs1Ms57zT2GfgzWGLUL63juSQaTBfivpBE39+dozhglcK9yLzeBhbiFlaDQ4FTbhXvsGt4jUmGY+4FVaAZlQJ9+IquRdfg2Zs1Udv1rQnPEh/yr3EBm7H1qMWWs45vwIuBZWgmfAY4/y32Fb+hWMtmBZK+Xv/lOuSt68k+ro9BpdHyHWr8l8xKXwjexXrZT3HMO+FqL+SPWiN8lq4FVnG3bhq2evXukTK1fsbrrW/y56+VkUvZAFYEn8dRZ8kABtlSTmIH2NW8Azb8tey569z7S9i3i+ymCuFjPZ99BcB4gweNR8IaxVnqX6NUWYteikVmOY04Fz1mtCXkPyHGFP3K571v8mew5J4LO1hVdAiY5bXzMP0xzwQd2Ui6qaFL2TxVjqnQ+UHWayWypL3sl7KY+zLPhDyAhkplLSBuENJSDbJeYp+ar0sXkue19KzfepdK1CgQIECBQoUKPj34lM/CilQ8F+FJDqWl5cr+G+AQgBWoECBAgUK/nfyLwnA3TdcptPqs7RbcYL2K47RccVxOiz7ic4rf6bdom9ov/AInZd9S8fFR+i46AgdFn5H27nfoTTjIEpT9qE0fgdKI9ehPGw53UevoOvgOXTsOY4uvcbSucdwBvfry5ldk7C4vIGv1o3g5LfrsLXSIC8vivqaDOoqEynJCiQr1okYfxMsdM9w98Ju7p3Zws3jmzh7aCVfbpjGvAm9GN6nG/16dKV7pw507tiBrp270aWLKu0796VNlzEodZ2Aksp4lLqN/ZgrWBJ/e0pi8FCUeg9Gqe8glPoNFAjbd4RoE+N6j0Opj7B9Bf1Euf8ElAdORnnAVNoOnEa7ATNoN3CWYCYdh02n49CpdBwylS5DZqAiewbPouvQ2eLZF9Bj7CJUxi6m+8Rl9J21ngGLdjFw6RcMWv4lgwWDluxl4MKd9J+9iV6TVtBv/CIGjJnN4NHTGDpyMsNGT2SwFP557GRZAB45fiaTJ89m8Zx51GZnkuHvSY6fB/nB/mQGijsLiRA2lLyQUArDI8gJ8ifN153sYDEuxJM0PyfSJSQB2N9VlF3k/hQfL1JlPEj39iDT241sLxdyvZ3I83ak0Nvh7+KvHSXekrevPfm+juT72VPoJ/oExf72lAQ4UPJ3Ebgs0J4yfzuZymAHKkOsqQq1pjrMhtoIO+oi7WUexzrTGOfC0wQ3mpM8eJ7iSUuqNy8zfGVas/15mx/Ma8GLnEBe5IfyuiSS12XRvKqIprUihleVcbyuSuJ9XSbvajN4V5PK2+pk3lcniXICH+pTeFObzNuGDJ5Vpsjholse5Qry5LDRz2vzeFaTz9OqAp5U5tNYlsXj4mSKkrxpyA8iI9iAR5mOxLiqE+uhzrMST97UhVEsCcAVITSUhvKsNpam6lgaK6JoLI3gcUm4aI/g+eMsmh9n87Q+k+ZHYt/Hubx8lENrXTYvqzN5WZEmzp7Jh7pcfhH8WpvOb7Xx4nn9eZLsTG20FYW+Dyj3f0iW4y3SbdRINj9PkulZkk0+hnLOMjtGhtF3JOh8TbTGPiJv7iPixpdE3jjwUfC9+iUhavsIvryHgAu78D63Fbdzn+ElibkCt/NbcD77GS7COpzZjPOF7Xhc3Yvfra8J1vyW0Hs/EKt3kQT9SyQbniXN5CSZZsfJNj9Jiv6PxGh9Q9DNr/C8LHkMb8LhwmqcLi7H9dJy3C+twOPSGnzUNuF3Yyc+mntxvbMbx1u7sL+2BY/rWwm58zmhN3fhL/ATfcF39xCutZdo7T3EaO8i7sFuIu9vJ0wQb7afFNsjxFkfJtHuJ7JcLxJvfpwQ7W/xuroP+583YvLVQu5uHoPmxqForO/PnXV9uLVGlesrVbi+qhO313VBa1N3dDb1RHe9Knpre/BguQr6y3tguqI3pkt7Y7ywO8bzuqE3vzP3F3dAb1UXTDb2wGZnH1z298f7m0GEnxxJzIXRJF4eQ4r6aDJujiPn7gQyNcaQfnskydeGk3BlKElXhpBxfShZNwaTrt6H+DPdyFUfjvcXHbHf1AbbTe2w394F1y+6Eni0J8UPplJqMoX42/3xPN2JkBv9qHBaTWvUd7yIPMbz8NPU+p+i1OsEuY4/iM/CIcJ09+GnuZs4k5+o8LvHsyRbmhLseBQp/uZCLSkPM6EswoCi0IcUBOuS43+PVI9bn/wO+BRb77tw0CKEU15psrep5HV61jedq8F53Iku45J/FsdcYvjOOowf7MI57hzDCZdoTrnFc84jgRt+KdwKSEEzJAvduGLMMx9hkfOY+zElnPdM5IxbAhd901APKUQjplIWfo1yX6CV9IhLgflcCCwQexbKArDEhYAiroZVyLmCtZKf4lADVmW/y0iCsGsDcptl6W+YFr2V0c95wf3UJ2gk1KIphXlOfYxe5lMMcp7h/gjsyt/JwqpeWgMGGY2Y57fIXrmSmGsm6k4lr/F/DMFNyKGgpZDNhtmN6KXXY5z7VBaBpfEmWU8wFePtCl/Kc2zymtFPrkQnsRSD9Gqcq14R0PwXHvUfMMl+hEZUPrqJlRhnNmBd+Pw/BGBpHe34Sm6E5KGdWIFuarUcOtqy+IXsZWxV8lI+g3Teu7EVaIj3oJ1Qh3neS7HH77jW/Iljxa+y16977W84lL0R67/AvvS1HJ469MWn37UCBQoUKFCgQIGCfy8+9aOQAgX/VUiiY1lZmYL/BigEYAUKFChQoOB/J/+SANxz5Y/0WPE9vVb/QM9VR1FdeZSuSw7TU7SpLv+OLosO0XXxIbos/ppOi76mw/IfUV5xAqUlP6G0+DuUFh6mzbwvaTt7N+1nbKPjjM10nLQalenraT9+KaqjJ/Llpuk8VNvH0lnDGDxMlcFjhzFi6kRmLFnAjn07OXfxJLq6t7Cx1sfSXBsH/ZN4aH2OrfpGTM6vw+jsRgzPb0P/3G5u/7CN47tWsm/lXDbNnszcEQMZ3l2Fju1Uade+J+079qRdZ1Xadu1JW5XeKHfrg7JqP5R7DURJoqdkB9Gm9whhR4m6QLJ9RqPUezRt+o5FeYCUW3g8bfpNFfXpKPWdQZtBs+kwdDodhkyh4+ApdBo0la5DZnwUgIfMpNuIubII3H3cYnpNXcmAuRvpN387fRZ8Tt+Fn9N/4W7B5wxcsINBczfTd8oq+o5f+HcBeDpDR035uwfweIaNm8Kw8dMZOUESgGcxf9oMqtKSyAn0IsfXhYJAH1EOIDMgmCz/IDL9RNnHl2x/H3KDvckP9iQ/1JPiKB/yQzzI8HcmK8BVjHUlw8+NNF8v0n29BV5inidZPu7keLvKHsD53k4U+TjKArAsAsthn+3J83UQSEKwAwXCShT521Mqi8CSN7AdZQH2AjtRt6Y80IqKIGsqg62pCrGjOlTCVtRtZKpCbEXdntpwe+oiHGmKceNZnJtsnwr7LMmLZsFTQVOKD81pvjzL8ud5diDPcwJpzg3hWUEULYXRvCyO5lVpLG/L43hXEc8bwduqZN7VZ/CqLpO3jQW8fVLEuyfFvH9aKod+ft9UyTvBh+Yafntew9vHhdTnh/Pn81z+eJrCHw2xxDirE2R5mvpUa97Xh1OebMfT4kAai0N4UhzOY0FjkaA4gqclf/dOrkqksTqJpzXJvHiUzuvHWbxtyBJnSRfnSqK1OJZXhVG8yAnjUaIX5aFWFHprk+N8S3CTbIdrJJmeIcX0NGkSxidI0jtKvPYREgXxWl8TqbGXiDsS+wi/9SWh1yUOEHrtKwKvf"
11908 [Forwarding screenshot on session b1310904-d161-49ca-a1a6-530fba7baea8 to remote] DEBUG org.apache.http.wire  - http-outgoing-47 << "In/xS/wv/QFPuc/x/PMdrzO78Lvyj58L39B6K2vCb9zmNj735Eg1k0x+pk0sxOkm58Q9hgpJj+SaHCUBJ3jxGr+QLhYO/DKZvzOr8Ln9HK8Ty4n8PxGAi9tJkhtC/5X1uNwYg7OZ2bgd30eQbcWEaKxgsDba/C5swEvrW34GezB6+EufHS3EXDvM2J1tpGit5PYB9uJ0t1KgsEOkg23k6q/hSiN5bidniTOt4I4vbUE3V3My+wbfMi/Q7zVFkJ0JaF5Dvd2D0Z9dV/urh+Mxqp+3F/VB53VPXmwWhU9ge6qnmgv74HuShV0lndEa0k77i1si/YSZfSXt8VkdTss1nXAZmNnHDZ3w3t3DyK+GUTC8TEknZtIysVJpF6eRMrlCaSrTyTj5gRSro0k9cYIUm4MJVF9AAnqfUm41o+oa/2JvD6QyGuDibo6hGj1wcRI/df7k3ZHrKnej2yNcXgd7oHBGiXMN3XF8rOe2G7vJdoGknR9CuGXRuL2cy/cTvbD9HBXHu5XQXtvH+7s6MeNbYNQ3z6Cy9tGcGmLYOsoruwYh9rnk7iwfQK6P64i212TpmQn8XkyoTrSirp4G8oijSmPMBTWkLxAHdLcb3/yO+BT7Dbw4bBNBCc8Uznrl8U5vwwZSQC+FVXErYhCTrvH8Z11CD87RnDZN5WrgWlc8knhgkcc6n7JqHnGcsElirMukVxwi0XNN5mbwdncCsvjbnQpd6KKuRNdIXsB66Q2opfRhHZaI/eSH3EjugrdjGbMS97LuXudH4HPc/B/Cd7PwCD3pSzwSt692mlPxZzHMtIcqd0wr1WMacEwpwXTgldYl33AoeZ3XGr/xLXuL9mDVgq1LOXgda7+gEfd73IIZ0kwNUxvwDa/BUfRL3kCW+U+k8VZyaPWJK9JFn8lUdYo52OblC9YGmeR3YR55hPsCp7jWvkK95pX+D/5lchXEPNWnL3xd0wz67gdmoVBShXG6bVY5jbKIaMdJHG34Jloq0cnoQK1gFTuJ5ZiU/wM19oPuFS9w6bkBZb5zbKHsFHGY1l89mz4m4wk/NqWvMOl+g85/LP/UwgR9xQh7iv6tdj/zUc+9a4VKFCgQIECBQoU/HvxqR+FFCj4r0ISHUtLSxX8N0AhACtQoECBAgX/O/nXBODlh+m2+CthD8lWovP8fXSa9wU9lh4W9kuZLgsO0H7uFygv3I/SUsESiS8F+2izZA9tl+6m84q9dF21hx5rvqD3xi8ZsPkg4z7bxf4vNqCncY5Va5czZMoM+s1YQt9Zq1GdsozeUxbTa/wsegyfSO9RUxg7axEL50xh26Ih/LxzBnd+2oDRxb3Y3DiEw61vsb76NeYXvsTi/JdYXziAybFdaH6zgYvfbuTAltksmtqHob2UUGnfho7Kyqh0ak/79h1Qbq9Cx64DUek5ig7dR9Cm62Da9BiKcq8RKHUfiFKXPnIe4Xa9h9OmmxRKWrT3nUib/tNR6j9LMJN2AyfTbsB42vcfT4f+E+k8cApdB08TdprsEdxt5FxUxy+m77RVDJy9gb5zPqPXnK30m7eT/vN30m/+DvrP3Sb6PmPQjHWyB3C/0bMZNGoGQ0dOZfCICQweNZGhY6cybPwMRo6dwaQJ01kwdRpl8VEUh3hT6OtMsb87xVLeXz9fsrx9yPaV8CLLx1VYZ/KDXKlNCuFDRSYNKaFk+dqR6WtPtp+T6PMUZQ+Bp2j3JNvHgxwfd3J9XMj3FXg5yiGgi73tKfFxoMjHjkIxryDAWabwPxDj/OzJ97amQMaKQp//pCzAWmBDeaAkBtv+HRu5rdTfihK/j0jlMn9ragNseRRgR32gIEgQLAixo04SiUPtBMKGfRSL66OcqI1xoyrWg+oEL+qTfHic6suTdH+aMgN4lhvO8/wInhdG01KSQEt5Mi2VqbyoTKe1OovXtXm8kqjL411DCb82lYr+FFqrEvm1IZk/nyTzviqUJNcbhJufoinFBpoSeJbjSUtBAG8rokR/PO8EbyvjRD2WN+UxvC6L4ZeGVN4/ThV7JNJSGkljjj91qR48SnHnUYIr1VHiOSLFc4WLe/A1ItdZgwzrS6SanSHJ+CRJhsdI1PuB2PvfkKDzDUm6R4jV+JKYm18Qr7GP6Ft7CLm5B79ru/FW24XHRYnd+Fw5gL/6IQKvHyH89rfEaP1EmsFp8q0vU2x7jSKrG+SaXaHM/iaFVlfINj1NisFRwjX2EHBjM56XV4n1VhJwcw2+6ivxPbcSv1PLBHMJPjeTyMsziFObTcLVeaTdWknkpQWEX55H1LX5BF6aQrTmTHHeWcTrziHTfA3lXl9RF3WauiQ1mvLv0ph9m+aiuzSlq9EY8D3FVtt4HnOKJwlnSTNeK+bPIctwuXjOKfidG0bkzQniDmYSdGcSLyuv05r6M+EPJhGjM5oknWlYfNWLaws7oLumB9pLu6K1oAN6i9vzYGFbdOa34+FCFQyXqGK2QgXbdd1x3d6XoK+GE/PTWJLPTSDl4hhS1UaSfn04aTcGkXStN4lXexB/uQexF7oTf0mVJLW+pF4fRPqtYaTfHk7qreEk3xxOgpgTpz6UGLUhRKoNJfzWOEJvTxZ3PodkvcWk6y8i13QpKTrTSdOZSuiVYYSJ/ZwPD0BrTUeMNvbFYHU/DNf04eG6buhs6IDWhjZoblTiprDXN7RDbX0Xrqzty+U1Q7iwZjhn1w3h9PpBMmc2Dub0Z0M4s2UIF3eN4uLuMRicXk5h0E2epBpRFnGX+gRDKqP0qYh4SFn4A3L9NEh3v/7J74BPccQmgp/dE7gUlMeNqBJux5ZzP6kK/cwGTPOfYpj5SM5rK+W0lfLcaieUcis8h9sRudyPKURP1PWTSjFOq8Y8+5EsdEp5ce/HlXEzvEDmdlQpWgm16KQ9Rj/rGUb5LzErfoNF6TtZ+LUo/SCHcZZEXUnklcReKaSzTnrT/yH+Sl6+Ups0TkIn/Ym8hnFBKw8zm7mf3MC9pDq0kuvRTWmQPWhtSt/g/ugvwl5B/G+CX5A9ZD3r/8Cl/B0GSbWYpz3CIuupOH+jHELZtviFHO7Zpuwl9xIquB1ZIHvr3gzNRTO8CJ2YUsxSG7AvfIZN/hOsCx5jV/wU54oWWQyWrGWueNbkCnTiimUR2KagCY+ad/g3/oXf4z9xr36PY+kLUf4N7/oPspBsW/Ic28Jm7EpbcKv5gI8YJ3n0Sl7JnvV/4Vb3h+wBLIV/lnCu/AXr/GacxDml9VwrxZkLnmGaWf/Jd61AgQIFChQoUKDg34tP/SikQMF/FZLoWFJSouC/AQoBWIECBQoUKPjfyb8kAHdc+g1tFx4U9gjtFnwtozz3AEqz9tFe8u6dvV+Uv0RpjmibsRflWTtoN+sz2s7e9E9sFO0bUJq6BqUpq1CathrlORvpvGQHg5d9xs7Pt2NuasjKLZ8zZvlOBq04QN8Vh+m97DC9Fh2g17zd9J67k14zt9Jt8kZ6TvmMvlO30GfSWvqPX8awSQuYMnMBy5ct5ujBXdw8dRCTm0exvfMttjcPYH1tFy5ae/A2+Bp/k6M463yL9tkdnDmwirnDVRnfR4UBHTvQrU1bOrdpj4pyN7p06kU7ld507tWf7gMG0b3/QDr07E3bHj3pOnAYXQaNRqn7EMEIlHpOQKnT8I8ewr1H0rb3KDr0HkPHPmPp1HecYAKdB0ym29AZ9Bw9nz4Tl9BnynL6TF9D35kb6TdrE/1nfybbvtM30H/6OobMWMeAiYvpP2Yug0bOZMiIqQwePkmUJzLk7wLwqLEzmDJxOounTZW9fwt8HCnwsKTIw4Zib1H2cSPfy41CYYskz2DRn+9tS6GvLQW+NpQG2VMe7EyxlLPX35EcD2sy3W1lsTfXx/XvOJMnkDx/ywI9yPOyI8fNmgIvMcfXgVwxJ8vdmgwP279jQ6anDVmiPdvTSoy3kfeTPIHLg5yoEPuVBzl8zA0sY/0ftsjXihJ/2/8oF/l+tKWiv0rYWl9Lan2sPyLaJGr8baiQ5nmaUexhSpmPBdVBdtRGOFMW5ki5sJWRTlRFSeGTXaiLdqU+3oP6RE8eJfvQkB7A46wgGrKDeVYQycviWF6WxPNC8LI0g"
11908 [Forwarding screenshot on session b1310904-d161-49ca-a1a6-530fba7baea8 to remote] DEBUG org.apache.http.wire  - http-outgoing-47 << "VflqbypSqG5KILW0kjeVUbyoTKM10U+ZLrdxPvOAaoDdGhJsuNNlpTL2JVXOQE0p3rSlOLJ02R3niS68iTOmcdxjtTF2VMVY0N5pHiuMHPKw0ypCDWlOtSMmmBjKvweUuKhTa79bZJNLxCnf0IO65xk+LNMmiinGR4j1eAnIu98RcTNfYRe+5ywa3uIvLGH4Ku7CLq9n8C7hwi59x2RusdINrlErs0dSp11eBxgSlOwGdWeWlR6iDYXdbLNzhCv/SMRtw8RqLYHvytb8bywFr/Lq0XbRiI01hB6awnhtxcQdXcRUZrzyDVYQ4nRaspMFlNpMpca0+nUmkylTG8SeZpjiTrbl6BTqkSpDSBJczi5xhNJ0RtN7L0RJOpNpT7kS/6o0oTnxvzVYsy7R9r8+fg+rzNPU2C7lsDLwwi+MYbnYfuJvjuBdN2pFBnPIehMTyIu9SdafSBpuhOJvjeKV48u0xixk0itoeQYjCPj3mTs9/Xkztz26C/pwoP5yrhs6UnwgQFEHBlE5LdDif9pAiknplF8bSalN6dRemsa+dfHk3JxMJFnVIk434NItZ5EX+9F1C1h76iKs/ciXqcvCQ8GEHu/PxGa/Qm+2Z8A9cH4XhlO0LXJhN9ZQILuRnGn+yi2/54Kt+Pk2R0h3fIg2bbfkmf7HRlmX5FnJd7Rtfk4Hx/Dg13d0d6qyu013VFboILWykHcXdyfe0v7cm9FT+6u6obGmi7cWtsJ9ZUdUVuhwsWVvbmwbBDnlo7g9LKRnBBzjq3sx/GVfTm+qi8n1gk29OHMtoGc+3wwx7f2RuPoJIpDLvMy76H47N2kNPQupcF3KQq8Q7bXNdJdL3/yO+BTnPZI5pRXkmxPuMXxg0ME31kH8a1VoGwl0VPKa2tf9gL9tGqu+Kdw2i2KCx6xXPFJlL1c70bmoZdYLguPkogqebZe8kvnqH04VwJzuBpWxPXIUq6Gl3AxqJCzAflcCC7iSniZ3KYeVsLV0GKuR5TJIq5Z4WvsKn+TkcJFS+Ku5Dks5Q6WyrIHccpjNONr5ZzCdxNrZeFXtvE1MvcTa9BJrsO5+lc8G/7EtxHcan7FIq8JveRqOTSzQUoNLmWv8ah4jWv5G1mQtSt5KT+rJHqb5Dagl1qDfkYND8XY+/El6MSVYZZRj2vJK7xq3+Fe1YpzxTPsihuxLniETaG4q5InuFS+kMVgn4b3uFe/wUEWd5uwL36OS8UrWQz2qvtA6LO/CG76g4DGX2XP4eCmvwhr+ejNG/fuo3evlEdY8j6W8gbbl77Fsfy97AVsmf9CFnzdq14T8Fha43c5B7ND8bNPvmsFChQoUKBAgQIF/1586kchBQr+q5BEx+LiYgX/DVAIwAoUKFCgQMH/Tv4lAVh5qRTG+RBtln6D0oKvRVkwZz9KM76gzXxRnrFPLkuCsNKUz1GevI2OEzf+X2yg/eSNdJjyGcqi3GbsGsFq2oxbQ6dxi9mydTOWFqbMXL6e/nM202XOHtrPOUC35T/QefG3dJr3Nd0XHabfqh8ZsuE0I7bcYeT2h4zZ/oCx2+8yfus1Jmw5z8SNPzB2xR7GLt7AuEXLmb12FZv27eTIjwe5duIQl47s4tiedXy3fRnfb1/BT5+v5vrPe7n+024ufrOFH3YtYdvSMSwYp8r4oT0Y0Lc7vXp0oVuXdqh0URa0pXPndnTq0oGO3brSvltP2qkOokPvEbTrPRKl7h+9htv1HEaHniPppDqSjsJ2UB1Fpz5j6TpwEt2Hz6DHKCkn8Bx6jltIr4nL6D15BX2nrhKslhkgGCTqAycsZsCYuQwcOZOBw6cJJjNg5GQGj5nG0LEzGDlmOtMmTmP59KmEWeiTaKFNusU9sqzuk2OrR76TObmCPBcLCtwtKfQwp8DDlEJPM4EJRV6mAjPRZ0axl5WwFpT62FPgaSewp9BLlL2FFRR5O5DnbkOGkxkpdsYyaQ6mpNibkCiIF2WJBAdRdzQlSdhUZzOyPaxk0bnI1w5JaC7ytaXQx4YiP0kYtiZfUOAjkKyg2E/0iz6pXPj3dkkgrvCzosrXQhaCqyWkup81lf7Wos9anNtSPIM5Jd6WlPvbUh5kT2mIINSO8hA7KkLtqRRWCjddE+5AbYQg2pH6OBceJbrxKNmdungXamNdqIl1pjrGhWqpHO8qcKEi2pbaeFvq462pjzEV8w3Id79OXeB9WuMteBppzJNIM8r8HlAVZEhdmDm1ISZUBxqJs+pT5a1LhZc2JYICz/viru+R73ZXvBsN8pw1yHG4SaaNuky65RVSTC+QbHxOJtHoFDEPjxOh/T1hd78jVPMbwgTR2j+Q+PAE6SZnyDW/RL7VFfJtrpLneJ0ij7uUiz0rffSp9DakyFmbHOvb5FhdJ9viEimGx4jV/pqoe3uJ1dlHjPbnZJgcJNv8IAU2B0k32k6W8RZS9FZRaLmRAos1ZOovJMtwAYVmiyi3XEitzQIa7Gfy2GYcdWZDqDUeQMWDvmReVyH6fHsSrqqQca8v2Xr9yDUcRJ7JCLKNRhOvO5oiz/X8WnUNfrHkr/fmwprBG32exB8iWX8a4eqDiNIYzmOfdaTojKXYeBoFD8aSrN6HxCu9iLzQjSKjSaQ9GM3rwqNUe68mSXs0KTdGEn16FNabe6E5oxP6C3qgN7cdnjtVSTo5lJwrw8i4NITMKyPIUBtD9KkBRJ0eQOSZgeLMw4i+MpqYaxOIvDaJ8OtTCLs5ndBbswi9M4dIrUWE6y4h6MFiQg1XEWO+kSTb3eJv4iCZrt+R7X5M2BOkOp0g0fYkMdbHibY4RoLlSRJMTxBj8BMJRsfIsDhBsuFhrH6YzoMvhqAhzqq1eQCa6wdza8VQ7q8dgfaqwdxfOYB7q/pyZ6UqN1Z0Q31FV64s7cKlJT04v6Q3Zxb15/TCQZwUnFg8kONL+nNsaX+OLxOsGMDxVcKu7cepjQO4sH0op7cORPvH2SQ7HqciXIPSYA2KAzUpDtKg0P8WmR5XP/kd8CnOeibIIZ6PO0fxo30YR62D+d46gO+tgmR7N6YQg/Qa2atXK65Y1AvQS6lAL7FMFn81I3Jlb2Ap363k9fsgqYp7ceVcCcriuHuinF/4sE0k3znEctQlmZ890jnpl8OF0FLUoiq4HlUuC783IstlQVcSeKVQzib5rRhkP5c9hqU2KXewJABLQvC9xHpux1TJc27FVKCd2oBZ0Svsq3+TQz87Vf+OfcV7bMveyqGbzfOfYZH3DIO0R9yLKeFudLEsAlvkPMG39gN+dR/wrn6HS/lLHEpasC5qknP46iSXyV7PLrVv8H78G25Vr3Epa8Wz5i0+Ne9xL2/FvqgR26JHWOXXY5pVhUlmpSwEe9S+JvjZn/g1/iKXJQHYrqhZFn/9G/8g6hUk/QIxrRD/BhLfQbRoC3r6uyzo2hU2ybmU3areYV/8QvZMNstpwqrgpSwC25W+x67kjeyF7Fb5Cr+GX2UBWLK+j3755LtWoECBAgUKFChQ8O/Fp34UUqDgvwpJdFTw34dPvSMFChQoUKBAwf9s/iUBWGnZtygt+lpYSQA++JE5X6A0dSdKc/ehNH2XQJQlO3ELyuO302HsDjqMkRBlmW20H7uFtqM/o+2YTTLKozfSZtR6Oo9YwNf7d+NoY8SU+QvpNnEJbSeuR2nKDpSm7aHNzP20m/81XZd+R591Jxi6/QrDtt9j8BY9hm7TZ/hOA4bt1GPwDi0GbL1N/203BNcYsOMqfbdfpMemU/Ra8R0zxPxFSw6zbPlB1qz+ko3rdrFl/Sa2bVjK3i3zOH54BfeubEP32mYu/DCXwzuncXDrQg5vX8yXG2exafFYFk0ZyNQR3RnQXYluHZXortKeDp060LZDJ7pIeYRVBN0G0r77YDr0GEqn7hLD6NhtGJ1UR9Cpzxg69x9P54ET6TxoEl2HTqX78OmyINxz7Hx6S+GhJy6l/6Rl9Jfs+EX0Hz2H/sNn0n/YNAaMmEJ/waAx0+S8wCOFnTFpGmtmTCPEWItE49ukG10nw+gaGcY3yTK/R7r5XdIt7pJtc58cu/vkCgqcdCh01pFtvoMORc4GlLmbU+hkLKwVRa5mFLmJumgrkjyKP"
11908 [Forwarding screenshot on session b1310904-d161-49ca-a1a6-530fba7baea8 to remote] DEBUG org.apache.http.wire  - http-outgoing-47 << "UWbpw3FXrYU+zhQ7OtEiZ/kyetOdbgv1VEBVEZ/pCY2kNrYIOrihI0JoDbaj0cxH6mL8hHjPagMdaUqwp2KMDfKQ12EdaVS1KsiPeSy1FYW4vwRqV8i2JaKIEs5d/BHLD+GkQ60oTTQTlg7SgIk72EbOcR0vo8FeX4W5PuK5xAU+ZhT7G1GibcJFX7mlPuZUupnLJ7DkCK/h2KMHiW+Dyn1eUiJjz6l/kbi+UwoDzGhNMiAkiA9UX8g9tQSY+5Q4nWDApcr4u6uUOFxkwpvDYrcb5Pvcot851tk218X961Oru1V8m2uUGBzmQLrS+RYXibLSo1MQYbFZVJlofc8KSYCs4skm1wk3uAsMQ9PE6t/mjijc8SbXiLB/Cop1tfJstekwE2HMh9DSjwfUuFrTK24l5oAC1E2ocpf8oLWo8DjLimWV4nRv0CSsRoJBpdINrxAot5Jkh/+ID4j3xOpsYPwWxtIM95OmvkG6gO+4nXCMV7Ffk+p0wbSDedR7byOcrtl5BvPIld/MnkGk8nWG0+J6VRq7WbS5DqDZy7jeWo/lCabwdQZ9iblsjKx55XJ1OhFgf5gCoyHkKXXmwKjgRRbjKXCZQGt6Uf4q+U+/GrOX++M4RcT+N2UN1k/kGkyg0j1fqRqj+Sp90rKLaZTqj+OMt3R5NzsS/oVVZIuqZJ3fwRZOqN5GiCddYqYM4TQYwPw+KIfxstU0ZzSDf15/Xk4rwvW69sTc7I/6er9SbisSuLVPiSoDyXh1nTi7swjTmMRiXdXkKyzkZQHO0g32C/+hr4hzegHkg1+Jkn/BKnG50ixuEKirToJgjhbNWLFu42xuUS0zQUirM8SaXOGSNtTRNidJtzupCifJsL0JImWF4k1PkO80WmSjI7hemE92ntHorG1F7c3duPOenHetf3QXDWIu6ulUNC9Bb3QXK3K7VXdubFCBfXlKqgtVeHSkm6cX9KDc4t6cGahKqcW9hIM+CgELxrEycWDObl0CCeXD+XM6hGcXiNYO4Ir2yZxZuNotA4vJs7yLMVB9ygKvEdBgPhMBWiQLT7Tn/oO+BQ3gzO5HpjOVb8ULnsnykiever+qXL7GZeov7clyVYjPBf95EpZ8D3pEsl5r3hOucVywiWaUx4JXPBL42JgtpxH+KRXmpxX+KRvJsd9sjgVUMCliAqux9dzO/kpmqlP5Ry/krgrefRKVhJ8JQ/ff4i8kuArh43OfSELwlJd8vqV+uU5GU8wzn+BXfkHnGv+wLHqFyyLWjHMfIJucp2c51cSTm2KWmTvXtvC51jmPsUs67HssWyd3YBd3mPs859ik/8Y6/wnWBU1YpbbgEFGJQ+Sy7EufoJHzVvcqltxrWjFvfwFzoXPME+vRis6kwcJuRimFssYpBSJtStwLmvG//F7fOrfyDak+U+iWiHmNUS+lITeP0XfO7yqWwiofy3jKuaYiz31EsQ6yRWYZdbJHsPO5aKv4r0csloSfSWcK37Do+5P4t5AnJR7WKwpESv2kOqfetcKFChQoECBAgUK/r341I9CChQoUKBAgQIFChQo+J/JvyQAt1nyFUoLvkBZyuk7bzfK8/agPGs7ShPW0XbGZpQnr6Xd5HWCtSiNWYnS2M8EOwW7BDsE2wRbaDN2E23HbaLd+A20Hy/mjltNm9HL6TJsGqeP7sXV8h4z58yg2+jpYuxSlCZtQmmqmD99N0ozdtNm9j46Lj6M6trj9Fp3nl5rL9P/s2sM26HB8J2aDNp8gwGbrjF0620GbRLlDdfov0GdvmvV6LP6IoM3XGDQ2hMMWPEtA5YcYMjCXYxauJkJ81YyZ+lyVq5azmcblvHV7vWc/3EfF45s4set0/lu43iuHFyEyZXd2GsewfzmQW4d38rh7fNZMn0Ig3t2oJOyEm2V29K+ay+Uu/ZFuUtf2nXpRyeVAXTuNpjOKoPp2G0IHboPo73qcNpJHsN9RtGh7yg69xtDl/7jURk0mW7DZqA6cjY9R82jlxQqevQ8+op636HT6SfuaeDIafQbMYUBoyQBeBojBTMnTWP9zGkk2OqTZXmXPLMbFJheJ9fkGjnGN8kwuUGG2XWyLG4KbpBjdZMC+zs8CjLlXbInZS56ZJjeJsdSi1wrXarcLChyMpBF4SJnQ4pdTChyM/u7GGxNkbc9pf4uVIf68Cg6iMb4MB7FhVKX8JFHiWE8TgqnMTmMpykRNKdGChtKY2IQDbH+1Ef7UBvpTXW0N1WRXlQKqqO8qY3141FCIE9TQ3kijU8OkXmSIkgNpiHJi/pEF+oTXGXq4t2ojXenJtaNqmg3KmPcqYh2pyzSnZIwF4pDHCkJsaM02JZyQWWQLdWBNtRK4rGXMWVeBpR46lLscY8CN03yXO9Q6HKHPMeb5NoLnG5R4KpBruttMp2vCdTItL9IuvUp0i2Ok2r6AymCII19JBj+SIr5KVKtzpJtf4UUi3Okmp8nzeIMmWanyDI9QY7JccEx0g1PkaJ/mqSHp4l/cJI43RPEChutK3hwiiSTy2Tb3abYTZsKH33K/Y0pD7GiOsJR3JszFeKZSgLEe/C3oj7Oi+JAe/J8rMj2siLF2ZgkBz2yXe6TaXedaLFH1IPT5DtoUuWuS7nTHUrt1XjkfpVGzwvkGO0l5vYK4rTnkmg2hZrAVVD0Db/lfk1jwGpyzCeQqD2YNJ2hZOmOoMRoPNWWU6gUY8vN51DvsJhmt0U0O0+j0WYkTyyGU/VwIAkXOpB0pQe590eQpzeGYrPJ5BsMo9R0CFU2E3geuoE/i0/AUw1+a77PX7+a817Y35/e4XnSYXLMZhF/axA5emNp9lou9p1IgdYwCm4PIletN9mXBWp9ZTE3695okrXGEHZtEFHXBhB+sju229uiu6g9tyd35eG8/ugvVMXqs27Enx9D+s2xxKmPJENrBrkGq8gy3yPe01eCg+KdHRLv9AjJJt+Kd/otiUbiHYv3lmoq3q35WTJtLpFprUaa2WWZFLNLMsnmArOLpFleFp8BCVG3vCiTZHmeEL1vCTM8SqzpMeKMf8T7+lYMDo9He28fNHd05O5mZTTXteHe2o7orlfl3pquaKzpiMbaToLO3Bb1m6u7cGOVCuoru3JV8gRe1plLSztyfkkHzi7uxNlF3T8KwYt6c3phX84s6c/ZZYO4sHI4p5YN5fKG8ZxcNpxr22Zyd98Sbh1YiK/+j2R7a5AXcJ8sH03S3cX/iP/r////F7cD07kVkMINvxSueCdw2T2Wix6xqPkkci0glTthObLga5X35GN+2qJnMpJXsOT5eysinxsReYICbkQVcSeugrvJNdxLrkcz5RE6WU3cSW5ALbqaC5EVXIyq5nJMrWwvhpfLeX3/EcpZ8vQ1L3qDddkHbCt+xaH6DwxzWrAofivXpXbJM9g47yVWpe9xqv0LWykPbvl7rIrfYF4g+nKa5dy/9+IqxdmKscx/LodOlgRg+9JWXCre4Fr5VrbOpS/xqnpFQP1b/Ovf41YpxhQ9lcM4m+c/wji7iodp5ZjkVP89z28jLiXP8BDjPCQRuOQptnm1OJU14lHTgnv1cxxKHot7qsdR9EnrSeJvQOMHAp/8JuNd914O0WyUWoVOVB56MTlYZpbjXPQYJ7GvZUYVZukVOBQ8kUNMOxZL677F99Ffov77x/DPxa9xLPsFj+pf8a3/FY+KlzgWPpXnOBc341r6/JPvWoECBQoUKFCgQMG/F5/6UUiBAgUKFChQoECBAgX/M/nXQkAv3vdR+F24F6W5O2k7ZyfK0zejNH417aZtRHniGtpOWEV7QZtRy1Aasx6lcZLoK7FVFn+Vxm782D5qNUqjVwpWiPpy2oxeisqIKZw+sgVbvUvMmDmRzsMmoDRygVhjHUoTN9Nm2nY6zttLj2Vf02Plt3RZ+h3dV/1Iz7XHUF0h7Kqf6bP2FP3WnqH/urMM2XiZIRsuMWSdsILhG9UZuuUaPTefo/f2cwzadYFhO88xYusJRm/4nvFrDjFuyW5Gz9rEqCkrGT9lBdNnrGDxvAVsXjWHgztW8PPB9Zz5ZgMXvtvA9eNbMbxxCP3rB7l9ZheXjm7ixy+WsHPVVMb2787oPj0ZoNIV1fadU"
11908 [Forwarding screenshot on session b1310904-d161-49ca-a1a6-530fba7baea8 to remote] DEBUG org.apache.http.wire  - http-outgoing-47 << "O2gQvfOqnRT6UfnrgNopzIY5e7DUOo5ija9xqDcaxTteo2mbe/RtOs7jvb9J9JxwCS6DJ5Kj2Ez6D1ihiz89h08kYFDJzBk+CQGDpvIIGGHjZrC2NGTmDdpEp/NmkiGw0Pyre9QYnGNSsvrVFjeEuVbFFoJ7G5TJCiwuUm+oMThDnVeD2n0NxVlLUoddKhyNaTY7gFljg9FXZdSxwcyJc76lIq+EjcjKr0sKfE0p8zbmtpQFx5HelIf7snjGH8ex4fyJDGUp0lhNKdE8CwtiheZsbzOTeBFTizPM6NoTo/gaUoYjSmhNEiCcGIADUn+NKb68yQ9mKeZYTzJiKAxM5KGjCjqMyKpE+X6LNGWHSj6vGhK9+NpagBNyUFin1CaBE/SgmlIDRQE8DhVrJsSRGNyIM1i7eZEQYIfz+L9eB7vK6wX9WEOAjtxdmuBBY8izGmIMKMp0oynYUbUBj6kKvABlcGSx6825f5aou0+lT53qPAU9+t5lRLX81R4XyXD+iSloi3T9jRZ9mfIc75AksXPJBj/SILBURIfHiVB+1viNY8Qe+ewHLo5VOso4brHiTe+JOZpUuyuT22wNY/C7amLtOdRtBN10S5UyXmMXSiN9uJJdhRvytNpyY8XdxUhnjNUFs+TnY1l4bcgwJ6SYCdKg+3EWhY0hZtR56dLnbcmTwLuUuN2hTK7E5Tb/kix+Vekam8gQn0u0ddnkKg1iTzLidT6zOdv+Qf4NWsvjwOXkWc1nnqP2Tz2mEul1STS7w0g6/4wam1E3WY+tY6LeO6+hBcus2m2Gc8LmwmU3e9P/Pn2ZN3uJ3vt5j0YTaHheHIeDCJHpzfFxiOocZ5DfdBGHicd5Wn+FZ6XqfEk6zgf8k/SGLSZFN2x4lwDydUZRo3FNAr1JtJgNZucG33IvtiNzHMqZFzqSY7GMNLvjsPtRxWirw2m0GAcSVd74bhTGe35bbg2Rcr/2wfDRb1x3NKXpEsTSbw5glj1YWTqLBd/G1Ju3h9IMv+BBFOB2Y8kW5wk3focyeanRPtJUf9oE81OyDbNQrxni3Nky5wn0/wCmWbnyTC/SJrkISxIMj5LspFYQ5BodIZEixNEGIr3b/ItIfd2Y3BkMvc+74fmtq7cWq+MxsY2aMgCcHt01nXl7uoO3F/fCS0ZURdtd9aIsatUuCm4vlIF9RVdUFvWictLO3BhaUfOLFbh1KIenFrYk9Piec8slkTgAZxePIAra0ZzWaC+cSIXV4/mvChf3DKJm18tINzkNEWBuuT63CXB4f/3ENA3fBO5HZCEZnA6twNTuemXJAvC9yPy0EsoRSsqXxYrbQqaZAHYOLNBzvErhVHWiC7ivG8q5/zSOOubzmnvVE56CrzSOOObxbmgPC6Fl3IupITTgYWcCCzidHAZF6JqUItv4HpSI1ppH71/JfH3H0KvJO5KSDmALUveycKvhCQOS+KvFCJa6nNrAO8n4Fr3l+z561T9K+71f8o4Vr7DquiFHPZZwjC9HrOcJziUvMS7/jc5t67kkRvQ8I6I5t+IeP6naG+VhVubwnoxt0FQj0vNC2xKRDm/HvuSx7L46y3a/Gpf4//oNaFNH4h4+QfRr/9GWMtvH9cobZRFYAnjtHIZk/QqLLLrsM5rwLagUbbWObU4FT3Cv7aF6Oe/E/HsV7yrWrDNq5e9i2UP4MJnHymSzvYap4oPOFf+gkvl77JXcJCU+7f+PT7Vr/GqbJXxrnr1yXetQIECBQoUKFCg4N+LT/0opECBAgUKFChQoECBgv+Z/GsewAv3ozRfEoH3oTz/C9rM2Y3S9B0oTZLE2W0oT92K0oSNMsrjhJXEXtkLWDBmE0qjRX30BsE6lEauoc3otSjLrKbNqFV0HTadb3ctx1TzFDNmTaXD0ClirCQkizkTttJ28jY6Td9O19m76Tp/Px0XHKLTokN0WXwIlSWH6bbsG3qs+B7VlT+guupHwU90W36UHqt/pt+GM/TbeJaea0/Q77NTDNhyiiHbzjBqx3nG7brAZMGszy8yb/dFFgi7cOc5Fmw5wZwNPzJ97SEmrdrNmIUbGDZtAWNmzGbxymVs37GaA3tW8vPh1Vw7sZl75zZz69gK1A7O49aXy9Dcv47j6+fw+cxxrJ8ylnmjh9KrUxc6d1ShXSdVlFUG0EZ1OG17jUa5x0ja9hmHkuoo2vQcSZteI1HuOYzOA8agMnAMqoPG0nfwGPoPHk3/gSPp3384w4aOZ/Cg0YwdM4mJo8eycNJYds4dR5WfKdUud6lzvMFTFw2aXLV46v6Aeldt6jx1aPDRo95Tlxo3beo9dGnwfsgjz4/UexoIaygwEn2G1LnpCwxkat0NqJHwEHUvE2p9TKj3M6MhwJInIdY0hTrwNNyNp5HeNEf78iwugJbkYF6mhfMyM5IX2dG8zIvlVVEir4qTaS1K4mWhsAXJvClO4l1ZPK9Lo3lRFE5TvqAghqbCRJ4Up/KoOIWa4gRqS2JpyA+kIdmdZykBPE8I40VsFM9ionkUEURdjD+VsZ5UxXlQl+DFowQfGuN9aYrx4WmUNw1S2OlAZ6pCXKkIcaY20p2qMEdKg6wo9DUm31ufAnE3uY43KXbXoMRXi0I/bQoDdMj11KTQ/TZFztcocbxKqfMVSl0vk2l7nEq/G2RYn6bEQ50iz8sUuJ+l0PMs+e6nKPG6SIHLeSrdb4g71KTG6R6VDlrku9wm21uTdDdNcr0NBKakuuiT5mZIhrjfTF9zUrxMSfG2oiDCl5q0GNKCPajJTODPpmqaC1KoTw6nMSWMloxwOfx1XbgTj2OceRztwJMoWxr8jXkWIN6ZixoVjj+RbbSTZO2V5BquJd9gLUXG60i5O4foaxOIuzmebJ1J5D8YQ5n5NFpDNvM+8QsaQzbwIuozXoSt4kXgMl74LqXBcYGYP40MnYlUOy+g3GYyza5zeek0k8dGw2m1nkDejW5k3+pCxp0ulBoMokh/IIV6A8nW6kXm3Z7k3esv9hpGqv5ognXnY3ZpGi6aE/G9MZJS8wU0Oc8jQWMQ0bdFXXc42Tf6kyH6c3THUqg9mOLrvci/0p3oY22ps51NmPpwzA90IvX2EKrNJ5B2YwDuuzpzd5YSV2eqoLeoLybze+K0TpXUK6NI0uhF2p3+pGmvIFMSdM1PkGZ2glTTk6SYnibZ9BwpZheEvUiS6QWSzC+QaHGOJMuzAtEvSBXlNIFkUwTJFqLPXCpfIMHsDPGCBLOzxJueleuhuoeIM/6WcO192B6fj9auQWh8porGRhU013fh7rrOaK7tIhD11d25u1qF+6u7orOmK7pru6Ozrgdaa3uI9h7cXtGNm8u7cW2ZCmqLVbi0qAvnF3Xl7JJenFrSm1OL+3BKPPPpxf0FAzkjOL9sMBdXDOHSqiFcWTME9fXDub51PBc3j+P67pniPRylxE9LfNbvfPI74FPY5z3CIb8Bm+xa9OLyZUH4vHO4IFL2BL7mn4Kab5IcAvqSsGfd4znhFMUplxgu+CSjFpzNxcBMzvik8YNTDIetQwXh/OAczynvdDSS67md9Igb8bVciSyXxWCJK1FV3Eyok/P/asZWY5j1TBZ17at+x7TgDQ8yn8mYFr3FMK8V3Yyn3E2qRzOhBi2xpl7mU4zyWuTcv1IIaJOCl9hUvMPzMXg/Bcfq91gUNKOXWoNh5iNMc59glNWAdmIFN8JyuSCe86xrFPfDszFLLsMut14WZM2zqmUB2L2mBb/Gt/g/eScLv2bZlbKg61L6BIdC6c7qZa9d55JGXCub8BbjJWtfUI9pZjmmaaUYp5dilFyCWWYVjkWNeFS/xK/unWwlj12r7Br861sJe/JeFoDDm3/Br7ZV7CGt81Eoti14iml6HQYpNXLoas+a3whplkJIg2/9n2LuX4Q9/YOQxt/wl9aWPJOLmj75rhUoUKBAgQIFChT8e/GpH4UUKFCgQIECBQoUKFDwP5N/UQA+gNKC/bSZv5+2gjZS/t8Zu1CavIU203egPHX7R09difGS8CsJwJs+MkaUR0ni7/r/FIBHSeLvOoFUXo3KsBns2zAHw1vHmDx9Mu2HTBFzln+cM3Eb7SZtpdOULXQS+7Sbv"
11908 [Forwarding screenshot on session b1310904-d161-49ca-a1a6-530fba7baea8 to remote] DEBUG org.apache.http.wire  - http-outgoing-47 << "pM2M75AeeYXtJ/9BR3m7qPjvC/ptOAAnRZ+TeeFh2SBuN28g7QX5a7Lvqfr8qN0WvINPVZ9T09B79VHGbD2Jwat+4mhguFrfmD0up+ZtOkUM7afY/7nl1m85yqrDt5hzSFNVn11jWV7zjJv0zdMWriZMdPmM27SFGbMmMTs6WNYNm8c+7cvQe3n3ZiofYPxxa8xFdZWPI+p+lFu/LQbffWfUf95H5+vmcn4gR3p1rYdvbt0pHuXTnTt1otOnVTo2lmFHt270717N3r26k2Xbj3prDqAzn1H0HnABDoNnkbXwdPpNXACA4ZMZNjwSYwaNpr5E8exe9Fk6kIseeSpRaPrDVrc7/Dc/S7PPe7z3PchTQEPaQ7QpzXMlLfRVrwKs+B5kAnPAk14LhFkSkuQOS+CLHgZbEGzn4nA9D9sk4wJT3yMeeJvQpMY+zzEiudhglBrmsJseRLmwNMIR5qiXGiOdedZgjfPkn15lhrAs8wQWnIjaS2K43VJIq1lmbyoKKSlsoCXVdm8qk7jTXUy76tT+K0+k9/qsgVZfKhJ4XVlLC/LwmkpDqA+xYnqKEcqAp2oCfSgIcyHiiAnSkJsKYmypTTGlrJoBypjXKiN8aDQ24oSXxuqQpwpkfIEB4u+MGc+FEQLInhfEMK7HH9eZXjQmuxEhukl8iyuUuV5n0o/PUq8dch1ukO+/U0yjc6T8eAk2YYnSDf4iRjdQ5S4XCNc60eC735PrGgP1fuWYL3DZDidJ0B3P/7a+/G6s49ArSOE6/xIhO7PxFueJtLiBJFmp8kR7yfTVQenm99jcekrvLSPk+CoSW6ACaVRzjSkBYs7S6Y5L4HGtAiaMqKoi/GlLtyDp9GeVPla0hzpxNsEV94kOPLI9wF5VpcIu7af4MtbSbq3g2yDzcTenkXsncnkPJxLtu4cnrpsJUVzChn3p5KqOY4ivcmUG0yi0nwWZbYLKHNeTmPIFl7G7BCfnVW8DFxFo8t8WrxW8cR1NXWOK8kznUKK9hDZS7dMkH9dldI7vci80pGS+33I0epJjnZf8h4MIl9/OAnqKiRc7kzW1Z5kXu+H9+mu6Hzdl6tfDEJtT3usvlcl5HR/XrgsJPRCN8LVhoh1hpJyuTdRl0YRdXUABbpDyRPzi9R7E/RdG2od5uN/eSim+7uQfGMgDTZTSLs5EPedXdGa1Qa12V3RW9QH8/mqOMsC8AiSNHqQrtGbNJ2VZFicJd38lOA4qbIIfIoUScg1vyCHdE42+ygAJ1meI9HqDEnWAivRb3X+P0i2PE+ShcD870gisBgfK95vtMlJoo1+JurhYaL1DuB4Zhn3dg5Gc2tfNDZ0R2NtV+6u7SJzb203QXeBKvfX9EBnTTceiPqDtT3QFWfXXtsTrdU9uLOiG7dW9ODasu6oLe7G5UUqXBScXdKb00v6/F0A7vefAvCigZxfOoiLKwZzedVgrqwehPr6IVzZMJzLm8dyfuMoLm4Zh9PVz0mxvfjJ74BPoRudL/Mwrgij1AosM+tlz9OHiWXci8qXcwGrBaRyySeFM25xsvgr5fs955WIWmCGLABLuX9/cIjge7swmR8dI7non45mXBn6mQ3opjfwMOsJ5sWtspeuc81vWBW/wiDzCYbpjRikPsE4o1m0vcWx5m841IBZ6a88yH7JrcQGbiY84lZ8HbcSqtFIrOJeUhU6KTXopNWhlf4Y3ZxnGBS8EDxHP7cJo7wmLMte4Fj9GuvS5zjVvMGm8iV6WbXcTSrlbkoZt+KKUQtKwyihHA8xL6TuA75Vr3HIb5TFV8nLN+TZr/g2vJKRQjxLwq9ZehlWmZV4lj0n7OkvxLVCUOM7WQw2SS1BPy4Pg8QCLNLLscmtwavyubyWf90rAhreEPz4A8FP3ou5vxHe9CtRz34npuVPogVS3bfuteyFbJVbh2lWDSaZ1Zhl1Yv6YxyKnuNe/grPyjd4lr/Fo+wVwY9+I7DuF/yq3+Fd8VqcqxWP0peffNcKFChQoECBAgUK/r341I9CChQoUKBAgQIFChQo+J/JvxYCetFXsggsobxAMPdLlGZ+/mkBeMLm/xR//18CsBQCeq0sAH9E8gBeTbfhM9mxYgqGt48xZcYUOg2XcgBLuYTF3IlbURZrtp+4iXZifaVJWwSS+CyYsoM2U3fKKE//nLYz9gq+QHnGPpSm76XNzH20m3OQdnMPojx7Px0XfiULxZ2F7SroJnOALrP30HXmbroJes7eS9/5XzJA9A2Yd5CBcw4xfPE3TF17jDmfnWK25Bm86msmL93FuLnrGTl1KcMmzmXYhFkMnzCFgUMGMn/+dH74bj/ampcx1r2Kjb46D68f5d75vVje+ZYIWzXMru7hh80TmDe0I5P7dGRYpzYM7dKWod3b06u9Ej1VOtGndz+69hxIW9WhKPUciVKfCYJJdO47iV6Dp9Bn0ESGjZjAnEnj2b10Ko+j7Xjir81zr1u88dPgrZ+mQJtXAQ947q9DS4Aub8IMeR9pQmuQAc/99IQ14lWwMa9DTHgTas67cAuBJe9CLXn7T7wO+ydE/+sIq/8k0orWaGteCl7ECOJseZHgwIskF16meNCS6k1Lmh8vMgN4mRvK64IoXhan0lRRQnNVKS/rSnn/qIjfGwv525N8fq1K4dfyOH4piuBdbgAv0lx4Em9FtaAk2oqaWGeqwp2oDnPmcYw7T5LdqU90IDNQl5xQIyrFvjXJ3pRHuZHrZ0VhoA1VUa5URjpSF+3I00RXGmMdaIqzpyXeltYEa1rjzXkVa8qfqU78LdWV35IceBljxdMIcx6HmVDjrU2htRoVtupU2KtRYneZZKMfKXe7QbrBBeK1T5JqdFEWeIO1viPd4TJ+97+W8756392P970DeAnre/cAadZn8bl1gAeHluN4/gs5329doAk5jncIe3CCOJOLsjfy41hHniV58jTGkZpAQ+qDDOXzPJPCVfs+oMZNgwyD44Rf/wLzgzN5uGss9z7rz4PtQ7A7NBWr/aNIvL2MYpM1xN4aS5rWOHIfTiVNc5z4fGwjW3sy8deHkaczkVL9KVQYTKbcZAa5JrPINJtHQ+B23iYcEO94Jy8D1tHktkQWgKus5vM2aCdPPNeSoTuO0LPdiD2nQuyJtsQeb0/Suc4Uaw8hT3swmfcHk6w5hEy9sURe7EbciQ5knOpO1sV+uH3blYvrOnNsQx9uHezHvV0dMdupTJ3xdOLV+ojxA0i9pErYz10JPDmCgHN9KTeaRPqF7hRfH4D/t8o8dl1G8LXRWBzuRtLNgTQ5ziL91kC8dqpwf7YyV2d35eHiPlgu6InLWlVS1YaTpNmDTI0+pOuuJNPyLBmWJwU/f8zrbHFKIHn4nifF4iPJludIshJI4q8g2Vq0y7l+r8hI5WSLix+FYkGK9SXizM8QaXScCMNjhD88SqLxN/ior0fvy7Hc2tQTra190NrUXfb81VrTmftru6C9TkXQA531qnIeYD1Rlngg+IcALHFXoLG6F7dW9eLGil6oL1NFbVnP/xSAF/2fAvDZxYM4v3QIF5cP4dLKQVxeNZCra0V9zWAufzaKO3tncH7jCM6sH8bD75d+8jvgU7hWvMCp9BlWuY8wSC6TQz5rhGWjEZ7D3cg8NKMLuCPsrbCP3I4s4G5sCfcTymVvWt3UWm5GFnLZP4MrAZlcC5HyAheiFV+Gfnod9uWvMMt7Ko+9HprDFb80GfXATG6E5OBQ1Ip13gssc15gVfgGu8o/ZAHYovxPDAs/oJPVys3EBi6EFnMuKBe18AI0EyrQS6/lYdZjbifVcSf1EZqpDdxJquZWXDm3YovQSCjlnniee4nFWJY9w6n+LQb5j1CPyuFsUIogjYv+qVhnNhBY+Z7YZgh9/AfuJc+xz3ssi8BOxY9xKnuCe/UzfGpf4ln1HJfiRlnslQTggNo3uJY8wa30qYzUbp9Xh21ODXa5tbKXsG/NS9mrN/DRG1kwlsJNhzS+l4Vhx4JH2ImxTsJK8z0qP+YXdq0Q+4h+16oWzLJrscitx76oGfeq1wTW/0po45+EPf6L0IY/cStukQVfL3HPvlVvxZk+yKLwp961AgUKFChQoECBgn8vPvWjk"
11908 [Forwarding screenshot on session b1310904-d161-49ca-a1a6-530fba7baea8 to remote] DEBUG org.apache.http.wire  - http-outgoing-47 << "AIFChQoUKBAgQIFCv5n8q95AC8+RJtFB2UhuO3Cr1Cetx+lWbtRmrId5em7aDtNCge9hTYTP6I07v9PAXjETDYvHo+J5kmmzJxCx2F/F4CldcZJ622k7bj1AkkQ/rsAPEnsKZWlPSdto83kHbSRBOEpO2kzbTdtpu5BedpHMVh55j7Za7jdbMlreK9Mh1kSewS76Tx3rywCd5qxi47Tdwi7gy6zdtF95m56zdxLvzn76D/3SwYtOMCwJYcYs+obxq3+huFL9jNo/h4Gztst+nfSZ852+s7dxsAF25iy/gBLd33Dpv3fc+jnU5w8d46zZ45z88pJTO6rYXz3PB5mt/E3VMf11s9c3LuGvctnsXLGZEYOHkTv3v3pqNKb9ip96CBsp+696Koq6NmfLr1H07XPOHr0HcOoUROZPXEsB9bM5kWKC60RD3kTeIf3gbd553+bN36aPPO8yVPPG7T4afAy4C4v/e+K8l1e+GvxOugBb4L1eBvykHehBrwPM+RDmDG/hpnJfPgn3oeb8VuUJR8izXkbbsobwdsIM95FmfE2xpg3cUYCYePNeJNgxZtkO96luvA+05P3Wb58yA3ml8Jwfi+O4ZeyZF6VZdJals3L0gxaCpN4lhNNU0Yoz9KDeJ7qx4tUb16levIyyZmn0dY0JrrQkOLF0zR/aqJcqQp3pCXdl9YcX56kOVEWaUpptA01Sb7Up0RSmxQmbACPUnyoT3KjJtqW2ghzKvx0qPG7T63XHWrcrlHpeI4K21NUWB2n3u40tYIq1wtizDWqAm9R7n+T6oDb1It7fRJ8h0qvS1T6XqHA8wyPQ29SaXWCGuszVNuep9T6HMU2wjqpEffwKKnmJ0i3OEGC4ffE6h8S9jsKLC6TqXeJCPWjJNw9RbHVHR656/Ms0ILmAHMeextQ7nSPLPNrJDw4R6zWYeLufkbY1aW4H5+G/bfjsPpqODYHR+Dxw3icjgzD7dshRJybgN9Pg/H5YSDe3w7D+UA/su/Oo856GUm3BpGhNYQiw/EU6o3nled6ih5Owe9nFWrM5vDcaSkNVnMoN5tNttEcUg3nU+Wxnd8zT9DgsYkGlxXU2c3npecannms4YnrGvF52UO5xSKCT6sSdbYHESc6EPStMqkX+1CsPZKceyNIvz+aDLHPI+9NFOlNI+24Clk/diPnVD+8D6tyalEHDi/uxfmd/VDb0AnXI/2pejCJonsjibvQn4Bv2uB1uAPBZycQemUENZZziDvZlbwr/Qj5qT2PXJcRe386Ft/0JO7GQJ46zSLj9gB8Pu+Kzhxlrs1RwWBJP1kAdl3bnQy1EaRo9iBLoy9ZuqvIsTpHhs1p0q2PkWYlcVJwhjTxHlNE339gfZ5kG2ElrC+SanVVoC6TYnmFZItLJJlLIrAkDl8gzuSU4ARJFqdJMP2ZsHu7MD0ykbtb+6KzvR/3t6iivakbOuvFOdd2QXddV4EKuuu78WB9d/TWfxR/JeQQ0Gt7oL32owh8T6C55hMC8NKenP5UCOglgzi3bAgXVgzh4srBXFo1kCtrh4j7HsYlwZUNI7i+bRzqW8eitmXMJ78DPsUJ+yBuh6TLArBnzWvcq9/gUPIc6/wnWOY+RlsSUiVBNbpIFnWlkMoGGfU8TKtHJ6ma+0lV3Igo4EpQlmy1Eit5kFYn+mtlAVgab5LTiE1RC3YlL7EpfoZdaQtute/wbfwLl7K32Ba0YpHdgnleK3Zlv+FYB/YCm1p4mP+aO8mNXAot4WJoATdjy9BOreVhRp3sAayf/wK9vBYe5D7nQc5THgoMxLlN8p5gVvAE45x6rEqbsat8gVX5c9kT2L7uDZblLzHMbsAu5wl+ZW8IqfsVn0rx7GKueVoVximl6CcXYp5diX3xR49gyYNXEnJ9ql/gWd6MW8mTj2JwxTMC6l8T/PgdQQ1v5bI07h9lSQSW5vxjjOQNLM2zzKjAXpzPKf8xbuKMkvjrWSXWrmnFq/4tvo8/4NsgzvXoF7zr3ov2t2Lf1zgXiufIaMBM3L+xuG+zlBqsMh5hn/sUp4Jncv+n3rUCBQoUKFCgQIGCfy8+9aOQAgUKFChQoECBAgUK/mfyrwnASw7LIrDy4q9pL9kFB1Ca/cVHAXjG5yhPkzxyt9JGQhaApTDQ/yQAy/l/PwrAbaQw0KPWyqGglUaukgXg7iNmsXnJeCzun5MF4A5Dp4p5kgewtMZmUd4g5w1uI60htU3YKdiG0vjNtBF7tZmwRUZZtLWZuJ02k3agPGkXbaZ8/nd2y6KwsiQMi7NKSGdWnrZTIMZOF88xTcydKiHWmbaVdjO20XH6JlRmbKLn3K10n72ZrjM30W3OVlTn70B1wS56LdpN9/k76TJ7O13mbKfHgn30XXyUQStOMHXbVZZ8pcGyA7dYtk+UPz/Dqt2n2bjvDNsPnGX7/lN8e+waly/fRvvOXbRv3uGhpiYPbt3kxumTnPn2ELs3rGLlnOlMHNafAaqdUO3SFpXOHenerT8qKgPoqTqQMcOGM3v0IM59sYoPmW58iDXkl1ANfgu9wy/Bt3kXpMkL7+u0eKvzOuCm4Dav/W/xJlBD9N3lrYyWKEvc532wNu+DdAR6gof/B+8Ez73u8sJXi9YAHd6IMW9DH/JG0Bp2X6BJa7gWryJ0eBWlz5sYU17HWvIqzpY3ic68TfHkXZqvwJ936X68SfHgtWhrTfLmeaIPTfE+PI7zpj7ag9ooV+piXEXdk0fRrlQF21MX4Up9pAeNcT6y9295kA2PJU/eeFtakuxoSXHhaaIn9XHBPIpPoCElkdokX+qS3SkOMSHf8y5Zdpfwv7oD5x+X4HF0AZ7fzcbzyDQ8vp6E5/5xhB0cR/CXI/A+MBzXQ6Nx/m4ivmfmEXl1JUFnF+BzbBaeP0/H99xcgq8tpdL+AFmay8m4tYyUGytIvb2RNM0dJN3aSbXNabK0D1Ju+hO5OgfI1ztAsf7X5GkdoUzvGCUPj1JqeFSM2U+U+hZCLq3H+9QK3H5ehNfJJfieXY7bT3OxPzxOnHMMvkfH4vfDBAKPTSHs5CxiLywg7NhUQn8eR/jxMcSdHkv0iWH4fN0dnwO98Dvcm+zbk3lkOY+M233J0epHqcEoas2n88p9NaV6kwn6SYX060N5bDmXJvuFNLmuJtt4ARnGy6h0+5y/Sm9Rar2aLN1plBjPosRoBtXWC3jispq3gbtpdN5ArPpQYi73IfxUJ8J/bkfuzYFU6U+gUGcceQbTaQ4S61Rd57HDagrP9KXseB8KT/Yn9Ls+XFjcmW8WDeDK3hHc2tEbp0MDeGQ0ndJ7Q8m6NgivA21w/7oLkZdnE31jMlWWC4g+pkLGxX4kXhJr2S4gzWgxZod7EX9zsCwAZ90ZhM9uFXTnKnN9rgpGS/tivUjyAP4oAKdqdidbsy/ZD1aTa32OTJuzZNic/Ij1aYGo254nzfoCqVYXZJsmib42F0m3uSTKaqRaqpNmdV1wTYxRI8XioxdwoukZYc8Qb3KcJMmb2OoUUXqHsPlpFg8+H4jWll7obuuN1oau6Ar0Nnbl4fouH1nXlQfrVWT0JBFYEn/XdENndTfuy/Tg/hpVNKUw0Kt6cmOFKteWqXJ1aXcuL+nBuSWqnFnSk9OLe3N6YR/OLOov5//9ZwH4worBXFg5kEtrhnBZEoE3DufG5lHc2Dpa3P84bmwf+8nvgE9xNyJb9vy1yX+MfdFTOdzwA0n0jcqXPYAl8VcmrhSdpEpZ0JW4n1CJRmypLPpeDcmRuRVVJAvCkgAsjXmQUi17/koewB51vxLYDAHNf8On8Xe8H/+G3+PfcS59hW1+C6YZTzHKbMYsvxXLkg9Ylv2CWekHTIo/oJ/Xil7uc4wLXmJd/ha7qndYl77AOL8ZA9Gmm9OCVnoj95Lr0UquRSdFnEHs/SC1koeC+4klaMYWcD+5VA4J7dn0h+AvHKte4VLUgrc4g3dpK075TVhl1mIpMM+qFWeqxDqvHsfSRtkDOOTpBzlMc2jje/yrXuBe+hTvyue4lzX9h2ew5MnrXdUii72SACx5+kp9kkew5BkseQhL46Q2mcInuIp7dy1pwrnkqZwr2K5QvAtRdyx7hlfde"
11918 [Forwarding screenshot on session b1310904-d161-49ca-a1a6-530fba7baea8 to remote] DEBUG org.apache.http.wire  - http-outgoing-47 << "xlJAJbwEc8uhX52zn+GXVYjlun12GY3ysKvW8lLWSCW+j/1rhUoUKBAgQIFChT8e/GpH4UUKFCgQIECBQoUKFDwP5N/LQT0siO0WXII5SWHaSdQXnDwowAsCb+SADxdCge97aMIPGnrJwTgv3v//kMAlsTfEasFKz8KwCNns2PlFOz1rzB9znQ5BLTyONE/QRKTBZIAPFLUh0uisVhnjNhj7BbajNmE8tjP/oO248T+46X9JUF4O0rjJcS5JkjewpKXsqhPFkwR5b/TRgpfPUXsITF5s0CcedIGgTjn5JW0nbac9jNW/AedZq2h67z1qMzfSMdZa+k0ez3dFnyGiqDzzK30mPE1Y1ddZN4OTRbuvs+8z+8xZ6cG83cLu0OD2aJ90Rc6LDvwUNj7zN56kaW7zrBq1wk27/6Rrw/+zKUTZ7DSvkegtQmeRncxvHqMY3vXsGbGEMb370S/Du3o074jA7t2Zlzfbswb2g394zt4HmnEM/+btHhd4rWvGq/8r/Eq4DYfgu/wS8hNfgn+yIegG/wieBdwgzd+N3jre1OMF2UZUfa5Jdo0Zd78k30tKDM9QZ3teZ553BBr3+VN4D1a/TVoEeu0+KnzQqzZGniHV8FavAl7yKswQ16GGdMabiGwoSXMlqZgG54FGvFamut3j2YfXRp9jXkcZMOjMCcKfMzI9zWnWIyrifagPtaXmjBPnkX78CTEmSfhzjyNdORlojO/53jwR64rf+Y48ybehhfRzrTEBdMcl8SjuFhqEnxoSvOmKsSYSm8Niq1O4/7dXGx2DMN55xC8Ph+K765BeG7pi+f6HoSu7Uz0ho6Eb1XBa3Mn7Ld0IeibkaRdWiDsOFz3DMLvyFhcvx6B5/djeWS7h8SbU/E7PhiP7wcKRuIq+p0PTiDr9g4stwzFbe84LNf1xmFzX+w/64P1+oGYre2PztKOmGzqhtOBgbh/K3nxjsD125F4/jgO5yPDsD/YH88fhhF9cSrJl2YRf2Y6MaemE3duDkmXFpGuvpTiu+tpMNlO7cN1FNycRanGbIIPd8fni65EHe1Pzo1xPLWaS5H2IMr0h1GkO4xqk2l88N5E2YNpYq3+GG9UJuTnThTeH02rzyYy9eeSbryCUqfP+avgFiWW68h7OJ8c3ank6U2jNeRzsnWniM/XTl4H7CRFczThF7vjf6wNiZe7UKTZX5xpEnXms6i2W8avZVfgV0uKTBaRf6oPNaf6UXKsD1Hf9eLasm4cWzmcc7uGoiZ5xW5sx2+BG6nSHkDmFbHmESV8vu1FtPpCYm5Np9R4LlHHupN1eaA47zgKLeaSa70Gs8O9Sbk7imaXOWTfEe9odzcezGsrC8DGy/piu7Anrmu6kaE2jFTNbuRo9iFHbyV51hfIsblAps25j8KvLAifF1wkw+oiaYJ0S6l8mUxrNZl0QZrVVdKs1WUxOE30pVpeINXiLMlmJ0mxOEG88VGSTI4Srfc1rhdXo7WjH0Z7B2L4eT/ub5RCPXdGf5MKhgKDDV1l9Nd15eHarjyQhOB1kgj8UQDWXtUVrVUq3FvVXc4BfPf/8gC+tvyjB/D5JT0+CsCLJHpzZlE/Of/vPwvA51dKDOLi6iGorRvKpTWDuLR6INc2jeDKusGcXz3gk98Bn+JeZB4P4kswTq/BPPsRRmnV3I8plPP+nnGPkcM0a0YVoZtcJXv0GmQ0CPtIzu1rkPUYw6ynGOY2Y5T3DIOcJgyzGzHKeYJx9hOMshqFfSxsA4YZteiLtY3SajDNrMcqrxG7omdYiDEmaWLNpFoeJNXxILkBndRG7gurmViHRkI9d+JrZO5J/RmSd28TlsXPsSp7xZXQIi4EF3ExKJ+r4cXci6+S95S8jZ2rXhP9GkJbwbPhHRYFDeilVKCfUY1F4VMcyl8S8vhPop78jcjGvwiq/xVfKZdu9WvcKl/KobGlENlSSGav6pf41X/06g2RPH1rX4mxH0Vg6yxxN3HiHqOzMUoslOtS+GcJp8KGj6Gec2vl3MGS169U9ihvlr2E/WteC97iV/sWn5o3eFW9wr2qFQ/R5l3/Qb4j28Jm7AufyTmAXYtbcSkSZ8t7jn12E3rRpRjEV2KaUif2fSLWFmPFu/jUu1agQIECBQoUKFDw78WnfhRSoECBAgUKFChQoEDB/0z+JQFYafEh2i77FuUlR2gryu0WHUJ53gFZAG4zcy/tZu6RQy8rS+GXJZF1/BbajN/8n0LwmH8KAS17/v6nACx5AUs5gHetnYG94VVmzZtFR0kAHrUcZWn+mE20Gb2BtiPXojxSEo/FGqO2CD6T2yWUx2z8P4TgNmM/CseSGNxm/Hba/EMAnrhNFoGlcNGyACyJ1lJO4WnCTpVEYHHmKeK8EpPFPlPEOaeKM05dLsasoM30FbIg3G76cjqKcpcZK+k+axU9ZgtmraDn9NUMnb6difMPMmvlD8xbe4LZa08yfc0Jpq05zfT1F5j5mRqztlxn9o47LNxzjxVf3uGzQxpsOnSHpbsuM3vDMWasOsK8lfvZ+Nl+9u/azXe7NnD0s9l8t2oER5YM5fM5Y1k7fiiz+3ZlwcBOrBreCfMTn9Hoe5snbud56nyKJpczNDifo9HtCs88LvHS8xxvvS/zzvcKb3wv88brEq88L9Eq+lrdL/LS/RKvPa8I1HjpIXC7yktXdV4IZOsmcL9Gi6DV6wYvBc89rwmu88rvFq0+wnpf5a3fTV773RbtN2jxuk2L9z1xJk0aXe/S4KpFk9dDGtweUGmtRqPTGXkNqb/M7h71flY8CrWnPsqe5mQXniU78yLVndYMP1qSffg9zZO/5XryS4En7wtd+DXTlFrfi6Q8/JyQKyvwPrmUBI1DvIp04FV8CI8i/Xic4MnLVE9qfHVp9tWk1uJn/A5Owmv7APy39iZiez9SvhxO5ObehKzrStxGFSJWtydubx8SvhtF+I/jiT43l9hLywg5uRDvH2bhe3whbsfm43N+BUX23xGhvR7ni7NxPDMLu58F38/C5+QSUm5tw+/bGQQdmUTg/qEE7etP8Bf9cV47GJtlQzFZ3A17sa/lZ11x+2owQT9PJfr8IhKurCL12loybqwi4+YSYWeTfXsaFfpLqDFdTenD5eTeW0CmxhxSb00XTCRfazLlD6ZQqjWK+NPdCD+iSuS3A0k5N5Y6w2lUGY4RYwaTcas/NSYz+NV7G2XaM8m8OhaLTW0wXa+E59dteeKwghKL5SQ/XEyD70H+lqlGme1GMnRmk6IxgSfO66mwWkq67jSqbZbT7LGeUvMZpGoNJOFmF/K0e1Gu048m84k8sZpFgeF03qcehWe61Ll+RtbJXlSd6EvhD91I/LEHt5Z14Mcl/Ti3azCXtnRH//OO/Oa3kmqdXuRfV8F7vxKhxwcTKu43U28pRYazSDjThzz1YeRojJQF4EyzFTidGEKken9x/pnk3R0i7loVvfntuTazM4aLe+G4tA8uq7qSfnkIGfd6iLvoR97D1RTaXqLY+Sa5tlfIt79Knu1l8u2uiPplckRfrr1UvkKOjahbXyLL8jLZ1pfJEmPSrC6QYn6KJJPjJBr/RJLxDyQafkOCwaG/8xW+1zdgcGg8+nv7Y/B5bx5u68HDzd14KAu/3TH6JwzWq6C/vgt6G7rIIrD2qi7cW96Jeys6ywKwJP7KAvAaVTkH8M2VPbm+vCdXl/bgypIeXFrak4vLenFhSW/OLuzNmQWSCNxfFoBllg3m7PJBnF0xkLOrBn30BF45QObiqv/kU98BnyLyJcS8hrh3EP8ewl8gh4C+HZHLCecILvumciMsV875K3n1SuKvJOyaS2GIy17h8uhP3BuRreSda5bfglnBMywKnssYZj6SvYCl9W6EZqEVXYhhapUcYlraRyM0R5CHZngR92LKxNgadJIfcT+xDs2EGtTDi7kYmMtp73ROeqZyyV+skVCNdWkrbo//xsPsFnQyBelNPMh4IvZ8gXvtb/JzJP4Ct8We1wKTueqbwPWgFHTjS7AvayFE9Cf9Kp736d9IfAXpHyBF3EGcKIc0/00Ot2xX+ATHkmbZ2uY2YJtXL+frlURf34rnsgAcUPdK9gD+h4evJPhK9"
11918 [Forwarding screenshot on session b1310904-d161-49ca-a1a6-530fba7baea8 to remote] DEBUG org.apache.http.wire  - http-outgoing-47 << "X94BUtCrxQCWhJ7Ja9gyTtY8gqWymFPfyNK7CUR0fwXwY2/4V//Hq/adx+9fus/ENYizvNM0AShzRAlytHPBaIcKQgX7RIRoizxj/qn3rUCBQoUKFCgQIGCfy8+9aOQAgUKFChQoECBAgUK/mfyrwnAi76mzdIjchhopYVfoyxoM3c/StM+p80sSQDei9JUKeSyQBJYpZDM/4cA/E9hoP8R/lkSgEeu+g8BeMvySdjpX2HW/FmojJ4txq6QwzsrjfmMNqPW027EGtqOEHNHSCKyWH/UZyjLHsV/F4AF/+kRLO39DwF4mywAy8jhoT8KwLIILHkDS17LkgD8zx7AkgA8SZx5kiQEizPIiPrkDWL+OtpOXEP7CSvoNHEF3SatosekFahOWobqhGX0mryWgTO3MWL+HkYt2sfIhfsYsehLRi35ijHLDzFh1XdMXHOUKeuPMWvrGRbsvsaarx+w9QcTdv1oyo5vH7J+z1WWrP2OuQu2MXP6UqZPnMLsSaNZMnM0G+aO4eulU/lp7RxObV7IoSVjuLJjNlY/r+WXBCn8820+BFzlfcA1Wn2v89z7Ji2el2n1OPsR9zO8cDvNC9ezMi0uZ3nmdFpwhufO54Q9S5ODqDuKsuN5njud54XLJV66XZaF4Vde13jtIxBrv/K9wQsvNZ6JvheuAmcx3uE8TfbnaLA+wxO7C2K9qzy2uUStxXka7NRocrlNi7sURvour6Ww0eGGvI115n1SEG9TQnmbHsybHG/+KHLj11RjXsfqUut3gyKXy5RbfUedzVcUWewh33Yv9QHfUu78OQl35xBwagTu3wzG7duJlFod40O6M60pHjQnufMy0ZUaN03KTY6Rdmk9Lpt6E7ylNxGbexC/pScZnw8gck1XApa2x3t5J3y2dCfp1EzytLeQbbKfEnFnDRFaPEsypzXTiVcFXryvCedtXSRva6NoLgzgw6MEQTy/1cXwS4m/2NeCZ5FaVDofo1B/KzFnxhF7fBCxPwzAcZUK1gtVsFzWkbAjA8WZxpJ7ZwZZd+aRfmcpWZpryNVaS57WCrLvzSf99izi1KYLu4Ts+6vI0dlA3sPNFBtvp9DoMyrMPqPeeiNVhosouDuBpPMDifp+IDFHR5B4aiQVOpMp0Boh1hxK6s0BFOtO4a3rZvJvT6Hg5hScdyrj91VHvA8qUao3jSLjBaTpL6LCZTstYUdI159P9M2xJGlOotZ+HU2+e6lxFHs6ruGFz3pKLKeS9qA/GbqqFD1UpepBb56ZjqbmwShSbg/nZdxheGVMnc/nZFwYSsnJflSd60/yT6por+vK0YU9uCDeweVt3bA83ItWt/lU6qmSf6sTkT8pE3VmCJFXZpOuI9rN55Fyvi8F14ZSqjOB1AfjyLVche0P/Yi40ofnrnMovDeU0P290J/fThaAjRb3wmFpbzzWdCPryhCytMTa9/uKO1xJoe0F8mzVKHS4Jgu/+eKzmmt9Vg4NnWN1miyLk2RLmEucItvsFJkWJ8iQcwb/RKrZdyQZHybR8CAJBvtJNT5AmtGXZJl+RfidDVj/MBnTQ6Mw2NMbg12q6G/tIYu/+hu7Yfh34ddwvUQ3DAR667vK/EMA1pLEX8H9Vd1k8VfyAtZcoyqHgP6HAKy+rAdXlnbn4jJVLi3rycWlvTi3qBdnJBH4nwXgpYM5s1ywYjBnJU/gVYO4JIvAH7m46iOf+g74FDpxxbJIetk7gUte8VwPyeR+fAn6qbUYZTySxd9bEfloRJdwN75cDvGsK+XgTX+MQeYTDHOfYyDl3814wt3EajkEs+QJbFHUIgvAUv5fvWTRHl3InbAcNMJzZA9jvYRSDJIr0I0t4UFcKQ/FuoYp9RimN2CQIeakPkInuU5G8urVjK3gfmINRtlN2Fe8x+Pxn3g3g8dTcKoDi+L36KY9EWevFfvVYpXXhGtFK6HPkD1qJQFXCnMtefZK+XVdRJ9dYRNuJS8IrP+VmJb/h72/AK7jSNT/bzEzMzNbksXMTBZaZmZmZpZlZmYZZGZmZmZmjOMwfP99jp3EySq5u5ut+979vVO1n+qZOT09PSCfrfOke2DvW9glyo2Pf2T59XfyUcoys07fY9aJO8w4foO5J2+y+Px9qq8/Z/3dN2K/H9n18gd2PP+OrU++lo8QXnf37a/v/ZWVsm2yz3+pIx/5e+8dG0Q/qm++k797eJU43rIrr1hw7gkzTz5g2ol7cuMP3JCbdOi22C6bLlo2Ylgc74noqzj/Pa9h+0tZn2HN3e+puvm1/L3KNd1riUQikUgkEsl/l5p+FJJIJBKJRCKRSCT/b/qPBMAKUY3lAbCioCAPgItQDCxDObAURd/Cj2ThqmcOSr+EwLIRuS6yEDhN+CwAlvv4DmBdh0Ayoz1YNKU/wRG1MfQIE/t8egewcyZKjqmoygJg+08BsINo1zFd7Jvyu1HAsuPIiWP+FgALHh9HASt55skpe38arfwpAFby/RQAe4l2ZaGvjGc6CrLppN0LP3LLF0Q91xyURb9UxblouKag45KMvmsSBq7iPNwTUfNNRT0wC62gbLSDs9EVDGpnY1Q7C9PQLKzCcrCJyMUptg6eSfUIyu1BbN1KsppNp6TVTBq1mUHD5uMoKutLenYbYhLLCYjIwqlWHCZuQZhYORBkZUi0tQ51Ah1oEOXOhFaZTG0aw/sd43izuhevlnbk3YoevK3qy8sV/fly3QC+3diPr9b15svqnny5phcfqvvw1dq+ouzLF6t+Gf3bR+wj9l/WnVdLuskD3bfLe/LFyj6i3gC+WT+IN2L55YqePFnShfvzOwjtebigIw9nt+PR9NY8ndWO53M78mRWe57O7sCbxd35sKofX68ZwPcbhvLj9jH8vHs8P+6ZwPtDs/niWBWvDq7ni+P7hL38cHE3rw/P4dTcJqzs5MnOLp7s7eDGwbbuHO/lyY4edpyaFMrb/c34cLQF15clcG5SLY4PduHS6EDOjIjg6Og0bq/twZvDs3m6bwkvdy/k9uLBok4xG+p7sThBgx1ZBuzL0uVItgEn80zZEqXKytqKrEjUYm66PiuaenFiWkPu7RrDFzfW8NOH0/z87U349j78+JyffnrFNz+84Nvv3/Hs4UPu3bjJ22cP4IdX8N1dUe8CP9xYxu1NXTk2JYVTlaHcnRPJ/h6WLIhXYW6oAtPDFdjUQJfTg205PsSeI8M82T8oQAjlyPBoLk5M5N78NJ4tK+H1qg68XNmVJ8u78GCpIO7R45U9ebGmO19s6MaHdW15MCubs8MDOdTDhf3t3TnUyZcDXZy5Os6fI4MsOTHSlsNDrbhY4c2XVVlcGObNvfGhbGmkxcV+jhzpbMCV0Z7cmB4mrnEIxyaHCiFsH+LE+p6W7BrkwvnpcdxcXMDVebl8t7sRPx5pwNO1sZyaZs3hsZrcmmnG46kWPBhjysX+RuKa2/P2SFt4O51T8zPZ3N6Skx2tuC6uw8FWsmmONWkfoUOPQlN65ohr38JcnGs4t6dbcHmsAUd7arCvmwW7+/qLaxjM0yXR4jkw5uIAS+5P9WfvMGuuLEphVlMDNnXT5fWK2lweY8euRqZMCVdjUKAmU6MMWRRpxOpUPc72t+fsGAMujTHj/IQELszrzqkZ3bg4vzdnZ3cVZRfOzWnP+bltOT+nFWdmNePszKacndGUM9ObcHp6U45Pr8/hqSUcmV7CsRmlHBPl0alFHJlch8MTczg8IYtD49JY1sGLcQW6TCgyZHKhAZMK9JiYLRv9K0rxjE1OM2ByqpAio8+EVF3Gp+lQkapNRYoO4xK1GROvJYgy8WMAPDJe99d3AH8eAPcTZO8B7i3We8cY0yNSNgr403uAoz5OAy0bAdw51oYucUKCbCpoa3rFW9Er7mPZM0EQ22r6DqiJbMrnyoPXGL37gvy9v7Lwd8LRW/LwVzZ1s4zsfbqy8Ff2zt8R+67JDd11lf7bL9JpzXE6rDpKm2UH5HpvPi+fpnn25ddysnYqDl1nxI5zDNp0nGHbTjPp6HX5yNrq+x9Y/+g7qu99Q9XtL1l89S2zzz5lwpE7jNpzhaHbzzNk2wWG7bosD4TnXX3Pyoc/s+L+j8y6+EY+U"
11918 [Forwarding screenshot on session b1310904-d161-49ca-a1a6-530fba7baea8 to remote] DEBUG org.apache.http.wire  - http-outgoing-47 << "rjv1uv02XKDnhsu0WPtafpukE1pfYvl19+z7SVsefIjO178zJ43sP35T6y6+ZYZJ+8wQZzzpAPXmHr4JgvPPxXbv/j4nt27X7Pm/jesvPOBZTfeMe/CM+ZffCavs/D8x3f2yt77u+3hl+x98b38fcCy9wLLyIJf2XTPsmmeZdNAy973KxsBLLPqxotfydaXX3nC0ktPWHFZrF99w8prb1lx7Q1LL7+ST/csm/Z5waVXLL/5JUuuvWPRJdH25Xei7gfW3f6eLeKfqa2PoPr2d6y48ZX88zlnnjPr1FNmn35W472WSCQSiUQikfx3qelHIYlEIpFIJBKJRPL/pr85BXQTFGOaoxjVDAXZ9M+RjVGsXR8F/2IUA+uiEliGkl+RnGwUsMJnAbCim/BrACwLa1NQ/DUETkDJOQk9h0ByE3xZNnMwodFhGHlFoCJ7B7CT2McpQz71s6p9Iqp2ySjapaBgnykPgOVhsqAoG1ksa9s1XU4+8ljGI0se4ip6yEYB534Mf73yUfEu+CQfJa8cVHxyUfAW/fUUffXKkFNwl7WTjYJr3ieijrNYdxbtOos6om8q4riqzslouCSj5ZqCmrvoW6CoF5yPQpAoa2WiWCsD1aAsVAPT0QxMQy8oDcPgdCxkIXB8McHJzUnL7UN+3VHk16+koMk0ilrOJa/5TOJLRhGU0Q3P+Ca4xRTjGp2DT1gCtT08qGVnSbibPWXxwQxsmMGczgU8XzecB/M6cHdKYx5Pb86TWW14NLs9D2a34d6sFtyd2VxePpzbhqcLO/ByqWwUcA+5L1b246vqQXyzboi8/LC6nzwQfrOi58dAWNR5Kdyb05YHn4Lf27Nbc2dOG56Idr6QtbGgM+8WdOQrsf7Dqh78vLE/32/sww/rusHGnnxV1Yavq9rybmkzLk0p5d7G4Xx7bgMvDmzg0d6tvD62hx8v7+anqys4O6eY9V3sOdzbkYNtTNhVT5sjXaw5MtiJ55tL+ellBT88GcW3R1rxdn0R96bFcq8ylu0dXFnbyZ/rVeL8jszk+eEVvDmwlAerRnB0SBFr67qyKk2bHdm6HMjV42i+EccKTFkbpcySQAWWhCiwIdOUfa2DOTWqmD3jGrFrWieenF7Pz69vwbdvhC/54Yu3fP/hAz//AD99C/z4My8f3OLOpf08vLieS3vHs312fU4srcuVqjrcW5XNu815HBnkzNJkPZaEGzInQo1N9Uy5MNyPc2NDebykLi9Wd+LdhoG83zyUN+t786SqJQ/E9Xq2piMv1nbj+fpePNvQR1yDfrzePpC74po+XtmM19UNuT8vlYtjfTk50Jm9nTw43COI/T3cuTU9gsPDbThd6cTB4ZZcnODF0wUxnB3qyv3KQLY2VeXeSA/uDnfh+kg37kwN4dyUQC7MCePKoigOV3qyZaA1WweK/ceGsWtkDOdm1+H9pob8sKcu3x8q5Idj2bzeUpufdkbwfZUfV3prcKilCkd62vB6QyNxL3pQ0cyC/nEK7Gxtw5lO5hxpq0NloiJdo/XpXceMzukaTK5vxJu1SVyfZsul8aac6KPJvq5GbOvmwtkJtXi2OIxj3XW52N+MpzP9OTTSjjsrspnb1ICNnTR4vSyIqxUO7G9uybRIdXkAPC3aWB4AV6frc26AA+fHGXJlrAWXJiZyZUEPLs3vKXQW59RGaM7pmQ05MbWEU9MLhQJOTc3l5ORsTkzM5PiELA5WprBnfDy7K+LYOTaG7aMi2TI0hM2Dgtg+OIQdg2pT3d2DhaIPcxqZMKeBEZPq6DAxX/cPAbDYnmIsGDEh2YDKFH0qUnUFnU8BsI78/b9jZWWSHqNlo3/jdBj+hwBY9g7gjwGwLn1jjOgba0LPKBO6RZh+DIAjLQUbusTY0jlWiLelS4Id3UTZM95G+KX8uFzTd0BNWs7bSNtFW+m/6Tgjdl9g4ObT9N94kv6bT9Gj+jBdVh6kt1jvXn2cDssP0L7qIO1WHKDT6iPyALjnpnM0WbSHrutOy5d7CbKRwLJ3BC+69YHF179gyc13rLj1Xj6t8YbH37P52Q9sffoDW558Lw+Aq259waLLH99xu/jyKxZdecXS67L34H5g83PYJv5cd34B657BjHMvGbrzCoO3X2L0gXsM2HGLQbvuMWT3XUbtu8/kE89ZeOkLll59x5JLL1hw5jELzj4U7jP/jOw9uXeYdfIWM47dYvrRm8w8fvvjCN/TD+RTU1cevC4fsSwLoccfusWUY+KzM09YfvU1Gx58zU7R952ykbyyUby3XsmngF5x9ak8+JVN+SxblpWyqaCXXnoknxb6l89k67Jl2buBZctV116w+vo7qi6/YenFlyw495R5p58y54xw7hlzxbnOv/BabsH5tyy8IM7p/EfLzotzvPAFc06/ZNrxJ0w8dJ/x++9QeeCufLmmey2RSCQSiUQi+e9S049CEolEIpFIJBKJ5P9NfzsAVoptgWJ0MxQjG38MgEM+BsAKQXVRFhTFsjwAlk0FLRtp6/EpBHbL+vReXtkI3d8C4I8SPwbAjoHkJ/uzZPpAeQCs51obNXdZuJv2caSvQwqqdomo2Cah9EsA7CALhz8GwAqiTfnoYnnI/CkAdv8UAIt+/BoAe+XLR/9+HgAre+fKA2Alz2yURX1ljwyUPTNQchN9dRN9lHFNQkEuUUgQx5CJE8cVXGLFtjgU3RPEfomo+SSi7pskynhUveJQ84xHwzsJLd8UdP1S0fNPw6hWFhahdXCKqYd/XAsSMnuTUzqOvHqTyW0wk+xGc0lvOJvE8omEFwzCL609bjF1cQzPxjk4EQ/v2vj51ibApxYxQeLaRQZQ2TqfL3ZM44s1g3i/rBtfCR+WdOPLJd15I8rnizvxZEE7Hs5ty4M5beTl43kdeDK/k1jvwP1Z7bk3sx23p7Xm5pQWomzBranNuTWtOXdmtOTB3HY8XthJPtr3xfIevF83gA8bB/PlhkHCQL5Z1YuvFnfkywVteDe/BY+nlHJzdCbXKzK4M6uOOE4hr+bn83hGOmcG+1PdxoFjk0p5t2c63x7fwLvDO/j67H5+vrqLr0/PYt+kNHYP8+HcaH9ujqrFswlxvJ2bzVebmvDF7rbcWtOAs0tLuLOmMW/XtebhdNH+jHr8sK43j5Z358aq/rw9tZRnR1bx+vByHq4dxYmRpayr78ayVA225+lxsNCQ42UWHC21Zk28BotDFVgfp8KmZBUONnfl2YKm3K/qwsXlfbiwdhy39yzj28dX4P1L+Po9/Pg9P354C1+9ENtko35v8M3L/dw/PZWjK5tzqqqc2xvr82BdETcWJvJiVSb7ejqxIsWMJSGmzA7TZFN9S84Nq8W58dG8rG7LoxU9uL98EPdXDOHx6kG8WN+P1xv78GxtT56s7c3j9X15uL6/aLMf98X6s429RZ0OfLGhpbg/WfIA+MQAJ/Z28uRAj2B29XTjwaJETk5w5fIsb45V2HJnYTA3pvlxfoQjdyo82dVKmcv9LDnRQY9rQ5x4PCeCy9NrcXl+MFcWh3Bqhjf7xjqza4Q7Szrbs3lIDBcXNOTdpqa821jAkw3JfLE3jfe7o/l+WzhfL/TkUGMVDjVR5Vg3B27NzefW5nb0KTKic4wqe7r6c7mPG6c6GzM5RV0+dXHvAnO6pusypZEVz6tTuDbTnTuzPbg+xoxLIx3Z0cOB06Kvt6a5cXmIGTeHWXJrvCMnKhy5Oj+ReU0M2NxJg5eLA7gx3onDrW2ZEa3B4CBNpscYszDCUB4Anx/owIUKI66Nt+DqlGRuLOrJtUVdOTurKZfmNmXfmAx2johj96hotg0JZPsQf7YN9mXbQG+2DvBiW39PtgzyZvNQXzYO8WbjIE/WD3BnXV9X1vdxYW13Jxa3NGVamTrTS9SYVVeTKYUqTKyjSWWeFpVZOlSK86xMM2BSmgkTU0yoTDGWq0gxZFyqnqDLuBRdKpJFmajDuCRRJuv/FgCLcmi8AYPiZIzkAXB/QRYA95ONCI41pXe0Kd0jTekaYUaXSGs6R30MgDvJAuA4Ozon2NFV6C70jP+9mr4DJBKJRCKRSCQSyX+Pmn4UkkgkEolEIpFIJP9v+ptTQDdGI"
11918 [Forwarding screenshot on session b1310904-d161-49ca-a1a6-530fba7baea8 to remote] DEBUG org.apache.http.wire  - http-outgoing-47 << "aYZCpFNP00B3QiF2vVQCChBKbgc5aDyjwGwbESwbBpoz3yU5aOABXkA/HEUsKJsmmbZdM1OqSg6fgyClZyT0XcMIi/Rh3mT+lArPAQV+1qoeaSh4JyOgmMayvayADgJZdtkFO2SUbCTTQOd8ikAFuWvAbCoL5s2WhxTziNbPhpZwTNPTkke+tZB1bsQVZ/CjyGwVx5qgopnNioeWai4Z6LqnoGyWyrK7rEoe0Sg5B6JolukaFMmCgX3aNF2zCdi2SsWBd941HziMHAPxVQwcQ/ByKU2hi5hGLpGYuIRj4lXMibe6Zj65WAdXIJLdBP8krsRnjWc+MLxpJVOIbfBLLmMupNILh5NXMEAgtPb4RZdhl1oNva103D0T8DZNwavgFj8fYNJiwxjcJN89o9sytlhhdweXczjiro8GVeXx+Pq8WhyEx7MaMbTGS15Macdrxd14t2y7rxd0VM+qvf5wm48nd+VR/O6cG92Z+7MaM9D2Ujf2W14MEuY254nizrzUhYqr+kt9u3MF0s78dWaHrxf252nS9vwaEY514Ykc7CNL5vLbVlVYCjoUl2ix/p6+pwa4MX7LfX5arvoz5RQzg/y5GDfQK7PasG3e+fxzcH1fHNyKz9c3sTzg+NYNzyMUzNieba6mPfVDflQ1YS3ixvzfFFT7i9vxd01nbizrisP13bj1aruvBfn8+PqgXxYOYT7iwdxddkI3hxfzbOja0S5koebKrgwqQk72waxKkuXHQU6HCoz4nhDS442dGBNig5LopTZkKDIrlxljraz48Xiutxd1Y7TK7pyYfNoDqwaw7VDq/nu+XW+eXWPr794xFfPzvL+0gpeHpnA3V0DuFjdgpPLirm4qg73NxTzdGsZj6sLuDAlkhdLsznVz5c1qebMC9BmepAKWxpacW6EHyfHhvByfXvur+wlDOPB6uHi3AbzeF0/nq7rw7N1A3m8dpDYNoSH64dzf51QLdar+/KsuitfbGjPg/l5nB9di9NDfDjcO4xD/aPZ1tOVB8tSODHJlStzPTk9yY7X6+I5XeHC2dGOXBvrxKFOalzoZcyxtvrcHunF8/mx3JwTwqutObw/2YgTU7zZPtiOg2MD6B6tzuBMXSrLbDk+LpJnK7O4uSSKC/N8ubnYh2eL/bgx3ILFiUocaWbIsS5eHBgQzck5DemRZcKATBM2tfPmZA939rU0ZFEdMyrzXKhs5MqwIjMWtXPizGQ/9gw05cgwKx5MdhTPbSA7u9qyr78Vh/qJPo5x4MYIa3GOehwe6cjBMQFMr6vLhg6aPF3gz60JLhwT929mjAaDg7U+BcB6VKfrcX6gIxfGG3O90oJr05K5taS36H83Ls5pxgPxTO0eFc+2ocEcmxTFrpG+7Bzhze6RnuJvy4ODoz04NEYWhvuza6zok7geu4V942pxqCKIo+ND2TvEnyXNjJldV5O55drMLFJnRqEmk/M1mZCrxYQsbXkAPCFNn4lpxkxIlYW/RoyXB8AGjEvRY2zKbwFwRZKs1BPr+oxO1GNYnDbDEvQYEm/AQBlZABwnC31lAbAe/WKN6B9nRu8YM3kA3EUeAFvROcqazjE2dIq1o3OcPZ1+CYDj7enxBzV9B0gkEolEIpFIJJL/HjX9KCSRSCQSiUQikUj+3/T3AuDadVGMaiw0+RgAhzZEIahcPgJYSZQqQfVQDihBRcZPbPOug4pstK2HTB7KbrkouWaj5CI4Z6H8B/qOtSlJ82X+tH64h4Sj5pWEklvOx88dUlGxS0HRPv3j+38dE1B2jEFRlPJpoB1lUzJnoeAiuOagIPaTc8/9NfhV8KojFKLqVYK6Z6lQIpaL5VRkYbB3gVjOQ9UzBzWPbNTcslB1y0DJI1HsF4eCR7xoUzb6VxxfNsW0/N3EsoBatp4sjiU+95CNAo5ByyMKHbdIOV3XCPREaeAejYlXAkbivIy80jD1y8YutAzPhBbUSu9BWM5QYgvHklgygeTSSaSXTSatbDxJxSOJze9H7fR2eMaUY187B7uAFOzEMZw8o3D1DMfPJ4TIoAhaZaewIN+V1SnarIzXYE2sBtVxYjlGl6WphixLN2ZTmjl7i13YUe7GyS7RPJ3fgttLWvPVqt48n9OZ50v7cm1GR77aPIbXS7vxVjaCeHkfni+QjSDuwrN5rTncsTbHmrhwpqEthxuacaafJ1emRfJwRhxXe7mzv1CbTUmaHMg34GixEVeaO/JqeDg/bijn220lvFyRyLNRntzubM6h5oacHJzMh53T+Wr/Et4dXcM3l9Zzf3t/Nvf35u6cGJ6uacDrzd34Yecw2DmGn7aM5MuNA3lZ3YPHKzvwfHV7Xq/uyIf1PXi3shv353fi0vT23F46iO+OVfHu+DpeHlvFsz0zuD6vE4c6R7I1V/StSI/TDUXZ2JgTLR3YlmfK6igNtqVps6+uERubmXJ/Q0e+vLCAe6equHluLc8fHuDu9f18/eYu37x5yLdf3OS7V/u4s6kjZ6fHc3iMD7tGenN9VT73t5Rza0UyT9bmcK8qh4PjI3i8NJurw7xZm6zJstrazKmtyqZycy6ODuB0RTBPq1vzcFV/sc9Iedj7uLonLzb0492mwTxb05OHq8U5rxvAw3WDuFs9gPvrB3NvTS9eb+vL603inBfkcWFiOEeH+nO0fwbHBueyRdyfx9VZHBhhw43pzlyssObhoghuzEvkxHhvrkwS97K3HneHuXCxjxsXhvhya2okD5ak8/PD0fB4IhcnJnB8WDg7OnuzvL41K5vasamzG1t72HBwmAMHhjmyva8FW3uas6WTOeuambCqzJzlhVYsruPAkjI/ljQIZXKOByNijRgRocrQYGVGhygyIUaTijgDKtJ1mFWmzaxyJeY3UmV3fxuqWxlxorfsXcL2bGhozOFeLhzuY8fBnnasaiqe7VaqXJ6SwqYePkwT+65ur8+tWQFcGefAsY5WzExQZWCgFlOjDFgUpc26LF0uD3HncqUFNyqNuTEtkduLB3BvyWDOTO/Eo80jubOmDcemRHNjcTxnFsSxdoQXO8d6c7zSg9PjXTk20Y/9EyM5MDWNveK6HJwcx8kZiRyfGMvpSYksa27Pgnq2zCm2YnaRJTMKzJieZ8SMXH2mZeswJVObyeJcZaZkyKaB1mNSqi4TU/WYIJYr0z8anyYLfrUZI/6WxiRpMTZZj1FJ+gxP0mNYoj6DEw0ZmGBM/3gT+sYZ0UfoHqEn1y1Cn67hhnSJNKZLlCmdo83oGG1BxxhLOsZa0yHORpAFwR/fB9w13oZuCba/quk7QCKRSCQSiUQikfz3qOlHIYlEIpFI/iWnrxLa4hQKMv2ucrqmOhKJRCL5P+FvBsDl8vBXSVAM+zwALkE5qB6qwfVRCaiLaq1SVGTbfgmAPXNRkk297J7zMQB2zZIHwH8MgWUBcGmqN7Mn9sIlJApVz3QU3PJQdcpCzU4WAKei4JCJgmMGCk4JqDqGo+QQJ7bJAmBZGCsLgGXv660pAC74FACLPnnLAt9ilH1kU1ULfnWEAiEPJT/RTx/RR+9M0e900e80sU+KkISChyjdZNNLiz645KLoLNp3zBKlbERzqjivRJTcPgbAah7xqLnHoi4Lg92i0HGPRs8jBgPPOAw9EzDyScUsIAfbiFI8k1sSmNWTiLwhxBWNJbF0Akllk0gpm0xyaSWJRSOJLRhAaGYnfOIa4Vg7D3v/FBw8wnH2CMXVIxg/7yBCaoXRJC2RnY19OVliyJECI47kGXM014yD2eZsyzFhc4Yh+2J02B2vw7okLY439+TRzFLur2zBq7kteCubBlq4u6A7r6sH83p5N94u7sqHpX14tVA2SrgzD6Y2YEOhKVsSFDmdo8qFBrq8nRvHT+fb8NXGXN5VBnO3rSXXGhhzua4x95s7cb7IiIvNrTnS255TU/w5Od6d+/3teNTOmOONtTg9MIH3O6fwzYFFvD26km+vbuDJzgHsHujFs3nRPK6qx+3l7bi9sAO3ZrXn7pz2PFzYkSfLOvB0eRseL2vB06pWvF7fhXebe/Nh53CeVPfncfUQfji+lPfH1/Py2Goe753FtQVdOdw5kp25Bpws0uFsIz2ONjPgR"
11918 [Forwarding screenshot on session b1310904-d161-49ca-a1a6-530fba7baea8 to remote] DEBUG org.apache.http.wire  - http-outgoing-47 << "Cs7dhaYsi5Si+pINXYU6bG/mwsPNnbm6YWlPLy5l8cPDvDo/i5ePj3J80cXePHoEs/u7eHFrUVcWlqHMxWebGynxIkKL26uzObC0jROTw8S/cjm9spcDkyK4/qcBM6Jc1+bpEJVqDbzaquzua45l0bV4lRFEM/XtuHJqkE8WTuKJ+sGiLIrz9b05dW6/rzdPIA3wuttw3m2YSj3qwfycP1gnm4ayKPqzrzf1oVbc3M4XxnO6dHhHOqdx+XKZuwYUkvc4yzuLYrkzjQXnsz14968KB6vrseWIS7cmOfP7tYavJkRw9khQZwcEcyRUcHsGu7PxTkZHBmXwPoO3mztWItt7fxZ39yD1U0cWN3CmpWNDFheV51ZWQpUxgtxCoyNUGBEbQXGhCswPkqRyiglpiWoMi9Dj7lpRszPMGFpgT4rS7RYL56TzY2c2FDfmX2dPNnXy5Iz46x5tjKcG3OiWdnCjEtDnLg20I1Vhfqc6hfAtg427Ovry+oOJsxprMi1WWVUd/RhaStzqtobcmqcK1cqnTnR2ZxZScoMCtRhWrQRi2O0WJetxZUh7lwZb82NCQbcmB7PnaX9uL+4NxfEs/9k10iurGzI7rF+nJ0byYG5aaydlMm2yXlsHh7LxkHhLOoTx8wuiUxuEc2kJoGMF30fV2rGpFJDVrd3Y359C+aUmjJLPPezigyZXaTPzDrazMwRMnWYnq7FlDQZbaamazNZlJOEiXI6TEiTjQ7+aHyKNuPk4a8oU3QZnWwgD4CHJBkyKMGIAfEfg99eMYb0iDage5QB3SIN6RJhSGeZKGPBlI4xZnIdYizpEGv1KQC2paMoO8dZywPgrvEfw19ZWdN3gEQikUgkEolEIvnvUdOPQhKJRPLvu0nrX4LAmsLAz4LC0CUPPtvv/5ceMLHfL30+y8TTv//89JKzv57P/50+f/J58FqT/60w9r84AP7r+/v583yR9b/7TCKRSP47/c0AuD5KUc1Qjm6OUngjlMIaohAsmwK6FOXg+qgGN0C5Vl1UZPzLUPIpQNk7ByWvbBQ9s1D0yETBTTY1c8bHdwHL3wf8G9k7gEuTPJgyqhPOQeGouKfJw1wVx0zU7NJQERQcsuWhq4JjCioOUSjLAmDHj1NAKzrJ3i0sa1v2rmFxPNn0z+45KHjkouCVh6J3Pgo++Sj61xF9FmoJgWKbTJBMnlgWdQPEMfxFP33TRX1xTO9UIeVTACy4yqSKPqeg5JSMsnMiKi4JQhyqrrGouMag6h4nD4DV3GQBcDTagq57jJz+LwGwOJZ9dDleaa0JzulDZMFI4koqSCybSFLpJJLKJpNYWklc4SjiCgYTkd2dgKQWOIcVYeufjL1XKI6egTi7++Ht6UOgrz/liSHsbeHNxfqGnK1rxNkSY84UGnOijgn78404mGvI+VQDzmQasC9Hl0ut3XkyLYdLM3P4sLg572Y158Xijlya2IhHizvzpqoHbxZ15cslvXm3uAcvF7bn+thcdtaz5lSpCTcbmPKktyd3ZsZzbn4cx0e4cKGbBSfK1LncwJCjueq86OTLTtlUwOWGnBjiyfdnWvPFvjKejfPlWjMdjjfW4czgJN5tn8S3h2QB8Aq+v7mF1/tHsH+IL8/mRPK0qi6PVrXn/uI2PFzUVvStLfcXtebeohbcX9qSO6Lvd5e15sGqTlxf2o5LizpwalZr7qweyDcnlvLliQ28Ol7Nk/1zuLawG4e7RrMz35DTpfqca6zPseZiua09ewrN2BClya4ULfYWanGoky1ru3gzrL4n/ZvFMaBDCj3aRDJrdGMqepUxvlspE/tksmBQFFuH+XN1ki+H+xlwcrwHZ+fFcWlZBjuG2nNjUTxn58Szd0IM56ZFcGGQA+tTVVkZqsX82upsqWvO5dG/BcAPVw7k4ZoRPN0whOeb+/J8w2CerR3Es+p+vBLbXm0ZzbONI8XnI3i5dRSvNg+RTwH99bbuPFpQxPkxYVyrjOfKqMZcqWzJ7uEh3F+Vx73FsZwZYcG96X5cnhzCw7VNObckkwNjHNjR1oBNLSxZ0cKWhS1tmN7EnImNDJncyJhxRTpUZGsyOUeTaTnaTMnRZ0q+ATOLjVheYMb6fEs2F9uwq4E9+5uJ69jYij1NTTnS1phjHQw51Fabg23VOdpRS6ybcaytg/jMggOtxDPZypgj7ew43MGV/Z2tOTLQjCszHPjxcD4XZoeyqIUhuzros6qOCtWlRmxpbcea1tbiGicyr6UJE+sr8mhlW+Y0tKOqnSWrRd1zlW5cn+TCqW5WzBXXeUiwLjNiTFgap/1bAFxpxc2JBtycEc+9ZX3Ec9SKq4vr8+pQPy5V1WFXhT9nFqRwfGVr2hT70CDJjVaJnnRJD6ZbURYDyooZW17IlEbZLO2UzZL2UUyvZ8P8RubMrqvDLNm7f4uVmFuqwNwyoUSBGTnqzMjUZaps5G/axxHAMhNTdJggVKbKyIJfPSrT9OWlbLtsFHCFrEzVZ2yKISOSDRia+DEA7h9nSK8YWfCrR1fZ6N8oY7pGmtA50phOEYJY7hT1cfRvhxgZK9p/GgHcPl4WAtt8CoE/vhO4S4K9XE3fARKJRCKRSCQSieS/R00/CkkkEsm/7w8BsPC7UE0KgP+z/ix4/V0w/H89uPz8+v/v91UKgCUSyf+/+dsjgGWjf5Wjm/5pAKxUqy7KtcpRCShD0TdfyETBW/BKF9JQkI2o9UhFwV1GLLslfwxUXVLQdQygNMGVin7NcAmojbJrEgpO2ajYZ6Jum4aqrWjDIRcFR5kM+ehfZYdYUcqmg05ERRbGuqSK/dJQkk3d7C4LnbNR8sqRh7+KPgUo+NZBMbAuCoHlH0cvB38msEwoQaFWMQr+hfK6CrJ9vGX7i3PwlPVZ9NctAUW3eEEc2yUGFUHNJRZ1QVNWusqC33hUxedqbtFouv4WAOuIbfqeiRj7pWMRXIBDbH28M9oSnNuP8IJRxJVUklg6SZhCkpBYMpHYOmOIKRhGRG5vAtPa4RJZF5uAVOy8QnDw8MfB1RNPDzf8vT0ojvZmbzMnLjXQ4mI9PS6W6XKuUIdT+ToczdPhZLYOV5O1uJqtx7FcTY6XGXJpUC1uzsnkfP8wvp7TmBfzm3NzagMuVNblzapevF7cjS+X9uTDsh68XdyOy8OTWZaszv2OHpzI1+JCWwcuVUTx4ngn7q3K4uZgZ843M+BOWxsOZKvyvl8Y66OVOVjPkDNjA+FOH94ea8SN4R6cbqDO0ca6nBmSzOstlXx3dDFvji7jh7s7eLlnKHv7e/FwShCPFuXzZFVLnixrzuOlTXlW1ZxHy1vwcHlLnld35vn6Xjxe15t7a/twZn471g7NZ9XgPG5tHMI3Z6t4f3oTr0+t4+nB+Vxf3J0j3WPYXWDMuXpGXGhqyPEWRpxt78T+Ugs2xWiyR5zfllQFTnWxYU1rO9pFqdIl35WW2Ta0zDdnQBM/Oue70S7NljGtvJnYxprL81N4MCeYC8MtuDajFg/W5nF3XSHre5txfmYYR6dFcmRmChdmx3B1pDsbMtRZFa7DwhANtpRbfAqAA+XvAH5SPYyHa8fwcMMwHm3qJ9oazIPqIbzcPIrXW8fxcut4nm+qEGUlb3eI5XWD+Gb7EL7e2JX3q5pwaXQ4t8YncbuyLWfHNGP/mFjuVtXh4EhP1rZU4eQwe05XhPJmd2++u1vBqqEebOtixuGedhzsbcHBAVYcGmLDlam+3J0dzOMFkTydI+7x3BjezInj5fRw7k4I4NoYX26PiOB6vwjOdvHjQAtHtjU0F4zZ0lCPTQ002dhInW3NtdjdTo+DnY043sWc811tuNbbkpsDLMW+FlzqbcOFvg7cGufOi2WB3F7oyg8nCzi3KJyq7hbMzlVgQ7kSGxqZs7KJOZt6+XKwIoVF3eyY3cGMZ1v6sriVJ0dGh7CxqxGXJrpxa6obZ3vaMD9dnaEhusyMM2FZ/OcBsDj+JANuzYzn3op+3K/qzIXFzXl5aAjXVpZxZkY0N5fkcLmqNQ0iDKge1JDDo1qytlUauwe0Ysug1uwY246dYxpzcGIZu0bFs7CVFTPr6TC3XI85JQbMKzJmQaEZ8+uYM"
11918 [Forwarding screenshot on session b1310904-d161-49ca-a1a6-530fba7baea8 to remote] DEBUG org.apache.http.wire  - http-outgoing-47 << "TffmOlZ+kzL0GNqhj5T0mVTP8umfZaN8tX5RCyn6svD38o0Q+TvCJa/B1hb/lmFWB+XYsjIFAOGJhgwKMGQfrEG9IzWp1uELl3C9egRZUbXSFM6R5jQKcKUjpFmdIg0p2O0pTz8/SUAloW/crIgWDYSON6Bjgmy9wI70Eks1/QdIJFIJBKJRCKRSP571PSjkEQikfz7/jEA/l2oKgXA/1l/MfJ2/aRfzukUrbd+ts//OVIALJFIJP+b/l4AHFyGckRDlCMbfZoCusGvU0ArBdVDJag+irLgN6AuSv6lKPjmC58CYO8/BMCeovwlAJaNqnVJRtfBn9JYR4Z3LsPFNxAVZ9no3nT5yF912xRUbTNQsM8T2wqEbBQdE+UjgFUc44WPAbDKpwBY2T0TZVn46/lx5K+iTyGKfrLpnktQDmyAUmBjFIMaif43EefVWJRCLbEeIM7JX5yHbz2UvMvF/uKcZVNHy0JgL3F8D9Ff2buA3aNFGYmSewQqrlGousag4RqHpks8Wq4JYl30yTVWvv1jACwLf2UhcBz63okYB2RiEVqIQ3wjvDLbUyunLyF5I4kuGk98ySQSSqfIJZZMIbawguj84UTk9SM4ozNu0Y2wC8zE1qs2du6+2Lt64Onphp+XK3XCXdnf3JmbTXS41cSAG/X1uVKizaVCbc4V6nE+W4frcSpcz1TnXB1NztTT4/7UBL492IE3s/J5NaUOXyxvw4ulbbg1swmv1/Tm9bIefFjek2+qevLVinbcGJ3EogQlXvQJ5ECOGpe7+3JnQSE/PZ/GFwdbcH6ADccba3OttSW7s1R5PyicdbFKHGxkyhcbS+H7qfz4oC83KgLk0z8fbqTH2aGpPN88ju+OL+L10aX88HA3Xx2fyOmxkbyeE82Dedlcn1OHs+OTOTUmhuuzsnmwtB6Pq1ryen1PXm0exOP1g7m9ZiDnlvRi87gGVI8s4fb2kbw7vZT3Z7fw+vQGnh5ewPWlvTjaI449hSZcaGjKhWZGnGhpzIVOLhyqa82WOC0OpmmxL0eR811t2dXNjW6i/z2zrWmXbkTPUnO65xnRKdWQ/vk2LOoVwNSWBuwf5cWNiR6cG2LCwyXRPN5UxJaR3mwbZM/l+bFcWprFmSV5XJyfxMWRbvIAeHWELotCNdhaz4zLY/x/C4DXDefRhgoebh7Nw23DeLytgqfbJvJky3iebJ3Aw02VPNoyiWfbhS3jeLl5OG839ePD+i58s7Yl18fFcntcMncndODG1G7sHh7LoYooDg735+woN65MCGJ9N1eurGgtrncffjjXmbfrivhuSyHfb0zk61WhPJvnyb2p9lwcps+5fhpc7KnGmfbKHGyqwq5GquxqocLethpsb6DJ7oaGHGphyfF29pzp7My1gf48HBfOnVHBXBnizaXB3pwb6M6JPg4c7W7LkY7mHO1kyPEuOhztqMHxzrqc6WfGszl+fLUpgstzbfnxVCEXqqKZ206ffd00uTrYgfNDwtjQyZXri8p4uqMnVUMDWTmsFu8uz2X7kAQOjQxidRtNrk1x5/Y0d872tmWBuM7DQnWZGf8pAM4SbQ114+oEK25NMuD2rATuVw3k4dpBnFnQkad7R3NlWUOuzMngxvw8bq7pRv1QQ9b2r8/8eiHMSLPn6vi2HB3bjP0TmrC7sogVvWsxp7UJMxqps7i5HvPL9ZlfYsaCQnsWFrgzL8edWZnOTEs3ZWqGgZwsAJ4oe9fvp4B3XLKuXEWqAePFs1WZZvRxFPAvI4CTdRiXosfoFANGJOt/DIDjPwbAshHAPSI/vve3e7QFXaMt6RxlLg9/2wvtIj+O/G0nEyvE/RYAt4uzo63QPs6R9gkfdYh3qvE7QCKRSCQSiUQikfz3qOlHIYlEIvn31RQAC5Nufvz8LwPgz4PA3/wWXv55UPtb2Pl5SPdZX/5yWuJ/PwD+PGT93B8D18/b+NUv10TujyHob33/y9D5nwyA/zrY/MU/nntN96T1pIu/Lv/W7l9c662/1f8d+fn/yfMi87vr80/09/NrIdv31+PWdF6/+TsB8P98Xz+/D7J+fHY9//T+/+b/dnAvkUj+W/29ALhWIcph5aiE1UMxpByl2nXFthIUfMT2WmWoBNZFya8EJf8SFH2K5NMtK/hko+AteMlG0AruGUI6Cr9OB52GgqvgnIquQy3Koh0Y3CYfF29/VBxjUHRIRcU2BXXbZFRtRT1ZAOwgC4BzxWcpKDskoeSYhLJTKsqiDWXXX0b+ygJb2fFlo3hFX0S/FPzLhLqoBzaQU5NriGrQx2WVgHqoBpSj5ivqeJeh4VWKhkcJql7FH9vxEuchC649EoUYIUqsR6LoHi2OGY+KWxLqrqlouKag6pqAiqtsSugYNF0+jQJ2j0XXMx4D3xRMamVjEVaEfXwjPDLb45vVm6CcYYTXqSCmeDKxJVOJK51OghBbNIHI/JGE5w4iOLM7HnEtsA8uwNozHBu3AOxcvPD09MLP04OCMA/2NnXiZmNdbjcx4mZ9fa4Wa3Gpjjan87S5kKvHnRQtbuWK5RIdzjc14sIgTw6N8md/F3ceV+bwRVVb7s5tyuVpjXi1ph9vqvrwVVUvvl3dg+/XdOReZSpVGaq87B/I2YbmHG3rzKX5xfBtFd9f7MHZgTYcb6HH9Q7WHCpS54uh4ezIUuNYG2t+Ot4OPlTAyyHcnRHJhQ4WHG6ox7lhqTzbNIbvTy7m5dElfP/kAK/2j+PYiAieTY/kzqw07i0q4v68HM6NDeP2zGSeLC7hwaJGPFvZhZfrh8r3Pze/FzvGtWTLuCZUjyjj6obBvD21iC/PbeP12U08O7KQ68v6cLRnony650uNzbnYwpiTrYy41NWVI/Vs2Bqvza54VU6U6nGivR2H+vgyMteQbqkmtBPXrleRPiMa2NAyUp0BOUZMbWHJgg6mHBnrx7H+prA+ia835XJrWSZrBvhzeHwA15ekcnVlAXumJXFiRgzXKnxZn6nOmghtFoep/xYAjwvg2do23FszhNvVY7i8egjnV/XhcvUIrm+cyI3Nk7i1dSq3hfu7ZnJv+xSurB7KuyPTOTGlPh+29OT1isbcnJjIrfFp3J7QiccLh3BsZjGHJ6dyZFQo58VxrkyMYFlbJ14dr+Tw4rq8OtqGszNjuTQ9hCsTnLhYYcvF8fZcGOfAlXGO3BjtwMMKJ55WOPNsvDuPKr25Mc6bSyM9uNLbnksdrTjf3orTbc051ESPvQ012dlAja311djTXI/DHcw40N6EvW2N2dXJjk2d3QQXdvVw5nB/Z3E9/HizJIrniwP5bmecuHYe/HCmlEur41jUzYCHMz24OUL0a0QkuwbW5s7alnx5eSq75uaxckw4b87OYPfoDPYPD2BjR20uVTpwe5obZ3vbMF8eAOswM86YZfFanwXAltyebMCd2Qk8WDmIh+Jan53fmef7xnNpcROuzKvD5YX1Ob9+OAVxXiwe04cdE/uwc0RrDk/pzfrBLdg0tAnbR5Uxv50vs5qaMKuhBrPqqTCnTI25RTrMLzRlYYE183NtmZVlzZQ0Q6ZkGDA505BJopyQrs/4FD3GJukKeoxL0WdcqqFgTEWaCePTDKj45R3AMim6jErWl78DeHC8PgNlAXCcAb1jDekpmwY6Wjyn0RZ0ibamU5QlHSIsaBdhTttIc9pHW/4uAG6bYCPXOt6O1nEOtI13FusftUtwqfE7QCKRSCQSiUQikfz3qOlHIYlEIvn3fR4EXqT1Z6GWPMz6swD41+2fhXWfBYe/1P08cPstHPs8pPts/z8GgvK6Nfl3AuDP9qkheK0ptP7rsLTmAFDmH0PJz/xpAPz79n4XJP56XX8LNGu+rp+38VvdmoPlms7p83b/cF1lffj1ntR8nN/V/cNnNfb382vxO/94Tz9X8/39xZ8FwP/sff3z/0jg1/P/J599iUQi+U/5WwGwol8WasF1hEJUAuvIKfrkoOCdi5JvAUp+gvy9v6L0kslDUTb9sqdMNoqyYNZdlPJ39Gai4JLx8f2/zhkoOKWjaxtA/VhnBrXMxc3LD1WHKBTtElG1TUTDOkGUqSjay6Z/riMPgJXtU1FySBHLaSg6y"
11918 [Forwarding screenshot on session b1310904-d161-49ca-a1a6-530fba7baea8 to remote] DEBUG org.apache.http.wire  - http-outgoing-47 << "tqRtZuN/J2/ngW/Bb9+ZSj4lqLgL5vmuRylwCJUgotQCy1BLawMldBilGsXohFWikpQHZTFOakImn75aPnmo+FfjIpsRLM4HwWPdHG+aaK9JLEeL5YTxbHEskcKim4ZKLtkoiLOS8U1CTXXeNTlo4Jj0XKLlQfA2h7x6HonY1grG7OwYuziG+Oa3g6frN7UyhlGSMFYIoomEi0b+VsyXR4CRxdOJCxvFKE5gwjO6oVnQhscRZ9tvOKwcg3GzqUWbm4++Hr6klfbi4MtvbnVxISbDU25UdeYGyWGXMjX52SOLudyDbidoc/1PD1Ol+lxtKE+N2Yl8PWZrhzuH8jj6cU8X9aGB4vbc2lGc15U9+fNyr68WdKVHzf148cNnXk0PYtNpVo87e/PqQYmXOobyNONbeCrpfBkNLcm+nGyrRE3u9qzO1+Nd0ND2JyhzNG2lvx0phO8GyWM5N68WE60NOB4U2POD0/n9fYKvj+1iBfHl/Dds8O8OzaVM5UpPJwSxY6ebtyYm839+elcqwzn3pR4Xi4q4fGChrxfJ/q3cSQfdk3jxPTuLOtVxLI+dVg9tIQrawfw1dllfHFuK28ubuPZiaVcX96PE31T2VVoyqWm5lxqZcKZtiac6+jAycYObI7RYHeyFsfrmnC0vSM7u3syuo4Z3TMsaJ+mw5D65oxuZEe/XDN6peowrr4hCzpZsqm3ON+uhryYG8yNmeHsHBnIgDxVjk8K51ZVHvumxnNpbUMOTY3kxsQgtuRrsyZSmyXhGmwtN+HyGD/OTQjiwarmPN40hovLh3Nz83hu7qjg2rYpnN8wlRNrK7m4bRZXd83l0fEVXNhcyRVR99WNlWwfW8AXu/rwdEUjbkxN4daUbO5N68mjhcM5M78xFxaWsWtAINu62LCpkz0betfmx8dreXN2ND/cGsSZeSl8uaWQZ3N9eTm/Fo/mBHJzkh/XKny4PMKN8wOsOdvblFO9zDne24aDfRw52N+VQ/2t2d/LjL09LdnTy45d3R3Z3tWdjR09qW7rx5o2IUIUVa1iWNk6kYUdkpnYPo4xzYKZ1DKA6j5h3FyYy/tN+bxcE8MP+zO5uzJIPAvlXFgWzeIuBrxdFsy1EY6cGFybQ6NjObe4Hl+en8S+paUsHxfJm9vL2TkqnR0DPdnd15Sb0925NsmR831tmJuqwrBQbWbGG7EsXoN12ZpcGerK9UlW3JlqyJ058TxcNZAH1X04u6glzw8M49aqRlxbmM+lJQ25uGMSuclhTBkxkG2zxlI9pA2rB7Vh3aBOrOrWnFlNkplU15OZDa2YJ/6eFjbUZH5dFeaXqDKvSI35dTSYk6fOjGwNJmXoMDHTgInib7AyXY/xqR9H/Y5J0mV0st4nBoxONWR0mhFjUsT2JA3xuaYotRiZrM1wUXdooh5DkgwZkGhEP6Fvggm94o3pHmtMj3hrusje8RslntdIc9pFmdE22pzWYrl1tAVt4qxoIwt/k2xpk2hL22QnWie50jLehTZJ7rRKlC07/8O//xKJRCKRSCQSieS/S00/CkkkEsm/7w8h2O9CuYus/2z9t2DrswDwz0ZF/hKofd7eL3U/C8tkfmm35lCzJp8HkP9kAPxPBnS/7fv7YPO37b8c738IQf/M59fj8wD482vy+fbP7s/v+/3Zfft0Xf80GK3x3GsKP2sORP/RX537P9/fGp+Nf8Ln5/nXfuvbP39f/zgC+Le6H/0Lz75EIpH8h/y9ANgjHlW/VNQEFZ8UIRUF2UhXjzSUvTJQ9cz8JFtOxUNwl8lF2S37IxeZTHlgq+Agk4qyKJXs09Cz9KNBrCuDWubg4uGNml0YijaxqNrGoWEdjbpNIkp2WWIf2TTQOSjbp6DkmIaCaFPBJUfIRcEtHwWPgo/cZSOAi1Hw/RgCK9aqj7Js2uqQQhSCRd1aoq2gHBTD81GJLhafp6EYmotOdAl6UcUo+6WjGZCDiqeo55KFok8+akFFKHjLRi4ninZlYbAgH90s+uD2sQ+KTrIQOAk1lzjUXeM/BsCushA4Bi2PBLR9kjEIzMEsogSbxCY4pbfFO7s3gXnDqV0wmrCi8USXTiG2dAYxpVOJrFNJSO4ognMGEZTZE8+EtjiG1cXWJwkrl3DsXEJxdvbDxz2A7CA/VuVYcLmeCfeaO3KrvjXXii24WmrDxXJ7zhVZcTXdiNOZWhwq0eFoSwuebSqHJ+PY0y+Qe9NLeFrViTuLO3F5dlueVw/g1ap+vFjUhZ+3DeKHzV15NCePNUWqvB4ewrFyfS709OXt9rbw1SJ4XcnjuZEcb2fEzR4O7MhT56sxEWzLVuJUB3N+PtZMHKsvvBzIkyUJnGtrwpkWZlwYns6r7WP55sR8np9YwrevTvD1uUXsHRonn6J63+BaXFuQzY1ZcdyeFM3LWZm8XljG0wWNeVfdm3ebRos+TObQhPb0zfakd7YrQ0t9OLesB99eqOKL8zt4d2U3L85UcWPlAE4OzGBXkRkXm5hxqbUx59qbcbaDuD4tXNgar8WuVH32l5hwoosL27p5MzjHmIFFrrRPN6RnoRGdMzTpmKhDp0RdhtU1ZGSZOhv6urK+jTZvF8dxZJQf05qZMKJMj5srS/jp+giOLSrg9vb2XF6Wx6Vx/mwt0KU6UoulEepsKTfi8hhfzk0K5t6qFnx1dC7nV4zi8qYJPD+zlB8eHOCnN5f45uV53t4+yJ1T63hyeSMPzyzn1IbhvLpXzdbKOrzb15ena5txdUYqV6dk8XzhMG7NHsqRSSWcn1PK2i6eHOrvze7ePqzqWosf71Tx6twYvrs1gCfbG/B+aylv1yTzaHECF6fHcXxiCscmZLF/dLLYV+zTwZUV7VxY0NqNKU1cGN/UlcFNLOnb1IweDczoVGZO6wJLmmXZ0TjDjXopPhRE+5MW6EuCjw8xnn6E+HgSFOxKLW9L4gMs6FHmz4lFDXm1syH3Vsbw7d4c7qyI4Mczzbi+Ip5lXQz4Zn0MV8c4c3l8PKenpnFxRQO+uTKFHQvzWT4unJdnprFrTAZHx4eytqMWt2d7cWOyE5cHOTIvTZnhYdrMiDNgSZwq67I1uDzESXxuzd1pRh8DYPGc31jdmVNLmvLs0ADurCnn4pwkLi4s5tL2CuqkhTB9RC92zxzErpGNOTa5NScn92Bz75bMKI9hZj0f5jeyY34DfRY10GRRPTUW1lWVh8BzC1WYla/IjDxlKsVzIwt+K2T/4UCKNqOTNBmVpM2oZB1Bj1EpQqqBPPyVGSm2D09UE6Umo8U+o9L0GCE+H55myJBUYwakGNMn2Zi+yWb0SjKlR4Ip3RKt6BxnQccYMzrGmtM2xpRWkca0jjaTh7+tE6zl4W/rRBtaieUWifY0jXeicYwDzRNdaJbgTJNYxxq/AyQSiUQikUgkEsl/j5p+FJJIJJJ/3z+Gfr8bMTrp4j8GwL8Lif/ML0HbPwZjv4Ruv05N/ClI++24/1Og+nkA+a8HwL/6h6Du83b/3Mdw+vO6/1N/P/M/Xbs/9qmmfv/RP9y3P1yTfycA/tX/EIL+8dz/hf7+JwLg34fMMp+fQw3P4F/45T86+MsA+F969iUSieQ/4+9NAe0QhLJLKMquoSg5h6HoFIaCbTBKDhEoOUWh7Bj9SayckkMiig7JH4Na+2QhCSVbGbHdRrBKQNk6ARUbsc06ET0zLxrGuTG0TQHO7l4fA2C7GNTtotC0CkPdOgolu1QU7DOFDFTtEkSbiZ+C5AwUHMV25ywUZKOA3XNQ8JC9/7cQZZ8ilHwKUfIrRDGgRE4htD6KUU1QimmCQngDFIJLUIooR1VQq12EZlgparUKMImqj15gAVq+sgA7BQXPdPmoZ0Vf0b5PLgpeovQUpWzUsVvexxDaOVNcn0T5O4xlIbCGc6w8BJbR9kxExzcVg6BczKPKsE1uhlNmOzyze+KXM4haeSOoXTiW0KJKwosnESHIpoUOyRtFcN5gamX1xiOpPU4R9bD3TcPaNQpb51CcHAPwcA0ko5Y/m+t6cLLIlGO5hhzJ0ONYhgH7k3XYIWxL0OBUki7HM3XYX6rPyU72fH+yE3yYwa5BwdyYWsyLVd24s7gbV+d25"
11918 [Forwarding screenshot on session b1310904-d161-49ca-a1a6-530fba7baea8 to remote] DEBUG org.apache.http.wire  - http-outgoing-47 << "MXagbxe04/nS7vz087hfLutFw8WFLG8UIU3o8M5VV+PC50d+bC1MbyaCK/H8XZlhmjXnFs9HdlZoMHXldHsyVPmUhcLvt9dxE/XW8O9TryrSuR2DxvOtzTj4rBUXm4ZyVfHZ/Ps5DK+fXuOb69Vc7gijycLCjg9OZUby4u4vyyLGxNjeTI9j1cLGvBkfnPeruvHV7srebZpLEemdaR1tClt40wZWd+fc0u78d2Flby/uIsvru/l1blqbq0exOlBmewqNudiE1MutTLiXHtTzney40IrF7YnarMjRZ8dBQac7ObO1m6+dI1Vo0+uE21STOicY0D/Yhu6ppvTIdGEcU2dmN3JjYUdHVnYUJ/qVtrsHFyLmW1cGFDHkPOLS/hwYRgX1jTh0KK6PNjUmDOjfNlaIOrKAuBINbaWG3J5rA/nJgVxd2UzPhydz8sjy/niykauHZzDvjUTWT17BAsm9GPD4nGsmDWQNXMH8OjiGh6dXcDrOyvYNqmQdwf78HRDUy7PSubi5DQezhvEvYWjOTOnMXdWtuJkZSonhwVxsSKOfSOS4eVm3l8bL47TjTcHmvBybwtu7+zAsnG5dG1Sm7K82uTnxJCWGkZKchBJCT7Ex3kRFuGBl78LTj7uWPkHYOYXjLFvIEa+tdDzroW+bxDGtUIxDgpHX5Q6ASFo+ddGQ9RT8wlES9TRc/bF2sGJ0qxwDqzowpO9rbmyLIov9+Zza3EEP55qyfUlsSzvpM/3WxO5NM6d69PSODczQ9zXEh7u7cmWGYlsmBLF9bXd2FORKT5LZGa5EjdneXF3hjs3h4v7kqXG8DAtpsfqsThWhepMdS4NdpCPAL47zZC7c+J4uHYw19YM4szKXrw5XsmT9c25Jq7hNfHs3RbPfcMsT+YMLmdvRSHHhwRxbVxtTo6IYn3XcOY2smd+EzOWNDMQ91+dBfXUWFyuw8ISQ+aLv8M5BWbMyjNhep4RlRm6jBcq0nUYm6bNyGQNRsgkaTA8SUssi22peoxKN2BUhiGj08WyqDda1B8l9hsh/p6Hie2DxeeDM03pn25K7zQZc3qkmtEt2YQu4pnskmhK1yRzuiRZ0D7ejNYxxrQSWsaZ0yrBSrClReJHzRPtaZLkSPNkF1qlu9MyzY2WqW41fgdIJBKJRCKRSCSS/x41/SgkkUgk/75/Ngj8kzD1nwjufh+o/RLGyUKyX47z+bLwP7b5eaD3TwbAwufB9u/90kZN4eGf+Q8EwPLr/ftw8o+B5l+HnZ/7i2vyTwfAv6/7R7/t++fn/s/3V/hfC4D/lfv6PwTA/+KzL5FIJP8JfysAVrJ2R9nGAxVbL1F6o2jpiYKZBwrmXihY+IjSX6wHiFKQl0Fie21Rhoh1UZoG/8YsBEXT2iiLUsU8TJSh6Bo5Uj/aSf4OYGtHJ9G+aMMqDCWLYNQsAlEVbSlax6Fgm4SCTTwqVpGiH7Eo2ol1+yR52KzomIKySxqqrqlCCqpuaWh4pqPllYGmdzrqPlmo+BSh4leKekBdNALL0AwsFYrRlAW+4WVYRJRhFVaMa2w5tXPaYBOciVVQKqb+qWh5JKIs2lX0yELRUzYltGzEsSALnN2yUZK9g9hF9j7iBFSdfgmAZdNAy0YDx4p+JKHtm45BUB6mkXWxTmqGfUY73DK74Z3VF99PIXBQwWiCCyqoXWccoXXGUrtgJMH5gwmQTQGd3B7X6AY4+KVg7RqOtVMw9g5+uLkGkB7oz44mgZyv78iBHCO2xCizJ0WH8/VcuNbSj9Nl9lzIMmZPkiobc5TY18aUny/1hK9mcGhkBDcm1eHV6m7cWdCZ67M78mrdQN5UD+D5il78uHcMX+8ayL0l9VhVX4/nI4I510iXa50tebcsnZ+vdIYng/l+awlnu9twp7cTO/M1+HpKHAcLlLnVw4IvN6Tw9alSfrhQny+XRnKvuwXnm5lwcWgyL7eN5KuTc3h6ajnfvLvAyzMrOT6tEXfmFHF4YhrnFhVwpyqXG9MzuDO5kLdV7bm7oCXvtg3h2dYRPN4xliPzOtEh3Yqe+U5Utg7l0prefHtpFe8u7uaLGwd4eX4tN1cP5uSgTHYUy6aAlo0AlgXAJpztYMv5Fk5sidNgV5o+23J1ONbZhe3dfegUoUy7WEOaRuvQMkGd/kV2DKjjRqdka3rlmVPR3ImJTe1Z3MKcDZ3sqO4ZwNBSO0Y39WBR1wA2j4rnzPLGrB2fzuv9nTg7NpBtBQZUR2qwLFKNbeUGXBnjzbnJQdxd3Zznu6fy4cJmzmyeyrCuuVTNHkr1/Er2rF/IgQ0L2LZiAnvWVPLwbBVvrqzg7Z3l7Jwqrsn+Hjxd35ArsxK5NDmVhwuH8WTlJI5Oq8fF+Q24v7Qhp4YFcakijvOi/o8PVvH87FBxfdpzf0serw+05Mnx/swZXURBlh+uvu5Y+dbG2CccY/8QDHz8MfSTCULbMxgt7yhUfONR8k1E0SceBR/x9+kn1gPEur9sOQaFgFgUAoUg8bcaFCPEoVo7FZ1aaRi7hZCdlcD+tQN4sL8Nt9Yl8f2xcm4ujubHM225vTye6l6GfLMthdNj3bg9L5erC3O5tqqU29vbcXhpBvvnxXFmUVMOTcrl4tw05jdX59pMb+5Md+X2CDcWZ2swPFwWAOvKRwCvzlDn4kB7rk+y4O50A+7OjeNRteydyxWcXTaYVwen8WxjZ67OzuPs3DLObK8gK1PczwH1WTmxlB0Vkewf78/6no4sbWHLosYmLG6ix6JGGiysp8rieposKtVjQbEJcwvNmFnHhOn5hkzL16cyW0fQZXymLuMydBidpskoYViSOkMSVRmarM7wVC1GpOswMkNfkIW+2oIOw7N0GZltyMg8M0bWsWRkkS1DCmwZkGdDv1xbeudY0z3Tgi4phnRPN6ZrmgkdEo1ol2BAhyRT2iaZ0ybRgtZJ1rROsadNigOtU51onuJI4xRRprnSTGia6kwzoabvgJqkN5gvl9FwgVxmI5lFwuJfZTVaKpfdeNmvchutIL9BFQX1V1Cn/jJhqbDoI9FOQaOF5It98xovJafxcmEFWY1Xkdl4DWmla6nXdjcZJfOo23wudcpHEp/aAhtH8V2iYYOh+A7y9C8gIbMPhQ3nkyuOkVl3DblNhGbLyGlaJfpQTW6DzeKzLRTU20iR6Et5k/nUbTiGnDrtKChsSF5+LvGx4aQnhlCeE0l6mAONsoKom+JNYaIrgS7aWBoqYmSoiqauKipaotTXRVtHC3VVsV1bBRtTPbxcbEiJ9CIl2JIYF3VC7RRplB5OkKsLhnpOmFvH4FmrnJik9kRE1sfdMRxPaxd8LTTwMVfERk8DG3M3vAKKCYjpQ3DaVCLzqoTVRGUuIyZ1BsnJ48hIHEBuYnfyopqQ6J6An6Er9somOKoZ4qFnjKu2DrYqilgqKWKvpoSbrho+xjoEmBsRbG1OmL01webGBJoa1nivJRKJRCKRSCT/XWr6UUgikUj+fTUHgZ+HbL/4NWz7V4O7z0Kz1ks+7fvpWB/DtrNM3Ppbm389/bPMvxcA/6LGIFh+Hv9KqPuv1P3MPwTAf9gm/O78awxva/IfCoBr2Oc3v5znX5z7P91f4X8tAP7X7tVfBsD/Zp8lEonk7/hbAbCquT0qZnaoWTjIKRrbomBoj6KJE0omzigZuwnugof4zAMFk4/ky0Yy7qL+J2JZUZRKYruKiRcqxp7o6pnRON6FYR2KMbd3QMHCFwVLWWDsh7KJNyqm/iiYh4ttUUKE6EsgypahKNpEo2AttllHoGAVjpJVBKq2EWg7RqFpH4aGfW00HQT7YDRsA7H0TMTMLR4TlxiMnCMxcQ3H1C0Me+8IbN2DiUvJp2GTtowZPZGxYyZR3rA5vqExmDj7Y+4Vg7azLIROQNUtD0XZlM8uOSi5yILfZFSc41FxikXFMU5OFgKri3V1l1jUxPE03BPR9JaFXzkYhpdiFt8Y69TWOGd0wSurNz45/fHPG0pg/khhjDCKoLyRBOUPp1beAPwyu+OR3A632AbY+8Vj5RqElZMfdg4euLn5khbsx/ICG46XGXGk2JSdaVocyDXiZit/3gxM4ln3EJ41ceVkvg4HG"
11918 [Forwarding screenshot on session b1310904-d161-49ca-a1a6-530fba7baea8 to remote] DEBUG org.apache.http.wire  - http-outgoing-47 << "mhzuKM5XO0BDwdzfmI8dybn8251V+7P68CtWe15u34Ab9cN5PmqfvxwYAIf9g3n7vImrG9pyYPBvlxsos3tLsa8mB7Alztz+PFyO9jbgIt9Hbnfz5WdOZp8MzORowXK3OtlxsulIbzalcwX+9J5NyeA2x31OdfUiItDknm9YzRfn57Lk9Mr+ObdJb64spWDU5pxb0ljnu/sweXVDbi8NItLMwu4Pr0RT6o6c2tpB17sHMbDXcN5c2Ya2+c0p299N9ZUljK0mS/Xtg7m3fllvLm0h3c3D/Ly4npurBnKiUGZbC8ykb8D+HJrY862M+Z0O2vONnNgU7Qae1N12J2nycF2Luzp7cfoHGM6xujTNl6bnuJ6jqjnTod4C9rFWtMzx5Kh9e2Z1NKLqi5erOnoSqcoTfoXOdBFfDayri3L+kZwdV0nqiuy+OHqGC5PCGdznt6nAFj1UwDsJQ+An2xsz+Odk3lzdgMXd89n/ZKhPL11lJWzK3l+8Shb5k1g67xxXN+/jAfHFvPy9Hy+uLWU/TOKeLunK0/X1uPazHiuTE7hyeIR3F1WyfYxeRybXsSdRfU4PTyEKxXxXJ5WxJtDYziyokRco5Y83pHDq91lvDnWlcVjcynM9BHPlzN6HmFoBaSi4heLolcISt5BKHnVRslT/A36xKMaGI9SYDSKAeLv0C8SBd+PlGvFohok/k6CEuVUAhPEtngUayWgEJSKWmAOBl7RJGcksF88Zw8OtuH2xnh+OFnO1Xnh/Hi6HfdWJbF5iDFvNydwYJgD12ZncWF2KpcWZ3N9TTmH50Wxf1YYR6bX4eCETE7NSGRVdxMuTvfi5jRn7oxwY2muBiMitJgZp8+yBHXWZKhxcZA91yaac3eaPrdnx/Bw9RDur6vkzOJBPN09iWcbu3NlTjFHZzfi4LbpRGfF0mNoZxbM6sRKcZwVI4OZ296KBQ2NWdHEiGWNdFlUT53F5Rosb2DIwhID5pUYMbvYiBnFekwt1mRKkToT87SYkKtLZY4OFVk6jM3QYowwIk2T4cKIdC1GZuowKkuP0dkGjC8wYVJdKyaXWzOpng2TxHM2saEzExu5MrGJF+MaeTG6oRejGnozvL4XQ8vdGVRiy4AiC/rkmdEtw5gu6SZ0yTSnY7oV7VOtaZNqIw+AW38KgFumO9My24M2uV40z3SjWYYrLbLca/wOqElGw4VymY1kFpHVWGbJ7/wS+uY0WS6XK+Q3WUlh49XCKmElxY2qKBTbi0W9wqZLKWq6nMJmKyhoVkV+81XCanKbrxHWUaf5NrIbrBH7raCo8WwyiwbjGVCAtp4nmrruuHmnE5/ekbzycZQ1X0yBaD+v0XrRxtpfA+CcxtXkNdxMQYMtFDZYT3FDcbzyKeQV9ycxtR5JydmkpiaRlhJJeXEK7Rpl07wohqYF4RTEulKS5IWjsRpaigpoqSuhqqGCsroaqlraaOvqYGKkh5O1Ge6ONthbGuPnZExCgBVFUY6k+BhRGBVAqIf4GzPzwy+wZBpD7wAA//RJREFULlHJ3UnN7U9aZjciw0oI9Yki1M2WIEcjrPV0MBPftb4B+USl9CImZzzROVOJzJxKXNZEUrLGkJ7am6ja9XG3jsRaywEbNVM8dWzw1rPCUU0XKxVVnDXV8TczJNjKiEBLfWqZGxBkaSTWTQgQ2731tfGR06jxXkskEolEIpFI/rvU9KOQRCKR/Pv+LAj8PDT7qMbw8J8KPz+v/4e2PgWGof1+CfX+mfb+OqT7PCD8yzC5hjDv83D4r4Po/2AALPw+cP/snP6kfk3+9Lz/nQD4VzWd51+c+7/Q3383TP3XA+B/5b7+DwHwv/zsSyQSyd/3twJgDRNTVA1NUDe1QN3ECkU9U5T0zFE2tBZsUDawFxzkFA2cUDB0QMHIXpR2KBjI2KKg/4meoGuDkr4dKqKeithHR0eP5ikejO5WDwt7RxQsvYVaKJh4omjoKsgC5QAUTYKEQJSNvFAy9hbL/nLKZv6omvujaRWAtqUfGmYeos8u6Fi4Y+boj417MC4etfCwt8bXwZxQb3vykmrTpUUh4wa3ZdOSMQxol8vySV05sX4iP93fx/fvz3Nk72p69uhK7YhYTB38MXaKQs8pGVWbVJTs0oUUIQEl20hUbEOE2mI9EkW7aJTso1Gxj0LFQTZFdiRqrnGoeSSh6ZeJbkgRRtH1MU9sjl1qO5zTuuGR0QuvrP54Zw3GN2uoMASfrEH4ZQ8Qy71xT+2IU3xLXKLrYusbiYWLD5ZOHtg5OuPu4UVGqDebmnhwqoERx8pNOVpmzvG61hwutuJAoSnHCoy4U2LB+WIdzrYxZkcjdX7eW867Qw25MyOZ+5Oy+Xp1Z57Nb8ejee35YsNA3q0fxIvV/fnu8GS+PDiGOytbsKaVNQ+HBnCpiQZ3OuryfponL1eF8O3+YtjfiGsD3Xg4wJ3tWVp8MzeFU0WqPOtnydM5PjzeEMarrVF8JZYfdjXkQjNZAJzEi60j+PLkbJ6cqeKb91f59u4Brq4aIB91zKPFPD/ci+vrijk/r5QXawdwdlYLblb34uyqzrw4O4nXN+exZVFzhrSvxePLM9kwsyHXdg3j3aUq3l7dx/vbh3lzeRO31g3nxOAsthWZcPGXEcDtjDnb0ZpzzR3YGqfGvmQNDhfqsL+1K/v6+LC0hTuDMi1oGqxJ42AFJjb1p1e6A63CzSivpUTrBF0qW/rTPkyVGfXN6RCjSqNILTrn2tOvQNyD+U24t7M/u+fW56cro7g6KbLmAHhSELermvJszzS+vraLi/sWs3RmHy6e2MbaedO4f2g31RXDObB4Cpe2zOPJ0SV8f301X15dyNEZJXy5tyuv19Xj1ow4rlQmcHNGH24vrWDvhFIuL27C243tOT6oFjcmJvK0qhmPtvcV/2clhhcn6/FqTw6vd+bx/rQs5MymPC8Aaw93ND2jUPLPRCU0B8Xa4lkPSUA5KAEFvwQU/ZNR8IkSyxEo+EejECAb8fuJbF3GTxYOx6JcSzz7teLF/kkohKaiFZyLRUAiKRmxHNk8gLdnOnB7fSQ/nirj0tza/Hi2PbdXJrB+kDGPqyPZ1NuMUxMSODA2hCOTwzk/P53qwfYcnxvGgUkZHJ6UyYlpiSzubMTZad7cnuHGfXFNV9TRYqS4F7MSDFiRpEl1phqXPgXAt6fqcWtWNPfE831r01BOVXXh2YFhvNjSiiuzMzg3ry6nt04mMzOKccN7sGGquDY9w1ne1oEVzc1Z3cKcVU0NqWqsx0qZhoasqG/M4rqmLBR/e/PKTJlVpsv0uupMK1dhWok+04qMmFpowKRCQyYWGDBBNjJYVtYxpFJsqyw0ZoL4W51QJJSaMaWhLfNbe7K8WzCrekeyolcMS3pFs7xfEkv6JbNkQBrLBmWxdHA2SwZlMKdbKOOauTC03JaRDR0ZUteJLllmdM60pku2A51znOmS50n3Or70LgmiW0ktupYH0r1BMO2LfelQ4itfruk7oCbZTZb+Tk5TWcC6jNxmy3/TdAV5zark8puvlKvTfDWFzaopbraGIqG46SqKxPbiZitFWUVxi9UUtfyosGU1dYSCluvIb7meeh13k1y8iPI2aylqOpeE7P4YWSWgouGFhU00MUmtKGk8ltJmMyiRBcBNV5LXpJpccczs5qJ/ov28pqK9JpsoarxR1K2mrPEiCuuOITmjJcFhyYSGhZOUFEF+XhwtGufQs10p3Zvn0yQvkuJ4b+qlBeNuroehmjImetqYmJhhaGKBpq4hOroGWFmY42JnhbOtNY7WFtRysSYt2JmCMCcaJgUQ5WyLg4EV/t4ZJGX0JqNoPNklE8gvGUtWZk+SY+qRUDuKKF8fbAzNxTHsCQzKIT23K6l5/UjI6kNcWnfCopvh45uBrbkPFnpW2BmZ4m1uTZitK8HmdgQYi2OLvgWL/oTbWhApvvuiHM3F54aEWhsSYWcqtlkQYmWCn6Eu7lrKuGoo1HivJRKJRCKRSCT/XWr6UUgikUj+fX8RBH4e0Am/C9s+HyH6h/3kAVpN235t608Czhra+lOf7ff7EPCzcPKztuSh4R/b/uwcfgsFPw/4/hAAyuv/s"
11918 [Forwarding screenshot on session b1310904-d161-49ca-a1a6-530fba7baea8 to remote] DEBUG org.apache.http.wire  - http-outgoing-47 << "u0/GwDL/O4a/bHvv2z/XVD6qQ+/bPuTtj9v9y8DYPn+fww9P6v32bF/69M/hqT/Vn9/V++v/TsB8D9/X/+nAFj4F599iUQi+bv+VgCsYmKOor4hqsZmqBmaoqJnhKqOEeoGpijrGqOkbYKitqmoY42SLPTVtxTMUNA1/Uh8pqAl1rXMUdCx+Lisa4GioY28rrqONs2SvBjWuT56Fhaom1mibGCFso74XNcWJTM7dEQf/Nx8cDazxd7OGldXRzzdXKkV4EvtIB9iooNISQ4nKyuOgvxkykpyqFtaSHlJCQ3KGtCsflOa169Hmyb16dCyEe1blNOgPJ16ZQm0b5lFv84FHNszl7N757Bxdg+WjG3NqEHdad9tMCn5zTG2j0TDLBxt22SUzWJRsYhByTQCVYsIVExDUDcPQ0U23bVVKArWIaKsjZJtKEp2gk1tVJ2iUHGMQtUjHg2/NPRC8jCOLsMsthGWsS2wSWiDfVIHHJM64ZzSDbf0HkJ3fHJ7457RFfuEVljHNMUqtAAbn2AsnJyxcbDF2dECLxdb8kNd2NHUmRutLLjVxoFrTW243tia642sudbQlpsNbXja1J7r9Q242cGCXeXq/LShgOcrMrg3NYl7k3L4anVXXizqzKN5nfly/SDebRjE0+p+fHd0Mh8OjeHBytasaybaGR7CxcZa3GqryY/TvXm/0JdvN6fww7Z87gxx4vEgZzZla/L10kxO1NPg1UA7vpgdwMsVgaLdUH6c583z3kZcbGXKxYGJvN4wkq9OLOL56Sq+++IMX1zZwPmVA3m2bTjfXJ3Fg0NduLKjhDs7u/DT5WUcX9CVKxv6sm5SPq8uV/Lk8hT2ru1J33YhPLkyj4fnZnB1z3jeX9nE+2v7+fbWYb66sJEH1cM5MzyPTcUmnGlqIg+AL7Yx5loHOy6Ka7MrQYP9yWqcKNTmSCsXDvdyZ3tXLyaXWjIgy4D28ap0SzelQ6IF5QHalNVSp1+BFYu7BjKnuQ3VPezYPCyGTinG9Cn2oG+xFTe3dubW9o4cW1zGl/s7cW1yFBsLDVgZrcmSSHW2lBpyc4w/FyYG8ai6Oa/2T+Hp8eVc3DObKcOasmHRZPauWs6VPbuYN3wI57ev49SGBTw7Vc37i8t5d246x+eU8OWBrrzb2JBb0+O5XpnE7Rk9eLRsLHtGFHBCXKfvd3fm8FAfzleGcnNBNo83t2D7hGBeHSrj9e58Xu8s5cPpAaybWEbTolBc/b0xrRWNVnAyqoHieQ8KR612KOqiVPUTz7xfNEqCQkAkigFRH0cB+0ej6BeFUq1YlALj5MGv0i8CxLrYphIQg5pPAkZekSSnxnF03RB+uDiAx+uS4UIzri+NEeuduLk6hbUDzXiwIpx13Yw4NjGO49MSOD41gttLU9nQx4G7q3M5Mi2JfRNSOD+/kOWdxD2d4c3tmW48muDNymItRkWpMztBjxWJGqyVTQE9wJHrk2y4NVmPG7Mjub26t3iWBnJ0RQfu7x3Aw+3tODUni5MLyri0ZRj10zyY2q8hW8e3YlmnKBY392JlOy+q2rixuJk98xtZyc0Tf1+z6loxq9yWGeU2zGlsx5L2LixsK5ZbWrCmZzCL2/uxoL03c1r5iO1BLGztx/IOop3WFixtY8GSVtYsa+XInCZmzG5uyeLOXmwelca9A+N4dmKO+PtYwtMzy3h8agmPxPLjs8t4cnGleP7X8uzKSi5u6Mra0fGsG5PAtkmZrB+XTkVLL0Y18WJBvzTm9U5n8cAclg7JY9mwXFaNKaG6siFrhGUjS6gaW5cNU5rW+B1Qk9xmK+TyZJrLAt5PIW+LlRT8apVcnZZCq9VyRS3XyBW3+JOy1VqKWn9uHYWf1O2wlexGyyhvV029NkuJSuuHsU0Wlo7ZBEc0p7jBWJp2mE/dFnMpa7WUsjbVFIr28lqtIqflcnlZp+U6ilpspLTZWuo2W05501nkF/cnJCIXH78goqNDKC1OpVWLfDq2LWJI72Z0bV5Aw5xImufHUZIQRC17C0zUVDDS1sHcxBoLS0d0DcwxMDDB3lb8u2xvhY25KeaGxnham5Mb6Ue9+AAaJYXgYaCHh4UH6SntyCkaR1bpLHLqziOvbCbZeaPJy+5DRlwjkiPycRPfHw6WwcSJ74qiws5kZ7ciJDgbN5dQHG08cLd3pparE5E+TkR72xLubEFtSzNCLMwJtTIjwsaMSHvB1oQwGwNinEyJcjAW24yIsDWWB8FBZnr4G2nhZ6iOr4FajfdaIpFIJBKJRPLfpaYfhSQSieTfV0MQ+Jmaw8NffB6C/t4/1P08NPtdMPf7Nv7xGH/h8wDxj/5wLr8LJX+n5vD2T+v/2u5/PgD+fUj5x8//8Nlnfj+i9R/rtZ70PwTdvxznL65nTaNmfxdYy/wuxP0n+vu/GgB/9D/f138iAJb7F559iUQi+Zv+3hTQFpYoGRmjYWqCio4OOgZ6aGtrYmioh5Yo9QwM0NI3QEXfECVdAxQ0tFHQ1hX0UdQxQklLUDeWU9E2R1HTCEVtIxT0jFHQ1UdZS4WW6UEM7dICbRMT1LTV0dBURU3dCGUzR1TMDQn0NWZ6hzIG5UTTo2kKfVpn071BspBEkxx/ytLcSA6TvW/RgcQwF6KDPKnt5UqAsz0Bji64WrlgZO6BppErKgZ2KOqZoWlpg569NaZONviF+ZGaFUdSchjBtVyIqO2FvbsfapaBKJkEo2ImC3oj5aWqeai4Hn4oGHqjZhaIilEQ6saRqJpEoGApe/+x+MxY9p5kP5QERVNfVGyCUbQIQMVB7CvjFIaKUziqbvGoe2eiF1iAcWgphrWLMQguwiSsDLOIcqxiGmApGy0slk3CSjHwT8PCuzaW4pzs7W3wdDDHTygOceRgS1futDDhVjNzbjU04mEjQx7W0+dumTG3ysy4U8+Uy6Va3GxuwN5CdX5ekcu7GQncqYjj7uQ83q/uxtOl3bg9pwMf1g3h7YZBPFrXl2+PTeSbg6N5uqI125o58WJ4JBea6HO9lTY/TvTgm6lufLcqlPfLQ3gyzJbnw5xYn6fJ12vzONhAjXvdTPl6qh8vp7jwfoEXX0+241FPHc63N+XSgAS+XD+W70+u4fWplXz/+gDf3axm14yOnF7an7t7hvPy8gDunG3Chb2duLKvkgtbxrBmYgkrKpP47tEk7p0bw5Vjk9m6qg+n94/hy0cruXdsLu+v7ODLawf44cYhvj+9jierhnJpdCFri4041syYS62NudLCkHvtHDlfbs3OBE0OpmpwNEeTU60cOd3TmYM9nFnW0oqBmVp0iFelZaw2vQtcKPLXpiRQjUF1rNk/MpJDY914sDqBVb29aRerT698F8a19+Ppyb5c3dqAA9MTeLmxnGuTI1lbZMSyOB0WRWmzsVAcf1xtLk0M4uGaJjzaMZLnJxZx69QSpg9rxO6lMzi3cwdn9+5n/oQJXD16iBPbVnH14Aoen17Ey1MTOL6whC8PduLLrY25OS2BW5PSuDOtA48WDuHQ0DocH5vGl1uacmi0Dycm+nN4vA+P1uayt8KbDwcb8MW+urzY3pAPZ0azYWozmpdG4u7vhkVgMDq1QtCtLROEXnAA+oGBGIhtegERqPuHoxwQhmJAKIr+QkA4SrUiRBn5MRiuFYViYIwQKy+VRH1NUVfDPxod7xASMhLZs2wQP58byePlyXCmGVeXx/D9ufZcW5PBugGWPFoawZZe5hydHM+Z+dnsHx/I5Rm12dXXhYfLi9hdGcDaYeL6LWrM2q4WnJ/kxPUZjjye4svKMg1GRqswJ0mHFQnqVKepc66vEzemyN4DrMeNeRHcXN2Di6sHcaKqJw/2j+DRwf4cW1afXTPzubmtF32KHRhSz5vJrSKY3iacaa1qM699bXmIO6uFF1MauTC+rh1jS6wZI4woMGF4HUPxHARzfEYuO8bEsHNcAmcWNmP/jLqsH5fBiiHZrBlazLZRRewbF8OWgbbsGGDN9j5O7O7vw7J2Jixoa8LCLq6sGZkO35yAr27w01cP+fHrp8JDfvr2Pj99d5fvv7vPdz8+5eef7vHo+FhWjQwTfztp7JubzfapGYxp7sCkdr6cX"
11918 [Forwarding screenshot on session b1310904-d161-49ca-a1a6-530fba7baea8 to remote] DEBUG org.apache.http.wire  - http-outgoing-47 << "NqeXdMasm9WI/bMLmXblBzxeSGbJpSwoaKIdePqsGViGVsn1a3xO6Amv4S7HwPe1b8qbLXmd4rafFTctvqjNkLr1ZS0XiNUyxXLylbrRLmOkjbrRZ2arBPtrKZu+zWUtllBo46riM8egXfttsSlDyC/tIKm7RbStMNSypovoLztCup1EMdot4Y67VaT36aKOm1l/VhHqSxMbrmS8ubzqd90AjkFHQgIisbXz4uEhCDKy5Jp3iSD8pIYenQop16dOOok1aJtWRqFMbWIcLXFTFUZPWU1jHRMMTO1R0/fXDDG0sIMK/GdZWpogJm+Cf4ODqQHe9E0PZw0HwectbWx1XeiTn5vcksnk1G2kOz6VWTXXUJmnWmUlE4lL2sYuen9iKrdjPDAcgqzOtCwqCN10spIjUwkISiYWD8PEvxcSAlyIsHXihA7LfxNVAm11CPBxYpUT1sSXM2JdjAgztmYFC9LYp0MBSOi7A0ItdIh0ESDACN1Aow1CLXWF/RqvNcSiUQikUgkkv8uNf0oJJFIJBLJn/kt9PyrQFMikUgk/1f9rQBYx0gNfRk9RdQVFTBUV0BPQZSCrqAjtmkKamJZXUUBJUFBUxVFLXUUlJUFNZSUxbKCEoqCsrICGpoKKIt6mtpiWUmBhvF+DO3eAStXVxRE+8aGRmioGaKorouejTEjB7Zgavu6ZNpoY66ijJmGMiYqSpipKslHYlnq6aKjqo2Bnhk6WqaYGTtiaeqMnqY5+urmqCuZoqrhiIKaHfpW/vLpqtXMHOVBsK6dC3r2bhg6eqJj5YKutTtqRg5i2QltKwfULRxRM3dF0UjsL5vC2tgORSuxbOOEgoUzCmaeKOgK+n4oaLmgpOeGhpE3+mYBaOh7oqbrgYqeJ4q67ijouKGgLc5RfK5qE4ySZYDY3wsFQ7FdNt21pS/qsvcWO4Wg5SwbPRyAql2gfF3Jyg9la7GPUZDoXwA6+i5YmzriZu1Elr8LxzoEcretNbdaWXCniSEPm2rzqIE698v1uVvXlFt1DblUqs6NpjocLFKDxel8OT2Oh5WxPJiey4d1XXm6vDO35rQTy4N5u2EIj9b14+vjE/nm0Gier2jL9ubOPB8excVmRvIA+JtRzrwZZc2rGa68mOXJs2G2vBrtzoYCLb7eUMCBBirc7mjM+zHuPBxhxaNxVrwdbcbjnjpc7CALgGN5v24k3x5bzevTa/j+zRF+eL6XffP68GDPbO7sq+DRuYHcvdKBiye6c/rAMPau6cq8MYkc3FjM63t9eXV/DE9uz+DxnRlsrW7K67uTuHpwKC8vruDL6/v4/sZBfjiznuerh3F5TBHVRYYcb/5xBPDl5kbyAPhCfRt2JmmzL0OX/bk6nGztxKmeThzuac+Wrg6MyFGla6IqBZ5K9Chwo3GsGRliuWGIMuOL9dg80IZbVbF0iFakaYgGHdPtmdw9lBdnBnJxY112VoZxfWEG1ydHs67EhKXxeiyM1GZjHWPujA3j4oTaPN3Ylqf7K7l7aA43ji+kYkA9Ni2azqIJE1g6bSqVgwcwf9IYjm1bwe0Ta/jh4VbenJvC0YXFvD/QiW93tuLOrBSuViZxY0or7s/vy4Eh+RwZncrT1fU4OTmMU1NCOT0tnLsrs9hb4cP7/fV5sbMO74604P2VoVTPb0iDRiE4BDthFByIRmAYmiFRaNeORDc4Ev1a0Rj4J6Dnn4hmUCSqtWujHBSEYlAgCoGyMliUnwTVFkJRCBZqy0rxrNcWz3qYqBfiR2BeKJuqe/DzvdHcWxUL5xtwqSqc78635ca6HDYNsef+wjAODHPmzKw0zi/K4/CkMC7NCGZXH1cuTUtnW4UvOycm8nhjN7b1deTcRAeuznDg6XR/1tTXZmy8GnNT9FieqE51ugZn+jiJe2DPjcn6XJ8bwc01PTmzuBcXVvbhpXjGn+3vx/nVDTg0N4f9M7KZ1dGbNYPjWNIzlOV9wljYxYcl3T1Z3c+bdYP82ToyhF1jo9k9LoZd4yLZNiqE9YN92TTcj93jg1k7yIVV/V25ubYVp5Y0YmNlBmtGF7JiSBHbK+qxY3QUG/tZsL2POdt72LOnjzcrxXO5WKaTC9UjMuCrs/DhPj99/Zbvv/vAd9+944cfXvP9D8+FV3z34xf8zEueHJvEhjHJ7Jsl/u7m1GHn1BwqW7sxuV0Ae6Y3YtXIXDZOKGDrtDy2TMkU8llXUcRa8TexYXwZ26c2ZFPlPx8A/xrwtq7+lTzc/RT0lrRb+8kaSttXy5UJdduvpm67KmGlsJqydmJ7u3WUtlsvbKRuhy2/ab+Z8vYbKe8gI6tTRf3Oa0T95TRoX0VO3elkFE6kvPkiGrRcQlOxrVGb5ZS2WEw9sVwq6pW0FTquprDDKoo7iuOLduq1XUP91kuo13Iq9ZoMJTWzHkEhoYSE+hAT40VighcpCZ6EBFqSlR5MVIgT8bUdaZwbTdOcWOJ9nHA20MFazwBLQ3PMTK3R0zdBU0sHbW01tNQVUVNSwtTAmEA3VxIDXGmZHU2bnAQKIyPwcwwkIryJ6PsEshtUkVl/LZn1VpFVtoii+ksoqLOAooL55KSOJT9tII0L+9MopzXFcTlkB4VQJ7QW9WJrkxvkTLC5Ot76ykTa6ZPpa0OWnxVJrobE2GsT66BNoos+yW6GJAmxDjpE2moSZqlBiJk6oeaahFvqEmGjT7itPmG2OjXea4lEIpFIJBLJf5eafhSSSCQSieSXUal/OiL4XxhlK5FIJJL/O/5WABzvb05uhBN1IhzJCTCjbqgNxQHGNAqxomGIJfVCLCisZUJJiDVZAeZ42etj62iBmY0pugY6GBkbYW1hiZWJEea66jibaRDopIuPhTrx3obEuZjSIy+YUZ1KCfa3wc/dHj9HK3ztzKjlbU5EoANb5vSld3Y4SWbahFoq42mkiruxGl5mmjiZ6GFnYoG1mQuW5l6YmnhgrO+AjoYh1samWBsaYqaljbWBlTi+GSY6xmgpq2KgpYWJkRF6BoZo6xuipmeKsoEtBva1UDZ0Rc3EBlUDfVT0jFGWvfdY3xwlQ0uUjcSy2K4ozkfB0BhFCycUzNxRtfDHwNwXHV1n1NTt0NR2RFPLWbTvhZq2K3qmAWia+KMuSiUTPxTEdmVTT9StBStP1Cw90LD2QtHUGQUda/GZMyoWbigaO37cZiQbDe0v1iPQMIlCU88bMwMXXG3cxXX34HT3SO51sONma0vuNDfkQRNNHjZU426ZDrdLjLhVpsfVMg2uNtLkULEq308N5+X42twdG87DGdl8s6ETz6o6cHNOSz6sH8TbjUN5tH4gXx+bwteHxvF8RXu2t3Dh6dBwzjTS5XJTdd4OsuPpQEsej7PnyXgHXgy25fUYL9YWaPPNxjqcaK7Js542vB3qxINBltwdZsrb4RY87qbNpY5GXBoQzpdrh4hjVPH6VDXfvz3Jh+ubObZyLHd2z+fargm8fzCf6+d7c+v6WC6fn8iM8QVMHBbGstnhXD7VmBuXunH5zAD272rP7SsDeXFnEDeP9+b99SV8uLGfH24c5sezG3m5diRXxxZTXWjACdkI4FbC5wFwii67Mg3YkavHiTYunO3jxpn+zpwdFcDiFub0TlKmYaAqDUINaZvuTF6gPg0jdekUq87e8aGsH+pAs1AlGoeq0y7dkQVD0nl5figXNpazqzKSS7NTuT0zmQ2lZiyP12NBhDbr88V9GRPGhQlh4lq35dG+idw4NIcLh+Yxe0Inbp09zP6N69latYTlsyayaMpIjm1fxJWDi3hyZj4vTk3k8LxS3h/sxle7WnNbFgBPTOTq5MbcnNWZfYOzOTwqjVuLirm+MI9z4vhHJ0Zye2U+BycH88XBBjzfkcezI3X54m4fqqvKaNQ6CMcIB4zDaqEVEoFWaBQ6IZHoBUVgVCsKI/9YjPziMQiKRTcoCi2xTcM/AjX/cFT8wlAJiESlVjRKgUJQDErBsSiHJqAYFotCVAwKEaIMqY1Hdigrq7vz86tJ3K6OgkvlnF8ZyjcXW3NjYy5bRzhxb2EoR0a6c315Efc2NGGPeF5PVvqwvacLj1aUc2xuNPumpfHhwDB2DnDh8jRXr"
11918 [Forwarding screenshot on session b1310904-d161-49ca-a1a6-530fba7baea8 to remote] DEBUG org.apache.http.wire  - http-outgoing-47 << "k535NmMANY10mN8ogbzUvU/BsBp6pzu5cD1qQ7cnGLA9bnh3FnTkxurh3BuUVeebBvI0909OTgzndOLcjg6K5U9lbEcEe1vHRXKroowto3yZ+dYf7aN9GTLMHfRR092jPJh2wgvNg11Z8doX8Gb7aPcOTgpgEOT/Tg2M5z7G1uwa2oWa8clsq6yhJUj67K1oj67xyexeYA9u/vasK+HE8f6+LGprSlr25mxtrsHW0fnIi4IfPWEH77+wLff/cBX33zFN9+959tvX/PNN2/47tsv+fnbVzw+ME20mc/RufXFM1FPHK8Ola28mNIhhG2TG7J6VB3WVhSwpjKT9ZMzWTexkKpRpSwfIfozupy14xuJvjWu8TugJrJRu/KRu23WftR2LaXtZKopbfsx9K3bfi1lHVZTt8MaeVku1O+wjAbtF9GwwxIadhTLndZQv+Na6nXYQL2OW6jXaZuwnfqirN9pCw06bvqo0zoadJaNAF4utq+UT/Fct6XYv9VKmrVfJ9ei4waadlhLk05radZtnTjeCtFmFQ26iX6K49TtvFYca408PG7QZj71m4+ltEF3IqKTqR1Si/i4WsTFehIe5khkuAtBAbYE1nIgwM+a8ABrCpP86dYwm1hPKzxNdXAxMcROfMeYm5ijL75HNLQ00dBUQkNDATU1ZQz1jDDV0SPG14XiaG/a5MYQYm+Bm5UbllYxJOePIbfJKlLrrSa9/hqyG1aRV38ZucUrqFO0goLcadQtGEPTwj6Up5RTR/wNlUeGUCfAmRhLTcJMFEl2NCTHx5F0T3uSXE1J8dAj2V2bNC9dMn0NBWNSPfVJcNEh1cOYGHstQsxVBFUirbWJstEl3EaHSDs9IuylEcASiUQikUgk/y+o6UchiUQikUj+alrimqZwlkgkEsl/h78VABcF6NIm0Z4+ed4MzPViTLE/FYW+DE11oLKON9PrBzOxNIDKEn9aBBviaaCAvq4y6ppKghr6BgaYGptgZqCHubY6zvrKxLlqU1BLj2EN/FneN525bWNZO7KIim5xLBrZlKndC5jbM4OZXcNY3C+WvRPqs21oHsu7xNA325LuOSb0rWtL/yYBTB1Yj3H92zCzchzdO3aiVZMm9Oncmt7tS+jTOoWWBV50Lg6kONSZkmBHuhbGMrpFLu2zg2mc7EeznDDKMkLwdrHE1NwMI0tHNPRt0Ld0Qc/MDnVdS1S0zNHUs0TX0AJdI0Ms7UwFIwyNNeU/+uvq6aOmqoumig4GWkby8FlP01gwQVdT7KthjqGJi2jHChV9e1TFsqKhAxrmTqib2qBiZImasTWa5nZoWTqgZeHwcVmU6ma2ot7H7Qo6Yn9DTzQETW1LjLUNsDcyIt3bkkt9Irnf3pqbrSy53dyUe431uN9Am7t19blTYsTNUj1ulmtzpYEGR4pVeDPSh/tDvbgxLJCH0zL5bmMnXlS15eac5nzYMJA3G4fycMNgvj4+g68PT+BpVQe2t3Ll4eDanKyvyfkGqrzobc2TPlY8HmHP45F2vOhrzZsx3h8D4C3FnG6pzZMuVjzsYsbdnibc7mfEF0MsedRJm8sdDbg8KJgP6/vzzfEVvDy9nu/fXOCHB0c4u2kW1/cs4uDqEezf0JcDu3tw9ORYtmwfzvQpTejR0ZfKUf5cOtOGC6e6cP7EAPZub8PLh2N5fmsAF3a34+s7y/nq5n6+v3mEn85t4fX60VyvKJUHwMeaGnOhhaF8Kus7bRw4V8+a7Sl67MgyZnO2LkfauHChrxsX+tlxq8KPnd3tGV+gw8AMI0q81Wmb6kReoDGFgToMKrTlUlUddkwOoUmEAsX+WrRNc2XJ6HyenhnKlS2N2Dk+ivOzUrkzK42NJWZUxemyMFyTdXkG3BoVyoXxYTzd2JG7Oyu4f2opN89UMWVcW3auX8rBrRvYtGw2q+eOZ/GUQaycPYCzu2fw5c3VPDsxkSPz6/P+UG++3NGKG7OSuTY1mcuTy7g4pSm7B6RyZEwmV+YW83R9K25X1WdvRQw3qorZPaE2z3eX8MXREh4fKuDt7a6sqyqiaetauITZYVY7AP3gCAxqR2EUHIZJYDBmtYIwDxClfxhmAUkY+6dh6JOCnncS2t6JaHolouGdjLrYpiLjl4qKfzrqgdmoBuaiGJCHgn8+SoFpeKclsGJZT35+Oomba6L4+WJdzq4O4cPlVlzZlM3GkY7iWQzkwFBn7q2pz5t9ndk6KoAjY73Z1M2Jb/Z05Xp1HrsmJvPN0bFs6+3AtZkeXJvuyPMZtVjf2ICKRA3mpuizNF6NNWnqnOxpz41pTtyaasi1OWHcre7N7ZWDOTO7Ay+3DeHro0M5MCmJ0/PSOTUnlf0To+Th/r7KYA5PCWbPeE/Bh33ja7FrjD+7RgewZ1wwe8fVFkLYPSaYbSP8xHKQuM6BrO3vwJbhPpxfWMzhOQVsm5LJ2vGlLB1axo5JzdkzMZ0tg1zY29dePt346d6+7GxjzJa2xmzs5s72kdnw1QV+/vCM777+DvE/vvruZ7794Xu+++5rvv/mAz99+w18+47H+2azs6KM4/NacHyhaHt6XSpa+rF8aC6nV/bm2LIeHFzSka1zGrJ7UWP2LGrHvsV9Ob5qBOc3VHBhUyWXt0ys8TugJvXarae8/XrqyXTYQP0O66nfUei0Th7oNuyyjqbdNtGoy1pRTzbat4pGnVdT0HAi0SkdKW86nsZtZ9G2xyqadFxJvTai7LJV1N8u17jLNmGr2LaZZp030kzWXtc1wiqadllD885radF5PS06baJlp82/aiHqyrY361Itr9+k62oaiPoNxP5NZP3pJNrosIwW7edQWNKb8MhsAsQz7evnhq+PLcFBzgTWcsTN1RIPNxssbQyoHeJOkI8lufE+dK6fSoK3OeFOhribaeHjaIW1mREmJoYoqyiLf5dVxXeeBtbW1lhZ2GJvZkpKbU+Kot0Z17keYU5mWOoaYWTsT50GE8lvtpyMRqvIbCwLgReT32iZuEbLqVO+gJLSydQtHkzdnBbUiU0jM8CLOHt94mzUSXfWJcfDiGwPczI9bPj/2PvLqKy2vfHjNrbd3d0JCIigEhIiKmJhK9Ld3R3S3ako3Y2A2N3d3d269/b7LNjnvv/3eIYvnmecV+eM68VnzFhzzdXXGqwfc63lMyawbGbbq597s2x2n3aq03uiMq0n6jP7s2Lu0Pbg76Ix3Vk4ujuLx/ZEcUJflCb2Q358XxaN68PC8X1+e6xFRERERERERET+s/zuoZCIiIiIiIiIiIiIyH+nfysArCXzB3pLB+K4YSIem6bgs3ESYTozCNo4gWBBrP4sEozmkmouSaSBGKtkRtGvV1c6duxE5z960qXHIP7oPpBevYYwuN8gBnXpyJyhXVGb2hO7FVMp811Phpk0BV5yxNjMINFJnXjLxeyxn8te65GciF7Ckah1lPkoUxmkgsfy/oTtGE6i7SShrRRHS12I899OU00aBXujqC5LJiPegaq9zjTlmbAvfAn7AuUJ2D4XiyUjOZCgz+lMEzJsFpLttIT6BAPqMpyw1VNjnZYCs+ZOp+egIXTuM1AwiE69B9F36CimzZiB9LzpaKqJkRljSVW2PeXJxkTZqVIUqkO6mzbFoSZCuhUrTTHWiA/GZJkY/oaaOGxRxkV/JdtXLGCLphzrVy5AedE0lshMRXraMKaN6Mn4gV0Y3LUzQ7r9wdj+XRjUrTMDOndmTP8/6PfHHwzt3oUBwvSeXbvQt0cXhvfqzITenZgo0JzWnTtu4jwyGcgt3aHc0x3F/W0jeLB1BI+3jebR1lHcagsCb+7Hla29OLOlGy98ZnHbYwbXfaV4lLCSH5U2PN9nxvWUnXyp9OZtVQCPKvz5ejKNL0dieVpgTb3JVB56z+P0th5c3N6NZ3ajeWg3kiee43jsMYpXTiN5Fy5O5YbefK/fwkn9ntw3GcQdw37ctR7INes+vHUbwUPz3ly26M0Vb3FhWa58O53H8zNV/HhznT+fXaAhJ5SadD+uH8rmzYtG6qq9iE+zY1esE44O2wgP2kqwjyJ7M7S4cSGUJ7ez+fq2jKe3Y3h9J5zz9XZ8vJHP5zuH+Xn7KH9fq"
11918 [Forwarding screenshot on session b1310904-d161-49ca-a1a6-530fba7baea8 to remote] DEBUG org.apache.http.wire  - http-outgoing-47 << "OFdZTi3IrZQsrY/R3cO5Lx+f87p9OGm8VjObB5FjWof6jSHUKbRi8Mmk7jmMYkbrkN4HDqFow5Dqbcex66VvbFT7IeF8lj0lMayUaY/IXpzuV1rTHXMQmyW92K9RA90FSeQE7SG52cDuH/AnOogWc4kqnEnaSk1GwdRqNiDnAXdqNDsw50gaS6Fz+d1jQ03hH3+4NRuHl4upjzPl6w4fwrSYihODyMnxo0ob32ifXZwpCKET7eL+HAxjeM5+nw87Mnn/ZbcSlfnWrwSl6LXcDZiAw3uSpyK1OJq2hY+t3jwrMqW5vBl3CzYTnOMHA9qtfhxYQcvD23kwyVvarMMMddRYbaYGGPnKDJs7jKGt313WlyRkWILGCUmxci584Q6KQZIyNNbYgk9hWldxRTpLOgkpkBHcSWBIh3ElOggIZBSoaPMUnpJaTF4znp6Tl5N/xnqyCgpUp5px6+nUdwtkIGLGzlfJMOnq6ZcqtKixG8C15LFORY8nXvF23jRZE2l/1wO7ppFmd0kPjZYc7NsLU0x6nw5FUmd8zhupMzkZvJkXiRLULqjH6GK3UhV6csexS4UL+3OSce2APCk9gDwtVRZ7pe4cTvPh8tZjjwqd+dxpS3nM7U5n72Wa/s2clVwM38TF7M1OZm6hKt5y7i6dxUXsjZwLmMjJ5PWcSR2DYeiV3MwSkij1nI4ei3lXopU+SrREKxKbYAy1f6qwnpqUh2lSWHIJvIC9difYMGBWE3q/KZxwGMMh4R1O+MyjSaT3tSZ9aXWfjINQSvg80X+/vScb19/8OknfPjxiy8/f/Lt2xd+fPnIn18+w5e3vD6WQ3P0do6lGXIyx4jWVF0izWSojTfmRn00NxriuN4Yy7mqIK42h3GpIZoLtcnt/2jx4Fgh947kc/vg3t/eA35np2WloLw91bWqQNe6HD3rMvRsSjGwKxeUomNVwA7LfAzsizFzrcTYsQitDd4sWrQJM7NdePrkYmaTjqFlNtau1RjaVWLkUI+hQyNG9g2COowdqjGxr8TUoVyYv0RQLCgTyhWY2ldhalcjqP1/7KsFlZi0ty9tn8dQyOs7VAnrIfRvV4KlfQHGZokoq+xk/DgxpkyaIhjD1EkjkRCbhsz8ecyXlmGx/BIk5s9HbdkS5ObPQHn+ZBx1V7BRYRrq4iOYP2kAUtNGMXHUYMaNHkG//v0YOmwYg4cMYeSoiUyaNBcZ8XksXTAXq41LCDBfz6KpwxjQpRvTpimwWT8aLd1Mlu/ci5ZhEat25rJmZxbLN8ewyTAOXdMItLUtUZJdgsy0iSyeNgS1GX1ZMasPq8UGsFZiCKvFh7N89ig0Zo9FY84INOb2Q312L5bN6cNKiUGsFO5DajPavgPcC9nRXZEf34slk/uzZEp/lCb1+4dQXjyxH4sm9PvtsRYREREREREREfnP8ruHQiIiIiIiIiIiIiIi/53+rQDwiBHdmTyxL+KzhiIxvR+zx/VEdkZ/Vi2axFLJ4axcMEYwGpV5g1klPwEttUWIiy2gd7+xdOs7kc592759O5PuQ8TpOWAGPXuNZNrYiSyaNYX1i8WJtNlEpNkSiiK1iffTIMhxA/Fu60l3kqXKX5qL2TsoDt5JZbodeXGGOKwTI0BXljh7NRK9NnCgPBpL49XU1edTs7+EpPQIfH3MqSwKozjTntTAtSR5rcRZZyHmq+cQ56iJ6bIx7DKSJcd3DfVpdhTE27N00RRmzBhDr6GD6TJkFB2HjqPDsEl0HDyW3qMmMHHmdGbNGIWK7GhyYw04UWxLU8pmfLSHkmEhRshGod5BnkKPZQRumIqRXE9Ct0tQGbyNM3vdKQ3Vw2zFVMxWzyTSdQ3FKfZcrEumIsYVl01KmCyTwGvHUg7vCeP9xQaO7YvkRH40TRkBmGrMQ095FnbrZNmiNBadJaOxWj4BG7WR6C7oz641U7htPpr7m7pwdW1frq8exvWVI7i5ciR3143l1voRnF/ei3OaPTip1ZVjG3rwyHU2t9zEuO4rx+OE9fyocOD5XkuuJurxuS0AXB3Ig4pAvp7K5suxZJ4WOVBnNpUHvvM4r9uHSzt68sRqNLdNR/LQfjSP7Ufw0n4k76Kkqd7ah+9N2zmh14uHxkN5aj6Mh9bDuGLSh1dCu0dmfbli3otr3nP5XO3Mt3N5PDtby4/Xd/n27Ar782O40pLDn6+P8/7NEbLT7Vm3eQn+4X5YW5vi5bqTiIB1VBdYkh2vQ22BN3/+OM3VE+HU7NGlRdiOLzer+HznOD/unODXpTreVUZwK2IrJWsHclRnIGd39uPMtt5cMxjNqc0jqVLrQ9WKQZSod+ewyURu+0zkkfcg3keN55r7EC56TqTUaCTeyt3YKdYZ/41zWT27E84bJnOjwZK8YGmc149m+8JR6KtMJTtgDW8uhfLqtAvlgTKcjlPlTqIaNRsHUqTQhdwFXahc0ZMHgZJcDZPiTZUlL1ujeX0+j7P7ozl3IIkrh0t4cukwr28daR8d/ff3a/z1/Tw/XzVz/3gyX27nc3KPOR8P+/Ol2Y472cu5HLuYC1EanArVpMFNyMdrcyltK9+P7eJZjQv7w1Zwv8KMU5nLuF+7mh8XdXh5YBOfzgXQlGaBvc4K5s2WZsocdcbO1WLk3BWMEFMRLGT4PGmGScxjsIQUfefJtn8HuNu8tlc+y9FJXJZOQr6j1CI6SMnTUXIxHaUV6LhAiT/k1ZmychuaO1yZvnATo2fLI7d4HpWpRvx6tot7+RJwaQMXSmT5eNmSixXrKPKZwq20+ZyPluB2/mbuVxlR7idGc9srl93n8qnBnjvVmzmcupoPx0IptRrKxWjhuKVO43nSPEq392OXQldSlvRmt8IfFKt156TDeG4mTOV23CCup8rxoMyTd83J3CsJ4kD0DlIs5rHHeT7p1nPJspUg1VKMDFtJMmzESbWaSZbDTOKMp5Ftr8ReFw32Oa9kj6PAYRV7nVZT4KZNnstayny2UOm/jd0OK9nntIJ9DqpCXwvY46VOfuBO6hKcqY+x4lDSeuoCZtDqM56DzuM44z6VJoseNFj3Z7/7LFrCV8O3y/z9+Rlfv37n3fdffPzrF1/++sGPn5/489t7fn35BF9f8+l8Pi0JOhxK0+V4WwA4w4hoKwXhN8SXJ0fzeHC4iPtHS7jZupf7Jwq5d6JUUMG11mKuHyzicnM+Fxr/fw8AG1pVYmhdjpF1BUY2bcoxtinD2LYUc8e2kbmFGFjlCflSzJyKMbbLw8o5D3u7WPQ2mmCl74CPWywujkk4OGbj4lmJmV0pFk71mDs1trNwqsPSqQYrpyosnSsE5f9KK4V6oc6pun26pVPt/9FWFurb2rS3rRD6qsbEoUpYtwosHEqxtc9jx45g5sxSo2f3IUwYM57ZM6YyX1IC1SVqLNfQRl19C8s19ViktBaVpVpoLlvGevXF+FpsYp3cRJZLDGPRtP7IzRjJwnkzWTh/PiOGj2PcuJlMnzYfMQkVgSpLlZajqSCHl5E2QRYb0FYQp/8fXVGUX8dOk1jW6KaxSm8P2iZFaBvuY71eKptMYthg5MfKDWbICdeO2OyZSM8ai5r0OFYJ9x+t+UNYJTWQ5eIDUJ8jEBvOcsmxrJQahYbEAJaJ9RX0Z4XEEDTEhqA4pS8yo7uyeHwflkwbhNrMoYIhQn4gSlP7s2TqgH8FgPv/9liLiIiIiIiIiIj8Z/ndQyERERERERERERERkf9O/1YAeLysDmo7AlDZ4oviOnfkVzmzRMsZheW2KK2wQ0HDGjlVUxaoGCGjrI+0/FYWKG5lruwWJkluYpzUToaK72SIuC4DZ25i4LTV9B+rwOAxMowcK8HwoePYrrUUTxdjRk1ue/XyBIYNHY70lIEUx1riY7aByeOmM2DUOPqOmsCMqVLMHDMPsXHzmT1pEbNmqSAuuxoxBW2mLlzNLIV1SCqtY768FvKLV6CycBnyMkuQklFEdrESyspLUFwog+ri+ehor2Tr+lUsW6rGlFnz6Dt6Nn0mL6bHZCX+GK9A53GL6Txaju5jF9B/vCRDx0xh6rSxbNVejLftKqw3S2OwbBw2WtOwWz0T29Wzcd00n+2LR7eP0DJZN"
11918 [Forwarding screenshot on session b1310904-d161-49ca-a1a6-530fba7baea8 to remote] DEBUG org.apache.http.wire  - http-outgoing-47 << "psAwxUkuurhbbQai40quJtq42G9BXfrbUR5WOFjvB3dZQpsUJBip7o8YXYm7A71JsjKgMwgD+LdbdFZupidQpuNcrOxVJ5FwLr5xG5bSIbeYsLWS9LgpMWZ9b24vrIT55f14rTKAE4qDuKE/EBOKfXjmFIPjqv24JBKZ46u7MHJTQN55CbJNWdJLnsp8CB+M1/L3XhT7M6tNHM+VfrwtiaYuyWB/HmxmL/O5/K62pNG69nc95XgionQ99pO3DUYwdUdw7hnOoLndqN4ZDqYF2HzKNncl2+HDDmi24tbOwfy0WEql7f15KpBf55bjuShUX+uW/blksd0PlTa8f1CAY9O1fH9/TN+vr3PlUMFPDhbwPnmOA5UhpIWb0f23hi26W9n9aoVBHuZkZ9uQ6SPBk0lnhwsD+fptWJunYyjMlOPY0WufLlVy8d7x/lx7yR/XWrgdVnbCOBtFGn144TuMM7rDeDcDmEd9EZxbvsEqtT7U67Rn5Jl3ThqPoG7fhN47t2fz5EjueHUjTu+ozkibGOD3XQ8FbvjrTEIc8W+eGydxaUaS4ojFwvnwWAMVcZjoDqVTD8t3l4O4+15dw7Eq3E6YSm3EtWp2zyEvIUdyV/cjWK1zrwIl+VGuBQfqix5dyCSSxWB3DmSwPtbJTw9W8nHWyd4fL6eu6eKeXaljNunMnl+ZR9nqgN5ciyZQ2mmfDgXx2thHW7vXsmlBDkuRKhwKXIVDa6yPNpnyMFQDb6eiuBFrTtVAeo8rrXhXO5qblZq8vO6Ee+ObuL7eWcaU7fiYqKK2NzpTJNewqCZigyVVGPgPHkGSC1goMx8+svOp/d8afrOk2HAvIUMkFxEPyHtIyFHbyHfFhTuIi5HNyl5us9XpIu0PENVVyFvYMpmJ1cmKKoyQGwW0ipTKc7ewa+XgVzLnws3d3CjWpnXp0y5XbuTmkAJbqXI0OI5jqOxqtyrMqE5WpHzqUrkWUziZZUVZ/I0OZS6htfNAVTZjeTpHmkeZs/hYfRsqvSHEqrYg+QlfckVjldbAPisy2TupszgWkRfbqYr8KTanxf7k3h5IIVXh+J5eTCCV4fDeH88lo/HU/hwPEOQzccTgpOZfDyVxsfTOXw6U8Sn0yV8OFnM22PFvDxUxPMDBTxtzuNhwx7uVGdyrSyJc3kRnMzy51CMHfvDjaiO0Kcy0o7qaDdak104mrKFEvfxHAqexgHPiZwKmE2D40BhWwZT5ylOXdga+HGVv78I18Xff/L223c+/PzOl58f2r8B/Oe31/z99S18fsqbc7k0JGynOV2X4/ssaMwwIsJGlaMFu7jTWsLdw3XcOtjAnaMt3D/Vyr1TLdw73cSd443cOFzDtYNVXG2t+u094HfMrCsxsylvZ27bpgzztgCufTEWDsWY2xdi6ViIrWsJNq5FQj4PO+fdGO1wRF9rLW6GpgQ6+BLikYCncxqODntwcq3AzqUWW5cGbAS2LnVCuQZ7l0rshWn2LtXYuf6PGqHvNtX/y+Zf9W3z/N92Ns61wvJrsXGswcG5AmvLbLSE+9e4kVJ06dSXscPHIi0hhbraCjZuMGLrNifWrXdjzXovtuoGs3aDvfCbb4inlQ17wn0wWi6N0pReKM0cxIIpQ1GaL8FKNU0kJZRRkt+MqnAfXL7SGhU1Q1Ys3cKWFVo4bV9HpJ0eLjvWMrBrN1Yt24GhWTybjDPRNtrLRuN8NhvtY5NhGtvMYlmt44bKSn0UVdehskQDNUUFVOUkUJGciuq8cSwVqEsKpMYL6QTUBEslR7NCehir5g9npdRwls4ZjOK0/ihOGYDStCEsmzOapbNHojpzuGAoKjMGs2T6QBSn9mNRWwB4/IDfHmsREREREREREZH/LL97KCQiIiIiIiIiIiIi8t/p3woAS6+NwCr8OHZRpzENOoxF4FGsg45jGXAEh10ncQg5jnXAQaz8W7HwbcTStxpzr2K22e5mi1MRa+xKUDDYg6JJAXJ6u5HZkYb0phgk1wUjudoH+VW2OJg7EbIrGSkNY+Yts0V5uQ72JgbkJyazTdsaxZVeLNT2ZZlBBGprw9myOQ0jnVyM9HPRM8pB1zKHnXY57LDPxtSrAGufEmzci3BwLsbDrRIPj2ocA2ow88jH1msfDp45mNnEYGQajIFxENv0A9hkEIa2UQwaOlEob41GVjsMidWBzF3hx3QVVyYutmSCzE4myaxngqQqI2dIMXamNFPF5JgpJs/MuYuRkFZCWkYFdY2NrFmjh76+I4YGrtg7huPgFI2bdxrOXqlYOMdjJ6QOHglYO4RjYROCmVUw5tYh2DpF4uASjYGJD7pGXmzd6YL6CgOU1LYjMU8FqZliLJw9jcUzx7B64RTWKE7HafMCSrcPpl67E0Wru7F3eXd2q3UjV7krtUu6ckC+I4eU/+CwehdObxjIFcMJvPRT4LLTfC56qfAwSYdvVT68LfPjdoY1H9sDwCHcLd3Fz0vl/HUxnzd1fjTZzeVBgCSXTQZwfE0n7huM48aO8dzVH8Vzi5FCeSDPw6Up2daPb0eNOWrQj+vb+vPabBwXN/Tg8s7+PDUdzY1tvbhi2ocL7lP5UGXLj4tFPDrTyPe3z3hw8TDvHh/j9a0iDlV4kZ9iTnyoCQZGK1i5Rp5Vy+Uw2CxLWvgGMiJWcLLWk7unMjnXEsmRGleqc3bQmmfDx1vVvL97jD8fnuHH+Vo+1sRyL1qHEq2BHNzcl0sGg7ioO1AwgnM7J1K9bAAVKwezb2lXDhuP477fBO679eBr9AjuunfnrvdgTtkP5FLAXLKF+YPVO+Os2h2XjZO4XGdJSYw8juuHoqc4HCO1qeTuWsvbSyHtAeDLhVs4HKXEjaRl1OwYQZZcR3IWdadMsy8vYxS4HiEr7AdrHpT5cEPY71fqgjlT6c+l6iTOVWRyojyNo6UxHK0MpyzDhtrdjpwsD+LYXg+OZznw+WwyH5qduZWrydXURZwPU+BC6DKa3BZwL2cbB4JV+XjAhztFllQFqvGw2pozOau4XrKCPy/p8frYel6dMaQsbTnW5jLMWTCeSXIy9Jk7n/7zFegzfzF9FggWKdFz4RK6LVBiwHx5hkjJMUhyAQPmLaB/G6mF9JOUo5e4DL0lF9JbahF/zJamm5gwTU6VAfIr6CKlQncZJSYrSpCeYcqvV/FcKlgEV/W5WqbKuxOmPKrTZX+QOMf9x9PiOZ6DUcrcrjChPkJB2I8LyLeezqXMbTQlKdEUr8m7Rl9qHMfwYp8sT3aL8yh2LlV6/xMA7sMehW4UqXXnjPNk7ibP4FrkvwLANQE8bkzicVMKj5vjedAcxf2mSB61JPKoOYNHTXsFBf9oyRMI5dZcHh4S0kNCWfCgNZ97wrQ7Qtsb9Xu4WpPJxYpUzpXGc6IgkqO7gzkY50ljhC01kcL+j3KlPsaLwynunNttQLHHZFpC5tAibO+hMDlK3MaT7zSRUs+F1Mfrw7eb/PX1JT//bnsF9HfBR77+fM33H8/589tLYdobfn15xpvLRdSmGHA4z5pjxY607LMnxEad4+UJ3D5Sy72jh7l99Dh3T57lwdlz3D97intnjwjlg9w83sKNY83cONr823vA79jYVWFtVymkAocKbB3LBWWCEqzsCnDxqsTZvRRT6yxcvUrxDa5FTz+cRXPlMdRQJsbBCn8zK/ysfQn1SsfLaTdeHuW4uNXg5NaAo8DJrV5QK/RTKdRXCer+VdeW1uLoLvyue1QJKv8Poeze1kdbmzZCX66NQtqEh2cLXp51mBsmoSS7kzGD5tK/+zCmjJ2O0mIV1q/Zib6eJ6bmcRibZmFikY+NUzlmlml4OiXibeVBfnQ45qvkWTS2G8rTBzFv3ACU589n2zo9NFQN2LE5EJ2tkZiZZrBDJ5z1qywx3mSEySpN4p0sCTLXZ0TXnmzWMsHULAFd81y2mRewySiPbUb7BJlsN0xkm2EUOwwjhPtTGMZGgRgI9wGdTabs1N7JNq31rFFWYamMNEoScwQzUJaayVLpySyXHsVK6ZGoiw9Dfko/Fk7sw5Lpw1kuMZGVklNYOmdse3nJjKEozxqM0owBLJ7SB/nJA1GYNOS3x1pERERERERER"
11918 [Forwarding screenshot on session b1310904-d161-49ca-a1a6-530fba7baea8 to remote] DEBUG org.apache.http.wire  - http-outgoing-47 << "OQ/y+8eComIiIiIiIiIiIiI/Hf6twLAC9ZEYuTdgo5zAzscGzDxPspOpxa22jRg5HYIE48jGLgcwNi9FX2XZjbYlLHSfB8qhrtZal6EqlUFsgaFyBiXIK6bz8ytOczZsYepG1KYtDYOha3h+Dn4EOCbiZi6H+LqnqzeaEdmVCKR3umoCuVlO/NYuCUdTbNiVu2sYLt+PYb6tZhbNmJuW4e5czXWXjXY+f3Dyb8eJ69G3Lxa8fY5gZv3SayE9Tb3Poy190GsPPZj7lSFrXsd9h41mDmWomdTxGbTvWjqZKBlmIuG4R6U9HJYtCOTeesTmbosjHGqfowX1mfcMicmaTozY50X4zTcGLPUkznrwxFb5YfM2kDUdRNZY7YbM+96XMKPEZx2A/vgY3jEXMIv5TbBmQ/wTbkl5C8RsecqkbnXCMu5JLiMf8pp3GMO4Zd8Cu+E4ziFt2DpX4OeSyEGTntZtc2XZWvMkVXQZKm6BpprV2Ksp0Gh7QxqzAZSbDyIAr1BFOkNplJ3CMd3DOPy+oFc3jSI85sGcHHnCC4ajeOhtxxnHCQ566nM/SRdvtb486YigNs5dnys8uV9fTh3ysP5fqGc7+fyeVXjS73dnPZXFl8xHcARzY7c0hnLhXWjuLNtJK9NR3N3x0CeRshSsKM/31r1OKTfl8ub+/BUfwSnV3XhxPoePDIcy5Utfbho3I8LbjPaA8B/Xinl6blWfrx+zqNLRzjdmMCBYjuuHvTjRI0X1ft8cHdew5bN0qxfMQtHA2mOVVpy/5QHr65Ec+tYFHvjt1GVq0dZ1noOFFrw9WEtnx6e5vPt4/x5qZ4v9QlcC9lI6ZrBtGr35pxOf45v7MFxYZ+c3TmRmpVDKF4xlH0a/Wg2mcT9kFnc8x7E28hRPA4cwP2AwZx1HsCdsNmc9Z3O7q1d8V3eCVutYVzfb01digrO2kMwUhmOydLJZPst59V5P56ftOfcXm2OxqhwLXkZxTqjyVQdQPqSQeSvGcLDWDWO+c7jfYs3X9pG9x5Jbx/Z++xkOh/PV/HqVB2frh/h061m/nxygB+P63h7vZgvt6t4fCibt8dz+Ovybj4f8uLW3pXcyFrMuWBZzvgp0ewqxdWEVTT6LuRJuSUXc3SoClThRrEBR5JUuVqgwa/Lhrw+sZF316xpLt+Bnd0iJksMYZjYVIZISTNAcn776N8B8xcyQEaRvtKq9JqnyuD5ygyUXERfsQX0mj2f3rNl2vUTX0Q/icXCNEWhjYpQVhCmL6S7mDId5y6jg+QausisZPQCWRIS7fn1Zi8X85fCJTOulqjz4aQ5Txu20xgwjWN+Y6myG0pLuBJP9tuzx3UWVT6z2Ws9g4NRmjQkKFIRqiqcm540uE5sDwA/3yvFkzhxqvWGsUuhB0lK/woAq3bnlOMk7qbM5nrUAG6my/OsLogXrRk8PZjNk4PCfj+YwuODaTw5tFuoK+JJayVPW+uFesEhweEqHh0u4f7hPO4fyePB0XzuHc7ndmset1r2caM5l6uNWVyuT+NCTRKnK6I4XhDGweQAGmNcqI2xpT7Wg+Z4X06me3M1z1w4HhLUBkmR5ypBWfBSsjznk+I8n/yg9Rza6w/fHvHXj4/8/PMnX//8ytcfb9uDvz9/POPn95d8//aOv7695vWNBuqyHWkpcOdouS8NeW74WGpwsjaL+6cPcefkSW4dP8vNExcEZ7l9qi0AfJy7Z45y5/QRoXy43e/uAb/j7FyHk0sNzi7VgipcXNu0BWrbgrgleHiX4+pejL3zXtw8ijAxT0Js7lrkZkgSY61Lsp0hvro6uOiYE+EWR5j3Xnxci/D2rMXTsxEPz2Y8vPYL6vEUfts9vdrqhfK/6t2E31Y371rcfKoElf9HtVBfJ7Rp+Gf+tvaeLXh4HMBPuB/4egj3jh3RyMxZz7A+0xnZdwKK0ipsWa+PmYkn9g5JwnqX4ui2HxePoxhb1uEu3C98XfYR7BRJmK0DusryKI4fiJbUBMRG9EdNuDYMt9ixQcsVG9McLIwLcXKsw8IyD0OdXVhud8Rs9UbiHe1x376VWYPHYrbdDSuLVAyEe6WueQlbDfPRNclnp1Eum7dnsX3nHnT1ctHVzUFPuCcZ6aZiaZiKmV4UJjqBWOz0wmqnK8ZbLNi4cgPqC5VRk5ZAU24aqmIjWDx9EAozhqEmNh4Nqaksl5qG0oyxKM4YLdSPQGH6UKHNQBZO6cvCyX1YNHEAiyaIAsAiIiIiIiIiIv8N/r8fCImIiIiIiIiIiIiI/Pf6twLAcxW82GlbyXarCjZbVKHv1IqO3QE0d5ay3qQObdM6tPTLWWtcySqDUhR09qJsUY68WTFiWzOQ2JHNzE1pTF6fwJSNSYxZHcME7URGaEYxeNkupNa44bpjHX5OwcxR82G2qimbt+iSEeSD0SYn5JTdkVwTg/S6SFS3paCxI58VW3LYZrIPA+siQR56VrsxttuNpWt+OyuXfCychLxzMWYOReiY7cPEqQFjp/0YOTSw07qK7cI66lpXorkjC22jfWgb70NrZyardqazQicFpe0xyOlEIr0titnrQ5mk6c+Y5R4MW+7MgKUWDFhmSf/lNgxe5cGgVf4MVvdh0lJPZIS2C9aGskIvjY3m+4T9VoSxQxVGdlU4eB3C2q2lnZPfEey8GnD2q8fJpxYH7xo8gptxD9qPrUcFjj41QvtqoW2ZsB0l7DTPQc9sNzrCOm7dGImmsjnLF65hrcoqLFapcNRmHlfMhnHBZBgXDQdzzWgQt02G8th8FA9NRvDEYgz3hPxNwWmj4dxwE+OY7UxOuMlxK3ELn2rbRv0GcHevPZ9r/fjQEMmd8kg+ninn/YlcHpZ5UGk5jftB87hsOoBDKzpyWXsEB5X6cUlrAC8MRnJtU18eRy6iQH9AewD4oGF/zm/oxZOdIzmq3on9SzvywHACN3cM5YKwfufdZvO+0o4/r1Xy8tJRfrx+yc+PD2ks8ORUrRW3jrtQn2vAoXJ/KvNdcbVVxNV4ETXputw95MiDIzbcPuDMvaMRHCx1YF/SetIj1Dha6cSrG8J6PzzJl/un+HK2mrcV0TyI1adk9SCObhnIhZ0DObW1N2e2D+W0zkRKlw1iz7Lh7Fs3ljqzaVwPk+bOrincjxjHzaCh3A0fx/WQ8VwT6m5GzuaI+yiyDAYRajiDi5UGFIZJ4Krdnx2yffDeOp8kN3menfHk6XEbKsIWcjZdk+sZWmQLy0pdN5Vo1bEkag7nTqo2FxI1+dgawqdTe3l1Kp83Fwv4equCDxfq+HL1GD/vnuXr3aN8vFPH94e1fLhZzttL5fy81cKvGw38urSXH8f9uVOoybUsWS4Ey3HGazEH3aQ4E6pEo898budv50z6emqCFDmWvJLaEGmu5mnw64oZ747q8vyoI3VZetgbKyArM4k5krOYIyPJTKm5zJWeg5jUHGbPE2OWuDTTxOUYI7GYwXMXMmDWAgbOlmOI2GKGzJVn6FwFhs5RYNgcRUaIKTN8jhLDZisyeu4iRs+ez5BZsoyet4hFSxazN8aCX08yuJajAudNuF6qLpxvZjzav4WagIkc9RtNmeVAGkMWc6/GkiTrSRS6TiVZb5xQt5zDWcvZ5yXHwxIHGl0m8nyfLC8LFvAscR7V+sP/CQArtgWAe1Co0o0TdhO4lzqbG9GDuJmuyIuGUF4dyOL5gRyeHcjgxUHB4WzBXp4fKubZwSqeH6wT8vU8P1zLs6MVPD1WJhzTEkGxkC/m0ZEi7rfmc/fAXu625HJzfxbX6lO4VBPHmbJQjuUH0prhx/4kZxoSbWhKcuNwsg/nsry5nmdOpb80Vwp28uDALh6f3sOVo8ncObOHp+creXvzBPz8zM9vP/jy5Tvff3zl+/e3/PxXAPjH9zd8/f6Z79++8NenR7y7c5h391r5+PgA7x61cP9KHY+vHeTBxePcPX+Ge+fPc/fcBe5eOCekp7l7Wqj/lzunjnH75NHf3gN+x9O9Eg+Bu0cVHp7Cb5dnHZ5eAiHv61uLi0sBXu4FRASX42QVi6z4Kob1Hs8GeVlyXHaSYL6eJBs9Ag308DO2J8IlhjD3bEK8ign0qcbPpwFvn"
11918 [Forwarding screenshot on session b1310904-d161-49ca-a1a6-530fba7baea8 to remote] DEBUG org.apache.http.wire  - http-outgoing-47 << "/14+DTh4duCp28zPkLZx6exnbdfHV5+NXj6Vwkq23n5VQn11XgLy/cR5vf13i8Q5vNswcejBX/PJrxdKjAUftMXSmxl9CApwVzWaOhhbRKAh2sa3l5FgnpcnZtxcDqIi9cJbB2q8XLMJcYzkXRvPyyWKbF27ljMli1g/siBLJgym03L9THTDcdX2A+WpqVYmFdgbV2CnXkGNrq+2G4xJNrBDst1WiyaNg8nk3DsLPdgbFqIgXkxO032Cule9Iz2YGRaItRXYmJagbFxGYYGQhvdXPR1MjHSS8dEPxljvWhM9cMxN9yFpVEAZvqeGG01Z7PGSlYslENtvjRaCkps1dBst155KRtUl7F12Uq2r9Rk23INNqursWnpEoEK2sqqbFBa+ttjLSIiIiIiIiIi8p/ldw+FRERERERERERERET+O/1bAeBB0qYsM8tG3TyXRTszWLgzBwXDAiS2ZCOnX4iMbgFim7OQ1slFYls2U7RTma2bz4xtOYzSjGTCmijGrQpmlIYv4zX9GbHUixHLfBmk4kVvBTcmK+7ARWchnq5ujFB0Yqj8akzsDAh21kdeaSNzV3gzaV0wU7V8mK7hgbz+bmR3pCG3PRFlvXQ0jHazwiCH1Ua5rDfNY4VOppDfwyrjHFaYZLPCPBsNkyw0DfewQnc3y/X3stKkBDXDQmS3Cn1t3yNsU67Qp7ANmxKR2hjH/M0xSG6OQnxTJLPWhTNl1S7GLw9g1FJPhqnaM1TNUmBGP0VD+itZCHkXhii7MFpIxy91YdwSJ6TWhKC0OZalW+LR3JbCBr1sdEzyMbAswbCNRQnG1qWY2ZdjZleOads3NO0rMLEuQd+iQGhThK7JPvTM8zGyKmaHsP7rdqSisTmOZdpBqC23QF52GaqLldBdNp8zzuLctxnMXavBPDTvzzPTPrwy7csT037cNe7NA8tB3BFcsxjEcYM+XHKZwmG7KRxp+xZwwno+1HvwtsGfB8VOfK7z49P+aO6Ux/D+dAVvj+3lQZkn5ZZTeRAiyRWzARxY1pELa4bTKNeLU0t78XjHMC6s7c7DaHkKTAbw/bABB00GcWpNdx5sHc5R9S40qHTksclUbuxoG4Us8BBvDwD/db2Kt9dO8VM4WX++v8vZ/cHcPu7It8e7uNbqzMtruTy+nEO03yoCzBU5U+LAsyu7eHMnjM/3M/j+oIzntws52xrM/iJL9uc58f3pET4+Ocd3wZ83WnhdFsWzFDPyNPrQqt2HU1v7cGZbX05tG8KhTSOpWDmcXK2J7Nk0k3KjGZzyk+SU/xTuJIpxLmgMN2Omc8J7OFfDp3I1bIpgEkd3zWOvtwKVsUpUxkgRYzGJ7fN7kO+7iViH+dw7bMfL07bs8ZzNsSR1rmSuptJDmQbvTVQ5rqfERoXzyVupDVLjVWs0ny9V8el6E2+uVvH+RhU/bh3j46UTnCjM4mxNNhfqkznfEMX9Ezl8u72fr1f38/NiLb8u5fP3uTDul63hauZ8roQu4ozHIg67SHLYW4pGbwlu5GpzLFGD5khh+WHy1ARJcrtYS5jXnD9PG/PxqDkXCrdTFr+enKgtpERsJjpwFcmhy8nYtYSMQFnSfGRI9ZIj1UeReF9lwr0UCfdUIMZHmfiApULdUhJ8lpLqt5wUXw2SvdRJ9FhKiqcGaV5KwryyxHgJbf1XUhS9jou71/DrsiV3M2bCuS1cK1Hi9Skj7jZtpy58DvvdBpOr14cqvwVczNcjzmI8ex0mEr5pCBXCMg9lriDdcR7X9phTbTeaN8WKvCpeyPMkKWr+FQBOVOjDbvnuFCh35ZjteO6lzhGO5eD2APDrxnA+Ht7H24P7eHMwh3dHsnl/bA/vju7l9ZEiXh2u4PXhKl4dreDVsVJenSjk5XEhPV4tqBXyNTw/WsOTQxU8bi3l8cES7re9Dnr/bm7UpXKxIpYzxaEc2uNHU4Yj+9MtaU1z5kSaF1f2eHO3yJYyX1luVDjw9X4jwgnP188P4e/XQl7w8QM/Pv7g25dffPn8N3//9Rd/fm0b8fui/fXP37995PP3n3z+9rdw3bzn7y9v+fvbM/7+epdf3+/x+e1Vnt46ye0LR7h1/jj3Lp/h7pXT3BeutfuXT3Lv7Anunz3Zri0I/P9PADjAtxQfrxK8vcrx9a3Hz79JSJvx89lPeMgB/D1KCfXOE37HE1GTVGVsl/7IT5iIo5YikTuVCN+hQJTBcqJNNxJhqkeUjSNxrqEk+GUQG1RMWGANAQFCnwFH8Ao6hYf/MaHcTHBAHYGBdQQE1eIfVIN/8L+05YW6gMBaAgPqCfZvJMR/P7v8mgjxaSbE74CQb8a3bYSybS4WhrFoqtuyQHITxrq78HDKIdC7FF/3Cvzc6wnwPICnWwsuXq14+DYIfeQR7hRKspMTdssWsUVsFK6r5Vk5awIrpWRZKrMSB8t4HO3zcXCoxN6hBnvhN93dvhBv22SsthsTYGuC+SZNVixSxd0yFQfhHmBlUYG5VRGmNjmYWmdjZrkHU+H339i8CGOzNkLeJA8jk1whzcHAMFOQjqFRqpAmom8Yh5FRm2gM9YMx3OGBsY4bJjvdMdvpgbmul8ATi7ZXW29zETgLnDDZ6oDxFjuMtthitNkWvQ0CbbvfHmsREREREREREZH/LL97KCQiIiIiIiIiIiIi8t/p3woAd12gy4SN/oxa68eItYGM1A5n/PYEei7zZ+CaSPpphdFTI4DB6yMYoh1Jf81wBmlG0VPFn97KXgxR96K/kh2DlGwZrGhFv4Vm9F1kSd/FVvRYaMkI6RUYr5mIjaMVA5ZYMnShLPZ+xmisUmSC0mb6KdvQZ6k1w1e7MVTDmVGavoxft4tRa4KZICxv5uZkZm9IQVw7A+lNOUhtzGKRbh7im9OZuDqCyUKbOdvimb02DLH10cxdH8tM7USmbkhlonYaU7flMHpdMhM3pzF9RzojtUIZpRXC+NWhjF0Rwki1IEaoBjJcxY+hCm4Mkrdh0CJT+gv7ZdBCfYYtMmHIAhP6S5vQS86YPovNmKjpwbilzkxRd0NSKxDZ1SGob01AdUMMK7Yns2pnGuv0sthouJd1urls1M9ji1EBmwzyhfw+Nujnsl53d3u6wWAvq7dnslYnmxU6qSjsCGPBZlfktE0Qk1dFauECtFVmccxNjLsOA3loN4CnNv14bt2Ll9Y9eGnfjyc2fXliP4C7dv24Jkw/btaHC55TaXGaRouXNBeTtHnX6MH7Fn8eVzrztt6H980R3KtsGwFcwfsTBTyu8KfWaiZPQ2S4bDKE/eqdOL9uFM2L+3BSvTePd47g3Opu3I9VJNdkIN8OGtBsPJijWj24vnk4R1f0Yr9Gdx5ZzuHilqFcMhnDRQ8ZXle68dfNJt7dOs+fH9/y1+cHnKoP4liFIZcaDbnZaMnVKmduNgWQF6ZNnLUirYlbuVdtzr1aYy4Xm3FqrwNH8j2oy7bj/sl0GncH8PLaIa6cqONycwG/Hp8SlhPFjShditaOomXDII5u7MPhLX1p3DyQhi0TOGKmyCnfrbT4rKPRYwmH/OWodBjD9dTFHA2ZwaVYadI2/8G1OHFuxc3gZvR4bqfL0ZKgzuXyHVTHK5DsLE6wgQQBevOItZvJlZqdvD3lSK6nGJWBchxPWcfNcm/uVMdzLS+aY0nOHEo0I893La/P5PHgRCnv7hzi8+MjfHpwiF/PrnGtvoyKmADSPU1JcN5CtMNqmnd78vN+C389OMHPW61wt55fl+O5X76Wa1nSXA6R46TjAg7YiVPnMIsat7lcyVxLc5gi5d5StEQoUuIxnQtZyu0B2O/HtvDt0Hq+HNnK26O6vDtrybMThtxr1ebNqTXC8Vfj3aEFvG4U53W9hHBuyPCwfAZ3CiZyP3ciT3In82TfBO5lj+R2xjAe5IznSfY0HqVN5UHKBB5ljBPKI3i+bww3siZyMWMGTwoXcD9lPL9a5XmQOkT4sVnF5fwFPBWWf7tFl+ZEeWpdxxEinDOlHlJcLjAgaMcI0i0nErppKLlOMtTFKZNsM5dz6foUmg/lU/UK3pQo8TJZhhqDYQQrdCdBsTc5Qpqn0oUjtmO5lzKXWzFDuZWmyNv9Y"
11918 [Forwarding screenshot on session b1310904-d161-49ca-a1a6-530fba7baea8 to remote] DEBUG org.apache.http.wire  - http-outgoing-47 << "Xw+kc+7I/m8PpTLu8M5vD+ymzeH2uTz9kgpr4+2BXxLeHmykJen9vHiRBkvj+3n1YkWXp9sEuzn9fFGXh5t4GlrDY+ay7nfWCgckhyuVyVwsSyMI3u9ac52oCnTgoOZTpzI8OZqrj/3SpypC1lCfbQmh/c58ePVBf7++zU/P7/gL+Fa4PMPvr77wV8/4OunP/nx7Qc/vr/j5/dX7aN/v33/0h78/fIV/vzwnb8/vufX55f8+nCXj2+uk5cWyLXT9Ty8cYp7107z8PY5Htw6xcNbJ3kklO9fOMWjC2e5f/40986e5M6pE7+9B/xOiG8hIf6lhAbUsCtwP8EBzQT5Nwt1zYQHNBIVUEmc7z52qO9kSu+hiPcfxHY5SWyXzsNx6VTcNKbju06a4G0qBOtosstwB5E29qT6RZMclENcSCnRoU1ERp5gV8Q5/INPEhrSSnjIfsJ2NRIa2siu0AZCwv6lvSzU72qbvp/w4GYig1uICjpAZKCwToFNhAU0EOxbRYhfBf6ehZjqR7JeywVX+2yhvlyYXkeITx27fPcLmvH1aMTLvxXfoP1EBOYT6xFJhrsrduoL2SExhqBtGhipyGGitR4tJW3sLWJxcy3Czb0WJ+canB0q8XQswccuDVtdCwLszTDdvILVSzTwts3G1aYSB5sabGyLsXbIwdpOYJuLlXUBFtZFWFoVYmGZj7llHuYWezEz34OZWTamZpnt3xg2NU37l2RMTZIxM4nD0jgSS6MwzA12YaYXhMnOAIx1fDHe4YPJ/9juhck2T0y2emC8xQ3DLe7ob/7H7461iIiIiIiIiIjIf5bfPRQSEREREREREREREfnv9G8FgDuL72DISk+GavkyYKUPXVVc6a7uSUclZzopu9FFzZ0/VN3opOJE5yWOdFZ0pKuiM92VnOgib0M3eWuBBV1kTegmZ0JXWWO6LDCi83wDOkrpM0hcHZM1UphaWjF44VZWaohTlB/PtKU76LhQn04LDegjvYU/FlvQQdmJfvJmDFCypI+aA32WOtFH1YV+qu4MWebDMA3/fwlsT4cvD2DYCiEvGLEiQBDI8Lb8yhCGaYYybFU4Q1eG/Us4Q1aEMWh5MAOXBTJAXdheNS/6q3rQd4kbvYXt6SXvILAVWNFzoSndFhjSXcaIHgtM6ClnSo/FJvRSMKPfEiuGqDowapkrE5Z7MlUzgJlawcxdHY7kumikteOQ3ZjA4o3JKG1OQ3V7Oirb0liyJVmQJEhAeXMCSzbForIlDrWt8agK6ZLN4chu8EJ8rRVTlm1jisI65kooskFWggojce7Yj+ed8yieWPTntccIHnr1473/aN67Dee1+0BeeA/ihms/TjgP5oD7ZJoDF1Lho8jJ9J18OBzMx4M+PG905u3xXXw8Hs7bFsGRHL6fLeV1VQQHrSR54rWAa6YTqVveh9MbJtC6pCeHl3XhruFwzq3pyqNMDTJshvL9iBWHrSdzRKsfZ7aM4sDaITStGco5vYnC/JO4YTmF8/7LeXt4N98eXubLi/v8/f4xf3+6w6WDOZzZH0VOwErKfBfxYLc29wr0aY1bzz77eVxKW8ODvWt5UbKRWzlruZC+mbrQDRxIdeDrw1P89fAmjy6c4UBVERH2urw40BbYS+VGlj3pWhOpWT2GAxuHULO9P0XCuhRaKnEx1pvmUCvKg7awx1aWAts5NLhL0Boox8UULfYHyrNrbTcuJspzPX4Wd+NH8HzPTC5kyHBSWL+iiDXsjlrLLkcFXHQmkOA0lKNpSrxudCLLVoIcN0UulHlz81AWh8uSqUmJoDkjgbxAL2pTIzhWmcnLO4d5dKeF189O8uXNdS4ebCTM3pR4uy0kC3LdDUm03cC+YCOeXyjl58uzfHt6jk93DvD33X08qt/OvX2y3ApbyCU3eQ7azeeYnwrF1uIcDFnGwdBltAYrU+ctRa3fXM6kK/DjtAFP6pdyKmMyx1LGcX7vbM7kzuJc3hxO75nK5fxpnM4YzqWcEdzcN4rLGYO4KDizZxBX9ozhesxo7keM5GncYG4ndeFC3B9cTejPlaBR3AqewrXAEZwN+YPTQV04H9SVCwHduBzUi6tBvbnk340zvn9wPm4030+u42yOFB9OGnKrdguHUtTJs5qN1fzu5DuLcThxA/6bxpNiIYXfxmGEG47iWOZaovQmUB+0jKZAKV6UreVN8SoexcyjRKcPQUo9iVHsS7p8V/Yu68RRpzE8TJ/Hreix3ElbwvsDIbw+lcvL06W8PF7E62OFfD5dweeTFcL5XyFcB5W8OVXN6wt1PL9Yw4PzlTw4W8/T04d4fraF5+fqeHa2gidC+6dH63h8sInHB5q4X1/Ow4bdPGiM5WqFD6cLfTmy15PmbCeaszw5lhvG5cIY7pb7UBkoQ2uCGGUhE2nN0ODVyXi+vzvDzw+34a9P/P3hA7++/eDzx/d8F8of/37Fu79e8uHPd3z7+ZXvX3/y49M3fv34yK+Pj/n56S7PztdSnuROjKcejy418fTOae7fOMu9W+e5I6R3rp7i/tVzPLpykYeX2lzg0eV/8r+7B/xOuE8R0YHlghrC/GoJ9a0jImA/McFNJO5qJMa3EJO1tsiNk2T+0LFoTJuMgbwULivm47Z8Np4rZ+OzVpLATYsI3KpCgI4mQQbbibBzIMU/lsyIfFIiqogPayYu4hixkaeICzskaCU2/ADREQeIijxAZNT/01aOjmwlJqKtzSFh3n8R2sdHNhMb1kBkSA2RwdXsCijF0ToZo52hhAVUELWrjqiQesID64Tp+4kM2k+gbz0+gS0EhrQFgPNI8Ikmw90dUyUZNouNJdxgLbarl+G0w4Dtmnp4OqTi41mKt3cDHh71eHvU4u9WQZBzNu5mLoS62mK+dRWbl6/B33E3nvZVuNjX4uhYgoPzHhycBI77sLMvwM6uCDvbImxt87G13oeNdS42VnuwtszGyjwdK7NUrM0FZilYmiRiZRKPtWksNqZRWJtEYGUciqVhCOYGQVjoBWKu64/5Tj+BL2Y63pjvEGz3wmxb28hgj/YgsMEWt98eaxERERERERERkf8sv3soJCIiIiIiIiIiIiLy3+nfCgB3mrmZfkud6bfMjZ5qrnRUsKPTEic6yNvTQdGRzsrO7YHfjoo2dFKwprO8FV0VbARCfpEFf7RZaErHBUb8IWtMZxkjOrUHf/XoILmTAXOXorNMHA9bU0ZOnceeGFtszHfSQ2w9HeV06SS3nd6S24S+rOmg7ELvxUb0kTeiu5Il3ZdYC2zooWxHHzVhHdXd6KfmTv+lngIvBiz1ZuBSXyH1o6+at7AdbXwEvvRX9283UCOQgcuCBCEMUA8W5gsS2gYI/fnQe6k7vVTdhP7bAtoOdFO0o5uCLd3lhe1bKGyXrCl/LDChi5yZUDYVUkMhNaLHYjP6KlkzUMWeoaoujNHwZtzyACatCGHaqnBmrI5kzpoY5q2LZYF2AnKbEpHbmICsdoxQjkFuQzQLtSORWx/Bog0RyG+MZPGGMKEchPRqL2ZpWjFBdTsTFm5k9mxFtCXmsG/zFK5bjOCVZS9eWfTkW+AIXob04W3YMN4GDuXjriF8ChvME+/eXHcbyEWvGRxwlqLGaQmnonR53xDCp+Zg3tT78upgOD9OxvGmLpiPR/fw/nAeT4p30WA0g8e+C7hsM5Wq9QM5pjuR/cu60LK8Mzd1h3F+VRceJymTZTGIH636XLAZw7WNfbmvP5TzG3tzYWNP7hkP4IrJEA5bz+ZlSzwv757m2ZMHvHj+hK8fX/Pz00seXD1HZVEuN443UpfoxskkS87meHC2MJgMxxWcz7Xl8l4zLuUacjpDh+NZxlyr3sW9I/m8v32OZzev8/bpc04ebSU10IXiYGtutqQJ7b3IN1YkTWkQzTpTKdg+ihSTObQm2nMkLozSQGv2eK5jt70Su83nUuY4jzzL2RyOXEOZlwr+6wZzLEaZM1GzeZQ5jbeFktzdp8y5HF0aEq0IsFLG01iWANPZVEdKCfOIcT/PnprALZSFCuvYsofG4niayzI4ULibw/kF1KakUxQbRWFKKC/uHeHejTo+vjrLi7unqN2bSUXSLsLMVpLjq"
11918 [Forwarding screenshot on session b1310904-d161-49ca-a1a6-530fba7baea8 to remote] DEBUG org.apache.http.wire  - http-outgoing-47 << "sMep50kWa0n2lqLm0ey+f72Al9eXeHHi/P8elLFs2Yj7uXJcS1YiiueizlgO48W90UUt6VB6jQHqtDkL0+9txQlzhM5l6XA20NbuF+nyqtj6rw7psbncyv5dEqDj2dW8OHUMj6fVOf9gcW8a17IhxY5PjTJ8L5Zmuetc3nRIM6nUjk+7ZPhQ94s3pSO4lnRIF4XjOFz1ly+pEvyJm0Wj/aO4vG+UbzePYl3WZN4kzqOt6njeSmkdxNHcSdTOHdzxbmcJ8ubQ9t42LCNQ4lq7LWSxlmpO/scxWiJWoPX6rFEG0oRuH0sYQbDqI9QJcVsJgcjV1HjIyacwzq8LdPmUbw0pXp9CFHuQbxSf7IUurFXvQNHHUe3B4Bvx4zlbroiHw/48/pEDs9PFPL2dJmwveW8PlzE++MVfDxZzXvB29O1vDhbw7NztTy9WMezi008P3+Al5f2C4RpFyt5fraap6caeXr8II8PtvKouYH7TQXcrk/mRnUY5/P9Ob7XhwO7PWnKCeBwbjRnC+J4WB9GfdhCTiRPFrZhEKcTZtEavIiDCZu5dyiKH08O8NeLc/z98TF8fsWvH6/4/usZX3895Pvfj/jz53P++vSGv9+85MebO9w9U8mZmmQO5gawP9OLdH8jnl5uFq6xczy6dYnHd2/y6PYNHt28xpNb13kqXCdPrgt5wdMb/+R/dw/4nYSAUpKCKogPqCDGr5LE4HrSI1rIjGwiO6IO/ZVWzOw7ldl9RiLeuw96cpI4Ll+Ik7o47hpz8FwxBy+tufhrS7FruzwRhssIM15NgP5G4pydyAyKJTs8l6zISrKimkiPOkha5GFSBclRh0mKPkyCID7mH3Gx/5M/QmL0EaHN/xDaCuuUGFVLSmwDyTGNQr6e2LC2wHUJgV6FxIc1EhvaQHRILVHB1cK0euLC6ogUysEhLYSFNREduI8U/7j2ALDOAgnWzxpHiP56DNWVsNqkg8lmayID8gn0LsPPqxY/n3oCvGsJ8ign2DUHXxtvQp3tMFi3jG0r1xLkvAdfp2o8nWpwcynGzXUPrkKdq1Mezo55ODkU4GQv5O324Wy7FyfrPYIcnK2zcLBIxcE0CWeLZJwskrA1jsG+jWm0kA8XhLazaWMU8r+s9QOx1vMX+GGt64OVjlc7Cx1PTHd4YCL43bEWERERERERERH5z/K7h0IiIiIiIiIiIiIiIv+d/r0A8PSN9FGxEzjQQ8WJjout6ahgT4dFtnQQ0o6KDkLZhg6LLYVpFnRaaPZP0FfQUda0XSdZYzpI69NR2kCgTwdJXTrM20kHiR30n63KjqVieOuosV5JksI0T+ZIStBr7ho6SmoJ7dfSWVKYZ6GwDAU7uiw0opucIZ0XmdJFweJfrOi+xJ6eyo70UHSip5IrvdpG7Sq7CzzbX0Xdu+2bw4I+qt7t+qr5Cvzo12ZpgJAGtuvT/upqf3qqeNND1Z3uKq50W+JMN2E7u8gLy5e3pevitgCwFV3kzPlD1rw9bQ8CC+vUTdBD2A+9Fa3pJ6zTYGVnRi71YrS6H+M1Apm8YhfTNCOZqRXN3NXRzFsbg/S6OKSEVHJNJFJropBe25aGIbV6F9JrdiGzdhfz1wS3v05afLk/09TtGLdEh4lym5g5YxGr50wma/0oHrmO551dL56bdeaTb38+xvTnVcpw3maP51PqcD4J5R8xw3nvO4JzxoNo2j6O2yFbuBphzNkIE87EmnErz4Pze1y5mu3E2TgLTqX7cCTFmxLXdeRvHclNH3HOOIyndFs/Ws3HUru6M61ruvLAYBQPtg7kdYYqRTYD+dG0mcsWg7i1qSuPDftxQbsDlzd04IHRHxw37E+9rxZFcZ6kJccTnZxFZFwKLY0tHGpooq5yP7tza8neXUVqdCZ5sYlU5ezh4qGDlGUm8fjcAa615nGjNYfT1QncO13Mt1cXef7wIs+e3+fZm9fcfvyEc5fOU7E7nUQXS3aZa+O6TgpLuYEkaYwlZ/U4DnitoDHOhLpkT4oCPcnztSTVZgX5zurkmM2jwkmODKNZFDgqss9ZFXet4dSGKHM4Sobb2TI8K1LmbJIK53PMOZHrT3mcA0luaygIWUWO80yq/RTYH7yNN617udtazqnGMg7V51G9L7E9ANyUk8OJwmLKE2IoTd1FcaY/dSVhwrac5sbxUvZF+hFhvZVE+7XEmmmSZL6WAm994uxXU5how9uHR/n66hp/v7nGn3fLeLLfhEfFSlwJEueihzQH7OZQ7yJBgc0sWkPVaApSotJNghLHaeRaD+fKXhXeHd3K60NafDy5ii+XNvL91g6+tbm9k69C+v3aVr5e2cSXyxv4em0TX29sEVJtvtxbzecLS/l2fiPfzmzm68k1fD6nxpdTsnxtmcP3Wkn+KhbnZ+k8XtbN422DDF8qZPheJsPXPAm+5UvwOV+c59nTeFEozp08cV40LOPnNSvu1WhTu2sBZc7y+Gn0J9N8Cs3hq9i1eQZRepIE7xhPpMEIygMWk2o6k+YQDSrcZ/ChSY/XVZt4mCxDmX4fQpV7kKTYl92Lu5Kv2oFj9qN5lCYsK3Y09zIX8+WgDz/O7eP9yWI+nirj8+lK3hwr5eXhEt6dqObD2Xo+nGvg7dk63pyr5fX5unZvLtfz5kodb68I6aV6Xp5v5PmZZh4fExw9wNPjrdw/WM3lGuGcrUjmYn4oZ/cGcEQ4R1pzwzicF8uZonju1ATRGL6IcynTORU5mBtJMzjlL0GN2xyqghawP1KDk7utuFGbJKxDC79e3uX9swu8eXWEt28O8v7lcT4+usSHO1f48uQ0Nbu9qU135nRxMM2ZbmT4G/Ly6kHe3L/Kszs3eXH/ES/vPebl3Ue8undfyN/h+Z1b7V7cvd2e/u4e8Du7d1WQE1ZJVkgl2WF15Me2sDeqgSSvfeiqmyI1VIL5Q6cg2XcwOjISWC2RxlFdCmuF6XitkMBbUwyvVbPxXzuXcB0Z4oyViDVWI9xoBRGmW4i3t2ZPQCSV8YXC9VHNXmFZuTEH2B17mGxBVtxRMuKPkh5/THCctH9py7fJij0utGtzjMyYZjLiatmd3ChoIiN2P8kR9aRE7Cct6gCpkS0khzeRGNogqCMpvI6UyFqShO0J29VAbGQTyWFF5EVnURwahvESGfQXzyFIbwMb5KQxXrMZ651OQn+VhPtVEOJTQ6h/PeEBdYT7VhLllUeE2y6BIzqaKuzUXE+o+x6C3Krwc63Gx70IH889+Ljl4uOSj5dTHh5O+/B03IeHwx487HPwsMvC0y4TH/tMPGyScbdIwMc2GR+bJFxNI9t5WMbibBGFk0Ukjmbh2JuEYmccjK1REHYGgdgbBuFgGIC9gR92+j7Y6Xljq+uFjcBihyvmO1x+e6xFRERERERERET+s/zuoZCIiIiIiIiIiIiIyH+nfzMAvIHeSlb0VGobbWtLh4WWdFhsTYdFVnSQt6Gjgi0d5dvKlnRaZE4nOTM6t42MlTWj43wjOsoYtgd+O8zT/X+B3/bg73Y6iG2j70wVNirNIGKrHGnmGjiaadN3/AwGiK+mt5gKXSU06SBlQQdZG2HZ5nSUM2kfTdxxoQmdF1vwh7xlu66Ktu1B2q4KjnRTcKa7ogs9lNzpucSDXm1BYBUveqp6C3zopeYr8KO3WsD/6rM0qF1vtUB6qQTSQ9mHbipudFviSlclF/5QbHuldVsQ2IE/Ftvxx0Ib/hD2wR8Lrf9JF1kIy7Wmh6IVvRRt6LvEngEqLgxWdWekuh+jlgUwbnkIk1aGM00rhplascwW0rYgsPgaIdWKZM6qMMS1wpm3JhyJ1aFIaIUIgpi3OlhIAxBbEchcYR2nqToxTsmASQu3MG3mYpbOmkjk6lFccJ3GFct+3LYbzuuw2XzJm8+Pw8r8eUGNby0SvN0t1Ef345FnHy5YDOKa50L+PpMm/IV4FN4d5+2NEh6f28PH84W8aUri16l83h0u5GFTNpV+W8neOIjLXtM54zSaeqPBnHScxAmDvlzc2YcnpqN5YjCUN6kK7LXsz9dq7fYAccvmURw1mU3tzsk0G83gpKssDV4reXiohnuX73DvwWeq958nPDyVo/tbOdXUR"
11918 [Forwarding screenshot on session b1310904-d161-49ca-a1a6-530fba7baea8 to remote] DEBUG org.apache.http.wire  - http-outgoing-47 << "H1ZDS0HzhAavZu84mZKi+spL6njyKHjHD94mLuXL3GwuowLhxtpqSzg2rmjvH31mPefP3L35WsuPnzBpccvuXznDtVFpdTl7CHB1xnbjfLoLRqEg1RvktfN5UKqC1WJXqQHuxLvYkeutznJwjlY5KJJroUsFa5K7LaQptRzJdkOSzFTHkiitTSJlhPYHyHBh+PmNMWoUBuziVSPDThuWYTdpunEOYrjs6U/hb6K1MXo8f3OSVpryqhvrKapsZjyPYkcqyqhNDGRK3UNNGQmU5wURKS3PhnRVlw6lEN+tCP7gu3x3q5CmutakmxWkWW/gXS79SQ7rSXGYyM58S48unqEvz8/4NeLAzxtseFewRKuh4pzzm02rU4zqXaYSZrRKOoDFtEYJE+R02zybCewx2Y4x5IXcL9GkzsVqjyqVOJxhQK38udzt0iW5zXKvGvS4HXTct62rOTjodV8PrKuPX3bsoK/z67nx1FN/j66nl8ntvPzhA5fjm3iZ6s6vxqk+HVkIb9aZPjVuoTXB1fw8+xW/mxewa9GDX7VCW3aqfKzWp5vDQq8qVok9LmVu6VqXMlfRr7bdNINZuCl2ot4nVFUeqkQsmkG8YYLCNw8lgj9UVQFKZCgO4kKt0XsD5jHxxYDXtZu4UGKDGV6vYlQ6k7qot7sXdCZwiUdOG47ikdpYtyJHcX9LFm+Hvbg8+E0fpwp42vb6N+jxbw7U82364f4cLGZ9xeaeHe2kbcna/kkpN8u7OfThVreX6kS1PH+chNvLx3g1flWXp47wNvLR3hyqoG7h6u52lLOpcYybu4v5XJBHJfyQjm1L4wj+TGcKErkQlkCT5qEcoIKVzPEOLlrCNcip3LSYxZVDlOoD5tPqe8cyoMUuVLszZvTjVzcX8t1YVlXb1Ry81EJj57U8/ThaV7cusSnh4c4Wh5IWbwZdUlWnNjnS1GkLW+uCtfGveu8uHOP1/dfCF7y9u4L3t5/wqv793lx7267Vw/+yf/uHvA7xZFVFEfVUBhZQ3FMLQVCOdIuAX01AxaOkkRhzBxkBo5g45zZGC6Yg5O6NM5qYvitXoCv1nwC10rjv0acIO05ROnMI85QimgDaeJNFIk3XU6C+WbS7S0p9AuhNiqL2vgSyhOaKEo6RKGgIOkI+clH2Zd8nL3JJ8n9l73Jp9rL+Ukn2hUkHacg+SB5qY3sFeQmN5ET10xmdBNZ0QfZHXdMKB8jO+YIWTGtQn2zcA02kBlbR3Z8E2nxB8kSlpcVUUh+eDo53j6sEZ/DylmTcVqnwcZFsthvM8Je14mUsBISgquID6wnNqieuJBa4gOqSPIrIMk3WrhmXdimroCeljbR3rmEe1USIgj2zhfkEOKZyy73fILccgl03UOgy24CnXMIcsoi0DGdQIdUghxT8LWOxcc8iiDbOAKtY/A0DsbTJESoj8TTOgoPIXW3jMDVPAwXsxCcTINwMg7A2dgfZyN/nIz8cDT0xlHfCyc9Lxz1PLDRccZKx/G3x1pEREREREREROQ/y+8eComIiIiIiIiIiIiI/Hf6twLAHaesovsio/ZXG3dZZEYHGSM6yAqpnMU/QeDFgoVtAVrT9tG/nRaY0FlGIKQd2kb8tr3uuW3Ur4TOvwK/QtoW/BXfRgexrfSbpcIWVTFS9KVoDNzItKmjGDxXiZ4z1ek3R5GuElpCPzbCcs3psEDoR1boV+i7LRD8/wLA1u2jc7sqOAj5tiCto5B3obuSGz2WeNBDxZPuym286d42slfFp11PFT96qvrTqz0IHETv9gBwkFAXJLTzpZswX1dlD7oK/XRRbAsCOwt9txH6XyyQtxc4CPl/RgZ3U7Cju6CnogN9lrgwQMWDwarejFjqz8hlQYzV2MWklZFMXRXD9NVxzNCKZaZWDLNWRTNzZQQzVoYxWzOCuasjENMKZ+6qXUIaIghmrmYAszX8ma0ayBRlB8Yr6zFBfivjZyuyYPZ0nFZPptFbgVqrWdRaSlBuM58jSSs5X76WI7lynM+cy8tCWT5kzuOWxzj26w/ntPcy/j65m1+vTvL94wWevj7G/YcNvLlZzdODKXw/l8e1qiTKI20I2yFFmeEYrntO46L9KA4Zj+CCzWTu2Yznuctk3njM4LnTNN5kKZPrOIAPrYac2KXBCd+tHAq1piHIisYgG5oTvGlIDeNiZTlPL13l2c27nD9yjiNVlTw9c5A7LUVcbsznyuEabl48wYVTrZTmpXL2UAlXjhZy7Wgxx6oyyI/zpjwtnJQgD6r35vDz82fev/nMw6fvuXbvDdcfv+bK/fucPHSKC00nKU1PI9rTEOs103FWGI67wkSawtxoyk0hJy6UOE9bctz1STdfSr69OrlWCwXz2W0lS66TGpkO6nhtmkWGmwrprvM5kLaCQ2lL2ec5l3Dj6XhtmYHz2tkUBKpSHDSXWKMhlPgvpCFpO9daCzhzspWSmmIOH91P6d5MjlRXcriklLLEJI6U5FGQGEJyqB3lOQHU5QaS4K5Dgv02oi1XkeoisF9Fuu1q4kyXkeKyhiiXtYR76fP28WX4+Eg4hkd5cdCVh8Ua3IqQ5qLXXA66zKTIakJ7AHi3zQz2Osxln/0syt3FyLYcSVXgTO7XbyDfYwSVPqNpDZ9OS+hUTidJciF9AedS53MpR56TSdIcT5rPoThJ6kJn0hghToHnDBpDZajwnEix23jynCex234qpc4TqTDvxjHbzhyx68wBj36kWg+nImQO5c6DKLToSaXdAOqdhwjThnAubCwnQ4ZwMmIEjQFDOBQzm2PJChR6iBG0ajBuSl1J2DGCTHNxnFWHEqM7HzfNQfhq92WfkyRhG0eSYzaHlkBpPh024UXDDu6ly1Ju0JtIxW5kyPUmT6YLhYodOWozlntp0tyMHcvdnIV8OebF32f38fl4KZ/P1fLh0n7hWBVStzeWgxWZ3D/dyMcbx/hwsaU9APzz3H6+Xqzn3fUG3t1o5f21Y7y7fJI3F47y+nwzry5UCUp4ciaPJ6fLeHCkksvV+7henMLVgljO5kdzqiCe82XJ3KpN4N2RSA5GL+F0giQnImdxJUGBA55yZBrPJM5sGkkOY3h00IQfTzP59fkcfHvKz6/3+PrnKT6zn89/NfLh/XHePz7LzzfHaNrjTGO6LYdynKmIMqck2okvd8/y8cEtXt57wJuHL3j78CXv7j/n/cOnvHn0iFcPH/C6zaOH7fnf3QN+pzq2WvhdKKM8uoLi8CKibSLQX7INhdHzkB00iXl9BrFu5gwsFOdjsXg2Fosm47lcHA8NwQpJ/FZLErBWjJCNc4jWESPeUGAwlySj+aRbqJBmvpIkk/VkWBlR4i38ZkSl0pBSRXXqfkEzlaktwvV/kLK0w5SkHaUs4wSlguI0QfIRihKF+qTDVKQca29Xmt4ktGsiP7GRktTDwvV2iMrM8+TFHaUg4aTguOAo+fEH2RfXJGgkL7GZbCG/J17IRxdSFZdNnp8f2hJzWSsxE5tVS1knI4ObvhU+Fj4kB+0lM6ySjJAaUkIqSd5VTkpgGWl++8gKiCfCzpY1shIYrdYm2X8vcb7lRPmWEumXS7RfJjHee4j1aBstnE24WyYR7lnsckwRyhmEOScT5pRAuHMCIbaRwjK9CbIOJcQmDG8TXxy3O+NvHYKPUOdnG4GvbTieFiHtvC2CcTP2w9PUDw+hrYeRD+6GXrgaeAj9uOOi74qzngtO+k6/PdYiIiIiIiIiIiL/WX73UEhERERERERERERE5L/TvxkAXkF3OT26yOrSdaExHebr/xMElhHysqb/BIPb8vMN6bTAmE7CtLbv/P4h5NtG/nZqCwK3fe9XQoeOEjvoIN4W/N1OR/GtdBDbQr9ZaqxTmkOR51qCdyxi1NSZ9J6zlD5iq+g1R4PO8zYJfVu3fze4y3xhnrbA8gJhuW2B5vYAsJWQWvHHYlshb0fHxXZ0WuzIHwou7YHbbks86KbsJfBpD+p2V/Wlh6ofPdQEqv5CnZ9QF9Ae9O3ZFvxVC6GHSrBQ7083FR+6KnvTZYkXXZQ8BR78oejW3neXtgCz4j/aRhx3U3Cim2LbyGMnei1xpa+KF4OW+jFsWRAjl"
11918 [Forwarding screenshot on session b1310904-d161-49ca-a1a6-530fba7baea8 to remote] DEBUG org.apache.http.wire  - http-outgoing-47 << "ocwenko41dGMnlVLNPWJDBjXRKz1iYKEpgllGeujmWGVhRz1sQyd10Ms7QimKkZxqxVuwQhzFwZyAx1f6YL2zFxiSVjluxgrOIWhs9VYvqcueiukcRzuzhOyyeyz207JUG2FEdZcXCPM+ervDmVvI1iixlUmkxkv6UYe7bO4GS0OX/dbOXPdzd58eYaDz9f59mXi7x50MDzUxk8aI7heGEIiU7rKXDT5LDjHO54zOC88TCaNw3k4LohXN8xiru2k7jlNo0HXpK8yF1OtssgnjbspC5gBQWOOqTYmxFhbkSAzlbcDQ3xMdYjcudy9jnvpDzEgfwASwoDjakI3klN8BbK/dZR5LeWgoBNFIXupCzGgNq49VRHqFAVvpw8bzUynJYRY6FBvO1Wsv1d4NNHvj19zYu7L7l24SFPn33gyu1bnDlyjhOVR0gO2YWHpTZGmhMxke6LtcxYGsL9aS3MIz0qmEQ/a1Lt15FhosBuS3n22S0ixWg2e+0XkmWrQILZQnZ7reBecyA3Glx5ez2CaPMxeK/qgbFURzzVB+KpOpQ6LwnOxM+m0Wsae20mUBqwhAdHCzjeXE5DcykNjVUcbGqkrriEUw1N5EbFcrKuityEMMJ8rDh7oID9+VGk+5mS6LiNXYaqJDstJ9NlDfGmS0mz0STFSYs0361EeOrz56fH/P32Ab/enOHFYW9u5S/nSogU1/1lOOgmRp75RErdpUk2nUqM3kQyLWdT6ydP5LZBlHrN4e+nEcQa9CFmew9SDPqToNObEqeJNAaIs19wNEaefKfJZFmPI95oBCFb+5FkOZ0ocwWaE0wodpUh03g0cdtHELl1FgFa4whY2o0Sw+4ccB7AqdCZlHnLcD53K/tsRhOp3ZnYTd2I2fAHqVs70+g6lMsxU7kQNYkmn2HcL1zOmYzlxBmNJ3z9GFwVuxK7dRjZ5vPwXjmeOD05PDSH4as9gFSz6cRsG0+WySwafMX5cdqa5y263MteSKVxX2KVupO1sC/5Mj3ZJ9+VVpvp3ExT5Eq8kO5ewocT/nw+U8D7s7V8vnmEw5XZ7Ny8FPnFc9DUVCA8xI2rJxuFY32MjxcP8EPw+Vorr28fFZzj3Y3LvL96iQ+Xj/Pxch1frufx5nwcN5s8uH8glNcnsrhXn8at8hSuFiVyLj+O84XxXK9K5HFTHJ+ORXAoVtjeTC0ao9TY7SaPg9YUdBeNwWb5ZKKtx/L3K2/4GMjPR4nw+SB/fT7Cj++VfP8zm2/fU/n8OocP94r4+aKZg3s9qUu2pSXDiYZkZ6qTffn68DKfntzn9cOHvHvynHePn/Lh4WM+PHnCu6fPeCOU27x98k/+d/eA36mMKqEhsYrS0Dz8d7iwaqYSCwZORmHEVJSGj0NryhQMFkhgLi+GiewkLBaOx1l1Gh4rxPHUlMJnjRSB6yXYtWkOEcJ5E6c7i2TDOaSbzBPICtehkpAuJ8NMmxyrnexxsKY8LIHa+Dxasmpo3b2fpuwm6jObqc1opS7rCLVZR6nNPEZD1nGh/hh1aYepSTlAbXoLddkHqEzdL7Q9SGPOCcqTD1KZJMyTfprK5BNUJB2lPPEwZQmtlCa0CJopSWiiOKmJwtgaqhNLaE7ZQ4GvDxsl5rJq1hT0lyxEecpU3HTNSfVLICd0L/siytkTUsbeiAp2R5SyJ1QQuI/C0FSCjY1QmTYOm/WbyQ7OJTWgSPjdySfRP4tk/1RSfbJJ9dhNms9uUrwzSffPIcYlgRSfdCKdogmxCSHaJYpY1yhM1xgRZOUrlMPwM/fAZLUeUS7hhDqG423uj69FIAFWwfgJqb9Q9jHxFlJf/M188RPyPsYeeBu64mXggqe+E+569rjq2f32WIuIiIiIiIiIiPxn+d1DIRERERERERERERGR/07/XgB4sjrdZbfTZf52usrp0UFaRyCkbUHdtlc7zzcSUn06SOq1j/TtKNWW/6f8z4hfgbgwT1vgV+yfUb9tgd9Oc//RFgBepTCbFA8dlGWmM2iWPN3naNJ1zio6ztko9CH0JW1GN6mt9Jbe2D7yt4Nc22hgEzrKtr1y2pJOC63/Ffht40AneSc6K7oI3NoDt38s8RJ400XFl65q/vRQC6DH0kBBMD0FPZbuoqf6P3qohwl1YXRVDaKLqp/QPoCuKn50WdL2SmhhfmWf9j47LnZpf510NyX39tHF7d8MVvGil1DXb6kfA5cFMmT5LoavCGOERhjjtGIYvyqGKWsSmLQqllkb0pgtmLU+melrEpmxOoGpq6LbtX0feIZWJNNWhTFds80upq4MYrK6LxNV3Bm31IyRalsYIr+GYdIqTJknyYbVMhitmsvqWYPJdDDhavleWndHcLmmiCvV5fx15zSfrtZxfZ8ndf5bqAs15XxJPH+9uMrHV7d4+PgCz99d5dOnS3y6XcHns+lcK3TlxG4PEq2XcybZjOPOktx0msE5ozHkLelG4eLelEj/wZ5Ff1Cwqh9la4dxIVSOLMt+PMxVpsZWnFy9JcRvVyFSW5ZsncWEblpIntMKDnjLcMhHioMB8rSELqVh1zJKvBRoDlGn1EGSOpcF5JnOInLdKEJWDSVxWy/2GHenxmMcyboDiNoykiiduThoTMN57WLhr9zH/Hr5nK9PnvP63nNePnnBjZtXOdF4hKqUfOJ8vAh23oqu+kiMJHviIj+N6gAPUrzdyI72JdFbjyQLFTJMZEg1EifLQpxEwykUOMuRbi7B4fhtfD6fyMvDwTw9GsCtVmdKAxZxxH8xPjJ/EL+0P54zu1C5YyRX/UeRt74L+TsGU+cuz9O6bJ6ePsTByjwqivK4dvEKlfmFHKiopjg9g5byUrISovB2seTxzZNU7I4k3GkHuwMsCDJUIcZGhVSHleQ4riXDRpMEGw0SPbSJ8DKA76/g8wt4epyP5yK5mruCq7sWcdlLlgrTKeSbt32LWJlsu/nsdlxEgtFsKrxVyLWXpMhdir+fpRK+fTDOqp2I2TYSH42uJO0YQUugIlfStHlUbMKxWC2id4zHSqkzNmo98N48E4cdazhXmU2Frwa5hmOIXd0PG5nBWCwax855PWkNV6bOcxKXkxbjotiVi2lbhf6Hs0t7EIFr+rNr/UDh2PakxnEs91IXcDd5Ho1uw3hSqs2VvVvZ4yyL34oh2MzvROTGQWSZS+K5fAIpJsoEbpxEkdcicoTzq9pHlQI7SarcZvDzrC3PWvW5m72QatP+xCn3InVBX/YsGEDqor7U2y3gyh5tjsdIcn63Jq9PxfDuSg2f75/j4rE6DAw2MVViGjPkxJkmK8YE8SlY2Rlx/fxB3t8+1T7K99vDizy/d5k7l87z9MoVPty4zM87x/nrQTU362xpTlLkXJ4G9REynM3U5k1LIPdq47lWnsyZvCjOFUTzoCGJ5y3RvD0cyoGkTZwptCPKdRUqcuNQUpRAXVqS7ZLTObNvE48OLeHjTRV+vTCBFwH8eh3H3y/9eXN9By8uaPLxwhY+nLLlz7tFnC2LoiLGlhN5wZTFONG0O5rvT2/z5eUT3j17wotH93l2/wbvHt/iw7OHvHr8hFfCdfLu+Svev3zD66cvfnsP+J39CaWkO0disXQb6hOlWTx0CvLDJrBo8Ag0xo9j45ypGMrMwkRuOkYy4zFdMBobhQnYq07Dcdkc3FbOxWfN3PZXQIdvnkXsjtkk6s4hRU+MDENpsozlyTRWJtNEnSxTTTLMN5JiZUy+j6+wjzM4mVvGiX21HNlTz8HsRlpzWmjJaaU5q5UDgtacQxzOOczh3QeF6QeE+iaaMvfTkt1CY9p+Du09xt6gfI7sO0lDSjMNqS3sTzvA/vRWId9KfXILtcn7qU1ppC6pmuaUIg6l5FAZFIDOfEk0poxnq5wksqNG4WNoRV54JqUxhZRFlVIaXkJFbBkFkfsoDC+kKES47sPTCDU0RHniCGy01pC3K4ecoDwyAneTGZRCdmACe3zT2eOZzW7vDDI8E9ntm0q6VwIZ3gmEWfkJy3EmxSuKSAd/VsmooLdiA57Gtlht0sV0/Xb8zF0IdwjCbrMlbjoORNgFE24TQIi5F5G2Aeyy8BLyHoSYuhNk4kKgkRMBBo746"
11918 [Forwarding screenshot on session b1310904-d161-49ca-a1a6-530fba7baea8 to remote] DEBUG org.apache.http.wire  - http-outgoing-47 << "9vjo2+Dt+B3x1pEREREREREROQ/y+8eComIiIiIiIiIiIiI/Hf69wLAE5XpPn8jf0htpIvMdjpIbhXoCHb+E/htCwK3BXsldOko2aYt8Pub4O//BoD/X/C3zYCZKmxQlcJiuwaTxefRc8ZSes3bSHepzXSUMBX6saKDlL5Qt55+kuvpKGdEBzmz9lHA/98B4HbyDnRScKaToiudldzpvMSTTku8BN788a8AcHf1QEFwux7qof9H+P/qqhoiCKabWlsaRFflALqpCFT96brEl07ynvRaKpSX+NBd2ZdeQv3/fEu437IQBi0PY+jKCIavjGLE8igmrElgvFYCk9cmM1EznpkbMpipncH09SlMXZPM1HVJTNaKazd1bRxTtKKYohnGlFWhTFkZysTlwYxr+5awmhsjNMwYqr6RgQqrGD5/CVPnSbJzkwJ3DudwrzaV+6WZvCjL4HSSG61J4RSFhtGSHMaLg3v5cno33K/ky+VCPlwq5/ujY/x8c56fr07x42kL3+/V8OlUDu/2R/K2IoAD4SaUem/j3ZGk9gDwVceZHDOcSPLiXiTJ9CVxZmdiZ3UkeX5vUqX7c9JJijy9fjxPmkf5tkEkakwgS1cWP4XexKv1IH3HJHabT+F44BTKzXuQsaM7+2yGk+0wmVgzoa3tdPKsp5CjM4zd2wZTYjKNGidZap1n0OAxgdYgScpcxCh0XUi+50pSHbVIdtcR/sq9w9enN3h28yIPb1zh4e0b3Lp2iQdnrnBgTxERrjZEe+kQaaeKh9p4vBRnUuBoTl1qJMUJXqS4byTTVplCe3n2WEuTaydJislUsi1mkW0+k1JnGW7tNeRI3FoiDSewP3lN+wjSF8VW1JlKESLVg2yh37P28yjb3IWTdtNptJ5LkZUcv64c5kFTLaeqCznaWEddWTmHams5VFVJY2EBDUUFxO0KxtXeirfP7pAdF0Cooy7xrrokOmsTbqko7BtlUq1WkG69nCRbDRJc1pAb58avLy/59eklvLvEh3OxXM9fx2mfBTQZzmDv1vFEa48i02o+vuvHE6kvQbK5LG7LBmOn2I2wLaP463YSmTbiuKj1JXTDeHyWDyRm01gKrCQ5HKLJfv9lJOycRprpPBzUBhGmI0aQnjzrl2nQWpFPddAqcncOJHV1d+zm92PDzEFslRtFvv8Syv3nUGA/An+1jpyPX0fkljF4rhqO28rhOC3tj/OSziRu6smF0LncTZDkqN8k3lTrcjlPj32eS/HXHIn1/E6ErB1A2KYJeK+aQqyBIh5aYwnZPoo4w8nE6UzCb2U/moTz4sc5O14fM+V2piwVxn2JWtKL+AWDSJMbQ5zyJOG4qtKQvL19JHlj8mZOVOxid0IAe/ekom9qwMhZM+g1dSp9xcTpOXs2w6UkGScxh9XaK2iq3ceDa0c4Wl/IiUON3L5xkduXTnKqIoPGVFsOp2+mNVGWi3skOZc+mRu7JWj0HcHpOHluVbhxpSyMm9XJXBdcLo/iwYE4vt3MpyXXGXezFchIT2XSPDEGzBFnnrgi22UX05KizaHdEziW3427zeN5c1qNF8fW8eL4Sh4dnM+9+oncKh7FpT1ifL2Ww8WaZGqT3DldHE15rBd12XG8uX+Dt8+f8O71Kz6+f8Wn90/4+PoOH18+ag/6vnn2itdPX/6v390DfifW0odNUqosGjYV5XEzWTJ6EosGD2PZ+LGsnjYe7Zlj2Tp3LDoSY9CVGoXB/FGYyI7CbPE4LJZMwk5tKi7LpwvnwzT81kwjVHsGkZtmEr99Lsk755Gmv4A0g4WkGiwizUiRVJOlpFtqk2GjQ56bFQ0RuziZlcP5/ArO5ddxMree0/ktnC88IuRbOJRRx6H0Wo5nNXByTxOn81o5U3iIopAs6hIKOV3QxIGMMg5mVXAop5pD2YIsYZ7MBg5mNNKaJkxPa+RASh1HMqo5nlnE8dRM6kMCMJKTZsWUsWxZIIFY//4EGFlTGpVFfUIx9dFF1EfkUx+bL9TlUBmVT21EAfujM4kwMEBt7FDsV2lSGpFFQehu9u7KYN+uBGG9YinxT6XEO4tCnxT2esdRFJBMYVAye3xjiLX1IdTcmThnX/xNbVk4ZQZje/bBeut2tmosx1HPADcDM9x3WOC00QTfnXZEWnkR7+BPtJDGWHsRaelOpIUrkWbOhJs4Empszy5DO3bp2xKkb0WggeVvj7WIiIiIiIiIiMh/lt89FBIRERERERERERER+e/07wWAxyvQTWotnecJpDbRQXwjHSS2CHbQoS3g2zYS+F/B3k4SukI7oU7ItxPXEbS97lkgto2O/xv43SzY1G7gTGV2rlyI/mZ1RkvI0m3qCjrPWMMfEsKyJGyFZTjQSXIbvSXW0VdSmw5yhv8KAJv9JgBsT0cFJzopuNJR0Y1OSp50Uvaik4q3kPrSWcWfrkuD6KYeQvdloe16aET8H1H0WPaPbkvDhbZhdG8LBi8NpYtqCN3UdtFdLZjuqkH8oeRH72Uh9Gh7fbRaIH2EPvsuC6Of0M/AlVEM0YxluFYco1YnMEIzngnrUpiwOpnJ69IYvyqR6Rsymbo+g8lrU5i0JoUp61KZvCZJkMjUdYlM0opmomaEIIxJK0MZrxHMyGX+DFTzYOAycwaob2Sw4ipGzVdiupg4euvkeHGphGtlYdzLC+V+jAUX/LU4EqpHkY8elYFbuFJox60Sc26WmXM0fiP7d2lT67OWFu+1HHBWZb+ZNPXGUhToyVNtqkqFkSKHgwxpDjHi64U9nHKX4aLrXA6YTSNyyQCCFwwiZFY34qf3IGtGf9KmDeCslQzVO/vxOWEelVuHErFsMqGb5rPbYiHVzjIU+qqQ5ibHbuuJ1LhPpzVMhrvlOtxpsOZYoSGnigx5UGXEnZzVXI5fSkuAIsUeyhR5aZDvuYIMx6UkOy4n1nE1IbZa+DtsxNthG7euHuLL1yc8fX6N2/fOc+fuZW5euszFhgNUJyUQ521OqKs2xhoTMJ83CFfZSSRs1+R2fQ4V8Q5ku68l2URYT0sp0k3nkG09lwyL6eSYTabAfArpW4aQqzuWaqd5VHvJcThxNbsdpNhnLUfM2hnYze2Dr8wQwpUHUGI0kjKrqRTaylAl7PeP55o5V13EtcP1HCgr5GhlOefqKzlSupdjlQXsjY8kNTIUL2cHvn96Q3ZsMJGuxvgYrCDJZQNx9suIMxe223wZaZYapNotJ8FlNXV7w/n17SW0BYC/3+XjhQRuFW+mVG8s8fLd2b15MmFrRrHPRZVwPXG8N0wlzkSW4I1T8Vs9kji9Kfx1M5HQbeNxXT6CgHUT8dMaTYCmcNzWj2avmQT5tgvYZyNLmvE8Ukxl8V47mSiLZaxaoU5LXR614atI29SNVK0OWEp1Y71YT9TndifEYha7DAaSZtKdII2OXEhcSazuNFw0R+GxbjLOK8fgs2oQabpDOe47lXuJ8zgRMJln5ds5v8+AFEclwjZPxVujNyHaA/FfO4pdm+cRvnMRdupD8dsykl3bxhCtM5nwTSMo85jOn5eceHPcgivJkpQb9SVCpQ/Ri4U28jNxXzQTixVSGG2ej/HqKexcPg0tVSm01q1GZe16xkktZIiUAv3mKdJlzmJ6SivTb74iA8UkGSs+C1lFoe3KxWipz0d98SxWLp7KmkUjMV0xggxncS7mqnFtjzhXM8fwpGACVxL6cz9zHAf9B1AfLFw3+TbcqoniQmUil5uyuXp0D6cPZLJdWxEJyTmMmyvJUKlFDFdUZrqUotC3AlEui7l1TJPnV2V4dWUBfz7fyq+n5vz5QJ8fN9fy7boaX84t4kWLMs8vxFOf7UOK104KIx1I9bOmpXQPH14+4937D7x+91HwRsg/482rO7x6+oDXz14L3vDyyStePH7Znv/dPeB35EZMRmHsdBaOnIhE34HM6d4Dmf59UB0zhDUzRqM9exQb5gxjy9xhbJ83gp2SI9CVGoH+gpGYyI/BcskE7NWE82DZFNw1puCzfIpw3k0nXFuMyE1ixGwVJ3abOPE755FsIC2cR4vIMlclre016CYr2W23nUp/Z+E6jOP8nnxO5xRxZncF53PrBPVczm/iRvEBr"
11918 [Forwarding screenshot on session b1310904-d161-49ca-a1a6-530fba7baea8 to remote] DEBUG org.apache.http.wire  - http-outgoing-47 << "hU2cyKzghznUCxU1qErp8YuPRN8t2xln483hzNSOL13Nyd37+FYZi5H0vM5ll7Kyaxaob8GjqWWcza7igs5hZxJTaM+yAeThZKsmzkRPfkFzO3bhygrJyqi0mlJKuRgXD6t0Xtpid1DXWwmjTH7aInO50BUGmHbt6E4uAfW6srURGVSEZ5FSVgqZWExVO2KoiYwmVrfTOF8yaQmNI3qXSmUByeQ6RJItKULwcZWWK/bhONWHRZOmcJEYdk2uttQkJzN/OkTMNPegOtmfZzX7STUyI54a3dS7H2IMXMiTpg/wdKZeHNH4kztiTWxJdrYmkhDSyIMLAjT/8fvjrWIiIiIiIiIiMh/lt89FBIRERERERERERER+e/0bwaAF9NdSovO4qv4Q3I9HcTX01Fis5BupcM8HTq2aQsGi20X2uygc1sgWLwt+LujPfDbSajvOHfrP8HfOZsFmwQb6Tz7HwNnLMF07SJcDFcwcsoUxisa0XH2JjpLbf8nACzoNG8LveZtoJeUsMz2ALApHdsCwAss6SRnRaeFNnRcZE/HxQ50/Nfo345L3AX/BH87qvgI/OmkFsgfS4PpuiyMbsvC6aYRTvflUf9HtCCmXbe2ILCgu4ZQ1x4QjqCHeiQ9hPl6qofTRSWYvisi6aW+iz5tgd/lEQxYGcNAzTgGr4pn2OpkRqxJZvSaVEatSmbC+nTGC/lJ69IZq5nIVO3M9vz41SlMWJvKZGH6pLbRwWuThHwSE1fHMV4rivGrIhivGc6Y5SEMVw+gr6oXfZda0F91CwPl1zJcaikTZ0uzUGICZivE8NacQ5DqNLLWzyR9zRCqrCXJM5lDnuEkSk3HU2E6jhStfhRsn0y8+khil4wiSmYA8ZLdyZTuTLJcL4JVp5OwVpq0jQIDdWqCTfhyu5QTPos45y5Gi9VMopYOJXjhMELFepM6vQd7p/Uje9pgzlvKUra5H29iZMndNpONcyYzf8pk1BbMwHjtAmQWz2TxUinSAgx43BLDq9Zd3Ch34kKVG8crXLhc78qpPVs4m7aS0+lapDnLsWDKH8wc1QOx8UOZOKwv04R00oQhjBrTn6mzxzJPbjbxGVF8/PGOJ28fcO3eJW7dvsHNCze4e/QktalR+Nusx89mJfbrpdCZ0g9f+dkEa87n1eHd1MRZkG6rTqbFYgocFcmwkCTLeh451nMpFLa13GwyVYZjqNwxglqTSRQJ+zJTdwKey/ths2QwrqrjMZrTFzvp3sSsH0m6/kiyrSdR4qfGheJAbrfs486xcs417uFcZS6n8tO5VJbFmaJkrtblsn93POmhvqRHhfLj3QtK02NJ9rEkyGQlkZYaJLusIt1+NakWmqSYqpNiI9S5raUudxf8aHsFtODbbb5dT+N22TbqzIXjp9STEsO5BKwcRdj2mZirDEJvUS+81k/Gf/0EXDX6E6g9lL+e5JBkMZd8Lw38Nk7GXkXYN5qDSdo5mcQd40naMYHd5mLstVtArO4cAjbNpTxCn6WqsuzNDqc8VItsvUGkb+qJ3twOLJ/aEduNs1gv84ewzA5Ebe9I6JqOHI1SIWzbOCxU+mO9fCS2K0YSvHk0BTYTaXEbwaNUCY4HjOVp+WZu1doSZStHpK5wXHUnEbLp/8PeXYfXcR363t9iZlnMzMzMzMzMzGRZLFmyhZYsy7ItM9txHDAljhMnceIkjsPMbVNu2qZ4Ts/9viOnkPaofc99et/7np5n//F5htfMrDUz+9H+ac3WZleRFaM5TvSl2NORqE9/phajeXrsKjRhsdSE89ut+Y+3+vnqThOvL7vwaKMmM9Hq7AyxYDjInTJvd5orimjuqqKlLpmakjQKC8qJy61E3zMKVZcIlD1TkHJJFJ5ZKUg7xCBhH4aGZxj67p5sszLGU7jOqosjaS1wpyBcnYFCLa7u8eHDi6F8ctaZj44a8YOzpnxxRIsfntLn43U1Pjqgx51ZU67P+PLEagVH59qpr84iqySF8NRYHIND0XcMxNw7BtOAUAwDnfCM8CA72ZuKHD1eeCKb3/64if/1VYvQ1sPw9QT8bhp+3g+/6OQ3n5Zw93wAI01OTLbH0ZzvQXOuH7W54XQ1lLFreoazl6/zwusf8uLr7/HS62/w2Ref8JMf/4if/ujnfP3Vb/jlz37NT374FT/43k+2/AzYiq+eGd46htgrqmAlLY2HhioRJrpEGKkRbaxEnKkSSRbKpAvPhVxnbYrc9SnxEvjoUO6vS12IEa0R5nREWtIdZS3cQ7YMxdoxnuTIVKoj0xn2zGTbMptvK1xD9qwI18J8vjVrFR5s1IWwXh3JWnUyJzqquTI1xt31Q7x96iGhLa7xwfkbvHHsMjd27We5qo0qv0iCNYwIVNdhoaqaawtT7GstY6QgivHiaDb6yrkw2clTe3dz7/hR3jj9EK+ffJR7hx/htSOP8OaRh3j72Bne3Njg5swo9X7u5DhYUR3ii5uqMidGd/LE3mM8t3aGV/Zf4JW9Z3h+5ShP7zvMMysneXbPGZ6ZW2NndgZ+ChI0hgbwxNIBriwc4rG5fVyZW+D67CxP7lzlyXFh3sgyV3au8PDYPBfHZtnoHmK5qYu+3ELKo6KJcnLERlOVhoIMClKiyUwIRUdJjghnB8ZKa2iMTGGhto0jPcMc7h5mobqFg53bhfu8m31NHaw2tLNa18pKbRPL1Q0sVjWwUNnAfGXTlm0tJiYmJiYmJib2r2WrL4XExMTExMTExMTExP5n+qcCYEnzABQ8k5F0TULGIxMJV4F7HiK3AkTuJd+Ev5uvd3YpQsp1M/AtFdb5Y8/fzWmXYkEhEs4FD4JdCafcByQdv6FlG0Z5lANTlYGMD9Si656LyFYo2yVP2L5BKKcBSa8CZD2LkPGqQORfKxDm+f4xAPZvQzKw40EALNp8/XNYP6Lw7Yg2A+CoYUSb4W/0mGAKyZhpZOJ3Ifsg/J1/QCFpz7cs/9lmCLw5VExeQSFRmBe/hGLCHpSE+cqbQXHsLOqpK6gmLqCWtPAg+NVK3Yd22n50MtbRyziAQeZBjLI2MEhbxzzrMKbpB7HIOIhx8j4shfmmwjpGwvoPguHsDWEojKetYZG5D7P0FUxTlzBJmRfWn8MwYRqdmCnUIoZQjmhCJawItcAC1N3ShToMxTswiIz4YPpKU2iJ8eJQcyInu/14diGB68P+PDPuxwsTgbwzn8T+dBMebUpgKsqdfj832t1sGQ5wYGeoDb3+JtRHOtOV5MZybQzj5dEPfluUjy7x/Fggrww48WyzHWsx21jw02LFSYFD9jKccFTmiKs+99uDOJmtxqcLoUylOBNgG4iedSy23mkkZFQh75KMZmAuEzO7eejADKemKjk+nMHGcBpDNV5055gxnKvLRLYm3cnadJUHYe9shqqBJepmbigaOqBi5oSiuQ1yZubou7ngGBJE6/AgP/vNb3j3k0946ZVXeeetT/joje9x7+pNzi4MMz9cxOxgPpXRjpRa6tDvK5xrsDnfeXKJ2xvtnBlI53BTCKc6Itho9udEVxBne/x4YnsAL/Z78Vq3KzeLdHmj24O3R8K51uzG4TJLuoKVKLOUYF+WJ3vTTNmfqc+hYl3OdBjzycVGfvTkMh8+Ms9nN1a4d2qct88s8OH5Fd49tZt3z85yfbGLJ9bGODTezZOnj/D9t17lyK4hlnrKWO/NY7YhkuX2eA51ZXKgKYX9tbHsb4tjX386jx2Z4HdffQ6//yn88h3+7aMjvP9QIdeb7VkOkeFClRMLuSaMZJtQE6FMgY8kvan6bE/XYVeJCZM5Gvzho2WO9nlxZSmbnaVW5DmK6AiX5HirE9fHhbZstuFAjTnH2p1pE+bvSNNmusqDsrxYdg61sNQcxmKhIbPpWlT7yDFc4MG+ns1eyl7Ml25jvlBRqEc7Lo/4s7felq4UHaqj1KiP1WAkR4vz3aZc71Hjy8PO3Js14vuPZfPejTYGK+yYLLRipdKSCeE4p4utaYsxptRnG7XhGlSEiBgt0GemxIy9NVZcGnXk317v4dcvtfP2sivX2vQZj9JiMMSO9iB/qhMyyCmqJTAjl+TMZHJzS4VhCzYhBSg6xCLnmIKEafyD5"
11918 [Forwarding screenshot on session b1310904-d161-49ca-a1a6-530fba7baea8 to remote] DEBUG org.apache.http.wire  - http-outgoing-47 << "5SsWzEihyxhmImCcwSqDp6YeLhh4WKBh4M0HZmqPLbgw/uXwvjsURe+vGzKTx424AentvHlsW389hF7PlhV5jtHtfn8sBYf79fk/ooDx4dCaCqPJSwtAfPIWJS8I5FxiMY0sAgdhzB8YyIITbSitdOfsUFvprc7cmKPH28/XcpP3ungk5fr+PFHvfzokx4+ul/Jd16v4L1nMjm+2469O8OZ6otgtC2M3dtzaK6Mp7Yyj4qaeuKzK/GOyiOlqJmBySVGdi4wO7fCxXOXufXks7z+6tt8/MHnfPfzH2z5GbCVSGs7Qs0tCDQywFd/G966mvjrqBFhrEy8hTKJVsqk2KqQaq9Gmr066XYCW1UyHJTIdVWm1FuTmgB9GoJMaQm2oCPUmu4wawYibRiKs2UsxYaJdKHtM0yYyDJgKtuAmSw95nKMWcizZj7Phbl8fxaLY1mpyOZwSx3Xdu7kxbWDPD41y3xRNQ1+YSQZWxBvbEKKcKx1Qb5cHOvi5soOrs63cWlnBaeGc9nTEMVqcxKHOgo4u6OVa7umuLPvAPcPn+HD04/w1sZp3t44yocnjvLcwiR1fu6kWZtR4OGIk6ICV/bs49mDJ3l+9Rivrp3l9X2nuLtySJg+8CAIfnH5FHcW9jObm0WwshSdMaE8tWc/Tyysc21umRtzs9yc3cWtncvcmtjPtbElYXqVx8bneExoqzPDk+zr6KY8IpIQawtsdTRxNtElMcSXAHcbirJjcbbWI8bTmcb4ZGpCo9jX2sXBjj6O9QyyWt/KEWH8QGM7642t7K9vYV9dg3Df1LFSXctyVS17KupYqqjfsq3FxMTExMTExMT+tWz1pZCYmJiYmJiYmJiY2P9M/1wPYBNf5NwTkXCKR9IlFZGTwCVHsPk66KJvgt7NHr7OhUhthr2uArdipDaHwvwHHvT8/SYA/lPwKyWQdsxB2zaYqmhbVmq8ODpVh6pdAlKedYIS5JwrkHepRMK7GJHX5rAekX/dHwPgpj8HwBIPAuBuJEJ6/tz7VxSxA9Fm79/oMUQx4w8CYKmYGWTiZpGN3wx/FwSLKCZvhrzfBL1/sRf5pL0oJK+ilLyGYtIq8okrKAmUk1ZQ2VwnfgnN9H2oJu9B40H4u4pW2n600w6gk3EQ/cwNDLIOYyjQSz2AyeZ4+kFM0w+hn7gZ8B7CWFjXUNjGOP0AZpnCdPp+DFNWhfkrwvwl9JPn0E3ajU7iDNoxU2hEjKMROoRqSBPKwSUo+RcjI7SDlFUy2p7xRBfWkVnWSH5RNcVFWRQX+tPdFkpnvScVGcaUxhvRkuNJmp8t5WmZBHnHY+sYi4VLEqZuUei7+GPk5oKVsymRQeb018Uy0lPAM1f38x8/v81zkyG8NuDAK41WnIjQ4JC7MkdtJdlwkmCfpwIrPjrc7Q/icIE67y2EMVsUjp9zGoYuNdgI7RQU04eKVy+6sSMUdY6ye/cQi8Nl7GqNYbDIhdZkY/pSTeiO1acnzoyyEAeSI2LRs4lAyjQEGZswJEy9EBk7ITJ3QNLCBkVbB4w9vEkqKOfnv/49n338U95/7Tt85/1f8vEbP+Xd51/m8cO72DNZxtxIMbWJ3pRYm9DjbctYnB3vXx7m/plevvf4HF9eX+D7Ty7w6ZUpPrq0g5f3lnB/PoMXen15tsaaJ3N1uVNuxXPVjjzX7MuZbGOOJGtzOMqIc/E2XMsx45lSK+402PBcpx5frCbzyXIN98azeWU8g+e2p3ChIYHL3XkcrYnkVHMsh1viuTBWzeWlIe5fOcd3X32OmbZydtalcqg3i5WWGJZb4zjQlsF6YzoHGhJZb4ljQZh/89QufvzJffj3r+Drt/ntRxu8cyGH14R2Op6iyYUqB042ezBZsBnqK1IbochIngljuXocbndhPEeFf39/N+fH/VntcGNXpSXlvtLCvWjORpM5Z7utudBtw8k2Cw7UmrA9QZaRTBVmquwoT/UnN8qX8iATmoN1qPJUpMBdnfmGOHrTHbg2lc6hajt2ZepwvD2A0wPBnN7hx1ydPc3JmrSnaTOaq8ZD/aY8MaDGJ/steW3JmO8+ls671+qY6/ZmNMeQsXRNZkr0mSy2FI7difZ4SyqC1Mh1F9Gfps5Iti7zFaac7LfmF3db+c1L7by5x4XHOwwZjtZmR6wHvUnJ9Nb3sX12g4aZNXqm5imqGsTZvxJV+zSUXXKRsRfYFiKyE55nDsVIC88vabsUFO0j0HPzw9jZBu8wB9rLHbg668R3Hgvgq6dc+fG1bfzkcSV++agyv3pYj5+eNuQHR0353jFTvjxjzhfHdfl4VZbXVyw5PRlNUXE8ur5hwvMsAekg4TnpWYyqWz6+UZkM9JRw5VwNbz9fzGevpPPz9+r5/GYRP3ymnh8918T7V/N461o6Lz8SzSuPRvH+U5l88UwBHz1Vwif3BoXrfRcfvDrLc9fGmB7Mp6u5hJz8Qsob+6loGyW1qInE7Cpyi9ooKmmhpLSW6upGOjsHGB+fYX5+ecvPgK1MVhbRk5nASFEa7YlBtMX70hDtQnWkLaVhFtTE21MRbU1RiCmVodaU+ZlS5m1MpZ8JVQGG1AUb0xFrR2uENW3h1mxPdKUrwoo+YZvRFAd2JJgzIDwHBuN16YlRZ0eiNsNJ2xiI0RBoMZxowmiqHSOpLoykeLIjyYedeXHMFWfQExtKsZMNOdZm5NtZkmNnQoK5Or0pvlwSPmMe213LpclCHp0u4NJ4JheGUjncJtxnlWEslkayWpnO0ZZyLvS28fz8bl5ZWeK9Iwd4//g6zy2MU+vrSqqFIaVejngoKXJzeS/P7TvIC3s3eHXfMV5bFew9yMtLy9xdWOHe6oZgP/P5OQQrSQvnE85toa5vzizwwp4Vbs/t5onJMW7vmuXm1CxXxqa4vbTCQ2MTnBsbY1e90E6JsQTZW2KxTQU7U108hOvR3MgQHQ0VLI0NsTDQIz7Al1g3J+Kdhes0LZk9DXUc6Whno6GRo4ITDU0cr29io6aO/ZVV7K+uZlWwWFbOnvJK9pRVbdnWYmJiYmJiYmJi/1q2+lJITExMTExMTExMTOx/pn+uB7CRPwouiUg7xCPlmIrILgUJx0xEjjlIbL7O2bUAic0wWLA5lBCmv/l937/Mf7DMOe9Bz18pYSjtlC2Ul4msfTo6tgEUhVvSlOGNu5cP8i6ZSGy+Qtq1BCnXWqQ8ahH5liPyrkPCuwWRX9M3AbBfAxL+zUgEtCHafP1zSB+i0O1IhA8hihhFMnICichJJDeD3+idSETPIB03h3T8HDKbr3ZO3INs4tKDwFc+Ze+fKaSsopiyH/mkTeso/pFS8n5Uk9dRFZappayhlrQZ+K6h+adev5uvfE4/gG7aOvoZh9FKPYhO9jHBcbQzvxnqZBxFT1imk3IQ/bSDGKSvYJy2hKlQhnnaYUxSDqMn7GNb2l40MxeQTx5HLmkMhaQpFON3oiCcj3zoILKB9cgHFiHtkS7Uq9Am1skoBlaiF9fJtshO9CLaUPPLQ8M3BjUXNzQd7FCxMEdJzxBtM1s0TDZ/czQOPecUVO1SUXXJQsYuEZFlOCqesaha2REZ7MhYbTyDDbm8c+9J/tfPX+fl+XjeGLTm1WYDTiWqcthfgRMOIjacZVh1U2XNU5mX2tw5k6/CmzMeTBW64OMThoZHGfZxw4Rm7UIzeAbZ4DFMkpqwSivBIj4Ti5BIIiMdGa/xZaUlHm8zdWxsnbCzD8fMNAw1dQ8k9EIRWSUgMglEZOiMnK0L8rbWyFuaou3kQGBqGp/++Cs+/97Pee/t7/DBG9/j49e/y+tP3+GRQyvMba9kV286ndluZJrp0OBizFSiDU/PFnJrZx7P7yrjxc2w9lALb53o5t7BVl4/2MJLeyo52xTIapoJ60nGrIWpsRagwrFQbU5FaHE6RoNzUXoc99fkfJg6DwnTj2frcCFPkbPFmjxUacepAiuu1QXwULEfl2oSuNKZz/W+XB7ry+DWXC3X9nSwp7+cN597nC/ff4XhpmIm69JZaUjiZE8q6w1hHGjJZl9jKXvqctnflspqaxR3zozzyb2r8LsfCz7k158c4d3LOXyyHMORGDkullpyrt6Nm"
11918 [Forwarding screenshot on session b1310904-d161-49ca-a1a6-530fba7baea8 to remote] DEBUG org.apache.http.wire  - http-outgoing-47 << "QwjeqJUafSTYihOnZ1pWpzr9GQmS5N/f3Oe091OLJdtY0+pEUMpKtzZl8FTCyE8uduDG5MuvLgQwfF6G6ZTVRlKkGe+TJsUe3kyXWSoC9KgNdSAPGcpioKk6cm3ZKDAlcFMaybS7NkRYc7efBcu9EVytCeAlVYX+jO1aYtTYiJXkfVaFV5e9OLNfe48u9ucH14p5ovr9Tw6H8W+amsG4lRYrHVhpNSCxdbNkNqO0TRDBqM02Jmsza5sbRYqjTkzGcLX94f57d0m3tsI4Ey7PmPZVjTHuFMcHkZCRAKJ+WVkt3RR2jGEvV8hqiY5yFtloeJQhKptJaqODUjZFiFyTkPKM0m4F8KxcPfC19OU6hxLTq6E8dblCH5yzZuf3nTi+0+Z8+VTBvzwpi4/u6LDLy7o8ttzpvzurCU/PWnGd0+a8PFpG+4fDuTwWAQZqT7ougYg65WLyKcGkWc1skENqPvmkJkeykunK/jwahY/eSWdn92P5fcfF/GHd0r53euCN0rh/Qr+/d0ifvN6Fl+9mMgvXkjjd/cK+O0Lhfz6bh1fv1nLj18v4LOni/jJ88OcHMpjoCKJI/tG2N6fRXdXFJ3tGVRWDJCS0UpydhkhsSnEZxQQn5lLTFrmlp8BW1lpLKY/NZQ9tdmM5oQzmhvCjtxA+gv8ac50o63Al/osD2pTXenM9KVHOPfBFH92pPrRm+hBf4oX4/nBTOYHsbs0lOWaaBbKQ1mpCWe9UWj72hCWK3w41BTC3mpvjrSGcbQtgo2mcGFeOBvNkRxoihDWC2VV2GZPZTiLFZHMlkQwnOFPR6QzVT4W5NhpE6kvR6yFAjvy3DnUm8xqUyiHOyM5NxjP8a5wzvRGc6w1nMMNQtn1URyoiWWtMo595Yks5cVxsDKbx3e0cGvXALfmd9CfEEipuyU1/k74KysK98osd1aWeWX1APdXD3F/+QDv7DvAuysr3Juf5YX5OZ5fmhfOpwRfWSlKnR15fn6Rlxb28HBXFzfHR7g80M3jowNcmRziytQoT8zNcEaYXmipIcPPDQstZUx0lDA30cTQUB1DY13MzExRVlBBUUYFG1N7vJycMdJUQk9Rhlh3J3Y3VLK3vobjzY2cbmzgcEkpJyqrOFlTw+GqSlZLS1gqLWJPhfBcKROUlm7Z1mJiYmJiYmJiYv9atvpSSExMTExMTExMTEzsf6Z/LgA29EfJORlZ+0TkHNKQsE1F0j4TkX3WN69ydt0MffO+6RXsmvuApEs2Ei65D2y+yvlPvgmAc5HZDIDt05CzT0XP1p+8CCsykqNRdExB5PlNgCztUobIvQGRt8C/EgmfRiS92hH5tiDp14iUf53gmwB487d/JcMGkQgfRhQ+hkTEJJKRO5GKnEEmahfSUbuRitkMfpcehL8y8XtQSF5BZvPVzimryKfuQzZl7QG51P0opB1APuWQsM5hwQaKyYdQEqZVUgUpB1FJ2o9a8hrqKfvRTFtHW7BN2M4wcwO99APo5xxFLeUA2jkn0co9iUb2KdSzj6OReQzNzXA4/SDb0tbQSd+DbsYiBqmrGKZuYJB8FM3EdZSS5oVjGUcydRCZ1O3IJg0iHTkg1EM3Ih+hDtwqkPMrQGQbhsgsUGiLFNRihjDKO4y6UI5S4tqD85ePGkImoBGRTToi61REVsnICHUuYRSOjEUsCraJSBpHPJiWMIpAZBAmtEEiirYBBLrZsLsilpX+Jj576z7/8bsfcHMqlvs7rHlr0IpzZcYcTNDiRJAMJwJ0WXXfxrEAFe63eXAuS5UXBmwYzjUnICIYrZAqzFPG8MrejUrIDFrJB1CO6BOOUTif2EFEIT24xyUy1RbF7aM7cfEKREo4TinzPOTlfUiIrcLEWbiGTIXzMIpExtgLHUdv9JydULcxR8/FEb+kRG7ee43X3vuYO3de5f7d1/ns7U9598X7XFhfZ66ngfmuRCaqPMi106fGzZje4G2sZNtzayiThSRLljMtWMw0YX+JMxe6E/jk4gTvnp/g0s4yLk0UcWl7BpPhehyINeVsjDFHA5VZ85PgTLQaN/OseSzNhCdLbLiQr8eFagPONRrzSK8zj3f78+NnlrnRkcaB3CD25wYzEWXJYIQh16bLeO/aMvefOsovfvYBb736JJ3VmUzWp7NUk8Dx1ijOdoVxqC2TxaYydtXms96ZxtHeCO4cbuGDZ46B0Db8+yf86vOjvHkpjU9WwjiXrMhjZZacKrZmb6Yp4zEaDIbKsydDj+EQWTZKzVnJM+APr69wqdOZ/Xk6HK+y4v5qIbvz9Lg45MyjkzYcqFVhb74aBwvMhfrRZ2eSAkca1VktU+VSnxMP9wUykWJLprWIymgRRZGy1KZYUhKlT2WwBc0BduxOtWK51J6pUgcWGx0ZLzSkM1qRXUWqLFUo8tWNDp5fCubCgDHfe6SS719v4JmlMI4327JQbMNstS+tmQa052nQn6fFaLIBiykWLKUac7bdg41udxZ7wvnhSzP8271unt3jy8UJL9b7I6lN9aKvsZLern5WNk7QNDyDkqkfarbZaDvVIW+ViZJNAco29cjZNiPtWI2UZzqawZFoOhoQGriNjfFQPr2SzA+fcuXnN8z47Q0LfvaEOV/esuCL25Z895Y5P7xhwi8vG/Db88Z8sU+Lz4/a8cNrsbxxOYeGQm/8w8NQdQpD0jkTCe8mRF69wvOtHUmPajT90qjOcuC9dXc+OuXMJ4+48b1bvvz+zUT4JJPfvRnLz18K5FevhvD13UB+ctOD71524Dvn7PnyvDOfHrbl+0c9+eKcFd+5ps9bhzT59SPJfLCayzN76hmu9makzYCTa17s2RlDWkI5qdkD+Mfn4RWdjmt4As6h0SQUlW35GbCV/pRg0m220RXrRZWPJWVeJhR6G5O32cM33oWCaHtyI+0oj3elLNye1lh3euI86YxxoyPeTbgGwgWhDGX7s6ssgl0lwjXekc7e+lj21ERwqD2BIx2JXBjK5txgJpfG8nhsopTrM1U8OVvLzblanl6s5/ZKM88st/DSwT5e2RgQDHL/6AivHB7mzv5+nl7u5lBXNrtrIrm2p5EbS7Wc3pHGib54jndHsL/OV7jGnJjNd2RXjjMz2W7szPRgPNWTkURPJlP86Q53ojfKlb44YX52KGWepiSYKJNupUWgsgxPzIzyyt5F7q3s4c29+3htcYV7u+YEu3lzdS/39+/j9vIis2UlWElKEqGlxY2pndwYH2c2K4O9JQVcGuzmoaFurkwPcXawk+niLMaK0qmJDiDATBtbbTlcLLQw0FZBTloSdRV5dHW0sDQ1R05SAWU5VTTUNbG0NENbQ40QDzd6y4oZryxntrycpdJSTre2cqi8kgPlZWxUVwr3cDGLRXnsrShhqaSQ5eLiLdtaTExMTExMTEzsX8tWXwqJiYmJiYmJiYmJif3P9E/3AFZyTUHWMQl5x3Qk7VKRdPjrAPhB8LsZALtlC+Ob4e83AbBok/MmYZ3NAG9zfWFa2jHrzwGwvr0/+REWZCZFoOSQiKTHNwGynMvm7wvXI/KpQ+RXhqQwlPZuQ9K3GemAJmQDGpEJaEE6sAOpkF6kwgeR3Oz5GzGOVMTkAzJR08hHzSAbvQuZ2CXkElcFK4J9KG6GvUlrKKTsF6wjn7wuDA+gmHoQhfRDKKQdFhx5QFEYV0rbEBxCSVimkn4Q9cwNNLOPoJ19GO2sDbSE6W3Zx9DIFOblnUA59RBaOSfQyDqGurBcI+MQmmn7H7wqWjtlBc3N106nrSCdsQ8Z4VgUkvejmLCKfMwcclGjgl5kQxuQCyhH0bsQVfd81FyLkbEvR8a2AFnbNCRMw5CyiBfaJB+3kuP4t9zGoepp7Guexrz0MgY5GyhHDAltVIGcVw2SToWIzJORMIxEySkTpc32NItCpB+MtHk0ctbxqLputksQfl4OzDWlsz7Vx4++/wW///X3uXuohg/XEvn8QBpXhxI5URvGqUIvLtdGcr4sgJvNAXywK43TRSa8Np3KUlMm/pG5qAR2Y529D7/SA8iHz6GWeAijiHl0YxZQjltGJXqRiLQKdjbFc26+Hw1LRyQihXYPahOusRwUzfxRMUtC2"
11918 [Forwarding screenshot on session b1310904-d161-49ca-a1a6-530fba7baea8 to remote] DEBUG org.apache.http.wire  - http-outgoing-47 << "bQAJYMEFHV8UdV1QVXfRhg3Q8vMAUfvCM6cv8F3P/kJbz7/Fh/ee59Xn7/H63de4fjKCgv9zUw3RzNe4U6auTZNfvZ0hhqyLBz/z995hAMVoexIMGJ7kg4zRfacHkzmrQujPHukm8tLVSy3hVPmI0eNmyx7M0w5kW3G1SprXulz4IMJTz4Y8+LlLjseq9LlYq0uJxsNOdxqxrEeJ65Ox/CTdw9xdSyNw7URLOf6MJ1szUSyKTd2F/H95/fz2b3TfP3Dl3j12VM0FgQxWhPBwc4E1hs9ONrpwmp7GAvtGSy2p7K/M5gTvV7cWS/m/WsL/OHrD+B37/K7753i7UdzeHvOl5tVBsKxmHI4X58TNQ4sZumyM1GZi20urGSrsS9fm70FOvzh5RmuDrhzq9+eo0V6HK+yZyFfjwP1Bjy37MvD/ebsL9TiZKUD5xs8OFFvwY0Jez44EsD9BQ/uTkWylORCrZ06rRFqFPhpEOukSZC9DJlhJqT4aNJfasyx6Sj29kew2hfAQK4+5b4SDGcqsFKtwcv7c7i7L56LQ5a8c66I793p5Wi3JbPCfhfKbJmrD2GqNYquSm9acu2ojTRmONWJwXgLpoocmarzZrI7ie+/fpTfvbHCnUPFHB+PE9o8hc7qOIrzk+kZnCGpaBh5s0y0PRuRMi9AQriPFO2ShGeb8DxzqhX0IuHYh6ZTJdaOvvS1xPLs5Vy+82ISP3reh58/5QjPuvC/rlnwmxsWwrQ1P7ttyVe3TfjlUzr84poWX12x5KdPxvDixSL6hGvGztUMU+dgNF3TkfYsQrT5O+bejQLh/vYeQM6pCSPfUvpKQnhn0YGPjljy4TkrPn/cmX+7H83/+iCF374azk9ve/KTp9354hEb3jthyMcnTPngoAnv7TPi3T2GfLrXhnf2bePjc9q8c0CT94XpT9ZTGU1zozrRiUdPZ/P04zWcPzxAenod/jE1OIZlY+IVIwxTcY1MI6awcsvPgK0MZYYTqavMaEYY+Q565Drqk2ChQaKDPuneVngaKeNjrk68izH++jJkOOqQY69Fkbv+g98ETnVQJ81RjXQHFdoTnCn00BZo0bfZYzjBjrFcb2bLQ5kq9GOtKY49NZHsq4/jbF8ej4yWC8q4trOa51c7eO3Y0IPw9+WNXt46PcInl3fx0cMzD/5544OHprm53Mrp4SKeP9DDK0cGePvMCC+sNXNzrlS4xqu4u1rPCyv13Jqv5cpkBQ/tKOFEdwEHmjJYKI5iMNmTnjgXKrwNKfHQJ8dJi0x7TbLstYnVk+fh7a28sjTDK3PTvLe6h7fmF3hjfpE3l/fy7Mwunto1w5WZacYK8rCRkKAzJpYX9+3jiZ1TPDI4wFRmMgebKnlkcoCVhiIWa/Joi/djqiKVTHdzLOUkMJSRxFJVEj9bXRyN1dBXl0ZNXgJNRTlkhDKVZOXR0NDGwcUdMwsrzIxM8LC2I8bTmwwvH/qychjPy2e6IJ/l8lIO1FWxVlPOnrIC4RzzmMvPYU5YtlVbi4mJiYmJiYmJ/WvZ6kshMTExMTExMTExMbH/mf65ANjYH0W3FGSdkpFzTkfCIVWQgche4JSDxJ/CX5fN8DdLIMx7MP2n8DfvmwDY8ZsAeDPQk3LIRNouHXmHdAwdAygINyE7MQRV+3hk3bOQcs5E0aUIKfc6RD61DwJgKZ86ZL1akfZtRsa/GbnAVuQC2pEJ6kYmZACZ8GGkI8aQipgQTCETtRP56OkH5GJ2Ixu3jHzifuQS14ThOkqpB1BIPoBiysEHHoS/m+OpBx+EvfIC2bRDyKcfRiHjMEqZh1HOOoJK1gbKmYdQzz6MZu43NLIPoZZ1GNWcEyht9vTNP4WisK2GsI5GxgE0UlfRTFlGI2kJjcR5NOJ3ox63C4XYXUgKxye5eczho0iFDiMZOIikX69wvl1Ie7ai4NGAinsNKg7FKFllomKRjoqZUE86/sjp+qJgFIm8WTZu2QcJqLuFc+UzeDa/iEPNDbTTD2Ccs4p6xBDyfm1IulQgssxEwjAWJaGN1NxyULRPRsYyFlWnVFQcU1B0TkbaIZSgyED2DJZzfGWcf/v9L/jD73/EW+f7eGM5iXdXUnluvozn5pp4ZqaG67uruTlbxAvzObw5l8epcg/emW/gxuICRaW72Ba0E+u0gwSWHUIhUmiL+IPoJJxAPfGE0B5HUI4/RGROO2ONmVxcnsHUIxKZyFbhWmpEwrkMBeH4tOxy0bIpQcUkEVltPyTU7BGpWyKjYyPMc0HTzIXJmb18+ObH3L36FG88+yIv3bnL3Wef56Gjh1kb72axK5n93bHk2JpS7mpDW7gl08WBfPrEBpenmzk/38TjG33cPjXGcycneP2RZe5dmufFczu5vNjIUlMcu0s9OVDry94ie843OnKj3YyXhm15fcKZp7qMeXbImVcWY7m7v4BrS3mcGEvjxno9l/bXcnw4mZP9yazV+HOo3p/DTX48MZvDj57fw+d3D/C7XzzP56+eoK/Cm/n2UA72hLDa4sRGnxvLXaHMdSSy2B7LWosXj4wE8tJqAW+cm+A3338Tvv6Qf/viEd69XMUbu3x4udOSh8sNOVKowcMdThytMWF/qRa3xrw4XK7BUpYcR6oN+P3tfp4c9ODeqDcnCnVZzzVkJU+P402mPLbDlnMtRqxkqbGYso29uaZsVJtzvFWfa6NGQhmyXO9xYjnejA5HZdp8lSh10yDaUoMQexXSIi2JDFSjqd6Iw/sS2T+dwvpEDEMVNjREqrK7zICjHVZ8cKmVO3vjOTNgwVsXS4W6GGC+bhv7G0xYrLLlxM4CdjRnkp8WSWlWAhXpkXQVRDPdmMJEQyKj7Znsmqjn9qN7+ODmCpeWmlneUcSRvf00VCbQ3llDaFIxBi7lqDn1I+8mPCvcu5B0q0HOoQQpp0pE7i2CPiRdOzESnldNpTm8drmGH78czlf37Pjta2788klv/v1JT/7whBW/fcKGXz3lwK+fsec3z5jxm6f1+N1tQ37wpAMXlmzIzTXHJigAveBytP3bUAnqQyq4W3iWbb7VYDMA7kPBcxhFu27hem9guiaTd6bt+PiAMR8dN+Lzi0L5t/357Z1gvrrpwQ+vOfPjqy587yFhnWOmvLduyNuLeny4bMq7uw347rIt7y7q8Na6hlCGPm/N6/P2ciAtoXaUxoZw6kgp545109lYR0p2I/GFfaTUjBFT2kdMcSdRhc2E59Rs+RmwlZnSeBJMNViuTnsQAJd7WZNooUuKowUFQb74mxoSamdOqpc93ttkyHXXJ8tOhSJPbVId1SkNNKUh1oYEG1kaY4R7Mc6eEl89GiIsaI62oiPentE8P+pCTJgtD2co05OuaFumsn2ZLw5hQpgeSnZiV6EfRzpSONKZzKn+dB6dKubqrjIeGsvm/HA6jwjXzt76aGZLw3lkslpYVsuzq23c2FXBjZkyntxdxtm+FC7uyObc9hyO92RxtCuHg+3Z7G1IFSSxXJfI3uYUZsojGS0IYXtWAF3JnjRHOFLmZsKJ5hJemR/nlekRPlia5a3pKe7vnOZq73ba/QIJUVIm2cKSRGsrTCREdMTFcXlsVLiHh3hkeIBd+enUB7kyVZREdagjeR6m+KiJKPYxpjzIkvHSaGZqkykLsyfF3YAoJ12c9GRxMlRGW06ElqIUyjISGBsbkZyeg72zJ4qKauhq6+Hj7IadgTGW6hqYy8lSEODHeHEBU8V5TOVnMl+Sy3J5EfNF+ezOz9uyrcXExMTExMTExP61bPWlkJiYmJiYmJiYmJjY/0z/VAAssfkbwJsBsEsK8m6ZSDimCv4UAG+GvpsBsDB0yfxWAPyn8FfglIfI8VsBsGMOksK2UpsBsFCOkVMQBWFG5CQEoW4Xh5xHFtLOmSi5FCPtXvtNAOxfhrRPHXLebUj7tiDr34ZcQAeyAT1IB/UjFbID6fBRpDd7/kbuRPqPvX7lYnYhHzODfOwcsnErKCSsI5+w/8FQOfkQiokHUBKGyikHhelNf3zNc9rGgyBYNnU/8mkHUMw4iErmBmrZmzbD3gOoP3AQ9WxhKNhcppBzHIXs46jnnxS2X38Q/mqm7kU1bg414"
11918 [Forwarding screenshot on session b1310904-d161-49ca-a1a6-530fba7baea8 to remote] DEBUG org.apache.http.wire  - http-outgoing-47 << "ThUo6ZQiZhAKXwMxdBR5AIHhfPqRtK7GQmfeiS8hXN1F4YuzUg6dSJp146MbQvytpuvqi1B3iQRVX0f1LUd0TVwRUvXGVk1F5zDWtH37cej6Dx2RY9iUfQwhgUnMcjfwKxwQ9jvBPIBQj15NgntUIbIKBFJ2wwUnTKRs01+0PNXyT4RGctIJGxjkPVOJjIzlWcfO8Qrty7yy599wb/9/BN+/8oBPl3L5rXxcB7vjORIsT+7g3UYDVBkNFyWYT8pJkNU6HNTZj7cke3xuYT5t6LpMopF5BI+2YuoxU2jmndaqNdLSKacR5R0EumEIwRmdTHUXMTBiVFMXWOFdm4UrqUu4RpqQtoiA2X7fJQdCpCxSEBCPwCRvgciQ1ckDByRMnFA1siS/LIKHj53khtnNrhz7SI3n7rO9etXePjUEdYnelgbzGaxKZRCJ1vq/b1oiXFmIC+Eq/vHeefJM9w8v8K1c3t4+NAUR2Y6WR9pYN9AJft6izjQX8CetkT2dyfy/lPzfHxjisenYnlm1IubA1a8NOnMrUFrXpgO5taudF45NsihwSpqkgPpLImnOsOD+gx7OjMtWar14mh3CKf6Qrg8Hsf5kRjeuNDNH777MO/emGCuzYc9HR4sNtpweLsH+wc8WR+L59juIs7M5HC0w50nhv14dU8Wbx7t41efvwy//Yx//+wK71yo4/WdHrw9ZMf5wm0cL1bh0W4rzjUbcqZJh+d3unC6RpnFNBHnm0353ZPN3B7y4FaLLccztTmWb8JSugbzmQocr9fjbIMJu+JkBaocLLFhrcyY0TRlVqrVaQqQ5YlRN+6MhXG8yIzpOEVafdUo9TAi3cOQBD9j/N3lyS/QZHEhhvXFLNZ3JzBcY09dpBqTedtYrTHgxzeGeFZYfrjdgHceLuOzF7qYrdcS6saDpTorLu2tpbEki+iITNLTG0hLzSfA14W2ulx2j/cwOdrHwFAHvd1lDLbmMNVdR1dVKS2VRQxvb8HexQozl0BMvarQcN+BRsAcIrdeJDzahfusV7jG+hF5dCPybEPSoxJDt3g6axP46HoRv3/Tn9+8ZMS/vWLP7+9E8e8vhPLbZ235+rYDv7rtwW+e9eJ3tx357TOW/PY5K37+UhAPH/Ylt9QVs7AoFHyrkPMZQNJvGFHQdkQhncKwQ3iuDSLrPoGaywRGzm3MVhfw5rAl78+p8s6KMh8eNuCrx1z56qob33/Ili/OWvLFaQu+PG3PZ4cseHNuG69OaPDJghnvTujx7ogOHy8Y8+6yHp/uNeBdYfm7q14MZ4aRHhpHY2MU2RlxtDZMUdAwQu3wflqmTpPbOkfd8Do5TRMEpVZt+RmwleXGVJoibJkti6bYTY9KX2tiTDQJ0NMkxcUNP2NTwmxtiHOyxk1TlopgU0q91WkMN6AiUI/qEH3h/jOjyEuT7iRbOuKtyHVWojPemsE0V3oT7RnL8aY10oJdxcGMZnqyPcGOqWx3FkoC2V3gI1yHmwGwt3AfZbC/KZqDrbGc3p7Osd5EDnfFcnZHGo9OFwrl+NEc5sDB5jTmSkKZzPZkONWRXfme9MaY0hVlzGCyDdtT7OkR9tuX4kpfqgedCS5sz/SiRziehmhraiKtqI+xpybKjspgK2qDbKn2tmIxP4lX5sZ5aWw7b0+NcX9okJeHR3hmeJSN6loq3dxpjYqg2MfjQQ/guhB/Hpsa4ZGRfs72NDGWHkF9kJ1w/sbUhtuQ6aRLbagRx/uyOdSRykZ7Kiu10cyVhzNXFc10RTRNie4UhdnhYqiBsYoMqlIi9DQ0yEhNxc/HD31dPYwMDDAzMkZHTRVlGSl0leTxNDUgzsWeTE8XGqJCGclOZSQzhYHURHqT4rZsazExMTExMTExsX8tW30ptLXLXBKJ2L8V3yXe3nIbsf8vvL3k+1f1f+nyXy9/vv5Py+p5/lvzxcTExMTExMTExP65ANjEFwWPFOTcUlFw33zt82YP4HRE9gLHrD/2/hWGzpmCjAfTfxUAOwoc8r7hlCdsKyy3S38QACs4ZmDsFEJ+qAlZ8WGo2SUg65GNtEs2Sq7lSHk0IPIVBFQi5dOAnHc7Un7tSAZ0IOXfLej/psdsyCgSYZNIRuxEKno30tGzyAhkY+eQjxfELSIXsxel+P0oxu1DMX4N1aQDKAvT6kkHUUteR02Y1hBoJh9AK1UYT9uPWrqw3qbUfag9sIq6QCNNGE9ZEcpYRjV5WZi398G6son7HlBJ3Y9c1BwqcQsoR86gEDKGYtAIcgHDwvEPIuG7HZG3wKsPkXuHoBaRR4kwnS+M5yHlVIyKUw0Grs0YOlaibZGMmkkw28zc8fYLwtnJCSsLKyzM7TA09yS1dBhd71p8yg/jVHUGy4qTmFcfx67hJKqJQl2EjKMdtxsZ705EViVImGag4FKE/OZvOZvFIGEehaRpOCLjIGSdUxBZhhOYmMonbz7Hjz5+hU9ef5bv3LvOvZVqnqi14WapEQ/nWnIi3oRlb3km3CQY8BDR5yBi2F2WcS8ddnqaUG3vQ7RbFV6Ri4TkHCCmZBH1mGFkElZRTjwltM8GSimHUY9bJTSlnonmQnY2N2Dtnci2zFEk3VqRcG9B2rkIKedC5DzLkLBPRSQcq6RtJBLWAYiMnJAws0fSwABbF0t6mnOY68mkIsOL8oocmpqrqSnOoqM4kQNDWXSmmBGkrECRiwOFPmbUJHlzfGGQI3vGaCyPpb4khMpsTyrT3ahOc6Qq1oKaaENaE43oSjdkttmF7745B7+7wNdvTPDSYhjPjjgKrLgz4cj1Hd48PprBCxu7ePn8BQ5NzVGRlkKEhxmlqc5Uxhmwp8WPPY1eHGj15dJoDCc6/bl/tIafPbuTHz47wfXlNA70uvDYfCSvXirh/tUq3nthO199vJev357m7loYd2cceXGnB88vJvKzV9bg317g3z4+wEePlnJvyJzv7XTi4QJVHipXEI7Nhqu9+lxsUub+bgfujptzplyJR5oN+fnFQp5os+FQjDKLwdIsRCmykKgkrGvLvlwVzteZcTBnGwsJKixn6zGfu42WMGWGSqwpCZZgvdWQr54u4Qdngnl+XJejZZpsVHgykuZJc5wnWf5mNBc6cfFYHYtT8eyZCKWn2IgyfxmmC3Q502HHw90B3F2MYaNRi9dPZfKdu23MVGpycbsVc6XbODiSzMzgdkaGTtLZd56OHfspaWiioLKYuJRU0rNLyC0rJrMgmeLiZPKysmioaKO2tIWUhDSSU5MwsbNHycgNBeFekrQqQ869DY2wUURug4J+QaugFgm3YtQ9kvAJ8+Hgrgx+fDuHX95y599fdOIPb3jz1T0HfvGGHT971U2od39+8VIov3ohkN8+582vnvHku9d9+M6dfJ661kJzXxp24cJ961eEYkAbUmHCMyuqD4mIIUSBM4g8d6MZuIyOawezdcV8OGrLJzPKvLtLlveW1fnRaSt+IPjssOk3PYPXDPl4nxnvzOrz9k49Xh/W5uNpMz6eMOGDIV0+nzXj/QVhnTld3ppQ5Y0lJ4ZzI4j1TyW3MJfa2kHaOw5T1btIz8JZ8lqWiCsapnfmDMmlfYSl/td7AG/057DRk8WOLA+6EhzpjHcjz92cQD1NAgxNcNLQwdfYhAATXdw15elNd2R7mimzZc4sVXsznmPDcJo5eyq9OdQSzlSOE21huuwucGexzI+JLGcms1zYmePOdLY7M7lu7CnzZKHEmdUqb/ZW+zKZbc9ohh1rdeEsVQaxXBPGSn0E0yU+LFYHc3Y4h8d2VTBXEcFQuh+rdSnsLg5jV2GQsK0XiyVBtIboU+enSXuEEc1hRtQE6lIbbEhdmCkVgQYUeGpS7K9Hop0iCXZKJDqqEWWlRLyNBgnm6iQZq9MV7MkL06M8t72PuwN9vNjVzQv927k5MMiV7QPM5edyvLudxogALCUkKHKz4Wx/M2d7atmZGU6djyn9iS50J3owXR7MmeFMrs2W8MqhNp7fU8NTu0o51xHHzclCnpur5tZcLU8uNHB2vJSZhjiqk1zIiXAiysOSaB97/Bws0FdTQlddATlJCeSkJdBSk0VHXZ5tirIYKMjgqqdFspsThf7eZ"
11918 [Forwarding screenshot on session b1310904-d161-49ca-a1a6-530fba7baea8 to remote] DEBUG org.apache.http.wire  - http-outgoing-47 << "Lk5E21hTISF4ZZtLSYmJiYmJiYm9q9lqy+F/qF7S5z4U/j4Pyz4/Utw6suNe1uv83/c5fo/7lPEiaV7W6/zN/42AP7boPefD4C/FfaLw30xMTExMTExsf9R/rkA2NQPBY9k5NwEHhlIbgbA9imI7NMeBMASztmInP4Y/m6+Ito5E0lh3uarnkWOAgeBvbDOJsdcJO2zkLJNR8Y2BQWhDJPNADjMgrS4SJQdUpFyzxe2z0fOpQIJj2ZEvk2IAqqREoabAaaEfwcSvh1IB/QhFfBNACwRPIJExBSiiGkkonYjGT2HVMw3ZARK8UsoRG72Pt2LZuIqummH0Enej2HGIfRS9rMtcS+W+cewyDmCcdo6ZtmHMMlaxzz3IAZpK8LwgLBc2CZpAcu8Axik7sEodQXD9L3C9nvQTphHT5jWTlpGRdi/Utg00r47kPMfRsZrUDCArPd2pDx6kfTqR+QinIdbl1BXjcK5liPpnoeEZyoi9xjk/VOxT2smNG+Iivb9lDXPYe8bh5qJpUCf/JJ8YuOiMDExwtjECluXULxiKjEPb8KjfC82FYdwbD6LR+8jmFcfRjtzBbXYBfSS9iDnJ9SXayMi8xyk7fKQthXaTScYSZMoJI3CkDAORWmzB7ZbBmGZpXzw2ov84Wef8fuffMH/+uo7vHFoiBvN4VwrduZkkhW7PTUYsZWj31aBDkG3nQLtdqp0O+uzw82MYhs3AoR2t/TsxTl6krC8XWgn7kQu8yDymUeR2QzPs4V6S50nJLOG0Y4SFrZvx9o3E9mwTtTiF5AV6k4rsA/VkD5kA4W2d69CZJeLgnCdKHlkIm0ZjLSRM4oGRpibaTHanMaZyUL8zSTYpimLnbUB7lZGVMR5cG6mkL1NgZzqbuJMfxcP7e7i2GwHp9cmOLRngrmRNuZHGhlpyWWgOomOXH96M9zpS7Rje4IZAwmGzNc6853X5vnD1+f47HY7r+0L5O1lFz5YdeLFCRPuznjzykoRN4Syr+/dw83jp7h+6hCzg5W0lXrTkm3NQksQS43+7G8NYqM1gONtfjw6HM2VsRhe3JfD4zsjuLwziO881cGXr4zz47eW+PLNFX76/j6+e2eQ27N+vDhmz4vDzjwzEcoX1wbh++f51dsLfHm1klf7jfjxpD1PlCnxWIU8Hy568MKICU92qfHBvB2vjZlwq02LF/st+GQxhP1x0sx6SbAcpshGhh4Xamx5pNWJM1WmHCvW5XKDDcspSgyFiFjM28ZgsjZVsTq0ZBoyVqjMZw+H8INztnx+0JAz1ao81GrBQp4VLWEmlPmb050TxOHpUg7MpXJqJYnpZjsaQhUYT1NmvVyXJ3eE8cy4H3tL5HlpLZwf3K7izHZdLnXrsl6tw1pXILN9PezZfZXJ3S8wNHuZmUOn6N25i+D4LHJKW+kYHKZreID27d00dXTT0NBDdVkbQd5hBPn5ExMbTmBEMLqWdsjru6FilYSseR6SLsI96NSIomMDCg5VSDsXIOOZjrpPCH5x3iyOJPPhlWJ+8nQYv3jFiV+/68gv33Php2+785M3ffjqzWC+fjWUr18M4vcvRfCrO9H84Jl4Pns2n5evFnB4LZ203AiMfcJQ8UkXnglVSIYIz6zQJeHZNod8yAIq7nVM1mXzwYg1X05r8sm0Iu/NqvDlhhmf7DXgoxVDPl4x5qM9prw/a8T9YS3enzTmfq82r/Vu460+XT4ZMuTDUT3em9Lhi10GfDi1jdfnHdnXlU1b3QglleN09ByloHSeqfUnaBjeoLBhjqmVKzT0rOAbUcjE3LEtPwO2stqVJNxnRWzPdWa6IoDedBfSXU3x09Mg0soCZw0twqys8NFTJcJMkbkaH5Zr7TlQ78CxFg+ON3lwpM6VE03eHK33YL3CmdUSB9bKN4fOzOXYsCvDSrjeHNhT4MJahRtne/w51u7Kuf5Ajnf4sd7gxXCaKbsKXRlKs2M815MdGW4UemgwWxnBWls6Bzqz2NeSwYGOfPY1ZbJcn8zu0nDaIizZmedLgYMCTUE6bBeeZ30JFjRHGNAeZ0p3ohX1EZtBsAmVwSbkeGwjwU6FcHMFQkwUCDQU6CgSoqVEa5Avl7s7udbRxVPtXdxsbOVmazuPt7ZxsbWZ+dwM4ZnTQkdMIPaSEgRtU2ejpZATrcL1UZ/C0ZZkLo0W8ORSLc+uN/LSRgP3D9dxd18pdxYLeHoqncd6I3lltoBXF0t5aaGUp3eX8OzeWs6N5rLel8JydxK7mxOYrE6kMysEL0N19OQk2aYowsnGAFMjFeRlRGipyaGvqYKekgK22hpYqatipaKItTDfSkNmy7YWExMTExMTExP717LVl0L/kDgA/j/r/0gALKi//Ofl4gBYTExMTExMTEzs7/nnAmAzP+Q9EpF1TUTOLQVpp1RENomIbIWhQwaSm72AN18J7bA5nYaEYzqSwnwJh0xEmz1MN9n9kW0mEjZpyNgKrJOQFxjaB5IbbkNsZDiKjsI6rgVIOBUg5VSBhGcrIt9mRP7VSHo3IrP5ilbfNqT92pEN6EYupA/50O1I+Pc9+O1fibAJpKJmkIjYhSh0Cumo3SgmLKAicCw7jWf1eQxTljHL2Idj4RG8qs4Q13sDm+x9uBQdwiF3H35VJwUn8Cg6iHXqPJpBg9ikLZDce4WknivC/AP4VxwlovEcTtl7sUoVys7ZS1j9WZyylnFM34NjxjLeRYfxEvZhFreAhv8I0g6tSNk1ImlbJ4zXIWlZjJxVFrahlWh4JAnnGyLUmy+aIcksX32ZK6/+gGfe+AlLx69i5huKvI0V6k52WLn7YuPki7mNJ3bOYXgE5+IWXcc2oY4sM6cxzFnEtf0SJpUnMCk/gUP1BVQiZtm22Rvarx8px1okTLNRda9E2aUIScMY5O3TUHHORMM9BxW3bOTtUohKr+LV55/jP37zNb//xS/5X7/6Nc8cPcR6VR7ruTFMRfrS4mpDmaUJtdb21Nu4UG5uRYG5JcX2tpRam5Jg446DXRqm/r04xk8RkLsblfjdSOWdRK78HDIFa6gULKGXv4eEmh7GBmoZ7+zCN7oY/9plYtofwjllHrPwATQixpGLnEEqYBCRS6NwPZWh4FyCqnDcCsb+6Jo4YWWkQ2d+GNcW6qiKMqMiL4buxnzWJts4Pd3I+ak0Lo0n8ORMH49O9HJ+ZyPHdjVzau8QGwsjrAx1szbUw77Bdo6Nd7LUmMN6QzpzmT5MxVgzHWfBeo0v370zzx9+9Tg/enk77+z34NN1G7570Ir3Fo14e8GFVxfi2F8VyIn+Ks5M9bIyUM5CfzqzPeHs7Y1ltSOGsxM5XBjL4XRfAg/vSOBSbwgXO7251OPJldEAHpsI4OKIL2dGInlodynnF6u4tFLB5ZlUHu315HqTJdfrrbg5EMi7p5v4yXOT/Oz5IT4/k8frXcZ8OWDGnUoFHi+W5icHgnljwoLXRvT5/rIzH0yY8Vq/AS93mXKr0YiVUEmmPWSZD1HhSK4RVzo8eKzNjdMV5lxvd+Z8pQHHi9QYDhWxmKPFapU5QwUm3DlextUZdz465sFnB034/mFr7s/qcKZJiT2lqtSHKJLlqkJTXCB7+wuY6fJipt2a/nxNqv0k6Y+W4ni9MYeLLbg96sWebFmeHLbhB49l8sSEAc+MGHOgRIkDLW60ZsQw0LxAd895WgaPUNW/kx2L6xTU9xGfWUVOSQX5VXWklVSTUVxKak4WsfFxeLt7YapviI6GMt4e5sTFexMWHoCqphlqegHIWqahYFOIkkkp6taVyNkWInJKQcJbeN75huEcHUxzbTAvXczl+7cC+fqeF798w5tfv+/Pz97x5CdvufHzd3z59Vuh/O61aH71QiS/uB3OV7eD+dFTXnxyzZebp9Lp64zFJcgDHa/kB7/HLREsPKNC5oTn1BiKIbVsr0vkboc23xvT5rMJNd6ZUOEH+y14d0abj+aNeX/WmHemjbk3qM0Lnaq8PqDPiy3qvNapy5uC97p1+Fho309mDPjOpAGfThrxxpwbj6+2cmTjEcZnnmF48gYbJ+8zufcpSltW6Bw4xPL6DQrLhoiMLWPv2sUtPwO2cmq6jCtrzezvT"
11918 [Forwarding screenshot on session b1310904-d161-49ca-a1a6-530fba7baea8 to remote] DEBUG org.apache.http.wire  - http-outgoing-47 << "+D4WCbzTeFUhlsSZaVBprczPnq6RNtZEaCvSJqTAvuaPTne4cCpVmsutNrzUKsjFzc1O3G20Z5TtXacrLbleJUdh8qs2VdgxkquiTC04EiFM6ebXHmo35mLA/Y8NubNhe1enOsPYCzDiF2FTgym2rFUE8musgi6ktzZ15HLXF0aa51FHN1Rw5EdVZwaq+NgTxFdyW5U+OoynOlGja8W2xMt2VXgJnBlIseW6SIndpe5MpZrx0S+B8PZXnQkOJPhokW8nQaJzgYEmagTaKCOv7YKjSFBnG3v4pHOXi7VNfNwdSNXmlq53NTE+eYGptMTOdZRR6WvA5YSIgpdhWu+JVc4l2KujZcLz6Ny7qw18MqxNp5dr+LuoQpe3Sh/8BvfL+3J4bnpZG7siOClXemCLN7YW8bt3Tk8v1TKjblCriyUcHosi5NDGexrjGK5NooJoR6a0/0IsFElys+SzORAqsqzcHI0Q1VJBg0lRfTVlFGWlEBNWoS1oQY2JmpbtrWYmJiYmJiYmNi/lq2+FPqH/mEA/DfB4bfXFfz5VcXfCj3/c9j612U8/zdh55Yh6d/s54H/dGz3uOH7p+Wbwehf9nNi6fK3lv2NP5azZej6wN+GrH9/Pw9867j+fpn/OIDeeru/bPOPAuCttv2rOt2qLv/o/329v93ft8/9Px+LmJiYmJiYmJjY/33/5G8A+yDnEou0YywyTolI2SUhsohFZL0ZAqcgZZ+GhN1mKJwsTCcJ48lICtMSwjKJzZDYJk2Q/s3QSphvkfQg/JWziEdBKMfI1o+sMGtCg4OQs998lfRmr7xiZJ0rkXBrRORRi8izEEm3cmRd6pHxqhVUIeFUiKxPLdIe1Uj6tSAfPoCE3+bv6XYh8ulGP2sfDpWncKo5jVHGMnoxEzjl78U8dQad8EHi2s+iH9qLqk8LzpkzZPc/jEf2bnSFsjyFYUzNQWKqDpDUeJSG6Vv4ZM+iYF+Ghlsdur4tKDlVYxY2QFDxqrDuUWxidhBXsYZVUCdhBXsxCd6OulsHTsl7iKo5S1j5EYKFdXW9ajAJqCGzYZHiiinKC3bg5JmDhW8+lmEVeGX3Uz95gbrhcwRnDGEVXIu6VwHakcJ5Oqdg5JWPe1gtoQldxKQPEpM9RlDWBCpu1UK9tKAWO41c+AwqcWtoJR1GLXoJSZsmtCImUfHrFcYrEG1LQNIiCzmbbOE88oWh0IZ6EUjqhCOpF4mWQxZmtmEsz69x9OApSiq6Kawepbx8jOK0JpqyGqiMLyMjJIc4vyyCDKMJ044kRDeUALMwIl2iSfeJIMwnGQOnPDT8+zCKGsMzaxdyUbsQJZ1Frvh5NMuewKDkHE7l5x68lnZ1qoPXr5zh/IkDrJ09xqETx7hw7ijnLp7CIWsQUeQ8oqAxREK9ihxqkHGuQHmzt7hpGCpGTlhYmJEb78XqYB6L3Wns39nC0dluLi31cWm6iuvz6bx0MI8ndzbw8HAt651J7GqMZndnFhMt2cw1ZXFiqIKZ6iimq4I40hvPapkrJytcWUvWZW+COmcb7Pn+zU5++f4Mbz+SywtTpjzVIcdj1dJcLpPi2Q4dXhzyZjnDnD2FARxuz2GqJJRdNUHM1vkyXxvAWL4bsxVBjOS4MFvqzd5KDw7XuvJQuwcPdzhzbbs3j+3wYb3ekrV6Fw60hnJqIoXVXj/mK414pMuGM4WKzAVLMJ8gxUa9Hm+eTOf+RgSvzrrwXJUSPx6y57lSdR4vlOXLZV9eHzXllYFtvDtqyGs9OjxTo8btGj0u56qzHq3OlLcGexNNGA+R46mhEM7XO3IgW5eThXqspyhwokie7X4i9uZq8PSML794ppZf367hs+MJfHkkgg/nPXht0pObQ0Y8NqFDa7IE+WEiYt0lyA2x5fR8s9AuASz32tOVrkSVj4jeGAlONJmzlmvAtV4HpmOkuNigxvdPRvDilCG3t+tyoUFTOD9bGqIcGG3qZ9/yY0wvXyK5rB3XiHSCEoqISCjE0y+Q5OxKiupGSCooJiw5iKAYVzx8HLA0N8NAaxuqclJYmiiSFONBYWYCqopaqOp6oWyUhLZVNdLb8pG1KUXBu0B4hqQIz55QpAMjMAxyIzxAk/cvVPCLJ3L46a0ofvdGNP/xSSj/9oU3X3/syo/fdOZX74Xx9WsRfP1iKF8/68Wvnrbj61vWfHUriNtCHe0eTsbe1RF5qzgkfTqQEJ4Roph+lOKr6KiN4OkWNT7bocvHQ9q8M6bNlyvWvDOpz7uTxrwxasSbI6bcHzTmTpsmd1q0uF2rypvdxrzepss7Xdv4cFiHj6d0+M6YIZ+NmvHajCcvnh/l1OnH2bn4KoPjV7h7/5eUNhykpHqZ7p51rl1/j46OeTrbZti1c33Lz4CtnJpv4MB4AWs7Urm8t4KN4RTaM+yJd1SjOMydYDN9oqyMCTWUo9xHhQNNTjyyw4nL3RZc6bLmWqctVzvtuNpuz6OtNlxutuGhRiuBNWdrzDlRZsLhYkOOCsNz9fZc7nTk8UFrnpx05OZON65NePH4WDBTWQYslLjSHm3C6R1F7G1JZ6oijtWuEtb6ypmqSach2Yf2nCCOTTfy8J5uhgpDGMj0YHuaEz2JZkznO7FU5sZqlTv7ql3YX+fKgQZXYejGvio/DjXGsFgZToHHNjLc9Mj2tSLYXItoe1O8tqmT6mDHYnU1J9q62KioZaOsitM19Rwrr+BgWSmjKQnsb66mPT6YEi8rjvdXcnZ7OY9P1vD0YgPPrzVy73g7L59q4an1Yl48VMbdtWLurOTz7FIWz+xO5cpIFM/uTuPWzmTuLuVzY2caF3fE89hUFlfnCh88q04NJPKQ0B7HO4XnVnMsBweE52BPAROdRRSkBmOir4SerhKqqjLo6qhja22GrZUZ6iry+HrbExzksGVbi4mJiYmJiYmJ/WvZ6kuhf+i/GgB/a/l/Ch0f9Fb926B06zL+HDr+nZ6yfyn7LwHoVvP+en9/7U/l/aMewA/K/FYv279//H+7nz8u+3a9fbucf7IH8KX6b4Xpf6zvrQPgbx3Xn9ttq3mbvtUG/6mNv7X/by3buu7EAbCYmJiYmJiY2H83/1wAbOiFnFMMMg4xyDokIG0Tj8gsGgnLRKRsUpCxTUXKOhkJq0RBgjC+uY5AGEo+mJf0zTJhfQmLBCTMYpG1iEPeLApFs0iMrbzID7chyNcbeds0RJu/D+ych7x9IRJ2JYicCpBwzUBOmKfiWISicz6yjmkYhpYhaRCIqm8h0k7ZyHqVY5Y2ilvZCqGtp/CsOMC2yEH0Y0eRdqvHu2gBs8gePPOmCa3Yg0VkB1ZR7VhGtGIaVId1eCMaDplEl+zEN30ANdsMrIMbUbfJRt0iDe3N36A1S8XEtxbbsDbCCmfJ7jxObPVe3FNGUbLKIqlkNx7RXdTsuExI3iL5vY/in7eXksFH8U4ZIjJngOKGUaoaugkOjiYzqZa4sHYq6o5QO3ADt+QlyoZv4xo3RUzuApHpk3jHDmIZ0ot92jwhNWfI6XqUrMazpFUcIbFwHxHZs/ikjqMT0ISEUwWKAb2ohs2gE7OOZepZ3EvOEVBzCu+yDYKqDhNUsU5YxRqhpXuIqFgmqGg30dUrhAt14pc/Q3zdGkHpIyTn9BMYkk1SZj212w+Q3nqIvO6LNA0/RnP7BlNTFxgaO83U4nUOLL/CmT1vsX/3iwwOXqasZpmstGYiE5ow8qlDwrYGff82/FMG0A4bQDnlGMoZN9DJuYxp9lFMktdIKh5kerCT/qoSaqrLKWipoaCikLBQN2wdjTAOy0clcgAF3wbhWsxHziIFVcsENC0j0bH0R0PPDH0ddcqyAjm+WMeJ2SpOTzdzcqyWkzuK2WiL5ES3M4+Ne3KmLZ4TLQkc7ghlvTOShaZI9naksbc2lmPC/PXmcPa3BnKqL5jjdY6cLjXjYLwC6zEynK0w4odPtMCXK/z0+Sa+2Ajh8yUXPtlpw8cTtvxwMYTvLSZxIt+CvZm2nGqKYTLDhdXKIBaKPNlXFchckQ8rtRHsLPZloyuBmUI7VkosOFlrxaVma650OfFwpwv7yk053ebP+e4YjvWEstbuyqEWa15fj"
11918 [Forwarding screenshot on session b1310904-d161-49ca-a1a6-530fba7baea8 to remote] DEBUG org.apache.http.wire  - http-outgoing-47 << "OZ0nhqrURLsSZRkX7EKX14u4MPD0XyxL4iPttvy9bQ/7/XYcClXjrcmHXl93JpXh434aMaGN7cbcTxexPUSIx7JN2AxWJMhL0PGww0YDJVjJkWH1Rw99mfq8tpEKJ8th/LJshvPDutyd8aepycd+PxsAC/Om/Bwmzq3Bix5fXcUz45k8t3Lrfzk5RYePRzM9mZNov1EdJZ5cHaxkpM7Y3loMYbpGkva4jTZkaHO0XZ7dqbp8/iAK3uzpHmkSZPb/Xq8PKrPvRFzLtZqc6TGirFcVxZ76gj3CyEgLIOqzl2Mr5wnvayTqOR88ksr8AiIx8QuChNHDyw8LbAPMMfcZbOnrx7yytvQNzRBT08D3W2KhPq7UZybhaGxNXoWQSibpLLNqQkF62okzXO+eYOBTwYi3zik3b2wcjElzkqaE50BfPRoOd97Oo8fv5LI1x9E8ZtPQ/nFBwH87K1gvno9jJ+/HMLPn/Pk62cd+d2zNvz0MX1+cNWPVy8Wcmyhgcj4RDQ8M5H0K0MivAbFiFzaKkO43aHLR4PG3O9Q5eUuNT6cNuetURNe22HCnU49Xuox5pU+M241aPFEpQq3qlR5b7sVb3YZ8laXFu/t0BSuQW2+HDHk82Fz7k94cX29i8uP3WJ413X6hs/y6mu/IL94Lw3NG0xPX+D2M1/Q17PC2Mh+rl15ZcvPgK20FkWS7G9CXbqjcK/lc26hkLmOaJrSXWlJDyHYVJs4ayPizFXoizfleKsrT42780S/FU8P2PPMgKPAiVt9DtzotuNapw2Pt3/j4WYLztUac6rKkDN1pjzSZsf1zXVHbXllwZNnd7ry9E4/bu2MYKHQjJUqD+qDdDi1o4ipyiiWu/OYrEumpzCcNF8zzJREmKiISA2yZLIljdHqaGbqImmNN6chVJOFMhf2lDmwv9qBw/UOHKm35UidFcca7TlU4cLRuiDWa4KpCdhGntc2cvxNiXbWJ8XfAYdtqpjJShFnZ0t9RCgDyUkMxMczmZrBbGYeU+nZ9CUm0JuRwnhFAQcGm1lozOdQTzHr7RmcGynkqnBvPDSbx+mZNB7dm8+zGzU8uaeIJwSXp1M5PxLHoQ5/jveHc2EskTPDCZwcSuBQdyTLTaFs9Cax0hzJXLU/0yUeDOc40pZkQ2u6O225IQzW5wjXVxaluYm4OFhgYaFPVHQw4RH++An3gYubJfEJASSnBG3Z1mJiYmJiYmJiYv9atvpS6B/6rwbA3172vxHe/v3wcYuw8u+FqluW8fcC27/4RwHwlr51Xn/u3fx39/N35v+zAbCw378c9zdlbBUA/+02fy5vy/3/gwD4W3X+V+V8a/6W5YgDYDExMTExMTGx/xb+uQDYwAM5x2hk7aKRs49H2ioO0eZvxlokCOPJyFqnIG2ZiKR53ANSFjGCaGG5wDwGCbMYRGaxAmEobCdhFIasSThyRsHIGwVhaO5MWZQVAW4OKFgK6wnryNgK5ZrEC+WkIyGMy9hHomQZjZKRsEw/EGkdJxTNnBFpmCFl5Ia+VyKJTbtwSm3HPrEDXZ9yFBxy0fevxT11GBWnfGyimpCxTMAstBoN50wULePQdc1A3S4eSU1PVC3CUTMJQs8hFk2rCDSsopExDMHIMxfHiDqUreKRMxHmCSQNIlC2TUPdJRe3lF7so9uE40vE2qeQwKROQrPHkDFNR8ujFtf4QWwjmvCIKicpo4jh3hZO7eljsa+IzqYe4nN245G0jH3yMcIbnkfdcxfB2RvkVx+gte0QJaWztPRcorb3KeIrLpPQdJWIinOEFx4W9rMHr4QdD8rX9S9Bw68Eg4h2XHKWcU49iFXkGtZxi/iVrWMavQO3nFls4nbgnj6JZUSXUBft6Phs9mhuxCl5FNv4IVySJ7AN68PMsxSPiEpcoyvRcM9DN7IP9dBhzMMHickYISWtha6+OfonN9g+eJHRwacYnXyWgd0v0rnzFv3DZ2nsOop33AhSutmY2WYSEZCOpXMKZhHdGMVNYxDeg1l4M+puNfhFFbFrfIiGUuFYvJMwC8nBxi8LJ980zJ3DsHCJwNwhBDMzdyz1bHDQscDDwBpvI0uCrKwJtjUm3F6HzjwPjo6lc3I0k8Od2Rxpy+R0dzpnuyK4POTMrd1uPNofw/mOcA43OXGyy48j7SEcbAjjSFUEp+ui2agLZl+tB2f7gjhWbcP5ElNOJatxOlGVRyss+PHjHfz7J6v88IlG3l704f6QNc816fNCnQEf7/Dk04lgLhTqc6bUggsNnpys9WUt3439BZ4c3QyCc11YLPNntjKQudpA5qtc2Ftlycbmq5bLtHikxZLr/e6cqLPjbIMvZ6qDONkSxOm+QI40Ogp/6GVztcqNxQB5ZsMVWS8w5JePtvKj40X85kge358M5qN+Vz4Y8eJgkjJP95pzb6c9z/Tr8eqoObfbtnEqXYlrFeacyzVhNsyIRns9dqY4UukiSbOPDPsKTDmUZ8QTbQ68v9udDxcs+fKwI++uOHBz2JgTrZI8tEOfUx26vLLmw/WpUNYb0rg828DNU81cOlzMWLcNox1mTLZYcXY2hSMjEZyYimCxw4uGOD2ahTrd0+pAd4Ip948WsCtFmWsdprwz7cILfdt4psuY8zWGnG1yYSTDmItLtcwMNzCwY4LK1t1klI8Qm9uAa1AEfuGRRCflkphRS3pRHdG5OXjERWDq64WGvQsyRg6oW3qhbOiIhqENOsaWWDk4kJqdgk9ENHqOkcibpqBiU4Xi5uvaXZuQ8KwQhgkouPvjHOpHQ1EG5Yke1Oa6cXgum7uP1/DpC+X86H4uP30jiV+8Hc8v347hF29E8NVLAfzkOQ9+esueXz1hyqdnjXn7XAiPLsRwfKmZwspydD2E55lbEuoBqbSWhHCtUZf7AybcadPguWZVXu414E6HHk8363CjTosXuix4sl6XSwUKXMqV5UqRAq91mXGvTZc3utV4d4fagwD4+yNGfDFkwb1RT66s9HPi1MPMrp/n4LFbrC49SVPtCTo6TrN+8DbHT77Artnz9G/fx8MPv7TlZ8BW9BVEqEuIcNCVpzbTiuXBODamctlRGcpgWRIBBurkuNmTba/LakUgjw0E8/KuQF6YcOPuhCcvTXhxd9yT50fdeWaHK08NOPJEvwM3+hx4vMuGS61mnGsy4WKbBVeEebdG3Xh52oP3VkN4acaHOzuDeW5a2GetK/tqfOiKM+FQbzpdmW6cmKllsDqS9GADwlyVsTaQREtZAt3NEDjcih11UaztyKEr3YbOBAMONvux0eDCyWYnLnY4crHdRtivOZeE4YV6J87UCc+Ueh8GU0wpCVAny3+bULYZqWH22OgroyUnQkuoCzs1BZJcrclwd6DCP0C4ZovpS86jJiKO8qgY8iNCyI/0J97Ngp78aHaURDJRHcGk8LwZrfNhpNmb3b1hTDcFMl7uxZ7OaCbr/RgodaYyQYfSOG2KY7VJ9palNduWvmJ3yiONqYw0JdtLmyhreTJ8NEn11iTERl54JqqSGmhPXkwAQS7W6KnKoSovg7qqApZWhpiY6WBjb4CfsE5klAdREW5btrWYmJiYmJiYmNi/lq2+FPqH/j8JgL8dJv798PE/BbR/NzzdKmz9PxAAf/vc/8Zf9v9/PwD+6+Oq59IWAfDfPbdvb/vnEP3vt8G39/13/VUYLyYmJiYmJiYm9t/JPxcA67ohaxeBjE0EcjaxSFvEIDKMQMIkDkmzBKQFkiaxiIyiBJGCUEHwNwxDBMK0/iZhXDcI0TZ/oUx/pLb5IK3jjZ6BFeVhRnhZ6SNnEIhI0wNpkxCktPyE9YTt9HyQ0LFFUtkGCRlLRFKGSMprIKEgj5KOLkoGpqycPEde4yCecaWoWoUire+Ptn0SqqaRKAj71LJJRNk6GhWLcKFcd+RNgpBQc0TB0BtZVRtE8mbIadoJbJEVSKtZIq/vgaSOOwomAShvnrtZMFJGwvGpOiNvGoq+Ty4mQcWoOqWiLNByS0dRxwtNmzhkTGPY5l2Jgl0uKo7ZGHplEJNezMb+Od66scrpoUju7M/j0FwzObVt6HnloRfaj3nyCi7ZawTl72Z6/xWeefED6lunySqfI"
11918 [Forwarding screenshot on session b1310904-d161-49ca-a1a6-530fba7baea8 to remote] DEBUG org.apache.http.wire  - http-outgoing-47 << "6fpIVKabxBUfRG/0hP456/injSEdWglZsGZpLbtILljBMvYYgwDKjDzaycqbwNdrw4c06fwyJ7GIqoHq8huAoXyrYWhVUQXPjkzmIf1YBreh6JTNfKOdah7duGSPIlleBPmkdWYxneglzCMVtQIZkEtREaXkRoazo76Esb72+ltn6G6Zh8F1WtkNRwns/4YZZV7qKlepbhsDXvbIkJswqn08SLV3YOYwCjCfMOJcHMm1s0WfysHKgMduNyXzsm6HKL1dUh0caDc25NiO2tqPR1p9rSn08OKXhcThp0MmHbSZ9bFiAUvC5aCbdkb68TeJBsO59lyrcOX671RnG9L53x7Jg/3pHKhI4DLg1Y8vcuWy93+nGly58zmq2d7PThQbs3Jeh82CpyYj9dnV4Y+CyWGPDbhz/3laN6dDeV6qQ4b4VKcydbg/bUUvvNYHW8cjef1BXvemrLgXrcur7Ub8P1pd3604MNTzWrc6tbj0XZ9XpgK4GKDEwdyLFhNs2BPlj1zhe4s1AQxIBzvYoMbC6X6bFRv40SFGo+3m3NzwJ2H2915qMGDK41+PNTmyaVBL86023N/JpFjacbM+yqyO1SZM7WO/OrhVn5+rIzfHizk9/tz+cFsDN9ZjONYgTrPDDvw4i4XrvXq8vnBYJ7tNeHZLjuebHJiI82QiWBT8k00qfPSospLkqZAEbOZ25gIk2UhSobbXdv4YFaPL9aMeXlSi5dmbXlowoLFDlWubbjxwzey+fiFWqZb0xlvLmGoOY+R5hxOLeTw6uVsfvrOADdXYnlkIYuH9+Qw3xVEVYIpDZkG5IfJc2Eml90lxhxt2Pz9YUvu9JrzVJM6T/dYs5quyUaFHT1x8qwOBDHRn8rU1CST8w9T33eQgsZhgpPTiEhOJTEzi6T0bCISCvCKLsFJuE5NQjNR8hKeX24hKLrHYBpWikVwKea+OVhtvqLcIQC30ATi8qrxiClEZfMtBw65yLqXIeecjaJ9BPahSdT3DBMYmYKerROWfp4ExwdRV5PI4YVyXnu8jR++0MAvXs3n69cT+dXbkfzqjWB+9IInX9yw5ctHTPjsvBnPrxpxc96BwwOerE5WU11bjYV3IprO0TRlBfJonQH3Rmy422fMc23buNNmwNONwjVUpsqFfEVuNhrxSJkGJ9OluJgnzyMFcrzQrM/dNh3e7FPjnSFVPh7X4Ycjpnx3MwAe9uShmQFmZ9d59Pnr7Nl3mt7Go5Tn7OX86fe49uQX7Jy9zNyex1k/covbL3x3y8+ArWjLKmGkooijoSwpQVqMNQdxerGchd505tqL8dRSoTrYjyInEy52Z/D8VDJvL0bzzlI4bwveWozgjYVQXt0dzIs7/Xhu3IunR925Jbi+w4lHem14qMtSeCbYcGPUjeenfXhzLpDP1+J4ayGS+7NxvDybzuX+SNZqfBjKsGG9J4m6RAvmepMZbYukrcKLonQLAnyUcXJSwtJckchAI/rqIzmzVEt9vCEj+dac6A7gdIcHD3U68XivPTcGbIX7z5KbvdZcb3fgepcXF1o9WSyxocRPlkx/ZQriLclPdSXQWx83B02sjFSwM1Ql2tuSCOEZFWVjQ0VwEoV+CWQHxlKdno+XtQ1aclK4mOqQG+lFa36kIJD6HFe6qnzobwmgrcqdyhQrymIsGGmIprsygMZiD7ISjUlPNCIqWJ0wPzUGO+IZbk2gtyKSxkxfAs2Fc9RVJTfRlYQwG4LcjXE208DeWAdXM2OcTI0w1dbAWFsVw20q2FobYmmth6WNBuGRTgT4WuHtZrplW4uJiYmJiYmJif1r2epLoX/ov1EA/O3t/34A/KfA858JgL+97bf2teV5/f8QAP/NvL/40362qo8/2rI9/ytt8Dc9gMXExMTExMTExP4l/FMBsEjHCRmbYKQtQ5CxDEXKNBiRQQAShsFIGQvTgs1XMYt0/QQ+wvreiLS9EG0TbA61Pb+h5Y5IwwWRuoMw7iiM2yGhYY3mNj3yAoxwMlBHfnOZgjUyuu5IqNoiqWGPSM1CmLcNkaQ2EiItRNJqiGRkkZKXREJGkoy8LNr7+rB390FVzxxZTTMkVYRtJPSRkrNARtEGCQlDRHKGSCmbIiEvjMvqIalqKpQllCerjZTqZqgslC+nhYSCFlJKOohUhPVkdIXt9BEJ24kUjBGpWiClaYu8qRcSWsKxyhojb+SBsrVQJ+q2wjZWqArTMprC+clbI6Xni7JNGOqmjiTG+PPpcwe4Mh3HG+vxXBl24qljpYxNlBGZX4xNcifaUYO4Fs4RXTvL8tmbvPTh92if3Et26wrh5cfxKjqPW+UZHApWsUwYQM8/H2P/eILySlm/+iQ6PuGouUSi5ZaFVVALdsG9eKRMIm2Tj35AE1pe1ej61qPsUISORxXbvOpQsC9F2bkSk/A+ZG3LkLKtRsKiCqu4cTR961D2KkYvug29+H6UfGsw983F3dGN28d38eSealaaw9nVXE5r1XZyqhZJazhJWs0pCktXqSpeYrTjKM3JDYzFRvNoeRQ3W1J4rCWdh+rieLw+hEcrvdjIcOVykQPv9fnyZI41l1KsOBFjwqMx5jwaasyjYSY8EmTIYwF6XPHX4aqPNlc8tHjYSZ2Lrlqc89jGWV8tTvkr8mS6Np/3uXKnwYnZaHP2pHpwpNCXjRJrrvTq8vaqLedrbDhWYsJLU+48NeJIg6OI9TxzjhSZsztBle1BUgxHSXJjxJkXZmz4dL8/V2q12BsmyaVSPe5N+nK135TzTTK8O2fMp3PmvDdsyGtdGnw8asr7o2Zcb5Tn3SV7Xp234UqfPhdbLNmTps/BYnvWyr3IdVQkwVGJmhQ7rh6o5eRQIEdbTbkxbMPtCReu7XDj+lgstyfT+V8KIPgAAP/0SURBVGi1kC9PlvPOegI3+s15Y8qHY6nKjLmJGPOT4aFGN35xoYbfHC/i9+s5/MeRQn51KIe3p8NZTVfmeK0Ze4v0afMTsa9IjxPV1szEazCbaMyFphg6/Mxp9Hem0leH3WW2HGqx5WCVMQN+EkwKf1Q+VqnAWxP6fG/dlrcXLbnUqc7JYRNeu5HCm3dieO5WIG/fq+Hq2e00FoTTVpzExsR2jk0W8fL5XH70XAmvXyhktsmb+Q57Dk0F0VvlQUeVJ0XJBlxer2Gm0ZFbB5J5elcYL+9w5sUmPZ7rcmXQX43pJFPqA0TsarDiyEIZi7ummNh5hobeQ2RW78A7IYPE0kpis3NJyisiuaCD4JQenGO6cUhsxz6ziYCaHUQ2z+JXOkNo2RJJ9esk1+4huXqWjJoJUsq6SKnpIqlhkLD6SYKqdhJSNk5y6Q6KGiaIymghSZiX3r5ESvsuslsmyS5tpa6imsWRFq4cbOeDm5188WwJP72fwa/ejOMnL3rz6TUrXjmgxRvHrXjxiBM31/zJCpTA3UaH2bk5yuoHMLMPpiHak6u1try63YY7HTrcadfhbo8hd7uFa79MhY1kSc7nq3C1ypBzOcKwXJvr5eq82KbLq906vN2vxLs71Plw3JjvjZvz+ZgJr444cHm8nbXZfVy/8xB9g5N01u1jsvswD519jcV9t9l37HXm9z7B2Yt3WT/83JafAVuxMjDDzkgPJ1N5EoK20VzkyJ4dKULblnFiZweemur0JsVT4WHNU5M1vLW3gk8OZvOdI1l8dDCNDw+k8t7+RN5cieXeQjgv7g7k+Wk/bu/05ea4B1d2OPHogD1Xhpy4Ne3N3YVg3t4TxhcHkvhoXwrvrmTwxnIez+zMZJ/wDOlNMGW63J/KaCNmOqLZPRDHcGcIbXVuZGeakpFtR3GxN7npTsJ1F8YTJ3ZQF2fIyR2xnOr14WK/C4/02XJ9uzXPjdlzd8KRO0P23O4R7uHJEJ4Y8OVwvRPl/tIUR6hTk+1AW20EOekepCe7CTzIS/enPC+cUHcTbNVVcdYww1rFmEjXYIpScnGysEFLRQlLA03ig1wpSg2gJi+I9ppwRvqTGB6Ip60xgKZiH6oy3RluT6GuNIDCXHcSEy1Jz3ImNt6SzGx3eroziQg0pjQjQKj7WEIc9PF3NKEgJ4rUlBCC/F0w0dNEW1UFIy1tob2Ez1gLC"
11918 [Forwarding screenshot on session b1310904-d161-49ca-a1a6-530fba7baea8 to remote] DEBUG org.apache.http.wire  - http-outgoing-47 << "zwdbQn0ciA20pOEBA/c3LUJCjLFzVEHB0utLdtaTExMTExMTEzsX8tWXwr9Q/+/BcBbBKh/NzzdKmz9e8HsX/zv9ZIV/DcKgP+q3v7sL/v53zu3vx8Ab71vMTExMTExMTGxfxX/XABs5Iy0lQ9S5l6IjF2RMnFDwsAZCX0ngSOSuvZI6tgisc0aCW0rJNVtkVJxREpVmK9ih4SKMF/FEgk1M4ExIhV9ROp6SKhvQ6SqibyqAvE+FrgYbkNBSgtpeXOklE2QUNZEJK+ISE4grYpIUl2wOS75DQlJ5ORliIgIwN3NHnNzPSSlJRDJyCGSUkAkUkZKSgMpCVVkJFWRkJQX5stuQeYvJL81LiWsL630DRllRLLCMcirI62sjbyGPhJKmg9IqWxDQnEzmFZBpCSMKwnrKCkL66kjqaot1IcGejpyjFUH8+7hAl7a6cWLM54c6bThuY1Enj5XT3VLC2abIWvybkzTp/EunCGvYz8zx58lsnKMwPJ5fIpOYpd1DqP8wxhk70IjvBwN73C0HJw59ujjmPvGYR9RgZJNNnrejag5VQnDZuRt8jEIaMQisgtV1zLk7fKRtsxCxa4QdbdKpKzzMQrtwCS8CzWPWhSsCzEI7EDJqRyn1FEkhPIUPMpQ8ipGzikRC58Iqiuz+eGrJzg34MtDbdYPXlO81tFASdsh0jqvktZ8lbK2x6it3WCodoaVvEwOx9lyJcmI+3lmvFtoxesFttzNNOS1EiuupevzXJUD720P5XqOMU8L0y+l6vFcsCq3fDV5ws+Qq556XPXS45L7Ng7bqbNsqc4eWwP2OpsJjDgdZsERb1meyVLjVxNOvNxoyligJn1uekz4mbLdW54brYr8aM2EI5kGXKm15+fHQ3h51pYd4dKs5xtzuNaKyUR1hn20WQrX4nimDB/vs+LVJTNONWxjJkGLfWn6vDkRwMsdqrzaJsUHg+q8P7iNl1uVuNMsxyczNnw878WxfBVuj7rw3C4nnp135kiDNT3BOuyr96Y324YoR2OifDzwdrbgrZfOcOehAcYKt7FWp87VaSfO7HDjQE8Cx7fncH1npnDNpHF/KpTXRiz4fN6R03kybPeUYDBYjaVsM352oZofHUzl5/tS+MlqEt8ThvenohgKUqLBXZoMUwlSTKWJNZQhREuaOCNZ8pz0WKrKIN/FhDQHPRJsZHhytYiHJ3y51GNFj4cks4EiHi/T4dXtDry/6MudnXac61bnULsM9y558OkbcTz7ZCKPnM1l/1QMpdFqTNd7sdabxVxnJKtTflw+HcVYhx07yt05sdOKtYlt5CQqExqgQ1VpOEPtQfS0uNDd5MD+oUBe2xnG3SJt7rR4MhaixkScKcWOIva2+bDQk8HuHf1s75tnZvFRuqdO4pVaRnxjO7ZRafgkVRGQ2kJwVh9xpdOkNy6T0byXzOY1ctuPUNRzhvL+h6kafIyaoUcpGThHzehFGiYvUj12moqRk1SMn6V89CwlO05R3H+Cou7jFHSeIL/zDIWdp6nqP0t13wmquzdo6j9IU+cc2wd3sjw3zpE9jTx5qoQ3Hk3mncvuvPuQNe+d8+O1szEsDdoRHqLONgs9FCy8sArNZmrtNGV5xdT4WvFknQ8f91rx0YAeL3YJ10+bEi8P6D8I4E9mSHAuR5WbddY8VmzIIwUaPFWtwd02DV7rVubdbhneHdDk7WFL3h035l2hjt+cMONqXybPHT3K6VNrtHTuoKd9hqmuZm5du8XI7keYOfgOu/Y8wRNXX2TP6gtbfgZsxcx0G7rasgT7baNOaNe2alcWh5K4dqSfk1OthBqqM19ZTG+8P68fHeLdk218Ilyjn1+s5NOzFXwm+OhEIe8dyeId4bp9bW8MLy+Ecnc2kDu7/Lk+7MLVQSeeHPfkud1B3F+L5v1jcXxyOpHPTqfzxv5E3j9cxL3lQvZXeNHgrcFgsgstMbY0Jtmyq0uo7+EEpreHMCI8p/p6PBgbjGZhrICTi1289ugBigN0ef5gHUe77Xlk3IYnZyx4ZtqSF3e7cG/Wn5cnA7g37MVr4368NBXOlR0hNAark+GiQXehNzu7c1gcr2est5zh7gpmdjSRnxyIvb4idppq2Chuw0bVgCA7N5KDI7A3NUFBWoptGjL4eZkT5GtMeXEQddVBFBc6MTgQx9BgrFCfbuSnW5Ica0R0uB6pKXYUFvqRJJxfRoYvdXVp5OdGoKEkI1w7sUQHOhIb4IinrSEBrta4WBlhqqOJoaYm6gpKKMsqYmVmSWR4KGHBfqQmhgn7iyU7y5/ICAuCAwwFlni5mWzZ1mJiYmJiYmJiYv9atvpS6B/6/y0A3mL+3wtmtyzjnwiA/15I+98qABZ8q6xv/GU//5Vt/rL/vx8A/9U+/l9f9fytcv5OnYuJiYmJiYmJif3f9U8GwI5IGDsiaeqElDAU6Vkj0jJFpG0mMEVCywQJTWMk1A0ekFIxREbZCBklQ6QVhWlFPaSUdAWbQakmEgpqSCqrIVJUFqaVUVFXICXIFhdDDVQkFJGV0kFSfrNnrgwieQlhKI2EpDKSEipISMkhkhYhIScpjEsgLYzbWBhhYrANZUVhnoQIkZQkkjLywnKBhBxSImmkRcI8yc1t/qukhHK+FRJLbg6FfW+WK6OApKyCcBybxyJMC+MSwvzNcZHcZlAsi7SMcGxy0kgqCMsU5dDRkKK/wJXnd0fzwVoMr65E05moybMHYvneC8M0tbdhGNqMfdkxLHNXcMqZwzS0E4eU7Vin9uNavIRN2iHMUs6gnX4QlbgdSLmlImfvgVVwMNvnl5AzcMTQJRUt+1zUHQpQsc9D0ToNOYt4FK0SULFJRsEyHgmDMKRNotB0zhLWyxCWJ6Bkm4K8VSIqdmmo2meg5ZyNmn06KrapSJtGoWgTh653hlCONwZ29kyNNPL21UmeX47nVIUKl6vNONaaQ3HDMjF1FwkrOkts0TFCY0dICaukNzqWXaGOHImz51qaDU8lGfJSpjmvF5jwZoUJVzI1uFhozavTRTzRlciJdCtORW/jRIg+BwPt2R8ZxVJkDHPR0UwJekMiqfEKIt/Rj2K3QBoDQ+kI9qLTT5/DJTa8uxTF7hQ1shw1SLcwJNNYlwwLWU636vLxQWd2hGmzmm3Dzx9K42SnNlM5akxnmXGww5dKPzmq7XRotlZgKUGBu3MWPLNox2KlAfn2crR6afH6dDLvDtlzq0KS+12qvNShzlONCjzbpcxn+zz5ZD2CuWRZLvXacWfVlxc3/DnYbsNQmjVHe6IYLvSiMCyE9IgkogKDuffMBT5+boO+NH1mClR4bMqbE9v9qAm3oTDAhaIAW2r9rVjK9eTl3cm8sCuCrnAZMhxUyfS2pTrJnyv727i5WsP9A818caqTL8908db+JqYzHGgI0CfVQp6Ezd6a5orEGsuQZadMqpms0DZWlHjq46crR6SVAl3pxlwY8+fJSQ+udlhws0Gfp+sNuF6jy9u7PLk6oMfloW08PGXAQ0uGnD5oxsq8H1PDMTSVWDBQbcr+IReGq2yY6vBi14g/q3vjOLZWys6WSO5dTueZ81HU5Nvi5WiGnbEJUV5GxEWYUVHhR3uFE5daPXk635inW4MYj9FhMt2BNBsRx8azGGnOYLSnl5HhVRraV6js2oN/RiXW0fGYBkWTUDZAfstu8lrnyW2ep1BYp6R7neqBY1RvP01pz3GyGvYTV7pAZP4sCZVrxJavElO+TFLNGtltRyjuO039xKO07X6SnsXn6d/zMn3CH87d86/QNfsirdNPUz3yOBU7HqNm9BpNO5+ided1GvuP0dY3y0BfFzNDpcxtj2SyxZ7ZdneG63xIi7HG3ccZj9hk/HKb8MluxzEsEwcbc7I9hPuo1Z7Xuw0EarzQrSycvzz3h424UqPE2Vw5Lpfo8HSTI48UGvKQcM3erNLgpTZN7ncq8n63Au8PaPHuqCnvThrx9rgu90dMuTWYwOtn15gZ76WwuI6muh7WdrZy+cwx+kaO0j91jeOn7/LcrTfYIZzTVp8BW0lP9yM0zJSsDCu294SydyaFi+vV3L00yfnpFioDHFmozGOlNpOPLu/mg4f7+ORKM"
11918 [Forwarding screenshot on session b1310904-d161-49ca-a1a6-530fba7baea8 to remote] DEBUG org.apache.http.wire  - http-outgoing-47 << "9+52sp3H+/iS8EXDzfx6flKPj5TxAdHM4TrNZ639sXwzv447i2G8vJ8CPeWwnltbywfHk/nw3MpfHwpnS8u5/Dm4WQ+PFnCG/tLOFEfRIObOo0+xhQ4aVMfaclMcxRHd+dxdDGDpZ2Bwvm7/z/s/XV4HWeC530f6YiZmZmZmZmZWZZkkmXZMojZlm2BLbPMzMyJ7SROHGZywEmcxEnMdtKd7tnZ/b51lPRMz4xmn53t93l2u6/zx+e66xRX3aeqLp2f7rtYNxzPhT1LeevkBl7bN8bKqije2jWHE72eXB1z4uYGO97e7Mon2yP4Yns2t9YL29qczteTyby7Jp5L3ZEsTTaiwFuNmjgLWssjWdaYxeJZuaRFehLkYoGxqgy2Ooo4amviqK6Lk5YhwfYuxPkH4GJthoaiCB0tOdLSAigvj6aiKpziEh9h2IslSxJoWxxDRZkzmZmm1FT7EB2lT0mRD6VFgUSFWZMU50F1aQoOVjrYWegQ7OsoDOujLCvCzliXjPAgQpwdMNVQR0dJGXWBooIqhkYmuHt64OvvQUZWDPX1WVRURJOS6EiAty6RYXaEhjjMWNdSUlJSUlJSUlJ/X2b6Ueh/6v9QAPyfhbP/uo5/HT/TuP+VAPiv9/Pftm79fwqU/4YA+K/X/f8YqP7mPw1zBX/dRfN/uv2ZjuHf1eW/ruc/nqu/3sa/Da1/O5YZg+T/7JxLSUlJSUlJSUn9f+pvCoAVrNwQGdogNrVH0dIVGQNrZPQsEesL9MyQ0TZBRsMQkZoeIhUdZFU0kVfRQE5ZXaCGnNJfqCJWVJku5SRBqVgJOQUVDLRUKYxxwtNYFQ0ZBcQiNWQVNREpyiJSECGSl0Esq4JYRk0oFZGRlwTAAjkR8kKpqaGCnraSMF2EoqIYWbEsYnlJCCvMKyNZVoSsME1WKGcOe2cmkpO0ApaEv0IpI/evJJ8FktB3OvgV5pGRUxT2WfW3kFhOLEwX9nu6NbIwXUFx+gf/eXne7FscxrWVcRxpD6YqTIOXtqXz1bXlrB4dJaB4JQYZkxhnrsW1aCvmsYPYZAxjmtGPed4aLLK2o5+wA/WESVSi2pF1TEPGwgNznwA8I2NRN3NGXt8DOT1/ZNQ8EJsEo2AeiIKJj1A/Doh1XVA19UVWx0WoN3eUTXyR0XFFxcwfZVNJl9ZuyBl4IqPphIyyHaomfshquaBh4Y+crqOwbsk4S3QMNBgfmsNLexfywngSh+cYcmWuJccXZVJeO0xYwRReKesJzJggMLmX+NTFFEcW0xiWzOKYBIaSwphMcmdjmCGr/JVYGa7BplJ3Di5K4/sL65man053pjcDOcGsrcphRXEJs2NyqU6vpyB3PmlpjUQn1BIQUYazbw6WDrHY2gfjbOtElI8Vwy2JvHp0HiXxujhZ6eNl6Yi3sRVR7ubs7Avjte3RlAfo0Z3lztPn57JhgQV7e6JYUxfAVE8akTYyxBuqkq4rZqLIiovDztzckcCWRSFkO2gwN8iSqRJhf4sMeK/didur3PlmzI8Ph5y50W7EzQE7zi62ZEm4iOFcdV7a5M+Dm2Xs7XKnJlCdU/2ZrCj3IcrCgEhHF7Ijwzi/b5Q7b+xjSYohqwu1ON7hJcwXR0WAKdH21oS7uhFl70R1uA8XRudweKiYeBdlAuztcbX3xdnJh6zMeLITAqhKDqVI2MfKUHNmxTmR7KxDorMhkdZaBJupEmyiQICuDDmu6uQ6ylPsJEOarQrB5vrCNnSJsZelOVmdyWpj9tUZcLrOiE+HQni8K5v3R4M40KzHptnKrG4S89bFNLZMuNDa7EdFaQg5aebsWB/Pw2+W8PirPq6erGBpi+t0F7xnj3WxZ20JByZ82LHKi+ElOUT7+FGWUoarvhlu1uZkZ4VRkmXPaLEjZ4TvxJ4Kb3ozLGhLdybeUcThTQtY1b+AnTv3c+z0G+w49AaNyybxisvBPyON8PxClq7ZweDW06zadYmBLWdoHthBwdyVpFR0EZW/hLiSbsoWbmLRyGm6119jyeh1uta/wcDWd+lY9zKVbQeJLFiBW+xiHMKbsQ1pwS5kEc7CNeeVMIB32hAuaT0ElIwSOWsr/hWb8CjcgFnMEH55mwjOHScgaSmWLolYO/iSmJRMeVkOleVl5GRXUlG7APfwJMLyanGMLUfZMhATa2NCXETsabPmReE79PpyPd5o1+PFVg3he2XPc3N1OFGhwYV6M16Y786xIiMO52pwtUGft9uMeb9Nh08XavDZMk1u9epya8CYD3vMeH2ZLVc6wnl1Tw8LmyooyK8gNyOXS/tXCvW0ip7+rSxYNM7BA9c4sPcqi5ccmfEZMJPGmjia6iKZVeFOz+JQTu2u48UjrXxwdpgTK2azbpbk2k3i6prF3Lu8Vri2u/jxuUXcf76dh1cHeSx4cLmTe+db+enMXO4eq+brffnc3pXBp1MJvC58126u8uetiVA+2ZLADyfKuHOinO/O1nD/QiNf7CvlmwN1fLatnnNLUumOtWGunzGZlvLMj3emJduViWUprOtJonOhGxvGYji6s5y3Lw/x3ulVHBuq4aX1TVwfzeY5Sa8M67x4Z7MHH2z14/OdcXyxI5uPN2byxaZUbk9l8snWXF5Zl8m6JnfKw5WIdJIjNdSU2EBj8lJ88HDQRV9dFi1FOWwMNNGRFaMvlkNPLI+1th62hoaY6GiipiiDvFgGe0cD8gujaWhKZ1ZDAhFRpnh6KFJY4EbzwngqavzIyXcmLEwPV2dFAn11sDGTx8FSlYhAW+Ij3DHWVSDUzwkrY02sTXSw1NMizt8DD0tTtBTkURaL0VRXR01dG0VVdWSFZ5OuoTaePg7EJ/qTmuJFXIwdoUGmhAbbEhLsOGNdS0lJSUlJSUlJ/X2Z6Uehmf11mPfv/Et4OFNQKvjfDYD/g/8kRPzrUPov/l2g+Z8HsP/WX+/Tv1nPf9hGIJcnZjqu/2oALJhp3X/dAvnf+Z8FwP92Xf/xOP/D8Qn+bYj7F3+9vzPMN9M5n/bX+y4NgKWkpKSkpKSk/m/zNwXAarYeyBhZIzKwnA5/RVrGiLRNkNUxQaxtjKyWITIaBsioSbo/lgTAyoiVZZETiBVlkFOQED4ryCMvL4+ivCJK8irIyyigLFbGSF2Jomgr3Azk0BbLTLfYlZFTQEbS+lfxtyBVLKuE3O8BsKwkAJaTtPQVIVYQCNOVlOSREcmioKCCWKyErKy8MCysQ0aEgmQd0+Hv/0YALGnl++8DYAlJ4PuXlr+/h8K/hcHCsHAMkm2JJK2IpwNglelzEOlpyvj8RPYuTyHbXY40D3XOjSfw4PUhNm/dQlTtWrSTJ1AMG8aj6jjWWTuwLd6NTtYYKmkjqCdtRDlqE0qRwueQZcjapCNj4oWquSNK+maoGtoK58sUkZo9Ik3H6fcri1SFulI2EPZBD5GSpH6Ez6pGwjihzoRhSWttOQ1hGck8inrIa5kL9WiKrLoFYg0LYf+1UNQwQkFDHwV1bYwtTNFQl6WxLJqdg4Uc6IpkrNCAM7OMudwez4J5a8ibdYSUikOk1e8hvGScgMw+klM7Kc3qJSu+mdyYPFrz0xirSWGsrZnmeUuZv2AJq7pm89m1CU6MFDHSkkthWhpBXuGUJKTSWVlEQkIh9pG12MfU4ZTYiHNSI/bRVdiG5OMTnUtASBjx0a4ML0/j8IZ8InxlsXQww87WFXtTG8KDXdi6Ipmja4KojrGiNdWGL49Vs6rJjMEaJ9bNCePAqgIS3MSkWmtTbKvCiSWRnB9yZ3mmGnlOIrItlWhyM+bs3ERea43gbIkeN+aZCSw4W6XF2VkafLk+gvuHy6bfGXqpx4vroy48eiGP7y7WsH2OD0eXenG0PZD6EEPKQq0pi7Jm51Ae914boy1On454WZ5f4ckbU+nMjdYjxceIQG8zEkNdyAm1YltPNpe2NTI7x40oDze8HfxxtPTAz8kZP0sLgq2sCfMwx9tNF083I6wstLC0MMRAXxdtLS1MDYzRVlHFXNJC0UAba01FLNTUsdW1xF5fn9RAG1I8lekrdeL5kUxOLQzkQL0LV3tieGk0lQujCXRV6XBmKpq3r9aydX0Ui1oyC"
11918 [Forwarding screenshot on session b1310904-d161-49ca-a1a6-530fba7baea8 to remote] DEBUG org.apache.http.wire  - http-outgoing-47 << "QryIjvPm9PnKvjhbhOfvVfE/TvtXL/czMKFqdRWe7BR+MP0zmcNPPq2h23jFYwsmc3w/KXUxOUQ7OSFs70xkUFKzI/XZnOWA70JptQFaZDrrUGwvYi8NE9y8pKZvbCTnIpl5NX2s2RoOyWzW/GICMI5LJTAtBLcovOwC07DK6GUpMrFFDUPM6trM/OHdrN4zRGWrj3J4rFjtKw8wpz+Y5Qt3EVK9RjJVWuoXraH3s0vsnrv26zZ8y4jO99mYMvrLB9/iZbhKzQNnqa4Yw/ZbVuInTtBQN1qYoXl41oOEd64l4S5h4iv2453ege+KQtIre7CNjSfzOpuYtKasXeLJ6d8Lm6RGSjbhiMyDUDNwgRHexlWt9hwtM2IG51mvLxEj2sL1Hmz05JzDRocLFbmYJEWp6us2JGqwvZEWS4I37nXFhry1kIdPmnR5tM2FT7tkuezXh0+EJZ7uc2RF1dGcnZ9Fc01xZQWFpMWF8pHL+5hVfdili4aZGX/IOdPP8e6dWcZGL4w4zNgJsVp7qzoyGekQ7iOO+N44chc3j/XzvcvTHBysJajnXX0pAfx2f6VPLw8zr1LPdx/bplwLQzw5MYEz15ex5MXRnh0tYfHzy3lwfl5/HiymrtHi/lmXxafTCXw+c5kvt6XybcHc3l8vp5755u5d7GNn6+2892xOXx/ZB5f7Z7NS8K9qD/RmlkeWqSZyLIgwZGyEH2G50Wzakks86ptWLcqnudPzueTF1dw88BCdi+L4/MjLTw3EMWNkWA+3hojbCtJ2FY6d48V8cPxau4crOT27gJu7ynky4MVvL27lF1doczN0acoQZeiNEvhHqWKq4M6VmbK2FpqYG6kjo2pPrrCc1BPURF1WVl0hFJDeP7pqKugq60mPJvEmFvqEZsQQEFRHJlZgTg6aeHurk19QwIdA2XMW5LB3IUp1NSFEy4cS6C3FnamMjiYirHUlcXaUAkLfSXc7AxRFJ5vysJz0URHHT9HS0w1lFEVxqkJz0BN4dpWUlH/7ZmlpIickhzyqsI6bA2JT/QiI8OHiAgbggOs8fGynLGupaSkpKSkpKSk/r7M9KPQ/1n/SYgsJSUlJSUlJSUlJfU3+5sCYHV7L1Rs3FAwd0BsZDvd8ldWz2I6BBZpGiNSl7T+1UekqodIWUegioyKGBklgaRFroKkS2ZZ5OTFyMnJIScrRlGsgKKsHEoyCugJ03NDDHDTE2Gqroi8SBLASpaVdP/8ewAsI2kBrIFYVlVY32/jJdNlleWmu2CWldcQltES1q8rzKOBqrI2WppaiGR+ayX8vxMAy4iFdU+/F1gS+or/leSzMF5WEg5LpkvGiSTjhWWEfZWE09MBtbwwn7yKQBWxkhJqwjmwVJXBXVeEk7YMuWGGXNqQw4PXV3DwwH7CSldgnDGJTfE+zLP2YJy6B/WU7SikrUcxez3i+ElUE6ZQilyNvP8iZCzSkDENRM7IGSVJt9xq5miYeiHWdkGk5YRIxQIZTaGe1E1/o2KESMngtwBYTag7SRisKNSbkj5ywjhZFUNk1IRx8nrIqJoL59cQsTBOVkkbeSWN6eNVUFZGSVGW6GBHuuelsmZBNDX+ChytN+TF3ih6lqxn9uIrVC64RMXSk2Qu2kdy834yavaSV32IjPLtFNcN0ba4g465jVRX1lDV0s683iGWdS7kyvmtrFpSQPeiUmY1lpOWnUl6cjzR/t5Yu4Sj65mNSUABVmHFWIcXYRGQiY1fEi4+kTg62JAQZs/u8Wp2DMUT4y2cazc9/FxtCHKyICfRmf2rEzjS70qpsM+dmWbcWB1GZ5aYWcFi9raGcmQgnoVpxrQnODOcbMP7a7O4OeLOtmoDRjPNGYqyYSLWgS3RRuyLUuf5PCNerbHivXke3Kix4VSeCs/VGnOh2oJX28K4NM+R55aZ8NORKL7encb5RQG8MRrM2xsj2d0SwMGuFLYtjeDIYChvTGWys9GGfbMNuDJoxZtbI1lb70hzhjGVKeqUxapSE6PIxsUuvH60ioVldsQHOOLvFYCHRzBubp54unjj5eCDl4szDrZm2NpaYmZlhaGlLfrWjqgYWaFmZoeqqRViHT2UDfTRMDPAwMwCC0Nb7M0sCXK3JjnInAX5nrQXuHBgWSabZ8ewe2k24wvT2DxcybL50Sxp8CDeV47CVDPhvMeTnjifWU0tLF6WyKeftvHhzSo+fGkOnQv8iQh0IiXJjZ7uUN55q4N3XlvB+uF66tODWZSbwrp582ktySI+VI+5depsa7dha5kxrSFiKnwUSXERE+GmiI2FIl5BPsxdvoL+yVPUL9lA+bw+sqtmYe/tQnhGJguGN9Gz6RjLxvdT37mektbVFLaMkD1/BWXLJqlo30j+wnGy5q+moHUtZUs3U9+zh/krjzJ3xUEq27eSNXcVWfPWkNs8Tt6CtRS1bqR86XZqO/fQ2HtImPckbZPnWbrpPC0bTtE0cYxZo8epXXn8t3C4eZLYig780+twTyzDLrEe97QmwjLrSM4TxgWnoG0bitgqDJFtGPKWDtg56rKw2IHd8y25tsyCl9uEa2qRLjeF78/FOdocrVBjZ7YSx4TzMpWsyFSSLOcqtXi1xZi3FunzSasuny5W4la7mC+7tfio04qXl7pwc10sm9qjqc1LIy89hgWNqTx/ZJShJS0sbV7K1Gg7uzZvZnnnPrp6js74DJhJdZYnx7ct5sqBNg6MF3FtXyPvnGjj9oUhTg9Vc26ggVVFEfx4ZpInz63j2fURfn5pkF9eW8vTN7bz85s7heFNPHtlDT+/PMiza8t5eKmZh+cb+OFEJXcOFXH3WBk/HK+Y9uy5Vp5cH+Th1RX8Kizz4EI7984s4duDC3hropJN5T4sDjcmz0aW+fG25PmoCd9hNxrz7UmPUWPuLGemJrJ57fxiXjvSwOHeMD7YWcw7G1J4ZyKBO7sLuXe0mp9O1HLvXBP3L87nh3NzeHixmbtnZ/Pd+fm8d6SOw8I9pKfJkRVLw+hoDSc9yRRDPTGqKiKMDBUw0FPG1EgXR2sLTLQ00VFSRFtFCQ2h1NPWxMTYAG1tdUzNDHF1tyc0zEsozdHWEePqYkxUrCuphQGUNsaxYGk+5VXhpCXZkRpjSYyfiXDNmRLmakyIsxnmmmJMdBRRV5ZBQ00eC2MtfBzN0RWevSrCM09FeObKC89ckeQfqgRyykooa6khJzyfja10CIt2IynNh/RMf9JTg4iO9JyxrqWkpKSkpKSkpP6+zPSj0P9Z0gBYSkpKSkpKSkpK6v8tf1sLYEdf9L3D0fMMQdM5AB3XILQd/dGw80HNxhNlC1fkjCXvBbZCpGn2e1fQ6oiUBUqqiBSVESlIuktWREbSqlYki1gsj5xYjKxIBhUZEVnBenibiHAz10ddSQ0ZBUVhud+7gJaEwTIawry6yIq1hXHCNAVhmrKk1EBGxVRYrzkKqs6I5a2RFxtjbuSArYUtYhkZ5CXrmQ5//2sBsKwkAJb9jSTklZSykuD3PyMnRiwnEoYl+ywjUEAkJxy/nKT1lTJqGqroqilgqCLCwVCG3Chznp8q58/f7OL8mZMk1Y1gn78Ws4y1mKZPYZpxCJ3sI4gSNiDO2oRs/CSKSVtQilmBOKAFkW0OIssYxIY+iPXdUTQPJL68HfuIcpStooTz54BI3RmRqlCqCvWj4YRI21WoHzvh3NkInx2FUqgzgYyWIzKqwjh1W2FegZqwjLI1MhrCsLy+cH51kFUS6lVRa7prbw11NQI9LYlw0yfSSo5TC615sT+c1tmD5JXtJDF/isTadQRUjuBXvZGw4l0EZmwnOGcLEflLCEvNIzElm6S0FMISwohIDicsNpjY2CCSozyJ9jch1l+XcE9Ngj0M8XO1w93ZG2fXYFzdAvHw9MfXJ5DggGDC/f1JDvKmIsGXeenOnBsrZHurC2052swvcqa7KpwVddGMLwzn9R2pXBuyZ9cCL64NxnBzwIOLPc68MhrHCwPxXBoIEUTxQk8uF5tD+G5zBu8O2LK3QIltqTpsitRnS6gOu4MVOeAv5rCfHKejVTkTq8vBYCX2hYp5ocSMG1VOHE0z5UimPudrVPlpizdfr4vkb"
11918 [Forwarding screenshot on session b1310904-d161-49ca-a1a6-530fba7baea8 to remote] DEBUG org.apache.http.wire  - http-outgoing-47 << "K0dP+5O4qvdsby/KZdX1+VwsjeQ8wPeXO7z5MZwAKdbDXlh0JpPhXleGkvhzGAUJ4X9PD/kx8VBLw4u0ePzk+lsWepEc74H5Zmh5GZGkhDnTly0F+F+HoS62RLkaE6gsy0eDrZYWVhg5+KKlYsbho5OmHq5Y+DhIFzLVsL1bYyRnSH25roEupmQGGrB3HI/OmYF8dmVUR58fopzk80cHGtlVlkCi5bMIi0nimB3NRaU+tNSHsuc0uWUZq8jMWkR+cVpNNTZsWtlGOuXuLO02oWYAAfCQzzIzQ+neWEJ8+eWMa+ykNp4XzbMzWekLJXBugTSQ9TpWqDIawe82Fmvx/FWL84NpLI835YkX3V8PYzxCQkiqaiJ9Jou5nRP0bBsDcWNzfhFhWHk4oVvWh3RZUtJa+insHWcqq4pant20bjiEA0rDzN37BQtkxdoWnWS0s5d5CxaR+6iCco6tzJv9DBtm87StvHM9PDs1QdpHNlPTf8uCpZsIHX2CLHlg8QVriCuqI/E8k4yGrqIqWgmvqqZ9IY2oosb8EvOwzMqHs/IMDxionFNr8A+KQff1ER8Y+JRMHBEwSICWatIRPYRqDiFYWJuTU2sG1e6I7i+xIqXF5twc4kxLy8x4mqLPmcatNiRI8eJSkN2ZiixM02e81XavNpiytuLDbi1RJfPFivzxTIlvu7W5laPJa90uXJjfRwDTb5UpCVSkObDsf2LGO+op6t5Ps31DeyaaGF0qJeO3qO0LZma8RkwkwWVEZzesYyXT/RyclMt1/bO5tOLfXxwvItLo00c765i/6Jifjq3kSdXN/HrKxv59bVJ/vTeLp68d5BnHxzi2Xu7efb2Zn55ay3Pbq7g0fUOfrq0kG9ONPLBjmLe2JDLzYls3psq4+GVXn59cxuPXtnEP72zlWc3Rnh8tZe7pxbx/lQNZzqSWZ5oTIKxDI2xpszLtBeufxeKU0wI9RUTEaJEWb4pY91hnNmczuk1YVwbi+SzXQXc2VfD/aMLeHCijftnl/Pkeq+wPwM8uCHsz+U27gke3ejmq8uLuLG/ig3doUz0RtG9KISyPDvhe6mBkb4IEyMFNNXlcLC1wsfdFR014b6vKIeKghhV4XmlIlBTUUFHW0sYVhKegbLCsDo6WqrIC88OT+G6LShKIj4rkIp5GcRneBAda4efhw5FqY4sqo6kc1YCDZk+pAZYEOJsgK6yCGc7Y9xdbUiLD8XFQhdtedF0C2AFyasPJL1gKKsgqyhQkvTOoSAQ4+xpR26RcM1lhxIe5UxwkCPeHtYz1rWUlJSUlJSUlNTfl5l+FPo/SxoAS0lJSUlJSUlJSf2/5W8KgJWdg/6VYyBK9v4o2PmhZBuAin0Q6k4haLqEoeUqcA5DVRivaOqOjI49MiomTHc/LKeJjKImssoawmdlFDS0EIllUVSV/AguQ5y3BtEeutib6COSUUJGSZhXXU1YRn56WCRrhIy8FTIK5sI69ZDVMERe2xoFfQ/kdfxQ1I/ExDEPr4AK0lKaqCiai5OVC2IZMbKSFlAykm6ZZw56/1Oyv4W+/6sk7xgWi38PgKdb/0qCb/VpsiraiFXUUVRRQlNdFidzZUqTnHj90Fz++/cHOHlsL3XtG7BNWYpPyRrc8jdinrYDtaQdKOfsRpQ2iUy8IHoCcVQPssELELmWIDJLRGQShaxlvFA/WXhmtRNYNIxxcBNqTiWY+NVhFtKIYXA92r5VaHlXoOdfjY5vBdrepRj6V6LunIOhXxk6nkXC/OWoueSi6l6IvFUyGg6pqFhEoGYejIqpP3JaLsipWyOvYYK2jt50y7NQR20u9Qfz4VQBlcWLyCyeIiZrgsjiAbyKunAR9sclfpjgtAl84zuJySwnMDYY/7hIwqIjiQwPJizQm+hoH+JiXchNtKU+1pilMbr0JhrQl2VOd5EjfYVejJQEsr4+iu0L4tnblsqhpemc6sjm2mAhVzoTeH04no/GwrizKYh3xwJ4dVM+H2yv463JEm5uyOSzbTHcmQrhzXUJvDMWxztD3rw5FsJ7G1N5byKDt9fGCRJ4d2Uu30wWcH9LMp+tcOJgjpgDqersFfZpd7gq+0PEHAtV4ESYGscitTgVb8rJOGMORatyNFGL8znW7Is1Ym+SCvuy5PhpsxffjAdzoc6Bz0ajuL0lhc82lPDV9lpu7yznyx25XOsI5PHh2dw/UMbtbSl8tTuLDzaWcX0ghRsDUbzSF8lbw+G8s9KJW+ud+GpbIK+uDOWVNfG8MhHDC2M+nO935MhSJ8br7RiodGR5oT3zMmypTLAlP8qOtDBHksLdCPOzJ8TfET9vW9xczYnw0WZungEdNYZ01ukxtsiKFU16vH20hD98uY6X9jWwb20d+VnehCX54hRoQ3KsAc8dnM2nL65m1+gY2YkLKK/uJT07nvgIBS5uTuTT07lcnoqgJl+NsFBT3LyDKWvoJK+4hVlFDaycVchYWRijZTH0FwdSGqLGYIMc19d5MlVpzP4GW26OZ/L69kbmZrsQ6mVGaFQkwxv2s2z0IDkN/SSWLiCxuJ6kgmJiCurxSW/GPLQaXe8irKIasE9oxiS0Dqu4Zixim7FJWoxzZid+5atJaN5GzchZwUnK+o9Q0nOQ0r7DFHXtJ3vJTnKW7SZryXZKeg/QNHGe1s3X6dz8Dp2j79M29BJN7UcomrOalLJW8usXE55cSExaAe7+QXj6eBEbH0pUUgTWQYEE5abhGu2FqoUpKtY+yNnEI7KJQ+SeLFxrAdiYCXXkasDJRhdeXmTJzSUmvN5hwhtdpryy3Hg6BD7fqMepGn12pMuxM13E+WpNbi4w4r0lhnyyVIU77br80GHGV8u1udVrLHxvnLixJZv5Be6UJMZQW+LF5TMLGVxYT9/CZXS3LWDLSAMj/V0s6z5K84I1Mz4DZuJmrkZ+vA0LK/3paAziwGgpX1xdzWsHlnNuTSPrm1I53l3PR/tX8dXJcX66soF7V9fz+K293P/wKA8/OcaDD/fz8N3tPH53Mw/fmOCnF4f5/koPj15Yyb0rQ3x2eBkvTzYK1+58vr+0jj99fIJH7+zjz5/s45e3J3l2cyU/XFzCh3tqhXmbWV3lTIyxLC3Z1mzqyaJrXghlORaEBqrg6aVIoJ88qVGKDLbYcWFjDFfXRvPa+kxuring5uoqXh1r5P1dS/jp+hp+fm8Dj99Zw+NXhvn55SFhW8N8fXkpnwtObchjY28Uy5s8Kc+0oCjdHg8HJVztdbEy0SYlPkbYph8qirIoK8gIZNHWUEVR8k9CwrNIV0sbHQ1NNFUkr0KQQUUYb6KnRVSIHxlp0WSXxJFbFUNyhhclRcHkp7pSJJzrtcsKuLytk/FF+ZTFOGGpoYSjkQrBXvYEeTsS6uuIq7k61jrymGoqoCZsW0VZHg1t4XkrK4+8kgomttZYOdkQmxxFTmES4VFuhAj3BWtLTUwNVWesaykpKSkpKSkpqb8vM/0oJCUlJSUlJSUlJSX1j+lvCoDFtn4C/2my1r7IWvkgY+mNyMwLkakXMmbeyJr7/M4XectglK0jULeNQtUqFAUTb8Ra9siomiBS0kWkoCkMayFSVkEk6RJaRZbEECvsDRXQVtNBrGSKSFXSbbEB8jpmyOnYI9bwRMciHgv3bMw9E3ANLyA4dS4xJQNkzJ6ipO0YjR2naWk/TPvyKToXrcDNxh0VeRVkxZL3+CogeT/vjEHvf2Y6AP5fJwmA5SUhsEDS5aak62eRgppQSrqBVhaOVwM5yY/+Oip42GuxsNSfL6508d+/O8QbL19kz+mrbDz7GkN7rpDaOIFnzloMUtajmDyJbNIo8knrUIpZg0z4EuTCmlHwa0DZqwbdkLnYpXZgnzmAeUoPRrFdmMX1YZ+0EpeUVThmjmKbvRrLtBFsMlbhnD+BY84oDlkjuOSsxqtgDOukHlyyVmCf3INDWj8m8R3YpHThkLwM16RW7CMbcE+Yg1dCIzb+OSgbuqKgqouupirRXmacGYji9alSikpbic5ag19sL17Ji7BNacY+axmeCcuIz+yipHwJ7S01rFycwuTSNDa1pbCrK5et7YWsXVbM5v46NrUXcbSvkJdWF"
11918 [Forwarding screenshot on session b1310904-d161-49ca-a1a6-530fba7baea8 to remote] DEBUG org.apache.http.wire  - http-outgoing-47 << "fPG2gpeXlfFpfFqXt5Qy9ubqnhncwXvTJXz7rYK3ttexUc76/jq4Fy+2lvP94er+WZvFo9O5vLzxXIenp3Dk1Pz+flMM18eLOXLqXieHcnh8cU5/HS8jq+nsvl0dxFfHZ/DDydauXt8Fj8ca+D73c18t72WLyeT+HClD8crdNmbYcDOBEOmotTZEibP1iBVtgRpsDVCm6loI3YlmbEnzYAt8ZqMhakyEqjJeLQ8F5r1+HKjB++OePFGXwwfj8Zya20Cn47lc3tjER+vTeKjiWgut7rz2do8bk1m8NnGRL7dk8k3e6q4vbWaH7fX8cOWWfw0JRzfxng+WO3Bl5vD+GJLLh9uyOPNyWThPAXzwkQQ18bjODmYwtHBHI4M5LG/N48dy7PZtDiDsXmJjMxJYKghio5Kf9orfOirD2JqSSBn+905usyCQ0tN2bVAh+2zNfn2eBG/vN3HK1sr2dVXTE6sJ0HBfngGeFOU5ciVA9W8eKiG4ZYKClLrCY2uxMHNmfgQTU6PxPDgSgmfnYnm0sFIcnNN8Q0PISijnJSyueRn5TEvw5OJKjeG8twZrY6k1FuLzlwtXlyTw6Zif/bN9uLNjQVcGiulrSwYU01ZAkNCmbN0mIb2dczq2MC83k00Ll9NQ1sf1YtXCfeDMXIXbCFLEFW1mqDiYSKrx/HKG8KrcBV+ZeN4l4zhlr8a98Lx6WvAPV/4nLcGt9xRfEvW41+2kdCabcTN2U900x5iZ+8mds5uImdtI3XeAbLmHKCu4ySptSuJLmohvriJmNxyQuIycPcLxT84nKSkRMJC/fD1cyE1Px3PyCD07K2RM7YU7pueiGyjETkkI2MVjpadF/7OZgwWunO2yY4X5xvxcqsury3V581OQ17vNODFNl2em6/Dpdn6HClS5LjgWqMOr7cY8k6bNp91q3Cnw4AflzvyQ5cJ73dp8uqoG2fHsmnKDqE+J5mh9kSO7K5g1dI2+lqWMdrXxuEtPSya30zz4m20LRuf8RkwEzsTETrKIkyEOkkN02WoNZGr+5axXfie7O2vJMNRk33ttRwfmM8Lk928tWslt06t5/aLu7j32Wnuf3maR1+e4PGtg/zp62M8+mA7P3+4i0dvTPH5uRFe2NzG2ZH57GqrZcOcMn588STPbl3hm7f38PNnB3n24Wb+8P4Y92508cmxRj4+OoeXhHtCa5YJA00+jCyJZnVPEssXh5GZZYunrzbZuY7UVdjQs9CRwxNRvLavlIurMjjVk8+BxYVsqM/gUFcdP92UbOMQP727kWevr+W/v72BB9eG+MMb4/z00iCfXVjO1R11HJkoobnIhXmlAXhYylGTH0tmbBCp0WFoKSsiJxJNh7+qirLTrXEl4/RU1dBWVMJIeBboK6uiLiOLmowMWmIJWZSFYcl77SWvOKivjmPp/ExSgw1ZUChcD0O1vLp/kCMr5rC4IAwbJTn8bXTQkCyvIMbHzoBEfytsdRQxUBShJhahqaKIlpbGdM8bCiqqqGhpYu1gTVRcKO6eNtja6eHhbkpGagSN1YUz1rWUlJSUlJSUlNTfl5l+FJKSkpKSkpKSkpKS+sf0NwXAIguPf2UuMHVDZCwwkwwLjAVG7r8x9kRk6IuMQSByJsEomIehbBWKqlWIwB8lSctgDTNE8tqINCTvo9VFRkmJ8EBnTHS0UFa1ED47o2AciGVIFgHptcSWLCO5fBW5DVOUtu6hvmcv81Ycp6nvNNV9l6gceJGK/pcoXXaGivlTNDYO0VA+Hy15DRRk5JGRUUIkVhYIw/8+5P2fkJX9r5EEv4oykgBYVjg+YZsKashIAmh5henur8UaOsjrGaBloI6vsxYr50Vy95UV/OHLPfz6y21+evaAH/78M7cffs/ZF96ium0HNikDaCWvRClxGNmIYYwzNqGdMYRx9jAWWSuxTh/BPnsU18JJ7PPXC9PXYJI+hmXGJNapkzhlbsU+dzsOpbuxLdqJQcoEeomrscndjGPhVuxyN6Ab3Y9d9lphXWuwETjnr8MifSU2wnYc0nvxLRjGPq4FI/8KdNyyUTYOQEnPFm1dfQxU5ckNteJkfwwXJ4rILluIf2ofHrHtuCUtwjJhHrZpLQQkNVBaPIdVy1s5v66GL3blcHdDBF+Pe/PV5gjeXpfMujpvzqyZy6dnNnLr5Go+O97NZ6e6+PziGF9e3cndG5u4d2MlP744wN0Xuvn+hS6h7OXui4Pcf2U1P7w4zE83Bvj49GzuXJ3Pn9/t5b+93Ms/X2mHl/v48dxcbu8q4Nezs3n4/GJ+OreQO/sb+fjQXN4/vJCP9i/kk32N3NrbxGc7F/HJ1kbensjifWHfXumN5WprHNdaE7i+OIbrbdFcW5TJ84syOD0vlONNIZyYE8qBWe6sStVhjqsic11EdEeLudxnz9sbXXlhxJPXR9N4ZyyG99aE8/5IIp+OxfHWkBfvrnTn1R5PPl+bwafrkvh8UxSfbw3l8y0JfLkphzsbyvhuk7Dfexdy/1AdH25I4v6pRn65vJpfXpzi8Zu7ePDhNu6/t5Of3jzI968e4c6L+/n8ynY+Pb+Rz85P8tWldXx6cpCPjizj1W11XB5N59raVF7ZlMEnOzN4bcidq8useGulN9fa7Xh+iS1fbUnk4clGzi2PpjfXg5Iwd8I8fPFy9ibaT5/1PWEcn0ygd3YqGXG5WDjG4hEYQkqkBXsW+/PRlhC+PRPKa+ciGR4MFL4f0Rj4uWAa6EVAqDu1KeasbbKjM9+coepgCr21WJxizInuSvoyo9nQEMqldaWsmhdDebIXOiqyBIVFs3bnKQY2nmB+/5RgKw3LJ6a7gp7XK9wjFm0iuW4V6U0TFC7eQU3fcRaMX6ey9yxpzfsIqdyAx3TYO4Z/2RZ8i3cI4w4QXHEAv+I9eBfsxj1n+zT/kr34FO6cnse3eBue+RuEedbgW7gct4xGAgrqCc4vwTEikuicXLzCo4iITyEuKRVPHx+SUuKJiQsjvzgLZ09fNMw8UbYJRMY2CBnHcBTdklF1iMDR3ZmSRAvOr4jlhXZPnp9rwMutWry+VJt3unR5u0eH19q1uLFYi5cW6nOhVoVLNaq8Mk+Xt1oNeG+pFp8PqvB1hwH3lrnzqN+Gt9pVeHtrEOvbEqlIiaShIJa9m2rYPJbHWNcgq5Z2sXlkMbvWDbFkYRetSzaxcOmqGZ8BM7G1kicq3IoQPz3SYixorgxiuDWNvqZYBupjyXLXoiLImoGSZCabSphsLGNnWyNT3Q28/+J2Hnx1jmffnOfb93bz3dvbePzRXh6+u5vbV9dzc+8Ap9a0cXKkk+PD/ezr7OWrq1f45ZtX+fbjo0J5kie3dvDsg0n++OEEty8u4vPTrdyYqmH/QAZt5Q5sXpFF1+Jg1o3nsXhJCoUlISQlWVGQY8GcSnN2rI7nwKpUxmbHEKKtwrL0EFZU5DBSn89bJ9Zz78Mj/Pnr4/y3D3fD1yf4pze38PSVtTy6Mc63V4Y5uaqI3T1ZHBqporM2iqJYR0qS/MiM8ibc2xFDTQUMtJTw83Ak3M+TYA83HEyM0BGL0RGeEcYqylhpqGOkpIiFqjLmysL8crL42xoS6W+Grakc9QUBzMr1Jt1XmzmpLmxszWV/Xw0dheFUhdkRbaOGg6rknfJKmKoqEmRjQH64PX5m6thpK2KmroieijwKIhEKwrpVVVWQEZ5TKqpKODvbEBcXRGSYJ+Ymang6WRId4jNjXUtJSUlJSUlJSf19melHISkpKSkpKSkpKSmpf0x/UwAsa+KA2NRBKB2nh0VGdogMBEaOiAyFz3rCsO7v9CSfXYRh99/eN6slGXZDbOiFvLEPqpaBWPolo27lj0jeCJG6lVDq4OvrS3x8NrWz17Cg7xRzVp6jrHcfxZ27aBo5z+zhF6jreYGSZecp6TpB0fKjpM0/QPScIwQ3HSOg4TDBVZuJL+2nsKSFgvT86VZRypIuoGUUhW2o/n8YAIt/2568BrLySiiIJe8hlkNBWxt5AwN0jdUJ81Bjb28Sj9+f4MePpvjTLx/z5JfPefrrR/z4wzV++uEDzlx8hcCcpZgkLce5ZisWeVuwzp3CpnASu/x1uBVtx"
11918 [Forwarding screenshot on session b1310904-d161-49ca-a1a6-530fba7baea8 to remote] DEBUG org.apache.http.wire  - http-outgoing-47 << "adkN56Fu7DL3oxVzkZMsiexLdmOR/UBXIv24l6wD9ucbcKyUziW7sGr9jAeVfsxSh5FI7JPWPdKYT5h2bTVeBRtxE1Yb3jDHtyKJ/AsHcUluxtN73LkrJKE+g4T6j8AGQ1LNHT0MNIQY6UoYn6SCad7ItjWmUpC0RzcU5bhkdSOe0YXtmnLsEyeR1rJHCryU9nZW8Jro1F8uc6FO5N2fLnKgjtrvXlrdSyN4Wpc2L6Mr185wP2XtvGnaxP8+eoIT6+PcffFDfz00hgPbwzx+OV+nt7sEXTz5OUeHr/Ux6MXhvjuYiffX+7g3YO1fHyilp+utvLoUgePTy/j54vtfHemhW8ONPLgaDPfnG3h+3NLeHCmgx+eG+aby0N8e3aAH892cufYUr462MutPYv4YFsV728t4vauJr7ZuZg7uxfyzd65fCm4tauDz/Z088OJdr451Dbtu2OtfH1oAR/vmseNVZXcGM2abpn7xpQPb03F8NbGfN7dmMQ7E6G8uyqcj9b4895KOz4etROGvfloNJJPJiP4bKs/H21y5OP17ny2OYrPp/L4dEsln++o4db2XF4c8uPrXQU8ObycH3Yv5+vti7grbP+Pz6+Fd8/ADy/Ds9fhz+/xP/78AfzpffjjO/CHN/kfv7zKf//xAv/89CrP3trIlZEc3tqczsMzGXx/OIZfr+Rx73gC3+wJ5s3V1ry60pYr/c4c6vRluMmfwgRn4sOdSIkxpG+hC6NtFjTmOJCWmIBfQi7hGbE01PozWKTGhhIFJirEvHUhirpKY/JLIjENdscqNgyfUH/Kkq1Z0WBDXrgM9bkWxHors7DYgiMTVbSUBlOcYEF1jhuZsa6UFaRjbeOAuZ0PYSmVLBrazrZTrzO5/zq9a4/SuGwdhY391C+dZMHAbhavOMC8vr3kzB7DN30xESVDpM/eSuOKK3RsfZ/e3bcY2Ps1ndtu0zD4BnE1h/BIW49/7jbia48SXXmQsJI9uKdN4JCwAtvYfiwj27GKrsc2LpWQ4ny8M2KwCXISjtsfAxt9UvPS8Qv2x9PXi5zCbGKSwsguTMHVywVjGw+UzMKQsY5C5BCB2CkQI+8odE0tiQux5vB4AXs6PFhfZcyFBZa8vkSXd9s1+LBPm48GtXi3V503OzR4Y5ku12ercL1BlVfnafHeIl0+6dLj1rAKX7TrcW+Z63QA/HanFu/siKGjKoLy1AQai0M4umM+E/3ljHaOsKm/m5OblzPa3UfX0jHmLhgmJb9uxmfATMIibQkNs8TPR5e4CHPqiv1pn53ArAxXRpszWVGXxOxYd9qzopioLeHCUD+vbd3MK3s38OP7Z3n0+Xn+9O1zPPz4CO9fXsPTjw7xp1sn+OX9Ezx+8xQ/3jjNnefO8emZc7wwdYAPz13iyVev8eTuVX69e5H7H+/mv317mMevjQnXfjefHl7MSxtnsX5+pPA9DWawJZzJlZksbwulcVYQFeVhFOZ5EuilTn2xHTtHCxhdHI+rqogcDyuubFjF24d288KOtbx6dD3PPrvAL5+fFPZjEw9vbuXhC+u5e2WUL08NcX39XFZUBtBb4see7jI6KiJozPSlJNGLICcjwrwtcbczxMZIgwgfVzKiQsiJDCPCyRFLJUVslJUpDguhMiqU0jB/Mr0ciLU3Js7RmExfC+pS3MkN1qc2wZZ56S4U+usyO86e5bkBtCR7EK6nTLyFKtXhzgQbKdKSHc2sxEAW5kXQV5PA6vm5dNdn0FycTFqoN5piMdrKSuhraqAkDFuZGuPtZo+jtSGGmspYGWqgp6aMurzcjHUtJSUlJSUlJSX192WmH4WkpKSkpKSkpKSkpP4x/U0BsKKxBQoSRpYoGFogNrBAVl+gZ4lIIKMr0BGG/0JbwkqYZoOMnr0w3QGRliOyOi4o6Lkj1vFA2SwYh4ACiuesIr2sDQ+vSIrLlzC//TCVS85Q0XeZksGz5HcfI6/jDCnzTwsuETvnFH6VW/AuXY9X0WacSrZjUbgNg8xxDOKXYRtZSVxKAf7urqjJiFCSlUEseT+vgiQA/q91AT1TyPs/IwmAlUSSAFjy/l/1aWI5eZTEv3ULLaemjFhPG2MLddJCdLixuYQHrw3xw8c7+OXxmzx8cIM//fEaf75/mP/24BoPv7/N2I5z+BR041g4gn3+BuwyNuFUsAmHnA245mzDr+gw/qXH8Cw9jEPRLmxLp7AtFxRvxjZ3I045W/Ao24VT6XbMhXNkkrIKm5x1OBduwCF3DI/CScLqd+KctQrHjGEiardil9SJik8Fck5ZyFonItINQGQShKyhp1CPVqjpGaCjJouDuohiTyX2znflSn84A/VBBKaX4ZDYgkN8GzaJHVimdmOV2kJV8yKaq+N4frKAO5uD+HaNPt+s0+PjcQs+3xHH4c4QGpOMef/KJF+8uJPvXtjOw2ubePrcGI8vD3P/Ui8PnlspjFvN4+vDPLnWx9Nr3Tx5rpOnV3r5+flhfjrVxcPz3Xx9tJlvT87lu9ML+fZ4Gz8cWczdIy3cPjafb/fP5+7uedNdPn99dC4/HGjhuxPL+OrYEn4Qyh8Ot/D9gVbu7O/kzsE2fjzZwtcH6rh3dCF39wnrOSCs+3ATt4/M4dahbj490M1ne+dxa+dcPt42mw+31vDRVC0fb53DFzuX8fmuRt6YjOKj3eHcPpDH+xvLhGn53NqazccT6Xw2HsU3GwP4cp2nUEbz+bpUvpnK4Pa2cG5tduP2Fl++3BYpLJPMuxtyeHdjLq+vi+LasCsfb4zh9sYSfpxq4sm++Tw+NIcf9jUL213M50eXc+v0cr44281X5/v46mw/X53u57Nj3dw+2c/Hh5bz/r423tuziAPLU1iUokl/mR4Tc2w42B3IrjZnrqwK5OV1Qby3PZpj3Y4cHAimMkmP9BgHAn3tiQiwYOOKfPaNJlCe5IS3RxAGHtHoezrg6aXAhjm2vL7Knfc2e/H+hQrqCm1ISfDDMtQHh+R0HL0iKE0NY9dwEdsmSxjoK2JWXRzpcca42MtgYSPGykmD0Dgf3Pw88AyOREHTGvegTEa2nJkOfENS6wlLbyCtvI2ixgHqFo4wZ+kK6lt6yapYQOnsHnomjrL56Bt0jJ9lyZrztK6+RGPvSXLn7SCuci0Zc7ZR1XmSxRM3Gdj5CUO7PmfJ2jenLd/wFvNHrjKr/wx5C3fgn9tBYGYdXjERBCeEYupggF+oE76+dmSmxxDo44Gvpzt52RmEhwcQFROIlb0ROmZGqFu6IrYQriWrMGSdY9DyDEPPyoKS7HC29ZdxcrSE8hBVaqOUOb7Yhbfb9fm4W4vPh7X4cpU2n63U5pNBLT7uM+StNm3eaNHi3VZtPl6qy+1+Q26tEObp0OdBuzM/dpjzQb8ZL2yIZmFJNNV5mbQ2RrB/YzMT3S2sbF/Fpr5WntvRxorlK1nWupa58zsJSv5f7wK4QqirgGAT4dh1iQgyJD/Zkba6KGalOXFlyxLOjs5nvD6Ns/2LeHHNSj7YuoPP9x7mu4tnePjOZZ5+cZ1/+v4Gn11ez+YlGbx3rI9f3zvEr+8f59d3zvDsjfPcuXySz8+c5q39x3jj0FGefPk6D758jnsfnuC7m9v55b19/PLaNi4PlnFiaR77W7KYF2ZGfbgJszPtObi+njW96fQuEb7js+MpSnOgMseJ3pY41vcWUJVoR4SNColORmxcPJeXdm3itQObubCxl5f2DXJVuIaPr65jR3s2U20ZrKqNpDvfj3kx9lQFGFETYi7Uly2zkt2JddMm3F0XK30F0uKdSIpwwcVEC09TfdL8vYi0sxa2Y0+IkQGhJoY0RoVQ6e9KbYgbea6mlPhZ0lcWR09xKItTHVkQZ05dkDZzo00p9dRgdqQ1rUmeLEz0Jt1Gm1JvS+bFeVHiY8lIdTrdBTEMlseySqiXC2tbOT2xhK3dc6hJi0BfToyjiREOxsboqSjjbGGGtb42TmZ62Bmo4WKui4OwnwZqSjPWtZSUlJSUlJSU1N+XmX4UkpKSkpKSkpKSkpL6x/Q3BcBKBsYoGRoJjFHWN0RBzxA5XUNktQ2QEcjqGCOra4qMjikiLWNkNA0Feoh0jIRpw"
11918 [Forwarding screenshot on session b1310904-d161-49ca-a1a6-530fba7baea8 to remote] DEBUG org.apache.http.wire  - http-outgoing-47 << "nhtc0Salsho2ArLuKKg441Y2xdlvWB0LBOx8czB1i2W1MKllC3YR2zNLsLrdxMxbw9+9Zvxrd6GY85mHLKmsMnYgEnqMOYpQxjFD6IeO4RiTD+KkctQCanHLCiNnMJ87MwM0ZB0dSkrg5xYjEjSKlcoZwp6/zMzhbwzk7z/V0Jm+j2PYhkFRHIa011Ai+XlpgNgeUkIrKqIWFcNa1s1yuL1+ezILJ68Ocy9T3fz49cXeHr/Es9+3MPPX0/wPx6f4r89/pirr7xF4aIJgusmcCmQBMCbcS/agXfJXrwLDuCSvgerhClM4zdgk7sVm8KNmOWOYpa5EtusNdikrMQ0aRDzjNXY5U7gmDeBU94YtqlD2Kb04ZDSg2d2P46JS5C3y0HHqwyRSSRyFqHImwcJdeqKWM9FqEeh7tT0UVJVxsxAnngvNTryzNg3x5rrna5c6QmhOc8dj7gM7CXvCY5pxjxqEebxS/DOXUx6Xhojbcnc3JTKl6P2fL9SlW8n1Hh70pZ3j5XSVuVEe10wX17bzDdXt3L76nY+v7pTGN7Mwyur+dOlXn55bpSHz63nwaUxHl5cwZOL/fx8aYhn5wb5w/kRnp1ZIZQreXKmh18u9nD/TDv3Tnfz8FQHj88s46uj86db8v64ex73zs7n4Zlm/nCyjWfnl3P/VCtPBY+OzOWXE4t5dlJY7ngbf7y0hB8OVvP0RAuPDrfy8Og8fjrZwPen5/Dt6R6+O9nPT8faeHiinUcnu3h4bAn3D7dx70A7P+7p4u6e+dw7UslPR3O4d7iCH/e18Pn2WXy9Zza3t8zim40FPNqTx+210Xy3OY+v1lfw3bZKPlkXx4cTfny5MVyYL05YJo2Ptuby0VQeb66P4o3JQD7YGMEnkxncWpfHrfU53NqSxac7Sri1s4Hv9jZwd2813++q5ttdtXy7exZ39jZx56CkdfJsvjiyhPf2LuCtfQu5MFHNnAwXarLCSAhwJD/Wh4IoZ5oyPFhU4M6KhkBWzA5luCWF7HgvMtMSCQ6NxsfTj9LMSBZWhFKQEENUdAVO0TUY+4YQGGbNQI0XZ7sjOdYRyurWFDKiXfB2s8YuNBC72AysnOIJcvUn2NGMwAAzDM3U0dTTwMpKC20jeTSsNFGxMSChrJDiefPJqGxCw9wTa69EqlpG6Fl7hJFt51k0vJOy+SspmNVHUf1ycisbyS6rI6e8gczSRlIKBcXzicufR0HTEItHjjKy6yardr/J8I5XaV55mFl9u6lu30ZDz34WrT7DopGzLFxxkrl9+ylqHqNg3jDZTV2E5NTiG5lMdEQUjlYWRAX7EurtSkp4MBGeHkR6+ZAZFUdMYDDRIQE42psTGO6LppU1YgtbRHZuiF2jURLud2auvqQl+rB7tJZDo9XUxFsTYK5ArK8uW+e78nanLp/2avP1iD7frdUT6PDNhA5frTHm1qCg14RPu/T4vFOYp19fmM+QL7oNuNfrwO1Funw87MSJ4Qga8mIpyUilZ1EMU2OzGe3uZE3nKFv6WjizsZnuRSvpWLqZxjlL8E0smPEZMJP5rZmUVoYSH2dDUrQFdfk+LKoIYv3SLL64OM5r25ezPNmdo4vreHm4n/fXbubLbYf4dNdePj60k3ePbOGN/WPc2LSM8yvruHthlGevTPHnD45y//ktfHVmI+/uG+fjIzu4dewwr+zayodXjnL7tVMcn1jCm/tHON3fwHP9TSwLdaXOWo8FHlbM87ahwE6HujAr2or96WoIo70hhE5JWR9Ka1kAG7rL2NRTTVaABT6GirhoKVMY6MKqphJhO6Mc6Glgf1cVq2bFMDI3juWVgcK14E2MlRxBuiKijMRkOmiTaK1BpIUS1QkeRHvo4GYtQ6CvHump9kQK32kXfVW8DXSojA4nxcmOGuG7vyA+mmWpcbREBdAU6EhTkA3tqd6MVkazb0k+r2yYx1uTdZxbFs+6EleafJQpd1GmIdCU/vwIRspTWJ4RPm1epIewrkD6ssPoTPWjPzdAmMebdU3xrJ2bIVyDqSS4GKMvPJtyo0LIDA9HV0EBc00NXIz1iHB3IMbLkdyYIJLDAgn2dJuxrqWkpKSkpKSkpP6+zPSjkJSUlJSUlJSUlJTUP6a/LQA2sUbewBQ5PUMU9Y1Q0jdAQUcPOS0dxNo6yGjrIdI2QKRjiEhLQh+RJADWFMZJaBgJTAUWyGjZIqPhgIymi7CsB7Jav1G1DMEmvAKfnE4cM3oxS+nCOLMHrcSlaCd1ohHbgVrEEtTCF6IcNgfVkCaUA+cg616Hgncd6q5FKDsmYu/rR366NwYaSugoaqIuUkVBXh6RggwiOZkZg16RrDBtBjPNKyMrJxBPk5W0KJa09hX9TjJNGKcoo46SSOu3LqflZVBUEE3PJ6uhhpq5Kh42Yibm+nH71Dyevb6KB+9u4v6tPfzp8Vnuf7edp99thD+e4tenL/CHX7+nd+NO3POWY1ewAaPs7ZjkTmGUtQWD1E04lhzCqeggnhVHsMnehEfZNsySBrBK7sWnaA3+JeNYZ67GKGMc47QxnAq34Fe+E/uklTjF9+GZ1IGJTxmatvFoWIeiZeuPorEdKoamqAl1ribUp5qSBrrKijgZKZMbYkxflTvHeyN4rt+fi4tseK7Nka2zvciLtJ9+z6ljSA4WfgWYe+fhH1VMRlIqVbF23NxUws0RPz5cZcenq414d7U+N8fdeGVbPnUxBuwfrOebazv54vIGvrw8ye3L6/juwgQPzkzwy4k1PD4zwo/nVvDj2UFBH/fP9fDo4gCPLvTz6Fw/D4VxD8508+BsJ4/Od3JfcO9iNw8v9fDk+b7pVsM/Xxvk1xeGeXa9m5+v9/Dr1T5+ud4vjO/jj4Jn55dNB8I/X+jm6YUOfr7Szs8Xlwifl/Pk7HKenlsqbG8xD4Vx9y90Cdvo5vE5yfgOYbkuQee0p+e6eXK6m0cnl/DwVDP3TzRy7/hcHhxfzE9HF3D/+ELuH1nIw8PzeXRkNj/treXH3Q3c3dHA99uq+WZTLrcnE/lqXSyfrUvk403ZfLCpiA82F/H+phxhOJMPN2bx+dZyPt9Uzq2NpXy2uYQvpqr5akcjX2+u5vvNFdzdWiko57utZXy1pYzPpir5YKqW93e38PqeNq5sW8yuFbNYPreCxlkLqK5ZSK2gtHgW+VklZKdmkZ6QREpcIpFh0QQFxeLiGY2dSyR2HmF4Bgbj5uWOlb07TgFJBGfW4Bgej423C4EBjoT6WeDtqo+7py3mdmaY2JqiamGCkqklOiYOWJhYYqKvho6ODHqGyhgYqqGhJo+piQGGwnzOoV6klKaSX5ZCVKQrZUWJhIT54xUahWdiPqHFC0ie3U9eywjli1ZSvWSEirZhils6KV/cTfXSbkpalpDd1ExiZSNhBXWE5DbhllBLdFk3KbNGmL36AAVLJ5k1sI8FK07SPnqFnrFrLO45jl9EHdFpTXhHZBCVmYuFhwsuXi442ljg5+GGr4/XdPf1gQGBWFlYkJmaTJC3J9lpyehoqRIQ4odzkB/KDk7ImVujaOeOon0IBnbe5MV4cXi0mmtHlpCa4YG1ow42dsYYmxuyqsmL1ztVubPSlgfr3PhmVJfHu7X4apMcX27U5ot1Jny2ypCvV2lxZ1iVeyu0eTxkzK0uYdoaKz5bpsWHg25sWBxJaVoWhcm57FiRz/qxKvr72xhrHWTv8Br2bFjF3KZlLOtaT3xWDdHFC2d8Bsxk1WgdPf3F5Oe4UZDmwMKqYOrTbNjTW8CtU0N8tK+T0cJAtpQlcrShhutCXZxqWEKrTxhFwrma7e1KvZsFbREOHFmYw+393dw52s23J/t5e0sz70wt5qW1Lby1fZBvzmznnf3r+er6Ke6+dpliXxvq/GzJtdCl0tqULj9venz8aPfwpt7SirkerhTYGhBrpkxtjBWLC1xYXuxIV7kXg/VRbFpewflNffgL97QoYb6WnATqYr3pLIphpCqR1ZXRrCwOZrQ2iqZMBypSbZlX4E2QmQw+OiIChe9rqIESftpyxNjrURjpTGW2D2lJNhSWuJOcYSl8D3TxMtIg1NSQkgAfyn29KBO+P6UudjT5uhKvqUKmo"
11918 [Forwarding screenshot on session b1310904-d161-49ca-a1a6-530fba7baea8 to remote] DEBUG org.apache.http.wire  - http-outgoing-47 << "RLl9lr0prowkufBijwXXlotXKtb6/lgJJtr7UnC+fOiK96G2QEmVHqakOdoQI69IakWWqQYq1DnZUG1qy6NXvrUuavT4KdBhZcqDeHmzEv0IM5WGztlGUpiwoh2ccLFUA8bLXVsNdXwEvYtytmGeC9HXM2NsTbUn7GupaSkpKSkpKSk/r7M9KOQlJSUlJSUlJSUlNQ/pr8pAFYwtUPe2Bo5A3MU9I2Q19VDXkcHeck7bQWyWtqItHV/C4El/joA1pAwFBhPh8CymhYCK4ENYk1b5LTskdF2RqTrgZxtNOreeagHVaIUXItcaCOyIY3Ihc9BHCwMB1QjF1iBvF8J8t7FyDjlIGOfjapzDlrm4ejZBuMX6EZenAMa8iLUxLqoirRRlFNEpCxCJCf6j4GuYKbwV2KmeX8LgH8jK1YUSgVEMvK/lXJKiBRUUJLVRl2kIwzLIVIUIasgQl5ZG7GGFupGMoQ6iDg9mMQ35xbx6OYAD94a4ft3VvLrw308+mGKf/71EP/8h+P89z+/yHc/vMrhC1dIqB/FtWQ3NqUnMMvfhkvNQSwLt2FXtBvHkj3ox49hnbkB96KtuOSuxTlnNTYp3fiUjONWtgWr3I045q4nqHKKgNyVOATPwsYtExPzANycAogIDCUnKY6SzDgK0sPJSQ8mJzmY/IRQCiP8qIp0Z3GaM5ubfDiyyIULy2w5v8CIc7N1uTzfim21DizNdaE0wYOkqFCiouNJik+hODmK2mhrrgync7Xbg9f7rXlrwIDXhw25OebE6xtiWJaoTke6C+8fHOWjE5N8dm6cL84N8/XZXr4/Nci9Y6t5eGScH48N8N2pjmnfn+7g7pkOfjzXxU/nu7h3QVJ2CmUn9y918fBKD4+e6+X+lW4eCOWDq308uT7IsxeHePbSCn4RSMpnLw7zs+DZS8O/jbs2yC+SUPhqP3+49ps/Xh+YHvfsuR5+fr53elhSSj5L/OH5mf3yXDfPLnfy5GI7jy8sn/b04nKeXVjML+cX87Pg2dk2npxq4/FxoTwufD7eyrOjC3h6qJEn+2t4tK+cB/uquLt/Ft/vm8W3u+v4ZmcNX+2o5qupKm5PVfPNjjq+3SVM39X0uwbu7ZvDT3sbubtTmF+YTzLv51M1fLJ9Du/vWsKLm5dzdM1S9o32cXjzenZPHWTtxpOs3Xye9VOX2LDtMhu3P8emHX/x/PS4sQ1n6B85wNLebdS0DFKxoIe8WW1kVM0nqbQBz+h0rH0jMHLzQ9PGBS1bV/SdPdG2c0XFwgJVcxN0ra3Rt7JGy9AYLV0tdPXUcHI2xcxEBzNTLaLCg3CwccDO1gULF3d0zfQwNRCTFWPN4KJMKgpDcfSyRdvNAwW3COTc4lFxjUfXNQYjn2RsogtwTSkjqLCOmMpZRFdWE1FSSmxlDUWLOshf2Ev2gkFa1x5j4dqTFLdvonHlQdKb1pA5axUlcybIKesnOnE2bp5pxAnr8vANIz49Da9gb0LCfQj2dyU1LRHvAH8CoqKxdnMnNC4W30AfQsL8sLO3wM7FDp/wEHQdnBCZ2yG29UDFxhNN4T7l4+XLZEsWVyar6FkQhZG7CVqudhi5ugv3MkcWFNjxWp8Wd8c9eLTFjx+3mvD0mIZwLShw54A+3x60585uO+5u1+fuBjWeTerybECXr4b1+HiDOa8tFPPl+jg6qsIpSS2hMq2AI2NljK4up7V9DqNzl3B41Va6lg7Q3jHCrLk9xGY3kVHbN+MzYCbVlcFkpzmQHGVGTqwlVal21CdZcm5iFh8e6mZjfRR9ya4s8rem1cuZgfBoeoPime3sS5iiMjnmxmQYaZBrpkyjlwE1riqU2SnREqLLPD8tehKtWB5lyvqSYG5tF67nKzv5+sI+3j+2jTJfJ9zEIlK01KgWvk+1FrZ0BERRamSDj6yYGjdX5kYF4KslJsdfj4pIfYr8FZmTaC7cy0yYl+nNQEM2Ufb6jLXWMdhUxLbuOZxcs5jTq5pZ15jC1Nw0lmW6k+iljKORLCmBBgRYyRFpq06wsRJxNgYkOhiT7mWFp5ECWcJ9bnZdIJlZphSX25EtnAs3PTHeeiqEmmqzNC+Zpmh/Mu0MKXWzwFd4HgUqCcdgLEOSoQyRajKUO6sxVujOuYWxnJgVzFIfJTqCTSkwUqHO04QsG22ynYzJF7aZbKVFlbc1jZ5mNDhos9DFgBxhfQXawnrMZGgNsGSsIJ7Rkgxmh/hQH+xHbVAgIbraRAvnPs/HlTR3WyKs9PAyUMRMeEYaqohmrGspKSkpKSkpKam/L//+ByEpKSkpKSkpKSkpqX9cf1MALDaxR8HMHkVTG+QMTJHV0UOsrY1YS2uajEAkoakr0EGkIaGNSF0o1YVx6vq/UTNCVhICa5gLLBBrWAmskdG0R6TnikjfE5FpMDKOych5FSD2K0fkXYrIpxKRewki5zxEbgLnLGGeNETGEYjMEpE3i0NJ1xN1AytKS1LJiPZBW14WNRl1VGQ0kBcrIBKLps0U6s4U/krMNO+/D4D/EgLLyasgp6yOSEnYnqwuKiLheFVUhWMWI6soi5ySFoo6OuiYyZMSoMjl0SweXO/i3s3l3H5lAS+freCX+5M8vjfJP/1xL398tJ8/PLrAL08+5drL7zKr/SiBxYdwyDyId+FW7FJW4J47iUPqOPbp6/Aq3o1d1iYccjdjm70B19LtuJVvn241bJMxjkvGGnwy+/BPmoODewRO1hYk+tlSl+hCX1kIY7URTFSGMVEewkh5KB01ESyriqarIn76vZQrioVpZd6sLTRmU6EKO4tlOFIu5lyNCldmaXOxQY/z8y3YP8+D8cYgehuiacz1piRCj9FZ7pzu8OTNVS680afNR0Nq3OhS49pKH3Y2e9AQoMnRrmo+PTrJp8cn+PTkIJ+fauf2yTa+PbGMu0e7+fHwAHeP9fDdiXZ+ON3Fj2e6+elsj1B2cu9cNw8u9gi6eXS5h8dXenn6fD9Prw7w7NoQTwXPrgsk5e/Dv7ywgp+nWwIP87NAUk6PuzbIH67+5o/CvH/x83PC+i738uxK37/47XMPv17rm9FfQuCfr3RNB8FPL3Xw7FI7f7y4mF8vLuTXC4v4w7kl/Hx6Cc9OLeXJySU8PrFY0Mqj4wt4fHwuj47N5smRBp4drOfZ/loe76vmwZ4q7u2q5IddFfy0t5ofhc93d1fxveA7YfwdobwllJ/ureGz/Y18dqCZTw608v7+Dl7e3sPlzSs5NTnJvjVb2Taylw0rDrNmxRFWrD7GwMgR+lceYmj1UUbGTzE6eZaVYycYXHWUvhUHBYeE4SOsHD/B8LqTjGw+w4qNJxlcd4SBycN0jOxiYe9GmrvXMXvZaooalhGbW09gfAHeUak4B4Vh6+WPtYsvtk5e2Du54+Boj5OzFT5+LkREBmJjbY2enjnGJm6o6vlgZBGAuaEZiUHObFuzkIrCMKydjdBxdUbdKxw1z0TUnBLRtIlB1SoUBZtA1J1D0XINQsctABOfYGyCo3CJTsI+PBGXuBx806uJLV9EXfcWlk6cp33yIv2bL7J01U4a2vopqGkku7hsOuBNTk8jLimJnMJiYTiH3OxsasoLhHtNAUnp6QRGxeARFExWcRHBESGkZiRhYWtGWHw0Dn6+wj45IDJyQsEuFEUL4d5k7UtKfBwHVs5jdG4Coa7qaFkbC8fjiYatJ/q2HhRE6vPqSjtuTdhzb68LPx0w5OfL+vzhRTO+O2fJg+d8efRcID+esuOb3do83K3P3RWa3FljwKfrjLm5XJW3J1KYlRJERVoWC8tzODpZy4qBBlpbFzM6by5HRidZOr+b7o5x8osXEJ3awNyOrTM+A2aSm+RFQrAVEe66xHnqkuCmTry9PFuX5LN5XhpDRWEM5oTRkxxMV1wYEQryBKuoEKqmhruKmEhLfWbFB9NZmka8lSaeCiKybNRojXJkVXYAu2vj2VEcwqpoKzanOHOjo5SXxhdwZkUzWQ7aJFtqk+9iS7qtDaF6RgToGOGrZ0i0gw2RTqYUJLhTnetDVa4buVGm5AYaEWmtiJeBHOEOijTk+JDgo8fqpRX0zyumMjFAuF+5MTc1iOIAKxpin"
11918 [Forwarding screenshot on session b1310904-d161-49ca-a1a6-530fba7baea8 to remote] DEBUG org.apache.http.wire  - http-outgoing-47 << "Zmd7EqokxKBzip4C8tmhVpTneRJtL02cXYGJDgYkyPcRxNcdUn20aKvJZLWJifa5jsyp9KeJH9NIoXzEuGqQUmiOyUpXvjbq5MSaEV6kAOO2iqkeJgQZ2NInIU2CabKFDrpU2yjyeqsCEbTo1mdEkVvVBDzAjwodLMmy9uGvFAX4Xwb0RTjwZqsKDbEB7ErzI8V5kassrGkw1CfUQ831gYG0OXgyIbYeJY5OdHr481sSxNqLPTJN1Vjbqg98xJcqIqyojrRlrJEyxnrWkpKSkpKSkpK6u/Lv/9BSEpKSkpKSkpKSkrqH9ffFADLmDqiYOmMkqUj8sYWyOgaIKutg1hTE1kNDYE6IqEUqWv+Cxm1v9AW6Ah0kVHVF0oDgRGyasaI1c0Qq5kL81sg0rVDpOOASM8NkWkQMrZxyDinI3LORuSah8gxB5Gt8Nk+TSiTEVlFIdL3E5YLFbbtg6K2PQoK8gz1NuNsZYCmrAwqIjFKYlXEkgB4OtD9/1cX0P+2BbCkVFBURVFNSzguHeTljFCSlbR21kOso4aihjJiZS1UdHUwsVGmIdeaFzYW8vSVAe7eaOfD5+dxYns6v97fzC/3t/DDV+M8+n47f3h8mbvf3OCDjz+ldsEk4QWTOCetxTNjDJeUlXhmrcUufiWuGZO45WzGPm0dTjmbcMzdiH3uehwKN2CRvgqTyGVYhczGyCkFW2d/YsN9mZXlTV+lD5MNnuye582OWhc2lTiwocCR8UIX+otd6C3xYKjYl9VF/owVeDKebcX6bF12FqtzuEKZU1UqnK9W5flaLV5r0uP1ZhOO1VvTmWpAUYAK2T7KzIpUZ1uTI9e7XHmt05y3O/V5uVWJ99Z4cG4wljkRmmydl8ZH+8b45MA4Xx4b4/NjXdw+0crXJ+Zx58QCvjvexvdHO7l7vIsfTnZx/2wfD8/3/66XRxd6eXypTyApe3ly+TePr/RNh7sSv/zFCyt+D3qHpj27Ovibv3x+rv9fAl5J6PvL8wPTJMM/P//bZ0k4/C/jJfNelrT0/Y9+vvKX4S6eXOzk8cUOnlxYxi9nW/jDmXn8QdIF+IlmHh9v5tGxFh4eX8iD463T3UP/dGwBPx6bx91jc3l4eBZ/3FvBn/aU8+vecv64r5Jf9lfzdH8NPwrjvt9dzjc7y/lyRxlf7Czj1q4a3t+/mDcPdHFzbw9Xt3dzan0ne0e72DLcz9r+Ecb61jM6sIs1g0dY1X+KkeHTrF1/mY1br7F1xwts2f4C67c8z8SGi6zdeGV6eOPUNcF1Jjc/x/iGS6xef5H+0ZO0Dx6ge8URVm+8yMTW5xnbfJnhtWfoXnmA9qG9dAll3+qDDE0cYHjdbpb0jDN/8RBN87spq5pLZnYRyWlpJKQkYWFjg5qmMU5uYWQXNDN/+XaqZ6+itrKV9rmt3Dhzhp62NuITM7HyiUHZJhh5M1/h3hSAgWMwhi4haDsLnIJRt/NB1dINNQtXNK3cUTVzQd1SKK08hOmB6ArzWvgn4RZejk90JWklzWSUVFNUU0FcRgQxyQHEpwaSX5RMfmEWGVmZZOcU0VBbz+zaUooKc3BxdyUgIpKKhibC4uPILS4gLDqcqORYotJScAgKQdHYFlmzQEE4YlNhP61dKc9Po6s+ixRvU5xM1DGzc0bDzh85M28M7TyJ9dTg6ogvN1cbCd95K74+psyfXrfiT++48tPLbjx7L5p/+iSVRzf9+easMQ8vmPL1Bk2+WavHR6u1+WKrN9ua/alJiqchM4nxJUXsn5jFUHcbve0jbO6Yy87RAZoXdVE5u53U0haSytspaF434zNgJhaaIlzNVEkOtKIs0Z26FA9ibDXY1FbG5YlWBovC2D6/kOH8GFojvWnycSHXzhJ/PTUSPazJCfdkbkGSsH9RxDgaYSUvIkhXgVnBtrSE2dEeYUN/hAXt3qpsTbPlWF0o5/vK6S0MpCrIilnRXlQJ97IIS1MibawJsbIkxs2eLGG9hUme5MXbMEe4xzWWulGZakt1nCO5AcZUJdhRk+pAfpQJLRXBtFZFUhTnToClDvWp/rQVxxBrb0plhCNNqa4k+uqRF+dEkr8JMa7aZAdYkOZuTIiREsnCfuf72ZDhoU9OoA6t5U6Md4ewst2D0Z4YKjOc8bNTxEu47yeE2hAdbIWjhQoR/rYkhLhSlRFDbpgPIaa6JNqaE2Wki4+CHEHKsszydWFhkC9lFqaka6mTqKtFgqW+cJxaGCmLSfCzYnF+FHmmWoxH+rHB05UJe1s2+3iz0tGBtX6+7ElOZNjDlS0xkawLDRSGnVlma8JQkBPLA6xYIWkJne9Dc5I1S3OdaM22nbGupaSkpKSkpKSk/r7M9KOQlJSUlJSUlJSUlNQ/pr8pABaZOiJn6YqilSsK5rbIGpoio62PSENrOgCWUVdFVk0VGVWVaSJhWKSm9htVdYGGQFOgLdAR5tH7nb6wnOF0y+DpLqK1LRDp2AocEel5IjIJRmSbiNghDVm7VETWSchImMchMvZHZOAhrE+g6IiKlhl25sqs7puPkljS+lcGFYGiovJ0SCsj89t7e2cKdWcKfyVmmvevA+Dp9f7utwBYB0UdYxRULZGXtxaOyRCxrhbKuppo6JugoqmBmYUSqxbHcvvCIn58voPbl5fw3vkWLu4u508/7ISfD/PVeyP8/MM+/vzzVf747H3G1o2w7fBzZNatwiZyKR4563GTvO83bysOqWuxSVyDWfQgVrGDWMT0YBTehrpXA3rB89D2qUbRLBTfkGTysvOpzk2irTSSoUofJqqc2FJty44aa7ZVWbGt0o6pKmcmy51YWWTLymInRgpdGC3wZKLAjbFsKzbkmTBVqMfOIg32F6lzolKPq7OteGWOLRsjZSi3lCHbSZkMbz3SPFRoDFXm8Gw7XllkzXvLrXhjqTU3l7nwyeZCGiO16SsJ5v19a/h4/1q+PjbJrX09fH10Gd8cn8edk018e3I+351q5dsTy/n+eAd3j3fy06ke7p/p5eG5vmmPzvfx+GIfTyThryQEvtjDowvd055cEcY/1z/t6fMD02HvXwe//37avw+A/xICS8Lfvw6Ep8dNT//PA+C/9vTSbyHwk/PL+Pl0C7+cmsPPJ2bz5FgTj4/M5tGRuTw+Pp/HJ1p4cGIB94438+Pxudw9OpdHh+r5p/1V/PO+Sv68t5pf9tbwdF8tDw7M4rs99Xx/aB4/nFjMdyfa+PxIK+/ta+PGnlEubN/C4Q3r2DG2lk2j61k/NsXkun1s236ew8ffYP/BN5jc8DzjY5cYX3uFgRXH6Oo7wLLOXSxp38nSjl0s79rN4MrjrB4/x/rNV9my/SW27rjxW7nzdXbue4e9hz5g1/532LTtJqPrnqd/xUmGVp1hw9aX2LH3DWH8S8K44zS3baB+/hAd/VOsnjjO+PqTwvaPsmnrYVau2cjSriGal/ZQP7eTxKwGEnKa6R47wcUbd3jxhc+5cuIVLh66zpkDL7Fnx0ts2/86Gw+9wZrdl2kdXEtqcQlOgaFoWHugau6OukDXyhtj+0DMnUIwsPFF19ILXWG6hqUz2rZumLj5ExSVS92cdrIKKmlrX0pMfDA5+dEUl8WxcFEF+QWxxCcEM3fOLFqaF1BZXMDc+jLsrE0JjQhl7qJWYlPTqJ7dRGRcFEERIZTWVWPj5Y2BqxcKlu4oWsQgoxeO2DIUawcHqgrjSAqyx1JLAQdTS0yMnVE29UfRJhxdG2d8bVTZvdiXlzaa8v0VY+5clufX9+345y+Cefi+Pz9/Hs8/383jycfRfP2yFY/esOLOYQO+22rIF6PGfHM0g5YcRxpzi4TrPZET6+rZunIeKzoHWdO7liPrlrFprJP6lg7mdY0TX9RC7uwRfFJbZ3wGzMRUUx59ZRnczNWmW7TWpHoRaaNDb3Uy+7oraUl0ZEVpBDW+JrREu9GdHkpbYiB5XjZkh7pRGO9Peqgr1RmhZPjbEmiqhK++AkXCvWN+tC17FmTw9vo57KryYX+VF6tSzbl1pJ+Tq2azJDeYWCttykK8qY4KJMrahHALA1LcLSgOdxCOOZjWYjeG5wXRXuVCk7BsaZgx5eFm9NZGkOShS"
11918 [Forwarding screenshot on session b1310904-d161-49ca-a1a6-530fba7baea8 to remote] DEBUG org.apache.http.wire  - http-outgoing-47 << "VmcGfmRBnQ1xVCZ5EhFvAOdtbEMNSVRF+9Cc7oLq+clMivdg5wwa8LtVQg0E5PqpkuhnyWRpmpEm2mQbK9LSZAFs9McaC60ZmN/BGs6Pdk5ls9gawEhzoYYq8riaKpBbLArge42uFjoE+PrSlZYAHHODkRZmhNvaUGqpRW+wvPTR0WOHBcTlieFszQ6mI64cOaG+pLuZIavmSqBzmZUZoUK24siwViLqaI0tsaFMejpQKuDJQtdbegN82BPZTZD0b4MRXozGOJKt5c1w4H2bEj2oT/CjpUZHoxXBtGT78pAqQ9NkUb/oZ6lpKSkpKSkpKT+/sz0o5CUlJSUlJSUlJSU1D+mvy0ANnNExsIJeSsXlKydkTe1QkbH4LeWvurqyKipIquqgqyKokABGaEUqSj/TvV3aogkXSQrawjTtQTawjK602QEYnV9ZCXvCtY0RaRlhUjHCZGex3SX0HJW0chbxyG2iEXWPBaRUbgw3Q1ZPUfEctaoqNqipKrJwqpoStICUJRTQV1GjJqMCBkFWURiecQySshKQtsZQt2Zwl+Jmeb919a/v7/3V0Z+mqQLaAVVbdSNrFDSckRW0Q6RonCOVNWR19ZAXdcIbaF0sVVkajCdP72/hltH5/DeoUZu7q3hrRNzufPOCPx8nB8/Xs8ffjrO43vP8cGHF8gozCQ6p5KhbVeIrluDRfY2dJK3oJO4Adu87TjlbcS/bDMBeatQdy7A2KsQfZdkVLVcsbAPIjUulPmFQSwu8Kcz14vVhV5sLPZgd5UPB+p82DfLi621rkzWOLOq0paeIksGSl0ZLvemv8iTvnxvhot8GS7wZKzUkzWFjkyWO7B7ljs7axwYyzJhgY8yxQ6KpLgaEe3jQKi3LWkBRrTEanB6jhUfddrzbpsN7/aHc60/g+UZTsxLc+Xqtm4+ObmBjw6McvvIGr462MOdI4v47uhcvjs+h29PLuDOqTZBB98f7+SHY538eLyLn0508+B0H4/P9Qv6eHSuhycX+nh2qV/Qx9OLvwXBz64MTnt6ZeBfhiV+fm7o33z+bdzgdGAsaTn8l2D4L+GwpJSMf/zcv06bnu+SsI0ZAl8JSeArCX7/Ev4+Ot/Oo7PLeHq6lafCcT05NpdHR5t4dKSBx/9iFg8FD47Uc+9ILT8dqePRwVr+cKCen/fP4vG+Ju7tmcd3e1u4vXcxtw/38PHBft7c08+L2/q4tLmH0+sHOLJ+Bwc2nGD/1vPs23WVvftvsufwW2w7+Cbj215gxbrzDI2dYnj1CUYnzrBl23V27HlV8Brbd7/K1M5X2LztJTZufYFNUy+ydsNzjIyepX/4GD0Dh+nuP0TvwAlWj15h/cYbrF3/IqPjz7N28gWmdrzOzj1vCeu8ydhaYbnV55lY9/x0aLx5xwusmThH2/LtNM4ZY96CcZZ3baBnaDPdKzYwtHYP1fMGictagHd0LenVy1i/9yLnLr3L1Qvvc+30B7x0/ivOn7jN2XPfcuzclxw6/7bgeQ6dPsbhc2c5+dwrHDzzEuumjtOydDUZuU0EhecSHJGLq08cLr6R6Fo6Ye8bQGJOHg1z5lBdXcWsuhpcnOyoKM2jtChLkElhXgq5WXG0tTZQVpJBY30RteXZeDiak5Eax4KF88krLqS0qoqqWbXCdoLIKcolLDEWYxdXVK0cUbbxRc4kGlnjGJRsQrC3NyE1yhZPJ330hXuCnpYJxvr2qJr6I2cdioG9Az52+ixIMefDE4F8flmTx2/p8OMrxvBtHI8/Cebpl7H800+5PL2dwJ13HXh6y57bF4z4Yb8532924dSKMBry/KnPyWVkbgov7FrIRM9yRrpGGFzawfk9Q4wOLKNhVidLlm4gt3AJDfMnaGnfMeMzYCZ6qnKoyYow1ZDD306bcCctAkwVKI+0Y7A2mvZ8P/pLQqjyM2DtrGRWlESxKNmLPH9rgu31cTfXI9DRkFhvC2I9jPDQVyTOSYW6WCt2tefywcEOPjnQxq65AZxdHs3ackfOj9awbkEGSY66ZHka0pAQyOzkEMJMVYkwUyHcVJkCP316Sn0YbfSnv9yGxZk61ESoUBqsI6zbkuVlAeQFGZEXqk2EoywrWhLY0JVHdZIla1qTObGukd0DRewbLGJ3fxHLysKId9bAR1+WUHNZkh3VyfMyIsFGixB9BaLMlCj0N6E2wZJZGQYMLXQTrr1EjmytYqy7moxIVwKcjHGx0MDZXBsrPU2sdZWI9nIgxs2WCGsT/PS0CNXXoczThUBNFby1ZMnzNWOwLIXlKWEsivanzt+FLFcLIh30mV2WyHB7HUvrM6kOd2G8NJ16ezPS9LUJE56/4dryZNmrM1qTyqryeDoSvSgy16cjxIbV8W7sLIlgLF24tyfaM1rmx4pKf6Y68qhKsJqxrqWkpKSkpKSkpP6+zPSjkJSUlJSUlJSUlJTUP6a/LQA2d0Rk4YjYyhlFG2fkzW2Q0TVCpC55z68GsupqiFWUkVOWR05JDlkleUTKSr9T/p3qX/lLGKyOjCQQFkqxqiayqsKwmuT9wSaItCwF9oh03ZA3C0LJMgJ503BkjUKEcf7Cdh1Q0rdHLKOPlpopKkqqHFw7HztdVWRE6ihKun+WBMCKkiBXHnlZFSQtgGcKev9LplsS/yUAFo5TJPd7AKyMvLImGkZWyKnbIlJxQqRqLpSSbrJVUVLXwkhblXg/PU5vKObba4u4fWI2b+zM49hwAJ+er+fDy3P558f7uPvxRv7w4AqffnqZRcsXYu0VirpNJPbhTRQu249Jzjb0c3agGr8GrdghdCKXoRfchK5HHipWYaiZeKKoY4mOgQV2Ds64O5vh56hPqJM+0Y5GpDkbk+1qSrmPNWV+tpQE2pAfaktujAPZSU7kJjlQEWdHbaKTwIX6ZE8a03xpTPVhljA8L92bxbk+tKQ5URGoSYaTHEnOGiR4mxHta0FsoBkpIXqUhSowlK3Mq/0uvN5pw8sdrrw6msmiFCsaUlx5fk83H5yb5L2jq/ny5DjfHF/BDyf6+PHEMn46sYgfTi7i+1PL+PZ0F9+eGeD7k338dLJn2r1TvTw408+jcwM8Pj/Akwv9PLk4wFNJAHxZ0jWzxG9B7x+urvg3Qe8TYR7JeIlfnh+eLp8KyzwTyidX/jX4/esgeDr8/d1fB8JPhfKZ5F3AlyVB8L/19FI3jy90CvslCYG7eXiufdr9k208OL6Q+8eaeXB0znQA/ORIPU8PVfP4QDl/PF7Lk0MVPNhfJoyv5snRJu4emM/dw218e6STLw508+6uXm5uH+LatlHOb17L0fWT7J/YzO6JbUyN7mDDyt1MrjzA2MgRhlccpXvFCTpWnmFg8hojm19mdOsrbN71Jjv2vs3u3W+yc+drbNr6Ipu2vMBGwdSOV9ix+zW2br/B5qmXhHHXWb/pKhs3XxfGvczOPa+zb9/b7NjxKuvXX2Vi4jLr1j3P2rXPMTp2gdVrzrFq1VnGxy8xNXWD7dtfY3LDNdZueJ4NW24wtvZ5Nm56idHx8yzt2ErLkjHmLh6hvKmLjpH9DE5eJCZvOX5JtczpmOC5G7e49vx7nDh0lasX3uHK+Q84e/o9jhx/g537rrL7wCWOnbzCmcs3uHj9TY6deZG9h65w/NQrPH/1I65f+4TDh68zNrGb7v4x2joHhXMyQvfwAPPnNVCWn0ViZBhz66qZVVFBaU4uc2pqSIqOZPnC+VQUZrFoXh21ZVk4WetRW5JJY10ZNTXl1M+eRUZ2JuFRYZRWFBKfHIu9pwteUdGo27shNnFFyTwKsXEoqrbeeLjpkRxpgp29Fpr6+qhpmmKka4Wqsbtwj/XGwMEaLwcLcn0MeX67D59c1ufn90355nk9+D6RJ58G8+zLaP7bD+nc/zSS79935NEtGz6/os+D0858ty2EFY2+1BbH01CQws6+Ii5ubmG4bZDBpT2s7prPuUNrWbJkIbNaB5mzdC1+sVV4RtWwbNWpGZ8BM9FTUUJVuMcaqCjgaamDu7ECUY5a5PibsKQgkGUFASzJEu4X8XasbUpmfFYCsyJscdeWJ8bbgdbqPDLCXITl5PGzUCDdz4zSKEsqo01YMzucPZ0pT"
11918 [Forwarding screenshot on session b1310904-d161-49ca-a1a6-530fba7baea8 to remote] DEBUG org.apache.http.wire  - http-outgoing-47 << "DR40pNnxKbZrozV2LO6IYj6eHNSXVXIcNegNMSK4iBrAozU8dKQwUtNRKmfDt2Frqyp8aA5VpGFCcrMjdeiMdGCBdludFUF01kdTGuJN1YqMrSWC9uYHYmfuRxVyfas70jh5GQt1/cs5NymOezqr2awIZXl5THMy/CmKtKWWbEuQulMgb+NcJ9zoC7emYp4E2rSdJhfrseO8UiGl4fQVOZHVqwdhakeZMY7EeJlgIWOCDMNWaI8jEnzsyLbz54IU+FYfC3pzomgJdGHTKHuZ2f50lUaS4Fwrw5WVcJPVYEEa30qYn0YWFjB1Fg73fOLmZMVTk9REhmW2uS4WmGlICLU3lC4HxvSXBjG8soYNi4sYHVFMrXuWjQJ1uYFsKUigs21UZwdrOL0mga29leRFSMNgKWkpKSkpKSk/hHM9KOQlJSUlJSUlJSUlNQ/pr8xALZHZOGArJUD8laOyJvbIdI3RaSp+1s30OpqyKn+FgDLK8oiVvzrAPh3SiozUP2dCnIqKohV1ZBVlbxHVx8ZSZfQmhYCWxSMPFExC0TBOACxgR8ibU9E6vYoatugKKOJlrAOewsdxpcVoikSIxJpISeSQ05WhEhBNB3YyomUpruBnjHU/a/4PQCWmG79K2xH0hJY0gJYTlENBQ0D4ZzYIm/gj7y+mzCsj5y2BqrqGphpKlIZa8eLu6t472gZX59s5MWN8QzVKXFhQzg3Dxfy4NNxfvn+OD9+9wI7D2whJCUPv+RGfNKWYhXain3iAOoRnYgDFiLr3YisewUimxREhoHIawj1omqESE4FGXkF1LTUUZwO5IV9VhAjryCPorwcahIiGXSEeQxUVdFRU0NLQxN1HR3UDPXQNtLCQk8Baz05rA2E0lAZK0NVzA1Up4Mpcx1VLLSV8LfVIcZTnygPLfxdtYkNtyYlWJuiYDF9+Sqcl7T6nfDher89F3o9eHEyi+Y0M3oborh6aIBPrm3g0+fX8cWlce5cGOXH8yM8PDfMwzM9PDjdzU+CH8708/3ZlXx3dg13Tw/z4+l+7p0Z4L4w/t65fmH+AR5dHOTp5WGeXhri8aUBnkgC4N8DXkng+8drK/8l/JWMk3QXLQl+JYHvXwJgyTjJ9MeSIPiqsL7nB/4l7P1L8Cvx6HLv9DhJ+eBit7BdSRfQkgD4P5K8H/jxha5/+fzofKfwWXJcy/nx5FLuHV/E/aPzeXC4cbqV76/H63l6sJynB8r4w9Fa/nyqkScHqvlyZx2fH+/lw6NDvLZ3kKvbhrg0Nc6l3ds5sW0/h6aOs3/bJfZue5Gd219lx7ZX2bPtGvt2PM+eXS+wfddLbNr1Chv3vMnE9tdYtekGg+PP0zN4hv7BU6wVhjdvfJG16y4zIRibuDgd9O7c/Ro7dr3K7r1vsHf/Wxw59iGnz37OsRMfs2vPa0xMnGft2gusX3+J7dtf4tCht9m79zW2br0uuDY9vGvXTYYGj7Js2U6GVpxkzfhl1q5/SVjnB8L2XqRv4BjLO3ewdtMZuoZ30Nq9ieUrD9I7foHxna9T07qWnOolXL7xIa+89iFvvP4uH7z3ER++d4tPP/6W9965w5XL73Pk8E327XtJ2OdL7Nhzkv2HznPm7A2uXHqT82df5fiR65w//QrXr77F5cuvcPTEeXYfPMyGLZtZt2oNz508w+6NmxgfGqKloZF5tXVUFRQIZS1L5s2lqbKchU0NWBnoEh/qz6K51dRU5FFXU0Z4ZAjZuRk0L2jE39+NqOhgqhur8Y+NQ9nSATkLN9Ssw9GwC8PE3Zv0FDdyUu2wdtZDzcQYNX1LdHWMUDawQmzugJaNMQ7W5kQ7GjPaaso3N3y5/6oFdy4Zwu0YnrzrzbNPQ/gfd1O486oH9z9w4fHHNnx+1YC7Zzy5OeLH8ppoCrJimF8Rx7GJOg6tWsjQorX0L1rE/o1tbN28isbFbRTMXUpCVQteSdXEl3fS1HtoxmfATJzNbNCSU0RHuK846mvhYaRBuJ0emd7m9NemsjQ/hCR7BYr9DKmJsKCvPJyu0nCKQ+3JD/cgydsWbxNlUn3NyQ6yJFOYryDYgMH6MMbnR3BiJI+3Dszh/UOz+eDQLD44MpsD/ZkM1QdTFKRJfbwleb46xNspkOmuQ46XPrle2ixIdWKkLoSRGi/6imwZLndk1axABhtjWNmcxqauUlY0p7KxtwQjOVk6GgJZXO3J/BJ7eub50z3Hl7HlcWxfkS9cY4vZ3F3O2KJCemcl0ZThRUmkLfXJXjTnhdFTn8VISxGrFxcwsjSFyYFktq9NZMt4OC1NluRn6JEWp0VZni1dbYlsnqhleXMsxanW5MWYkehtwrplGWzvzGF3ZzbLsxwo9FaiIc2RnqZklhaHMyvSmWJXMwqcTakKdiXVzYIQO10aCxPoaS6nMTeGyhhfQoX7tJuWIja66sL9Wov4cE+Swu1proynvSaZ1uwAzo0sYFGsC8vi3VhVHMFYbQLHh2dzZu1ihufkUhbrPmNdS0lJSUlJSUlJ/X2Z6Ueh/2u9MUm6TTqTb8ww7f+Ek4uwsVnEyZmm/b37uzq2kyyysWHRyZmm/e87ucgGm0UnZ5z2mzeYTLchffKNGaZJSUlJSUlJSf3f6W/sAtpmmoy5LXKW9siZ2yE2tkQ0/R5gbWTU1P+lBbCCohg5RQVkFZUFKv/LxMrC/MqSEFhYl5ousmqSLqZNhfWbI6vrgIKhOwom3sgb+wjbdZ1uASxSNEVDWQMtRXly4gJI8DBEVSSLSKSGSBLQiv8SAIuRF/32HuAZQ93/Csk6fg+B/9L9syQAFsspI1ZQRV5dEopbIzYKRMXEF3ldc4EWGhqq2KrLsCTTlXcOVfH2gRw+3V/GsYEIiiPE9DXYsGckjVPbZvPz49c4f3E/BfUNGHhGYx9bg1/OcqwjZmPiX4mqcyaqTsko2UWhaBGAjJ7kXOgJ50SgooqypnAOFcTICsevoKSAvJIGskp6yCpooKKuLuyLEvo6imiridBWFqE7TYyeUAd6KmoCdXQ0VNDSVEJLWxktXVU09TXR1tdDR1cfAwMj7Gys8PeyI1TyLkx/Q6IDDEgP1GB2iJhDVWp8vcKSb1Za8u4KN66PJXB1dzO1ktZ3czP48OpOPrs+xZfXJ7l9bYyvn1vNnUsj3L2wgnuCB+dXcv/cCn46O8KPkuD33Dg/XJiYDoh/Ojf0/2Pvr+OruvKGffjE3d0VCxAgSLAACZAAIViCWwgQiLu7J8QNgrsFCR4I7qVC3Z3iLu10piPXu/YJtIVmZjr33M/zvDO/88f1WfvsvXyf7N2ei+9a3D1cxL0jIhXcO1LIg6PFPDpexuPjJSIt5vGJUp5IgveUSMXxs1PL5KnE05NlPGorlqePT4g8IpXOPzhaKMqLsr+Sxy8iheXRwceL2qXxc4ksXXtwJFe+57C05HRHfH+8UL4UtXT8rK2Ax61SVHAe91vzxRhyuHcgnXstCdzbHcn9nYu5tz2EBzsWChZzY9Mivlm/iNs7Yrm2r5BLOys419zI0S0N7FpZy9blK9jctJnNqw+wuukYq1ZfZPnK16mqvUJNw5usX/U6G1adZ+2qc6xec55Va8/TuPYsNSuOU7/6FFub32D/4Y/Ys/ctVja1Ur6smfKKfZRXHqSsfD8VVYeob5SWdz4p/ywdr1l3QS5+N2x6jfUbL7Jjx+scPPQ+x9o+5cDB99i85Tz19YdZt+4MmzdfZNWqE6xff549e96lufmqXCovq2ylqOQI+YWHWFbexvImSVBfICWziZzSDWSWbiSvai+5lUeIytzCtiNvMD00lsqVG9m2+yDHT5zlnbc/4I1Lb3H5zOtcOf8e7139lk8/esRbb93m3LlPOHHqDQ4dOsPRw+fZt+c4zdsOsX/3cQ4IjrdepPXwGQ4fOiGv68Txc5w+dIG9G/ezY+12Nq5Yyf7mbZw8soet6xrYvKaBqsICaorKiJwXTpDvVKKCFxM8fSJhC2YyZ+YUxvj5EB4ewsB+3Zk4bhjTpvjSuasDJvY2GLh0RtO5O0riGWbatT89B/ZlwdwR9HE3QEVfBRVzUzSsbDC0MEXPyhxNO1HG2RbXTl0Y6taZlGAnLjV7c"
11918 [Forwarding screenshot on session b1310904-d161-49ca-a1a6-530fba7baea8 to remote] DEBUG org.apache.http.wire  - http-outgoing-47 << "u2kG08udOXphc48fa0Lz97uAzfG8XmbA3/8xINn73fhzsVOfHPAk63J7kTO8mNWkK/4e/OjuS6cNYVpFCfXU5IcyYGtmcQkJ7I0oYA5C1MY6jOLMRMjyMhbT17Jjg7fAR1hoWmEqYounYwt6GlhRTcDfTrp6uDnJv4nPdCHuAmDGCSeG6E+3Zk90IGpfS2ZM8SZyR6OTB3Yg3E9nfG00sHTWp3pg5wIGdmJ1Gke5MzuS9XSQRQHu1E0V9Tlr0tygC5RvmoUzO1M9FgLkie7kju3Lxkz+5E9dwi5wT4UL/WnXDxfpD18G5ImsSxiJKvSJ1AdM5Ki8BHkR40lL9KfvKgJJC8YyaDOWvRxUCZ+QX8WTXNjRH9jClKHUl0wjrykEVTmTiYlbBg5UeNZOLEPoz1M8HTRpa+jPoO6GOHb35YJXp0YN9iJid6OzA/sTEZCf5q3zqIgpzthSyzE90ETzz6qTBprTm7KMFbXzqKuZBLrRZoRNhSvLsY0po9iS8F4DlZNpWR+F3xslfHposx83y7MGmjHwiGdWdi/C4s83Yjw9mS2Z08W+Q1lZHcHBne2ItCrN/3tDeljpiPmXx178a5xtjBmhKeY4xEezJ3oRUXKQpZFzxRlXZnR04alQ7qRM20UtTFzqEteiF8vOwY7GjHE3qjDe61AgQIFChQoUKDgP4uOfhTqmHbZ1ZEQe6Mh4F+Uhf9DYfcvCeDn/f0/IAZ/5hVJ+q/Pwz+i4zn6323jH/D/SgDL222/by/45/fvf0cAvzq3CgGsQIECBQoUKPhv5N8UwPYoyXFE2c4ZVTsX1ARKxpbI9E2Q6RqgJMlbTQ3UNNRQ1dBASV3rX0NDW9Shg5L2iyhgE5QkCazbHgmsZOyCqmV3NGx7IzOSllfujEzLEX0DPYw1Zcwe64mVhgpaMiWUlNSRqarK5a9MVYaKkhJqUqSu0t/f7/d304EAllBW0URZVQsdI3PRb3vRR3fUTXuhbmyPioEOxvpa9DRUpXxmTz5pWcCbm8fy/vppVEYMZlhvA4a56zFV+sF/4gBSk5cydf5cbD28MPEYjW4vX/R6eKPl3B9lIzEPhs5oGot7oW0qxqeFipo6Glqq6OuqoSHGq6kiw1hHBRtjFcx0VdDT1sPQyBYNbSPUJFGvrSb6qY6mngq6esoY6atiYaCBjYE+jvrG2BuaYW5kjIW5EeZWhphZ62NibYSprQWWtnbY2NrS2dkez95OjBxsi58U9TtEn4Ip1uwPd+BqojVXI7V5PdaSs7lDWZ0ynqUzR1FblsXbZ49w/Y1j3LiwjevnlnP9TC3XT1Zw4/gybrYt49bRCu4dq+Zuaw13j9RwWxK/R2u4c0x8PiZdK+Pe0VI5d49JabE4V8L946U8PF7CwxMiPVnCo+c8Pb1MLoCfvsIzcf7JyTKRlovPZTxsKxafS3nS1i54X4hfKX0RPfwCSQRL115EDUtytyMkAfzb8+0Ryo+OFYjyOTw6nM6jg0k83J/A3T2xPDiYzlfbk/hgQxInKsPYlRPM+uwlrK3MYWVFPqtryuWScvv67TRvPsCOLcdZs+ooa9eeY9OWq2zY9C5bt3/Crp2fs3PrR2zb8i47d7zDzuar4vwltu88z7adZ9iwWZTZcFDO+k2HBMdZv+Eca9edF5xl3frzggvy4y3bXqdxeRtl5Xspr9hPfcNRlq84zuq1J2hYcYi6xgOsEcc7d71Oy/53ad79huAqzbveEufP0NDYRtPKU6xZd5H1m9+koek8xWWHKV12hPyCXZSUNVO/Yj8llVuISq5i7pJi0ot2U1hzmMK6jfgGzWTGwnCyCmtJzSijsmwl6xq3sW/rYbm8Pdt2hdMn3uDchQ+4/NrHXL70Pm9c+Yirb37E2298wNuvv8s7gounL3P0wHHaWs9y/OgFWvYcY2/zMdpaLnDqwAXOHDnHycPHaD3QwpGDuzh8YCdH9u3g+IH9tO4+wIb69excuZM1VY1UF2dTKUhNiiQueglLFs5i9HAPpgUMY+SQXtiIvxlrJ2ssu3RBz8UNTZfeGLt2Y9CQPkz2H4idnS6GDhZoOTmgamuFjvj7MrEzxsTRCqNOnbHp3JNJ48axviaS1rUBfHdqND+81kf8fZjw/UVnHp/vBJ8O44Pdhvz0gQf3zjvxpzcH8n7zUKrj+zFvykiWzgmgMWca65ZFU5mTQV5CPstzE9jamMKs8ASClqTjOzmYLr1HMipgIUVVO8ld9vsF8CDRR+8e/ZjQz4uYKTMpXhLBsiVLWZOWxLa8dLbkJLIhM4a1aRE0JS+mInI2WXP9ifQfTmDvbvg4WDPWVcKMhcO6ETzInmjfTpTNH0zxbCl6tzMFM5wome1ERbArlQs7szy8L7WhfSmZ707eHMH8AeQEDyZ59kBipg8katogomcMJW7uCNJCx5AbNYHC2EkUJkyhKGU6RcmzqMldSui0EZioqeJorE78kmFkJvoQtaQXWaleLCueQH3VXNatimdVQxx1ZaL/1XGsbUhmy+pM9u0oY+/2ZaysTyMhOoiF80ayYM5QZk5zY8GCTqxaPYn0LDfi411JjOpBuDiXEN6b6EXdiQp2Y5qvBYsm21MWP5z0BT3JXdiLktA+bM0dS/WSPizxNmHGIBPmDncWc6PLeGcjBuuq422iwyhLQ/xdbJnl2ZvFfiMI9vVi8sDejOruzGAHSzzMzRno0JX+9p0Z2bsPo/r0IGnBdILHeDF3hAcDzIxY5NWHtMAxLPEdyojO9uK9qYyleH90MtKhq6FGh/dagQIFChQoUKBAwX8WHf0o1DH/YQL4ed6Av9Pn/xX+j0rS/zNRrb+b/0cCWJKuL435uRD+x/Pwf2auFAJYgQIFChQoUPDfyL8lgJWtrFGxtUXVzkGkjgIn1O1dUDKxRqZvikzHAGlfXynqV01TC1VJ6Kr+A9Q0f4NM4/mS0PI9gvVFncbIdKW6zZDpWSIztEPJ3FX0oScys67ItLuhoueGjqE21gYyxve3xlhZBXWZmlz4ytRVRZ3tUcBqMglJDL8ic/8nPBfA7fwSAaykrCFHVUMHNfOuqNgNRsWwB0qaZijramKkrYyXlRrrFvXj3U2T+GhXAK81+JO2wBsnV2cMDPWxsTbHRRybWNtj2sUDnS5D0Os1Cv1eI1C17yLmQIq21kFLzI2aqg7qquroinHqiDHqCyw0VbDXUmGChx1RE/ozyFKZLurK2KmqiGsaWBmoY6Sniom5JloGqmgaqmNooSs+62Jhpo+tiQEORgY4GhviZG6Gi40pzvaG2NtpY2ung4ODEQ62pvRwtcPTzRafPmZM8zYncrIlTYsdaYvvwvFoR84lduVi9kB2Rg+gYHY/kuePpXXnej6/epm7H7/FNxcO8ujNFu5fWMO9c43cOV3L7ZPV3DwhOF7H7eON3G5bzq2j9dw+Vs2d4+XcO7GMe8clxHGbQH68jPvytExcL+X+iTIenJIo5cHJUh6K9NmZ8nYJfLZCfizxw/kqvhefn4rj789Vys89EvnlUvhE+57B8n2DTxTx/alf9giWkCJ/Xywb/UIGS6K3I15EAUviVzr+QapPOn9cfD4uyeM8cS2Hp23ZPGrL45EYw1cHSqiNDKB4aSBVKZGsKC6gMjeH2NDFhIeEELE4lMSoeNITMshMzKWiqJ6a8tWsW7mbXVuPs2PrCTauPcrGDZdZ3nSOyqpDVFftYXXTAbZvbWP3zuPs33eaw4cvsqvlDJt2nGD7vkvsb32XPXvfZu/ed2hpeVce3btmzSkaGo5QWbmPjRsvcOjQRxw9+jkHD37I3pa3aVhxhOr6fdQ0HKC24SBVtfuprNkvzrexa8977N77AWvWX2DztjfZIqisOUJOYTMbNr/Jjl0fUFC0l9raVrJz1pGSXsOyqs1k5jeRVbiRkIga0vN3sGP/JSbNWkpCRgXpuQ0sDc8lNDiZmNBUksJSSA5PIi81n5rK5azb2CzG0MbZM2/x1usfcen8G1w+f5k3L73Ga+fO8t6bV/nw7Q94+8r74vx7nD/zLieOvc7OTXto3ryLHRt30nbkBEePtNF6sFWUv8xbr71B24HDHNy5h7dOX+DItl0c3rGN7euXs3/3Z"
11918 [Forwarding screenshot on session b1310904-d161-49ca-a1a6-530fba7baea8 to remote] DEBUG org.apache.http.wire  - http-outgoing-47 << "poaKqivKaWxqpCakhS2rCgiPzmU0PkTGDzUAzNHW3QdnTHtMxgrt64ETfDGz3sQFjY2GDg4oe0qnmkij6adMRaOBljZG6Pn5IZzfx/C4xKoL89l74qlfH1iJjfauvL4nAXPztly95g1f3ytJx/u0OWH13twp82Fv14dw6kmT9KjBhE615+YuePYWx9FXUECpQUFFGcksru+iBUFGcxNKmZqYgFTQiPpO3oC/XyDmBNZgP/stA7fAR2xq6yO4ys3cKR+JQer6mmtaWB/aTl7CotEWkpzfjYbM5LYkJnE2sxEVqREU5cQTk30UvLmziJhvB8hgz2Y5dGJqd3tiBnZg6Qx3ckI6E7BVHcq5/elMXQgTeES/Vm+tC/rxNhqQ3qROcmRGD9Lov0diQvsQew0D5KDR5AVPoHCxFkUJc8jN3EOeUlzKU4PoTIvlIaySFZWJFCVG0V9URJ9xHPMb6gTUYuGU5QzgZysUWRmeLN6zRIuX17NZ5+38cWX5/j2m4vcuvk616+/xtdfn+Obaxe4dv0Kn395kQ8+OsPl1/bR1raWA4cr2L4rgf2Hoymv8aawwItE0e85ExyYPsaG5cWzWVcewmBXLZZO6k5N0iTqBZWRvmTP6kvW9F6ULhhIemBP5g2xY6mfOxPczAnsacOkLtYEuTkzrWcXprq7MaNfH+Z6DWKe91CCR3kTOt6XsAljifCfQHzALKLHTiN0tD8BvXri29WZsd2cWDC8N4tH9CV1si8JE/0I7NcLN1PxfVOSYaavg7meJqY6CgGsQIECBQoUKFDw30BHPwp1zL8ogF+J5PxFkv0SmfsLvyorF7e/uvbr9v4FASzvU0ADb8j78WqZX8SdXPJ11NbPUvHl/r4k+16RpD+3+eL6z3l+1cbP19vrf+naz+3//TnqqI32+f8l70si9Oc5e7m9fyotX4ztlfvx27p/udZhva+O/9XvyT/ll3vV8XWJF/fqH4zxlXsl55Xv06tz25EAfnWuO27n19dfbrP9+/avzoECBQoUKFCgQMH/Hv+WAFa1tEDd1hoNezu5AFa2cURVWhJaEsCGFsh0jJBpSgJYG9XnAlhFRadjVMW1n9GUIxfAooxMXdoPWA+ZtmE7upIENkFmYC6wQmbqgJJNV2SWAv3eot2eqOip4WypzjBXVYxVDVCV6bbv/aupJtBCWVkZdbkAlqGsJM53JHX/FV4RwO3yV10cC6QoY1V1VK27ouzkhZphT5S0TJFpqWCsJWOkrQb7Yr14a81o3to4nDMVI4kI9kbNzhYte1v0RGpg54hp576o2vVD1cUHtc5+Yrz9UDJ0QVlTzIlMjEsm5kimg4aaDvpqKuiLsTmoy5jez4LSOZ6sCR1GbWBXGqd0YteS/pzJ92Z/Rl+OLhvPqmQ/alKn4zegE10dzLCWxK+lAS62Brg76jOgsx6Duxrh4WBKX2dTerno0sNFnT5ddRjUy4IRvR3pL/INddYkzN+JDVkjOVIxnNMZ1lzNMuVkrjtb80aSE+3HvJlexEUE8d7F3fzh2wv89O1pnny4nycf7Ofua1t4fGEdj86u5N6pRm6drOP68TqutTVy/cRKcdzEjbZ6braVc+dEIXdP5HLvRLFIy7l3soL7pyrlPDgtUSEo5+GZCh6dqxSI47PLeHy2nKfnq3ksRfmK9Nm5Kp6ereKHS3X8cL6GZ+LcDxdr5cePRNnvxfVnp8r48cwyOZLclfYPlmTwi6hgSfrK5bBIJSH8/cnil6Tvr5GWfJbkr7QMtIQkgJ8dL+D7tlx+aMsW5Ih8uTw+UcCDE2V811bLleYK5o/zwsdzIAM9R9J30ASGjphCRlI2a+qb2L9zL80btlJdWEpKVAxB4/yZHxhI8NQgls6dTXZ8NMVZmRQtq6N65WY27dzP3n1H2LN7Pzs372L9ym2U5DeSnFBNde0R9h78lu37b9K45nUaVhxj3fpT7Nj5Gi373ubM2W/46OM/yNO9LVcpKd1O6JJiMjJXs7P5Ch998iPvffg95y7eZHvzG9TUH6G+8Rir154nMXkN8Ymr2dH8Hpu3irJlB1i+6izrt15hzoJi4sX1g4c+IyV5JatWHSEzu46lEVlk5jawMKyQ6oZWps8pISllO55DllDdeJyde1/n+Mm3OH/mIptXN5GdEEXYnJksnRdCRGgCS5bkEBNbRFpqiRhfDtu3NHPtyy/57otPOdW6n9Z9ezi0t0XQymsXPuDTD+7x1pXP+erzD/jh6U3OnGqjsqKOVSub2b75OFs3tnFk/2XOHbvE2xcv8eHrp2nZVE3Llnp2blrB/j1b2Li2gZbmDezfvobSrAgSFk1ga2Mu29Yu443XT9F6+igN27bhNXshg31HMXnkQLo5d8FYPCMsuvbFoFsP1Ds5oNfVFjtXY2xtDTHuNJih00OJyMxi0aIICuNmc2XnTG6f7cODs8bcP27EnVYzHp5y5IsWfZ6c78IfLwzgz69NYGdhT6IjhrB0wTjywwM5sSaHsuw0svPzqC4J48CKMhqyKpiWuAzfpcn0HzmGASPGMmrCHLKLV1Fc09zhO6AjLq5cwYWmRk7WVtNWUc7hkiKaM9LZkZbGhoQEakMXkztjBgmTJjB/2BDGdndjpFtXfDq7MtTGhkFmJnjoaNJXR5XeajLm9rJhgYcVoZ6WRA6xIt7HnszxrhRPd6dmoSdNYV6sjRxGQ0hfcia7EuNrTYSfHZEBnQib2I3Y2QNJXjya1PAAksMmkiLGX5IRyvqGXFp313O2dSVXzzfzzoUDfPX2eVaUpjN2iCtRC4YTFtKHxNiBhCzoQkNjCJ9+fpAbt94SfMgX37zOd3fe4fq99/hanPv61lWu3/9Q8Ik49ynXbn3AzTvv8ujZO9y828obb1ezbecCaismETqtF2P6mjBlqD1vHVvL/U9OkzDDh/11OWzIjaJgwQTKFk+hKiyInJk+FM7zJW/2KGLG9acweAJzh7gxoYc947s7MrFXF+YPH8zi0T4sHDWShaNHschvFEv8xxIVOJG4aYGkT59J2axFlM9eRP606eTNmETOjLFkBnkTNdKdtIDBJI0bTOxYL5b6DmeauC+jBvTHZ/BghniKd46KSof3WoECBQoUKFCgQMF/Fh39KNQxz6Xk7xHAcgn2a+naLuZ+EWUvhN2L68/5jeB9pc3fXP97tJdrr//Vtn+5Lgm6X/rQcR9fGsdz4flzmVek4m/k7G/mQRKAL/KL+l8SuR23/+ocvdrGb+b+1T4+//yP708HvBCZ/6ytX38fOmz75XakOl4d0z/m1XnpiBf36h/Mwyv36pc8v/Tv1bl9VQD/ZvyvyunfMV6FAFagQIECBQoU/L/m3xTA5mjY2qBub4+qrSNK1g5yCSwz/ZUAliKANaUIYE3U1CWxKy1NrCVfFrkdaYnkX6PxMz8LYA2BprZIdUV9kgiWMJBHGSsZiHaMbFCycEHZuitKJj1FHmeUdNRxtTegn6MOBqIddZk6apIAVlcR9UhyVoaaUjvSsYQkglUFkhjWEPwsiGXPBa98/2CBcgdLRkvLSD9H2ltYjhQJLJOWhFZFQ98YJV3RV1171AycUNO3EmPSwFRfiRG2WhzJ8OKj9aM4Vd6Z87XDmT2xB7qurqgYm6FsIspJstu0EzKz3iLtj7LVUJQtB4g5dkBJRQ8tMUe6mjpoifbNVGX0sdRhZh9zyoJ6sGlRbzbPdWVTkDUbJpqwa6Y9u2bb8lpuX1rTOnOu3I/d2QEsj52It6sOfa3VGeiowsjuKkzsr8rckVpETjQgdooZ0ROsCfc1IGSwMrP7yJjpocxCbwtyFo9l14pcPjq/k9vv7OTaxXI+2DWf92vdOZuiw8H8npTGDWfW9FEUVuRw9YPzPL77AT9ce43HHx3kh8/38ODDPfzhsyM8e3M7T69s4uGltdw5v5JbZ1dy48xKvju5ghsnlrdHAx+r4G5bCQ9OFHH/eAn3T1bw8FSVnEdnanh4RhwLHp2p5tHZap6crxXUPKdOUC+u1/LsYiNPLzTw+Fwdf7i0gmfi/LML9Xx/sUEc1/FYlH92roZnpyr48XSloILvT5b+LIDlolfw9EQBzwRSBO+TtlyeHc/jB3H8/"
11928 [Forwarding screenshot on session b1310904-d161-49ca-a1a6-530fba7baea8 to remote] DEBUG org.apache.http.wire  - http-outgoing-47 << "TFJ6opjCXH8B5E+OZIlP352NFuQw4+i3A9t+fJjqYyU94m4/kgc3ztRJsZcx5vN5STOG0/8kgVEhkexeGkys+dHMdoviKHDAujX35dhw6Ywc2YMiQnLKC1ezcrlO2is30BpQTl5WXkkiv/5DI2LZFFCJIvjwlgcuZDQ8AWER4aSkZ5BY8Matm45wvLlh+RLMJeWn2DVmots3HSc3bvPsXfPBTZvPilfWnrNypO07PqIw/u+4OKpO7x1+S4njnzC5o0nKSnfTH7pBmqX72fPvnc4eeYaR45+Jeq5wo7tb9O0/BRZaRspzN3OivqjrF59iurlh1m39SIp2RuJTV7J+i2XyCvZSnRiJROCwhk5LoSUrBXEJtVTUXOQqJgmho8IpaZmHysad9PUsIV1KzfTsvsgJ9rOcPL4RXbuOEJp2Wri40uICE9iyeLFRC6JIGJxHEsXxJOdVsa2jbs51XaS08dbef3iGd68eI4zR49x4tARcf4whw/v4/Urr/PF59c5dfJ1jh29zP6WEzSt2MCObc3s2bGDtcvrOSfyvnXhEm9depODe/ZyvHU/Rw/tZMvaGg7tXMf5wy3sWrOK8uxMCrPSRPlq6lbUsPPgYY4dPsTp5m00lNYRuigVr5FB9PEag4OHJ1Y9euDQ1RkHFwesenoxfEYUgUvSyc5fRV5yFAdWT+XBW+P5utWS66023Gq159YxO748ZMj9C53584fjuHvIn6rYAYSGjCfYvzs7SheyqyaD3NRckhMzWFMVx+rKSjIz1zAlohi/4Bi6DxpBT09vug8YxaxFyUwNTujwHdARbywv5I3GQi7V5LInOYycMV7McHXAT7wrhllY4GliQn8DA/rq6dFFXR0H8VztqmdIDwMjOmtp4aqqQg9tNdzUlBhkpMYEZ0Mmu+gxw82Qee7GLOxnToSXHclju5I/vT9VC4axPmaswI+VkaOoWTKCiqUjKBHkLBpKzPTexM7uT/qS0eTHTqIkYRrVmQtYWRLJzpUZnNhTySdX9vL4q7f44dsP+fK14/L3hk9fUzy76xMe0o3Ipe5s25LAzRtnuXH9HW7e+pxvrn/It7c/5trdj/nmjjgW6bX7n4vPX3Lj/jfcFnx3433u3H2LZ08v89Yb9axpmkmseB4HeFowuocxsdOG8empZv567V0O1BfxzamDXNqyks3ZiewpzWJ9ejSrk5ayMiGU0pAgsmb4kzlzPEPsjHHU1sBZTwM7HU0c9PVwt7bCq3MnxvXpw7Shg5nj48N831EsHjeGOP+xZI3xJX/cSMpnjKV8lg+ZE3uRGdCdyrkDqZjhSe1cb1YsmczyyDlUxyyiNi2BlcVFZEREYqev2ANYgQIFChQoUKDgv4GOfhTqmF+kacf8IrX+buTkz3KtY7kplfuN6Pu1uOtAsHXIK7LvVbH3G3HXYb6/38efx/YP2+m4jX+EvPzP8/Z7BHDHbbzUxw7nrOO6X+J3CNOOeOkedlTHv4h8vP/0nv/r90rOvySAO2rjlfn/XxivAgUKFChQoEDB/2n+7QhgNSsrVKztBJIAdkJm5YzMwh6ZsQUyPUOUtHVQ0VJHXVMVNXU1lNU1BFJ0rwYyVWlP3naU1CQk6fvi+PlnadlokV8q8wIljXYxrKRjgLK+GTJ9c2SG1qI/nVAx64RM11q+d7CjvSXOloboymRoSUJXkrwqMpRUlVASqYpA/llKnwthKZ+UX4qefVFOksByAayi1t5fFWnf4Palo/8xynJkymLceqKfGvryvXmVRaqsY4yyrh6GujL8umvQVjiUd2o9eKOiE681DmGmnxOGYk5VpWhqPTGXhnbIrKVlrt1RMuuDnstQtK16iDrFHCuroq8hw1lfiZGueoQNt6d2Vmc2zLGnaawmW8arsSdQgz1BOuydacKBBY5smW3LvqR+tC7zpyF8MLF+nVgwyI4FA82I9DYiZ7IBKyPM2J1lx4UVHny8Zwyf7hvP6xu8OLPMhaNJeuxbrMqGmZpsj/Xg1Pp03r+8j9s33uUPj97np7snuX1lGZ9s8udiSWcOFLqzLjeIi4d2cevapzx5/C13rr/P/a8+5PFXl3jy9X4efXqEB+8d5sG7O7j75gZuXV7NjfMr+e5MI9eeRwLfOlnP7RN13JGWgD5ayYO29v1/H5+q4unpGpFW8+ysJG5reHS6midn63kgUkn2Pj3fwNMLy3lyfjmPzq8QrOT7K2t5emkVj8+t4AfR3qMzkvxdIc/7WJR5ItUl1Xu8gh9OVvD9iWU8OSZJX2m5Z2nv33yencznyfFsHh7N4OmJLL4/ncOz45n82JbNk0MpPD2cKtJUHh1I/vn46eE0nh1J4/vWDH44mskPx7J4eChL1FcoyhbyqDVX1FnA05Ol3D5axvlVcRQvHkVx9FTyYoOpyEumpLiYoqo1lNbtJK9iB5Gpq5mxqJKAGcWMDcpn1KR0Rk5MZtzURALnpjI9JImFccmEpSSRkJ1JVkkhBRVllFSVU1pZQUZ2LuERccREp5KdWU5RfgNFBTVUlNezvHEtG9Y3s35dC6ub9rOyoZXV9WfY0PQam5ous3X1JfZtf5PWA+9w4vRHnDz/GYeOvc+6TWeprjtMTd1RNm16nZY9H9K89S22rrvA2sZWynLXk5W5kuKaXZQ27qN6zVGK6/cTnbGa0IQ6RowPY+bCXGYvziUifhlpuSvIKlhJQnoZvfuNoKZmHY21G2mq20Z91U4qK5pZVrWHkoqd1DTuZufuExw6dJLdu7aybUs9qxrryEouYuHsNGZPTWXBnBQil8aTnhJHZVkqm1aX0NqyiksnpIjgI6K/bWzfto/m5hZOnDjOhYunOH/xOCfPHObEyVaOHGll+9YWNq7bx5a1B8W49nN47zGOHTxC2+H9nBAcP3iQHWs2s3fjLo7uOiTYw97N69i1vpGarHSW5+ayuqCIrbUrONp8iAvHX+PQvhOsWLWF3NIaFkUnMGriFDxGjmVeXClzYuoJi68lPyeNZZnDeeugHzfOeom/C0+uHezE1wct+PSQDrcuOPP4rdEcbRhG6iI/gqdOJ2tWH642p1GXl0BpbjV5yQXsWVlKYVkj81PXExJfzjD/Gbj0G4pr3xE4e3gzfk4kPbz8O3wHdMQ79TF8szGXu7sr+XZLmficxa7YeSzt7cJQDRX6iudtbzVVuonnqIuyCp01dehlakFvC2vcjIzoaWrEIDsLeuioMMbVnEFGSgwzVcLHQoWgLgYsGuhAxIguRHh3ZemITiwd5kry2B5kT+5D4YwBlC7woibKlxUpE1iRNoGNRTNZlzed6oSx5C32InfBUMrCRtOQNIWa5EksL5jD5upY1pcksG/5Mg40VRA0uBMDHFWYO86K6AWdCJ3rxObV4dy+doaHdz7hycPbPH5yhzuPvuP6vS+4fv9Lbj/+jnvPbnP/6T2++e4r7t+/zZNH13lw+z2+f/g6Jw4VUJk3loiZXZk/2oWxPaQ90p3ImDOK5UkhpE73JcJvsGAIS0Z6Uh+zkNSgMSwe2Z8Qbw/iJvoQMXY44WNH4OlgjqWGMjZGmpjoqsqX/NdVVcZQRRljZWXMVFSwEe9bN1MTfNy6iGd7H9JG9CJNzFXRhB5UzHBnxaK+VM/uzPL5bhxI9uVgSgBHMmdxMGcxu3KiWJ8RTUFoMKETJzOoc/cO77UCBQoUKFCgQIGC/yw6+lGoY54L4J+F2C+0S7oX4qs932/koly2vcjz92XaP5TLv1MAvyzuBL8p17E4fVng/Q4B+4rwe1kgSuX/SV/l/XplrC+V/yft/702pH69yNPhnHVc90v8DmH6S75XxvCKNH1x/h+21xHP6/7n5X7HXP2O8bw8t79HpL/6Pfo3x6tAgQIFChQoUPB/gX9bAKtatgtgZSuHXwlgR2TGlnIBLNPWQlVLDXVNFVTVVZ8L4HbRK1OVhGo7L4vfX/GzAG4vJy+rIcljgZYuSlKUsY4pMn1LVMycUDN3RsnASpTVwc7aEjtTA7RlMjQlkStF+6rIRFmBipJc/r4QwEryz8qoKKuioiTtFyyQif5KyzfLRe5zqassIfK/JHr/MZIAlmkbo6xlgKqmNqoaot/iWEVXH31tJcb30"
11928 [Forwarding screenshot on session b1310904-d161-49ca-a1a6-530fba7baea8 to remote] DEBUG org.apache.http.wire  - http-outgoing-47 << "uBonidvlnbjrTInLlb3YcJgE9QNTNEws0HD0hElE1tkJmKODezREGPUNbZBW1MTU1HezVqdCX1NyQ50o35ed9aFdGPVNAua/PVYO06dvTONaJ5uwK7ZVmyf78SaWc6snN+d6nAv5o6ypbehBqNslAkboEO+rwHbgi25lOXCB1Vd+GJdb+4dHcef31vCXz+N5vH5IG7vHcLXK135sMSaUynWHC8azlfnV3L/+ls8/f47/vSHr/jb9+/ww8cb+KZ5BpeXdeFQsTtvHijir/ev8ePDa9y/8zEPb3/E/a8/4sGXF3j4ZYtcAD/84MgvAvi1Ndy8uIob55bz3ak6bp4QHK/hVlsNd49JVHPnSLlIy3lwspqHAil9cqZOLm4l+fvsfCOPzzYIGnl6fjlPRF2PzwpEf59cWMX3l9fy9OJqnpxfwQ+XVokyjfzhUhPfX2jk2Zlavhf1SOmTE5W/EcBS1O+TtjyR5vK4LZMHrWk8OZ7B05MZPD6WyvdH03m0P1H8z0cCD1viubcnlvt7437mgTgnXZPyPDqQxL0DaYIMHh7J5ulRUafg2YkSHoq2r6yNZ1noaEoip5AbNZPs+IXELF3CwuBY5s1LIDI6n9Kqjaze3Mr6XadZsaWNkuUtpBRtJDJ9BUsTGgiNrWPukiImz05ldEAMI0ZHMmJUFCNGRjIuII6wiBKqazezYdN26hurSc+OIjk1jLzcNCKWLiUyLI6UpHzy86qoa1jLqvWbaVq3hWU1qymr2srqdefZuOldmrd/xqY177B5/TscaPma40dvcujQlzQuP0lG1mY2br7Mho0XqKzeL44vUL/yKPHZa0nJ30RW6TZCIpcxfOxips1LIyGjnoyCVYImvMfOZXF0DplFDdh1603A3FCmR2QTFFbIyOlJhCc1UFK6nsaK1awqq6GusJjqoiJKCvLILcynankjjaua2Lp5I8cP7GPn6pWkiXFFzJxF+Mw5LJg2i5lBs5g/dxERkYmsX7OdPc372deyl8OHd3PixH4xto3s2LKNg3uP0XboNBdOX+Ldq29x6UIbRw5sZOemOpoqq9lQt40dTa3sWdvK0V0HeeeiJHZXc7Slit3rq9lUt5zN1es4t3sPZ/dsoW3HapG/lMayRKpL4tm+qZLDhzbT2rqb3S07OH7qJDtbDrJ2xyGq1+4jKb2a1PhoYub24vAqbx6+No2/vDOVP10ezNOzTtw/bczdk9a8va0TRRFORM0bwfxAXw6tTWBt8WzyEpdQkJ5JfXkJDRUppGXnszChgmkLQuk1eCiOffrj2MuTLp4jmRQcRW/v8R2+Azri7crZXCmeyoW8qRxLncThpEDWzB/JdDsTBqoq46muQj8tVXqoqdFTV4eeRiY4iOeikUwJfYFXDzcmDx2An3tnpg/pST9TFfkqCWOc9ZjQ2YigHubM6e9I5GgP8uaOoV78PWxMCaExfApZQYMIH+lK2GgnUqe6U7TIk2VLB9OUOIq9JTM52RDKiZpF7BV9Wxs3muXxo1mVG0hp9Hjipw0jc04A6bPGM6GnJYPs1Iia5kjEDCsSF3XmwOZYbn12lJufvs5XH7zNt998xpfXPuObm59z89633HlwnbsPbnPvwR1u3bzBo7t3+Obj9/jgcivXP2xjS0M4mUs9mTPalHneFhQtGU5R6AhiJ/YgMbAf8ZP6MaaTLj21ZIztbEdNzAxKlkxifJ/OdNLWwEXQQ0+NIfZW9HW0wtpIE2tLA+wcLenq5oqhgR4a4n0jve+MBMYCA4GhoK+JNoUTerAncYx4Xk/h1LJJfLZ1Mdd3LeGz9XN4t2YypzLFHEUNY0ekL5uiJpEzaTDuBtroifKqMuUO77UCBQoUKFCgQIGC/yw6+lGoY/7vCODfSNlf06GEe5WXJdxL/Nz3//cCuH3OXq7/t+X/Sft/rw2pXy/ydDhnHdf9Er9DmMoF6St1/0a+y2lv78V9+IftvkDe/u/M+3vm6neM5+W57UgAv1L+735n/wfjVaBAgQIFChQo+L/EvyWAVSwkAWyN8q8FsKUTSpaSALZ6SQCraSijqq7yLwtgmbQM9G8ig6WyGsg0dJBpGcjlqhQlq2zsgLq5C2qG1iipamFtboq1kb78B3FpSWdpeWclFeX2ZZylKF5J+koyV35OivAVdapoi7p1BXoCUb+yaF++nHO7QP65nlck7z9CLoDV9VHVMUJLRx8VTWlPY11UdPUw0FIisK8WR3M8eD3fibdLbLiwzI2ZPmboGRujZmCApokJakaG6FmYYWBiiKmBJvaGani56LBwuC15U91YE+rBztAuHInuTp2fOvV+mmyZZsyOOVbsDHZkeZANVYEOVM50JyOgC/MGWuJmroGeqhJOOjKmdFMlebAyq8arcDHKmM+yLPi23JYbq9143DqaP78zn79+spSn5yfx/TEfbm7qxnulFpyX+rxxGk8/38Ufn37Ejz9+x59/+Iq/PnyTe5ca+HhdAJeKHGgt6s6bB3L54/X3eXbrI+5ce4t7313lwZdv8ejLszz9qoXHnx7i0UeHuf/ONu6+sV4eASwJ4JvnVnDzdAO3TzVw41g11w6Xc+tIJXeOVnHr8DJuHy3nTlsFd46Vc1ekkgR+fEaKAq7nkUgfnZbSdgksCWCJpxdW8P0lSQCv4pk4fnZ+OT9Ikb9n6/nx0nL+cL7huQCuFWkNT48v44eTZTw7XsLjYwU8lfbwbcvn0dFs8TmLh0fTuX8khUfH0gSpPDiUyOODSTxoiXsufmO5uzuGO7uiud0cJefOLono9vOCey2J3NwVy729iTw5lMb9fcminmx+OF/L4bJ5zBlkSW7oeAriF5CduJSijHRq8ytZXlpPdWEZ6UmJREQsYVHYQhZGhBGTmkl22XLK6newrL6F4qp9lNe1UV57koqaMyyrOEdufhtxcc0EL2hk6vQC/CdEMdJvBhODZhCfGkdRRQlZBaXkiTayCmrILaklu3QZsRnxzA6bRmhCMHmVeZQ3NpFbtpayyhYqinexbdUZ9mx6nXUrTrOyoY01q8+xcevrbN/7HukF20kv2U7D5nOUr26lYnUbYckrmTQ7g4CpCfj5h5KQVEF+4XLq6jZRWb2W9JwKCitWMn76IsYEBWPn1pv+vhMIishg/JIs/Bdm4DstjNFjAgkc50/4rCBSlgSTmxxNYW4W2bnFZBVWU1BSQUZ6EgWZcaypLmLP6ia2162mMrOc+MXJBM8KZYoY+5iA8fj4eDNp/DiiIxZSVphOY00ROzavZtfmDexYv449m7eyd8tGdm1ayZG96zh/fBtnjm7h5IE97NuyizVV66kvqqepqorV9bns2FTI8SPLOd+2jVP799K2u4WdK5exa3U+R5truNi6ljOHVnF0dz071hRRVRjHpqYyju7dTOverbS17OLU8ZOcPH2Fs23vsHPVWo5tzObtfQt5eGkOf3t7Gn+5PJQ/n+/K3y514w/HPDhX4Ubqwl6EzxtGXMgoDu2rIj56OpnxESSGh7C8oYis/Hgio2JYvDCaMZP86NS3G3Y93LDv0Qv7nv3oP3I8rv2GdvgO6IhtIV5smt+fzcEDaZjck3xvF7JHdCGmnxPB3e2Y5+7KdPduTOrVk1Fubgzu3Bl7A0P0VTTREs9g987dsBfPPlNlJdxMdOlhok2o72CWhc6kIXoB61Mi2Zwex+bUeLaKe7ktNZGtybHsyUhgT2asOF7MqugZVC0eS/6sQeRM7yvS/lQs9KJk7kBqFo1ga+pUmrNn0RQ/lqy5vcmZ50lluD814VOoi5rMeDdN5nppUhXflfqMbqwrHcS2mklsrpjPjppkDmyo4/Sxnbz+2lE+eO88X39+lc/ev8K7l8/w5uk2Lh89yI7l1URNDyBuxhjW5oWTtWAk87ztGeGgyiBTZeYOdGC2px3zh7iQNXsUNTEzWeTbBw8zHca625EozhVFBpG1yF/UMYyooGF4WBjQTU8LN1N9XI206eVggbdHd8YP6Yensz1uxgY4a2nhpKGBnXj3OIh3pZV4Z3mJcjn+vaibM5Ctsb605k/hdNlULpRN4XzRBF4vC+R0pj+7woayZt4AVgYPpSTQg0ndrHAX8+9qqt3hvVagQ"
11928 [Forwarding screenshot on session b1310904-d161-49ca-a1a6-530fba7baea8 to remote] DEBUG org.apache.http.wire  - http-outgoing-47 << "IECBQoUKFDwn0VHPwp1zO8VwB1LwJflWseSuGN5+Ct+jwDuSPQJXu5jx+Lu5T52LBVf6uMrbXU0xr8ntKV6/nH7Hc/R72njt+Ly/4QA/p/cw388Jy9ov1f/pH8v8a/fKzn/sgB+dR7/2Xh+33gVKFCgQIECBQr+b/JvCmBLgTXKVu0CWGbl+FwAOyGTL11sjExbGxVNNVTVJQH8r0cA/z0BrCzfG1gbmaa0H7BoR98cZWMbtMyd0TKyRVlFG2szM6wkgfqzAH4uY1VEvXJEuyrSfr3Pz6mKOtV1Rb2iTg2D9mM10YaUT5SV9gSWLyUteFXy/iPa29RFVdsQLR1dVKS+q+ugoq2DiY6M6QN0OJbVm6u59rxfaMGV0k6Ej7fAykIbXV0VTIw0MdBRxUJfRlcLVaYMtCJjanc2xXqxMdSNHYuc2TnbjNb5xrwW48zemfocWerMxpk21E6xpizQmYKp7oT7dsbPzZSeFupYa8nQF/dGR0sdez0Zk7qrURNkxMFgXS6FqvF+jDqfZejzTZUtt7f15MGxwTw4NYKHR334sdWbb9e4cDFHmwslTtxoW8pf7x3gr394hz//+Dl/fvQujz7cxztbYrhS1o9LuVYcyXHlveZ4/nr9dX648TZPbrzJ/a8v8vCLSzz94jhPPt/N/ff3cOutXdy+soEbF1fx3bkVfHdGiv6t57vjNdw53cj1o1V8c7CM64fKud1aJV8GWuJGazk3jizj1tEK7rRVcf9krUCUeX788FcSWIoEfnqukT9cfB7pe65ejhTt+/R0NT9eqOMP52p5eqqSZ6creHqyvD3q93gRT48V8PBwLo9bc3l0JJsHh9N5eCRdpKnck4TvkWTuH07kbkss9yT2xnB3TzT3xfGDfXHy41vNEdzeFfkSkgy+tyeGmzsiuLMzkgei3J3maHEtgZv7sji/PJysWQNZMmkgU0b3Z2bgWBZMncSigHGEB04kfv4MsmIXU5qXQFVFNhXVBRSXFZKVX0hyhiC9lNSsGlIy6klIayApvZH0nNUUlGyltGI3lbUHqKo7RHnVAYpKdpOWuYGIiGpmLSjCf04u/vMzmbIkjfnxGSxOTSM0OZbU4mwyS3LJW1ZMZn4uKekZ5BXkU16UTqYUYZqZysqGlaxZtYM1646wZtMZype3snrX6+SvOMjc5ErmplcxNjidgJmZBM7OYGlEMUUFTZQV1LF17Q6WVzVSmFtMaloeuaV1pJfUM8gvCFPnbgzyHcNAn5EMGDYMvwkTGB8UyLgpgUyeNUfUNQ/fgEn4iDyTA4OYOyuE2VNDCA2OICEmhYTYVKIjBOGZxITnkxxXRGZyHukpMSQnzhbXJzFvhi+Tx3kzZvggRg/1JGDUEOZN9SE1ZgrleXNYWRXJpsYMdjRVsGfVSvauXk/L+vUc3NrIgR0ltO4toGV7DqvqkllRkU9jaRmrqqrY1FTO7q3FHDtYzKkDebQ1Z7J/fTrNKzLZu7KMY5tWcmnPTi7s2kHbhib2LS9lY1kCO2pSRJ4KTjQf4sqBy1zavYePj9Vxet04Hl+dxZ+/mMPNA535fIMRD3Z14866YTSH9SFh/mgi5vmwtmwxFfUFJGRmkxSVQFFmEg2i7qi8HOLEnGTHJOPtN4xOfbvSY3BfvMaOpf9IX3oM8cG1/+8XwKEuZsT3tqDQpzuV4wdQM8mL8gnDSRvRjzBPd+b07k5Q756Mce+BmZoqBuJ5riueiZrqBqioGGJiKJ7jarriua2EobISNtqaZCyYxbbiHDZnpbIlLZXNSSlsTUxnT1oBO+Iz2RWXxt74VJrjEtkeE82OhCh2pkSyNTmUldGzWBE1k8boGYQM7sLErlakTx1F4sShxIzrTs6MHqyI8WVz+jQ523KmsnCYIZmz9Whb48UXZ2eJ51IYZ7dMpjFpICsSJ1ARE0RRygzqKyJZVS36sryADeVZNGbEUhY+n7IlM4kaO5CxLqakTB5K6qRhxPsPZGYfJ0ZZGjDCUI8RRoaMsbNhiLkxvQy0GNfTlTG9nQnw7MYsvwGUJIWwsSaT9RUpzB7jwcQh3ZjQvztD7G0Y2cmJEXaWBPXsTNK40RQGTSJ51AjCBvQlpHcvJjo6M8zYlNF2jvTSM2CwaG+0mRbjbQ2Y5WbL0r5OxA1xJtOnK8XjelAg3g2Vk3pRFdiL6mm9WbN4GNsTxrMtKYDaxcNpiPD9zX1WoECBAgUKFChQ8J9HRz8KdUy7zOpI7rULu1/JNbls+7Usaxd0v4iwv1OXvNyrwkyUfSHl/qkA/vt9bC/7QhJ2IOZeui7RgVR8dVyvSMVXBWL7vLzc332J7fnlcvFXeV+0/6rcfXUsHbfxq7l/dRwdzlnHwvQl/qkw7aB/z+/fi3NS335zL/9Jux3N2T/nd9yr39zf5/3/VZ5X5/ZVmf3q5/a+/vI9+j3jldfx6rwqUKBAgQIFChT8X+TfEsDK5hZyAaxkadce9SuJX4GypTMyacliSQBr6aCioS6P/lVR+x8IYCnSV84v+ZVU2+uRy2F17fYoYF1TlAws0TZzRMfIFlVVHexE/2wMDeTyV1NJhoqSFPkryvyMaENZWuJZSiVJK9Uv8oi+ytRFqiZSNSk6WNrHVwllJWVUZBIdi96/R7sA1kZZQwc1TTF+STaraaGsqYmZnoypfXU4ltad9/Js+DDXkKsljpQGO9DfVQ0LDRm2mjK6m8qYM9yG4gUebE724mTxSK5W+LB9tiGtISbsm6rKoWkanF5szsEFVmycZUPFZDuqgj0JHdUZv17WuJppYaCuhI64H/p6+mhpG6GnZ4S9gTKT3NVZvsCWEwmOvJ5oyXspFnyUac7nJeZ8UWfCpyu0+XC5Dl+u6sRXTa68ka9NW6ISpwss+OLANLi9kb88Ospfn5zj2ZctfHIgm3Pl47mc34U3C204muXKx7ti+Nt357j/yUkefnWOR1+e5tGnx3n8kfiP6ve3cuvNLVx/bTO3L6/jxvkmufy9LnGqgevHa7l+rFougK+3VsojgCUBfK+tmnvHa7ghzt0U125LS0SLfLdPVHPnuEiPVcpF8KPTUiRwrTwq+Om5Bp6eqeVHufyt5dnpar4/U8OzU5U8liJ9z1Ty/alynrSV8PR4iVz+Pm7N49nRPJ4cyeHBwQweHc4QaRr39qeINIWHgnsHEuSRv/cOxHNzdyR3d0dzf080d5ojRRrDw5ZYbu+M4O6uKEGk/Pyvudcsru1cyr3tS7i/YykPpPM7o7m9L5MTlcHET+xBbthksuIWkRQXRmzoXHLCZ1ISv4isiPksmOLPeO/hjBo+jIBx45kzaw7RUZGkpaWQlZ1GTm46haVZ1K5YxrrNK1i5rp6C0lyi4qIIi4ojOjaXhMQacnO2saz0GBUl50TaRl3DYZavPkBt0zaiU3KZMieMacGJTJ6dxsTZWYyfmcak4BTmxWYSnpFOanoUpUVxrGkqpq4uj4SkUOJTYymsrqCoYSXxRXVMWJxBF+952HjOZMjkBCbMSiM1ZwXLV+xgZd1a1tY2UpyaSkFSMsvyi4iPTaWkci0LY4vxmrCQHkP8SMsrZKiXJx7uLnR1NcfN3RW3Af1wHTQcx0Gj6TlyMl7jZzJyXCD+fuOZPi6AQJFOHDcJ/wlB+E2ehm/gDCbPXcCskIWEhYcTHxlOzMJglkyfROjs0WKOA4hZFEDozJEsnOpNyJRhJIdOZHVZNIc3FdKyJosNFVE05YWwMXcGB0oCOVw2gcPLxnC0aiyt1f7sKxvL/tLJ7CudyuHKWRysnsq+ygD21fizs8qP4xvmcGztXHZWTGHHsmk0l82ipWoBFzcnc25DPJ8fK+XrE6W8vTuZ/bUhbC5aQFPaHA4tD+WN/bN440B//viVPz9+4ccXh2x5d6MOn2+y5vqGQVypmMi60iTyo2exJm8hMWI+F8bkU5BZyfoVq8kvKWNhRhVxsQVUphXR13MIDj270W1gL4YHjGOIfwCdPL1w6j+kw3dARyT2cya2jwNhbtaEdbchopcTS3o6EyLuzzhbMzyMDBhkY0l3czP5P6jRFs95XW1d1NT1UFEVz3KZFlqauuiI94V0vZOpDuFT/CiPDmFVSiQb0xPYm"
11928 [Forwarding screenshot on session b1310904-d161-49ca-a1a6-530fba7baea8 to remote] DEBUG org.apache.http.wire  - http-outgoing-47 << "BzPzvR0mtMy2Rafyo6YJHbGJrAjNo5tsdFsjY9ga2IYm8R3b0PKYrbnRtMQM5eQ4T1x01ZnyZhBJE/3JXPWMKL9nAj2tCQ5oDdl833ImOrOuM4y4iaps6W4O+8fmcK7h4PYU+1FZVQvypcMI23mEFKX+rJ07hBi5o8mLGgEiTPHEzdxNHM9ezKrtwv+DgZ46iqxoL8jyX6elMwaT87ksSwe0Jfpnbsywd6ZkVY2uGtrYSfeTz2NdXAy0KGTmSHujtYM6dmJkQO64jewCz3tjHEw0KSruQk9TQ3pZ27MUEtjFg7qS1HQROrmzKApeA5rFi1g3ZLFzO7ajWH6RviYW+Fr5yywY4ydFcNMDBlqbMAIEz1GmmgwykwfP1tT/B3NCXA0I9DZkNndDUQfzYn1cRD9dqV4ej+qFvz+fwCgQIECBQoUKFCg4P9/6ehHoY75+3K1XYS9IrVeyMDnvCzGBC+Ep5zfCswOy3YoM3/FbyTfr/l1/1/Iv5d5uVy7vHs5zytt/xMB/PO5X9fxquD91fl9r5bvYI5+TxsvjaPDOfvfEMASr8yRmNvfRs3+6rrgN9+Dl+j4vrTzSl9e4nfcK4mXvpPi+r6Xx/Pq3L4qfF/tX0DDPvnnl7+fv1xvz/PyeBUCWIECBQoUKFDw/5p/XwCb2/wigC2cBM4oW7r8rwhgmfqvBbDEc/mrqtJ+Xb6Us5RPB5m2oVwCa5nYo2toi7qaLvYWVtgaGcojgNXlAlcqoyUQ+VU05dJXWVkVVSUV1JWU5JJYS6Ajodx+rCFSaclnmZIkgTUFeuJYlH1F8v4jpCWk5e2pqqMijzgW/VYVnzU0MNWVMcVdm2MpXfgwz4aPsvR4r8iag5k9mTNAjUEmSsSMtmBDgjd7s3xoSR/A0Sx3TqZ14r0Sdw7MV+edFCcOz9Lg9BIb9s63YtsCVxrn9iRvugeettpYaEl7OMpQ09BC28gCmYY+MjUDNPSledLHRENGYF8d6uY7cCDGkfNprlxItOFSshlXc415r1Sd95fJeKdUiav5BlxO1+FEjIzTycpcLLHggy3D+f6DLJ59UcNP36zhzsUcLjeO52JBXy5mWnG1yJYTuW68szuGP366n0cftfLDt+d4+Olh7r+/i/vvbOXe1U3ceXMzd65s4ruzTXx7qoFvT9TJuXashm9bK/nyQKlcAN8V5+4er+XO0WruyiN867kpSV9x7r60VPSJdgF872Qt90T6+Gy9fD/gR6dreHJKEr6S7K3ij+fF8SkpwncZP5wq59nxUh63FvLDiRKetRXKo3yfHM3jyeEcHh/O4mlrlkgzuS9J3wPJ3NuXzN2WBHGcyIODidzbH8/9A/Hc3RfLzeYI7u2J5oHg9o5w7kqCd1cU17eEylPp86+R5K8kfh/vWsr97Yu4v3Uh3++N4KHIe217DK+vjGB16lTKE+eyYNpY5s4MIiYihLzkRfL9gHMSY6guLmPrmp0c3nualXVbSIjJYLT3KLp2ssO9uw3ew7syYYI7Eyb3YGJgH+aH+FBQHMH+gxt47cppjh8/QdPyTSQnlLFkYSGRS6pISagjK6OC9NQSsrOqWLe+lRMnvqLt5B3qGt8gLHYbc5euZOaSSvznJBK4KJZxk4IYO3YsQ4cOInDqBHLyU5kdMp0+QzzoNWQQXT29GBwwl5Ez4nAfvYi+viGEROdSVrOa8vJqSnOzyYkNIztiEStLC1gyZx6+PhOob9pPUf1BPEaFYt5lKMERySyKjCMjO4P45Bj8pwTgPnQwVj36oO/aBwOXPpi79MWhc386u3albw9XRo8YzPBhQ/Dy8WHYWD/6jRzKgJEDGejTnyFeA/AZMoypfkGEzQghMzKQxTN6kBw2nPU1S9lSH8/q4mhqUkNZlRvHB22b+OvNc9x4ey2vtcTwzpYJvFnmzIVMC17Pc+VKflcu5Ii0sBPv1rhxZZk9F4ttuVTiwuvlPXm70YsTlf05XjuI7dmdWJ9sy+GKPhyt7svGVFvOrPRid1E3jtYM4K3N/tw+HcqT18J49uZS/vh+Klf3+XJ6hzO3Px7C3U+9+NN3U/nrjek8ec+bK5uMuLLaii9aJvPG/kpOb1nGlZ0VlBWVEBaVyYIZi6gtqyU0LI3gxDpCFqaRvDQZe5d+OPTsg2PvznQb3A83r2HY9OqPw78ggKfb6hHsas4EUw2BFmMM1ZlsZ0qEV3987S2xFs9iM2Vl7PV1cbayRE1ail96pkv/AEdJIFNGU0NVPHuV0FOT0dNBj9EedozuaU381OGUhQVRHTGTVeJ7vy4pjPXx4exMiWdrfBSb4sLYELeY1VHzaBB5GqNnURU+lbrY2WTPG8u8Ed1xN1Znif8gMhdMJGPOKBaNcGZmPxvmejoTPKQLIcOc8TCUMXeYGtXxnTmwwocdlQNZkdGHoiU9KVo0lNJwfxKChxM8pTeLAgcx17cvi8d4sWBYfyZ2dWSUtQH+9ob4WmnhZ63BMANtxtmaMqdHJ4L7uBMrvn8xo0YSOXokoaNGMM/bi/m+Xozq043B3RxxNtPDVF2Gg7EKna208ehkIebBlN7ONkwY0p/BTnZkzptJcchsKkPmsF2M/0hBDgdzMmkMWYCfuTnuYh77aerQX8+ILuJd46alSW8dbYaYmTDCxpzB5ob0N9alv4kuQ22M6GukTi9tMd+aMtw0lUV+ZbprK9NXVw1PcQ87utcKFChQoECBAgUK/rPo6Eeh/37aRd4/lpG/Q5IqUKBAgQIFChQoUPAfxr8ngE0tUbW0Q83GGRUrZ7n8lWPmiJKpHTI9U/k+vaqaWqjJJfDfF8AdoialkvjVfJ7+IoDlwkDKoy6uaerKBbCyrjFaxjZo6lmipWmAuZEJ1kaG7cs/S1G7ys8FsKqOKCvKiXNaoh4DZWWMlaUILG18XSyY08eWad3M8bbWwU1LhplcBEuRwNKy0Nai70bIlJTkMldCWVxTk/oq2ulQACtJAli0/XwvYfln+XLTmhiJ+gO66XAqw513Miz5usicK6l6XMrrTGt6T/Yn9ORgYh8OC46luHMyoyutCRacy7Th0+rebApS5r3cfmwK1GNjcCfWLPKgcGpv/LsZY6uljL6GEuqamihJUdI6ZiiJuZGQaVsg07JFVdsSC21lxnVTpyzQgpYIe84kO3IuxY5L2fa8VWrDO1WGvF+vxSf12nxcZss72Wa8lanLGzk6vFlqyrur3PjmUADXjs/mu2Nz+Wz7ON6t68PbxY5czTPntTxr2nJ68fmxTL7/cAd/+voUd98/yN13d/Ps4508vLqBmxdWc/vSOq6dWc41KeL3VCM3JE40cKOtluttNdw4KkX1tsvfW0eruHlE2ve3kjtt1dw9Vc+dk1L0b6Vc+krcai3jwYkKnpyu5kHbMh4eL+fpqSqeSEs6txXz9Fgxj1oLeNZWxA8niuWy9/HhbJ4dyeXRwUweHkjnyeEsnkgRvwfSxHEajw+m8mB/ojhO4cmhVO7vixf5pD17k+XLPN/fF8fD/fHc3StF/0bxQHB/d6Sce7si5NzZGfYb7krptsU82LGYJztDebQthPub53N362Ju7ojm023J1Eb6sWBcb3KTllJUkEN+YT7xSQksCY8iMiqZpKQSoqOLmTcvlZioIjLTKmioWcn2TRvZuKqWiqIk4qKCCJk3mhmB3syY7MfUgHH4j/JjlNdIpk6YQlZaMutW17J9WyMb1pdS3VBMemk56cVNpOZtJCF1C7Gxm4iNWkdF6T52bjnPvuazbFt7kLV1zdSUbqSkdDPZhZtISFlBWEQFIcH5BAUmMGliJCEh6SSlLmP+kngCZsxh9tKlzIsMx2/KFPoPHcisWVMozIyhMieeqqw4JnoPZeRgb8KXZjEzuIDI9J3Mj9+Mjr3of3QZEyNKGDYnlZEhqcyOyyOjtJqyZeUU5uQSsTicsaMnM2ToRIb5BdB3+ABce3emU88uuPdyx6N3Hzz79GGgRy88enZlyMA+jB49jCFeAxk9agBRwZ5UZviybtkMdjUu4vi2dA6tTuazc5u4/loz96428+iTZp59toG2DbM5VdOXDypt+LzWga/qO/FJlQsfVznzxfIuvL3MnPdrrHm32orLx"
11928 [Forwarding screenshot on session b1310904-d161-49ca-a1a6-530fba7baea8 to remote] DEBUG org.apache.http.wire  - http-outgoing-47 << "Wa8VmLF1SpXTuRac1r8nRzJseRQlgUHMk1pzbfkdIUjB/JMudzkxpctg/j64EA+2t2Td7ZZcfOEi/jbEH9PJ7tz892B/HhnKj89iIXHDfDDGkEZP96cxfV3BvDhyQF8djKKjw7mcGVbBkc2lXJgez0tW2pZt6KOzKwSIpNKmT53If09PenWewTDxk1k7HR/PLyH4NRXksCjsPEY3OE7oCP6qygzxcYIf1Nd5rm5MMpUj2HGOnjbmtPPzBBHDRWMxPPWXhwPGzIAbR0NVDXUUNMSz3jxfFQXzyxVtfZ/eBMY4MnE0V0Z3kfUN8SKYP+uzPK2Z8FoVxKnDqAifAJ10dNYEx9CZchUCmaOJWemL5nTvMmdM5pqca1k6USaMhaysSSWsriZzBndh6Bh3Zg3tj8LxngwfbAT0wa4MKaLNaNdrVk8qj+DbVWYPdycoCHaZC52IMRfj5k+OoSOt2SpfycCB1mxeHJvFk3rywzfnsz07sMEj674dXFgjLMtw831GGtnhJ+tLr422kxyNifAyYLxDlaMMDFglI0FXhZGDDQ1EGUcmTqoN/PHDmPC0N4Mc3elfxdb8VxWwt5Yk0E9nZjiOxg3RzMm+Xoxzd8Hz84OpIbMZv4oL+ImjWVjWiIbk2LJDZzEeFtrfExM8BDv2S7iHeco3kHd1DRx1zXCVbx3nMW71FW8k511dHDW18bVUBsHHVWc9NRwNzNgkL0lQ+wtGGBuQF/xTvQw1KC3vkqH91qBAgUKFChQoEDBfxYd/Sj0349CACtQoECBAgUKFCj4/yb/lgCWGUsRwHaoWkvLPrsgk+OKzMwZJTMHZPpmLwtgNbX/gQCW5O+rAlj5OVIksDivroWSlh7KOgaoS8tAG9qioqaDjqY2RjqibUkAS/JVReSVUFJHWUUNFSUl9FRk2KrKGONsSO28YbSljONY5AC2Bdmz3M+Q/BHmTO1igrO2KprKGmIslqhoSgJYWS5/1dXV5ZJXksCvit8XyOTyWFpqWopC/pUAVtPGQEvG5F5anM3pz2fFnXg/3YD3csy4nGrKuURLzsTbCpw4HuUg+mXFyQQLzmeY05aoR2uCCc2Ljdk8x5ymGU4kjHXGt6sxjlrKGIkx6WqqoKalg7KuKTJdc2Q6lgILuQiWp7oOKBs4YqmnwVhnJYpGarJvngGX4015Ld2Eq2UOfLK2J9/s9uTaIU9u7RvI1029+bK6M59X2PFphQWf1Frx2WpXPt/Sh8+2DuCTDR68X9+J98os+bjElLfzTbmY78SJ/CHcO1fKT582c+/tFu69c4Cbr2/h1msN3LnUwK2zq7h5polrUjTv6eXcOtXO7ZMiPVEvqOOOSO88j/5tp32PX/m+v8cruX2sgptHykS6jLtHRXqkmPvHSnkguHekkIetRTw6VsSDw3k8ac3l8ZFcHhzM5MmhLJ4eyZEL38eCp4cyeLQ/lYd7k3hyIIXH+5N5sDeeB/sELXHypZ2l44ct8dzfG8vjg4k8O5wsF78SjwTSHr4P9kTyYHeEnPu7wn/mzo4lHbNtEQ92LOKRxNYFPNg0j3tbQri+JYyvd6ayLnkiY/tY4NXHhYGeHgwf5c/kWVGEJ5QRn1lHQlYdaQVNZBU3kV24gsJSkWaVEx6awJIFESSEJ5KbmkthRhFlORVUFzRQI/LWFq+iIr+OnKQsQufPZqL/YALGuRM8bxCxcVNJSYkmLS2dirIGNqzZI2ihsXYj+Tnl5GSWkpSQR0ZKNRXFO6hadohlVacorTlNadVRqmoOsLxhL/U1m6itFH3KKSY+JoH5c+czYeJkho8YSTf3HvTs3wNv38FMmuTN3Bm+zA30YWjvTgT5j2XezMXExlfQuO41QpN2M3xKOYYuAUwJr2Bu+jrCSvcSW9nCnIQagoKTmDErjBlTg0U9oYSFprN4aT4zg7OZHVpISFQuUSlpLI5axJRpYxk9ahCDxVz27tGdbp2ccetqzchRbqSmTGJZykh21c2ibX0E7x4p4PNz1XxypozT25ZyanMIn53J4t6HjTz+didfna/h7W3zuLpqIFcaenG5rjcXanpxvtqdi3W9OFHuyumarpyq7UZbRWday7pwYlkXzhU7cGWZC+fE38iZXFeOZ7pyKrcLlyt6caa0E2+tdufW8SE8OOXO3VOd+cOb7vz57b785aOR/PTVOP58NxCehvPXp1Xwp7Pw0xvwl6P89U9lPHuwiPvfBHHv6iyun1nIJ63hvLsvgjPbQ9izfh77tuWwc2M1u7atZPnqPBZETqRzz6649e7G4FEeDPAZQO9hQ3HyGIDLwGEdvgM6YoB4NgfYmhHcuwfrYiOpWbKI2PFj6W1sjIl4FpupKqEtiV4VZWztpeepeJZKzyrxjFVSlqGpIUNNPJdVBdHhk4gOG0Oo+C5GLPBkdoAzg7roMrqPCbNGWREZ2J3wADem9rVjQndLkTqywLsHwd5uzBNETh5EZNBQEuf5Ejx+ABOHdcNvgDNORjK6WWowtKs5PqKcp60hw5xtmNy/N9OH9MWvpx2zR7pQnzmBBeMd6G6pxMQhZhTGeFGZHEDqIh+mjXHBd7AlbtYqDBH1eNqb4Wltythu4u/T1JA+umr0UFeln54KU3s6Mb6TLVPEtYldnZjauysjHS3ooatKF11lHMSY7cW7wEY8u3s5mOFoooO2mCtjLTU62ZgwoIcr3UT+vu6dMdFTxd5ED2cTfSxE/UOdbZk5qD+LhnuRPS2IzMmTyJo8hTm9PQju58kcD0/GOXejq5oenTT0GGDjyLgBAxkzeDA9XJwx0dXGTE8HCwktTczEu8pCvKOcxPupu74RAyxEu2I8Hd1rBQoUKFCgQIECBf9ZdPSj0H8/CgGsQIECBQoUKFCg4P+b/JsC2FIugKXoX2XLTu3y10Jg7oKymSMyA3N5dO4vAlj9XxPAkvSV9vl9SQBL0b/KqKi1I0UBK6troqyhjbK2Pko6JuhJbavqoqykgo6GGirPBbCyqrrIL9pWUkZTXQVtFRlmyjIG6quxaq4nb+UH0jLZivUDVDg+Tovdw5TYNlqP+jH2hHpY09NQDV1Rp6q0HLSo80XEr5RKIlhVtV3yvoq0f7C0j7Akf+XLSUtCWFUHmbou2uoyxnTT51TOYC4lWvB5oQ1vpptwOVGb1+K0eCPBlNfjbDkXacXZaHMupFjQlqjDuVxLDiSasWGxFRtDu5Pi64CLnhivqF9aylpDjFu+b7KWobgHRiI1bRe/WiYoaxmhqmOMkqEd6ka22OuoMclWxrKBMg5PVeGtGE3eydHlk5VOXD84jPuXpvPwaggPL8/j4YFx3Ns+mJvrunNtlRNfN9nyVZMdnzY58MUqF75scuaLOjs+X2bKZyVGXC0051R2J86W+fP9lQaevreJL89s4vYbLVy/uJ4vThTy7fFSbhxfwTdHqvn2aJU4rpdz80QDN9tE2lbHjbYa7p5s4JZIbx+rlgvgeydq5Xv83mmr4N7xSu6KVBK/9yTh21rCw2MlPBF1P2qVlnPO5/ujhTxtzePhwUyeHs6W83B/Ko8PpvPkUAYPWpJ41JLIk/1JPJSE765YHrfE83hvHPebpUjeKO7tipQv6Xxf2t9XcE/wqCWOx5IQ3hv7y3kp2rc5TLCUuzuX/MydHaHc3r64Q25tXcjdrYt4sFXM9ZZgHm2aw71N87i9VdRxMJcjFQsJHGhHd3sDHO3McXBxx9zeC2MHL1z7+OMzeRGTgiMZN3sRs5bEsjgmg8y8ehqX72XdmjZWLz9GQeYmclLWkZmwirS4ehIil7EkOI3whUniWgnb1m+h7fABdm1fS15WDEsXTCNi/iyWzg5izqTRTJ0wlEULAshIX8rWrWvY2dzM+o27qa1vprR8F7mFO8kr3Utm8XYSM+qIS8ohMSme+OgQFs7xZ9IYT3yH9WJwn+4McO/N8AHDGTZ0GGMCRtLTwxVzSx06uZgwxLMbcVGLCJw8hYmT5zMvtIDC2pNUrvuQ9MpLWHafyqCAKMbMzmD83CwC5mayNKWJ7Io95FW1kJS/iZDoKuYtLWVBWCnBi2qYMasG/ylxjJk6mykLpxGaspS0snxyimvJL2gkN6OY6NCZxCwZT"
11928 [Forwarding screenshot on session b1310904-d161-49ca-a1a6-530fba7baea8 to remote] DEBUG org.apache.http.wire  - http-outgoing-47 << "mHqUA6unk1zeQAH62fy0ZFM/vT0II+/WMGVfQv48MRSnn5awhfnM7i8J4EjTeFsLhjLrmXD2F7Un11lA2mpHML+mmG0rhjFmQ0TOb95Mpd2TOetvbN4e98c3t83gyvLB/POCvG3X96Pc0X9OJrekyOp3TiY7EhLkglf7Owv/m5G8NOVXvzpNVf+/FYvfnp7OH/9OABuTeNvD4P406OF/OlxGT89PsafHl7ip2cn4S9r+ctfSvnrDwn87TuR5+sZfHtxIp8f9Obr42O4sNeH7Y2j2b0ymM1Vc1jZOJvt+5KJjByP76geDB7shFsPG7q5d8axWzdmLQ3r8B3QEb5mxgzV02FGz+6sS0kWc1JKbXIi/V1csNTVxVhbXf5M1tBSlUtfNV1VuQRW11ZBS0pVlTA1NsDayoRxY92ZMa0/IdI/RggfwZL5HowfYUHgKBtmjrFmzhgbFgZ0IlD010/0d1wvOyb0d8KrkxE9zJXp66CDX39nAn36YKquip2+Kj3sjeT/QMbJzBBfTze8etgxzduT+WNHMXuUt6jPDytNVYZ01Sd6bn/8h4h+DDamIGEoTSWBFMaPJiVsBJGLhtKjs7oYjxI9nAzw7tOZET0749e7O0GD+zF9SB8meXRmQh9XFnj3x9vJgqC+PZk2oCfjujvg38OREa4WDHI0xVFbWR6F6y6JaHdXutqYYiDec8aaKuirqaAr5qSrix3u7l3Q1VPDUFcTLRUlDNXV0BNzaSzwcnUmfvJEkqdMJmbMGJLGB5A5OYiYkb6MsLDFXduILlr6dDMypaetA13s7LE0NkZPVxtDfQO6d+lG/x696WxpL8avj5WyLvaqerio6WAr3nkd3WsFChQoUKBAgQIF/1l09KOQAgUKFChQoECBAgUK/jv5twSwkqk1apaOqNm4omLV+WcBrCRQsXBCycAKmaY+qpo6qGlo/s8FsFwC/yKAVVSUUX0ugdujgMV5DVGvtBS0piHapvYoaRqgqq6JlqZoSy5qlVGSonBFuyqqSmiqyORRaJ20ZFT4O3AueiDHZzuxqY+MAwOU+WiKAY8i3fhiURcuz+/Gwbl9KPN1xs9chqkop6aqio6OTvuevkpKaIj2/94S0HJUlFAR5X4RwKKvGgZoqCkx0FqLloQ+vJ3XlfdyrHkt1ZTXUw14PUFbLoCvxNpwLsKas1EWnE8x51CsJq3phmwI02N9RCe2JY5kjLM2Buqq6Otpi/FJ0c5iTrT0xHhFO6p68rakOVFR10NdQwdtbT10DXTo6mzJFHd7kvuaUttPhX1jlbgaq82nVabcbHHn/qWxPHsvhO8/jOfJ1Qi+vzyNxydGc6elH7e2d+fWps58t9aRLxtt+bzWhs8qbfh0mRUfF5nzbq4xl3KtOZTehdcaF/D91bXcen01n57axOentnLt7Bquny3h2rFi7rSt5LvDNdw6Xst3rTXcOFYn56acWvnyz/dONXK7TZK+0hLPdXLkAvhYOXdbS7nTWsKdI0XcOZTPnYO58kjfB4ezud+SJo/ufbQ/TS557+1J4MnBNJ4cEJ/3JvBYnHuyL4n7u2N4uDuWJ3L5G82DnZE82RMtzkVxrzmch3vaI3mlaN0Hu6Xo3nYe7Y0WdcTI0/u7Iri7Q8oXwe3tv8jeW9sWybm5deE/YDE3tyzi7uZgefSvXABvmMO1dfO5tiOB03VhxAcOYLJ3b0ZI++n2HkBnt6E4dhmMo9tgzF3cMXLqhn0vT3p7+zNg9DS8xi3E2z+KsZPTCZxZTHzSJgqKWihb1kJRyTaKytZTWr5WfF5FQUE9CXFFLF2cTUJMBXUVe9i8/gyNDXuoqGyieFkBuYUxxCXPJmTRBMb7S9G6s4heEkteWgENFbWsa1pOVWMpFY2FLKvOprwihcpl8ZTmLKU4fRFJS4NYEDSSyb6DGDWkN4P7uuHqZI2hsS5W1iZYWhvTq08Xps8OZORYX7zHBNB32HiG+i+mYcsbROW2sCRjD8ZdxjI3spCSyo1kZ9cSH1fKtFkZjA7MYci0MsYsWUNI7n6ii/cRl7OelKwVZGTUkJCeR1haCtPjYvBbGIfP7Fz8ptfg7ZvHjMkZJC9aSl36VKoTetNcOpJ9laN5o1ncg3OxXN4+jSvN8zm9MZg3xXfo05OFvH0ohTM7FnBm52wOLA/gUF0gR+om0towlgM1I2ip8OJQzSgOVo6hpdSXvWWj2F/uw4EqL8EQDlWO4Gj1aA6WDaG13JPDpW4cLXXkzVVdeGOlNZ9ssuL2UVe+P+nMXy525o9v9uOnz8bzl2+C+OudCfz4YDg/PPHhpz8E89OzUn58tFzQID4X8ac/ZPPTkzh4GMiP14bz47ej+NvHfjw6P5Cvj/fnw0PDeW3raC6sncCeFeOoLBpCXvwwNtSEUpoxk9B5I5k/04+Z0yewam1Th++AjlgyaBAeWlpM7NKFnDlzKAoPJ3TyZDpZWdG7axeszEzE80mGlp54rmvIUNYRz0dN8WzUUEZHSx1DPR08enXBd/QApk4dwdhxvfD3dxPfyxFEhHoRPL2H+A51Y5Z4bs8LcCRqdn8WTRpMkHcfPJ1N6esovkN2hrgYq+NmY0B3exM8OttjoqVJJ2tTujlaYW1sQA9XJ3yHejC4pwO+A7szflh/8bc1kOl+Xgzv5cAID3O8++kxdawVEfPdyIwdTFrUQKKC3UmOGkZSoh+9PIyxtNSks6sxwwb1pH+PTrg5iHG62NDD3oz+nSyY6OXOzNED8bAxYrCrLSO62jHEyRifrpZ4d7XCt5czg0S+Ac4WDOxsi72+Op3MDTHXVhfPdBV0lJXQFc90OyszXDs7YmIhnuNSFLWmCmaGuuiIuTRUltHN3JTRPdyYP2I4sf7+pE2ewhKvYYQMGIiPpTU91bXpJt7F7iamdDIxwUhdTb49go54R5qbmuLq6ExXB1dcLOxE+7b0snJliGNPvBw6M8jK/jf3WYECBQoUKFCgQMF/Hh39KKRAgQIFChQoUKBAgYL/Tv49AWxihaqlA+q2nQXdULHphrJIla06i/MuKBn+SgCra6LyPxXA0j6/PwtgaellJbkAlpCigaUoYGkpaCUNbWTaxqgY2sj3vFVV10JNTRUVZUnMClSkpZhFObX2KFkrXVVmelpwKrofp2dZs91ThUOeMt7y0+RakJmcW/Md+TbEhfeCnTk725YmH21G2WqiJpfQom6V9n2AXywF3TFS2+3yV1qOWpLR7QLYEA11ZbrqySgeb8FnVQO4mGjMlUwb+RLMlxL1uBRnxsUYO06F2XBsqSlHonRpTdLlYLoxu1LsOF0bQP5UNxxF/foaqkh7E6tqiP5p6Yg2xXxL0dNKYn6UVFEWqCmroieu2VmY4OGiw/zh1lQG9WPDBHfWDjGkeawml5Ms+XRtFx6cH8GTdwP4wwfz+fP7UfzxahhP3p7KwytjuHNiMHcP9uX2Tje+WWXPV7XWfFpqwft55gJr3suz4c0sG9pSbVi/1I76kP6sT5tAQ8o41uYtZWNBFJc253LzbDHfHsnn1uEmvt1Xwc2jVXx3pIrrRyXpW/uSAL59vE4ugO+0SUs/t0cCS8s+Pzhewb2jJdwXPDhazN1Dedw7kM2DQ1nc35fKvb3JPNqXzIPd8dxvjuHhHilaN0Ee5St9frA7jsfS8c5IHu2O4cmeWB41R/JgRziPJcHbLC3dHCbKhYu80n69S+Qy+OEeSf5GyeXvk32xPN0fJxfCd3dK+SK4I8nfbYvkSNG9crYs5MbmBR2wkOtbQvluk8izcT73Ns7l4cbZ3Fs/i9ubQri+I55TNYtImzWE8Jm+xCyZR/D86cyaMYnAwImM9fdnqM8Y+gz1w23QOGx7jMKi22hMu4zBovsEHPvNpNvQYLwmhuMzJQyfyUuZODeJsJRK4jIaSchsIi1nHbkF21hWvo/yioPk5+4gLW01OXlN5BcuF9RQUFxJWUUttfUraGhYRWHBMpIT04mLiSUibBELgmcwf/40FgZPZ9H8QELnjids9mjmT/SU75XqN8CJwT3s6eligpONNg42+thYmdDJpROdXDtjZWODq1s3+g0bxhC/cdi4eWDR1RNP/xBmxlSS2XCM7OXHs"
11928 [Forwarding screenshot on session b1310904-d161-49ca-a1a6-530fba7baea8 to remote] DEBUG org.apache.http.wire  - http-outgoing-47 << "e8/iQkL08mq2kF2+U5yK/ZRXHeS3KpTROXuJyR5C/PiVjJtSQlTQ9KZH1FEaFw1C+OWEZZRS3TBamILtpNQcJCoxD3ERG8kJaqKmPnzyY8KIG9JL3aXjuZAhQ/HGkZxeo0vl7YFcHbzBN4+uFAQxpsHorh2pZj3jqfwmjg+sWUph1Yu4XBTKK2rF3OwYS67q4LYUxnE5vxxbMrxZX2WD+syRrAucyhrsobRlOtHU74/jRnerM0ZwcZsT7bnuHO4tDsHsk15o86aD5tM+HajEX862Ynv3+zHn25MgccL+eP9IB7d8uLR3SE8vR/A93ci+PFuCn9+lMZfn8Xyl6cJ/OVJHH95NBt+8OfPdzz500de8IEff77qzeMznlxrGci7a3xoq/Nmb+1omtKGUJ/iQ86SwcTOGUhK6HjyEhayc31Dh++AjqgMDmaAoSEj7e2Z0KsXg11csdbVRUtZGRMDA3R0tOTPQ2nZZ21jLfQtdNA318HYzBBdLW3MjY3R19HE2EgXZxcbOnWxpf+AzsydM5yZ0/oxK9CdhTM8mB3QlTn+rkwd5cqoAa5493XDTNRpqaNBVxszHE0NsDPWx9bIAH3xvjHR1sHaxIRuLs70c+/JkP59GdCrG05WevTsbCGOHenfw4WBvVzxGeRIwCgXgvydiFjowaK5XZg52ZrQOZ0JmeHMwnluLIkawpjArnTqpYdDZwO6dLfDydkaG2szjAy00VRTwtJEg0F9XRjWrwvuzpa4mOnRxVyXgeL77+lkyFDRbqBXb4KGe+DVzZGu5vr0dbKmfycHXMQz2kpfFz0xb0aaGhjr6WBgqIOmnrp4p7bvk6whSXPxDtFTVcJAvF/stDQZ7urKrMGDWeLjQ+TIUQR26Uof8U7oKurpI+oY38ONCf096OdkJ9owxd7UWC6YNWVKGGto0dXSniHdeuPbZzATB4wgaMBQpg8Y2OG9VqBAgQIFChQoUPCfxas/CClQoECBAgUKFChQoOC/l39vCWhDc1TM7NC07YymfXc0Hd3RdOqNinVXVCw7oWRkI1+CWFlLF1UNLZQlSaohiVpJAEuCV1Ug7YerIo/sfVn+SoL4RQSwlEqfpWWcX0QAi1RNfJYicKW8Ip+SujaqemYo6Zgi09CVS2ZpT0klkU/aO1iKilWWKaEjzpkpyRjhYsCORH/OLnDm8AhVDnjK+HCKOZ9OMOK7IAu+m2zG7ZmWfDvViM+m6XI91IyvohyoD+xEDytt+R6NktRQUZaWfpaWgNZGSSb6JdqQljiVxK9MtCVHEh4ilSSwJIVlIq9MQx9NbQ35MtT+tipsX+rEO+V9OZHqwIlkc07EGnEqxp7zCT04Hd2D1qW2tMWYcSHHkrOFthwrdaelZDRBHlbYacnQUFFql9zy+ZRSZfnY1dRV0FJTQl9VhrW2Gv3srQga2INoHyuyR6hTOlSPVd42rPO2Zt1YU/ZHO/LOBk/uX5nIk3cn8+Pbgfzt6jz++tYsHr09ngdv+XHn7HBuHvLk8w3duFJiQWushlxOH40x5USiI0fjHGkOtaIqUJPcAH0W9jdkwTAL5o60YtHYPiwZ15ethQu4cWYZ3x4u4tbhFVxrKef24Uq+ObCMawfL+e5QBdfF5+uHK/jucDnfHizjhkhvHl7G9QMlXNtXxI2DRfI9fu8ezOO+QIr6vdOSxp29Ke3yd08C9/cm8nhfIveao7i7I5InLfE82hvHE4Fc+Ir0+30JPJaWc94VxdO9MTxqjuD+jqXiXIQ4DuN+syR9RbpLWso5lAe7JcnbHhXcjiSCo8W1pdzaFiryi7w7lnBve6icu9sW/8zNTQs6IIQbmxfz3caF3Ngwj7vPBfDddTP4bs1svtsaxZuroygMGU6wmLtJo/ozpJ8jc6cOJCZ8CmGLZxMXm0BiSjHT5qcwYGQwfUeF0EfQc+QCXIfOwnbAJEx6DsFxyChcvcbjMmgivXzm4jk6FC/fcCZOS2NxeBWxycuJz1xJRvEmCqq2UlKxgZr6PaxafZKm5acozG8mJrqWxKQq8grrKK9dSUX9ckpraimraaSqchPVZVupLBTn8yqpzMmlOCmKnKh5LJnuxxS/gYz06kkfDxfcerni3MkFe/tO2Ni4YmMvcO6EmZMLhvbOdB00giEBs/APTiRgYTbDp6cyV/TPxH00M1OqKdpyiUUFewnJ3ENk7n4Sc3aTX7KLsvJtlJZvFn3bQXHdTpKLdzIvdhPj5lYydnohk2YXMyu4jIWLKkmRlsOOr6M4u4a89AwqS1LJiJlIXogbmzMHsr98FMcafDm33o+2NYM5t82bK/sm8PHpMP703Rpe25/KzvoQ9qyOZVNjDGuqo9hYn8SW+hTWV0SzpnQx60rmsbF0NuuLp7EqdwqNGZOoSZ9EXuIYcpLGkR41isJYf8pjx9AY58Pa2AFsiHDkZJ4zX6zuyjerLbi92YT7Z7rx+Jo//BjLn+7N49E1Hx5dH8LDb0fy/fVZ/On2An66O4cfbgXx9JupPPlyFrc+GM2DLwbw7IuufP96X/H34sH9A914uM+Zn4558qh1Gu+u9uNY9XC2ZHuyKn04tUm+FEf6kRs+gWUpC1lRltbhO6Aj1sVEMdHVmeE21vSztBDPN2X5s1JHPPfVpGf78+ehhr4GRpYGmNkaYWVviqOjPbbmtlgaW2KoY4CGusgrnpc6eqpo6ajR292aHt2M6NfDGN9BdozqZ4mvhxle3U1wMdfBzsQQTdGOvnjWm+vqYa5ngJG2LvriXWBhZE5nx86YG5phoKOPtaUl7j264969M7payuhrq2JtoYF7N1N8fbqyRPydxUePJipsMEV5E1gU7IavtzaDPDQZ4K7JrGmdmDqvB2NmdKdTX2M0TZRQ05b2MVZD20AHNS018T6Soa0jnrnWuqIdOwb06UxXR0v6uFgx2asXPj3s8BZM9+7H+AHd6WyoKZ7jYpy2Fgzo5EBXawscTYyw0NXB3twUZzsbtOT1iue8mky8T5Xlz3Z18YxXV5bea0oYirm2Fu/Z7gb6jLC3I6hnD3xtbXAT75wuYi4HGesT1LsHMwf3Z9KA3ozp04Nh3bvgKubOUlMdQ5HPWNwjC00tnPSNcbewpa+FNQPMzTq81woUKFCgQIECBQr+s+joRyEFChQoUKBAgQIFChT8d/JvCWA1EyuUjSxRNXeURwAr23ZH2c4ddScP1B3cUZb2A9a3QKahh0xdR6RaIlUXqCGT9u+VfsDWaEdZRZKikrSU5K8kfEVe+dLPqvKoXUls/oy0n6/K83xyRF4polZVHy0tU/S0TUUZcV1dRbQpkASypiFKMl2MlLSxlckYaajMionOXInsywlfU3a7KfHJFFvuLOjEl1NM+TbQhOvTTLk5y5Rb88y4Ps+EL2fq895UbT5J6kPNOFMGqCthIZfAeiirWiGTGaOhrI+B6Le6OK8siQ4tMSZtabzS+GRyIS3tBawk7QusLMamrIyerjoGKjIG28lYlziE0xV+HEztwsnM7pzJ8aZxsivRriqEWcnYGKDF5yVdOSlFB9cOoCFtEH17GqKtpyqPJlZVE+MVdcnUpbZFGwaiDW0ZeprK+PWwJtWvH7leXVnh5862iY5sn2hA00gd6ocbsHlad6r87Ujz1qUlx4Mv9k/m/tkpPL3gx0+Xffjp0nCeXfLm8fnRXD8ygjeaerItzpiyIBXivGTEDFMmfqQ+CWMsiPa1YpGXMYGd1Qj2MGLhECemD7RlprcTs327MWOkK2sLg7lxaTVft1by4HgT9w5Wc2t/GXdaK7h9tIJv9xXx7f4Cbh8p4/ahEr5ryeX2wUJuHyjk7oECHhwu5v7BAh4dyOHx/kwe7Uvnwd5UHrQkCxK5vzeee3tiuLc3hjtSRK4UyStfsjmSh81hPNixhMe7wnm0M4K725bIha0kc6W9e+/uDJPv4yvlv7srTKRLebwnTM7DXUt4JD4/bYmQf37QHMoTKRp411Lubl/Ena2LRLrwZ+7tWCTPIx3f2hLMnW0h3N66QH58c/N8bmyax/UN87ixPoSb6xZye9187qybI5jF7fWz+E4cX98WyQcbIqkKGUR19Hg2FIaxsiScBdP6M6inNTMC/"
11928 [Forwarding screenshot on session b1310904-d161-49ca-a1a6-530fba7baea8 to remote] DEBUG org.apache.http.wire  - http-outgoing-47 << "Jg/bR4zpgSTnbmMFas3k1lYxrig2QzwnsS46bH4Tk1myORYPALC6TZyAdYekzDp4oNbv7H4jApiuNdY+vcbTr8h4+g/Zg5ec1KYFNPAkpwWYvOPEJu1n6SMFqprz7Kv5WN27rhCcfEGIqLyWRqbRXRaAeGpZSQW7Scq+yiRGQdIyj1Afsl+Sou3UpxTT8DIAAb27Y9bj+6YOtiiZWeDvqMTFi5uWDl2xtDUAk1dbXr2cmPkaB9GjxvPqHHTiEypYMexz/CdVYibTxQmvcfi6jON2Uk1VG+5xI6jn7N68yUy8zcQm1hFbFIVydmrSCveQVr5QXKrj9Cw9iw79l5l47ZzlFVsJSq6jNkzUpkelEpQYDpBM7KYtSCXueEFLImJF/M7h7r4vrRUTOBYYwCvbZlIW1M/Lm715u1907jzZinvHs1j14pFNK9ZRFX5XMrrEyipS6ewOouiimzKq3JprMtlbW0a66viWFcewZqycFaXR7KmMpIdKyLZVLeEprKFVOWI8smTqIj1pjaiF02h1rQkmXKl1IIPqg34eo0xX+1z5M57I+GnHH76eioP3+vC08+c+dttT/7wrRePvu7Hs5v9+NPdUfz43Tj++OV4/vr5SP78/gD+8EZ3/nC+N38925+/nffkb29686eD7tzd0Y/DuRacWj6A/MX6ZId1Jz1sFHEL/IgNCaCqIIFNq8s7fAd0RMWcGUx0dcJH3NuJHn0Y1KkT7s4u2FpaoWdgiKq2tKqDynORqYSajgpGprqYGhtjIC3hL57l1ha2ONg5oq2thdeIgTi5WOJgb0Dv7lYMHyDq7mtPb3tNPJ11GNnHFjc7C2xMjDDU1MRYWwctFQ30pD3WVXXQFe8fc/GesrdxwtjQDBNJAkty2MgQV1d7rK0NsLXRpVcvK7xHuDBiuC1jfe1FasTsmV3xGWFBt86qTJ1kS4CfKf3clQhf0p8xUxyZvKA/nn6d0LWU3jPimSvGo6yjgZKW9H4Sz3mBmZUOdnZG6ItntJWxDgPcHBjRywl3cb6rsSqje7kIXLEQ7wVpL19bDTV62pjT1cIMZ1NjuQC2EX21NDYQz3fpvdEu0GWqYv5UVcQ5VdTFe1JTksCivFSHqcBGvFt6aqgzQE+HHuJad/HO9bE2Ici9C1N6dWWCwF/8nQ11cWB0z+4M7dKJXjbW2OvoiPekeC/JlORC2FxgJejoXitQoECBAgUKFCj4z6KjH4UUKFCgQIECBQoUKFDw38m/JYA1TS1QMTZHzcIOdduuKNl0RWbTAxWHPqg69EZNEsKmjsjkEbnSPrQ6yLS0kWlqiON2KSotBSpJURVVGcqqkiR9LmwlASwt/Szt2ytF+aooo6zcTrsAVhWoi/MSGiipaopUCzVlDbREOWlZaJm6qEdqT01Hvv+turIW5jIlhumrsszLlnMLe7PfW5cdXZR5b5wFXwbZ8a6vLh/56/J1oCFfBerw7XR9bswx5sZ8M76bZ8pXc0y4GqTFO4udWDXWlhEG6pgpqaKhKi25bIiSkjbKSsqoij6rSpJDktqS9Jb6I5fX7VHA0n7AMmkpaNF3ZQ0teYSbkYaMLoYyJrtrEBvgyOyhhnhayHDXVCLARp+Z1qpkeyhzLt6KqwUOnCnrRUVsf+ysVNEy0kJFWgZbjF+KnlYSbauJctpaMno4mjKmhwGRgy3IG2xMWW9VGgQrPJVZPkKdDZNtWDe9K2lDTZjuokZgZ2UWDtKmPrwzRyo9eXuLF5/tGchH2/vw9saBnKh2Z0OiLXlBuoQOUWJqD9FnNzUC3HQY080A7y6GDHLWo5+tJt5O+kzsbs70gS5MG+rCxMF2+A+yYvJwOxqyZ/Lp8UY+PrCM20dreXCkhgeHq7i2r5Bv9+Xz9e4crrXkcvNgoVz+3tyXxx1xfGd/HrdbcrizL5dbezJ5sDedRy1pPNqTzMM9STzYkyCI5/6eWO7tjub+3ijuSgJYErR7wuUC+LE4frRzCU93h8slsCR/H+wU58S1++Lc3WbBnkjuibL35Hv/hsml7wsB/EICS6kkd18cS5JXErwv5K90/OKzJH2vb5wrl743Nz0Xv+Lzd/J9fudwY90Cbq8V+dfOF8yWC+Bb62eJvMF8uWEhV5tC2JAwmrooP7LmDiNh9nCyooKoLYgnO3Yp4fPmsmTufOZOm07gxAnMmTObzOxcSpY1EB1fSEhYHrMjC/EPSWbktKX4TA7GO2AmvhPnMGLcDDy8AnAfPIEBo2bTf/Q8ug0OxMkjkC4DFzBwTAJjZuYzZeEyZkXWEhK/nNCkJrLL91K7+jTVK0+wrO4wy+rbSCw8QGLJUVKXHSWtZD+peVvIyl5OeWE9gX4T6detJ+7d3OnWsz+2bgMwcemFloUDavpG6JqZ4Ohqx6jRXkyZOEY+hkWhsUybG09G2W4atn1AZu1pOg0KotuwiXj4TsfdeyqDxgYzJ6KE9JLtVDSdpHz5cbJKdwuaySzbSlpWAzmZFYIasrJWUCLO1688xcoNr1HddIq8yhbic9azJKGe4IhlLAhNITl0POVR3lRHD+dYw3Q+ORTChY3DeLPZlwN1Xnx1ppjDa+LYWh/OttVhbF2bwtoVxTQ1LKNheQX1jZXU1pZQW55FQ1kyTaWJrC5NZmVJBo0lOTQUZ7GiMIpVBeE0FceyUlzbUJ7EzsoojtYG01Y8mhNZXTmfacnr+UZ8VGXBp9s78ejdifDjMn76aDrP3urCH96z54+fdOZv14fw03fu/OlWN/7wtQcP3u3Nvcs9uXvCkXtH7bh7yJY7Lbbc22XLw+023NtgwYPNzny5uhMXa7tyYvlgNpQOFP2YTMzCkYTNG0PIrDGkJyzm+NHmDt8BChQoUKBAgQIFChQo+M+hox+FFChQoECBAgUKFChQ8N/JvyWAtczMUDU2RdXcBnVrF5QsXZFZdkFm0QUl625o2LqhYdUZNRM7VAwsUdIxQqapI9BEpiFFAqvIl7FUUVP6WQDLhamaarsElqJ7VUQ+KZpXEsHKL0SwyC9SVRUl1MSxtPyllKqJzxoaKmgZSPJYKi8tsyzaVNER19QwEWW8LNQpGtOZllm92eNnyZouSlwZbcoXgXZ84G/MF5NM+SbQhG+m6PNtkC7fTTfg5hwjbgWbcXOBOddF+u0cEz6eacbleS6s9HdispMGNqLfmpLAlvquLcaopi36q4WykhZKMjEGScwqq8rFrxQdLN8LWCbGpK6PTOSRIpq1xHyYasqwUpehrybyacjky6DqirIDnZyZ4W5J1ihD2lI6c7XCnQvVgyhY1BsbIxma2mI+1LXF3EjRxypYamrgYW6An70xSz1siOqpQ0ZvVcr6K9EwUMZ6Hw02TrJkRaAzyZ56zOmkxvRumkzrbYy/myEDbWSM7KJM4ABNoifoU7DAjNIQS9KnWrJ0lD6BfVTwdVVipLMGo1xFO27WjOhiQ39Hc7qa6+JoqI6jkRrdzdTwcTNj/AAHRvWxxLefOZO87AgaYUdprD9v7C7ineZ8Pt9TyBci/WJHNl/tyhZpJl8Kru3Nkcvfr5ozuLY7i5v7crnRks31vZniOIcbIr2zR1rqOZm7u5OekyBf+vnu7lju7onm/u5oeTTv3eal3NsdxqM9ETyW0uYwnu2N4ume9ojgR7vCedwSxQPxWYr8vb83mgf7Ynggzt3f1S5/n+wVeZ5LYEn8Pmhe/DwN5f7OxS9JXwkpyvcFkuz9dt0sefqz+F0/u511s7m+dj431oi8a+ZyZ80skc7g5tqZ4vocuQA+UzGNFH8X4ib0JH+hL5WJ8yhJDCE+eALJoVMoSQ+lNDOK7MRIygsKSIlLZu7MBUyaOIOZIg0Ni2VhbBJLE1NIyc4mJz+P2MRUAueH4zM9Cp952YwLLSMgOA//oCgCJy1g6qR5DBs+ie4eo7FzG451bz8cvWbQyW8x7hMTGDKzgDHBVUxZ2EhozDYy8g6RW7KL/PKt5JRvIr1wOel5lRSVlFGYnc7MAD/8hw1icK8+ONt1QU/PETU9O2RaxqjqGcoFsIOLHX5jRhC2NJjAwCn4jg1kbmgGTVtfI65gP0vSd+DaZ4IYSx5lK7eTVLaciYsTGThhKe4+S/AYF"
11928 [Forwarding screenshot on session b1310904-d161-49ca-a1a6-530fba7baea8 to remote] DEBUG org.apache.http.wire  - http-outgoing-47 << "cOYqXnMCS0nNKqE1OxKGhrWsHH1VlbUbqO0ZCe5hQdJKzxEbM5uUsp2k1GxjfzarVQub6a+aQ9Ny7ezc/UKtlRlU5M0h6b0AHaVe/Pt2WBe3+HN8ZXe3L5cztbSeawrDqEmK5Bd1Qnsryhk97IStlewKjMCAAD/9ElEQVRVsLWhmi3Lq9jcWMqWuvx2aopZV1nO8tIq6osqaMzPZHleGvW5mdTlZrM8J5112THszJpLS/IoDsV053S8HW9l2vJhkR3vNXXm3uVAeLacP723kAdn3Xh4zoE/Xu3JH98bwJ8+7cnfvunGT5/04PGVzjw668y9Visettrw+Igdjw7Y8WCXNfe3WHJnrSU3Vzny5Sp3Dma7sindg6NrQthQvZCyrPlEBI9j8dzxJEQGU16a2eE7QIECBQoUKFCgQIECBf85dPSjkAIFChQoUKBAgQIFCv47+fcEsLkxqiaGqJpboG7lgMzcUeCMzNRFpJ1QseyCukVnNM1d0DZ3Qs3YGpmeJIF12wWvuhoqWhry/RIl+auiovRcAqu2R8z+LIClCFpxTh4NLPJIUbQq7agLNMVnreeoqMtQ0pEiiaXyBqJuSzSUtDFUktHPWEb2GFtaowayc5wVTV2VaB1kwNtjTfnA34h3Rmvzsb8e7/go8+UEbb6VIoCnanNtui7fzTb4/7H3luFVJXnf7o7bzpa4G4EE4kKA4O7uFiPBIUgICVEIENzd3d2dpmnX6enp7plpdyQK3fOe57znnPtUrSQQ2chMzzzPTL/7w33VKv+XrLWvq367qvg+Qc8PCQ78NNaRe0lufDpcxwcpPlxMDmRylDlRjiq0VvLYT3kMsx0qEw0qlRozE3vh2lXdE6wyw0plgqXKFDOVsNHEDlNL0Sfm9iLeAjtrM+zMRTl2ZqjtzTARaa1V5rRrFsSolj5kdHHgTHY4t5bE8sHBBJJ6++DpZoWZtanSFy62op2uFgwPcmZWhBcLwj1Y19ybdVHOrIrSsCbegbUdnSlqrWZajCVdXSzo4W3OgDAtQ1r6MqRdMyJ8NHhrVfiL9gS7mRDja0brxua0aWROfCNbYr1tCHO3IdTVnnAPJyJ9vGjm6UGQuyveDjqc1JYCczydrGnmryOumRPtoz3o1sKb7nHudIvSM7qTL7sKR/H+8SI+Pr6AT48V8uejBXx6IJuvj+Xz1ZFcvhHudyfy+eZ4Hl8cyebbk3n8eLaQH87kK/x0rpAfz+Rx73QOD05lcf9kJvdOzuH+idk8OJkh3BmCaVUCsNzRe1Te4Vt1b6+821fu/P3l9HQenZpWJf6enErlmemUnZpK6akplJ2eSvmZacIVnJykHPn8y9lpiit3/NZQI/7Ko56l6Ct3+kruH5B3+yby456xCt/vHs23O0Y+8f+we0wtxvLdDsF2EbdtJD9vG86P24fww/ahfLtrND8dncqHOyYyp3cAI+Jc6RysIcrDjg7NfJg5pjvL5o5g4ZxBFGePYu3CmeTOmCrIYv3SDezdsodF83OZNjmZcYnJjBkxjj69htGx80CGjJlKwcrdrDtwiaLNR5gwr5ih46YwdGwCicljSB6XTMK4yYybPJfEyfn0HTWX5t2nENgqBdeIsTiGCSLH4BqXgG/bVAI7JhPbYzQdB46jb3IWw6ctY8z01YyeXCzqmkV4ZFvc3Dyx01hjrbMQ76p4D/T2WDp7oHb1xMXXh8CmjYiOCaFL1/Z07dadaTNzGJ02j4QpK1h74EPyN94RdfZi8uLtZC7bz5wFuzhx7kPOnH+PdRsOMXFqDr0GJdFjyARa955A817ptBuQSef+s0hLX86CpbtYv/koW7YeZf26w6xfe4qlS4+TX3SArPl7mL1gBzMXbCV/+WFWrjvO+tXbyJ42ii2L+rA83Zl9ea68tjWeR6/m8PGeKVwoGsSu9BYczenJmQUJnFs6k6PL89i1ZBFblixny/I17Fmzlr1rlrFv7SL2rSti76YF7Nu8kCNbizm4cQk7Vy9m89JCNi7IZHveeE7OH8nlgs68XhDFxwuD+Osibz7MU/PKIifeO9SB//3RQv6f92ZQeas1P59vzKNbMVTcbM7jN0P4fz5qzP/9jgi76U3lJQ8enHDk4XFn8Q448+CwM/f3OnBvhwMlu735bnMAn22IZe9kfxaNCebshhkszx7J1pUz2LZ6HosLplOYM5ON65Ya/A0wYsSIESNGjBgxYsTIfw6GFoWMGDFixIgRI0aMGDHy++S3HQHtrMHcQY25syMWbp6YOHuhcpYicCNMpADsHIiZQwAWen+sHfyxdPbF1NkTlcYZlbW8F1jeBWmh7JqVO3/lPcBSBDYzM1OQxzxX7f6VInCVAKxSjoOWQnHVsdHmghoR2Eo8m1ipUEkB2NISCystdmb26FUqIrXm5HTz5vi4ZhzorWVPcxNOx9nwbg9P3u5ow1/6O/LXfnq+6Kfjq/5qvuhrzV/7mPN5XzO+HGDJ10Ns+HakPT+M0fHDWB1fj1RzL9mBrxI0fDbOjXenhrKqhyt9/G1xEXZYCbstrHRVIrCFo3BFe01sMVMJu1Rmyi5dc5UFJiY2Ilwt2iXiTeWz6AsTE8xNTTETro1or97cnPbBPoyIdSKzm4YrBTF8tLUHHx9IoHtTU/y0KhwsVHQKtmdgU1tSmtmTFaJjSVMda5toWNvIlu3NPVjfxocVPZuwYmQs07sH0lOkHd7KiwEtvekbH0Dvtk1p4qNBrzZFY2eOo9YGV70aN50d7hob3O2t8NBZ4qG3EchwDc72Mr29SKvFQWOHXmONk4MV3p5qmjR2JDrKi+hwZ1pHe9Ah2o32zTRM6hPGnoIxvLp9Lp8cW8CfDuby6aEcvj5VxLcnF/Dt8QJF/P3+5HxFAP72RB4/nJnPg0uLeXh1CfcuFfHjhfn8cFHEn83j5/P5PLiQy/1z87h3Oov7pzKrODGLe8fl7t/pPDg6lQdHJitCcPlxeV/vFGUHsBR/awTgylPVArA88vnkZMqk0HtGpJV3/Z6arAi/j4W/5u5fuRu45rnk6FPx9+cDVcc739ufVC30jq4WeUfz3c5R1f76jOHb7aP4dttIftg6jB+3DuanrYP4fttgZYfwZ9sTeWN9Crvm9mdT9igKxg8gfVRPErq3olesF+2a2dCvtZ7xQ6PISO3F4jlTWTu/iNUFi5mfkcGinOmsX5bF6gX5LM5ZSE7WQmZlLmL8tDz6DkmkY9deDB02lMw5M1i4eD7zlxUze0ERk+ctZGbeembnbWZG5jompa9k0vTVTJm1kclztjJq6mo6j80ntP90AnpNwL/3BBp3GI1/i6G4x4zENS4Vp9hU1E2HYu7ZDhP7AEXstfHQYe8v5rybKba+ehwCGuPg7Y+9qysObo40auJLn/49mDM3i1GJExmWPIf0/F0MSltFYuYeAtqNYWLRdgrWn2XBilMUFR8lL3cza1bv48ixSxw/fYM1208xe+FeRk3fQK+EhXQdPpf2/dJo2WUwXXoNZtSYNCZOmCv6Yh3z8/dQvPQUKzZcYsXWSyzZcpGCNVeYkrmTlSsPUpybQeoAP1ane7Jjto59Mxx4e013vj8yTbyPXTmXF8++2c3ZndmD06uncnrbIvZuXsWmdevYsG4DW9auZevqxWxZncvWNZlsWzeb7RsyWb90DhuW5bFxVRFb1y1h38ZFnN6Ux7kVyZye15bbuaF8ujSMvyzx48N8HbcWunN+VTRv7RjNm+u68+GWZnyyI5BvDkTy9f4o8e4EUnLZl0eXA6g47UPlCW/KDnpQdshT4EXJQU9K9nnwcLc7321w5fstIby1MJxTc+NZPLYFexfOYO+qTBbPG8PsSQMYOagTSaMHUlAw1+BvgBEjRowYMWLEiBEjRv5zMLQoZMSIESNGjBgxYsSIkd8nv0kAtnKyw0xng7mTDgtXN0yc3QU+mOgFjv6YOgZgpvcXafyw1Pph7igFYG9MnDwx0bqgstWhspD3/MrduhbKzl9TRfytOt5ZuvK4Z+XeXxEuxV9FBFbuCRauRdUdu3LXsBSETSxUokwRpxbhlmbYirQOJiZE2qqY2dKNY4mRHO/nzIZmKs62suDdXi78ZaAPXw/15Juhr"
11928 [Forwarding screenshot on session b1310904-d161-49ca-a1a6-530fba7baea8 to remote] DEBUG org.apache.http.wire  - http-outgoing-47 << "vw82psfh7nyYJQ73w3U8O1AdRWD7PhmiB3fjtDw3WgtX40RYSkavhptJfw2/DBGw19G6PkwoRGH+vgxPlhDoLDHTrTHTArdFlphtzzqWS2QR0JbYKYScRJTS9E+eXev6AflmGh5XLSIF/1iKp6txLODaGPbQCeGhJqT38OOj9Z25sGRIdwsjCMp1IS+AVb09rNnbJCGKc10ivi7uJmetaGObI10ZVsLL9a2C+Dw5L4cnJ9C8uBomjbWEBboQFwTJ+KauhHd1JXIUE9CQ7zxD3DFN8ADTy93vL298fX2x88zAF9PL7w8tXh4qnF1V+PiZo+zqw4Xdz1uHo6K393djgA/DaFNHYkKdyYywoX4Fj60iXSjW4wb2WM6cG7FNN7ePo8/7Mjmsz3z+Ou+eXxxIJfvTszni4PZfH0oh2+P5PHTyQWKAPz9qQLKri2n5NpSym4u58H1Yu5dXcR94f50pYiHV4soubKAB5cKuHcuh3tns7h3ei73Ts7m3vF0HkiOTuX+4cmUCLf8+DTKjk2h9OhkKk9OVyiTgrC8G1geAX1ismCSsuu3/JTcMSyPjZ5I5akqyk/IO3/H8+j0JH45O4VK4ZYclUc/y6OeE/hx3xi+3z2Kn/dJ8XcU3+8aqbg/7hnNj7vlLuDhfLuziu92jqhmJN9sG8E3W4fz/ZYh/LBlAD9u6c93Wwfw182D+WxHEu9un8Ly8R3JT+1J/pSRLJiRyLxx/clK6sqc5A5MHhbN8C6N6RPvT/+2ofRtHUXKgF7kTkli/qwUFmQmU5g1lSULC1hSvJDCwnzmF+SwrDCLFbkzWJUzjUUZU0ifPIWUqdmMzljBmFmbSJ2xnfS5u5mXv5v5RTsoLt7K0mVbKV6xjdzFW8hYvJMZy44wcclxEgsPMXrmTvqnrKPN8CXEDFlE1LAFRAzOJKhbAs4R8Vj7eGPuqsEh2ANNY1fcQpvgHBiMg08AWnd3nL3dCWjiR+9+PRmZkEDHHgOJaTeQhRvOkbPyAmPTt+EfMYgJs9ZRsOIIK7dcYNXWKyzbeIkVm66zaPVF8hcdp3DJUdZsPs+G7WdZs+Uwa3ccEnG7yCjYIPKuZNi4AroOSqdVl0TadU+kR780Ro7OYMKE+Uyfvow5OVtYuvKIcnfx+V0bWDy+FYvGOLJlvI4z2f6cyQjnQk4bDs2K5MDcZmyeEcmWeQPYt3IaB3cUsWf/Grbt38gWye6V7Ni5lF3bF7JrSxE7Ny1g+/oitq0vZuPaJaxZtYQVyxeyqjiHTQunc2J5GkezOnA1N5ZPV8fzUXEQd7OduLU0iE8vJfPoz3v58sQU3t/UknfXhvL2ilDeKA7ltSVuvLNGw8drHfl4mZaPF6n582Idf13mxOcrnfl8tRN/XqHn06UaPihU83qOExczGrF3ehzL07qwIXsyW4tnUpQ5lMypA5iaNpiEUQMZPWqowd8AI0aMGDFixIgRI0aM/OdgaFHIiBEjRowYMWLEiBEjv09+4xHQ9pjpbTBzFK6TIyoHJ0ydPFDpPVHpvDHR+WCq9cVU44OZvfQLHH0wd/HF3MlLxLmistGisrBBZW4tsFJ2/Zopu19VCuYqgXTNTbCwssTUSqSzsERlLfNUHxEt/VbiuVoYtrGzQmOtwlHkjdOpmBPvwqHhYRzp4cHeaFNudXbiy1GN+HKYF18McubLgU58PciF7wa78kUfHV/21vBtPz0/DHTgh8GCITq+G6rl66H2fDXUji9H2vDXUVaiDDVfjdTwzXAd3w/Xi7J0fDrKk9sjA5kdYkdTGxXWZmaY2srdvfJIaFtMLO0xsZLPwlYTE2UXsxS6TUxNFL+CaIe879jO0hYbE1O81VZ0bOLAwBAzlo0O4LM9Y/jmcAprRnoyPs6WxFg30uIDmBSpZmakDXkt9RTFObIwzpmVnZuwoncsCwd1ZOmkJFKHDaZ9x840joghPKwZEU28iGzqTYvoQCLCfAgL9ya2RRMiYhoRFiEJIjwilLCwUEJCGxMe5UXTMDeahAiaedBE5G3S1Idmof40buxBgI+OkCbOtI7xpWWEu8CNluEudI1yY+GEvtzckM1bm7P4ZPs8Pt8xj692zOWb3Vl8u38e3x3M5asD8/jmUC7fHc3n6yN5fH+ygJLLS6m8uYrK26sovbmc0tvLKbm1lJ+uL+bBzaU8flXECX/J1SJKry6g/LrgSiGl5+dRdi6byvPZPDwxkwdHp1N6TDKNkmNTKT0+nfIT6cKVz1IAnqYIwGUnJgsmKrt7H52RR0PL+38nKILvY+GvEYGlXyKfS4+lPkEKwT/tH8tPe0bz3Y7hCooALJDPX28dorhSGP52+zC+EUj/V1uG8NXmwXyzsZ+gF99u7MnXm/rw100D+fOuZK6tGMPM/mFMGdqO8SN6M2fCUOZPH8iiGYPJTutNRlJPcicPpmjmKDJT+zIntQ8jukcSF6ijbYgHg7q2YMjQviSmjKEgeyrbls1l95J0NmQnsXRWAsWZk1kyv4AVKzayZM1uFq45wOJV+1i4aAsLFmwgI7OYtCm5jJuax8SMYmbmrCOzcDsFxUcoXnmOZSsvsnT5WbZsv8zO/ddZv/c6eetPk5a/lYGTCuiTOI3wtl3wbNSYIDGfwmNiCWgSgqNXADrvRjj6Cry9cfJyx9Pfm5CoUOI7dkLj6kfjqM5Myt7AlPx9zF58itDmo0kYt4Sx44tJmrKU1JlrmZG3l3mLz1K04gbrt77D7gPvsXHrZYoWbSevcBN5C3Yzv/g4KzbcYumGOyxad4MVO25StP6IyLeGlCnT6dKjB3FxLWnZujMxPROJ6zOeAcMnMylhDMdXTWHjxAjWDLHhykwv3p/fnDdzw3i7KIgr2bbsn+7M2gnRbJjTh+PbsjiyfylbdxSzbfcqdu5Zw84dq9i1dTUHdmzh4M7d7Ny8iW2bF7Jpcy5bdixk+54lbNtewJ7Nszi8NoHtmTFcLIrm1SUh3Cz05E6RB5dWNOX9i8n8f//1OqV3ivloTy9eXxXL++s68tbyTlzO8efVYk+uztFxPd2eM4kqXp1iz+vpGl6fpeHOLBtuzTTnxgwTLk835cR4C46n+7FlUhSFiW3JE3NqydyxrCsaw5yJvRg1oC1jh/djuPhuGPoNMGLEiBEjRowYMWLEyH8OhhaFjBgxYsSIESNGjBgx8vvknyIAm+rVyl3AJnp5J7Cr8LtjqnPHROuBqcYTE3tPTNXy6GcPVDoR5uhdhV7eCexcvRNYHoMsdwNbYmpihpmJKRYmKiwFVmYqLAQqU4EUTuWOYblb1tIWlZXMJ3fOmmNpY4eDnQZHMzM8zU3p5GbO4l5enBzTlGM9XDkUY82Vlno+6duIv/Tz4qNuNvyppyWf93fkqwEufNnXib901/K54Lu+zgrf9nHgm746vu4vGKjl28HSteLLAeb8ZaiWPw9347MRHnw53JUfhmv4fpgtn4/U80ZiIIXxzkTamaJWiTbIO4+rd/eqzKWAbY2Jlbloj2yTSrnX2MxCuObCL9pqLtpoqTLBzsyUZh56Yv3UdG5qx57CUfz16mpu7JzDvMQOpPVvy7Bu7RndrQMzejdnWqdgZnRtxoxuIWQObMHSCYO4fWADw7u0Zni/vqxds4k1mw8Q0bI70bEtaR4VTIuYZrRpGUJ8yyCiIr2IjPSgRatGNG/hT/O4QGKbNyYqKlARhyOjvQiLdKdZmDvBIZ4EBfsQ2NiX4KAAwoMDiQ5uRExjH5oHetEhzI8OIW60bqxmzayR3N05n7trZ/Hx5rn8dWsm3+3M5ocdmfy4K4sf987jh/05fH8gR9kB/N2JQr47NZ/7FxZVib+C8turKHkiAC/j5+uLeXh7GY9fW0OlcEuFv+LmEh7fWsKjG4sov1zAI8EvlwspOzOXhydnUyYoPTmDshPpVJyaSbnyLI99luJvetUR0CekqCsF4Ek8rhZ46+z4rScAlx1PU1DSCffhkRTuH0zkgTwKWu4A3jlCQYq9X20ZrLjSXyMGy7Aa98vNA/lqUx++2dBT0E0Rgv+6eRCf753ApaWjGdrChTZNXYhoLPq3RRBDuweT1L85WRNGsCp3NgtmTCCxX3vypw9m7sSuLM0Zw"
11928 [Forwarding screenshot on session b1310904-d161-49ca-a1a6-530fba7baea8 to remote] DEBUG org.apache.http.wire  - http-outgoing-47 << "Y4VsylMT2JQpzY0adRI4EeLpl70ifZmfI8wlk4dysF189m9eRVLly9jweIlFC1ayLKlRWxctVSwhHUrl7Nj5z6Onr7F/pOvsW73TWbO28Wk9A0kJy0idVQ+M5MWiHqLmT93PgUFC8krWkXhil2s2X2R/adeY+WGwySPm0Hv7gNoFRuPv3cAHq4+uHkH4h7YDM+gEFz8/dG4uaB2dkDr5oyVWoNnk3BcA+PIXXmYtKxtdB2Rj2ezfmQU7OfAyY/ZefBdJk3bQGLKEhKTlzBh4hqmTF/P1BkbKVx0jD0H3+bw6U9YvvEW6dl7ycjbx4IVJyhafpiCJbtZuHwXC5ZsZv22Qxw+fold+46zePVWeo/PoNXAFCJbdqVLi2hOLp/KmjHhrOuv4fp0Xy6P9+Kzpa14PV98S9a6c3ehCzfyg9k7rTHLkhuzNrMHRzbM5uzeZRzZVszhLcvYt24Ze9evZd/WbRzYsZ3jB1azf08Ru/csYdfepezYNZ+Du3O5fGgul7eO5eySjtxZ25HbK+I4VxjE5Q3xvHd5Av/f//0W924v5u0d3bm1PI6313bn7rKenM1qyrXCQK5mBXB9ZgCnEhy4O9WH19N9eW2WD3cyPHllrht357nx5nx/3iwO5c7y9pxc1IdNOUNYlp3EjuWT2LUikYzUDgzoHEb/Hh0YMniQwd8AI0aMGDFixIgRI0aM/OdgaFHIiBEjRowYMWLEiBEjv09+mwDsrMNMayuww9JBj5lOj7neUfidMNW6YKZxxcxe4oap2hWV2qVK8NUIV+eGSbVQbCafbR1QWcp7ci1RKUcjW2Blbo6lqQpr8yoBWN6NK3fGmshdv6aWmAvXytwCG0tLbC3M0JqbEKpTMyzYh/zuoWwZGsyBQd7sbWfNzhATToVa82qcMx+29+KDdjreijfnzVYqboareL25OR+0seePIvyzDjq+7OLEd708+La3G9/0cuHLPo582c+BL/vq+aGXLT/1tOGLfs58NNiHd4f78f5wN/401Javhpny3QhLPh3pwBsJocrRy+3sLXA1UWEnhV0pYivHWEshWO5YloK2CaayfVL8VcIsMTW3EW22RmunJriRHxHB/vTsHE9uVjoJCaPo3KM3TePa0yiuB87hXWnUvD+xkT1pHtqRFjGdaB3fmc7dejJ09HDadGnN9MwpvPXBq/ztv8o5dnIfvXp1JDZaCr8RtI2PID6uKW1bBNEhPoj2rRrROs6bls09aSXcVi19aBHnRWyMB7FR3sRE+BAd2YjoqKZERYQSESIIDiU6KIyYRsHEN25Kj7BIejZryuj4EPbkJXNnSw53N8zmjzuy+GpPNt/vzeanPXO5vzeLB/vncX9/DvcO5PLjwTy+OZrPj2cX8eDKMipurOTR7TVU3lpNyY3lgmWU3lqmCMAPbiyh7JUVVLyykoqby0XaZTwW/l9fXVElAl9fyN9uLBIspOJiLmXnsyk/n0XpmdmUnJhB2amZihhccmK6YJoiAj8+PZ3y4xMVQffRyYlVAvDxVIVHp4X/jLz7d4KIT1VcGVZ+Qoq/aVScHK8g40qOJFMpyig9nCzaNpaf947mh11SBB7K11sH8802KfgOUgTfLzcPUMK+3DpIhInnTb35ZkN3QVe+3tiTT9b34U/bkzheOJiuTW0JdrPG18MZP289jX0tiWziTEywmGdRMYzq05fZ4xOU+1vzZg8gZ0Zfpid3Z1bKMIrnzGZjYS4Fk8cxcVBvRnRtQ4+WkbSKCCIypBEtW4QxckRv5mWmsWzBZFYvSGPVwumsX1PMmtWrWLF8PUuWbGXZ0n2sWnmC/bvvcPLIm1w48SanD15m36b9bFy2noXzl1CwYDVz8tYzJXMj49I3MiplKUOHZ4t51B8/3zD8/AIJaOJPcFQwgZFheAaF4uzXGDsXNyx1Wsw1dpiLd9nR2xcH7yY4BcTSYcBkMoqPMG3BQVzChP3TVjJm8hqmztzG+lWX2bn+Mivm72BF0WZy561i3Pj5JExYxZiJ2xk2cSPTF+5hyc4TrN17gBWb1rFm3Vq2bt7F8kXbKczZQ37OMfLnnyN/8WWKVp1n15GzHDy0nxO7trElazzLE5qzcbQHa/pZ8/bCduxJaMK6kf6cKWrPzW2deGutH18tV/PnpY7czfPkfFYIB2e1YF1aSw7MG8L+vNGcXjODExvmsnt1Bvs3FbB/9XwOrF3KwS3r2bdtM7s2rmXfhuXsWJzBte2FHMgbwYnCodxZn8aV5aN449B4/vpaDv/fr29Qcnc5Hx3sz911LXlrfRfeXNuXKwuiOZvjx438cK5kNOVYghuvzgjm9ZnB3JkdzM2MQK7PCeB6VgDnZnlxMSeYo1lRrJ0ex9zkFowb3oqFc/qwc/FgVs0bRM6UwUxOGcGwIUMM/gYYMWLEiBEjRowYMWLkPwdDi0JGjBgxYsSIESNGjBj5ffKbBGBrJz0m9raY2qux1Oux0Am0esw1eszsHQSOmKoFds6Y2DlhonbCVCNceydUaikEu2Ki88BM74m53gMTW0dU5mpUKitMTCwxM7PAXDkiWSBFYAsz4TfDwtQUaxMTdGZmOJmZ4qZSEaEzZXSMP0W94tg+oAU7ewWxJtaOdc1MONnCgtc6O/BBZw8+aOvGu62c+KiDMx930fNeW0v+2EnH23E23GxqwlV/FbebmPJOhDV/aqXns/aOfNnVna96ufN5L2f+0k3PD101POiu5avervyxvzfvDPLmzUHOfDhYzefDrfhzPxWf9LXk89GN+GBkJId6NKOTXoWPaIdG7mq2lPcXW6OyFm21sq3aEazcg2wjwhxEv/igcg7DJrgzThHdcIvshGdkexwCY9EHxqFr3AYHEacN7oK2WVdsm3RAF9oVx2bdcGjaFX1IZ9TN2mLTJA5101j84jvQYdhIMosW8taHH3Dq1An69OhKl07xdOnSkr692zGwb3t6d4mjV6doBnRtTp9OEXRtG0THNgG0b+tHu7a+tGst3BaNadM8iNbNm9KqeRjNo8KICgujbWwLohoH06ZZKJ0ljQOZ2qsrJ4pmcnvtbD7clcun+3L58765fHdkHt8fyuSHA7P5+XAW9w7N4+eDOdw7mMdPR+dz78ISHlxZTunN1VTcXk35LckqHl5fphwBXXZTuDeWKEJw5SsrKL+xnIrry3l0cyV/u7Oav726isdyZ/DNYv6vV5byv24vofLafEEBjwRlF7J4eGoWpacFp2ZWCcDyGOgTUxUBuOLERGUn7yMp8ArKj4+j9Ng4Kk7JXb9Vgq/iPzleEYFrC8A14nCZiP/11CQenxhPxdFxlB1KouRAAg/3J/DdtqF8s3UwX28exJcbBwj684Xgyy3ieUs/vpJHP6/vwlfrOwm6KQLw+xtHsWZ8a1p4mxHgYo23pwfObo54eWpwdxU4O+Lr7k0TX39CAv3E+DSmf48oEoe3Z+akYRTMmcy8ycnkJHYlL6kDeVOGkpc5icy5M8nInMXsmZNJHdOfHvHNxBi60ykqgH7txVzo2Ythw6eQlpbNgvwV7Niwg8M793B0+3Y2L1vKuqXLWLlkpXJs9IbNB9mx/wprNt9i7bZ3WL/rfdbvfZ+1e95gyfozzMpeysCho2nXuRMxreMIjA7DS8wfl6Yh6H0aYe3oLr4RGsy0GmycHLB3d0Xn7oW5+FaEt+lHZvEeYrqn0WNkNp5BHZm3cAv5xTuYOGMRE9OLGT95MVPTV4n2bCE3bzdLlx1j1ZqT5BVuY8KUYsaOKxIsYmzaYsanr2FG1iZmZK9nwYr9bNh5jt0Hr7F2wwkKF8gjo7eSu2gT2XlLKc5dwIEl89iT2Zvtab5cnhfK0YmNuJDVk0MZ/Vk6rjV5Kc04nuXPnxc58vlS8V0o9uKNBT68viiId1fGcn5uIy7mRbJjUiDLk4JZP7M9W3MGsid3FPsK09i7OJ1dSzPZvTKHg2tyObYmk9u78zmzPJW98wZwungMJxaN4sTKQbx7eir/75fn+fWd9Xy0tzt3Vofx5/09+XB7b+6ui+FsgRuvFIdyOasJR1JcuD2zCXczQ7ibE8XtvChu5EZxNTeS89mhnMuL5Wh+WzbO7UR6YhxjhzUnb3pH9"
11928 [Forwarding screenshot on session b1310904-d161-49ca-a1a6-530fba7baea8 to remote] DEBUG org.apache.http.wire  - http-outgoing-47 << "i/tz5aCQeRPGcC89PHMSp9l8DfAiBEjRowYMWLEiBEj/zkYWhQyYsSIESNGjBgxYsTI75PfKAA7YWJnh4mtHZaK+KvDTKPFzL4KU7XATifi9ajs9MKvx1wKw8I1UTtWicD2HphoPbFwlHcFe1QJoGb2qFTWqEzMMZViqZkKlalJ1THJJiqsVSocBFL4jbFVMSnWg00j4tg+JJJNHd1ZH2HJ6sam7BPu7c5u/KGnDx91deVPnVz4oI2OO+FmXGtqwm0R/1pzNe+2tOeTji5808OfLzv78V6Ujhu+ptz0M+G1YEvej9HwSVsn/izK+ksXZ77opOerzlo+7+bIpz2d+ai3KLePE3/oo+WTAfZ8PlDLZ33VfNJXx18GefLhqKbsHhxMbxdLPITNNip516+8s1jef6wTfeOKmXMANt6R2AW2xbppd6ziEjCNTcQ0sLegK1ZhfdBEDsIudBBWQQOxCOyPqa8UfztjH9QaE68wTALiMAlshUmTtqiadsA0tLPI1w1Tz2ico7riG92FxlEdyClcxVdf3+OHn77hL1+8w1tvXeHm1ROcPLiNrasXsXpBNouyppE9PZFp4wczPqk3CWM6M2ZEe8YO7cCIAe0Y1KcNvXvE07ljc9q2jqJ1XCgdJBGN6BkTSMbI7pxelcUbW3L5eNc8Pj9YwGf7MvnmRA5fn5gjwsbzxeHpfHN0Nt8eyuTbg1n8eDife6cWU3prDQ9vrFLc0lsrxbMUg4V7fRnlwl9+cxkl14oVt/LWCsqvLafi2gp+ubWaX2+v4ZfbK3l8a5lgKX+7s5xfXimm4kYRj24v5PHtIiqu5lF5IZvHF7N5dGEulWczBDN5dHYGv55Np/LkJCpPTOCx3PErBd/jKZQcTVFE3hqBt8Zfs+NXUnsHcOmRZEX4fXRUhB8WaQ8lK1QeGUfpgUQe7B3DT/Jo6G1D+WrjAD5b04vPN/bli819+GJ9N75c01HQjs/XduRTEf7m2qGkd/MiwkWFj7MNzs6u2GodsNXo0Tg44uzuhpuHO27urnh5ueHl6UwjXzcimjUiIiSAuKgmjB7YkUUz+7Msow9Fc0eSOTuJ8RNGkZw0lOmpw1iWNZGjawo4uLKAJRnTSR0xkl5dBtImfgBdOw2mXYt2NA9pQse4IIb3acHq4tns2Lqcg8cOs/voBZZvP0POypOs3v4Bqzb/gYWr7jCv+CTZRTuYm1fM/KJCpk5JoEu3FgRHNsI9WBAVg0NQGJaO7ooAbOPkgq2LaJuLE5ZOjlg7OGHv1ZjGcd0oXHeM4q2X6DQ4HWfPMFq37ULalHTW79pL3op1zFm4kSlZm0mbvpHxk9czZmw+I4ZNYu6sbLZtOMCuLTeYn3+KCZP3MTplJyNStzJ0wiqGTy6kx6hUBiUkM2dePhs37ODAvgus2nKVNVuvsWX9YQ6sWsSu3H6sS3PjXEEI727ox8mcQZxdModLW1bx7uXDXFk3kTeWdODO/Giu5Qbzzspo/rg2nLv5LryzwJU3C1x5pyiQ1xdFczE3lgPpUaxPCGDzhDA2p7dmS1YvthYMZuO8fpzdkMq6mW3ZmtGevXnd2FPQk70L+rBhdisOFHThra0ZlFyez3cn+/Pxzmg+P9SO97a04M3NwVws1nBnhT/XC3w5OcWBSzPcuJHdiLsLonl9SXteX96F11f24LVVvbmxog/nVwzm5LpUlueNJGfuCBbP7cG+Rd3YXTSIvIk9mTsliemin+t//40YMWLEiBEjRowYMfKfhaFFISNGjBgxYsSIESNGjPw++W0CsKMTKhs7BSutHkutFjO1HWZ29k8wkdhqUAlMbO0xFX5FFFY7VAnAajdU9u6oNJ6KACyPjDaxEXFyJ7AiklpgYmWJibkZpiYqbAVe1iaEaKwZ1cyJFf0j2DM4lK2dnNkYa86eWBXHYk04E2vB9VaOvNXOhz908OWPHVz5oI0df2xvxx/a2fFGc1vuROqE68Yb0fa8HaPmgzg9n8R78td2fnzVPoAPIx15O0TD3abWvBZiraT5Qxs9H3bU80FnLR931vBpRzv+0t6Wz0S5f2qnFmEOfNbPk/e7afmghy0f97XljR5WvD4uhM19Axnga4u7uSk2NqK/dH5Y+URiG9gKXbMu6CP6oYkchnXkaMxCBqEK7ollRB8sQ7pi5huPaUBXzAP7Y9Z4OCq/wYJ+mDTqhnmT9uK5Oaom8agCW6PyF/i2Q+XTAZVXO0wCOmPq21bU0w6P6G7oGsfQdsAIjl05xY+lf+b//t8Pqaz4nv96/JD/9//6hf/nlwr+96+PhFvG/350n7+Vf0fZg79y/6eP+PrPN/jkg3O8+ephrl7ZyamTGzh0cAVrVs1m+8ZM1i5OZeeKNN48s5gPzy/hLycW8uPJRfz1YDY/nCvkL8dm88He8Xx9PpMvTs/mmzNZfHUim2+O53Lv7CLKrq3m4a3V3Lu5ktI7aym5vYp715byoPr458pXVlUJwFcWK0c+S8qvLuPxtZX8cmMVj2+u4tHN5VTeWEKlvA/49hIqbi6k/MYCHt1ZzC+vFou4Qn69msf/uprP367k8MvFufxyYQ5/u5jB387P4vGZKcrxz7+ensSv8sjnE6mUHkui/OQ4Kk+nUXYihYdHExVXhpWIuNLjycpzxSmRVjyXHBHxhxOpPJpMxZEkyg4lKO4voiwZVi7iZFjJgTH8vHs4X23qx+cb+/DXjT35fF0nPl/dls9XteHPq9rx8Zqe3Fnen5HRVsR4mxLgoUXv7IrOLQC9azC2enfUTo7YO6ux01tj76DG2cUDjdoJdxcfGgf4E+DrTONGTgQ1DSAyKoR+3VozdXQv5o3rQ0FaHwon9CNv8iAyxw9mZtoQcmeNY/mC2WxePoedq9NZlD2KWSJ+yoThJCWPZvCo0cS060Zku15EdxxIx0FpJEybT/biLSxesZmVq7ewcuUWVq3YxNb1WzmweSsb5ucyY8wAhnVtQfu4YJoEe6PzdFK+G2pXb7QefsLvjZ2rK+Z6vfg22GPl6Iyp+CY0je9FypyVTMrdSuayAwTEtqHPmDF0GTiEjj0H0Lv/UKZMnU1ubhELi1ZQtHA18/KWM3PuEqbMXETyxAWMSp7PpPRVFC3bT/HKA+QVbSE7fz0z5qxiyoyVjJ+8jJGJC+g7OIs+A7MZN34Ds9K3sFyk2VY4m/3z+7AsWc2eDA8ur+jG+hmDWZ9TyOKcjSwuPsCi3IVsLZzK+fVzObN8KofnDeN0dh9end+T9wrjeT+7Ke9n+fF2lg+vZnpxI1N8m1bEc7MwhkMzm7J9ejg757Zi65yWIn9ftsyMYtP0MFZOCGJxWjCLxoeSP8qP1eMiWDG0BReyu/HZrnY8ONuR++c78OBqHx7c7MBfTzXh0/1BfLgxkDsL3LiV787t+QHcWhjOzcWtuLGsM7dX9uXW6kGcW9yf7Znd2VOcxJpF48nJHsvCOT3YVdiJo8tHsSxjKBkTxjAhdaLB3wAjRowYMWLEiBEjRoz851B/QciIESNGjBgxYsSIESO/X36TAGzn7IyJjQ0qKyvM1fZYaOwxt1djameHqa1EjYlAJbGxV4RiuVtYisJSBFYpIrAjKjspJDtionbFQusmypDl6jAxt8XMzBS1tRkaUxX+1ipau5qTEuPOwr6RrO4fwYbujVjXUsvWaAvOtNdwp5uON7tqeLurE291dOX1Vo68FqfljRZ2vNnKmjdbmvNhezV/6ODI2yLuboyeuxG23A235Y0INe9E6/mwuQsft3Dn03gv/tTSg/djHHg9xIZXgsy408xSlGXPB12c+aiTAx+2tuWTtvZ80saeP7RW88dOjrzTTsOHXR34Q3ctf+hqw5962/FWNzWvD2vC/gHhJEX4EObpjk9gBM5h7bEN7oA6rBdWTXth3rgXZsqu3x6YBHTExK8NZn6tsW7UAcvATqg826Py6YbKtycqf4FnB1TurVF5tRLPccJtgco7XqRpW4Vna0yl690Sc78WmPlEY9ukOU7hrYjo3Insxbl88sXHlJT+wMMfv+Dxva+p+PYzKr75hMfff8qjHz6j7IdPefjDn0T8H6i49w4lP7xGyY+vU/HgHR6VvEflw7f5X2Xvi"
11928 [Forwarding screenshot on session b1310904-d161-49ca-a1a6-530fba7baea8 to remote] DEBUG org.apache.http.wire  - http-outgoing-47 << "ryv8uvPt/nb91co/ewYpX88QPk7u6i4u1mwkfu3VlJydxUPX13Ot1cL+enmYn68toifLi/i/pUllF1fScXtNYrg+/DmCspfXU3prRXcv1rMQ7nj99ZyKm8tE+kWU3p1IZU3i3l0Q4RfWUzl9WX8cmMFj0Te8quLqBDlPhblP74p0l2fT8X1Ah7fWsAvtxfw6Ho+jy/n8Lerufx6JYfHl7J4fCGTxxfn8OulDCrPTafy7FR+uZDO4/PTKD85gZLj44SbSsWpNMrEc8mxZMWVPDyaRMnRav+JqriHhxMpP5LMo2PjqJS7hQ8nUXkkhV+OpyluxeFkBfks4x7uH83X2/rz+abu/HVtB/66sjV/WdGaz1Z15A+re/LKsoEMi7Qg1tscX1c77LQaNA6eaDUeaDTO6B2dhF+Dnc4OnaMee40Dep0bDjoXHHVa3J3VeLrb4+zujqunFIR9aebvRVywNz3jIxjWqwNJw/ozcdxYZkxNI2v2FOZlTCZ3ViLLcsewan4q65fNZt2KfJYvXcjCJUuZX7yKnAXLmTG3kLSpc0hIncbIseMYMmwYw0aOFM/JJCRPIDV1MmmJ45g4ehQje3SiXXhj/JzthF3WePl54hrgj6NPAHovP9Ru7lg5OGCm0YhvgwZTnTMWzn4Ete5PztqTpOXtpktCPg5NWzKlcCn5q7YzPXMhqeOmM2boKAb06M7Avj0ZPmoUiROmMCUzj7kFS8kSaTNzFzIrM5cJk6eTkJjGuNR0ps8sYmbmOhG3k6yCfWTn72BO1lpmpC9icko2k5NmkTJsDNOHdeLMypFsSHPlwHR3js+N5szq6WxcMJ+VxTvIK9jBquVb2bwoh20ZY9k9O5FtmTNYPiuL9fPy2ZGRJvIM5uK8TlzOa8nV/GZcy/XjwjQvLkzx4+zEAM5MbMyxlEacFu6NuVFcygzjxJwQDsyJZH9+e9bMbEn2ED/yBzQmv18LVoyO4tDsQD7Z34H/enccfJMDP0zmv74bwqNPu1J+syU/Hgjjj1tCeXVlOHfEvDqxoC3HintwfPUATm8S45rVg9zJXViYNYK1y6cxfnwnMqZ1ZVFmP/ZtyGBV0TRmTEkWfTbV4G+AIbx8U56Jp0/yb8LDO+mZuHslPxdPn3HPxMM7xWCel0HmrV1O/bJc3BOeibNHAk6eiU9w9kp6gou3yPsCXH1Snomh9LUxlMdVtMHVJxVnb4HXU1y8xhscayNGjBgxYsSIESP/WRhaFDJixIgRI0aMGDFixMjvk98kANs66jCxtkBlaYapnQ1maltM1VLktalCCr5PqBKDTewk1TuDld3BWgWVtRSFHbDQuAicRVmOmFmrsTRR4W5pQntPSyZE2rO2TwDb+wewoasXS5prWNjMgi3Rdlzo6spbfT34oI8Hf+jpxh96uPFhd1c+6OrMB12c+KCzA+921PF2WzXvtdfwUWdHPuzowDtttLweo+b1KHvuRtjxWrgdb4h63o7W8X6sIx+1cOHjeDc+aunCW+FqbjU241oTU+Xo6A87uPJeW1Fuay0ftHPgg/Zyd7CDUv677dR80EEj/Br+2MGOv3SwFH6Rv7cf+4fGMbVjJKG+Xui9G6MLaYOZbwusGnfGKrALFj7tsfDtiIlXW0y9WmPmEY+pRytMPFuh8mpZjXj2aI3KVcQ7tcHcKV48xz3FLVYQLYgS6SThgjBRXjiWAZHYNY5GHxRJVKfuTJg9i48++YjS+1/z68PPefDFm/z6wwf8+v37VH73HmXfvE/Z9x9R/vNHPPzuNe59fYuH396i/Ps7lH93m4dfXqXi6+uUf36J0j+fpfTT05R+coKyPx2j/KMDlH+4h9L3dlL27g7K3tlKyRubKHl9A6V313H/5ioeyN2+t1dRVn3P7/1ri6m4vUK537fk+mIeXllI6bVFlN9cLNwi5ejb0qtS1C2iUvjLhL/yajG/3Fgq/AuFv1D4Fwj/Ah5dy+fRlVzBPB5fy+HR1Xk8upRNpdz1K8J+uZIt/HOpuDCHiouz+fXqXBE3W/hn8ujybCovzaL07FRKq+/3rbnzt+bYZ/ks7wOW1BwDLd2Sw8mUKQLvuDpHQMtnGSafyw4mPTkWuuJwEj/vG8qPe/rz7bbuyg7gT5a14uPl7flobR9eXTGEKZ3difUyxc/FCkcnLZ4e7rjr9Dir7XHS6nHUOaLVOqDTO1XjgF6vw1Fvj4uDncAWBwctegdHHJ3dcHb3wtXLDw+fxngHNCUwKIKIqDjatulAv169GTtiBBMSRzM9bSxF2TPZsmYJ29avYO2yhSxfvIAF+TkUF81nefEi1q5awcZ1a1mzejXLV65n/pK1zJ2/kmnZxSROyWLAiCS6dO1BkwBfArzciA1vRkjTxvj6++Hm64+DQOPuiZWjeO/t5beh6mQBM3snbDyCCWo7mF7jFpJWdJyZqy7hHt6HnqNmMDxtHtPmLGFR8Wby85eSn7uQ/MKFJI+fRPM2bQmLjaZLz66MHDmI8ckjmD4xibycuRQvXkpu/mImTp3H4FHTSBo/j5SJWaSOz2BGeha5c/NZtXglCwsWUrxoIVuKZ3Ny2Vj2TgnmbkEkN/Ji2Da3N3PGDyUrM4uZc4vInFfE8sJ8ds1J4HBWGoeXr2FB0V5m5B5g9sxFLJ6dzor0oaye2Y3tma04kBHKsUnB3J4VwxsZsdwa35jLo1w5M1DN2cEazoxy4vykQM7OjuRMXhsurejLq5tG8/7OaVxbM5sNU7uwcXITrq1syWenh8PDzfB/rYD/mgmPRvH//rEr9w6E8e7GSE7kh3O4oBN7Fwwmf2JrinN7s3V9KnlZg5k1dTi5makc2L2YubP7MGtaL+ZMH8byBVPZsDKbzJnJDB3R3+BvgCEMCbc1GBJua+PulfhcDOWpobbo+t+NIeHXzTNJwZDwW8NvFYD/+UjheNwT4dcoABsxYsSIESNGjPy+MLQo9Lvn3Q30DQggQNB3w7tVYWcyFH9AQF82vFsvfS3OZFTlC+i7gXcNxP8fidKfz++3fy/OkCHGMOOMobh/Ecr8yuCMobj/Vv4H2i54d0Pff+idUd63jDMG4/7zeZcNfWt9g16KqjxV36r//nH85/KPtP9fy5Pvu+Dfya7/Ln7f79vvh3/0e2rESG1+2xHQek2VAGxljpnaRhGBVdZWzxSAleOibWtTvTvYtkoIlruC5f3A5vZOigBsZafFUW1Ol1APsvpGsmNMDLv7+bE21oriJiasCDZlU6g5eyMtORljzsXmptyOt+aNtlre7eDI+52dFT7oKJ47SGFWzwfC/VD4lWOcO+h4X4S901LLm7EaXo+y49Vwa+5G2PB6hC3vxel5O0bD+811/KmNK5+0deOdSDWXG5ly2k/FDZH2nTZOvBWv441WGlG+I2+30fJWa3veamPHO201iuD8bmsrPogz55OuDrzSyYnz/Zqwd2RrJrUJppmLPY6Ormh9wjH3bonKPR6VV0dUHm1RubVC5RKHiXNzTJxiUTlHC7/ANUa4wi/CTBxisdA2x0wnwvSRqBwiUDmGCTdUuCGCZiJdU5E3SORpgolbECaewVj6hGDr2xS3kCh8wkKZlZ3Bd99+yk9ff8DfHnzCLz++T+W3b1H+9ZuUfyd+CL//QPAe9768+UT8rfj+Fcq/uUnpF1eo+OoaZX85T/lnZ6n88xkqPj1FyUdHKPlgD2Uf7KTsvR2UvL2VB29s4qEUf9/YSLnk7joqXlvPI0HFnTWU3VpB6fUlyjHPkodXFwqKqnb9SvH3qhR/Cym/vqCKK4WK4PtIpHt8fRGVV+ZTdimPR5cL+OVqPhUX51FxIUuQSeXFTEXoLT83m0rhPhb+x5fmUHF+lgibKdwZImyWiBPPF9KFfzrl56dRcW4q5acn8Oj0RAUp8krhV7kDuFoQlkhx+En8sVTKq8VeKfpKsVfe/StdGVbjrxGFyw4l8uDgSEqPjqD00BB+2NKNPy9vzafL2vKnNb14Z81g1qY2p7mLihB3cwI91fi762ni6YqHVo2zvZ0iAus0DmilEOzooqBxcELnIML1WoG9QK2gEX57vR613lFBI9LqnFzFXHTG1ckJf28PIoMb07p5FF06tadH1"
11928 [Forwarding screenshot on session b1310904-d161-49ca-a1a6-530fba7baea8 to remote] DEBUG org.apache.http.wire  - http-outgoing-47 << "y7069ubUSNHMHvWTFatWsXevfvYtn0nS5evJL9gPoXzFzJ/4VKWrdrM8nW7WLFpP8s2H2LRun0sXLmFokXLKczNZXxyAi2iw2ncyJ/gpqG4ePth7+GJtXLcs73yDVFZWwpssHf2xsRO2NJ1DDkbLtB8cDZtRs5H79+VeQXbWFy8mbGJ0xg0Np0+KYUMT19HasZGMjOXsnbpajauWs7gIQMU4bldZAxd23ahb/8h9B48jJEpCeQWzGH/rlUU56UzNXkMY4YlMnT4NIYm5NOu53RGTVrJ8JQckkYMZ/OcQRyZGsLZCS7cKYhkwbhwRo9oR9sBfWg1PIkWo+fSZlQuiYlTmJGcRHraeMZPy2TugpVs2bCO/WsK2Fs0kU2Zo1k1bQDLx3Vh96Qu7EqKYM1ARzYNsWVTP3PWdDJhSzcthwc15tzYKE6OasShEVpOjbPj5FQtu8br2DwpiGsrevHNqbGUXEnhhwvj+PzSDP6rdBP81xLufTqEv5yM5p2lQRzLCGN/Zg/WTOzPiRUFDGsfzcBO4eSmj2Fx1jT6t+tAr7h48iensXROEqm9mzJvtPjW5g/m5MpUlkztQVLvcIO/AYYwJM7WYEjUrY2bZ8IzkfGGyqyhtvjakCRcPRKfiRRqDef7+6gRfSU1ZRsSfmv4LQKws/fTtIYwlKc2hvI4izY4e6UI6orARgHYiBEjRowYMWLk94GhRaF/N2ovytfnHxJA/jsF4Fp1/UvFmup6GtZRLRj9Kxf1jQLwi/ndCsD155fh8o0CsCH+fgH0ny78/IveXcVOMQ+ejazz30wA/h95R5/RB4ot//3f1Be/b/+KMfs3mwf/Afx3CcD/bt9fw+2u+s35j5w/f/d7/s99V36TAKx3d8XC3haVlQWmNlaYKKKNcG2sxbPEthZ2Ik6kldjUIMIU5LHRWkylCKwIwXrM1Y5Yq3W4OagZGN+U/IFx5Ld0ZGW0Bftb2XG+vY6rnZy41cWN252cudnWnustLLgRa8Gt5tbcibPjbks1r7ey5w3Bm63UvBWv4b12eoGOt+PVvCN4r62WD9o48F4rPe+00PBWcw1vx9nzbpyGd2I1vBltyzsxaj5q7cSf2jorYvCdCFvOBZpx3EvF5aaWvNFSL8p34NXmaoGdwJbXWqh5M17UK3i9pShD8H57LW93duCGsPtsTx+ODo1icY8I2ntq8dA6oHFrhql7S1Qe7VG5xisCr8oxBpVDFCb6SEx0EYJwTCXaMMw0AvtQLNQhor9CUGmaodI1FQQLmlShDxQ0EmX4V+Hkj4lLI8zcArFwD0AbEIRrUBDNYiIoKJxL6b0/8+j+n6j8QUywb6X4+xYVP7xD6XfvcP+ruzz46galX9+k7GvhfnmNsi8uUyko/fM5Sj45RenHJ6j45CTlHx/j/nt7uf/2dkrf3U7ZO9t4+MYm7r26loevreehcH++sZwHN1fw8NYKHtxYxr0rxfx8uYjym0sVSq8X8+CKFH3lHb7y2Ociyq4toPJGEY9vLeKRvNv3SiEVigA8n0fKc5Xo++hyrmAe5efnUHYuQxF9pdBbdjadktPThH8Gj6Toey6d8tPTxYs4lfKzAuGWnZlM6emJlJycwMNT46k4O4mKavH3sbwTuFr0lUKvfK4RhGv8SpjcHXxUHv9cJQSXHEjk4YEESg4mPvXvT6D0oLwfOFmEJ3DvwAjuHxpO2WHB/kHc39GH7zf14E/LO/Phmv6cze3OIDHf+oTpaN3YjqZulkT5O+HvaI2nzgZPRw1Oei1arRZ7nSNqnRN2eucn2Osd0Ys0evFO6RzshF+NnU6NrcBOay/CtDg763Fz0eHhrMHXRYOXuzMe3r4ENG5GRHRL4uLb07pDN7r0HEDP/sMYOnocE9MzKVi0miVrtlBQvIYlK7ewfM1OitfuIX/5DuYWrSercCVZ8+YzbNAQWsfF0qp5DGEhofj4NUbj7IG5zkE5EUBlJb4hlubie2GJia0t5rZ6bFwb4xfTk5UHXiN9xVmGzNyEV2hPhiRkM33eVgpXniZ/xWnSc3YyLWMtEybmkpo4ndTkaUycksW8BRtZtnInuXMKSB2bSt+efWjXpjVxseHERAfTPKoJXTu0ZMr4cSwqWEje3AXMnJbFnDkZTJ4xgZGJg5ic0oPZg/y4khvD8VQn3l3elTWTOrAybyazM+czYWYx49KXkjxF1JGQxPSkoUxKGsiAEf1pN3AgrQcMYsCoUUwcP555MzMpylnK8vmrWTAlgcLkduSPDuJAVnO2jfNiX4I3e/u7s7erK3vaaDjayZYrA9S8lmDPjYl2XJojvnnFLbi5JJazed6czNBxOtuL13f0540zY/nj2xP5050hvL+nPa8tbceV5f25uXE6e/Imc2TFYuamjGbK6J7MSR1I8axUhsa3oF9EGKldW7OrcAKjO/oxsqM3WYktWTq9O5tyRzBhYLTB3wBD1Bd1a2NI2K2NIWH3ZTEkyNamtuBbHykQG8rzMtQWfV9W+K3hNwnAIk3tvPUxlKeGZ+eV4TLeKAAbMWLEiBEjRoz8Hqm/IPTvyFMB+Oni/NOwf9Ii+T9bAH5S3lOMAvC/C0YB+F/XdqMA/PL8/Yv5sj/+qULHf8u7+6x2/nsJf8oc/W+fa/9effDi9+1fYe+/Vx/8J2AUgA3H//75574rv0kA9vT3xU6vxcRKHgNtLrDA1NpawcRKYGlTCykUS+SdwbURYdZ2mMhdwNZSALLH1EaLma0eS1stNtYWBGitGBbiTGa4lsNdvLjWxZU77XS80tK2SuxtqeZOvB3XY8y5GmHGtQgrrkdaczPKRhFl34rXV9FKW3Vkcxsd77RSK7zfRssHbfUK77XWijANb7ew461YW96ItubNWBveirHl7Vg73mlux7uxat6I1fJqjI5LQdYc81RxLtCcV6K03InRcDPCVuGVaDV3m2t4LU7Dq4I3WukUUfiteBvea2fH25003O7mzJXBIWzpF02/Rm64q/WYaQOe7vJ1CBeEodKFKYKvqX0IFupmWNg1xco2SNAEC9tGggDM7AIwsQ/ERCNphInWX+An8K1C561gqvfGzMELM0fx7OSJvV8gVq5ueDZpRLOwQM6fP8CDH/5A6ffvCt6k/Ie3BG/y8Ju73P/iJmVyx++XV3nwlws8+OwcJX8+R8Vfz3H/D0d5+IcjlPzhMKUfHuLhu3v4+c3tPHhzK6VvbabkjY08eHUt919ZzcNX11ByZzUlt1dSfmeNoOqu35LrSymRd/3eXErZjWLxvEgRf0uvSQFYPF8uoPRKARVX5/P4hjz+uWq3b6UIeyyovJRLxYVswVweXcwSZFJ+fjYVZ2dReW6GIJ2y05MpOTGR8tNTqJSi76nJlAl/2ckJIkyEnxTPp8YL0sTzeBE2nkdnq0Td+juAawvAtY+AVnYEHxccHUeF3Aks3JJDSTyUu37l0dBHUqr9iYpfIv0PDo/l3sERPDwwnMdHRvLL4eGU7h7Aj1v78fW2Iby1rA+bU8KZ09OLfsHmdGxkRqyXOUEOJgQ6mNLI2RJvJxvcnezR6zRodQ7Y651RO7hg5+CmuFoHEe5gg1ZvK+JsUevtsNPZYqexwV5rq4jDDiLcUWuJi8DJUYfG2RNbR090bv44eTXB2TsIV/8QvJpEEd6yC626DKBdr+H0GJLEgNETSExNZ+LUbKZnFjMrfw3ZRRtZsHwLufnFzJg+k6RRo2geGYmrsys6R3fM5X3g8jtgaaV8Q+S3xNTaEjO1HeY2Gsx1XjRtPYBZSw6RnLubyYuP4hXRk15jc+iVuoZeyesZM34dMyctZuHs+WxavJL1a3YyO2cdw8cvpu/oQgaPyWTy1FlkZcwhZ+YMFs7NZFFOPhkzs+nSYxiRLboQFNac8NBmtI1oRN9WwaQMDGFSYhizp7WgOLcrSyY15kZhBHvHaHl7eT+WjmxJxrAhJPZNYcLQWUwbmcasMQPInzychTNHkpM+hOkzkxk0ZQqhwyYQNTyd9iNm0W1QOu36ZtK2XyYDB/QnbXQ70hObkzsujC0zW7BjfBTnpnXi5tTu3J3UiVdTYrg+wp8Lg/UcHWLLvrEadiR4sivNlRuLAvlkSxTvrArl0"
11928 [Forwarding screenshot on session b1310904-d161-49ca-a1a6-530fba7baea8 to remote] DEBUG org.apache.http.wire  - http-outgoing-47 << "rI4TmzpypE93bh6oBNvbu/OzeJO7M1uwc7cLhxdNY0T2xZyaNsCDm3PZuvyNHYtSWNBam8yh7RlfNcm7FkwlKQ+gfRo48fovhEsmTuCXcunsGDGIIO/AYYwJPy+LIaOja6NIeG3BkPi7H83f68Q7PQbBeDnYShPbQzlMe4ANmLEiBEjRowY+X1Tf0Ho35EnomttAa2WwPpEbKoWQeuKrVWClAx7smhmKN0zBGBlwbE6bR1edhHSoE3/AqrraVhH1YJh7UXchm2qLwBV56mV5rkLjjUi0pmnbZU0sKVWXyg0WFiuX29twfTpwufT+SB4yXGok6eauvY9nScKtco1vOhsYCG2nujfMK6eAPy89E+E1Lp90nAcnm13DS9ue22q66s9Ng1sry3y1u6HurZWUZXvSR/WafOLhceGAkRNe6vtqbGt3txq0L7n9HXV+/Cs9lVR246a57rvUe38z6bhu1d/TOv34dNyG4xj/TlaK65B++u/e0q59eaO5EmZDeOePWdeRO05Yji8TtvqzGHDeRvMi3rj+7LjUUPDcZH5X6bumrlSb9zqzFlJvXglj4ExrXknGrxzNWFP09a16+XsaFhf3Toa9Gs9nmmvEl9vztT/Fj1jjJ5fpiHqz82n6V/UvhfP63+sDU/z16XhvKrXtppxftH3q8H7K6hvWz1eVLcSb7B9VW1qmL+2XfXnc91+qCn7TJ0yqtLUGaN69T93/Br0fc07UDP3n5bzonFU6hHzvG4b67bBIA3GwdB41oqvqdfAOCu21+pvmf/JmNQp52n8896VBnHPeY9r+E0CsLuvNzZae0UAloJNlSvFX6sq6gvAwlWJcGWXn3QtraupFoKrxWApAptYa5Rjo63s1DjYWhNkrmJhh2AOdWnMsUg7bkXb8m4LLe+10nFHPF8ONeNatDVXImy42NSSyyFWXA+35XaUPa/G6ngtTsebLXS81apKCH67hX0VLdW8JXg7XlMlDLfW8kYLO16LseKN5ja8HmvNGzHWvBZlyevRVrwVY8fdaA13Yh15JcaZs40tOeCm4lSACTejdAIN18LtFOTzrWitwtUoW96M1/NuvB3vNzflDy1Nebe1JRfjLLjUP5hjiV0Y0NgdD1srtFpXTNSeqHQBgkBU2saY2DfGVB2EhW1jrGwDsbHxx9rGB0tbL8zs3EWcOyq1Vy08qpHhbphoXDEV5T5B54pK74KJ3hmtnz8OPp40auZHq9ZhfPnXNyn56QPKfnyL0m/v8vDrW5TIXb/f3KTym2uU/uUC9z89TYnkkxOUfHSU++8fpOyjQ1QKSt/dy/03t/FAUPbmZkpfX8eDO6t58MoqSl5ZrSB3/P50eTH3ry3h3tVF/HRxAT9eKOTni4VU3FxC2fVFypHPZdcXUibv9b22gJIrBZRczqdM7vK9KtIJpAAsxd9fruRSKY96PjdHOd5ZOeJZEX/TqTwzXRF7K89MUe7yfXBsHBUnJ1B5YgJlx9MolUcyK2HjqTgh7/RNFuFJPD49nl/OSpE39ckRzzWCrxR7JYYEYEUErhaAK4UrRWAp+kpqBOEa0Ve6iv9IsigjhQdHxvLw4EgqD1UJwJX7BvPLoRFUHhzFl1uG8NHaIRyZ3pwlg/2Y0cWFMS319GlmSXsx/2I9VYS4mhDsbo2/iw1eLlpcnfU4OsljoKvuBdbo1KhrC79y96/cBay1Q61Vi3h7Mf/UaDVSBBbvnqMzOhcf7J180Ln6o3UNQOfWCBefpjh6N8XBsylqZzEfnRvh7B+BT3BzImM70LZDX7r3S6TP8MmCSfQZMo4Bg0YTG92CoIBGNGkUiJ2dFhMT8c6bi3defgPkt8DaClPxHTGr/paY2+uwFfVau4eSnLmOmctPMGruTiz9+pK/4Qa7jr3GnKyFpCZPYezYdAaPzKHfyCX0G7uKiRk7WbPpHGtWbWP2tKlMTBlB8thRjBkzjtEJMxg6ag69B6aTXbCVNev2s2jhEsYM7UPnloF0iPOncaAHzUIaE9LMh9AmWmYMaMSVuc3YOdyS99f04EhONzLTejBoaH/6DB5Ej4GDaN+vHy1796PbwL6MTx5E5pTRDB7cl2mFK5mQvYSJ07NIHp5Ij+4j6NBpCKPbRzKtdyAzRwWTNqYJ41Pj6dq9OX37DKdP9zSGdpnIpIHjKEobzdbMAZwu6smtRR05PzecPZP8WNDPloxYMzKbW7BhXGMu7UngzvUJvHWuB+/tj+OVlUHc3BTLhuym5E6KYvTAYHp286RrJzVpCf4szGjN7uLhnFybys5Fg9mzojdbCzqzZFwUc/p5kjvYl7whjZjYxbnB9/9ZuHknPhN3haRn45OExzOQcc/DzTv5fwR3hRQFJUwKwQJXryRcPZOUXb7PQgrAjv+gAPyvwXgHsBEjRowYMWLEyO+Z+gtC/zJqL2i9xMJUbZ4ubBlYCKu9sFdrce3pYuDThcAnC+aG0j2x7+mC2tPFwRfU+zwM2vQvoLqehnVUL9TW6nPZrtrpqtpZr411xkj04fPaW9PG2mmU/qy1OKqkqb1YWt+uKn9tUaOuXU8XnOuPbV0hpCFKe+rYX3/BuL6/Xp4GthsIq7eQ28C2+vH1+6dBW6r8Dfvw77DbgN9Qnvo8WYSu9itl1M6j2FF3XOrbXb/8J+9SrXnV0LaGKGnqzZE6c7Pmva1VTv35/MK+NjiWDeutaVNNfzxtswG7DNDArgZ9V99v+B2oHf8kTe1+rD9PGswbmSejqr31265goB6Z7gXtezaG7a4JrzO36o/NM/LWmRcG2iD7pP4cfBF155rkJequtvf572l1O2uXLdJkKOU+o2/+Jd8LaXvdflLaUv9df+44P8Pe6vrr1lWr7OeO0bPKNET9dgtE39TU+/z2GahH2lVvLP+xNhimfrzyrjYY17pj0CCNgXFU0tTKY4gX1W2wjHrzzvB8aDifDZZdZ5yq8xgIqz0eL5qfBm1uMG4N50j9chS/IfueO/cbzg/ZX0/KaPCOynqq+8TAOD/N07DfattR13YDc1jQsF9kuqflPovfJAC7eLpjbW9XSwAWWEr3WQJwjfgrj3mtLQALLKQrRWApAKvFcxWmah3WIt7P0pRB7hqKo7zYH+XC5Ug9tyPseCXSjldj9bzS0plL0TouhtlzNUzL9Ugpxuq5FanlVoSmSgiO0XI3RsPdWHtej1XzWoytCLPhTqwVr7W04+3WWt5tq1dEYCkKvymF4Fhr7kZa8Fq0pbIb+M1YO1GGlquhGq6Hi/KjnDgdYMUBVxVnGllzM9JR4KDEXxN23IjQc0XY9EqcAzcibXhd1PeBqO+DGDM+irfl/Q46bnR04XTvxhwZ3Yb05t7EakxxtrHGRhGCXVDZu2Oi8UZl6425nR/WNhIfrGzk7kkXkcZRpHHExNZZIPwCU8V1UjCV2DlhZu+EuUhnJjBVO2DhJMvVoXb3ROPmgquvG42aeLJz5woe/vwHHv7wJve/vMm9v16i7OvLPP7mCpVfnKf8z6co/fQk5Z+cpPSjI9x7dw/3395N6ft7xMdqF/df28RPt9fx4LWNlMv7fl9ZzT153POtFZSL57LbKym9uYKKV1byy2treCzc8htLlF2/lbeXVh33fE3u/JUCcBXy3l/l7t9q4Vfu/q2Uz1fy+fWaQArA5zMpP5fxRPytPDtDOdK54vQUKs5MUnb4PjyeyoPDyVQcH68ghd+SI8mUHU2h8mSqcJN4eGgMpUcTeHRqHI8FZccSKTuRogi7UvCVYnBtwbcmrLZfCsnlUlQ+nvZEBK7yizTVgnBptSgs65Y8FHY8PJJEyeGxlB0cScWBYTw+MJTyPQOp2DuU0j0j+HHncD7fPJQvdyZwKa8TB2e3Y2VCKBk93BjT3I7eTS3pEmRFCx9zIr2saepug7+LLV4OdrhqbXFwsEfnqEPnoEOj02CnVaPWaLCxV2NrL+8JdkIv7w+WYrHWQcQ5Yqt2wl7nJvJ5ivRu2OnccXDzE/PTQxGFnTyb4OgZhKNXEHq3Rnh6B+Mu/R7NcPKJxKdpPCExnYiMbkPjRsG4ODgq77SVtRprtbN498W7Xv0HEDO581d+TyzNRLiZmN8aMX8d8Q5tS5sBkxk4Z"
11928 [Forwarding screenshot on session b1310904-d161-49ca-a1a6-530fba7baea8 to remote] DEBUG org.apache.http.wire  - http-outgoing-47 << "SmTi4+iadaXYZMXkVe0lrVrtrBr9wnmrzjEhHl7GTtrDyMnrmXo6ByGDp7AuKTJZM0tIKdgKdPnLGRShjyueSGjx2UxKmEqwwaPZnCffowdNpic7LksXFrMjOxckqbMo9+ICfTsP4ROHeKZ3DeYu3lRHE3RcXdZOw7Oa82s8Z0YMy2ZkVPTGJqWxIgJExgwfho9Bw8maWBH8hK7k9A1hhYxzWkZ354BfXuRPLg3yQljmDxlIktT21M4OIC8hGhWFSSQnNSPXkOG0qLHaFr0mkjr3pNo1WUUce160LZdG/q3aUZ61wA2pYaxNyOObTNbcWhqBFtHuLM5LZhVOW1YvbQtazL17J5ty6WF3uyc48Dy6X6MH+LPwL7N6NM/hK493eneVUPvTmq6i3nTJdqeAV08GdTHlSljmlI0vhVbM7uzY05XNkyNZ8usjgZ/AwxhSJytjYdv8jMxJBrXxlB5NdQXZv+7cPdJEbaPU5DPktrxhoTfGn6rAOwq6noWhtLXxlAeV59xgrrir8QoABsxYsSIESNGjPw+MLQo9E+negFTWdiqpv4C1vOoWawzRJ1yatVTfzGwTlpD6WoW6J4s4BnIJ3hiS4NFyGdg0KZ/AQb6uA4vXNisabfhBcbnotRdd+Gzfjmy3xqUWXvxUz436NPaC66G7VLG43ltM2hb3YVcZfG0fhl18lXVXTtN3TxV8fXHt86ibL2FXkN2113ErWtjDbXzvdDul2i7QerYKtNnsKFWXXXtrD8uhsuvm6eaen1iiKftbTgGCobKqNfuv7evZfqMDbKM6nL/7vIMYahf6vXdP/QOyPj6Y1zXRkP2PuEfnSN/F4bsfnZ4XXtfIs1LzKOXoWE/vYx9Lzmuz7TvGX1TL4+hMXzeHK7iGWXXRhn/59dTF8NlKrbUz1d7bv0jfWCAF79n9ajTvufP69/Whpel3vtqqMx67+SLx/5lqVu3wTJeYt7Vt6+Kun1rqOyXDatDnfF7Vvp64/qv6lOD7a7hBXP4WXOnXrhBG+rUa7ieF7+3hvlNArBvowA0DnrMra0wk+KvhQWmFpaYWlpVY/MUC1tMFNFXHhUtBeBqpPArqBGJa6MIwXYOmNvosDexJFhlwnAHW/J9tGz2t+NYkJqLYVquRDpxOcadC7GeXIh04VKojstheq6GS9HVkRtRem5Gabktd+NG2XM7Ui2w4060mldjhRtny50WttxtacvrLdW80UrNm63seT3Ojtfkfb6xNrwmdwHHWAlseFWUcyNCirw6boq6r4t6TvlbcMDVhJN+llwLc+BKiE7E60U6Ry4G23Fd1CnrfjVKzWuRtrwl3Heaa0UdWu60deRCGz3nurtzblAjlra0p7OrJc62dliLPrO212Jm74BK7YKpnYfoDw8srNwws3ZCZatFZW8v4kRfiX4ysXLAxFqPqUC6JtY6zES4PFLbXN6tbKfDXC3vWNZjpnPG1MEZC0dnbJ2dcPBywbexF6lpQ/nmyzf58Yvb/PyXy9z77DQVX5yl9LNjPPz4CBWfnuDxn09S+fFRSt7fx4O3d1D+3m7K39lB6ZubKbm7gZJX11F2dz2lt1dTcmM5D68vpezWCipfWUW5cMuuFyui76NXliuC74PL8ym5uoCKW4t5eGU+9y8VKCii7/UFinv/XDblVwp4dG0+5ZdzKb04j8orefxyNY+/XctVjn2WAvDjS3P55eIcRQCuODuN8tOTFQG48uwkSk+m8eBIMuXHUmvtzk0Wbgq/nBrPY7nb93gSj06m8OuZVOFPFs8ifS0BWLo1AnBt0Vc+S/fJMdEyXqSTbmW1X4rN0pUCsbLbWAq/h5MUV8bJ55KDYyjdP5Ly/cOo3D+Uyr2Dqdg7hPK9Q3mwaxA/bhvIDzuG8sOe0Xy5awwfrBvIzaJunJjThu0TY1iREM70rp6MitPTrYkV8d5mRLubEexkiqvWSjnW2cXJAWfhOui1OOik64BW64C9xhG11glbezEnNC7Ya53R6xzRa/VoNDo09jq0GpFW5yTSCkS8RicFYzd0Du7oHT1wc/PDzT0AJ/cg9O7N0HmE4OARhKOLj6jHCa2dGmsra8ws5K5fjXjPBco7L74BFuYi3AxzS1PMrcywsddgKWxp0rwL6Qu2EdVrPJE9UtD6B9N75Bhyl2xi3pL9zCjYy9ScnaTnrKNg0RpWLF9J0fzFZM1bwripxfQZPZ8eYxYzMHUJQ1JzSZueTWb2XLLmTCJndiozpyQyLiWRgcNT6DRwIh2HTmd42nTGjktm/IQE0tOTmZfYnLcKo1jd05StyV6sGhtAj+aueDXxJyg8jHYtIhjQLppRg/oyYWR/5g5vI8YinvzhLRjZuy29e3eha9e2tG/VjJjYEDp2jmFBclM2TAhj07Q+5IwYTEK3PiQPHs6Y0UMYntCHAWO60Ht4D3oMGkTPvgkM7D6Cke3aUDgqmlXTW9MrwoTMrlbsn+DDwcxwlma1ZNXSnuzODeHywkiOzm7E4hE2TO/rwMD2fsS3CCFCENLclxDxDYuNcKJ1hC8d4kJpEdeM6DZBxMQ3oX3bEHp3DmNY92aM7R5Eap9mBn8DDOHlL8VQKX5Wibby2dMvRcHD17B4W8OzxN4agbh2WEOqxNd/hNqC7d+LofJq4+KZ+EycBbWF3/rCbH3R9u+hdjmGMJSnZgewq0+aYLyCm+8E3HwmGhxrI0aMGDFixIgRI/9ZGFoU+mejLGoFBNTl71isUha3lHy1FtCURbF6ZdUKe7rIW7U4KMOeLJoZSqcsxMmw6oU2g2XVsuV5C4W1eUY5z+SJHQ157gJ5dT0N66haMKzf30/79Ck1eeuM18u0U6m74cLo00XJahtq1fWUqjE1OEeqqbLrH1z4NLjwWnfB2FBfVFGrTXXKqbfgXGuONaCm/+rkr2pLg7FS+vFZdVRRe4H4hXa/RNsNUyuNLEP2by3bZL1Px6H+uLzY7ifhBu2rS9X4bjA4hxUMlVFnPr5MX9eeR9J+GV4rn6yjlu1P01aXJTDYvtoYfEfq9t0/9A4o5RrOU2XjM9pfJ/8z3t065dSN//swYPdzwuv278ukqZpzNfY+s60voOG4vnzddeusm08Z12f24TP6ps68rkrToF115vCL7agd9mRsFZ6Of8M+qI9he5V8dcqsoabs543RM/rAALKe56d7ifbVhNdr529rw7MxVO6TvC/5/arf5hd+b6p5Xt0v801W8tefD/W+hzXItDV2Gir75cKeP36G21137itpGszhqnJr0hhql+Gya1PXtrpjIm14amcDDI2zgfAXt8/wfKgqp8Y2A/U8g98mAAf4o9HrMLeyxEze/2tujpm5eLawwlzB5glmUgAWYVLgqYsUjhuKxRJlF7CtIyoze6wtNDirrAgxMyXBVc/CRs4UO5uw0c2cY8EOnIpw51ysP+ejvDnXzEmg51KYE9ciXbgqxVplV7BW+O25EWHHjUg7bkbbcVvuAm5hz50Wal5pYced5mqBHa80t+X1FhqBPa+JsFejbXklyorbkdaKkHwjyoFrotwbkU7i2UmU78D5IDWHPEw54mXGtXARHuHCxaai3nAHbkaouSXqvilsuBGuFX49r8Q4iXoF8Y7caCVsamPJa92ETb21rO7gRazaFBczExzUZpham6DSaFFZ6zCxdsLMyhEz8ayytUNlb12FjRpTK61AI8ZDo7gSc+m3Fq61PRbStdFgYSvS2esx0TpgrtNj5eCAxs0ZT38P4tuE8+bd03z96TW+/9NZfv74KA//eIDyPx2k4k9HqPjjIUo+2KMIvw/f3k7Fuzv5+c46frq1kp9uLOe+cB/eFO41eafvEsqvL6NC+CtuLKP85hIqbi3lkUQ8V94oprz6iOcKea/vTXnX73weyvt+pfgrxV7hll7O5+H5eZQLt/Jq1X2/5Rfn8ehyDo+v5CoicOWluVScn8Pjy1mCOeJ5JuXnp1NxdiqV56YId7JyBPTDY+OU45+lCKwc/XxCCrRpPDolkWFJIiyZX07LcLkzOOWFAnBNmHSlACx3BEtBV9ldrNRRJfjWCMK1BWCZRroKytHQCZQeHE3ZgZFUHhypCL/le4fw+OBwKg8Mo3TPEO7vH"
11928 [Forwarding screenshot on session b1310904-d161-49ca-a1a6-530fba7baea8 to remote] DEBUG org.apache.http.wire  - http-outgoing-47 << "Mi9nYN4sG8EP+4exrc7hvH1zhF8vn0kf9oymleW9OdEVmfWJEczt5cvY2Pt6RZgQrSPHcGeOgLd1AS4qPFzssNda4Wr1hoXrT2OYo5JkVcKwXYaZ+zFHNHb26G1tcLexhKNrTV6jRonvRadvT1ajQatVodOzCG93kHgqOTXiLx2Ok/sHPxQuwSgcfFD7+SppNGq7bCxthZzVB79Lnf626MyF/PXXHwHzM0wNzfBwspUYI61nZ3yxwX/yLaMm7OM1JyNjExfgk9wNEGxbYgdkET86BmkL9lC8dLVbFhYRNHUSWROmEJe7hJylmxjVvF2MhbvIiN/M5NmLGLYmMn0GjSGHsOS6DZmIgOm5DAkvZDUrKXMmreYrIxc8mbNImFgH0b2aMvgzjEM6NGGlC5+3MkKI7eVGQv62nF4egir0juSPqk/if1j6BRoT5SdGQFqW2L93GjfSM3oFjqWT+vMiD6hDBnUihGD2zB9dDuSe4QwsYs3t3LjeDW3FTtSWjEqJoj2oVG0a9+Dlj37ENW3OxF92hPduwOt+/ai68DhDB0+ioTBHcgY4838qWF0FN+k3H4+nJzamo1irEd08ad7e09yBjlzcm4EK4brKOhvQ8HYMAZ2CKdZSAThrTsQGh9HXNtIWrcIo2VYBJEhsQRHtMAvOhbv0CACm/kTFdWI+Bh/Wkd70Sba2+BvgCFqC8DyyOcnArBvyguPcv6PFIDl8c8GyqxBOQr6GbgI6gvAkueLtC9HbbHXEIbyGAVgI0aMGDFixIiR3ze1F4P+ZRgQKZ6/iFuXp4uYtRe2ai/GVYfXqufJAmutRdsndRpK92QBrXoRz2BZtWx57kJhLZ5Rzj+d6noa1lHdT08WO6v7o479dRdQa1AWI6ttf257lbobLn4+XWR9xqJlLV528bV+GYYWcutgcLG6bntfWIZCrTwNFnMN918d6uSpakuD9Eo/1qR5zphUt+ef0XbDPO1rWUdVWhkmx7i+7fXH5cV2Pwlv0I8NUdooyusr6q4tBDzBUBl15uPL9HUt+2R51X0qw2S7lLha/Wyo3w22rzb16quibt+9sIwGfS14xrv3lGe0v4YX5K/pf4UXviPPwoDdzwmv278vk6aGqrlXY+8z2/wMGpb5MnUbmu9189WfP3V5Rt/8U74X9cpW0tdrY73xN9yvtXmZPnkehsboGX1gAFnPM9O9RPtqUOytsaM6/W9rgyGq09V5p+uN0z/4/Xrxt+LFdRsso549BvtEpjFQd+2xMVT2C8NeYvwMt9tAuxqMY91+NNQuw2UboqqsmvGvarO04dnfUYPjbCD8xe17wbuilFdjm4H66vGbBGAvH2/UGntFtJGYmAnXzKJKBFawroWNSPMsAVhi/RSRViLvBTWx1aEyV2Np54yNuQZHlRnxanvmhAWyINCRJW7mrHYyYYu7NfsCnTkV5sWFcA/ONHPhZBMdp5poOdtMx8VwPZfCtVwOVwtsuRJhx7UoO65H2XIrVq1wM9aOWzHCjbZVkPcGv9ZCy93mGmW38K0IK66HWnE11Jar4RpFAL4WoVe4HlElAh/zsWC/q4rzQRquhDpxsWnVLuGbYaJsUff1cHuuhGmFLTouRzpyu6Ubd1o78WZbPW+0tuTVOBV3W5tzobsva7qE0d7eFFdTFTqNGSorFSprKZpJgVeLqRTIbYTfzgKV2kLZNW1qoX4mZpZ2CuZWagUzGy1mcjewRoelTo/a2REXbxf8/J3Zsr6A+1/d5Yc/nubBHw9R+uFOfvl4H5V/2Ef5+3sU4ffeG5t5+MYmKt7awuN3tlJyZzX3byyj9PYKKl9dSfnt5ZRcWUTZ1WIqry2h9MpCHl5aoLiVNxZTeV2KvYXK3b5yl2/FjQWUXZvP/Qv5igAsnyVS/H1wfh6lF3OVI58rruRRcTGH8gtPBeBK4VZczBKuFH+zeHQpU/hnKyJwxfkZVF6YTuW5qZSenkiJFGlPTaTsaKoiukoh9pFybLMUfOUu3UQRnij8crduEuXCrb3Tt0bsrRGBy0+mKWEloiwp/NYIwLXFXSn6SmqeawvCMkwRho9KRF1Hkig7NFYwhgrpHhgpGMHjw6MFIuzgcEr3DFZ2A5fsGfKE+3uG8vPuofywazg/H0jghwPj+GLPON5ZP5LjczuwOjGctI7e9I1ypl0jK+J9zJSjoiPcTAlyMKGxoxm+eivcdDa4OmhwdnDAUS9cnR2O9lboBQ4aGxy1tjiKMJ29LVqNcLX2Veg06AUOUgzWuWDv4IGt3gtrBy9s9O5o9C4ijQ6t2hpbGysxB6sFYCs7ZfevqZml8h0xMzfB3EKFhaUJFtbWWIg56hEczehpBQyfvpjJ87cS1qYfjoGRRHQdQGDLtjSNiaVNq+aMGdCf4pxC1q3YzvSZ80mZkk16dj5z8grJKVzMgsUrWbtxJ8vW7mJy1jL6J+fQcVQm7YbNpMfodEYkTiY5MZEJY0cyf24WS+bNY8HMyaQmjGJ8jxA+nN+SpV1tWDrYkeMzmzF3ZBOGDmxO5uQeLJw6go1ZOcxOnkDXFrGEe+mJ87QktZsjiT19aeqpIqaxBZ2CLZnZ3Ye1Q3x5KzeK23PCOZbegfmjupDUryctW8bjFxmGR3QQnjH++Ef7ExLThJjmYbRqGU73DoFkjNGxdE4orcPMyO7hx7G0NqwbFcPshF6MT+jP/CFN2Ts5gqIBOqa2Myd3VAQDOjUnPKYt0Z37E9a+PR17tmfkkB6kjhhJr859iIvvSrO2HYnr3o3OvbrRp29XundpQfuWQTQP9zH4G2AIb79xePok4+6VqCCfvXxTFDx9kvDwfjY1eSS1w2UZktphDUn5h3H3kvb+YxgqrzZunknPRArANeJvbQFY8myR9uWoL/jWx1AeowBsxIgRI0aMGDHy+8bQotC/hNoLUy+1yPqUp4u1tRe0ai/CVYfXLCAKni6YVi+ECp4smhlK98S+mkU8A/kET2x5qYVCgUGb/gVU19Owjup+qulzJV39hcG6C6gNeNbiZQ1KmfUXP+suVBpcSK7Ni+p4xsLnP1Zu3fa+7MJvTV0N63zBoqyknh2G7K5rh+ExqZ3vhXa/RNufhVJ2RoZI+3RcZd19RVjd+VO/7VX++uUbtPWFY26gvfXnmaEy6s3HF/d1TR7RXtnGmrbIsvuKsHrteany6vMS78iL+8PQPHvxeBqy9ykyf327GvLC9j2XZ70fhsPr2vsyaerzrPqeT8MyX6ZuQ/1fL98LxlWW18DWenkMtbfumLykHfXH8CXelfoYsvfvnx91bTPYBwZ4bj0v0b761C7vt7ahAdXflLrjXm+cDM2NOjYbruOFtr5E3QbLqGePkqb+fDDYpy8u+4VhLzN+htL83X36Mu/Ty/G0nBfMBUM2GQg3aIMB21/4rhgco4b8JgHYx88XjU6LhZUl5pYWmFtYYGEpxV5DArA1piLMxNIUwwKwRArET4VgleIX4VbCb6PD1NoBa3N7PMws6eflQmFsIOvCPVjqZM5KjYr1OjO2OFtzwE/DyWAXTgQ7cTRQy4kgLWdCdJxupuZciJrzYXZcjLDlUoSNwpVIW4WrUbZci5SisETN7Vgdr8RqeVW60RpuijzXw2y43Myay6HyWGe9wtVwLVfCdFwJ1XGxqYbTjWw47mvJmUB7Loc4VR0FHabmZrgd10Tdl0JsuCj8lyJEfKRaYMPtODWvx9vzagtLgTW327hwrWc4S5p700ZjiYO5CjMzFSpLKbRbY25qK/xyl7QVKhsLVLaCWruna2NibifcGhHY/gnmVsK11WBhr8NSo8fO0REnd2d8fJ0YPbwLj358h2/eO8yD9/eKCbWZR+9vpeTtrZS+u4Oyd7bx8PWN3H91DQ/vrFbu+X14cxklN5dScWsZZTcW89N5uWu3kIrLC6m8spjyy0WUXCyk7PJ8Kq4WCbeAhxdyRViecq9v2dUCHlzK5efz8yi5lE/5FZlWlHEhh/tnsxTht/Ky3OmbS8XFbIXKS/NE+VXHQStHQl/NFXUJ9/JcET6HikuzeXwlQ6STu4GnUXJ2CmWnJ1N5egqlx6RoK3fxyh28Vff4SvG29HiKcudv5ek0Kk6lKm75iYYCs"
11928 [Forwarding screenshot on session b1310904-d161-49ca-a1a6-530fba7baea8 to remote] DEBUG org.apache.http.wire  - http-outgoing-47 << "BRtawRg6co7fKVbcwR0TTopDMtw5bk6jaxLEYlFmESKwo9EvY+PiXqPJlMuRWCRtkI+K6JwYrUoPJryQ6MoPzCCkv3DebhvBGX7R1K2b5giCN/b0Z+ftvVTxOAfdw3l213D+XrPKL7cm8Dn+1J4ZfVwjuX3YuPEFhQNa8L0Lk4MDrOis58J7QUtfEwIdlYR4GyGr5MlrjpLXByl4CvQ2+LsZI+ToxR77dBqbdFIxLNGZ49Gb49Wp8HRQSdwQuvgiq2DB1Z6d2ykIKyTx0yLNFIAtrXC3Ea849Zifso/I1jZie+HCJM7gMU8txDz3VxgbWODvZMbTv7N6DQkjanzNzNmzko8W/cnplt/Vi1bQv6UNEb27Enrdn3xi+mDS3Q/QjsNY3TKZObNmsHijGkU5c5hTmE+k7NymZJZwJzsYhYVrmRz8Ro2FCxi4YxZzBg/kRFJk+g4ciLNh0+h5eBpdB6YxrCRyaROSidrbDf+WNCC4rbmzOtszbaUAKaOjKNVn6606duVqPjWxLftSZfuAxg+bChTUoYweWAEs/t4sHhUU0a18qZnrCddIhxJa+PM4WkxvLqqC8VDnUltoWNQqDMj40NJ7deGyWM7Mj4hirHDGjOsTwADOjamT6sQOkdH0S0miKk9TFk+vREdQlUs7OvO6dRQVgz0ZGDbAPp0i2fBkFgOTO9MXn8P0rtZC9tDGNizJe169adFn4Gi79rSpWcMw3pHM2FIF/q0iaVtqxgaRTYmtE1LWnXtTtsunWjXJoZenaIZ2b+Nwd8AQ/wnCsASQ+Luy2CorNoYEn4VvJ7uAq4v/v4zMCT61sZQHin+GgVgI0aMGDFixIiR3y+GFoX+3VAW2QIktRbQlAWuqvCni2FVC4FK2ieLe0/DnqSrlbfuoqEMq7dIKMNqLcgZCnsuhur6V1BdT8M6qhYmn/SHgXQ1baoKk/1Vd6HyhQujSpl1FxuVPLXLqe7fuguXoq4n5VaPU716zmTUlGt4gVWxvf4CdR0a5qvbXkHNGNUpR+art2D7ZCwbLqxWtbde/8v0NWXWXwBW/LXLqWp//blcp7z6eV5o90u0/VnUvA+1x8NQWIM6qvz1x8TgHKrfJwaoP75V9tfvR0PjVKuf6vdbg75+GmYoXf3xNjTnXviOCOrnq5kz9cf8H3oH6tko2/wkXfW41R7zdzdkVKc30Bey/xrYUNv26jF+QXufYtju57an/pjXrqu6PTVpZD/WLaOqTU/bW23v3znXnoQ9p+6GdUnqt6t6XGuXLfo4ozq+QR0SpZ768/x5c/gl7GhQRk2/PA0z1Af1MWjvC75FLxojg2UaorqeOmWJdinlvKh9L5rXv7ENDagur3a8Ul/tsPrjLFHy1WpH/TQ1dj6vv1667tr9VT1Pa9VV9Y2qZ19Nv9bqp/rpFH89+14Y9qLxM5hGUn8cqvy1x6r+/Koz7tUYsq8Osu4Gc+NpPVV9UNe2MxnVfVJ/DGuoF97QhoZ9Xb8tVWnq9cmz6qvHbxKAPb29sLNXN9gB/BSrWsidvXKXqqlApLWQSAFYhAlUIk4eAVsbE3NzzE1Vyp2gKrlb0EaPqcDa1IJG5qYk+zuwMtKTjY3s2eJqzjq1iuUWKlbbm7DDw4aDjbQcbaLnaJBwg9QcC7blZDNbTofacjbclnPh1pwXXAy34VKYLZeEezncjstS5BX+6xH23Ii053a0jleidNyWx0fLHbyhIo3gWoQ8VlonXJ3wa7nYTKPsAr4a5sgJPytlN/B5UffVEAeuh6q5EWbHDVH3lRBzkcZc5LPkRrQNV6OsuRRpw5UYDddaOHEjzpm78ohpkedi72bkxPsQqjNDbaXCRPSHqYk5FiorBTMzeZeyuegfgYV4NrdGJfq6NnV3AVcdD60cC20phTc1FvJIaDstNlo9OicHvLydiAnz5Oe/3OaL1/dy/+0dlLyxlrLX11D53nbu3d3AV1eX8OWlRfwoj3V+fR0/Xy3mgbzXVwrAN5dQcnkBP56ZR+mF+Ty6tJDKSwuoEGHlkksFChWXCxXh99H1BTyWxz8LV97xW3ZFhN1YyC83FylxMkwe/fzomswjxd95dQTgsss5PDifTYl4fnRdpLkqdwpLwXiuYA6/XMvi0ZUMyi7OoOTcNMrOTafy7HQqTk+l7OQkyk5MpFy4FacnUX5qAvePJCmUHB8nSBFp0kQaAwLw8adHQEv3gbzLV4RLAVimk0jhWBF4qwXfmjzyuSafUoZI98uJFH49nsTjY1V3Esv7iZVjqo9X3xV8MJGSwwmUHUmg9PAY4R/F/f1jKBP1Vojw8v3DKZN3Be8bRNm+wZTsH8KD/cP4WYT/eGAkPx4aw4NTafwoyv76QAJ/2TWSd9b140JBB9aNa0reYD+m9vJkUJyOzmKutgi0oomXDT5iPjg5a9E7qnF00uLgqFHEXo2DcAX2ei1qhyrks0YjdwarUWsdsNY5YyWFYL0Tap2Ik4KxvSW2akvMbeSfF+Rd37ZiLtpiYSHmtIUpVpYm2FqZYmNtJup1pHFoBO6Nw3FoFEvzXokkzV3J4NQ5+IXEMXVmNvOyiijMX0Zx8UZmZy5i4JAUoqJaExYaSVxMczq0aUevHj1JSU1l4aLFLCwqYs6MdOZMnUz+rHQWzJnN/LlzKcqfT17BcmblrCA9dyXjZmQzeMRQenSJp0fvbqT1juDD3CiWdTJnSpz43gz1ZPmMIUyaMYOxiaPp1rM9MfEhRLdoSlRcOMFhYcSGNaVf8yAmdwlh2qA2DOoSy7Sk7hQOa8SdghhOZEUytZM1/ZtZ0CHQhBh/M5p4m+PnZYWfvw1BwQ5ER/nSvk04vTq3Zli33kzs0Z3cntZsmd6EXs1MWNbTi5MjG7O6vwddo50JC3FnSic3dqU3J2eoA8ntzJgyLJgunZvTrt9w2g8bS5dhfRg+oh1pg2MpTOnN1IEdGDe0K83jGtEsLpLwdl2J69CFqJgooiODaB7dxOBvgCH+UwXgfxWGROMa5BHSrvVE2GftCP57MST6vhgp/qYKjAKwESNGjBgxYsTI7xFDi0L/btQsXBqi9gKnQs3iqAGeLAjWSlN3MVSGGVqANMDzFgolT8prSN1F5H8SBhZ8q2i4gFjftowzBhbja8W/cCHRYJ8byGMgXd2+MNDfT/q5Kq5+3xlayG1IzcJ2FfXbayiNQoNyq+171tgbGPO686ten9RLX7dtBuxpsPD9jHR17H6ZthuiKp0hmwyNWZ2wOuNc1WaDi+uG+qQehsa3Zn4qbTBUhlK/oQXxGpsaziOJUm49G58ZVs+mF4oHCnXnd98NZwzM6b//HZBUiQ+18z2//XX6rHacUtfzbJBUx7+wvTU8y27D4Q37t549Iq5Omhd9V6rjXzTnDY3rC+uufifqlm2oXXXfQ8nTPLXjqsfN0Lx+7hx+OTvqzhNR15m674rhPqiPAXsbhFfzsmP0zDIN0KCsp+mf3756YylpMId/SxsMUG/MGnx/DY2zUk/dPqjTLmHzmZf53ryobkHd/hJ2NLCnbp89zVu/L+u2QSm3nn0vE1bXnvrjV4UyR6vTVPV/w3Y1GMd69Rqa54bsq8tz5kY1de0X1JRnaJwNhDfIL2nwPta2o6pvGuar22fP4jceAe2JWmOHuaV51Q5gQc0O4IYCsBR0qwXgOjuAqzAkAEtR2dJSJfLKo4+lWKRHZanBxkaN1sSEFjamTG+kZW2oCzsbqdnuZMI6exXFNioWi3zrHC3Y46/jcBNHDgZqOBxkx7GmtpwKteV0mC1nwqw5G2bFpUg75WjoiyL8QogN55vZci7Ymkshaq6EaZS7g2/HOHArWsvNKI0Is+NCU2uFSyF2ShopAF9oquZSMy3XI1yUI6APe5py3Neaa+HOXAnRck2kuS6F41BLroeZczPSQuQ34WqkFRcibDkboeNSnCeXYj25G67ngygdF2L1HOkdzJw2XvhbqLBVSQFYhYlK9Jup6CMTK8xNLTAzMxN9JgXgun0okUdDK8dDK0dA24s+1WAlRWAz4Te3wczKFnNbWyzVatR6PS4uOpr46vjzW8f58rVtlL61hbI7Kyl7ZQU/XF/Kvdsruf/KKn6+vozvLy3iu"
11928 [Forwarding screenshot on session b1310904-d161-49ca-a1a6-530fba7baea8 to remote] DEBUG org.apache.http.wire  - http-outgoing-47 << "/OFlFwr5v7lIn46m8f3p7L4WYq/FwupvFJE+fkCSs/mUHYhTxF+S87ncv9MFg/OZlNyMbdK9L2crzzLo56lW3FV7hIupPRSnrIDWB7//Pi6LE+kv5D1RPxVBOBLOfx0LouHIuzRjULKr4p6Ls8T+bMVHt/IofJalihjlqh7BqUXZvJI8IvwV55Lp+zUZCpOT+GX8+mK++DYOAV5X3CZIvpWHelcKZ7lUdHSrbnLVyL90n1wKFEJf3x6YlU6eZ/w8RRKjyeL5zQen5nAozMybzIVJ8cpu4vLRby8X1gePf2LCJMi8KPjIk4Rf6VoPJ6SY+O5fySV+4eSqncTp/DwcAL3DoxRwspk2qPjKNk/ioe75XHQg6iQdwXvG8I98fzjrgH8uHewSDuCeweH8NOeAfwg+FmkeXBkDD8eGsv3Iv+3xyfzztaxHMrpyqpJLZg3sinJPQLp3jKA2CAXgrzsCPCwxc9DjZebGidHK3SONmgc1QJ77B21ChqN8Gs04tugx1briLXWWTw7KGFSALbXWGNjb4WZnTUqMe9UVsIV81TeIW5lYYK9tQmOtiY4q82ICg+iaTN5J20EZhoPnIJa0qRlT2Liu+Lm1YTUrCWMmrGYhPQFTJqcwcy0iazJzWXf6rXkzJxLu/Y9aRQSR2hYc8ICm9DYw5UWYYFMSxnOkqK5zMuewaQpE5g6YyazMrKYPS2DGeOmMDt1AjOmjmfTyhz2b8ghOyOFyX2b8OnieNb21TCrnZb1Q/zIHRpL3w4tGdSjI+nTRjM3N5n02WPoN6wvYfEdiW3ZldimkfQMbUJa/660i2xEXGM7Jney4dg0X2Z0tiV3TASr5vZh9qSO9O8bRnz7ZjSNboJf0ya4+wXg5OaOg6sTzm56vBxcaO3lzsw4E3ZMaEL3RiqWdvfj1OhQ1vX3IbV3BJ3bBjGrhyP75oQyq68NEzqbM3NkJLFRjfENiyGwRWtCWoXTuWMYgzsFM2toGxI7NGXS4DYMGdCakeMSGCn6ckjyZNr37EuLdm1p2baVwd8AQ/ynCsCePtLuvx9DZb0MNXcHuwlqRNsa4VfeCyypLej+vRgWeJ/i5jvOAKmCp+KvUQA2YsSIESNGjBj5fWFoUciIESP/0xha1DZixMjfjRRZnivsGDFixMj/PC8Wof+5/EYB2A0bO0vMLExQmagUAUfe42liKgXgKtHXTAo7ihhsjomgKk3tXcJVmJhKQbMuKpFeJXf/Wgq/hSUW5jZYWNhgaWmLlbkZTuYqunhpyYrwZHUTNbvczdnjpWalgw0LrE1ZYGXKSr01230c2d/YjaNNXTkWrONYkC0nmlpyupk550ItuRhqxYUQiY1Azflm9grnmqq5EKrhUqSGq3J3bmwVV6VgHGbDpVBrRQy+Gm6v7AK+FGKviMBXQvVcbKrlVIANR73NOeJlwaVmbpwNlOF6LofqON9U7jKWWCs7jy+F23FRlHNR7iaWdwqH2fNapJa70fbcaevM1T6B5EfriLQzxcZShcpW7oq2Fn2vRm1ii1old2BX95foG5W5qUCMi6VA9IPKqqof5fhYmlhho7LGUqXGTIrA1qJ/bU0xsbfESqvH0dmZpgGuHN2UyQ+vr+fh7cXKEc6/XlvGzxfm8+PF+fx8uYgHlxfy8/lCvj2ZrQi/D0V42aUi5djn+6fzuH8ml/JLhVReLaT8sog/P48H57JFWJ4i5sojneWxzXJnryLuXs1XkILu4+vz+eXGfCX+wbm5lFzIrpNOhsswJc91uWs4V0E+/3q7iF9uLRDPeZRfzaHimhSZcyi9lK1QfkXeEZzBo4uzKJM7gc+l8+j8DMqUHcFTeHh0POUnJvLo9BTKj0+kXPgfnRjP45NpPJI7duXu4EMJyjHNlcfHKciw0kOJynHNj0+k8cupNMqPCf+xBCpOJPH41DiFypPyXuHq8ONJPBL+SnnH8FFRnhSDpZgsKD2WKuwYx0MpMss7hQX3j6YownTFKSkkT1KE6YdHUig5nKLcZyxFY3lsdMmB0Tw8MErYJ+pQjo4eQ+lBeXT0WJFO+EXYQ/F8f/9o7h8cI8JEPSLfTwcS+flQCvePTeTHQ2l8smU4ry7ry/HszqxJjmBWDzdGNbehZ1Mz2gSYEultQhMPU3zczPF0t8PVXY3eReDshEbu+NU44Ozojre7H94uXrhonXBxEHE6LVb2dpja24h5bIXKWrz/NuLdFq7c5e5ub0qohzXxTfR0CveiTYS/qMMRe1GmtZMPdl7BuAZHoPYNJLRDT4ZMms3wibNJmpLB5PRMJk2YxpS0qWTNzGL+vPnMm5XN1LQJjBjYj05tWxIdHkxwI0+CGnkRG9mUoQN6Mj5pBNPGjWJGykjmjh/NrNSxJKVOIzExielJA5gzeSiFY6P405I2LO9py/R2GlYMC2RFYhSTB0YT3TKcsHatCY6LJbJNa7oPGsTQMWMZM3IIqUO7ktI9lLzRrUhp78bYeB15w4PYMbcn7UMdGNy3LcFB7sS3iaR1uyj6D+hMwqjejBnciSHdmtO/QwQ92oTQrnljmkcGERvoTHZ7C3aPD6FvMyvyevmwe2wwq/t5MSbeh3F9WpDf14tDM8IoGmhLfm875g4LoXvbEDp0bEV0i3CiYpoQHt2EdqLOsf1aMrx9AP1behEU6Ejj8GY0i+9E6z5D6ThwBJ36D6FLnz4GfwMM4eU/Dg9fubs1EXeBfPb0S8HTNwUPnyTcn8cTAbhG7JWuFH+lQFv1bBgpqkoxNrWa2mJrlUDsWYunonF1nBSYfZ8KzYqw61sLH1Fm9XONLTXU1O3pVVW3p1dVvV7VbpVfpK3l95SuQArA7qIMN9F2V4GL6C9n7wScPRNw8hqLi09iLRLquTJ91Z29hpC7ed2EPe4SpZ6ngrNRADZixIgRI0aMGPk/k/oLQkaMGPl3wCgAGzHyz0Du9jO+R0aMGPl35z9LAPZ1xcrWHDMLFSp5VLO5FHOtMCgAK0dEGxZ/JQYFYHOBpTziWJZnjqUUL+V9wpY2mFvbYGVqQojemnHBbhQFatjpb81ObzWbvZ1Y46qh2N6SImtTiu3MWeNowx5/B44EOXJU7s5tbMGxJuacDbHiXIilQLo2nGum5mwze4GG003Fc4g956UwG2nHxShbLgkuStFWirfKcdF2XJJHQodpuBIuRWANF0TeSyE6LjbTccLfir3OKo75iDKaunM+2JHTgVUi80WR72JoVVlVVO1Evhyu4XKklusxGm6FW3E70pJX2jpypIMnMyKcCNaYYin63MRK7qq2xkJlgUYe9Sz7zUz0s6mZeJb9bVIlAisCsEAevS3GyMLUAmuV1RMB2NTaDJWdGEN70cfynla9I/4eOrYsGsfPb6zjwfX5lJzOo/z0fB5eKOTBpUJ+Pp/HD6fn8eOZHB5cKODn0zmK4HtPuPdOzuPhmTwqLs6n4lI+pfJ45vNZlMujmy/nUnZBHg2drYQ/PDtXpMlVwqVfxj26mq9QJsXfs5lK2l+l8HtZ7iCWO4mr8pdfzBH58iiRYrC8C/haviL8yl3AcjewRIZVXC9QdgWXXhZ5pUh8NYdfrmeJ8jJE/fJI6BmKIFx5fiaV52ZSdmoalafT+eWs8IvnihNTqDg+nsenJvC305P45dRE4U+l4qgUf9N4JI9zFs+l8n7fo3IHr9wpLNNXCb6PTqXw+LQUgFOoPJFUJQALpDAs42SaMikWy2Om5c5hKfgKVwrBFXI38Vm5Q3kiJXJXsqy3RgAWtlQdD52q7AKWNspdw9KGhwfGUnZY1HEk6YkALN2qncWinMPJPDiQwP39YymRu4iPpChhknKRX0knheFDyXy3Zyx/WDuAK/kd2TslmhVjgpk3KJDR8Xr6RNvTOsiKcF8Lgr0tCPS2ws9Lo9wb7O5oh5OdFT1axeGv1+Gt1eDtoMdFp1N2CVva22AhsFSLOWxrgdrOFG8nC2IbaekW4UL/WA96R3vSIcwLHyc19hqtcp+whbMvZo4eWLl4oPMJxCc0hoi2XenYdxgDRo1jZOIEUlKnMHnSdKZPns7U8ZOYMnEKM2bNZlbGbBE+npFD+9OjYys6xoUQFehGqK8DrUL96NUumsHd2"
11928 [Forwarding screenshot on session b1310904-d161-49ca-a1a6-530fba7baea8 to remote] DEBUG org.apache.http.wire  - http-outgoing-47 << "zB8YG+GjJpAYmIaU8b2Z2piD3JGNOOPS9uwuLsNk1prWDYymF3pbSlMiWd08kD6jxlK7/7d6dCtA3EdWhMWF0loZGPionwZ2N6XlE7uLBgewL5ZLTicEceO6XH0jdaTPLAN3VoF0TqmETEhnoT46wnz0xAb5ESrCG9axgbTvFUsLTt2omOvnvTuHMnS/k5sTw6mV5Al+f392ZMSyoo+XvRsZE28ry3jY205MSuKRf3UTIo2Y+6QEHq0a0bHDjH06N6aPr3i6d6zDd07x5LYO4ysoSEUjgxjTPcgWkT7E90qmrAWYtzCw/ELC6dZbLTB3wBDuPsn4eaXqODqm6Agn939khRq4hqSjKeye1iSpoiliqBa7ffylc/1kXHSFel9JggmKki/jPP2SRYkChLw9h6Nl49Aut5jBGNFmgSRPkGUPRZv39F4+o4RiDApYCuCqCjXfwKNms1C7TgCD2mfiPP2F7aKPD7Cbm9pg2caLs5Joo4J+HiPx8MjmSaNJ4k6RHtdR+MfkIq7+1jcPcbSKGCiSCds9kjBzT0Bd68E/AKlwJyIi+conD1H4uolbAxIwsljGN6NktC7DsHBfTDeTZJx8ByKXoY3lkJtKi6iLImbbL/vRNy9J+HqOUG4oh8UJjzpjyqScfetEoBdRXvqkioQbfEdj4tPFa6+EwRGAdiIESNGjBgxYuT3gKFFISNGjPxPYxSAjRgxYsSIkf9T+I8SgP0DvbBRy+OfTTAxM/3XCcAWMp+ZctSxhSzXwgZzGzVmJia4m6ro46ohN8iZTU10bPS2Y4ufA5t9HFntYsdiO1PmW6goslSxxsGc7V527A+052BjOw43seFEsC2nm1pVY8uZpmrh2gukAKzhjBSDQ9WcC6u6M1hyVu4aFv6rkRpFtD0n8l4Uaa5E6Lgg0p9pYquIwNcinTgvyjjsZcluR3NON3LgXJADZxrbi3C5y7jqyGkpAsvjp2VZkothooxIYUOUHVeibbkVbcWNGBuutHVjX+dg0po442dmgp1ov5UUx+WualMz0R/ybuC6mJrKncAWivirIO9cFn55d7CZiZ0iAJtIcdhWCsBmWGh0qLV6fNw0zJ/el4fvbObe1QIenJhHyYlcfj49jwcXhV/w87lcfjydzU+CsouFlJzP574UhE/No/RsHo8uzefxlUIqLuZQcnYuZeezeXQ5T4TlK2EPz2Qq4TJMIsMqL8kjnuXRzrlPnmW4zPOLsEM+yzCZ/tdrhfwiqBRx5VdFmdeqdgNLt0bsfXSj4Mmx0NJfLuIeXRN1XckUNs/m3umpwo50Ki7MpuzcTOHOoezMDCrOzuTx+QzKT6VTdnI6ZccnUnFyAr+cmcJjgTyauezYeCXs0elJVJyYqIixkvITVff/Pj4tj42WAm8Kj06NU6j9/Ph0Kr+eHS/KlOlE3Kk05f7gx2cmKW7NncO1/cpR1NVhErkLWNZZcnScIgDL46iVI6mPJlN5LIXHx0Vdx5KoPJqouI9FnBSwHwm7q3YMV4m9VTucq8KUu4YPyd3NciezaMvRKnH45wNJfLk7kT9uGcObG0ZzZF5X1k2JJ3dEKBN7+jGitTM9xZxt3dSS5k2saeaqItzdjOb/P3v/GV7XdR5owwcdp6L3cg56BwgShQDYCwiARCXRewfYC9g7JaoXSqK6SLECBFHZi6plO4mTeSeZZCaZmbhbhQUdpGzPvO93f2ttkLJEw45tZWYSz/5xX6vutfdehzi4hFvPswJ0ZAS5MsPLSIKPK8GuBnxNOlyMWgw6B0wGe9xM1gT7ODA70pWcWd4UJHmRl+BG0ewA5sf64Otij95oxNbJG42TL3Z6N9w8A3D2CMDg4otnYCTmyEQiZswmMX0+8zKXs7xoFWU1tbSuXs26TZtoWbOeyrp6ykqLaW2uY8fm1exY30RHew1N5XnkLEghyuKJv7ueqFALwSExzElNo2BhIpV5KewsjeK/PL+Qg0t1NKYb6Vjmw0uNs9hfPYumhlwqq/NoqFpBXW0R9S3VVDVVs6osn7zl6SQG2lGV5s7rLfF0r5/BuzUBPJfnTHGsLVVzA6nNiqciJ5n64sVUFi6iNG8+y+bNIC7SHz+zF54WMy5BYXgEBZMk9uP1Ggtn18xgRZQNHUu9eLU0iFdWhbJ2aSx1mTPZvtSDvo5ZHM43smWuPdtLEkiO88VsdiM4yJ0o8V2UGOdH9pwQ2pf68XShF12tUVw8uIIdZTNoKJxJaX4qWcuSmbNgFgnJMdP+DpgO7+A6vIJqxTPXfAPZ5x00NTYdUwL4gcwNeBjJ+yCqVhHAUmL+DqR0DWjHO3D1lABWpOeUAA4MrBFUKQJYkcCKCK4S49Vi7hT+ZjFmrnhEADcr0a9Sgjp71RIQ2k5ASAuW0Ebxu6+OoJAqLEEVYj9F3dyIJUBc41GKRdzP7F+BUZ9JdFSDGCsjNqaJsNBqzIFl+HitxMtjJeaAKqIjW0RZgbt7oXiuCgItVQQFi73wLRXvUIG3Xzne/uV4+VXi6V+Jh18Frt6luHmXiXbNlMQV7y8jdX2kABZ74OM/hV/AaoGUza0PaBY0inevF++sCmAVFRUVFRUVlf8bme6PQioqKioqKioqKioqf558KwEcFRuCweSAvaMNNlLS2kpx+ztSQP8pAlhJaSzPtX0ogG2UuRo7R6wd9DgInDQaEu2t2BTpx+Ewd14wG3kl0CAwcjTQxBEfHU+ZrDhgp1F42qDhDT8tZ8Jd6Ypy52y4ifMRWnoiJTr6IvX0RpkU+mOcBEb6Y/UMxOkZjJfn9GoZjHHgUqyBqwlOSjkQ6chFMe9KvLNomxSJLLkYY+JitBODkc6862bFCQ8bBkKduBbnwSU5Lu55OUYvkCJYRgPLc4gNyhq9iU50JRq4nKzno1Q9H8904MOZJj6YG8yptGhq3PSEWmnQWctIYBnpq8HWSkb22n+Fg0BGB9vKs4Llvn1DBIs9ttGJz0eLlaO4XqdBY7DGxigFsBtmbxdaVs7k7t+8zs8v7eRW73ZGB/Zxa3CXcr7vrQu7uXNpL7dF+VnvNkX83uqX83Zwu28ndwd2MSS43dfB3cEORi5tZ/jiNqUuS9lW6he2Kmf6fjUm2ncGtjAk6kOiLpFjD8/9VdoCefbvvRtSHO9mSKw1dFk837VdCiNXdyqMXZeppKeE78N+2Tfx3t6vzgceviruf20HkzfE+JWt3L8pxfN27l3fyS9v7GHiynbGL29j4tIm7l3ayP0rm5kU5cSF9Uxe3PhVfWxgHaP9axgRjPavVc4SHutvZqS3QUGe/Tt5oVVhYqCF8YFmpe/exTalT54HLM8MnhRj9+RZwTKFtEwJLZB12SfHZP1h+/6F1Uq0sJIu+pw8G7hZkcTy/OHhLpnqWUb2TslfiUwJPdxVp0T2TkUCTwngh20pfGUpo4I/e7ecz09UMHymkrEzZQojZ8q5faqCT09W8fNTtfyis4W/f7OS776wkhtP5tG5dR7P10WxY1UA7Tlu1M7RUT7LnoW+1tSmelI+04ecMBdSPB1J8NAR6aYj0GBLkIsdKaFGls5wpyjVm9JUd8pSXClPcaM8w8zCOG98nO3QSQHs7ImVyQcnkyceEhcfXF38xL9ZbxydvDB5BeLsZ8bdHIwlNpbEeXNYmJdNQXEezfWVbNuynobGBvJXFpNfUs6qqlpKqmuprq1hdUs9+7a0s7WljIKFyfi6uWHxkMLahkTxfM1LvfinI4t5Os+VzcuD2Z4bxkvNqby4eg4rs2KYOyeRhQuXsHTpCrIyl5Ofk01tfiYbVy3g1fZsejtyONmQwNHCAF5Y4cmLJeFsyI0mI9KV2DBvIuOiiU2fQ/TsDJLnzmHJ0gxqVi5kS81StpSmUzXPQka0BylRrjxX6M7R8gCywqzYke3HicY4RQCXz/KhKC2MTfONnFkTw/5sPR0LHdlamsiiOTEkp8YSEelLmPiODPO1J8bDWpnb3+hD90pr/mJXAoMbo3l6lTtrFuooTXeibFkYFStnT/s7YDoeRgA/jP59NAr4m1G/X6fuqwjgqejf3yD7piKAH0axPkoTDyOAvxnxOhUB7C+jfAOqp6J+A6aifqeoVfAPrFNk8VR6Z"
11928 [Forwarding screenshot on session b1310904-d161-49ca-a1a6-530fba7baea8 to remote] DEBUG org.apache.http.wire  - http-outgoing-47 << "7mWlL9tSupjiZ+lDXNwG67uxXh7l2Axl+Pnk0+ATy4B3isIDSgiLKBAlLlEBRcSbllBRNByIoNyCAlYitl3AYFeC4gJzSNaEBWSJ/pz8HJdhK/7MsLMqwizlOLvnU94UCVm/zK8PVZikc/lX0egFOG+jXh7NWK2rCM0bBMB4pm+Sq8t9s1XvK9M9yz3wc8sBfDXIoC/sSdinnkq5fO/JICn5G+r+Gzap/2sVVRUVFRUVFRU/n0x3R+FVFRUVFRUVFRUVFT+PPlWAjg6LhSdwQ47e2ts7e2YSj88nQCWcvhPFMC2DwSwtbVARhrLPgcxpsXe0YjeyhqzRkORjysbg714ItSFF81aXhIctUgJbORFT3ueNNlw0HFKAj9ptOJVXyPHQjw4EerK2XAjXeF6zkUY6I40cT7SiZ4oJ85HyLpB1HX0RusUETwYLxDlRSlq44xciNEzEKVlMFq2TVxNcOVynLMigPsjxDURYr5Yq9us55ibFad97RiMcBIYGIyU0cMGLoq1L0bruSTWuhQj2rEm+mY4c36WMwNJem4kOfKdJAf+KsnIXyR58V5KKG8lhlPubiDQxgobGw0arZXYH1tsreyx1Uxh9wAHjcMDCSyjqW2mzgMWWMlIajvdbwSw3gYbgwt6kxsBnk6sSPNRIoB/1L+Fz85tYbR/N8OX9vJZ/zZ+fn4zn/VJ8SvTOO9S5O/tvu3c6d/ByIU9jIt5o6K81TMlcyev7+GeQBG/A1uUUvZNXN3FuBS7Ys6d/s2K6JVSV47LPil7pfiVslf2PRTB8ho5T3JHSuErO7j3/n6F8Rt7vhLCUgDLtpS/co7smxB9ozd2KecDD1/dzpgo5XnBw1dlWug9DItrx8T8SRlRfG3qXiOXtjB2uUM87zbRFs8k24Jx0Sejh2V99EGfbE9c3sTYhXaxZy2MSNkr6vcur+XeFSmGW5X+MSl1ZXpnUY72NTN8vp7xvikJ/KgAvn+hjS8vijUeyGE5575YU0Yfj/SKa2Vq6D4ZedymCOAJsc7Yg/OJ7/c3cU9GGPfUMXyuVklfLdNZT/SJZ5DXiTkS2b43IKODxTMrUb91jHVVca+zjMnOUsbOlDB8spjh02WMdlUjzxL+XBHClXx6ppYfHSvjb1/K5aNnlnKmI54zmxN5aqUXB3M82DzHwK6lATQnuZBrsSUz0J4lFi3Lwl0pmulNZboPNXM8qEt3pn62iZY5Lqxe5EfDQjPZM30IcLMV3zXi36uTG9ZOXri7eOPm6ISr3gVXJ0/0eg90ol8r+u2d3XFwdcPk54N3WBCBsWFEzIhlZmoqKRlzWJKdTUlFBfWNDTQ01VNTW0VZSRHLsxZTsCKTusoSmmor2LN5Ixvqy6nITiZvSQzt2YH85+cX8niOC+XJzuRG2lOdpOWNjQvYUDaLulXzqV6VTXVpPoXLl5C9IJnlGdGsmh3ArrwIerfMZ2BNPMeK3Dld4ss7JeL7qiSSDXkxlC2KYk5SKOHhZqLio4iMjSA+PpRZ8RaSYgNIn2Ehc04cuTlzKVuewhtVZt6qMVMYZ8PmxW68URnGsZp4skK0zBbfNavTDPRtT+WpYnc2zHFgS/EMlsxPYOHSDLKy57EqT0rrWVQutHCkNJDLdU7cKLXm+6s9+WRbJOfaQ9iVI74D4mxJjnAgId5j2t8B0+EbJFM91+Itpe/XkH2/D5kC2d88JXv/eAEsCJiKBP5memiJvL5ejEnZK88arv8KeR6uj5gjhW+AvPaBNPUNbBf3Xa3gJ4WqfxPePpWEhdYTGVrNzPg6EmPKSYxayazofGbH5RJjnktC6AKSohYxO2EJjeXr2bJ6D0/vf4niFTWUrKgjOXo+8aHpzJ2VI1hOzsIy2mq3sbZxN5lzy8VnnUNE4CJC/ZcQHpiDt9sigvwK8PMswMu1gCD/WgL9avHyKMfHp0LsSRUBlmr8LTXiOcU+yjONxfv4m6XwfUQAC3wDW5R3lQL4t+WvZEoAe5m/Ln/bVAGsoqKioqKiovJnwnR/FFJRUVFRUVFRUVFR+fPkWwng8CgLdo7WWNtolAhgKYCl9P2mAJYpikX/nyCAJRopLeUcRQBrlHsoUtharq1Hb6fFQ2NFvFi/OtiXnSEuPB1oy4sWB0UCv+Sv5ZUAA0f9TTzn5sBBRyt2inUOaG14wduJt0N9OBnqzOkwE2fDneiMcKYr0oXuKGc6ww2cDdPSKTgXoaMnWk+/TM8cZ+JCrCijDQzGTDEgxgZE+2Ksk5I2+iHyHOG+CAOXYz04G+DI604a3vWyYSBCjEVKCSzmiTkXlLOHZdSwlMpG+kTfYIIzV1JcuDpLywfJjnxvliBOz3fiPbiSHMpLM8NY4aXHXey/rb3cmylBLlM8W4l9s5LS18oBeytHgQN2VqJPSast9lB8blZ2jtiK/bNylAJZIj4fvSs6gxv+Hk7MF+818h/f4of9W/hF50ZGenfwRd9Wbg1uV/hc1gV3BrYzenE3QwM7uNO3jSEpgQd2MiTqY5d2MnpJiuHNiviVQlcyIqOABQ/bdwY2K6WUxA/75HUSOe+hIH7YL0vZp6xzeUrsSu5e2iaebQt3LsrI3l2K/JWllL8PpbCMCJapokfF2B3RJ9NFyzTRY6JfpomWZwePinLy/YOMy5TRN/aJdcV6V7dx/709CuPX5ZnG26YQ/WOiHLu2nfFrO5i4vpPJ69u5f30zE5fWib1ZzeTl9dy7uoHJaxuUvrFLa5m4vI77VzcycUW0L6zhdlctw+flucBTgndiYKq8d6GVLy+186vLa7h/se2r/vuXVjMhrhsdaFOYHBT3UZCpoZsZ62lQBPC9gSaFMUUA1zHWK9NPy1TR8uzgOu521SgMd0+NSUbO10/1n61gXBHAZYydLmboRBHDJ1cxfraM0dMlDJ9axZ13i/jieAF3ThYx0lnO3XNV/OxUMT8+VswP3yrmk/3zuLEtg+dWePL4Mg/eqJ3J6Q1LeLUpg8dLEji4KpodKwLZkePDrmxPdmd7sGOpOxsXu7Eu08LK2X6EeNpi0NtgazRhY3QTdSfcDE64Gp0x6p3R613QmdxxdPLA0VmULq4CZ1E3oXU1ovfyxikwHM+QGMLjZxCfEE/KzFiWzE2iIHs+tRVFrF3dTF19PVn5hSzJWcGq5dk0FGaytnIZq+uz2VoSxX99cRGP5ziTE2lLdrQTWcHie6QpmaKZDmRYHJkX7sP8BDPLF8ZSV7GMtrrlNK9K5bG6VK4czKGnLYSrLb78YFMo3StN/IcnMrl+YAWHSmLZUpzCuspMVtcVsiJ7DhkZMxUZHBgVhU/MDDxikvGNjCYp0p2XSzw51RxKUbwt6+c7805tFC+vDGVv6XzWlyxh2zIfOjclsjdHR9MMW7YWJ5Ayw0JgiC/h0UHERfuRFOvL8mRPniryp3OlA5dWWnGx3MCHW6Lo2RDPi/VxVC30JTnOQzxHyLS/A6bDL6gWX0sNPubqbyD7/KToFeW0fCsB3ID/1/hNv4yInUJGx0rZ6y3wUmhQSm+ZYjqglQD/dvz9V+MfIM/ufYhMndyEObCeAL9SIkLKiAsvprZ4Ly8dPsf+zUfYWL+VsmUryZubycrFy9m9eiNPbNvJ9tZ2fv73f8+rhx/n8LYO0W5ldUUlxZnLqMrNZ0tTMxvqquh843m+f62PFw/tYmNTHTnzFpAWn0xK7Gzmz85ixeIqZs/IJzpkGYlRRYQEZGPxyyJSPEeguZAA80qxN8XivcsEleKdxV7KfQuU5yJL4dsq3rtNQZ4TLFNFe5mbH8jer8tfyQMBbPm6/FUFsIqKioqKiorKnwvT/VHoz4lHz1Qb7AgmuGPwt+Z9k6nzV4MVcjn6N9PN+X38DUdzg8k9+jfTjP0f4m+OkvsnvcsfwWCH2K8OBqcb+5P5Q/ZSPS9XRUVFRUVFReUP5VsLYAetjP61QmNtxcMzgH+DFMGi74EAViKBvyZ9v8508ncKKTLFHGtrrGSkqyKA7dBYOWBlZ8TeWoeTxgYvjYaFnq5sjPDgcbMdTwfa85xZy/MBWl701/FygJEXvA0866HjgHjm7WKtPVo7nvEwKJHA74a6cSpM4iJw4ky4E6fDDJwO13E2X"
11928 [Forwarding screenshot on session b1310904-d161-49ca-a1a6-530fba7baea8 to remote] DEBUG org.apache.http.wire  - http-outgoing-47 << "E+noCtCJ9ByPlJHb5SevmiZJtr4FX3RBgZiTQqyLlNLS3qjpNR1VTjubcNRk4bTAXb0R5roDRfXibWnRLGOnjCZTtrEzRgX3hNcTTAyOMOBCzPteC/Jgb9INfEXM124Fu/BpYVxPJMexWJXB1zE+zs6iP2xE8iU0OLdNPZij+y1igS200jkPkqpbi3GrMT+SYnuiJW8TicR12id0erd8TBpyYjU8qMPnuYng1u51dPBUM82ft65nl+cW8/nPZu41buZO30dCj891c5nXeu50ysjhbcx3NvBre6N4rqNDA1uZvSSlLpbuNO/kbsDm5T2lzf38Kv39zF2eZvSvn9jt8K967uUtpw3crGDyWs7lbny2q+3JcrcK9sU8XrvprhWIAXsVyL2xi4FWR+7up2Ry2LdS+L55PnC1/eLUqaDPsDk+48xcm0f4x88xh059t5Bbl/ZzYg8//jyTm6La4ZkhLBMES0YEfdVUkqL55URxTLyeCq1tGjf3MvkezI6WUYEb2Dowhrx7uvEe25k8vpmsSdt3O5vZ/jiWsYvbxJja0VfK7fO1Yt9a2DiQiv3LrUzNtgi9rKJkb5GxgaauS/65Jhsy7TSo1LiXlwj5rUz0t/K3R4xt7d5SgCL+WNinowgHuutZ6KvgcmBRuR5w2OiPnK+FnkesTyD+L64j6zLvof98oxiWb/bVcWoKO/11fNLcf39PplSupLhM6VMdpXz5flKfnm+gsnOEsbPrGTibLGSLnpciuOzlYycrGD4RAWjZ+oZOtPIL96t5Ufv1PLDd+v5x7dr+d5z+dx4LJPL+xZxoi2Ot+tCOdYQIeoJnNk0h1daM9hXM4dQV634N2mN3tmAtV78zDs742Bvi4uLMzq9EQe9E1qTCw4G0a9zwtFgwijPszYYMOi1OJnENeLftNGox+jihotvIF4h0fhFzcQSn4I5KoGwmHjmzEmnuryIHRtaqS3IpiJ7HkWLZ5C1MIZtpdH885GFHMp0oiTVg7b8VHaVz+aJygReXjOHNE8NseJnO8Zdi5/BDk9xX38nA+khXmwtSKNrcy7PLfPkqdn2nMxx5kyeM9c3zGTrXC2VKc4sSvRn4aIMUhcvYU5OLqX19Wzs2MC69hrqijPJnR/H7MQgFszw5tUSLzrbwilP1tOYZM/xumheyDez1OzAsoQAtix15+ymmexapqct2YYtq8S1ScEkJMcRHGkhLMKP0DAvksKd2ZFn4c1Vrry93Io3CrRcWR/F5fXxvFUfzeHaVNaUzqW8eOm0vwOmw1+J5q3h4fm6CuZq/CxTAliesTs9YszSIObKqNzfROn6CvykGBbIsemYSvUs0zjXKuVU1O9UZK+UoD4C74CWB+flNikSWEb/esuI4IB6/AOaCAxoJtC/dapUaMIsxiwBVYSYywkJLMDstZDkmFye3PUq598eoCKnjKykNDLCglg5J4Xc1AQKM2awav5MlqdEMPrPP2B9RRbZYu9rc9LE3FCK5iZQtiiFgox4ypbE8sLuMn5w7ShvPNHKmop5VOcmU56TSuWKBbRWruRAx2aOH32dd155mw0tm0lNmI+fewS+XokEmZfi75eJn1+WeO98zJYSUZbh7Vsu3lt+DnIPxLtLmRvYhjzLd4rWB7J3egHsbfmN/PWxtOMTtHraz1pFRUVFRUVFReXfF4/+QejfPYqE/I3o/FME8B8mib+Jcs1X9/k/K4Cnff4/RAA/snd/NP9KAviP30tVAKuoqKioqKio/KF8KwEcEh6AnaMVNnYy+tRaEcBfj/79SgLLFM5/kgAW11o5CkRpLSOINWhs5Xm3tkoEsJWNAVuNDp3GAZNGQ5yLiYYwD/YFOXLI7MATgY48G6DjeX89L/oZOeJr4kUfJ55y07NPb8curS17BM+663gj0IXjYZ4cC3PleKgzJ8MlJk5JCRymVySwpCvCwDmZFjrSqJwT3BftRF+Mid5og0JfjEGRwbLeHeGoIM8W7hfz+yOdFOH7ro81b7lb0WXR0hfuIvqd6RX36QnTKVHDl8R670ea+G6EEzdjnBlMEOvO1HEpWcuNWVq+k+zE99N96Enw4HhaCPvi/UlzsEFnJfdHYBB7ZLRWonw1Wi0a8TnYij2yV1JCi32VAtjOSnwmUxHamm8IYFdFAHs66ZkXZeCH7z3Nzy5t43bfVoZ7t/HF+U3c6tvMnYEOhvq3crevg9u9mxnuF21RHxaM9ApEOSoYuyDTJU8JXimCFfl7UYwJhkVbSt1bPeuVujxrd+TCFoG4XiCvkdfKsVu9U3OkAB6/sl05m/fhmrLvoQSWknf08lalPflAAI9c6hDPu4m7FzYrkboTMs3zFZn+eQ93L+9i9Po+Jt47yMi1vYrw/fzidkZu7ueumCdFsCxvSSEtBfKN3YzeFNdf36UwJoWwlNgyhbRoD4lnkHJ44v3d3H9fpq7ezviNDiaub+Peze3c/2Anv/pASmqxn5c3imcTz3Rti2h3KBHCEzJFtEwdPdjK2MU27l9Zx8Rl0Xex/av66IU2Md6mzJu4tJZJwdiF1YoEHulrYVyUX5013NekCF0pf+8PyvODZYRvvRINLOtSCMtSzpH9o7JfmT91nRIhfE5GJsuxqfHh7iqGOsuVaN+J7kruCca6Shg5vZLR08VMnqng3pkaJk9XMfJuKXfeWcWdY8UMnazgzqkyPj1RzC9OlQrK+OGxQv7u5Rw+PjiPyx0zGdwQQ8/qKDrbIjmzJpG32lN5vn0Bi8TPhK/JCh8Pnfj3aYPRSYuTiwFnGd3rZMTg7IzOyRmtQaAzoRc4GQRaPc7iZ8BFr0ev1+Go02GrE98bRmfsnT1wcPXG4BWAm78Fv+AQgsPDCA8PJjLUzPIF6RRnzaOicD6lRXM5UJ/If38mlaeydCyP1bIkwY+KecHsXhlN74ECNuXHUp2VSmZqNHMSQpkZ5EGMux1JLhqWeljxbGEEL6zw4aUHPJvjyQePF7E1O5DmZZHkzothyeIMktJTmT0vndTZM0lLiiRrTixVuWm0li6mpWoFLcUZvFXpx7Eaf8rF90FzioOSAvqpHB+KxHfCnHA36pP0dG5JZutSA6tn29JRNovFi2YxL2sBaYvnsCRnIenzU8laPIut5ckcqY7k1RJfdma6sCvTja0LnNi6IpSKhWHMiglg5qyEaX8HTIcUwFLofkMAC2Tfw7HfiaUOea6tj5Kq+Tc8POtWltPhZ5byt4ZAcR9ZKimfHwjgh+f4egW0KgJ4Ku2zTJUs51XiH1AprqtSRK85oBrzg7olsIKggBJC/Aux+CwlMnAxEQFpLEnN4dTLxznz0uu0FBaxblUeZXNn0Jg1m70N+eyqW87T68t4bU8j+1tyeOtgMy9tr+KtA80c3VXP63ubeGJNiZiXxZPrcnly7VI6X2jmvdN7uPTODk4/v4YtNQvY3pTDykWxlCxL5uQrT3Cp8x3W1JSSu0Cm717GvNQFhFlmE+AzGz+vdPHMSwgJyhPPX4inV77ybnJfpASWAliKX0+LwNwuyj9MAPsESfmrCmAVFRUVFRUVlT8Xpvuj0J8Tf7wAnhKO304m/jsVwN8WNQJYRUVFRUVFReXfPN9KAJuDfRT5a2MvZaKNqNthZSWF7iMCWEreP0UAW9ljo9FirXFUBLAiNxWs0SiiWa+MOVoJNFZ4a+0pDHBhe5CRPYFaDgQ48mSAnmcDDDzvq1cE8BE/Z4ErT3s6sc/gQIeNht12VjztquU1sxtvhbjzdogLx0KdOB5q5N1QAyfD9IoIPiXaZwVd4Sa6I4ycjzQpZwX3RDtxPsqgINNE98Ua6Y2R5wk7KpyP0tIXKfojZIpoV7qD9bzlZsUxT2u6LPKsYFd6w8QaofJsYRcuRZt4P1zP98MNvC/WvhDvzPkZTvQniXqSnquzdHyQ4sSlRBODs/05MzuE3TG+RGut0Iv3USJ6DQKZ1lknz1AW+2jlgIPGHnuNraiLvbSRn5nol9HUXwlgMVfrioOjG256R+ZE6Pkvlw/xs0tb+fz8Jm6f28Rn59bxRc8Gbvdt4k7vJr7o3sBnXWsZG5CCeDN3zq3ndtc67or+EdEekyJXMNQv54vretYr9ZHBLUop27Jfz"
11928 [Forwarding screenshot on session b1310904-d161-49ca-a1a6-530fba7baea8 to remote] DEBUG org.apache.http.wire  - http-outgoing-47 << "pm4vF3pH5bpoAWyb+ziVgXZ/7At50nGL21T+ieu7lAigWVksJTDMqJY1mXfhCjl+ENkn0wzPX51N6NSAl/Zxfh1GbErU0DvY/KDg9yW5xB/eIjR9/Yz9v4Bhm/s4e71nYy8t4exD/YpDN/czZA8R/j9vUx8dIDxD/cr43Ke7B+7uYuR6zLltHjGazId9bYprstSPKMYG7+5U4kUlvW7lzYxdGEto5fXiGffyP0bm8QzrmN4sJ27A61irE1JGz16SUYTtyv9wwNtjAik/B0V7aHeZm53NwjqlQjg0d4Ghs5LYVujRPM+FL8yolci6w/bD8sRMVeW4zJquL9BiSK+e76RoR5Jk/iMZZRx49Ta3dXiulomeuU64tpzlYycLWf4RDljJyqZOF3F+OlKxk5VMHZa9HVWMHpOjHeWcudsMbfPruTW2SI+P7WKH72Zzz+8kMlfHkrj5tY4BtdF0rMunnfbEnh1dToNiwMId7UmKdINPw97nJ3s8PFzw2hyRC8je51MOOh06AxOigA26Iw4SwHsqMPZwRGDwRkbJw9sTK7YG8UcvVbMsceks8XJYI9eb4/WIK53ccPkE4inOQx/Hx/CAj2IDPUgIc6HjqIgPjuSxpHlBpZH2bMoMYjyxXGsyQrhaOtsWrJDKMyZSUlhBmX5SVRmRdKSZaYp3cSWeSZeWOXDiyV+tCXb0zbHhT3FMRwsn8Uis4nseE+ykvwpXBRPvqB42SwKFscLZlCwbDaLF6aQlpHMvPmpFC2M4lRDMGeagimfpac5yV4RwC8WWGhfGkd1Vgqbl3pxZlMS6+bpacsw0LA8hvjEMAKjwwmMCiVh9gziUhPJmDeTmhUzeLJhNs83JFE115fGZZFUzg8lMymItOQ4YpNnE5oyd9rfAdMh0xD7+leIz6dclOWiXUWgpXrqrFpzlTI+HVORwjJq9Y9HymO5vhS5UgBLufswDbKUv76WdvxD1uAX1IyLZzHuXiuxBFUQFFxKaEgJIUFFBPrkKFG+sRGloszD7LuMYP9MAr0ySAhfTHr8ErLSs6jJLWJnSxMH1zazt7mcPfVFrM3LoDUrif11K9hSPIdDzdk83rqcHVXzeHZ9gcKe2kV0lGaws3KBYCG7qxZzoC6b7cXz2Sp4dWsdb+9pofu5HRxqKWJ3Qz75syOoW57OoXV1DB47wsoFyWysXUl7WT7b2ldz7OgJDu58jpnRCzF7JxMZvBR/70WYA/LEXpQQIPZbym7PgCY8A1vxDl6Nl2WN+Pfd9kD2Ti+AH57/q54BrKKioqKioqLy58V0fxT6N8VvRaX+thD8huR9REL+cQJ4au2p1M8PeDBXue7r/Y+Izm+u+4cK4Efv9801v3p25Z0ezvn9Ele55qu5Uyhi9CsB/PX01o88428J3N/ej9/7Tg+v/z3P++jn8Y3rHrT/kL387c9DFcAqKioqKioqKn8I30oAB1i8sZYCWIkmtcHWTqZmlkL3X0cAy8hfG42UvFrRfiCAZYpjUUrRbGetE2MOOFg7YmNli6O1hgXuOjYEmtgWaGSHr5YDfgae9DfwtI+WF3z1vOhj5Ii/Cy/4u/KEh549elu22WjY5WDFk65aXg1y4+1Qd94IMvB2iJ53QnQcF+XJEIPAqHAmzEhnuJGuCBPnIiXGB+gVemINCueiHOmKdFAksBIZHG3ifISe7jATZ8xaXnOx5k13K7pDnemPcqdHrNcf7cRAlJHr4Y58JK67GWPiYqwbPXEe9CW6MThLzE2w52KCLR9muHI92V20PTg3N4rVkX7E6ewwah7skxTAMh20nZS+9l8TwFNpoBUBLMa+IYAd3XBw9MDTZGS+eJa/G9jL59d2catvC0M9W/iiex23ezcw1L+ZEXkmb/8mhno3MtwjEf3n1zPSvZ6x3k1M9G9h4oKM9pVRvRJxjWB4YBPDgzISWKZI7lCQ/bIto4BHxVxlXJQTV7Zx79oOJq9uF2NblfakFLkP+mR7Qpaib0yMD8v1Bzcr9VGx7pBYR9an5kg5LPslU+cID18U617ZxdjVXYwKZDrnL+R9P5BCdy/DN/dwR9xLif69Lu4hha1A1oevyb6djIv25Ad7GX9fRgbLuTJdtHiPGzun5cuPDyjXDEs5LOZPfrCHX368n19/LKOGtzJ+bZPC5M3N3LvZodRHr25g/OpmJuS5woKxKzKN9jpG5PnCV9YzeXmdIoGH+5q529PI+GCLkjZ6tF/K2jpBvRLRe/+CPA+4gXHZd76GsZ4aJvrqmOyXaaKnRO7o+SmxK+fdE+tI4TuipJduYPRBOuoJ0T8sI4JF33h/E+MDU+PD3eL6c3WMn6tVGDtXo0jhu6dKGD5TJtauYrynmtHuSoakCD5dzN0zJQyJsS/eXcl/eymTHxxK5f2tcVzcGEvnmnjeWZ3MoaoElsU4kp8eQKiHPQGu9oQFeCmpyt2c9Li6OCnpno0yClhnRCcwGEzotDp0jvbodVocdQ44GrRoxTxHgxE7vcSArcBGp8fGUaLF1sEBOwd73N3c8fX1xFd8V4SEurJhuS+fPpvAkSxHcqPtWTAznPx58VTPC+RI82yeaplP0YJI5iYGsHh2GIuSg8lOMVM218Ke8lR2F8WyfpEfaxZbqJjlQZO47umqWWT6aUh01mDWWmF2tSPcX09ipBfJMX4sToukICuNfJmKujCTivI8anKT6GoN50yThbp0J1anaXmxyJ9DS9ypnxtGQ+4cdq4wc2ZzCusW6imIsSN/QQRJ81IIT07CPyqMgLAAzFEhWML9mJfow+aSmWwrncnSZD8qshKoWxZL6bJElixIInVOGvNylk/7O2A6pIT1C6jAz68cP/9yAgIrFREZIPoV2Rsg2gJZf7SUInc6wfsv8XUB7B8gI45r8JGRvgFNU9GvgS24eFXg5l1CXGI7CQmNeHssJi6yCA+3ZHw9UpgVm0tc+DJ83ZII8s0gKW4Fi9OLKVxWS2bGcpbPWUbhgiWULJ5PU/4SGpdnsLZoLtsrMjnUUMih+nxe2VLL+We2cOmVXVx9fTf/ceAVrry2k+tv7qHvhc2cObyazifWMfDidr5z8ln+27WzjPzVB/zPf/qP/Oo//w3/MHiW6689w8ubmtlalk1zThpbypZRNi+OhRGebK5axvgP/5L//HEfJZlzqSos4pMr73Pk8SPMCE/BxdGCzibsKwkcEFii7I0igc1NSgTwlABufyB7f5cAblEFsIqKioqKiorKnyHT/VHo3xaPRHcqIjP4t6TuV4LwEZn4xwlgyfTRpIMd3xSZyjq/c90/RAA/kKtfe5YpefvIs8t3/dqcR+87HdO+48N9+7rgVfbqa+/1e0WsROzN77v3Q/H7L73To2v8kQL4t/dAjQBWUVFRUVFRUflD+VYCOCjUD1t7jXIGsBIB/LtSQEvJ+y0FsOZrAlimgrbWWKO10WEr0xrbOGIj1rCz1pCot6XR28AWiytbfPTs9NbymK+Op7wdedZHy3OejspZwC/6O/O8nzNP+5jYZ9SyzdaaneI9nvU08GqQC69ZDLwZZOCtYB3vCI4F6TkRbOBEkJFTwTIS2PCVBO6KkKVsyzOCdZyPmRLA3dFaRQBLEdwv2vJc4M4QB7rDDPRGunLM257XXKx419eB8+HO9Ee7iX4ngZ4L0XZcjbUVmLgU48lglA8Dsd4MxLkwOEPHtVQdN1K0XJ8p6vEmBmb48k56AvX+LoSL/XG0EvvkKPZLfD4yZfbXBbByDrB4X2vxeU0ngO0d3PEwGpgj3ukvzmzh0yvb+bxnI3fPb+TWuXXc6l7LHRnJ27uBYSl/Bbe71ijc7V7HyPn1jIn5UgKP9Inr+jcwNLDxK8k7LOp3+tYr/VL0yv5bPfIc3LVKW/bLvofyV15zu3fdN6SvlMGKWBbzFSksxsZFOSLXF9dK0SvbUgLLthTBspR9cu7Y5e3ielnfzZfyzF5RTgjGr+7iM/HM9z48wP2PDirRvWMf7FWkrozonXh/j+jf/1v88jsHFbGriOD3xDoSMVfK4tGbUxHBsi77Jj+UKaOn+ifEfHndLz85KO65W8zrYOzGFibfE8/2gXinGx2MXhfveV08uygnZP/725i4Id7/q"
11928 [Forwarding screenshot on session b1310904-d161-49ca-a1a6-530fba7baea8 to remote] DEBUG org.apache.http.wire  - http-outgoing-47 << "tg7mQL6ynolffTUecBtjA60MtLfpIhaGQk8PiAlcL0SBSwl75TorWH4XCV3ZSrnbnnOb7WCrMu+O2fLlHFFCMvoXhkdLOmpeyCCG5Ty7vl67vbUi38LTQp3ZFusc7e7gjvnyhmSovd8lahXcOtMGXc65Zr1TPQ2Mt4t1ums5e7pcu6eKWVMzB3pKufzYwX84wuL+e7+2XS2h/N2SwyvtqewfVU0G1clsDjWmRn+JmK9XLE4GfAx6nGT5/wa9JicnHDQG7AX/34dTFLuarHR2aE1OIhxB4wCnV6HvZhjrTNhpXPCyl58xziKa/Qm9CYnnJyMODsble8lW70eRyctPv56OvJ8GXtpFscLtZTNNJEUbSbW7M4sb2vWZ/qyvzad3PlRrKkvoKJoESuzUslODSU3JZDHmrOpmRNI8SwvKudF0lYwj9plSTxel8G6ZUGUpPmxIM6LKH8D/m6O+Lva4qWzwkurIcTDgbgQdxKi/ElODCM3I5jetVGKAK5OdWJNup5XS4N4bKkHNRkhZCeH0jzbwKmNybTPN5AZZcuCjEjmrchh4cpV5JSupLA0j6W5S5mVHMOcGd6szPAmL9mNCIue5eIdyjMjWZDky6wZZmbOjiNxbsq0vwOmI8hSRWBgBQH+Zfj7lxIYUD7VFqXsU9qy/lvllABWzgL+o3lEAAfI1NENU+f9mpvxD27GEtaIt18Rfv7LCTZnEheRSUXhas6+1c+i1EwyM8RntLKBJWnZLJuzgpz5+SyZvYySnBKaSmpYXVHNxpoKNlWvYndTMdtrl3OguYDd1SvYX1PI3qo8wQpeWFfJmzub6X9hOwfqlnF8XwvH9jZztKOK59cV81RbIU+0FPD6tkYGntvLd469zD8MnOan7w/y36938/0zr/Dd0y9y8ZW9XHx1Dx+efpK/HjjClbd2cfa5dq69u5u/u36Uk89uZP+aak4+/wS1uctpLa0mb0Eerzz1LnlLWwkx5yjpoAPM5coeeYn98AhoxkPK36B/KQJYFcAqKioqKioqKn+OPPoHoX97fFMASoGYe/QoHV+Jy0fk3/8iAfxbKEL1D5eWv8VXEblf7//mvf8QWTod077jH3C/b679h0jsR5j22f74d/q9e/mHvIeKioqKioqKisrv5FsJ4LBIM/ZaayUNtJWNlSKArf/VBbCM8nUU7a8JYFFaazTobXU4WDlgJ+8jI5BtNITbayhz07MxyJuN3kY63B046KXlCS8HnpYS2NuB53x0vOBv4kigMy8GuvGUtxs7tfZsttKwR2fNC75GXg925o0gI28G6Xlb8E6QgeOi/a7FxMlgI6eVSGATZ8MlRuV84DPhOlFq6Y7+pgCWyDTQ5yMc6Ys20hflwvkwZ7pDXTju48BRJw3HfR0YiHFXxnqjDPTF2dOfYMvFeBOXo724FOEn8OVStDuXZ5i4karnerI9NxIduTlDz9V4d7rjQnk5MZJCNwc8xP7Yyf2S2Ii9UQSw2CvN1F5r7K2wshN7bCf29WsC2EoKYHtX3HSOzA5x4L232vjJ4GZ+cW4td7o3KNG+d86v43b32ikR3L2eu+fXT4lgWYp5I+fWMCbGJnrWM9Yn5veu49Z5MbdPjF94EAU8uElp3+6R59duYkyK4P4NSqkI4/6NjIr7jl/qEEjRu5EJUZeMX5bI84HlOcGi7+p2RerKUralBFbOAZZ1eT8pih9BiVwW3Lu6k/vXdom5W0W/mC+u+1n3asZv7mLy/b1KxO6wWFuJ9r0hBfBuJj6QUcA7Gb0p7inq9z/ax+SHUvb+pm/yo/1KemgZQSzTQt+9vkupj36wT/TLFNJ7FMbe38/YBzLV9F5GxLXD18QzXN8q1hPrfrxH3HMbw6I9clNGFIv7fyCe6yP5DPLsYvGeV9YzcX0Tk5IrG5i4vJ57V9YxJCN1B1uYvNjG5IUWRdjePVfNyPlqJvrruT/YxERf/Tck8HivTP0s00BPSeChrgrGeqpFX81XY2MCRQgLZNSvjAK+010v7tfEyECL2NdGQbX4XEvFZ17K3d4q0V+ncPd8LUNi7lhPE5N97dzvW8Ok3OtzjUzKiGN5r+4yJs5XMHy2lB+9kcsnh+bQuS6e15pieb5hBgerE9mQF01FagQLzT6kB3gT6WLE3dYaF0c7nAw6tEYdtiY91s4GNEatwAEbJ9Ev+nRi3NHgiFb8+55Ci06vxUHriJ2DwN4RWxkFrDPgYHRB5+6Og4sOdx9HNud6M/HyTI7naalMMjIj3Bezl5FQZyvKkk3saV5MQpyv+F70JjzEmaUpAZSmBfDymnlsyw2iaYE/FQtDSYv1Iz01jvlzk1iRHkpTbhIVmTOozU2nLDuF8pwkihdFs2peKNkzLaQEexLlpyNAfId5uNgT72/F+bZQulqCqE51pn22npeLg3g8y5uWJbE0FS1ga44fb7fH05SuIzfVg5mJYUSmphGamkrCnNnMnjOLRZlzycrKoLowjYYVcawuTiN/xRwKspMoy4mjOHcmaenhhMSZiUiOmfZ3wHSEBNcQZK6cEr3+ZZhFaQ6oEPWvt38bKYCV83t/S+7+IUwJYBlpPBX9+xsB7GNuUuYEWCqIiCglKnwFQX7JzE9ewu512zj18qtULl9BTno6+QsWUpqVy5M799Nz7AzHXnydp3YdYHNDC+urq2gvLqClYBmteQs50LKKJ1aXsbUki02FmQqyvrsqj5OHNvKTj/vYUDiHK68f4vWdTWJsEatXzGbNinTacmbTUbKErqe28f2zL4tyC+ef3cbZJ9bzzJoiQT5PtGXz4uYCrr65lf948Rl+9v23+en33+R73bs5/lgpu+vm0J6fzN7mIsoXiX83Sxdw4d0zvPbk6xza9jJpM0oIsxRgDiwmUOyPPCvZw78Bz8AWvFUBrKKioqKioqLyfyWP/kHo3yK/kYZSBk7JPykJFSn4iIj9XyeAp0Tk11MOfz169o8WwPI5HxWhgq/eS9T/zwrgB/d/+K7TPOtvMe2zfXMvvrUAnvYeqgBWUVFRUVFRUflD+VYCOCQ8EK3BHitrzZSAtX9U/j4igGUkqnLu7FTfo8J3OqytxBrWYq6NjRL5+xBraytsbcR6YsxGzhPr29hY4WOlYYmzieYgP9Z4O7PVXctBTx2H3B143EvH4z56DvsaecbfiRcDnDkieDHQg8fdjexwsGareJcDBjte9HXmdYs7bwa58JbFxFsyJbRFJ+pajgXrOR5iUHhXpoYOM3Iq3MCZCD1nInV0RenpipallrORDnRG2HNOkcCO9EYbOC9TRYfp6YlwoifcmTfdbThqsuJMoJ5Lcd70R7oqZwYPxum5ICOAo125GOXO5Uh3UXfhcpyRywk6riY4ci1ey3Ux771YF25E+3N2ZhC74r0JtdUoKbE1cq+sZOSvAUeBrYymFp+DRkYHO8roXwc0WusHiD12tEPrYIu3wYqkACsuvljNjwe3cEsK25713BUM921iuH8Ld/q2cLtnM7d7N06d69u7lnt9a/h1Xyv/s6eB/7enkV/3r2dUjEtJfLdfzLuwmVsDG7gt+u8KxvrXMSmje8+182VnC/e7VzMxsJmxgU2M9W1gpGc1oz3tjIo1JwbWMC4Y6l/Drd41fC6uvyNl7iUZ9btRrLmOW+L+d0Q5fFFGx24W9xP9fWuVMVkfvbyF8Stbmbi4VTz7OkUiSwk8dkmmid4h1ungi94NTFzfzfi1PYxek2cE7+bu5W0M39zJ+Ad7GZORve/vZuTmLoZviGs/2MO97xzkvmDio31Tcz7cx+R3HmP8o8cY+WA/Qzf3MSJl78eHRP9hweMMi/bdG2K+0vc4X373EPc+3ifW2CvK/WK9/UyKcuLjvWLOXlHu494n+7n33QNMiDHZnhT3uyfmyzTSE1I+39jGfRklfH0T965vZOKKeMcL7YI27l0Se3uhhS8vtfOrK2u4d7FV7GsdYzKNc59kKkp4qKtSkb8yIni8v05htLdGfA7VoqwWn0uN0ne7s4wvzpTwueB2V7n4/EX/QD1D5yu41VXCF50l3JVn/p6vVObeOl3CHZkGurOKie56JrsbGOusY+RsJcNijdHOYkbPrWJEcOdMAT87lsOnp"
11928 [Forwarding screenshot on session b1310904-d161-49ca-a1a6-530fba7baea8 to remote] DEBUG org.apache.http.wire  - http-outgoing-47 << "4r4wbPz6d8Sx7ut4bxcY+HpEgvb54uf7yQfmmf6UhztyXx/I7Gu9gSIn10ZDayX6Z2NzlgZXdEYPLB2csbeWY+9yRF7oxYHMcfO3gFb8bPg6OCIzkGHQSsR1wp0jmKeg70ikw2ujvj42rEx15svXpnNm3k6yuJsmBXkhJubEyaTjngxfrBlIUtm+uMR4ILey4lgLxvywjSc3TiXqlQ35ib4k56WSF7OQsoLFtNUspi8jBDqMuMpS4sgd2YI82YEMiPRj6TZFhbNj6RsaSLNubNZXTyP+rK55C9PYUV6ACdrPehbE0DLXBOtKTqeXB7I9gVeLBTfKTMjvWiY48FbbYk0JOvICNUxM8Yi1kxiZtps4pJmkJAYTXJKPOmz41mcESeIZdniNOYtWUhl0VzePlDK8x05PL6lgIrCJJbMj5j2d8B0hAXVEBxYicW/XCEooELhYft3Eehf8UAA/2lMnTH8MP1zHd6BjXgJpPj0t1RhCSom1JJDQuRS1tVvpLWsmroVWTy1uYWtdavYUlfM64d3c/3sCW6cO8u511/ncMc2anMLqFmeR8XSTKqWLqG9YAUbivM4/8Lj9L/8BOsKMlmZIlOUB5MZbSE3MZzm7AxOHt7Gmvy5/KD/LY7ubKZifhxZsX7kJJhZEunDonBP8W+mkE/OPU/XCxt5c389a4uSKE7zoSTDm7olFtbmRTH4ylr+qucQxw4U03+kmc6nqnj3YDFv7CzkrV1lHN1Wwc6aLMoXJPHqgb289tjzNK5azbxZK4kJKxB7W0CguULsgTwLuH5KACupoFUBrKKioqKioqLyfxuP/kHo3yQPpZ+UmA/loeyTklCWXxeKjwjCfxUBrMjTR657RKj+OQrgh/zBInja6/8XCODfegZVAKuoqKioqKio/KF8KwEcHBaIwUmrCFmZSliJAP69AtjujxbAVjbWfzA21la4aDSkODlTaQmgzceVbR56Drg7stfVnn1eBvb4mtjn78JhP5kC2sRLfk68INrP+bvymKtOSQO9086KQ0YHXvZz49VAN143O/OGWc8bFkfeDnLgHeVsYNODM4L1HA81ciLcxKlIA2ckUTrORuvpjNJyJsJB9NlPnQUc5ahEAp+LcKQ7QkuPmCujfs+J699wseZ1Jw09wa5ciPRiIMKFwUgTA1IERxm4KM8CjjFySXA5WhCjV7gaYxDouSn63wt35myEiaPzglghntPZSnwuEo0D9honHDQuoq1DI6N+5fnAWlE6OgocBHYCK6zsNdgLjOIzjfHScPHoan5y/TA/GdjBj89v4he92/m0fw8/F/ykf6/o388vLhzkxz3b+Pn5DdztW8d4bxsjpysYfreYW++U8tM3yxk9v4b/KaNg+zbwefdqJSr49rl2xvvW8suBtfy6dzW/OtfCva5mxgY2K9G/YwMbGBP9o+dbmOht4f6F1dy7uIZRwe3+tXwq7vW5FLyCOwNiPdEnkfWhC/LM3A4mr29j7IqMCN6stCUTVzoYHdjELfFMMqX0r9/bxy9v7uF/fHiAX71/gMlrov7RYb587yD3bx7g3nsHuHVxqxLJO/7hfmRa6PufPMb97xxS2g+REb8j7+1h7AMpfw9x/3tPMfnJk4x/fJjRDx9j7KPHuffdp7h7U8wV7eH3DzIk1p74zhPc++QJxpV003vEOrvFensV+Tv5iej7SKz7wW5GPtzDuJTC3z3IxPfFvb/7mOg7KDigIO87Ie8t5n0xuJbRK5u4d6ODe/LMYLF3d/ualTTNI/0tjF9oV0oZwTt0vm6Kc9Xc7apS0jTfPlMmKJ0Su/21ityVqZyHeirFNVWMCL681MDkgBTDFeLaYnHtKoa7S5WoYZliWp73O3quQmFC9E3I83/PVTLZVck9Ud7vFmucr+G+6B87J647t0qwkpGuQoY687h1dgVD3UWM9Zfz6akCvnsoiXNt/pys8ebpRTr2ptixNlpDTYiGXD8NaW4aog0aLAY7vE1GXJzccDB4onFwx9rRiK2zI1Z68b2jdVDO/nU0OqM3OONgb0DrYMDgoMcgfhYM4mfB6GiL3t4ag5jv7GKHv7cV61d48ouX53CiWE/TTA0ZQVpMRj0asYbZ3ZaD9bOpSvPCXjyDzscTHxcDrzTPY91MK+YHa8U6zti4BeDv50esv4HZFhsql8WyJj+V/aWZtC9JITs9klnzIklclkjS4hmkzwhmQZQvmXGeLEhyJXtxJPX5Mznf6kVfuzt1KQ40zdLzTEEUa2d7MMvigEXsRdVsI8fXptKU4kKCn70igJcsmkPhygJWlq6kvLKY/NxMMhelkZGWQFJyAgmpycSlpbMoNYTtxVGsW25mb00qjbmxrMqMnvZ3wHSEWqq/IXylDA42Vynl7xPBShrobyWAp8qHAlhG/8q0x/KMYJkG2WzOIzhgAZlzinj3xdc4sKaVHbUFvL6nhRe31vPUxjqe39HGizvXs6e1nuaCPEoWLiYnOZXUoDAyQqNYlTGfppwV4jPL55l1a9lXV82q2bMoSJnBwggLc0N8WRYfQn5KFC2589hatVysW8OG0qUUpkWyfFYIKzNiyU0KZ0lMADWZybywrZ43Dq7h2c1VFM0OITPGk2UxHuQn+tGwKJarr+7nxx908kx7Ic+0FrAxN5ntq9LpKEjkxbXLOLannOP7G3h2QxXPdaylfnkhixMXk5VRxqyYIiy+uQT4lxAYVC/2QkZFN+NtaX0ge1UBrKKioqKioqLyfxOP/kHo3yZS8OXS0ZH7GzGoCM0O0feIaH1EJv6rCODppOO3FcB/gJD9UwWwct2/ogD+ij9p/I9/p39RAP8L91BRUVFRUVFRUfndfCsBHBoRiIu7ETsHeZ6sjNCVEtjxa/L3f68AllHBJo2GeL2elf4+tPi5s8VDz05XB3a52rHLU8dOHyO7fE0c9DPxlK+B5wVP+xp5weLG84FuHHLRssPeim02Gp5wlucFm3g1wInXAgy8Hqjj7WA9b4cYRfkAUT8WNiWAT0YYOf0gCliRwJGOXxPA9nRHOyppoaUAPheh5bxM9RzlwmCsB6f9dbxi0PC2uw19Ye5cFH0DUSZR1zMYaeRSrJOClMGKEBZcijZMieBYA1dF/WaEE6dDtLyVEcDO+aGEOmgwWmmw14h91xgFJqysZASw9VTaZyV1t6jLtjwLWMEGG3tr7GysCPRy5MVDa+l5fQ9vH2zg1Z1VPL02j2c3FPLc5hKObK/hzUOtnHp2PdeO7+Ojk3v5j72H+NGlw/z00n4+v7Sb0QtruN9fz2hnDWNn6vl17zp+Jc8HPrOakU7B+TXc7W/niwut/OJiEz8fbObzvg3cUiKMN3K7dz13e9cw3LeG0b52RgfXMHZhLSMDaxmWXBDjA+vEGutEW54p/NvI9NFjlzYzfnkLIxdktPJ6RmQEcs9aJi52MHF5m5Jy+q64n4wCHrm4lS9v7ntwJvBUJPDQle3Kub7yjF95du/I9R3cvbJVQaaJnkoVvZ0h5azgHUpK57EPDyqMfnCA4ff2KeX4R4eUcuLjx5QxGRUs6/c+kVHBh5QIYimBpfCV4leJ9BWMfbxPkb/jn4g1vneQyb94jInvH2b0O48rElhGFt/7RKzznYOMyxTUH+xi/OZW8eybmby+RbzPFu7f2Cz2YrVyVvC9K+uVs4MnLq1h/MJqsa9tjA20MHmhjQnxWYz1NU4J4XNVYu/rGe6vFWUNwz3V3Omu4Pa5Mu5daGBcyuGeCoa7y8T8UkUAT4i+yX55znA1Q52lDJ0tZrK3ii/F9ZPnK5kQfWNnVjHeWcy9c+XcP1/OZHcJo2cLuXNyBbdPLufu2VyxVp64fz53u4sY6S3lblcZ/+3VLL53IJUr62M4WeHPM8sM7JmnZWOGnvpkIyWzXFgW68pMi5EgLy3ebjrcXfU4uRgxCrRGI44GIw56J+x1Ttg6iJ8LiaMeO0cddlpH0W+Pg84Oe3sbdFo7nJxs8PPUsCnHg89fSuNkoY7mOA3Z0U54iDUN7l7KWb3Vae4cqIjA4m2Nh6eWOVGuPLYqki0L3Il1s8HF1RVHd3+clXOLrQj3FOuK76V4Py01GVG0LYqnKCOYZTkzSMueKZhNV"
11928 [Forwarding screenshot on session b1310904-d161-49ca-a1a6-530fba7baea8 to remote] DEBUG org.apache.http.wire  - http-outgoing-47 << "uYcipakkT8/lqXzzCycE0puRiAXN5i5uNGPJvHedYmOHM6LYPOCAEoz48jJjKFtiTOvNSVQl+zEnBn+BIX54O7vjoufF+5mXwLDzcxMimL+3HhW5KRRtHIp+SuzWZS9kOyFM6jPiqd0QRiVObPInBtN0qzQaX8HTEeIWYreMsx+pYrYDRbtEEuVQPQHynTPpYKSB8i6ZOpsYJnC2c9c/UDqTpUyqtf/q1L2PcqU+PU31+GnpH6ufSCAG/Ey14uxWsyWcoLMMvXzbAozi3j9ice4cuwF/u7SMS4e3cvh9mK2VedSvTSVvJRYarKXsHL+fGaZg4nzMRPu4kOUqw/LZ6VTnLGAtuV5tOcsp27RQioXZFCxMI3qJem05C2iecU8Hl9XxWOry9hQvoTH1pTw5MZKdjcWsrE8k41lWQodVbkcXlfD0d1refeJHeI7toODLeXsqi2iOWsO5WkzKEuO45nWWs7s387hujJ2rFxOZVIc1alxPN2Uy3eO7eLYrlKebMnh+Q2VHH9sB289dojyJXmsyqwkbUaR+PeYTYDvKizBDfhJwSv2xXta+StRBbCKioqKioqKyp8z0/1R6N8eUxJQRqD+RvJN1yd4RBD+qwngb8jTh/f+FgL44RpfexblWX/PsytMK0C/yaPrKPzRAliOfXONaZ/n60zzbMq+fP2a39rLqWf4+nW/fy9/e2+V+dP92/h9z6qioqKioqKi8n8p30oAh0dZcPd0wkE7lYJZY239f1wA6zQaQuztyfJ2p8HfnXUeOjY727LV1Y4OD0e2eBnY5m1gj4+ex7x1PCV42s/A0wEmng105Vl/Zw4427PVVqNEAx8W9SO+Jl4NdOZ1s5E3LPJcYCNvBQtCjLwTOiWAj4cZeDdcimAdpwRnIrWKBD7zQAIraaCjpADW0SX6zonxnigT/dFuShronjAXTvo6KhL4XW9HBqLcGIx2pj/SJEonLsW5cCFazI/U0xehE6VOzNGJPj0XYwxKZPCNGBd6xdzXYpx4YWE4Szy1eIr90GrE3lhpxX4a0Ng4KsLXyk6DjbUGuwdRwvJ8Zo2tFo29ASutE1Z6F3QmFxJTUklKSSI8IhiLxUxQsD/BoWaCw4MIjYokakYcCSmJzFmUzrLs+TTUFnBwRxOvP7OJ3jd38/907mbs+iFGL+zk0+MNjHc28z97Wrh/RkaBVjHWV8dnvTX8995a/nGwkR9eWsPP+zfwef9mPu/bxGc9ot67ntt9MmX0Ou72reVuTzvDPVJStjExKOXlWoYH1zEkI38Fw4PrGb24USnv9q9V+mR7XEYBC0YvbGBUzutdo5w5PH5RitGNgs1i/kZu9axn4upOhclru7h/cy/DV7Yy/t4u7n24VzkHWKZclucED1/dxvC1bcqYZPS6PMd3SgKPf3iAiY8OKqU851eWkx8f4lfff5L7331caU+dC7yf+588zq//4kkxdliRuKMfSmEsBfBB7n//cb78i8NMfu8xJgTjsvz+lACe+N6TjIo1x77zmJgnrv1ESmXxHDd3iGcRz3yjgy/f3yHYxsS1TQxLeX5xLRNXNjJ5dTP3rsp9WcfYRSnWpRwWXGhnfLCNkf5msUf13BWfzbBMAz3QIPrqvpLAQ+crp+gu505XKbc7i7l9dhUj58sFMiq4jOHOEoZEn2Skq4TRrmLGzhYxcrqA4VP5CiOn88W/i0JR5nL3RBZ3Tizj7uks7p7NYeRcLkNdedztLOD2mUJunSri8xOCYwX80/OL+O7eJC5viedUWyTPV1jYv9LMxhWBVM/3YkWyC/Ni9SQGWRPsZY+XiwE3kwFnoxGT0YRWZ8TewaDIXytHHRqt+PevE+jFd5hBngXsiKPOAZPJFn8PDR05rgy9PJvuIh2HFhnpyEskwN2E3uREqKs1K+NMHK4IZqavNVEe1jQutrA9O4CCCCMe4vtEK9Z3NLliEmu66W0VOe3krsfP3YGMAD0NaYEsDbMnxM+KYPGzHDzDLH7+ZrBw/myyFyeRt2KmIIW8uRZubI+kd7Un9el6amZoOZwXzcYFAaxaHMvy7HjWr/DmrbYkGpNNlC+NYF56EDMSA4mMN2OO9MM3xIMAQWCIG4HhngTHBREh7hU1N43keTNYPC9E3DOKlQUZFK2cz6KlydP+DpiOoKASgiwCs5SuFaJeKfpkWS6+Q4oxBxUK8gV5mC2iblklKH2QprgCH1H6BEjK8JPnAov61PnAkioCzJX4C/zkeb9ibV+LKM0y8rdZ0KKkfPa11OBtqVPwC6wnUKwbZM4hIWo+m9raGDz5Mj+4dJwPTx3h6TW1lM5JYl5kMImBPswwB1K0aCnzZqQS5m0hwNmHpLB45sUlUb4ki7qsHNYXFvBUezNPNNewPm8JLdlzaMtJZ33RfDaK/Xp5ex1/f+UddtYu5sobe3lxaxnbyueztUKMr8pgS9kC9tRl88aeFm4ee4oP3n2O9449Q9dT23lhQw07y5ezqyyXvZUFvLVzLcf3bOCdXWvYXZZNw7x4GhfE89L6Yv5u4Aivb62kcVECLVmz2dtQzF9f6uLqmXdYW9vCikWVWLyzCJVy3L8J/6A2/EKa8AttwieoAR9Lo0DUv6JZ0IK3ufkBraLdpjDdZ62ioqKioqKiovLvi+n+KPRvkemk5rSi8xEJ+ai0/JMEsGDqXlOiURGYg98yAljhgaj8at1p3u9PEMCPrqu8y58QAfxQrP6u5/stlOsfuWYaCfvNvRRrTnff37uXD6XxFB2Dj35mqgBWUVFRUVFRUfldfGsB7OZhwt7RRkkBLSOAvyl//zcLYBsr7K00+FhZMdfFSLW/O20eWtY6WbPZ3Z4N7o6s99Sx0UvPNm8d+720HPJy4El/PY/7akVp4FmzK0/5mtjvZEeHrYY9WiuedtPySoALr1nceM0sRbCJN6QEVgSwSRHAUxg4HqbjZLhuKhJYCuAoLacjHTgTPiWAz8kU0ILuSAM9UU5cjPfinFhjIMaTgSgPXjVpOKLVcCZAS1+ElL8uXIx1E7gqIrgvQlwX5khvuBiP1NIfrRfXGhgUDETouJzowbviurdnB7E+3Jtwa40SFS0/G42do8BBEcBS/Doqclgj9ky07XRYaV3Q6H3QGALQuIRi75+Ao2UmuqBZmMKSMQqcotNxiZ+PS8ICTPELMSYswilxIS4C5/h0PBNSCZyVSlhyCjMy0qgrLaSjfDl9z25i6KNX+Xyggx+/U8RQZyFj5/O5d7Gc0cs1fHqhgR9daOenF9Zxa3A9dwY3cufCJjF/o2ADt0V78toO8R8ZYp2e1Yx0tzDe08Jkb6tyLvDwBXk2sExz3M7Q4GrGLq5n4vJGxq9sFPUNjF2aait9F9cxOrCW0f61jA2sY0zcb1zca+KiTJW8ibv9G7gn7jV5RSDKezd2MXRxC2M3tnP//d3ckyL4/V1MyvN/ZYrpG9sYv7ad4StbFMaubWPivd1MvL+Xe/IsYJma+f09CpOi/eXHB5RoYimJh65uV6KHf6mcIXxISS0tI4FHxTUj4vpJGdX7vccZF+Mj3zmgMPqJTAH9uMLwRwe58/4+hmRq6k8Oce+7h5j4eD/D4llHrm+dksA3xfPd7GD06iZGxPsPX9qglGNXtzBxTZ6JvJHRS+um9nCwneH+VkYG2sRetIu9aWWor57RwUYmLok9v9jMuKiP9tdx51wFwzLN84NzgUd7RL2nQkFGBMvyfn819/oqGTorPvOzBUqK53vdxdw7X8x4VyHDp/MYPrWCya6CB+Qz0bWCMSl/z2Yzfk6MiX8no6L/7skV3D2dz1j3Ku6JdcY78xkS1392Io9/fC2L7z41j+6OeF5pDOFAiQ8deR6sW+5Ow2JnitI8mRPlQ5y/C2YXR7wMdrhKuavXotPrsBXlQ/mrMegEemy1BhzFmMlkT6CHFdty3Bl7JYMr5XqeWeZMR3YsgS5i3MmJYCcN+ZF63lwdy75iM2sXu3K4NJQNi7yIFD/PHgZ79HoDOq0eZ609Bq2jkobaysUdFw8nwoz2NKT60JjhTqK/hiCLHc7ie8nJ1wuPAF+8fF3wN2tJSPAjM8mbD3bH0dniRv0cA5UzdBxaEU1bmg+58yNZM"
11928 [Forwarding screenshot on session b1310904-d161-49ca-a1a6-530fba7baea8 to remote] DEBUG org.apache.http.wire  - http-outgoing-47 << "C+M6gw9b7TMYn9BBLkprixI9WbxwkiWF2SQXbSQZfkLmJuZwqz0aELiAvAO88UtPBCX6HD8Yi2ExHgQlxRI2oJ4MvPmMnP2H54COihopaBYEb5Blgos8vxdSyWWoHLBKkX+BgavIDBkuShFXcwPtJQJKgkIrsJPXOMbWIm/IDCwCrO5miBzDZbAaswBVUqfvxIpLAVwFT5BVYro9Q1sFbThaxZ1KYUtNUr6Z7/ABsxyPe8lzIiZw+svHObS2Rd49WAre2rz2VCQQ3FGOvNjYrE4uRDo6kHZilXUFtdQuKyI+rJGmsob2NS0mvVVNbQXFdBRWkTXk/sZeO4Q21dlUZkex6pZoWRHeZOf4E/j4nje2FHP480ruPjyDnZXLmJ5jCs50a6idCcv3oeVYn+fWb2S7515lvffOczLW6qonhtJZUYE+fEBVKRF0pqZzGMNhfQ+u4POJzbR9/w23trVKNZdTlt2HA2LItiycj4VGfEsiwqkIDmCV/ev5sLJFzjUsYmaVS1EBOQTGdKCv2+b2Nt2Za88xd74BNULVAGsoqKioqKiovJ/E9P9UUhFRUVFRUVFRUVF5c+Tby2AnV312NhZYWtvh62dPVbWUu4+IoAV+fu/XgBb2YjnsNLgrNEw06SlxM+VBnctLU42bPDS0u7uoAjhNV4GNov2Ti9H9nva87i/I4cDdTxlNgiceCrAxNP+TuzUWbHdXsM+nTXPeBo5avbiNYtAngmsCGAn3g514p0wE++EGgQ6joXpeDdcy4kIHScjdZxWJLAjp8PtlZTQ8lzgc5F6uqOM9MQ40xvtSm+UqxIJ3BflxqlALa+6WPGGq4bT/g4MRE4JYCmCB2Jc6Yt2oitUrBGm5bw8RzhKL9Yw0Bcj1hP3G4xzpj/OndNxXrySEkquiw53sR/WtlZT5/zai8/I1hoHRf5a4SA+BwcHPQ4Gd+xczNh4RGLtl4hdSAYOkYvRhMxXsIlcgmPiCjSRS9HELkeTkCcowCqxCJukVejTy3FMKUSXko9T6gpcZi/HOyMXt7ilxM0tZebsRWQuSOH482v48YdP8un1Tdy93MjdvjJGessZ769nrLeJu931DJ+XZ842MtzXyp2+du7I9M6DMnp1s3J28J3uNsZ62pjsFfS0MtrTMiUt+9sY7W9X5KUsRwfalTWGex+MifaI6B/qbRbrt4p7rmZsYDUjUhr3tHP7fCtjF9aL8bVMynOCL06ljB69uJkhKYmvbWbiWgfDFzdwZ3ANn4tn+EJcK4Xq6GXxfKIcurheGR+9slmRw+M3dyjiePhqB0NiTVlOvr9LjG1n4uZOxm/sYOTaVtE3lV763nfk+cIydfQehsW8iY/3MfndA0r651F5FvBHexj5zj7GZd/3HmPsk8cY/figGNvH2MfiWtH3q788zP8QfCnPD35vO0PXtjDxwU7+5/cO8suP9zLxnrzvdibf28WXH+wWyCjnbUxe72Di6mbGr2z4isnL65i4vFph8spq7l1uV0Tw2IUmbnfJKOAqxvrrmBxsYGKgThHBdzpLFAE83lfBvf4qJnrKGO6aEsDDgnFRH+8qYPTsCu6cyFYifsfO5DBxdrnCuKiPnMzk7onFgqUMifrI6RzGz+YyeiaX4ZPZYk4W9zpzuCdlsYwS7sznVmcRt3rK+eHJlXz3+QUM7E7k+JpQnil3Z0eeF+tzQqmZG8CKBFfmhOiI97Un2N0Wb1c7XJwc0BocsNE7YmXQY200Yqs3iZ8LE0ZnLf6e1uxY4cP4q/PpLzawPcmK/Ag9Zncn3Dw88HWwYvViL85sSuCvX8ymf1Mc/VvT2JRlZqb4mTbqHHCwd8RRZikQ31N24mdOo3MXP5Pu2Du74O1oRV6YDe9uWsSR9YuYM8MZV29HtN6eOAUGYvR1w0l8V3mJvihvGz7cO4Nz7d40znOmJM6RPcuj2bwskrpV81m1KoPmTFeOr0/n6ZrZZM8LJVF8F0QkhhKeHE1M+gySFySzJDuNwvx0qsvmU1uxkFWF6SxcFE9yShxxCXFExcUSN2sWC7KWEZU0c9rfAdOhyN+g0qnIX3ONoE5QK6jGYinDHLTyQRSwjP4tFog+MRYoZa1/FX4BFUrp/wCzvzxTuBZLYC1mUQYG1OEfWK9E9spoXx9LPd7mRnwDWkRf81RKaItYQ5HEdQT6N2Hxr8TstZSCzHI+uniOU0d2sLY4lfUF6bQsTScrLoq50VEsz5hDfdEqWivqqF5ZSVleKQVLc4kPiSYlMoZVCxdSsXg+6wuXc2zvZnqe3MveimKaFi6gfv48CsS+1c5Lo35BGmtyFnL28C5e3bqafTVFVM1JpGHhbFoz54k5qWLObLaWZHJ0Wy1/2X2Et/Y0UTjTn0Xi90qqtz3zzEbiTLZsKlrAhZf38cauJvbWLmOx+H1TsyCMjUUpvLhxFU+0FNG0NI3StHiKUiNpzE1lm+jbuaaVioJ6At2XYfGrwde7hYDgNUrkr6el+oEAbvgmDyKCfyOAp4SwKoBVVFRUVFRUVP48mO6PQioqKioqKioqKioqf558KwEszwCWAtjW3loRwDZ2UvA+mgL6YfTvbwSw0veAaaXv15lW9P5ubK2tlHNvYw0OFPi5UuOpo8nVjrXeOlrcHWkW7XZvIxu8DWzz1LLb046Dfo48YTHwVJBJlEaeDDTxnMWNQ+5admqtlXTQ+40OPO/nyVGzr8CVV81GXpcSWBHAglADb4fqORamV6KA343QKRL41AMJfDrCkbORWkUAd0XqBQa6o0x0hhnojXGlJ9KZ7nAnUbpw2qzjdRdr3na34lyQgQsxHlyQZwLHutEb5URnqFhD3EOK5PNS/Aq6Ywz0xJnEuEwH7cK5cGfeTQmmIz4QH0UAa9CId9E4iD23s8dBY4ODvfjsDK7YOftg527BxisCa794rAKT0ASkoAmaiyZ0IZrwRQpWcVL8FgiK0cyQlKCZWYYmuQJNUhlWs1ZhnVKMw+wSHGevRJe+CueFtegzqvBaUEHwgnzCU9PJL8riyV0NXHtzCz+5sJ9Pu9dy60wtX56vZbKzjIlz5Yydq2Cku5phKYR7mxkbXMet863cPtfKna4WMdbGRO9q7vWvYby/jRExZ7inidH+ViZkKuPBdqU+JPrudjcoa8g+pb+vhbvn6hkRY+NizuTgGiYvrGV8YLUo1zPcv5qJixsEm5i8skVBRhYPyzTJl9YzIubK+rC47nZvK3cHxLqXHkjTyxvE+DruirEJef7utQ7Grm5i7IqUx2It5Tze7Ypw/dUHO/nV+7u4d6NDtLcr5/be+3gv9z/ax8SHexh7fycTH+3l3if7uf+9A9z/7kHGv7OPse/sVaTwl391mF//1ZNKiuiHkvj+9w7x//6Hp/lSzP2l6PuluPZLMf/+x3sEU6mrx27uVFJVT0gBLO51/4PdTNzYpkQEj0sBLJ9XvMeofFfxnqMXxJ4JJi5JZIposd8DjdzprhF7W83Q+WqxlzVKeaernNtnSpRU0He7ihntLmX8fJkoZRroAu6cXs7dk9mCLIZOyXTPmdx+dzHDUvS+u5SRk8sYFf2KAD6+mM/fWsDIKSmIs7lzfBFfvD2fIVGOnVzC+Elx3buLuPXOfD59S/D2Yj49lsmnx7P5/FQ+n58p4ofv5PCDZ9O5umcW766O4bkKMzuWu9O2wERFqpEVM03MDnIgytsOfxcbXA22GLV2GA06tDodOqMOZzcdPm7W7CwIZPyNpXSvNLE1xYFc8TNr8XbH0WgixlfLC62zeaM+kL97KpXv7Yzm2o5UXtmQTaCrPQYxR6/TY7SzRm9vi53OGY3JH41zEDZuXvg6W7Es1JqBAwV8fLSVusxwAsSa9s4GrN1dsXIxYPTQ4e1jJNLLlk8OJnG21ZPqdCOr4nTszU+gOsmTxEgPZsz0p26BG6+3zKImwUB2oisLUgJZMDeaeQtnkZgSS/zMCJKSI5idGsactAgWzo8nMyuNZbkLySlYynJBrmDxsjSWr5jHooWJ0/4OmA6LpQSLuQxLYJWgDktAwxSyHlg5NSbnPJxnFvMC6jEHNhAQUK2kfJaRvmZRt/hVE+RfS0hgPaFi3OIn5vnLeY34BzYqa"
11928 [Forwarding screenshot on session b1310904-d161-49ca-a1a6-530fba7baea8 to remote] DEBUG org.apache.http.wire  - http-outgoing-47 << "Z99HohKWQ+QYljKX0uZIoADxDWB/i0EizUSwktpr97M2defp/OVHTy3pYj27Hh2lmayraKIHY11bKqtIW/ePJpKy5gZEY3Fw5fYoHDC/QIJdHGmZvkyWvOzacleSMuyDBoWJlOWGk9lehJ189OpmZfCpsJlbC9dzs6KFZw4uJHHm1fxZFsZGwoWsbFwMRvyF9GcmcamoqXsrVnBgcYVvHf8Cc48tZm9dcupXhAn1k6hbslMahcksqt6OQcbCjjSUcuh5pXEu+vJEt/xjZlRDBzZQt8L2zm6rZXHWsppyk5ja102vW89wa61bRRnVeDvupgg31p8PBsJCGrHN7ge72AZAVz3OwWwj/k3EngqKlgVwCoqKioqKioqfw5M90chFRUVFRUVFRUVFZU/T761AHZ1NyopoBUBbCujgLWKBP4N9kp6aIm1rUwR/Rv5+3Wmlb+SaSTv70OmgdZaaQg32JPj60ylt4FGN3vaPHU0e+lo8jLQ4m1krSg7RHu3lyMH/LUcCtTxuNnAE0FGngpy4hmLM08FOLHfzZFtjlZ02Fqxz6jleT9vXja780qggaNm/ZQEDjHxdogs9aLU8U6IlmNh2q8igSVT5wHrOKtgoFPQFTFFd6SJnigXzksJHOHEuVAjJ3ztlXTQ73jY0hflzsUEHzHHlXMRJs6G6QU6ZY1zMSa6Y4ycjRZ9sUZ6og0MhBvoDXfieLwPz8yJJkTsh621FMA2aGSkts6I3tEJB5MXVm5mrLxCsfKOROMTg8Y/AY05CU1wOprQuWjC56OJWIAmaiGamEw0cXlo4oumBHBiKZpZUgCXo0kpwyq1DOvUUuxml2KbugqblCLRl48mvQCbjDIc5lRjzKjBY3YFYbOLmD17CasWptN5sJlbFx9jrG8TE1LidlcLqhg9X8PY+TpRNjAiGOttUxjtaRftdsb71jF5YQNfXt7AxECbInTH+lq4f3ENk4PtCl/vf9gelUJZMNrTKNZoYnJAzJUpj3tbxPhqRvtaGZH3GljL+OA6RkTf2IU13Lu6jolLa6fSI19czaSoj19aw8TltWJ8NUN9zYwMtjEupengauVs3QnxbMNibFQK5kvrlfqvbm7l/vXNTFwRz62I4/VMXt3E+PUtjF4TiHLkRgejNzsYE3OHb4i2qE9+tIuxj3Yw+sF2Jr6zmy+/t5/xj3Yz8sEOxj7cydDNbQy/t12Rxb8WjIv+u2Ldu1Lqvr+N+x/vEv0HlbTUw9e2M3JtmxJ5/MuP9/Plh7uZlBL6eocigceuiOcRpTw3eOLqBob6W7gt9kuW8ozgCfH+w2Lv7orPZ0h8TqN99YwPNDLWX8+kYEgRwcXi8yvny4FqJnrLGD9fzOi5AoZOLWdERvt25yopnkfPZjN6ehnDJzIZO53Nl9353D+X/yASeJkig8fE+H0Z8duZzfippQy/s5DR44sZP7lUtDMZObGEoWNLuP3WIm6/vYg7x5dx90S2gowy/vzdLH789mL+8fVF/PULc7m4awZHqv3ZssyJpnnOrJrlRFasC+nBJqLF90WwyQ4foy2uRhs8XW3xcdawe1UII29m01Xmxvb5U2l8LQF+2BuMLEoUP5+HV3Fx+0z+dl8EN5rFz3JrGKtzovD3MuGoN6LTajE42KB1dMBGCmCDLxq9P1Ymdwxaa9ICrNi+IpCnSmIon+WGn84KZzct9u5O2AlMMtrYTU+omw3feyyVnvWBVM91ojBWx/acOKqSfQnz1+Nv1lGS4sLx9RmURWrpKIihcmEwmcn+LJ0bS9ayDErL8sjLX0LmsjnMnZdEcloiMzJSSJw3h9lLZrMwawZzF0aQuTSaArl2/h8ugIPNpQQHlhMcUE2wf52gSdAsaBB9NWKsQswpI+jBvKBAOa+BoIB6sZ9izFJKmKWSUHMFIX6SKsID64gwi+v96rD41xMY0EhAQJMS8esjz/0VyFTPAYE1BIi1/QUBZimTmwj0ayfIt4GIgEIqClp45/nDPLG5lBe3FfLc2hVsWzWXmiUpLEmIYFnyDBKDzVTlLSc9LpYFs5KIDghkdkw0GXEx1GQvYX1JLhtXZfNYUwlPtpaytWQxu6qy2VaxlF01WTy5diWdz27gL3tf5K8HjvCjT07zV/3P89ruKp5Yk8vj7Ss41LqcI1sruPTGfn7Q/xr//HE3P/v+IN8//ypv7lvDsxtq2VKWRUdpNjtrcnl5axNdz23n4msHWV2QxvIZ3rTkxNP51GqObq2hPSed5qx0dtcV8PLeFq53vsSO9kZKsisI9ckmMqgZP+9m/ANb8QuqwzdERknXTYMU6A34yojqB/hZxD6bW6b9rFVUVFRUVFRUVP598egfhFRUVFRUVFRUVFRU/nz5VgI4Oi5EOQPYzsFaYK+kgJZRv98UwLI9JYH/dwhgjbWVcr6tRWvDUm8nSr0M1LrY0eyppcXbRIOXwEPPGk8DW70N7PHTs8vHUZRaDgTqecxi5IkgJ54McubxABNP+Duz19WRDTYaNmg0PO7uzEuBrrxsNnwlgV+16Hhd8EaQVpQOvBlkz9shjlPpoB8K4EjDV0gB/BApgM9FGpVo4PORJrojjHSF6jkXbOR1ZyuOGKw4K56pN8qdrjAnusKd6Qx34pSYcypcrCejiGOcOBNj4nSsE51RBs6HOnAuQs+JGV68MC+C3BAXHKUA1jugEZ+Tlc4FncELG2cLGq8oNN4xglg0vnFo/GegCUpCEzobTVg6mogMrKLmYR0zH6uYxUoUsFV8PlYJBVjPKMRGpoCetQqrmUVYz1qJbfIq7FKmsE8pQju3EN2ilegXV6Ff2oo+cxNOSztwX7CekCXtJC4sx8PVj8UJkQy8sIe/eXc3n1/cxef96/nxqXo+76xXonSlBL5zporhrlpGu5sUCSxTNd/uXs1wTysj5+sFdYrQnehvZri7TkH2y3Ksd0r2yvrtM5UMdVUzcq6W8d56JkS/nHens0aUjQwLFEksU1CL+mdna7grZfGFViYG2xhW0lM3MtIrI46bmbzYrjzjHbH2XbGOvHZIjMkzdKUkHr0grulr4Y5Y49POan51YxP3r65nTFwn+++K+9+RkvrSGsauyHTS6xmRZ/JeXseQvP7qBibf7+DLj3dw74OtjNzcxPCNjVPl9U2M3NjM2HtbRX0zd6+K/htbmPxgm8LE+1sZF2NjN6UE3sqvvrOfX39yUJQHlOhfKYBlCuj/+cl+/t/v7OOX7+9QopTvibV+9f42/seHO7gv1ps6J1g8n5TdF6XQbuOeqEsZPDbYIvalhUmxP1IC3xtsFvsqP6cqxs7LFNCVjJ8vFWUJY92FjJzJZaxTnu2bpyAlsDzvd+hkFiOnlk+dA9xZwOhpmRJ6hSKFpQC+J+bcO5vF5Jll3HlrIUNvL2Lk2BJGjy9VyuF3Fj9gauybzOH220l8LjmewWcnlvDjd7L4T6/lcHpNNEeqw9mfH8zaBT5UJDiTK34m5wbbE+2pIdhNQ7iXhkPlYQy/tYL3Nsazab4XhcnBWAL9cPXxJNhZQ3mikZ4N0Vyt03FquS2vrvIi3WyPq7MerV6PTuuI1tEWe61W/Awa0Rhc0Tj5Ya014qCzxWzSMNvdlscLY9i0wEKCUXyPedviaLLG0c2AydUFJ5OOcDHnr56ZR/+WUKrmuZATKb6fMqOpSg0kVHxnuXnbUTTLlTNbF1EWo2d7Qw7LFiQSZPHCO9AX9wBfvC0BRMeGsXhBEnXlWaxtKhJlNtmLk8lIjWNu2gySE8PJWZxC3rIUlsyJmvZ3wHQEBa4kKKCEIP9KJXo3yK/hAXWE+FeJZywjNLBYsGqqDCgXVBMq5gf7FxJmySPSIsqAPEK88wj2yifcbxWR8jq/crGGWFfMl+mgAx6kg/Y31ympn/3NlfhbSvCzlIp+0Q5oJtBvrbh3KwEeuaQmZPHK4YMc2dfEU5ty2Vw8i3X5SWTPMDM/2syK2TOYFx/FmspiqvOyWVNVxo72Jg5uXsfhres5vLGVfS0VHGgu5eyT2zj9+GY2rVxMw9IUyjJiKZsTQ9ncSA625HPx9X380/un+Pvrx+h6fjObS+fSnpfC+pUZbFg1j7WF6by2p5m/vXKcH39/g"
11928 [Forwarding screenshot on session b1310904-d161-49ca-a1a6-530fba7baea8 to remote] DEBUG org.apache.http.wire  - http-outgoing-47 << "F/84BInntjMjuoVYs4SNqxcyt6GVbx9YBO/+Ktr/PN3+vni725y9tmtbK1cxI6q+eyrW8jBhmzas9PYVpbN2Wd28Nbja3h6ez1rq4tZmVlMsOcSRZ77ezcRaGkjIFTsWWgNfkG1D6Tvo8jU2lICT+FnaRR72zztZ62ioqKioqKiovLvi+n+KKSioqKioqKioqKi8ufJtxLAsQnhigC2tZdnWtoLptI+/58UwFY2NthYafB3sGahl4kSLwM1rvY0eGhp8DJSJwWwlxNrPE1s9jSww0vHVg97tns7sttXx75AA4fMRh63GHkswMATZmcO+RjpcLRhnbWG7To7nhRrHlHkrzwXWIpgHa+apfyVOPJmkCNvh8ooYCmA9ZyMNHAqwsDpB5xR0CucDdfT+VACPxTAYXrOhRg55SfWc7XhLU8bzgabOBfhSme4M2cjnTkh002HSrks1oyW8teF49FTIvhcjJHTUXpeFfVDid7syEnBzVaDrdYBKwcdViZPbJ390biFofGOR+OVIEqBjyAgCaug2ViFZmAVNgfriHnYRC3ANmYhNjFLsYnNwTpuBTbxudgm5GGbmI/dzAKsE3KxFnXbWYXYJa/8CsfkQrQpRUpaaNv0Kqzn1gkasZ/fhG5OHW4ZVcRmNROZmk9o1HxKC4p5eV8j7x/fxj/07eenAzv5om89n56u4YtTFdw5VcbQmSqGuhsYkimhuwVdddztrOZuVzWjPfWK6B3rbWC4u1bpG+qSYldK4AZlfPic6DtTznBnJaPdNYz31DEuxsZ6xJpi7rBYW0YIj8toV3l2cF8Lt85WMSKunZSyc6BZQbbvnqthrK+RexdlKmkZZdzCWH/jVL8oJwflecSNYk6zaDczJO410tPIxIVWfnl1Lb++up6JwVbxLuKeUqBebGfi8homrkwxLstr67h/cyP339vI5M31jF1fy/iN9Uy+t0GwSWFcjI3f2CDG1jMqGLsmxj7Ywr0POxi/uYkR2XdjkxJhLM8AVtI+39wp5nUwcWOrkpJapqKW6Z+Vs3+vbuSXN7fwy/e2Ku2plNDrGLkohfYaJeJ5VEZX98vzlVvEHk3JcPmOo73ifWXkttjbkS6xx10VUxK4u0Q5A3jo1ApBDiNncxgVyHK4M4e7p7IFyxk5k8fomXxGTucyeiqX4RNZ3Dm2hKHjCxl+dyFjJxczdEwio34fSl/RfkeMv72AoTfncfvVdD5/JZXPX07hC1F+cTSRT49E8JPnQ/jR82H86MUY/vvLM/inl1P5x5fn84On5nJjTyrd6xJ4ozqcZ1ea6VjkQk2yA1lR4rskwoonS/25fXQxfY0W1s5xJSveh0BvF4wme5IDrOnI9KV3XQwftXlyodrEqdZEcmb54eJsQKdzQKu1w14r/wcMvUCLrc4RB70zdno9DiaZflrDLG892xaHcTgnhppYA1EuVgR426A32eLq4oKbsxNh7nb85dPz6NsSRsU8V5ZFOLB6cRSVaUGY/Qy4+zuSE2/i7bXpNCQ7s6Z0PgvmxGEJ8cMn1IJbUBAeoSEERoUSHGEhNMyX2JhA0tLjWJazgBX5mSzLXkRB4TIWLUxh6cJZrMqbO+3vgOkINucTHFhIcEAJwf4VBPvVEKJQSah/KeEBRYQH5hFuXjFFYL6gUCljQ7JJiMhiZmQ28SHLiA5YQpR/JnFiXrwln0h/Md9ffFeINUICVhEUUIwlsASzuUSJ/PWzFOMXVIRvcDG+liolQtjfb73Yl3bMPsWkiu+pZ/bv40bPUV7YVUbdsgjWFabRtCKDzdUF7GouZ2dLJZvrSllTUUhtXiZrK1fStDKHxoKlPL99DTvqinh8dQWv7mhhe3kW1fOTKEpKYGVKIiVps1geH0bjsnT21q9k5B++R//Lj3O4vUL0pdG6Yi4bVmayvaJAiSLe01DI6Wc6+KePu/nLgTfZULKQvKQQVqZFUz5/Bi1i/tsHN/O982/yyfnX+H+unRRzFrC9NpNDLdl0P7OGD955jO6ntvHChhoONhfy+PpVHHt2C/s3tlJTWEOodyYRgXUE+DRiCWrDL7gK7yCxV0Fif4KkCH4ggx9iqcPXLJk6Y1lGBEsJPN1nraKioqKioqKi8u+L6f4opKKioqKioqKioqLy58m3EsDhURac3QyKALZ3dFAE8Dfl7/8BASzvYW2Fr501CzxMlHgbqXJ1oM5NS62bjlpPJxq9pQB2YqO7ni1uDmxys6fDw5HtXlp2+enY669jv7+Wg6I85G/gkK+RfeLabXpbNtpq2GO05VlveyUK+KjFyCuBeo6adbwWPBUF/GaIlrflWcDhek5EGqeIMHBSIKN2JacVdJwK0yoiuCvCqEhgiTzf96xFT2+ouyideN3NmuN+jnSFu3A2woUzkS4cD9HzTohu6h5RJt6NcebNCBMn4104HW/i9Qg7ng6zY2esMwfy0gmw0+BgJ/bZ0Yi1e4AgGI2HjP6dicYnSTBLwSpgNtZBc7AJmYdV2EKsIxZjE7kUm+gsrGOysYnJwSZ2uSKCbeNXYJMgycNK1K1EaT2zEKtZK7GWUcGzirFPKsdhVoUoS7FJKcZ6thjLKMRm7krs5pXgmFGqnBHsPKcBl9mN+KaVM2txFqvKcjm8u4n3393NDwf38tn5NdyRovdUCXdOFjPUWalE6t7taRZlPaPnax9Qx1iPTBtdq5QPeTiutM/XMN5dzfh5gSwlvXVM9jcy0l2jSGIZMazQ18z4QKsieScHZHSxmCPXkuv0yqjjWsb7GpR+2SeRfXe7qpRxOTYs7qcIaFGXY0PnRFvMk2PjYl15zZAU0WKNicEmJi+0MHlRymB59nETY6Icv9zC6MUWRi40MXxR9F0Wz3S1nYnra0S5mqFLLQxfamP4chu3xZyRy6sZubKGocvtot2iMCzakzKV9M3tjF3bwtDF9QxdWMfo5Y1KhK88v1jK3okr65VU11Lyjl9ax5c3t4q+zQwPruWOPG9Znpl8eb2S6npcRgOL/VHSQfc0Kucw3xts5/5AGxNSeneLPRF7MX6+iklFApcy3lnE6Nl8gYwEzmX0XJ74bPIZ6coXn2s+w2cLGTtbJChkQswdlzJYnhn87mJGTixi/PRSJs7KqOBsJT30sOx/wPCxhdx+M4Mvjqby6Usz+cWLCXx6JJHPjiTwixdi+ekzEfzo6TB++Gw4P3oxih+/HMc/H4nnhy8n8d+lDD6Szt8+lcL39s3gxuYIutpDeabCj45cD96oC+Dz51M5VmSkcaYDcU5WWLx0eLvZULfAlRPrZvB2pR/XGzz5bkccL1XHkxHhjtHgiF5ng6NWfDfpHNHojdjo7NE5atBqNBhEn7XeBp2TDZmzgmlM9GNDrIlNiQZSnOzITPIgPMgFN5Mzbk5OhLja8cnhdM5vCqF8risLg22pTbdQnhaMn7cev2BnlkbreKlxBusX+pCb6s3MWHcsQa74hAXgFGzGJTIcl/AwPCPD8I2OwD8uCr8ZsfglziBwVhyRaXHEpsWQkBbNrLQI5s6NmfZ3wHSEWZYTGVyAxXcFfu65RFqqCfJeRXRQGTEhqwj1z8TsnU6w32wCPBJx1oXjro8lPDCD9MQlzE1exJyZC1icmkVG3EJmhqazYEY2y1KKWCS+XzLi8kgMyybGkinWzCIiaBlBgZn4B+TgZ84T7y/uG1KAj6UE74BafHzb8fNpxtezkLmpJTx14ADPHlzLs3trOX2kg5d2NfP0pjoOr6+jPmcOxfNnsn91DYXzEslJiaFg7gyWJUWQkxzJ0X0b2N9aSkdFFm0r0mlYmkTtwlTK0lIoT59NqShL05KoWZDCoeYK/r+f/Gfe3LOBvXUrac2ZT/OyOTRlSubRnDWfppw0WvNn8/G5l/lO9yu05WfQkJUimE3t0hSqFyfx5LoaXt29mlNPb+UTMadyUQxNy2fyxJoV/EXXk/z94GucfXwjr29v4um1pby+r4kLx59g5+pa1tatxew2jygZ2etdi59fHf5BlWJ/ypXSP6hqCkvN1xDzzA8R1z1gus9aRUVFRUVFRUXl3xfT/VFIRUVFRUVFRUVFReXPk28lgAMsXhidHL8hgH/7DOD//QLYysoKLxsr5"
11928 [Forwarding screenshot on session b1310904-d161-49ca-a1a6-530fba7baea8 to remote] DEBUG org.apache.http.wire  - http-outgoing-47 << "roZKPY0UuniSI2g2lVLleirdTfQ5mpgvauOzaJ/g4sDm9wd6fCUEtiBnT4Cbzv2+jqwV9QP+Og55OfEXg8Dmx2s6bDTcNBJw/O+jooEfilQp0QBvxb0GwH8VqhOiQCWKJI2wvAVUxJYrwjgk6GOnBZzplJBy5TQOjpFf1eIke5gN86FuHHC38Dr7tYc83ekM9JVXOesCGB53vCxcCPHI028E2Xi9TAj78Q681qkPU+aNTwWYcfhDH9aZgYQbKvBYCv2WueKxjUAjbMZK48YbLxmYu+Tir1vGnZ+Av8M7CzzsQlahFXIUqzCstFErEATVYAmOl+wfIoYSS6aWDGmnAssxmaIOYkr0cwsFpQISrFKKsdqlkD2zShU5lglFmCXshLbWXnYzF6FdmEV1ukl2C2uRb+sEaf5pfjPW8GM+fMoyErilS3L+cXANu52N3P3VDG3j+dz52QRt8+U8dnpMj4X3DlboUT2Su52VnJL9N0+U85QV9VX/XKO7Lt1WkailjHWVaEw3Fkm2uWMdsnU0FWKJJ4SszKK+GEqaSl6pUiuFmuUKve+I9a42ynW6KlR+u92livt4XOVSl32KamQRTnSXaUgr3nYlvOG5P1FOXxOnnlczVhfDRP9dUwM1DPaX8NIr2hfaOCX19q4f7WVe1eaGbvUwFB/LXfE3HvX27h3bTVjon/8Siujl1v4vEe864B4/ivt3H9/A19+sInRq6v5QspoKW2vbubezW18KZi4ukmRusODq5m8vE6sv15hQp5jLMWuPDP5sljjve38+oOdTEpxPLiGW70t4nlE/7WN3BPXTUlgGQHcyq8ureeXUhL3tTIpo53Pi/cR73ZfvMuX/VXcl+mgz0kJnCdYwei5fLHXRQyfX8mdrgLunCkQn4cY7ypmoquEyXMrGT+bq8jekZOLGTuzlNHTmdw9sZgv3pnHL95M59M30vlMlF8IPn8jlU+PzuLnL8Xzsxdi+OkLsfzkuXh+8uwsfvF8Mj9/cSY/fjaK//qkmX847MMPXwjmvz1nUer/+IyZn74Swy9eiefWizPEtbP566fncOXgfG7unsHt5xM5XqCjJlrDvEBr/E02+InvghsvlfB2YxAvFbhxo9XMf34mhyP1acT56fH0cMboqMFBnsGt16MxOGOrt8PFXoOv+C4x2IrvTxcdDuI7KdriyZ4VczmUHsjhdDcqwq2oXOBP1rwoXBwMuDu5EORix0cHZ9O7OZyK+e6k+mhYHuFEyewQfHwM+Ia4kBmj543VqWzJCWHuTE/MEe7o/ZzFz7YfNsFB6GPj0EZEoI8IwTUyGI+YULwTovBOjMUrMQH/pCS842KJSEslImUmlpjwaX8HTEd40DICvBYQFVJAWGABEYGriAstIyxgOWbPuUQHzScqOIWMWQuoKKxi39b9vHD4CI/vfowXnzzMWy89K3iOratb2bN+Pa8/+QxPb99NR10b9bnllCwqJH9OHsvTc1kwM5OUqLkkhs8nImgxwcHLsIQsxhy6VFBA+JBbagAA//RJREFUUGgVwSGthIe1ERq8isSETA7t28MTe1dz4pWdPLa5mu0NK2lYPofarNnkpkRQtmgmu5tK8HG0x1dgNukoSIuhZlkqB9rLeX5LIy9vb+HojhaeWlPB5uIstqxazqGGcl7bvp6PTxzlH6528c/v98K9nzL+w7/i07+6xF+df51zz+7gpS0NgkbOP7eXH/S9yT9+cJa7//Aet//TTb7f+zrdR/bw5Loq1q1czN7GVeyuL+DVPW30v7qfv7n4DrlJ/tQui2V3zXxOHajl42MH6Xx8A/uqc3j/+FP87bW3eK/redZXF9Fa3oS7QyKRgVVY/OoJNNcTEFKBf7D4jg0SpSKBZdpsKYGrv0Km057iNzJ4us9aRUVFRUVFRUXl3xfT/VFIRUVFRUVFRUVFReXPk28lgN19XNGaHLDV2grssLa3w9beARu7aQTwA74pfqUQnmJa+SuZTvL+C1hbaXC3tiLVxcAKDxMrnXWUuegpczNQIutOjtQK2lx1bBB9a91E6a5jk6eOLV6ObPXSss3LgV2+WnZ6O7DHR0YDO7Hfx4ltRls22mjY6WDFkx4GjgQ4cSRQz8uBWo5a7Hk92JE3BG8Ga3k72CAwKeW74aYHGDgZZuTkAwl8UjnLV8fZCANdMvo3UkYD6zkf6cwpse7pICc6wzw46uHAK+42nAlz5Uy4M8eC9bwjrn073MgbESbeiHbiVXHdy5E6Hgu2YkugNbtmubE/K4EZeg3OVlY42umxMfmicQ/F2isGa5+Z2Hgl4+CfgUPAHOwC5mJnnoetZSHWlsVogpehCc1BE5GHVUQ+mkjJ8imiV2ClkKuIYKsEKXcFUgDPkLJ31VSZVCoomepPWKnMs51RhJ3AMaUY+1QxJ0Wsm1GEJr0AzewCrNPLMc0pI3jRKqJSM5ibGk1LXiJ/+e5mftqzic+6GrlzpoLRsyXcOp7Hz97O5bMTJQx31ygydvhcBUNnSrlzehV3z6xipLtS6Vcic8/VcvtsBbdOrGK0s5yJ7mrG5Hh3FRPna7hzqkQRsfcHmpSI4LGeWnF9NZ+L+XLdewP1ol9GCIu5nWV8dnKlIoSn5G0t4/0yCljK5jJF7koBPNFXNyV1RTksxa9Azr13oZH7F5uZHGxUrhsS68tnHRdrTw7Uif56JkQ50iuuEUxebOBX19r41fU27l+SZwzXc+9qM7+8KSVwC/evtzB+uZHPzpeLdquoNzMq511pYeJqK2OiPXltrehrZ2ighdELrUxeWS3WWMPEpTYlLbVEnuU7eaF5Kq21mDtxeZ24fgOjF9cyMtDO6GC7Iotl9K88B1g5C3iwjbFBeZ0Y6xf13max3w1iX+rF+0zt13hPlUDudan4fAq4dXKFIIfbp1eIvSpkqFPK33zRl8utdwUnchk5VcCYjAA+lcPd40u4/c587hxfwN0TC7l1bC6/eHM2Pz2axE9emSmYwc+OJvLzown87OV4fnIkhh+9GMmPnovkx8/G87PnUvnx04n89yej+OenQvjx88H89OUwfvxyMD95NYwfivJHR4LEdcFi3I8vng7k0+cj+OejKfzjmyv468eS+PypRJ7P1LIiREOGvzXxHtbMcNHwD2+Wcq4ugCMLTByK1/Bqni/P1mUwM8iAra0GrfgZtNFbodFPRQDbOdrjameNm/i5NNrbY2/Q4uBsINBDz4bMBE5Up3CuJoon8wIpSXSjPDMGF0dbvF2dCHKy4aNDGVzoiKZ+vgdR4v4pZi35KWH4+Rrx9NeRI88F37KYjpwg0hI8sUT64hzkjXN0JA4RgshIDNFROMdG4BEbKgjDPS4S94RYXGfE4zwjEf+0OXglJOMTl0xgYtq0vwOmIzo0mwCvucRHFBIVVECQdzbh/tmY3TNIjslm1fJqdm7axsk3j3Kl7zT/6QfvM/L5f2Pos//C//frT/nJf/2Q/9/kj/jV0D/y6zv/xNhP/pa///AC//y9m3zUeYK3Du5hX3MDa1YWUbpwIYUZcyjLzKVoSQmL0gqYETuX0KAkLAHpBPovweJXSKBPLu5OqaSnZHL+7DG+914n6+uzWV2WxYvbN1C7NJ2ClHDmh7mTFR/A2Wf3cPHtZ/mvHw7wD+/3KuU/vt/HpTef5ujONvY2FHKwpZjH20o43LqSJ9uLeHZNEc+sLeTYvnoGX9nC3/Q9C+P/geG/7eH/ufAcgy9v5MRj9by5q5LXdpTzzr46bhw/yM/+so/xf/qQ//HTv+In3+vn6ttPcuLwZt7ct4bBVx9n7L98wmd/fY1f/vgH/PLOP/AfL7/N8cdX05wVQcNCf3aVpXPmsbW8vbuFf7p5mg/OPsWrB5vZ1V7FtrbN+BpTiQmqITSwiaCgRvyDyvA2rxKljAJ+yNdksMBPps82Sx6K4JppP2sVFRUVFRUVFZV/X0z3RyEVFRUVFRUVFRUVlT9PvpUAdvZxwUFGAOsdsBNYO9phZW+HjUwFLbCzF2N2DwXwg9LO9kE0sM208vbbYSXW1mBno8FN1OOMeua7upDt7Mxyk5Eco44VRkcKjPaUmmRUsI4mVz2r3Q2scdezVrDeQ8dGTz2bvfTs8"
11928 [Forwarding screenshot on session b1310904-d161-49ca-a1a6-530fba7baea8 to remote] DEBUG org.apache.http.wire  - http-outgoing-47 << "DOyzVPLDi9HDgSaOGR2YqebPZvsbOiw1rJXb+BpLyeOmE28EuTI0RA7Xg+151WLKM1a3g5y4Z0gT942u3MsVNRDjQIDx0IMHBf1E+FGToWbBEZORxg5G2GiM8pEV7Qow/V0hhk4GWriWLAL74Z68laAiTd9tXRHunMiSMsxwRtiveeDDbwa78mRaC2Phdqwzl/DtiQfNi6KJcXPCYOV2BN7HdZGbzQuIWjco9F4zUDjnYzGJxWrgAyszfOwCVqATfBirC2L0JgXoAleik1YNjbhOViHZaEJXYZGlqJtFbkCm+g8bGLysBbYxBdgHZ+PVVz+VESwJDYXq1gxLvqsxByr2Klx6wR5ZrBgRiFWM4uwShIkF6ERWCUVYiva9rOK0IrSOTkf7+QsgpPmMGduMq8cbOU/dO3kp50tjHWVMXkmjy+O5/KL4yu5JaVvp4zMLWG4axVj3SsZ7SpkRNSHz5Vyt7uaW90N3JYS+FQxw2L+yNkyBRkJPCkjc2X9XKUSsTreXaUweb6G0XMVjJ0XbSkyBaOiPtIjzyKu4I54juGeSkb7qpWo3dE+STUTohyX9EsxXKvI3InBBsb66wT1jA6I+kAjY4NTSAks5zwUvzIaWN5DlvcuNHD/YiNfXmri/iUpjhuZuFjP+KU6vrzezNhFMXewWpS1DA+K5+oX73C5npEL1dzpLWd4YKpv7EItk5fqFcYHxXP2V4lnEs84IJ63v1rcu5ax3kpGxH6NnBN7Ie4tU1Lfu7RakcPDfY0MyXOUexsYEfXx/mZxfYvCiOi7210r1mwQyPeTUcy1or+aofOVYp/EZ9AlPpvz5Yz2lDHaXcJQVxG3T09J37unCxjtLGKscyVDov35O5kMnchh5NRyxs6uUFI+yzTQt2TU72vJfPp6Ep+9kcznbyTx6WuJ/OyVBH76ciw/OxorxuPEeDw/fzWGn7wUxY+el1HAifz8+Xh+8WIUvzgSOiV6X7LwTy8F809Ho/jnN+L46ZsJ/Py1WD4X7eGjEfz0xSCl/x9fnc/pEnc+e3oujy13I9WiYUGoIzMNGtbP9ua722dws8aPN2Y68EKiiROl8ezIChHzrHF30aAT2DuLn0OTDXY6e+ztHTCI70YnBwNaRxP2OvFz6mTCZK8hK8aJg/kB/KdXVvLCSgtNsx3p+P+z95bhcV3n/vaApGEeMTOzLMuWLZltkWVbMjMzUxw7TmzHccgsW2ZmDidN0qQNNG2gmDZJQ46ZKdCec97//a61RzLIE+hpT5v2mg/3tfZeTLPla/38PKtfAREOfyLFtyjRpuZnS9rz9PRMJpS6CbeqyM0MoUN+AuFhZsIjdFRJLwFjWopvQBBtstzkZMUQFOHCFReFLSEOa1ICtuQ4j/VvajxB6am4M7Nw5RRgK8jGUpiGPVe8Z+URklFEWFZLr38DvJES20VQQVyY+N2GVpASWU2YoxX5GRUsW7SexfcuZHCvaqaN6836lbP42fMbOPf5K/z16nt8deWXfPqnY3xz8S24/mv+59J7fPLLg+x8bAp7HpvOa7uX8+KmJTxdt5B9S+5h6aTBTO7ejgGlzejRohXVrTrQs30H+lZUCnpSXlpDYXoFGbHtyI5vSfuiVjx3aDO//tk+HpktyvapYNGY4Tw4ZhCPTBrE5oVTWTFzBNsXz+KRyYN5aNwAti+Zzd7H7qPu3nFsWzyTnY/cw+FVC0W+UczsW87k6lJ6F8ZTnRnMsLapLBrahdXTe/PE8un85aOfcOFX+zm6YjLz+rdiYtdsZvUsEs+lzO3Xhvo5A3l24/18/uYB3jq8mn4lyXRIcdG7OImJPVozpH2u6F8Ns/t34ldH13H5dy/w/JZFHFoxnaMrJ/PRC3Vcffcw1957jidXzmNaz1bMH9WZ3/90B3ULZ/LA9LnEOFqQGt2f6NCBREcPJiqhL5EJvZBC8LcJwLcsgj0uoSXe1tqHDx8+fPjw4cPHvxfeDoV8+PDhw4cPHz58+PDxn8nfJQBbQ+z42/RozTp0FgN+xgC0Bin+ilDwrxCA1f4q1BoVZrWaVKuVksBg2lodtNEb6WgyUm410t1hpLfTxACnmSEOEyOdRkY59Ix26hnvMjAp0MTUYDPTggzMDjEzN9zCvaFSCNYxN0jPHKuZ6Ro9U9Qa5pr8eSzczMpYI6ui/amLDaAuyp81kXrWRdtYH+1iXZSTTfF2gYWN8u5eKQILtiY2CsCShnuBE83sEuEueTdwkpFtUgCOd4q8wWyItrMh3OC5C1jkWx8j2os38ni8maUZbhYm65gWq2F6poN5XXIojXbiFHPiL+fFaENlC0flTELlzkAVJO/+LUQV3gJVZDGq6NaoY0oFbRQUATi2PRrpBjq+k4IUhDVS/E2uuIW0Bk4WcQ0WwdIyWHERnepBk16FJs2DWloKS0FYEX+7oc3tgTavBm1B7U00+TX4Kc+98GvWB3+BvlkN9vxyonJbk5uXzgMTuvH+oXmKCCxdLn+5pyfXd3bn4q6enN3bj9P7Bgr6cXZ3DRd3d+PKrq5c3tWN87t7cmZ3f07v6se5HbVc2tWLy7t7cXFnTy6Idxk2xl0SdV1siLuypw/XDvTnxqGBCpf39+XsrlpO7+jBmZ01nBPtn9/fW9BHCc/uFf0QcZfE++WD/bhySN5X3J9ze/twWvThwn7xfmgQl6Q4enQYFw8P4cKhwVySrqSlYCyF4qNDFaH4yuHBCvL5xrFhfPmkvCNY3hUsxWNR/tggbjw9nGtPiXxPeLh0tD9nRD+k2CtF4KtPDFHE4XMH+3JmTw8uHuzN9ScGirpE+rEBou5+XNhXy/k9NVw7LOZTisKH+imWuhekcC7mUt5N/Jdnx/DNM2NFuVFKH6SgfungYNHfYYrF8I0nRij55Nik8HtNtHvjyaEifogiMF/c34vzUow/0Jtrh/pw/bCYV9GXq/vFnOwU67OjWsx3NVf3dOfaXkk1l7aXcWVnGdd2iXBHZy5ua8e5zSWcXFvAqfp8Tq/zcHJtDl/UZSrir4c0hc9XpwqS+XxVJidXFXB6VQ5nRfqZumROrk7is7okPq1P49MN2RzfmMfJjfmcWZ/F2fp0LqwT9a3P5U8bi6jr42ZpewOfL2nNsj6JFMaoaR2tZ2zrRB6pTOBgPyfP1Ro43NaPN4Yk8tGDXVnaJZgBKSpaBKpItKkIMojvkr8ak78Gs06H1aDHqvfDavFHoxffSrMbvclJiNlAjl3DyMIoNowuZWp7N4+PL2Hu6M5kRAeQ5tDw2sMdeHZqOuNbuogLUpGS4qJNdhwRYWaiowxUxFqoG5jFlHZuOuWF0KFNLnFJkdgjQ7DGR2NNiseWFIsjJRZ3ajzujBRcWdm4cprhLMjE2SyeoLxkwrIziMrKITo7z+vfAG8kRVcRF1ZOQlg1iWHdRZ9rSQ4vo3VODY/dv5KlDy5myujezJvZh20bZvDmK6s5/ekR/nL1Ff564zUunnqWC589Cd+8zf/39buc//1hXt+3mGMrJ/PUiikceHAU9VNqeHxkGXUTu7NpZl/WTx3A8rGDWDi4N9N7dGBMRUtGVbZhZNdKRnTtw6CyWsoLWzK4og2r7h/BpD5FihXtuV+9wsnXfsbOh+azatZYNi2Yym+e2cV7T2xnaMcChrTPZ+7grmwW8VsWTuPg8gXsW3o/h1YsYvmMUcwZ2J1xXdoworQFEzq1YUp5OyZ2LmFmt/asmzaSPz23lycen8vaaUOY37eMGdVtmFzemoldWjG9a1sWDC5nxfTe/GTzAzy7YT73D+vM5B4tGN4hiz7FCQxrn83wTjncP7QLT6y5l988WU91fpCIS2LppHJe3zGPz17azMW3jvH2/lU8s/Y+XtrxIM9uX8Tccf2YPnIiYaY8UiL7EhXcn6ioQcQl9icmqQ9RsbcRIxF5biLyKgy8ibe19uHDhw8fPnz48PHvhbdDIR8+fPjw4cOHDx8+fPxn8ncJwJZgmyIA+1n0GGwm/E3i2aj/FwrAGlR+alQaFQa1mnizhWZ2Fy3NNkoMFjpYzXQR/ayym6h1mOgnGOIwMtxuZIRdzyinnnEuIxODTEwJNjPFrWNmqIk5YWZmBwUw0+3HfSFGFoW4m"
11928 [Forwarding screenshot on session b1310904-d161-49ca-a1a6-530fba7baea8 to remote] DEBUG org.apache.http.wire  - http-outgoing-47 << "CfqnqpWMVO0t8ilY3mUlZUxZlZHm6iLNAiMrI00s07Er4uyKa6gN8SZBEZFBJYC8BZBowXw9kQTO6Q76Aa2JxgEepHHyuZElyBQ1OFgfYSerbEGdiQaqI/2Y22yhceTrSxIMjMhyp/Roo2FZVmUx9oJVKmw+KnwF2uhMbtQOaJQuRJRudNRB+WgCmvuEYAjWqKKbIUqqrWHSEkpqpi2qGLbCTqI5/Ye4jqjTuiCKrFMsQRWJcmw7A6RV7kbWCLF4AaBWMknwxSBFIeldXCDFbAUgjUCxRpYoLiSlncG5/dF1WwA2uYDMDTvRWTr7qQ0LyE60sX9E7vx1p57+d22MXxRX8ZftnXmq/19ObW7Px9u6yvow2fbenB6awWXtnXhyrZyLu7oypntNYrb5lObqzm3rTsXdtQo9wmf3dqNM1uqObGxUom7vr+fghSCZb7zO2u4vFeKlX0Vy9jzUvQVnN1dqyCF30uH+ikWtZLLh/sr6dLa9erhAYpFr7QClpbBp3f14vyB/lw5NpQbT4/m+lOjuPpEo3A6RBFXv356lCK4SuS7FICl+PvNM6MbhNjRyvtlaTH89Ai+fm4030jX0M+OUt7PyD4e7M+lI4MUV9EyTqZdONBH0Eu01YdrR/vz1VODRX3DRN/6cWFvLRf39eSKGMsNMZZvjg3iqyeHKn2W7V87Jvs2TJQZyTeiLnk/sRSsr4pxeayapfXvYC4q1tD9Rf0DRL0DxXNfLu3vyWXR7rVDYg4PyDZqxXz24OKuaoVLu+W9v91EXDVXdldxbmsnTmwo4cousXY7O3Fpe3subGnD6Q0tOVHfnDMbCjm7Xlr/SvHX4/b5s1VS9PUIwFL4/WxVihIer0vh+GoRvzKLU6uzOSPSz9Vncm5dJmfWZ3JqfRYnN+ZwSnBmg0hfny7qTef9ZSl8srUjh+5JY1CalmVlRk483ob1Q3JIMWkoE7/fDm41M5rpeGFkLNvaqXiq1sbvp2fwm+l5/GRIIm9OLWVr92Qe7RjHhLxAukXrKBZl0s0qosRvM1inIsSlwWgzoDI5UZtD0BudxNitRIrvS92I9iysTKAyRE3/rAAGlkSQ49Tw1iPteEG0M6bATmqEisREO52apRAaZCDIraJTuJFVfdOY3SWE9tkuWrVIISI+GGtUEMa4CCwpCVhT4nGkxOFKi8eVkYIzy2MB7M7LJiQ/hcjcVGKz00nIyiYhJ8fr3wBvpMb0IsJZRkZsf1IiepMQVE1GVDVJoa3oXTWQF44c4dKp3/LfX/+e//r6l/zPX37O15ef4vKpA1y//Bz85TX+evllznx6hD+/vZkPX1nNhz9Zye+OPsx7exfw1uY5PLVkODtmdGfrlCrWjyvjsX6teaR3G0FblvQtZvGAliwaVMr8/p2Z1bOKKd0rmdSjI5NqWjK8LJ6ZvfPYfv9wjj58H8ceeYR5/XsyZ0A1o8uL2fvoXF7euoLxVa2ZVtuB8oxI+rfOYkxFMb1bZlCdn0RN83SGdmrJ6IpSuuck0iMjlgHN0hkk4se2b8bDw7rz6MgePDS0kq33jhTP3ZhTW8r0qmImdSlkTPs8QS6Tq0TesRWiP0XcO6CUBcM7MbJzBkPapjBY0KdFPIPbpDCzVyuWT6ll/dxBjOicwuiyFO7tV8DaGZU8sWwS7+5fxa6F43lx4wL++PIm3n1uHQunDGHO2ClE2wvJih9IXMRgoqMGEhlTS1hMd6Jiewl63yYC3xKAo8XaeRjYgM8FtA8fPnz48OHDx38C3g6FfPjw4cOHDx8+fPjw8Z/J3y0A6+xGgQmj3dxgBfyvFoD9FAyi3Qi9hVS9jWZmO23sLtrZ7bS3muhs0dPVqqO33cBAh5GhUgR2GBjpMjDGbWRisJmpIRamBBqYFqhneqCOmYEBHgvgUCOLwh0sDnEw16ZnRoCK2XoVi5x6lobbWB3toC7aJrCwJspEfYyJ9XEWgfkmG2LNNy2BpRWwRLkXONHEtgRp9SsxsCXeoFgNb0p0siHeyfoYGxujDIoAvDVRz9p4f1anW1ko8k2K0DI2zcmMNilUJ7gJVqlwaNUYArRiTSxobMGonTGKBbDalY4mMBu1dAEd3gK1FIAbCS8WoUAKwhElqKJKG2h7C0UI7oAqoROqpM6okrugFshQlSKeU8sUVKny/mBJRYNYLAVg8SzvDZakSzfR0mV0N9RZ3VA1Iu8LzuuFqqAfqmaDURUOQd1sIPrC3sS060N8YQnh0aGMG9aNV/c+xPHtg/lqUxcubevByW19+GLvUL7YP5TjO3pyelsll7eXcWNXJTekNfCeGi5JwXZ7d8XS99q+voor6St7eiuc3tyViztrlXgpADemndvRQ7lP+Ip0i7xflBFcOdhPsfK9KfQeGaC4VVY4OpDLMu5Qf8W18pfHRB+fHKa4cD67tzeXDkrXy8O48fRIrilC7jBFBL725Ei+fEYKuWMV5LMUiG+PvxU3Qin/5TOj+MsL4/jmeXk3r6xv+B2hTL/6xDDRxmCuHh0k6K8gBWBp/Xv5kBjjIdnXvqLPvbm8v5cYZy8u7+3JBYEc22V5d+/hAdyQIrDguqjnyiHpBltaN/dVXGF78vUTz6IOadkrRWZZ90Ep+NaI+asW817J+R0VXNhZKdahK9f2SIvfrpzf1kXh4o4uYl3KubxLPnfgzMYSQTGnN7TgrEIR5zY258TqHE7UZXNqba4gh9P1OZxZJ5+zRHw6x1elClL4oi6Fk2vTOFXvcQl9el0O5yTrc0XYwPo8gYjbkCXIFM/pnNyQzUdb2/GTxzsyqtRKa5eKlbUO3l+Qx+PdYsk2qOmXaWN+lwg29YtlX42Dx1urWV5uZle/IJ4ZHMNT3YL5aXUEv+6Xzm8GZPOLfpm81CeNAzVxrGwvfqv5ZqpidGS51USLb4w90IbRYcHi0BNiUpPor2Jp7zzW9chgaWkYk2PUdA9T0zJIxRsLm/PKjHTG5FnJitaSnRlKeVE64SEmgoPU9EwX35ZRzbinSxCd8oPISA3BHWHDnRhJQEw4ppQELKkJ2FLicKTH48xMxpGdiTM3H1duc0JyWhCV3ZK4rCISM5uTmNXM698Ab8SGVBMb3I2kcPFbDa4lPbIvScEVJAS3oqy0B0/t28/18x/xl6u/4Ztrb/I/f3mTry4/x+XTh7l26XkunT7K1RPHePvFR/j5oXm8c3Qhr26dzs83TeXlunG8vGI0Ly8bwU+XDeeVpcN48ZFBPLuwL0dn92Tv5Co2jmzF0oHZLO6TyaK+hSwZ1JHHRnRl1eRa1s+RdGXNjHLqJnVl+chePDy4H3P7VjN3SFem9GzPlFpBj1LGVbZkQlVLBrfJYESnXIZ2yGZYxzyGd27GkI7NmNyzMxN7dGBI22z6N4+lf2E0vfJCGdQylgeHdhTt9WDlpGp+unGeEo7ukESfZiGCUAYURTKkdRz3DSjlyboZPDKhiq0LR7JgZDnVeWHUNo+mtlkUozvnMK48ny33jWD7gpE8PrEb6+8dwCPjKhhblsSYTrHM6dmcx8d0Y37/9iweUcFakf7cloWsWzSTx+Y8QIKrORkxvYgL70ts9ACiYnoSFiUF4N5Ex/RpQD57iBHEijhJTEw/QX+BzwLYhw8fPnz48OHjPwFvh0I+fPjw4cOHDx8+fPj4z+TvEoBtoQ70ThN6hxmz0/ojEIC1qEQbKj89On8TIQY7iXo7OWYnLW0Cs4XWZj1tLQFUWHXU2o30F/0fKhjmNDLcaWCk28DYQBMTg4xMdOmZ7ApgmrQElq6fQ4zMDTWwINzCkgg7i0LMzDZqmaJRcY9Ow4MuC8sjA1kd5WJVlJVV0hI4Wkd9nIF1sWaBFISNSrheIEXgLYkWhW0NbFfuBZbPRjbF69gQb2ZDgoM1MVbFoni9KL85XqQl61mdpGNJkoEZkX6MS7QyoSSVipRQIv01BAVo8Fep0JvMaKxO1I5wNO441C4pAKeiDcxEHZyv3AGsCivyWAIrSBG4QQgOE4S3ErT2iMEKDWJwowgc37EBKQiLMLGBJCkOC6TgmyItgT2oU6tQp3VVUDU+SxG4kUzxXlCDqllPVIXSAngQqoIhCprmg9Dn1+JuVkFs8/ZEp"
11928 [Forwarding screenshot on session b1310904-d161-49ca-a1a6-530fba7baea8 to remote] DEBUG org.apache.http.wire  - http-outgoing-47 << "mYwcnhvfrllChd2DeL01j58sakH53b14uyOHpzcUsGFHVVc2V3N9b3dFa7u7s7lnd1EfHdFCJZc3FXDJcHl3T0FtVyWgq6M39lDCa/u662EMv7afukOug9X5B250uq3gcuH+ioiqgyli2Xp7viKyHf1UD+uSWvYwwMUV9BSIL2wX4quA7kq7/k9OpTLhwdzXt4/rIjAUrgdzbWnRnNFPF8+OkIJrz0pRdxRXDk2gsvSzfLR4SJeCsAi75PSuncMXz4zWuQR8ceGcf7gQM4dGKC8yzRZt4yTbqqlBfDlw3258aS839djoXthn7RorlG4vK8X0v2zFIA9cbWiz2I80j30E6LMsUFcFWNSxnpAuogW+QSXDso7g8V4D/Xm2sFeXG/gxqGefCW4vr8HV3ZVcWlHORe2d+bi9i5c2VHGtb2VIk3E7yoT69KRi4LLOztyaWc7Lmwt4dzmFpxe77nn94u6HE6skVa6eZxZl6cIvyfF+4m6TEGGePZwYk2aCKXwK615Mzi7IZPzm3M4tymXcxvzObsunzNrRB11uVwQ9V5Ym8W5tSJffQan1mfy2cZm/HZnDfMGpNIy2p+iUBWLu9r57fxMHikLo32QjmEZdl56oJL9I+J5dmgsjxRrua91AItKAni0uZ6txUaeKHGyN0PPsUIbh4rs7G0TyI6yKLZ0j2dLTSIHqhNYkudgRn4kvTNiaRkRTLJNT6pVS45FxbA8K8dmt+XAhGweLrcyrMCf3jk6XpmTyqvTkpmQbyItXE1uVjit0qMJCTTidqkZkGth94SWTC6xUtkilMz0YFziu+VKjkQXF4khOQ5TagKWtDjs6fE4FAE4HUdePua8VpjyO2AvaEdQQSvC8psRnv/DLYAjQzsRFVZGVEilIganRPQgPqgTKWFtyYguYlCPgbz54vN8ffEzvvjkLT7982ucPfUrLpx+g798+TpffLSd85/s5Z0Xl/CbnzzCb59Zws+2TuOXu2bz5pbJvFo3XKzNZN7bPobX6vrw1vq+vFXfj/c2jOOd+om8+vgQnl1UywuP9OXYglq2T6tg7dh2rBrThvXTO7NpTiV7HuzLUyvH88s9j/L+M1t495l1vHr4MV47uoxND43ivpGdmNq7iB7NgxlVlsT8IS15cHQb6mb3oH5eP7YuHs3RtfN5edcyDi6fzQNDOzKqcxr9WkUzsE0Ck7o3Y2R5FtN6t2TjAyOZ1b8tI7pk0691Er2bJyh3BvcvTmFW3zasvncAD4yrYu2CMcwe3pXqluI7XpBAeXYUtc1imdu3A0cenc6+xeNZPKKMnQ+OY/nU3ozsmMajoyo4uHgi9VP7c0/3Vszr3ZaJ5fmM6pgn+lDOlN6DSbCnkRtfQXpsLXGRNURLMTh+ANFR/YiO6Eu8FHgja0mMqSU1vhfp8bWkRHdXyEjsT0pcf9Lih3hdax8+fPjw4cOHDx//Xng7FPLhw4cPHz58+PDhw8d/Jn+XAOwId2F0mTE4LVhcNkUA1vxL7wDWovLXo/Iz4CcINblJtgaSYXKSbbSQFeBPM6M/bawGyh0makW/+zrNDHKaGOw0MMSpVxjh0jPaLbD7MdGlY3qQgZmBeoG0AJYCsIklUWaWRNi4z6FneoCGGWI891nMPB4ewvKIQFZEWFkWoWNllB9r4nQN4q9HAJYoAnBcw33AiQ1WwMk2dqTY2ZVqZ1uymQ2yXJzIn2BnlWhvZYSeumhBjKgzWc9jgnti/RkXHcCMlkl0zYkmVK/BqFIRoFFjNJvxN1pR24JROaPRBCagcaegdiWjdWegDspFFdwMVUihIgIrlsCNInBYA6HiPVSKwa08RLZFFd0gAEui23nepTWwJPGWVbBCo+VvI9Ia+DYhWJtejV9GNwX5rM6sRJtXgTqvK6qCWlSFA1A1HyoYjipvEP7i3VrYk5CW3Qgv6EBYWhazRnfntfUTOLF/Eic3ded0XTFX1rfmyuZ2XNxWxvmd3Tm3u5azO7pxdnMZZzZ25qIUgWX89mrObK1SkM8Xd/Xg8h4p+vZSnmXc6S2VyvOVvVIAlm6ge3NJ5FGQFrL7e3ksZw/14dLB3lzY35Pze+X9wzVcEfHXj3gE4Iv7enNmV41Ik/n6c+WItBQeqrh9lu6UFYH20FAuHR3BVUUEHqNw+dhILh4ZrqRdODxMeb/+tLQEHqcIu/L+YGkR/PVz40Tc2IZwjHK3sEyXz5Jvnh/HN8+O4NqxAYoLaCn8yjuApQj81ZOiL4f7iXnqwVkxN3JscpzXD/VVLIXP76vlnBiTHJ8s86XIL0NFPJbjFeky7Yqo95sn+vP1EVH3AVHH3m6Caq7v68aX+7txQzxf3VXO5R1S/O3C9d0VXN9TzpXdnUW+MpGvnGt7O3NhextObSwS61XE6Q0FnFqXy8n6bBHmcHZjPifXSEvfTCU8tTZbEYLPrpeWwOK9Pv2m8CtdPJ9ZL8M0Tq1P4aR4PrE+lxNr80X5POVO4DMrRJ7laZxcIV1FZ/LJ2hz+IPbP8smZtE7TkxhkIsmm4cHuobw7N4XFbWzUROpZ3CmGJybn8+zkVN6cUsC8NBWzM1Rsrgpmeyc3m5rrea4sivpEFY+FqXk4Ss2CeLXIp2NOno2FhXa2ZPmxN9fMoS4ZPF6czbS8TAZnptA12klzo4rRRQ4mtTXw5oYqlo0KZFipnftqYnhlRiyvTollYp6OGKuKlEQXRcmRhAZasJpU9Moys29qa6a1s9K5wEl+XjjOMBOWmCAMiTHoU+IxpMZjVgTgOJyZSTiz03Hm5mHOa4m+oC22gmKCmuUS0SyJiPwor38DvBEZ04HQ8HaEh3YkPqKCpMgqksM7kxrRlghHGmWlVbzxk9c4+dEnjBk6hKL8fKoruzJ5/HD+/P4TfPS7rVw98SSvP7OEP71azyc/38ivDjzIS+un8frWWfxm7728u2sqvz84hQ+OTeadXYN4bUMvXlrRn5+uGMrbGyfy2qph/KJ+FO9tGc8vRfjr7ZP4/d6Z/GrnVF5aN5YnV43g8PIRvLz9XtHGOs788SA3Tj/HX7/8JVePP8env9jKr44+zE+2TOePzz3Cn55/kE9eeZSzv6rn0vt7uPzBMc68e5grf/wJNz54iV8/WcfRVTNYN28Qj0zpwfyRZQzunMnQijxGVTVnQPtM+rXNpE/rDAaW5jKkTT6DSnMY0iGTqf2KmTG4HeP6tqF352ZUi/Saklz6t8tnYmUxQ0tSmFqey6PDy3h8TBVrZvTjkfE9mNlT7NFxPTiwaDyPDitnTGkyjw+vYnH/MkaX5tE7L4s5/QbTJaeUnOgWxAe1IjG6gtiYGmJj+5IcP4SIoBoSI3uRFltLTmIN2bGVZEV3JiemCxkRHWmWVENWTA+SQ7t7XWsfPnz48OHDhw8f/140PRDy4cOHDx8+fPjw4cPHfy5/lwDsjHBjcJpvcwFtxN9kwN+gx0+vUwRgj/jrEYA1Wn9F+G0Uf1UaeV+vh7vF3P8N0gLYXxGATXoboSYXUQEWYtQ6kv30ZOj15Jv0tLIa6WA3UGkz0t1moI9TWgIbGOwyMNRtZESggVEuPePdesUKeKoIpQXw7GAD9wYbWRBhYlGEgQVhJhaEWLnfZWNGgI6JKjXzTCaWR4WyLNLBY+E6VsXqWJtgYG2ciTUxZoV6gbQI3hBvufNeYGkRrLiFNrMl0ciWFJFPvK+KMVGXYGdltIHFgSoei/ZnZbqZB5INTIg1MLN5HMMKk3GpVJjUKnQaFVp/MRd6EyqzE5UjHJUzFpU7Aa07Gb/AVBGmog7MQiWtgIMLUYc091gDhxYp7wohLTxIS+AIKf62Qi3F3qg2qKIbkPcEx0lr4Hao4kWYIC2BO6BO7IhaCsGJEukiugJNSiXa1CoFTWql8u4nnv3SuhKQXk1ARjd0mRUEZLXHP7sj2hyRJ7cH2rw+aPP74d9sIKYWA7E074mzsBuhzSsIySnBHZfE4H6V/GzTdE5u7cONtS34a30uX9YXcHFzB07urOHU/kGc2duP8zu7caK+vSIAS1H30m7pEtqDfP9iQxdF9D2/oxs3DvZVRF+ZJgViKRhfP9CHrw7350tp2SuepVB6bld3RQSWAqq8S1e58"
11928 [Forwarding screenshot on session b1310904-d161-49ca-a1a6-530fba7baea8 to remote] DEBUG org.apache.http.wire  - http-outgoing-47 << "/ZALy5Kl9P7eip36f7lySF8KcKvnhjCxf19BNJieCDXnxjKl08NV+7WvXxEpB0ewqUjQ5EunxvvB5bPUuQ9s0/e6TuUK8eGK/F/eWGC4hJavp8/OEjJJ98by0qX0jJNPsv4G0+P4pvnRor2pCtojwtoKf4q4bEBom+DFLH6qmLh7HEDffVAbzEuacncmxtH+/H1kwNFvgFK3PUjfZXwykEpgEshvFZBjvva/u58eaCGa/vEHOyu5PqergpXdpVzcWtHLmxpz6VtHfhqTzlf7qtQBODz29oqwu/lHSLc2oqT6ws4vc5j+Xu8LpPjq9IV984n12Zydm0OZ9Zkc3JVBl+sTOXk6jROr8ngzNoM5W7f8+uzBJniPU2kJXNqTSLnNqZyYn06n67J4uNVOXyyIofjy7I4tUzU+3gKx5dn8uGqAt5ZXsj+edkUxalIijQS4nASbtayoCaGd+9JYlVnB+PS7ayujGJTTQhrKo0sa6HhwWQV65v58fqgNF7tncAbfZN4uoub1/uI534pPFUZxqHycNYUmXkoy8iDWToWZ/szL1XLrFQLM3MimVGQwKTcWMZkBDE2wy6erYzK0FA/OJY907JZ2CeG+7pH8tbcJF6bEqMIwHF2FckJQeTEhGK1BGCzqeiba2Hv1NZMKrHTo3UouZmBhERbMUUFYkyKRZccjy4pBlNqbIMAnIgjKwV3ThahmTkkZudSUlLIsH4d6VuRytg+6V7/BngjNqGS8IhOhId0Ji68ggRBYmhHksJaE+PMpHf5QN544XU+/cNHdG7XidjIeGLCRfsWG5//+U0un32Tt17ZSmasiT6dsvnJrhW8dXgj+x+bw6+PbuSPz2zivUPLeHv/Yj58fimn3ljDiZ+t4MJrdZx44RFOPPcQv983U7ES/vypeXywfzqfPTmXL55fwLVf1fHfnx/iv84+x40/H+Ty73fzl/Mvcf6To1z5/AnOf3iYi388xIW39/LB0yv47PnlfPPeDs78dCkfPfUAvz54Dx89/ygfvLCan+1ezEc/3cGpN/fy+s77eXH9LF7dOp8PX1zP2bcP8tHLW/jts+t492gdf3xhM89veICN9w6nfsZgNs8Zwa4HxnLg4XH8Qo7jlU386ZUd/PnNw/zu5X3sXTaXR8b3YnZNK+rGd2PX7N7Mr8lhy+yePLtyCnseHMHsns0ZXhLNyNZR9M0Re7JNDPeLuBWjKhjeKpEemdGsmTmFhWMn0blZBzKjW5CbVkVqQlcSYruJsA8JkdWkxFSRFCHSY9qTL77dpdkVzB75AA/PWkWR+I4XJVXSIqXW61r78OHDhw8fPnz4+PfC26GQDx8+fPjw4cOHDx8+/jP5uwRge5hTEYBvuYA2Ki6gmwrAUvj95wjA8g5gf1GfPzqtniCdhagAM/H+BpL1RjItZvLtZooF7ewmymxmuloN9HTo6ePUM8BlZHCgkeGCUW4D491GJrj1TBbP0wMNzA4yMifYyPwwIw+E6bk/1MiCUBsPBDmYYzYzzc+PGf5+LHRaWBrpYGWsndVxJoGBNbFS/LUorFUEYHkvsEAKwSKPciewIgB7rIG3JEkB2MS6RFFexK9JdrI02sB8p4p5QSoezXIwK9nK6NQQRhclEa9XY9Go8Neq0TZaQhusqMyBqBxRDQJwIhq3tP6VpHgE4KA81MHNBFIEbhB+FfG3uaAIVWhL1GHFqKUr6MjWqKX4extqKQDHtkMT3wFNgiCxo4ekTgrqZI81sCalHE1qA+JZK/BLrcA/tRJ/8ayQXEFASkcs2e2x5nbAml+BtbAGa1EfbC36Yy7ohatFXwKLaggqrCKiRSWRLcpx5nfBHJvGxIGdeWdNf77a3Jn/3tic62vyOLexHV/s7MnJ/UM4vX+gImhKt9AXd3Xj0m4pAEuLXykAi+dd3TmztVIRh8/vqOaaFHUbkHEy/aq0At7XEC/qunpACqU9uSLCq4333krr18N9ubxP1Lunh5Lvhnj/6ugA/vrMcL55apjIM5BLB/oplsBXpSWwvFf3iWFcOTqEy0ekQDuU6/IO36dGinCEEn/16DC+fnY0Xz0zimtPDBdIF9DSNfRwLsv8Iq98v3RkCNINdCPSRXRj2vUnBivun6Wb6kYLYIl03SytmKWQfUmOR47xYF9FDD4vxiC5IC2A9/dUxnhd3h0sxizjzuysVji3u7vyfm1/LZf3yjks5+yWTgoXtnbm8s5yru6q4MrOMi5tF3Fb2ov1acP5LW25vq+MK7s6cGmHtNou4eymIk6uy+dUfZ4gh5NrpZvnDE6t8aDc4yvv/V2bpQi/HtLFezpn69MV8ffixmwubsri/Abp2jlZlI/j87VpfLo2h0/WFPDJ6jyOr8zmi6WpfP54Gp+sbMavV7XhnU29mNwthOQwFRHhThzOYJx6LfdURvKH+zJ4dXIe2wfkcWhgEk+OjOfoiFgea+nP6pZ2NrQIZHtpKLvah7K7UxC7uzg51iOMY92CeK5nGD8blMAbg1N4d2QObwzM4Lm+WRzsnsK2TtGsbxNEXbGBFc01rG6h5tECFRs6+bOnl1NpY8+QaB7rGUVNgopf3hvPr2YlMiHXQKRFRXx8MGkRIdjFt8fm0NA1xcDOycWMbuGgW5GbfCkAR5gwRbg8AnBSPIaUBEUAtglc6fEEZiUTlJ1OSGoCBa1yqKjIpbS5nanDs3h25xivfwO8ERfTjajwCiJCyokKKiPK3YHYwNakhBeTEJxJbZdevPzEixz/4ydUdigjKymXtNh8jH5W3nnrFf765Rf8/p2fYlSryYuP4sC6tay5fwEJVgcRATraJSVy37CB7H5sIc9uXs7vfrKXK5+9wX+f+zlcfImvf7OZL99dz6XXl3HjrZVceX0p5195mOPPP8Cfjt3D69vGcfDRnqye2Y6Hx7dk16P9eO8nj3H8N7t4estMXt46l98deox3pZi770FOHHmIzw8/wPEnFvDR4fkcf2EpHz+/mle3L+IPz2zg7Os7+dXO+3hx9SReWjOF4y/X89c/PsF/f/AUZ9/aIdoaxYfPruZXexbz8rp7OPrwOPbdP4yjD43hN/sW8flLK3jn4EI+erGec+8d5bM39vPesTW8d2g5b2yax9MPD+P93fP4+q3NXHlrK88uHcmrG6Zz9Ve7+M3+BaLdcbwo70auG88Ly8eweUY1M7tmMbu2JSumDObeIf0oK2hBSU4pRTkdiQlvTnRYKxIi25GVWE5WfHtSIgppltyatrntqW5dyYt7n+HEux8zY9AUyvLLaJfZxeta+/Dhw4cPHz58+Pj3wtuhkA8fPnz48OHDhw8fPv4z+bsEYGuIXRGAjS4rVrcdvdWI1qDD718pAAu0Gi020XaEyUqcwUKSwUymzUaO00ae6GtzQanDQgermXLR527WAGrtAfR1GRgUaGZYkIlRgrGBUgA2MDnQwDTBrCAj9wjmhhi5L0TP/BATC8PtLApzsyDQxVybmal+amYEqFkSYmFVvJuVsVaBmToR1sUIoqUIbGZtgwDceB+wFIGlO2iJIgInm9iWZmZdkonV4n1NmpvHYozMcamYEaTi3mQrE9NdTCrNID9QzL9KhVGrxk/rh1rMtSrAjMroQGUJQWWLQuWIReVKQC1F4MAkRQhWSTfQ7jzUQfloggsUpBDssQguQh3aAnVYSzRhrRTUEa0FjXcBCyJLFYtgdUw7/OI7ok24RaMQrI5vi0qS0A5VYntUSQIRahI74JfciYDULpgyK7HldMOZX0Ngs24ENSvDnd8JR04nzJmd0KfJfAJR1pzeAXNqCbq4fEzxOVhTCjHkVmLNqyQxJYG5fQv4cH1vrm6r4OqWTpzZ3IVTO2s5sbs3x7f14PxOgUi7vEcKv1IA7q6Iwed3dOXc9iollHHyWYbnt3viL+3sxhUpACtCsXQfLd1Fd+Py3h5ckYLnPnl3bg0XxPv5Pd25IJDlZRs3pNvkQ71Fvp6KAH1JWgDLe4VFKK2AJZcOSDfLfbgg4i4fGsD1o0O4cWyIknZxfz+RJu8VlhbG0vXyEBFKIXcQF0R6I9eeHM6Xz8h7godySaZLMVnQmH5FlLt4UNQl+nFuXy0XpXh92OPi+bq0CD7cj"
11928 [Forwarding screenshot on session b1310904-d161-49ca-a1a6-530fba7baea8 to remote] DEBUG org.apache.http.wire  - http-outgoing-47 << "ysHRfv7eyn3/ypWwPtFv+Xdvof6KuLwhb3SyreXkldaC984OoAvj4m2xbtMO7ujWpST9yXL8VdzaU9XLu6o4PSmDpwT63Flp3T5XMWNvZVc3VnGhS0dOL+lHVd2d+La7s4ivT0Xt5WK+GIubG7BybXynl9532+u4ub59Fpp1ZvJFytTOLEqVRF+z9ZncWFDjiCbc+ukOJyhCMCXNmVzaXOWwsUN6ZxZk8QJUfZTUd+H9QX8eW0On9aJ+kS9f16WwRdby3lnQ28eGllEfpw/ceEmHC47RpuLIKs/cypj+eWkWN6cItp8/TGOL69md88glrbzZ1UnBxurU1hcFMecjEAeKAxhbqGdBa1sbO6TzLS0AO7N1LEgI4B58QE8lm6kLt9MfUkQO8qjebpPIm8MT+E3E1L4YFoqf5gUz68nxvLu1AReGx/Ls8MiqO8SwCNVbirD/HlnXjxvzYhnXI6BKLuK+IRwUiIicQQFYnEFUJZoZOfUUobkO6nMt9IiO5iQUD3mcAemxFh0CXEYUuIxJsdiFwRlJBCek0pYbjphmbHktEqiRvyWOnZ0Ure0Oyc/2uT1b4A3okIriAwtJzqsiljxHBfSgbTo9hRnllHVpjv3T5vHuz97ky/e/4iKtp1JCkshN74FQaYIzp44zX99c4Nfvf4GBo0fhWkFHNl2hA2PbCInMo+c8FxSA0U/daHE2CIJMbmwavR0Ksjl5e0P8ZePDvHGjum8vGEMW+7tzCMjclg1oZB101qycWZrtt3XgR0PlLF9QQV7Hu4uqOHto/fxyS83cPXTpzi6dhrb7x/M/nlD2D+tNwcmdePAuM68MLeWNx4dwk8fHcxTDw3m2eUTeWP3w/z55Z18/OxaflY3kZ+uGsPzS4fzm91zef/wg1x7ZzvX393BlIpY0Y8WjG8fxuyqROZ0TeEhMbfbplXw9MP92TWvjF33V/Ppiyv40/Or2P3QcOqmVbN6YmfWT2jH04t6c3RuBc8/WMuLj/TliUU92TarjCcf6c8r9aN5fsUgfrJ6CL/eM4M/Hr6Pcz+v460dc3hh7XR2Lh5L3b1j6duxNRXFrenSqiOZCfmkxxWSGd+SLDHvzdNa0za/LVWtO9KnUxkPTJjAa0eO8P7LP+Wto08wpmstNc07eF1rHz58+PDhw4cPH/9eeDsU8uHDhw8fPnz48OHDx38m/2ECsBqtWoVJPMc6HWQEB5Nms5JmNpPttJPltIrQTL7TQku7mTYirbPFRJXFn+5Wf3o59fQPNDEk2MTIBgFYWgFPchs8bqClCCyepQg8J0TPfSFmFkbYWRzl5qGoQB4Md3CPqGeSRsVcq5ZHw208HulgRbSDulgbq2MsCh4R2Ep9nFWxBFZE4DgzG+MsbIq3eu4ETjayPUPEJ5tYnWhWBOBHEizMClQxwa0SfVQxpUUS3TLjsMsx+6nRabT4+cm51qMOsKAxBqK2hHkEYHssKmcCKneSQIq/MkxHHZiDJjDfgxSAg5qJsBBNSHM0oS0UpBCsCW/puSNYuoOWhHvcQqujStDEtEET20BcW9QCTby0CpZuoUtRJZSgSmqDOrkd2pT2+Kd0wJDeGWtOBRZJVjmWjDLM6V0wpXUkIKFYwT++GL+4VvjFiueYFhhFnDmpBeaEfPRRqRgi47EmZmDMEG0mlhKSXkBuTgJzh5Xyq00j+Xh7f05tle6cqzi/tZwTGzpyeks5Jzd14cpejwAsRVwp8DbGy7AxTgq48v2LDZ04LdIubKnk8s5uChcbhGGJFI0v7unusfgV9Z7dVc3p7ZUirVJJu7a/J9cOSFG1VhFVPXcS1ygi8NVD/RUuHZACax9FXL18oA/yzuCvFJfRgxXX0VJglfkvSAtk8fzNk0P5SnDpsBR3B3B2f18uHx3MV8+OUrj25DCuPzWcq08M5fzB/kq6zHflyADFAljeASzv7JX3Fl890o+vnxrCX58Z5nEDLeqX7q3lHcAy/OrIIP4q6pN8Kdq7LuqT4Zci/ptjopyIl3ku7+3N6a1db4rhVw/Ucv1QL1FPrZiLCs5vl3f9VnJtb1du7PPcB3xtdxWXd3TmwtZ2XNreXsxxKec2FnN2fRFn1hdyfGUWX6z23Pd7anUmJ1dneNw9r05XOFOXIZDvqZxalcKZNWmclwLwujQurE9XUJ7XpnJudQqfr0rjj6sy+f3qbP64NouP12VyvD6TLzYV8/bKdry4ZhgJbjVOewDBQS4MFgt6m4UQ8T63PI73JsWxq4uGLw+O4PiSEt6akc+jbez8cnE31g0qpHeyi2KLmlTxDUgQZJtU3NevhC4JdhL8Rbz4nWbrtWRo/UjWaEiyiHxGFfFaFUkif76gsyhfKejuVDEoRsvkPAv1fVN5YkYrnlpQxuBsF69PD+PnkyMZn28g1qUiODyQmJBIDHY3etHXbjlODtxbzogWLiqyTbQriCAkKABLqA1LQqz4bcViSIrDnByHMzmW4LQ4QjMSCU1PIi41kqw0J7MnlHHfpFLmjy9kwaQSr38DvBEdUiboRFx4F5KiupAW3YGcxDa0zm1Lr/LuPH7/A7z381f4+NfvUlHShsTAOFJDs7BonXz2p0/569df884bb6HX6GmW2pzXnnmLrcv3khqST3ZkMRnhLciIbElqeCHR7kyCLIkEmwPZtWwuZ97eyYa53Xh4bGseG1fCikltWT2lDU+vHMxTKwdy4OFa9jzYnW33V7Lx3s4sm9SKn26fyu9fWsGVj59h79IJTOuax/hWqazq05Zdw8s4OqFSUM7RKeXsn1bO44OKWDWhgt8+Wc/Jd57g8KOTeLBXPuvHt2fb9DKefngQhxb15uRPV/JffzrA46OK2H5vFQ/2z2brjC5smdqJvXO6cuT+Gp57tB+77u3Ixhlt+eSFxzj52jp+vn0OP904jZfrxvHEwlpeXTaArWIN9s9sw7ZJxRyaX8WhhT1YK/q+YkwBO+d2ZNs9bdk4rTWvbxzNzzeMYce8rhxYMoRDj0/gk58fZNnsMVS2zKNj80KK0nMpyiikVVYrijOK6FRYQrVYh+pWLRhTU8nrh3dy6U/vcO3j3/DJqy9QN3MK9w8e5HWtffjw4cOHDx8+fPx74e1QyIcPHz58+PDhw4cPH/+Z/INcQFs8LqCt/2oX0Gr81CosUkxx2ymICCPX7SDVbCDNYiTFrCfVoiPTaqCZ6GuJ1UJHq4lyqz/VNn9qHXr6Bko30CaGC8YEmRQBeKJgqtvANMFMl14RgWeJuDlB0hLYzIJwK4sjbSyJcrAg2MgMvZrpOhX323U8Eurg8QgHK2NsrIq2CMwNArBFsQJuvA9YisCNArC0At6cZFAE4I2pZlYmmFiZ4uSxZDtzInSMC9YwOtHOxNIcYgz+2HQBqFVqdFo/ArQB+GkN+AVY8TcGobWEo7ZEo7LFeARgVxMB2J2Nxp17UwRWBxWgCWqGNqS5xwq4AY9LaHlHcMtbNArA0aWoRKiKFs8NIrAiACcIktuiTmuDNr09/hkd0GW2R5cuwtR2+CeV4pdQijauFZoYUV9UC4FoI1IQIdoMF2GY6EdYMzShuahDM1EHJ+IfEkdASCQBwcGYI6MISm+ONbUVAXEFBGa1IDE/hxnje/Du/tl8tq0317Z04OutpVzbLO+XreT0lgpF3JVIsVda80oh98zWCk5s7KyIto3CbaN18Kn1nTm7Ubou7sqVnd0Va+Are2uUNFlO3nt79UBPrh3sxRURXtkn7xSu5uy2ClF/V0Vsvn6gN399cjBfHRkg8kjXyj25sFfkP9hPEXxvHO6viMRnFXFZWtL2FHn785cnBvHN0YHKu7zDuDH+hqjnuqjvyhODOS8tdOX708O48cxQvnx2hAiHcVWkXzo6iIsiv+TaEwO58eQgrotQCr+NbqC/kv1qvANYWvw2iL/XDoj0gwP48vAgvj46RBF6bxySIvAA8T5YiZfP1w70E2X6ehDjvCzvAt7bQ7GEvrCnG5ckYj4u7+7KVSn8SvaIedkp1mK7FNfbc25TKWc2tuZ0fQu+WF3AZyuz+Wx5hiBdkMbny1I4viJVufP3i+XJgiQlPLEi+ab4e1a6gF6bJp6TFU7XJSmcXZnI6aUJ/"
11928 [Forwarding screenshot on session b1310904-d161-49ca-a1a6-530fba7baea8 to remote] DEBUG org.apache.http.wire  - http-outgoing-47 << "PnxJH67NIVfr8zgD/VZ/HlDBh/UJfOntc357ZZedG/mIDHaiTsiFqPJhc5kwuQy4TRomNYmlC/mF/C7qZHsqDLz4iAzzw2LY0ffZIbE6hlX4qYkwUDHVDtt4wNoF6OlXbiW+TVFTOuYSY9EJ30zY+idkUi35ARqMpMpzwqkMs9Ntxw3XdPcVCUGUZUUTllCBMXBJvKd/rQMUVEZr2JUsT8bpjRnZscQXhzv4PUpMYzNNRBqVaMX37HE2GRMgWFoLP70KAhm3fhW9M2yUZGpp6JlHKFBAcp/2rEmxOEfE40xIR5bcjyupFjciVEEJ0cTm51Ci2Zx9GgZyGwxrvX3tGHh0GRGdgry+jfAG2nxFcRHtCM2rITEiGJBAbHBSUS5Q8kV4543eQS//8ULnP7gXarblZISHElaUCKBAU7OfvIJ/PcNfvnTFzFrNGTFJPOrF99i58pdpIVkkxHejOTgfJJDCgm2pGALiMNhTMSktbN3zcP88eUtzB/ehtax4pueY2N6bTYjOkTy5Kqx7H1oAEsntOXRMa1ZMrKY2bVpjGwfwhOrxvD7n67l2ucvsXnxKDrFm2muV3Ffh2wWi3VbVZ3HM9O6s3Voa7ZP6CjWM5f5A9vx/kvbFAH4kVGVlEepGNbMxuzKeLbNrmLzrEq+eHklf/3oMPVT2/P86pFsmNaRHXMqWTqskD33duX5xwbyat1wjizuzrppbfj9sUWcen09z6yZyKZ7u3NocV8OL+jGrhlteLx/IvvvacfO6W3Yd18lP98wgbqJrXl8RA6bppeybZZIu7cTb24ex7GHe1M/pQM75vdi2cQKPnhxB6vuGUWXvGS6FOZSmplFy9QM2ucWUlbYgsqiInq0bkGfti0Y0rkV9fMmsWvJLHYLFg3rycJBNdxTU+l1rX348OHDhw8fPnz8e+HtUMiHDx8+fPjw4cOHDx//mfxdArAr3I1RCsA2E0a7WbkDOMBk+JcJwBqtGn+1CrMg2hRAfmggBcEuUkw64vw1xOu0JOi1pBgDyDGbKLLaaGu3UW7T0dXuT61TT1+XkYGCoYIxbjPjBRPdJqaI96kuE9NdBqY59AIDM0T+WS4d9wbqlPuAF0VYeDDcwjyHH1P8VMwx+fNQsJNHQp2sjLGzMtoiQrMiAktL4DWxnvuA18aaWBcn3UCb2RBvZmOChY2JerZlmtmUbmVlnJ4ViTaWpbmYK/KPDtdxT0k6HaKcOMVYdWKOVSp/AsT8SgHYX6vH318KwIH4WyJQWyI9ArAjAZUzySMCu5IF6WhcWWjdOfgF3iYCK0JwM1RBhU0QccFSDG4paKFYAqsjW3sEYOV+YI8A7B/fjoDEDgQkd0QrBeDkEtRJIj2pFeqElqhji1DHNEcVLeqMFEQUoArPF/XloQoVYbAgSMQpYa4gB1VgBgFhGahdMfi7ozAGhaFzuzAGugmOSSAmuyUG0Y42VbSb25nsjp1YvmA4f9o5gqubO/A/W4v567bWXNtZdlPkVVw47+mhCLkeeihirhSEz26rVOIaReJL0rWxFF+l+KsIwPKu215KHiV9r7QA7tFg/dqTq/tqub6/lquizusHeipIgfjG4T5ck/fv7u/NJeli+UBfRQyWz8qdwor75IY+NTxLpBgt02R/rh/oxZfSgle8XzjYk8tH+nLxUC8uHe7L1ScGcPVYP64/OUiJvyTau3K0v6Cf8nxZuqI+IuLE80XRnwuyj+L5S1HuK8E1WYfSP9GeYrncl6/kncT7RR37pMjrCS/t6cP1gwO5cUgKwAOV+Iu7e3NuRw3nd8l5EOM5JMYm6ji/uxvndja42N5ZJcr34MaBWm7sF2OUbqJ3lCt3Ap/d1FbQhgtb2nJmQyuO1+XzRV0ux1dlcXxFJsdXZnCyLovTa3M5uSqTEytSOb48RZDMiZUpnJaWwGvSlfCUtAhencIJwam6VM5Ii+FVGYqo/MHKHP4g6nxf5P1TfRofbMjjd5s6s6BfDOlBGoKDxe/GHoHZFkaA0YjF5UeQQc2UFk4+mJ7Or0bb+e2sSH43LZqjfcKo7xbDnNY6+uSq6dHSyeB2UYwoDWdCq1CmFLm4vzSExW3DmJphZlqmm2kZgUzNDGRiehCjU92MSHExNNnJgGQHfVNd1GQEU5EeTO/WyfQqSaCvqG9ouaAsiDVzOrCwTyLPj3PyxowEhmYHEOZUYw9xEhsRg9kdjEqvobpZCEsGZtE7y0RVloHupUmEBwVgE98iW0I82uho9PHx2BLjcCdEERofSlJmDG3a5zGuTwEbphWxpG8wGyensWlGLpMrf7gAXJRbQUpsC+LC80iMyMZtlncom7D6q3EZ/RjYox1vvbiT4797mW5ti8kKCyXdFUrL+BSufPY7+K/T/PK5fYTpVeSLfr7z3LPsWrqSnLAEcsJTyAxLIy0snWhnPI6AUByGcMxaM3vXPs77L+9hUs/WdEgLpnthNH1bJ1CVE8jG+UN5dHxXJlXn0L9lOMPbxjKrJo/Zgtd2LuT9V7dw+bOfsuGhsUyrac3QwhSW1Lbhka5FbBrUnqdm9WT72Pa8vGwUr2y6h5e2P8jn7x3jzB9f5Nn19zKjKo1JHWNY2L8Z+xcN5Fd7H+CLV9fx9Z8OMbdvNnsX92PNtC4sHVvCQ0OasWJMCRumdmLbPeVsmtmJdTO68NtjD/PBi3VsFeUfHFXKlnndWTa6BY8NzeTRQWliLVqx+94Kjjzcnzd2zGbJ8OYsFmu8elwxaye2Zs2E1vxy21T2ze/B2skd2X5fX5ZPrObI8ntYNm2o2BNplOdn0To5iZYJibTPyKJjZhblOVl0K8yhT0kBtUXpDO9YyKjOhYzsmE+/5in0yomnfYTL61r78OHDhw8fPnz4+PfC26GQDx8+fPjw4cOHDx8+/jP5uwTgoPBAjDYjBqsUfnXoLQb0RgMBUvzVBSgCsJ+/ThGBmwrATfEm6P7tNFgAa9SEGgLICg2kNCGGgmA3sSIu3t+fJNG/SK2WWL2JdFcIOQ4XHRxGujr09HSa6O+2MtxtZ5TLzli7lXEOCxOdVia4LIxzmRnrMIj3BjE40MzsIDP3hliYF2bhgXAzC8OtLAqzMV+kTw1QM8uo45HwIJbHOFkRa2dZtIXVcXbqk12sijFRF2tmdayB1TE66gT1CQY2JFvYmGFlbVoAO7LsrI3SsSbKwOacCGZHGJiZF83wwiQxDhVWMW6t2g9/f6MYvx9qMUatzojWZMXP7EJrCUZjjUBtjUZtTxAkonakoHGmiedUVAK1IwONK1MRgbXBeQKPO2h5F7BCo/VvcAtUoa0ErVGFeVCHlyiYEjthSOiALr4t+oR26AR+cW3Qxoj06GJUkdKiV9QVJuoNayaePail4BuSJ+rORRWY5SFIhpmK6KsKFP0MTEbrTkTriEXnisLoisTgCEZvd4n958DmcJCYkUNwXhfU8R1QZXQlsEVXSjq05uWts/lwYy0XNnfifH0Rlza34dqeSsWS9sKuHpzdUcWpLWWc2lrGuZ0Vioh7cY9HsDyzvZKz27pybodHKL66vzvX9vbk0q6enN9Ww/ntHgvgCzsruby3SqRLsVbGd+es4npatlOh3IN7aY/HFfWpzV0aylRzcbe0Ihb1ibrP76hW2pBuo0+L/kjrYSkaS1H67NYKzmwtV9JkHfJ+3Wv7a5W0C1JAbQjPizLSAvm/nh6khMqdxGIs0gpXjksK0FcO1XBxvxif6NP5faIP4vnS3mquiL5/eaQXXx3ro4RXxFjPiXGdFX29fkSKw0NE2hC+eUq6iR4i6uylWDBL99Xy/WvpklqE0i30eTFfct6u7uvFX44NEuPow5U9tVzdXasI6dJ9trxL+auDvfnrkf58LYViaSm8S853F85sbs/pTSWc2lQsnos5tb45x9fkC5pxor5QvLfg4uYSLkhX0euKOL22gFNrcjmxJodT6/I5vaE5J+ub8cXaQj6ra8anKwv4U10+f6gv4NP1rTi+uojPl2aKME3EZ/DrzeWsmNSKQvH7TI6Kwip+O2arRXzXXOI75k+gzY8WESr2jC/mpaERvD7Izh/GR/DrMVE80SeMFZ3d9Ivxo35YPqv65fBgxyTGp7ios"
11928 [Forwarding screenshot on session b1310904-d161-49ca-a1a6-530fba7baea8 to remote] DEBUG org.apache.http.wire  - http-outgoing-47 << "Wjo49bQN9SP5bVJDEvXUxulYkSqlkERAQwKNTAsXMcQ8fseGG+kNsFIZYyeDmE6gZ0Cs4EWIUFkBTsItfuTnuGkrHMWo6oyePWeVF6eEU+PbC1ul4rQSCeJoozTbsQhvk8t021M6hFD50Q/uheYGFSVS3iwDkuoA014BNrYJPE7TcORlERorJvm2cFM7JPH/MHZrJuUzbJBTqa0UbNrTgGb5rRiaMdAr38DvLFz0x5GDh5Di/yW2A1iLsU3yRqgIcimwaZTMaxXR/70q3388Rd7qWmbQ474XqZY9EzsUc6Xn70Jl9/h7SdXkx2kolNGGL95Zhf7Hn+AtskxpDttJIq1SXG5SXIHE26xE+kIxOYfwJFNq/nTq08wuroNfdrkMLKqNVXNkok1+lMU6aZzeij9WqVQnhZEmygjnRNc9MyJ5Nm19/HxWwc5+/ErrF08jupmsYxum82MLs2YX9GMHRO7Uz+8LWtGt+HAov788tCDvP/qZj7+9THOHn+DXzy1hsfGdGHDrJ48s3oqv3tyBVsfGMjx17fw10+fZ/aAfO4bXMSCYcUsHlnCisldeHRUG5aP68D6mVWsmNiRzff14dM3d/Ln13ewYeFQ7htWyqqZXVk8vEhxIb14UBYrx7dmz8I+HF46il8eXMLj4zuybHQpa8a3Z+O0ctZM7MCv987n0IODWD5GpI0rZ8+D49hy31juHVjNkA7FVOZm0jI6ig4pqbSJj6cqO5vueTkivTdHVz3Mi1tW8vSaJSyfNJi66cNZNWmomItmlMWGel1rHz58+PDhw4cPH/9eeDsU8uHDhw8fPnz48OHDx38mf5cAHBzqxmw1YrGZ0RkCBDqB3iP+CqT4+68QgE0aDW7RfqzFRG5oEC0jwsh3OUjQaolWCwIMRBtsxNgCSXeHUOI00dlhoKsIezosDLBbGGq1MNxiZITVxCi7mVEuCyMCrQILY10mJrvMTHObmRlk5Z4QC3NDzdyniMBWFoY7uD/YyiyzPzMN/jzgtvJ4lJ2VcQ5FBF4eY2FVvI2VsSKMM7NKCsCxeuri9NQnGFmfYqYuVc+adB1bM63URwewNtrA8kQ7U6NNTGyWQJt4FxaVigAxVo3aH62/EZWfH+qAANQGkyIAa81OtJYgNNYwgRSA4wRJaBQBOB21w4PGlYHGnYkmKFsRgNVBEml9K62ABXcIwK0FJU0E4FZoI+RzCwVtlHgXaCKL0US0FHFFqMNE+dBCQYGoqwC1JFQKzbnKPcQe8TdTcUutCpSkCUQ/AxPRuhPwd8fiZ49A7wjHYA/FYHVjsLjE/nNis1oJCo/CmVaCf1o5qqRyjHlVpLduz/hBXTjzk4f407oqzmxqz+l1zTm/pS0X5D2+UpDc24Pzu7pyelsZJ7d04sLuKi7uqVZE4Au7unNuR3fObpd3AnuE3GvSsnVff67s7selXb25sKMb53eWNwjA3TwWvLv7cHGXtN6VIm+lQKZ15/pBjyWwFHClwCtFYCn6Nlr0ynjpLlq6jZZir8xzVd6lK4VckVcKwyc3dVbSpfgr65JC8JeHeivhpd1SqJYWwj25cbCXgoyX5WWarPv6oVquHeohEPkOi/Cg6Ivo+yXZf/Es424cqeHG4Rolz5X9ouz+Xlw91I/LB/p6XFVLd9QH+yn3Ecs4KRBLpBh8ZX8f0Z9+XN0t+i3m98v9vbkh5kyGX8m8e0VdIl6G8l3ytcj/1ycHKeO4uKuSM1s7cHJzgwC8tTWnNxdzemNLhTObWnNucyln17cWtOLMOhG3roWCFIbPyDKCUxtb8cW6Yj5bU8wnq1vx/tqWvLuuGe+vLuTjR7O5Wt+c4ysy+Gx7e55d3pU+7ZOJCw0n2BWJ02bDpFdjtNkxm41EWDW0jVbx3LwOPDs8itcGuXlvaCAfTEzlxUFxbOwaxs4RzXm8KpGZWUZGh/kzRfzGZycHMz3ZRp/AAA5PbcGW0VnMa6ehxq5iUryGKZF+TAhWMTZUxbAwFX1E2D1IRZVDhG5/SrUqSs0G0XYkcW4LRqsanUVLlOjPs5OTeemeFPq0MmK1qbDa1ZS3SmP62CEUF2XTrVMWiyeXMKEihNHtg7lvcEuSQwNISArDP8iFLioO/9gktOHhuKPdNM8PY2K/fKZ2j2F6FwvT2up5a2M1z63qzgOj8ujUzOL1b4A3RgzszYbVS7lv1lRaF+Zg8dcSZA3A7K/CqFHRrWMezx94kHdeWsuSaT2YPagzo7oUMXdgOYdXTOAXh+bz0UsrmdQ1mUElYRx8bDz7H57AklFdqWkWSyvxDc0JNpAZbCTB7keMVYtTfPt3r1jCe88fYtbgXvQozqNdehytk6KJCFCRZNVTnpPC8C6tqc5Lol18MK3CbVQkh/HCuoc4+/uXuPzZG+xbM59m4RZKoyz0zY9hUvss2gWZqEoQ33uxvkvGlPL05pm8/8Z2PnzvCF98+DLbl06hc0ogOWKNHpvck9f2LWHr4hGc/c1hrvzpGX627yHePPIYB5ZPYsuiYayZ3ZtDj0/kN0eW8+cXNvD6joXsenAUH72yiz+/cYDndjzE1ofHseXBoXzycj0fPLeUXQt68eTy0by28z4OLp/I757fwPaFwzm8ZCRrJpSzaUYPlo5szy+23s+hh8bw2OhyHhzamb0PTubYsvt5eOwgBpa0oDo3W8xhMwa0bs3Q0hL6FRUyqFUL7undnY3zpvPBi8e49Oufs2h4L4a1LWBkuyIGt8ylMjHG61r78OHDhw8fPnz4+PfC26GQDx8+fPjw4cOHDx8+/jP5uwTg6NgIrHYzZqtJEYAD9P74BUgx0k8g3T5L4beRf4YALK1hVYrFWbjNSlKgi5yQYFpEhNIiLIQMs4lYkSdOpyNGbyBSbyLV7qTAbqCVTUdbm54ym5Fqq4Fas54+Fh0DrHoGOQwMdhkZEmRiSLCJ0YEmJrnNTBFMDzIzM8TEPaFG5oYZmR9mUu4EXhhhZ57bpIjAswwaHgzSs1zeAxzvZGmUWWBSBOA6BZNiBbwmzsC6BBPrk83UpeipzzKzKdtOfaqFR2J0TA/VMi7ZQe+MUCKNHnfXKo1KzF8Aaj8Dav8ANDoDGoMZrcmG1uxCY/YIwB4L4DhU0gLYmYLalS7CDA8uSZYixHrEWOl2OU/QYAUcWtSAdP1cjDq0laClQDyHiTCshSdfoMgvy4Q2R63c3yuth2Udoi5F8JXCr3QvLQVm0VZQtmgvC5W7Qfh1pQlSG5AuqpNEvxLQOuPwd8YQYA9HZw8lwBKEv8mBTmCyOLHaHBjsgVgTmmHOrkAd3x5tUjvC80rIz0tm04L+/Hn/OE5uq+LkmkLObyrhomIBLN0113Blfy3nd1VxYnNHzu4oV56lAHxxTw0Xd9dwfmcPTm3pIsJKru3vzZfS9fH+QYoQLC1+L+2Wbo2ruHagm6BW5Okv0vqIOGnVWqFYAV/eW831g7V8dbiPIsxKobbRDbV07/zV4b6KANoo2l7eLe/MlYJyjSLoSsFXCsJSyJXId5lP5v/6iKdso9gr8zeKwHfUKdq8ur+GawelwCvaPCrSRCitfyUy/vohUfY2rh0SZUWf5d3AVw725rJ0U32or0CMTzxfOdhHcRt97XA/Je6yGMvlvWJepbgt5viatJze3V15lvcmX25wpy3fZby0BL4iwgvbKzmzuTMn1rcRFHNyYzGnN7Xk5PrmnFpfyGkReijiVH0RZ0UehQ0tBS04I/KcXN+Ms5tbcG5zK6XsifUtOb62JZ/WteTDtS34aHMxxzeKuJU5nF1TwMeri/jd5q7M6BlHVqyZuOhoTGJP2SxWjDp/jAYjQQ4LeTFW2kRqWD0gmZcnp/CLkaG8OcDKx1PT+NmgGI72T+SB5gbGJagZF+3HDPEbnptk4oE0E3VtQtjWI5J3FrXhw1WdeO2eVJ4eGsdzA9N4qmskBzu52dMxmK3tQllbGsKyYhePFNl4tNjJY20imdMynD7pQaQ5/DEHqET/tLj9tbw2rzlPT46jptCA2aTC7tSSE2unTWEmkyeMZMro7qxf3Id3D03mxce7sWFSMZ1SdMQFqXCFGDFFhBAQE4N/bJz43cRgj3SQkOIiJlxDpww/nlzSh"
11928 [Forwarding screenshot on session b1310904-d161-49ca-a1a6-530fba7baea8 to remote] DEBUG org.apache.http.wire  - http-outgoing-47 << "j8cGsOaWaWMrEmmWY7T698Ab4waXMVPn9/DO28+z9Ilc1g0dzLzZ41m1MAu5CaHUJDsYvrwVjw0vYIRlakM7ZjEpK4FPDSyjDUzylk4JIedC2qY0zuN6d2SWCLyzuqeyZIR7Znfv4RRHdOoaRZFdUEUHTKCaR5nJdqo5cCaR3hpzwZmDOxJdVEeJWnxVBTmkhMeQqzZQE5YMFXNcumQKuIzk6hIj6N/y1x+tmMdH//8Kb469RtWzRvHkI4FdM2KZmCrVGbXlFDg0FM3rYpjK8fw6t55vPfCKk794UnOffwKl754i6Mb72dEpxQeHNmJw8un8MyGOdw7tB1nf30Mzv+Kd55eAxff5a9fvMZvn1nP3kcm8vun1/P/Pn2d//nwp3z47GaeWj2PE394BS5/wP+cfo/3RNyy6T1FmVf5fyd+yhPLxvDTzffw+2fX8OSG+Xz69hM8t+5+3tu/lCNLxvH0sqmsnVrLbw6u4NVNC6mb2oe10weze9E01s4awyNjBtMtN4M+LZozpE0bBrcqZmirIiaXd2BOz65M7tqR+wb04PCyRTy/YTmz+lQxsboDk6o6UJ2VTEu3w+ta+/Dhw4cPHz58+Pj3wtuh0H88b9dRFRdHnKCq7m1P3LEZyntcXBV1bzfJfxvHZnjKxVXV8baXdB//lxxjhpj7Gce8pX0bnjI/ZG3/mSj7aMYxr2n/Wt6mruq238WPkJu/QcE/rZ/K92EGx7yl/V38b/b0/yU/zt/LP48f//734eHH+w314ePfg79LAM7Jy8TutKA36hSkCKxtEHQVEfhfIAD7CfRaNTZRZ4TZREZIICWJsXRKSaI4IpRcp404fy0xfhpidQHE6PxIMfmRadbSzBpAic1AR0GFVUeN00Avh57e8m5gt45+QTr6C0YEGZngMjEp0MQU8Tw9WM/MEB33COaGGbg/3MTCCBsLQi3caw9gWoCKOUY1S0IMrIzz3Ae8LNIjAMu7gFfHmqiLM7JWUB8vSBDPKYJ0E+tyHKzJDWR2lD/DwjSMyI8gT7RpVKvQGVWo/NRoAvSotHoRGhT3z34GC34mB1qz+5YAbItGJQVgR2KDuJqGypkuyLwTV44i/qpDpeVvoQil9W4RmvCWCuoQ8R7SQiAtguV9wCIMabAUlqKxFJDl3b0hAunW2d0g8ErBN9gj+nripOic5hGipeArRWlHigiTPLgSUDvjFLTOGPwdUfjbQvG3BomxudDqbfjrLRjMDvQSRwi22Gzs6W0JSO6AKr4Ec1oJCQVFFGaH89PNUzi+bygXt3bgypa2nN9ezZltHrfJ0j3ypb3dFPFXuoGWro/P7ZT31XrcREtLYSn+Smveq3t7cm1fP67tHYAi9O7vyZV91Vw70FUgXTPXiDx9uLqvDzcO1SpWwVL8vbJPirbdFRFWisBKub3SuleKuFKk7a3ES8G2UbRtFH5luUbRVxF6D3jcPzcKvhL5LuuWcTJPY/xNGvJKi17JVVmHiPO8e56vHfTcUfzlEXlPcc+b7rBl2lUpIitx0q10d49ALtqU9/tekKK0vC9Z5JcupxV31VvLuLCtgks7u3J5V1dF4PVQwdktZZyRlsxbuihxl8VcX9oh5n1TB76ob6W4bf5sdR6frcnheF0OJxrcO3+xOofPlmfyydJ0zq5rztn1hZzbUMhZwel1+Zysz+PMxmai7uacEpxYX8Tx+iJRT3M+WlXAx2ub8Xl9Duc3F/JpXQFnDwxgz7wOFET7Ex1hJTA8BL3Fit5gxGowkBQZRazbSusUO5WpfkxppWFtpYFn+tp4sdafN/o5eblnEMtz/JkWoWZmsIolkSqWx6k40sbA70enc2pBCSeWlLKuo4kV7fTs62/lo0dbcGNrV74Se+/rvR34an97vtxfxvV95Vzd2YUrWzuJfVou5rIfuyYX0DlRT7j4PhmMLuU/Pbj9/XnvofaKFXBNvuyrCptVS/PkYMLFNysk2EFCpJnWGS7m9k9j16xW/GH/dPGcTaboZ1SEDneMG31kCAHREViT4rDEhRGSGkFEUhBDu6ewcUY+8/tFs2hiCZUd4slrnuj1b4A3mucE0bY4nrJ22fTp3o4Z44cya9IwHpg1mqULJ7LusUksnNqNkd0ymDukNfcOaMmQklhm1+TzyKhSJnSOYGa3JHrnGRjfMZrHRrRlWkUqY9vFMaAwhH7Nw+nXMpoRnbMZ2ilbuSu5S1YYbVNDaJUYRHFiCG3SosmJDKQwIYpkt504m4kkl42M0EDSxHunjBT6ti5iUNuWrL1nMm8f2c7lz37HpNpOtE8MZnBpHmPLi5hR25p9j07g6frpPLdpBh+9voHfvbyWD9/YxZk/vMDlT97g2a2LWDK6E4ceG8u7Rx7nZ7sWsnB0R6798Xn+v5Nv8OquJZz/9VNc++Al3ti7lMfG9eDI4zN4Z98q/nCknlfWLeLwIzM5+c5POP/7V3n36a08Ub+Autn9eefAo5z62WZ2zO/Hs6um8Mdn1vGzPcv49JfPsGfJFPYvHs/+B8fyk/q5bJ03hN8dW8MbOx/h8Qm1LBnVQ/RnExvnTuKRsYOpzc+gV0EuEyu68NzqZbxU9zhLR/VnVNtmLBjUg12LZzNFjH9633Iq8hJoHR9McXQQ2U4z2VaT17X24cOHDx8+fPjw8e/F7YdBP1ZuF3ya8r8STv4ZAvDN+m7n/0JAaqBhTHfNR2M//iMOyv92sewfLRK8XVf1DxH/f7zixY9cALtLiPX09/98Lv9mAbihXzd/+15Q9tGPSwD+1+xL73Og/Nb+L7+ZXvkB+1/51v6jxfEf238E+PHzz9mrP7bv4bf059v+/v+j+Y/b+562/5b1/Uf9G+DHwN8lABcU5mJzWBTLXyn+yvsyFUFXq2kIb7cC/ucIwBqNBq1KhUGtJsRiJs5hJ8lmJstpozQ2kpLoCNLNOhID1CTp/YjSqIjWa0iQIrBFR3O7gVK7kY4i7Oo208NtoNalo5c7gN6B/vQNDmBYkIGxgUYmCCYG6Zgs4qaHBDAz2J97QqUIrOe+UAMLwsw8EGTiHquamQEq7rNoeFTErYr1iMArpUVwtEVgZnWMkbpYI2sUDKyNN7AyXseaLCePZbuZGKNjRKabnvmRuHUqMVYVAVYtKn8x7gYB2M/fINbAjL/RToDRhdYciNocjNoWgUoKwI44VM5EVO4kgRSABY4MD64sD24p1OajCStUhN9bNEcT2lwReqV7aA9S8JV39+aIctmiPikipyviruLO2dVo1StDD41ir8qR7BGjbyLvJ44XoUQK1bGoHTGCaLT2SPztYcp4pFWznxifNsCk4G+wotaJPWgPxRKeiCO+AHd2BwJS26NLaU9gsy7E5eYxsk8rfrt7PFf21nJpU1vObZN3/1Zyamu5ctevtPqV7p+lAHxmezmntwm2ivcdUuDswQWRfmlPJdJl88VdPbmwQ94F7LGqvby3K1f3SwtgKfT2UO4IviQtW/d50qQraOk+WorIjXf5eu7zlWk9kCKwFIM9bqGlVbDH9XOjACyfZZx0/dyYRwrCUuiV6TJO1tfoOlrWK4Vgmdbo+lneHSzTrknrYCkQi/Ci6Pt5aZEr8l3YLUXd7si7g7+UFsWCK/vl/cTdRVpXBWkh/OWR3iKsFeU9VsMy/vyuSlGHdBct6xB9l+OVY93cSdCRy2Luboi8N5Q7lLuJd9HXLZ05uUHe9duRS9u6cGNPFZe3d+bcxlJO1xfyRV0On6/K5ERdFicFp1Znc3JVFseXp/Hp4ykcXynTskXeXM5uyOPsRhFuzOHUBpFvQw5frMvl8/o8Pl9bwGdrCvh8TSEn1xby4ePxnNlSwMcb2/Grdf3p1zKUhDAL7jAXaoNG7CMDRpOeIIud9PAISlKj6VoQRp9mOuZX2Pj5/ALemBzNoS4ari1uyc97RbM6TcVC8fvc0zKA59r48Xq5hp+XqXijWsU7g/w4PieGN8cEskqk7+qm56PFzbiwuoSPF8RzbmkoZ5ZaOPmojk8e9OeP8/x4d6aen0818NnmIl6rK6ZviZW4MBOBYTkYbQkEi9/7G/Na88LkdKozdARaVJjFNyxffFeiAy3YbSaCnH60zXMzvkcim"
11928 [Forwarding screenshot on session b1310904-d161-49ca-a1a6-530fba7baea8 to remote] DEBUG org.apache.http.wire  - http-outgoing-47 << "XYVmU4N94xsy8Htixk1vJrk7GiCE8VvJsaNTnyjXPHBRKSFEZnsYtKQInrmWhlfGcToXpl07JBOTFa8178B3kiM0pAWrycx0kBGYghxoU6SIoLIiA0lJz6IrGgjzRMMlOU66SXmvzLDRK88JxPLUhleEsHM6iweH92Rse3jGF0Sw7KRnVkyqD1Ty3KZWpHDpLIchpYmM6JjNkPaZzGwXRaDO2TTq1UKZXlRdCtOoU1mDLE2LZEWf4GOtHDRbmQIyYEO0kNctIiPpDwnnS6ZSQxs05xp3TpRN3Ek9/WuFn1JZVznEh4a1ZtRXfKYN7QD9fP7sfmhgfz6+WX8+bXN/O4nG3j7iXX8+qktHF46lfrp3dg+vy8/2zqHlzfew+DSSD58cQPHX9vFrofGcOrNA/xk/XyeWX0vayb35cU1D/D6xiUcWTSFwwsms+e+Cfz+uT28/8J+tiyczMPje7JoRBfWz6jl2eXjWTuxnL33D+aVDQ/wXP0DvLpjOUsn9WHpuG6sndab+hl9WTC4Awcfm8LehyexcEQlk7oVc3j5PB4dP1DU1Yceuan0LMhkbOe2rJo0kl3zJrFidG9mVJcwq7Y96+4dw9iurahtJfZVUQrtMiIpig2iKCqY5hHBXtfahw8fPnz48OHDx78X3g6FfmzcFF1vEwNuxf2DDiP/wQKwJ9+t/nrEjH9gf5vi7QD4n3Uo/E/jbz0o9hyW/yPH7xOA/7Uo8/+vmLe/WQBuwrcKJz8m4e8f/3v5Yfz45sAnAP/4+ed8Q39s38N/cX98e98nADeSnJqAyWLAaDYoArC8g1da/t4UZDV+t4nA/xwBWKfTESDq81epMWq12AQRRh1pLhu5gQ6KI0MEgeTY9KQEqEjUqYg1+pNo1pNhNZJvN9FK0M5upMJlpNqpp4fTIwD3DdYxKNTAsBAjo4KMjBGMD9YzMdifyYKpwVpmhmiZHezHPYFa5ou8iyKsLAgxMdeqYZZo6367lqWRdlbGOhQBeFmkmeXSHXS0iVUKeoX6GAPrkyzUZ4cwSzyPSbYxqjiRgigbeo20/BWI+lR+GrQBBjHXOo/4q7fib3Tgb3KjNQehNoegtkWisjcRgAOlm2UpAmd6xNugHFQhuch7eRVXzYq75gb3zUGNIm8OaoFG5pdWvK4GwVcKyfYUVLZkESYjLXs1QQLRhoKrwbLXLtq2xSuWyGpb7C3sMQIp9EYrgq/aHqWgsUeIuDD87KH420JQ6R1ojXYxPitanUmxePaTodGJ2hqM0RWBOyaN4PRiAhJLUcW3xz+/BmdBJ7KbpbP5gZ58tr0vZzd25szWKs5s68rJLWV8sakzJzZ34vS2Lg2UcWZ7hZIuOb2titNbO3NuRxcuSaF0Zy3nttVwdqu0Iq7wxO8t5+r+roroK9PP7+jG2e2inm2dlVDeA3xpd7Ui1koxVoq1Z7dVKnf7yjqVenfJO3y7ecTeraL9reWKgCuFYOkOWpaToq4UcmVaozgsQylEy7znt4txibRGAfl2S2JFPBb1XNnXixuH+ilcP9iXLw/3F33vzaU9tVw7IC2X+ylxSp7D0tWztI4u4/L+ar461osvj4p6j9TyzZPSUli0u6+rcn+wvFv4sni+sV/0eZ9oa3sXzm3txNU9Vcr7ld2VXNvrSZfPZ7d05NTGdpzZ2J4LmyRtuLBR3u1byJn6PE6tyeLk6nROKWRwenWmwinB58vTOL5KxK/N5My6LM6sz+DUugyO16Xw2eoUPq1LF2SK5xwRSuvhZqJsc5Enl4/X5/PbTeXcU5tMZpiF8PBIdC4nGqv4PpnVmIwBpIRH0CkrnY6p4VRmuRlWamdq+wB+Mjeb16fH8e74ED6aFMMLXfQ829HAlQc6cn1xG/6ysgVXH03i9Dw7x2ca+N0oDX+cqOO9sXZe7mfl/Slp/Hl6Ch9Pjebc3GhOTg/k+FQdn0xU8dFYFR8I/jhWzbsTdGJMyZx7pi1z+gcTH6QixJ2A1RpPjMPAs5NyeH5iJp3jtITZAnCY9AwsLyY6yIZNfL/MJn/yU5yM7t2ClEQ7NvENc4bqsQUFUNKxGf2H11BV245Olc1JEPniE0yEh2nIz3Ky/N6uVKWYuadfBuMHtKSweQLxzXK8/g3wRlqMH1GBahLCDITaTEQH2kkMDyUlIpSEICuZ4puYHuRHcZyRkjh/isNVdE21iLEE0DHWQPsYE13T3XRNc9E2wp9qEVYkumnuNNO3MJk+BYmUpYZSkRlBx5QQShOCaZ8SRru0cLLFNzc3QkeMRXzX7Rqyo52iTTOJwVYiLDrinFYK4sKJNfsTa/Aj1W6gTUIYFclRlEWHUhUfRZtQF/k2HV2zk6jIiadzZgi1reMZ0iWRCbXNqLu3Lw+Nq2ZMWQEzatowvboZI0tj6ZamZ36/5qycWM7UrumsnVHD0vEVzOndkpVTBzO3Vwnzeon1rG7N8lE1jGyRyvBmSdxbWcrE9gVMryplevd2DCpJZ2JVc8aXZTO4RTijWkfQV+zBIYXRjG6TydhO+Yzu1Jzh7bKZ26eU2bUtGVQcR+ckM31axtAtL4LSeAf926SzfPogRpa1oF1iOF1SI+mUHEnHJEFCCGumDGTDjKFMrmxBaYyFqjwxB7kxNIu2kRdloUViEEXxIaQFWkiyGb2utQ8fPnz48OHDh49/L7wdCv3YuCX23ibA3BRsbzs4bBA874hrOFyUcTcPTb3l+xYB+JZw24TvFYCbiEW3tfl/cnjbUH/TuWh6qNp4aH7nuO4Wtm7NueT2OfEcQN9x8H6XOHb7ge6tA+s76vyBB6h39sPDnWO6tb4KN+tt6Oftabf1+dvH18Bt+0tB1ts0TnBzLe9K+26x8Iesw9177/Z+fsuh+V1r0XQevrtft9br2J3l7hJavr/epv2/va9K2l1z+t3Cwt3zIdu8tb9uz3PHvDT8Fu743TVZr7t/k032lcL3zd13oPTB2/ga17HJfN4+317L3r3+d83PD/yNeWi6ngKlD9722Z1zfqt/d87Z98+pLOOl3YZ5vrlHbquj6RjvXufv60fTPgju2NtNxnYXXsrf3sfv2Vd3fc+Utr99Dm4vewcNe/ru/F7qaroP7irbZG81TW/y2/9b99nd3/A7x3Zznb/vW9BkbhWa9K0p39d243f49jK377u7y9/Wr++cp8Z95O07+l3787vX71v7c3PvN9bTGHdbXq/9+1v+Lv8Y9v7d+b9v/jzfCE/f7/jOKn1vjG8of3Me7xzrzXQve/Bm+03n29se/pHxdwnAEVGhigDssf6VYq/6TmFXCr43+W4B+NtQadRe8Sb+SjRaLVq1Bj+BQbybBQ5RT7hBisBWmkcEURITQnGYg1xLAEl+KpJNBoGRXLuNIqed1nYLHRwWKp0mujkN9HTq6ePW0z9Yx+BgA0ODTQwPMjEyyMjoYD3jQgKYFOLPlBA/podomSXCOcF+zA8zsjDCyqJwKw+F2ZhjFuk6FQtdAayQVsBxThHalfuAl0WbWBljYVmkjhVROtbHmtiU5GBVRjCTokQ7WWH0ahZPsF6D3l+FNqBhrsWc+msN+Gn0Yg2s+Ont+BtcaI3SWjYYtSUUjWL9G3NLAA5MRhWUijo4E410yyxQSdfM8k5eSUOc4q45qMGFs0taCWegcaahFaidorxDum2WlrxJqGyN4m68iEsQ+STxN1GLttW2GA/WKDTWyJv4WSME4Qpaa6jHatkaIp5D8LMJLGIsJidqvQ2t3qKIv9LVtXR9LcVvKQBLV9dmRwiB4XG447Pxj2+NKqYj2oKBqLKqCMnOZ3D3Zvxx1zj+XF/Jic1dFQtg6d741NYyTm7tLEIPUgA+u6OSczuqFQtgyYlN7UX+9pzfWcXFXTWKBbAUgM9Jl8bbO3FmeztFBL62X4qyvZCWxvL+33M7yjmzrYt4ruT6Ac+dvR7XzVIk7sqZrdKqV97r2/0Oq10p9p7eUqaIvfJdirdS5JVirgzPbZOWvlWK0CvLKULvwVtCr4xvFH8b3ULL8Ox2aY0s8h/qx1dHBihCr0QKwVIEluKwfP766EBP+pE+IpTWwmKu9nUVz6Ls4RrP89Farh+S9wpXi3nsKsZfJcZZroi7U"
11928 [Forwarding screenshot on session b1310904-d161-49ca-a1a6-530fba7baea8 to remote] DEBUG org.apache.http.wire  - http-outgoing-47 << "vBtFH0vi3mQXNpZroRSEJbxF3eUcX5bZ85v6cjFTW05v741Z9cVcWZNPqfrcgTS8jdNkMqpVamcWZXO6ZXpnFqZwYmVqXwh4k7WpXF6XQZnNmRwqj6Nz1cn8tmqJD5dmcTHK1ME6XxWl82JVYV88lg+Z7aU8Pv1rdg9rzmlyQaykpJwBCegtbnE78Qfk9MPh/idFibGUpYeT2VaML0Lg5heHcnwQi3bR4ZydKiNP8yK4cOJETzbTsX7A8M4PzOfrx9qy/WlrfhyZS7/XZfE/1sfx1/WCTZmcf3xTN4bF8hbw+x8ND2EDybq+P1ILX8aoeOTMWY+Gq7l89Fqzk/XcX2Rk2+2p/FfL7bjzfp0+pXqiXarCA9NwGaPIVF8d16YUsCz47OpTjERpBd9Ft/gLvkJhDsMGC1GLFY9ceFmupcXYYsW34DgQDRBTgJC7RjE98seaiAzN4LCZnH06lFAj/I0OrQIp3WOm/r7e9Aj28T03tlMG9mZ5JQQskpaev0b4I1ohx8RVj+i7DoSgu1EO63Ei7Zj3DaibHoSAg2khhjIEN/NbPGtlNbJOU41uS41zSPNZLgDyAzU0SLaRk5QgEKzUBPJFj+SBCkWDUlmNelOLal2LfHiOdakIsogMKpIDfIjzqEmwSXyhhiJsfsJ/Im160lyWsiNcJFsE22IuWoe6qA0NoRS8TehKMxNtt1MsxAnqRZ5T7yWSJ2GOJOGZHsAWeKbni6+3V2yI+iSEU6h6FOLcBtlaSG0T7DTId5Ej5wgRrRJpm+zMIaXJtEj001lsp2iQCPtI4yUBhsZVJjGjK7tKIsPpnWgmWK3iZJQM22jnJRGOeiSEsqsXh0Z2CqFrhlBdIwzUuTSkmdVkWfTUizabRsbKNqKY0RpNv2aJVCW6KYk0khxuJhXm5gfMQ8to+30LClgRGVLepfmMbhLc1rGu2ibLvoeZaV3q1Sq8qIpTZIW0XbyIi3EWLTEiblKEnsszqkjyupPlJiLKLPe61r78OHDhw8fPnz4+PfC26HQ/wm3H5w1OXD9Pm4dHN46GLwZd/sB5G0HcLeEgVsHed4O6u4+2Lt1aHfroPt72v0h3NZm04PRfwgN9SvjaXj21k5j/2+lNRyI3rYmSp67DnabzMtt6Y113nmI2jhntw5cm67J983DXf1oelh713vTMnen38xz+x5sMr673pUynvE0HbuCMt4788t8Tdu9ncY5+651aFqHZz822YtNfkt3xnnqvH2em9ZxN43rdft4mq7X99ervN8+T7fvz5v57+z/nWvnnbvH/H19uTvds763z0HT8TV991bmb8TLHvHgaeuO+W4yV97LNtnbXvp3bIa39r6LJnV+a1yTOW3o7x3t3/Ub8j6nnnq9tXH3Hmq6x7zP0w/oxx17rGm/vOyXpnhdD8Fda3Bn3Xf9JpS2GvN7nwOvNB234O26GQ39ub3OxvfbfzNe2hH9vnMtbx9bk/J3jfH791nT9Ka/8x/0LbhrHRvy3PEtuJvva9tbHXeu07fsh7vWoOk8N7zf3ueb+7Np3O19lOW+a/2+qz93t/X9/bs9T9Pfghfu6m8D/6S9f/d6ibJN1uqOdNHfGUofPG003UN3td0wb9/1Dbl7LBIvY7j9d/Uj5e8SgAODneiNAWj9NYoArPVvIuDeIQAHeMLb038A3sRfiTfxV6L1E/0Q7fhptIoIHKBWY1CrsAiCRD+TbAbygq2URLlpG+mm0GUiMcBPoCPbbKbQaqWFyUg7q4kql40eTjM9HQZ6O3T0cwYwwKljcKCJIUEWhgaZGBFiYEyonolheqaEBTA91I9ZYf7cG67j/ggzCyOtPBhl59HoQBaFWJll1jDbouahcAvL4t08Huvg0QgTj0eZWRZr4fFIAytiTKyNNrEjI4wH46yMi7EyoVW6InjIcQRoVIqra7XaT4wxQIxRh7/GgL/BidboVtAYA1GbglCZQ1DZohSXyhp3EtrgNLRhGWhDM9GEZKEOzvKIvNJls/s2V83uDJFf3tErLYUb3DYLNI5ENFLkFWhsUtSNE/XHiGdpxetBEZzt0SKMQutowBapoLGGC8LQCvxE3/zMwR4swfibg0QYJPrtQmtx4W8NFIjxmByo5b3GAq1eir8GNGK9JFrp/lpnQyXGbra5CAqJJDgmA0NiCaq4clQ5A1Hl9cWcVUJeXiK7Fvbl/c0D+WR9Jae3dlVcIZ/Y7LH6/XxDO/HckRNbOnFySxdFIJZ5pAXwqS0dxXN7RfC9sKO7oIYLO6XVrXTtLK2H23Jxdxc89/xK19A1ivtn6fpZWgBLAfjaAY9VrmKde7AXl3d3V0Rg6QZauoCWgq1Ma0QKvVLQlcKtRJZtRL435pPvsqwUeRvTGkVgxUW1oFEMlu6fG61/pcArhd5vjg1SRGAp/l7eK/LcbhUsxiPvNlbcX++tEuV6iLQaESfvNva4xb64q1yMvUJ5l8KwtPqV1r9S4JU0Pkvxt1EQlnFnNnfg5Ia2nFkv5m5jgwBcX8Tp1bl8sSKDz5elcKYuXbxLAVg8r0zj7KoMztZlibh0Toi4E6uSObEmRRF/T69L5UR9Cl+sTeHz1cl8vCKJj1aIcGWmeG/BF2va86uHC3hvS3eqczXkxDmJjEhC74jDEByOWvw2dXoVEY4AqgpTGV6aTXWag8HFQQxtGcCDvV1sHx3KL+5N5JP7U/hgQhgvdlLxdq2ej0eE8sWUZD6fkcK5ufF8+WA0f30knG8eDeX6Y9F8s64ZH94XydvTHFxYmcL1epFnTQw3lqfw/60rFpTw/za35v9tL4Bnizm7O4GHu/sxoUxDfryKKPEdsQVFYnaFkSK+Fy9Na8GxkWlUJugJ9FPj0vlTXhBPbIgJs8OC0WokyG0kKyMWdaD4DojxqYKD0AaJb3awBWuwQeTRYDKpSI7XUZjjpLxtHCP6teRQ/TR6tQymNNmfstZxhIYZSS3M9vo3wBuxRh1Rei3h4u9BmN6PSHMAMTYdMeIbGuPSEesKINou4q1aosScx1rE99euI8VlJEo8R0rx2OZPjD2AOPHNTXDrSXQbFFEyRZDk1pEg4hNFPfI5KVAn0gNEWbVAzJVNI+rXiPb8iXaINuwCMdZoi1axZi0Id1EY7qZ5qIuWoW6KI4JoHhNKniAzMpDUUIeo10qC+NuQ4BDtiTBD/M1IchqIMWmJNWlIFf3NEP1NtvqTJvZLtmi/NM5FbfMk+ggGFCUxsHkiFYlO2ou/De3F34IuMW5KxN+AzgnhVGcl015aG8eEiDCE0mg3HZPDaRUl8ieEMq22Mz3yk+mSGkGn5FA6JoVSlhZJTUEKw9o3Z0r3jgwpKaB1iI3Ooo5OscEUh1jIF/OS59JTIPZBmpiHeIuGEV1b8cyOZdQ/NI3sKCtVJSmUZIaSH2sjUfxNiRfzkxykI16UjRTrIedeivfhYt1CDFrlPxiEmgxe19qHDx8+fPjw4cPHvxfeDoX+4dw8VLvF33Iwphz6NSnfyB313NZO00PNO/J6y6cc8sm4xoM+L+UEN/ty1wHgd3P7GH7IQeffTMOYZhzz9Pvb5vf7D7y9HGQ2PXS+47BX5p9Bnayjod4fcoDurR93oIznuw9rlXaa1nFHOS9jUdJvP6iW3N5H7/1txOvh712H39/P96+DN+R4bpuTJgfTXtPvqs/LnNyB9/Hf0bfvrbdJPxq4fcz/23m8e9689dcTJ/Pd3Y4nren4b8/3v+3bd+J1P0u8rUeTMf3Q38Jda/K34q0v/4z+eWujaRlv69xkP/yAfnhDaefmnvLezh14bef799V3f/O+v5+NfHc9Xrj99/qt+9CDrPuusd+29/8h+0zpw63fktc67/i9/YC1/6E0adtbHT9k3/3v+vxD45pw+/p9W/4m6/p/Nqf/0r3/PXN1x/ia8m1tNIn/jvE1tut1br2W+/HzdwnAdqcFf51WEYClFbC8C1i6gL4p4P4LBWCJRiOeBf4aLQY/DU7Rv3BTAIlWPbluM0WhNoqCrGRbLGQaTeSZLbSw2WnjsNPZ5aBSUC3G2MNmoNamp49dxwCngUGizJBgB0NCbAwPtTA6zMKEcCOTwg1MC9cxK1zP3AgT90dZWRRj5"
11938 [Forwarding screenshot on session b1310904-d161-49ca-a1a6-530fba7baea8 to remote] DEBUG org.apache.http.wire  - http-outgoing-47 << "6EYJw9Fu3kkLpj5wWamGVXcY9fyUKSVh6NtPBRhZEmkkUeiTTwmWB5nZZVgY1Y498bZmJgVwcDCJGwqFXqBv1recyzGpZLirx6dtP71M6LRSaHUjdoUiEax/A1HK10pO2PxD0xEF5qOPiwL/7BMRQhWu1NQKe6Zbwm8KmeyIAl5L69a3s1rT2hACr2xos5YtNYGK15LFGpLJCpLhGLJq7aGK0iRVy3abhR6tbYw/KXgaw0VhKC1BHvu85X3FCtI184O/A0eF89akx0/s3gX+IlnrcEsxmYU6Wb8GgRgvwDp8joAP50etb8RdYAFs9lOUHAEoXGZWFPaok0oQ5VUgyp/AMbcMkKSEuldkc+v987izxt7cGpLFWd3VCkC8NkdFRzf1B5vLqAlZ+X9tDs7iLCcs+L93HYp3nZTXDtLAVhaAF/c00URQs9uky6epThapYjA53dWKPmuKtbBNYrlrhR9JdLyV1oDSxTL3u2N9wOLegXS+lfGK+6bd3a9iXyXabe7f27M4ynbVYm/HaWcDGVeEcr7fm8c7s1l0Scp9F7cI+87FnXur+HaoV6KdfTF3aKdBgteKd5KF85fHujON4dFn+X4GsRcibTwlXEXd5RzfmsZ5wQXxHxJ5J2/MpR3A1/cIcYn53hzJ05t7MCp9VIELuGcYgHcklNr8vliVaYiAEv3z4q17/JkTqxIU1xAn1ubw5m6DEUcPrk6hS9WJokwWdSRJkjn9DpRZm0an0oL4GXJgjQ+qWvJB2vLOXFkNDO7x5IcqCEuyo3FHYWf+K0E2Bw4nAHiG6EixaWha3YQ0yryqM2wMaQ4kKEttCzoYeUXj7bmtw9m8/nCNM7NT+KXffx5vauJVyt0/LK3lnf6avh1PxV/HKrixOQArjwQyPWlcXz+UDR/fjSZtxdE8f7SFH7/WKyYj1z+ciCHC2tTOP1oFtdWFnB2ZaxYhyjOPJ3BPf3MFCT4k5oUTmBkEn5BYejcTtKizbw4vTlPDE+jLEp80wx+OHX+VLdIJDbUgMFuwBLkUr7PFksABrf4LQU6CHBbMLiMmNxGMW4djmADwZEizqYWzzpcYXqyC+LpVp5L304pdC6KoCArhITkYDKap9/1/f82pDvl9rGBNA8xk+n0I9mqIs6sJsqoJlwQIZ9tWuIDjaSE2kkNcRDvNBFh8hNxFoGZWLeJaIeeSJsYn8WPMLNWCaMdOhHnR8RNoTiAKHuAki9M5hOEW3VEiPhw8c0OF2lhglARH2pQE2fXkx8ZTGlSDMUx4RQEOcl22UgNshMfbCNatB0hvvHhVlFO1qW040+sTSfQE2P2J8bir4jBqeJvSJLoT6xeQ5RWRZbob3l6JANbZTKhrAXTK4sZWZJJt9Qw2oaZaB9hp5X4m9E82EpBoAhD3LSKDqE4WsxVmI2WkU6ahVrJcurokBIp+iX6GmSiQPzNKAixUCjyNA+3UxThoIWgNDqIypQYugqq0+IY3aGYR8cO5rHxQxhb0Yaq3ASyAwNIFfvg3pG1rHtwKp2bxdOhIE6sQYAYi5Y4q5ok8bcoSaxTnFiTKLE2kSZ5bYJArEeURS/m2Czm3ep1rX348OHDhw8fPnz8e+HtUOgfjXJgFhd3J3/Dwa1yeKiUu+1wTzlwa1LXbXG3Dvo8B3wy7ubBobd8yuGhjGs4xPNa1219aXoA+F3crFvybQeUDdyR906+9eBTcvt8KHhv53sPvJV67i6r5LlZ7rZDU9lfGX9bOdnGrb7+Lw+avR7m3nlYe2tfNKXxINbLoe/3zq8s8+0HuV4Pf2/bY5I72vsWvncdGvA2xlv1f/fBtPLepGwj397Hbzlkv209vrfeu/bibTSM2es8el3zO7l73r6lvzf74H0Pee1bQ3+87s0f0LfvROmPt33lZY82HZPXsk3K3THn375/vxtvffnH9E/O6V1rdBNvbTTdIzKPl3HJdWnM80Pm6Wa+xrlq4GY737Kfbuc72rmjzkYa677j2/Pd37Zvx9O/787nrS+N7XnKN8bfOc470+6kofz/ap95q/dW2e//FnifG6+/07v47ra91XFnfzzlm+4H7/tZ9rOxbm/lfmjc96/fXW032ZP/u/79gDn9l+79Jn97muwZJe1b+/5tbTSJ9zq+O+fF635tmM/Gvt099z9O/i4B2Om2KRbAUvg1mPSKCPyPFoC9ibwSb3klHgHYIwLLO4jVol2Jv38AJl0AVn8tITo1SVY9BcF2WkcGUxQUSKbRQJoon280UuK009ZhoyzQSZXLrojAtYI+bisDRJlBoW4GhwYyJMzF0BA7I0KtjAkzMz7MyNRwI7PCTdwbaWF+lI2FUQ4ejHZxf4STRTGB3BdmY6pFrXBvYACLo+0Ci8hj5qEoE0tizDwca2Zpkp37Y4xMSbQztTSTgjAHjgAN/hqBVi9CI/5qE34aA35+ejQBRsUKViXv/ZWukx1RBATGoQ9KJCAoScE/MAU/dzIal0fgvSXsytBzN6+HGFTWaEGUIvRKkVeiVdw1R+Ev0FrD8TNHoLWEobGEoDU3hFLcFaHGEiTCIJFfWvcG4i+fzYECt3I/sb/Jgb+8z9cghV+bcq+vToQBIgwwWUW6FT+TuUH8NaAOEGM2iPHq9fjpPOJvgF5HgEG8izQ/MX6zyYbLHU5gdAa2pFL84zqhii5DldMXfU4V7ozmJGelsmf5RD7bMZCP13Tg47Vt+XxDR0F7vtjUocENdBfFLbS0AJac3FIhkOJwW85uK+OcFISlZbBIOyNdRm9tK9LacGF3J87vLFPcOitI98Y7PW6gpQWwtA6WQq28o9cj9HqEWukCWgrAUsyV8Z77gT13AEsxt1HYbQxlHpkm80hrX8VttKhDpjUi88hQtieR9cj8p7eVK+OTArcUem8c7qWIvxd2i7p3i3I7q5TnqwdkmrQW7sm1vdXc2N9dCS+LcVzdI0XgHgo343eK9rZL0beLiKsRebqLvNIFdDclPCfHvEWMR/ThohS2JbJ/O6u5KOb69LpSQSvO1Lfk9NpmnKrP48zaHOUe4BOr0vh8WTLHl6VyYqW8C9hjAXxubRbn6jM5vSaVU3UpnFl3SwA+VZ/B56vT+GSFYHkGf1xVzJ/Emu+5rzOFERqSxe8zKES6FrejtwdisVoIdwYQ4q+ifYKOgUV2xrSNpl++lRGtbYxto+O+Cj2/WFLMbxdk8un8ZE7MiebPEx3812OZfLUsi/OPxfLFYhd/nOHPL4epeHOAirdF+JuJAXwwP4jf3x/BC2MtvDs3kQ8fLODzpcV8uCCc9+8J5r3xgfxqtJnXx6n5aFUQV3/ahZc3l5EbEUBqVCSBrhAiogNxhRjJjDXx5IRsDg1KolOolkiDP06dH1WFUUQF+Ynfmx/W0BACw8Jw2C3YnUasLgMWp17B7JKYMAda0DnEd8QtniMC0Ye6sEaF4gwxkZ7sokPbbMrLW1BUkk1MRpTXvwHeqE20USNJttMjw011djDlmUG0T3XTMt5OWpA/YXoVdo1aIVB8jyMsAcQ4DeLbrCE4QE2ovlEs1hBl0RLdaJUqxhYs4gNF+dtxBagIMesJtZoIs1kIbcRuUgixGQk0+BEiSAtxUZwYQ1FMBJlOGyk2EzHi70GI1Q+3SYPDIPom6rP5qXAInGJPhIr4GIdesQqOE2GcPYBY0acIg+irRkWcyF8UaqEyLYqeufEMaJ7MsNaZjBRzN6xVJsWBenLEWPLF/BdLzxMhDtJtBjLF/OcFmclxGxSRtzjaLd5Nisjb+N6iQRjODTQqonCWI4BM0X6OmI/mYu1auM0Uuox0SYpkTOcSxnRpTcfkCIqj7KKsjbbJoaTZ/WibFkK7jDDapYeSF2ok0SivP1ARL+YvRidCk5o48R6mVRGkFmMW444yShfQ0jJY53Wtffjw4cOHDx8+fPx74e1Q6B/OHYfGf/sBmXL4ppS7/eDw9gO3uw+nbx303TqcvNmmt3w3DygbDv+81nVbX+46APwW7hj73QeL/zAa2vH0tWFuvPTR2wHvHQeaSj1ND2ibHq7eOjyW9d1qU47Pk3Zrzm7lvb0+b/24g9uFnZvceVj7vXV4O/S9Q1jwhizz7evk/fC3kVt7rem+a"
11938 [Forwarding screenshot on session b1310904-d161-49ca-a1a6-530fba7baea8 to remote] DEBUG org.apache.http.wire  - http-outgoing-47 << "cr3rkNjXXe0dfd4bpW5e56/u6/fhvf1un3evrdeZQ999173Wsf3ro23efuW/t783TXth5c90QTZxneN/474H8q3zom3/jQZk9ey3zKOm+P2Nvbvw1ud/5j+eZ3Tm3gfy92/By/juf078QP6odTZpK072/mW/XQ7f8t6eEPZS41r1Linfmh5T/++NV9D3Xf03+ve9dTT2A9P/h8w9kZ+6D5rzHf7b7bJ/H3/t8D72n/v9/8HtP3932Hvc+J9P9/eT2/lfkDc967ft6yRl3Hdled7+/dD57TpWvyz9v4tGn/HCg1rpcR9a9+/rY0m8V7Hd+e8eN2vN/HMa2Pf7l6DHxd/lwAcHOpW7gDWG3UYzQYC9P94AfjbkO14w08RgEW6aEsl8dOh8tehFqFWoyVAo8amVRNt0pET5KRNfDTt4qIpdDvJMOjINekpdtlp7bTS3mWjs9tOhaBboIPaIAe9gt30CQ6kX1Ag/QOdDAiyMSTYysgQE2NDzUwJNzMj3MLsMDP3ivC+cCvzI+zcG2pnTqhVYGFmoIHJVrVAxf2RVhbF2lkca2NRjIkHY8wsjDIwP87A2DA1g2LNDG6ZTLDBH7NJjl3OpRGt2opGZUEtnlU6AyqDGbUzTBAhiETrjkHrisXPLe/fjVVcM6ussR5s8WgdSajlnb02+S6J9mCNFISjMocqSIFXaxGhOQR/aSkp0iT+Il7S6MJZawryWPXexK2gCL4yNLkaRN8G4VcKvYYGjBb0Bg86g0mkmfAzijEaDHe4e/Y36PGXom8DOvGuNxowiNCgN4j5sWJ3huKISMMS3wr/+A6ootqjyuiOX2YljrxO2JPzGNm/Eyf2j+Tz9V34qK4Nxzd24s9rSvhsfVuPC+jNIn1zZ05sKufk5gqFzzeUirgSTm/tzLnt8u7eKk5u6qLcDXxiUwknt5QoFsLndnTh7DaPFe/JzR2Q9/8qZXaUc0mKrA0C7fkG8feCFEB3dePa/p6KC+fb3TbftAIW6fJdir0S+dwoAsu6brcGbswj7w+W6TKtUSCW5a7s685Z0ZeTWzop4bWDNXx1tLeCfL60t5rzuyq5uKdaef/ycE++PtSTbw734sb+HlzeJYVbKQLLO367K3FfSrFYhFd2i/Fsl3f89uCqtGyW9xrvqeHa3hquiPYvijFf2FYlQtHnBjzvFVzcKuZtY1tO1Rdzck0hJ9bkiedcTgtO1WVxYmW64hb6xMpMTq3O4pR0Bb0mkwvrsjm3LpOz9ekKp+vTRDkZijKi3Gci/2ercvhgQyd+sqIbHRKlVa2LsJAgzC6xLy1i34lvV6DNSLheTUGgkbqJ7RhX6mZUaSADCq1M6hzExHY69kzLZEMvE2/PSeLMQ5l8cU8Evxmh5fJDMVxfnsy51SFc3xXCfx1J5usD+Xy5LotzD0bx4WwHByq1vDLawE+GaznW08RPB4ZxpNzJbyZE8YfJLt4eHsD7kzVcWB7Ofz/Znm9+NoZlY3Non+okPdRJalggyaFGIoJ1tM4N4fDoNPb2jaEyMoAo8W1w6/ypbRVHbJj4Btr8MIhvlCMkjMCgIBwOgyAAm12PxWHELL5tRvE9c0ZHoLKY0IeFogsNwRAejl9IMM7YSFyRgQRGuolJjSKjKI3SimKvfwO8Ma1FCBObBzIm38WQHDu9MsxUJOpoE+1HUYSWvDAtWaF+ZIUZyIqwkC6+lbF2P0X4DRNEBqiI0qmINqiIMamItWiItfopoqt0Cy0tf6UQHG7xVyx9I6x6wsTfoXCrlXCbg1CbvQErIXYPYYJIp10RieOcNrIjQsgS3/JEUS7OrPv/2bsPKLfO+877Q05F78BgML1yCjkz7L33rkL1QjWqWRZl05Isucs1tmVZXaJIilQvTpR1skk2eb2bvJttSTabTdZJbFm9U1Szvbvvu++e3/s8F5gZlDvkqDiR7n4/53wPMMAFcHGBGZ5z/7yAuV97tHCtuY1Zj9C08Zoj1Wo269ZqLu9MNKg9Xq+WUHX+o5LtYDponk9jWOt7ctoyo0Vb+nLa3NuozT0ZbZ+R0+mj3drcndGSjF8LG4MaMbe3A99R82/GYDygYfuR1Ob2drhrs4NfezrTvF52AGxPh8x62eyRwfY6eyTw4taEFpp/U+YlQlqeS2pZLm7+DQtoNGqWMbeZbY8i7spoUXNYKzqTmpNu0Ib+Jq3uSWllZ0I7Z3dq56w2LcoE1Vlj/j2cXqXBYI0Gw9XK1VSp2dRhfh96zDbuitSrzV/r+loTERER0Scrt51Cv5GKd/wdbwejS87ON+e2xTuxi3e0FS53dt7lL5vY0ZffwWcvG98Z57bc+PqN7fxzuZ1pfF0m3QFY3MR9lDzWb6LCc6p43mXr6baDt3SHZtkOUafKncX5na37zLJlO53NZaUD5A+4o7lkp/dYpet2/B2xNpfnMskO3onc13c8u14nfO1PcB+mE74Oznoe//k7jT2fp1yel+s2PFHu616ybie8X7f3UGmur90U1rdyu7mt78RlzvIlj/PBXpsPti2LmvR9N4XfN9fbnmgbn/g1qMztNh/N+h3/dzV/f+XrWnob99et5LWawnrY5cvvYyqPU5q9z/LHmcrtyipZX/dt4Jbr+7OQ81ze53u3+P6Od9/uub0/irKPXf66l71OJ/5b4P4YJ1zXKTy2232Ur49d5vjvmUIl6+z2fjjxZVN5/dzW5/1vU/f364lf/3/e935Fxc+pbDuVNtn7tOzysu2Yr+z52ccp37YunXhb/vP3oQbAjYUBsD0C2A6Ba+trVVNnh7yFIfD48Nf2zzQArq1XVV2DptX7VWOqq65RsHq64tOmqbl2ugajQc3NJLSgMaGhUIM6p1WpZ3qVhuqmaVEsoJWJsNYVBsEb4yFtDIe0KRjQVn9AO83prkhAZyeCuigd1GXZoD6dC+qabED7GgP6XCag69L5rs1GtC8T0vW5iK7LhnRVdLou91Xp+sYGfaU9rJs6I7qpK6Svd4f15TafPtNWq/NapuncWUktaIvJX1ulKrNedtg7rSZknl9UNbX5j0yeHotpWjKlaalWU7uqkm2qSrSqKtaiqqg5Ddvsd/J2qjrapZpYt2qi9rt87ZG/Zvlo8eC3SdOCWU0PZkz2qN389/PWjWV+rg3kq/Gb601j3ztc7bffQTxW1MkOfeuc7NA3P/itbQiZgqqrDxTyqb6QPW+P8q2urxuvxjR+xO94tc4R5z5/g4LmNGgu8/uDCsWbFG0eVLR7sXy9azStaamq+japYWS7GmZtUHB4rUZGu/WXd+zSW4+epufuXet83+/z++3RwMv14sGi7wA+ZL8DeJvsdwA/v3+lXrhvufNdwPkjfM3lBzebzLIHVjgDYPsx0K/ev9Y50tYOdV8/sskZ/L5slrGD4DceyB/dawexY0f92uz58u8AtkPcow9sKzmS1xngFj7y2Q527XB47Ghi+1HNbz2cX8ae2tvYxxobDI8Ngu0A+OjDm/XqkQ165fB6c36L3n1ip37526fovR+dpHfM+WOPbtObj2x1Tt957CT98vFT9UuzPu/ZdTP3b3vX3NfYqT3it/j6Y0fMYz1onsPDu/TOQ+Y5PmQuN6dvPWDW47AdBJv1u3+HXj9o1v++LXrtvk06aj8y2n4E9z3L9MKdC/T87SN67taZevaHQ/luGdSzPzCnphdumamXzXUv/XDQ1K9Xbx/Qa3cOOQPgV+8cdAbCr949rJfuHDb3Maxnbx3VX9y6Uldvb9b8jjp1N6UVNe+T2oj5vUoG5Q9VK25+3zvqq7StN6o/ve1C7V3ZqHPn1+u6kwZ0/c4enTkU1J/fvNn8Q1CrP9/bqp99vl1vfK1bP/10TD+9JqBffCmqV38rode/E9YbNyV07Est+p/fnqX/fXid/vcfnqxjt3Wa59ivXz0+R79zSa3+27eG9V++NKy/+nyXfn2kX//7t5PSv2nU//rPi/TSk+t122Wz1B+p1kCrTx1NQQ12Nqsr3are9g6dtmm2ntjTr4M7s9rZ7ne+bzdlfh92Le9QW6ZavmSDAtmM6qMJBaNxhaIhBez3Ascj8iWS8qXSasg0qiaZNH8TIqpLpeTPpBXJZRTIxNSQTire3"
11938 [Forwarding screenshot on session b1310904-d161-49ca-a1a6-530fba7baea8 to remote] DEBUG org.apache.http.wire  - http-outgoing-47 << "aNUX59CLY1K9+YUaZn6RwBfuzChq+eGddloUHvmhHXpopSuWNmmT63v1Z61vTpzSau2jqS1qjemZd1RreiNa/VASuuGGrWiM6ylbQ1a2FSn2alqDUWmq9dvXxuTb5q6w1VqD1apLWAKTVN7uNpkP6rYfgdwUC2hsHKBkBoDAadM0K9syK9cxGynWNBcV6u2YJ16oj71hOvV6ZtummYuq1KzqckeAWvKmfMtYXNdrMYp568y92+Xm652836ZkfJrTntKS3ubta6vRVvMNlrTEtPyxpC29mR1ylCbdvQ369RZHVreFNKixqCWO0f3mttlw5rXktBINqrZ5rwd9M7JBDVaOAp47Lwd9Nqjge3P88zl8xrNsoXr7DB4TtKv+amwZgVrNTvaoCXm/pbmYlps/q1ZmotqQcqndV0ZLTSn683pus6khkO1Wt0e08aOhHb0Nuq0ma3aOcN+RHVI86PVmhWYphnmd6HH/HvTY34fus226bLb35y6vdZERERE9MnKbafQxy1nR1qnrWjnnrOjLn/5xI7H/M48Z9nxHW8Tl40vV3Tb8R1/zs5De1nZzmF7WdnO4PLLXCt6jPd/JN4HqPB4JTs4x9ahaCek205Jtx3eJc/P2TZlz2Fse1UsV3bZB97RXHm7sW1furO2/H7s7cbeJ247ffP3W76j2G6DseWc7VH2fJ/aV1jeZVvY5Uuf32Q7myc64evg8npWPP+yyyu3Z+G9X/J62OWP9350eb0q1uXE95tfp8r3zNj9lr/nxq6ffAd+vsrtNsn7ZPy+C+tadJv861u2He1zHFvGeb7F6164D5e/P6Wv+3GquM+x3N4r5c8pv0zFcyy6nf254vkUP15hfSvfI8VNvi5u2298fVyfW9l9uW0v83rnr698DFv5eyT/uJWvQeljHH89St8bprHtMn6Zy/u/osrXw3b895W937J1K3m/u28D15zblT7OX9y+z7nvim1UWNfxy+xtSx6j7PkW7rv0uZn7KGyfE77PynPur/j6wvMsuqz8dZ643cTzqFimsJ7H3V5TfWyX91TxY1W8Z4qWm9gW5a9f2Xad4mUnfP1Mk69P0XP9QOtXuO/jvgf/Od/79rGLt035+6KwrYrvx6zDPmdd89eVrF/RbcYvL9+OporXpOJ9VbisZP3dt+/HrQ81AG5KJxS0HwFdM10N9bWqratzvpu12h5t61Sn6mpb4Tt57WC4trqiabXTNc3cx/vJ7X5s1XY4XD3daVp1jVm21tx/Xb7p5vGnTVODuc4OgRP1NWoN+zSSiWtZe06LWzKaGW7QoL9ao6E6LYj5tTge0uJYRItMC8JhzfMHtaS+QetMm+0QOBLS6fGwzs/Yj4KO6rKmqC7PhnVFNqgrGgO6ImNq9OvT2Yj2NsV0fVtKN7QkdU2sXp/yTdO+yHR9LRfUtzsj+lZXSN/qDukrnX59qiugswcSOmtBl1oC0xX215jtW69pDWFn6Frrz6ou1KT6WE4NqWbVZVpUFW8y5QqnzaqKmaK2Fk2Ltao63q6aeIeqY22aFmnRdOfynDltMj83qiqSUVXYltK0UFLTgklNDydUbc5Xm9Mac1rrT6nOl1KtrcH87JQwP5dnP9o5bpaNqt4XMqcmZ/AbMKdB1dthvFN+6Ds2ALbZYW/++33NqXlP1dUXjvgtzlevBpMdAPsb6ky1aggEFIhnFG2ZoVj3AoV6Vqi6cYGmdaxSaHSH6ofXKThvg1oG+nTnNRv00uNn69n9i/Xq/jV6+R47AF6iXxxYomf2r3KODn5h/3q9cHC9nr9/gzldY35erhfvW62XD6zXKwftkb6bCwNe+9HRq/XakfXmsk2m/ND2jQc2O9mPgn7lkB0C50/tYNf29qP2O4HtcNYOeAsDWtO79jt4HzvJ+Q7hNx/aWvgu4fz3CR97eLs5td8bfIreMcsee2i73n54pzlvb79Tb5mf33xgi94192vPv/2wvfwkc9lW8zjmvh7arGOPbtbbj20z92Hu89Et5j43603TsUfM5Y9sdS6z2fNvP2pu//BJ5r7sfdvz5nZmPd59bId++cRJ5nF2mMvtUcpm3R405032I57tYPhXT+wyy56ko0fsx0NvdT4G+rVDm/SG2W72SGHnMnP+1fs26qW7zTZ0WqEX71yk52+fo+dunaWnb+7X09+fYerTM9/v1zM324+DHtIrP5yvF38wqud/2K/n75ihF+8e1Et3DenlOwb0zsERvXZXr17ZP6yn75ivv79jg+64bERL+uvVngsonTG/N4FG+SIRc1qtWCSsuK9O7f5pWpqs1xNXzNORM5PaM7ta3zp3ga7blNN3drXqa+uj+ndfma9/a/6R/OmXZ+jPL4/pTy6K6o8vbtAfX9rgfITzLy6N6e19XfqfXxzQr2/s1Ts3duitr3Xopa/26D99Jqv/94lN+td70/qbm0Z03/aUrumepr+8qU3v/V6v/vuPQ3r1iZRu3t2gHbOnaflwo0b7sprZnVNvrlEd6RbN6OnROSct0T1nd+k76xJa3+pXsrpKiYYarZvTosZEtQIJvxLZtALRpPzmd9YfjZki8sXjzgDYn0zJl86YvxspRXLN5jShgPlbHmlMKtJkTluyCjY3KdCUVsr8XUy1pJVsirv+G+DW7Wcv0PdPG9VN2wf0xS19umFrv27YMVOfP2lEXzx9gW7avVLf2bNBP7hym265aru+d9lmfevCNfrqOUt1/c7Z+tzWWfr0+gFdsrxDZ89t0skzk9o8I6q15u/j0pZ6LcjWana6WsPJ6ZqZmK6BqP1I/yp1BmrUbl7HFvNvUa6uRk111Wqqr1azb7pzdHeuPn9EcW9kmoYS9j58mpfxaW66QbPMz/3xGnNdtbpD05zvLO4MVqknZJY39z0QqzX/TgQ0vzmqRW1JLe/OOi1tT2th0q/V2ZA2tye1vSerc+b26bRZnVqdi2hNS1RLzXUj0WrzOAENJ+wnT/g1y5wfsEf02gGvaUFjSPMbg5qT8muRud1i+12/TWHNTvo0O2XX0X4XcMCsbzB/3jQ/Y/5tMv+uLGoMa6n5t2VZLuYc0bsoHdRKs55rWuNa25rQSvNv0Qrzb9HYOm5oiWiFea5rUw3a1ZvReSOdOmOoVVs64lrdFNQq8+/R/HiDRsJ1mmX+HZwVNets3lNurzURERERfbJy2yn0ccvZKWl37LlUsUOvsOPTbdnxnXFFy4zffmyHcsmOvcKOycKyJZXvgC2psCNy0sp2Hn4UFZ7TpNujsL5uO3hLd6LmK93mbuubf46lOzjdLvugO5ptpdtx31NlO2tdlnEav1+35fNVvqdcdiwXX1+0fYpv6zwvl/dc+fMtb0qvw/h7Mp/7859Yzu15ur6Hj/vedX/PV973ie+3YhsWvY/c3nP551H6OpRXud1K31/5x3TZOW8ev+Q1Kdu2tpLnWHK9WafydSu85id6ncdzlp/896h0+7r8zpS9xyreCyd4PvntcvxtO/nvS/7ysfvddvtTpevn+txc7qvi96ToNiXX5dfT7T1S/p6qvP8TrUfZ+9bc/1Mlj+Oy7d0q3t7F63ic16F83Svepy7bYPy68ioeZ2L50r9t5vKS927pa+lU/ne44nUq2h4neJ+5Vfq8zXMu+7QCt9c5/zil26DkeZl1dvsbWt6JHttWcr8V7wdb8TYrum35djrO36X3c9nxXz+by/q4vfff9/q5/X11qfg98E/83i/dNm7LVr6/8+tQ/negdPnxy13e+27rU7we+W1Y+bgn3I4fgz7UALglGVfEV6eGmmny2SFdXb1qan0mfyH7/bT1qrXfwTs9P5ydVjfdtaraaR9J0826VFePlR8EF1dTM121pvq6Gvka6hRpqFVfIqK5TSktbctqcXNSc2INmumfrpFgnYZDDRr0+dRX79cMX0iDoYQWhmNaGwlrczymbfGoTjKdno7p3Gxc5zVGdX5jWLsbgzq/KaDzcwHtbvLr8uaIPt0c076WhK7PJXRdKqh9oWpdF5qmrzT69K2OiL7RGdbXuoL68oyorpiV0/nLZmllX7OStVUKm20bi2acAWx9pEW10Xanukib+blVtbFmTYtlVTVeU1HFl080LZI2JU2Jy"
11938 [Forwarding screenshot on session b1310904-d161-49ca-a1a6-530fba7baea8 to remote] DEBUG org.apache.http.wire  - http-outgoing-47 << "sLxfJGJqkN2oJtQfcNUiuerDznD3onskDd/2tDgd63evJfcamhocM+X/wjyhrDfGXLFWjsV6xxVsH2Bpmfnq6p5qcKjWxWau1H1o8vVODyqS05Zrb95+Gw9e3C2jt27Sq/esUovH1itZw4v1C8OrNSzd23Sc3et0jP7l+nnB1fo+UNr9Nw9y/X8vSv10oE1zumL963VK4fsx0Cv10umN45sLRyVa7//d3Nh6Lterx3ekB8Sm141l9mf89mjgjfpzYe2OANee3vnI50f2ir7UdL2aOLXj6zV0Yc26M2HN+rog5uc5e33CtvHOfrAVr39kB22btc7dkj8oP1+3U06au73LbPMsQc2O9ll8tdv1ZsPbDC3W+f05oPr9dbDG/S2ue83H7Drv0ZvHDbZxzTXH3twg7l+q3NUsXPEsTPQ3uB81PVrR1brvSfN/T5u1908rlnnow/mP9LaPu83HjDrYIfJJnv+1fvXmcvXmG2wxpza52XWw3k+ZhvYofB9Zrn7Nuu1e9fr5buX68Xb5+uF20f0wm3Dppl6/tb8R0A/d/OAnv3eTL3y/WV6+ZYlevGuET23f1DP3jukF+6apedv6dbb9/Xr5TuazWsypGfM6/Mn39ypk0Yz6myKKZ1LKZzMKBDMKhJsUCJco7T5nc7FAupPTNNXt/Tp3396SP94TbP2jVTpt04b0Q/OGNAtu1r0g51p/cevL9LhMyP6h5sX619d3awHzvTrR5ek9MQFaf2bs3P6i/UR/dlSn/7rzqBevjSoNz8b1bEbmvSrb8zSn58T17+/qEX/cMM8/dF5jXrs1CZ9qq1K+7cE9bOb0vrp16v1zo8H9WcHFuqsjSEtHm3UnJ42zWppUV8mo56WRs0e6dM5Jy3VLWcP6LoVCW3ozyhs/uaF66o1u69Rqbj5mxbzK2v+HqVTTYql2hQwv7vBWETBRMxkzpsC5m+3LZhKKJSxg9+UKa1oLq1Ao7muMaZka1rZloxyzRllGhtd/w1wa+/qTl29ukPXrO3W5zYO6tqts3Td9hF9fudsfWnXPH3z3KW69dK1um/vFh3Zt00PfGazjlyzXoevXqsnb9ip3//qGfrxV87SI/u2646LV+j75y3W93cv1zfPWqzPbBzQFau7tXtxi86c26hThpPaNhDVxt6IVrRGnAGo/QjkoeB09Qenqc9vj2KtUntdlZqnV6mnoUrzUjXa0BvVybOyOtV00mBGO4ey2jbYpM1me27oSWptZ8I5UnaVaXV7XOs7U1rfnTE1al1nRms70lrZmtBS87d+nfm7fmpfk06bkdNJ3Wlt70qay8z6NPq1oTOpFeb8QnN+SUtEC3JhzWkMaMR+J7BpQdYOfv1aZE4XNQU1P+3X4lxIS3JmWXP54mxYC83lC83zmp/xaUEmoIXZgJY0hZ0Wm9sttgPgbETLc1Fn8LvaKawNbQktSzRoc1tc67J+rTX3vaMjoXWpem0xP28z/y5tTNVqU6ZeO9ujOmOgSWfPatWZw63a0ZvW1u6ktvZmtLXfbptm19eaiIiIiD5Zue0UIiIi72QHFuXDHiIiKsptkO7hPtwAOBVX1FcnX+10+eobVFfX4Ax9p9flGxsA19TUqba6RtX26F2X4e9H2XSzLtVTrLa+Rv66agWnVTlHjDlHAnfaI4FTmpMIqqdmmnprp6nPXNfX0KChcFTzM+b6dFpLkyGtNK2O+bU+6tO2uF+nJPw6w3SO6dyUT+enG3RBo08XZep1dbNP1zTVa19Tg27MBfSFXFBfaAzq08Fp+nRkuq5vjepLgzldP9ikz81q0YVzurVppFsDmYiiNVWKByNKJpvli+RUG25WdaTNqTbcqjrzc104q9qIrbGiumjWtdpwWrXB+PvLHsXrC065uoaJo3zLq7fDXrd8Da7Z7/udLH8woIaQX75YVLHmNsU7ZirUPl/VjfNVlV0k/8yNCsxeL9+cFWqas1CrFgzpJ/fs0j/sn62XbluqV+9coxcPrNEz9y/SLw6s0jN3btSzdyzTz++ar5/es0DPHFiu5+zHE+9f5RwF/Nw9K/Ts3SvNz3YYbH6+e43zccz2Y5fHBsD2o59fObTOGRg7Rw4fXOsMfu0Q1w6G7eU2e9nRB+3RxPkB8tEH7e3Xm9vYj51eppcPrXSGrnb4agem9qhj+1ivHjK3O7zJGe7aIbAd9trh79gQ+DX7cdUH1jrn7TLvPbrDGQA7Q2B7tPIh89imtx4y9/HIFr398GYn+7Md/tpl3rTfE/zI2Mc9b9e7j24112/QqwdXmvtZZ263Wb9+cqf+x49O1a8f36X3HjnFGUS/bj8Ku3Dfv3x8u957zKyjc9tNeuPwOud6e2of49iRLXrvwVP0zpGdOnpwo165Z7leuH2ecwTwCyb7Xb4v3zmsl28b1nM3D+oX3xnQi781Xy/evEDP3TFitv+Q2U4z9cr+WXrtrhnm9WzX83d26Wd3z9Nf371Dn92Q02jCp17zu9ts3h9pf0CZ+rCyIfv9rlXKmt/xk0bievza+Xr+B2udI3Z/duV0HdwZ1s0nt+mhS2fqgYvb9fCeFh04J6anPtWoe3ZN109/uFK3ba/WvaeF9cA5TfrX57Xp2FWz9Nbl7frrbVX6v5ZW6U9XV+k/bKnS35xWq785p05HRqv0365s0Z+eHdCPT23QWaEqHdoZ0N99KaHnbwnov//RIv3F45t1zta0Fs9u0/wZvRpp7VBnLK7ulowWL5ips7Yt1LdP6dHuGRFtHW5RtHqaArXVGu1rUmM6oEQyrKZUVMlEWtF0u3MkcCAWUyiRGC+QsEcDx+VPmvOppIKZtELZjMJNjQp3dincO6BgW6f82azqzW3tkcNu/wa4tSgzXUuy1VrT4de2gYROmpXRKaYzRjO6ZGmbrts8oG+fPkd3X7xEhy9fpoeuWKxHrligx65coB9dvUz/8oaN+uMv79CPr9ugJ69Zo9+5dqP+4Cun6sdfOkWHPrVad168TN8/Z76+edqovnLyTN24vV/XbxnQ3rX9umxpt86f26Izh9M6bWZSJw/EtLk7qA2dQW3stoPRem3pqNfZIzFdOC+t3bOTumB2WhfMyWn33DZdOL9TFy3odrpgbpfOG+3QWbNatbEpqLWNfq1J+8xpQBubo9rRldGuGc06rS+rXd0pndKV0I72qDaav+/rmgJa3xLSho6Ylpvzy83f+6XNIS1pDmqRuX5BtkHzzL8LC0yLGhu02Pw7scTJb7Zd/tRettScLs0WavJrmbmvZeb29v6WmXVaZo/ubQprpZP5N8lctiYXMo8d1gZzutG02WZut8ms99ZsQDvNep3SGtZJOb+2N9ZpS7rWXF6vna1B7eqJ64yBjE7tS2lXv3nNZjXrzNFWnT7a4vpaExEREdEnK7edQkRE5JXs0WmTH1VHREQmBsBTryUdV8RfNACur1dNnf3+Vr9TTa0dCNsBcI0zAK6prdH0epP9nuA6e1o471xWfN5eX3zenE56u7Flq53TalONud5+F3H+dOK8/Y7i6lpb/juE7frUmZIBn1rCAfU3JrSgI6eFbY2a1xhTd9109dVN08xAveYl7MdrprQgndbsZFAj8RrNjk3X/Mg0LYtM17potbZHa3VavE5nx+q0O1Gvi1IN2pPx6/JMnfamq7QvU6XrctW6sdWnz7cEtK8poE+lA7og3qBL2zO6fKhbp3dktSVn1iMdVlekQVl/rRIBv2KRhALhjGqDjZpuv6c31KTppupgVjXOd/KmVB9KT1LGpbQaAnE1+GOu1Tsf3VxeWHU+n2p9DVOursG+L97H8NfkNuC1+YJ+9wIBZwDss8UiiuZaFWsbVKRjgWqbF6sqNUfTu1eodmCF6kaWKTd/uQb7OvTob23XPxxaoWdvXa4X71ytX9yzQn9/3yL9/J7levaO9Xr+zmV65p5F+tn+xXr67sV65q4lzuDXDoFf2L/SnF+ZH/7es0rP3r1arxzcpNec7we2R+jaI1/Nz4Wjf/MDYDvsXe8c/Wovzx8Vu845zQ+GN+tN+3HKD9shsL3tOmf4+8r9q/TakTXmuk2Fo2q3Ox8bffSBLXr9kLk/cx/OkPeRbXrvsR1671H70c/m8e83j"
11938 [Forwarding screenshot on session b1310904-d161-49ca-a1a6-530fba7baea8 to remote] DEBUG org.apache.http.wire  - http-outgoing-47 << "3FgrTldr3fMz796fKfefXSbfmW/8/fxHTr24EZz27V6yzyW/fnXT57kDHPfe2y73npos96w3xF8eLN++dguc/uT9e4jO537sMPctx4yt71/tbntRucxf/3EqfqVWc4OgN952H4M9UZz2/XmMexweavzuHbIbH/OD4DtOq/PP8b9G/XW/dt17NBWHT1g1nn/Cr1810K9eMeonvnBoPP9v/YI4Bd/ODN/FPD3Td8b1rPfH9Ezt5jT22fq+bsH9PLdfeb2/Xrt3iH94s45+rt7tujmCwY0JzFNIy0JtaVzyobrzO/UdGWDPqXN728mWqUVPWk9eb3Zlvt36rFVVfrLM3z6mwtCOrKtQXfuiOqJS9r00AVJ/cmNffqjGzr0pzcN6M4zGvR7+3r10MUd+sKi6bpje0KPn5bSC1+dp/9pXpP/8d1evfeNhH719bBevMav5z7t1z9e4de/2dWgB1ZM059d7NefXhHXvsFq/ejiRv0/v71C/+vPVuuFJ+frO1dktHFRRAtndWvRwJDmdvaqJ5PWyGCfNq5frivO3KB9i4M6tSmk9T0ZNZq/g+Gaao32ZtSUCSqRjiiTDCkWM3+fU60KxlLO0DecTDoFiwbA40PgtLm8Ma1QU6Pqm83fmOaUasw2i3amlGiPK56b+kdA9wSr1OWvUl/IbPdkrebb4WVzUOs6w9reG9U5Iwldu7ZDt5w5osOXzNcjl87RY3tm6bFLBvWH+5bqX123Qn/wuWX6F9cs0u9+Zol+//pV+oMb1uvH163R459epgcuX6T7Lp6nuy+Yozt3z9bt54/q1nNH9f0zRvVbp43q26eO6punDuumk4b0xW0zdN2mLn1uQ4epXXtXZbVvdbM+v75dn12R1RVzwrpkOKjLZqd0xdxmfWp+u65a0K4r5rdpz0izLhhs1Nl9SW1vrNeO5oBO7YjpdPN+OauvSWfPyJmyOq0rppPa7GDVp+2tAW1tC2pLW1ib7TC4I6rl5rbLsw1akQtoZbNfK0zLmhq0tLFWy7L1zmWrzL8Hq1uCzqmzTJNPy8ztbMvNsitzfuf6Na1BrbaZ86vNNl2dCzkD37U5c53592SdeYzNrWHtMOu5vS2qHW0RnWTW4+T2iE5uC+lUs16nd0V1Vm9c5w2kdOGsrC4abtL5g2md0RPTLvMandoV1indpp6oTu9P6pzhrHbPba14nYmIiIjok5fbTiEiIiIiov9jYgA89ZozcUUCdfLVVcvf0KB6U019fgA83RkCm/PO9wLXqqa22jmtrqs31/3mst9BbL8r1606sz61zlHKZp1szuV2/WsVqJmuhK9GncmwRlszWtKZ04KmuEaiPs30VzsfBz3Xfl+wv1YzI9M1mKrScKJKC1LTtTpdo03pOu1M1emMZIPONV2c8umyjF9X2qN8sw36TLbK6bO5Kn2u3a9re+L6bF+Truhp1smNMa1NxbQ4lVRvg0/NtbXOUCdutqv9iOqwPyifP6Iav/0e3oymBTOabqoO2FKqDSRV74/LH0i45jPXueX3xRXwxSryN8TMNolU1NAQVEPAp/pg/ZSzyzf4Aq75nOdVlv0e31DQtWA4VFnIFlY4Es7/bI8AzrUq3tqvcNsc1TTNV1XjfDX0rVHdwApN65+v6KyF6unr03f2rtTTj56qZ+5ao+fuWq1/vGu5fnZguX5hB7x3r9NLdy/Tc/cu1s/3L9E/3rFQv7hzsZ69e6nsR0HbgW6+whHA96zSywc3FI7M3ayj9vt2H95iTjfmB7kH7QB4tXPeZo/mtdfZoe7rR+xHRduPRbbn7W3z38t77OGNeuPBtXr18Cqno/YjmZ3v5d1uTu13+5rTh+z36q5xjqi1g9n8ANcOee31W5yjfe2g1w5fncGtuW97JPCvn7AD3fxRw28/tDV/dK/JXmez3/NrL3/7oR3m8lPM6U5z2/xHSdsBs70ve9/28e3A971HT3KGv/ZoYTsotvc19rHU9jHGTseOTh67zP785v2bdOyQud5uN3vU8v7leuXuRXrpzjl6/oeznAHwL27u1zPfm+H07PfNqf1O4O8N6Jmbh831s/T8bTP00l0detH00n2z9bN7t+rJG9Zp21BAg1mfWnIxRdIpxZLVSibM73rCp1DK/H7FqzTa6NfDly3VK99aqTs6qrS/r1p3Dzfo1rlV+v6Cav3OeRk9cm5I/+Xm+foX1+Z0aE9IT+5r121nxvTUZ4f13S1pfXN1UN/f7NfBcwP691/pMuszpNdv79Lbt3fo/7tnhv7XnUP6H3fP1Vs/GNZfX9ukp86t0Z/sTej39nbqjz/TZt4Pc/XX387qq1un6aR55u/KQEiz+3u0cMYsze3o08y2Ni1dNFdbN63S3nO2aN/8gC7qDmpde1ptQb9CNdWa3ZtRNu0zzzGgTDKoWCKuaLpV4YT92OvC8Nf8jQnYge/Y4NdkT/32KODGtMK5RoXMffq7zd+C9gYl2qqVa5+m5tZprv8GuDWYDasrWqc2/zR1B2s0GPNpbmNYqzuS2tyT1EkzYrpwdlKfXZ7VTRtb9MOTO3To3Bl6Ys8sPX7JgP7lZ+bpT25Ypj+8drH+xd55+t1r5un3PrtYPzY9+en55rUa1f0XzdSB3YPaf/6A7jmvX3edM0N3nj2gO8+dqbvOG9Zt5ww5H91tj5T+xsldpm5969QefW1bu762pVU3bWnTV81j37ShVd/Z2qOvb+jVF1Z169olbdo7N6vLR1K6ZCiui4cSunhmSlfMbja16Yo57bpstM1c3qxz+9LOMPW0TjsYbtApbQ3mNKhTe6I6tS+pnea5bumMam3Op7XNfqd1pvUtPm0wbWzzaVN7QJs7w9rSFdFWc1/2dFN70Plu57XNDVqVrXVON7Tll9tqrt9iTjd3hMxydshsfm4LaUurHfwGtLU9pJO74zqzP62zBvKd058sDHdDZh39OtX8+3NaZ1Bn98V0way09szO6eKRrM4bSOrM3ohOM++rUzr8Oqm9Xqd0+nRmX0TnDaddX2siIiIi+mTltlOIiIiIiIi82Yc7ArgxrmiwTr76avl99c4AuLbep2qfqcFUbwfCdihbq1pnAFyXHwq7VGOW/yiyj+92xGlxdgg8dr7eZz+iuNY8hxqF/XXK2u8CbU5pUU+LVvW2amlLQnOj9RpumKbR+irNC0zTvPg0zc1UaVGmWqtz9drS4tNJTT6dmmnQ2Y0+7c74dXFjQJdlQ7qiKaxP5YK6sqVWV7Y36NM9IV09I6PL+3O6YEar1iRCGg341V5Xr1RtgyL1AbMeEUUDIUX8PgXM+tU3BFVnLqsNpVQbzqgmlHaqDSZNCdUHYvIFovKbAv6pF/RFFXYp1GCua4hUFPCFFQgG5A/5ppjfWT4QDFYUtDnD29JCTkFToKJwOOhaLBJRIhpT1JxGYjElci1KtfUr0jqq2uwcTWtcoNDAevmHVqu6b74iQwvU3jeo3Vv79fSP9ui5A5v07D2r9LN7V+of96/WM/vX6KV7VuuVe5fqhXsX6+l7l+jndy40yyxxBsDP3LVULx2wA9+1498HbD8O2n4nsP3YZzsIfu2wHebao3o35Ae8h+x3364pGvauHx8A22XyQ+EtzgDYfv+vPQL42CPm9KF1ev2BNc537tqPgba3sR8XbY8Utt8dbI+0tQNe+9HK9uOb7aDXZgfA9iOX7Xl7OnY+P3i1g1w7oLXDXTvwPclkh7b2Z3u6U7987GT9+olT9KvHT3UGu7+2R/c+vFNv2e8dNuv53iPb9eb9G3TMrO87D27Xuw/tMKc7zHXm/sxydhl73dt24Gwe612zvvYye7Tv6wfNczXbyZ4/au7jzUPmfg6Z82a7vW6PlL57ifMdwM/fNqoXbh3Wcz+c6QyBn/1+v37x3V49/d0uPX1zu37x/R49+70RvXDzqF6+bUiv3tulZ+/s1HMHl+k//OAUXbioQ6Pm92+gK61QPKSGZErBxgaFGmsVSDcokJmmdLpKM0NVunFBnX75g2E9fVlWT39qSL+4dqme3jdf/2pXSo9uadDhndX66S1L9SdfHdQDV2X10DUduveSnO48N6effHW9rp07Xd/fntS3t9br5i3V+jefbdfL35utN"
11938 [Forwarding screenshot on session b1310904-d161-49ca-a1a6-530fba7baea8 to remote] DEBUG org.apache.http.wire  - http-outgoing-47 << "785qLe+0qv/+fWZ+n+/M1/P7e3Qfzw/pn9/YVr/7spm/ddvLzCv/Rr93W+16D98o1F7V1ZpzUCNZnWGNdzdp3ndQ5rZ1KaZ7W1asni+Vi9fqHPWzNNtJ8/Q5b0BrW9NqrWhXgnzN3bNvD61t0QUT/mVTvoVjobli6YUTqQVMc89ksoPgkMmOwAOpVNO9iOg7RHA4caMos05+TItCjR2KdPeoWTSp8ZYlbKRKtd/A9ya29GkwUxUvfGA+mJB9ZsGogGNxPxa3hzTKUPNumRxt67fOKhvnDRLN582U7edOaR7zunXwd09evJTw/qX1y7S7+1boKf2ztFTn5mn379usWmJfuea+XrsyhEduWRAhy7q04ELerT//B7de263qdfpnnN6dceZXfrBaR363q42fffUVn33tC7dfGafvrurW9/a2aGvb2nRV9dnddP6Jn1rc5tuXN6ozyxI6uq5MV05EtYVs2P61NyErl6Y1TVLWnTVgpyumJvTpaNZXTgzrfMHUzpvIKFz++PaPRg1hcx502BM585M6WyzzK4ZCW3vimpHd0zbOiPaaoe4LQ3a1tagU7qCOnNGTLv67PVh7eiJaLs53dYV0paOgDa2Nmh9c502tfmcn+11J/WZbdef0Mkz4jqpN6ad5j2yrdXvtNX8G7TNtMMOeM2yZ5vHPn8ord2zMs66nt0X0a4On3Y212h703TtMKendNr1aNAZvUFnvXcPJ7V7ZlLnDkR1zoyIzuoLmcx1AxFdPGvqHwFORERERB/f3HYKERERERGRN/tIBsCB+ukK+OvU0FCnWnsU8PhA1g6E7ZG21c4AuNYeCVxfOArXDn2Lztea5e1A1t7OGdLaxs6b08nO1xXOj91urHqXGuxHDNfb7PmJI1BrGuqdjxgOBuoV9tUqE6xVV8yv0caYljTHtbwprAXhas1tqNKy8DStSJiSVVqbrtHWJp9OsR8N2tigXal6nZMN6rxsSBeY21zYHNXFLTFd0BbX7p6MLhhs1u6hdp3aldWSiE+d06epbdp0tdQHlPKHFbYD3Eha9eGk83HLPl9QDfY0EFMwmpEvknGOAq4NplQfSKohGHeu8wciCgRCpnAhe95elv85aO43GIwUsufzl4VMEb8tVmjsfPHlE9fb5fMD2rEhbfH5cOF07PKgwuY0HAoo4lY4qOgkRUJ+k6+iaNhfUSxstl0krHQ0qkQ0rEQ8qsZcTpnWbqU6RhVqmafp6VH5upYpMGOZ/IOLlZm7Qk09M7V6tEk/fWKvnr9/u57Zv0LPHFijv7tzhX5210q9ePcyvXbPYr18YKmePWiuu3eJXrTfA3zvMj1z12LZ7+cd+25f+7HQz9y13Pk+YDsEtuW/33eVM+y1w91XD9vT/Pf4jp3Pn+aPBrYde3irM9y13/P75sMbdeyRDeZ0vTMEzrdebzxoMtfbYfFr9nuEzXrbwa/9nt38d/duHB/2jg2Ef/m4/Wjobc7P+SN/d+rYA1ud3n5obBC80zm1l9mPfba9ecQeobtFxw6b+3jkJGfI+/qBDXrl3tV6zTzH/Ok6c/1mvf3ANme5o4c2mTboBfvx2bea7XfvKr11xKzXYXukr1nvg2ad7bDcbK+X71np3MfrB9bq7SMbTWYbmG1y9NAqvXHfMr1utvkzNw/p2R8M6flbZzofAf38Dwb07M09+vnNTXr6+x167nuz9PL35+iNO2fr9fv69cqRuXr2oZN0aO8WzYoENdjUpFQyqkxjRrFYSuGU+R1I2yPFG5TLVGl5t0/3nt2kl74zpNeuD+q96zp07HNDevqKPv10d4/euG6Z/s0ZWf3o5LBu31irwxem9MS+ft1xcVa3nJvVzWc06f49g/qzr2/XV9eF9b2dSd22M67b1kzXj0+N6Jm9A3rt6gE9f2GL/uH0lP7utKT+7eag/u3OhP56T7f+6MqsnrjYp2fvHtH//o979IOLGrW4a5r6W1Ka2z+qpX0jGsm1aU5fj1atXKrNa1bo/FXz9K+v36kruwNanYspWVWltPnbu37BDHU0m9+BpE9NjUEl7Uf0p3OKJjOmlCLJpDlN5r8DOB4328Kctx/9XDiNZDOKNzcrnp1httdcZZPdao0Fdda6If1fD9/o+m+AW8NNMQ2mIxrOxDSvJasFrc2aY7b/SCKqEXN/ixsj2jnYoitWzdSXTlmkm89fqXsvW6MHr16j3/38Wv3e55fpqc8t0o8+M1+/e+1i/f7nlzunP/rMXD2xd44evnKmjuyZofsv7nU6dFGvDl7YqwO7u7T//A7dc26H7jy7Q7ed3a5bz+7ULWd16Lunt+nrO5v07ZPb9N1TuvStHe36yrpGXbsorKtH63XVbL8+vSCkzy5O6HPL0rp2eVb7TNcsyeiqRWldPi+pi2cndMGsmM4biui8mebv+rC9LK1L56R0mbnu0tG4Lh4xywyndM5QUqf3x3VKb0ynD6R0Wl9Cp3RFdEpnUGd0h3T+DPNvw8yU+fcgpTMHE2aZuHaZy07tjejkXnsUb0gn9QSdn3f1R3XGQEJnDiV0lln+rJlJc5rUGf0x7TLLndYV0i6bue/Tu8M6a0ZM55vrLxzJmPXLaM/srC4aSZnLojp7RsAZ6p7VH9Y55rmcOWiWH4zo/NGkLl2Q06cWtTpdYm538XBCF5tlLjHP9ZKZU/8IcCIiIiL6+Oa2U4iIiIiIiLzZhxoAd2TjSoTrFPJVK2i/C9hXL1/Arwafyfk+1wZzWq/6+lo11NWovq7WZC/zm2XHCqjBDmQLOcPZovM+O6i1yztNnPf7gqZAobHzQQXMqS1YfL4hf95eNnb52Hm/334ccYMCQb+CgQbzXGqUDtWrOxHSzHRES9uS2tCd0fqWkNakarU+XafNyVrtMJ2a8WtXOqBdKb/OMKdnNYZ0Vjass5ujOrs1obM7kjqzM61Tu3Ja3dqseem0ZgSCaqupU3NNvXLm+WT9YSWDUUXDcQXDCTVEU2qIpRQwP4eCMQVDtoQCJr+53h9OmuuSZtmkwqG4IiFz21DEFFYwWDiSNhxUKBxWKFIoHCk7H1LYnEZMUef2xcUUC0dN9jReOJ0oEYkraUpEYoXT/PmJ04nzSVPKPFY6EnApqEzUvfz1/smLBsxy+bKxoHLRqHKRqJpiETWn42rJNaqppUOZ1kGFsrNUlx5WuGuJIn1L5O+Zq+jAAmX7RjViXps/u/MyPXv/Vv3szgV67tBaPX3fRj177xq94HwH7Ww9c+c8/cNdi5wB8PP7l+qF+5Y5g2DbC/tX6Pl7V+jZu5c7Q2D7cdD2COCXDqwz51fp5UOrnKN2Xz28Wi8dXOF8l++bD29wvtfXXmZP7eX2+31fvd8sc8AeIWwHv1ucAbA98vfVwyvNcsvMckudn+3HQh99yH6s9Aa9Ytb3DTtIPrjSnK7R2+a6tx7a4Hw379Ej9jr70dD58/bydx+1RwbbQa8d8prlCt8f/IpZb+c7hM3l9ghhe/4Nc71zev96vWauP2bOv2s/KvrhbXrnwa1668hm56heOwi2R/S+9cAmvW1u+8tHt5tlzHWmY/Zo5/tW6hWznd56YIPefnDjeMeO5H9+45A92nqZ3jiwUkcPmu1zyKyv2W5vHliho2Zbv3b3fL1424ie/cGgnje9+EPTrf165pYWkx0Az9QvvjmkV2+fo5/d0qfnzbb87S/M1+rcdM3NZdQab1JTY5NaYnF1m9+n5ljCvEeyajc/X7Qso//83Q16+ro5evGqZr2yJ6r/tiOm/7I+qr9cE9a/W5XSf9repT/Z0qyH10R03+aIbtkS0q2nZ3Tosj7deWGPvrAhpnsu7NPBi/t19wW9+t7pTbrvvHYdOKVRty2q0Y/W1ukP1/n0r9fX6N9vbtB/2BzQ/70xpN+eP01/fkaL/mBPVrduDunYY5v19h/v0b6tES3u8Wm4u1092Q7N7+jTkPm7sbC/RztP2qr1K5dq14JBHTlztr4wJ2L+JgXVMn26uszvwvalM9WVM79vKZ9as0E1pmNKZ5tNWSVTScUSMUVjUYXj5vc8af52OB8RnVC8MeUUy6aUzDUp09SlxkS3WuIpzW+Pa/eadv35Y59z/TfArUXm799IokGDU"
11938 [Forwarding screenshot on session b1310904-d161-49ca-a1a6-530fba7baea8 to remote] DEBUG org.apache.http.wire  - http-outgoing-47 << "fM8klGNmscYTiY0Kx7TTPN7P2T+vg6HazU3Ok1LMzXa3hfTnmU9umH7sH543iwdvGxEj35mgZ743GL96Lql+m3Tk/sW6bFr5umRq+fqgStm6f5L+nXQbPcDdvBrXof7LujSwYu6dd/uTt1rtv8957frrvM7des5HfrOrpy+tiOjr23P6gsbk/rc8rCuWRTQZxdFdP2yhG5YkdZ1K1O61nTdqoyuNe1bkdHVSxK6Yn5El8wJ69L5MV0yP66L5yd00bykLpqb0oVOSe2Zm9Dlc0zm9JLRuM6fGdOZ/RGdNiOq001n2uFtf1xnz4jrvBkxXdBv7msgpkuHYs6RtbuH0zpnpvm3wlxmlz/d3PasAbO8uf68mSmda5Y5b1Za5w2ndL5Z9vyRtHaPZMx1SZ3dF9W55j5t5zhFdZ65n90z7bqkdencjHkOOV02r1GXzE7qwuGoLrRD7Flm/fr9OnWGT6f2NWhXn888fsjcb8I8n4xZNj/YvmJOWlfMTuny0YTra01EREREn6zcdgp9kvqL27epc9vt+guX6z7Sntqnzs59esrtukL/ZOvyz9Zf6PZtndp2+1+4XEcfbR/DbT2F34EP22/md+gp7evs1L6n3K4r9H/Ydz/+RvqDv1XVnr90uvwP8pf91YN/Xbjsb/W75csX9bu35m9X9YW/11+5XE9ERB9tH2oA3JWNOcPSqK9aYX+9Ag11sh9ZHPAH8tnzvgYFfXUKNtQqUG+rN+f9Cpnr8tkBrVmmwVeo9Lz9/tuwua+w3190PqCI/YjkgD0NFsqfjzoFFPWHCudN9ry9jc1nljX3FTGP62TO26NO45GQ7NGkUbOeyYZqNQdqNZQOa0FTRGvbE9rWk9SOzog2Ndbp5IxfZ9tBb2NYZ6RCOi0V1BmZqM7MJXR6S0qndWR1cldWm1qTWp4OaiQaVK4honRDXMn6qLn/qBI+UyCmRDDuDF0j4ZhCkaiC0agCpnDEXGYvN0VDiaLyy8ecIoqHwuY+QubUbI+IeW5Rc2oeLxYNKxoLK2aLRsx5sw2c8/Zy81zt0bKmlGtmXWOVZczlOTtAiyad0xZz6pyPJpQLJ9QUiTvlz8fMqcls1+aIv6IWWzTgkr3cd9xaY36ntnjAFFRnPKaOWEztibA6MjF1NmfU3tqmply3wslu+RL9SnQuVLJvsaJ9c5UYmK90z4j6mxv12189Vz+/b4P+8c7Z+sV9y/WzezbqmbtX6cW75ullc9lzdy3Uz+9ZVhgAm+4rGgKb5Z+/d7nzkdC/uNN+N3B+CJw/+tcOeO139+aHv88VjiC2A2E78LVH89pTOxS2y7xoB8GH7dG9m/TmQ3YIvFFvPWqPBLYD5BXOENgOgO0A+a1Ht+itR7Y53xN89Mg6vXJghdObD6xzhsC2dx7ZpF8+vlXvPbbFGQDb6+x5e/nbD2/SO87RwVudZV8/tNYss978vFnvPpo/Wvi9x/JHEdvbvWqe59FDa/S2Wea9hzbrlw9vc3rv4a1667C5/X2r9PqBVc7Ru2O9YwfO9nkcXqM3Dq7Um/ev0TGzHm8/sN60Tm+Z8++aZezPr5vt8tp9S8zpUvM4K81tVutds51+ZbbRm2Z7v2pei+dvnaUXbhky9ev5W3r1/G0deu6H3XrttlE9+1sz9fR3h83rtlR/fNN8nTbo04JsnUZyTerJtjm/Hz2JmIbM70dPKq7OZFoLc1k9eMUq/f0Xluj3lvv1e/Nq9Ffbc/oPa/v1RzMz+snMqH6nt17/Yk5Mv7skrUdWpHRwbUp3bErrW2tD+vrGqO65sEd3X9irz60I6MlrF+quy7r17fPT+ubpEd16ZkK3bfXprrXTdHhNvf703JD+5rKM/uulTfovl7TpkSVVemhVnf7dvkF9dX6N/uzGQd17XrNOHpiuOe0RDbS1aaSzXwvM6YLWrHasWKCTT9qmdSuW6YyFw3r4nPn6/KyA1qRDaquuUUewQTsWD6o7G1A6Ua+OxoCyqYhS6UblzHPNNqaVSSeUTiWUMtsgnUmaUso0pdSYyyidTSuZTSjZlFG0Kammnma1mb93bY3VWj8/opX9Ux8Anj2nSdtnmL+bbSGtbg5pRVNQSzM+LU7WaVGi2jRNS5LVWpqYrkWRKi0MmYJVWmpOT26p1pVzwvrOzjbds3umDl4yoiOXz9FjexfpR59dYk7n6+Gr5ujBy4d1ZM+QDl00oAMX9Jlt121Oe81pl24/o00/ODWn752c0ze2NeqLG+K6flVE166M6LqV5vzKlD6/Kq0bVzc5fX5lo65dntG+5Sl9ZmlCn5of1hVzQ7p8XkiXzQ3rktlBXTxqmm1+np/QFQvTunyByZxeOj+lS2cndNloUntGErrQvG/OHQjprBkBnTEjpDP7zXnno6Ej2j0U04VDUV1sTvfMjOsSc3qB/cjoQTsgjuq03qBO7fZrl8l+LPNZM4K6YFZcFwzHdZG574ucU1tMl4wkzWPFdW5vWOfZ7+g12fNn94R1Tq95vBlhXWxua5e71H6fsVm/S4bN48+KmNuZ2wyGdHqfT6f2NuiUHpvf6Yz+iC4Yzeii2VnzXJt1hemyOVmzPTKurzURERERfbJy2yn0SYoB8D9lDIBP1FP7OtW57ynX695f/5zbepLHnurvwIcYEn80v0P59Z94Hf4JBsB/9fdaUBh+lvQRDTSnOkidei/oh18oW9fx/lo//Cu325ygf4IB8MT9FcXQmIjoffehBsB92biawnVK+GoU99crYrLD15KhrL9BMZ+5vKHOKW5+jvv8SgT8SgYDSvhNAZ85NZeVnLfL2PP2svzyxeeT5v6TQXsayFd0PmWuT5nrU855W/58JhQyhU3BwnmbuR/zOJlISFlbOKhcyKf2iE+t9dPU3VCleYkabe6M6dSBpE6x38WYDWhXMux0Wjqq05qSOqO1Sbs6ctra0qiV5rLRSIN6fdPUWlelxroaNcWa1BhvVSaWUzrapGQkrUQ4oXQspXQ8boqZIuNlzGWN8aRTU2yibDSuTDiixopCarRD2oQ57xRVNjlWrOJ8kzltTsTUapZ1q80sU16Huc+uWEzd0djEaeF8VySqzmi+sfNdkYhzZGJX1GeW9TmnY+edYn71mOxp8fneuM+pJ1E4LT5vTxN+9dlSAc1IBjVg1muGqS8R0oxGc741pd62FrXZo4Abu5TMDqmpa76yvQuU7BlRqm+20t0j6s+26L6rdurZQxv1i3tG9PS9C/X0PZv1vPPRxnN19L4FeuW+5Xru4Fo9Z4e9dgBseuG+pc4w1w52Xzq40jkS2A5/X9i/Sq8cWuccnfvakbGPbLYf/zxxBLD92Q6B7SDXNvazvT4/2N3iDH/ffWKLfv072/TLH20x92MHxcvN/djb529rl3vnsW361RPbdOzB9eNH+trzNjvYHRv4jh0NbI8Ctpf96omt+u8/2uH0y8fN45nl3zTrcMysS354nB8iO/dlLn/nwTUme7re6V37MdMPbtZbh83PD9jv7V2h1w+s0HsP2+vt0cIrzOlq8/M65+c3zbofPbTCtNy57thhOxBeoXfN87K3eevICvPzUh07sqxw/Sq9ZbbVW4dW6i2zXV6/Z6FeusN+z++wXrx1ID8AvqXb6eUfDur579nvCF6kv711va5dE9e8eJXWDuXUbX6PZjQ1qS0a0WBjXANJnzqi0zXaEtWG1pAev2S2XvzKYj0+r0Z3tFXp0Kwq3d3u1y3hKh1IVulgc5Vua6zS903fbqnSt/qm6eaFAd26Ia1rZk3TF1c26I6zO3TTtoi+fXJSd1/Rpbv2tutbZ4b13dPDOnhBk+45xadb11Xpx7tDeuG3RvW/f+88/eqx8/TUtqgOr6zTj89r0ZFTwrpjc4PO7azS9r56DeViGu2doUX9Q5pn1nv7nD5deeYObd+2WUvnz9e2md16+Jx5umFWUOvN+72jtkYtDTVa2W+ea9ycN89zsDWuLjvcTaXVlmtUW1NaLY1JNWcSas4mlTM12VOzTHMuraZcSlk7+M2Z2sPKtlcrbbbBirkBffHSuTpzid/13wC3btjYrn1rc/rs6pyuXd+qz61t1dUrmnTl4owuX5DSJXPjunAk5hwpa7979"
11938 [Forwarding screenshot on session b1310904-d161-49ca-a1a6-530fba7baea8 to remote] DEBUG org.apache.http.wire  - http-outgoing-47 << "rzBuHYPJXSh6fyuiC7rj+q6hTHdtK5J39jYpG9uatT3djTp9jM6tP/8Gbpvd78O7J6h/ef16e6zu3X76e364Smt+q1tWX1jU0pfWRvXjStCumFZWJ9fFtENK2K6cVVSX1zbqC+uyZqadePqZn1+VbOuX5XTdSubdM2ipPYuTOrT8+O6dDigS2b6dPnssK6YE9WlI6Hx06vmJ/TpBUldaZ7DpxemdJUdBM9Oa89wWhcMJnTejIjO6w/pvIGA07n9PvPcArpoOKyLZoW0ezBgnmdYlwzHnQHt+eb5nz0jqjN6zb8l3ebfla4GnWY6vbtBZ/Q0mOtDunCWWX4kaoro4uGQuW3QrGPErGNUu81tz++L6rzeiM61w9/ukCloss8hYdYrqT2zEmbdk7ps1A6qCx9VPWy2fX9Yp5rHOqmzXid3+rWzw6+TuoI6vT+hc2Y1as+CDlO7LpxjXruFba6vNRERERF9snLbKfRJigHwP2UMgE/U/+kD4A/bb+Z36Dc7AB4fXprGBp9OYwPRW39esvwH6Tc6AB4foBYPhT+ax/loB8CF9StaZmLbf1TbhYjo/4w+1AB4KJdUW8SnrL9OmYBPdvCaDIaUCIYVNyUCwfyw1ucz1SvRYPLVKeX3KW2Wt9nzqUCDMkG/UzroKzpvTwOFxs7nTxtDQTWGC6dF57NOAWWDpeebzHl7NGouHJ44NTWHQ2oy69Bi7rPdXN4eDanD1BXxa0YsoOGET4safVrbGtT27rBO7oloe2tEmxuj2pyNaXNTUhuySa1Jx7U0FdFoNKAZdoBstklrsEFtcXtUakrN0ZRy0bTJHj2bVEs8qdakPY2boqaIWhJhU8g5qrXNXNYWT6jdLNcRS+Qzy9o6E4mSOgq1RyNmuXz2qNhOcx+2rkTcFCvKXhZTbyKivkmakYxW1J8Ma9Cs22DMNHZaOD8UD2nIrLvT2HlzOjMecJpVaPx8whY02zfonI6fT/o1kvI5DRdOx88nTWlzvWl2OqDRTEBzMiHNScfMZXEN2+8dzUU13J7UzI6celpa1dzYoVzzgFo656ilZ66aekeU6RtWunNQI81duvmctXrlgQ167p5B/ez2UT195yY9f/dqvX7fqN48sECvHVyp5+/fqOcPrNILB5YVhr/2I5ntQHa1XjtsP/Z5tfLfCbxar9qPTLYD4MPrnEGt/e5ee+Tua0fMfZpT+7M9b7/bdyz7Xb92sGuHum8+tElHH1znHP377hObTBt17NE1evMRe5u1zrLO0cFm2bcf2ewMat96yA58NziD23cf3eSc2sHu2Hl7+t5j9uje/M/vPWauf2Kz3nvcXP64+dmcvvPoBr1l7v9tO8R9ZL3etcs8vlm/Mo//68fX6peP2CN21+gds/7vPrjBGQL/yqzD/3h8m962Rybfv0zvPrxKbz+4wjm1vfOQ/f7fFfnB7pHlTvb6tx9YqaOHlhRaqtcPLtTR+xc5y739gB0ArzDbfrne2L9Ux8y2tgNgezT2K7eP6KXbBvXCD2fo5duG9MqtA3r2ux36+Xd69Q83L9ahC/u0tnGa1vUntag3rf7GkGblEpppfq8GMzHN6khqtL1GS3NVOjU3TbdvmK7nvtGvv7q8Rf/p0qT+9jNN+i9XduqvL87qr84J6Sebw/r9VRE9sSSog7Pr9f3+Kn19xnR9d35Id25u0i3bmvTdbY16ct9C3Xlht245q1H7d7fowO5OfW9LTD/cmtCR03N67My07lxdrSdPadCfXpjV3141U7+zOqmHlkT1O6e06eZFDbp7c0ZXjfq0Klej4dZGzemboaX9M7S8I6EzFvfrnE1LtH71Sq1eulRre5p1784BXTsU1KamsPrN39GeUIM2DbdrqCmgLvN7MdwS0UBzRp1NTaa0OprM34is+RtRVEcupc62jLrbs06dHY3q6cpqpDOgBWb7XLQ0rkc/t8ps137dbJ6P278Bbn11S6tuWN+o69ekdOOGrL64oVlfMH1pY5upXTeub9ON61pN9rRdX1jfqS+u79KX13Xry6ta9OWVjfrKqqxuWtukr5rt9IXlIX1pZVBfWxfWTesjhaJOX1sX1VfXRPSV1VHdsDzo9IUVEX1pVVxfWpPWV9ZlTFl9ZX2Tvrw+py+uzelGO/Rd1qjPLE7p6gVxXTUvqk/NjZrTuDmN6dLhoPbMCuiK2RFdOSeqy0fDzuX256sX2CFxwjmfvyz//bgXDiSdj3c+pzdoToPaPRjUBeb1uWAooD2jEV062w5ww+Zyv7ksZM7bIWxS5w/FdU5/TGfZj4ruC+tMe+RvX9BcFnSOJLZH6148bG4/YtbL3H7PiFk306VmnfYM5wfAu83j5ofAYZ3bEzLlB8AXDebXzQ6ALxtJ6fLZyfH2jCbMesTNYwa1yyx7cldAOzr8poDzvcW2c0dyunBeqy6a16Krl/W6vtZERERE9MnKbafQxy5nONOpzvEmBjXjAyNnOFV5/VjOckX3UTIMch3+lA2N3IZfFetlOu7wamKw5gwKx25TMjAsHL143PvMr1vxMhPPp/L2xxsiOutRfP8V26J4GDjJ+rs85+Nt76m+Zm5Nfr+FbVK2Lvn1LH7dyrdP5UCz/DHGXp/x9S5evuh9UXE70+SvyxQe13S81y5f2XvB7fmb9S+978rHLq7ktXUqvDZjz7Xsfe/62o7f3/Heq5WN3f6p46zv2HNyu13+cYvfs/bnst/lomWK12uq78GSXI56LckeGVwyAHY58vaDHPVacpTuz3V5+fUnHDq7DYCLH6vo/sefY9FlRUc8jz9vl+UmGwC7PyfTiQbAt5Zdf6LtT0RErn2oAfBoS0bd8ZBaQg3OINUePZuNRE1xNYZj+SNTQ+HCMNYOYv2mBuVCfuXC9qOAA2o2l9vzTuZ8U9g38bM53xox9x8NOhWfb4uG1Rozl8VCajXnW8x5e1lbNGQKqj0ydj40fr4jFlZHNKJ2cxvnvKnTnO811zuZ2/fGoqaIOR9UX8SvoWid5sRrtayxThvbfNrZF9Gm7oRWtiW1NBfX4mxM89IRzbSDX7O+feY+uxMxdSYTakul1JxKqiWV0IzGpAbS5jQZU2/SPIapJ2keJxVVXypSVNgsE1ZfMm6WSZrTlPk5WVRcfYmEesdLqieRMiU1aH6eaR53rFnmsScvoVHT7HTMFC+UPz/HlrElik5NjTEtbIqYwqZQ4TR/flEuagqbIoXy5xeb5Rc3RStaYsvFXLKXR/I1hwrnw+a8ybksrKXNEVNUy1oiprgpYy7PaKE5v7AjqYU9jZrf16qhjjZ1NnWoo3VQHZ0j6uido47+2WodGFWue0gLOgd10/bFevWBdXr+3j49ffuwnr5tg56/c4Ve3z+so/fN08sHVurZA+v1ov2u2oPLnV4+tKJwNO46k/0o57V6xVz/6v1rncGvPQrYDoXtkb2vH1ntDHdtxYNgO8gdG/6+8/hmZ+DrDHUfNdnvg31sk8lc98T68fID4c1meXv071bn9NdPbhvPDn3HBr32dCx7+dh1dtD73uMb9MsnNujdx+ygd705v1G//tFm0ybn/DuPrtOxh8zzO7xcRw8v1TsPLdO7Dy3Xew+t1C8fWqtfPbzBtFFHD6zUm4dsy0yLdezwIrPcMr3z4DK9dWSJ3rx/sY4eWmRa6JzaZZz7edh+zLMd/i7UGwcWOkdbv3H/Ah01y795OH8U8Nv3r9I7h812sh8PffdCvXzH7MIRwP169uZevXDzTL14c7+ev7lDz/ygX//5Wwt0/Yqk1uT8WjPQpv5cwLwHkprfbt5/2ajm5lIabY/q5OE6fX5hg/7lOe36r3vb9eIXB/U3lw/qby/v1N9f0aT/dkGLnr6sR/9waat+sbdfz107W8/um6e/u3JUf37+oJ7a2a+7l6X1nfk+HdzVpbtP79QD5rqDVw7r9gt6dNOWpI5cvlBPXbtZt54+Uz84tUcPXTaiBy/q1IPnZnX3prCe3NWpPzxrno6s6tI7B67TN2f6dO/mTn15dbfWtoY1r7tTI11dmtuR08b+lK7cMk+Xn7JWG1av1LzhYa3uadbhM+fopkUZrUv71VVbrUHzd3jzcJtGWyPqSvnM34k687ckq"
11938 [Forwarding screenshot on session b1310904-d161-49ca-a1a6-530fba7baea8 to remote] DEBUG org.apache.http.wire  - http-outgoing-47 << "u7GrLqySXVn4+pumqjL1Gn+dnU2J9TdklRnS0Lt5venu9X8zTH3MdTSoNOXd+nr56/UxQuaddXiRtd/A9z6zknd+tqWZn1pXaO+aLpxTVo3rErpC2uz+uLaJt2wMut87HI++zHMzfrimjZ9ZW27vr6+VV9ZldaXzGv5tTUZ83PKlNDXN8T0tXURfWFFg25c3qAblpmW2vzm55C+uCJitl9MX15rl0uZ0vrqBjv4bTSXNepL9uhf8/g3rs7q+uWN+mxh+PupuRFdMTvkDHPtYNdmz9thsB32XrMorb0LU072ss8szjjnx4bDlw6HdeFAROfPiOuc3ojO7skPgC+aFdae0Zgz+L1iXkJXzk/q8rn2I5ntQDfqfFz0xcMJnTcYGx8AnzXD3H5GWOea+9s9M6oLZtnb2+8WTuqKOeb2c2K6bHbYnJrHnmfO2yGuue0F/fHCEDii8+zHP5t1sJ3fFzLXhZ0h8KXD9qOg4+NHAV82O2XWJa3zhuI6oy+sU+wAuN2v7baOoDab1//knqjOGEjq7JnmPbio0/W1JiIiIqJPVm47hT5euQxvnto3PtwZH2wVDYScAVHRECq/TNEQqTDAGr/PDzIALr8PU+Xwq7yJodPE7fKPMzGssssUD7wKtxl/fuXDLZNdl8L1lcMxc//HW6ey5zW2PUuHZ2PbZirr77IdyrbVVF4zt050vxXrUv6auWy7/LqUP/+y2+zLP2bF49vKHsNtOPmBH7f8da6octuXb0fn55JlCq9hxToWN8ljO8+19P5dn8f49S73U/RedSt/f1N4TmX3cfzHzW+nifeJyzZw3kvvdwD8fo+YnRjULnjwBeeyqR4hO+lyLoPY93U0bclyRZcVD5A/4gGw22VT/QjoihgAExF9oD7UAHhOW5P6khG1RwNqi0TUbIvaI1pThZJqjcXUZrNHp8Yj6rZDCVNPOqbeTNw57TZ1mftxq7Oo4p+7klF1mfspzrlvZ7BamjNwNdf1ZxIVDZiGU0kN24GpaTiT0Ui2UaPZlOY0pTS3MaJF2aDWtoe1fUZMpw6ltLIrpuFcSIPpgIYyIc3KRjUza+6r0dSUUW9TVt3NOXW2tKqjtU29rTkNpSOanQ5qTmPY3G9Mo01RDWcjGs0lNHu81HijuUbnO0xto7msZjc15jPn5zQ3aba5/9GWZo2Yx7CNNrdqYa5Zi5tyWmxOl9iam7W0uWWSmrWitVkrW5sqWmVry1XWntGazqQpbooVTsvPl7bWLL+uI11ZZ1rrOzMu2esTk2TvK2GWSZpSWt+V0oYucz9dLVrd0axVnY1a1ZvVyoFmLR/q0PwZPRrpHdLMGXM1o2+ues1p39A8dc2co66hOWa5efrihrl6/cF1evnADL24f46euX2TXrp7ld48MKxjB+frlYOr9OzBDXrp/rV65f6VzvDXntohbv77eDc5R+TaI3fHskcA2wHwa4fzw96xQW/x0b92wDs2BLYDYNvRBzc43+trB8D2ujceXK2jD69yjgB+67G1zkB4bAD89qNbzbIb9NqhlXrDPM7YRzi/a9bHfsSzvWzsyODX71/lLHf0gdV651E78LVD4PV688GV5vktNuu6WK/dv9T5+d3H1ulXT9ojhDfo7Ufsx0bbYe4CvfPAYr37wHK99+Aq01q9Zx7P9rbZFvayt+5fotf2j+qtw/P1q0dW6JcPLy+UP//OEXv9HB012/TdB5eZluo9c9/2uncfWqp3Hl6io4cX6/UDC3X0kLne3PevH96k/+9H2/U/H92oX5nH+OXhpXrrgHm97h7V2/cs0bE7Z+uXh0b0+v7Z+skNA7posEabzPthbntWi4ZyWjKU1JLOoHbMaNWa7hYtML/Dt54zQ39xzZB+vqdTf74zrCcX1+t3lif0L5b69MfLp+v3R6br9+bU6XcX1+pB02Nr6vXg0gYdWezXjzaE9Nj6uA6ujOqWJUF9aU69bloV0jUL/PrytoT2zK/Xmf3VumR+RNdvnqFLFmZ0wfyozhhs0Hmj9bp4uE6XD1Xr4uY6XW3W5dKYT9+aldLlken6VK5WZzTVaWXW/D0xv88z29s017yfV7T6tDTXYH7vA+ppb1VfR6cWNse1O1uvMyLVWp8Ja17G/M0wf6sWNofM36WgZrZENaclolm5tPrN73lfNq2+prhmmL8xfS1JU0K9zQn15MzfX/Nzr6nLnG83f4/aczHlWhvV1NmmlpZG9ZrLhzIRzTV/s9z+DXDrG1tadNOmrClnzrfq6/bnjeb85lZ9e3unvr2tS1/f1KavrMvpy2ub9bUNbfrmlm59b0evbjmpV9/Z3KxvbGjUtzdn9a1NaWfw+8WVfn1pVcA56tce8fvlVeayFbaYvrQyaX5O6cZlEX1+WUCfX5r/+OcbVsb1hVVJfWlNxhkA2/8gcN2ypD63JKXPLrbD3YnsUNcOfO2pHfp+dkmj0+eWNem6Fc26dnnOGf7a031Ls84w2A6A98wK6UL7/b79CZ1rP4a5L6TdAxFn+Hvl/LQ+vSijy+bEdNXC/Pkr55vXe6793uCkdg9FdXZfWGf1RfJH/5rsAPi8wah2z4o53/t71cKsuV1WVy9s1FULUvrU/LjT1YtSutLcz9gA+MKB/DB4t/0I6sIQeLf9HuChmC4fTetTc7P61LyM01XzG819ZM16NerCkbTOHojplO6g8xHQ29sD2trm15Y2n07ti2tXX8wU0aXzWl1fayIiIiL6ZOW2U+hj1QkGM6WDn0IlQzn3YVbJEMn1McqGRlMY9LmuS0nu63LC29nHHr++fJhVnPv9H7eS525vb87fXvR473dbOutX+XoVL3Pi18ytE9+vk3M/djmX7VSyHccqXu5423Zq6+32vvhgjzuF19Jtm5W9lz/K9+lUHq/0vo+/Pd1yXbf3/ZzK179sPabwPKZW0ZG3Uxhcug9xK4fCbk02AHYdnLoNZysqHl5XVnK7j3QA7P58P9gAuPg5FK0bERGdsA81ACYiIiIiIiIioo9/bjuFPl7lhznOkYem8qHUiYdydvjjMtgpHsq5Dn+ONzRyH5B9dIO1/GOPPed8E9c7A7Cxy90GYWPXHXddxipaJ7sdnNtMbDPn/sYfw339SwZyzrYsPH55hWVO/Jq5NIX7HWts+7i+PuW3LeS8zs5jTL4OU1nvSYeTLo9pm3jc8vffJO+Vokpfm7Hytxt73554WOrWVN+nprJ1L7/v471X3XJft9LfxRM/p/L1L72962O4vgYnym0AXHTZWIWjad2HnJMcdVuW+wB4sttOZahcdNvi9Sk6onb8th/lAHiS4fQHGQBP3Pf7ux0RETEAJiIiIiIiIiLyfG47hT6e5Yc6Y8OkseGO6zCnZFA1McycuK/CMmO3cx3+lA6NSu+zdMg2lvvwqrgpDNac82XLlDz2RMcbrjnrMnbdcddpYqBmbzP2uPYy+/zs6cS6uK9/yUBuCoO0E79mLr2PAd34djnukNAl5zEmX4eprHfJtij0wR53kvdKUc79lj1W+XvzA63PVN6nY5W9LpPd9/hr4vK6FOd++9/AALh8Hd7H+2ui4iNQS4/MLRkEf5IGwG5D7Y/jALhoUF257YmI6EQxACYiIiIiIiIi8nhuO4U+7hUPgFwHRiWDqg86tDzxALj8Picbfk104tu5DqdOMBw97uOe4LZOdplt+7TPrFvpkMxcVrJdprAty7ebS67re8L1PPH9Oo3dj/Oali3/IR9jKuv9QV4/9/ef+7Yuye1+y+7rxMNS9+ztKh57Co93ovv+QNe/7+dUvu1cBsAneIwpVzSILB5oug2A3Ye4UxnWTnbbSQankwxZS/tnGgBP8nzf1wC46LFL1omIiKYcA2AiIiIiIiIiIo/ntlPoY5UdOpUMe0qHO67DHLehXPHgyhn2FA/68gOi4oGXM2QqXqZ8+FX+c+E+jzfcch3qla1LxboW1m38Mrt82WNMDMTsssW3nWT7lDe27m7Pp+T+pjIAHtt2ZcM0s73ez2vm1onu131bFi9f2JYV269suFj+nPcVlnfW0eX+ipavfP2KljvR4xZtw/z9VG7r0vL3W7yMcz9Fj1N+v7apvCfK78fJ7TVytvnE8yi57+O+V"
11938 [Forwarding screenshot on session b1310904-d161-49ca-a1a6-530fba7baea8 to remote] DEBUG org.apache.http.wire  - http-outgoing-47 << "ycuK65y3fLvucptU7QeY+/V8duVv0/z26n8933i58JjuL22x1nXscaHl6aJgWvlANht+DnZYLcityGszWUQO7Vh6iQDYLeBdtFjjA9tP/AA2H39pjwALlq/E24zIiKaNAbAREREREREREQez22n0MerwiCmuPJh0BQGVfmh0cR9TAx/Co0PPMeuLxsSneg+zTo85bYuJY0NmkorXxdnSDZ+vXnMksd2uY+ixyy9ra10nd2rHLId77LyoeSkQ8aS9ZhkSDiW23DRpcnv121gN7atiu/3+NvPVrENy99v49eVvzaV9185ZCyq5HFLr992+1POz8cfANvKfj/cnovba1O+/Ssqvt/CNnZ7jY43AJ7Cti6v8vU1la2/reQ1MvdZ+ruXf9zJB8Cmkt93s/5PlT4P9/fTcSo5KrW48iFl0eB1rKkc9WoqHjSXDoKLhs1jHefjpPO5rMd4LkfVlgxeS3u/A+DjPvbxtsWk23gsBsJERFONATARERERERERkcdz2ylEv6nKB1NERERERP+0MQAmIiIiIiIiIvJ4bjuF6DcVA2Air+R+FCr9c+b2OhERUWUMgImIiIiIiIiIPJ7bTiH6TcUAmIiIiIj+eWMATERERERERETk8dx2ChERERERkTdjAExERERERERE5PHcdgoREREREZE3YwBMREREREREROTx3HYKERERERGRN2MATERERERERETk8dx2ChERERERkTdjAExERERERERE5PHcdgoREREREZE3YwBMREREREREROTx3HYKERERERGRN2MATERERERERETk8dx2ChERERERkTdjAExERERERERE5PHcdgoREREREZE3YwBMREREREREROTx3HYKERERERGRN2MATERERERERETk8dx2ChERERERkTdjAExERERERERE5PHcdgoREREREZE3YwBMREREREREROTx3HYKERERERGRN2MATERERERERETk8dx2ChERERERkTdjAExERERERERE5PHcdgoREREREZE3YwBMREREREREROTx3HYKERERERGRN2MATERERERERETk8dx2ChERERERkTdjAExERERERERE5PHcdgoREREREZE3YwBMREREREREROTx3HYKERERERGRN2MATERERERERETk8dx2ChERERERkTdjAExERERERERE5PHcdgoREREREZE3YwBMREREREREROTx3HYKERERERGRN2MATERERERERETk8dx2ChERERERkTdjAExERERERERE5PHcdgoREREREZE3YwBMREREREREROTx3HYKERERERGRN2MATERERERERETk8dx2ChERERERkTdjAExERERERERE5PHcdgoREREREZE3YwBMREREREREROTx3HYKERERERGRN2MATERERERERETk8dx2ChERERERkTdjAExERERERERE5PHcdgoREREREZE3YwBMREREREREROTx3HYKERERERGRN2MATERERERERETk8dx2ChERERERkTdjAExERERERERE5PHcdgoREREREZE3YwBMREREREREROTx3HYKERERERGRN2MATERERERERETk8dx2ChERERERkTdjAExERERERERE5PHcdgoREREREZE3YwBMREREREREROTx3HYKERERERGRN2MATERERERERETk8dx2ChERERERkTdjAExERERERERE5PHcdgoREREREZE3YwBMREREREREROTx3HYKERERERGRN2MATERERERERETk8dx2ChERERERkTdjAExERERERERE5PHcdgoREREREZE3YwBMREREREREROTx3HYKERERERGRN2MATERERERERETk8dx2ChERERERkTdjAExERERERERE5PHcdgoREREREZE3YwBMREREREREROTx3HYKERERERGRN2MATERERERERETk8dx2ChERERERkTdjAExERERERERE5PHcdgoREREREZE3YwBMREREREREROTx3HYKERERERGRN2MATERERERERETk8dx2ChERERERkTdjAExERERERERE5PHcdgoREREREZE3YwBMREREREREROTx3HYKERERERGRN2MATERERERERETk8dx2ChERERERkTdjAExERERERERE5PHcdgoREREREZE3YwBMREREREREROTx3HYKERERERGRN2MATERERERERETk8dx2ChERERERkTdjAExERERERERE5PHcdgoREREREZE3YwBMREREREREROTx3HYKERERERGRN2MATERERERERETk8dx2ChERERERkTdjAExERERERERE5PHcdgoREREREZE3YwBMREREREREROTx3HYKERERERGRN2MATERERERERETk8dx2ChERERERkTdjAExERERERERE5PHcdgoREREREZE3YwBMREREREREROTx3HYKERERERGRN2MATERERERERETk8dx2ChERERERkTdjAExERERERERE5PHcdgoREREREZE3YwBMREREREREROTx3HYKERERERGRN2MATERERERERETk8dx2ChERERERkTdjAExERERERERE5PHcdgoREREREZE3YwBMREREREREROTx3HYKERERERGRN2MATERERERERETk8dx2ChERERERkTdjAExERERERERE5PHcdgoREREREZE3YwBMREREREREROTx3HYKERERERGRN2MATERERERERETk8dx2ChERERERkTdjAExERERERERE5PHcdgoREREREZE3YwBMREREREREROTx3HYKERERERGRN2MATERERERERETk8dx2ChERERERkTdjAExERERERERE5PHcdgoREREREZE3YwBMREREREREROTx3HYKERERERGRN2MATERERERERETk8dx2ChERERERkTdjAExERERERERE5PHcdgoREREREZE3YwBMREREREREROTx3HYKERERERGRN2MATERERERERETk8dx2ChERERERkTdjAExERERERERE5PHcdgoREREREZE3YwBMREREREREROTx3HYKERERERGRN2MATERERERERETk8dx2ChERERERkTdjAExERERERERE5PHcdgoREREREZE3YwBMREREREREROTx3HYKERERERGRN2MATERERERERETk8dx2ChERERERkTdjAExERERERERE5PHcdgoREREREZE3YwBMREREREREROTx3HYKERERERGRN2MATERERERERETk8dx2ChERERERkTdjAExERERERERE5PHcdgoREREREZE3YwBMREREREREROTx3HYKERERERGRN2MATERERERERETk8dx2ChERERERkTdjAExERERERERE5PHcdgoREREREZE3YwBMREREREREROTx3HYKERERERGRN2MATERERERERETk8dx2ChERERERkTdjAExERERERERE5PHcdgoREREREZE3YwBMREREREREROTx3HYKERERERGRN2MATERERERERETk8dx2ChERERERkTdjAExERERERERE5PHcdgoREREREZE3YwBMREREREREROTx3HYKERERERGRN2MATERERERERETk8dx2ChERERERkTdjAExERERERERE5PHcdgoREREREZE3YwBMREREREREROTx3HYKERERERGRN2MATERERERERETk8dx2ChERERERkTdjAExERERERERE5PHcdgoREREREZE3YwBMREREREREROTx3HYKERERERGRN2MATERERERERETk8dx2ChERERERkTdjAExERERERERE5PHcdgoREREREZE3YwBMREREREREROTx3HYKERERERGRN2MATERERERERETk8dx2ChERERERkTdjAExERERERERE5PHcdgoREREREZE3YwBMREREREREROTx3HYKERERERGRN2MATERERERERETk8dx2ChERERERkTdjAExERERERERE5PHcdgoREREREZE3YwBMREREREREROTx3HYKERERERGRN2MATERERERERETk8dx2ChERERERkTdjAExERERERERE5PHcdgoRE"
11938 [Forwarding screenshot on session b1310904-d161-49ca-a1a6-530fba7baea8 to remote] DEBUG org.apache.http.wire  - http-outgoing-47 << "REREZE3YwBMREREREREROTx3HYKERERERGRN2MATERERERERETk8dx2ChERERERkTdjAExERERERERE5PHcdgoREREREZE3YwBMREREREREROTx3HYKERERERGRN2MATERERERERETk8dx2ChERERERkTdjAExERERERERE5PHcdgoREREREZE3YwBMREREREREROTx3HYKERERERGRN2MATERERERERETk8dx2ChERERERkTdjAExERERERERE5PHcdgoREREREZE3YwBMREREREREROTx3HYKERERERGRN2MATERERERERETk8dx2ChERERERkTdjAExERERERERE5PHcdgoREREREZE3YwBMREREREREROTx3HYKERERERGRN2MATERERERERETk8dx2ChERERERkTdjAExERERERERE5PHcdgoREREREZE3YwBMREREREREROTx3HYKERERERGRN2MATERERERERETk8dx2ChERERERkTdjAExERERERERE5PHcdgoREREREZE3YwBMREREREREROTx3HYKERERERGRN2MATERERERERETk8dx2ChERERERkTdjAExERERERERE5PHcdgoREREREZE3YwBMREREREREROTx3HYKERERERGRN2MATERERERERETk8dx2ChERERERkTdjAExERERERERE5PHcdgoREREREZE3YwBMREREREREROTx3HYKERERERGRN2MATERERERERETk8dx2ChERERERkTdjAExERERERERE5PHcdgoREREREZE3YwBMREREREREROTx3HYKERERERGRN2MATERERERERETk8dx2ChERERERkTdjAExERERERERE5PHcdgoREREREZE3YwBMREREREREROTx3HYKERERERGRN2MATERERERERETk8dx2ChERERERkTdjAExERERERERE5PHcdgoREREREZE3YwBMREREREREROTx3HYKERERERGRN2MATERERERERETk8dx2ChERERERkTdjAExERERERERE5PHcdgoREREREZE3YwBMREREREREROTx3HYKERERERGRN2MATERERERERETk8dx2ChERERERkTdjAExERERERERE5PHcdgoREREREZE3YwBMREREREREROTx3HYKERERERGRN2MATERERERERETk8dx2ChERERERkTdjAExERERERERE5PHcdgoREREREZE3YwBMREREREREROTx3HYKERERERGRN2MATERERERERETk8dx2ChERERERkTdjAExERERERERE5PHcdgoREREREZE3YwBMREREREREROTx3HYKERERERGRN6vac89fioiIiIiIiIiIiIiIiIiIPvkxACYiIiIiIiIiIiIiIiIi8kgMgImIiIiIiIiIiIiIiIiIPFKVAAAAAAAAAAAAAACewAAYAAAAAAAAAAAAADyCATAAAAAAAAAAAAAAeAQDYAAAAAAAAAAAAADwCAbAAAAAAAAAAAAAAOARDIABAAAAAAAAAAAAwCMYAAMAAAAAAAAAAACARzAABgAAAOBZP7nrL1V114uFnz4if/pTVe35qX5S+NGTnt6vJVVLtP9p5wftX1KlJfkfPoCfaG9VlfZOaYO9n2X/T/dhX5cTe3r/ElUt2W8eCd7G7x0AAADgNQyAAQAAgE+8/CCoqmqiKQ2FnCFf8e32Vgw1f7K36PpJpgN2mYrHK7/vj3SIdEz7v/yXUxrCfvgB8Ivau+cvtfdPCz9anhoA5wc/Fa/P+xoAF+5j0tf7oxsAf6iBZMX73fSJnnh90AHw2N+Lyt/3ch9+AOyyjmWvw4d6CT7Wr2nl78XEdng/vxNT9JO95jHcXtOpvE9+A+sDAAAA4J8VA2AAAADgk8zZ6T82qJvgDG5ONOAxty0eCjjD3qJhT+nwp3KIkH+M8sFGnr2ueJjg3PdHNV342dNa8uWfau+XywazLn4jA2Avse+fvXu1t/w99AEGwBMvb2HA+IFe79/0ALj4eeYf6/iDsY+zqQz2XNjtsMS85ua2J3qJPtT2dkyyjhWvxfuX//tTeR/2b81H9afmwyl/Lxe/347/Pv9AGAADAAAAKMIAGAAAAPjEsjvtCzv8y46Ec3bkO8O997FHv2SAkB8aFN98smGQ6xHAZT78IGnC00/+jZY8ecw5rRzujh0dXNT4MuXXlR/Fmx/2jl1vH8MZIJddVnoEcGFA/OTTWjK23JefPsHzLFuPoudQ8nhFlzvPtTD0HrveDqWLl/8gQ+qxYVnFa/ihBsDlr/ck1xe9Xyfed4Vl9xe9n8fup+w9Pn6b8ssne8+7DB0r/2NC/rmO3VfJc3Z+P6ZyXdEQrvA7tX/s+RYGr6Xbsnz75H8eu7/Sp1N6nW3y18Wd3fb2Ns5r4LKtnG1S/Bjjr2Pptil5no6y6819V7zOY49X8Voc53V3Vb7N3Iy9b/ePb7P88pO/xqXvW8NZzym8N11VruPYNi/fxkv2/6SwrsX3NpXnWKTk7/eE478GRZebpvxYAAAAAD72GAADAAAAn1B2x35+h70dFBQNU57er72FH36yt/IIucmUDj9chg+TDBgqhocVCgOXj2S6YIenf6P9PzNn7ZHAZUNcZyBaNIB1fh4bpJrl99oBrqMwhB0fsuYHuc6A12Guf9Jed6KPgC4MjccfM3+/E/dTrvxxzTo+mb9tfshbej9jyznX7Sk87/GfJ9ar9LZTZV/jwutpX9uKwdcHHQCXL192vfM+Knpflryv8stOrEvpfVUM6ArXlzz23kmGcpMNHcvWe+J9aq8fW774vGV+Hluu7PmMDfkcznVl2658W5f8nF+n8eVLBpDl61e6babG3qawriX3nZcfFvHZV5AAABN7SURBVE5cVrK9i/6u5O+ncl2Kf8d/st/ebpJ1nOS1mOx1r1DynplMYZ3Klisd+pdu74r3V8k2ep/rWFi+aJMUPXbldeXvi8r3+glMuk3c1rP0ebuuDwAAAIBPNAbAAAAAwCfUT/YWdvbbHf+T7bk3101pp77rQKb4Z2OSAcPxBsDjR7q9n0HG8Tgf/zzZsLVyWFsyAC5TMjSd9Ht9pzYALn/MSQfAztB6YpA7wWVwXPQ4FQPe8vWddP2Po+R9UzYAKnk/TG3QNfmRhKX3XTqAM0reV5WDqOL3V+VQLL/85OtWxHlOxetZ9v6u+B0oeuzCbUufV17F83GWLfrdrPidses88TjFz69y+fy2d+6+Yv1O9Lq4sPcx6QCz8v6ON4QsHw6Xb7u8SdaxYvnjv+4V7HYqXi/n/iZe2/z9uD125eMUP4+K5+vc7+TvzeNtn4rlC+uY/7nyvswCzvrmLys+P0Wu7zXLZTtULOu2PgAAAAA+yRgAAwAAAJ9QH9kAuGQwMcZlIDDJgOG4g5qCqQxKxgdzx1nh8uFq6WDUDmNLh6vlA+CxI2fHKx4AFw9Yx/0mBsBug9r8ALjkcYqW/egHwJUDppJBZsmAzm2QVqz0vVIxEHW5fvJhVOX7rnh51/eR6/DPxYmeU9n9jDW+jLOeY5dPDC+d51u0fL6i383j/s7Y51s0CC15jImc5+SsX/F9neh1qVS+7Uu3Z+V7onx7Oz8Xr9vYdRXrNmaSdSx5Lazjv+4VJtmupffj9thl29uy91V4HhXvr5LnVbmOxbetlF++eHtN3Nblvgzn8e2Fk27P45h0m7hsh4r1dl8fAAAAAJ9cDIABAACATyg7LMjvsC8bajz9Pj4C2hk0uO34P/EwaMxxBzVjPshAo0J+2FoywHUaG/q6D2NLP0Z5YkhaMlSddID6mxgAj61vsX/iI4ALr3vxcCpf4TVyrh9770wyxBtXPjw6/s/OwLT4jVUyuKocRBW/vyZ7D46bdAhmlDynyX6e2nu0eD0+0KBybABnT8u3xWTPr3x9T/i6lMtv28rXfPLXufh5OueLnkvJa1GxbmMmWceK5Y//uleqXD6v+HK3x668XcVzLN7+Je+J49+20mTraB1v/Zdoyft6XQsmfe+7bIeKZY+3rgAAAAA+iRgAAwAAAJ9Ydqd9YSe+s0N/Yqjj7MgvHy6Vm3Rok1c63Jh82OQ2q"
11938 [Forwarding screenshot on session b1310904-d161-49ca-a1a6-530fba7baea8 to remote] DEBUG org.apache.http.wire  - http-outgoing-47 << "CkfPDtDv0kHJVM0yZCzeOBaPPAdHxgXD4CLhqjOsuM/55edGMCan53bHX8we+IBcP72E+vk8vNd+XUoHVCXLve+B8DO+2Gqr+2Y/GvsvGVK3huTv/Z5LsOjkscvu75s+OS8N44zZCt5f5Xd1lm+dOGy64u4vN+d7TC+fP55lvzOmNs4/5li7LSgZPu5bOuSo/Nd18c+Vn7QV7Ld7PMxz798WJdfpux1cJ5P8bIuty02yboUb1+33/mxn8vfM6W/0+Xbzvxc+C5mZ7nSJ2nvrOy1OMHr7iL/2pVu99L7KdteBaXrXbbNyraRs+z4z+XrWLnOpY53vfu6WfnHLH9ehcuLtn+FSd9rhduWrEjZujm3Lfq58N6a/LkBAAAA+LhjAAwAAAB8kjk77iuHBaWDLXf5ZeywobTinf75YUShsmlA5e2L1qMwUBjveIOLKSod7haxw8+yQW7+yOCfaq/bQLjQki+XDVWdo3OLrh8b4jrD1aLLPtQA2Cpdj+LrnOfocvlHOwCefPjkvKb2dS4Z0E2+fJ77oGtiQFd5ffH7au9es65lA7nyZSceO78u+dva93fxz7bJnrNRMXTMy6/L2O/KZPeXX6+Jy8t+t8rf72NPwLnc/fdw8t/R4zxWYTDnXL5kr/aWvC752032OlUOAQvsOpYPcp3HWGJeG7OOZa/N2HotWVJ8nVW23mOPVbzO9rLin035xfK3LV690td9EmX3NXF/1mTv29LXuPz6kvfmfnv/Y9u//HU50fpVPqcSRe+Z4vsZ/x0s46zX8f6Olr8HnQrv3/LXoHx58ztYsq6F5SdddwAAAAAfewyAAQAAgE+88qHVFAYnwMfEZAMv4OPlBAPdj4T9W36c/8QAAAAAAFPEABgAAADAJ8L4kbF03D7+yo6kPN5RjcDHxj/BALjkaGwAAAAA+OAYAAMAAAAAAAAAAACARzAABgAAAAAAAAAAAACPYAAMAAAAAAAAAAAAAB7BABgAAAAAAAAAAAAAPIIBMAAAAAAAAAAAAAB4BANgAAAAAAAAAAAAAPAIBsAAAAAAAAAAAAAA4BEMgAEAAAAAAAAAAADAIxgAAwAAAAAAAAAAAIBHMAAGAAAAAAAAAAAAAI9gAAwAAAAAAAAAAAAAHsEAGAAAAAAAAAAAAAA8ggEwAAAAAAAAAAAAAHgEA2AAAAAAAAAAAAAA8AgGwAAAAAAAAAAAAADgEQyAAQAAAAAAAAAAAMAjGAADAAAAAAAAAAAAgEcwAAYAAAAAAAAAAAAAj2AADAAAAAAAAAAAAAAewQAYAAAAAAAAAAAAADyCATAAAAAAAAAAAAAAeAQDYAAAAAAAAAAAAADwCAbAAAAAAAAAAAAAAOARDIABAAAAAAAAAAAAwCMYAAMAAAAAAAAAAACARzAABgAAAAAAAAAAAACPYAAMAAAAAAAAAAAAAB7BABgAAAAAAAAAAAAAPIIBMAAAAAAAAAAAAAB4BANgAAAAAAAAAAAAAPAIBsAAAAAAAAAAAAAA4BEMgAEAAAAAAAAAAADAIxgAAwAAAAAAAAAAAIBHMAAGAAAAAAAAAAAAAI9gAAwAAAAAAAAAAAAAHsEAGAAAAAAAAAAAAAA8ggEwAAAAAAAAAAAAAHgEA2AAAAAAAAAAAAAA8AgGwAAAAAAAAAAAAADgEQyAAQAAAAAAAAAAAMAjGAADAAAAAAAAAAAAgEcwAAYAAAAAAAAAAAAAj2AADAAAAAAAAAAAAAAewQAYAAAAAAAAAAAAADyCATAAAAAAAAAAAAAAeAQDYAAAAAAAAAAAAADwCAbAAAAAAAAAAAAAAOARDIABAAAAAAAAAAAAwCMYAAMAAAAAAAAAAACARzAABgAAAAAAAAAAAACPYAAMAAAAAAAAAAAAAB7BABgAAAAAAAAAAAAAPIIBMAAAAAAAAAAAAAB4BANgAAAAAAAAAAAAAPAIBsAAAAAAAAAAAAAA4BEMgAEAAAAAAAAAAADAIxgAAwAAAAAAAAAAAIBHMAAGAAAAAAAAAAAAAI9gAAwAAAAAAAAAAAAAHsEAGAAAAAAAAAAAAAA8ggEwAAAAAAAAAAAAAHgEA2AAAAAAAAAAAAAA8AgGwAAAAAAAAAAAAADgEQyAAQAAAAAAAAAAAMAjGAADAAAAAAAAAAAAgEcwAAYAAAAAAAAAAAAAj2AADAAAAAAAAAAAAAAewQAYAAAAAAAAAAAAADyCATAAAAAAAAAAAAAAeAQDYAAAAAAAAAAAAADwCAbAAAAAAAAAAAAAAOARDIABAAAAAAAAAAAAwCMYAAMAAAAAAAAAAACARzAABgAAAAAAAAAAAACPYAAMAAAAAAAAAAAAAB7BABgAAAAAAAAAAAAAPIIBMAAAAAAAAAAAAAB4BANgAAAAAAAAAAAAAPAIBsAAAAAAAAAAAAAA4BEMgAEAAAAAAAAAAADAIxgAAwAAAAAAAAAAAIBHMAAGAAAAAAAAAAAAAI9gAAwAAAAAAAAAAAAAHsEAGAAAAAAAAAAAAAA8ggEwAAAAAAAAAAAAAHgEA2AAAAAAAAAAAAAA8AgGwAAAAAAAAAAAAADgEQyAAQAAAAAAAAAAAMAjGAADAAAAAAAAAAAAgEcwAAYAAAAAAAAAAAAAj2AADAAAAAAAAAAAAAAewQAYAAAAAAAAAAAAADyCATAAAAAAAAAAAAAAeAQDYAAAAAAAAAAAAADwCAbAAAAAAAAAAAAAAOARDIABAAAAAAAAAAAAwCMYAAMAAAAAAAAAAACARzAABgAAAAAAAAAAAACPYAAMAAAAAAAAAAAAAB7BABgAAAAAAAAAAAAAPIIBMAAAAAAAAAAAAAB4BANgAAAAAAAAAAAAAPAIBsAAAAAAAAAAAAAA4BEMgAEAAAAAAAAAAADAIxgAAwAAAAAAAAAAAIBHMAAGAAAAAAAAAAAAAI9gAAwAAAAAAAAAAAAAHsEAGAAAAAAAAAAAAAA8ggEwAAAAAAAAAAAAAHgEA2AAAAAAAAAAAAAA8AgGwAAAAAAAAAAAAADgEQyAAQAAAAAAAAAAAMAjGAADAAAAAAAAAAAAgEcwAAYAAAAAAAAAAAAAj2AADAAAAAAAAAAAAAAewQAYAAAAAAAAAAAAADyCATAAAAAAAAAAAAAAeAQDYAAAAAAAAAAAAADwCAbAAAAAAAAAAAAAAOARDIABAAAAAAAAAAAAwCMYAAMAAAAAAAAAAACARzAABgAAAAAAAAAAAACPYAAMAAAAAAAAAAAAAB7BABgAAAAAAAAAAAAAPIIBMAAAAAAAAAAAAAB4BANgAAAAAAAAAAAAAPAIBsAAAAAAAAAAAAAA4BEMgAEAAAAAAAAAAADAIxgAAwAAAAAAAAAAAIBHMAAGAAAAAAAAAAAAAI9gAAwAAAAAAAAAAAAAHsEAGAAAAAAAAAAAAAA8ggEwAAAAAAAAAAAAAHgEA2AAAAAAAAAAAAAA8AgGwAAAAAAAAAAAAADgEQyAAQAAAAAAAAAAAMAjGAADAAAAAAAAAAAAgEcwAAYAAAAAAAAAAAAAj2AADAAAAAAAAAAAAAAewQAYAAAAAAAAAAAAADyCATAAAAAAAAAAAAAAeAQDYAAAAAAAAAAAAADwCAbAAAAAAAAAAAAAAOARDIABAAAAAAAAAAAAwCMYAAMAAAAAAAAAAACARzAABgAAAAAAAAAAAACPYAAMAAAAAAAAAAAAAB7BABgAAAAAAAAAAAAAPIIBMAAAAAAAAAAAAAB4BANgAAAAAAAAAAAAAPAIBsAAAAAAAAAAAAAA4BEMgAEAAAAAAAAAAADAIxgAAwAAAAAAAAAAAIBHMAAGAAAAAAAAAAAAAI9gAAwAAAAAAAAAAAAAHsEAGAAAAAAAAAAAAAA8ggEwAAAAAAAAAAAAAHgEA2AAAAAAAAAAAAAA8AgGwAAAAAAAAAAAAADgEQyAAQAAAAAAAAAAAMAjGAADAAAAAAAAAAAAgEcwAAYAAAAAAAAAAAAAj2AADAAAAAAAAAAAAAAewQAYAAAAAAAAAAAAADyCATAAAAAAAAAAAAAAeAQDYAAAAAAAAAAAAADwCAbAAAAAAAAAAAAAAOARDIABAAAAAAAAAAAAwCMYA"
11938 [Forwarding screenshot on session b1310904-d161-49ca-a1a6-530fba7baea8 to remote] DEBUG org.apache.http.wire  - http-outgoing-47 << "AMAAAAAAAAAAACARzAABgAAAAAAAAAAAACPYAAMAAAAAAAAAAAAAB7BABgAAAAAAAAAAAAAPIIBMAAAAAAAAAAAAAB4BANgAAAAAAAAAAAAAPAIBsAAAAAAAAAAAAAA4BEMgAEAAAAAAAAAAADAIxgAAwAAAAAAAAAAAIBHMAAGAAAAAAAAAAAAAI9gAAwAAAAAAAAAAAAAHsEAGAAAAAAAAAAAAAA8ggEwAAAAAAAAAAAAAHgEA2AAAAAAAAAAAAAA8AgGwAAAAAAAAAAAAADgEQyAAQAAAAAAAAAAAMAjGAADAAAAAAAAAAAAgEcwAAYAAAAAAAAAAAAAj2AADAAAAAAAAAAAAAAewQAYAAAAAAAAAAAAADyCATAAAAAAAAAAAAAAeAQDYAAAAAAAAAAAAADwCAbAAAAAAAAAAAAAAOARDIABAAAAAAAAAAAAwCMYAAMAAAAAAAAAAACARzAABgAAAAAAAAAAAACPYAAMAMD/354d0AAAACAM6p9ae3xQAwAAAAAAiBDAAAAAAAAAABECGAAAAAAAACBCAAMAAAAAAABECGAAAAAAAACACAEMAAAAAAAAECGAAQAAAAAAACIEMAAAAAAAAECEAAYAAAAAAACIEMAAAAAAAAAAEQIYAAAAAAAAIEIAAwAAAAAAAEQIYAAAAAAAAIAIAQwAAAAAAAAQIYABAAAAAAAAIgQwAAAAAAAAQIQABgAAAAAAAIgQwAAAAAAAAAARAhgAAAAAAAAgQgADAAAAAAAARAhgAAAAAAAAgAgBDAAAAAAAABAhgAEAAAAAAAAiBDAAAAAAAABAhAAGAAAAAAAAiBDAAAAAAAAAABECGAAAAAAAACBCAAMAAAAAAABECGAAAAAAAACACAEMAAAAAAAAECGAAQAAAAAAACIEMAAAAAAAAECEAAYAAAAAAACIEMAAAAAAAAAAEQIYAAAAAAAAIEIAAwAAAAAAAEQIYAAAAAAAAIAIAQwAAAAAAAAQIYABAAAAAAAAIgQwAAAAAAAAQIQABgAAAAAAAIgQwAAAAAAAAAARAhgAAAAAAAAgQgADAAAAAAAARAhgAAAAAAAAgAgBDAAAAAAAABAhgAEAAAAAAAAiBDAAAAAAAABAhAAGAAAAAAAAiBDAAAAAAAAAABECGAAAAAAAACBCAAMAAAAAAABECGAAAAAAAACACAEMAAAAAAAAECGAAQAAAAAAACIEMAAAAAAAAECEAAYAAAAAAACIEMAAAAAAAAAAEQIYAAAAAAAAIEIAAwAAAAAAAEQIYAAAAAAAAIAIAQwAAAAAAAAQIYABAAAAAAAAIgQwAAAAAAAAQIQABgAAAAAAAEjYDpYD9aGN0FMNAAAAAElFTkSuQmCC"}[\n]"
11938 [Forwarding screenshot on session b1310904-d161-49ca-a1a6-530fba7baea8 to remote] DEBUG org.apache.http.impl.conn.DefaultManagedHttpClientConnection  - http-outgoing-47: Shutdown connection
11938 [Forwarding screenshot on session b1310904-d161-49ca-a1a6-530fba7baea8 to remote] DEBUG org.apache.http.impl.execchain.MainClientExec  - Connection discarded
11938 [Forwarding screenshot on session b1310904-d161-49ca-a1a6-530fba7baea8 to remote] DEBUG org.apache.http.impl.conn.DefaultManagedHttpClientConnection  - http-outgoing-47: Close connection
11938 [Forwarding screenshot on session b1310904-d161-49ca-a1a6-530fba7baea8 to remote] DEBUG org.apache.http.impl.conn.PoolingHttpClientConnectionManager  - Connection released: [id: 47][route: {}->http://localhost:37262][total kept alive: 0; route allocated: 0 of 2000; total allocated: 0 of 2000]
12030 [Forwarding findElement on session b1310904-d161-49ca-a1a6-530fba7baea8 to remote] DEBUG org.apache.http.client.protocol.RequestAddCookies  - CookieSpec selected: best-match
12030 [Forwarding findElement on session b1310904-d161-49ca-a1a6-530fba7baea8 to remote] DEBUG org.apache.http.client.protocol.RequestAuthCache  - Auth cache not set in the context
12030 [Forwarding findElement on session b1310904-d161-49ca-a1a6-530fba7baea8 to remote] DEBUG org.apache.http.impl.conn.PoolingHttpClientConnectionManager  - Connection request: [route: {}->http://localhost:37262][total kept alive: 0; route allocated: 0 of 2000; total allocated: 0 of 2000]
12030 [Forwarding findElement on session b1310904-d161-49ca-a1a6-530fba7baea8 to remote] DEBUG org.apache.http.impl.conn.PoolingHttpClientConnectionManager  - Connection leased: [id: 48][route: {}->http://localhost:37262][total kept alive: 0; route allocated: 1 of 2000; total allocated: 1 of 2000]
12030 [Forwarding findElement on session b1310904-d161-49ca-a1a6-530fba7baea8 to remote] DEBUG org.apache.http.impl.execchain.MainClientExec  - Opening connection {}->http://localhost:37262
12030 [Forwarding findElement on session b1310904-d161-49ca-a1a6-530fba7baea8 to remote] DEBUG org.apache.http.impl.conn.HttpClientConnectionOperator  - Connecting to localhost/127.0.0.1:37262
12030 [Forwarding findElement on session b1310904-d161-49ca-a1a6-530fba7baea8 to remote] DEBUG org.apache.http.impl.conn.HttpClientConnectionOperator  - Connection established 127.0.0.1:17263<->127.0.0.1:37262
12030 [Forwarding findElement on session b1310904-d161-49ca-a1a6-530fba7baea8 to remote] DEBUG org.apache.http.impl.execchain.MainClientExec  - Executing request POST /session/b1310904-d161-49ca-a1a6-530fba7baea8/element HTTP/1.1
12030 [Forwarding findElement on session b1310904-d161-49ca-a1a6-530fba7baea8 to remote] DEBUG org.apache.http.impl.execchain.MainClientExec  - Target auth state: UNCHALLENGED
12030 [Forwarding findElement on session b1310904-d161-49ca-a1a6-530fba7baea8 to remote] DEBUG org.apache.http.impl.execchain.MainClientExec  - Proxy auth state: UNCHALLENGED
12030 [Forwarding findElement on session b1310904-d161-49ca-a1a6-530fba7baea8 to remote] DEBUG org.apache.http.headers  - http-outgoing-48 >> POST /session/b1310904-d161-49ca-a1a6-530fba7baea8/element HTTP/1.1
12030 [Forwarding findElement on session b1310904-d161-49ca-a1a6-530fba7baea8 to remote] DEBUG org.apache.http.headers  - http-outgoing-48 >> Content-Type: application/json; charset=utf-8
12030 [Forwarding findElement on session b1310904-d161-49ca-a1a6-530fba7baea8 to remote] DEBUG org.apache.http.headers  - http-outgoing-48 >> Content-Length: 50
12030 [Forwarding findElement on session b1310904-d161-49ca-a1a6-530fba7baea8 to remote] DEBUG org.apache.http.headers  - http-outgoing-48 >> Host: localhost:37262
12030 [Forwarding findElement on session b1310904-d161-49ca-a1a6-530fba7baea8 to remote] DEBUG org.apache.http.headers  - http-outgoing-48 >> Connection: Keep-Alive
12030 [Forwarding findElement on session b1310904-d161-49ca-a1a6-530fba7baea8 to remote] DEBUG org.apache.http.headers  - http-outgoing-48 >> User-Agent: Apache-HttpClient/4.3.3 (java 1.5)
12030 [Forwarding findElement on session b1310904-d161-49ca-a1a6-530fba7baea8 to remote] DEBUG org.apache.http.headers  - http-outgoing-48 >> Accept-Encoding: gzip,deflate
12030 [Forwarding findElement on session b1310904-d161-49ca-a1a6-530fba7baea8 to remote] DEBUG org.apache.http.wire  - http-outgoing-48 >> "POST /session/b1310904-d161-49ca-a1a6-530fba7baea8/element HTTP/1.1[\r][\n]"
12030 [Forwarding findElement on session b1310904-d161-49ca-a1a6-530fba7baea8 to remote] DEBUG org.apache.http.wire  - http-outgoing-48 >> "Content-Type: application/json; charset=utf-8[\r][\n]"
12030 [Forwarding findElement on session b1310904-d161-49ca-a1a6-530fba7baea8 to remote] DEBUG org.apache.http.wire  - http-outgoing-48 >> "Content-Length: 50[\r][\n]"
12030 [Forwarding findElement on session b1310904-d161-49ca-a1a6-530fba7baea8 to remote] DEBUG org.apache.http.wire  - http-outgoing-48 >> "Host: localhost:37262[\r][\n]"
12030 [Forwarding findElement on session b1310904-d161-49ca-a1a6-530fba7baea8 to remote] DEBUG org.apache.http.wire  - http-outgoing-48 >> "Connection: Keep-Alive[\r][\n]"
12030 [Forwarding findElement on session b1310904-d161-49ca-a1a6-530fba7baea8 to remote] DEBUG org.apache.http.wire  - http-outgoing-48 >> "User-Agent: Apache-HttpClient/4.3.3 (java 1.5)[\r][\n]"
12030 [Forwarding findElement on session b1310904-d161-49ca-a1a6-530fba7baea8 to remote] DEBUG org.apache.http.wire  - http-outgoing-48 >> "Accept-Encoding: gzip,deflate[\r][\n]"
12030 [Forwarding findElement on session b1310904-d161-49ca-a1a6-530fba7baea8 to remote] DEBUG org.apache.http.wire  - http-outgoing-48 >> "[\r][\n]"
12030 [Forwarding findElement on session b1310904-d161-49ca-a1a6-530fba7baea8 to remote] DEBUG org.apache.http.wire  - http-outgoing-48 >> "{"using":"xpath","value":"//input[@name='login']"}"
12080 [Forwarding findElement on session b1310904-d161-49ca-a1a6-530fba7baea8 to remote] DEBUG org.apache.http.wire  - http-outgoing-48 << "HTTP/1.1 200 OK[\r][\n]"
12080 [Forwarding findElement on session b1310904-d161-49ca-a1a6-530fba7baea8 to remote] DEBUG org.apache.http.wire  - http-outgoing-48 << "Content-Length: 200[\r][\n]"
12080 [Forwarding findElement on session b1310904-d161-49ca-a1a6-530fba7baea8 to remote] DEBUG org.apache.http.wire  - http-outgoing-48 << "Content-Type: application/json; charset=UTF-8[\r][\n]"
12080 [Forwarding findElement on session b1310904-d161-49ca-a1a6-530fba7baea8 to remote] DEBUG org.apache.http.wire  - http-outgoing-48 << "Vary: Accept-Charset, Accept-Encoding, Accept-Language, Accept[\r][\n]"
12080 [Forwarding findElement on session b1310904-d161-49ca-a1a6-530fba7baea8 to remote] DEBUG org.apache.http.wire  - http-outgoing-48 << "Accept-Ranges: bytes[\r][\n]"
12080 [Forwarding findElement on session b1310904-d161-49ca-a1a6-530fba7baea8 to remote] DEBUG org.apache.http.wire  - http-outgoing-48 << "Connection: close[\r][\n]"
12080 [Forwarding findElement on session b1310904-d161-49ca-a1a6-530fba7baea8 to remote] DEBUG org.apache.http.wire  - http-outgoing-48 << "[\r][\n]"
12080 [Forwarding findElement on session b1310904-d161-49ca-a1a6-530fba7baea8 to remote] DEBUG org.apache.http.wire  - http-outgoing-48 << "{"sessionId":"b1310904-d161-49ca-a1a6-530fba7baea8","status":0,"value":{"ELEMENT":"6a6438df-7b94-494d-a71e-c1e89998c697","element-6066-11e4-a52e-4f735466cecf":"6a6438df-7b94-494d-a71e-c1e89998c697"}}[\n]"
12080 [Forwarding findElement on session b1310904-d161-49ca-a1a6-530fba7baea8 to remote] DEBUG org.apache.http.wire  - http-outgoing-48 << "[\r][\n]"
12080 [Forwarding findElement on session b1310904-d161-49ca-a1a6-530fba7baea8 to remote] DEBUG org.apache.http.headers  - http-outgoing-48 << HTTP/1.1 200 OK
12080 [Forwarding findElement on session b1310904-d161-49ca-a1a6-530fba7baea8 to remote] DEBUG org.apache.http.headers  - http-outgoing-48 << Content-Length: 200
12080 [Forwarding findElement on session b1310904-d161-49ca-a1a6-530fba7baea8 to remote] DEBUG org.apache.http.headers  - http-outgoing-48 << Content-Type: application/json; charset=UTF-8
12080 [Forwarding findElement on session b1310904-d161-49ca-a1a6-530fba7baea8 to remote] DEBUG org.apache.http.headers  - http-outgoing-48 << Vary: Accept-Charset, Accept-Encoding, Accept-Language, Accept
12080 [Forwarding findElement on session b1310904-d161-49ca-a1a6-530fba7baea8 to remote] DEBUG org.apache.http.headers  - http-outgoing-48 << Accept-Ranges: bytes
12080 [Forwarding findElement on session b1310904-d161-49ca-a1a6-530fba7baea8 to remote] DEBUG org.apache.http.headers  - http-outgoing-48 << Connection: close
12080 [Forwarding findElement on session b1310904-d161-49ca-a1a6-530fba7baea8 to remote] DEBUG org.apache.http.impl.conn.DefaultManagedHttpClientConnection  - http-outgoing-48: Shutdown connection
12080 [Forwarding findElement on session b1310904-d161-49ca-a1a6-530fba7baea8 to remote] DEBUG org.apache.http.impl.execchain.MainClientExec  - Connection discarded
12080 [Forwarding findElement on session b1310904-d161-49ca-a1a6-530fba7baea8 to remote] DEBUG org.apache.http.impl.conn.DefaultManagedHttpClientConnection  - http-outgoing-48: Close connection
12080 [Forwarding findElement on session b1310904-d161-49ca-a1a6-530fba7baea8 to remote] DEBUG org.apache.http.impl.conn.PoolingHttpClientConnectionManager  - Connection released: [id: 48][route: {}->http://localhost:37262][total kept alive: 0; route allocated: 0 of 2000; total allocated: 0 of 2000]
12080 [Forwarding findElement on session b1310904-d161-49ca-a1a6-530fba7baea8 to remote] DEBUG org.apache.http.client.protocol.RequestAddCookies  - CookieSpec selected: best-match
12080 [Forwarding findElement on session b1310904-d161-49ca-a1a6-530fba7baea8 to remote] DEBUG org.apache.http.client.protocol.RequestAuthCache  - Auth cache not set in the context
12080 [Forwarding findElement on session b1310904-d161-49ca-a1a6-530fba7baea8 to remote] DEBUG org.apache.http.impl.conn.PoolingHttpClientConnectionManager  - Connection request: [route: {}->http://localhost:37262][total kept alive: 0; route allocated: 0 of 2000; total allocated: 0 of 2000]
12080 [Forwarding findElement on session b1310904-d161-49ca-a1a6-530fba7baea8 to remote] DEBUG org.apache.http.impl.conn.PoolingHttpClientConnectionManager  - Connection leased: [id: 49][route: {}->http://localhost:37262][total kept alive: 0; route allocated: 1 of 2000; total allocated: 1 of 2000]
12080 [Forwarding findElement on session b1310904-d161-49ca-a1a6-530fba7baea8 to remote] DEBUG org.apache.http.impl.execchain.MainClientExec  - Opening connection {}->http://localhost:37262
12080 [Forwarding findElement on session b1310904-d161-49ca-a1a6-530fba7baea8 to remote] DEBUG org.apache.http.impl.conn.HttpClientConnectionOperator  - Connecting to localhost/127.0.0.1:37262
12080 [Forwarding findElement on session b1310904-d161-49ca-a1a6-530fba7baea8 to remote] DEBUG org.apache.http.impl.conn.HttpClientConnectionOperator  - Connection established 127.0.0.1:17264<->127.0.0.1:37262
12080 [Forwarding findElement on session b1310904-d161-49ca-a1a6-530fba7baea8 to remote] DEBUG org.apache.http.impl.execchain.MainClientExec  - Executing request POST /session/b1310904-d161-49ca-a1a6-530fba7baea8/element HTTP/1.1
12080 [Forwarding findElement on session b1310904-d161-49ca-a1a6-530fba7baea8 to remote] DEBUG org.apache.http.impl.execchain.MainClientExec  - Target auth state: UNCHALLENGED
12080 [Forwarding findElement on session b1310904-d161-49ca-a1a6-530fba7baea8 to remote] DEBUG org.apache.http.impl.execchain.MainClientExec  - Proxy auth state: UNCHALLENGED
12080 [Forwarding findElement on session b1310904-d161-49ca-a1a6-530fba7baea8 to remote] DEBUG org.apache.http.headers  - http-outgoing-49 >> POST /session/b1310904-d161-49ca-a1a6-530fba7baea8/element HTTP/1.1
12080 [Forwarding findElement on session b1310904-d161-49ca-a1a6-530fba7baea8 to remote] DEBUG org.apache.http.headers  - http-outgoing-49 >> Content-Type: application/json; charset=utf-8
12080 [Forwarding findElement on session b1310904-d161-49ca-a1a6-530fba7baea8 to remote] DEBUG org.apache.http.headers  - http-outgoing-49 >> Content-Length: 50
12080 [Forwarding findElement on session b1310904-d161-49ca-a1a6-530fba7baea8 to remote] DEBUG org.apache.http.headers  - http-outgoing-49 >> Host: localhost:37262
12080 [Forwarding findElement on session b1310904-d161-49ca-a1a6-530fba7baea8 to remote] DEBUG org.apache.http.headers  - http-outgoing-49 >> Connection: Keep-Alive
12080 [Forwarding findElement on session b1310904-d161-49ca-a1a6-530fba7baea8 to remote] DEBUG org.apache.http.headers  - http-outgoing-49 >> User-Agent: Apache-HttpClient/4.3.3 (java 1.5)
12080 [Forwarding findElement on session b1310904-d161-49ca-a1a6-530fba7baea8 to remote] DEBUG org.apache.http.headers  - http-outgoing-49 >> Accept-Encoding: gzip,deflate
12080 [Forwarding findElement on session b1310904-d161-49ca-a1a6-530fba7baea8 to remote] DEBUG org.apache.http.wire  - http-outgoing-49 >> "POST /session/b1310904-d161-49ca-a1a6-530fba7baea8/element HTTP/1.1[\r][\n]"
12080 [Forwarding findElement on session b1310904-d161-49ca-a1a6-530fba7baea8 to remote] DEBUG org.apache.http.wire  - http-outgoing-49 >> "Content-Type: application/json; charset=utf-8[\r][\n]"
12080 [Forwarding findElement on session b1310904-d161-49ca-a1a6-530fba7baea8 to remote] DEBUG org.apache.http.wire  - http-outgoing-49 >> "Content-Length: 50[\r][\n]"
12080 [Forwarding findElement on session b1310904-d161-49ca-a1a6-530fba7baea8 to remote] DEBUG org.apache.http.wire  - http-outgoing-49 >> "Host: localhost:37262[\r][\n]"
12080 [Forwarding findElement on session b1310904-d161-49ca-a1a6-530fba7baea8 to remote] DEBUG org.apache.http.wire  - http-outgoing-49 >> "Connection: Keep-Alive[\r][\n]"
12080 [Forwarding findElement on session b1310904-d161-49ca-a1a6-530fba7baea8 to remote] DEBUG org.apache.http.wire  - http-outgoing-49 >> "User-Agent: Apache-HttpClient/4.3.3 (java 1.5)[\r][\n]"
12080 [Forwarding findElement on session b1310904-d161-49ca-a1a6-530fba7baea8 to remote] DEBUG org.apache.http.wire  - http-outgoing-49 >> "Accept-Encoding: gzip,deflate[\r][\n]"
12080 [Forwarding findElement on session b1310904-d161-49ca-a1a6-530fba7baea8 to remote] DEBUG org.apache.http.wire  - http-outgoing-49 >> "[\r][\n]"
12080 [Forwarding findElement on session b1310904-d161-49ca-a1a6-530fba7baea8 to remote] DEBUG org.apache.http.wire  - http-outgoing-49 >> "{"using":"xpath","value":"//input[@name='login']"}"
12110 [Forwarding findElement on session b1310904-d161-49ca-a1a6-530fba7baea8 to remote] DEBUG org.apache.http.wire  - http-outgoing-49 << "HTTP/1.1 200 OK[\r][\n]"
12110 [Forwarding findElement on session b1310904-d161-49ca-a1a6-530fba7baea8 to remote] DEBUG org.apache.http.wire  - http-outgoing-49 << "Content-Length: 200[\r][\n]"
12110 [Forwarding findElement on session b1310904-d161-49ca-a1a6-530fba7baea8 to remote] DEBUG org.apache.http.wire  - http-outgoing-49 << "Content-Type: application/json; charset=UTF-8[\r][\n]"
12110 [Forwarding findElement on session b1310904-d161-49ca-a1a6-530fba7baea8 to remote] DEBUG org.apache.http.wire  - http-outgoing-49 << "Vary: Accept-Charset, Accept-Encoding, Accept-Language, Accept[\r][\n]"
12110 [Forwarding findElement on session b1310904-d161-49ca-a1a6-530fba7baea8 to remote] DEBUG org.apache.http.wire  - http-outgoing-49 << "Accept-Ranges: bytes[\r][\n]"
12110 [Forwarding findElement on session b1310904-d161-49ca-a1a6-530fba7baea8 to remote] DEBUG org.apache.http.wire  - http-outgoing-49 << "Connection: close[\r][\n]"
12110 [Forwarding findElement on session b1310904-d161-49ca-a1a6-530fba7baea8 to remote] DEBUG org.apache.http.wire  - http-outgoing-49 << "[\r][\n]"
12110 [Forwarding findElement on session b1310904-d161-49ca-a1a6-530fba7baea8 to remote] DEBUG org.apache.http.wire  - http-outgoing-49 << "{"sessionId":"b1310904-d161-49ca-a1a6-530fba7baea8","status":0,"value":{"ELEMENT":"6a6438df-7b94-494d-a71e-c1e89998c697","element-6066-11e4-a52e-4f735466cecf":"6a6438df-7b94-494d-a71e-c1e89998c697"}}[\n]"
12110 [Forwarding findElement on session b1310904-d161-49ca-a1a6-530fba7baea8 to remote] DEBUG org.apache.http.wire  - http-outgoing-49 << "[\r][\n]"
12110 [Forwarding findElement on session b1310904-d161-49ca-a1a6-530fba7baea8 to remote] DEBUG org.apache.http.headers  - http-outgoing-49 << HTTP/1.1 200 OK
12110 [Forwarding findElement on session b1310904-d161-49ca-a1a6-530fba7baea8 to remote] DEBUG org.apache.http.headers  - http-outgoing-49 << Content-Length: 200
12110 [Forwarding findElement on session b1310904-d161-49ca-a1a6-530fba7baea8 to remote] DEBUG org.apache.http.headers  - http-outgoing-49 << Content-Type: application/json; charset=UTF-8
12110 [Forwarding findElement on session b1310904-d161-49ca-a1a6-530fba7baea8 to remote] DEBUG org.apache.http.headers  - http-outgoing-49 << Vary: Accept-Charset, Accept-Encoding, Accept-Language, Accept
12110 [Forwarding findElement on session b1310904-d161-49ca-a1a6-530fba7baea8 to remote] DEBUG org.apache.http.headers  - http-outgoing-49 << Accept-Ranges: bytes
12110 [Forwarding findElement on session b1310904-d161-49ca-a1a6-530fba7baea8 to remote] DEBUG org.apache.http.headers  - http-outgoing-49 << Connection: close
12110 [Forwarding findElement on session b1310904-d161-49ca-a1a6-530fba7baea8 to remote] DEBUG org.apache.http.impl.conn.DefaultManagedHttpClientConnection  - http-outgoing-49: Shutdown connection
12110 [Forwarding findElement on session b1310904-d161-49ca-a1a6-530fba7baea8 to remote] DEBUG org.apache.http.impl.execchain.MainClientExec  - Connection discarded
12110 [Forwarding findElement on session b1310904-d161-49ca-a1a6-530fba7baea8 to remote] DEBUG org.apache.http.impl.conn.DefaultManagedHttpClientConnection  - http-outgoing-49: Close connection
12110 [Forwarding findElement on session b1310904-d161-49ca-a1a6-530fba7baea8 to remote] DEBUG org.apache.http.impl.conn.PoolingHttpClientConnectionManager  - Connection released: [id: 49][route: {}->http://localhost:37262][total kept alive: 0; route allocated: 0 of 2000; total allocated: 0 of 2000]
12110 [Forwarding isElementDisplayed on session b1310904-d161-49ca-a1a6-530fba7baea8 to remote] DEBUG org.apache.http.client.protocol.RequestAddCookies  - CookieSpec selected: best-match
12110 [Forwarding isElementDisplayed on session b1310904-d161-49ca-a1a6-530fba7baea8 to remote] DEBUG org.apache.http.client.protocol.RequestAuthCache  - Auth cache not set in the context
12110 [Forwarding isElementDisplayed on session b1310904-d161-49ca-a1a6-530fba7baea8 to remote] DEBUG org.apache.http.impl.conn.PoolingHttpClientConnectionManager  - Connection request: [route: {}->http://localhost:37262][total kept alive: 0; route allocated: 0 of 2000; total allocated: 0 of 2000]
12110 [Forwarding isElementDisplayed on session b1310904-d161-49ca-a1a6-530fba7baea8 to remote] DEBUG org.apache.http.impl.conn.PoolingHttpClientConnectionManager  - Connection leased: [id: 50][route: {}->http://localhost:37262][total kept alive: 0; route allocated: 1 of 2000; total allocated: 1 of 2000]
12110 [Forwarding isElementDisplayed on session b1310904-d161-49ca-a1a6-530fba7baea8 to remote] DEBUG org.apache.http.impl.execchain.MainClientExec  - Opening connection {}->http://localhost:37262
12110 [Forwarding isElementDisplayed on session b1310904-d161-49ca-a1a6-530fba7baea8 to remote] DEBUG org.apache.http.impl.conn.HttpClientConnectionOperator  - Connecting to localhost/127.0.0.1:37262
12110 [Forwarding isElementDisplayed on session b1310904-d161-49ca-a1a6-530fba7baea8 to remote] DEBUG org.apache.http.impl.conn.HttpClientConnectionOperator  - Connection established 127.0.0.1:17265<->127.0.0.1:37262
12110 [Forwarding isElementDisplayed on session b1310904-d161-49ca-a1a6-530fba7baea8 to remote] DEBUG org.apache.http.impl.execchain.MainClientExec  - Executing request GET /session/b1310904-d161-49ca-a1a6-530fba7baea8/element/6a6438df-7b94-494d-a71e-c1e89998c697/displayed HTTP/1.1
12110 [Forwarding isElementDisplayed on session b1310904-d161-49ca-a1a6-530fba7baea8 to remote] DEBUG org.apache.http.impl.execchain.MainClientExec  - Target auth state: UNCHALLENGED
12110 [Forwarding isElementDisplayed on session b1310904-d161-49ca-a1a6-530fba7baea8 to remote] DEBUG org.apache.http.impl.execchain.MainClientExec  - Proxy auth state: UNCHALLENGED
12110 [Forwarding isElementDisplayed on session b1310904-d161-49ca-a1a6-530fba7baea8 to remote] DEBUG org.apache.http.headers  - http-outgoing-50 >> GET /session/b1310904-d161-49ca-a1a6-530fba7baea8/element/6a6438df-7b94-494d-a71e-c1e89998c697/displayed HTTP/1.1
12110 [Forwarding isElementDisplayed on session b1310904-d161-49ca-a1a6-530fba7baea8 to remote] DEBUG org.apache.http.headers  - http-outgoing-50 >> Cache-Control: no-cache
12110 [Forwarding isElementDisplayed on session b1310904-d161-49ca-a1a6-530fba7baea8 to remote] DEBUG org.apache.http.headers  - http-outgoing-50 >> Host: localhost:37262
12110 [Forwarding isElementDisplayed on session b1310904-d161-49ca-a1a6-530fba7baea8 to remote] DEBUG org.apache.http.headers  - http-outgoing-50 >> Connection: Keep-Alive
12110 [Forwarding isElementDisplayed on session b1310904-d161-49ca-a1a6-530fba7baea8 to remote] DEBUG org.apache.http.headers  - http-outgoing-50 >> User-Agent: Apache-HttpClient/4.3.3 (java 1.5)
12110 [Forwarding isElementDisplayed on session b1310904-d161-49ca-a1a6-530fba7baea8 to remote] DEBUG org.apache.http.headers  - http-outgoing-50 >> Accept-Encoding: gzip,deflate
12110 [Forwarding isElementDisplayed on session b1310904-d161-49ca-a1a6-530fba7baea8 to remote] DEBUG org.apache.http.wire  - http-outgoing-50 >> "GET /session/b1310904-d161-49ca-a1a6-530fba7baea8/element/6a6438df-7b94-494d-a71e-c1e89998c697/displayed HTTP/1.1[\r][\n]"
12110 [Forwarding isElementDisplayed on session b1310904-d161-49ca-a1a6-530fba7baea8 to remote] DEBUG org.apache.http.wire  - http-outgoing-50 >> "Cache-Control: no-cache[\r][\n]"
12110 [Forwarding isElementDisplayed on session b1310904-d161-49ca-a1a6-530fba7baea8 to remote] DEBUG org.apache.http.wire  - http-outgoing-50 >> "Host: localhost:37262[\r][\n]"
12110 [Forwarding isElementDisplayed on session b1310904-d161-49ca-a1a6-530fba7baea8 to remote] DEBUG org.apache.http.wire  - http-outgoing-50 >> "Connection: Keep-Alive[\r][\n]"
12110 [Forwarding isElementDisplayed on session b1310904-d161-49ca-a1a6-530fba7baea8 to remote] DEBUG org.apache.http.wire  - http-outgoing-50 >> "User-Agent: Apache-HttpClient/4.3.3 (java 1.5)[\r][\n]"
12110 [Forwarding isElementDisplayed on session b1310904-d161-49ca-a1a6-530fba7baea8 to remote] DEBUG org.apache.http.wire  - http-outgoing-50 >> "Accept-Encoding: gzip,deflate[\r][\n]"
12110 [Forwarding isElementDisplayed on session b1310904-d161-49ca-a1a6-530fba7baea8 to remote] DEBUG org.apache.http.wire  - http-outgoing-50 >> "[\r][\n]"
12150 [Forwarding isElementDisplayed on session b1310904-d161-49ca-a1a6-530fba7baea8 to remote] DEBUG org.apache.http.wire  - http-outgoing-50 << "HTTP/1.1 200 OK[\r][\n]"
12150 [Forwarding isElementDisplayed on session b1310904-d161-49ca-a1a6-530fba7baea8 to remote] DEBUG org.apache.http.wire  - http-outgoing-50 << "Content-Length: 77[\r][\n]"
12150 [Forwarding isElementDisplayed on session b1310904-d161-49ca-a1a6-530fba7baea8 to remote] DEBUG org.apache.http.wire  - http-outgoing-50 << "Content-Type: application/json; charset=UTF-8[\r][\n]"
12150 [Forwarding isElementDisplayed on session b1310904-d161-49ca-a1a6-530fba7baea8 to remote] DEBUG org.apache.http.wire  - http-outgoing-50 << "Vary: Accept-Charset, Accept-Encoding, Accept-Language, Accept[\r][\n]"
12150 [Forwarding isElementDisplayed on session b1310904-d161-49ca-a1a6-530fba7baea8 to remote] DEBUG org.apache.http.wire  - http-outgoing-50 << "Accept-Ranges: bytes[\r][\n]"
12150 [Forwarding isElementDisplayed on session b1310904-d161-49ca-a1a6-530fba7baea8 to remote] DEBUG org.apache.http.wire  - http-outgoing-50 << "Connection: close[\r][\n]"
12150 [Forwarding isElementDisplayed on session b1310904-d161-49ca-a1a6-530fba7baea8 to remote] DEBUG org.apache.http.wire  - http-outgoing-50 << "[\r][\n]"
12150 [Forwarding isElementDisplayed on session b1310904-d161-49ca-a1a6-530fba7baea8 to remote] DEBUG org.apache.http.wire  - http-outgoing-50 << "{"sessionId":"b1310904-d161-49ca-a1a6-530fba7baea8","status":0,"value":true}[\n]"
12150 [Forwarding isElementDisplayed on session b1310904-d161-49ca-a1a6-530fba7baea8 to remote] DEBUG org.apache.http.wire  - http-outgoing-50 << "[\r][\n]"
12150 [Forwarding isElementDisplayed on session b1310904-d161-49ca-a1a6-530fba7baea8 to remote] DEBUG org.apache.http.headers  - http-outgoing-50 << HTTP/1.1 200 OK
12150 [Forwarding isElementDisplayed on session b1310904-d161-49ca-a1a6-530fba7baea8 to remote] DEBUG org.apache.http.headers  - http-outgoing-50 << Content-Length: 77
12150 [Forwarding isElementDisplayed on session b1310904-d161-49ca-a1a6-530fba7baea8 to remote] DEBUG org.apache.http.headers  - http-outgoing-50 << Content-Type: application/json; charset=UTF-8
12150 [Forwarding isElementDisplayed on session b1310904-d161-49ca-a1a6-530fba7baea8 to remote] DEBUG org.apache.http.headers  - http-outgoing-50 << Vary: Accept-Charset, Accept-Encoding, Accept-Language, Accept
12150 [Forwarding isElementDisplayed on session b1310904-d161-49ca-a1a6-530fba7baea8 to remote] DEBUG org.apache.http.headers  - http-outgoing-50 << Accept-Ranges: bytes
12150 [Forwarding isElementDisplayed on session b1310904-d161-49ca-a1a6-530fba7baea8 to remote] DEBUG org.apache.http.headers  - http-outgoing-50 << Connection: close
12150 [Forwarding isElementDisplayed on session b1310904-d161-49ca-a1a6-530fba7baea8 to remote] DEBUG org.apache.http.impl.conn.DefaultManagedHttpClientConnection  - http-outgoing-50: Shutdown connection
12150 [Forwarding isElementDisplayed on session b1310904-d161-49ca-a1a6-530fba7baea8 to remote] DEBUG org.apache.http.impl.execchain.MainClientExec  - Connection discarded
12150 [Forwarding isElementDisplayed on session b1310904-d161-49ca-a1a6-530fba7baea8 to remote] DEBUG org.apache.http.impl.conn.DefaultManagedHttpClientConnection  - http-outgoing-50: Close connection
12150 [Forwarding isElementDisplayed on session b1310904-d161-49ca-a1a6-530fba7baea8 to remote] DEBUG org.apache.http.impl.conn.PoolingHttpClientConnectionManager  - Connection released: [id: 50][route: {}->http://localhost:37262][total kept alive: 0; route allocated: 0 of 2000; total allocated: 0 of 2000]
12150 [Forwarding findElement on session b1310904-d161-49ca-a1a6-530fba7baea8 to remote] DEBUG org.apache.http.client.protocol.RequestAddCookies  - CookieSpec selected: best-match
12150 [Forwarding findElement on session b1310904-d161-49ca-a1a6-530fba7baea8 to remote] DEBUG org.apache.http.client.protocol.RequestAuthCache  - Auth cache not set in the context
12150 [Forwarding findElement on session b1310904-d161-49ca-a1a6-530fba7baea8 to remote] DEBUG org.apache.http.impl.conn.PoolingHttpClientConnectionManager  - Connection request: [route: {}->http://localhost:37262][total kept alive: 0; route allocated: 0 of 2000; total allocated: 0 of 2000]
12150 [Forwarding findElement on session b1310904-d161-49ca-a1a6-530fba7baea8 to remote] DEBUG org.apache.http.impl.conn.PoolingHttpClientConnectionManager  - Connection leased: [id: 51][route: {}->http://localhost:37262][total kept alive: 0; route allocated: 1 of 2000; total allocated: 1 of 2000]
12150 [Forwarding findElement on session b1310904-d161-49ca-a1a6-530fba7baea8 to remote] DEBUG org.apache.http.impl.execchain.MainClientExec  - Opening connection {}->http://localhost:37262
12150 [Forwarding findElement on session b1310904-d161-49ca-a1a6-530fba7baea8 to remote] DEBUG org.apache.http.impl.conn.HttpClientConnectionOperator  - Connecting to localhost/127.0.0.1:37262
12150 [Forwarding findElement on session b1310904-d161-49ca-a1a6-530fba7baea8 to remote] DEBUG org.apache.http.impl.conn.HttpClientConnectionOperator  - Connection established 127.0.0.1:17266<->127.0.0.1:37262
12150 [Forwarding findElement on session b1310904-d161-49ca-a1a6-530fba7baea8 to remote] DEBUG org.apache.http.impl.execchain.MainClientExec  - Executing request POST /session/b1310904-d161-49ca-a1a6-530fba7baea8/element HTTP/1.1
12150 [Forwarding findElement on session b1310904-d161-49ca-a1a6-530fba7baea8 to remote] DEBUG org.apache.http.impl.execchain.MainClientExec  - Target auth state: UNCHALLENGED
12150 [Forwarding findElement on session b1310904-d161-49ca-a1a6-530fba7baea8 to remote] DEBUG org.apache.http.impl.execchain.MainClientExec  - Proxy auth state: UNCHALLENGED
12150 [Forwarding findElement on session b1310904-d161-49ca-a1a6-530fba7baea8 to remote] DEBUG org.apache.http.headers  - http-outgoing-51 >> POST /session/b1310904-d161-49ca-a1a6-530fba7baea8/element HTTP/1.1
12150 [Forwarding findElement on session b1310904-d161-49ca-a1a6-530fba7baea8 to remote] DEBUG org.apache.http.headers  - http-outgoing-51 >> Content-Type: application/json; charset=utf-8
12150 [Forwarding findElement on session b1310904-d161-49ca-a1a6-530fba7baea8 to remote] DEBUG org.apache.http.headers  - http-outgoing-51 >> Content-Length: 50
12150 [Forwarding findElement on session b1310904-d161-49ca-a1a6-530fba7baea8 to remote] DEBUG org.apache.http.headers  - http-outgoing-51 >> Host: localhost:37262
12150 [Forwarding findElement on session b1310904-d161-49ca-a1a6-530fba7baea8 to remote] DEBUG org.apache.http.headers  - http-outgoing-51 >> Connection: Keep-Alive
12150 [Forwarding findElement on session b1310904-d161-49ca-a1a6-530fba7baea8 to remote] DEBUG org.apache.http.headers  - http-outgoing-51 >> User-Agent: Apache-HttpClient/4.3.3 (java 1.5)
12150 [Forwarding findElement on session b1310904-d161-49ca-a1a6-530fba7baea8 to remote] DEBUG org.apache.http.headers  - http-outgoing-51 >> Accept-Encoding: gzip,deflate
12150 [Forwarding findElement on session b1310904-d161-49ca-a1a6-530fba7baea8 to remote] DEBUG org.apache.http.wire  - http-outgoing-51 >> "POST /session/b1310904-d161-49ca-a1a6-530fba7baea8/element HTTP/1.1[\r][\n]"
12150 [Forwarding findElement on session b1310904-d161-49ca-a1a6-530fba7baea8 to remote] DEBUG org.apache.http.wire  - http-outgoing-51 >> "Content-Type: application/json; charset=utf-8[\r][\n]"
12150 [Forwarding findElement on session b1310904-d161-49ca-a1a6-530fba7baea8 to remote] DEBUG org.apache.http.wire  - http-outgoing-51 >> "Content-Length: 50[\r][\n]"
12150 [Forwarding findElement on session b1310904-d161-49ca-a1a6-530fba7baea8 to remote] DEBUG org.apache.http.wire  - http-outgoing-51 >> "Host: localhost:37262[\r][\n]"
12150 [Forwarding findElement on session b1310904-d161-49ca-a1a6-530fba7baea8 to remote] DEBUG org.apache.http.wire  - http-outgoing-51 >> "Connection: Keep-Alive[\r][\n]"
12150 [Forwarding findElement on session b1310904-d161-49ca-a1a6-530fba7baea8 to remote] DEBUG org.apache.http.wire  - http-outgoing-51 >> "User-Agent: Apache-HttpClient/4.3.3 (java 1.5)[\r][\n]"
12150 [Forwarding findElement on session b1310904-d161-49ca-a1a6-530fba7baea8 to remote] DEBUG org.apache.http.wire  - http-outgoing-51 >> "Accept-Encoding: gzip,deflate[\r][\n]"
12150 [Forwarding findElement on session b1310904-d161-49ca-a1a6-530fba7baea8 to remote] DEBUG org.apache.http.wire  - http-outgoing-51 >> "[\r][\n]"
12150 [Forwarding findElement on session b1310904-d161-49ca-a1a6-530fba7baea8 to remote] DEBUG org.apache.http.wire  - http-outgoing-51 >> "{"using":"xpath","value":"//input[@name='login']"}"
12180 [Forwarding findElement on session b1310904-d161-49ca-a1a6-530fba7baea8 to remote] DEBUG org.apache.http.wire  - http-outgoing-51 << "HTTP/1.1 200 OK[\r][\n]"
12180 [Forwarding findElement on session b1310904-d161-49ca-a1a6-530fba7baea8 to remote] DEBUG org.apache.http.wire  - http-outgoing-51 << "Content-Length: 200[\r][\n]"
12180 [Forwarding findElement on session b1310904-d161-49ca-a1a6-530fba7baea8 to remote] DEBUG org.apache.http.wire  - http-outgoing-51 << "Content-Type: application/json; charset=UTF-8[\r][\n]"
12180 [Forwarding findElement on session b1310904-d161-49ca-a1a6-530fba7baea8 to remote] DEBUG org.apache.http.wire  - http-outgoing-51 << "Vary: Accept-Charset, Accept-Encoding, Accept-Language, Accept[\r][\n]"
12180 [Forwarding findElement on session b1310904-d161-49ca-a1a6-530fba7baea8 to remote] DEBUG org.apache.http.wire  - http-outgoing-51 << "Accept-Ranges: bytes[\r][\n]"
12180 [Forwarding findElement on session b1310904-d161-49ca-a1a6-530fba7baea8 to remote] DEBUG org.apache.http.wire  - http-outgoing-51 << "Connection: close[\r][\n]"
12180 [Forwarding findElement on session b1310904-d161-49ca-a1a6-530fba7baea8 to remote] DEBUG org.apache.http.wire  - http-outgoing-51 << "[\r][\n]"
12180 [Forwarding findElement on session b1310904-d161-49ca-a1a6-530fba7baea8 to remote] DEBUG org.apache.http.wire  - http-outgoing-51 << "{"sessionId":"b1310904-d161-49ca-a1a6-530fba7baea8","status":0,"value":{"ELEMENT":"6a6438df-7b94-494d-a71e-c1e89998c697","element-6066-11e4-a52e-4f735466cecf":"6a6438df-7b94-494d-a71e-c1e89998c697"}}[\n]"
12180 [Forwarding findElement on session b1310904-d161-49ca-a1a6-530fba7baea8 to remote] DEBUG org.apache.http.wire  - http-outgoing-51 << "[\r][\n]"
12180 [Forwarding findElement on session b1310904-d161-49ca-a1a6-530fba7baea8 to remote] DEBUG org.apache.http.headers  - http-outgoing-51 << HTTP/1.1 200 OK
12180 [Forwarding findElement on session b1310904-d161-49ca-a1a6-530fba7baea8 to remote] DEBUG org.apache.http.headers  - http-outgoing-51 << Content-Length: 200
12180 [Forwarding findElement on session b1310904-d161-49ca-a1a6-530fba7baea8 to remote] DEBUG org.apache.http.headers  - http-outgoing-51 << Content-Type: application/json; charset=UTF-8
12180 [Forwarding findElement on session b1310904-d161-49ca-a1a6-530fba7baea8 to remote] DEBUG org.apache.http.headers  - http-outgoing-51 << Vary: Accept-Charset, Accept-Encoding, Accept-Language, Accept
12180 [Forwarding findElement on session b1310904-d161-49ca-a1a6-530fba7baea8 to remote] DEBUG org.apache.http.headers  - http-outgoing-51 << Accept-Ranges: bytes
12180 [Forwarding findElement on session b1310904-d161-49ca-a1a6-530fba7baea8 to remote] DEBUG org.apache.http.headers  - http-outgoing-51 << Connection: close
12180 [Forwarding findElement on session b1310904-d161-49ca-a1a6-530fba7baea8 to remote] DEBUG org.apache.http.impl.conn.DefaultManagedHttpClientConnection  - http-outgoing-51: Shutdown connection
12180 [Forwarding findElement on session b1310904-d161-49ca-a1a6-530fba7baea8 to remote] DEBUG org.apache.http.impl.execchain.MainClientExec  - Connection discarded
12180 [Forwarding findElement on session b1310904-d161-49ca-a1a6-530fba7baea8 to remote] DEBUG org.apache.http.impl.conn.DefaultManagedHttpClientConnection  - http-outgoing-51: Close connection
12180 [Forwarding findElement on session b1310904-d161-49ca-a1a6-530fba7baea8 to remote] DEBUG org.apache.http.impl.conn.PoolingHttpClientConnectionManager  - Connection released: [id: 51][route: {}->http://localhost:37262][total kept alive: 0; route allocated: 0 of 2000; total allocated: 0 of 2000]
12180 [Forwarding isElementEnabled on session b1310904-d161-49ca-a1a6-530fba7baea8 to remote] DEBUG org.apache.http.client.protocol.RequestAddCookies  - CookieSpec selected: best-match
12180 [Forwarding isElementEnabled on session b1310904-d161-49ca-a1a6-530fba7baea8 to remote] DEBUG org.apache.http.client.protocol.RequestAuthCache  - Auth cache not set in the context
12180 [Forwarding isElementEnabled on session b1310904-d161-49ca-a1a6-530fba7baea8 to remote] DEBUG org.apache.http.impl.conn.PoolingHttpClientConnectionManager  - Connection request: [route: {}->http://localhost:37262][total kept alive: 0; route allocated: 0 of 2000; total allocated: 0 of 2000]
12180 [Forwarding isElementEnabled on session b1310904-d161-49ca-a1a6-530fba7baea8 to remote] DEBUG org.apache.http.impl.conn.PoolingHttpClientConnectionManager  - Connection leased: [id: 52][route: {}->http://localhost:37262][total kept alive: 0; route allocated: 1 of 2000; total allocated: 1 of 2000]
12180 [Forwarding isElementEnabled on session b1310904-d161-49ca-a1a6-530fba7baea8 to remote] DEBUG org.apache.http.impl.execchain.MainClientExec  - Opening connection {}->http://localhost:37262
12180 [Forwarding isElementEnabled on session b1310904-d161-49ca-a1a6-530fba7baea8 to remote] DEBUG org.apache.http.impl.conn.HttpClientConnectionOperator  - Connecting to localhost/127.0.0.1:37262
12180 [Forwarding isElementEnabled on session b1310904-d161-49ca-a1a6-530fba7baea8 to remote] DEBUG org.apache.http.impl.conn.HttpClientConnectionOperator  - Connection established 127.0.0.1:17267<->127.0.0.1:37262
12180 [Forwarding isElementEnabled on session b1310904-d161-49ca-a1a6-530fba7baea8 to remote] DEBUG org.apache.http.impl.execchain.MainClientExec  - Executing request GET /session/b1310904-d161-49ca-a1a6-530fba7baea8/element/6a6438df-7b94-494d-a71e-c1e89998c697/enabled HTTP/1.1
12180 [Forwarding isElementEnabled on session b1310904-d161-49ca-a1a6-530fba7baea8 to remote] DEBUG org.apache.http.impl.execchain.MainClientExec  - Target auth state: UNCHALLENGED
12180 [Forwarding isElementEnabled on session b1310904-d161-49ca-a1a6-530fba7baea8 to remote] DEBUG org.apache.http.impl.execchain.MainClientExec  - Proxy auth state: UNCHALLENGED
12180 [Forwarding isElementEnabled on session b1310904-d161-49ca-a1a6-530fba7baea8 to remote] DEBUG org.apache.http.headers  - http-outgoing-52 >> GET /session/b1310904-d161-49ca-a1a6-530fba7baea8/element/6a6438df-7b94-494d-a71e-c1e89998c697/enabled HTTP/1.1
12180 [Forwarding isElementEnabled on session b1310904-d161-49ca-a1a6-530fba7baea8 to remote] DEBUG org.apache.http.headers  - http-outgoing-52 >> Cache-Control: no-cache
12180 [Forwarding isElementEnabled on session b1310904-d161-49ca-a1a6-530fba7baea8 to remote] DEBUG org.apache.http.headers  - http-outgoing-52 >> Host: localhost:37262
12180 [Forwarding isElementEnabled on session b1310904-d161-49ca-a1a6-530fba7baea8 to remote] DEBUG org.apache.http.headers  - http-outgoing-52 >> Connection: Keep-Alive
12180 [Forwarding isElementEnabled on session b1310904-d161-49ca-a1a6-530fba7baea8 to remote] DEBUG org.apache.http.headers  - http-outgoing-52 >> User-Agent: Apache-HttpClient/4.3.3 (java 1.5)
12180 [Forwarding isElementEnabled on session b1310904-d161-49ca-a1a6-530fba7baea8 to remote] DEBUG org.apache.http.headers  - http-outgoing-52 >> Accept-Encoding: gzip,deflate
12180 [Forwarding isElementEnabled on session b1310904-d161-49ca-a1a6-530fba7baea8 to remote] DEBUG org.apache.http.wire  - http-outgoing-52 >> "GET /session/b1310904-d161-49ca-a1a6-530fba7baea8/element/6a6438df-7b94-494d-a71e-c1e89998c697/enabled HTTP/1.1[\r][\n]"
12180 [Forwarding isElementEnabled on session b1310904-d161-49ca-a1a6-530fba7baea8 to remote] DEBUG org.apache.http.wire  - http-outgoing-52 >> "Cache-Control: no-cache[\r][\n]"
12180 [Forwarding isElementEnabled on session b1310904-d161-49ca-a1a6-530fba7baea8 to remote] DEBUG org.apache.http.wire  - http-outgoing-52 >> "Host: localhost:37262[\r][\n]"
12180 [Forwarding isElementEnabled on session b1310904-d161-49ca-a1a6-530fba7baea8 to remote] DEBUG org.apache.http.wire  - http-outgoing-52 >> "Connection: Keep-Alive[\r][\n]"
12180 [Forwarding isElementEnabled on session b1310904-d161-49ca-a1a6-530fba7baea8 to remote] DEBUG org.apache.http.wire  - http-outgoing-52 >> "User-Agent: Apache-HttpClient/4.3.3 (java 1.5)[\r][\n]"
12180 [Forwarding isElementEnabled on session b1310904-d161-49ca-a1a6-530fba7baea8 to remote] DEBUG org.apache.http.wire  - http-outgoing-52 >> "Accept-Encoding: gzip,deflate[\r][\n]"
12180 [Forwarding isElementEnabled on session b1310904-d161-49ca-a1a6-530fba7baea8 to remote] DEBUG org.apache.http.wire  - http-outgoing-52 >> "[\r][\n]"
12210 [Forwarding isElementEnabled on session b1310904-d161-49ca-a1a6-530fba7baea8 to remote] DEBUG org.apache.http.wire  - http-outgoing-52 << "HTTP/1.1 200 OK[\r][\n]"
12210 [Forwarding isElementEnabled on session b1310904-d161-49ca-a1a6-530fba7baea8 to remote] DEBUG org.apache.http.wire  - http-outgoing-52 << "Content-Length: 77[\r][\n]"
12210 [Forwarding isElementEnabled on session b1310904-d161-49ca-a1a6-530fba7baea8 to remote] DEBUG org.apache.http.wire  - http-outgoing-52 << "Content-Type: application/json; charset=UTF-8[\r][\n]"
12210 [Forwarding isElementEnabled on session b1310904-d161-49ca-a1a6-530fba7baea8 to remote] DEBUG org.apache.http.wire  - http-outgoing-52 << "Vary: Accept-Charset, Accept-Encoding, Accept-Language, Accept[\r][\n]"
12210 [Forwarding isElementEnabled on session b1310904-d161-49ca-a1a6-530fba7baea8 to remote] DEBUG org.apache.http.wire  - http-outgoing-52 << "Accept-Ranges: bytes[\r][\n]"
12210 [Forwarding isElementEnabled on session b1310904-d161-49ca-a1a6-530fba7baea8 to remote] DEBUG org.apache.http.wire  - http-outgoing-52 << "Connection: close[\r][\n]"
12210 [Forwarding isElementEnabled on session b1310904-d161-49ca-a1a6-530fba7baea8 to remote] DEBUG org.apache.http.wire  - http-outgoing-52 << "[\r][\n]"
12210 [Forwarding isElementEnabled on session b1310904-d161-49ca-a1a6-530fba7baea8 to remote] DEBUG org.apache.http.wire  - http-outgoing-52 << "{"sessionId":"b1310904-d161-49ca-a1a6-530fba7baea8","status":0,"value":true}[\n]"
12210 [Forwarding isElementEnabled on session b1310904-d161-49ca-a1a6-530fba7baea8 to remote] DEBUG org.apache.http.wire  - http-outgoing-52 << "[\r][\n]"
12210 [Forwarding isElementEnabled on session b1310904-d161-49ca-a1a6-530fba7baea8 to remote] DEBUG org.apache.http.headers  - http-outgoing-52 << HTTP/1.1 200 OK
12210 [Forwarding isElementEnabled on session b1310904-d161-49ca-a1a6-530fba7baea8 to remote] DEBUG org.apache.http.headers  - http-outgoing-52 << Content-Length: 77
12210 [Forwarding isElementEnabled on session b1310904-d161-49ca-a1a6-530fba7baea8 to remote] DEBUG org.apache.http.headers  - http-outgoing-52 << Content-Type: application/json; charset=UTF-8
12210 [Forwarding isElementEnabled on session b1310904-d161-49ca-a1a6-530fba7baea8 to remote] DEBUG org.apache.http.headers  - http-outgoing-52 << Vary: Accept-Charset, Accept-Encoding, Accept-Language, Accept
12210 [Forwarding isElementEnabled on session b1310904-d161-49ca-a1a6-530fba7baea8 to remote] DEBUG org.apache.http.headers  - http-outgoing-52 << Accept-Ranges: bytes
12210 [Forwarding isElementEnabled on session b1310904-d161-49ca-a1a6-530fba7baea8 to remote] DEBUG org.apache.http.headers  - http-outgoing-52 << Connection: close
12210 [Forwarding isElementEnabled on session b1310904-d161-49ca-a1a6-530fba7baea8 to remote] DEBUG org.apache.http.impl.conn.DefaultManagedHttpClientConnection  - http-outgoing-52: Shutdown connection
12210 [Forwarding isElementEnabled on session b1310904-d161-49ca-a1a6-530fba7baea8 to remote] DEBUG org.apache.http.impl.execchain.MainClientExec  - Connection discarded
12210 [Forwarding isElementEnabled on session b1310904-d161-49ca-a1a6-530fba7baea8 to remote] DEBUG org.apache.http.impl.conn.DefaultManagedHttpClientConnection  - http-outgoing-52: Close connection
12210 [Forwarding isElementEnabled on session b1310904-d161-49ca-a1a6-530fba7baea8 to remote] DEBUG org.apache.http.impl.conn.PoolingHttpClientConnectionManager  - Connection released: [id: 52][route: {}->http://localhost:37262][total kept alive: 0; route allocated: 0 of 2000; total allocated: 0 of 2000]
12210 [Forwarding findElement on session b1310904-d161-49ca-a1a6-530fba7baea8 to remote] DEBUG org.apache.http.client.protocol.RequestAddCookies  - CookieSpec selected: best-match
12210 [Forwarding findElement on session b1310904-d161-49ca-a1a6-530fba7baea8 to remote] DEBUG org.apache.http.client.protocol.RequestAuthCache  - Auth cache not set in the context
12210 [Forwarding findElement on session b1310904-d161-49ca-a1a6-530fba7baea8 to remote] DEBUG org.apache.http.impl.conn.PoolingHttpClientConnectionManager  - Connection request: [route: {}->http://localhost:37262][total kept alive: 0; route allocated: 0 of 2000; total allocated: 0 of 2000]
12210 [Forwarding findElement on session b1310904-d161-49ca-a1a6-530fba7baea8 to remote] DEBUG org.apache.http.impl.conn.PoolingHttpClientConnectionManager  - Connection leased: [id: 53][route: {}->http://localhost:37262][total kept alive: 0; route allocated: 1 of 2000; total allocated: 1 of 2000]
12210 [Forwarding findElement on session b1310904-d161-49ca-a1a6-530fba7baea8 to remote] DEBUG org.apache.http.impl.execchain.MainClientExec  - Opening connection {}->http://localhost:37262
12210 [Forwarding findElement on session b1310904-d161-49ca-a1a6-530fba7baea8 to remote] DEBUG org.apache.http.impl.conn.HttpClientConnectionOperator  - Connecting to localhost/127.0.0.1:37262
12210 [Forwarding findElement on session b1310904-d161-49ca-a1a6-530fba7baea8 to remote] DEBUG org.apache.http.impl.conn.HttpClientConnectionOperator  - Connection established 127.0.0.1:17268<->127.0.0.1:37262
12210 [Forwarding findElement on session b1310904-d161-49ca-a1a6-530fba7baea8 to remote] DEBUG org.apache.http.impl.execchain.MainClientExec  - Executing request POST /session/b1310904-d161-49ca-a1a6-530fba7baea8/element HTTP/1.1
12210 [Forwarding findElement on session b1310904-d161-49ca-a1a6-530fba7baea8 to remote] DEBUG org.apache.http.impl.execchain.MainClientExec  - Target auth state: UNCHALLENGED
12210 [Forwarding findElement on session b1310904-d161-49ca-a1a6-530fba7baea8 to remote] DEBUG org.apache.http.impl.execchain.MainClientExec  - Proxy auth state: UNCHALLENGED
12210 [Forwarding findElement on session b1310904-d161-49ca-a1a6-530fba7baea8 to remote] DEBUG org.apache.http.headers  - http-outgoing-53 >> POST /session/b1310904-d161-49ca-a1a6-530fba7baea8/element HTTP/1.1
12210 [Forwarding findElement on session b1310904-d161-49ca-a1a6-530fba7baea8 to remote] DEBUG org.apache.http.headers  - http-outgoing-53 >> Content-Type: application/json; charset=utf-8
12210 [Forwarding findElement on session b1310904-d161-49ca-a1a6-530fba7baea8 to remote] DEBUG org.apache.http.headers  - http-outgoing-53 >> Content-Length: 50
12210 [Forwarding findElement on session b1310904-d161-49ca-a1a6-530fba7baea8 to remote] DEBUG org.apache.http.headers  - http-outgoing-53 >> Host: localhost:37262
12210 [Forwarding findElement on session b1310904-d161-49ca-a1a6-530fba7baea8 to remote] DEBUG org.apache.http.headers  - http-outgoing-53 >> Connection: Keep-Alive
12210 [Forwarding findElement on session b1310904-d161-49ca-a1a6-530fba7baea8 to remote] DEBUG org.apache.http.headers  - http-outgoing-53 >> User-Agent: Apache-HttpClient/4.3.3 (java 1.5)
12210 [Forwarding findElement on session b1310904-d161-49ca-a1a6-530fba7baea8 to remote] DEBUG org.apache.http.headers  - http-outgoing-53 >> Accept-Encoding: gzip,deflate
12210 [Forwarding findElement on session b1310904-d161-49ca-a1a6-530fba7baea8 to remote] DEBUG org.apache.http.wire  - http-outgoing-53 >> "POST /session/b1310904-d161-49ca-a1a6-530fba7baea8/element HTTP/1.1[\r][\n]"
12210 [Forwarding findElement on session b1310904-d161-49ca-a1a6-530fba7baea8 to remote] DEBUG org.apache.http.wire  - http-outgoing-53 >> "Content-Type: application/json; charset=utf-8[\r][\n]"
12210 [Forwarding findElement on session b1310904-d161-49ca-a1a6-530fba7baea8 to remote] DEBUG org.apache.http.wire  - http-outgoing-53 >> "Content-Length: 50[\r][\n]"
12210 [Forwarding findElement on session b1310904-d161-49ca-a1a6-530fba7baea8 to remote] DEBUG org.apache.http.wire  - http-outgoing-53 >> "Host: localhost:37262[\r][\n]"
12210 [Forwarding findElement on session b1310904-d161-49ca-a1a6-530fba7baea8 to remote] DEBUG org.apache.http.wire  - http-outgoing-53 >> "Connection: Keep-Alive[\r][\n]"
12210 [Forwarding findElement on session b1310904-d161-49ca-a1a6-530fba7baea8 to remote] DEBUG org.apache.http.wire  - http-outgoing-53 >> "User-Agent: Apache-HttpClient/4.3.3 (java 1.5)[\r][\n]"
12210 [Forwarding findElement on session b1310904-d161-49ca-a1a6-530fba7baea8 to remote] DEBUG org.apache.http.wire  - http-outgoing-53 >> "Accept-Encoding: gzip,deflate[\r][\n]"
12210 [Forwarding findElement on session b1310904-d161-49ca-a1a6-530fba7baea8 to remote] DEBUG org.apache.http.wire  - http-outgoing-53 >> "[\r][\n]"
12210 [Forwarding findElement on session b1310904-d161-49ca-a1a6-530fba7baea8 to remote] DEBUG org.apache.http.wire  - http-outgoing-53 >> "{"using":"xpath","value":"//input[@name='login']"}"
12241 [Forwarding findElement on session b1310904-d161-49ca-a1a6-530fba7baea8 to remote] DEBUG org.apache.http.wire  - http-outgoing-53 << "HTTP/1.1 200 OK[\r][\n]"
12241 [Forwarding findElement on session b1310904-d161-49ca-a1a6-530fba7baea8 to remote] DEBUG org.apache.http.wire  - http-outgoing-53 << "Content-Length: 200[\r][\n]"
12241 [Forwarding findElement on session b1310904-d161-49ca-a1a6-530fba7baea8 to remote] DEBUG org.apache.http.wire  - http-outgoing-53 << "Content-Type: application/json; charset=UTF-8[\r][\n]"
12241 [Forwarding findElement on session b1310904-d161-49ca-a1a6-530fba7baea8 to remote] DEBUG org.apache.http.wire  - http-outgoing-53 << "Vary: Accept-Charset, Accept-Encoding, Accept-Language, Accept[\r][\n]"
12241 [Forwarding findElement on session b1310904-d161-49ca-a1a6-530fba7baea8 to remote] DEBUG org.apache.http.wire  - http-outgoing-53 << "Accept-Ranges: bytes[\r][\n]"
12241 [Forwarding findElement on session b1310904-d161-49ca-a1a6-530fba7baea8 to remote] DEBUG org.apache.http.wire  - http-outgoing-53 << "Connection: close[\r][\n]"
12241 [Forwarding findElement on session b1310904-d161-49ca-a1a6-530fba7baea8 to remote] DEBUG org.apache.http.wire  - http-outgoing-53 << "[\r][\n]"
12241 [Forwarding findElement on session b1310904-d161-49ca-a1a6-530fba7baea8 to remote] DEBUG org.apache.http.wire  - http-outgoing-53 << "{"sessionId":"b1310904-d161-49ca-a1a6-530fba7baea8","status":0,"value":{"ELEMENT":"6a6438df-7b94-494d-a71e-c1e89998c697","element-6066-11e4-a52e-4f735466cecf":"6a6438df-7b94-494d-a71e-c1e89998c697"}}[\n]"
12241 [Forwarding findElement on session b1310904-d161-49ca-a1a6-530fba7baea8 to remote] DEBUG org.apache.http.wire  - http-outgoing-53 << "[\r][\n]"
12241 [Forwarding findElement on session b1310904-d161-49ca-a1a6-530fba7baea8 to remote] DEBUG org.apache.http.headers  - http-outgoing-53 << HTTP/1.1 200 OK
12241 [Forwarding findElement on session b1310904-d161-49ca-a1a6-530fba7baea8 to remote] DEBUG org.apache.http.headers  - http-outgoing-53 << Content-Length: 200
12241 [Forwarding findElement on session b1310904-d161-49ca-a1a6-530fba7baea8 to remote] DEBUG org.apache.http.headers  - http-outgoing-53 << Content-Type: application/json; charset=UTF-8
12241 [Forwarding findElement on session b1310904-d161-49ca-a1a6-530fba7baea8 to remote] DEBUG org.apache.http.headers  - http-outgoing-53 << Vary: Accept-Charset, Accept-Encoding, Accept-Language, Accept
12241 [Forwarding findElement on session b1310904-d161-49ca-a1a6-530fba7baea8 to remote] DEBUG org.apache.http.headers  - http-outgoing-53 << Accept-Ranges: bytes
12251 [Forwarding findElement on session b1310904-d161-49ca-a1a6-530fba7baea8 to remote] DEBUG org.apache.http.headers  - http-outgoing-53 << Connection: close
12251 [Forwarding findElement on session b1310904-d161-49ca-a1a6-530fba7baea8 to remote] DEBUG org.apache.http.impl.conn.DefaultManagedHttpClientConnection  - http-outgoing-53: Shutdown connection
12251 [Forwarding findElement on session b1310904-d161-49ca-a1a6-530fba7baea8 to remote] DEBUG org.apache.http.impl.execchain.MainClientExec  - Connection discarded
12251 [Forwarding findElement on session b1310904-d161-49ca-a1a6-530fba7baea8 to remote] DEBUG org.apache.http.impl.conn.DefaultManagedHttpClientConnection  - http-outgoing-53: Close connection
12251 [Forwarding findElement on session b1310904-d161-49ca-a1a6-530fba7baea8 to remote] DEBUG org.apache.http.impl.conn.PoolingHttpClientConnectionManager  - Connection released: [id: 53][route: {}->http://localhost:37262][total kept alive: 0; route allocated: 0 of 2000; total allocated: 0 of 2000]
12251 [Forwarding isElementDisplayed on session b1310904-d161-49ca-a1a6-530fba7baea8 to remote] DEBUG org.apache.http.client.protocol.RequestAddCookies  - CookieSpec selected: best-match
12251 [Forwarding isElementDisplayed on session b1310904-d161-49ca-a1a6-530fba7baea8 to remote] DEBUG org.apache.http.client.protocol.RequestAuthCache  - Auth cache not set in the context
12251 [Forwarding isElementDisplayed on session b1310904-d161-49ca-a1a6-530fba7baea8 to remote] DEBUG org.apache.http.impl.conn.PoolingHttpClientConnectionManager  - Connection request: [route: {}->http://localhost:37262][total kept alive: 0; route allocated: 0 of 2000; total allocated: 0 of 2000]
12251 [Forwarding isElementDisplayed on session b1310904-d161-49ca-a1a6-530fba7baea8 to remote] DEBUG org.apache.http.impl.conn.PoolingHttpClientConnectionManager  - Connection leased: [id: 54][route: {}->http://localhost:37262][total kept alive: 0; route allocated: 1 of 2000; total allocated: 1 of 2000]
12251 [Forwarding isElementDisplayed on session b1310904-d161-49ca-a1a6-530fba7baea8 to remote] DEBUG org.apache.http.impl.execchain.MainClientExec  - Opening connection {}->http://localhost:37262
12251 [Forwarding isElementDisplayed on session b1310904-d161-49ca-a1a6-530fba7baea8 to remote] DEBUG org.apache.http.impl.conn.HttpClientConnectionOperator  - Connecting to localhost/127.0.0.1:37262
12251 [Forwarding isElementDisplayed on session b1310904-d161-49ca-a1a6-530fba7baea8 to remote] DEBUG org.apache.http.impl.conn.HttpClientConnectionOperator  - Connection established 127.0.0.1:17269<->127.0.0.1:37262
12251 [Forwarding isElementDisplayed on session b1310904-d161-49ca-a1a6-530fba7baea8 to remote] DEBUG org.apache.http.impl.execchain.MainClientExec  - Executing request GET /session/b1310904-d161-49ca-a1a6-530fba7baea8/element/6a6438df-7b94-494d-a71e-c1e89998c697/displayed HTTP/1.1
12251 [Forwarding isElementDisplayed on session b1310904-d161-49ca-a1a6-530fba7baea8 to remote] DEBUG org.apache.http.impl.execchain.MainClientExec  - Target auth state: UNCHALLENGED
12251 [Forwarding isElementDisplayed on session b1310904-d161-49ca-a1a6-530fba7baea8 to remote] DEBUG org.apache.http.impl.execchain.MainClientExec  - Proxy auth state: UNCHALLENGED
12251 [Forwarding isElementDisplayed on session b1310904-d161-49ca-a1a6-530fba7baea8 to remote] DEBUG org.apache.http.headers  - http-outgoing-54 >> GET /session/b1310904-d161-49ca-a1a6-530fba7baea8/element/6a6438df-7b94-494d-a71e-c1e89998c697/displayed HTTP/1.1
12251 [Forwarding isElementDisplayed on session b1310904-d161-49ca-a1a6-530fba7baea8 to remote] DEBUG org.apache.http.headers  - http-outgoing-54 >> Cache-Control: no-cache
12251 [Forwarding isElementDisplayed on session b1310904-d161-49ca-a1a6-530fba7baea8 to remote] DEBUG org.apache.http.headers  - http-outgoing-54 >> Host: localhost:37262
12251 [Forwarding isElementDisplayed on session b1310904-d161-49ca-a1a6-530fba7baea8 to remote] DEBUG org.apache.http.headers  - http-outgoing-54 >> Connection: Keep-Alive
12251 [Forwarding isElementDisplayed on session b1310904-d161-49ca-a1a6-530fba7baea8 to remote] DEBUG org.apache.http.headers  - http-outgoing-54 >> User-Agent: Apache-HttpClient/4.3.3 (java 1.5)
12251 [Forwarding isElementDisplayed on session b1310904-d161-49ca-a1a6-530fba7baea8 to remote] DEBUG org.apache.http.headers  - http-outgoing-54 >> Accept-Encoding: gzip,deflate
12251 [Forwarding isElementDisplayed on session b1310904-d161-49ca-a1a6-530fba7baea8 to remote] DEBUG org.apache.http.wire  - http-outgoing-54 >> "GET /session/b1310904-d161-49ca-a1a6-530fba7baea8/element/6a6438df-7b94-494d-a71e-c1e89998c697/displayed HTTP/1.1[\r][\n]"
12251 [Forwarding isElementDisplayed on session b1310904-d161-49ca-a1a6-530fba7baea8 to remote] DEBUG org.apache.http.wire  - http-outgoing-54 >> "Cache-Control: no-cache[\r][\n]"
12251 [Forwarding isElementDisplayed on session b1310904-d161-49ca-a1a6-530fba7baea8 to remote] DEBUG org.apache.http.wire  - http-outgoing-54 >> "Host: localhost:37262[\r][\n]"
12251 [Forwarding isElementDisplayed on session b1310904-d161-49ca-a1a6-530fba7baea8 to remote] DEBUG org.apache.http.wire  - http-outgoing-54 >> "Connection: Keep-Alive[\r][\n]"
12251 [Forwarding isElementDisplayed on session b1310904-d161-49ca-a1a6-530fba7baea8 to remote] DEBUG org.apache.http.wire  - http-outgoing-54 >> "User-Agent: Apache-HttpClient/4.3.3 (java 1.5)[\r][\n]"
12251 [Forwarding isElementDisplayed on session b1310904-d161-49ca-a1a6-530fba7baea8 to remote] DEBUG org.apache.http.wire  - http-outgoing-54 >> "Accept-Encoding: gzip,deflate[\r][\n]"
12251 [Forwarding isElementDisplayed on session b1310904-d161-49ca-a1a6-530fba7baea8 to remote] DEBUG org.apache.http.wire  - http-outgoing-54 >> "[\r][\n]"
12291 [Forwarding isElementDisplayed on session b1310904-d161-49ca-a1a6-530fba7baea8 to remote] DEBUG org.apache.http.wire  - http-outgoing-54 << "HTTP/1.1 200 OK[\r][\n]"
12291 [Forwarding isElementDisplayed on session b1310904-d161-49ca-a1a6-530fba7baea8 to remote] DEBUG org.apache.http.wire  - http-outgoing-54 << "Content-Length: 77[\r][\n]"
12291 [Forwarding isElementDisplayed on session b1310904-d161-49ca-a1a6-530fba7baea8 to remote] DEBUG org.apache.http.wire  - http-outgoing-54 << "Content-Type: application/json; charset=UTF-8[\r][\n]"
12291 [Forwarding isElementDisplayed on session b1310904-d161-49ca-a1a6-530fba7baea8 to remote] DEBUG org.apache.http.wire  - http-outgoing-54 << "Vary: Accept-Charset, Accept-Encoding, Accept-Language, Accept[\r][\n]"
12291 [Forwarding isElementDisplayed on session b1310904-d161-49ca-a1a6-530fba7baea8 to remote] DEBUG org.apache.http.wire  - http-outgoing-54 << "Accept-Ranges: bytes[\r][\n]"
12291 [Forwarding isElementDisplayed on session b1310904-d161-49ca-a1a6-530fba7baea8 to remote] DEBUG org.apache.http.wire  - http-outgoing-54 << "Connection: close[\r][\n]"
12291 [Forwarding isElementDisplayed on session b1310904-d161-49ca-a1a6-530fba7baea8 to remote] DEBUG org.apache.http.wire  - http-outgoing-54 << "[\r][\n]"
12291 [Forwarding isElementDisplayed on session b1310904-d161-49ca-a1a6-530fba7baea8 to remote] DEBUG org.apache.http.wire  - http-outgoing-54 << "{"sessionId":"b1310904-d161-49ca-a1a6-530fba7baea8","status":0,"value":true}[\n]"
12291 [Forwarding isElementDisplayed on session b1310904-d161-49ca-a1a6-530fba7baea8 to remote] DEBUG org.apache.http.wire  - http-outgoing-54 << "[\r][\n]"
12291 [Forwarding isElementDisplayed on session b1310904-d161-49ca-a1a6-530fba7baea8 to remote] DEBUG org.apache.http.headers  - http-outgoing-54 << HTTP/1.1 200 OK
12291 [Forwarding isElementDisplayed on session b1310904-d161-49ca-a1a6-530fba7baea8 to remote] DEBUG org.apache.http.headers  - http-outgoing-54 << Content-Length: 77
12291 [Forwarding isElementDisplayed on session b1310904-d161-49ca-a1a6-530fba7baea8 to remote] DEBUG org.apache.http.headers  - http-outgoing-54 << Content-Type: application/json; charset=UTF-8
12291 [Forwarding isElementDisplayed on session b1310904-d161-49ca-a1a6-530fba7baea8 to remote] DEBUG org.apache.http.headers  - http-outgoing-54 << Vary: Accept-Charset, Accept-Encoding, Accept-Language, Accept
12291 [Forwarding isElementDisplayed on session b1310904-d161-49ca-a1a6-530fba7baea8 to remote] DEBUG org.apache.http.headers  - http-outgoing-54 << Accept-Ranges: bytes
12291 [Forwarding isElementDisplayed on session b1310904-d161-49ca-a1a6-530fba7baea8 to remote] DEBUG org.apache.http.headers  - http-outgoing-54 << Connection: close
12291 [Forwarding isElementDisplayed on session b1310904-d161-49ca-a1a6-530fba7baea8 to remote] DEBUG org.apache.http.impl.conn.DefaultManagedHttpClientConnection  - http-outgoing-54: Shutdown connection
12291 [Forwarding isElementDisplayed on session b1310904-d161-49ca-a1a6-530fba7baea8 to remote] DEBUG org.apache.http.impl.execchain.MainClientExec  - Connection discarded
12291 [Forwarding isElementDisplayed on session b1310904-d161-49ca-a1a6-530fba7baea8 to remote] DEBUG org.apache.http.impl.conn.DefaultManagedHttpClientConnection  - http-outgoing-54: Close connection
12291 [Forwarding isElementDisplayed on session b1310904-d161-49ca-a1a6-530fba7baea8 to remote] DEBUG org.apache.http.impl.conn.PoolingHttpClientConnectionManager  - Connection released: [id: 54][route: {}->http://localhost:37262][total kept alive: 0; route allocated: 0 of 2000; total allocated: 0 of 2000]
12291 [Forwarding findElement on session b1310904-d161-49ca-a1a6-530fba7baea8 to remote] DEBUG org.apache.http.client.protocol.RequestAddCookies  - CookieSpec selected: best-match
12291 [Forwarding findElement on session b1310904-d161-49ca-a1a6-530fba7baea8 to remote] DEBUG org.apache.http.client.protocol.RequestAuthCache  - Auth cache not set in the context
12291 [Forwarding findElement on session b1310904-d161-49ca-a1a6-530fba7baea8 to remote] DEBUG org.apache.http.impl.conn.PoolingHttpClientConnectionManager  - Connection request: [route: {}->http://localhost:37262][total kept alive: 0; route allocated: 0 of 2000; total allocated: 0 of 2000]
12291 [Forwarding findElement on session b1310904-d161-49ca-a1a6-530fba7baea8 to remote] DEBUG org.apache.http.impl.conn.PoolingHttpClientConnectionManager  - Connection leased: [id: 55][route: {}->http://localhost:37262][total kept alive: 0; route allocated: 1 of 2000; total allocated: 1 of 2000]
12291 [Forwarding findElement on session b1310904-d161-49ca-a1a6-530fba7baea8 to remote] DEBUG org.apache.http.impl.execchain.MainClientExec  - Opening connection {}->http://localhost:37262
12291 [Forwarding findElement on session b1310904-d161-49ca-a1a6-530fba7baea8 to remote] DEBUG org.apache.http.impl.conn.HttpClientConnectionOperator  - Connecting to localhost/127.0.0.1:37262
12291 [Forwarding findElement on session b1310904-d161-49ca-a1a6-530fba7baea8 to remote] DEBUG org.apache.http.impl.conn.HttpClientConnectionOperator  - Connection established 127.0.0.1:17270<->127.0.0.1:37262
12291 [Forwarding findElement on session b1310904-d161-49ca-a1a6-530fba7baea8 to remote] DEBUG org.apache.http.impl.execchain.MainClientExec  - Executing request POST /session/b1310904-d161-49ca-a1a6-530fba7baea8/element HTTP/1.1
12291 [Forwarding findElement on session b1310904-d161-49ca-a1a6-530fba7baea8 to remote] DEBUG org.apache.http.impl.execchain.MainClientExec  - Target auth state: UNCHALLENGED
12291 [Forwarding findElement on session b1310904-d161-49ca-a1a6-530fba7baea8 to remote] DEBUG org.apache.http.impl.execchain.MainClientExec  - Proxy auth state: UNCHALLENGED
12291 [Forwarding findElement on session b1310904-d161-49ca-a1a6-530fba7baea8 to remote] DEBUG org.apache.http.headers  - http-outgoing-55 >> POST /session/b1310904-d161-49ca-a1a6-530fba7baea8/element HTTP/1.1
12291 [Forwarding findElement on session b1310904-d161-49ca-a1a6-530fba7baea8 to remote] DEBUG org.apache.http.headers  - http-outgoing-55 >> Content-Type: application/json; charset=utf-8
12291 [Forwarding findElement on session b1310904-d161-49ca-a1a6-530fba7baea8 to remote] DEBUG org.apache.http.headers  - http-outgoing-55 >> Content-Length: 50
12291 [Forwarding findElement on session b1310904-d161-49ca-a1a6-530fba7baea8 to remote] DEBUG org.apache.http.headers  - http-outgoing-55 >> Host: localhost:37262
12291 [Forwarding findElement on session b1310904-d161-49ca-a1a6-530fba7baea8 to remote] DEBUG org.apache.http.headers  - http-outgoing-55 >> Connection: Keep-Alive
12291 [Forwarding findElement on session b1310904-d161-49ca-a1a6-530fba7baea8 to remote] DEBUG org.apache.http.headers  - http-outgoing-55 >> User-Agent: Apache-HttpClient/4.3.3 (java 1.5)
12291 [Forwarding findElement on session b1310904-d161-49ca-a1a6-530fba7baea8 to remote] DEBUG org.apache.http.headers  - http-outgoing-55 >> Accept-Encoding: gzip,deflate
12291 [Forwarding findElement on session b1310904-d161-49ca-a1a6-530fba7baea8 to remote] DEBUG org.apache.http.wire  - http-outgoing-55 >> "POST /session/b1310904-d161-49ca-a1a6-530fba7baea8/element HTTP/1.1[\r][\n]"
12291 [Forwarding findElement on session b1310904-d161-49ca-a1a6-530fba7baea8 to remote] DEBUG org.apache.http.wire  - http-outgoing-55 >> "Content-Type: application/json; charset=utf-8[\r][\n]"
12291 [Forwarding findElement on session b1310904-d161-49ca-a1a6-530fba7baea8 to remote] DEBUG org.apache.http.wire  - http-outgoing-55 >> "Content-Length: 50[\r][\n]"
12291 [Forwarding findElement on session b1310904-d161-49ca-a1a6-530fba7baea8 to remote] DEBUG org.apache.http.wire  - http-outgoing-55 >> "Host: localhost:37262[\r][\n]"
12291 [Forwarding findElement on session b1310904-d161-49ca-a1a6-530fba7baea8 to remote] DEBUG org.apache.http.wire  - http-outgoing-55 >> "Connection: Keep-Alive[\r][\n]"
12291 [Forwarding findElement on session b1310904-d161-49ca-a1a6-530fba7baea8 to remote] DEBUG org.apache.http.wire  - http-outgoing-55 >> "User-Agent: Apache-HttpClient/4.3.3 (java 1.5)[\r][\n]"
12291 [Forwarding findElement on session b1310904-d161-49ca-a1a6-530fba7baea8 to remote] DEBUG org.apache.http.wire  - http-outgoing-55 >> "Accept-Encoding: gzip,deflate[\r][\n]"
12291 [Forwarding findElement on session b1310904-d161-49ca-a1a6-530fba7baea8 to remote] DEBUG org.apache.http.wire  - http-outgoing-55 >> "[\r][\n]"
12291 [Forwarding findElement on session b1310904-d161-49ca-a1a6-530fba7baea8 to remote] DEBUG org.apache.http.wire  - http-outgoing-55 >> "{"using":"xpath","value":"//input[@name='login']"}"
12331 [Forwarding findElement on session b1310904-d161-49ca-a1a6-530fba7baea8 to remote] DEBUG org.apache.http.wire  - http-outgoing-55 << "HTTP/1.1 200 OK[\r][\n]"
12331 [Forwarding findElement on session b1310904-d161-49ca-a1a6-530fba7baea8 to remote] DEBUG org.apache.http.wire  - http-outgoing-55 << "Content-Length: 200[\r][\n]"
12331 [Forwarding findElement on session b1310904-d161-49ca-a1a6-530fba7baea8 to remote] DEBUG org.apache.http.wire  - http-outgoing-55 << "Content-Type: application/json; charset=UTF-8[\r][\n]"
12331 [Forwarding findElement on session b1310904-d161-49ca-a1a6-530fba7baea8 to remote] DEBUG org.apache.http.wire  - http-outgoing-55 << "Vary: Accept-Charset, Accept-Encoding, Accept-Language, Accept[\r][\n]"
12331 [Forwarding findElement on session b1310904-d161-49ca-a1a6-530fba7baea8 to remote] DEBUG org.apache.http.wire  - http-outgoing-55 << "Accept-Ranges: bytes[\r][\n]"
12331 [Forwarding findElement on session b1310904-d161-49ca-a1a6-530fba7baea8 to remote] DEBUG org.apache.http.wire  - http-outgoing-55 << "Connection: close[\r][\n]"
12331 [Forwarding findElement on session b1310904-d161-49ca-a1a6-530fba7baea8 to remote] DEBUG org.apache.http.wire  - http-outgoing-55 << "[\r][\n]"
12331 [Forwarding findElement on session b1310904-d161-49ca-a1a6-530fba7baea8 to remote] DEBUG org.apache.http.wire  - http-outgoing-55 << "{"sessionId":"b1310904-d161-49ca-a1a6-530fba7baea8","status":0,"value":{"ELEMENT":"6a6438df-7b94-494d-a71e-c1e89998c697","element-6066-11e4-a52e-4f735466cecf":"6a6438df-7b94-494d-a71e-c1e89998c697"}}[\n]"
12331 [Forwarding findElement on session b1310904-d161-49ca-a1a6-530fba7baea8 to remote] DEBUG org.apache.http.wire  - http-outgoing-55 << "[\r][\n]"
12331 [Forwarding findElement on session b1310904-d161-49ca-a1a6-530fba7baea8 to remote] DEBUG org.apache.http.headers  - http-outgoing-55 << HTTP/1.1 200 OK
12331 [Forwarding findElement on session b1310904-d161-49ca-a1a6-530fba7baea8 to remote] DEBUG org.apache.http.headers  - http-outgoing-55 << Content-Length: 200
12331 [Forwarding findElement on session b1310904-d161-49ca-a1a6-530fba7baea8 to remote] DEBUG org.apache.http.headers  - http-outgoing-55 << Content-Type: application/json; charset=UTF-8
12331 [Forwarding findElement on session b1310904-d161-49ca-a1a6-530fba7baea8 to remote] DEBUG org.apache.http.headers  - http-outgoing-55 << Vary: Accept-Charset, Accept-Encoding, Accept-Language, Accept
12331 [Forwarding findElement on session b1310904-d161-49ca-a1a6-530fba7baea8 to remote] DEBUG org.apache.http.headers  - http-outgoing-55 << Accept-Ranges: bytes
12331 [Forwarding findElement on session b1310904-d161-49ca-a1a6-530fba7baea8 to remote] DEBUG org.apache.http.headers  - http-outgoing-55 << Connection: close
12331 [Forwarding findElement on session b1310904-d161-49ca-a1a6-530fba7baea8 to remote] DEBUG org.apache.http.impl.conn.DefaultManagedHttpClientConnection  - http-outgoing-55: Shutdown connection
12331 [Forwarding findElement on session b1310904-d161-49ca-a1a6-530fba7baea8 to remote] DEBUG org.apache.http.impl.execchain.MainClientExec  - Connection discarded
12331 [Forwarding findElement on session b1310904-d161-49ca-a1a6-530fba7baea8 to remote] DEBUG org.apache.http.impl.conn.DefaultManagedHttpClientConnection  - http-outgoing-55: Close connection
12331 [Forwarding findElement on session b1310904-d161-49ca-a1a6-530fba7baea8 to remote] DEBUG org.apache.http.impl.conn.PoolingHttpClientConnectionManager  - Connection released: [id: 55][route: {}->http://localhost:37262][total kept alive: 0; route allocated: 0 of 2000; total allocated: 0 of 2000]
12331 [Forwarding isElementEnabled on session b1310904-d161-49ca-a1a6-530fba7baea8 to remote] DEBUG org.apache.http.client.protocol.RequestAddCookies  - CookieSpec selected: best-match
12331 [Forwarding isElementEnabled on session b1310904-d161-49ca-a1a6-530fba7baea8 to remote] DEBUG org.apache.http.client.protocol.RequestAuthCache  - Auth cache not set in the context
12331 [Forwarding isElementEnabled on session b1310904-d161-49ca-a1a6-530fba7baea8 to remote] DEBUG org.apache.http.impl.conn.PoolingHttpClientConnectionManager  - Connection request: [route: {}->http://localhost:37262][total kept alive: 0; route allocated: 0 of 2000; total allocated: 0 of 2000]
12331 [Forwarding isElementEnabled on session b1310904-d161-49ca-a1a6-530fba7baea8 to remote] DEBUG org.apache.http.impl.conn.PoolingHttpClientConnectionManager  - Connection leased: [id: 56][route: {}->http://localhost:37262][total kept alive: 0; route allocated: 1 of 2000; total allocated: 1 of 2000]
12331 [Forwarding isElementEnabled on session b1310904-d161-49ca-a1a6-530fba7baea8 to remote] DEBUG org.apache.http.impl.execchain.MainClientExec  - Opening connection {}->http://localhost:37262
12331 [Forwarding isElementEnabled on session b1310904-d161-49ca-a1a6-530fba7baea8 to remote] DEBUG org.apache.http.impl.conn.HttpClientConnectionOperator  - Connecting to localhost/127.0.0.1:37262
12331 [Forwarding isElementEnabled on session b1310904-d161-49ca-a1a6-530fba7baea8 to remote] DEBUG org.apache.http.impl.conn.HttpClientConnectionOperator  - Connection established 127.0.0.1:17271<->127.0.0.1:37262
12331 [Forwarding isElementEnabled on session b1310904-d161-49ca-a1a6-530fba7baea8 to remote] DEBUG org.apache.http.impl.execchain.MainClientExec  - Executing request GET /session/b1310904-d161-49ca-a1a6-530fba7baea8/element/6a6438df-7b94-494d-a71e-c1e89998c697/enabled HTTP/1.1
12331 [Forwarding isElementEnabled on session b1310904-d161-49ca-a1a6-530fba7baea8 to remote] DEBUG org.apache.http.impl.execchain.MainClientExec  - Target auth state: UNCHALLENGED
12331 [Forwarding isElementEnabled on session b1310904-d161-49ca-a1a6-530fba7baea8 to remote] DEBUG org.apache.http.impl.execchain.MainClientExec  - Proxy auth state: UNCHALLENGED
12331 [Forwarding isElementEnabled on session b1310904-d161-49ca-a1a6-530fba7baea8 to remote] DEBUG org.apache.http.headers  - http-outgoing-56 >> GET /session/b1310904-d161-49ca-a1a6-530fba7baea8/element/6a6438df-7b94-494d-a71e-c1e89998c697/enabled HTTP/1.1
12331 [Forwarding isElementEnabled on session b1310904-d161-49ca-a1a6-530fba7baea8 to remote] DEBUG org.apache.http.headers  - http-outgoing-56 >> Cache-Control: no-cache
12331 [Forwarding isElementEnabled on session b1310904-d161-49ca-a1a6-530fba7baea8 to remote] DEBUG org.apache.http.headers  - http-outgoing-56 >> Host: localhost:37262
12331 [Forwarding isElementEnabled on session b1310904-d161-49ca-a1a6-530fba7baea8 to remote] DEBUG org.apache.http.headers  - http-outgoing-56 >> Connection: Keep-Alive
12331 [Forwarding isElementEnabled on session b1310904-d161-49ca-a1a6-530fba7baea8 to remote] DEBUG org.apache.http.headers  - http-outgoing-56 >> User-Agent: Apache-HttpClient/4.3.3 (java 1.5)
12331 [Forwarding isElementEnabled on session b1310904-d161-49ca-a1a6-530fba7baea8 to remote] DEBUG org.apache.http.headers  - http-outgoing-56 >> Accept-Encoding: gzip,deflate
12331 [Forwarding isElementEnabled on session b1310904-d161-49ca-a1a6-530fba7baea8 to remote] DEBUG org.apache.http.wire  - http-outgoing-56 >> "GET /session/b1310904-d161-49ca-a1a6-530fba7baea8/element/6a6438df-7b94-494d-a71e-c1e89998c697/enabled HTTP/1.1[\r][\n]"
12331 [Forwarding isElementEnabled on session b1310904-d161-49ca-a1a6-530fba7baea8 to remote] DEBUG org.apache.http.wire  - http-outgoing-56 >> "Cache-Control: no-cache[\r][\n]"
12331 [Forwarding isElementEnabled on session b1310904-d161-49ca-a1a6-530fba7baea8 to remote] DEBUG org.apache.http.wire  - http-outgoing-56 >> "Host: localhost:37262[\r][\n]"
12331 [Forwarding isElementEnabled on session b1310904-d161-49ca-a1a6-530fba7baea8 to remote] DEBUG org.apache.http.wire  - http-outgoing-56 >> "Connection: Keep-Alive[\r][\n]"
12331 [Forwarding isElementEnabled on session b1310904-d161-49ca-a1a6-530fba7baea8 to remote] DEBUG org.apache.http.wire  - http-outgoing-56 >> "User-Agent: Apache-HttpClient/4.3.3 (java 1.5)[\r][\n]"
12331 [Forwarding isElementEnabled on session b1310904-d161-49ca-a1a6-530fba7baea8 to remote] DEBUG org.apache.http.wire  - http-outgoing-56 >> "Accept-Encoding: gzip,deflate[\r][\n]"
12331 [Forwarding isElementEnabled on session b1310904-d161-49ca-a1a6-530fba7baea8 to remote] DEBUG org.apache.http.wire  - http-outgoing-56 >> "[\r][\n]"
12396 [Forwarding isElementEnabled on session b1310904-d161-49ca-a1a6-530fba7baea8 to remote] DEBUG org.apache.http.wire  - http-outgoing-56 << "HTTP/1.1 200 OK[\r][\n]"
12396 [Forwarding isElementEnabled on session b1310904-d161-49ca-a1a6-530fba7baea8 to remote] DEBUG org.apache.http.wire  - http-outgoing-56 << "Content-Length: 77[\r][\n]"
12396 [Forwarding isElementEnabled on session b1310904-d161-49ca-a1a6-530fba7baea8 to remote] DEBUG org.apache.http.wire  - http-outgoing-56 << "Content-Type: application/json; charset=UTF-8[\r][\n]"
12396 [Forwarding isElementEnabled on session b1310904-d161-49ca-a1a6-530fba7baea8 to remote] DEBUG org.apache.http.wire  - http-outgoing-56 << "Vary: Accept-Charset, Accept-Encoding, Accept-Language, Accept[\r][\n]"
12396 [Forwarding isElementEnabled on session b1310904-d161-49ca-a1a6-530fba7baea8 to remote] DEBUG org.apache.http.wire  - http-outgoing-56 << "Accept-Ranges: bytes[\r][\n]"
12396 [Forwarding isElementEnabled on session b1310904-d161-49ca-a1a6-530fba7baea8 to remote] DEBUG org.apache.http.wire  - http-outgoing-56 << "Connection: close[\r][\n]"
12396 [Forwarding isElementEnabled on session b1310904-d161-49ca-a1a6-530fba7baea8 to remote] DEBUG org.apache.http.wire  - http-outgoing-56 << "[\r][\n]"
12396 [Forwarding isElementEnabled on session b1310904-d161-49ca-a1a6-530fba7baea8 to remote] DEBUG org.apache.http.wire  - http-outgoing-56 << "{"sessionId":"b1310904-d161-49ca-a1a6-530fba7baea8","status":0,"value":true}[\n]"
12396 [Forwarding isElementEnabled on session b1310904-d161-49ca-a1a6-530fba7baea8 to remote] DEBUG org.apache.http.wire  - http-outgoing-56 << "[\r][\n]"
12396 [Forwarding isElementEnabled on session b1310904-d161-49ca-a1a6-530fba7baea8 to remote] DEBUG org.apache.http.headers  - http-outgoing-56 << HTTP/1.1 200 OK
12396 [Forwarding isElementEnabled on session b1310904-d161-49ca-a1a6-530fba7baea8 to remote] DEBUG org.apache.http.headers  - http-outgoing-56 << Content-Length: 77
12396 [Forwarding isElementEnabled on session b1310904-d161-49ca-a1a6-530fba7baea8 to remote] DEBUG org.apache.http.headers  - http-outgoing-56 << Content-Type: application/json; charset=UTF-8
12396 [Forwarding isElementEnabled on session b1310904-d161-49ca-a1a6-530fba7baea8 to remote] DEBUG org.apache.http.headers  - http-outgoing-56 << Vary: Accept-Charset, Accept-Encoding, Accept-Language, Accept
12396 [Forwarding isElementEnabled on session b1310904-d161-49ca-a1a6-530fba7baea8 to remote] DEBUG org.apache.http.headers  - http-outgoing-56 << Accept-Ranges: bytes
12396 [Forwarding isElementEnabled on session b1310904-d161-49ca-a1a6-530fba7baea8 to remote] DEBUG org.apache.http.headers  - http-outgoing-56 << Connection: close
12396 [Forwarding isElementEnabled on session b1310904-d161-49ca-a1a6-530fba7baea8 to remote] DEBUG org.apache.http.impl.conn.DefaultManagedHttpClientConnection  - http-outgoing-56: Shutdown connection
12396 [Forwarding isElementEnabled on session b1310904-d161-49ca-a1a6-530fba7baea8 to remote] DEBUG org.apache.http.impl.execchain.MainClientExec  - Connection discarded
12396 [Forwarding isElementEnabled on session b1310904-d161-49ca-a1a6-530fba7baea8 to remote] DEBUG org.apache.http.impl.conn.DefaultManagedHttpClientConnection  - http-outgoing-56: Close connection
12396 [Forwarding isElementEnabled on session b1310904-d161-49ca-a1a6-530fba7baea8 to remote] DEBUG org.apache.http.impl.conn.PoolingHttpClientConnectionManager  - Connection released: [id: 56][route: {}->http://localhost:37262][total kept alive: 0; route allocated: 0 of 2000; total allocated: 0 of 2000]
12397 [Forwarding findElement on session b1310904-d161-49ca-a1a6-530fba7baea8 to remote] DEBUG org.apache.http.client.protocol.RequestAddCookies  - CookieSpec selected: best-match
12397 [Forwarding findElement on session b1310904-d161-49ca-a1a6-530fba7baea8 to remote] DEBUG org.apache.http.client.protocol.RequestAuthCache  - Auth cache not set in the context
12397 [Forwarding findElement on session b1310904-d161-49ca-a1a6-530fba7baea8 to remote] DEBUG org.apache.http.impl.conn.PoolingHttpClientConnectionManager  - Connection request: [route: {}->http://localhost:37262][total kept alive: 0; route allocated: 0 of 2000; total allocated: 0 of 2000]
12397 [Forwarding findElement on session b1310904-d161-49ca-a1a6-530fba7baea8 to remote] DEBUG org.apache.http.impl.conn.PoolingHttpClientConnectionManager  - Connection leased: [id: 57][route: {}->http://localhost:37262][total kept alive: 0; route allocated: 1 of 2000; total allocated: 1 of 2000]
12397 [Forwarding findElement on session b1310904-d161-49ca-a1a6-530fba7baea8 to remote] DEBUG org.apache.http.impl.execchain.MainClientExec  - Opening connection {}->http://localhost:37262
12397 [Forwarding findElement on session b1310904-d161-49ca-a1a6-530fba7baea8 to remote] DEBUG org.apache.http.impl.conn.HttpClientConnectionOperator  - Connecting to localhost/127.0.0.1:37262
12398 [Forwarding findElement on session b1310904-d161-49ca-a1a6-530fba7baea8 to remote] DEBUG org.apache.http.impl.conn.HttpClientConnectionOperator  - Connection established 127.0.0.1:17272<->127.0.0.1:37262
12398 [Forwarding findElement on session b1310904-d161-49ca-a1a6-530fba7baea8 to remote] DEBUG org.apache.http.impl.execchain.MainClientExec  - Executing request POST /session/b1310904-d161-49ca-a1a6-530fba7baea8/element HTTP/1.1
12398 [Forwarding findElement on session b1310904-d161-49ca-a1a6-530fba7baea8 to remote] DEBUG org.apache.http.impl.execchain.MainClientExec  - Target auth state: UNCHALLENGED
12398 [Forwarding findElement on session b1310904-d161-49ca-a1a6-530fba7baea8 to remote] DEBUG org.apache.http.impl.execchain.MainClientExec  - Proxy auth state: UNCHALLENGED
12398 [Forwarding findElement on session b1310904-d161-49ca-a1a6-530fba7baea8 to remote] DEBUG org.apache.http.headers  - http-outgoing-57 >> POST /session/b1310904-d161-49ca-a1a6-530fba7baea8/element HTTP/1.1
12398 [Forwarding findElement on session b1310904-d161-49ca-a1a6-530fba7baea8 to remote] DEBUG org.apache.http.headers  - http-outgoing-57 >> Content-Type: application/json; charset=utf-8
12398 [Forwarding findElement on session b1310904-d161-49ca-a1a6-530fba7baea8 to remote] DEBUG org.apache.http.headers  - http-outgoing-57 >> Content-Length: 50
12398 [Forwarding findElement on session b1310904-d161-49ca-a1a6-530fba7baea8 to remote] DEBUG org.apache.http.headers  - http-outgoing-57 >> Host: localhost:37262
12398 [Forwarding findElement on session b1310904-d161-49ca-a1a6-530fba7baea8 to remote] DEBUG org.apache.http.headers  - http-outgoing-57 >> Connection: Keep-Alive
12398 [Forwarding findElement on session b1310904-d161-49ca-a1a6-530fba7baea8 to remote] DEBUG org.apache.http.headers  - http-outgoing-57 >> User-Agent: Apache-HttpClient/4.3.3 (java 1.5)
12398 [Forwarding findElement on session b1310904-d161-49ca-a1a6-530fba7baea8 to remote] DEBUG org.apache.http.headers  - http-outgoing-57 >> Accept-Encoding: gzip,deflate
12398 [Forwarding findElement on session b1310904-d161-49ca-a1a6-530fba7baea8 to remote] DEBUG org.apache.http.wire  - http-outgoing-57 >> "POST /session/b1310904-d161-49ca-a1a6-530fba7baea8/element HTTP/1.1[\r][\n]"
12398 [Forwarding findElement on session b1310904-d161-49ca-a1a6-530fba7baea8 to remote] DEBUG org.apache.http.wire  - http-outgoing-57 >> "Content-Type: application/json; charset=utf-8[\r][\n]"
12398 [Forwarding findElement on session b1310904-d161-49ca-a1a6-530fba7baea8 to remote] DEBUG org.apache.http.wire  - http-outgoing-57 >> "Content-Length: 50[\r][\n]"
12398 [Forwarding findElement on session b1310904-d161-49ca-a1a6-530fba7baea8 to remote] DEBUG org.apache.http.wire  - http-outgoing-57 >> "Host: localhost:37262[\r][\n]"
12398 [Forwarding findElement on session b1310904-d161-49ca-a1a6-530fba7baea8 to remote] DEBUG org.apache.http.wire  - http-outgoing-57 >> "Connection: Keep-Alive[\r][\n]"
12398 [Forwarding findElement on session b1310904-d161-49ca-a1a6-530fba7baea8 to remote] DEBUG org.apache.http.wire  - http-outgoing-57 >> "User-Agent: Apache-HttpClient/4.3.3 (java 1.5)[\r][\n]"
12398 [Forwarding findElement on session b1310904-d161-49ca-a1a6-530fba7baea8 to remote] DEBUG org.apache.http.wire  - http-outgoing-57 >> "Accept-Encoding: gzip,deflate[\r][\n]"
12398 [Forwarding findElement on session b1310904-d161-49ca-a1a6-530fba7baea8 to remote] DEBUG org.apache.http.wire  - http-outgoing-57 >> "[\r][\n]"
12398 [Forwarding findElement on session b1310904-d161-49ca-a1a6-530fba7baea8 to remote] DEBUG org.apache.http.wire  - http-outgoing-57 >> "{"using":"xpath","value":"//input[@name='login']"}"
12443 [Forwarding findElement on session b1310904-d161-49ca-a1a6-530fba7baea8 to remote] DEBUG org.apache.http.wire  - http-outgoing-57 << "HTTP/1.1 200 OK[\r][\n]"
12443 [Forwarding findElement on session b1310904-d161-49ca-a1a6-530fba7baea8 to remote] DEBUG org.apache.http.wire  - http-outgoing-57 << "Content-Length: 200[\r][\n]"
12443 [Forwarding findElement on session b1310904-d161-49ca-a1a6-530fba7baea8 to remote] DEBUG org.apache.http.wire  - http-outgoing-57 << "Content-Type: application/json; charset=UTF-8[\r][\n]"
12443 [Forwarding findElement on session b1310904-d161-49ca-a1a6-530fba7baea8 to remote] DEBUG org.apache.http.wire  - http-outgoing-57 << "Vary: Accept-Charset, Accept-Encoding, Accept-Language, Accept[\r][\n]"
12443 [Forwarding findElement on session b1310904-d161-49ca-a1a6-530fba7baea8 to remote] DEBUG org.apache.http.wire  - http-outgoing-57 << "Accept-Ranges: bytes[\r][\n]"
12443 [Forwarding findElement on session b1310904-d161-49ca-a1a6-530fba7baea8 to remote] DEBUG org.apache.http.wire  - http-outgoing-57 << "Connection: close[\r][\n]"
12443 [Forwarding findElement on session b1310904-d161-49ca-a1a6-530fba7baea8 to remote] DEBUG org.apache.http.wire  - http-outgoing-57 << "[\r][\n]"
12443 [Forwarding findElement on session b1310904-d161-49ca-a1a6-530fba7baea8 to remote] DEBUG org.apache.http.wire  - http-outgoing-57 << "{"sessionId":"b1310904-d161-49ca-a1a6-530fba7baea8","status":0,"value":{"ELEMENT":"6a6438df-7b94-494d-a71e-c1e89998c697","element-6066-11e4-a52e-4f735466cecf":"6a6438df-7b94-494d-a71e-c1e89998c697"}}[\n]"
12443 [Forwarding findElement on session b1310904-d161-49ca-a1a6-530fba7baea8 to remote] DEBUG org.apache.http.wire  - http-outgoing-57 << "[\r][\n]"
12443 [Forwarding findElement on session b1310904-d161-49ca-a1a6-530fba7baea8 to remote] DEBUG org.apache.http.headers  - http-outgoing-57 << HTTP/1.1 200 OK
12443 [Forwarding findElement on session b1310904-d161-49ca-a1a6-530fba7baea8 to remote] DEBUG org.apache.http.headers  - http-outgoing-57 << Content-Length: 200
12443 [Forwarding findElement on session b1310904-d161-49ca-a1a6-530fba7baea8 to remote] DEBUG org.apache.http.headers  - http-outgoing-57 << Content-Type: application/json; charset=UTF-8
12443 [Forwarding findElement on session b1310904-d161-49ca-a1a6-530fba7baea8 to remote] DEBUG org.apache.http.headers  - http-outgoing-57 << Vary: Accept-Charset, Accept-Encoding, Accept-Language, Accept
12443 [Forwarding findElement on session b1310904-d161-49ca-a1a6-530fba7baea8 to remote] DEBUG org.apache.http.headers  - http-outgoing-57 << Accept-Ranges: bytes
12443 [Forwarding findElement on session b1310904-d161-49ca-a1a6-530fba7baea8 to remote] DEBUG org.apache.http.headers  - http-outgoing-57 << Connection: close
12443 [Forwarding findElement on session b1310904-d161-49ca-a1a6-530fba7baea8 to remote] DEBUG org.apache.http.impl.conn.DefaultManagedHttpClientConnection  - http-outgoing-57: Shutdown connection
12443 [Forwarding findElement on session b1310904-d161-49ca-a1a6-530fba7baea8 to remote] DEBUG org.apache.http.impl.execchain.MainClientExec  - Connection discarded
12443 [Forwarding findElement on session b1310904-d161-49ca-a1a6-530fba7baea8 to remote] DEBUG org.apache.http.impl.conn.DefaultManagedHttpClientConnection  - http-outgoing-57: Close connection
12443 [Forwarding findElement on session b1310904-d161-49ca-a1a6-530fba7baea8 to remote] DEBUG org.apache.http.impl.conn.PoolingHttpClientConnectionManager  - Connection released: [id: 57][route: {}->http://localhost:37262][total kept alive: 0; route allocated: 0 of 2000; total allocated: 0 of 2000]
12443 [Forwarding isElementDisplayed on session b1310904-d161-49ca-a1a6-530fba7baea8 to remote] DEBUG org.apache.http.client.protocol.RequestAddCookies  - CookieSpec selected: best-match
12443 [Forwarding isElementDisplayed on session b1310904-d161-49ca-a1a6-530fba7baea8 to remote] DEBUG org.apache.http.client.protocol.RequestAuthCache  - Auth cache not set in the context
12443 [Forwarding isElementDisplayed on session b1310904-d161-49ca-a1a6-530fba7baea8 to remote] DEBUG org.apache.http.impl.conn.PoolingHttpClientConnectionManager  - Connection request: [route: {}->http://localhost:37262][total kept alive: 0; route allocated: 0 of 2000; total allocated: 0 of 2000]
12443 [Forwarding isElementDisplayed on session b1310904-d161-49ca-a1a6-530fba7baea8 to remote] DEBUG org.apache.http.impl.conn.PoolingHttpClientConnectionManager  - Connection leased: [id: 58][route: {}->http://localhost:37262][total kept alive: 0; route allocated: 1 of 2000; total allocated: 1 of 2000]
12443 [Forwarding isElementDisplayed on session b1310904-d161-49ca-a1a6-530fba7baea8 to remote] DEBUG org.apache.http.impl.execchain.MainClientExec  - Opening connection {}->http://localhost:37262
12443 [Forwarding isElementDisplayed on session b1310904-d161-49ca-a1a6-530fba7baea8 to remote] DEBUG org.apache.http.impl.conn.HttpClientConnectionOperator  - Connecting to localhost/127.0.0.1:37262
12443 [Forwarding isElementDisplayed on session b1310904-d161-49ca-a1a6-530fba7baea8 to remote] DEBUG org.apache.http.impl.conn.HttpClientConnectionOperator  - Connection established 127.0.0.1:17273<->127.0.0.1:37262
12443 [Forwarding isElementDisplayed on session b1310904-d161-49ca-a1a6-530fba7baea8 to remote] DEBUG org.apache.http.impl.execchain.MainClientExec  - Executing request GET /session/b1310904-d161-49ca-a1a6-530fba7baea8/element/6a6438df-7b94-494d-a71e-c1e89998c697/displayed HTTP/1.1
12443 [Forwarding isElementDisplayed on session b1310904-d161-49ca-a1a6-530fba7baea8 to remote] DEBUG org.apache.http.impl.execchain.MainClientExec  - Target auth state: UNCHALLENGED
12443 [Forwarding isElementDisplayed on session b1310904-d161-49ca-a1a6-530fba7baea8 to remote] DEBUG org.apache.http.impl.execchain.MainClientExec  - Proxy auth state: UNCHALLENGED
12443 [Forwarding isElementDisplayed on session b1310904-d161-49ca-a1a6-530fba7baea8 to remote] DEBUG org.apache.http.headers  - http-outgoing-58 >> GET /session/b1310904-d161-49ca-a1a6-530fba7baea8/element/6a6438df-7b94-494d-a71e-c1e89998c697/displayed HTTP/1.1
12443 [Forwarding isElementDisplayed on session b1310904-d161-49ca-a1a6-530fba7baea8 to remote] DEBUG org.apache.http.headers  - http-outgoing-58 >> Cache-Control: no-cache
12443 [Forwarding isElementDisplayed on session b1310904-d161-49ca-a1a6-530fba7baea8 to remote] DEBUG org.apache.http.headers  - http-outgoing-58 >> Host: localhost:37262
12443 [Forwarding isElementDisplayed on session b1310904-d161-49ca-a1a6-530fba7baea8 to remote] DEBUG org.apache.http.headers  - http-outgoing-58 >> Connection: Keep-Alive
12443 [Forwarding isElementDisplayed on session b1310904-d161-49ca-a1a6-530fba7baea8 to remote] DEBUG org.apache.http.headers  - http-outgoing-58 >> User-Agent: Apache-HttpClient/4.3.3 (java 1.5)
12443 [Forwarding isElementDisplayed on session b1310904-d161-49ca-a1a6-530fba7baea8 to remote] DEBUG org.apache.http.headers  - http-outgoing-58 >> Accept-Encoding: gzip,deflate
12443 [Forwarding isElementDisplayed on session b1310904-d161-49ca-a1a6-530fba7baea8 to remote] DEBUG org.apache.http.wire  - http-outgoing-58 >> "GET /session/b1310904-d161-49ca-a1a6-530fba7baea8/element/6a6438df-7b94-494d-a71e-c1e89998c697/displayed HTTP/1.1[\r][\n]"
12443 [Forwarding isElementDisplayed on session b1310904-d161-49ca-a1a6-530fba7baea8 to remote] DEBUG org.apache.http.wire  - http-outgoing-58 >> "Cache-Control: no-cache[\r][\n]"
12443 [Forwarding isElementDisplayed on session b1310904-d161-49ca-a1a6-530fba7baea8 to remote] DEBUG org.apache.http.wire  - http-outgoing-58 >> "Host: localhost:37262[\r][\n]"
12443 [Forwarding isElementDisplayed on session b1310904-d161-49ca-a1a6-530fba7baea8 to remote] DEBUG org.apache.http.wire  - http-outgoing-58 >> "Connection: Keep-Alive[\r][\n]"
12443 [Forwarding isElementDisplayed on session b1310904-d161-49ca-a1a6-530fba7baea8 to remote] DEBUG org.apache.http.wire  - http-outgoing-58 >> "User-Agent: Apache-HttpClient/4.3.3 (java 1.5)[\r][\n]"
12443 [Forwarding isElementDisplayed on session b1310904-d161-49ca-a1a6-530fba7baea8 to remote] DEBUG org.apache.http.wire  - http-outgoing-58 >> "Accept-Encoding: gzip,deflate[\r][\n]"
12443 [Forwarding isElementDisplayed on session b1310904-d161-49ca-a1a6-530fba7baea8 to remote] DEBUG org.apache.http.wire  - http-outgoing-58 >> "[\r][\n]"
12473 [Forwarding isElementDisplayed on session b1310904-d161-49ca-a1a6-530fba7baea8 to remote] DEBUG org.apache.http.wire  - http-outgoing-58 << "HTTP/1.1 200 OK[\r][\n]"
12473 [Forwarding isElementDisplayed on session b1310904-d161-49ca-a1a6-530fba7baea8 to remote] DEBUG org.apache.http.wire  - http-outgoing-58 << "Content-Length: 77[\r][\n]"
12473 [Forwarding isElementDisplayed on session b1310904-d161-49ca-a1a6-530fba7baea8 to remote] DEBUG org.apache.http.wire  - http-outgoing-58 << "Content-Type: application/json; charset=UTF-8[\r][\n]"
12473 [Forwarding isElementDisplayed on session b1310904-d161-49ca-a1a6-530fba7baea8 to remote] DEBUG org.apache.http.wire  - http-outgoing-58 << "Vary: Accept-Charset, Accept-Encoding, Accept-Language, Accept[\r][\n]"
12473 [Forwarding isElementDisplayed on session b1310904-d161-49ca-a1a6-530fba7baea8 to remote] DEBUG org.apache.http.wire  - http-outgoing-58 << "Accept-Ranges: bytes[\r][\n]"
12473 [Forwarding isElementDisplayed on session b1310904-d161-49ca-a1a6-530fba7baea8 to remote] DEBUG org.apache.http.wire  - http-outgoing-58 << "Connection: close[\r][\n]"
12473 [Forwarding isElementDisplayed on session b1310904-d161-49ca-a1a6-530fba7baea8 to remote] DEBUG org.apache.http.wire  - http-outgoing-58 << "[\r][\n]"
12473 [Forwarding isElementDisplayed on session b1310904-d161-49ca-a1a6-530fba7baea8 to remote] DEBUG org.apache.http.wire  - http-outgoing-58 << "{"sessionId":"b1310904-d161-49ca-a1a6-530fba7baea8","status":0,"value":true}[\n]"
12473 [Forwarding isElementDisplayed on session b1310904-d161-49ca-a1a6-530fba7baea8 to remote] DEBUG org.apache.http.wire  - http-outgoing-58 << "[\r][\n]"
12473 [Forwarding isElementDisplayed on session b1310904-d161-49ca-a1a6-530fba7baea8 to remote] DEBUG org.apache.http.headers  - http-outgoing-58 << HTTP/1.1 200 OK
12473 [Forwarding isElementDisplayed on session b1310904-d161-49ca-a1a6-530fba7baea8 to remote] DEBUG org.apache.http.headers  - http-outgoing-58 << Content-Length: 77
12473 [Forwarding isElementDisplayed on session b1310904-d161-49ca-a1a6-530fba7baea8 to remote] DEBUG org.apache.http.headers  - http-outgoing-58 << Content-Type: application/json; charset=UTF-8
12473 [Forwarding isElementDisplayed on session b1310904-d161-49ca-a1a6-530fba7baea8 to remote] DEBUG org.apache.http.headers  - http-outgoing-58 << Vary: Accept-Charset, Accept-Encoding, Accept-Language, Accept
12473 [Forwarding isElementDisplayed on session b1310904-d161-49ca-a1a6-530fba7baea8 to remote] DEBUG org.apache.http.headers  - http-outgoing-58 << Accept-Ranges: bytes
12473 [Forwarding isElementDisplayed on session b1310904-d161-49ca-a1a6-530fba7baea8 to remote] DEBUG org.apache.http.headers  - http-outgoing-58 << Connection: close
12473 [Forwarding isElementDisplayed on session b1310904-d161-49ca-a1a6-530fba7baea8 to remote] DEBUG org.apache.http.impl.conn.DefaultManagedHttpClientConnection  - http-outgoing-58: Shutdown connection
12473 [Forwarding isElementDisplayed on session b1310904-d161-49ca-a1a6-530fba7baea8 to remote] DEBUG org.apache.http.impl.execchain.MainClientExec  - Connection discarded
12473 [Forwarding isElementDisplayed on session b1310904-d161-49ca-a1a6-530fba7baea8 to remote] DEBUG org.apache.http.impl.conn.DefaultManagedHttpClientConnection  - http-outgoing-58: Close connection
12473 [Forwarding isElementDisplayed on session b1310904-d161-49ca-a1a6-530fba7baea8 to remote] DEBUG org.apache.http.impl.conn.PoolingHttpClientConnectionManager  - Connection released: [id: 58][route: {}->http://localhost:37262][total kept alive: 0; route allocated: 0 of 2000; total allocated: 0 of 2000]
12473 [Forwarding findElement on session b1310904-d161-49ca-a1a6-530fba7baea8 to remote] DEBUG org.apache.http.client.protocol.RequestAddCookies  - CookieSpec selected: best-match
12473 [Forwarding findElement on session b1310904-d161-49ca-a1a6-530fba7baea8 to remote] DEBUG org.apache.http.client.protocol.RequestAuthCache  - Auth cache not set in the context
12473 [Forwarding findElement on session b1310904-d161-49ca-a1a6-530fba7baea8 to remote] DEBUG org.apache.http.impl.conn.PoolingHttpClientConnectionManager  - Connection request: [route: {}->http://localhost:37262][total kept alive: 0; route allocated: 0 of 2000; total allocated: 0 of 2000]
12473 [Forwarding findElement on session b1310904-d161-49ca-a1a6-530fba7baea8 to remote] DEBUG org.apache.http.impl.conn.PoolingHttpClientConnectionManager  - Connection leased: [id: 59][route: {}->http://localhost:37262][total kept alive: 0; route allocated: 1 of 2000; total allocated: 1 of 2000]
12473 [Forwarding findElement on session b1310904-d161-49ca-a1a6-530fba7baea8 to remote] DEBUG org.apache.http.impl.execchain.MainClientExec  - Opening connection {}->http://localhost:37262
12473 [Forwarding findElement on session b1310904-d161-49ca-a1a6-530fba7baea8 to remote] DEBUG org.apache.http.impl.conn.HttpClientConnectionOperator  - Connecting to localhost/127.0.0.1:37262
12473 [Forwarding findElement on session b1310904-d161-49ca-a1a6-530fba7baea8 to remote] DEBUG org.apache.http.impl.conn.HttpClientConnectionOperator  - Connection established 127.0.0.1:17274<->127.0.0.1:37262
12473 [Forwarding findElement on session b1310904-d161-49ca-a1a6-530fba7baea8 to remote] DEBUG org.apache.http.impl.execchain.MainClientExec  - Executing request POST /session/b1310904-d161-49ca-a1a6-530fba7baea8/element HTTP/1.1
12473 [Forwarding findElement on session b1310904-d161-49ca-a1a6-530fba7baea8 to remote] DEBUG org.apache.http.impl.execchain.MainClientExec  - Target auth state: UNCHALLENGED
12473 [Forwarding findElement on session b1310904-d161-49ca-a1a6-530fba7baea8 to remote] DEBUG org.apache.http.impl.execchain.MainClientExec  - Proxy auth state: UNCHALLENGED
12473 [Forwarding findElement on session b1310904-d161-49ca-a1a6-530fba7baea8 to remote] DEBUG org.apache.http.headers  - http-outgoing-59 >> POST /session/b1310904-d161-49ca-a1a6-530fba7baea8/element HTTP/1.1
12473 [Forwarding findElement on session b1310904-d161-49ca-a1a6-530fba7baea8 to remote] DEBUG org.apache.http.headers  - http-outgoing-59 >> Content-Type: application/json; charset=utf-8
12473 [Forwarding findElement on session b1310904-d161-49ca-a1a6-530fba7baea8 to remote] DEBUG org.apache.http.headers  - http-outgoing-59 >> Content-Length: 50
12473 [Forwarding findElement on session b1310904-d161-49ca-a1a6-530fba7baea8 to remote] DEBUG org.apache.http.headers  - http-outgoing-59 >> Host: localhost:37262
12473 [Forwarding findElement on session b1310904-d161-49ca-a1a6-530fba7baea8 to remote] DEBUG org.apache.http.headers  - http-outgoing-59 >> Connection: Keep-Alive
12473 [Forwarding findElement on session b1310904-d161-49ca-a1a6-530fba7baea8 to remote] DEBUG org.apache.http.headers  - http-outgoing-59 >> User-Agent: Apache-HttpClient/4.3.3 (java 1.5)
12473 [Forwarding findElement on session b1310904-d161-49ca-a1a6-530fba7baea8 to remote] DEBUG org.apache.http.headers  - http-outgoing-59 >> Accept-Encoding: gzip,deflate
12473 [Forwarding findElement on session b1310904-d161-49ca-a1a6-530fba7baea8 to remote] DEBUG org.apache.http.wire  - http-outgoing-59 >> "POST /session/b1310904-d161-49ca-a1a6-530fba7baea8/element HTTP/1.1[\r][\n]"
12473 [Forwarding findElement on session b1310904-d161-49ca-a1a6-530fba7baea8 to remote] DEBUG org.apache.http.wire  - http-outgoing-59 >> "Content-Type: application/json; charset=utf-8[\r][\n]"
12473 [Forwarding findElement on session b1310904-d161-49ca-a1a6-530fba7baea8 to remote] DEBUG org.apache.http.wire  - http-outgoing-59 >> "Content-Length: 50[\r][\n]"
12473 [Forwarding findElement on session b1310904-d161-49ca-a1a6-530fba7baea8 to remote] DEBUG org.apache.http.wire  - http-outgoing-59 >> "Host: localhost:37262[\r][\n]"
12473 [Forwarding findElement on session b1310904-d161-49ca-a1a6-530fba7baea8 to remote] DEBUG org.apache.http.wire  - http-outgoing-59 >> "Connection: Keep-Alive[\r][\n]"
12473 [Forwarding findElement on session b1310904-d161-49ca-a1a6-530fba7baea8 to remote] DEBUG org.apache.http.wire  - http-outgoing-59 >> "User-Agent: Apache-HttpClient/4.3.3 (java 1.5)[\r][\n]"
12473 [Forwarding findElement on session b1310904-d161-49ca-a1a6-530fba7baea8 to remote] DEBUG org.apache.http.wire  - http-outgoing-59 >> "Accept-Encoding: gzip,deflate[\r][\n]"
12473 [Forwarding findElement on session b1310904-d161-49ca-a1a6-530fba7baea8 to remote] DEBUG org.apache.http.wire  - http-outgoing-59 >> "[\r][\n]"
12473 [Forwarding findElement on session b1310904-d161-49ca-a1a6-530fba7baea8 to remote] DEBUG org.apache.http.wire  - http-outgoing-59 >> "{"using":"xpath","value":"//input[@name='login']"}"
12503 [Forwarding findElement on session b1310904-d161-49ca-a1a6-530fba7baea8 to remote] DEBUG org.apache.http.wire  - http-outgoing-59 << "HTTP/1.1 200 OK[\r][\n]"
12503 [Forwarding findElement on session b1310904-d161-49ca-a1a6-530fba7baea8 to remote] DEBUG org.apache.http.wire  - http-outgoing-59 << "Content-Length: 200[\r][\n]"
12503 [Forwarding findElement on session b1310904-d161-49ca-a1a6-530fba7baea8 to remote] DEBUG org.apache.http.wire  - http-outgoing-59 << "Content-Type: application/json; charset=UTF-8[\r][\n]"
12503 [Forwarding findElement on session b1310904-d161-49ca-a1a6-530fba7baea8 to remote] DEBUG org.apache.http.wire  - http-outgoing-59 << "Vary: Accept-Charset, Accept-Encoding, Accept-Language, Accept[\r][\n]"
12503 [Forwarding findElement on session b1310904-d161-49ca-a1a6-530fba7baea8 to remote] DEBUG org.apache.http.wire  - http-outgoing-59 << "Accept-Ranges: bytes[\r][\n]"
12503 [Forwarding findElement on session b1310904-d161-49ca-a1a6-530fba7baea8 to remote] DEBUG org.apache.http.wire  - http-outgoing-59 << "Connection: close[\r][\n]"
12503 [Forwarding findElement on session b1310904-d161-49ca-a1a6-530fba7baea8 to remote] DEBUG org.apache.http.wire  - http-outgoing-59 << "[\r][\n]"
12503 [Forwarding findElement on session b1310904-d161-49ca-a1a6-530fba7baea8 to remote] DEBUG org.apache.http.wire  - http-outgoing-59 << "{"sessionId":"b1310904-d161-49ca-a1a6-530fba7baea8","status":0,"value":{"ELEMENT":"6a6438df-7b94-494d-a71e-c1e89998c697","element-6066-11e4-a52e-4f735466cecf":"6a6438df-7b94-494d-a71e-c1e89998c697"}}[\n]"
12503 [Forwarding findElement on session b1310904-d161-49ca-a1a6-530fba7baea8 to remote] DEBUG org.apache.http.wire  - http-outgoing-59 << "[\r][\n]"
12503 [Forwarding findElement on session b1310904-d161-49ca-a1a6-530fba7baea8 to remote] DEBUG org.apache.http.headers  - http-outgoing-59 << HTTP/1.1 200 OK
12503 [Forwarding findElement on session b1310904-d161-49ca-a1a6-530fba7baea8 to remote] DEBUG org.apache.http.headers  - http-outgoing-59 << Content-Length: 200
12503 [Forwarding findElement on session b1310904-d161-49ca-a1a6-530fba7baea8 to remote] DEBUG org.apache.http.headers  - http-outgoing-59 << Content-Type: application/json; charset=UTF-8
12503 [Forwarding findElement on session b1310904-d161-49ca-a1a6-530fba7baea8 to remote] DEBUG org.apache.http.headers  - http-outgoing-59 << Vary: Accept-Charset, Accept-Encoding, Accept-Language, Accept
12503 [Forwarding findElement on session b1310904-d161-49ca-a1a6-530fba7baea8 to remote] DEBUG org.apache.http.headers  - http-outgoing-59 << Accept-Ranges: bytes
12503 [Forwarding findElement on session b1310904-d161-49ca-a1a6-530fba7baea8 to remote] DEBUG org.apache.http.headers  - http-outgoing-59 << Connection: close
12503 [Forwarding findElement on session b1310904-d161-49ca-a1a6-530fba7baea8 to remote] DEBUG org.apache.http.impl.conn.DefaultManagedHttpClientConnection  - http-outgoing-59: Shutdown connection
12503 [Forwarding findElement on session b1310904-d161-49ca-a1a6-530fba7baea8 to remote] DEBUG org.apache.http.impl.execchain.MainClientExec  - Connection discarded
12503 [Forwarding findElement on session b1310904-d161-49ca-a1a6-530fba7baea8 to remote] DEBUG org.apache.http.impl.conn.DefaultManagedHttpClientConnection  - http-outgoing-59: Close connection
12503 [Forwarding findElement on session b1310904-d161-49ca-a1a6-530fba7baea8 to remote] DEBUG org.apache.http.impl.conn.PoolingHttpClientConnectionManager  - Connection released: [id: 59][route: {}->http://localhost:37262][total kept alive: 0; route allocated: 0 of 2000; total allocated: 0 of 2000]
12503 [Forwarding findElement on session b1310904-d161-49ca-a1a6-530fba7baea8 to remote] DEBUG org.apache.http.client.protocol.RequestAddCookies  - CookieSpec selected: best-match
12503 [Forwarding findElement on session b1310904-d161-49ca-a1a6-530fba7baea8 to remote] DEBUG org.apache.http.client.protocol.RequestAuthCache  - Auth cache not set in the context
12503 [Forwarding findElement on session b1310904-d161-49ca-a1a6-530fba7baea8 to remote] DEBUG org.apache.http.impl.conn.PoolingHttpClientConnectionManager  - Connection request: [route: {}->http://localhost:37262][total kept alive: 0; route allocated: 0 of 2000; total allocated: 0 of 2000]
12503 [Forwarding findElement on session b1310904-d161-49ca-a1a6-530fba7baea8 to remote] DEBUG org.apache.http.impl.conn.PoolingHttpClientConnectionManager  - Connection leased: [id: 60][route: {}->http://localhost:37262][total kept alive: 0; route allocated: 1 of 2000; total allocated: 1 of 2000]
12503 [Forwarding findElement on session b1310904-d161-49ca-a1a6-530fba7baea8 to remote] DEBUG org.apache.http.impl.execchain.MainClientExec  - Opening connection {}->http://localhost:37262
12503 [Forwarding findElement on session b1310904-d161-49ca-a1a6-530fba7baea8 to remote] DEBUG org.apache.http.impl.conn.HttpClientConnectionOperator  - Connecting to localhost/127.0.0.1:37262
12503 [Forwarding findElement on session b1310904-d161-49ca-a1a6-530fba7baea8 to remote] DEBUG org.apache.http.impl.conn.HttpClientConnectionOperator  - Connection established 127.0.0.1:17275<->127.0.0.1:37262
12503 [Forwarding findElement on session b1310904-d161-49ca-a1a6-530fba7baea8 to remote] DEBUG org.apache.http.impl.execchain.MainClientExec  - Executing request POST /session/b1310904-d161-49ca-a1a6-530fba7baea8/element HTTP/1.1
12503 [Forwarding findElement on session b1310904-d161-49ca-a1a6-530fba7baea8 to remote] DEBUG org.apache.http.impl.execchain.MainClientExec  - Target auth state: UNCHALLENGED
12503 [Forwarding findElement on session b1310904-d161-49ca-a1a6-530fba7baea8 to remote] DEBUG org.apache.http.impl.execchain.MainClientExec  - Proxy auth state: UNCHALLENGED
12503 [Forwarding findElement on session b1310904-d161-49ca-a1a6-530fba7baea8 to remote] DEBUG org.apache.http.headers  - http-outgoing-60 >> POST /session/b1310904-d161-49ca-a1a6-530fba7baea8/element HTTP/1.1
12503 [Forwarding findElement on session b1310904-d161-49ca-a1a6-530fba7baea8 to remote] DEBUG org.apache.http.headers  - http-outgoing-60 >> Content-Type: application/json; charset=utf-8
12503 [Forwarding findElement on session b1310904-d161-49ca-a1a6-530fba7baea8 to remote] DEBUG org.apache.http.headers  - http-outgoing-60 >> Content-Length: 50
12503 [Forwarding findElement on session b1310904-d161-49ca-a1a6-530fba7baea8 to remote] DEBUG org.apache.http.headers  - http-outgoing-60 >> Host: localhost:37262
12503 [Forwarding findElement on session b1310904-d161-49ca-a1a6-530fba7baea8 to remote] DEBUG org.apache.http.headers  - http-outgoing-60 >> Connection: Keep-Alive
12503 [Forwarding findElement on session b1310904-d161-49ca-a1a6-530fba7baea8 to remote] DEBUG org.apache.http.headers  - http-outgoing-60 >> User-Agent: Apache-HttpClient/4.3.3 (java 1.5)
12503 [Forwarding findElement on session b1310904-d161-49ca-a1a6-530fba7baea8 to remote] DEBUG org.apache.http.headers  - http-outgoing-60 >> Accept-Encoding: gzip,deflate
12503 [Forwarding findElement on session b1310904-d161-49ca-a1a6-530fba7baea8 to remote] DEBUG org.apache.http.wire  - http-outgoing-60 >> "POST /session/b1310904-d161-49ca-a1a6-530fba7baea8/element HTTP/1.1[\r][\n]"
12503 [Forwarding findElement on session b1310904-d161-49ca-a1a6-530fba7baea8 to remote] DEBUG org.apache.http.wire  - http-outgoing-60 >> "Content-Type: application/json; charset=utf-8[\r][\n]"
12503 [Forwarding findElement on session b1310904-d161-49ca-a1a6-530fba7baea8 to remote] DEBUG org.apache.http.wire  - http-outgoing-60 >> "Content-Length: 50[\r][\n]"
12503 [Forwarding findElement on session b1310904-d161-49ca-a1a6-530fba7baea8 to remote] DEBUG org.apache.http.wire  - http-outgoing-60 >> "Host: localhost:37262[\r][\n]"
12503 [Forwarding findElement on session b1310904-d161-49ca-a1a6-530fba7baea8 to remote] DEBUG org.apache.http.wire  - http-outgoing-60 >> "Connection: Keep-Alive[\r][\n]"
12503 [Forwarding findElement on session b1310904-d161-49ca-a1a6-530fba7baea8 to remote] DEBUG org.apache.http.wire  - http-outgoing-60 >> "User-Agent: Apache-HttpClient/4.3.3 (java 1.5)[\r][\n]"
12503 [Forwarding findElement on session b1310904-d161-49ca-a1a6-530fba7baea8 to remote] DEBUG org.apache.http.wire  - http-outgoing-60 >> "Accept-Encoding: gzip,deflate[\r][\n]"
12503 [Forwarding findElement on session b1310904-d161-49ca-a1a6-530fba7baea8 to remote] DEBUG org.apache.http.wire  - http-outgoing-60 >> "[\r][\n]"
12503 [Forwarding findElement on session b1310904-d161-49ca-a1a6-530fba7baea8 to remote] DEBUG org.apache.http.wire  - http-outgoing-60 >> "{"using":"xpath","value":"//input[@name='login']"}"
12543 [Forwarding findElement on session b1310904-d161-49ca-a1a6-530fba7baea8 to remote] DEBUG org.apache.http.wire  - http-outgoing-60 << "HTTP/1.1 200 OK[\r][\n]"
12543 [Forwarding findElement on session b1310904-d161-49ca-a1a6-530fba7baea8 to remote] DEBUG org.apache.http.wire  - http-outgoing-60 << "Content-Length: 200[\r][\n]"
12543 [Forwarding findElement on session b1310904-d161-49ca-a1a6-530fba7baea8 to remote] DEBUG org.apache.http.wire  - http-outgoing-60 << "Content-Type: application/json; charset=UTF-8[\r][\n]"
12543 [Forwarding findElement on session b1310904-d161-49ca-a1a6-530fba7baea8 to remote] DEBUG org.apache.http.wire  - http-outgoing-60 << "Vary: Accept-Charset, Accept-Encoding, Accept-Language, Accept[\r][\n]"
12543 [Forwarding findElement on session b1310904-d161-49ca-a1a6-530fba7baea8 to remote] DEBUG org.apache.http.wire  - http-outgoing-60 << "Accept-Ranges: bytes[\r][\n]"
12543 [Forwarding findElement on session b1310904-d161-49ca-a1a6-530fba7baea8 to remote] DEBUG org.apache.http.wire  - http-outgoing-60 << "Connection: close[\r][\n]"
12543 [Forwarding findElement on session b1310904-d161-49ca-a1a6-530fba7baea8 to remote] DEBUG org.apache.http.wire  - http-outgoing-60 << "[\r][\n]"
12543 [Forwarding findElement on session b1310904-d161-49ca-a1a6-530fba7baea8 to remote] DEBUG org.apache.http.wire  - http-outgoing-60 << "{"sessionId":"b1310904-d161-49ca-a1a6-530fba7baea8","status":0,"value":{"ELEMENT":"6a6438df-7b94-494d-a71e-c1e89998c697","element-6066-11e4-a52e-4f735466cecf":"6a6438df-7b94-494d-a71e-c1e89998c697"}}[\n]"
12543 [Forwarding findElement on session b1310904-d161-49ca-a1a6-530fba7baea8 to remote] DEBUG org.apache.http.wire  - http-outgoing-60 << "[\r][\n]"
12543 [Forwarding findElement on session b1310904-d161-49ca-a1a6-530fba7baea8 to remote] DEBUG org.apache.http.headers  - http-outgoing-60 << HTTP/1.1 200 OK
12543 [Forwarding findElement on session b1310904-d161-49ca-a1a6-530fba7baea8 to remote] DEBUG org.apache.http.headers  - http-outgoing-60 << Content-Length: 200
12543 [Forwarding findElement on session b1310904-d161-49ca-a1a6-530fba7baea8 to remote] DEBUG org.apache.http.headers  - http-outgoing-60 << Content-Type: application/json; charset=UTF-8
12543 [Forwarding findElement on session b1310904-d161-49ca-a1a6-530fba7baea8 to remote] DEBUG org.apache.http.headers  - http-outgoing-60 << Vary: Accept-Charset, Accept-Encoding, Accept-Language, Accept
12543 [Forwarding findElement on session b1310904-d161-49ca-a1a6-530fba7baea8 to remote] DEBUG org.apache.http.headers  - http-outgoing-60 << Accept-Ranges: bytes
12543 [Forwarding findElement on session b1310904-d161-49ca-a1a6-530fba7baea8 to remote] DEBUG org.apache.http.headers  - http-outgoing-60 << Connection: close
12543 [Forwarding findElement on session b1310904-d161-49ca-a1a6-530fba7baea8 to remote] DEBUG org.apache.http.impl.conn.DefaultManagedHttpClientConnection  - http-outgoing-60: Shutdown connection
12543 [Forwarding findElement on session b1310904-d161-49ca-a1a6-530fba7baea8 to remote] DEBUG org.apache.http.impl.execchain.MainClientExec  - Connection discarded
12543 [Forwarding findElement on session b1310904-d161-49ca-a1a6-530fba7baea8 to remote] DEBUG org.apache.http.impl.conn.DefaultManagedHttpClientConnection  - http-outgoing-60: Close connection
12543 [Forwarding findElement on session b1310904-d161-49ca-a1a6-530fba7baea8 to remote] DEBUG org.apache.http.impl.conn.PoolingHttpClientConnectionManager  - Connection released: [id: 60][route: {}->http://localhost:37262][total kept alive: 0; route allocated: 0 of 2000; total allocated: 0 of 2000]
12543 [Forwarding isElementDisplayed on session b1310904-d161-49ca-a1a6-530fba7baea8 to remote] DEBUG org.apache.http.client.protocol.RequestAddCookies  - CookieSpec selected: best-match
12543 [Forwarding isElementDisplayed on session b1310904-d161-49ca-a1a6-530fba7baea8 to remote] DEBUG org.apache.http.client.protocol.RequestAuthCache  - Auth cache not set in the context
12543 [Forwarding isElementDisplayed on session b1310904-d161-49ca-a1a6-530fba7baea8 to remote] DEBUG org.apache.http.impl.conn.PoolingHttpClientConnectionManager  - Connection request: [route: {}->http://localhost:37262][total kept alive: 0; route allocated: 0 of 2000; total allocated: 0 of 2000]
12543 [Forwarding isElementDisplayed on session b1310904-d161-49ca-a1a6-530fba7baea8 to remote] DEBUG org.apache.http.impl.conn.PoolingHttpClientConnectionManager  - Connection leased: [id: 61][route: {}->http://localhost:37262][total kept alive: 0; route allocated: 1 of 2000; total allocated: 1 of 2000]
12543 [Forwarding isElementDisplayed on session b1310904-d161-49ca-a1a6-530fba7baea8 to remote] DEBUG org.apache.http.impl.execchain.MainClientExec  - Opening connection {}->http://localhost:37262
12543 [Forwarding isElementDisplayed on session b1310904-d161-49ca-a1a6-530fba7baea8 to remote] DEBUG org.apache.http.impl.conn.HttpClientConnectionOperator  - Connecting to localhost/127.0.0.1:37262
12543 [Forwarding isElementDisplayed on session b1310904-d161-49ca-a1a6-530fba7baea8 to remote] DEBUG org.apache.http.impl.conn.HttpClientConnectionOperator  - Connection established 127.0.0.1:17276<->127.0.0.1:37262
12543 [Forwarding isElementDisplayed on session b1310904-d161-49ca-a1a6-530fba7baea8 to remote] DEBUG org.apache.http.impl.execchain.MainClientExec  - Executing request GET /session/b1310904-d161-49ca-a1a6-530fba7baea8/element/6a6438df-7b94-494d-a71e-c1e89998c697/displayed HTTP/1.1
12543 [Forwarding isElementDisplayed on session b1310904-d161-49ca-a1a6-530fba7baea8 to remote] DEBUG org.apache.http.impl.execchain.MainClientExec  - Target auth state: UNCHALLENGED
12543 [Forwarding isElementDisplayed on session b1310904-d161-49ca-a1a6-530fba7baea8 to remote] DEBUG org.apache.http.impl.execchain.MainClientExec  - Proxy auth state: UNCHALLENGED
12543 [Forwarding isElementDisplayed on session b1310904-d161-49ca-a1a6-530fba7baea8 to remote] DEBUG org.apache.http.headers  - http-outgoing-61 >> GET /session/b1310904-d161-49ca-a1a6-530fba7baea8/element/6a6438df-7b94-494d-a71e-c1e89998c697/displayed HTTP/1.1
12543 [Forwarding isElementDisplayed on session b1310904-d161-49ca-a1a6-530fba7baea8 to remote] DEBUG org.apache.http.headers  - http-outgoing-61 >> Cache-Control: no-cache
12543 [Forwarding isElementDisplayed on session b1310904-d161-49ca-a1a6-530fba7baea8 to remote] DEBUG org.apache.http.headers  - http-outgoing-61 >> Host: localhost:37262
12543 [Forwarding isElementDisplayed on session b1310904-d161-49ca-a1a6-530fba7baea8 to remote] DEBUG org.apache.http.headers  - http-outgoing-61 >> Connection: Keep-Alive
12543 [Forwarding isElementDisplayed on session b1310904-d161-49ca-a1a6-530fba7baea8 to remote] DEBUG org.apache.http.headers  - http-outgoing-61 >> User-Agent: Apache-HttpClient/4.3.3 (java 1.5)
12543 [Forwarding isElementDisplayed on session b1310904-d161-49ca-a1a6-530fba7baea8 to remote] DEBUG org.apache.http.headers  - http-outgoing-61 >> Accept-Encoding: gzip,deflate
12543 [Forwarding isElementDisplayed on session b1310904-d161-49ca-a1a6-530fba7baea8 to remote] DEBUG org.apache.http.wire  - http-outgoing-61 >> "GET /session/b1310904-d161-49ca-a1a6-530fba7baea8/element/6a6438df-7b94-494d-a71e-c1e89998c697/displayed HTTP/1.1[\r][\n]"
12543 [Forwarding isElementDisplayed on session b1310904-d161-49ca-a1a6-530fba7baea8 to remote] DEBUG org.apache.http.wire  - http-outgoing-61 >> "Cache-Control: no-cache[\r][\n]"
12543 [Forwarding isElementDisplayed on session b1310904-d161-49ca-a1a6-530fba7baea8 to remote] DEBUG org.apache.http.wire  - http-outgoing-61 >> "Host: localhost:37262[\r][\n]"
12543 [Forwarding isElementDisplayed on session b1310904-d161-49ca-a1a6-530fba7baea8 to remote] DEBUG org.apache.http.wire  - http-outgoing-61 >> "Connection: Keep-Alive[\r][\n]"
12543 [Forwarding isElementDisplayed on session b1310904-d161-49ca-a1a6-530fba7baea8 to remote] DEBUG org.apache.http.wire  - http-outgoing-61 >> "User-Agent: Apache-HttpClient/4.3.3 (java 1.5)[\r][\n]"
12543 [Forwarding isElementDisplayed on session b1310904-d161-49ca-a1a6-530fba7baea8 to remote] DEBUG org.apache.http.wire  - http-outgoing-61 >> "Accept-Encoding: gzip,deflate[\r][\n]"
12543 [Forwarding isElementDisplayed on session b1310904-d161-49ca-a1a6-530fba7baea8 to remote] DEBUG org.apache.http.wire  - http-outgoing-61 >> "[\r][\n]"
12584 [Forwarding isElementDisplayed on session b1310904-d161-49ca-a1a6-530fba7baea8 to remote] DEBUG org.apache.http.wire  - http-outgoing-61 << "HTTP/1.1 200 OK[\r][\n]"
12584 [Forwarding isElementDisplayed on session b1310904-d161-49ca-a1a6-530fba7baea8 to remote] DEBUG org.apache.http.wire  - http-outgoing-61 << "Content-Length: 77[\r][\n]"
12584 [Forwarding isElementDisplayed on session b1310904-d161-49ca-a1a6-530fba7baea8 to remote] DEBUG org.apache.http.wire  - http-outgoing-61 << "Content-Type: application/json; charset=UTF-8[\r][\n]"
12584 [Forwarding isElementDisplayed on session b1310904-d161-49ca-a1a6-530fba7baea8 to remote] DEBUG org.apache.http.wire  - http-outgoing-61 << "Vary: Accept-Charset, Accept-Encoding, Accept-Language, Accept[\r][\n]"
12584 [Forwarding isElementDisplayed on session b1310904-d161-49ca-a1a6-530fba7baea8 to remote] DEBUG org.apache.http.wire  - http-outgoing-61 << "Accept-Ranges: bytes[\r][\n]"
12584 [Forwarding isElementDisplayed on session b1310904-d161-49ca-a1a6-530fba7baea8 to remote] DEBUG org.apache.http.wire  - http-outgoing-61 << "Connection: close[\r][\n]"
12584 [Forwarding isElementDisplayed on session b1310904-d161-49ca-a1a6-530fba7baea8 to remote] DEBUG org.apache.http.wire  - http-outgoing-61 << "[\r][\n]"
12584 [Forwarding isElementDisplayed on session b1310904-d161-49ca-a1a6-530fba7baea8 to remote] DEBUG org.apache.http.wire  - http-outgoing-61 << "{"sessionId":"b1310904-d161-49ca-a1a6-530fba7baea8","status":0,"value":true}[\n]"
12584 [Forwarding isElementDisplayed on session b1310904-d161-49ca-a1a6-530fba7baea8 to remote] DEBUG org.apache.http.wire  - http-outgoing-61 << "[\r][\n]"
12584 [Forwarding isElementDisplayed on session b1310904-d161-49ca-a1a6-530fba7baea8 to remote] DEBUG org.apache.http.headers  - http-outgoing-61 << HTTP/1.1 200 OK
12584 [Forwarding isElementDisplayed on session b1310904-d161-49ca-a1a6-530fba7baea8 to remote] DEBUG org.apache.http.headers  - http-outgoing-61 << Content-Length: 77
12584 [Forwarding isElementDisplayed on session b1310904-d161-49ca-a1a6-530fba7baea8 to remote] DEBUG org.apache.http.headers  - http-outgoing-61 << Content-Type: application/json; charset=UTF-8
12584 [Forwarding isElementDisplayed on session b1310904-d161-49ca-a1a6-530fba7baea8 to remote] DEBUG org.apache.http.headers  - http-outgoing-61 << Vary: Accept-Charset, Accept-Encoding, Accept-Language, Accept
12584 [Forwarding isElementDisplayed on session b1310904-d161-49ca-a1a6-530fba7baea8 to remote] DEBUG org.apache.http.headers  - http-outgoing-61 << Accept-Ranges: bytes
12584 [Forwarding isElementDisplayed on session b1310904-d161-49ca-a1a6-530fba7baea8 to remote] DEBUG org.apache.http.headers  - http-outgoing-61 << Connection: close
12584 [Forwarding isElementDisplayed on session b1310904-d161-49ca-a1a6-530fba7baea8 to remote] DEBUG org.apache.http.impl.conn.DefaultManagedHttpClientConnection  - http-outgoing-61: Shutdown connection
12584 [Forwarding isElementDisplayed on session b1310904-d161-49ca-a1a6-530fba7baea8 to remote] DEBUG org.apache.http.impl.execchain.MainClientExec  - Connection discarded
12584 [Forwarding isElementDisplayed on session b1310904-d161-49ca-a1a6-530fba7baea8 to remote] DEBUG org.apache.http.impl.conn.DefaultManagedHttpClientConnection  - http-outgoing-61: Close connection
12584 [Forwarding isElementDisplayed on session b1310904-d161-49ca-a1a6-530fba7baea8 to remote] DEBUG org.apache.http.impl.conn.PoolingHttpClientConnectionManager  - Connection released: [id: 61][route: {}->http://localhost:37262][total kept alive: 0; route allocated: 0 of 2000; total allocated: 0 of 2000]
12584 [Forwarding findElement on session b1310904-d161-49ca-a1a6-530fba7baea8 to remote] DEBUG org.apache.http.client.protocol.RequestAddCookies  - CookieSpec selected: best-match
12584 [Forwarding findElement on session b1310904-d161-49ca-a1a6-530fba7baea8 to remote] DEBUG org.apache.http.client.protocol.RequestAuthCache  - Auth cache not set in the context
12584 [Forwarding findElement on session b1310904-d161-49ca-a1a6-530fba7baea8 to remote] DEBUG org.apache.http.impl.conn.PoolingHttpClientConnectionManager  - Connection request: [route: {}->http://localhost:37262][total kept alive: 0; route allocated: 0 of 2000; total allocated: 0 of 2000]
12584 [Forwarding findElement on session b1310904-d161-49ca-a1a6-530fba7baea8 to remote] DEBUG org.apache.http.impl.conn.PoolingHttpClientConnectionManager  - Connection leased: [id: 62][route: {}->http://localhost:37262][total kept alive: 0; route allocated: 1 of 2000; total allocated: 1 of 2000]
12584 [Forwarding findElement on session b1310904-d161-49ca-a1a6-530fba7baea8 to remote] DEBUG org.apache.http.impl.execchain.MainClientExec  - Opening connection {}->http://localhost:37262
12584 [Forwarding findElement on session b1310904-d161-49ca-a1a6-530fba7baea8 to remote] DEBUG org.apache.http.impl.conn.HttpClientConnectionOperator  - Connecting to localhost/127.0.0.1:37262
12584 [Forwarding findElement on session b1310904-d161-49ca-a1a6-530fba7baea8 to remote] DEBUG org.apache.http.impl.conn.HttpClientConnectionOperator  - Connection established 127.0.0.1:17277<->127.0.0.1:37262
12584 [Forwarding findElement on session b1310904-d161-49ca-a1a6-530fba7baea8 to remote] DEBUG org.apache.http.impl.execchain.MainClientExec  - Executing request POST /session/b1310904-d161-49ca-a1a6-530fba7baea8/element HTTP/1.1
12584 [Forwarding findElement on session b1310904-d161-49ca-a1a6-530fba7baea8 to remote] DEBUG org.apache.http.impl.execchain.MainClientExec  - Target auth state: UNCHALLENGED
12584 [Forwarding findElement on session b1310904-d161-49ca-a1a6-530fba7baea8 to remote] DEBUG org.apache.http.impl.execchain.MainClientExec  - Proxy auth state: UNCHALLENGED
12584 [Forwarding findElement on session b1310904-d161-49ca-a1a6-530fba7baea8 to remote] DEBUG org.apache.http.headers  - http-outgoing-62 >> POST /session/b1310904-d161-49ca-a1a6-530fba7baea8/element HTTP/1.1
12584 [Forwarding findElement on session b1310904-d161-49ca-a1a6-530fba7baea8 to remote] DEBUG org.apache.http.headers  - http-outgoing-62 >> Content-Type: application/json; charset=utf-8
12584 [Forwarding findElement on session b1310904-d161-49ca-a1a6-530fba7baea8 to remote] DEBUG org.apache.http.headers  - http-outgoing-62 >> Content-Length: 50
12584 [Forwarding findElement on session b1310904-d161-49ca-a1a6-530fba7baea8 to remote] DEBUG org.apache.http.headers  - http-outgoing-62 >> Host: localhost:37262
12584 [Forwarding findElement on session b1310904-d161-49ca-a1a6-530fba7baea8 to remote] DEBUG org.apache.http.headers  - http-outgoing-62 >> Connection: Keep-Alive
12584 [Forwarding findElement on session b1310904-d161-49ca-a1a6-530fba7baea8 to remote] DEBUG org.apache.http.headers  - http-outgoing-62 >> User-Agent: Apache-HttpClient/4.3.3 (java 1.5)
12584 [Forwarding findElement on session b1310904-d161-49ca-a1a6-530fba7baea8 to remote] DEBUG org.apache.http.headers  - http-outgoing-62 >> Accept-Encoding: gzip,deflate
12584 [Forwarding findElement on session b1310904-d161-49ca-a1a6-530fba7baea8 to remote] DEBUG org.apache.http.wire  - http-outgoing-62 >> "POST /session/b1310904-d161-49ca-a1a6-530fba7baea8/element HTTP/1.1[\r][\n]"
12584 [Forwarding findElement on session b1310904-d161-49ca-a1a6-530fba7baea8 to remote] DEBUG org.apache.http.wire  - http-outgoing-62 >> "Content-Type: application/json; charset=utf-8[\r][\n]"
12584 [Forwarding findElement on session b1310904-d161-49ca-a1a6-530fba7baea8 to remote] DEBUG org.apache.http.wire  - http-outgoing-62 >> "Content-Length: 50[\r][\n]"
12584 [Forwarding findElement on session b1310904-d161-49ca-a1a6-530fba7baea8 to remote] DEBUG org.apache.http.wire  - http-outgoing-62 >> "Host: localhost:37262[\r][\n]"
12584 [Forwarding findElement on session b1310904-d161-49ca-a1a6-530fba7baea8 to remote] DEBUG org.apache.http.wire  - http-outgoing-62 >> "Connection: Keep-Alive[\r][\n]"
12584 [Forwarding findElement on session b1310904-d161-49ca-a1a6-530fba7baea8 to remote] DEBUG org.apache.http.wire  - http-outgoing-62 >> "User-Agent: Apache-HttpClient/4.3.3 (java 1.5)[\r][\n]"
12584 [Forwarding findElement on session b1310904-d161-49ca-a1a6-530fba7baea8 to remote] DEBUG org.apache.http.wire  - http-outgoing-62 >> "Accept-Encoding: gzip,deflate[\r][\n]"
12584 [Forwarding findElement on session b1310904-d161-49ca-a1a6-530fba7baea8 to remote] DEBUG org.apache.http.wire  - http-outgoing-62 >> "[\r][\n]"
12584 [Forwarding findElement on session b1310904-d161-49ca-a1a6-530fba7baea8 to remote] DEBUG org.apache.http.wire  - http-outgoing-62 >> "{"using":"xpath","value":"//input[@name='login']"}"
12624 [Forwarding findElement on session b1310904-d161-49ca-a1a6-530fba7baea8 to remote] DEBUG org.apache.http.wire  - http-outgoing-62 << "HTTP/1.1 200 OK[\r][\n]"
12624 [Forwarding findElement on session b1310904-d161-49ca-a1a6-530fba7baea8 to remote] DEBUG org.apache.http.wire  - http-outgoing-62 << "Content-Length: 200[\r][\n]"
12624 [Forwarding findElement on session b1310904-d161-49ca-a1a6-530fba7baea8 to remote] DEBUG org.apache.http.wire  - http-outgoing-62 << "Content-Type: application/json; charset=UTF-8[\r][\n]"
12624 [Forwarding findElement on session b1310904-d161-49ca-a1a6-530fba7baea8 to remote] DEBUG org.apache.http.wire  - http-outgoing-62 << "Vary: Accept-Charset, Accept-Encoding, Accept-Language, Accept[\r][\n]"
12624 [Forwarding findElement on session b1310904-d161-49ca-a1a6-530fba7baea8 to remote] DEBUG org.apache.http.wire  - http-outgoing-62 << "Accept-Ranges: bytes[\r][\n]"
12624 [Forwarding findElement on session b1310904-d161-49ca-a1a6-530fba7baea8 to remote] DEBUG org.apache.http.wire  - http-outgoing-62 << "Connection: close[\r][\n]"
12624 [Forwarding findElement on session b1310904-d161-49ca-a1a6-530fba7baea8 to remote] DEBUG org.apache.http.wire  - http-outgoing-62 << "[\r][\n]"
12624 [Forwarding findElement on session b1310904-d161-49ca-a1a6-530fba7baea8 to remote] DEBUG org.apache.http.wire  - http-outgoing-62 << "{"sessionId":"b1310904-d161-49ca-a1a6-530fba7baea8","status":0,"value":{"ELEMENT":"6a6438df-7b94-494d-a71e-c1e89998c697","element-6066-11e4-a52e-4f735466cecf":"6a6438df-7b94-494d-a71e-c1e89998c697"}}[\n]"
12624 [Forwarding findElement on session b1310904-d161-49ca-a1a6-530fba7baea8 to remote] DEBUG org.apache.http.wire  - http-outgoing-62 << "[\r][\n]"
12624 [Forwarding findElement on session b1310904-d161-49ca-a1a6-530fba7baea8 to remote] DEBUG org.apache.http.headers  - http-outgoing-62 << HTTP/1.1 200 OK
12624 [Forwarding findElement on session b1310904-d161-49ca-a1a6-530fba7baea8 to remote] DEBUG org.apache.http.headers  - http-outgoing-62 << Content-Length: 200
12624 [Forwarding findElement on session b1310904-d161-49ca-a1a6-530fba7baea8 to remote] DEBUG org.apache.http.headers  - http-outgoing-62 << Content-Type: application/json; charset=UTF-8
12624 [Forwarding findElement on session b1310904-d161-49ca-a1a6-530fba7baea8 to remote] DEBUG org.apache.http.headers  - http-outgoing-62 << Vary: Accept-Charset, Accept-Encoding, Accept-Language, Accept
12624 [Forwarding findElement on session b1310904-d161-49ca-a1a6-530fba7baea8 to remote] DEBUG org.apache.http.headers  - http-outgoing-62 << Accept-Ranges: bytes
12624 [Forwarding findElement on session b1310904-d161-49ca-a1a6-530fba7baea8 to remote] DEBUG org.apache.http.headers  - http-outgoing-62 << Connection: close
12624 [Forwarding findElement on session b1310904-d161-49ca-a1a6-530fba7baea8 to remote] DEBUG org.apache.http.impl.conn.DefaultManagedHttpClientConnection  - http-outgoing-62: Shutdown connection
12624 [Forwarding findElement on session b1310904-d161-49ca-a1a6-530fba7baea8 to remote] DEBUG org.apache.http.impl.execchain.MainClientExec  - Connection discarded
12624 [Forwarding findElement on session b1310904-d161-49ca-a1a6-530fba7baea8 to remote] DEBUG org.apache.http.impl.conn.DefaultManagedHttpClientConnection  - http-outgoing-62: Close connection
12624 [Forwarding findElement on session b1310904-d161-49ca-a1a6-530fba7baea8 to remote] DEBUG org.apache.http.impl.conn.PoolingHttpClientConnectionManager  - Connection released: [id: 62][route: {}->http://localhost:37262][total kept alive: 0; route allocated: 0 of 2000; total allocated: 0 of 2000]
12624 [Forwarding isElementEnabled on session b1310904-d161-49ca-a1a6-530fba7baea8 to remote] DEBUG org.apache.http.client.protocol.RequestAddCookies  - CookieSpec selected: best-match
12624 [Forwarding isElementEnabled on session b1310904-d161-49ca-a1a6-530fba7baea8 to remote] DEBUG org.apache.http.client.protocol.RequestAuthCache  - Auth cache not set in the context
12624 [Forwarding isElementEnabled on session b1310904-d161-49ca-a1a6-530fba7baea8 to remote] DEBUG org.apache.http.impl.conn.PoolingHttpClientConnectionManager  - Connection request: [route: {}->http://localhost:37262][total kept alive: 0; route allocated: 0 of 2000; total allocated: 0 of 2000]
12624 [Forwarding isElementEnabled on session b1310904-d161-49ca-a1a6-530fba7baea8 to remote] DEBUG org.apache.http.impl.conn.PoolingHttpClientConnectionManager  - Connection leased: [id: 63][route: {}->http://localhost:37262][total kept alive: 0; route allocated: 1 of 2000; total allocated: 1 of 2000]
12624 [Forwarding isElementEnabled on session b1310904-d161-49ca-a1a6-530fba7baea8 to remote] DEBUG org.apache.http.impl.execchain.MainClientExec  - Opening connection {}->http://localhost:37262
12624 [Forwarding isElementEnabled on session b1310904-d161-49ca-a1a6-530fba7baea8 to remote] DEBUG org.apache.http.impl.conn.HttpClientConnectionOperator  - Connecting to localhost/127.0.0.1:37262
12624 [Forwarding isElementEnabled on session b1310904-d161-49ca-a1a6-530fba7baea8 to remote] DEBUG org.apache.http.impl.conn.HttpClientConnectionOperator  - Connection established 127.0.0.1:17278<->127.0.0.1:37262
12624 [Forwarding isElementEnabled on session b1310904-d161-49ca-a1a6-530fba7baea8 to remote] DEBUG org.apache.http.impl.execchain.MainClientExec  - Executing request GET /session/b1310904-d161-49ca-a1a6-530fba7baea8/element/6a6438df-7b94-494d-a71e-c1e89998c697/enabled HTTP/1.1
12624 [Forwarding isElementEnabled on session b1310904-d161-49ca-a1a6-530fba7baea8 to remote] DEBUG org.apache.http.impl.execchain.MainClientExec  - Target auth state: UNCHALLENGED
12624 [Forwarding isElementEnabled on session b1310904-d161-49ca-a1a6-530fba7baea8 to remote] DEBUG org.apache.http.impl.execchain.MainClientExec  - Proxy auth state: UNCHALLENGED
12624 [Forwarding isElementEnabled on session b1310904-d161-49ca-a1a6-530fba7baea8 to remote] DEBUG org.apache.http.headers  - http-outgoing-63 >> GET /session/b1310904-d161-49ca-a1a6-530fba7baea8/element/6a6438df-7b94-494d-a71e-c1e89998c697/enabled HTTP/1.1
12624 [Forwarding isElementEnabled on session b1310904-d161-49ca-a1a6-530fba7baea8 to remote] DEBUG org.apache.http.headers  - http-outgoing-63 >> Cache-Control: no-cache
12624 [Forwarding isElementEnabled on session b1310904-d161-49ca-a1a6-530fba7baea8 to remote] DEBUG org.apache.http.headers  - http-outgoing-63 >> Host: localhost:37262
12624 [Forwarding isElementEnabled on session b1310904-d161-49ca-a1a6-530fba7baea8 to remote] DEBUG org.apache.http.headers  - http-outgoing-63 >> Connection: Keep-Alive
12624 [Forwarding isElementEnabled on session b1310904-d161-49ca-a1a6-530fba7baea8 to remote] DEBUG org.apache.http.headers  - http-outgoing-63 >> User-Agent: Apache-HttpClient/4.3.3 (java 1.5)
12624 [Forwarding isElementEnabled on session b1310904-d161-49ca-a1a6-530fba7baea8 to remote] DEBUG org.apache.http.headers  - http-outgoing-63 >> Accept-Encoding: gzip,deflate
12624 [Forwarding isElementEnabled on session b1310904-d161-49ca-a1a6-530fba7baea8 to remote] DEBUG org.apache.http.wire  - http-outgoing-63 >> "GET /session/b1310904-d161-49ca-a1a6-530fba7baea8/element/6a6438df-7b94-494d-a71e-c1e89998c697/enabled HTTP/1.1[\r][\n]"
12624 [Forwarding isElementEnabled on session b1310904-d161-49ca-a1a6-530fba7baea8 to remote] DEBUG org.apache.http.wire  - http-outgoing-63 >> "Cache-Control: no-cache[\r][\n]"
12624 [Forwarding isElementEnabled on session b1310904-d161-49ca-a1a6-530fba7baea8 to remote] DEBUG org.apache.http.wire  - http-outgoing-63 >> "Host: localhost:37262[\r][\n]"
12624 [Forwarding isElementEnabled on session b1310904-d161-49ca-a1a6-530fba7baea8 to remote] DEBUG org.apache.http.wire  - http-outgoing-63 >> "Connection: Keep-Alive[\r][\n]"
12624 [Forwarding isElementEnabled on session b1310904-d161-49ca-a1a6-530fba7baea8 to remote] DEBUG org.apache.http.wire  - http-outgoing-63 >> "User-Agent: Apache-HttpClient/4.3.3 (java 1.5)[\r][\n]"
12624 [Forwarding isElementEnabled on session b1310904-d161-49ca-a1a6-530fba7baea8 to remote] DEBUG org.apache.http.wire  - http-outgoing-63 >> "Accept-Encoding: gzip,deflate[\r][\n]"
12624 [Forwarding isElementEnabled on session b1310904-d161-49ca-a1a6-530fba7baea8 to remote] DEBUG org.apache.http.wire  - http-outgoing-63 >> "[\r][\n]"
12654 [Forwarding isElementEnabled on session b1310904-d161-49ca-a1a6-530fba7baea8 to remote] DEBUG org.apache.http.wire  - http-outgoing-63 << "HTTP/1.1 200 OK[\r][\n]"
12654 [Forwarding isElementEnabled on session b1310904-d161-49ca-a1a6-530fba7baea8 to remote] DEBUG org.apache.http.wire  - http-outgoing-63 << "Content-Length: 77[\r][\n]"
12654 [Forwarding isElementEnabled on session b1310904-d161-49ca-a1a6-530fba7baea8 to remote] DEBUG org.apache.http.wire  - http-outgoing-63 << "Content-Type: application/json; charset=UTF-8[\r][\n]"
12654 [Forwarding isElementEnabled on session b1310904-d161-49ca-a1a6-530fba7baea8 to remote] DEBUG org.apache.http.wire  - http-outgoing-63 << "Vary: Accept-Charset, Accept-Encoding, Accept-Language, Accept[\r][\n]"
12654 [Forwarding isElementEnabled on session b1310904-d161-49ca-a1a6-530fba7baea8 to remote] DEBUG org.apache.http.wire  - http-outgoing-63 << "Accept-Ranges: bytes[\r][\n]"
12654 [Forwarding isElementEnabled on session b1310904-d161-49ca-a1a6-530fba7baea8 to remote] DEBUG org.apache.http.wire  - http-outgoing-63 << "Connection: close[\r][\n]"
12654 [Forwarding isElementEnabled on session b1310904-d161-49ca-a1a6-530fba7baea8 to remote] DEBUG org.apache.http.wire  - http-outgoing-63 << "[\r][\n]"
12654 [Forwarding isElementEnabled on session b1310904-d161-49ca-a1a6-530fba7baea8 to remote] DEBUG org.apache.http.wire  - http-outgoing-63 << "{"sessionId":"b1310904-d161-49ca-a1a6-530fba7baea8","status":0,"value":true}[\n]"
12654 [Forwarding isElementEnabled on session b1310904-d161-49ca-a1a6-530fba7baea8 to remote] DEBUG org.apache.http.wire  - http-outgoing-63 << "[\r][\n]"
12654 [Forwarding isElementEnabled on session b1310904-d161-49ca-a1a6-530fba7baea8 to remote] DEBUG org.apache.http.headers  - http-outgoing-63 << HTTP/1.1 200 OK
12654 [Forwarding isElementEnabled on session b1310904-d161-49ca-a1a6-530fba7baea8 to remote] DEBUG org.apache.http.headers  - http-outgoing-63 << Content-Length: 77
12654 [Forwarding isElementEnabled on session b1310904-d161-49ca-a1a6-530fba7baea8 to remote] DEBUG org.apache.http.headers  - http-outgoing-63 << Content-Type: application/json; charset=UTF-8
12654 [Forwarding isElementEnabled on session b1310904-d161-49ca-a1a6-530fba7baea8 to remote] DEBUG org.apache.http.headers  - http-outgoing-63 << Vary: Accept-Charset, Accept-Encoding, Accept-Language, Accept
12654 [Forwarding isElementEnabled on session b1310904-d161-49ca-a1a6-530fba7baea8 to remote] DEBUG org.apache.http.headers  - http-outgoing-63 << Accept-Ranges: bytes
12654 [Forwarding isElementEnabled on session b1310904-d161-49ca-a1a6-530fba7baea8 to remote] DEBUG org.apache.http.headers  - http-outgoing-63 << Connection: close
12654 [Forwarding isElementEnabled on session b1310904-d161-49ca-a1a6-530fba7baea8 to remote] DEBUG org.apache.http.impl.conn.DefaultManagedHttpClientConnection  - http-outgoing-63: Shutdown connection
12654 [Forwarding isElementEnabled on session b1310904-d161-49ca-a1a6-530fba7baea8 to remote] DEBUG org.apache.http.impl.execchain.MainClientExec  - Connection discarded
12654 [Forwarding isElementEnabled on session b1310904-d161-49ca-a1a6-530fba7baea8 to remote] DEBUG org.apache.http.impl.conn.DefaultManagedHttpClientConnection  - http-outgoing-63: Close connection
12654 [Forwarding isElementEnabled on session b1310904-d161-49ca-a1a6-530fba7baea8 to remote] DEBUG org.apache.http.impl.conn.PoolingHttpClientConnectionManager  - Connection released: [id: 63][route: {}->http://localhost:37262][total kept alive: 0; route allocated: 0 of 2000; total allocated: 0 of 2000]
12654 [Forwarding findElement on session b1310904-d161-49ca-a1a6-530fba7baea8 to remote] DEBUG org.apache.http.client.protocol.RequestAddCookies  - CookieSpec selected: best-match
12654 [Forwarding findElement on session b1310904-d161-49ca-a1a6-530fba7baea8 to remote] DEBUG org.apache.http.client.protocol.RequestAuthCache  - Auth cache not set in the context
12654 [Forwarding findElement on session b1310904-d161-49ca-a1a6-530fba7baea8 to remote] DEBUG org.apache.http.impl.conn.PoolingHttpClientConnectionManager  - Connection request: [route: {}->http://localhost:37262][total kept alive: 0; route allocated: 0 of 2000; total allocated: 0 of 2000]
12654 [Forwarding findElement on session b1310904-d161-49ca-a1a6-530fba7baea8 to remote] DEBUG org.apache.http.impl.conn.PoolingHttpClientConnectionManager  - Connection leased: [id: 64][route: {}->http://localhost:37262][total kept alive: 0; route allocated: 1 of 2000; total allocated: 1 of 2000]
12654 [Forwarding findElement on session b1310904-d161-49ca-a1a6-530fba7baea8 to remote] DEBUG org.apache.http.impl.execchain.MainClientExec  - Opening connection {}->http://localhost:37262
12654 [Forwarding findElement on session b1310904-d161-49ca-a1a6-530fba7baea8 to remote] DEBUG org.apache.http.impl.conn.HttpClientConnectionOperator  - Connecting to localhost/127.0.0.1:37262
12654 [Forwarding findElement on session b1310904-d161-49ca-a1a6-530fba7baea8 to remote] DEBUG org.apache.http.impl.conn.HttpClientConnectionOperator  - Connection established 127.0.0.1:17279<->127.0.0.1:37262
12654 [Forwarding findElement on session b1310904-d161-49ca-a1a6-530fba7baea8 to remote] DEBUG org.apache.http.impl.execchain.MainClientExec  - Executing request POST /session/b1310904-d161-49ca-a1a6-530fba7baea8/element HTTP/1.1
12654 [Forwarding findElement on session b1310904-d161-49ca-a1a6-530fba7baea8 to remote] DEBUG org.apache.http.impl.execchain.MainClientExec  - Target auth state: UNCHALLENGED
12654 [Forwarding findElement on session b1310904-d161-49ca-a1a6-530fba7baea8 to remote] DEBUG org.apache.http.impl.execchain.MainClientExec  - Proxy auth state: UNCHALLENGED
12654 [Forwarding findElement on session b1310904-d161-49ca-a1a6-530fba7baea8 to remote] DEBUG org.apache.http.headers  - http-outgoing-64 >> POST /session/b1310904-d161-49ca-a1a6-530fba7baea8/element HTTP/1.1
12654 [Forwarding findElement on session b1310904-d161-49ca-a1a6-530fba7baea8 to remote] DEBUG org.apache.http.headers  - http-outgoing-64 >> Content-Type: application/json; charset=utf-8
12654 [Forwarding findElement on session b1310904-d161-49ca-a1a6-530fba7baea8 to remote] DEBUG org.apache.http.headers  - http-outgoing-64 >> Content-Length: 50
12654 [Forwarding findElement on session b1310904-d161-49ca-a1a6-530fba7baea8 to remote] DEBUG org.apache.http.headers  - http-outgoing-64 >> Host: localhost:37262
12654 [Forwarding findElement on session b1310904-d161-49ca-a1a6-530fba7baea8 to remote] DEBUG org.apache.http.headers  - http-outgoing-64 >> Connection: Keep-Alive
12654 [Forwarding findElement on session b1310904-d161-49ca-a1a6-530fba7baea8 to remote] DEBUG org.apache.http.headers  - http-outgoing-64 >> User-Agent: Apache-HttpClient/4.3.3 (java 1.5)
12654 [Forwarding findElement on session b1310904-d161-49ca-a1a6-530fba7baea8 to remote] DEBUG org.apache.http.headers  - http-outgoing-64 >> Accept-Encoding: gzip,deflate
12654 [Forwarding findElement on session b1310904-d161-49ca-a1a6-530fba7baea8 to remote] DEBUG org.apache.http.wire  - http-outgoing-64 >> "POST /session/b1310904-d161-49ca-a1a6-530fba7baea8/element HTTP/1.1[\r][\n]"
12654 [Forwarding findElement on session b1310904-d161-49ca-a1a6-530fba7baea8 to remote] DEBUG org.apache.http.wire  - http-outgoing-64 >> "Content-Type: application/json; charset=utf-8[\r][\n]"
12654 [Forwarding findElement on session b1310904-d161-49ca-a1a6-530fba7baea8 to remote] DEBUG org.apache.http.wire  - http-outgoing-64 >> "Content-Length: 50[\r][\n]"
12654 [Forwarding findElement on session b1310904-d161-49ca-a1a6-530fba7baea8 to remote] DEBUG org.apache.http.wire  - http-outgoing-64 >> "Host: localhost:37262[\r][\n]"
12654 [Forwarding findElement on session b1310904-d161-49ca-a1a6-530fba7baea8 to remote] DEBUG org.apache.http.wire  - http-outgoing-64 >> "Connection: Keep-Alive[\r][\n]"
12654 [Forwarding findElement on session b1310904-d161-49ca-a1a6-530fba7baea8 to remote] DEBUG org.apache.http.wire  - http-outgoing-64 >> "User-Agent: Apache-HttpClient/4.3.3 (java 1.5)[\r][\n]"
12654 [Forwarding findElement on session b1310904-d161-49ca-a1a6-530fba7baea8 to remote] DEBUG org.apache.http.wire  - http-outgoing-64 >> "Accept-Encoding: gzip,deflate[\r][\n]"
12654 [Forwarding findElement on session b1310904-d161-49ca-a1a6-530fba7baea8 to remote] DEBUG org.apache.http.wire  - http-outgoing-64 >> "[\r][\n]"
12654 [Forwarding findElement on session b1310904-d161-49ca-a1a6-530fba7baea8 to remote] DEBUG org.apache.http.wire  - http-outgoing-64 >> "{"using":"xpath","value":"//input[@name='login']"}"
12684 [Forwarding findElement on session b1310904-d161-49ca-a1a6-530fba7baea8 to remote] DEBUG org.apache.http.wire  - http-outgoing-64 << "HTTP/1.1 200 OK[\r][\n]"
12684 [Forwarding findElement on session b1310904-d161-49ca-a1a6-530fba7baea8 to remote] DEBUG org.apache.http.wire  - http-outgoing-64 << "Content-Length: 200[\r][\n]"
12684 [Forwarding findElement on session b1310904-d161-49ca-a1a6-530fba7baea8 to remote] DEBUG org.apache.http.wire  - http-outgoing-64 << "Content-Type: application/json; charset=UTF-8[\r][\n]"
12684 [Forwarding findElement on session b1310904-d161-49ca-a1a6-530fba7baea8 to remote] DEBUG org.apache.http.wire  - http-outgoing-64 << "Vary: Accept-Charset, Accept-Encoding, Accept-Language, Accept[\r][\n]"
12684 [Forwarding findElement on session b1310904-d161-49ca-a1a6-530fba7baea8 to remote] DEBUG org.apache.http.wire  - http-outgoing-64 << "Accept-Ranges: bytes[\r][\n]"
12684 [Forwarding findElement on session b1310904-d161-49ca-a1a6-530fba7baea8 to remote] DEBUG org.apache.http.wire  - http-outgoing-64 << "Connection: close[\r][\n]"
12684 [Forwarding findElement on session b1310904-d161-49ca-a1a6-530fba7baea8 to remote] DEBUG org.apache.http.wire  - http-outgoing-64 << "[\r][\n]"
12684 [Forwarding findElement on session b1310904-d161-49ca-a1a6-530fba7baea8 to remote] DEBUG org.apache.http.wire  - http-outgoing-64 << "{"sessionId":"b1310904-d161-49ca-a1a6-530fba7baea8","status":0,"value":{"ELEMENT":"6a6438df-7b94-494d-a71e-c1e89998c697","element-6066-11e4-a52e-4f735466cecf":"6a6438df-7b94-494d-a71e-c1e89998c697"}}[\n]"
12684 [Forwarding findElement on session b1310904-d161-49ca-a1a6-530fba7baea8 to remote] DEBUG org.apache.http.wire  - http-outgoing-64 << "[\r][\n]"
12684 [Forwarding findElement on session b1310904-d161-49ca-a1a6-530fba7baea8 to remote] DEBUG org.apache.http.headers  - http-outgoing-64 << HTTP/1.1 200 OK
12684 [Forwarding findElement on session b1310904-d161-49ca-a1a6-530fba7baea8 to remote] DEBUG org.apache.http.headers  - http-outgoing-64 << Content-Length: 200
12684 [Forwarding findElement on session b1310904-d161-49ca-a1a6-530fba7baea8 to remote] DEBUG org.apache.http.headers  - http-outgoing-64 << Content-Type: application/json; charset=UTF-8
12684 [Forwarding findElement on session b1310904-d161-49ca-a1a6-530fba7baea8 to remote] DEBUG org.apache.http.headers  - http-outgoing-64 << Vary: Accept-Charset, Accept-Encoding, Accept-Language, Accept
12684 [Forwarding findElement on session b1310904-d161-49ca-a1a6-530fba7baea8 to remote] DEBUG org.apache.http.headers  - http-outgoing-64 << Accept-Ranges: bytes
12684 [Forwarding findElement on session b1310904-d161-49ca-a1a6-530fba7baea8 to remote] DEBUG org.apache.http.headers  - http-outgoing-64 << Connection: close
12684 [Forwarding findElement on session b1310904-d161-49ca-a1a6-530fba7baea8 to remote] DEBUG org.apache.http.impl.conn.DefaultManagedHttpClientConnection  - http-outgoing-64: Shutdown connection
12684 [Forwarding findElement on session b1310904-d161-49ca-a1a6-530fba7baea8 to remote] DEBUG org.apache.http.impl.execchain.MainClientExec  - Connection discarded
12684 [Forwarding findElement on session b1310904-d161-49ca-a1a6-530fba7baea8 to remote] DEBUG org.apache.http.impl.conn.DefaultManagedHttpClientConnection  - http-outgoing-64: Close connection
12684 [Forwarding findElement on session b1310904-d161-49ca-a1a6-530fba7baea8 to remote] DEBUG org.apache.http.impl.conn.PoolingHttpClientConnectionManager  - Connection released: [id: 64][route: {}->http://localhost:37262][total kept alive: 0; route allocated: 0 of 2000; total allocated: 0 of 2000]
12684 [Forwarding isElementDisplayed on session b1310904-d161-49ca-a1a6-530fba7baea8 to remote] DEBUG org.apache.http.client.protocol.RequestAddCookies  - CookieSpec selected: best-match
12684 [Forwarding isElementDisplayed on session b1310904-d161-49ca-a1a6-530fba7baea8 to remote] DEBUG org.apache.http.client.protocol.RequestAuthCache  - Auth cache not set in the context
12684 [Forwarding isElementDisplayed on session b1310904-d161-49ca-a1a6-530fba7baea8 to remote] DEBUG org.apache.http.impl.conn.PoolingHttpClientConnectionManager  - Connection request: [route: {}->http://localhost:37262][total kept alive: 0; route allocated: 0 of 2000; total allocated: 0 of 2000]
12684 [Forwarding isElementDisplayed on session b1310904-d161-49ca-a1a6-530fba7baea8 to remote] DEBUG org.apache.http.impl.conn.PoolingHttpClientConnectionManager  - Connection leased: [id: 65][route: {}->http://localhost:37262][total kept alive: 0; route allocated: 1 of 2000; total allocated: 1 of 2000]
12684 [Forwarding isElementDisplayed on session b1310904-d161-49ca-a1a6-530fba7baea8 to remote] DEBUG org.apache.http.impl.execchain.MainClientExec  - Opening connection {}->http://localhost:37262
12684 [Forwarding isElementDisplayed on session b1310904-d161-49ca-a1a6-530fba7baea8 to remote] DEBUG org.apache.http.impl.conn.HttpClientConnectionOperator  - Connecting to localhost/127.0.0.1:37262
12684 [Forwarding isElementDisplayed on session b1310904-d161-49ca-a1a6-530fba7baea8 to remote] DEBUG org.apache.http.impl.conn.HttpClientConnectionOperator  - Connection established 127.0.0.1:17280<->127.0.0.1:37262
12684 [Forwarding isElementDisplayed on session b1310904-d161-49ca-a1a6-530fba7baea8 to remote] DEBUG org.apache.http.impl.execchain.MainClientExec  - Executing request GET /session/b1310904-d161-49ca-a1a6-530fba7baea8/element/6a6438df-7b94-494d-a71e-c1e89998c697/displayed HTTP/1.1
12684 [Forwarding isElementDisplayed on session b1310904-d161-49ca-a1a6-530fba7baea8 to remote] DEBUG org.apache.http.impl.execchain.MainClientExec  - Target auth state: UNCHALLENGED
12684 [Forwarding isElementDisplayed on session b1310904-d161-49ca-a1a6-530fba7baea8 to remote] DEBUG org.apache.http.impl.execchain.MainClientExec  - Proxy auth state: UNCHALLENGED
12684 [Forwarding isElementDisplayed on session b1310904-d161-49ca-a1a6-530fba7baea8 to remote] DEBUG org.apache.http.headers  - http-outgoing-65 >> GET /session/b1310904-d161-49ca-a1a6-530fba7baea8/element/6a6438df-7b94-494d-a71e-c1e89998c697/displayed HTTP/1.1
12684 [Forwarding isElementDisplayed on session b1310904-d161-49ca-a1a6-530fba7baea8 to remote] DEBUG org.apache.http.headers  - http-outgoing-65 >> Cache-Control: no-cache
12684 [Forwarding isElementDisplayed on session b1310904-d161-49ca-a1a6-530fba7baea8 to remote] DEBUG org.apache.http.headers  - http-outgoing-65 >> Host: localhost:37262
12684 [Forwarding isElementDisplayed on session b1310904-d161-49ca-a1a6-530fba7baea8 to remote] DEBUG org.apache.http.headers  - http-outgoing-65 >> Connection: Keep-Alive
12684 [Forwarding isElementDisplayed on session b1310904-d161-49ca-a1a6-530fba7baea8 to remote] DEBUG org.apache.http.headers  - http-outgoing-65 >> User-Agent: Apache-HttpClient/4.3.3 (java 1.5)
12684 [Forwarding isElementDisplayed on session b1310904-d161-49ca-a1a6-530fba7baea8 to remote] DEBUG org.apache.http.headers  - http-outgoing-65 >> Accept-Encoding: gzip,deflate
12684 [Forwarding isElementDisplayed on session b1310904-d161-49ca-a1a6-530fba7baea8 to remote] DEBUG org.apache.http.wire  - http-outgoing-65 >> "GET /session/b1310904-d161-49ca-a1a6-530fba7baea8/element/6a6438df-7b94-494d-a71e-c1e89998c697/displayed HTTP/1.1[\r][\n]"
12684 [Forwarding isElementDisplayed on session b1310904-d161-49ca-a1a6-530fba7baea8 to remote] DEBUG org.apache.http.wire  - http-outgoing-65 >> "Cache-Control: no-cache[\r][\n]"
12684 [Forwarding isElementDisplayed on session b1310904-d161-49ca-a1a6-530fba7baea8 to remote] DEBUG org.apache.http.wire  - http-outgoing-65 >> "Host: localhost:37262[\r][\n]"
12684 [Forwarding isElementDisplayed on session b1310904-d161-49ca-a1a6-530fba7baea8 to remote] DEBUG org.apache.http.wire  - http-outgoing-65 >> "Connection: Keep-Alive[\r][\n]"
12684 [Forwarding isElementDisplayed on session b1310904-d161-49ca-a1a6-530fba7baea8 to remote] DEBUG org.apache.http.wire  - http-outgoing-65 >> "User-Agent: Apache-HttpClient/4.3.3 (java 1.5)[\r][\n]"
12684 [Forwarding isElementDisplayed on session b1310904-d161-49ca-a1a6-530fba7baea8 to remote] DEBUG org.apache.http.wire  - http-outgoing-65 >> "Accept-Encoding: gzip,deflate[\r][\n]"
12684 [Forwarding isElementDisplayed on session b1310904-d161-49ca-a1a6-530fba7baea8 to remote] DEBUG org.apache.http.wire  - http-outgoing-65 >> "[\r][\n]"
12724 [Forwarding isElementDisplayed on session b1310904-d161-49ca-a1a6-530fba7baea8 to remote] DEBUG org.apache.http.wire  - http-outgoing-65 << "HTTP/1.1 200 OK[\r][\n]"
12724 [Forwarding isElementDisplayed on session b1310904-d161-49ca-a1a6-530fba7baea8 to remote] DEBUG org.apache.http.wire  - http-outgoing-65 << "Content-Length: 77[\r][\n]"
12724 [Forwarding isElementDisplayed on session b1310904-d161-49ca-a1a6-530fba7baea8 to remote] DEBUG org.apache.http.wire  - http-outgoing-65 << "Content-Type: application/json; charset=UTF-8[\r][\n]"
12724 [Forwarding isElementDisplayed on session b1310904-d161-49ca-a1a6-530fba7baea8 to remote] DEBUG org.apache.http.wire  - http-outgoing-65 << "Vary: Accept-Charset, Accept-Encoding, Accept-Language, Accept[\r][\n]"
12724 [Forwarding isElementDisplayed on session b1310904-d161-49ca-a1a6-530fba7baea8 to remote] DEBUG org.apache.http.wire  - http-outgoing-65 << "Accept-Ranges: bytes[\r][\n]"
12724 [Forwarding isElementDisplayed on session b1310904-d161-49ca-a1a6-530fba7baea8 to remote] DEBUG org.apache.http.wire  - http-outgoing-65 << "Connection: close[\r][\n]"
12724 [Forwarding isElementDisplayed on session b1310904-d161-49ca-a1a6-530fba7baea8 to remote] DEBUG org.apache.http.wire  - http-outgoing-65 << "[\r][\n]"
12724 [Forwarding isElementDisplayed on session b1310904-d161-49ca-a1a6-530fba7baea8 to remote] DEBUG org.apache.http.wire  - http-outgoing-65 << "{"sessionId":"b1310904-d161-49ca-a1a6-530fba7baea8","status":0,"value":true}[\n]"
12724 [Forwarding isElementDisplayed on session b1310904-d161-49ca-a1a6-530fba7baea8 to remote] DEBUG org.apache.http.wire  - http-outgoing-65 << "[\r][\n]"
12724 [Forwarding isElementDisplayed on session b1310904-d161-49ca-a1a6-530fba7baea8 to remote] DEBUG org.apache.http.headers  - http-outgoing-65 << HTTP/1.1 200 OK
12724 [Forwarding isElementDisplayed on session b1310904-d161-49ca-a1a6-530fba7baea8 to remote] DEBUG org.apache.http.headers  - http-outgoing-65 << Content-Length: 77
12724 [Forwarding isElementDisplayed on session b1310904-d161-49ca-a1a6-530fba7baea8 to remote] DEBUG org.apache.http.headers  - http-outgoing-65 << Content-Type: application/json; charset=UTF-8
12724 [Forwarding isElementDisplayed on session b1310904-d161-49ca-a1a6-530fba7baea8 to remote] DEBUG org.apache.http.headers  - http-outgoing-65 << Vary: Accept-Charset, Accept-Encoding, Accept-Language, Accept
12724 [Forwarding isElementDisplayed on session b1310904-d161-49ca-a1a6-530fba7baea8 to remote] DEBUG org.apache.http.headers  - http-outgoing-65 << Accept-Ranges: bytes
12724 [Forwarding isElementDisplayed on session b1310904-d161-49ca-a1a6-530fba7baea8 to remote] DEBUG org.apache.http.headers  - http-outgoing-65 << Connection: close
12724 [Forwarding isElementDisplayed on session b1310904-d161-49ca-a1a6-530fba7baea8 to remote] DEBUG org.apache.http.impl.conn.DefaultManagedHttpClientConnection  - http-outgoing-65: Shutdown connection
12724 [Forwarding isElementDisplayed on session b1310904-d161-49ca-a1a6-530fba7baea8 to remote] DEBUG org.apache.http.impl.execchain.MainClientExec  - Connection discarded
12724 [Forwarding isElementDisplayed on session b1310904-d161-49ca-a1a6-530fba7baea8 to remote] DEBUG org.apache.http.impl.conn.DefaultManagedHttpClientConnection  - http-outgoing-65: Close connection
12724 [Forwarding isElementDisplayed on session b1310904-d161-49ca-a1a6-530fba7baea8 to remote] DEBUG org.apache.http.impl.conn.PoolingHttpClientConnectionManager  - Connection released: [id: 65][route: {}->http://localhost:37262][total kept alive: 0; route allocated: 0 of 2000; total allocated: 0 of 2000]
12724 [Forwarding findElement on session b1310904-d161-49ca-a1a6-530fba7baea8 to remote] DEBUG org.apache.http.client.protocol.RequestAddCookies  - CookieSpec selected: best-match
12724 [Forwarding findElement on session b1310904-d161-49ca-a1a6-530fba7baea8 to remote] DEBUG org.apache.http.client.protocol.RequestAuthCache  - Auth cache not set in the context
12724 [Forwarding findElement on session b1310904-d161-49ca-a1a6-530fba7baea8 to remote] DEBUG org.apache.http.impl.conn.PoolingHttpClientConnectionManager  - Connection request: [route: {}->http://localhost:37262][total kept alive: 0; route allocated: 0 of 2000; total allocated: 0 of 2000]
12724 [Forwarding findElement on session b1310904-d161-49ca-a1a6-530fba7baea8 to remote] DEBUG org.apache.http.impl.conn.PoolingHttpClientConnectionManager  - Connection leased: [id: 66][route: {}->http://localhost:37262][total kept alive: 0; route allocated: 1 of 2000; total allocated: 1 of 2000]
12724 [Forwarding findElement on session b1310904-d161-49ca-a1a6-530fba7baea8 to remote] DEBUG org.apache.http.impl.execchain.MainClientExec  - Opening connection {}->http://localhost:37262
12724 [Forwarding findElement on session b1310904-d161-49ca-a1a6-530fba7baea8 to remote] DEBUG org.apache.http.impl.conn.HttpClientConnectionOperator  - Connecting to localhost/127.0.0.1:37262
12724 [Forwarding findElement on session b1310904-d161-49ca-a1a6-530fba7baea8 to remote] DEBUG org.apache.http.impl.conn.HttpClientConnectionOperator  - Connection established 127.0.0.1:17281<->127.0.0.1:37262
12724 [Forwarding findElement on session b1310904-d161-49ca-a1a6-530fba7baea8 to remote] DEBUG org.apache.http.impl.execchain.MainClientExec  - Executing request POST /session/b1310904-d161-49ca-a1a6-530fba7baea8/element HTTP/1.1
12724 [Forwarding findElement on session b1310904-d161-49ca-a1a6-530fba7baea8 to remote] DEBUG org.apache.http.impl.execchain.MainClientExec  - Target auth state: UNCHALLENGED
12724 [Forwarding findElement on session b1310904-d161-49ca-a1a6-530fba7baea8 to remote] DEBUG org.apache.http.impl.execchain.MainClientExec  - Proxy auth state: UNCHALLENGED
12724 [Forwarding findElement on session b1310904-d161-49ca-a1a6-530fba7baea8 to remote] DEBUG org.apache.http.headers  - http-outgoing-66 >> POST /session/b1310904-d161-49ca-a1a6-530fba7baea8/element HTTP/1.1
12724 [Forwarding findElement on session b1310904-d161-49ca-a1a6-530fba7baea8 to remote] DEBUG org.apache.http.headers  - http-outgoing-66 >> Content-Type: application/json; charset=utf-8
12724 [Forwarding findElement on session b1310904-d161-49ca-a1a6-530fba7baea8 to remote] DEBUG org.apache.http.headers  - http-outgoing-66 >> Content-Length: 50
12724 [Forwarding findElement on session b1310904-d161-49ca-a1a6-530fba7baea8 to remote] DEBUG org.apache.http.headers  - http-outgoing-66 >> Host: localhost:37262
12724 [Forwarding findElement on session b1310904-d161-49ca-a1a6-530fba7baea8 to remote] DEBUG org.apache.http.headers  - http-outgoing-66 >> Connection: Keep-Alive
12724 [Forwarding findElement on session b1310904-d161-49ca-a1a6-530fba7baea8 to remote] DEBUG org.apache.http.headers  - http-outgoing-66 >> User-Agent: Apache-HttpClient/4.3.3 (java 1.5)
12724 [Forwarding findElement on session b1310904-d161-49ca-a1a6-530fba7baea8 to remote] DEBUG org.apache.http.headers  - http-outgoing-66 >> Accept-Encoding: gzip,deflate
12724 [Forwarding findElement on session b1310904-d161-49ca-a1a6-530fba7baea8 to remote] DEBUG org.apache.http.wire  - http-outgoing-66 >> "POST /session/b1310904-d161-49ca-a1a6-530fba7baea8/element HTTP/1.1[\r][\n]"
12724 [Forwarding findElement on session b1310904-d161-49ca-a1a6-530fba7baea8 to remote] DEBUG org.apache.http.wire  - http-outgoing-66 >> "Content-Type: application/json; charset=utf-8[\r][\n]"
12724 [Forwarding findElement on session b1310904-d161-49ca-a1a6-530fba7baea8 to remote] DEBUG org.apache.http.wire  - http-outgoing-66 >> "Content-Length: 50[\r][\n]"
12724 [Forwarding findElement on session b1310904-d161-49ca-a1a6-530fba7baea8 to remote] DEBUG org.apache.http.wire  - http-outgoing-66 >> "Host: localhost:37262[\r][\n]"
12724 [Forwarding findElement on session b1310904-d161-49ca-a1a6-530fba7baea8 to remote] DEBUG org.apache.http.wire  - http-outgoing-66 >> "Connection: Keep-Alive[\r][\n]"
12724 [Forwarding findElement on session b1310904-d161-49ca-a1a6-530fba7baea8 to remote] DEBUG org.apache.http.wire  - http-outgoing-66 >> "User-Agent: Apache-HttpClient/4.3.3 (java 1.5)[\r][\n]"
12724 [Forwarding findElement on session b1310904-d161-49ca-a1a6-530fba7baea8 to remote] DEBUG org.apache.http.wire  - http-outgoing-66 >> "Accept-Encoding: gzip,deflate[\r][\n]"
12724 [Forwarding findElement on session b1310904-d161-49ca-a1a6-530fba7baea8 to remote] DEBUG org.apache.http.wire  - http-outgoing-66 >> "[\r][\n]"
12724 [Forwarding findElement on session b1310904-d161-49ca-a1a6-530fba7baea8 to remote] DEBUG org.apache.http.wire  - http-outgoing-66 >> "{"using":"xpath","value":"//input[@name='login']"}"
12754 [Forwarding findElement on session b1310904-d161-49ca-a1a6-530fba7baea8 to remote] DEBUG org.apache.http.wire  - http-outgoing-66 << "HTTP/1.1 200 OK[\r][\n]"
12754 [Forwarding findElement on session b1310904-d161-49ca-a1a6-530fba7baea8 to remote] DEBUG org.apache.http.wire  - http-outgoing-66 << "Content-Length: 200[\r][\n]"
12754 [Forwarding findElement on session b1310904-d161-49ca-a1a6-530fba7baea8 to remote] DEBUG org.apache.http.wire  - http-outgoing-66 << "Content-Type: application/json; charset=UTF-8[\r][\n]"
12754 [Forwarding findElement on session b1310904-d161-49ca-a1a6-530fba7baea8 to remote] DEBUG org.apache.http.wire  - http-outgoing-66 << "Vary: Accept-Charset, Accept-Encoding, Accept-Language, Accept[\r][\n]"
12754 [Forwarding findElement on session b1310904-d161-49ca-a1a6-530fba7baea8 to remote] DEBUG org.apache.http.wire  - http-outgoing-66 << "Accept-Ranges: bytes[\r][\n]"
12754 [Forwarding findElement on session b1310904-d161-49ca-a1a6-530fba7baea8 to remote] DEBUG org.apache.http.wire  - http-outgoing-66 << "Connection: close[\r][\n]"
12754 [Forwarding findElement on session b1310904-d161-49ca-a1a6-530fba7baea8 to remote] DEBUG org.apache.http.wire  - http-outgoing-66 << "[\r][\n]"
12754 [Forwarding findElement on session b1310904-d161-49ca-a1a6-530fba7baea8 to remote] DEBUG org.apache.http.wire  - http-outgoing-66 << "{"sessionId":"b1310904-d161-49ca-a1a6-530fba7baea8","status":0,"value":{"ELEMENT":"6a6438df-7b94-494d-a71e-c1e89998c697","element-6066-11e4-a52e-4f735466cecf":"6a6438df-7b94-494d-a71e-c1e89998c697"}}[\n]"
12754 [Forwarding findElement on session b1310904-d161-49ca-a1a6-530fba7baea8 to remote] DEBUG org.apache.http.wire  - http-outgoing-66 << "[\r][\n]"
12754 [Forwarding findElement on session b1310904-d161-49ca-a1a6-530fba7baea8 to remote] DEBUG org.apache.http.headers  - http-outgoing-66 << HTTP/1.1 200 OK
12754 [Forwarding findElement on session b1310904-d161-49ca-a1a6-530fba7baea8 to remote] DEBUG org.apache.http.headers  - http-outgoing-66 << Content-Length: 200
12754 [Forwarding findElement on session b1310904-d161-49ca-a1a6-530fba7baea8 to remote] DEBUG org.apache.http.headers  - http-outgoing-66 << Content-Type: application/json; charset=UTF-8
12754 [Forwarding findElement on session b1310904-d161-49ca-a1a6-530fba7baea8 to remote] DEBUG org.apache.http.headers  - http-outgoing-66 << Vary: Accept-Charset, Accept-Encoding, Accept-Language, Accept
12754 [Forwarding findElement on session b1310904-d161-49ca-a1a6-530fba7baea8 to remote] DEBUG org.apache.http.headers  - http-outgoing-66 << Accept-Ranges: bytes
12754 [Forwarding findElement on session b1310904-d161-49ca-a1a6-530fba7baea8 to remote] DEBUG org.apache.http.headers  - http-outgoing-66 << Connection: close
12754 [Forwarding findElement on session b1310904-d161-49ca-a1a6-530fba7baea8 to remote] DEBUG org.apache.http.impl.conn.DefaultManagedHttpClientConnection  - http-outgoing-66: Shutdown connection
12754 [Forwarding findElement on session b1310904-d161-49ca-a1a6-530fba7baea8 to remote] DEBUG org.apache.http.impl.execchain.MainClientExec  - Connection discarded
12754 [Forwarding findElement on session b1310904-d161-49ca-a1a6-530fba7baea8 to remote] DEBUG org.apache.http.impl.conn.DefaultManagedHttpClientConnection  - http-outgoing-66: Close connection
12754 [Forwarding findElement on session b1310904-d161-49ca-a1a6-530fba7baea8 to remote] DEBUG org.apache.http.impl.conn.PoolingHttpClientConnectionManager  - Connection released: [id: 66][route: {}->http://localhost:37262][total kept alive: 0; route allocated: 0 of 2000; total allocated: 0 of 2000]
12754 [Forwarding clickElement on session b1310904-d161-49ca-a1a6-530fba7baea8 to remote] DEBUG org.apache.http.client.protocol.RequestAddCookies  - CookieSpec selected: best-match
12754 [Forwarding clickElement on session b1310904-d161-49ca-a1a6-530fba7baea8 to remote] DEBUG org.apache.http.client.protocol.RequestAuthCache  - Auth cache not set in the context
12754 [Forwarding clickElement on session b1310904-d161-49ca-a1a6-530fba7baea8 to remote] DEBUG org.apache.http.impl.conn.PoolingHttpClientConnectionManager  - Connection request: [route: {}->http://localhost:37262][total kept alive: 0; route allocated: 0 of 2000; total allocated: 0 of 2000]
12754 [Forwarding clickElement on session b1310904-d161-49ca-a1a6-530fba7baea8 to remote] DEBUG org.apache.http.impl.conn.PoolingHttpClientConnectionManager  - Connection leased: [id: 67][route: {}->http://localhost:37262][total kept alive: 0; route allocated: 1 of 2000; total allocated: 1 of 2000]
12754 [Forwarding clickElement on session b1310904-d161-49ca-a1a6-530fba7baea8 to remote] DEBUG org.apache.http.impl.execchain.MainClientExec  - Opening connection {}->http://localhost:37262
12754 [Forwarding clickElement on session b1310904-d161-49ca-a1a6-530fba7baea8 to remote] DEBUG org.apache.http.impl.conn.HttpClientConnectionOperator  - Connecting to localhost/127.0.0.1:37262
12754 [Forwarding clickElement on session b1310904-d161-49ca-a1a6-530fba7baea8 to remote] DEBUG org.apache.http.impl.conn.HttpClientConnectionOperator  - Connection established 127.0.0.1:17282<->127.0.0.1:37262
12754 [Forwarding clickElement on session b1310904-d161-49ca-a1a6-530fba7baea8 to remote] DEBUG org.apache.http.impl.execchain.MainClientExec  - Executing request POST /session/b1310904-d161-49ca-a1a6-530fba7baea8/element/6a6438df-7b94-494d-a71e-c1e89998c697/click HTTP/1.1
12754 [Forwarding clickElement on session b1310904-d161-49ca-a1a6-530fba7baea8 to remote] DEBUG org.apache.http.impl.execchain.MainClientExec  - Target auth state: UNCHALLENGED
12754 [Forwarding clickElement on session b1310904-d161-49ca-a1a6-530fba7baea8 to remote] DEBUG org.apache.http.impl.execchain.MainClientExec  - Proxy auth state: UNCHALLENGED
12754 [Forwarding clickElement on session b1310904-d161-49ca-a1a6-530fba7baea8 to remote] DEBUG org.apache.http.headers  - http-outgoing-67 >> POST /session/b1310904-d161-49ca-a1a6-530fba7baea8/element/6a6438df-7b94-494d-a71e-c1e89998c697/click HTTP/1.1
12754 [Forwarding clickElement on session b1310904-d161-49ca-a1a6-530fba7baea8 to remote] DEBUG org.apache.http.headers  - http-outgoing-67 >> Content-Type: application/json; charset=utf-8
12754 [Forwarding clickElement on session b1310904-d161-49ca-a1a6-530fba7baea8 to remote] DEBUG org.apache.http.headers  - http-outgoing-67 >> Content-Length: 45
12754 [Forwarding clickElement on session b1310904-d161-49ca-a1a6-530fba7baea8 to remote] DEBUG org.apache.http.headers  - http-outgoing-67 >> Host: localhost:37262
12754 [Forwarding clickElement on session b1310904-d161-49ca-a1a6-530fba7baea8 to remote] DEBUG org.apache.http.headers  - http-outgoing-67 >> Connection: Keep-Alive
12754 [Forwarding clickElement on session b1310904-d161-49ca-a1a6-530fba7baea8 to remote] DEBUG org.apache.http.headers  - http-outgoing-67 >> User-Agent: Apache-HttpClient/4.3.3 (java 1.5)
12754 [Forwarding clickElement on session b1310904-d161-49ca-a1a6-530fba7baea8 to remote] DEBUG org.apache.http.headers  - http-outgoing-67 >> Accept-Encoding: gzip,deflate
12754 [Forwarding clickElement on session b1310904-d161-49ca-a1a6-530fba7baea8 to remote] DEBUG org.apache.http.wire  - http-outgoing-67 >> "POST /session/b1310904-d161-49ca-a1a6-530fba7baea8/element/6a6438df-7b94-494d-a71e-c1e89998c697/click HTTP/1.1[\r][\n]"
12754 [Forwarding clickElement on session b1310904-d161-49ca-a1a6-530fba7baea8 to remote] DEBUG org.apache.http.wire  - http-outgoing-67 >> "Content-Type: application/json; charset=utf-8[\r][\n]"
12754 [Forwarding clickElement on session b1310904-d161-49ca-a1a6-530fba7baea8 to remote] DEBUG org.apache.http.wire  - http-outgoing-67 >> "Content-Length: 45[\r][\n]"
12754 [Forwarding clickElement on session b1310904-d161-49ca-a1a6-530fba7baea8 to remote] DEBUG org.apache.http.wire  - http-outgoing-67 >> "Host: localhost:37262[\r][\n]"
12754 [Forwarding clickElement on session b1310904-d161-49ca-a1a6-530fba7baea8 to remote] DEBUG org.apache.http.wire  - http-outgoing-67 >> "Connection: Keep-Alive[\r][\n]"
12754 [Forwarding clickElement on session b1310904-d161-49ca-a1a6-530fba7baea8 to remote] DEBUG org.apache.http.wire  - http-outgoing-67 >> "User-Agent: Apache-HttpClient/4.3.3 (java 1.5)[\r][\n]"
12754 [Forwarding clickElement on session b1310904-d161-49ca-a1a6-530fba7baea8 to remote] DEBUG org.apache.http.wire  - http-outgoing-67 >> "Accept-Encoding: gzip,deflate[\r][\n]"
12754 [Forwarding clickElement on session b1310904-d161-49ca-a1a6-530fba7baea8 to remote] DEBUG org.apache.http.wire  - http-outgoing-67 >> "[\r][\n]"
12754 [Forwarding clickElement on session b1310904-d161-49ca-a1a6-530fba7baea8 to remote] DEBUG org.apache.http.wire  - http-outgoing-67 >> "{"id":"6a6438df-7b94-494d-a71e-c1e89998c697"}"
13234 [Forwarding clickElement on session b1310904-d161-49ca-a1a6-530fba7baea8 to remote] DEBUG org.apache.http.wire  - http-outgoing-67 << "HTTP/1.1 200 OK[\r][\n]"
13234 [Forwarding clickElement on session b1310904-d161-49ca-a1a6-530fba7baea8 to remote] DEBUG org.apache.http.wire  - http-outgoing-67 << "Content-Length: 77[\r][\n]"
13234 [Forwarding clickElement on session b1310904-d161-49ca-a1a6-530fba7baea8 to remote] DEBUG org.apache.http.wire  - http-outgoing-67 << "Content-Type: application/json; charset=UTF-8[\r][\n]"
13234 [Forwarding clickElement on session b1310904-d161-49ca-a1a6-530fba7baea8 to remote] DEBUG org.apache.http.wire  - http-outgoing-67 << "Vary: Accept-Charset, Accept-Encoding, Accept-Language, Accept[\r][\n]"
13234 [Forwarding clickElement on session b1310904-d161-49ca-a1a6-530fba7baea8 to remote] DEBUG org.apache.http.wire  - http-outgoing-67 << "Accept-Ranges: bytes[\r][\n]"
13234 [Forwarding clickElement on session b1310904-d161-49ca-a1a6-530fba7baea8 to remote] DEBUG org.apache.http.wire  - http-outgoing-67 << "Connection: close[\r][\n]"
13234 [Forwarding clickElement on session b1310904-d161-49ca-a1a6-530fba7baea8 to remote] DEBUG org.apache.http.wire  - http-outgoing-67 << "[\r][\n]"
13234 [Forwarding clickElement on session b1310904-d161-49ca-a1a6-530fba7baea8 to remote] DEBUG org.apache.http.wire  - http-outgoing-67 << "{"sessionId":"b1310904-d161-49ca-a1a6-530fba7baea8","status":0,"value":null}[\n]"
13234 [Forwarding clickElement on session b1310904-d161-49ca-a1a6-530fba7baea8 to remote] DEBUG org.apache.http.wire  - http-outgoing-67 << "[\r][\n]"
13234 [Forwarding clickElement on session b1310904-d161-49ca-a1a6-530fba7baea8 to remote] DEBUG org.apache.http.headers  - http-outgoing-67 << HTTP/1.1 200 OK
13234 [Forwarding clickElement on session b1310904-d161-49ca-a1a6-530fba7baea8 to remote] DEBUG org.apache.http.headers  - http-outgoing-67 << Content-Length: 77
13234 [Forwarding clickElement on session b1310904-d161-49ca-a1a6-530fba7baea8 to remote] DEBUG org.apache.http.headers  - http-outgoing-67 << Content-Type: application/json; charset=UTF-8
13234 [Forwarding clickElement on session b1310904-d161-49ca-a1a6-530fba7baea8 to remote] DEBUG org.apache.http.headers  - http-outgoing-67 << Vary: Accept-Charset, Accept-Encoding, Accept-Language, Accept
13234 [Forwarding clickElement on session b1310904-d161-49ca-a1a6-530fba7baea8 to remote] DEBUG org.apache.http.headers  - http-outgoing-67 << Accept-Ranges: bytes
13234 [Forwarding clickElement on session b1310904-d161-49ca-a1a6-530fba7baea8 to remote] DEBUG org.apache.http.headers  - http-outgoing-67 << Connection: close
13234 [Forwarding clickElement on session b1310904-d161-49ca-a1a6-530fba7baea8 to remote] DEBUG org.apache.http.impl.conn.DefaultManagedHttpClientConnection  - http-outgoing-67: Shutdown connection
13234 [Forwarding clickElement on session b1310904-d161-49ca-a1a6-530fba7baea8 to remote] DEBUG org.apache.http.impl.execchain.MainClientExec  - Connection discarded
13234 [Forwarding clickElement on session b1310904-d161-49ca-a1a6-530fba7baea8 to remote] DEBUG org.apache.http.impl.conn.DefaultManagedHttpClientConnection  - http-outgoing-67: Close connection
13234 [Forwarding clickElement on session b1310904-d161-49ca-a1a6-530fba7baea8 to remote] DEBUG org.apache.http.impl.conn.PoolingHttpClientConnectionManager  - Connection released: [id: 67][route: {}->http://localhost:37262][total kept alive: 0; route allocated: 0 of 2000; total allocated: 0 of 2000]
13234 [main] INFO  ./TestResults/2017_09_06_05_36_38_PM/LogFile.log  - Clicked on WebElement-Login
13234 [main] INFO  ./TestResults/2017_09_06_05_36_38_PM/LogFile.log  - Report step generation success : Clicked on WebElement-Login
green3
13234 [Forwarding findElement on session b1310904-d161-49ca-a1a6-530fba7baea8 to remote] DEBUG org.apache.http.client.protocol.RequestAddCookies  - CookieSpec selected: best-match
13234 [Forwarding findElement on session b1310904-d161-49ca-a1a6-530fba7baea8 to remote] DEBUG org.apache.http.client.protocol.RequestAuthCache  - Auth cache not set in the context
13235 [Forwarding findElement on session b1310904-d161-49ca-a1a6-530fba7baea8 to remote] DEBUG org.apache.http.impl.conn.PoolingHttpClientConnectionManager  - Connection request: [route: {}->http://localhost:37262][total kept alive: 0; route allocated: 0 of 2000; total allocated: 0 of 2000]
13235 [Forwarding findElement on session b1310904-d161-49ca-a1a6-530fba7baea8 to remote] DEBUG org.apache.http.impl.conn.PoolingHttpClientConnectionManager  - Connection leased: [id: 68][route: {}->http://localhost:37262][total kept alive: 0; route allocated: 1 of 2000; total allocated: 1 of 2000]
13235 [Forwarding findElement on session b1310904-d161-49ca-a1a6-530fba7baea8 to remote] DEBUG org.apache.http.impl.execchain.MainClientExec  - Opening connection {}->http://localhost:37262
13235 [Forwarding findElement on session b1310904-d161-49ca-a1a6-530fba7baea8 to remote] DEBUG org.apache.http.impl.conn.HttpClientConnectionOperator  - Connecting to localhost/127.0.0.1:37262
13235 [Forwarding findElement on session b1310904-d161-49ca-a1a6-530fba7baea8 to remote] DEBUG org.apache.http.impl.conn.HttpClientConnectionOperator  - Connection established 127.0.0.1:17283<->127.0.0.1:37262
13235 [Forwarding findElement on session b1310904-d161-49ca-a1a6-530fba7baea8 to remote] DEBUG org.apache.http.impl.execchain.MainClientExec  - Executing request POST /session/b1310904-d161-49ca-a1a6-530fba7baea8/element HTTP/1.1
13235 [Forwarding findElement on session b1310904-d161-49ca-a1a6-530fba7baea8 to remote] DEBUG org.apache.http.impl.execchain.MainClientExec  - Target auth state: UNCHALLENGED
13235 [Forwarding findElement on session b1310904-d161-49ca-a1a6-530fba7baea8 to remote] DEBUG org.apache.http.impl.execchain.MainClientExec  - Proxy auth state: UNCHALLENGED
13235 [Forwarding findElement on session b1310904-d161-49ca-a1a6-530fba7baea8 to remote] DEBUG org.apache.http.headers  - http-outgoing-68 >> POST /session/b1310904-d161-49ca-a1a6-530fba7baea8/element HTTP/1.1
13235 [Forwarding findElement on session b1310904-d161-49ca-a1a6-530fba7baea8 to remote] DEBUG org.apache.http.headers  - http-outgoing-68 >> Content-Type: application/json; charset=utf-8
13235 [Forwarding findElement on session b1310904-d161-49ca-a1a6-530fba7baea8 to remote] DEBUG org.apache.http.headers  - http-outgoing-68 >> Content-Length: 50
13235 [Forwarding findElement on session b1310904-d161-49ca-a1a6-530fba7baea8 to remote] DEBUG org.apache.http.headers  - http-outgoing-68 >> Host: localhost:37262
13235 [Forwarding findElement on session b1310904-d161-49ca-a1a6-530fba7baea8 to remote] DEBUG org.apache.http.headers  - http-outgoing-68 >> Connection: Keep-Alive
13235 [Forwarding findElement on session b1310904-d161-49ca-a1a6-530fba7baea8 to remote] DEBUG org.apache.http.headers  - http-outgoing-68 >> User-Agent: Apache-HttpClient/4.3.3 (java 1.5)
13235 [Forwarding findElement on session b1310904-d161-49ca-a1a6-530fba7baea8 to remote] DEBUG org.apache.http.headers  - http-outgoing-68 >> Accept-Encoding: gzip,deflate
13235 [Forwarding findElement on session b1310904-d161-49ca-a1a6-530fba7baea8 to remote] DEBUG org.apache.http.wire  - http-outgoing-68 >> "POST /session/b1310904-d161-49ca-a1a6-530fba7baea8/element HTTP/1.1[\r][\n]"
13235 [Forwarding findElement on session b1310904-d161-49ca-a1a6-530fba7baea8 to remote] DEBUG org.apache.http.wire  - http-outgoing-68 >> "Content-Type: application/json; charset=utf-8[\r][\n]"
13235 [Forwarding findElement on session b1310904-d161-49ca-a1a6-530fba7baea8 to remote] DEBUG org.apache.http.wire  - http-outgoing-68 >> "Content-Length: 50[\r][\n]"
13235 [Forwarding findElement on session b1310904-d161-49ca-a1a6-530fba7baea8 to remote] DEBUG org.apache.http.wire  - http-outgoing-68 >> "Host: localhost:37262[\r][\n]"
13235 [Forwarding findElement on session b1310904-d161-49ca-a1a6-530fba7baea8 to remote] DEBUG org.apache.http.wire  - http-outgoing-68 >> "Connection: Keep-Alive[\r][\n]"
13235 [Forwarding findElement on session b1310904-d161-49ca-a1a6-530fba7baea8 to remote] DEBUG org.apache.http.wire  - http-outgoing-68 >> "User-Agent: Apache-HttpClient/4.3.3 (java 1.5)[\r][\n]"
13235 [Forwarding findElement on session b1310904-d161-49ca-a1a6-530fba7baea8 to remote] DEBUG org.apache.http.wire  - http-outgoing-68 >> "Accept-Encoding: gzip,deflate[\r][\n]"
13235 [Forwarding findElement on session b1310904-d161-49ca-a1a6-530fba7baea8 to remote] DEBUG org.apache.http.wire  - http-outgoing-68 >> "[\r][\n]"
13235 [Forwarding findElement on session b1310904-d161-49ca-a1a6-530fba7baea8 to remote] DEBUG org.apache.http.wire  - http-outgoing-68 >> "{"using":"xpath","value":"//input[@name='Reset']"}"
13525 [Forwarding findElement on session b1310904-d161-49ca-a1a6-530fba7baea8 to remote] DEBUG org.apache.http.wire  - http-outgoing-68 << "HTTP/1.1 500 Internal Server Error[\r][\n]"
13525 [Forwarding findElement on session b1310904-d161-49ca-a1a6-530fba7baea8 to remote] DEBUG org.apache.http.wire  - http-outgoing-68 << "Content-Length: 146[\r][\n]"
13525 [Forwarding findElement on session b1310904-d161-49ca-a1a6-530fba7baea8 to remote] DEBUG org.apache.http.wire  - http-outgoing-68 << "Content-Type: application/json; charset=UTF-8[\r][\n]"
13525 [Forwarding findElement on session b1310904-d161-49ca-a1a6-530fba7baea8 to remote] DEBUG org.apache.http.wire  - http-outgoing-68 << "Vary: Accept-Charset, Accept-Encoding, Accept-Language, Accept[\r][\n]"
13525 [Forwarding findElement on session b1310904-d161-49ca-a1a6-530fba7baea8 to remote] DEBUG org.apache.http.wire  - http-outgoing-68 << "Accept-Ranges: bytes[\r][\n]"
13525 [Forwarding findElement on session b1310904-d161-49ca-a1a6-530fba7baea8 to remote] DEBUG org.apache.http.wire  - http-outgoing-68 << "Connection: close[\r][\n]"
13525 [Forwarding findElement on session b1310904-d161-49ca-a1a6-530fba7baea8 to remote] DEBUG org.apache.http.wire  - http-outgoing-68 << "[\r][\n]"
13525 [Forwarding findElement on session b1310904-d161-49ca-a1a6-530fba7baea8 to remote] DEBUG org.apache.http.wire  - http-outgoing-68 << "{"sessionId":"b1310904-d161-49ca-a1a6-530fba7baea8","status":7,"value":{"message":"Unable to find element with xpath == //input[@name='Reset']"}}[\n]"
13525 [Forwarding findElement on session b1310904-d161-49ca-a1a6-530fba7baea8 to remote] DEBUG org.apache.http.wire  - http-outgoing-68 << "[\r][\n]"
13525 [Forwarding findElement on session b1310904-d161-49ca-a1a6-530fba7baea8 to remote] DEBUG org.apache.http.headers  - http-outgoing-68 << HTTP/1.1 500 Internal Server Error
13525 [Forwarding findElement on session b1310904-d161-49ca-a1a6-530fba7baea8 to remote] DEBUG org.apache.http.headers  - http-outgoing-68 << Content-Length: 146
13525 [Forwarding findElement on session b1310904-d161-49ca-a1a6-530fba7baea8 to remote] DEBUG org.apache.http.headers  - http-outgoing-68 << Content-Type: application/json; charset=UTF-8
13525 [Forwarding findElement on session b1310904-d161-49ca-a1a6-530fba7baea8 to remote] DEBUG org.apache.http.headers  - http-outgoing-68 << Vary: Accept-Charset, Accept-Encoding, Accept-Language, Accept
13525 [Forwarding findElement on session b1310904-d161-49ca-a1a6-530fba7baea8 to remote] DEBUG org.apache.http.headers  - http-outgoing-68 << Accept-Ranges: bytes
13525 [Forwarding findElement on session b1310904-d161-49ca-a1a6-530fba7baea8 to remote] DEBUG org.apache.http.headers  - http-outgoing-68 << Connection: close
13525 [Forwarding findElement on session b1310904-d161-49ca-a1a6-530fba7baea8 to remote] DEBUG org.apache.http.impl.conn.DefaultManagedHttpClientConnection  - http-outgoing-68: Shutdown connection
13525 [Forwarding findElement on session b1310904-d161-49ca-a1a6-530fba7baea8 to remote] DEBUG org.apache.http.impl.execchain.MainClientExec  - Connection discarded
13525 [Forwarding findElement on session b1310904-d161-49ca-a1a6-530fba7baea8 to remote] DEBUG org.apache.http.impl.conn.DefaultManagedHttpClientConnection  - http-outgoing-68: Close connection
13525 [Forwarding findElement on session b1310904-d161-49ca-a1a6-530fba7baea8 to remote] DEBUG org.apache.http.impl.conn.PoolingHttpClientConnectionManager  - Connection released: [id: 68][route: {}->http://localhost:37262][total kept alive: 0; route allocated: 0 of 2000; total allocated: 0 of 2000]
14025 [Forwarding findElement on session b1310904-d161-49ca-a1a6-530fba7baea8 to remote] DEBUG org.apache.http.client.protocol.RequestAddCookies  - CookieSpec selected: best-match
14025 [Forwarding findElement on session b1310904-d161-49ca-a1a6-530fba7baea8 to remote] DEBUG org.apache.http.client.protocol.RequestAuthCache  - Auth cache not set in the context
14025 [Forwarding findElement on session b1310904-d161-49ca-a1a6-530fba7baea8 to remote] DEBUG org.apache.http.impl.conn.PoolingHttpClientConnectionManager  - Connection request: [route: {}->http://localhost:37262][total kept alive: 0; route allocated: 0 of 2000; total allocated: 0 of 2000]
14025 [Forwarding findElement on session b1310904-d161-49ca-a1a6-530fba7baea8 to remote] DEBUG org.apache.http.impl.conn.PoolingHttpClientConnectionManager  - Connection leased: [id: 69][route: {}->http://localhost:37262][total kept alive: 0; route allocated: 1 of 2000; total allocated: 1 of 2000]
14025 [Forwarding findElement on session b1310904-d161-49ca-a1a6-530fba7baea8 to remote] DEBUG org.apache.http.impl.execchain.MainClientExec  - Opening connection {}->http://localhost:37262
14025 [Forwarding findElement on session b1310904-d161-49ca-a1a6-530fba7baea8 to remote] DEBUG org.apache.http.impl.conn.HttpClientConnectionOperator  - Connecting to localhost/127.0.0.1:37262
14025 [Forwarding findElement on session b1310904-d161-49ca-a1a6-530fba7baea8 to remote] DEBUG org.apache.http.impl.conn.HttpClientConnectionOperator  - Connection established 127.0.0.1:17284<->127.0.0.1:37262
14025 [Forwarding findElement on session b1310904-d161-49ca-a1a6-530fba7baea8 to remote] DEBUG org.apache.http.impl.execchain.MainClientExec  - Executing request POST /session/b1310904-d161-49ca-a1a6-530fba7baea8/element HTTP/1.1
14025 [Forwarding findElement on session b1310904-d161-49ca-a1a6-530fba7baea8 to remote] DEBUG org.apache.http.impl.execchain.MainClientExec  - Target auth state: UNCHALLENGED
14025 [Forwarding findElement on session b1310904-d161-49ca-a1a6-530fba7baea8 to remote] DEBUG org.apache.http.impl.execchain.MainClientExec  - Proxy auth state: UNCHALLENGED
14025 [Forwarding findElement on session b1310904-d161-49ca-a1a6-530fba7baea8 to remote] DEBUG org.apache.http.headers  - http-outgoing-69 >> POST /session/b1310904-d161-49ca-a1a6-530fba7baea8/element HTTP/1.1
14025 [Forwarding findElement on session b1310904-d161-49ca-a1a6-530fba7baea8 to remote] DEBUG org.apache.http.headers  - http-outgoing-69 >> Content-Type: application/json; charset=utf-8
14025 [Forwarding findElement on session b1310904-d161-49ca-a1a6-530fba7baea8 to remote] DEBUG org.apache.http.headers  - http-outgoing-69 >> Content-Length: 50
14025 [Forwarding findElement on session b1310904-d161-49ca-a1a6-530fba7baea8 to remote] DEBUG org.apache.http.headers  - http-outgoing-69 >> Host: localhost:37262
14025 [Forwarding findElement on session b1310904-d161-49ca-a1a6-530fba7baea8 to remote] DEBUG org.apache.http.headers  - http-outgoing-69 >> Connection: Keep-Alive
14025 [Forwarding findElement on session b1310904-d161-49ca-a1a6-530fba7baea8 to remote] DEBUG org.apache.http.headers  - http-outgoing-69 >> User-Agent: Apache-HttpClient/4.3.3 (java 1.5)
14025 [Forwarding findElement on session b1310904-d161-49ca-a1a6-530fba7baea8 to remote] DEBUG org.apache.http.headers  - http-outgoing-69 >> Accept-Encoding: gzip,deflate
14025 [Forwarding findElement on session b1310904-d161-49ca-a1a6-530fba7baea8 to remote] DEBUG org.apache.http.wire  - http-outgoing-69 >> "POST /session/b1310904-d161-49ca-a1a6-530fba7baea8/element HTTP/1.1[\r][\n]"
14025 [Forwarding findElement on session b1310904-d161-49ca-a1a6-530fba7baea8 to remote] DEBUG org.apache.http.wire  - http-outgoing-69 >> "Content-Type: application/json; charset=utf-8[\r][\n]"
14025 [Forwarding findElement on session b1310904-d161-49ca-a1a6-530fba7baea8 to remote] DEBUG org.apache.http.wire  - http-outgoing-69 >> "Content-Length: 50[\r][\n]"
14025 [Forwarding findElement on session b1310904-d161-49ca-a1a6-530fba7baea8 to remote] DEBUG org.apache.http.wire  - http-outgoing-69 >> "Host: localhost:37262[\r][\n]"
14025 [Forwarding findElement on session b1310904-d161-49ca-a1a6-530fba7baea8 to remote] DEBUG org.apache.http.wire  - http-outgoing-69 >> "Connection: Keep-Alive[\r][\n]"
14025 [Forwarding findElement on session b1310904-d161-49ca-a1a6-530fba7baea8 to remote] DEBUG org.apache.http.wire  - http-outgoing-69 >> "User-Agent: Apache-HttpClient/4.3.3 (java 1.5)[\r][\n]"
14025 [Forwarding findElement on session b1310904-d161-49ca-a1a6-530fba7baea8 to remote] DEBUG org.apache.http.wire  - http-outgoing-69 >> "Accept-Encoding: gzip,deflate[\r][\n]"
14025 [Forwarding findElement on session b1310904-d161-49ca-a1a6-530fba7baea8 to remote] DEBUG org.apache.http.wire  - http-outgoing-69 >> "[\r][\n]"
14025 [Forwarding findElement on session b1310904-d161-49ca-a1a6-530fba7baea8 to remote] DEBUG org.apache.http.wire  - http-outgoing-69 >> "{"using":"xpath","value":"//input[@name='Reset']"}"
14305 [Forwarding findElement on session b1310904-d161-49ca-a1a6-530fba7baea8 to remote] DEBUG org.apache.http.wire  - http-outgoing-69 << "HTTP/1.1 500 Internal Server Error[\r][\n]"
14305 [Forwarding findElement on session b1310904-d161-49ca-a1a6-530fba7baea8 to remote] DEBUG org.apache.http.wire  - http-outgoing-69 << "Content-Length: 146[\r][\n]"
14305 [Forwarding findElement on session b1310904-d161-49ca-a1a6-530fba7baea8 to remote] DEBUG org.apache.http.wire  - http-outgoing-69 << "Content-Type: application/json; charset=UTF-8[\r][\n]"
14305 [Forwarding findElement on session b1310904-d161-49ca-a1a6-530fba7baea8 to remote] DEBUG org.apache.http.wire  - http-outgoing-69 << "Vary: Accept-Charset, Accept-Encoding, Accept-Language, Accept[\r][\n]"
14305 [Forwarding findElement on session b1310904-d161-49ca-a1a6-530fba7baea8 to remote] DEBUG org.apache.http.wire  - http-outgoing-69 << "Accept-Ranges: bytes[\r][\n]"
14305 [Forwarding findElement on session b1310904-d161-49ca-a1a6-530fba7baea8 to remote] DEBUG org.apache.http.wire  - http-outgoing-69 << "Connection: close[\r][\n]"
14305 [Forwarding findElement on session b1310904-d161-49ca-a1a6-530fba7baea8 to remote] DEBUG org.apache.http.wire  - http-outgoing-69 << "[\r][\n]"
14305 [Forwarding findElement on session b1310904-d161-49ca-a1a6-530fba7baea8 to remote] DEBUG org.apache.http.wire  - http-outgoing-69 << "{"sessionId":"b1310904-d161-49ca-a1a6-530fba7baea8","status":7,"value":{"message":"Unable to find element with xpath == //input[@name='Reset']"}}[\n]"
14305 [Forwarding findElement on session b1310904-d161-49ca-a1a6-530fba7baea8 to remote] DEBUG org.apache.http.wire  - http-outgoing-69 << "[\r][\n]"
14305 [Forwarding findElement on session b1310904-d161-49ca-a1a6-530fba7baea8 to remote] DEBUG org.apache.http.headers  - http-outgoing-69 << HTTP/1.1 500 Internal Server Error
14305 [Forwarding findElement on session b1310904-d161-49ca-a1a6-530fba7baea8 to remote] DEBUG org.apache.http.headers  - http-outgoing-69 << Content-Length: 146
14305 [Forwarding findElement on session b1310904-d161-49ca-a1a6-530fba7baea8 to remote] DEBUG org.apache.http.headers  - http-outgoing-69 << Content-Type: application/json; charset=UTF-8
14305 [Forwarding findElement on session b1310904-d161-49ca-a1a6-530fba7baea8 to remote] DEBUG org.apache.http.headers  - http-outgoing-69 << Vary: Accept-Charset, Accept-Encoding, Accept-Language, Accept
14305 [Forwarding findElement on session b1310904-d161-49ca-a1a6-530fba7baea8 to remote] DEBUG org.apache.http.headers  - http-outgoing-69 << Accept-Ranges: bytes
14305 [Forwarding findElement on session b1310904-d161-49ca-a1a6-530fba7baea8 to remote] DEBUG org.apache.http.headers  - http-outgoing-69 << Connection: close
14305 [Forwarding findElement on session b1310904-d161-49ca-a1a6-530fba7baea8 to remote] DEBUG org.apache.http.impl.conn.DefaultManagedHttpClientConnection  - http-outgoing-69: Shutdown connection
14305 [Forwarding findElement on session b1310904-d161-49ca-a1a6-530fba7baea8 to remote] DEBUG org.apache.http.impl.execchain.MainClientExec  - Connection discarded
14305 [Forwarding findElement on session b1310904-d161-49ca-a1a6-530fba7baea8 to remote] DEBUG org.apache.http.impl.conn.DefaultManagedHttpClientConnection  - http-outgoing-69: Close connection
14305 [Forwarding findElement on session b1310904-d161-49ca-a1a6-530fba7baea8 to remote] DEBUG org.apache.http.impl.conn.PoolingHttpClientConnectionManager  - Connection released: [id: 69][route: {}->http://localhost:37262][total kept alive: 0; route allocated: 0 of 2000; total allocated: 0 of 2000]
14806 [Forwarding findElement on session b1310904-d161-49ca-a1a6-530fba7baea8 to remote] DEBUG org.apache.http.client.protocol.RequestAddCookies  - CookieSpec selected: best-match
14806 [Forwarding findElement on session b1310904-d161-49ca-a1a6-530fba7baea8 to remote] DEBUG org.apache.http.client.protocol.RequestAuthCache  - Auth cache not set in the context
14806 [Forwarding findElement on session b1310904-d161-49ca-a1a6-530fba7baea8 to remote] DEBUG org.apache.http.impl.conn.PoolingHttpClientConnectionManager  - Connection request: [route: {}->http://localhost:37262][total kept alive: 0; route allocated: 0 of 2000; total allocated: 0 of 2000]
14806 [Forwarding findElement on session b1310904-d161-49ca-a1a6-530fba7baea8 to remote] DEBUG org.apache.http.impl.conn.PoolingHttpClientConnectionManager  - Connection leased: [id: 70][route: {}->http://localhost:37262][total kept alive: 0; route allocated: 1 of 2000; total allocated: 1 of 2000]
14806 [Forwarding findElement on session b1310904-d161-49ca-a1a6-530fba7baea8 to remote] DEBUG org.apache.http.impl.execchain.MainClientExec  - Opening connection {}->http://localhost:37262
14806 [Forwarding findElement on session b1310904-d161-49ca-a1a6-530fba7baea8 to remote] DEBUG org.apache.http.impl.conn.HttpClientConnectionOperator  - Connecting to localhost/127.0.0.1:37262
14806 [Forwarding findElement on session b1310904-d161-49ca-a1a6-530fba7baea8 to remote] DEBUG org.apache.http.impl.conn.HttpClientConnectionOperator  - Connection established 127.0.0.1:17285<->127.0.0.1:37262
14806 [Forwarding findElement on session b1310904-d161-49ca-a1a6-530fba7baea8 to remote] DEBUG org.apache.http.impl.execchain.MainClientExec  - Executing request POST /session/b1310904-d161-49ca-a1a6-530fba7baea8/element HTTP/1.1
14806 [Forwarding findElement on session b1310904-d161-49ca-a1a6-530fba7baea8 to remote] DEBUG org.apache.http.impl.execchain.MainClientExec  - Target auth state: UNCHALLENGED
14806 [Forwarding findElement on session b1310904-d161-49ca-a1a6-530fba7baea8 to remote] DEBUG org.apache.http.impl.execchain.MainClientExec  - Proxy auth state: UNCHALLENGED
14806 [Forwarding findElement on session b1310904-d161-49ca-a1a6-530fba7baea8 to remote] DEBUG org.apache.http.headers  - http-outgoing-70 >> POST /session/b1310904-d161-49ca-a1a6-530fba7baea8/element HTTP/1.1
14806 [Forwarding findElement on session b1310904-d161-49ca-a1a6-530fba7baea8 to remote] DEBUG org.apache.http.headers  - http-outgoing-70 >> Content-Type: application/json; charset=utf-8
14806 [Forwarding findElement on session b1310904-d161-49ca-a1a6-530fba7baea8 to remote] DEBUG org.apache.http.headers  - http-outgoing-70 >> Content-Length: 50
14806 [Forwarding findElement on session b1310904-d161-49ca-a1a6-530fba7baea8 to remote] DEBUG org.apache.http.headers  - http-outgoing-70 >> Host: localhost:37262
14806 [Forwarding findElement on session b1310904-d161-49ca-a1a6-530fba7baea8 to remote] DEBUG org.apache.http.headers  - http-outgoing-70 >> Connection: Keep-Alive
14806 [Forwarding findElement on session b1310904-d161-49ca-a1a6-530fba7baea8 to remote] DEBUG org.apache.http.headers  - http-outgoing-70 >> User-Agent: Apache-HttpClient/4.3.3 (java 1.5)
14806 [Forwarding findElement on session b1310904-d161-49ca-a1a6-530fba7baea8 to remote] DEBUG org.apache.http.headers  - http-outgoing-70 >> Accept-Encoding: gzip,deflate
14806 [Forwarding findElement on session b1310904-d161-49ca-a1a6-530fba7baea8 to remote] DEBUG org.apache.http.wire  - http-outgoing-70 >> "POST /session/b1310904-d161-49ca-a1a6-530fba7baea8/element HTTP/1.1[\r][\n]"
14806 [Forwarding findElement on session b1310904-d161-49ca-a1a6-530fba7baea8 to remote] DEBUG org.apache.http.wire  - http-outgoing-70 >> "Content-Type: application/json; charset=utf-8[\r][\n]"
14806 [Forwarding findElement on session b1310904-d161-49ca-a1a6-530fba7baea8 to remote] DEBUG org.apache.http.wire  - http-outgoing-70 >> "Content-Length: 50[\r][\n]"
14806 [Forwarding findElement on session b1310904-d161-49ca-a1a6-530fba7baea8 to remote] DEBUG org.apache.http.wire  - http-outgoing-70 >> "Host: localhost:37262[\r][\n]"
14806 [Forwarding findElement on session b1310904-d161-49ca-a1a6-530fba7baea8 to remote] DEBUG org.apache.http.wire  - http-outgoing-70 >> "Connection: Keep-Alive[\r][\n]"
14806 [Forwarding findElement on session b1310904-d161-49ca-a1a6-530fba7baea8 to remote] DEBUG org.apache.http.wire  - http-outgoing-70 >> "User-Agent: Apache-HttpClient/4.3.3 (java 1.5)[\r][\n]"
14806 [Forwarding findElement on session b1310904-d161-49ca-a1a6-530fba7baea8 to remote] DEBUG org.apache.http.wire  - http-outgoing-70 >> "Accept-Encoding: gzip,deflate[\r][\n]"
14806 [Forwarding findElement on session b1310904-d161-49ca-a1a6-530fba7baea8 to remote] DEBUG org.apache.http.wire  - http-outgoing-70 >> "[\r][\n]"
14806 [Forwarding findElement on session b1310904-d161-49ca-a1a6-530fba7baea8 to remote] DEBUG org.apache.http.wire  - http-outgoing-70 >> "{"using":"xpath","value":"//input[@name='Reset']"}"
15086 [Forwarding findElement on session b1310904-d161-49ca-a1a6-530fba7baea8 to remote] DEBUG org.apache.http.wire  - http-outgoing-70 << "HTTP/1.1 500 Internal Server Error[\r][\n]"
15086 [Forwarding findElement on session b1310904-d161-49ca-a1a6-530fba7baea8 to remote] DEBUG org.apache.http.wire  - http-outgoing-70 << "Content-Length: 146[\r][\n]"
15086 [Forwarding findElement on session b1310904-d161-49ca-a1a6-530fba7baea8 to remote] DEBUG org.apache.http.wire  - http-outgoing-70 << "Content-Type: application/json; charset=UTF-8[\r][\n]"
15086 [Forwarding findElement on session b1310904-d161-49ca-a1a6-530fba7baea8 to remote] DEBUG org.apache.http.wire  - http-outgoing-70 << "Vary: Accept-Charset, Accept-Encoding, Accept-Language, Accept[\r][\n]"
15086 [Forwarding findElement on session b1310904-d161-49ca-a1a6-530fba7baea8 to remote] DEBUG org.apache.http.wire  - http-outgoing-70 << "Accept-Ranges: bytes[\r][\n]"
15086 [Forwarding findElement on session b1310904-d161-49ca-a1a6-530fba7baea8 to remote] DEBUG org.apache.http.wire  - http-outgoing-70 << "Connection: close[\r][\n]"
15086 [Forwarding findElement on session b1310904-d161-49ca-a1a6-530fba7baea8 to remote] DEBUG org.apache.http.wire  - http-outgoing-70 << "[\r][\n]"
15086 [Forwarding findElement on session b1310904-d161-49ca-a1a6-530fba7baea8 to remote] DEBUG org.apache.http.wire  - http-outgoing-70 << "{"sessionId":"b1310904-d161-49ca-a1a6-530fba7baea8","status":7,"value":{"message":"Unable to find element with xpath == //input[@name='Reset']"}}[\n]"
15086 [Forwarding findElement on session b1310904-d161-49ca-a1a6-530fba7baea8 to remote] DEBUG org.apache.http.wire  - http-outgoing-70 << "[\r][\n]"
15086 [Forwarding findElement on session b1310904-d161-49ca-a1a6-530fba7baea8 to remote] DEBUG org.apache.http.headers  - http-outgoing-70 << HTTP/1.1 500 Internal Server Error
15086 [Forwarding findElement on session b1310904-d161-49ca-a1a6-530fba7baea8 to remote] DEBUG org.apache.http.headers  - http-outgoing-70 << Content-Length: 146
15086 [Forwarding findElement on session b1310904-d161-49ca-a1a6-530fba7baea8 to remote] DEBUG org.apache.http.headers  - http-outgoing-70 << Content-Type: application/json; charset=UTF-8
15086 [Forwarding findElement on session b1310904-d161-49ca-a1a6-530fba7baea8 to remote] DEBUG org.apache.http.headers  - http-outgoing-70 << Vary: Accept-Charset, Accept-Encoding, Accept-Language, Accept
15086 [Forwarding findElement on session b1310904-d161-49ca-a1a6-530fba7baea8 to remote] DEBUG org.apache.http.headers  - http-outgoing-70 << Accept-Ranges: bytes
15086 [Forwarding findElement on session b1310904-d161-49ca-a1a6-530fba7baea8 to remote] DEBUG org.apache.http.headers  - http-outgoing-70 << Connection: close
15086 [Forwarding findElement on session b1310904-d161-49ca-a1a6-530fba7baea8 to remote] DEBUG org.apache.http.impl.conn.DefaultManagedHttpClientConnection  - http-outgoing-70: Shutdown connection
15086 [Forwarding findElement on session b1310904-d161-49ca-a1a6-530fba7baea8 to remote] DEBUG org.apache.http.impl.execchain.MainClientExec  - Connection discarded
15086 [Forwarding findElement on session b1310904-d161-49ca-a1a6-530fba7baea8 to remote] DEBUG org.apache.http.impl.conn.DefaultManagedHttpClientConnection  - http-outgoing-70: Close connection
15086 [Forwarding findElement on session b1310904-d161-49ca-a1a6-530fba7baea8 to remote] DEBUG org.apache.http.impl.conn.PoolingHttpClientConnectionManager  - Connection released: [id: 70][route: {}->http://localhost:37262][total kept alive: 0; route allocated: 0 of 2000; total allocated: 0 of 2000]
15586 [Forwarding findElement on session b1310904-d161-49ca-a1a6-530fba7baea8 to remote] DEBUG org.apache.http.client.protocol.RequestAddCookies  - CookieSpec selected: best-match
15586 [Forwarding findElement on session b1310904-d161-49ca-a1a6-530fba7baea8 to remote] DEBUG org.apache.http.client.protocol.RequestAuthCache  - Auth cache not set in the context
15586 [Forwarding findElement on session b1310904-d161-49ca-a1a6-530fba7baea8 to remote] DEBUG org.apache.http.impl.conn.PoolingHttpClientConnectionManager  - Connection request: [route: {}->http://localhost:37262][total kept alive: 0; route allocated: 0 of 2000; total allocated: 0 of 2000]
15586 [Forwarding findElement on session b1310904-d161-49ca-a1a6-530fba7baea8 to remote] DEBUG org.apache.http.impl.conn.PoolingHttpClientConnectionManager  - Connection leased: [id: 71][route: {}->http://localhost:37262][total kept alive: 0; route allocated: 1 of 2000; total allocated: 1 of 2000]
15586 [Forwarding findElement on session b1310904-d161-49ca-a1a6-530fba7baea8 to remote] DEBUG org.apache.http.impl.execchain.MainClientExec  - Opening connection {}->http://localhost:37262
15586 [Forwarding findElement on session b1310904-d161-49ca-a1a6-530fba7baea8 to remote] DEBUG org.apache.http.impl.conn.HttpClientConnectionOperator  - Connecting to localhost/127.0.0.1:37262
15586 [Forwarding findElement on session b1310904-d161-49ca-a1a6-530fba7baea8 to remote] DEBUG org.apache.http.impl.conn.HttpClientConnectionOperator  - Connection established 127.0.0.1:17286<->127.0.0.1:37262
15586 [Forwarding findElement on session b1310904-d161-49ca-a1a6-530fba7baea8 to remote] DEBUG org.apache.http.impl.execchain.MainClientExec  - Executing request POST /session/b1310904-d161-49ca-a1a6-530fba7baea8/element HTTP/1.1
15586 [Forwarding findElement on session b1310904-d161-49ca-a1a6-530fba7baea8 to remote] DEBUG org.apache.http.impl.execchain.MainClientExec  - Target auth state: UNCHALLENGED
15586 [Forwarding findElement on session b1310904-d161-49ca-a1a6-530fba7baea8 to remote] DEBUG org.apache.http.impl.execchain.MainClientExec  - Proxy auth state: UNCHALLENGED
15586 [Forwarding findElement on session b1310904-d161-49ca-a1a6-530fba7baea8 to remote] DEBUG org.apache.http.headers  - http-outgoing-71 >> POST /session/b1310904-d161-49ca-a1a6-530fba7baea8/element HTTP/1.1
15586 [Forwarding findElement on session b1310904-d161-49ca-a1a6-530fba7baea8 to remote] DEBUG org.apache.http.headers  - http-outgoing-71 >> Content-Type: application/json; charset=utf-8
15586 [Forwarding findElement on session b1310904-d161-49ca-a1a6-530fba7baea8 to remote] DEBUG org.apache.http.headers  - http-outgoing-71 >> Content-Length: 50
15586 [Forwarding findElement on session b1310904-d161-49ca-a1a6-530fba7baea8 to remote] DEBUG org.apache.http.headers  - http-outgoing-71 >> Host: localhost:37262
15586 [Forwarding findElement on session b1310904-d161-49ca-a1a6-530fba7baea8 to remote] DEBUG org.apache.http.headers  - http-outgoing-71 >> Connection: Keep-Alive
15586 [Forwarding findElement on session b1310904-d161-49ca-a1a6-530fba7baea8 to remote] DEBUG org.apache.http.headers  - http-outgoing-71 >> User-Agent: Apache-HttpClient/4.3.3 (java 1.5)
15586 [Forwarding findElement on session b1310904-d161-49ca-a1a6-530fba7baea8 to remote] DEBUG org.apache.http.headers  - http-outgoing-71 >> Accept-Encoding: gzip,deflate
15586 [Forwarding findElement on session b1310904-d161-49ca-a1a6-530fba7baea8 to remote] DEBUG org.apache.http.wire  - http-outgoing-71 >> "POST /session/b1310904-d161-49ca-a1a6-530fba7baea8/element HTTP/1.1[\r][\n]"
15586 [Forwarding findElement on session b1310904-d161-49ca-a1a6-530fba7baea8 to remote] DEBUG org.apache.http.wire  - http-outgoing-71 >> "Content-Type: application/json; charset=utf-8[\r][\n]"
15586 [Forwarding findElement on session b1310904-d161-49ca-a1a6-530fba7baea8 to remote] DEBUG org.apache.http.wire  - http-outgoing-71 >> "Content-Length: 50[\r][\n]"
15586 [Forwarding findElement on session b1310904-d161-49ca-a1a6-530fba7baea8 to remote] DEBUG org.apache.http.wire  - http-outgoing-71 >> "Host: localhost:37262[\r][\n]"
15586 [Forwarding findElement on session b1310904-d161-49ca-a1a6-530fba7baea8 to remote] DEBUG org.apache.http.wire  - http-outgoing-71 >> "Connection: Keep-Alive[\r][\n]"
15586 [Forwarding findElement on session b1310904-d161-49ca-a1a6-530fba7baea8 to remote] DEBUG org.apache.http.wire  - http-outgoing-71 >> "User-Agent: Apache-HttpClient/4.3.3 (java 1.5)[\r][\n]"
15586 [Forwarding findElement on session b1310904-d161-49ca-a1a6-530fba7baea8 to remote] DEBUG org.apache.http.wire  - http-outgoing-71 >> "Accept-Encoding: gzip,deflate[\r][\n]"
15586 [Forwarding findElement on session b1310904-d161-49ca-a1a6-530fba7baea8 to remote] DEBUG org.apache.http.wire  - http-outgoing-71 >> "[\r][\n]"
15586 [Forwarding findElement on session b1310904-d161-49ca-a1a6-530fba7baea8 to remote] DEBUG org.apache.http.wire  - http-outgoing-71 >> "{"using":"xpath","value":"//input[@name='Reset']"}"
15867 [Forwarding findElement on session b1310904-d161-49ca-a1a6-530fba7baea8 to remote] DEBUG org.apache.http.wire  - http-outgoing-71 << "HTTP/1.1 500 Internal Server Error[\r][\n]"
15867 [Forwarding findElement on session b1310904-d161-49ca-a1a6-530fba7baea8 to remote] DEBUG org.apache.http.wire  - http-outgoing-71 << "Content-Length: 146[\r][\n]"
15867 [Forwarding findElement on session b1310904-d161-49ca-a1a6-530fba7baea8 to remote] DEBUG org.apache.http.wire  - http-outgoing-71 << "Content-Type: application/json; charset=UTF-8[\r][\n]"
15867 [Forwarding findElement on session b1310904-d161-49ca-a1a6-530fba7baea8 to remote] DEBUG org.apache.http.wire  - http-outgoing-71 << "Vary: Accept-Charset, Accept-Encoding, Accept-Language, Accept[\r][\n]"
15867 [Forwarding findElement on session b1310904-d161-49ca-a1a6-530fba7baea8 to remote] DEBUG org.apache.http.wire  - http-outgoing-71 << "Accept-Ranges: bytes[\r][\n]"
15867 [Forwarding findElement on session b1310904-d161-49ca-a1a6-530fba7baea8 to remote] DEBUG org.apache.http.wire  - http-outgoing-71 << "Connection: close[\r][\n]"
15867 [Forwarding findElement on session b1310904-d161-49ca-a1a6-530fba7baea8 to remote] DEBUG org.apache.http.wire  - http-outgoing-71 << "[\r][\n]"
15867 [Forwarding findElement on session b1310904-d161-49ca-a1a6-530fba7baea8 to remote] DEBUG org.apache.http.wire  - http-outgoing-71 << "{"sessionId":"b1310904-d161-49ca-a1a6-530fba7baea8","status":7,"value":{"message":"Unable to find element with xpath == //input[@name='Reset']"}}[\n]"
15867 [Forwarding findElement on session b1310904-d161-49ca-a1a6-530fba7baea8 to remote] DEBUG org.apache.http.wire  - http-outgoing-71 << "[\r][\n]"
15867 [Forwarding findElement on session b1310904-d161-49ca-a1a6-530fba7baea8 to remote] DEBUG org.apache.http.headers  - http-outgoing-71 << HTTP/1.1 500 Internal Server Error
15867 [Forwarding findElement on session b1310904-d161-49ca-a1a6-530fba7baea8 to remote] DEBUG org.apache.http.headers  - http-outgoing-71 << Content-Length: 146
15867 [Forwarding findElement on session b1310904-d161-49ca-a1a6-530fba7baea8 to remote] DEBUG org.apache.http.headers  - http-outgoing-71 << Content-Type: application/json; charset=UTF-8
15867 [Forwarding findElement on session b1310904-d161-49ca-a1a6-530fba7baea8 to remote] DEBUG org.apache.http.headers  - http-outgoing-71 << Vary: Accept-Charset, Accept-Encoding, Accept-Language, Accept
15867 [Forwarding findElement on session b1310904-d161-49ca-a1a6-530fba7baea8 to remote] DEBUG org.apache.http.headers  - http-outgoing-71 << Accept-Ranges: bytes
15867 [Forwarding findElement on session b1310904-d161-49ca-a1a6-530fba7baea8 to remote] DEBUG org.apache.http.headers  - http-outgoing-71 << Connection: close
15867 [Forwarding findElement on session b1310904-d161-49ca-a1a6-530fba7baea8 to remote] DEBUG org.apache.http.impl.conn.DefaultManagedHttpClientConnection  - http-outgoing-71: Shutdown connection
15867 [Forwarding findElement on session b1310904-d161-49ca-a1a6-530fba7baea8 to remote] DEBUG org.apache.http.impl.execchain.MainClientExec  - Connection discarded
15867 [Forwarding findElement on session b1310904-d161-49ca-a1a6-530fba7baea8 to remote] DEBUG org.apache.http.impl.conn.DefaultManagedHttpClientConnection  - http-outgoing-71: Close connection
15867 [Forwarding findElement on session b1310904-d161-49ca-a1a6-530fba7baea8 to remote] DEBUG org.apache.http.impl.conn.PoolingHttpClientConnectionManager  - Connection released: [id: 71][route: {}->http://localhost:37262][total kept alive: 0; route allocated: 0 of 2000; total allocated: 0 of 2000]
16367 [Forwarding findElement on session b1310904-d161-49ca-a1a6-530fba7baea8 to remote] DEBUG org.apache.http.client.protocol.RequestAddCookies  - CookieSpec selected: best-match
16367 [Forwarding findElement on session b1310904-d161-49ca-a1a6-530fba7baea8 to remote] DEBUG org.apache.http.client.protocol.RequestAuthCache  - Auth cache not set in the context
16367 [Forwarding findElement on session b1310904-d161-49ca-a1a6-530fba7baea8 to remote] DEBUG org.apache.http.impl.conn.PoolingHttpClientConnectionManager  - Connection request: [route: {}->http://localhost:37262][total kept alive: 0; route allocated: 0 of 2000; total allocated: 0 of 2000]
16367 [Forwarding findElement on session b1310904-d161-49ca-a1a6-530fba7baea8 to remote] DEBUG org.apache.http.impl.conn.PoolingHttpClientConnectionManager  - Connection leased: [id: 72][route: {}->http://localhost:37262][total kept alive: 0; route allocated: 1 of 2000; total allocated: 1 of 2000]
16367 [Forwarding findElement on session b1310904-d161-49ca-a1a6-530fba7baea8 to remote] DEBUG org.apache.http.impl.execchain.MainClientExec  - Opening connection {}->http://localhost:37262
16367 [Forwarding findElement on session b1310904-d161-49ca-a1a6-530fba7baea8 to remote] DEBUG org.apache.http.impl.conn.HttpClientConnectionOperator  - Connecting to localhost/127.0.0.1:37262
16367 [Forwarding findElement on session b1310904-d161-49ca-a1a6-530fba7baea8 to remote] DEBUG org.apache.http.impl.conn.HttpClientConnectionOperator  - Connection established 127.0.0.1:17287<->127.0.0.1:37262
16367 [Forwarding findElement on session b1310904-d161-49ca-a1a6-530fba7baea8 to remote] DEBUG org.apache.http.impl.execchain.MainClientExec  - Executing request POST /session/b1310904-d161-49ca-a1a6-530fba7baea8/element HTTP/1.1
16367 [Forwarding findElement on session b1310904-d161-49ca-a1a6-530fba7baea8 to remote] DEBUG org.apache.http.impl.execchain.MainClientExec  - Target auth state: UNCHALLENGED
16367 [Forwarding findElement on session b1310904-d161-49ca-a1a6-530fba7baea8 to remote] DEBUG org.apache.http.impl.execchain.MainClientExec  - Proxy auth state: UNCHALLENGED
16367 [Forwarding findElement on session b1310904-d161-49ca-a1a6-530fba7baea8 to remote] DEBUG org.apache.http.headers  - http-outgoing-72 >> POST /session/b1310904-d161-49ca-a1a6-530fba7baea8/element HTTP/1.1
16367 [Forwarding findElement on session b1310904-d161-49ca-a1a6-530fba7baea8 to remote] DEBUG org.apache.http.headers  - http-outgoing-72 >> Content-Type: application/json; charset=utf-8
16367 [Forwarding findElement on session b1310904-d161-49ca-a1a6-530fba7baea8 to remote] DEBUG org.apache.http.headers  - http-outgoing-72 >> Content-Length: 50
16367 [Forwarding findElement on session b1310904-d161-49ca-a1a6-530fba7baea8 to remote] DEBUG org.apache.http.headers  - http-outgoing-72 >> Host: localhost:37262
16367 [Forwarding findElement on session b1310904-d161-49ca-a1a6-530fba7baea8 to remote] DEBUG org.apache.http.headers  - http-outgoing-72 >> Connection: Keep-Alive
16367 [Forwarding findElement on session b1310904-d161-49ca-a1a6-530fba7baea8 to remote] DEBUG org.apache.http.headers  - http-outgoing-72 >> User-Agent: Apache-HttpClient/4.3.3 (java 1.5)
16367 [Forwarding findElement on session b1310904-d161-49ca-a1a6-530fba7baea8 to remote] DEBUG org.apache.http.headers  - http-outgoing-72 >> Accept-Encoding: gzip,deflate
16367 [Forwarding findElement on session b1310904-d161-49ca-a1a6-530fba7baea8 to remote] DEBUG org.apache.http.wire  - http-outgoing-72 >> "POST /session/b1310904-d161-49ca-a1a6-530fba7baea8/element HTTP/1.1[\r][\n]"
16367 [Forwarding findElement on session b1310904-d161-49ca-a1a6-530fba7baea8 to remote] DEBUG org.apache.http.wire  - http-outgoing-72 >> "Content-Type: application/json; charset=utf-8[\r][\n]"
16367 [Forwarding findElement on session b1310904-d161-49ca-a1a6-530fba7baea8 to remote] DEBUG org.apache.http.wire  - http-outgoing-72 >> "Content-Length: 50[\r][\n]"
16367 [Forwarding findElement on session b1310904-d161-49ca-a1a6-530fba7baea8 to remote] DEBUG org.apache.http.wire  - http-outgoing-72 >> "Host: localhost:37262[\r][\n]"
16367 [Forwarding findElement on session b1310904-d161-49ca-a1a6-530fba7baea8 to remote] DEBUG org.apache.http.wire  - http-outgoing-72 >> "Connection: Keep-Alive[\r][\n]"
16367 [Forwarding findElement on session b1310904-d161-49ca-a1a6-530fba7baea8 to remote] DEBUG org.apache.http.wire  - http-outgoing-72 >> "User-Agent: Apache-HttpClient/4.3.3 (java 1.5)[\r][\n]"
16367 [Forwarding findElement on session b1310904-d161-49ca-a1a6-530fba7baea8 to remote] DEBUG org.apache.http.wire  - http-outgoing-72 >> "Accept-Encoding: gzip,deflate[\r][\n]"
16367 [Forwarding findElement on session b1310904-d161-49ca-a1a6-530fba7baea8 to remote] DEBUG org.apache.http.wire  - http-outgoing-72 >> "[\r][\n]"
16367 [Forwarding findElement on session b1310904-d161-49ca-a1a6-530fba7baea8 to remote] DEBUG org.apache.http.wire  - http-outgoing-72 >> "{"using":"xpath","value":"//input[@name='Reset']"}"
16629 [Forwarding findElement on session b1310904-d161-49ca-a1a6-530fba7baea8 to remote] DEBUG org.apache.http.wire  - http-outgoing-72 << "HTTP/1.1 500 Internal Server Error[\r][\n]"
16629 [Forwarding findElement on session b1310904-d161-49ca-a1a6-530fba7baea8 to remote] DEBUG org.apache.http.wire  - http-outgoing-72 << "Content-Length: 146[\r][\n]"
16629 [Forwarding findElement on session b1310904-d161-49ca-a1a6-530fba7baea8 to remote] DEBUG org.apache.http.wire  - http-outgoing-72 << "Content-Type: application/json; charset=UTF-8[\r][\n]"
16629 [Forwarding findElement on session b1310904-d161-49ca-a1a6-530fba7baea8 to remote] DEBUG org.apache.http.wire  - http-outgoing-72 << "Vary: Accept-Charset, Accept-Encoding, Accept-Language, Accept[\r][\n]"
16629 [Forwarding findElement on session b1310904-d161-49ca-a1a6-530fba7baea8 to remote] DEBUG org.apache.http.wire  - http-outgoing-72 << "Accept-Ranges: bytes[\r][\n]"
16629 [Forwarding findElement on session b1310904-d161-49ca-a1a6-530fba7baea8 to remote] DEBUG org.apache.http.wire  - http-outgoing-72 << "Connection: close[\r][\n]"
16629 [Forwarding findElement on session b1310904-d161-49ca-a1a6-530fba7baea8 to remote] DEBUG org.apache.http.wire  - http-outgoing-72 << "[\r][\n]"
16629 [Forwarding findElement on session b1310904-d161-49ca-a1a6-530fba7baea8 to remote] DEBUG org.apache.http.wire  - http-outgoing-72 << "{"sessionId":"b1310904-d161-49ca-a1a6-530fba7baea8","status":7,"value":{"message":"Unable to find element with xpath == //input[@name='Reset']"}}[\n]"
16629 [Forwarding findElement on session b1310904-d161-49ca-a1a6-530fba7baea8 to remote] DEBUG org.apache.http.wire  - http-outgoing-72 << "[\r][\n]"
16629 [Forwarding findElement on session b1310904-d161-49ca-a1a6-530fba7baea8 to remote] DEBUG org.apache.http.headers  - http-outgoing-72 << HTTP/1.1 500 Internal Server Error
16629 [Forwarding findElement on session b1310904-d161-49ca-a1a6-530fba7baea8 to remote] DEBUG org.apache.http.headers  - http-outgoing-72 << Content-Length: 146
16629 [Forwarding findElement on session b1310904-d161-49ca-a1a6-530fba7baea8 to remote] DEBUG org.apache.http.headers  - http-outgoing-72 << Content-Type: application/json; charset=UTF-8
16629 [Forwarding findElement on session b1310904-d161-49ca-a1a6-530fba7baea8 to remote] DEBUG org.apache.http.headers  - http-outgoing-72 << Vary: Accept-Charset, Accept-Encoding, Accept-Language, Accept
16629 [Forwarding findElement on session b1310904-d161-49ca-a1a6-530fba7baea8 to remote] DEBUG org.apache.http.headers  - http-outgoing-72 << Accept-Ranges: bytes
16629 [Forwarding findElement on session b1310904-d161-49ca-a1a6-530fba7baea8 to remote] DEBUG org.apache.http.headers  - http-outgoing-72 << Connection: close
16629 [Forwarding findElement on session b1310904-d161-49ca-a1a6-530fba7baea8 to remote] DEBUG org.apache.http.impl.conn.DefaultManagedHttpClientConnection  - http-outgoing-72: Shutdown connection
16629 [Forwarding findElement on session b1310904-d161-49ca-a1a6-530fba7baea8 to remote] DEBUG org.apache.http.impl.execchain.MainClientExec  - Connection discarded
16629 [Forwarding findElement on session b1310904-d161-49ca-a1a6-530fba7baea8 to remote] DEBUG org.apache.http.impl.conn.DefaultManagedHttpClientConnection  - http-outgoing-72: Close connection
16630 [Forwarding findElement on session b1310904-d161-49ca-a1a6-530fba7baea8 to remote] DEBUG org.apache.http.impl.conn.PoolingHttpClientConnectionManager  - Connection released: [id: 72][route: {}->http://localhost:37262][total kept alive: 0; route allocated: 0 of 2000; total allocated: 0 of 2000]
17148 [Forwarding findElement on session b1310904-d161-49ca-a1a6-530fba7baea8 to remote] DEBUG org.apache.http.client.protocol.RequestAddCookies  - CookieSpec selected: best-match
17148 [Forwarding findElement on session b1310904-d161-49ca-a1a6-530fba7baea8 to remote] DEBUG org.apache.http.client.protocol.RequestAuthCache  - Auth cache not set in the context
17148 [Forwarding findElement on session b1310904-d161-49ca-a1a6-530fba7baea8 to remote] DEBUG org.apache.http.impl.conn.PoolingHttpClientConnectionManager  - Connection request: [route: {}->http://localhost:37262][total kept alive: 0; route allocated: 0 of 2000; total allocated: 0 of 2000]
17148 [Forwarding findElement on session b1310904-d161-49ca-a1a6-530fba7baea8 to remote] DEBUG org.apache.http.impl.conn.PoolingHttpClientConnectionManager  - Connection leased: [id: 73][route: {}->http://localhost:37262][total kept alive: 0; route allocated: 1 of 2000; total allocated: 1 of 2000]
17148 [Forwarding findElement on session b1310904-d161-49ca-a1a6-530fba7baea8 to remote] DEBUG org.apache.http.impl.execchain.MainClientExec  - Opening connection {}->http://localhost:37262
17148 [Forwarding findElement on session b1310904-d161-49ca-a1a6-530fba7baea8 to remote] DEBUG org.apache.http.impl.conn.HttpClientConnectionOperator  - Connecting to localhost/127.0.0.1:37262
17148 [Forwarding findElement on session b1310904-d161-49ca-a1a6-530fba7baea8 to remote] DEBUG org.apache.http.impl.conn.HttpClientConnectionOperator  - Connection established 127.0.0.1:17288<->127.0.0.1:37262
17148 [Forwarding findElement on session b1310904-d161-49ca-a1a6-530fba7baea8 to remote] DEBUG org.apache.http.impl.execchain.MainClientExec  - Executing request POST /session/b1310904-d161-49ca-a1a6-530fba7baea8/element HTTP/1.1
17148 [Forwarding findElement on session b1310904-d161-49ca-a1a6-530fba7baea8 to remote] DEBUG org.apache.http.impl.execchain.MainClientExec  - Target auth state: UNCHALLENGED
17148 [Forwarding findElement on session b1310904-d161-49ca-a1a6-530fba7baea8 to remote] DEBUG org.apache.http.impl.execchain.MainClientExec  - Proxy auth state: UNCHALLENGED
17148 [Forwarding findElement on session b1310904-d161-49ca-a1a6-530fba7baea8 to remote] DEBUG org.apache.http.headers  - http-outgoing-73 >> POST /session/b1310904-d161-49ca-a1a6-530fba7baea8/element HTTP/1.1
17148 [Forwarding findElement on session b1310904-d161-49ca-a1a6-530fba7baea8 to remote] DEBUG org.apache.http.headers  - http-outgoing-73 >> Content-Type: application/json; charset=utf-8
17148 [Forwarding findElement on session b1310904-d161-49ca-a1a6-530fba7baea8 to remote] DEBUG org.apache.http.headers  - http-outgoing-73 >> Content-Length: 50
17148 [Forwarding findElement on session b1310904-d161-49ca-a1a6-530fba7baea8 to remote] DEBUG org.apache.http.headers  - http-outgoing-73 >> Host: localhost:37262
17148 [Forwarding findElement on session b1310904-d161-49ca-a1a6-530fba7baea8 to remote] DEBUG org.apache.http.headers  - http-outgoing-73 >> Connection: Keep-Alive
17148 [Forwarding findElement on session b1310904-d161-49ca-a1a6-530fba7baea8 to remote] DEBUG org.apache.http.headers  - http-outgoing-73 >> User-Agent: Apache-HttpClient/4.3.3 (java 1.5)
17148 [Forwarding findElement on session b1310904-d161-49ca-a1a6-530fba7baea8 to remote] DEBUG org.apache.http.headers  - http-outgoing-73 >> Accept-Encoding: gzip,deflate
17148 [Forwarding findElement on session b1310904-d161-49ca-a1a6-530fba7baea8 to remote] DEBUG org.apache.http.wire  - http-outgoing-73 >> "POST /session/b1310904-d161-49ca-a1a6-530fba7baea8/element HTTP/1.1[\r][\n]"
17148 [Forwarding findElement on session b1310904-d161-49ca-a1a6-530fba7baea8 to remote] DEBUG org.apache.http.wire  - http-outgoing-73 >> "Content-Type: application/json; charset=utf-8[\r][\n]"
17148 [Forwarding findElement on session b1310904-d161-49ca-a1a6-530fba7baea8 to remote] DEBUG org.apache.http.wire  - http-outgoing-73 >> "Content-Length: 50[\r][\n]"
17148 [Forwarding findElement on session b1310904-d161-49ca-a1a6-530fba7baea8 to remote] DEBUG org.apache.http.wire  - http-outgoing-73 >> "Host: localhost:37262[\r][\n]"
17148 [Forwarding findElement on session b1310904-d161-49ca-a1a6-530fba7baea8 to remote] DEBUG org.apache.http.wire  - http-outgoing-73 >> "Connection: Keep-Alive[\r][\n]"
17148 [Forwarding findElement on session b1310904-d161-49ca-a1a6-530fba7baea8 to remote] DEBUG org.apache.http.wire  - http-outgoing-73 >> "User-Agent: Apache-HttpClient/4.3.3 (java 1.5)[\r][\n]"
17148 [Forwarding findElement on session b1310904-d161-49ca-a1a6-530fba7baea8 to remote] DEBUG org.apache.http.wire  - http-outgoing-73 >> "Accept-Encoding: gzip,deflate[\r][\n]"
17148 [Forwarding findElement on session b1310904-d161-49ca-a1a6-530fba7baea8 to remote] DEBUG org.apache.http.wire  - http-outgoing-73 >> "[\r][\n]"
17148 [Forwarding findElement on session b1310904-d161-49ca-a1a6-530fba7baea8 to remote] DEBUG org.apache.http.wire  - http-outgoing-73 >> "{"using":"xpath","value":"//input[@name='Reset']"}"
17418 [Forwarding findElement on session b1310904-d161-49ca-a1a6-530fba7baea8 to remote] DEBUG org.apache.http.wire  - http-outgoing-73 << "HTTP/1.1 500 Internal Server Error[\r][\n]"
17418 [Forwarding findElement on session b1310904-d161-49ca-a1a6-530fba7baea8 to remote] DEBUG org.apache.http.wire  - http-outgoing-73 << "Content-Length: 146[\r][\n]"
17418 [Forwarding findElement on session b1310904-d161-49ca-a1a6-530fba7baea8 to remote] DEBUG org.apache.http.wire  - http-outgoing-73 << "Content-Type: application/json; charset=UTF-8[\r][\n]"
17418 [Forwarding findElement on session b1310904-d161-49ca-a1a6-530fba7baea8 to remote] DEBUG org.apache.http.wire  - http-outgoing-73 << "Vary: Accept-Charset, Accept-Encoding, Accept-Language, Accept[\r][\n]"
17418 [Forwarding findElement on session b1310904-d161-49ca-a1a6-530fba7baea8 to remote] DEBUG org.apache.http.wire  - http-outgoing-73 << "Accept-Ranges: bytes[\r][\n]"
17418 [Forwarding findElement on session b1310904-d161-49ca-a1a6-530fba7baea8 to remote] DEBUG org.apache.http.wire  - http-outgoing-73 << "Connection: close[\r][\n]"
17418 [Forwarding findElement on session b1310904-d161-49ca-a1a6-530fba7baea8 to remote] DEBUG org.apache.http.wire  - http-outgoing-73 << "[\r][\n]"
17418 [Forwarding findElement on session b1310904-d161-49ca-a1a6-530fba7baea8 to remote] DEBUG org.apache.http.wire  - http-outgoing-73 << "{"sessionId":"b1310904-d161-49ca-a1a6-530fba7baea8","status":7,"value":{"message":"Unable to find element with xpath == //input[@name='Reset']"}}[\n]"
17418 [Forwarding findElement on session b1310904-d161-49ca-a1a6-530fba7baea8 to remote] DEBUG org.apache.http.wire  - http-outgoing-73 << "[\r][\n]"
17418 [Forwarding findElement on session b1310904-d161-49ca-a1a6-530fba7baea8 to remote] DEBUG org.apache.http.headers  - http-outgoing-73 << HTTP/1.1 500 Internal Server Error
17418 [Forwarding findElement on session b1310904-d161-49ca-a1a6-530fba7baea8 to remote] DEBUG org.apache.http.headers  - http-outgoing-73 << Content-Length: 146
17418 [Forwarding findElement on session b1310904-d161-49ca-a1a6-530fba7baea8 to remote] DEBUG org.apache.http.headers  - http-outgoing-73 << Content-Type: application/json; charset=UTF-8
17418 [Forwarding findElement on session b1310904-d161-49ca-a1a6-530fba7baea8 to remote] DEBUG org.apache.http.headers  - http-outgoing-73 << Vary: Accept-Charset, Accept-Encoding, Accept-Language, Accept
17418 [Forwarding findElement on session b1310904-d161-49ca-a1a6-530fba7baea8 to remote] DEBUG org.apache.http.headers  - http-outgoing-73 << Accept-Ranges: bytes
17418 [Forwarding findElement on session b1310904-d161-49ca-a1a6-530fba7baea8 to remote] DEBUG org.apache.http.headers  - http-outgoing-73 << Connection: close
17418 [Forwarding findElement on session b1310904-d161-49ca-a1a6-530fba7baea8 to remote] DEBUG org.apache.http.impl.conn.DefaultManagedHttpClientConnection  - http-outgoing-73: Shutdown connection
17418 [Forwarding findElement on session b1310904-d161-49ca-a1a6-530fba7baea8 to remote] DEBUG org.apache.http.impl.execchain.MainClientExec  - Connection discarded
17418 [Forwarding findElement on session b1310904-d161-49ca-a1a6-530fba7baea8 to remote] DEBUG org.apache.http.impl.conn.DefaultManagedHttpClientConnection  - http-outgoing-73: Close connection
17418 [Forwarding findElement on session b1310904-d161-49ca-a1a6-530fba7baea8 to remote] DEBUG org.apache.http.impl.conn.PoolingHttpClientConnectionManager  - Connection released: [id: 73][route: {}->http://localhost:37262][total kept alive: 0; route allocated: 0 of 2000; total allocated: 0 of 2000]
17918 [Forwarding findElement on session b1310904-d161-49ca-a1a6-530fba7baea8 to remote] DEBUG org.apache.http.client.protocol.RequestAddCookies  - CookieSpec selected: best-match
17918 [Forwarding findElement on session b1310904-d161-49ca-a1a6-530fba7baea8 to remote] DEBUG org.apache.http.client.protocol.RequestAuthCache  - Auth cache not set in the context
17918 [Forwarding findElement on session b1310904-d161-49ca-a1a6-530fba7baea8 to remote] DEBUG org.apache.http.impl.conn.PoolingHttpClientConnectionManager  - Connection request: [route: {}->http://localhost:37262][total kept alive: 0; route allocated: 0 of 2000; total allocated: 0 of 2000]
17918 [Forwarding findElement on session b1310904-d161-49ca-a1a6-530fba7baea8 to remote] DEBUG org.apache.http.impl.conn.PoolingHttpClientConnectionManager  - Connection leased: [id: 74][route: {}->http://localhost:37262][total kept alive: 0; route allocated: 1 of 2000; total allocated: 1 of 2000]
17918 [Forwarding findElement on session b1310904-d161-49ca-a1a6-530fba7baea8 to remote] DEBUG org.apache.http.impl.execchain.MainClientExec  - Opening connection {}->http://localhost:37262
17918 [Forwarding findElement on session b1310904-d161-49ca-a1a6-530fba7baea8 to remote] DEBUG org.apache.http.impl.conn.HttpClientConnectionOperator  - Connecting to localhost/127.0.0.1:37262
17918 [Forwarding findElement on session b1310904-d161-49ca-a1a6-530fba7baea8 to remote] DEBUG org.apache.http.impl.conn.HttpClientConnectionOperator  - Connection established 127.0.0.1:17289<->127.0.0.1:37262
17918 [Forwarding findElement on session b1310904-d161-49ca-a1a6-530fba7baea8 to remote] DEBUG org.apache.http.impl.execchain.MainClientExec  - Executing request POST /session/b1310904-d161-49ca-a1a6-530fba7baea8/element HTTP/1.1
17918 [Forwarding findElement on session b1310904-d161-49ca-a1a6-530fba7baea8 to remote] DEBUG org.apache.http.impl.execchain.MainClientExec  - Target auth state: UNCHALLENGED
17918 [Forwarding findElement on session b1310904-d161-49ca-a1a6-530fba7baea8 to remote] DEBUG org.apache.http.impl.execchain.MainClientExec  - Proxy auth state: UNCHALLENGED
17918 [Forwarding findElement on session b1310904-d161-49ca-a1a6-530fba7baea8 to remote] DEBUG org.apache.http.headers  - http-outgoing-74 >> POST /session/b1310904-d161-49ca-a1a6-530fba7baea8/element HTTP/1.1
17918 [Forwarding findElement on session b1310904-d161-49ca-a1a6-530fba7baea8 to remote] DEBUG org.apache.http.headers  - http-outgoing-74 >> Content-Type: application/json; charset=utf-8
17918 [Forwarding findElement on session b1310904-d161-49ca-a1a6-530fba7baea8 to remote] DEBUG org.apache.http.headers  - http-outgoing-74 >> Content-Length: 50
17918 [Forwarding findElement on session b1310904-d161-49ca-a1a6-530fba7baea8 to remote] DEBUG org.apache.http.headers  - http-outgoing-74 >> Host: localhost:37262
17918 [Forwarding findElement on session b1310904-d161-49ca-a1a6-530fba7baea8 to remote] DEBUG org.apache.http.headers  - http-outgoing-74 >> Connection: Keep-Alive
17918 [Forwarding findElement on session b1310904-d161-49ca-a1a6-530fba7baea8 to remote] DEBUG org.apache.http.headers  - http-outgoing-74 >> User-Agent: Apache-HttpClient/4.3.3 (java 1.5)
17918 [Forwarding findElement on session b1310904-d161-49ca-a1a6-530fba7baea8 to remote] DEBUG org.apache.http.headers  - http-outgoing-74 >> Accept-Encoding: gzip,deflate
17918 [Forwarding findElement on session b1310904-d161-49ca-a1a6-530fba7baea8 to remote] DEBUG org.apache.http.wire  - http-outgoing-74 >> "POST /session/b1310904-d161-49ca-a1a6-530fba7baea8/element HTTP/1.1[\r][\n]"
17918 [Forwarding findElement on session b1310904-d161-49ca-a1a6-530fba7baea8 to remote] DEBUG org.apache.http.wire  - http-outgoing-74 >> "Content-Type: application/json; charset=utf-8[\r][\n]"
17918 [Forwarding findElement on session b1310904-d161-49ca-a1a6-530fba7baea8 to remote] DEBUG org.apache.http.wire  - http-outgoing-74 >> "Content-Length: 50[\r][\n]"
17918 [Forwarding findElement on session b1310904-d161-49ca-a1a6-530fba7baea8 to remote] DEBUG org.apache.http.wire  - http-outgoing-74 >> "Host: localhost:37262[\r][\n]"
17918 [Forwarding findElement on session b1310904-d161-49ca-a1a6-530fba7baea8 to remote] DEBUG org.apache.http.wire  - http-outgoing-74 >> "Connection: Keep-Alive[\r][\n]"
17918 [Forwarding findElement on session b1310904-d161-49ca-a1a6-530fba7baea8 to remote] DEBUG org.apache.http.wire  - http-outgoing-74 >> "User-Agent: Apache-HttpClient/4.3.3 (java 1.5)[\r][\n]"
17918 [Forwarding findElement on session b1310904-d161-49ca-a1a6-530fba7baea8 to remote] DEBUG org.apache.http.wire  - http-outgoing-74 >> "Accept-Encoding: gzip,deflate[\r][\n]"
17918 [Forwarding findElement on session b1310904-d161-49ca-a1a6-530fba7baea8 to remote] DEBUG org.apache.http.wire  - http-outgoing-74 >> "[\r][\n]"
17918 [Forwarding findElement on session b1310904-d161-49ca-a1a6-530fba7baea8 to remote] DEBUG org.apache.http.wire  - http-outgoing-74 >> "{"using":"xpath","value":"//input[@name='Reset']"}"
18199 [Forwarding findElement on session b1310904-d161-49ca-a1a6-530fba7baea8 to remote] DEBUG org.apache.http.wire  - http-outgoing-74 << "HTTP/1.1 500 Internal Server Error[\r][\n]"
18199 [Forwarding findElement on session b1310904-d161-49ca-a1a6-530fba7baea8 to remote] DEBUG org.apache.http.wire  - http-outgoing-74 << "Content-Length: 146[\r][\n]"
18199 [Forwarding findElement on session b1310904-d161-49ca-a1a6-530fba7baea8 to remote] DEBUG org.apache.http.wire  - http-outgoing-74 << "Content-Type: application/json; charset=UTF-8[\r][\n]"
18199 [Forwarding findElement on session b1310904-d161-49ca-a1a6-530fba7baea8 to remote] DEBUG org.apache.http.wire  - http-outgoing-74 << "Vary: Accept-Charset, Accept-Encoding, Accept-Language, Accept[\r][\n]"
18199 [Forwarding findElement on session b1310904-d161-49ca-a1a6-530fba7baea8 to remote] DEBUG org.apache.http.wire  - http-outgoing-74 << "Accept-Ranges: bytes[\r][\n]"
18199 [Forwarding findElement on session b1310904-d161-49ca-a1a6-530fba7baea8 to remote] DEBUG org.apache.http.wire  - http-outgoing-74 << "Connection: close[\r][\n]"
18199 [Forwarding findElement on session b1310904-d161-49ca-a1a6-530fba7baea8 to remote] DEBUG org.apache.http.wire  - http-outgoing-74 << "[\r][\n]"
18199 [Forwarding findElement on session b1310904-d161-49ca-a1a6-530fba7baea8 to remote] DEBUG org.apache.http.wire  - http-outgoing-74 << "{"sessionId":"b1310904-d161-49ca-a1a6-530fba7baea8","status":7,"value":{"message":"Unable to find element with xpath == //input[@name='Reset']"}}[\n]"
18199 [Forwarding findElement on session b1310904-d161-49ca-a1a6-530fba7baea8 to remote] DEBUG org.apache.http.wire  - http-outgoing-74 << "[\r][\n]"
18199 [Forwarding findElement on session b1310904-d161-49ca-a1a6-530fba7baea8 to remote] DEBUG org.apache.http.headers  - http-outgoing-74 << HTTP/1.1 500 Internal Server Error
18199 [Forwarding findElement on session b1310904-d161-49ca-a1a6-530fba7baea8 to remote] DEBUG org.apache.http.headers  - http-outgoing-74 << Content-Length: 146
18199 [Forwarding findElement on session b1310904-d161-49ca-a1a6-530fba7baea8 to remote] DEBUG org.apache.http.headers  - http-outgoing-74 << Content-Type: application/json; charset=UTF-8
18199 [Forwarding findElement on session b1310904-d161-49ca-a1a6-530fba7baea8 to remote] DEBUG org.apache.http.headers  - http-outgoing-74 << Vary: Accept-Charset, Accept-Encoding, Accept-Language, Accept
18199 [Forwarding findElement on session b1310904-d161-49ca-a1a6-530fba7baea8 to remote] DEBUG org.apache.http.headers  - http-outgoing-74 << Accept-Ranges: bytes
18199 [Forwarding findElement on session b1310904-d161-49ca-a1a6-530fba7baea8 to remote] DEBUG org.apache.http.headers  - http-outgoing-74 << Connection: close
18199 [Forwarding findElement on session b1310904-d161-49ca-a1a6-530fba7baea8 to remote] DEBUG org.apache.http.impl.conn.DefaultManagedHttpClientConnection  - http-outgoing-74: Shutdown connection
18199 [Forwarding findElement on session b1310904-d161-49ca-a1a6-530fba7baea8 to remote] DEBUG org.apache.http.impl.execchain.MainClientExec  - Connection discarded
18199 [Forwarding findElement on session b1310904-d161-49ca-a1a6-530fba7baea8 to remote] DEBUG org.apache.http.impl.conn.DefaultManagedHttpClientConnection  - http-outgoing-74: Close connection
18199 [Forwarding findElement on session b1310904-d161-49ca-a1a6-530fba7baea8 to remote] DEBUG org.apache.http.impl.conn.PoolingHttpClientConnectionManager  - Connection released: [id: 74][route: {}->http://localhost:37262][total kept alive: 0; route allocated: 0 of 2000; total allocated: 0 of 2000]
18701 [Forwarding findElement on session b1310904-d161-49ca-a1a6-530fba7baea8 to remote] DEBUG org.apache.http.client.protocol.RequestAddCookies  - CookieSpec selected: best-match
18701 [Forwarding findElement on session b1310904-d161-49ca-a1a6-530fba7baea8 to remote] DEBUG org.apache.http.client.protocol.RequestAuthCache  - Auth cache not set in the context
18701 [Forwarding findElement on session b1310904-d161-49ca-a1a6-530fba7baea8 to remote] DEBUG org.apache.http.impl.conn.PoolingHttpClientConnectionManager  - Connection request: [route: {}->http://localhost:37262][total kept alive: 0; route allocated: 0 of 2000; total allocated: 0 of 2000]
18701 [Forwarding findElement on session b1310904-d161-49ca-a1a6-530fba7baea8 to remote] DEBUG org.apache.http.impl.conn.PoolingHttpClientConnectionManager  - Connection leased: [id: 75][route: {}->http://localhost:37262][total kept alive: 0; route allocated: 1 of 2000; total allocated: 1 of 2000]
18701 [Forwarding findElement on session b1310904-d161-49ca-a1a6-530fba7baea8 to remote] DEBUG org.apache.http.impl.execchain.MainClientExec  - Opening connection {}->http://localhost:37262
18701 [Forwarding findElement on session b1310904-d161-49ca-a1a6-530fba7baea8 to remote] DEBUG org.apache.http.impl.conn.HttpClientConnectionOperator  - Connecting to localhost/127.0.0.1:37262
18701 [Forwarding findElement on session b1310904-d161-49ca-a1a6-530fba7baea8 to remote] DEBUG org.apache.http.impl.conn.HttpClientConnectionOperator  - Connection established 127.0.0.1:17290<->127.0.0.1:37262
18701 [Forwarding findElement on session b1310904-d161-49ca-a1a6-530fba7baea8 to remote] DEBUG org.apache.http.impl.execchain.MainClientExec  - Executing request POST /session/b1310904-d161-49ca-a1a6-530fba7baea8/element HTTP/1.1
18701 [Forwarding findElement on session b1310904-d161-49ca-a1a6-530fba7baea8 to remote] DEBUG org.apache.http.impl.execchain.MainClientExec  - Target auth state: UNCHALLENGED
18701 [Forwarding findElement on session b1310904-d161-49ca-a1a6-530fba7baea8 to remote] DEBUG org.apache.http.impl.execchain.MainClientExec  - Proxy auth state: UNCHALLENGED
18701 [Forwarding findElement on session b1310904-d161-49ca-a1a6-530fba7baea8 to remote] DEBUG org.apache.http.headers  - http-outgoing-75 >> POST /session/b1310904-d161-49ca-a1a6-530fba7baea8/element HTTP/1.1
18701 [Forwarding findElement on session b1310904-d161-49ca-a1a6-530fba7baea8 to remote] DEBUG org.apache.http.headers  - http-outgoing-75 >> Content-Type: application/json; charset=utf-8
18701 [Forwarding findElement on session b1310904-d161-49ca-a1a6-530fba7baea8 to remote] DEBUG org.apache.http.headers  - http-outgoing-75 >> Content-Length: 50
18701 [Forwarding findElement on session b1310904-d161-49ca-a1a6-530fba7baea8 to remote] DEBUG org.apache.http.headers  - http-outgoing-75 >> Host: localhost:37262
18701 [Forwarding findElement on session b1310904-d161-49ca-a1a6-530fba7baea8 to remote] DEBUG org.apache.http.headers  - http-outgoing-75 >> Connection: Keep-Alive
18701 [Forwarding findElement on session b1310904-d161-49ca-a1a6-530fba7baea8 to remote] DEBUG org.apache.http.headers  - http-outgoing-75 >> User-Agent: Apache-HttpClient/4.3.3 (java 1.5)
18701 [Forwarding findElement on session b1310904-d161-49ca-a1a6-530fba7baea8 to remote] DEBUG org.apache.http.headers  - http-outgoing-75 >> Accept-Encoding: gzip,deflate
18701 [Forwarding findElement on session b1310904-d161-49ca-a1a6-530fba7baea8 to remote] DEBUG org.apache.http.wire  - http-outgoing-75 >> "POST /session/b1310904-d161-49ca-a1a6-530fba7baea8/element HTTP/1.1[\r][\n]"
18701 [Forwarding findElement on session b1310904-d161-49ca-a1a6-530fba7baea8 to remote] DEBUG org.apache.http.wire  - http-outgoing-75 >> "Content-Type: application/json; charset=utf-8[\r][\n]"
18701 [Forwarding findElement on session b1310904-d161-49ca-a1a6-530fba7baea8 to remote] DEBUG org.apache.http.wire  - http-outgoing-75 >> "Content-Length: 50[\r][\n]"
18701 [Forwarding findElement on session b1310904-d161-49ca-a1a6-530fba7baea8 to remote] DEBUG org.apache.http.wire  - http-outgoing-75 >> "Host: localhost:37262[\r][\n]"
18701 [Forwarding findElement on session b1310904-d161-49ca-a1a6-530fba7baea8 to remote] DEBUG org.apache.http.wire  - http-outgoing-75 >> "Connection: Keep-Alive[\r][\n]"
18701 [Forwarding findElement on session b1310904-d161-49ca-a1a6-530fba7baea8 to remote] DEBUG org.apache.http.wire  - http-outgoing-75 >> "User-Agent: Apache-HttpClient/4.3.3 (java 1.5)[\r][\n]"
18701 [Forwarding findElement on session b1310904-d161-49ca-a1a6-530fba7baea8 to remote] DEBUG org.apache.http.wire  - http-outgoing-75 >> "Accept-Encoding: gzip,deflate[\r][\n]"
18701 [Forwarding findElement on session b1310904-d161-49ca-a1a6-530fba7baea8 to remote] DEBUG org.apache.http.wire  - http-outgoing-75 >> "[\r][\n]"
18701 [Forwarding findElement on session b1310904-d161-49ca-a1a6-530fba7baea8 to remote] DEBUG org.apache.http.wire  - http-outgoing-75 >> "{"using":"xpath","value":"//input[@name='Reset']"}"
18981 [Forwarding findElement on session b1310904-d161-49ca-a1a6-530fba7baea8 to remote] DEBUG org.apache.http.wire  - http-outgoing-75 << "HTTP/1.1 500 Internal Server Error[\r][\n]"
18981 [Forwarding findElement on session b1310904-d161-49ca-a1a6-530fba7baea8 to remote] DEBUG org.apache.http.wire  - http-outgoing-75 << "Content-Length: 146[\r][\n]"
18981 [Forwarding findElement on session b1310904-d161-49ca-a1a6-530fba7baea8 to remote] DEBUG org.apache.http.wire  - http-outgoing-75 << "Content-Type: application/json; charset=UTF-8[\r][\n]"
18981 [Forwarding findElement on session b1310904-d161-49ca-a1a6-530fba7baea8 to remote] DEBUG org.apache.http.wire  - http-outgoing-75 << "Vary: Accept-Charset, Accept-Encoding, Accept-Language, Accept[\r][\n]"
18981 [Forwarding findElement on session b1310904-d161-49ca-a1a6-530fba7baea8 to remote] DEBUG org.apache.http.wire  - http-outgoing-75 << "Accept-Ranges: bytes[\r][\n]"
18981 [Forwarding findElement on session b1310904-d161-49ca-a1a6-530fba7baea8 to remote] DEBUG org.apache.http.wire  - http-outgoing-75 << "Connection: close[\r][\n]"
18981 [Forwarding findElement on session b1310904-d161-49ca-a1a6-530fba7baea8 to remote] DEBUG org.apache.http.wire  - http-outgoing-75 << "[\r][\n]"
18981 [Forwarding findElement on session b1310904-d161-49ca-a1a6-530fba7baea8 to remote] DEBUG org.apache.http.wire  - http-outgoing-75 << "{"sessionId":"b1310904-d161-49ca-a1a6-530fba7baea8","status":7,"value":{"message":"Unable to find element with xpath == //input[@name='Reset']"}}[\n]"
18981 [Forwarding findElement on session b1310904-d161-49ca-a1a6-530fba7baea8 to remote] DEBUG org.apache.http.wire  - http-outgoing-75 << "[\r][\n]"
18981 [Forwarding findElement on session b1310904-d161-49ca-a1a6-530fba7baea8 to remote] DEBUG org.apache.http.headers  - http-outgoing-75 << HTTP/1.1 500 Internal Server Error
18981 [Forwarding findElement on session b1310904-d161-49ca-a1a6-530fba7baea8 to remote] DEBUG org.apache.http.headers  - http-outgoing-75 << Content-Length: 146
18981 [Forwarding findElement on session b1310904-d161-49ca-a1a6-530fba7baea8 to remote] DEBUG org.apache.http.headers  - http-outgoing-75 << Content-Type: application/json; charset=UTF-8
18981 [Forwarding findElement on session b1310904-d161-49ca-a1a6-530fba7baea8 to remote] DEBUG org.apache.http.headers  - http-outgoing-75 << Vary: Accept-Charset, Accept-Encoding, Accept-Language, Accept
18981 [Forwarding findElement on session b1310904-d161-49ca-a1a6-530fba7baea8 to remote] DEBUG org.apache.http.headers  - http-outgoing-75 << Accept-Ranges: bytes
18981 [Forwarding findElement on session b1310904-d161-49ca-a1a6-530fba7baea8 to remote] DEBUG org.apache.http.headers  - http-outgoing-75 << Connection: close
18981 [Forwarding findElement on session b1310904-d161-49ca-a1a6-530fba7baea8 to remote] DEBUG org.apache.http.impl.conn.DefaultManagedHttpClientConnection  - http-outgoing-75: Shutdown connection
18981 [Forwarding findElement on session b1310904-d161-49ca-a1a6-530fba7baea8 to remote] DEBUG org.apache.http.impl.execchain.MainClientExec  - Connection discarded
18981 [Forwarding findElement on session b1310904-d161-49ca-a1a6-530fba7baea8 to remote] DEBUG org.apache.http.impl.conn.DefaultManagedHttpClientConnection  - http-outgoing-75: Close connection
18981 [Forwarding findElement on session b1310904-d161-49ca-a1a6-530fba7baea8 to remote] DEBUG org.apache.http.impl.conn.PoolingHttpClientConnectionManager  - Connection released: [id: 75][route: {}->http://localhost:37262][total kept alive: 0; route allocated: 0 of 2000; total allocated: 0 of 2000]
19482 [Forwarding findElement on session b1310904-d161-49ca-a1a6-530fba7baea8 to remote] DEBUG org.apache.http.client.protocol.RequestAddCookies  - CookieSpec selected: best-match
19482 [Forwarding findElement on session b1310904-d161-49ca-a1a6-530fba7baea8 to remote] DEBUG org.apache.http.client.protocol.RequestAuthCache  - Auth cache not set in the context
19482 [Forwarding findElement on session b1310904-d161-49ca-a1a6-530fba7baea8 to remote] DEBUG org.apache.http.impl.conn.PoolingHttpClientConnectionManager  - Connection request: [route: {}->http://localhost:37262][total kept alive: 0; route allocated: 0 of 2000; total allocated: 0 of 2000]
19482 [Forwarding findElement on session b1310904-d161-49ca-a1a6-530fba7baea8 to remote] DEBUG org.apache.http.impl.conn.PoolingHttpClientConnectionManager  - Connection leased: [id: 76][route: {}->http://localhost:37262][total kept alive: 0; route allocated: 1 of 2000; total allocated: 1 of 2000]
19482 [Forwarding findElement on session b1310904-d161-49ca-a1a6-530fba7baea8 to remote] DEBUG org.apache.http.impl.execchain.MainClientExec  - Opening connection {}->http://localhost:37262
19482 [Forwarding findElement on session b1310904-d161-49ca-a1a6-530fba7baea8 to remote] DEBUG org.apache.http.impl.conn.HttpClientConnectionOperator  - Connecting to localhost/127.0.0.1:37262
19482 [Forwarding findElement on session b1310904-d161-49ca-a1a6-530fba7baea8 to remote] DEBUG org.apache.http.impl.conn.HttpClientConnectionOperator  - Connection established 127.0.0.1:17292<->127.0.0.1:37262
19482 [Forwarding findElement on session b1310904-d161-49ca-a1a6-530fba7baea8 to remote] DEBUG org.apache.http.impl.execchain.MainClientExec  - Executing request POST /session/b1310904-d161-49ca-a1a6-530fba7baea8/element HTTP/1.1
19482 [Forwarding findElement on session b1310904-d161-49ca-a1a6-530fba7baea8 to remote] DEBUG org.apache.http.impl.execchain.MainClientExec  - Target auth state: UNCHALLENGED
19482 [Forwarding findElement on session b1310904-d161-49ca-a1a6-530fba7baea8 to remote] DEBUG org.apache.http.impl.execchain.MainClientExec  - Proxy auth state: UNCHALLENGED
19482 [Forwarding findElement on session b1310904-d161-49ca-a1a6-530fba7baea8 to remote] DEBUG org.apache.http.headers  - http-outgoing-76 >> POST /session/b1310904-d161-49ca-a1a6-530fba7baea8/element HTTP/1.1
19482 [Forwarding findElement on session b1310904-d161-49ca-a1a6-530fba7baea8 to remote] DEBUG org.apache.http.headers  - http-outgoing-76 >> Content-Type: application/json; charset=utf-8
19482 [Forwarding findElement on session b1310904-d161-49ca-a1a6-530fba7baea8 to remote] DEBUG org.apache.http.headers  - http-outgoing-76 >> Content-Length: 50
19482 [Forwarding findElement on session b1310904-d161-49ca-a1a6-530fba7baea8 to remote] DEBUG org.apache.http.headers  - http-outgoing-76 >> Host: localhost:37262
19482 [Forwarding findElement on session b1310904-d161-49ca-a1a6-530fba7baea8 to remote] DEBUG org.apache.http.headers  - http-outgoing-76 >> Connection: Keep-Alive
19482 [Forwarding findElement on session b1310904-d161-49ca-a1a6-530fba7baea8 to remote] DEBUG org.apache.http.headers  - http-outgoing-76 >> User-Agent: Apache-HttpClient/4.3.3 (java 1.5)
19482 [Forwarding findElement on session b1310904-d161-49ca-a1a6-530fba7baea8 to remote] DEBUG org.apache.http.headers  - http-outgoing-76 >> Accept-Encoding: gzip,deflate
19482 [Forwarding findElement on session b1310904-d161-49ca-a1a6-530fba7baea8 to remote] DEBUG org.apache.http.wire  - http-outgoing-76 >> "POST /session/b1310904-d161-49ca-a1a6-530fba7baea8/element HTTP/1.1[\r][\n]"
19482 [Forwarding findElement on session b1310904-d161-49ca-a1a6-530fba7baea8 to remote] DEBUG org.apache.http.wire  - http-outgoing-76 >> "Content-Type: application/json; charset=utf-8[\r][\n]"
19482 [Forwarding findElement on session b1310904-d161-49ca-a1a6-530fba7baea8 to remote] DEBUG org.apache.http.wire  - http-outgoing-76 >> "Content-Length: 50[\r][\n]"
19482 [Forwarding findElement on session b1310904-d161-49ca-a1a6-530fba7baea8 to remote] DEBUG org.apache.http.wire  - http-outgoing-76 >> "Host: localhost:37262[\r][\n]"
19482 [Forwarding findElement on session b1310904-d161-49ca-a1a6-530fba7baea8 to remote] DEBUG org.apache.http.wire  - http-outgoing-76 >> "Connection: Keep-Alive[\r][\n]"
19482 [Forwarding findElement on session b1310904-d161-49ca-a1a6-530fba7baea8 to remote] DEBUG org.apache.http.wire  - http-outgoing-76 >> "User-Agent: Apache-HttpClient/4.3.3 (java 1.5)[\r][\n]"
19482 [Forwarding findElement on session b1310904-d161-49ca-a1a6-530fba7baea8 to remote] DEBUG org.apache.http.wire  - http-outgoing-76 >> "Accept-Encoding: gzip,deflate[\r][\n]"
19482 [Forwarding findElement on session b1310904-d161-49ca-a1a6-530fba7baea8 to remote] DEBUG org.apache.http.wire  - http-outgoing-76 >> "[\r][\n]"
19482 [Forwarding findElement on session b1310904-d161-49ca-a1a6-530fba7baea8 to remote] DEBUG org.apache.http.wire  - http-outgoing-76 >> "{"using":"xpath","value":"//input[@name='Reset']"}"
19754 [Forwarding findElement on session b1310904-d161-49ca-a1a6-530fba7baea8 to remote] DEBUG org.apache.http.wire  - http-outgoing-76 << "HTTP/1.1 500 Internal Server Error[\r][\n]"
19754 [Forwarding findElement on session b1310904-d161-49ca-a1a6-530fba7baea8 to remote] DEBUG org.apache.http.wire  - http-outgoing-76 << "Content-Length: 146[\r][\n]"
19754 [Forwarding findElement on session b1310904-d161-49ca-a1a6-530fba7baea8 to remote] DEBUG org.apache.http.wire  - http-outgoing-76 << "Content-Type: application/json; charset=UTF-8[\r][\n]"
19754 [Forwarding findElement on session b1310904-d161-49ca-a1a6-530fba7baea8 to remote] DEBUG org.apache.http.wire  - http-outgoing-76 << "Vary: Accept-Charset, Accept-Encoding, Accept-Language, Accept[\r][\n]"
19754 [Forwarding findElement on session b1310904-d161-49ca-a1a6-530fba7baea8 to remote] DEBUG org.apache.http.wire  - http-outgoing-76 << "Accept-Ranges: bytes[\r][\n]"
19754 [Forwarding findElement on session b1310904-d161-49ca-a1a6-530fba7baea8 to remote] DEBUG org.apache.http.wire  - http-outgoing-76 << "Connection: close[\r][\n]"
19754 [Forwarding findElement on session b1310904-d161-49ca-a1a6-530fba7baea8 to remote] DEBUG org.apache.http.wire  - http-outgoing-76 << "[\r][\n]"
19754 [Forwarding findElement on session b1310904-d161-49ca-a1a6-530fba7baea8 to remote] DEBUG org.apache.http.wire  - http-outgoing-76 << "{"sessionId":"b1310904-d161-49ca-a1a6-530fba7baea8","status":7,"value":{"message":"Unable to find element with xpath == //input[@name='Reset']"}}[\n]"
19754 [Forwarding findElement on session b1310904-d161-49ca-a1a6-530fba7baea8 to remote] DEBUG org.apache.http.wire  - http-outgoing-76 << "[\r][\n]"
19754 [Forwarding findElement on session b1310904-d161-49ca-a1a6-530fba7baea8 to remote] DEBUG org.apache.http.headers  - http-outgoing-76 << HTTP/1.1 500 Internal Server Error
19754 [Forwarding findElement on session b1310904-d161-49ca-a1a6-530fba7baea8 to remote] DEBUG org.apache.http.headers  - http-outgoing-76 << Content-Length: 146
19754 [Forwarding findElement on session b1310904-d161-49ca-a1a6-530fba7baea8 to remote] DEBUG org.apache.http.headers  - http-outgoing-76 << Content-Type: application/json; charset=UTF-8
19754 [Forwarding findElement on session b1310904-d161-49ca-a1a6-530fba7baea8 to remote] DEBUG org.apache.http.headers  - http-outgoing-76 << Vary: Accept-Charset, Accept-Encoding, Accept-Language, Accept
19754 [Forwarding findElement on session b1310904-d161-49ca-a1a6-530fba7baea8 to remote] DEBUG org.apache.http.headers  - http-outgoing-76 << Accept-Ranges: bytes
19754 [Forwarding findElement on session b1310904-d161-49ca-a1a6-530fba7baea8 to remote] DEBUG org.apache.http.headers  - http-outgoing-76 << Connection: close
19754 [Forwarding findElement on session b1310904-d161-49ca-a1a6-530fba7baea8 to remote] DEBUG org.apache.http.impl.conn.DefaultManagedHttpClientConnection  - http-outgoing-76: Shutdown connection
19754 [Forwarding findElement on session b1310904-d161-49ca-a1a6-530fba7baea8 to remote] DEBUG org.apache.http.impl.execchain.MainClientExec  - Connection discarded
19754 [Forwarding findElement on session b1310904-d161-49ca-a1a6-530fba7baea8 to remote] DEBUG org.apache.http.impl.conn.DefaultManagedHttpClientConnection  - http-outgoing-76: Close connection
19754 [Forwarding findElement on session b1310904-d161-49ca-a1a6-530fba7baea8 to remote] DEBUG org.apache.http.impl.conn.PoolingHttpClientConnectionManager  - Connection released: [id: 76][route: {}->http://localhost:37262][total kept alive: 0; route allocated: 0 of 2000; total allocated: 0 of 2000]
20272 [Forwarding findElement on session b1310904-d161-49ca-a1a6-530fba7baea8 to remote] DEBUG org.apache.http.client.protocol.RequestAddCookies  - CookieSpec selected: best-match
20272 [Forwarding findElement on session b1310904-d161-49ca-a1a6-530fba7baea8 to remote] DEBUG org.apache.http.client.protocol.RequestAuthCache  - Auth cache not set in the context
20272 [Forwarding findElement on session b1310904-d161-49ca-a1a6-530fba7baea8 to remote] DEBUG org.apache.http.impl.conn.PoolingHttpClientConnectionManager  - Connection request: [route: {}->http://localhost:37262][total kept alive: 0; route allocated: 0 of 2000; total allocated: 0 of 2000]
20272 [Forwarding findElement on session b1310904-d161-49ca-a1a6-530fba7baea8 to remote] DEBUG org.apache.http.impl.conn.PoolingHttpClientConnectionManager  - Connection leased: [id: 77][route: {}->http://localhost:37262][total kept alive: 0; route allocated: 1 of 2000; total allocated: 1 of 2000]
20272 [Forwarding findElement on session b1310904-d161-49ca-a1a6-530fba7baea8 to remote] DEBUG org.apache.http.impl.execchain.MainClientExec  - Opening connection {}->http://localhost:37262
20272 [Forwarding findElement on session b1310904-d161-49ca-a1a6-530fba7baea8 to remote] DEBUG org.apache.http.impl.conn.HttpClientConnectionOperator  - Connecting to localhost/127.0.0.1:37262
20272 [Forwarding findElement on session b1310904-d161-49ca-a1a6-530fba7baea8 to remote] DEBUG org.apache.http.impl.conn.HttpClientConnectionOperator  - Connection established 127.0.0.1:17293<->127.0.0.1:37262
20272 [Forwarding findElement on session b1310904-d161-49ca-a1a6-530fba7baea8 to remote] DEBUG org.apache.http.impl.execchain.MainClientExec  - Executing request POST /session/b1310904-d161-49ca-a1a6-530fba7baea8/element HTTP/1.1
20272 [Forwarding findElement on session b1310904-d161-49ca-a1a6-530fba7baea8 to remote] DEBUG org.apache.http.impl.execchain.MainClientExec  - Target auth state: UNCHALLENGED
20272 [Forwarding findElement on session b1310904-d161-49ca-a1a6-530fba7baea8 to remote] DEBUG org.apache.http.impl.execchain.MainClientExec  - Proxy auth state: UNCHALLENGED
20272 [Forwarding findElement on session b1310904-d161-49ca-a1a6-530fba7baea8 to remote] DEBUG org.apache.http.headers  - http-outgoing-77 >> POST /session/b1310904-d161-49ca-a1a6-530fba7baea8/element HTTP/1.1
20272 [Forwarding findElement on session b1310904-d161-49ca-a1a6-530fba7baea8 to remote] DEBUG org.apache.http.headers  - http-outgoing-77 >> Content-Type: application/json; charset=utf-8
20272 [Forwarding findElement on session b1310904-d161-49ca-a1a6-530fba7baea8 to remote] DEBUG org.apache.http.headers  - http-outgoing-77 >> Content-Length: 50
20272 [Forwarding findElement on session b1310904-d161-49ca-a1a6-530fba7baea8 to remote] DEBUG org.apache.http.headers  - http-outgoing-77 >> Host: localhost:37262
20272 [Forwarding findElement on session b1310904-d161-49ca-a1a6-530fba7baea8 to remote] DEBUG org.apache.http.headers  - http-outgoing-77 >> Connection: Keep-Alive
20272 [Forwarding findElement on session b1310904-d161-49ca-a1a6-530fba7baea8 to remote] DEBUG org.apache.http.headers  - http-outgoing-77 >> User-Agent: Apache-HttpClient/4.3.3 (java 1.5)
20272 [Forwarding findElement on session b1310904-d161-49ca-a1a6-530fba7baea8 to remote] DEBUG org.apache.http.headers  - http-outgoing-77 >> Accept-Encoding: gzip,deflate
20272 [Forwarding findElement on session b1310904-d161-49ca-a1a6-530fba7baea8 to remote] DEBUG org.apache.http.wire  - http-outgoing-77 >> "POST /session/b1310904-d161-49ca-a1a6-530fba7baea8/element HTTP/1.1[\r][\n]"
20272 [Forwarding findElement on session b1310904-d161-49ca-a1a6-530fba7baea8 to remote] DEBUG org.apache.http.wire  - http-outgoing-77 >> "Content-Type: application/json; charset=utf-8[\r][\n]"
20272 [Forwarding findElement on session b1310904-d161-49ca-a1a6-530fba7baea8 to remote] DEBUG org.apache.http.wire  - http-outgoing-77 >> "Content-Length: 50[\r][\n]"
20272 [Forwarding findElement on session b1310904-d161-49ca-a1a6-530fba7baea8 to remote] DEBUG org.apache.http.wire  - http-outgoing-77 >> "Host: localhost:37262[\r][\n]"
20272 [Forwarding findElement on session b1310904-d161-49ca-a1a6-530fba7baea8 to remote] DEBUG org.apache.http.wire  - http-outgoing-77 >> "Connection: Keep-Alive[\r][\n]"
20272 [Forwarding findElement on session b1310904-d161-49ca-a1a6-530fba7baea8 to remote] DEBUG org.apache.http.wire  - http-outgoing-77 >> "User-Agent: Apache-HttpClient/4.3.3 (java 1.5)[\r][\n]"
20272 [Forwarding findElement on session b1310904-d161-49ca-a1a6-530fba7baea8 to remote] DEBUG org.apache.http.wire  - http-outgoing-77 >> "Accept-Encoding: gzip,deflate[\r][\n]"
20272 [Forwarding findElement on session b1310904-d161-49ca-a1a6-530fba7baea8 to remote] DEBUG org.apache.http.wire  - http-outgoing-77 >> "[\r][\n]"
20272 [Forwarding findElement on session b1310904-d161-49ca-a1a6-530fba7baea8 to remote] DEBUG org.apache.http.wire  - http-outgoing-77 >> "{"using":"xpath","value":"//input[@name='Reset']"}"
20544 [Forwarding findElement on session b1310904-d161-49ca-a1a6-530fba7baea8 to remote] DEBUG org.apache.http.wire  - http-outgoing-77 << "HTTP/1.1 500 Internal Server Error[\r][\n]"
20544 [Forwarding findElement on session b1310904-d161-49ca-a1a6-530fba7baea8 to remote] DEBUG org.apache.http.wire  - http-outgoing-77 << "Content-Length: 146[\r][\n]"
20544 [Forwarding findElement on session b1310904-d161-49ca-a1a6-530fba7baea8 to remote] DEBUG org.apache.http.wire  - http-outgoing-77 << "Content-Type: application/json; charset=UTF-8[\r][\n]"
20544 [Forwarding findElement on session b1310904-d161-49ca-a1a6-530fba7baea8 to remote] DEBUG org.apache.http.wire  - http-outgoing-77 << "Vary: Accept-Charset, Accept-Encoding, Accept-Language, Accept[\r][\n]"
20544 [Forwarding findElement on session b1310904-d161-49ca-a1a6-530fba7baea8 to remote] DEBUG org.apache.http.wire  - http-outgoing-77 << "Accept-Ranges: bytes[\r][\n]"
20544 [Forwarding findElement on session b1310904-d161-49ca-a1a6-530fba7baea8 to remote] DEBUG org.apache.http.wire  - http-outgoing-77 << "Connection: close[\r][\n]"
20544 [Forwarding findElement on session b1310904-d161-49ca-a1a6-530fba7baea8 to remote] DEBUG org.apache.http.wire  - http-outgoing-77 << "[\r][\n]"
20544 [Forwarding findElement on session b1310904-d161-49ca-a1a6-530fba7baea8 to remote] DEBUG org.apache.http.wire  - http-outgoing-77 << "{"sessionId":"b1310904-d161-49ca-a1a6-530fba7baea8","status":7,"value":{"message":"Unable to find element with xpath == //input[@name='Reset']"}}[\n]"
20544 [Forwarding findElement on session b1310904-d161-49ca-a1a6-530fba7baea8 to remote] DEBUG org.apache.http.wire  - http-outgoing-77 << "[\r][\n]"
20544 [Forwarding findElement on session b1310904-d161-49ca-a1a6-530fba7baea8 to remote] DEBUG org.apache.http.headers  - http-outgoing-77 << HTTP/1.1 500 Internal Server Error
20544 [Forwarding findElement on session b1310904-d161-49ca-a1a6-530fba7baea8 to remote] DEBUG org.apache.http.headers  - http-outgoing-77 << Content-Length: 146
20544 [Forwarding findElement on session b1310904-d161-49ca-a1a6-530fba7baea8 to remote] DEBUG org.apache.http.headers  - http-outgoing-77 << Content-Type: application/json; charset=UTF-8
20544 [Forwarding findElement on session b1310904-d161-49ca-a1a6-530fba7baea8 to remote] DEBUG org.apache.http.headers  - http-outgoing-77 << Vary: Accept-Charset, Accept-Encoding, Accept-Language, Accept
20544 [Forwarding findElement on session b1310904-d161-49ca-a1a6-530fba7baea8 to remote] DEBUG org.apache.http.headers  - http-outgoing-77 << Accept-Ranges: bytes
20544 [Forwarding findElement on session b1310904-d161-49ca-a1a6-530fba7baea8 to remote] DEBUG org.apache.http.headers  - http-outgoing-77 << Connection: close
20544 [Forwarding findElement on session b1310904-d161-49ca-a1a6-530fba7baea8 to remote] DEBUG org.apache.http.impl.conn.DefaultManagedHttpClientConnection  - http-outgoing-77: Shutdown connection
20544 [Forwarding findElement on session b1310904-d161-49ca-a1a6-530fba7baea8 to remote] DEBUG org.apache.http.impl.execchain.MainClientExec  - Connection discarded
20544 [Forwarding findElement on session b1310904-d161-49ca-a1a6-530fba7baea8 to remote] DEBUG org.apache.http.impl.conn.DefaultManagedHttpClientConnection  - http-outgoing-77: Close connection
20544 [Forwarding findElement on session b1310904-d161-49ca-a1a6-530fba7baea8 to remote] DEBUG org.apache.http.impl.conn.PoolingHttpClientConnectionManager  - Connection released: [id: 77][route: {}->http://localhost:37262][total kept alive: 0; route allocated: 0 of 2000; total allocated: 0 of 2000]
21046 [Forwarding findElement on session b1310904-d161-49ca-a1a6-530fba7baea8 to remote] DEBUG org.apache.http.client.protocol.RequestAddCookies  - CookieSpec selected: best-match
21046 [Forwarding findElement on session b1310904-d161-49ca-a1a6-530fba7baea8 to remote] DEBUG org.apache.http.client.protocol.RequestAuthCache  - Auth cache not set in the context
21046 [Forwarding findElement on session b1310904-d161-49ca-a1a6-530fba7baea8 to remote] DEBUG org.apache.http.impl.conn.PoolingHttpClientConnectionManager  - Connection request: [route: {}->http://localhost:37262][total kept alive: 0; route allocated: 0 of 2000; total allocated: 0 of 2000]
21046 [Forwarding findElement on session b1310904-d161-49ca-a1a6-530fba7baea8 to remote] DEBUG org.apache.http.impl.conn.PoolingHttpClientConnectionManager  - Connection leased: [id: 78][route: {}->http://localhost:37262][total kept alive: 0; route allocated: 1 of 2000; total allocated: 1 of 2000]
21046 [Forwarding findElement on session b1310904-d161-49ca-a1a6-530fba7baea8 to remote] DEBUG org.apache.http.impl.execchain.MainClientExec  - Opening connection {}->http://localhost:37262
21046 [Forwarding findElement on session b1310904-d161-49ca-a1a6-530fba7baea8 to remote] DEBUG org.apache.http.impl.conn.HttpClientConnectionOperator  - Connecting to localhost/127.0.0.1:37262
21046 [Forwarding findElement on session b1310904-d161-49ca-a1a6-530fba7baea8 to remote] DEBUG org.apache.http.impl.conn.HttpClientConnectionOperator  - Connection established 127.0.0.1:17294<->127.0.0.1:37262
21046 [Forwarding findElement on session b1310904-d161-49ca-a1a6-530fba7baea8 to remote] DEBUG org.apache.http.impl.execchain.MainClientExec  - Executing request POST /session/b1310904-d161-49ca-a1a6-530fba7baea8/element HTTP/1.1
21046 [Forwarding findElement on session b1310904-d161-49ca-a1a6-530fba7baea8 to remote] DEBUG org.apache.http.impl.execchain.MainClientExec  - Target auth state: UNCHALLENGED
21046 [Forwarding findElement on session b1310904-d161-49ca-a1a6-530fba7baea8 to remote] DEBUG org.apache.http.impl.execchain.MainClientExec  - Proxy auth state: UNCHALLENGED
21046 [Forwarding findElement on session b1310904-d161-49ca-a1a6-530fba7baea8 to remote] DEBUG org.apache.http.headers  - http-outgoing-78 >> POST /session/b1310904-d161-49ca-a1a6-530fba7baea8/element HTTP/1.1
21046 [Forwarding findElement on session b1310904-d161-49ca-a1a6-530fba7baea8 to remote] DEBUG org.apache.http.headers  - http-outgoing-78 >> Content-Type: application/json; charset=utf-8
21046 [Forwarding findElement on session b1310904-d161-49ca-a1a6-530fba7baea8 to remote] DEBUG org.apache.http.headers  - http-outgoing-78 >> Content-Length: 50
21046 [Forwarding findElement on session b1310904-d161-49ca-a1a6-530fba7baea8 to remote] DEBUG org.apache.http.headers  - http-outgoing-78 >> Host: localhost:37262
21046 [Forwarding findElement on session b1310904-d161-49ca-a1a6-530fba7baea8 to remote] DEBUG org.apache.http.headers  - http-outgoing-78 >> Connection: Keep-Alive
21046 [Forwarding findElement on session b1310904-d161-49ca-a1a6-530fba7baea8 to remote] DEBUG org.apache.http.headers  - http-outgoing-78 >> User-Agent: Apache-HttpClient/4.3.3 (java 1.5)
21046 [Forwarding findElement on session b1310904-d161-49ca-a1a6-530fba7baea8 to remote] DEBUG org.apache.http.headers  - http-outgoing-78 >> Accept-Encoding: gzip,deflate
21046 [Forwarding findElement on session b1310904-d161-49ca-a1a6-530fba7baea8 to remote] DEBUG org.apache.http.wire  - http-outgoing-78 >> "POST /session/b1310904-d161-49ca-a1a6-530fba7baea8/element HTTP/1.1[\r][\n]"
21046 [Forwarding findElement on session b1310904-d161-49ca-a1a6-530fba7baea8 to remote] DEBUG org.apache.http.wire  - http-outgoing-78 >> "Content-Type: application/json; charset=utf-8[\r][\n]"
21046 [Forwarding findElement on session b1310904-d161-49ca-a1a6-530fba7baea8 to remote] DEBUG org.apache.http.wire  - http-outgoing-78 >> "Content-Length: 50[\r][\n]"
21046 [Forwarding findElement on session b1310904-d161-49ca-a1a6-530fba7baea8 to remote] DEBUG org.apache.http.wire  - http-outgoing-78 >> "Host: localhost:37262[\r][\n]"
21046 [Forwarding findElement on session b1310904-d161-49ca-a1a6-530fba7baea8 to remote] DEBUG org.apache.http.wire  - http-outgoing-78 >> "Connection: Keep-Alive[\r][\n]"
21046 [Forwarding findElement on session b1310904-d161-49ca-a1a6-530fba7baea8 to remote] DEBUG org.apache.http.wire  - http-outgoing-78 >> "User-Agent: Apache-HttpClient/4.3.3 (java 1.5)[\r][\n]"
21046 [Forwarding findElement on session b1310904-d161-49ca-a1a6-530fba7baea8 to remote] DEBUG org.apache.http.wire  - http-outgoing-78 >> "Accept-Encoding: gzip,deflate[\r][\n]"
21046 [Forwarding findElement on session b1310904-d161-49ca-a1a6-530fba7baea8 to remote] DEBUG org.apache.http.wire  - http-outgoing-78 >> "[\r][\n]"
21046 [Forwarding findElement on session b1310904-d161-49ca-a1a6-530fba7baea8 to remote] DEBUG org.apache.http.wire  - http-outgoing-78 >> "{"using":"xpath","value":"//input[@name='Reset']"}"
21326 [Forwarding findElement on session b1310904-d161-49ca-a1a6-530fba7baea8 to remote] DEBUG org.apache.http.wire  - http-outgoing-78 << "HTTP/1.1 500 Internal Server Error[\r][\n]"
21326 [Forwarding findElement on session b1310904-d161-49ca-a1a6-530fba7baea8 to remote] DEBUG org.apache.http.wire  - http-outgoing-78 << "Content-Length: 146[\r][\n]"
21326 [Forwarding findElement on session b1310904-d161-49ca-a1a6-530fba7baea8 to remote] DEBUG org.apache.http.wire  - http-outgoing-78 << "Content-Type: application/json; charset=UTF-8[\r][\n]"
21326 [Forwarding findElement on session b1310904-d161-49ca-a1a6-530fba7baea8 to remote] DEBUG org.apache.http.wire  - http-outgoing-78 << "Vary: Accept-Charset, Accept-Encoding, Accept-Language, Accept[\r][\n]"
21326 [Forwarding findElement on session b1310904-d161-49ca-a1a6-530fba7baea8 to remote] DEBUG org.apache.http.wire  - http-outgoing-78 << "Accept-Ranges: bytes[\r][\n]"
21326 [Forwarding findElement on session b1310904-d161-49ca-a1a6-530fba7baea8 to remote] DEBUG org.apache.http.wire  - http-outgoing-78 << "Connection: close[\r][\n]"
21326 [Forwarding findElement on session b1310904-d161-49ca-a1a6-530fba7baea8 to remote] DEBUG org.apache.http.wire  - http-outgoing-78 << "[\r][\n]"
21326 [Forwarding findElement on session b1310904-d161-49ca-a1a6-530fba7baea8 to remote] DEBUG org.apache.http.wire  - http-outgoing-78 << "{"sessionId":"b1310904-d161-49ca-a1a6-530fba7baea8","status":7,"value":{"message":"Unable to find element with xpath == //input[@name='Reset']"}}[\n]"
21326 [Forwarding findElement on session b1310904-d161-49ca-a1a6-530fba7baea8 to remote] DEBUG org.apache.http.wire  - http-outgoing-78 << "[\r][\n]"
21326 [Forwarding findElement on session b1310904-d161-49ca-a1a6-530fba7baea8 to remote] DEBUG org.apache.http.headers  - http-outgoing-78 << HTTP/1.1 500 Internal Server Error
21326 [Forwarding findElement on session b1310904-d161-49ca-a1a6-530fba7baea8 to remote] DEBUG org.apache.http.headers  - http-outgoing-78 << Content-Length: 146
21326 [Forwarding findElement on session b1310904-d161-49ca-a1a6-530fba7baea8 to remote] DEBUG org.apache.http.headers  - http-outgoing-78 << Content-Type: application/json; charset=UTF-8
21326 [Forwarding findElement on session b1310904-d161-49ca-a1a6-530fba7baea8 to remote] DEBUG org.apache.http.headers  - http-outgoing-78 << Vary: Accept-Charset, Accept-Encoding, Accept-Language, Accept
21326 [Forwarding findElement on session b1310904-d161-49ca-a1a6-530fba7baea8 to remote] DEBUG org.apache.http.headers  - http-outgoing-78 << Accept-Ranges: bytes
21326 [Forwarding findElement on session b1310904-d161-49ca-a1a6-530fba7baea8 to remote] DEBUG org.apache.http.headers  - http-outgoing-78 << Connection: close
21326 [Forwarding findElement on session b1310904-d161-49ca-a1a6-530fba7baea8 to remote] DEBUG org.apache.http.impl.conn.DefaultManagedHttpClientConnection  - http-outgoing-78: Shutdown connection
21326 [Forwarding findElement on session b1310904-d161-49ca-a1a6-530fba7baea8 to remote] DEBUG org.apache.http.impl.execchain.MainClientExec  - Connection discarded
21326 [Forwarding findElement on session b1310904-d161-49ca-a1a6-530fba7baea8 to remote] DEBUG org.apache.http.impl.conn.DefaultManagedHttpClientConnection  - http-outgoing-78: Close connection
21326 [Forwarding findElement on session b1310904-d161-49ca-a1a6-530fba7baea8 to remote] DEBUG org.apache.http.impl.conn.PoolingHttpClientConnectionManager  - Connection released: [id: 78][route: {}->http://localhost:37262][total kept alive: 0; route allocated: 0 of 2000; total allocated: 0 of 2000]
21827 [Forwarding findElement on session b1310904-d161-49ca-a1a6-530fba7baea8 to remote] DEBUG org.apache.http.client.protocol.RequestAddCookies  - CookieSpec selected: best-match
21827 [Forwarding findElement on session b1310904-d161-49ca-a1a6-530fba7baea8 to remote] DEBUG org.apache.http.client.protocol.RequestAuthCache  - Auth cache not set in the context
21827 [Forwarding findElement on session b1310904-d161-49ca-a1a6-530fba7baea8 to remote] DEBUG org.apache.http.impl.conn.PoolingHttpClientConnectionManager  - Connection request: [route: {}->http://localhost:37262][total kept alive: 0; route allocated: 0 of 2000; total allocated: 0 of 2000]
21827 [Forwarding findElement on session b1310904-d161-49ca-a1a6-530fba7baea8 to remote] DEBUG org.apache.http.impl.conn.PoolingHttpClientConnectionManager  - Connection leased: [id: 79][route: {}->http://localhost:37262][total kept alive: 0; route allocated: 1 of 2000; total allocated: 1 of 2000]
21827 [Forwarding findElement on session b1310904-d161-49ca-a1a6-530fba7baea8 to remote] DEBUG org.apache.http.impl.execchain.MainClientExec  - Opening connection {}->http://localhost:37262
21827 [Forwarding findElement on session b1310904-d161-49ca-a1a6-530fba7baea8 to remote] DEBUG org.apache.http.impl.conn.HttpClientConnectionOperator  - Connecting to localhost/127.0.0.1:37262
21827 [Forwarding findElement on session b1310904-d161-49ca-a1a6-530fba7baea8 to remote] DEBUG org.apache.http.impl.conn.HttpClientConnectionOperator  - Connection established 127.0.0.1:17295<->127.0.0.1:37262
21827 [Forwarding findElement on session b1310904-d161-49ca-a1a6-530fba7baea8 to remote] DEBUG org.apache.http.impl.execchain.MainClientExec  - Executing request POST /session/b1310904-d161-49ca-a1a6-530fba7baea8/element HTTP/1.1
21827 [Forwarding findElement on session b1310904-d161-49ca-a1a6-530fba7baea8 to remote] DEBUG org.apache.http.impl.execchain.MainClientExec  - Target auth state: UNCHALLENGED
21827 [Forwarding findElement on session b1310904-d161-49ca-a1a6-530fba7baea8 to remote] DEBUG org.apache.http.impl.execchain.MainClientExec  - Proxy auth state: UNCHALLENGED
21827 [Forwarding findElement on session b1310904-d161-49ca-a1a6-530fba7baea8 to remote] DEBUG org.apache.http.headers  - http-outgoing-79 >> POST /session/b1310904-d161-49ca-a1a6-530fba7baea8/element HTTP/1.1
21827 [Forwarding findElement on session b1310904-d161-49ca-a1a6-530fba7baea8 to remote] DEBUG org.apache.http.headers  - http-outgoing-79 >> Content-Type: application/json; charset=utf-8
21827 [Forwarding findElement on session b1310904-d161-49ca-a1a6-530fba7baea8 to remote] DEBUG org.apache.http.headers  - http-outgoing-79 >> Content-Length: 50
21827 [Forwarding findElement on session b1310904-d161-49ca-a1a6-530fba7baea8 to remote] DEBUG org.apache.http.headers  - http-outgoing-79 >> Host: localhost:37262
21827 [Forwarding findElement on session b1310904-d161-49ca-a1a6-530fba7baea8 to remote] DEBUG org.apache.http.headers  - http-outgoing-79 >> Connection: Keep-Alive
21827 [Forwarding findElement on session b1310904-d161-49ca-a1a6-530fba7baea8 to remote] DEBUG org.apache.http.headers  - http-outgoing-79 >> User-Agent: Apache-HttpClient/4.3.3 (java 1.5)
21827 [Forwarding findElement on session b1310904-d161-49ca-a1a6-530fba7baea8 to remote] DEBUG org.apache.http.headers  - http-outgoing-79 >> Accept-Encoding: gzip,deflate
21827 [Forwarding findElement on session b1310904-d161-49ca-a1a6-530fba7baea8 to remote] DEBUG org.apache.http.wire  - http-outgoing-79 >> "POST /session/b1310904-d161-49ca-a1a6-530fba7baea8/element HTTP/1.1[\r][\n]"
21827 [Forwarding findElement on session b1310904-d161-49ca-a1a6-530fba7baea8 to remote] DEBUG org.apache.http.wire  - http-outgoing-79 >> "Content-Type: application/json; charset=utf-8[\r][\n]"
21827 [Forwarding findElement on session b1310904-d161-49ca-a1a6-530fba7baea8 to remote] DEBUG org.apache.http.wire  - http-outgoing-79 >> "Content-Length: 50[\r][\n]"
21827 [Forwarding findElement on session b1310904-d161-49ca-a1a6-530fba7baea8 to remote] DEBUG org.apache.http.wire  - http-outgoing-79 >> "Host: localhost:37262[\r][\n]"
21827 [Forwarding findElement on session b1310904-d161-49ca-a1a6-530fba7baea8 to remote] DEBUG org.apache.http.wire  - http-outgoing-79 >> "Connection: Keep-Alive[\r][\n]"
21827 [Forwarding findElement on session b1310904-d161-49ca-a1a6-530fba7baea8 to remote] DEBUG org.apache.http.wire  - http-outgoing-79 >> "User-Agent: Apache-HttpClient/4.3.3 (java 1.5)[\r][\n]"
21827 [Forwarding findElement on session b1310904-d161-49ca-a1a6-530fba7baea8 to remote] DEBUG org.apache.http.wire  - http-outgoing-79 >> "Accept-Encoding: gzip,deflate[\r][\n]"
21827 [Forwarding findElement on session b1310904-d161-49ca-a1a6-530fba7baea8 to remote] DEBUG org.apache.http.wire  - http-outgoing-79 >> "[\r][\n]"
21827 [Forwarding findElement on session b1310904-d161-49ca-a1a6-530fba7baea8 to remote] DEBUG org.apache.http.wire  - http-outgoing-79 >> "{"using":"xpath","value":"//input[@name='Reset']"}"
22107 [Forwarding findElement on session b1310904-d161-49ca-a1a6-530fba7baea8 to remote] DEBUG org.apache.http.wire  - http-outgoing-79 << "HTTP/1.1 500 Internal Server Error[\r][\n]"
22107 [Forwarding findElement on session b1310904-d161-49ca-a1a6-530fba7baea8 to remote] DEBUG org.apache.http.wire  - http-outgoing-79 << "Content-Length: 146[\r][\n]"
22107 [Forwarding findElement on session b1310904-d161-49ca-a1a6-530fba7baea8 to remote] DEBUG org.apache.http.wire  - http-outgoing-79 << "Content-Type: application/json; charset=UTF-8[\r][\n]"
22107 [Forwarding findElement on session b1310904-d161-49ca-a1a6-530fba7baea8 to remote] DEBUG org.apache.http.wire  - http-outgoing-79 << "Vary: Accept-Charset, Accept-Encoding, Accept-Language, Accept[\r][\n]"
22107 [Forwarding findElement on session b1310904-d161-49ca-a1a6-530fba7baea8 to remote] DEBUG org.apache.http.wire  - http-outgoing-79 << "Accept-Ranges: bytes[\r][\n]"
22107 [Forwarding findElement on session b1310904-d161-49ca-a1a6-530fba7baea8 to remote] DEBUG org.apache.http.wire  - http-outgoing-79 << "Connection: close[\r][\n]"
22107 [Forwarding findElement on session b1310904-d161-49ca-a1a6-530fba7baea8 to remote] DEBUG org.apache.http.wire  - http-outgoing-79 << "[\r][\n]"
22107 [Forwarding findElement on session b1310904-d161-49ca-a1a6-530fba7baea8 to remote] DEBUG org.apache.http.wire  - http-outgoing-79 << "{"sessionId":"b1310904-d161-49ca-a1a6-530fba7baea8","status":7,"value":{"message":"Unable to find element with xpath == //input[@name='Reset']"}}[\n]"
22107 [Forwarding findElement on session b1310904-d161-49ca-a1a6-530fba7baea8 to remote] DEBUG org.apache.http.wire  - http-outgoing-79 << "[\r][\n]"
22107 [Forwarding findElement on session b1310904-d161-49ca-a1a6-530fba7baea8 to remote] DEBUG org.apache.http.headers  - http-outgoing-79 << HTTP/1.1 500 Internal Server Error
22107 [Forwarding findElement on session b1310904-d161-49ca-a1a6-530fba7baea8 to remote] DEBUG org.apache.http.headers  - http-outgoing-79 << Content-Length: 146
22107 [Forwarding findElement on session b1310904-d161-49ca-a1a6-530fba7baea8 to remote] DEBUG org.apache.http.headers  - http-outgoing-79 << Content-Type: application/json; charset=UTF-8
22107 [Forwarding findElement on session b1310904-d161-49ca-a1a6-530fba7baea8 to remote] DEBUG org.apache.http.headers  - http-outgoing-79 << Vary: Accept-Charset, Accept-Encoding, Accept-Language, Accept
22107 [Forwarding findElement on session b1310904-d161-49ca-a1a6-530fba7baea8 to remote] DEBUG org.apache.http.headers  - http-outgoing-79 << Accept-Ranges: bytes
22107 [Forwarding findElement on session b1310904-d161-49ca-a1a6-530fba7baea8 to remote] DEBUG org.apache.http.headers  - http-outgoing-79 << Connection: close
22107 [Forwarding findElement on session b1310904-d161-49ca-a1a6-530fba7baea8 to remote] DEBUG org.apache.http.impl.conn.DefaultManagedHttpClientConnection  - http-outgoing-79: Shutdown connection
22107 [Forwarding findElement on session b1310904-d161-49ca-a1a6-530fba7baea8 to remote] DEBUG org.apache.http.impl.execchain.MainClientExec  - Connection discarded
22107 [Forwarding findElement on session b1310904-d161-49ca-a1a6-530fba7baea8 to remote] DEBUG org.apache.http.impl.conn.DefaultManagedHttpClientConnection  - http-outgoing-79: Close connection
22107 [Forwarding findElement on session b1310904-d161-49ca-a1a6-530fba7baea8 to remote] DEBUG org.apache.http.impl.conn.PoolingHttpClientConnectionManager  - Connection released: [id: 79][route: {}->http://localhost:37262][total kept alive: 0; route allocated: 0 of 2000; total allocated: 0 of 2000]
22614 [Forwarding findElement on session b1310904-d161-49ca-a1a6-530fba7baea8 to remote] DEBUG org.apache.http.client.protocol.RequestAddCookies  - CookieSpec selected: best-match
22614 [Forwarding findElement on session b1310904-d161-49ca-a1a6-530fba7baea8 to remote] DEBUG org.apache.http.client.protocol.RequestAuthCache  - Auth cache not set in the context
22614 [Forwarding findElement on session b1310904-d161-49ca-a1a6-530fba7baea8 to remote] DEBUG org.apache.http.impl.conn.PoolingHttpClientConnectionManager  - Connection request: [route: {}->http://localhost:37262][total kept alive: 0; route allocated: 0 of 2000; total allocated: 0 of 2000]
22614 [Forwarding findElement on session b1310904-d161-49ca-a1a6-530fba7baea8 to remote] DEBUG org.apache.http.impl.conn.PoolingHttpClientConnectionManager  - Connection leased: [id: 80][route: {}->http://localhost:37262][total kept alive: 0; route allocated: 1 of 2000; total allocated: 1 of 2000]
22614 [Forwarding findElement on session b1310904-d161-49ca-a1a6-530fba7baea8 to remote] DEBUG org.apache.http.impl.execchain.MainClientExec  - Opening connection {}->http://localhost:37262
22614 [Forwarding findElement on session b1310904-d161-49ca-a1a6-530fba7baea8 to remote] DEBUG org.apache.http.impl.conn.HttpClientConnectionOperator  - Connecting to localhost/127.0.0.1:37262
22614 [Forwarding findElement on session b1310904-d161-49ca-a1a6-530fba7baea8 to remote] DEBUG org.apache.http.impl.conn.HttpClientConnectionOperator  - Connection established 127.0.0.1:17296<->127.0.0.1:37262
22614 [Forwarding findElement on session b1310904-d161-49ca-a1a6-530fba7baea8 to remote] DEBUG org.apache.http.impl.execchain.MainClientExec  - Executing request POST /session/b1310904-d161-49ca-a1a6-530fba7baea8/element HTTP/1.1
22614 [Forwarding findElement on session b1310904-d161-49ca-a1a6-530fba7baea8 to remote] DEBUG org.apache.http.impl.execchain.MainClientExec  - Target auth state: UNCHALLENGED
22614 [Forwarding findElement on session b1310904-d161-49ca-a1a6-530fba7baea8 to remote] DEBUG org.apache.http.impl.execchain.MainClientExec  - Proxy auth state: UNCHALLENGED
22614 [Forwarding findElement on session b1310904-d161-49ca-a1a6-530fba7baea8 to remote] DEBUG org.apache.http.headers  - http-outgoing-80 >> POST /session/b1310904-d161-49ca-a1a6-530fba7baea8/element HTTP/1.1
22614 [Forwarding findElement on session b1310904-d161-49ca-a1a6-530fba7baea8 to remote] DEBUG org.apache.http.headers  - http-outgoing-80 >> Content-Type: application/json; charset=utf-8
22614 [Forwarding findElement on session b1310904-d161-49ca-a1a6-530fba7baea8 to remote] DEBUG org.apache.http.headers  - http-outgoing-80 >> Content-Length: 50
22614 [Forwarding findElement on session b1310904-d161-49ca-a1a6-530fba7baea8 to remote] DEBUG org.apache.http.headers  - http-outgoing-80 >> Host: localhost:37262
22614 [Forwarding findElement on session b1310904-d161-49ca-a1a6-530fba7baea8 to remote] DEBUG org.apache.http.headers  - http-outgoing-80 >> Connection: Keep-Alive
22614 [Forwarding findElement on session b1310904-d161-49ca-a1a6-530fba7baea8 to remote] DEBUG org.apache.http.headers  - http-outgoing-80 >> User-Agent: Apache-HttpClient/4.3.3 (java 1.5)
22614 [Forwarding findElement on session b1310904-d161-49ca-a1a6-530fba7baea8 to remote] DEBUG org.apache.http.headers  - http-outgoing-80 >> Accept-Encoding: gzip,deflate
22614 [Forwarding findElement on session b1310904-d161-49ca-a1a6-530fba7baea8 to remote] DEBUG org.apache.http.wire  - http-outgoing-80 >> "POST /session/b1310904-d161-49ca-a1a6-530fba7baea8/element HTTP/1.1[\r][\n]"
22614 [Forwarding findElement on session b1310904-d161-49ca-a1a6-530fba7baea8 to remote] DEBUG org.apache.http.wire  - http-outgoing-80 >> "Content-Type: application/json; charset=utf-8[\r][\n]"
22614 [Forwarding findElement on session b1310904-d161-49ca-a1a6-530fba7baea8 to remote] DEBUG org.apache.http.wire  - http-outgoing-80 >> "Content-Length: 50[\r][\n]"
22614 [Forwarding findElement on session b1310904-d161-49ca-a1a6-530fba7baea8 to remote] DEBUG org.apache.http.wire  - http-outgoing-80 >> "Host: localhost:37262[\r][\n]"
22614 [Forwarding findElement on session b1310904-d161-49ca-a1a6-530fba7baea8 to remote] DEBUG org.apache.http.wire  - http-outgoing-80 >> "Connection: Keep-Alive[\r][\n]"
22614 [Forwarding findElement on session b1310904-d161-49ca-a1a6-530fba7baea8 to remote] DEBUG org.apache.http.wire  - http-outgoing-80 >> "User-Agent: Apache-HttpClient/4.3.3 (java 1.5)[\r][\n]"
22614 [Forwarding findElement on session b1310904-d161-49ca-a1a6-530fba7baea8 to remote] DEBUG org.apache.http.wire  - http-outgoing-80 >> "Accept-Encoding: gzip,deflate[\r][\n]"
22614 [Forwarding findElement on session b1310904-d161-49ca-a1a6-530fba7baea8 to remote] DEBUG org.apache.http.wire  - http-outgoing-80 >> "[\r][\n]"
22614 [Forwarding findElement on session b1310904-d161-49ca-a1a6-530fba7baea8 to remote] DEBUG org.apache.http.wire  - http-outgoing-80 >> "{"using":"xpath","value":"//input[@name='Reset']"}"
22895 [Forwarding findElement on session b1310904-d161-49ca-a1a6-530fba7baea8 to remote] DEBUG org.apache.http.wire  - http-outgoing-80 << "HTTP/1.1 500 Internal Server Error[\r][\n]"
22895 [Forwarding findElement on session b1310904-d161-49ca-a1a6-530fba7baea8 to remote] DEBUG org.apache.http.wire  - http-outgoing-80 << "Content-Length: 146[\r][\n]"
22895 [Forwarding findElement on session b1310904-d161-49ca-a1a6-530fba7baea8 to remote] DEBUG org.apache.http.wire  - http-outgoing-80 << "Content-Type: application/json; charset=UTF-8[\r][\n]"
22895 [Forwarding findElement on session b1310904-d161-49ca-a1a6-530fba7baea8 to remote] DEBUG org.apache.http.wire  - http-outgoing-80 << "Vary: Accept-Charset, Accept-Encoding, Accept-Language, Accept[\r][\n]"
22895 [Forwarding findElement on session b1310904-d161-49ca-a1a6-530fba7baea8 to remote] DEBUG org.apache.http.wire  - http-outgoing-80 << "Accept-Ranges: bytes[\r][\n]"
22895 [Forwarding findElement on session b1310904-d161-49ca-a1a6-530fba7baea8 to remote] DEBUG org.apache.http.wire  - http-outgoing-80 << "Connection: close[\r][\n]"
22895 [Forwarding findElement on session b1310904-d161-49ca-a1a6-530fba7baea8 to remote] DEBUG org.apache.http.wire  - http-outgoing-80 << "[\r][\n]"
22895 [Forwarding findElement on session b1310904-d161-49ca-a1a6-530fba7baea8 to remote] DEBUG org.apache.http.wire  - http-outgoing-80 << "{"sessionId":"b1310904-d161-49ca-a1a6-530fba7baea8","status":7,"value":{"message":"Unable to find element with xpath == //input[@name='Reset']"}}[\n]"
22895 [Forwarding findElement on session b1310904-d161-49ca-a1a6-530fba7baea8 to remote] DEBUG org.apache.http.wire  - http-outgoing-80 << "[\r][\n]"
22895 [Forwarding findElement on session b1310904-d161-49ca-a1a6-530fba7baea8 to remote] DEBUG org.apache.http.headers  - http-outgoing-80 << HTTP/1.1 500 Internal Server Error
22895 [Forwarding findElement on session b1310904-d161-49ca-a1a6-530fba7baea8 to remote] DEBUG org.apache.http.headers  - http-outgoing-80 << Content-Length: 146
22895 [Forwarding findElement on session b1310904-d161-49ca-a1a6-530fba7baea8 to remote] DEBUG org.apache.http.headers  - http-outgoing-80 << Content-Type: application/json; charset=UTF-8
22895 [Forwarding findElement on session b1310904-d161-49ca-a1a6-530fba7baea8 to remote] DEBUG org.apache.http.headers  - http-outgoing-80 << Vary: Accept-Charset, Accept-Encoding, Accept-Language, Accept
22895 [Forwarding findElement on session b1310904-d161-49ca-a1a6-530fba7baea8 to remote] DEBUG org.apache.http.headers  - http-outgoing-80 << Accept-Ranges: bytes
22895 [Forwarding findElement on session b1310904-d161-49ca-a1a6-530fba7baea8 to remote] DEBUG org.apache.http.headers  - http-outgoing-80 << Connection: close
22895 [Forwarding findElement on session b1310904-d161-49ca-a1a6-530fba7baea8 to remote] DEBUG org.apache.http.impl.conn.DefaultManagedHttpClientConnection  - http-outgoing-80: Shutdown connection
22895 [Forwarding findElement on session b1310904-d161-49ca-a1a6-530fba7baea8 to remote] DEBUG org.apache.http.impl.execchain.MainClientExec  - Connection discarded
22895 [Forwarding findElement on session b1310904-d161-49ca-a1a6-530fba7baea8 to remote] DEBUG org.apache.http.impl.conn.DefaultManagedHttpClientConnection  - http-outgoing-80: Close connection
22895 [Forwarding findElement on session b1310904-d161-49ca-a1a6-530fba7baea8 to remote] DEBUG org.apache.http.impl.conn.PoolingHttpClientConnectionManager  - Connection released: [id: 80][route: {}->http://localhost:37262][total kept alive: 0; route allocated: 0 of 2000; total allocated: 0 of 2000]
23395 [Forwarding findElement on session b1310904-d161-49ca-a1a6-530fba7baea8 to remote] DEBUG org.apache.http.client.protocol.RequestAddCookies  - CookieSpec selected: best-match
23395 [Forwarding findElement on session b1310904-d161-49ca-a1a6-530fba7baea8 to remote] DEBUG org.apache.http.client.protocol.RequestAuthCache  - Auth cache not set in the context
23395 [Forwarding findElement on session b1310904-d161-49ca-a1a6-530fba7baea8 to remote] DEBUG org.apache.http.impl.conn.PoolingHttpClientConnectionManager  - Connection request: [route: {}->http://localhost:37262][total kept alive: 0; route allocated: 0 of 2000; total allocated: 0 of 2000]
23395 [Forwarding findElement on session b1310904-d161-49ca-a1a6-530fba7baea8 to remote] DEBUG org.apache.http.impl.conn.PoolingHttpClientConnectionManager  - Connection leased: [id: 81][route: {}->http://localhost:37262][total kept alive: 0; route allocated: 1 of 2000; total allocated: 1 of 2000]
23395 [Forwarding findElement on session b1310904-d161-49ca-a1a6-530fba7baea8 to remote] DEBUG org.apache.http.impl.execchain.MainClientExec  - Opening connection {}->http://localhost:37262
23395 [Forwarding findElement on session b1310904-d161-49ca-a1a6-530fba7baea8 to remote] DEBUG org.apache.http.impl.conn.HttpClientConnectionOperator  - Connecting to localhost/127.0.0.1:37262
23395 [Forwarding findElement on session b1310904-d161-49ca-a1a6-530fba7baea8 to remote] DEBUG org.apache.http.impl.conn.HttpClientConnectionOperator  - Connection established 127.0.0.1:17297<->127.0.0.1:37262
23395 [Forwarding findElement on session b1310904-d161-49ca-a1a6-530fba7baea8 to remote] DEBUG org.apache.http.impl.execchain.MainClientExec  - Executing request POST /session/b1310904-d161-49ca-a1a6-530fba7baea8/element HTTP/1.1
23395 [Forwarding findElement on session b1310904-d161-49ca-a1a6-530fba7baea8 to remote] DEBUG org.apache.http.impl.execchain.MainClientExec  - Target auth state: UNCHALLENGED
23395 [Forwarding findElement on session b1310904-d161-49ca-a1a6-530fba7baea8 to remote] DEBUG org.apache.http.impl.execchain.MainClientExec  - Proxy auth state: UNCHALLENGED
23395 [Forwarding findElement on session b1310904-d161-49ca-a1a6-530fba7baea8 to remote] DEBUG org.apache.http.headers  - http-outgoing-81 >> POST /session/b1310904-d161-49ca-a1a6-530fba7baea8/element HTTP/1.1
23395 [Forwarding findElement on session b1310904-d161-49ca-a1a6-530fba7baea8 to remote] DEBUG org.apache.http.headers  - http-outgoing-81 >> Content-Type: application/json; charset=utf-8
23395 [Forwarding findElement on session b1310904-d161-49ca-a1a6-530fba7baea8 to remote] DEBUG org.apache.http.headers  - http-outgoing-81 >> Content-Length: 50
23395 [Forwarding findElement on session b1310904-d161-49ca-a1a6-530fba7baea8 to remote] DEBUG org.apache.http.headers  - http-outgoing-81 >> Host: localhost:37262
23395 [Forwarding findElement on session b1310904-d161-49ca-a1a6-530fba7baea8 to remote] DEBUG org.apache.http.headers  - http-outgoing-81 >> Connection: Keep-Alive
23395 [Forwarding findElement on session b1310904-d161-49ca-a1a6-530fba7baea8 to remote] DEBUG org.apache.http.headers  - http-outgoing-81 >> User-Agent: Apache-HttpClient/4.3.3 (java 1.5)
23395 [Forwarding findElement on session b1310904-d161-49ca-a1a6-530fba7baea8 to remote] DEBUG org.apache.http.headers  - http-outgoing-81 >> Accept-Encoding: gzip,deflate
23395 [Forwarding findElement on session b1310904-d161-49ca-a1a6-530fba7baea8 to remote] DEBUG org.apache.http.wire  - http-outgoing-81 >> "POST /session/b1310904-d161-49ca-a1a6-530fba7baea8/element HTTP/1.1[\r][\n]"
23395 [Forwarding findElement on session b1310904-d161-49ca-a1a6-530fba7baea8 to remote] DEBUG org.apache.http.wire  - http-outgoing-81 >> "Content-Type: application/json; charset=utf-8[\r][\n]"
23395 [Forwarding findElement on session b1310904-d161-49ca-a1a6-530fba7baea8 to remote] DEBUG org.apache.http.wire  - http-outgoing-81 >> "Content-Length: 50[\r][\n]"
23395 [Forwarding findElement on session b1310904-d161-49ca-a1a6-530fba7baea8 to remote] DEBUG org.apache.http.wire  - http-outgoing-81 >> "Host: localhost:37262[\r][\n]"
23395 [Forwarding findElement on session b1310904-d161-49ca-a1a6-530fba7baea8 to remote] DEBUG org.apache.http.wire  - http-outgoing-81 >> "Connection: Keep-Alive[\r][\n]"
23395 [Forwarding findElement on session b1310904-d161-49ca-a1a6-530fba7baea8 to remote] DEBUG org.apache.http.wire  - http-outgoing-81 >> "User-Agent: Apache-HttpClient/4.3.3 (java 1.5)[\r][\n]"
23395 [Forwarding findElement on session b1310904-d161-49ca-a1a6-530fba7baea8 to remote] DEBUG org.apache.http.wire  - http-outgoing-81 >> "Accept-Encoding: gzip,deflate[\r][\n]"
23395 [Forwarding findElement on session b1310904-d161-49ca-a1a6-530fba7baea8 to remote] DEBUG org.apache.http.wire  - http-outgoing-81 >> "[\r][\n]"
23395 [Forwarding findElement on session b1310904-d161-49ca-a1a6-530fba7baea8 to remote] DEBUG org.apache.http.wire  - http-outgoing-81 >> "{"using":"xpath","value":"//input[@name='Reset']"}"
23676 [Forwarding findElement on session b1310904-d161-49ca-a1a6-530fba7baea8 to remote] DEBUG org.apache.http.wire  - http-outgoing-81 << "HTTP/1.1 500 Internal Server Error[\r][\n]"
23676 [Forwarding findElement on session b1310904-d161-49ca-a1a6-530fba7baea8 to remote] DEBUG org.apache.http.wire  - http-outgoing-81 << "Content-Length: 146[\r][\n]"
23676 [Forwarding findElement on session b1310904-d161-49ca-a1a6-530fba7baea8 to remote] DEBUG org.apache.http.wire  - http-outgoing-81 << "Content-Type: application/json; charset=UTF-8[\r][\n]"
23676 [Forwarding findElement on session b1310904-d161-49ca-a1a6-530fba7baea8 to remote] DEBUG org.apache.http.wire  - http-outgoing-81 << "Vary: Accept-Charset, Accept-Encoding, Accept-Language, Accept[\r][\n]"
23676 [Forwarding findElement on session b1310904-d161-49ca-a1a6-530fba7baea8 to remote] DEBUG org.apache.http.wire  - http-outgoing-81 << "Accept-Ranges: bytes[\r][\n]"
23676 [Forwarding findElement on session b1310904-d161-49ca-a1a6-530fba7baea8 to remote] DEBUG org.apache.http.wire  - http-outgoing-81 << "Connection: close[\r][\n]"
23676 [Forwarding findElement on session b1310904-d161-49ca-a1a6-530fba7baea8 to remote] DEBUG org.apache.http.wire  - http-outgoing-81 << "[\r][\n]"
23676 [Forwarding findElement on session b1310904-d161-49ca-a1a6-530fba7baea8 to remote] DEBUG org.apache.http.wire  - http-outgoing-81 << "{"sessionId":"b1310904-d161-49ca-a1a6-530fba7baea8","status":7,"value":{"message":"Unable to find element with xpath == //input[@name='Reset']"}}[\n]"
23676 [Forwarding findElement on session b1310904-d161-49ca-a1a6-530fba7baea8 to remote] DEBUG org.apache.http.wire  - http-outgoing-81 << "[\r][\n]"
23676 [Forwarding findElement on session b1310904-d161-49ca-a1a6-530fba7baea8 to remote] DEBUG org.apache.http.headers  - http-outgoing-81 << HTTP/1.1 500 Internal Server Error
23676 [Forwarding findElement on session b1310904-d161-49ca-a1a6-530fba7baea8 to remote] DEBUG org.apache.http.headers  - http-outgoing-81 << Content-Length: 146
23676 [Forwarding findElement on session b1310904-d161-49ca-a1a6-530fba7baea8 to remote] DEBUG org.apache.http.headers  - http-outgoing-81 << Content-Type: application/json; charset=UTF-8
23676 [Forwarding findElement on session b1310904-d161-49ca-a1a6-530fba7baea8 to remote] DEBUG org.apache.http.headers  - http-outgoing-81 << Vary: Accept-Charset, Accept-Encoding, Accept-Language, Accept
23676 [Forwarding findElement on session b1310904-d161-49ca-a1a6-530fba7baea8 to remote] DEBUG org.apache.http.headers  - http-outgoing-81 << Accept-Ranges: bytes
23676 [Forwarding findElement on session b1310904-d161-49ca-a1a6-530fba7baea8 to remote] DEBUG org.apache.http.headers  - http-outgoing-81 << Connection: close
23676 [Forwarding findElement on session b1310904-d161-49ca-a1a6-530fba7baea8 to remote] DEBUG org.apache.http.impl.conn.DefaultManagedHttpClientConnection  - http-outgoing-81: Shutdown connection
23676 [Forwarding findElement on session b1310904-d161-49ca-a1a6-530fba7baea8 to remote] DEBUG org.apache.http.impl.execchain.MainClientExec  - Connection discarded
23676 [Forwarding findElement on session b1310904-d161-49ca-a1a6-530fba7baea8 to remote] DEBUG org.apache.http.impl.conn.DefaultManagedHttpClientConnection  - http-outgoing-81: Close connection
23676 [Forwarding findElement on session b1310904-d161-49ca-a1a6-530fba7baea8 to remote] DEBUG org.apache.http.impl.conn.PoolingHttpClientConnectionManager  - Connection released: [id: 81][route: {}->http://localhost:37262][total kept alive: 0; route allocated: 0 of 2000; total allocated: 0 of 2000]
24177 [Forwarding findElement on session b1310904-d161-49ca-a1a6-530fba7baea8 to remote] DEBUG org.apache.http.client.protocol.RequestAddCookies  - CookieSpec selected: best-match
24177 [Forwarding findElement on session b1310904-d161-49ca-a1a6-530fba7baea8 to remote] DEBUG org.apache.http.client.protocol.RequestAuthCache  - Auth cache not set in the context
24177 [Forwarding findElement on session b1310904-d161-49ca-a1a6-530fba7baea8 to remote] DEBUG org.apache.http.impl.conn.PoolingHttpClientConnectionManager  - Connection request: [route: {}->http://localhost:37262][total kept alive: 0; route allocated: 0 of 2000; total allocated: 0 of 2000]
24177 [Forwarding findElement on session b1310904-d161-49ca-a1a6-530fba7baea8 to remote] DEBUG org.apache.http.impl.conn.PoolingHttpClientConnectionManager  - Connection leased: [id: 82][route: {}->http://localhost:37262][total kept alive: 0; route allocated: 1 of 2000; total allocated: 1 of 2000]
24177 [Forwarding findElement on session b1310904-d161-49ca-a1a6-530fba7baea8 to remote] DEBUG org.apache.http.impl.execchain.MainClientExec  - Opening connection {}->http://localhost:37262
24177 [Forwarding findElement on session b1310904-d161-49ca-a1a6-530fba7baea8 to remote] DEBUG org.apache.http.impl.conn.HttpClientConnectionOperator  - Connecting to localhost/127.0.0.1:37262
24177 [Forwarding findElement on session b1310904-d161-49ca-a1a6-530fba7baea8 to remote] DEBUG org.apache.http.impl.conn.HttpClientConnectionOperator  - Connection established 127.0.0.1:17298<->127.0.0.1:37262
24177 [Forwarding findElement on session b1310904-d161-49ca-a1a6-530fba7baea8 to remote] DEBUG org.apache.http.impl.execchain.MainClientExec  - Executing request POST /session/b1310904-d161-49ca-a1a6-530fba7baea8/element HTTP/1.1
24177 [Forwarding findElement on session b1310904-d161-49ca-a1a6-530fba7baea8 to remote] DEBUG org.apache.http.impl.execchain.MainClientExec  - Target auth state: UNCHALLENGED
24177 [Forwarding findElement on session b1310904-d161-49ca-a1a6-530fba7baea8 to remote] DEBUG org.apache.http.impl.execchain.MainClientExec  - Proxy auth state: UNCHALLENGED
24177 [Forwarding findElement on session b1310904-d161-49ca-a1a6-530fba7baea8 to remote] DEBUG org.apache.http.headers  - http-outgoing-82 >> POST /session/b1310904-d161-49ca-a1a6-530fba7baea8/element HTTP/1.1
24177 [Forwarding findElement on session b1310904-d161-49ca-a1a6-530fba7baea8 to remote] DEBUG org.apache.http.headers  - http-outgoing-82 >> Content-Type: application/json; charset=utf-8
24177 [Forwarding findElement on session b1310904-d161-49ca-a1a6-530fba7baea8 to remote] DEBUG org.apache.http.headers  - http-outgoing-82 >> Content-Length: 50
24177 [Forwarding findElement on session b1310904-d161-49ca-a1a6-530fba7baea8 to remote] DEBUG org.apache.http.headers  - http-outgoing-82 >> Host: localhost:37262
24177 [Forwarding findElement on session b1310904-d161-49ca-a1a6-530fba7baea8 to remote] DEBUG org.apache.http.headers  - http-outgoing-82 >> Connection: Keep-Alive
24177 [Forwarding findElement on session b1310904-d161-49ca-a1a6-530fba7baea8 to remote] DEBUG org.apache.http.headers  - http-outgoing-82 >> User-Agent: Apache-HttpClient/4.3.3 (java 1.5)
24177 [Forwarding findElement on session b1310904-d161-49ca-a1a6-530fba7baea8 to remote] DEBUG org.apache.http.headers  - http-outgoing-82 >> Accept-Encoding: gzip,deflate
24177 [Forwarding findElement on session b1310904-d161-49ca-a1a6-530fba7baea8 to remote] DEBUG org.apache.http.wire  - http-outgoing-82 >> "POST /session/b1310904-d161-49ca-a1a6-530fba7baea8/element HTTP/1.1[\r][\n]"
24177 [Forwarding findElement on session b1310904-d161-49ca-a1a6-530fba7baea8 to remote] DEBUG org.apache.http.wire  - http-outgoing-82 >> "Content-Type: application/json; charset=utf-8[\r][\n]"
24177 [Forwarding findElement on session b1310904-d161-49ca-a1a6-530fba7baea8 to remote] DEBUG org.apache.http.wire  - http-outgoing-82 >> "Content-Length: 50[\r][\n]"
24177 [Forwarding findElement on session b1310904-d161-49ca-a1a6-530fba7baea8 to remote] DEBUG org.apache.http.wire  - http-outgoing-82 >> "Host: localhost:37262[\r][\n]"
24177 [Forwarding findElement on session b1310904-d161-49ca-a1a6-530fba7baea8 to remote] DEBUG org.apache.http.wire  - http-outgoing-82 >> "Connection: Keep-Alive[\r][\n]"
24177 [Forwarding findElement on session b1310904-d161-49ca-a1a6-530fba7baea8 to remote] DEBUG org.apache.http.wire  - http-outgoing-82 >> "User-Agent: Apache-HttpClient/4.3.3 (java 1.5)[\r][\n]"
24177 [Forwarding findElement on session b1310904-d161-49ca-a1a6-530fba7baea8 to remote] DEBUG org.apache.http.wire  - http-outgoing-82 >> "Accept-Encoding: gzip,deflate[\r][\n]"
24177 [Forwarding findElement on session b1310904-d161-49ca-a1a6-530fba7baea8 to remote] DEBUG org.apache.http.wire  - http-outgoing-82 >> "[\r][\n]"
24177 [Forwarding findElement on session b1310904-d161-49ca-a1a6-530fba7baea8 to remote] DEBUG org.apache.http.wire  - http-outgoing-82 >> "{"using":"xpath","value":"//input[@name='Reset']"}"
24457 [Forwarding findElement on session b1310904-d161-49ca-a1a6-530fba7baea8 to remote] DEBUG org.apache.http.wire  - http-outgoing-82 << "HTTP/1.1 500 Internal Server Error[\r][\n]"
24457 [Forwarding findElement on session b1310904-d161-49ca-a1a6-530fba7baea8 to remote] DEBUG org.apache.http.wire  - http-outgoing-82 << "Content-Length: 146[\r][\n]"
24457 [Forwarding findElement on session b1310904-d161-49ca-a1a6-530fba7baea8 to remote] DEBUG org.apache.http.wire  - http-outgoing-82 << "Content-Type: application/json; charset=UTF-8[\r][\n]"
24457 [Forwarding findElement on session b1310904-d161-49ca-a1a6-530fba7baea8 to remote] DEBUG org.apache.http.wire  - http-outgoing-82 << "Vary: Accept-Charset, Accept-Encoding, Accept-Language, Accept[\r][\n]"
24457 [Forwarding findElement on session b1310904-d161-49ca-a1a6-530fba7baea8 to remote] DEBUG org.apache.http.wire  - http-outgoing-82 << "Accept-Ranges: bytes[\r][\n]"
24457 [Forwarding findElement on session b1310904-d161-49ca-a1a6-530fba7baea8 to remote] DEBUG org.apache.http.wire  - http-outgoing-82 << "Connection: close[\r][\n]"
24457 [Forwarding findElement on session b1310904-d161-49ca-a1a6-530fba7baea8 to remote] DEBUG org.apache.http.wire  - http-outgoing-82 << "[\r][\n]"
24457 [Forwarding findElement on session b1310904-d161-49ca-a1a6-530fba7baea8 to remote] DEBUG org.apache.http.wire  - http-outgoing-82 << "{"sessionId":"b1310904-d161-49ca-a1a6-530fba7baea8","status":7,"value":{"message":"Unable to find element with xpath == //input[@name='Reset']"}}[\n]"
24457 [Forwarding findElement on session b1310904-d161-49ca-a1a6-530fba7baea8 to remote] DEBUG org.apache.http.wire  - http-outgoing-82 << "[\r][\n]"
24457 [Forwarding findElement on session b1310904-d161-49ca-a1a6-530fba7baea8 to remote] DEBUG org.apache.http.headers  - http-outgoing-82 << HTTP/1.1 500 Internal Server Error
24457 [Forwarding findElement on session b1310904-d161-49ca-a1a6-530fba7baea8 to remote] DEBUG org.apache.http.headers  - http-outgoing-82 << Content-Length: 146
24457 [Forwarding findElement on session b1310904-d161-49ca-a1a6-530fba7baea8 to remote] DEBUG org.apache.http.headers  - http-outgoing-82 << Content-Type: application/json; charset=UTF-8
24457 [Forwarding findElement on session b1310904-d161-49ca-a1a6-530fba7baea8 to remote] DEBUG org.apache.http.headers  - http-outgoing-82 << Vary: Accept-Charset, Accept-Encoding, Accept-Language, Accept
24457 [Forwarding findElement on session b1310904-d161-49ca-a1a6-530fba7baea8 to remote] DEBUG org.apache.http.headers  - http-outgoing-82 << Accept-Ranges: bytes
24457 [Forwarding findElement on session b1310904-d161-49ca-a1a6-530fba7baea8 to remote] DEBUG org.apache.http.headers  - http-outgoing-82 << Connection: close
24457 [Forwarding findElement on session b1310904-d161-49ca-a1a6-530fba7baea8 to remote] DEBUG org.apache.http.impl.conn.DefaultManagedHttpClientConnection  - http-outgoing-82: Shutdown connection
24457 [Forwarding findElement on session b1310904-d161-49ca-a1a6-530fba7baea8 to remote] DEBUG org.apache.http.impl.execchain.MainClientExec  - Connection discarded
24457 [Forwarding findElement on session b1310904-d161-49ca-a1a6-530fba7baea8 to remote] DEBUG org.apache.http.impl.conn.DefaultManagedHttpClientConnection  - http-outgoing-82: Close connection
24457 [Forwarding findElement on session b1310904-d161-49ca-a1a6-530fba7baea8 to remote] DEBUG org.apache.http.impl.conn.PoolingHttpClientConnectionManager  - Connection released: [id: 82][route: {}->http://localhost:37262][total kept alive: 0; route allocated: 0 of 2000; total allocated: 0 of 2000]
24957 [Forwarding findElement on session b1310904-d161-49ca-a1a6-530fba7baea8 to remote] DEBUG org.apache.http.client.protocol.RequestAddCookies  - CookieSpec selected: best-match
24957 [Forwarding findElement on session b1310904-d161-49ca-a1a6-530fba7baea8 to remote] DEBUG org.apache.http.client.protocol.RequestAuthCache  - Auth cache not set in the context
24957 [Forwarding findElement on session b1310904-d161-49ca-a1a6-530fba7baea8 to remote] DEBUG org.apache.http.impl.conn.PoolingHttpClientConnectionManager  - Connection request: [route: {}->http://localhost:37262][total kept alive: 0; route allocated: 0 of 2000; total allocated: 0 of 2000]
24957 [Forwarding findElement on session b1310904-d161-49ca-a1a6-530fba7baea8 to remote] DEBUG org.apache.http.impl.conn.PoolingHttpClientConnectionManager  - Connection leased: [id: 83][route: {}->http://localhost:37262][total kept alive: 0; route allocated: 1 of 2000; total allocated: 1 of 2000]
24957 [Forwarding findElement on session b1310904-d161-49ca-a1a6-530fba7baea8 to remote] DEBUG org.apache.http.impl.execchain.MainClientExec  - Opening connection {}->http://localhost:37262
24957 [Forwarding findElement on session b1310904-d161-49ca-a1a6-530fba7baea8 to remote] DEBUG org.apache.http.impl.conn.HttpClientConnectionOperator  - Connecting to localhost/127.0.0.1:37262
24957 [Forwarding findElement on session b1310904-d161-49ca-a1a6-530fba7baea8 to remote] DEBUG org.apache.http.impl.conn.HttpClientConnectionOperator  - Connection established 127.0.0.1:17299<->127.0.0.1:37262
24957 [Forwarding findElement on session b1310904-d161-49ca-a1a6-530fba7baea8 to remote] DEBUG org.apache.http.impl.execchain.MainClientExec  - Executing request POST /session/b1310904-d161-49ca-a1a6-530fba7baea8/element HTTP/1.1
24957 [Forwarding findElement on session b1310904-d161-49ca-a1a6-530fba7baea8 to remote] DEBUG org.apache.http.impl.execchain.MainClientExec  - Target auth state: UNCHALLENGED
24957 [Forwarding findElement on session b1310904-d161-49ca-a1a6-530fba7baea8 to remote] DEBUG org.apache.http.impl.execchain.MainClientExec  - Proxy auth state: UNCHALLENGED
24957 [Forwarding findElement on session b1310904-d161-49ca-a1a6-530fba7baea8 to remote] DEBUG org.apache.http.headers  - http-outgoing-83 >> POST /session/b1310904-d161-49ca-a1a6-530fba7baea8/element HTTP/1.1
24957 [Forwarding findElement on session b1310904-d161-49ca-a1a6-530fba7baea8 to remote] DEBUG org.apache.http.headers  - http-outgoing-83 >> Content-Type: application/json; charset=utf-8
24957 [Forwarding findElement on session b1310904-d161-49ca-a1a6-530fba7baea8 to remote] DEBUG org.apache.http.headers  - http-outgoing-83 >> Content-Length: 50
24957 [Forwarding findElement on session b1310904-d161-49ca-a1a6-530fba7baea8 to remote] DEBUG org.apache.http.headers  - http-outgoing-83 >> Host: localhost:37262
24957 [Forwarding findElement on session b1310904-d161-49ca-a1a6-530fba7baea8 to remote] DEBUG org.apache.http.headers  - http-outgoing-83 >> Connection: Keep-Alive
24957 [Forwarding findElement on session b1310904-d161-49ca-a1a6-530fba7baea8 to remote] DEBUG org.apache.http.headers  - http-outgoing-83 >> User-Agent: Apache-HttpClient/4.3.3 (java 1.5)
24957 [Forwarding findElement on session b1310904-d161-49ca-a1a6-530fba7baea8 to remote] DEBUG org.apache.http.headers  - http-outgoing-83 >> Accept-Encoding: gzip,deflate
24957 [Forwarding findElement on session b1310904-d161-49ca-a1a6-530fba7baea8 to remote] DEBUG org.apache.http.wire  - http-outgoing-83 >> "POST /session/b1310904-d161-49ca-a1a6-530fba7baea8/element HTTP/1.1[\r][\n]"
24957 [Forwarding findElement on session b1310904-d161-49ca-a1a6-530fba7baea8 to remote] DEBUG org.apache.http.wire  - http-outgoing-83 >> "Content-Type: application/json; charset=utf-8[\r][\n]"
24957 [Forwarding findElement on session b1310904-d161-49ca-a1a6-530fba7baea8 to remote] DEBUG org.apache.http.wire  - http-outgoing-83 >> "Content-Length: 50[\r][\n]"
24957 [Forwarding findElement on session b1310904-d161-49ca-a1a6-530fba7baea8 to remote] DEBUG org.apache.http.wire  - http-outgoing-83 >> "Host: localhost:37262[\r][\n]"
24957 [Forwarding findElement on session b1310904-d161-49ca-a1a6-530fba7baea8 to remote] DEBUG org.apache.http.wire  - http-outgoing-83 >> "Connection: Keep-Alive[\r][\n]"
24957 [Forwarding findElement on session b1310904-d161-49ca-a1a6-530fba7baea8 to remote] DEBUG org.apache.http.wire  - http-outgoing-83 >> "User-Agent: Apache-HttpClient/4.3.3 (java 1.5)[\r][\n]"
24957 [Forwarding findElement on session b1310904-d161-49ca-a1a6-530fba7baea8 to remote] DEBUG org.apache.http.wire  - http-outgoing-83 >> "Accept-Encoding: gzip,deflate[\r][\n]"
24957 [Forwarding findElement on session b1310904-d161-49ca-a1a6-530fba7baea8 to remote] DEBUG org.apache.http.wire  - http-outgoing-83 >> "[\r][\n]"
24957 [Forwarding findElement on session b1310904-d161-49ca-a1a6-530fba7baea8 to remote] DEBUG org.apache.http.wire  - http-outgoing-83 >> "{"using":"xpath","value":"//input[@name='Reset']"}"
25238 [Forwarding findElement on session b1310904-d161-49ca-a1a6-530fba7baea8 to remote] DEBUG org.apache.http.wire  - http-outgoing-83 << "HTTP/1.1 500 Internal Server Error[\r][\n]"
25238 [Forwarding findElement on session b1310904-d161-49ca-a1a6-530fba7baea8 to remote] DEBUG org.apache.http.wire  - http-outgoing-83 << "Content-Length: 146[\r][\n]"
25238 [Forwarding findElement on session b1310904-d161-49ca-a1a6-530fba7baea8 to remote] DEBUG org.apache.http.wire  - http-outgoing-83 << "Content-Type: application/json; charset=UTF-8[\r][\n]"
25238 [Forwarding findElement on session b1310904-d161-49ca-a1a6-530fba7baea8 to remote] DEBUG org.apache.http.wire  - http-outgoing-83 << "Vary: Accept-Charset, Accept-Encoding, Accept-Language, Accept[\r][\n]"
25238 [Forwarding findElement on session b1310904-d161-49ca-a1a6-530fba7baea8 to remote] DEBUG org.apache.http.wire  - http-outgoing-83 << "Accept-Ranges: bytes[\r][\n]"
25238 [Forwarding findElement on session b1310904-d161-49ca-a1a6-530fba7baea8 to remote] DEBUG org.apache.http.wire  - http-outgoing-83 << "Connection: close[\r][\n]"
25238 [Forwarding findElement on session b1310904-d161-49ca-a1a6-530fba7baea8 to remote] DEBUG org.apache.http.wire  - http-outgoing-83 << "[\r][\n]"
25238 [Forwarding findElement on session b1310904-d161-49ca-a1a6-530fba7baea8 to remote] DEBUG org.apache.http.wire  - http-outgoing-83 << "{"sessionId":"b1310904-d161-49ca-a1a6-530fba7baea8","status":7,"value":{"message":"Unable to find element with xpath == //input[@name='Reset']"}}[\n]"
25238 [Forwarding findElement on session b1310904-d161-49ca-a1a6-530fba7baea8 to remote] DEBUG org.apache.http.wire  - http-outgoing-83 << "[\r][\n]"
25238 [Forwarding findElement on session b1310904-d161-49ca-a1a6-530fba7baea8 to remote] DEBUG org.apache.http.headers  - http-outgoing-83 << HTTP/1.1 500 Internal Server Error
25238 [Forwarding findElement on session b1310904-d161-49ca-a1a6-530fba7baea8 to remote] DEBUG org.apache.http.headers  - http-outgoing-83 << Content-Length: 146
25238 [Forwarding findElement on session b1310904-d161-49ca-a1a6-530fba7baea8 to remote] DEBUG org.apache.http.headers  - http-outgoing-83 << Content-Type: application/json; charset=UTF-8
25238 [Forwarding findElement on session b1310904-d161-49ca-a1a6-530fba7baea8 to remote] DEBUG org.apache.http.headers  - http-outgoing-83 << Vary: Accept-Charset, Accept-Encoding, Accept-Language, Accept
25238 [Forwarding findElement on session b1310904-d161-49ca-a1a6-530fba7baea8 to remote] DEBUG org.apache.http.headers  - http-outgoing-83 << Accept-Ranges: bytes
25238 [Forwarding findElement on session b1310904-d161-49ca-a1a6-530fba7baea8 to remote] DEBUG org.apache.http.headers  - http-outgoing-83 << Connection: close
25238 [Forwarding findElement on session b1310904-d161-49ca-a1a6-530fba7baea8 to remote] DEBUG org.apache.http.impl.conn.DefaultManagedHttpClientConnection  - http-outgoing-83: Shutdown connection
25238 [Forwarding findElement on session b1310904-d161-49ca-a1a6-530fba7baea8 to remote] DEBUG org.apache.http.impl.execchain.MainClientExec  - Connection discarded
25238 [Forwarding findElement on session b1310904-d161-49ca-a1a6-530fba7baea8 to remote] DEBUG org.apache.http.impl.conn.DefaultManagedHttpClientConnection  - http-outgoing-83: Close connection
25238 [Forwarding findElement on session b1310904-d161-49ca-a1a6-530fba7baea8 to remote] DEBUG org.apache.http.impl.conn.PoolingHttpClientConnectionManager  - Connection released: [id: 83][route: {}->http://localhost:37262][total kept alive: 0; route allocated: 0 of 2000; total allocated: 0 of 2000]
25738 [Forwarding findElement on session b1310904-d161-49ca-a1a6-530fba7baea8 to remote] DEBUG org.apache.http.client.protocol.RequestAddCookies  - CookieSpec selected: best-match
25738 [Forwarding findElement on session b1310904-d161-49ca-a1a6-530fba7baea8 to remote] DEBUG org.apache.http.client.protocol.RequestAuthCache  - Auth cache not set in the context
25738 [Forwarding findElement on session b1310904-d161-49ca-a1a6-530fba7baea8 to remote] DEBUG org.apache.http.impl.conn.PoolingHttpClientConnectionManager  - Connection request: [route: {}->http://localhost:37262][total kept alive: 0; route allocated: 0 of 2000; total allocated: 0 of 2000]
25738 [Forwarding findElement on session b1310904-d161-49ca-a1a6-530fba7baea8 to remote] DEBUG org.apache.http.impl.conn.PoolingHttpClientConnectionManager  - Connection leased: [id: 84][route: {}->http://localhost:37262][total kept alive: 0; route allocated: 1 of 2000; total allocated: 1 of 2000]
25738 [Forwarding findElement on session b1310904-d161-49ca-a1a6-530fba7baea8 to remote] DEBUG org.apache.http.impl.execchain.MainClientExec  - Opening connection {}->http://localhost:37262
25738 [Forwarding findElement on session b1310904-d161-49ca-a1a6-530fba7baea8 to remote] DEBUG org.apache.http.impl.conn.HttpClientConnectionOperator  - Connecting to localhost/127.0.0.1:37262
25738 [Forwarding findElement on session b1310904-d161-49ca-a1a6-530fba7baea8 to remote] DEBUG org.apache.http.impl.conn.HttpClientConnectionOperator  - Connection established 127.0.0.1:17300<->127.0.0.1:37262
25738 [Forwarding findElement on session b1310904-d161-49ca-a1a6-530fba7baea8 to remote] DEBUG org.apache.http.impl.execchain.MainClientExec  - Executing request POST /session/b1310904-d161-49ca-a1a6-530fba7baea8/element HTTP/1.1
25738 [Forwarding findElement on session b1310904-d161-49ca-a1a6-530fba7baea8 to remote] DEBUG org.apache.http.impl.execchain.MainClientExec  - Target auth state: UNCHALLENGED
25738 [Forwarding findElement on session b1310904-d161-49ca-a1a6-530fba7baea8 to remote] DEBUG org.apache.http.impl.execchain.MainClientExec  - Proxy auth state: UNCHALLENGED
25738 [Forwarding findElement on session b1310904-d161-49ca-a1a6-530fba7baea8 to remote] DEBUG org.apache.http.headers  - http-outgoing-84 >> POST /session/b1310904-d161-49ca-a1a6-530fba7baea8/element HTTP/1.1
25738 [Forwarding findElement on session b1310904-d161-49ca-a1a6-530fba7baea8 to remote] DEBUG org.apache.http.headers  - http-outgoing-84 >> Content-Type: application/json; charset=utf-8
25738 [Forwarding findElement on session b1310904-d161-49ca-a1a6-530fba7baea8 to remote] DEBUG org.apache.http.headers  - http-outgoing-84 >> Content-Length: 50
25738 [Forwarding findElement on session b1310904-d161-49ca-a1a6-530fba7baea8 to remote] DEBUG org.apache.http.headers  - http-outgoing-84 >> Host: localhost:37262
25738 [Forwarding findElement on session b1310904-d161-49ca-a1a6-530fba7baea8 to remote] DEBUG org.apache.http.headers  - http-outgoing-84 >> Connection: Keep-Alive
25738 [Forwarding findElement on session b1310904-d161-49ca-a1a6-530fba7baea8 to remote] DEBUG org.apache.http.headers  - http-outgoing-84 >> User-Agent: Apache-HttpClient/4.3.3 (java 1.5)
25738 [Forwarding findElement on session b1310904-d161-49ca-a1a6-530fba7baea8 to remote] DEBUG org.apache.http.headers  - http-outgoing-84 >> Accept-Encoding: gzip,deflate
25738 [Forwarding findElement on session b1310904-d161-49ca-a1a6-530fba7baea8 to remote] DEBUG org.apache.http.wire  - http-outgoing-84 >> "POST /session/b1310904-d161-49ca-a1a6-530fba7baea8/element HTTP/1.1[\r][\n]"
25738 [Forwarding findElement on session b1310904-d161-49ca-a1a6-530fba7baea8 to remote] DEBUG org.apache.http.wire  - http-outgoing-84 >> "Content-Type: application/json; charset=utf-8[\r][\n]"
25738 [Forwarding findElement on session b1310904-d161-49ca-a1a6-530fba7baea8 to remote] DEBUG org.apache.http.wire  - http-outgoing-84 >> "Content-Length: 50[\r][\n]"
25738 [Forwarding findElement on session b1310904-d161-49ca-a1a6-530fba7baea8 to remote] DEBUG org.apache.http.wire  - http-outgoing-84 >> "Host: localhost:37262[\r][\n]"
25738 [Forwarding findElement on session b1310904-d161-49ca-a1a6-530fba7baea8 to remote] DEBUG org.apache.http.wire  - http-outgoing-84 >> "Connection: Keep-Alive[\r][\n]"
25738 [Forwarding findElement on session b1310904-d161-49ca-a1a6-530fba7baea8 to remote] DEBUG org.apache.http.wire  - http-outgoing-84 >> "User-Agent: Apache-HttpClient/4.3.3 (java 1.5)[\r][\n]"
25738 [Forwarding findElement on session b1310904-d161-49ca-a1a6-530fba7baea8 to remote] DEBUG org.apache.http.wire  - http-outgoing-84 >> "Accept-Encoding: gzip,deflate[\r][\n]"
25738 [Forwarding findElement on session b1310904-d161-49ca-a1a6-530fba7baea8 to remote] DEBUG org.apache.http.wire  - http-outgoing-84 >> "[\r][\n]"
25738 [Forwarding findElement on session b1310904-d161-49ca-a1a6-530fba7baea8 to remote] DEBUG org.apache.http.wire  - http-outgoing-84 >> "{"using":"xpath","value":"//input[@name='Reset']"}"
26018 [Forwarding findElement on session b1310904-d161-49ca-a1a6-530fba7baea8 to remote] DEBUG org.apache.http.wire  - http-outgoing-84 << "HTTP/1.1 500 Internal Server Error[\r][\n]"
26018 [Forwarding findElement on session b1310904-d161-49ca-a1a6-530fba7baea8 to remote] DEBUG org.apache.http.wire  - http-outgoing-84 << "Content-Length: 146[\r][\n]"
26018 [Forwarding findElement on session b1310904-d161-49ca-a1a6-530fba7baea8 to remote] DEBUG org.apache.http.wire  - http-outgoing-84 << "Content-Type: application/json; charset=UTF-8[\r][\n]"
26018 [Forwarding findElement on session b1310904-d161-49ca-a1a6-530fba7baea8 to remote] DEBUG org.apache.http.wire  - http-outgoing-84 << "Vary: Accept-Charset, Accept-Encoding, Accept-Language, Accept[\r][\n]"
26018 [Forwarding findElement on session b1310904-d161-49ca-a1a6-530fba7baea8 to remote] DEBUG org.apache.http.wire  - http-outgoing-84 << "Accept-Ranges: bytes[\r][\n]"
26018 [Forwarding findElement on session b1310904-d161-49ca-a1a6-530fba7baea8 to remote] DEBUG org.apache.http.wire  - http-outgoing-84 << "Connection: close[\r][\n]"
26018 [Forwarding findElement on session b1310904-d161-49ca-a1a6-530fba7baea8 to remote] DEBUG org.apache.http.wire  - http-outgoing-84 << "[\r][\n]"
26018 [Forwarding findElement on session b1310904-d161-49ca-a1a6-530fba7baea8 to remote] DEBUG org.apache.http.wire  - http-outgoing-84 << "{"sessionId":"b1310904-d161-49ca-a1a6-530fba7baea8","status":7,"value":{"message":"Unable to find element with xpath == //input[@name='Reset']"}}[\n]"
26018 [Forwarding findElement on session b1310904-d161-49ca-a1a6-530fba7baea8 to remote] DEBUG org.apache.http.wire  - http-outgoing-84 << "[\r][\n]"
26018 [Forwarding findElement on session b1310904-d161-49ca-a1a6-530fba7baea8 to remote] DEBUG org.apache.http.headers  - http-outgoing-84 << HTTP/1.1 500 Internal Server Error
26018 [Forwarding findElement on session b1310904-d161-49ca-a1a6-530fba7baea8 to remote] DEBUG org.apache.http.headers  - http-outgoing-84 << Content-Length: 146
26018 [Forwarding findElement on session b1310904-d161-49ca-a1a6-530fba7baea8 to remote] DEBUG org.apache.http.headers  - http-outgoing-84 << Content-Type: application/json; charset=UTF-8
26018 [Forwarding findElement on session b1310904-d161-49ca-a1a6-530fba7baea8 to remote] DEBUG org.apache.http.headers  - http-outgoing-84 << Vary: Accept-Charset, Accept-Encoding, Accept-Language, Accept
26018 [Forwarding findElement on session b1310904-d161-49ca-a1a6-530fba7baea8 to remote] DEBUG org.apache.http.headers  - http-outgoing-84 << Accept-Ranges: bytes
26018 [Forwarding findElement on session b1310904-d161-49ca-a1a6-530fba7baea8 to remote] DEBUG org.apache.http.headers  - http-outgoing-84 << Connection: close
26018 [Forwarding findElement on session b1310904-d161-49ca-a1a6-530fba7baea8 to remote] DEBUG org.apache.http.impl.conn.DefaultManagedHttpClientConnection  - http-outgoing-84: Shutdown connection
26018 [Forwarding findElement on session b1310904-d161-49ca-a1a6-530fba7baea8 to remote] DEBUG org.apache.http.impl.execchain.MainClientExec  - Connection discarded
26018 [Forwarding findElement on session b1310904-d161-49ca-a1a6-530fba7baea8 to remote] DEBUG org.apache.http.impl.conn.DefaultManagedHttpClientConnection  - http-outgoing-84: Close connection
26018 [Forwarding findElement on session b1310904-d161-49ca-a1a6-530fba7baea8 to remote] DEBUG org.apache.http.impl.conn.PoolingHttpClientConnectionManager  - Connection released: [id: 84][route: {}->http://localhost:37262][total kept alive: 0; route allocated: 0 of 2000; total allocated: 0 of 2000]
26526 [Forwarding findElement on session b1310904-d161-49ca-a1a6-530fba7baea8 to remote] DEBUG org.apache.http.client.protocol.RequestAddCookies  - CookieSpec selected: best-match
26526 [Forwarding findElement on session b1310904-d161-49ca-a1a6-530fba7baea8 to remote] DEBUG org.apache.http.client.protocol.RequestAuthCache  - Auth cache not set in the context
26526 [Forwarding findElement on session b1310904-d161-49ca-a1a6-530fba7baea8 to remote] DEBUG org.apache.http.impl.conn.PoolingHttpClientConnectionManager  - Connection request: [route: {}->http://localhost:37262][total kept alive: 0; route allocated: 0 of 2000; total allocated: 0 of 2000]
26526 [Forwarding findElement on session b1310904-d161-49ca-a1a6-530fba7baea8 to remote] DEBUG org.apache.http.impl.conn.PoolingHttpClientConnectionManager  - Connection leased: [id: 85][route: {}->http://localhost:37262][total kept alive: 0; route allocated: 1 of 2000; total allocated: 1 of 2000]
26526 [Forwarding findElement on session b1310904-d161-49ca-a1a6-530fba7baea8 to remote] DEBUG org.apache.http.impl.execchain.MainClientExec  - Opening connection {}->http://localhost:37262
26526 [Forwarding findElement on session b1310904-d161-49ca-a1a6-530fba7baea8 to remote] DEBUG org.apache.http.impl.conn.HttpClientConnectionOperator  - Connecting to localhost/127.0.0.1:37262
26526 [Forwarding findElement on session b1310904-d161-49ca-a1a6-530fba7baea8 to remote] DEBUG org.apache.http.impl.conn.HttpClientConnectionOperator  - Connection established 127.0.0.1:17301<->127.0.0.1:37262
26526 [Forwarding findElement on session b1310904-d161-49ca-a1a6-530fba7baea8 to remote] DEBUG org.apache.http.impl.execchain.MainClientExec  - Executing request POST /session/b1310904-d161-49ca-a1a6-530fba7baea8/element HTTP/1.1
26526 [Forwarding findElement on session b1310904-d161-49ca-a1a6-530fba7baea8 to remote] DEBUG org.apache.http.impl.execchain.MainClientExec  - Target auth state: UNCHALLENGED
26526 [Forwarding findElement on session b1310904-d161-49ca-a1a6-530fba7baea8 to remote] DEBUG org.apache.http.impl.execchain.MainClientExec  - Proxy auth state: UNCHALLENGED
26526 [Forwarding findElement on session b1310904-d161-49ca-a1a6-530fba7baea8 to remote] DEBUG org.apache.http.headers  - http-outgoing-85 >> POST /session/b1310904-d161-49ca-a1a6-530fba7baea8/element HTTP/1.1
26526 [Forwarding findElement on session b1310904-d161-49ca-a1a6-530fba7baea8 to remote] DEBUG org.apache.http.headers  - http-outgoing-85 >> Content-Type: application/json; charset=utf-8
26526 [Forwarding findElement on session b1310904-d161-49ca-a1a6-530fba7baea8 to remote] DEBUG org.apache.http.headers  - http-outgoing-85 >> Content-Length: 50
26526 [Forwarding findElement on session b1310904-d161-49ca-a1a6-530fba7baea8 to remote] DEBUG org.apache.http.headers  - http-outgoing-85 >> Host: localhost:37262
26526 [Forwarding findElement on session b1310904-d161-49ca-a1a6-530fba7baea8 to remote] DEBUG org.apache.http.headers  - http-outgoing-85 >> Connection: Keep-Alive
26526 [Forwarding findElement on session b1310904-d161-49ca-a1a6-530fba7baea8 to remote] DEBUG org.apache.http.headers  - http-outgoing-85 >> User-Agent: Apache-HttpClient/4.3.3 (java 1.5)
26526 [Forwarding findElement on session b1310904-d161-49ca-a1a6-530fba7baea8 to remote] DEBUG org.apache.http.headers  - http-outgoing-85 >> Accept-Encoding: gzip,deflate
26526 [Forwarding findElement on session b1310904-d161-49ca-a1a6-530fba7baea8 to remote] DEBUG org.apache.http.wire  - http-outgoing-85 >> "POST /session/b1310904-d161-49ca-a1a6-530fba7baea8/element HTTP/1.1[\r][\n]"
26526 [Forwarding findElement on session b1310904-d161-49ca-a1a6-530fba7baea8 to remote] DEBUG org.apache.http.wire  - http-outgoing-85 >> "Content-Type: application/json; charset=utf-8[\r][\n]"
26526 [Forwarding findElement on session b1310904-d161-49ca-a1a6-530fba7baea8 to remote] DEBUG org.apache.http.wire  - http-outgoing-85 >> "Content-Length: 50[\r][\n]"
26526 [Forwarding findElement on session b1310904-d161-49ca-a1a6-530fba7baea8 to remote] DEBUG org.apache.http.wire  - http-outgoing-85 >> "Host: localhost:37262[\r][\n]"
26526 [Forwarding findElement on session b1310904-d161-49ca-a1a6-530fba7baea8 to remote] DEBUG org.apache.http.wire  - http-outgoing-85 >> "Connection: Keep-Alive[\r][\n]"
26526 [Forwarding findElement on session b1310904-d161-49ca-a1a6-530fba7baea8 to remote] DEBUG org.apache.http.wire  - http-outgoing-85 >> "User-Agent: Apache-HttpClient/4.3.3 (java 1.5)[\r][\n]"
26526 [Forwarding findElement on session b1310904-d161-49ca-a1a6-530fba7baea8 to remote] DEBUG org.apache.http.wire  - http-outgoing-85 >> "Accept-Encoding: gzip,deflate[\r][\n]"
26526 [Forwarding findElement on session b1310904-d161-49ca-a1a6-530fba7baea8 to remote] DEBUG org.apache.http.wire  - http-outgoing-85 >> "[\r][\n]"
26526 [Forwarding findElement on session b1310904-d161-49ca-a1a6-530fba7baea8 to remote] DEBUG org.apache.http.wire  - http-outgoing-85 >> "{"using":"xpath","value":"//input[@name='Reset']"}"
26806 [Forwarding findElement on session b1310904-d161-49ca-a1a6-530fba7baea8 to remote] DEBUG org.apache.http.wire  - http-outgoing-85 << "HTTP/1.1 500 Internal Server Error[\r][\n]"
26806 [Forwarding findElement on session b1310904-d161-49ca-a1a6-530fba7baea8 to remote] DEBUG org.apache.http.wire  - http-outgoing-85 << "Content-Length: 146[\r][\n]"
26806 [Forwarding findElement on session b1310904-d161-49ca-a1a6-530fba7baea8 to remote] DEBUG org.apache.http.wire  - http-outgoing-85 << "Content-Type: application/json; charset=UTF-8[\r][\n]"
26806 [Forwarding findElement on session b1310904-d161-49ca-a1a6-530fba7baea8 to remote] DEBUG org.apache.http.wire  - http-outgoing-85 << "Vary: Accept-Charset, Accept-Encoding, Accept-Language, Accept[\r][\n]"
26806 [Forwarding findElement on session b1310904-d161-49ca-a1a6-530fba7baea8 to remote] DEBUG org.apache.http.wire  - http-outgoing-85 << "Accept-Ranges: bytes[\r][\n]"
26806 [Forwarding findElement on session b1310904-d161-49ca-a1a6-530fba7baea8 to remote] DEBUG org.apache.http.wire  - http-outgoing-85 << "Connection: close[\r][\n]"
26806 [Forwarding findElement on session b1310904-d161-49ca-a1a6-530fba7baea8 to remote] DEBUG org.apache.http.wire  - http-outgoing-85 << "[\r][\n]"
26806 [Forwarding findElement on session b1310904-d161-49ca-a1a6-530fba7baea8 to remote] DEBUG org.apache.http.wire  - http-outgoing-85 << "{"sessionId":"b1310904-d161-49ca-a1a6-530fba7baea8","status":7,"value":{"message":"Unable to find element with xpath == //input[@name='Reset']"}}[\n]"
26806 [Forwarding findElement on session b1310904-d161-49ca-a1a6-530fba7baea8 to remote] DEBUG org.apache.http.wire  - http-outgoing-85 << "[\r][\n]"
26806 [Forwarding findElement on session b1310904-d161-49ca-a1a6-530fba7baea8 to remote] DEBUG org.apache.http.headers  - http-outgoing-85 << HTTP/1.1 500 Internal Server Error
26806 [Forwarding findElement on session b1310904-d161-49ca-a1a6-530fba7baea8 to remote] DEBUG org.apache.http.headers  - http-outgoing-85 << Content-Length: 146
26806 [Forwarding findElement on session b1310904-d161-49ca-a1a6-530fba7baea8 to remote] DEBUG org.apache.http.headers  - http-outgoing-85 << Content-Type: application/json; charset=UTF-8
26806 [Forwarding findElement on session b1310904-d161-49ca-a1a6-530fba7baea8 to remote] DEBUG org.apache.http.headers  - http-outgoing-85 << Vary: Accept-Charset, Accept-Encoding, Accept-Language, Accept
26806 [Forwarding findElement on session b1310904-d161-49ca-a1a6-530fba7baea8 to remote] DEBUG org.apache.http.headers  - http-outgoing-85 << Accept-Ranges: bytes
26806 [Forwarding findElement on session b1310904-d161-49ca-a1a6-530fba7baea8 to remote] DEBUG org.apache.http.headers  - http-outgoing-85 << Connection: close
26806 [Forwarding findElement on session b1310904-d161-49ca-a1a6-530fba7baea8 to remote] DEBUG org.apache.http.impl.conn.DefaultManagedHttpClientConnection  - http-outgoing-85: Shutdown connection
26806 [Forwarding findElement on session b1310904-d161-49ca-a1a6-530fba7baea8 to remote] DEBUG org.apache.http.impl.execchain.MainClientExec  - Connection discarded
26806 [Forwarding findElement on session b1310904-d161-49ca-a1a6-530fba7baea8 to remote] DEBUG org.apache.http.impl.conn.DefaultManagedHttpClientConnection  - http-outgoing-85: Close connection
26806 [Forwarding findElement on session b1310904-d161-49ca-a1a6-530fba7baea8 to remote] DEBUG org.apache.http.impl.conn.PoolingHttpClientConnectionManager  - Connection released: [id: 85][route: {}->http://localhost:37262][total kept alive: 0; route allocated: 0 of 2000; total allocated: 0 of 2000]
27306 [Forwarding findElement on session b1310904-d161-49ca-a1a6-530fba7baea8 to remote] DEBUG org.apache.http.client.protocol.RequestAddCookies  - CookieSpec selected: best-match
27306 [Forwarding findElement on session b1310904-d161-49ca-a1a6-530fba7baea8 to remote] DEBUG org.apache.http.client.protocol.RequestAuthCache  - Auth cache not set in the context
27306 [Forwarding findElement on session b1310904-d161-49ca-a1a6-530fba7baea8 to remote] DEBUG org.apache.http.impl.conn.PoolingHttpClientConnectionManager  - Connection request: [route: {}->http://localhost:37262][total kept alive: 0; route allocated: 0 of 2000; total allocated: 0 of 2000]
27306 [Forwarding findElement on session b1310904-d161-49ca-a1a6-530fba7baea8 to remote] DEBUG org.apache.http.impl.conn.PoolingHttpClientConnectionManager  - Connection leased: [id: 86][route: {}->http://localhost:37262][total kept alive: 0; route allocated: 1 of 2000; total allocated: 1 of 2000]
27306 [Forwarding findElement on session b1310904-d161-49ca-a1a6-530fba7baea8 to remote] DEBUG org.apache.http.impl.execchain.MainClientExec  - Opening connection {}->http://localhost:37262
27306 [Forwarding findElement on session b1310904-d161-49ca-a1a6-530fba7baea8 to remote] DEBUG org.apache.http.impl.conn.HttpClientConnectionOperator  - Connecting to localhost/127.0.0.1:37262
27306 [Forwarding findElement on session b1310904-d161-49ca-a1a6-530fba7baea8 to remote] DEBUG org.apache.http.impl.conn.HttpClientConnectionOperator  - Connection established 127.0.0.1:17302<->127.0.0.1:37262
27306 [Forwarding findElement on session b1310904-d161-49ca-a1a6-530fba7baea8 to remote] DEBUG org.apache.http.impl.execchain.MainClientExec  - Executing request POST /session/b1310904-d161-49ca-a1a6-530fba7baea8/element HTTP/1.1
27306 [Forwarding findElement on session b1310904-d161-49ca-a1a6-530fba7baea8 to remote] DEBUG org.apache.http.impl.execchain.MainClientExec  - Target auth state: UNCHALLENGED
27306 [Forwarding findElement on session b1310904-d161-49ca-a1a6-530fba7baea8 to remote] DEBUG org.apache.http.impl.execchain.MainClientExec  - Proxy auth state: UNCHALLENGED
27306 [Forwarding findElement on session b1310904-d161-49ca-a1a6-530fba7baea8 to remote] DEBUG org.apache.http.headers  - http-outgoing-86 >> POST /session/b1310904-d161-49ca-a1a6-530fba7baea8/element HTTP/1.1
27306 [Forwarding findElement on session b1310904-d161-49ca-a1a6-530fba7baea8 to remote] DEBUG org.apache.http.headers  - http-outgoing-86 >> Content-Type: application/json; charset=utf-8
27306 [Forwarding findElement on session b1310904-d161-49ca-a1a6-530fba7baea8 to remote] DEBUG org.apache.http.headers  - http-outgoing-86 >> Content-Length: 50
27306 [Forwarding findElement on session b1310904-d161-49ca-a1a6-530fba7baea8 to remote] DEBUG org.apache.http.headers  - http-outgoing-86 >> Host: localhost:37262
27306 [Forwarding findElement on session b1310904-d161-49ca-a1a6-530fba7baea8 to remote] DEBUG org.apache.http.headers  - http-outgoing-86 >> Connection: Keep-Alive
27306 [Forwarding findElement on session b1310904-d161-49ca-a1a6-530fba7baea8 to remote] DEBUG org.apache.http.headers  - http-outgoing-86 >> User-Agent: Apache-HttpClient/4.3.3 (java 1.5)
27306 [Forwarding findElement on session b1310904-d161-49ca-a1a6-530fba7baea8 to remote] DEBUG org.apache.http.headers  - http-outgoing-86 >> Accept-Encoding: gzip,deflate
27306 [Forwarding findElement on session b1310904-d161-49ca-a1a6-530fba7baea8 to remote] DEBUG org.apache.http.wire  - http-outgoing-86 >> "POST /session/b1310904-d161-49ca-a1a6-530fba7baea8/element HTTP/1.1[\r][\n]"
27306 [Forwarding findElement on session b1310904-d161-49ca-a1a6-530fba7baea8 to remote] DEBUG org.apache.http.wire  - http-outgoing-86 >> "Content-Type: application/json; charset=utf-8[\r][\n]"
27306 [Forwarding findElement on session b1310904-d161-49ca-a1a6-530fba7baea8 to remote] DEBUG org.apache.http.wire  - http-outgoing-86 >> "Content-Length: 50[\r][\n]"
27306 [Forwarding findElement on session b1310904-d161-49ca-a1a6-530fba7baea8 to remote] DEBUG org.apache.http.wire  - http-outgoing-86 >> "Host: localhost:37262[\r][\n]"
27306 [Forwarding findElement on session b1310904-d161-49ca-a1a6-530fba7baea8 to remote] DEBUG org.apache.http.wire  - http-outgoing-86 >> "Connection: Keep-Alive[\r][\n]"
27306 [Forwarding findElement on session b1310904-d161-49ca-a1a6-530fba7baea8 to remote] DEBUG org.apache.http.wire  - http-outgoing-86 >> "User-Agent: Apache-HttpClient/4.3.3 (java 1.5)[\r][\n]"
27306 [Forwarding findElement on session b1310904-d161-49ca-a1a6-530fba7baea8 to remote] DEBUG org.apache.http.wire  - http-outgoing-86 >> "Accept-Encoding: gzip,deflate[\r][\n]"
27306 [Forwarding findElement on session b1310904-d161-49ca-a1a6-530fba7baea8 to remote] DEBUG org.apache.http.wire  - http-outgoing-86 >> "[\r][\n]"
27306 [Forwarding findElement on session b1310904-d161-49ca-a1a6-530fba7baea8 to remote] DEBUG org.apache.http.wire  - http-outgoing-86 >> "{"using":"xpath","value":"//input[@name='Reset']"}"
27577 [Forwarding findElement on session b1310904-d161-49ca-a1a6-530fba7baea8 to remote] DEBUG org.apache.http.wire  - http-outgoing-86 << "HTTP/1.1 500 Internal Server Error[\r][\n]"
27577 [Forwarding findElement on session b1310904-d161-49ca-a1a6-530fba7baea8 to remote] DEBUG org.apache.http.wire  - http-outgoing-86 << "Content-Length: 146[\r][\n]"
27577 [Forwarding findElement on session b1310904-d161-49ca-a1a6-530fba7baea8 to remote] DEBUG org.apache.http.wire  - http-outgoing-86 << "Content-Type: application/json; charset=UTF-8[\r][\n]"
27577 [Forwarding findElement on session b1310904-d161-49ca-a1a6-530fba7baea8 to remote] DEBUG org.apache.http.wire  - http-outgoing-86 << "Vary: Accept-Charset, Accept-Encoding, Accept-Language, Accept[\r][\n]"
27577 [Forwarding findElement on session b1310904-d161-49ca-a1a6-530fba7baea8 to remote] DEBUG org.apache.http.wire  - http-outgoing-86 << "Accept-Ranges: bytes[\r][\n]"
27577 [Forwarding findElement on session b1310904-d161-49ca-a1a6-530fba7baea8 to remote] DEBUG org.apache.http.wire  - http-outgoing-86 << "Connection: close[\r][\n]"
27577 [Forwarding findElement on session b1310904-d161-49ca-a1a6-530fba7baea8 to remote] DEBUG org.apache.http.wire  - http-outgoing-86 << "[\r][\n]"
27577 [Forwarding findElement on session b1310904-d161-49ca-a1a6-530fba7baea8 to remote] DEBUG org.apache.http.wire  - http-outgoing-86 << "{"sessionId":"b1310904-d161-49ca-a1a6-530fba7baea8","status":7,"value":{"message":"Unable to find element with xpath == //input[@name='Reset']"}}[\n]"
27577 [Forwarding findElement on session b1310904-d161-49ca-a1a6-530fba7baea8 to remote] DEBUG org.apache.http.wire  - http-outgoing-86 << "[\r][\n]"
27577 [Forwarding findElement on session b1310904-d161-49ca-a1a6-530fba7baea8 to remote] DEBUG org.apache.http.headers  - http-outgoing-86 << HTTP/1.1 500 Internal Server Error
27577 [Forwarding findElement on session b1310904-d161-49ca-a1a6-530fba7baea8 to remote] DEBUG org.apache.http.headers  - http-outgoing-86 << Content-Length: 146
27577 [Forwarding findElement on session b1310904-d161-49ca-a1a6-530fba7baea8 to remote] DEBUG org.apache.http.headers  - http-outgoing-86 << Content-Type: application/json; charset=UTF-8
27577 [Forwarding findElement on session b1310904-d161-49ca-a1a6-530fba7baea8 to remote] DEBUG org.apache.http.headers  - http-outgoing-86 << Vary: Accept-Charset, Accept-Encoding, Accept-Language, Accept
27577 [Forwarding findElement on session b1310904-d161-49ca-a1a6-530fba7baea8 to remote] DEBUG org.apache.http.headers  - http-outgoing-86 << Accept-Ranges: bytes
27577 [Forwarding findElement on session b1310904-d161-49ca-a1a6-530fba7baea8 to remote] DEBUG org.apache.http.headers  - http-outgoing-86 << Connection: close
27577 [Forwarding findElement on session b1310904-d161-49ca-a1a6-530fba7baea8 to remote] DEBUG org.apache.http.impl.conn.DefaultManagedHttpClientConnection  - http-outgoing-86: Shutdown connection
27577 [Forwarding findElement on session b1310904-d161-49ca-a1a6-530fba7baea8 to remote] DEBUG org.apache.http.impl.execchain.MainClientExec  - Connection discarded
27577 [Forwarding findElement on session b1310904-d161-49ca-a1a6-530fba7baea8 to remote] DEBUG org.apache.http.impl.conn.DefaultManagedHttpClientConnection  - http-outgoing-86: Close connection
27577 [Forwarding findElement on session b1310904-d161-49ca-a1a6-530fba7baea8 to remote] DEBUG org.apache.http.impl.conn.PoolingHttpClientConnectionManager  - Connection released: [id: 86][route: {}->http://localhost:37262][total kept alive: 0; route allocated: 0 of 2000; total allocated: 0 of 2000]
28077 [Forwarding findElement on session b1310904-d161-49ca-a1a6-530fba7baea8 to remote] DEBUG org.apache.http.client.protocol.RequestAddCookies  - CookieSpec selected: best-match
28077 [Forwarding findElement on session b1310904-d161-49ca-a1a6-530fba7baea8 to remote] DEBUG org.apache.http.client.protocol.RequestAuthCache  - Auth cache not set in the context
28077 [Forwarding findElement on session b1310904-d161-49ca-a1a6-530fba7baea8 to remote] DEBUG org.apache.http.impl.conn.PoolingHttpClientConnectionManager  - Connection request: [route: {}->http://localhost:37262][total kept alive: 0; route allocated: 0 of 2000; total allocated: 0 of 2000]
28077 [Forwarding findElement on session b1310904-d161-49ca-a1a6-530fba7baea8 to remote] DEBUG org.apache.http.impl.conn.PoolingHttpClientConnectionManager  - Connection leased: [id: 87][route: {}->http://localhost:37262][total kept alive: 0; route allocated: 1 of 2000; total allocated: 1 of 2000]
28077 [Forwarding findElement on session b1310904-d161-49ca-a1a6-530fba7baea8 to remote] DEBUG org.apache.http.impl.execchain.MainClientExec  - Opening connection {}->http://localhost:37262
28077 [Forwarding findElement on session b1310904-d161-49ca-a1a6-530fba7baea8 to remote] DEBUG org.apache.http.impl.conn.HttpClientConnectionOperator  - Connecting to localhost/127.0.0.1:37262
28077 [Forwarding findElement on session b1310904-d161-49ca-a1a6-530fba7baea8 to remote] DEBUG org.apache.http.impl.conn.HttpClientConnectionOperator  - Connection established 127.0.0.1:17303<->127.0.0.1:37262
28077 [Forwarding findElement on session b1310904-d161-49ca-a1a6-530fba7baea8 to remote] DEBUG org.apache.http.impl.execchain.MainClientExec  - Executing request POST /session/b1310904-d161-49ca-a1a6-530fba7baea8/element HTTP/1.1
28077 [Forwarding findElement on session b1310904-d161-49ca-a1a6-530fba7baea8 to remote] DEBUG org.apache.http.impl.execchain.MainClientExec  - Target auth state: UNCHALLENGED
28077 [Forwarding findElement on session b1310904-d161-49ca-a1a6-530fba7baea8 to remote] DEBUG org.apache.http.impl.execchain.MainClientExec  - Proxy auth state: UNCHALLENGED
28077 [Forwarding findElement on session b1310904-d161-49ca-a1a6-530fba7baea8 to remote] DEBUG org.apache.http.headers  - http-outgoing-87 >> POST /session/b1310904-d161-49ca-a1a6-530fba7baea8/element HTTP/1.1
28077 [Forwarding findElement on session b1310904-d161-49ca-a1a6-530fba7baea8 to remote] DEBUG org.apache.http.headers  - http-outgoing-87 >> Content-Type: application/json; charset=utf-8
28077 [Forwarding findElement on session b1310904-d161-49ca-a1a6-530fba7baea8 to remote] DEBUG org.apache.http.headers  - http-outgoing-87 >> Content-Length: 50
28077 [Forwarding findElement on session b1310904-d161-49ca-a1a6-530fba7baea8 to remote] DEBUG org.apache.http.headers  - http-outgoing-87 >> Host: localhost:37262
28077 [Forwarding findElement on session b1310904-d161-49ca-a1a6-530fba7baea8 to remote] DEBUG org.apache.http.headers  - http-outgoing-87 >> Connection: Keep-Alive
28077 [Forwarding findElement on session b1310904-d161-49ca-a1a6-530fba7baea8 to remote] DEBUG org.apache.http.headers  - http-outgoing-87 >> User-Agent: Apache-HttpClient/4.3.3 (java 1.5)
28077 [Forwarding findElement on session b1310904-d161-49ca-a1a6-530fba7baea8 to remote] DEBUG org.apache.http.headers  - http-outgoing-87 >> Accept-Encoding: gzip,deflate
28077 [Forwarding findElement on session b1310904-d161-49ca-a1a6-530fba7baea8 to remote] DEBUG org.apache.http.wire  - http-outgoing-87 >> "POST /session/b1310904-d161-49ca-a1a6-530fba7baea8/element HTTP/1.1[\r][\n]"
28077 [Forwarding findElement on session b1310904-d161-49ca-a1a6-530fba7baea8 to remote] DEBUG org.apache.http.wire  - http-outgoing-87 >> "Content-Type: application/json; charset=utf-8[\r][\n]"
28077 [Forwarding findElement on session b1310904-d161-49ca-a1a6-530fba7baea8 to remote] DEBUG org.apache.http.wire  - http-outgoing-87 >> "Content-Length: 50[\r][\n]"
28077 [Forwarding findElement on session b1310904-d161-49ca-a1a6-530fba7baea8 to remote] DEBUG org.apache.http.wire  - http-outgoing-87 >> "Host: localhost:37262[\r][\n]"
28077 [Forwarding findElement on session b1310904-d161-49ca-a1a6-530fba7baea8 to remote] DEBUG org.apache.http.wire  - http-outgoing-87 >> "Connection: Keep-Alive[\r][\n]"
28077 [Forwarding findElement on session b1310904-d161-49ca-a1a6-530fba7baea8 to remote] DEBUG org.apache.http.wire  - http-outgoing-87 >> "User-Agent: Apache-HttpClient/4.3.3 (java 1.5)[\r][\n]"
28077 [Forwarding findElement on session b1310904-d161-49ca-a1a6-530fba7baea8 to remote] DEBUG org.apache.http.wire  - http-outgoing-87 >> "Accept-Encoding: gzip,deflate[\r][\n]"
28077 [Forwarding findElement on session b1310904-d161-49ca-a1a6-530fba7baea8 to remote] DEBUG org.apache.http.wire  - http-outgoing-87 >> "[\r][\n]"
28077 [Forwarding findElement on session b1310904-d161-49ca-a1a6-530fba7baea8 to remote] DEBUG org.apache.http.wire  - http-outgoing-87 >> "{"using":"xpath","value":"//input[@name='Reset']"}"
28359 [Forwarding findElement on session b1310904-d161-49ca-a1a6-530fba7baea8 to remote] DEBUG org.apache.http.wire  - http-outgoing-87 << "HTTP/1.1 500 Internal Server Error[\r][\n]"
28359 [Forwarding findElement on session b1310904-d161-49ca-a1a6-530fba7baea8 to remote] DEBUG org.apache.http.wire  - http-outgoing-87 << "Content-Length: 146[\r][\n]"
28359 [Forwarding findElement on session b1310904-d161-49ca-a1a6-530fba7baea8 to remote] DEBUG org.apache.http.wire  - http-outgoing-87 << "Content-Type: application/json; charset=UTF-8[\r][\n]"
28359 [Forwarding findElement on session b1310904-d161-49ca-a1a6-530fba7baea8 to remote] DEBUG org.apache.http.wire  - http-outgoing-87 << "Vary: Accept-Charset, Accept-Encoding, Accept-Language, Accept[\r][\n]"
28359 [Forwarding findElement on session b1310904-d161-49ca-a1a6-530fba7baea8 to remote] DEBUG org.apache.http.wire  - http-outgoing-87 << "Accept-Ranges: bytes[\r][\n]"
28359 [Forwarding findElement on session b1310904-d161-49ca-a1a6-530fba7baea8 to remote] DEBUG org.apache.http.wire  - http-outgoing-87 << "Connection: close[\r][\n]"
28359 [Forwarding findElement on session b1310904-d161-49ca-a1a6-530fba7baea8 to remote] DEBUG org.apache.http.wire  - http-outgoing-87 << "[\r][\n]"
28359 [Forwarding findElement on session b1310904-d161-49ca-a1a6-530fba7baea8 to remote] DEBUG org.apache.http.wire  - http-outgoing-87 << "{"sessionId":"b1310904-d161-49ca-a1a6-530fba7baea8","status":7,"value":{"message":"Unable to find element with xpath == //input[@name='Reset']"}}[\n]"
28359 [Forwarding findElement on session b1310904-d161-49ca-a1a6-530fba7baea8 to remote] DEBUG org.apache.http.wire  - http-outgoing-87 << "[\r][\n]"
28359 [Forwarding findElement on session b1310904-d161-49ca-a1a6-530fba7baea8 to remote] DEBUG org.apache.http.headers  - http-outgoing-87 << HTTP/1.1 500 Internal Server Error
28359 [Forwarding findElement on session b1310904-d161-49ca-a1a6-530fba7baea8 to remote] DEBUG org.apache.http.headers  - http-outgoing-87 << Content-Length: 146
28359 [Forwarding findElement on session b1310904-d161-49ca-a1a6-530fba7baea8 to remote] DEBUG org.apache.http.headers  - http-outgoing-87 << Content-Type: application/json; charset=UTF-8
28359 [Forwarding findElement on session b1310904-d161-49ca-a1a6-530fba7baea8 to remote] DEBUG org.apache.http.headers  - http-outgoing-87 << Vary: Accept-Charset, Accept-Encoding, Accept-Language, Accept
28359 [Forwarding findElement on session b1310904-d161-49ca-a1a6-530fba7baea8 to remote] DEBUG org.apache.http.headers  - http-outgoing-87 << Accept-Ranges: bytes
28359 [Forwarding findElement on session b1310904-d161-49ca-a1a6-530fba7baea8 to remote] DEBUG org.apache.http.headers  - http-outgoing-87 << Connection: close
28359 [Forwarding findElement on session b1310904-d161-49ca-a1a6-530fba7baea8 to remote] DEBUG org.apache.http.impl.conn.DefaultManagedHttpClientConnection  - http-outgoing-87: Shutdown connection
28359 [Forwarding findElement on session b1310904-d161-49ca-a1a6-530fba7baea8 to remote] DEBUG org.apache.http.impl.execchain.MainClientExec  - Connection discarded
28359 [Forwarding findElement on session b1310904-d161-49ca-a1a6-530fba7baea8 to remote] DEBUG org.apache.http.impl.conn.DefaultManagedHttpClientConnection  - http-outgoing-87: Close connection
28359 [Forwarding findElement on session b1310904-d161-49ca-a1a6-530fba7baea8 to remote] DEBUG org.apache.http.impl.conn.PoolingHttpClientConnectionManager  - Connection released: [id: 87][route: {}->http://localhost:37262][total kept alive: 0; route allocated: 0 of 2000; total allocated: 0 of 2000]
28860 [Forwarding findElement on session b1310904-d161-49ca-a1a6-530fba7baea8 to remote] DEBUG org.apache.http.client.protocol.RequestAddCookies  - CookieSpec selected: best-match
28860 [Forwarding findElement on session b1310904-d161-49ca-a1a6-530fba7baea8 to remote] DEBUG org.apache.http.client.protocol.RequestAuthCache  - Auth cache not set in the context
28860 [Forwarding findElement on session b1310904-d161-49ca-a1a6-530fba7baea8 to remote] DEBUG org.apache.http.impl.conn.PoolingHttpClientConnectionManager  - Connection request: [route: {}->http://localhost:37262][total kept alive: 0; route allocated: 0 of 2000; total allocated: 0 of 2000]
28860 [Forwarding findElement on session b1310904-d161-49ca-a1a6-530fba7baea8 to remote] DEBUG org.apache.http.impl.conn.PoolingHttpClientConnectionManager  - Connection leased: [id: 88][route: {}->http://localhost:37262][total kept alive: 0; route allocated: 1 of 2000; total allocated: 1 of 2000]
28860 [Forwarding findElement on session b1310904-d161-49ca-a1a6-530fba7baea8 to remote] DEBUG org.apache.http.impl.execchain.MainClientExec  - Opening connection {}->http://localhost:37262
28860 [Forwarding findElement on session b1310904-d161-49ca-a1a6-530fba7baea8 to remote] DEBUG org.apache.http.impl.conn.HttpClientConnectionOperator  - Connecting to localhost/127.0.0.1:37262
28860 [Forwarding findElement on session b1310904-d161-49ca-a1a6-530fba7baea8 to remote] DEBUG org.apache.http.impl.conn.HttpClientConnectionOperator  - Connection established 127.0.0.1:17304<->127.0.0.1:37262
28860 [Forwarding findElement on session b1310904-d161-49ca-a1a6-530fba7baea8 to remote] DEBUG org.apache.http.impl.execchain.MainClientExec  - Executing request POST /session/b1310904-d161-49ca-a1a6-530fba7baea8/element HTTP/1.1
28860 [Forwarding findElement on session b1310904-d161-49ca-a1a6-530fba7baea8 to remote] DEBUG org.apache.http.impl.execchain.MainClientExec  - Target auth state: UNCHALLENGED
28860 [Forwarding findElement on session b1310904-d161-49ca-a1a6-530fba7baea8 to remote] DEBUG org.apache.http.impl.execchain.MainClientExec  - Proxy auth state: UNCHALLENGED
28860 [Forwarding findElement on session b1310904-d161-49ca-a1a6-530fba7baea8 to remote] DEBUG org.apache.http.headers  - http-outgoing-88 >> POST /session/b1310904-d161-49ca-a1a6-530fba7baea8/element HTTP/1.1
28860 [Forwarding findElement on session b1310904-d161-49ca-a1a6-530fba7baea8 to remote] DEBUG org.apache.http.headers  - http-outgoing-88 >> Content-Type: application/json; charset=utf-8
28860 [Forwarding findElement on session b1310904-d161-49ca-a1a6-530fba7baea8 to remote] DEBUG org.apache.http.headers  - http-outgoing-88 >> Content-Length: 50
28860 [Forwarding findElement on session b1310904-d161-49ca-a1a6-530fba7baea8 to remote] DEBUG org.apache.http.headers  - http-outgoing-88 >> Host: localhost:37262
28860 [Forwarding findElement on session b1310904-d161-49ca-a1a6-530fba7baea8 to remote] DEBUG org.apache.http.headers  - http-outgoing-88 >> Connection: Keep-Alive
28860 [Forwarding findElement on session b1310904-d161-49ca-a1a6-530fba7baea8 to remote] DEBUG org.apache.http.headers  - http-outgoing-88 >> User-Agent: Apache-HttpClient/4.3.3 (java 1.5)
28860 [Forwarding findElement on session b1310904-d161-49ca-a1a6-530fba7baea8 to remote] DEBUG org.apache.http.headers  - http-outgoing-88 >> Accept-Encoding: gzip,deflate
28860 [Forwarding findElement on session b1310904-d161-49ca-a1a6-530fba7baea8 to remote] DEBUG org.apache.http.wire  - http-outgoing-88 >> "POST /session/b1310904-d161-49ca-a1a6-530fba7baea8/element HTTP/1.1[\r][\n]"
28860 [Forwarding findElement on session b1310904-d161-49ca-a1a6-530fba7baea8 to remote] DEBUG org.apache.http.wire  - http-outgoing-88 >> "Content-Type: application/json; charset=utf-8[\r][\n]"
28860 [Forwarding findElement on session b1310904-d161-49ca-a1a6-530fba7baea8 to remote] DEBUG org.apache.http.wire  - http-outgoing-88 >> "Content-Length: 50[\r][\n]"
28860 [Forwarding findElement on session b1310904-d161-49ca-a1a6-530fba7baea8 to remote] DEBUG org.apache.http.wire  - http-outgoing-88 >> "Host: localhost:37262[\r][\n]"
28860 [Forwarding findElement on session b1310904-d161-49ca-a1a6-530fba7baea8 to remote] DEBUG org.apache.http.wire  - http-outgoing-88 >> "Connection: Keep-Alive[\r][\n]"
28860 [Forwarding findElement on session b1310904-d161-49ca-a1a6-530fba7baea8 to remote] DEBUG org.apache.http.wire  - http-outgoing-88 >> "User-Agent: Apache-HttpClient/4.3.3 (java 1.5)[\r][\n]"
28860 [Forwarding findElement on session b1310904-d161-49ca-a1a6-530fba7baea8 to remote] DEBUG org.apache.http.wire  - http-outgoing-88 >> "Accept-Encoding: gzip,deflate[\r][\n]"
28860 [Forwarding findElement on session b1310904-d161-49ca-a1a6-530fba7baea8 to remote] DEBUG org.apache.http.wire  - http-outgoing-88 >> "[\r][\n]"
28860 [Forwarding findElement on session b1310904-d161-49ca-a1a6-530fba7baea8 to remote] DEBUG org.apache.http.wire  - http-outgoing-88 >> "{"using":"xpath","value":"//input[@name='Reset']"}"
29130 [Forwarding findElement on session b1310904-d161-49ca-a1a6-530fba7baea8 to remote] DEBUG org.apache.http.wire  - http-outgoing-88 << "HTTP/1.1 500 Internal Server Error[\r][\n]"
29130 [Forwarding findElement on session b1310904-d161-49ca-a1a6-530fba7baea8 to remote] DEBUG org.apache.http.wire  - http-outgoing-88 << "Content-Length: 146[\r][\n]"
29130 [Forwarding findElement on session b1310904-d161-49ca-a1a6-530fba7baea8 to remote] DEBUG org.apache.http.wire  - http-outgoing-88 << "Content-Type: application/json; charset=UTF-8[\r][\n]"
29130 [Forwarding findElement on session b1310904-d161-49ca-a1a6-530fba7baea8 to remote] DEBUG org.apache.http.wire  - http-outgoing-88 << "Vary: Accept-Charset, Accept-Encoding, Accept-Language, Accept[\r][\n]"
29130 [Forwarding findElement on session b1310904-d161-49ca-a1a6-530fba7baea8 to remote] DEBUG org.apache.http.wire  - http-outgoing-88 << "Accept-Ranges: bytes[\r][\n]"
29130 [Forwarding findElement on session b1310904-d161-49ca-a1a6-530fba7baea8 to remote] DEBUG org.apache.http.wire  - http-outgoing-88 << "Connection: close[\r][\n]"
29130 [Forwarding findElement on session b1310904-d161-49ca-a1a6-530fba7baea8 to remote] DEBUG org.apache.http.wire  - http-outgoing-88 << "[\r][\n]"
29130 [Forwarding findElement on session b1310904-d161-49ca-a1a6-530fba7baea8 to remote] DEBUG org.apache.http.wire  - http-outgoing-88 << "{"sessionId":"b1310904-d161-49ca-a1a6-530fba7baea8","status":7,"value":{"message":"Unable to find element with xpath == //input[@name='Reset']"}}[\n]"
29130 [Forwarding findElement on session b1310904-d161-49ca-a1a6-530fba7baea8 to remote] DEBUG org.apache.http.wire  - http-outgoing-88 << "[\r][\n]"
29130 [Forwarding findElement on session b1310904-d161-49ca-a1a6-530fba7baea8 to remote] DEBUG org.apache.http.headers  - http-outgoing-88 << HTTP/1.1 500 Internal Server Error
29130 [Forwarding findElement on session b1310904-d161-49ca-a1a6-530fba7baea8 to remote] DEBUG org.apache.http.headers  - http-outgoing-88 << Content-Length: 146
29130 [Forwarding findElement on session b1310904-d161-49ca-a1a6-530fba7baea8 to remote] DEBUG org.apache.http.headers  - http-outgoing-88 << Content-Type: application/json; charset=UTF-8
29130 [Forwarding findElement on session b1310904-d161-49ca-a1a6-530fba7baea8 to remote] DEBUG org.apache.http.headers  - http-outgoing-88 << Vary: Accept-Charset, Accept-Encoding, Accept-Language, Accept
29130 [Forwarding findElement on session b1310904-d161-49ca-a1a6-530fba7baea8 to remote] DEBUG org.apache.http.headers  - http-outgoing-88 << Accept-Ranges: bytes
29130 [Forwarding findElement on session b1310904-d161-49ca-a1a6-530fba7baea8 to remote] DEBUG org.apache.http.headers  - http-outgoing-88 << Connection: close
29130 [Forwarding findElement on session b1310904-d161-49ca-a1a6-530fba7baea8 to remote] DEBUG org.apache.http.impl.conn.DefaultManagedHttpClientConnection  - http-outgoing-88: Shutdown connection
29130 [Forwarding findElement on session b1310904-d161-49ca-a1a6-530fba7baea8 to remote] DEBUG org.apache.http.impl.execchain.MainClientExec  - Connection discarded
29130 [Forwarding findElement on session b1310904-d161-49ca-a1a6-530fba7baea8 to remote] DEBUG org.apache.http.impl.conn.DefaultManagedHttpClientConnection  - http-outgoing-88: Close connection
29130 [Forwarding findElement on session b1310904-d161-49ca-a1a6-530fba7baea8 to remote] DEBUG org.apache.http.impl.conn.PoolingHttpClientConnectionManager  - Connection released: [id: 88][route: {}->http://localhost:37262][total kept alive: 0; route allocated: 0 of 2000; total allocated: 0 of 2000]
29630 [Forwarding findElement on session b1310904-d161-49ca-a1a6-530fba7baea8 to remote] DEBUG org.apache.http.client.protocol.RequestAddCookies  - CookieSpec selected: best-match
29630 [Forwarding findElement on session b1310904-d161-49ca-a1a6-530fba7baea8 to remote] DEBUG org.apache.http.client.protocol.RequestAuthCache  - Auth cache not set in the context
29630 [Forwarding findElement on session b1310904-d161-49ca-a1a6-530fba7baea8 to remote] DEBUG org.apache.http.impl.conn.PoolingHttpClientConnectionManager  - Connection request: [route: {}->http://localhost:37262][total kept alive: 0; route allocated: 0 of 2000; total allocated: 0 of 2000]
29630 [Forwarding findElement on session b1310904-d161-49ca-a1a6-530fba7baea8 to remote] DEBUG org.apache.http.impl.conn.PoolingHttpClientConnectionManager  - Connection leased: [id: 89][route: {}->http://localhost:37262][total kept alive: 0; route allocated: 1 of 2000; total allocated: 1 of 2000]
29630 [Forwarding findElement on session b1310904-d161-49ca-a1a6-530fba7baea8 to remote] DEBUG org.apache.http.impl.execchain.MainClientExec  - Opening connection {}->http://localhost:37262
29630 [Forwarding findElement on session b1310904-d161-49ca-a1a6-530fba7baea8 to remote] DEBUG org.apache.http.impl.conn.HttpClientConnectionOperator  - Connecting to localhost/127.0.0.1:37262
29630 [Forwarding findElement on session b1310904-d161-49ca-a1a6-530fba7baea8 to remote] DEBUG org.apache.http.impl.conn.HttpClientConnectionOperator  - Connection established 127.0.0.1:17305<->127.0.0.1:37262
29630 [Forwarding findElement on session b1310904-d161-49ca-a1a6-530fba7baea8 to remote] DEBUG org.apache.http.impl.execchain.MainClientExec  - Executing request POST /session/b1310904-d161-49ca-a1a6-530fba7baea8/element HTTP/1.1
29630 [Forwarding findElement on session b1310904-d161-49ca-a1a6-530fba7baea8 to remote] DEBUG org.apache.http.impl.execchain.MainClientExec  - Target auth state: UNCHALLENGED
29630 [Forwarding findElement on session b1310904-d161-49ca-a1a6-530fba7baea8 to remote] DEBUG org.apache.http.impl.execchain.MainClientExec  - Proxy auth state: UNCHALLENGED
29630 [Forwarding findElement on session b1310904-d161-49ca-a1a6-530fba7baea8 to remote] DEBUG org.apache.http.headers  - http-outgoing-89 >> POST /session/b1310904-d161-49ca-a1a6-530fba7baea8/element HTTP/1.1
29630 [Forwarding findElement on session b1310904-d161-49ca-a1a6-530fba7baea8 to remote] DEBUG org.apache.http.headers  - http-outgoing-89 >> Content-Type: application/json; charset=utf-8
29630 [Forwarding findElement on session b1310904-d161-49ca-a1a6-530fba7baea8 to remote] DEBUG org.apache.http.headers  - http-outgoing-89 >> Content-Length: 50
29630 [Forwarding findElement on session b1310904-d161-49ca-a1a6-530fba7baea8 to remote] DEBUG org.apache.http.headers  - http-outgoing-89 >> Host: localhost:37262
29630 [Forwarding findElement on session b1310904-d161-49ca-a1a6-530fba7baea8 to remote] DEBUG org.apache.http.headers  - http-outgoing-89 >> Connection: Keep-Alive
29630 [Forwarding findElement on session b1310904-d161-49ca-a1a6-530fba7baea8 to remote] DEBUG org.apache.http.headers  - http-outgoing-89 >> User-Agent: Apache-HttpClient/4.3.3 (java 1.5)
29630 [Forwarding findElement on session b1310904-d161-49ca-a1a6-530fba7baea8 to remote] DEBUG org.apache.http.headers  - http-outgoing-89 >> Accept-Encoding: gzip,deflate
29630 [Forwarding findElement on session b1310904-d161-49ca-a1a6-530fba7baea8 to remote] DEBUG org.apache.http.wire  - http-outgoing-89 >> "POST /session/b1310904-d161-49ca-a1a6-530fba7baea8/element HTTP/1.1[\r][\n]"
29630 [Forwarding findElement on session b1310904-d161-49ca-a1a6-530fba7baea8 to remote] DEBUG org.apache.http.wire  - http-outgoing-89 >> "Content-Type: application/json; charset=utf-8[\r][\n]"
29630 [Forwarding findElement on session b1310904-d161-49ca-a1a6-530fba7baea8 to remote] DEBUG org.apache.http.wire  - http-outgoing-89 >> "Content-Length: 50[\r][\n]"
29630 [Forwarding findElement on session b1310904-d161-49ca-a1a6-530fba7baea8 to remote] DEBUG org.apache.http.wire  - http-outgoing-89 >> "Host: localhost:37262[\r][\n]"
29630 [Forwarding findElement on session b1310904-d161-49ca-a1a6-530fba7baea8 to remote] DEBUG org.apache.http.wire  - http-outgoing-89 >> "Connection: Keep-Alive[\r][\n]"
29630 [Forwarding findElement on session b1310904-d161-49ca-a1a6-530fba7baea8 to remote] DEBUG org.apache.http.wire  - http-outgoing-89 >> "User-Agent: Apache-HttpClient/4.3.3 (java 1.5)[\r][\n]"
29630 [Forwarding findElement on session b1310904-d161-49ca-a1a6-530fba7baea8 to remote] DEBUG org.apache.http.wire  - http-outgoing-89 >> "Accept-Encoding: gzip,deflate[\r][\n]"
29630 [Forwarding findElement on session b1310904-d161-49ca-a1a6-530fba7baea8 to remote] DEBUG org.apache.http.wire  - http-outgoing-89 >> "[\r][\n]"
29630 [Forwarding findElement on session b1310904-d161-49ca-a1a6-530fba7baea8 to remote] DEBUG org.apache.http.wire  - http-outgoing-89 >> "{"using":"xpath","value":"//input[@name='Reset']"}"
29911 [Forwarding findElement on session b1310904-d161-49ca-a1a6-530fba7baea8 to remote] DEBUG org.apache.http.wire  - http-outgoing-89 << "HTTP/1.1 500 Internal Server Error[\r][\n]"
29911 [Forwarding findElement on session b1310904-d161-49ca-a1a6-530fba7baea8 to remote] DEBUG org.apache.http.wire  - http-outgoing-89 << "Content-Length: 146[\r][\n]"
29911 [Forwarding findElement on session b1310904-d161-49ca-a1a6-530fba7baea8 to remote] DEBUG org.apache.http.wire  - http-outgoing-89 << "Content-Type: application/json; charset=UTF-8[\r][\n]"
29911 [Forwarding findElement on session b1310904-d161-49ca-a1a6-530fba7baea8 to remote] DEBUG org.apache.http.wire  - http-outgoing-89 << "Vary: Accept-Charset, Accept-Encoding, Accept-Language, Accept[\r][\n]"
29911 [Forwarding findElement on session b1310904-d161-49ca-a1a6-530fba7baea8 to remote] DEBUG org.apache.http.wire  - http-outgoing-89 << "Accept-Ranges: bytes[\r][\n]"
29911 [Forwarding findElement on session b1310904-d161-49ca-a1a6-530fba7baea8 to remote] DEBUG org.apache.http.wire  - http-outgoing-89 << "Connection: close[\r][\n]"
29911 [Forwarding findElement on session b1310904-d161-49ca-a1a6-530fba7baea8 to remote] DEBUG org.apache.http.wire  - http-outgoing-89 << "[\r][\n]"
29911 [Forwarding findElement on session b1310904-d161-49ca-a1a6-530fba7baea8 to remote] DEBUG org.apache.http.wire  - http-outgoing-89 << "{"sessionId":"b1310904-d161-49ca-a1a6-530fba7baea8","status":7,"value":{"message":"Unable to find element with xpath == //input[@name='Reset']"}}[\n]"
29911 [Forwarding findElement on session b1310904-d161-49ca-a1a6-530fba7baea8 to remote] DEBUG org.apache.http.wire  - http-outgoing-89 << "[\r][\n]"
29911 [Forwarding findElement on session b1310904-d161-49ca-a1a6-530fba7baea8 to remote] DEBUG org.apache.http.headers  - http-outgoing-89 << HTTP/1.1 500 Internal Server Error
29911 [Forwarding findElement on session b1310904-d161-49ca-a1a6-530fba7baea8 to remote] DEBUG org.apache.http.headers  - http-outgoing-89 << Content-Length: 146
29911 [Forwarding findElement on session b1310904-d161-49ca-a1a6-530fba7baea8 to remote] DEBUG org.apache.http.headers  - http-outgoing-89 << Content-Type: application/json; charset=UTF-8
29911 [Forwarding findElement on session b1310904-d161-49ca-a1a6-530fba7baea8 to remote] DEBUG org.apache.http.headers  - http-outgoing-89 << Vary: Accept-Charset, Accept-Encoding, Accept-Language, Accept
29911 [Forwarding findElement on session b1310904-d161-49ca-a1a6-530fba7baea8 to remote] DEBUG org.apache.http.headers  - http-outgoing-89 << Accept-Ranges: bytes
29911 [Forwarding findElement on session b1310904-d161-49ca-a1a6-530fba7baea8 to remote] DEBUG org.apache.http.headers  - http-outgoing-89 << Connection: close
29911 [Forwarding findElement on session b1310904-d161-49ca-a1a6-530fba7baea8 to remote] DEBUG org.apache.http.impl.conn.DefaultManagedHttpClientConnection  - http-outgoing-89: Shutdown connection
29911 [Forwarding findElement on session b1310904-d161-49ca-a1a6-530fba7baea8 to remote] DEBUG org.apache.http.impl.execchain.MainClientExec  - Connection discarded
29911 [Forwarding findElement on session b1310904-d161-49ca-a1a6-530fba7baea8 to remote] DEBUG org.apache.http.impl.conn.DefaultManagedHttpClientConnection  - http-outgoing-89: Close connection
29911 [Forwarding findElement on session b1310904-d161-49ca-a1a6-530fba7baea8 to remote] DEBUG org.apache.http.impl.conn.PoolingHttpClientConnectionManager  - Connection released: [id: 89][route: {}->http://localhost:37262][total kept alive: 0; route allocated: 0 of 2000; total allocated: 0 of 2000]
30411 [Forwarding findElement on session b1310904-d161-49ca-a1a6-530fba7baea8 to remote] DEBUG org.apache.http.client.protocol.RequestAddCookies  - CookieSpec selected: best-match
30411 [Forwarding findElement on session b1310904-d161-49ca-a1a6-530fba7baea8 to remote] DEBUG org.apache.http.client.protocol.RequestAuthCache  - Auth cache not set in the context
30411 [Forwarding findElement on session b1310904-d161-49ca-a1a6-530fba7baea8 to remote] DEBUG org.apache.http.impl.conn.PoolingHttpClientConnectionManager  - Connection request: [route: {}->http://localhost:37262][total kept alive: 0; route allocated: 0 of 2000; total allocated: 0 of 2000]
30411 [Forwarding findElement on session b1310904-d161-49ca-a1a6-530fba7baea8 to remote] DEBUG org.apache.http.impl.conn.PoolingHttpClientConnectionManager  - Connection leased: [id: 90][route: {}->http://localhost:37262][total kept alive: 0; route allocated: 1 of 2000; total allocated: 1 of 2000]
30411 [Forwarding findElement on session b1310904-d161-49ca-a1a6-530fba7baea8 to remote] DEBUG org.apache.http.impl.execchain.MainClientExec  - Opening connection {}->http://localhost:37262
30411 [Forwarding findElement on session b1310904-d161-49ca-a1a6-530fba7baea8 to remote] DEBUG org.apache.http.impl.conn.HttpClientConnectionOperator  - Connecting to localhost/127.0.0.1:37262
30411 [Forwarding findElement on session b1310904-d161-49ca-a1a6-530fba7baea8 to remote] DEBUG org.apache.http.impl.conn.HttpClientConnectionOperator  - Connection established 127.0.0.1:17306<->127.0.0.1:37262
30411 [Forwarding findElement on session b1310904-d161-49ca-a1a6-530fba7baea8 to remote] DEBUG org.apache.http.impl.execchain.MainClientExec  - Executing request POST /session/b1310904-d161-49ca-a1a6-530fba7baea8/element HTTP/1.1
30411 [Forwarding findElement on session b1310904-d161-49ca-a1a6-530fba7baea8 to remote] DEBUG org.apache.http.impl.execchain.MainClientExec  - Target auth state: UNCHALLENGED
30411 [Forwarding findElement on session b1310904-d161-49ca-a1a6-530fba7baea8 to remote] DEBUG org.apache.http.impl.execchain.MainClientExec  - Proxy auth state: UNCHALLENGED
30411 [Forwarding findElement on session b1310904-d161-49ca-a1a6-530fba7baea8 to remote] DEBUG org.apache.http.headers  - http-outgoing-90 >> POST /session/b1310904-d161-49ca-a1a6-530fba7baea8/element HTTP/1.1
30411 [Forwarding findElement on session b1310904-d161-49ca-a1a6-530fba7baea8 to remote] DEBUG org.apache.http.headers  - http-outgoing-90 >> Content-Type: application/json; charset=utf-8
30411 [Forwarding findElement on session b1310904-d161-49ca-a1a6-530fba7baea8 to remote] DEBUG org.apache.http.headers  - http-outgoing-90 >> Content-Length: 50
30411 [Forwarding findElement on session b1310904-d161-49ca-a1a6-530fba7baea8 to remote] DEBUG org.apache.http.headers  - http-outgoing-90 >> Host: localhost:37262
30411 [Forwarding findElement on session b1310904-d161-49ca-a1a6-530fba7baea8 to remote] DEBUG org.apache.http.headers  - http-outgoing-90 >> Connection: Keep-Alive
30411 [Forwarding findElement on session b1310904-d161-49ca-a1a6-530fba7baea8 to remote] DEBUG org.apache.http.headers  - http-outgoing-90 >> User-Agent: Apache-HttpClient/4.3.3 (java 1.5)
30411 [Forwarding findElement on session b1310904-d161-49ca-a1a6-530fba7baea8 to remote] DEBUG org.apache.http.headers  - http-outgoing-90 >> Accept-Encoding: gzip,deflate
30411 [Forwarding findElement on session b1310904-d161-49ca-a1a6-530fba7baea8 to remote] DEBUG org.apache.http.wire  - http-outgoing-90 >> "POST /session/b1310904-d161-49ca-a1a6-530fba7baea8/element HTTP/1.1[\r][\n]"
30411 [Forwarding findElement on session b1310904-d161-49ca-a1a6-530fba7baea8 to remote] DEBUG org.apache.http.wire  - http-outgoing-90 >> "Content-Type: application/json; charset=utf-8[\r][\n]"
30411 [Forwarding findElement on session b1310904-d161-49ca-a1a6-530fba7baea8 to remote] DEBUG org.apache.http.wire  - http-outgoing-90 >> "Content-Length: 50[\r][\n]"
30411 [Forwarding findElement on session b1310904-d161-49ca-a1a6-530fba7baea8 to remote] DEBUG org.apache.http.wire  - http-outgoing-90 >> "Host: localhost:37262[\r][\n]"
30411 [Forwarding findElement on session b1310904-d161-49ca-a1a6-530fba7baea8 to remote] DEBUG org.apache.http.wire  - http-outgoing-90 >> "Connection: Keep-Alive[\r][\n]"
30411 [Forwarding findElement on session b1310904-d161-49ca-a1a6-530fba7baea8 to remote] DEBUG org.apache.http.wire  - http-outgoing-90 >> "User-Agent: Apache-HttpClient/4.3.3 (java 1.5)[\r][\n]"
30411 [Forwarding findElement on session b1310904-d161-49ca-a1a6-530fba7baea8 to remote] DEBUG org.apache.http.wire  - http-outgoing-90 >> "Accept-Encoding: gzip,deflate[\r][\n]"
30411 [Forwarding findElement on session b1310904-d161-49ca-a1a6-530fba7baea8 to remote] DEBUG org.apache.http.wire  - http-outgoing-90 >> "[\r][\n]"
30411 [Forwarding findElement on session b1310904-d161-49ca-a1a6-530fba7baea8 to remote] DEBUG org.apache.http.wire  - http-outgoing-90 >> "{"using":"xpath","value":"//input[@name='Reset']"}"
30681 [Forwarding findElement on session b1310904-d161-49ca-a1a6-530fba7baea8 to remote] DEBUG org.apache.http.wire  - http-outgoing-90 << "HTTP/1.1 500 Internal Server Error[\r][\n]"
30681 [Forwarding findElement on session b1310904-d161-49ca-a1a6-530fba7baea8 to remote] DEBUG org.apache.http.wire  - http-outgoing-90 << "Content-Length: 146[\r][\n]"
30681 [Forwarding findElement on session b1310904-d161-49ca-a1a6-530fba7baea8 to remote] DEBUG org.apache.http.wire  - http-outgoing-90 << "Content-Type: application/json; charset=UTF-8[\r][\n]"
30681 [Forwarding findElement on session b1310904-d161-49ca-a1a6-530fba7baea8 to remote] DEBUG org.apache.http.wire  - http-outgoing-90 << "Vary: Accept-Charset, Accept-Encoding, Accept-Language, Accept[\r][\n]"
30681 [Forwarding findElement on session b1310904-d161-49ca-a1a6-530fba7baea8 to remote] DEBUG org.apache.http.wire  - http-outgoing-90 << "Accept-Ranges: bytes[\r][\n]"
30681 [Forwarding findElement on session b1310904-d161-49ca-a1a6-530fba7baea8 to remote] DEBUG org.apache.http.wire  - http-outgoing-90 << "Connection: close[\r][\n]"
30681 [Forwarding findElement on session b1310904-d161-49ca-a1a6-530fba7baea8 to remote] DEBUG org.apache.http.wire  - http-outgoing-90 << "[\r][\n]"
30681 [Forwarding findElement on session b1310904-d161-49ca-a1a6-530fba7baea8 to remote] DEBUG org.apache.http.wire  - http-outgoing-90 << "{"sessionId":"b1310904-d161-49ca-a1a6-530fba7baea8","status":7,"value":{"message":"Unable to find element with xpath == //input[@name='Reset']"}}[\n]"
30681 [Forwarding findElement on session b1310904-d161-49ca-a1a6-530fba7baea8 to remote] DEBUG org.apache.http.wire  - http-outgoing-90 << "[\r][\n]"
30681 [Forwarding findElement on session b1310904-d161-49ca-a1a6-530fba7baea8 to remote] DEBUG org.apache.http.headers  - http-outgoing-90 << HTTP/1.1 500 Internal Server Error
30681 [Forwarding findElement on session b1310904-d161-49ca-a1a6-530fba7baea8 to remote] DEBUG org.apache.http.headers  - http-outgoing-90 << Content-Length: 146
30681 [Forwarding findElement on session b1310904-d161-49ca-a1a6-530fba7baea8 to remote] DEBUG org.apache.http.headers  - http-outgoing-90 << Content-Type: application/json; charset=UTF-8
30681 [Forwarding findElement on session b1310904-d161-49ca-a1a6-530fba7baea8 to remote] DEBUG org.apache.http.headers  - http-outgoing-90 << Vary: Accept-Charset, Accept-Encoding, Accept-Language, Accept
30681 [Forwarding findElement on session b1310904-d161-49ca-a1a6-530fba7baea8 to remote] DEBUG org.apache.http.headers  - http-outgoing-90 << Accept-Ranges: bytes
30681 [Forwarding findElement on session b1310904-d161-49ca-a1a6-530fba7baea8 to remote] DEBUG org.apache.http.headers  - http-outgoing-90 << Connection: close
30681 [Forwarding findElement on session b1310904-d161-49ca-a1a6-530fba7baea8 to remote] DEBUG org.apache.http.impl.conn.DefaultManagedHttpClientConnection  - http-outgoing-90: Shutdown connection
30681 [Forwarding findElement on session b1310904-d161-49ca-a1a6-530fba7baea8 to remote] DEBUG org.apache.http.impl.execchain.MainClientExec  - Connection discarded
30681 [Forwarding findElement on session b1310904-d161-49ca-a1a6-530fba7baea8 to remote] DEBUG org.apache.http.impl.conn.DefaultManagedHttpClientConnection  - http-outgoing-90: Close connection
30681 [Forwarding findElement on session b1310904-d161-49ca-a1a6-530fba7baea8 to remote] DEBUG org.apache.http.impl.conn.PoolingHttpClientConnectionManager  - Connection released: [id: 90][route: {}->http://localhost:37262][total kept alive: 0; route allocated: 0 of 2000; total allocated: 0 of 2000]
31182 [Forwarding findElement on session b1310904-d161-49ca-a1a6-530fba7baea8 to remote] DEBUG org.apache.http.client.protocol.RequestAddCookies  - CookieSpec selected: best-match
31182 [Forwarding findElement on session b1310904-d161-49ca-a1a6-530fba7baea8 to remote] DEBUG org.apache.http.client.protocol.RequestAuthCache  - Auth cache not set in the context
31182 [Forwarding findElement on session b1310904-d161-49ca-a1a6-530fba7baea8 to remote] DEBUG org.apache.http.impl.conn.PoolingHttpClientConnectionManager  - Connection request: [route: {}->http://localhost:37262][total kept alive: 0; route allocated: 0 of 2000; total allocated: 0 of 2000]
31182 [Forwarding findElement on session b1310904-d161-49ca-a1a6-530fba7baea8 to remote] DEBUG org.apache.http.impl.conn.PoolingHttpClientConnectionManager  - Connection leased: [id: 91][route: {}->http://localhost:37262][total kept alive: 0; route allocated: 1 of 2000; total allocated: 1 of 2000]
31182 [Forwarding findElement on session b1310904-d161-49ca-a1a6-530fba7baea8 to remote] DEBUG org.apache.http.impl.execchain.MainClientExec  - Opening connection {}->http://localhost:37262
31182 [Forwarding findElement on session b1310904-d161-49ca-a1a6-530fba7baea8 to remote] DEBUG org.apache.http.impl.conn.HttpClientConnectionOperator  - Connecting to localhost/127.0.0.1:37262
31182 [Forwarding findElement on session b1310904-d161-49ca-a1a6-530fba7baea8 to remote] DEBUG org.apache.http.impl.conn.HttpClientConnectionOperator  - Connection established 127.0.0.1:17307<->127.0.0.1:37262
31182 [Forwarding findElement on session b1310904-d161-49ca-a1a6-530fba7baea8 to remote] DEBUG org.apache.http.impl.execchain.MainClientExec  - Executing request POST /session/b1310904-d161-49ca-a1a6-530fba7baea8/element HTTP/1.1
31182 [Forwarding findElement on session b1310904-d161-49ca-a1a6-530fba7baea8 to remote] DEBUG org.apache.http.impl.execchain.MainClientExec  - Target auth state: UNCHALLENGED
31182 [Forwarding findElement on session b1310904-d161-49ca-a1a6-530fba7baea8 to remote] DEBUG org.apache.http.impl.execchain.MainClientExec  - Proxy auth state: UNCHALLENGED
31182 [Forwarding findElement on session b1310904-d161-49ca-a1a6-530fba7baea8 to remote] DEBUG org.apache.http.headers  - http-outgoing-91 >> POST /session/b1310904-d161-49ca-a1a6-530fba7baea8/element HTTP/1.1
31182 [Forwarding findElement on session b1310904-d161-49ca-a1a6-530fba7baea8 to remote] DEBUG org.apache.http.headers  - http-outgoing-91 >> Content-Type: application/json; charset=utf-8
31182 [Forwarding findElement on session b1310904-d161-49ca-a1a6-530fba7baea8 to remote] DEBUG org.apache.http.headers  - http-outgoing-91 >> Content-Length: 50
31182 [Forwarding findElement on session b1310904-d161-49ca-a1a6-530fba7baea8 to remote] DEBUG org.apache.http.headers  - http-outgoing-91 >> Host: localhost:37262
31182 [Forwarding findElement on session b1310904-d161-49ca-a1a6-530fba7baea8 to remote] DEBUG org.apache.http.headers  - http-outgoing-91 >> Connection: Keep-Alive
31182 [Forwarding findElement on session b1310904-d161-49ca-a1a6-530fba7baea8 to remote] DEBUG org.apache.http.headers  - http-outgoing-91 >> User-Agent: Apache-HttpClient/4.3.3 (java 1.5)
31182 [Forwarding findElement on session b1310904-d161-49ca-a1a6-530fba7baea8 to remote] DEBUG org.apache.http.headers  - http-outgoing-91 >> Accept-Encoding: gzip,deflate
31182 [Forwarding findElement on session b1310904-d161-49ca-a1a6-530fba7baea8 to remote] DEBUG org.apache.http.wire  - http-outgoing-91 >> "POST /session/b1310904-d161-49ca-a1a6-530fba7baea8/element HTTP/1.1[\r][\n]"
31182 [Forwarding findElement on session b1310904-d161-49ca-a1a6-530fba7baea8 to remote] DEBUG org.apache.http.wire  - http-outgoing-91 >> "Content-Type: application/json; charset=utf-8[\r][\n]"
31182 [Forwarding findElement on session b1310904-d161-49ca-a1a6-530fba7baea8 to remote] DEBUG org.apache.http.wire  - http-outgoing-91 >> "Content-Length: 50[\r][\n]"
31182 [Forwarding findElement on session b1310904-d161-49ca-a1a6-530fba7baea8 to remote] DEBUG org.apache.http.wire  - http-outgoing-91 >> "Host: localhost:37262[\r][\n]"
31182 [Forwarding findElement on session b1310904-d161-49ca-a1a6-530fba7baea8 to remote] DEBUG org.apache.http.wire  - http-outgoing-91 >> "Connection: Keep-Alive[\r][\n]"
31182 [Forwarding findElement on session b1310904-d161-49ca-a1a6-530fba7baea8 to remote] DEBUG org.apache.http.wire  - http-outgoing-91 >> "User-Agent: Apache-HttpClient/4.3.3 (java 1.5)[\r][\n]"
31182 [Forwarding findElement on session b1310904-d161-49ca-a1a6-530fba7baea8 to remote] DEBUG org.apache.http.wire  - http-outgoing-91 >> "Accept-Encoding: gzip,deflate[\r][\n]"
31182 [Forwarding findElement on session b1310904-d161-49ca-a1a6-530fba7baea8 to remote] DEBUG org.apache.http.wire  - http-outgoing-91 >> "[\r][\n]"
31182 [Forwarding findElement on session b1310904-d161-49ca-a1a6-530fba7baea8 to remote] DEBUG org.apache.http.wire  - http-outgoing-91 >> "{"using":"xpath","value":"//input[@name='Reset']"}"
31462 [Forwarding findElement on session b1310904-d161-49ca-a1a6-530fba7baea8 to remote] DEBUG org.apache.http.wire  - http-outgoing-91 << "HTTP/1.1 500 Internal Server Error[\r][\n]"
31462 [Forwarding findElement on session b1310904-d161-49ca-a1a6-530fba7baea8 to remote] DEBUG org.apache.http.wire  - http-outgoing-91 << "Content-Length: 146[\r][\n]"
31462 [Forwarding findElement on session b1310904-d161-49ca-a1a6-530fba7baea8 to remote] DEBUG org.apache.http.wire  - http-outgoing-91 << "Content-Type: application/json; charset=UTF-8[\r][\n]"
31462 [Forwarding findElement on session b1310904-d161-49ca-a1a6-530fba7baea8 to remote] DEBUG org.apache.http.wire  - http-outgoing-91 << "Vary: Accept-Charset, Accept-Encoding, Accept-Language, Accept[\r][\n]"
31462 [Forwarding findElement on session b1310904-d161-49ca-a1a6-530fba7baea8 to remote] DEBUG org.apache.http.wire  - http-outgoing-91 << "Accept-Ranges: bytes[\r][\n]"
31462 [Forwarding findElement on session b1310904-d161-49ca-a1a6-530fba7baea8 to remote] DEBUG org.apache.http.wire  - http-outgoing-91 << "Connection: close[\r][\n]"
31462 [Forwarding findElement on session b1310904-d161-49ca-a1a6-530fba7baea8 to remote] DEBUG org.apache.http.wire  - http-outgoing-91 << "[\r][\n]"
31462 [Forwarding findElement on session b1310904-d161-49ca-a1a6-530fba7baea8 to remote] DEBUG org.apache.http.wire  - http-outgoing-91 << "{"sessionId":"b1310904-d161-49ca-a1a6-530fba7baea8","status":7,"value":{"message":"Unable to find element with xpath == //input[@name='Reset']"}}[\n]"
31462 [Forwarding findElement on session b1310904-d161-49ca-a1a6-530fba7baea8 to remote] DEBUG org.apache.http.wire  - http-outgoing-91 << "[\r][\n]"
31462 [Forwarding findElement on session b1310904-d161-49ca-a1a6-530fba7baea8 to remote] DEBUG org.apache.http.headers  - http-outgoing-91 << HTTP/1.1 500 Internal Server Error
31462 [Forwarding findElement on session b1310904-d161-49ca-a1a6-530fba7baea8 to remote] DEBUG org.apache.http.headers  - http-outgoing-91 << Content-Length: 146
31462 [Forwarding findElement on session b1310904-d161-49ca-a1a6-530fba7baea8 to remote] DEBUG org.apache.http.headers  - http-outgoing-91 << Content-Type: application/json; charset=UTF-8
31462 [Forwarding findElement on session b1310904-d161-49ca-a1a6-530fba7baea8 to remote] DEBUG org.apache.http.headers  - http-outgoing-91 << Vary: Accept-Charset, Accept-Encoding, Accept-Language, Accept
31462 [Forwarding findElement on session b1310904-d161-49ca-a1a6-530fba7baea8 to remote] DEBUG org.apache.http.headers  - http-outgoing-91 << Accept-Ranges: bytes
31462 [Forwarding findElement on session b1310904-d161-49ca-a1a6-530fba7baea8 to remote] DEBUG org.apache.http.headers  - http-outgoing-91 << Connection: close
31462 [Forwarding findElement on session b1310904-d161-49ca-a1a6-530fba7baea8 to remote] DEBUG org.apache.http.impl.conn.DefaultManagedHttpClientConnection  - http-outgoing-91: Shutdown connection
31462 [Forwarding findElement on session b1310904-d161-49ca-a1a6-530fba7baea8 to remote] DEBUG org.apache.http.impl.execchain.MainClientExec  - Connection discarded
31462 [Forwarding findElement on session b1310904-d161-49ca-a1a6-530fba7baea8 to remote] DEBUG org.apache.http.impl.conn.DefaultManagedHttpClientConnection  - http-outgoing-91: Close connection
31462 [Forwarding findElement on session b1310904-d161-49ca-a1a6-530fba7baea8 to remote] DEBUG org.apache.http.impl.conn.PoolingHttpClientConnectionManager  - Connection released: [id: 91][route: {}->http://localhost:37262][total kept alive: 0; route allocated: 0 of 2000; total allocated: 0 of 2000]
31962 [Forwarding findElement on session b1310904-d161-49ca-a1a6-530fba7baea8 to remote] DEBUG org.apache.http.client.protocol.RequestAddCookies  - CookieSpec selected: best-match
31962 [Forwarding findElement on session b1310904-d161-49ca-a1a6-530fba7baea8 to remote] DEBUG org.apache.http.client.protocol.RequestAuthCache  - Auth cache not set in the context
31962 [Forwarding findElement on session b1310904-d161-49ca-a1a6-530fba7baea8 to remote] DEBUG org.apache.http.impl.conn.PoolingHttpClientConnectionManager  - Connection request: [route: {}->http://localhost:37262][total kept alive: 0; route allocated: 0 of 2000; total allocated: 0 of 2000]
31962 [Forwarding findElement on session b1310904-d161-49ca-a1a6-530fba7baea8 to remote] DEBUG org.apache.http.impl.conn.PoolingHttpClientConnectionManager  - Connection leased: [id: 92][route: {}->http://localhost:37262][total kept alive: 0; route allocated: 1 of 2000; total allocated: 1 of 2000]
31962 [Forwarding findElement on session b1310904-d161-49ca-a1a6-530fba7baea8 to remote] DEBUG org.apache.http.impl.execchain.MainClientExec  - Opening connection {}->http://localhost:37262
31962 [Forwarding findElement on session b1310904-d161-49ca-a1a6-530fba7baea8 to remote] DEBUG org.apache.http.impl.conn.HttpClientConnectionOperator  - Connecting to localhost/127.0.0.1:37262
31962 [Forwarding findElement on session b1310904-d161-49ca-a1a6-530fba7baea8 to remote] DEBUG org.apache.http.impl.conn.HttpClientConnectionOperator  - Connection established 127.0.0.1:17308<->127.0.0.1:37262
31962 [Forwarding findElement on session b1310904-d161-49ca-a1a6-530fba7baea8 to remote] DEBUG org.apache.http.impl.execchain.MainClientExec  - Executing request POST /session/b1310904-d161-49ca-a1a6-530fba7baea8/element HTTP/1.1
31962 [Forwarding findElement on session b1310904-d161-49ca-a1a6-530fba7baea8 to remote] DEBUG org.apache.http.impl.execchain.MainClientExec  - Target auth state: UNCHALLENGED
31962 [Forwarding findElement on session b1310904-d161-49ca-a1a6-530fba7baea8 to remote] DEBUG org.apache.http.impl.execchain.MainClientExec  - Proxy auth state: UNCHALLENGED
31962 [Forwarding findElement on session b1310904-d161-49ca-a1a6-530fba7baea8 to remote] DEBUG org.apache.http.headers  - http-outgoing-92 >> POST /session/b1310904-d161-49ca-a1a6-530fba7baea8/element HTTP/1.1
31962 [Forwarding findElement on session b1310904-d161-49ca-a1a6-530fba7baea8 to remote] DEBUG org.apache.http.headers  - http-outgoing-92 >> Content-Type: application/json; charset=utf-8
31962 [Forwarding findElement on session b1310904-d161-49ca-a1a6-530fba7baea8 to remote] DEBUG org.apache.http.headers  - http-outgoing-92 >> Content-Length: 50
31962 [Forwarding findElement on session b1310904-d161-49ca-a1a6-530fba7baea8 to remote] DEBUG org.apache.http.headers  - http-outgoing-92 >> Host: localhost:37262
31962 [Forwarding findElement on session b1310904-d161-49ca-a1a6-530fba7baea8 to remote] DEBUG org.apache.http.headers  - http-outgoing-92 >> Connection: Keep-Alive
31962 [Forwarding findElement on session b1310904-d161-49ca-a1a6-530fba7baea8 to remote] DEBUG org.apache.http.headers  - http-outgoing-92 >> User-Agent: Apache-HttpClient/4.3.3 (java 1.5)
31962 [Forwarding findElement on session b1310904-d161-49ca-a1a6-530fba7baea8 to remote] DEBUG org.apache.http.headers  - http-outgoing-92 >> Accept-Encoding: gzip,deflate
31962 [Forwarding findElement on session b1310904-d161-49ca-a1a6-530fba7baea8 to remote] DEBUG org.apache.http.wire  - http-outgoing-92 >> "POST /session/b1310904-d161-49ca-a1a6-530fba7baea8/element HTTP/1.1[\r][\n]"
31962 [Forwarding findElement on session b1310904-d161-49ca-a1a6-530fba7baea8 to remote] DEBUG org.apache.http.wire  - http-outgoing-92 >> "Content-Type: application/json; charset=utf-8[\r][\n]"
31962 [Forwarding findElement on session b1310904-d161-49ca-a1a6-530fba7baea8 to remote] DEBUG org.apache.http.wire  - http-outgoing-92 >> "Content-Length: 50[\r][\n]"
31962 [Forwarding findElement on session b1310904-d161-49ca-a1a6-530fba7baea8 to remote] DEBUG org.apache.http.wire  - http-outgoing-92 >> "Host: localhost:37262[\r][\n]"
31962 [Forwarding findElement on session b1310904-d161-49ca-a1a6-530fba7baea8 to remote] DEBUG org.apache.http.wire  - http-outgoing-92 >> "Connection: Keep-Alive[\r][\n]"
31962 [Forwarding findElement on session b1310904-d161-49ca-a1a6-530fba7baea8 to remote] DEBUG org.apache.http.wire  - http-outgoing-92 >> "User-Agent: Apache-HttpClient/4.3.3 (java 1.5)[\r][\n]"
31962 [Forwarding findElement on session b1310904-d161-49ca-a1a6-530fba7baea8 to remote] DEBUG org.apache.http.wire  - http-outgoing-92 >> "Accept-Encoding: gzip,deflate[\r][\n]"
31962 [Forwarding findElement on session b1310904-d161-49ca-a1a6-530fba7baea8 to remote] DEBUG org.apache.http.wire  - http-outgoing-92 >> "[\r][\n]"
31962 [Forwarding findElement on session b1310904-d161-49ca-a1a6-530fba7baea8 to remote] DEBUG org.apache.http.wire  - http-outgoing-92 >> "{"using":"xpath","value":"//input[@name='Reset']"}"
32233 [Forwarding findElement on session b1310904-d161-49ca-a1a6-530fba7baea8 to remote] DEBUG org.apache.http.wire  - http-outgoing-92 << "HTTP/1.1 500 Internal Server Error[\r][\n]"
32233 [Forwarding findElement on session b1310904-d161-49ca-a1a6-530fba7baea8 to remote] DEBUG org.apache.http.wire  - http-outgoing-92 << "Content-Length: 146[\r][\n]"
32233 [Forwarding findElement on session b1310904-d161-49ca-a1a6-530fba7baea8 to remote] DEBUG org.apache.http.wire  - http-outgoing-92 << "Content-Type: application/json; charset=UTF-8[\r][\n]"
32233 [Forwarding findElement on session b1310904-d161-49ca-a1a6-530fba7baea8 to remote] DEBUG org.apache.http.wire  - http-outgoing-92 << "Vary: Accept-Charset, Accept-Encoding, Accept-Language, Accept[\r][\n]"
32233 [Forwarding findElement on session b1310904-d161-49ca-a1a6-530fba7baea8 to remote] DEBUG org.apache.http.wire  - http-outgoing-92 << "Accept-Ranges: bytes[\r][\n]"
32233 [Forwarding findElement on session b1310904-d161-49ca-a1a6-530fba7baea8 to remote] DEBUG org.apache.http.wire  - http-outgoing-92 << "Connection: close[\r][\n]"
32233 [Forwarding findElement on session b1310904-d161-49ca-a1a6-530fba7baea8 to remote] DEBUG org.apache.http.wire  - http-outgoing-92 << "[\r][\n]"
32233 [Forwarding findElement on session b1310904-d161-49ca-a1a6-530fba7baea8 to remote] DEBUG org.apache.http.wire  - http-outgoing-92 << "{"sessionId":"b1310904-d161-49ca-a1a6-530fba7baea8","status":7,"value":{"message":"Unable to find element with xpath == //input[@name='Reset']"}}[\n]"
32233 [Forwarding findElement on session b1310904-d161-49ca-a1a6-530fba7baea8 to remote] DEBUG org.apache.http.wire  - http-outgoing-92 << "[\r][\n]"
32233 [Forwarding findElement on session b1310904-d161-49ca-a1a6-530fba7baea8 to remote] DEBUG org.apache.http.headers  - http-outgoing-92 << HTTP/1.1 500 Internal Server Error
32233 [Forwarding findElement on session b1310904-d161-49ca-a1a6-530fba7baea8 to remote] DEBUG org.apache.http.headers  - http-outgoing-92 << Content-Length: 146
32233 [Forwarding findElement on session b1310904-d161-49ca-a1a6-530fba7baea8 to remote] DEBUG org.apache.http.headers  - http-outgoing-92 << Content-Type: application/json; charset=UTF-8
32233 [Forwarding findElement on session b1310904-d161-49ca-a1a6-530fba7baea8 to remote] DEBUG org.apache.http.headers  - http-outgoing-92 << Vary: Accept-Charset, Accept-Encoding, Accept-Language, Accept
32233 [Forwarding findElement on session b1310904-d161-49ca-a1a6-530fba7baea8 to remote] DEBUG org.apache.http.headers  - http-outgoing-92 << Accept-Ranges: bytes
32233 [Forwarding findElement on session b1310904-d161-49ca-a1a6-530fba7baea8 to remote] DEBUG org.apache.http.headers  - http-outgoing-92 << Connection: close
32233 [Forwarding findElement on session b1310904-d161-49ca-a1a6-530fba7baea8 to remote] DEBUG org.apache.http.impl.conn.DefaultManagedHttpClientConnection  - http-outgoing-92: Shutdown connection
32233 [Forwarding findElement on session b1310904-d161-49ca-a1a6-530fba7baea8 to remote] DEBUG org.apache.http.impl.execchain.MainClientExec  - Connection discarded
32233 [Forwarding findElement on session b1310904-d161-49ca-a1a6-530fba7baea8 to remote] DEBUG org.apache.http.impl.conn.DefaultManagedHttpClientConnection  - http-outgoing-92: Close connection
32233 [Forwarding findElement on session b1310904-d161-49ca-a1a6-530fba7baea8 to remote] DEBUG org.apache.http.impl.conn.PoolingHttpClientConnectionManager  - Connection released: [id: 92][route: {}->http://localhost:37262][total kept alive: 0; route allocated: 0 of 2000; total allocated: 0 of 2000]
32733 [Forwarding findElement on session b1310904-d161-49ca-a1a6-530fba7baea8 to remote] DEBUG org.apache.http.client.protocol.RequestAddCookies  - CookieSpec selected: best-match
32733 [Forwarding findElement on session b1310904-d161-49ca-a1a6-530fba7baea8 to remote] DEBUG org.apache.http.client.protocol.RequestAuthCache  - Auth cache not set in the context
32733 [Forwarding findElement on session b1310904-d161-49ca-a1a6-530fba7baea8 to remote] DEBUG org.apache.http.impl.conn.PoolingHttpClientConnectionManager  - Connection request: [route: {}->http://localhost:37262][total kept alive: 0; route allocated: 0 of 2000; total allocated: 0 of 2000]
32733 [Forwarding findElement on session b1310904-d161-49ca-a1a6-530fba7baea8 to remote] DEBUG org.apache.http.impl.conn.PoolingHttpClientConnectionManager  - Connection leased: [id: 93][route: {}->http://localhost:37262][total kept alive: 0; route allocated: 1 of 2000; total allocated: 1 of 2000]
32733 [Forwarding findElement on session b1310904-d161-49ca-a1a6-530fba7baea8 to remote] DEBUG org.apache.http.impl.execchain.MainClientExec  - Opening connection {}->http://localhost:37262
32733 [Forwarding findElement on session b1310904-d161-49ca-a1a6-530fba7baea8 to remote] DEBUG org.apache.http.impl.conn.HttpClientConnectionOperator  - Connecting to localhost/127.0.0.1:37262
32733 [Forwarding findElement on session b1310904-d161-49ca-a1a6-530fba7baea8 to remote] DEBUG org.apache.http.impl.conn.HttpClientConnectionOperator  - Connection established 127.0.0.1:17309<->127.0.0.1:37262
32733 [Forwarding findElement on session b1310904-d161-49ca-a1a6-530fba7baea8 to remote] DEBUG org.apache.http.impl.execchain.MainClientExec  - Executing request POST /session/b1310904-d161-49ca-a1a6-530fba7baea8/element HTTP/1.1
32733 [Forwarding findElement on session b1310904-d161-49ca-a1a6-530fba7baea8 to remote] DEBUG org.apache.http.impl.execchain.MainClientExec  - Target auth state: UNCHALLENGED
32733 [Forwarding findElement on session b1310904-d161-49ca-a1a6-530fba7baea8 to remote] DEBUG org.apache.http.impl.execchain.MainClientExec  - Proxy auth state: UNCHALLENGED
32733 [Forwarding findElement on session b1310904-d161-49ca-a1a6-530fba7baea8 to remote] DEBUG org.apache.http.headers  - http-outgoing-93 >> POST /session/b1310904-d161-49ca-a1a6-530fba7baea8/element HTTP/1.1
32733 [Forwarding findElement on session b1310904-d161-49ca-a1a6-530fba7baea8 to remote] DEBUG org.apache.http.headers  - http-outgoing-93 >> Content-Type: application/json; charset=utf-8
32733 [Forwarding findElement on session b1310904-d161-49ca-a1a6-530fba7baea8 to remote] DEBUG org.apache.http.headers  - http-outgoing-93 >> Content-Length: 50
32733 [Forwarding findElement on session b1310904-d161-49ca-a1a6-530fba7baea8 to remote] DEBUG org.apache.http.headers  - http-outgoing-93 >> Host: localhost:37262
32733 [Forwarding findElement on session b1310904-d161-49ca-a1a6-530fba7baea8 to remote] DEBUG org.apache.http.headers  - http-outgoing-93 >> Connection: Keep-Alive
32733 [Forwarding findElement on session b1310904-d161-49ca-a1a6-530fba7baea8 to remote] DEBUG org.apache.http.headers  - http-outgoing-93 >> User-Agent: Apache-HttpClient/4.3.3 (java 1.5)
32733 [Forwarding findElement on session b1310904-d161-49ca-a1a6-530fba7baea8 to remote] DEBUG org.apache.http.headers  - http-outgoing-93 >> Accept-Encoding: gzip,deflate
32733 [Forwarding findElement on session b1310904-d161-49ca-a1a6-530fba7baea8 to remote] DEBUG org.apache.http.wire  - http-outgoing-93 >> "POST /session/b1310904-d161-49ca-a1a6-530fba7baea8/element HTTP/1.1[\r][\n]"
32733 [Forwarding findElement on session b1310904-d161-49ca-a1a6-530fba7baea8 to remote] DEBUG org.apache.http.wire  - http-outgoing-93 >> "Content-Type: application/json; charset=utf-8[\r][\n]"
32733 [Forwarding findElement on session b1310904-d161-49ca-a1a6-530fba7baea8 to remote] DEBUG org.apache.http.wire  - http-outgoing-93 >> "Content-Length: 50[\r][\n]"
32733 [Forwarding findElement on session b1310904-d161-49ca-a1a6-530fba7baea8 to remote] DEBUG org.apache.http.wire  - http-outgoing-93 >> "Host: localhost:37262[\r][\n]"
32733 [Forwarding findElement on session b1310904-d161-49ca-a1a6-530fba7baea8 to remote] DEBUG org.apache.http.wire  - http-outgoing-93 >> "Connection: Keep-Alive[\r][\n]"
32733 [Forwarding findElement on session b1310904-d161-49ca-a1a6-530fba7baea8 to remote] DEBUG org.apache.http.wire  - http-outgoing-93 >> "User-Agent: Apache-HttpClient/4.3.3 (java 1.5)[\r][\n]"
32733 [Forwarding findElement on session b1310904-d161-49ca-a1a6-530fba7baea8 to remote] DEBUG org.apache.http.wire  - http-outgoing-93 >> "Accept-Encoding: gzip,deflate[\r][\n]"
32733 [Forwarding findElement on session b1310904-d161-49ca-a1a6-530fba7baea8 to remote] DEBUG org.apache.http.wire  - http-outgoing-93 >> "[\r][\n]"
32733 [Forwarding findElement on session b1310904-d161-49ca-a1a6-530fba7baea8 to remote] DEBUG org.apache.http.wire  - http-outgoing-93 >> "{"using":"xpath","value":"//input[@name='Reset']"}"
33013 [Forwarding findElement on session b1310904-d161-49ca-a1a6-530fba7baea8 to remote] DEBUG org.apache.http.wire  - http-outgoing-93 << "HTTP/1.1 500 Internal Server Error[\r][\n]"
33013 [Forwarding findElement on session b1310904-d161-49ca-a1a6-530fba7baea8 to remote] DEBUG org.apache.http.wire  - http-outgoing-93 << "Content-Length: 146[\r][\n]"
33013 [Forwarding findElement on session b1310904-d161-49ca-a1a6-530fba7baea8 to remote] DEBUG org.apache.http.wire  - http-outgoing-93 << "Content-Type: application/json; charset=UTF-8[\r][\n]"
33013 [Forwarding findElement on session b1310904-d161-49ca-a1a6-530fba7baea8 to remote] DEBUG org.apache.http.wire  - http-outgoing-93 << "Vary: Accept-Charset, Accept-Encoding, Accept-Language, Accept[\r][\n]"
33013 [Forwarding findElement on session b1310904-d161-49ca-a1a6-530fba7baea8 to remote] DEBUG org.apache.http.wire  - http-outgoing-93 << "Accept-Ranges: bytes[\r][\n]"
33013 [Forwarding findElement on session b1310904-d161-49ca-a1a6-530fba7baea8 to remote] DEBUG org.apache.http.wire  - http-outgoing-93 << "Connection: close[\r][\n]"
33013 [Forwarding findElement on session b1310904-d161-49ca-a1a6-530fba7baea8 to remote] DEBUG org.apache.http.wire  - http-outgoing-93 << "[\r][\n]"
33013 [Forwarding findElement on session b1310904-d161-49ca-a1a6-530fba7baea8 to remote] DEBUG org.apache.http.wire  - http-outgoing-93 << "{"sessionId":"b1310904-d161-49ca-a1a6-530fba7baea8","status":7,"value":{"message":"Unable to find element with xpath == //input[@name='Reset']"}}[\n]"
33013 [Forwarding findElement on session b1310904-d161-49ca-a1a6-530fba7baea8 to remote] DEBUG org.apache.http.wire  - http-outgoing-93 << "[\r][\n]"
33013 [Forwarding findElement on session b1310904-d161-49ca-a1a6-530fba7baea8 to remote] DEBUG org.apache.http.headers  - http-outgoing-93 << HTTP/1.1 500 Internal Server Error
33013 [Forwarding findElement on session b1310904-d161-49ca-a1a6-530fba7baea8 to remote] DEBUG org.apache.http.headers  - http-outgoing-93 << Content-Length: 146
33013 [Forwarding findElement on session b1310904-d161-49ca-a1a6-530fba7baea8 to remote] DEBUG org.apache.http.headers  - http-outgoing-93 << Content-Type: application/json; charset=UTF-8
33013 [Forwarding findElement on session b1310904-d161-49ca-a1a6-530fba7baea8 to remote] DEBUG org.apache.http.headers  - http-outgoing-93 << Vary: Accept-Charset, Accept-Encoding, Accept-Language, Accept
33013 [Forwarding findElement on session b1310904-d161-49ca-a1a6-530fba7baea8 to remote] DEBUG org.apache.http.headers  - http-outgoing-93 << Accept-Ranges: bytes
33013 [Forwarding findElement on session b1310904-d161-49ca-a1a6-530fba7baea8 to remote] DEBUG org.apache.http.headers  - http-outgoing-93 << Connection: close
33013 [Forwarding findElement on session b1310904-d161-49ca-a1a6-530fba7baea8 to remote] DEBUG org.apache.http.impl.conn.DefaultManagedHttpClientConnection  - http-outgoing-93: Shutdown connection
33013 [Forwarding findElement on session b1310904-d161-49ca-a1a6-530fba7baea8 to remote] DEBUG org.apache.http.impl.execchain.MainClientExec  - Connection discarded
33013 [Forwarding findElement on session b1310904-d161-49ca-a1a6-530fba7baea8 to remote] DEBUG org.apache.http.impl.conn.DefaultManagedHttpClientConnection  - http-outgoing-93: Close connection
33013 [Forwarding findElement on session b1310904-d161-49ca-a1a6-530fba7baea8 to remote] DEBUG org.apache.http.impl.conn.PoolingHttpClientConnectionManager  - Connection released: [id: 93][route: {}->http://localhost:37262][total kept alive: 0; route allocated: 0 of 2000; total allocated: 0 of 2000]
33496 [Forwarding findElement on session b1310904-d161-49ca-a1a6-530fba7baea8 to remote] DEBUG org.apache.http.client.protocol.RequestAddCookies  - CookieSpec selected: best-match
33496 [Forwarding findElement on session b1310904-d161-49ca-a1a6-530fba7baea8 to remote] DEBUG org.apache.http.client.protocol.RequestAuthCache  - Auth cache not set in the context
33496 [Forwarding findElement on session b1310904-d161-49ca-a1a6-530fba7baea8 to remote] DEBUG org.apache.http.impl.conn.PoolingHttpClientConnectionManager  - Connection request: [route: {}->http://localhost:37262][total kept alive: 0; route allocated: 0 of 2000; total allocated: 0 of 2000]
33497 [Forwarding findElement on session b1310904-d161-49ca-a1a6-530fba7baea8 to remote] DEBUG org.apache.http.impl.conn.PoolingHttpClientConnectionManager  - Connection leased: [id: 94][route: {}->http://localhost:37262][total kept alive: 0; route allocated: 1 of 2000; total allocated: 1 of 2000]
33497 [Forwarding findElement on session b1310904-d161-49ca-a1a6-530fba7baea8 to remote] DEBUG org.apache.http.impl.execchain.MainClientExec  - Opening connection {}->http://localhost:37262
33497 [Forwarding findElement on session b1310904-d161-49ca-a1a6-530fba7baea8 to remote] DEBUG org.apache.http.impl.conn.HttpClientConnectionOperator  - Connecting to localhost/127.0.0.1:37262
33497 [Forwarding findElement on session b1310904-d161-49ca-a1a6-530fba7baea8 to remote] DEBUG org.apache.http.impl.conn.HttpClientConnectionOperator  - Connection established 127.0.0.1:17310<->127.0.0.1:37262
33497 [Forwarding findElement on session b1310904-d161-49ca-a1a6-530fba7baea8 to remote] DEBUG org.apache.http.impl.execchain.MainClientExec  - Executing request POST /session/b1310904-d161-49ca-a1a6-530fba7baea8/element HTTP/1.1
33497 [Forwarding findElement on session b1310904-d161-49ca-a1a6-530fba7baea8 to remote] DEBUG org.apache.http.impl.execchain.MainClientExec  - Target auth state: UNCHALLENGED
33497 [Forwarding findElement on session b1310904-d161-49ca-a1a6-530fba7baea8 to remote] DEBUG org.apache.http.impl.execchain.MainClientExec  - Proxy auth state: UNCHALLENGED
33498 [Forwarding findElement on session b1310904-d161-49ca-a1a6-530fba7baea8 to remote] DEBUG org.apache.http.headers  - http-outgoing-94 >> POST /session/b1310904-d161-49ca-a1a6-530fba7baea8/element HTTP/1.1
33498 [Forwarding findElement on session b1310904-d161-49ca-a1a6-530fba7baea8 to remote] DEBUG org.apache.http.headers  - http-outgoing-94 >> Content-Type: application/json; charset=utf-8
33498 [Forwarding findElement on session b1310904-d161-49ca-a1a6-530fba7baea8 to remote] DEBUG org.apache.http.headers  - http-outgoing-94 >> Content-Length: 50
33498 [Forwarding findElement on session b1310904-d161-49ca-a1a6-530fba7baea8 to remote] DEBUG org.apache.http.headers  - http-outgoing-94 >> Host: localhost:37262
33498 [Forwarding findElement on session b1310904-d161-49ca-a1a6-530fba7baea8 to remote] DEBUG org.apache.http.headers  - http-outgoing-94 >> Connection: Keep-Alive
33498 [Forwarding findElement on session b1310904-d161-49ca-a1a6-530fba7baea8 to remote] DEBUG org.apache.http.headers  - http-outgoing-94 >> User-Agent: Apache-HttpClient/4.3.3 (java 1.5)
33498 [Forwarding findElement on session b1310904-d161-49ca-a1a6-530fba7baea8 to remote] DEBUG org.apache.http.headers  - http-outgoing-94 >> Accept-Encoding: gzip,deflate
33498 [Forwarding findElement on session b1310904-d161-49ca-a1a6-530fba7baea8 to remote] DEBUG org.apache.http.wire  - http-outgoing-94 >> "POST /session/b1310904-d161-49ca-a1a6-530fba7baea8/element HTTP/1.1[\r][\n]"
33498 [Forwarding findElement on session b1310904-d161-49ca-a1a6-530fba7baea8 to remote] DEBUG org.apache.http.wire  - http-outgoing-94 >> "Content-Type: application/json; charset=utf-8[\r][\n]"
33498 [Forwarding findElement on session b1310904-d161-49ca-a1a6-530fba7baea8 to remote] DEBUG org.apache.http.wire  - http-outgoing-94 >> "Content-Length: 50[\r][\n]"
33498 [Forwarding findElement on session b1310904-d161-49ca-a1a6-530fba7baea8 to remote] DEBUG org.apache.http.wire  - http-outgoing-94 >> "Host: localhost:37262[\r][\n]"
33498 [Forwarding findElement on session b1310904-d161-49ca-a1a6-530fba7baea8 to remote] DEBUG org.apache.http.wire  - http-outgoing-94 >> "Connection: Keep-Alive[\r][\n]"
33498 [Forwarding findElement on session b1310904-d161-49ca-a1a6-530fba7baea8 to remote] DEBUG org.apache.http.wire  - http-outgoing-94 >> "User-Agent: Apache-HttpClient/4.3.3 (java 1.5)[\r][\n]"
33498 [Forwarding findElement on session b1310904-d161-49ca-a1a6-530fba7baea8 to remote] DEBUG org.apache.http.wire  - http-outgoing-94 >> "Accept-Encoding: gzip,deflate[\r][\n]"
33498 [Forwarding findElement on session b1310904-d161-49ca-a1a6-530fba7baea8 to remote] DEBUG org.apache.http.wire  - http-outgoing-94 >> "[\r][\n]"
33498 [Forwarding findElement on session b1310904-d161-49ca-a1a6-530fba7baea8 to remote] DEBUG org.apache.http.wire  - http-outgoing-94 >> "{"using":"xpath","value":"//input[@name='Reset']"}"
33788 [Forwarding findElement on session b1310904-d161-49ca-a1a6-530fba7baea8 to remote] DEBUG org.apache.http.wire  - http-outgoing-94 << "HTTP/1.1 500 Internal Server Error[\r][\n]"
33788 [Forwarding findElement on session b1310904-d161-49ca-a1a6-530fba7baea8 to remote] DEBUG org.apache.http.wire  - http-outgoing-94 << "Content-Length: 146[\r][\n]"
33788 [Forwarding findElement on session b1310904-d161-49ca-a1a6-530fba7baea8 to remote] DEBUG org.apache.http.wire  - http-outgoing-94 << "Content-Type: application/json; charset=UTF-8[\r][\n]"
33788 [Forwarding findElement on session b1310904-d161-49ca-a1a6-530fba7baea8 to remote] DEBUG org.apache.http.wire  - http-outgoing-94 << "Vary: Accept-Charset, Accept-Encoding, Accept-Language, Accept[\r][\n]"
33788 [Forwarding findElement on session b1310904-d161-49ca-a1a6-530fba7baea8 to remote] DEBUG org.apache.http.wire  - http-outgoing-94 << "Accept-Ranges: bytes[\r][\n]"
33788 [Forwarding findElement on session b1310904-d161-49ca-a1a6-530fba7baea8 to remote] DEBUG org.apache.http.wire  - http-outgoing-94 << "Connection: close[\r][\n]"
33788 [Forwarding findElement on session b1310904-d161-49ca-a1a6-530fba7baea8 to remote] DEBUG org.apache.http.wire  - http-outgoing-94 << "[\r][\n]"
33788 [Forwarding findElement on session b1310904-d161-49ca-a1a6-530fba7baea8 to remote] DEBUG org.apache.http.wire  - http-outgoing-94 << "{"sessionId":"b1310904-d161-49ca-a1a6-530fba7baea8","status":7,"value":{"message":"Unable to find element with xpath == //input[@name='Reset']"}}[\n]"
33788 [Forwarding findElement on session b1310904-d161-49ca-a1a6-530fba7baea8 to remote] DEBUG org.apache.http.wire  - http-outgoing-94 << "[\r][\n]"
33788 [Forwarding findElement on session b1310904-d161-49ca-a1a6-530fba7baea8 to remote] DEBUG org.apache.http.headers  - http-outgoing-94 << HTTP/1.1 500 Internal Server Error
33788 [Forwarding findElement on session b1310904-d161-49ca-a1a6-530fba7baea8 to remote] DEBUG org.apache.http.headers  - http-outgoing-94 << Content-Length: 146
33788 [Forwarding findElement on session b1310904-d161-49ca-a1a6-530fba7baea8 to remote] DEBUG org.apache.http.headers  - http-outgoing-94 << Content-Type: application/json; charset=UTF-8
33788 [Forwarding findElement on session b1310904-d161-49ca-a1a6-530fba7baea8 to remote] DEBUG org.apache.http.headers  - http-outgoing-94 << Vary: Accept-Charset, Accept-Encoding, Accept-Language, Accept
33788 [Forwarding findElement on session b1310904-d161-49ca-a1a6-530fba7baea8 to remote] DEBUG org.apache.http.headers  - http-outgoing-94 << Accept-Ranges: bytes
33788 [Forwarding findElement on session b1310904-d161-49ca-a1a6-530fba7baea8 to remote] DEBUG org.apache.http.headers  - http-outgoing-94 << Connection: close
33788 [Forwarding findElement on session b1310904-d161-49ca-a1a6-530fba7baea8 to remote] DEBUG org.apache.http.impl.conn.DefaultManagedHttpClientConnection  - http-outgoing-94: Shutdown connection
33788 [Forwarding findElement on session b1310904-d161-49ca-a1a6-530fba7baea8 to remote] DEBUG org.apache.http.impl.execchain.MainClientExec  - Connection discarded
33788 [Forwarding findElement on session b1310904-d161-49ca-a1a6-530fba7baea8 to remote] DEBUG org.apache.http.impl.conn.DefaultManagedHttpClientConnection  - http-outgoing-94: Close connection
33788 [Forwarding findElement on session b1310904-d161-49ca-a1a6-530fba7baea8 to remote] DEBUG org.apache.http.impl.conn.PoolingHttpClientConnectionManager  - Connection released: [id: 94][route: {}->http://localhost:37262][total kept alive: 0; route allocated: 0 of 2000; total allocated: 0 of 2000]
Timed out after 20 seconds waiting for presence of element located by: By.xpath: //input[@name='Reset']
Build info: version: '2.53.0', revision: '35ae25b1534ae328c771e0856c93e187490ca824', time: '2016-03-15 10:43:46'
System info: host: 'STI-D01-PRAKAS', ip: '192.168.94.75', os.name: 'Windows 7', os.arch: 'amd64', os.version: '6.1', java.version: '1.8.0_121'
Driver info: org.openqa.selenium.ie.InternetExplorerDriver
Capabilities [{browserAttachTimeout=0, ie.enableFullPageScreenshot=true, enablePersistentHover=true, ie.forceCreateProcessApi=false, ie.forceShellWindowsApi=false, pageLoadStrategy=normal, ignoreZoomSetting=false, ie.fileUploadDialogTimeout=3000, version=11, platform=WINDOWS, nativeEvents=true, ie.ensureCleanSession=true, elementScrollBehavior=0, ie.browserCommandLineSwitches=, requireWindowFocus=false, browserName=internet explorer, initialBrowserUrl=http://localhost:37262/, javascriptEnabled=true, ignoreProtectedModeSettings=false, enableElementCacheCleanup=true, unexpectedAlertBehaviour=dismiss}]
Session ID: b1310904-d161-49ca-a1a6-530fba7baea8
33788 [Forwarding getTitle on session b1310904-d161-49ca-a1a6-530fba7baea8 to remote] DEBUG org.apache.http.client.protocol.RequestAddCookies  - CookieSpec selected: best-match
33788 [Forwarding getTitle on session b1310904-d161-49ca-a1a6-530fba7baea8 to remote] DEBUG org.apache.http.client.protocol.RequestAuthCache  - Auth cache not set in the context
33788 [Forwarding getTitle on session b1310904-d161-49ca-a1a6-530fba7baea8 to remote] DEBUG org.apache.http.impl.conn.PoolingHttpClientConnectionManager  - Connection request: [route: {}->http://localhost:37262][total kept alive: 0; route allocated: 0 of 2000; total allocated: 0 of 2000]
33788 [Forwarding getTitle on session b1310904-d161-49ca-a1a6-530fba7baea8 to remote] DEBUG org.apache.http.impl.conn.PoolingHttpClientConnectionManager  - Connection leased: [id: 95][route: {}->http://localhost:37262][total kept alive: 0; route allocated: 1 of 2000; total allocated: 1 of 2000]
33788 [Forwarding getTitle on session b1310904-d161-49ca-a1a6-530fba7baea8 to remote] DEBUG org.apache.http.impl.execchain.MainClientExec  - Opening connection {}->http://localhost:37262
33788 [Forwarding getTitle on session b1310904-d161-49ca-a1a6-530fba7baea8 to remote] DEBUG org.apache.http.impl.conn.HttpClientConnectionOperator  - Connecting to localhost/127.0.0.1:37262
33788 [Forwarding getTitle on session b1310904-d161-49ca-a1a6-530fba7baea8 to remote] DEBUG org.apache.http.impl.conn.HttpClientConnectionOperator  - Connection established 127.0.0.1:17311<->127.0.0.1:37262
33788 [Forwarding getTitle on session b1310904-d161-49ca-a1a6-530fba7baea8 to remote] DEBUG org.apache.http.impl.execchain.MainClientExec  - Executing request GET /session/b1310904-d161-49ca-a1a6-530fba7baea8/title HTTP/1.1
33788 [Forwarding getTitle on session b1310904-d161-49ca-a1a6-530fba7baea8 to remote] DEBUG org.apache.http.impl.execchain.MainClientExec  - Target auth state: UNCHALLENGED
33788 [Forwarding getTitle on session b1310904-d161-49ca-a1a6-530fba7baea8 to remote] DEBUG org.apache.http.impl.execchain.MainClientExec  - Proxy auth state: UNCHALLENGED
33788 [Forwarding getTitle on session b1310904-d161-49ca-a1a6-530fba7baea8 to remote] DEBUG org.apache.http.headers  - http-outgoing-95 >> GET /session/b1310904-d161-49ca-a1a6-530fba7baea8/title HTTP/1.1
33788 [Forwarding getTitle on session b1310904-d161-49ca-a1a6-530fba7baea8 to remote] DEBUG org.apache.http.headers  - http-outgoing-95 >> Cache-Control: no-cache
33788 [Forwarding getTitle on session b1310904-d161-49ca-a1a6-530fba7baea8 to remote] DEBUG org.apache.http.headers  - http-outgoing-95 >> Host: localhost:37262
33788 [Forwarding getTitle on session b1310904-d161-49ca-a1a6-530fba7baea8 to remote] DEBUG org.apache.http.headers  - http-outgoing-95 >> Connection: Keep-Alive
33788 [Forwarding getTitle on session b1310904-d161-49ca-a1a6-530fba7baea8 to remote] DEBUG org.apache.http.headers  - http-outgoing-95 >> User-Agent: Apache-HttpClient/4.3.3 (java 1.5)
33788 [Forwarding getTitle on session b1310904-d161-49ca-a1a6-530fba7baea8 to remote] DEBUG org.apache.http.headers  - http-outgoing-95 >> Accept-Encoding: gzip,deflate
33788 [Forwarding getTitle on session b1310904-d161-49ca-a1a6-530fba7baea8 to remote] DEBUG org.apache.http.wire  - http-outgoing-95 >> "GET /session/b1310904-d161-49ca-a1a6-530fba7baea8/title HTTP/1.1[\r][\n]"
33788 [Forwarding getTitle on session b1310904-d161-49ca-a1a6-530fba7baea8 to remote] DEBUG org.apache.http.wire  - http-outgoing-95 >> "Cache-Control: no-cache[\r][\n]"
33788 [Forwarding getTitle on session b1310904-d161-49ca-a1a6-530fba7baea8 to remote] DEBUG org.apache.http.wire  - http-outgoing-95 >> "Host: localhost:37262[\r][\n]"
33788 [Forwarding getTitle on session b1310904-d161-49ca-a1a6-530fba7baea8 to remote] DEBUG org.apache.http.wire  - http-outgoing-95 >> "Connection: Keep-Alive[\r][\n]"
33788 [Forwarding getTitle on session b1310904-d161-49ca-a1a6-530fba7baea8 to remote] DEBUG org.apache.http.wire  - http-outgoing-95 >> "User-Agent: Apache-HttpClient/4.3.3 (java 1.5)[\r][\n]"
33788 [Forwarding getTitle on session b1310904-d161-49ca-a1a6-530fba7baea8 to remote] DEBUG org.apache.http.wire  - http-outgoing-95 >> "Accept-Encoding: gzip,deflate[\r][\n]"
33788 [Forwarding getTitle on session b1310904-d161-49ca-a1a6-530fba7baea8 to remote] DEBUG org.apache.http.wire  - http-outgoing-95 >> "[\r][\n]"
33808 [Forwarding getTitle on session b1310904-d161-49ca-a1a6-530fba7baea8 to remote] DEBUG org.apache.http.wire  - http-outgoing-95 << "HTTP/1.1 200 OK[\r][\n]"
33808 [Forwarding getTitle on session b1310904-d161-49ca-a1a6-530fba7baea8 to remote] DEBUG org.apache.http.wire  - http-outgoing-95 << "Content-Length: 113[\r][\n]"
33808 [Forwarding getTitle on session b1310904-d161-49ca-a1a6-530fba7baea8 to remote] DEBUG org.apache.http.wire  - http-outgoing-95 << "Content-Type: application/json; charset=UTF-8[\r][\n]"
33808 [Forwarding getTitle on session b1310904-d161-49ca-a1a6-530fba7baea8 to remote] DEBUG org.apache.http.wire  - http-outgoing-95 << "Vary: Accept-Charset, Accept-Encoding, Accept-Language, Accept[\r][\n]"
33808 [Forwarding getTitle on session b1310904-d161-49ca-a1a6-530fba7baea8 to remote] DEBUG org.apache.http.wire  - http-outgoing-95 << "Accept-Ranges: bytes[\r][\n]"
33808 [Forwarding getTitle on session b1310904-d161-49ca-a1a6-530fba7baea8 to remote] DEBUG org.apache.http.wire  - http-outgoing-95 << "Connection: close[\r][\n]"
33808 [Forwarding getTitle on session b1310904-d161-49ca-a1a6-530fba7baea8 to remote] DEBUG org.apache.http.wire  - http-outgoing-95 << "[\r][\n]"
33808 [Forwarding getTitle on session b1310904-d161-49ca-a1a6-530fba7baea8 to remote] DEBUG org.apache.http.wire  - http-outgoing-95 << "{"sessionId":"b1310904-d161-49ca-a1a6-530fba7baea8","status":0,"value":"AdactIn.com - Hotel Reservation System"}[\n]"
33808 [Forwarding getTitle on session b1310904-d161-49ca-a1a6-530fba7baea8 to remote] DEBUG org.apache.http.wire  - http-outgoing-95 << "[\r][\n]"
33808 [Forwarding getTitle on session b1310904-d161-49ca-a1a6-530fba7baea8 to remote] DEBUG org.apache.http.headers  - http-outgoing-95 << HTTP/1.1 200 OK
33808 [Forwarding getTitle on session b1310904-d161-49ca-a1a6-530fba7baea8 to remote] DEBUG org.apache.http.headers  - http-outgoing-95 << Content-Length: 113
33808 [Forwarding getTitle on session b1310904-d161-49ca-a1a6-530fba7baea8 to remote] DEBUG org.apache.http.headers  - http-outgoing-95 << Content-Type: application/json; charset=UTF-8
33808 [Forwarding getTitle on session b1310904-d161-49ca-a1a6-530fba7baea8 to remote] DEBUG org.apache.http.headers  - http-outgoing-95 << Vary: Accept-Charset, Accept-Encoding, Accept-Language, Accept
33808 [Forwarding getTitle on session b1310904-d161-49ca-a1a6-530fba7baea8 to remote] DEBUG org.apache.http.headers  - http-outgoing-95 << Accept-Ranges: bytes
33808 [Forwarding getTitle on session b1310904-d161-49ca-a1a6-530fba7baea8 to remote] DEBUG org.apache.http.headers  - http-outgoing-95 << Connection: close
33808 [Forwarding getTitle on session b1310904-d161-49ca-a1a6-530fba7baea8 to remote] DEBUG org.apache.http.impl.conn.DefaultManagedHttpClientConnection  - http-outgoing-95: Shutdown connection
33808 [Forwarding getTitle on session b1310904-d161-49ca-a1a6-530fba7baea8 to remote] DEBUG org.apache.http.impl.execchain.MainClientExec  - Connection discarded
33808 [Forwarding getTitle on session b1310904-d161-49ca-a1a6-530fba7baea8 to remote] DEBUG org.apache.http.impl.conn.DefaultManagedHttpClientConnection  - http-outgoing-95: Close connection
33808 [Forwarding getTitle on session b1310904-d161-49ca-a1a6-530fba7baea8 to remote] DEBUG org.apache.http.impl.conn.PoolingHttpClientConnectionManager  - Connection released: [id: 95][route: {}->http://localhost:37262][total kept alive: 0; route allocated: 0 of 2000; total allocated: 0 of 2000]
33808 [Forwarding getTitle on session b1310904-d161-49ca-a1a6-530fba7baea8 to remote] DEBUG org.apache.http.client.protocol.RequestAddCookies  - CookieSpec selected: best-match
33808 [Forwarding getTitle on session b1310904-d161-49ca-a1a6-530fba7baea8 to remote] DEBUG org.apache.http.client.protocol.RequestAuthCache  - Auth cache not set in the context
33808 [Forwarding getTitle on session b1310904-d161-49ca-a1a6-530fba7baea8 to remote] DEBUG org.apache.http.impl.conn.PoolingHttpClientConnectionManager  - Connection request: [route: {}->http://localhost:37262][total kept alive: 0; route allocated: 0 of 2000; total allocated: 0 of 2000]
33808 [Forwarding getTitle on session b1310904-d161-49ca-a1a6-530fba7baea8 to remote] DEBUG org.apache.http.impl.conn.PoolingHttpClientConnectionManager  - Connection leased: [id: 96][route: {}->http://localhost:37262][total kept alive: 0; route allocated: 1 of 2000; total allocated: 1 of 2000]
33808 [Forwarding getTitle on session b1310904-d161-49ca-a1a6-530fba7baea8 to remote] DEBUG org.apache.http.impl.execchain.MainClientExec  - Opening connection {}->http://localhost:37262
33808 [Forwarding getTitle on session b1310904-d161-49ca-a1a6-530fba7baea8 to remote] DEBUG org.apache.http.impl.conn.HttpClientConnectionOperator  - Connecting to localhost/127.0.0.1:37262
33808 [Forwarding getTitle on session b1310904-d161-49ca-a1a6-530fba7baea8 to remote] DEBUG org.apache.http.impl.conn.HttpClientConnectionOperator  - Connection established 127.0.0.1:17312<->127.0.0.1:37262
33808 [Forwarding getTitle on session b1310904-d161-49ca-a1a6-530fba7baea8 to remote] DEBUG org.apache.http.impl.execchain.MainClientExec  - Executing request GET /session/b1310904-d161-49ca-a1a6-530fba7baea8/title HTTP/1.1
33808 [Forwarding getTitle on session b1310904-d161-49ca-a1a6-530fba7baea8 to remote] DEBUG org.apache.http.impl.execchain.MainClientExec  - Target auth state: UNCHALLENGED
33808 [Forwarding getTitle on session b1310904-d161-49ca-a1a6-530fba7baea8 to remote] DEBUG org.apache.http.impl.execchain.MainClientExec  - Proxy auth state: UNCHALLENGED
33808 [Forwarding getTitle on session b1310904-d161-49ca-a1a6-530fba7baea8 to remote] DEBUG org.apache.http.headers  - http-outgoing-96 >> GET /session/b1310904-d161-49ca-a1a6-530fba7baea8/title HTTP/1.1
33808 [Forwarding getTitle on session b1310904-d161-49ca-a1a6-530fba7baea8 to remote] DEBUG org.apache.http.headers  - http-outgoing-96 >> Cache-Control: no-cache
33808 [Forwarding getTitle on session b1310904-d161-49ca-a1a6-530fba7baea8 to remote] DEBUG org.apache.http.headers  - http-outgoing-96 >> Host: localhost:37262
33808 [Forwarding getTitle on session b1310904-d161-49ca-a1a6-530fba7baea8 to remote] DEBUG org.apache.http.headers  - http-outgoing-96 >> Connection: Keep-Alive
33808 [Forwarding getTitle on session b1310904-d161-49ca-a1a6-530fba7baea8 to remote] DEBUG org.apache.http.headers  - http-outgoing-96 >> User-Agent: Apache-HttpClient/4.3.3 (java 1.5)
33808 [Forwarding getTitle on session b1310904-d161-49ca-a1a6-530fba7baea8 to remote] DEBUG org.apache.http.headers  - http-outgoing-96 >> Accept-Encoding: gzip,deflate
33808 [Forwarding getTitle on session b1310904-d161-49ca-a1a6-530fba7baea8 to remote] DEBUG org.apache.http.wire  - http-outgoing-96 >> "GET /session/b1310904-d161-49ca-a1a6-530fba7baea8/title HTTP/1.1[\r][\n]"
33808 [Forwarding getTitle on session b1310904-d161-49ca-a1a6-530fba7baea8 to remote] DEBUG org.apache.http.wire  - http-outgoing-96 >> "Cache-Control: no-cache[\r][\n]"
33808 [Forwarding getTitle on session b1310904-d161-49ca-a1a6-530fba7baea8 to remote] DEBUG org.apache.http.wire  - http-outgoing-96 >> "Host: localhost:37262[\r][\n]"
33808 [Forwarding getTitle on session b1310904-d161-49ca-a1a6-530fba7baea8 to remote] DEBUG org.apache.http.wire  - http-outgoing-96 >> "Connection: Keep-Alive[\r][\n]"
33808 [Forwarding getTitle on session b1310904-d161-49ca-a1a6-530fba7baea8 to remote] DEBUG org.apache.http.wire  - http-outgoing-96 >> "User-Agent: Apache-HttpClient/4.3.3 (java 1.5)[\r][\n]"
33808 [Forwarding getTitle on session b1310904-d161-49ca-a1a6-530fba7baea8 to remote] DEBUG org.apache.http.wire  - http-outgoing-96 >> "Accept-Encoding: gzip,deflate[\r][\n]"
33808 [Forwarding getTitle on session b1310904-d161-49ca-a1a6-530fba7baea8 to remote] DEBUG org.apache.http.wire  - http-outgoing-96 >> "[\r][\n]"
33818 [Forwarding getTitle on session b1310904-d161-49ca-a1a6-530fba7baea8 to remote] DEBUG org.apache.http.wire  - http-outgoing-96 << "HTTP/1.1 200 OK[\r][\n]"
33818 [Forwarding getTitle on session b1310904-d161-49ca-a1a6-530fba7baea8 to remote] DEBUG org.apache.http.wire  - http-outgoing-96 << "Content-Length: 113[\r][\n]"
33818 [Forwarding getTitle on session b1310904-d161-49ca-a1a6-530fba7baea8 to remote] DEBUG org.apache.http.wire  - http-outgoing-96 << "Content-Type: application/json; charset=UTF-8[\r][\n]"
33818 [Forwarding getTitle on session b1310904-d161-49ca-a1a6-530fba7baea8 to remote] DEBUG org.apache.http.wire  - http-outgoing-96 << "Vary: Accept-Charset, Accept-Encoding, Accept-Language, Accept[\r][\n]"
33818 [Forwarding getTitle on session b1310904-d161-49ca-a1a6-530fba7baea8 to remote] DEBUG org.apache.http.wire  - http-outgoing-96 << "Accept-Ranges: bytes[\r][\n]"
33818 [Forwarding getTitle on session b1310904-d161-49ca-a1a6-530fba7baea8 to remote] DEBUG org.apache.http.wire  - http-outgoing-96 << "Connection: close[\r][\n]"
33818 [Forwarding getTitle on session b1310904-d161-49ca-a1a6-530fba7baea8 to remote] DEBUG org.apache.http.wire  - http-outgoing-96 << "[\r][\n]"
33818 [Forwarding getTitle on session b1310904-d161-49ca-a1a6-530fba7baea8 to remote] DEBUG org.apache.http.wire  - http-outgoing-96 << "{"sessionId":"b1310904-d161-49ca-a1a6-530fba7baea8","status":0,"value":"AdactIn.com - Hotel Reservation System"}[\n]"
33818 [Forwarding getTitle on session b1310904-d161-49ca-a1a6-530fba7baea8 to remote] DEBUG org.apache.http.wire  - http-outgoing-96 << "[\r][\n]"
33818 [Forwarding getTitle on session b1310904-d161-49ca-a1a6-530fba7baea8 to remote] DEBUG org.apache.http.headers  - http-outgoing-96 << HTTP/1.1 200 OK
33818 [Forwarding getTitle on session b1310904-d161-49ca-a1a6-530fba7baea8 to remote] DEBUG org.apache.http.headers  - http-outgoing-96 << Content-Length: 113
33818 [Forwarding getTitle on session b1310904-d161-49ca-a1a6-530fba7baea8 to remote] DEBUG org.apache.http.headers  - http-outgoing-96 << Content-Type: application/json; charset=UTF-8
33818 [Forwarding getTitle on session b1310904-d161-49ca-a1a6-530fba7baea8 to remote] DEBUG org.apache.http.headers  - http-outgoing-96 << Vary: Accept-Charset, Accept-Encoding, Accept-Language, Accept
33818 [Forwarding getTitle on session b1310904-d161-49ca-a1a6-530fba7baea8 to remote] DEBUG org.apache.http.headers  - http-outgoing-96 << Accept-Ranges: bytes
33818 [Forwarding getTitle on session b1310904-d161-49ca-a1a6-530fba7baea8 to remote] DEBUG org.apache.http.headers  - http-outgoing-96 << Connection: close
33818 [Forwarding getTitle on session b1310904-d161-49ca-a1a6-530fba7baea8 to remote] DEBUG org.apache.http.impl.conn.DefaultManagedHttpClientConnection  - http-outgoing-96: Shutdown connection
33818 [Forwarding getTitle on session b1310904-d161-49ca-a1a6-530fba7baea8 to remote] DEBUG org.apache.http.impl.execchain.MainClientExec  - Connection discarded
33818 [Forwarding getTitle on session b1310904-d161-49ca-a1a6-530fba7baea8 to remote] DEBUG org.apache.http.impl.conn.DefaultManagedHttpClientConnection  - http-outgoing-96: Close connection
33818 [Forwarding getTitle on session b1310904-d161-49ca-a1a6-530fba7baea8 to remote] DEBUG org.apache.http.impl.conn.PoolingHttpClientConnectionManager  - Connection released: [id: 96][route: {}->http://localhost:37262][total kept alive: 0; route allocated: 0 of 2000; total allocated: 0 of 2000]
33818 [main] INFO  ./TestResults/2017_09_06_05_36_38_PM/LogFile.log  - The application is not in the expected page , current page: AdactIn.com - Hotel Reservation System Page.
33818 [Forwarding findElement on session b1310904-d161-49ca-a1a6-530fba7baea8 to remote] DEBUG org.apache.http.client.protocol.RequestAddCookies  - CookieSpec selected: best-match
33818 [Forwarding findElement on session b1310904-d161-49ca-a1a6-530fba7baea8 to remote] DEBUG org.apache.http.client.protocol.RequestAuthCache  - Auth cache not set in the context
33818 [Forwarding findElement on session b1310904-d161-49ca-a1a6-530fba7baea8 to remote] DEBUG org.apache.http.impl.conn.PoolingHttpClientConnectionManager  - Connection request: [route: {}->http://localhost:37262][total kept alive: 0; route allocated: 0 of 2000; total allocated: 0 of 2000]
33818 [Forwarding findElement on session b1310904-d161-49ca-a1a6-530fba7baea8 to remote] DEBUG org.apache.http.impl.conn.PoolingHttpClientConnectionManager  - Connection leased: [id: 97][route: {}->http://localhost:37262][total kept alive: 0; route allocated: 1 of 2000; total allocated: 1 of 2000]
33818 [Forwarding findElement on session b1310904-d161-49ca-a1a6-530fba7baea8 to remote] DEBUG org.apache.http.impl.execchain.MainClientExec  - Opening connection {}->http://localhost:37262
33818 [Forwarding findElement on session b1310904-d161-49ca-a1a6-530fba7baea8 to remote] DEBUG org.apache.http.impl.conn.HttpClientConnectionOperator  - Connecting to localhost/127.0.0.1:37262
33818 [Forwarding findElement on session b1310904-d161-49ca-a1a6-530fba7baea8 to remote] DEBUG org.apache.http.impl.conn.HttpClientConnectionOperator  - Connection established 127.0.0.1:17313<->127.0.0.1:37262
33818 [Forwarding findElement on session b1310904-d161-49ca-a1a6-530fba7baea8 to remote] DEBUG org.apache.http.impl.execchain.MainClientExec  - Executing request POST /session/b1310904-d161-49ca-a1a6-530fba7baea8/element HTTP/1.1
33818 [Forwarding findElement on session b1310904-d161-49ca-a1a6-530fba7baea8 to remote] DEBUG org.apache.http.impl.execchain.MainClientExec  - Target auth state: UNCHALLENGED
33818 [Forwarding findElement on session b1310904-d161-49ca-a1a6-530fba7baea8 to remote] DEBUG org.apache.http.impl.execchain.MainClientExec  - Proxy auth state: UNCHALLENGED
33818 [Forwarding findElement on session b1310904-d161-49ca-a1a6-530fba7baea8 to remote] DEBUG org.apache.http.headers  - http-outgoing-97 >> POST /session/b1310904-d161-49ca-a1a6-530fba7baea8/element HTTP/1.1
33818 [Forwarding findElement on session b1310904-d161-49ca-a1a6-530fba7baea8 to remote] DEBUG org.apache.http.headers  - http-outgoing-97 >> Content-Type: application/json; charset=utf-8
33818 [Forwarding findElement on session b1310904-d161-49ca-a1a6-530fba7baea8 to remote] DEBUG org.apache.http.headers  - http-outgoing-97 >> Content-Length: 50
33818 [Forwarding findElement on session b1310904-d161-49ca-a1a6-530fba7baea8 to remote] DEBUG org.apache.http.headers  - http-outgoing-97 >> Host: localhost:37262
33818 [Forwarding findElement on session b1310904-d161-49ca-a1a6-530fba7baea8 to remote] DEBUG org.apache.http.headers  - http-outgoing-97 >> Connection: Keep-Alive
33818 [Forwarding findElement on session b1310904-d161-49ca-a1a6-530fba7baea8 to remote] DEBUG org.apache.http.headers  - http-outgoing-97 >> User-Agent: Apache-HttpClient/4.3.3 (java 1.5)
33818 [Forwarding findElement on session b1310904-d161-49ca-a1a6-530fba7baea8 to remote] DEBUG org.apache.http.headers  - http-outgoing-97 >> Accept-Encoding: gzip,deflate
33818 [Forwarding findElement on session b1310904-d161-49ca-a1a6-530fba7baea8 to remote] DEBUG org.apache.http.wire  - http-outgoing-97 >> "POST /session/b1310904-d161-49ca-a1a6-530fba7baea8/element HTTP/1.1[\r][\n]"
33818 [Forwarding findElement on session b1310904-d161-49ca-a1a6-530fba7baea8 to remote] DEBUG org.apache.http.wire  - http-outgoing-97 >> "Content-Type: application/json; charset=utf-8[\r][\n]"
33818 [Forwarding findElement on session b1310904-d161-49ca-a1a6-530fba7baea8 to remote] DEBUG org.apache.http.wire  - http-outgoing-97 >> "Content-Length: 50[\r][\n]"
33818 [Forwarding findElement on session b1310904-d161-49ca-a1a6-530fba7baea8 to remote] DEBUG org.apache.http.wire  - http-outgoing-97 >> "Host: localhost:37262[\r][\n]"
33818 [Forwarding findElement on session b1310904-d161-49ca-a1a6-530fba7baea8 to remote] DEBUG org.apache.http.wire  - http-outgoing-97 >> "Connection: Keep-Alive[\r][\n]"
33818 [Forwarding findElement on session b1310904-d161-49ca-a1a6-530fba7baea8 to remote] DEBUG org.apache.http.wire  - http-outgoing-97 >> "User-Agent: Apache-HttpClient/4.3.3 (java 1.5)[\r][\n]"
33818 [Forwarding findElement on session b1310904-d161-49ca-a1a6-530fba7baea8 to remote] DEBUG org.apache.http.wire  - http-outgoing-97 >> "Accept-Encoding: gzip,deflate[\r][\n]"
33818 [Forwarding findElement on session b1310904-d161-49ca-a1a6-530fba7baea8 to remote] DEBUG org.apache.http.wire  - http-outgoing-97 >> "[\r][\n]"
33818 [Forwarding findElement on session b1310904-d161-49ca-a1a6-530fba7baea8 to remote] DEBUG org.apache.http.wire  - http-outgoing-97 >> "{"using":"xpath","value":"//input[@name='Reset']"}"
34098 [Forwarding findElement on session b1310904-d161-49ca-a1a6-530fba7baea8 to remote] DEBUG org.apache.http.wire  - http-outgoing-97 << "HTTP/1.1 500 Internal Server Error[\r][\n]"
34098 [Forwarding findElement on session b1310904-d161-49ca-a1a6-530fba7baea8 to remote] DEBUG org.apache.http.wire  - http-outgoing-97 << "Content-Length: 146[\r][\n]"
34098 [Forwarding findElement on session b1310904-d161-49ca-a1a6-530fba7baea8 to remote] DEBUG org.apache.http.wire  - http-outgoing-97 << "Content-Type: application/json; charset=UTF-8[\r][\n]"
34098 [Forwarding findElement on session b1310904-d161-49ca-a1a6-530fba7baea8 to remote] DEBUG org.apache.http.wire  - http-outgoing-97 << "Vary: Accept-Charset, Accept-Encoding, Accept-Language, Accept[\r][\n]"
34098 [Forwarding findElement on session b1310904-d161-49ca-a1a6-530fba7baea8 to remote] DEBUG org.apache.http.wire  - http-outgoing-97 << "Accept-Ranges: bytes[\r][\n]"
34098 [Forwarding findElement on session b1310904-d161-49ca-a1a6-530fba7baea8 to remote] DEBUG org.apache.http.wire  - http-outgoing-97 << "Connection: close[\r][\n]"
34098 [Forwarding findElement on session b1310904-d161-49ca-a1a6-530fba7baea8 to remote] DEBUG org.apache.http.wire  - http-outgoing-97 << "[\r][\n]"
34098 [Forwarding findElement on session b1310904-d161-49ca-a1a6-530fba7baea8 to remote] DEBUG org.apache.http.wire  - http-outgoing-97 << "{"sessionId":"b1310904-d161-49ca-a1a6-530fba7baea8","status":7,"value":{"message":"Unable to find element with xpath == //input[@name='Reset']"}}[\n]"
34098 [Forwarding findElement on session b1310904-d161-49ca-a1a6-530fba7baea8 to remote] DEBUG org.apache.http.wire  - http-outgoing-97 << "[\r][\n]"
34098 [Forwarding findElement on session b1310904-d161-49ca-a1a6-530fba7baea8 to remote] DEBUG org.apache.http.headers  - http-outgoing-97 << HTTP/1.1 500 Internal Server Error
34098 [Forwarding findElement on session b1310904-d161-49ca-a1a6-530fba7baea8 to remote] DEBUG org.apache.http.headers  - http-outgoing-97 << Content-Length: 146
34098 [Forwarding findElement on session b1310904-d161-49ca-a1a6-530fba7baea8 to remote] DEBUG org.apache.http.headers  - http-outgoing-97 << Content-Type: application/json; charset=UTF-8
34098 [Forwarding findElement on session b1310904-d161-49ca-a1a6-530fba7baea8 to remote] DEBUG org.apache.http.headers  - http-outgoing-97 << Vary: Accept-Charset, Accept-Encoding, Accept-Language, Accept
34098 [Forwarding findElement on session b1310904-d161-49ca-a1a6-530fba7baea8 to remote] DEBUG org.apache.http.headers  - http-outgoing-97 << Accept-Ranges: bytes
34098 [Forwarding findElement on session b1310904-d161-49ca-a1a6-530fba7baea8 to remote] DEBUG org.apache.http.headers  - http-outgoing-97 << Connection: close
34098 [Forwarding findElement on session b1310904-d161-49ca-a1a6-530fba7baea8 to remote] DEBUG org.apache.http.impl.conn.DefaultManagedHttpClientConnection  - http-outgoing-97: Shutdown connection
34098 [Forwarding findElement on session b1310904-d161-49ca-a1a6-530fba7baea8 to remote] DEBUG org.apache.http.impl.execchain.MainClientExec  - Connection discarded
34098 [Forwarding findElement on session b1310904-d161-49ca-a1a6-530fba7baea8 to remote] DEBUG org.apache.http.impl.conn.DefaultManagedHttpClientConnection  - http-outgoing-97: Close connection
34098 [Forwarding findElement on session b1310904-d161-49ca-a1a6-530fba7baea8 to remote] DEBUG org.apache.http.impl.conn.PoolingHttpClientConnectionManager  - Connection released: [id: 97][route: {}->http://localhost:37262][total kept alive: 0; route allocated: 0 of 2000; total allocated: 0 of 2000]
34599 [Forwarding findElement on session b1310904-d161-49ca-a1a6-530fba7baea8 to remote] DEBUG org.apache.http.client.protocol.RequestAddCookies  - CookieSpec selected: best-match
34599 [Forwarding findElement on session b1310904-d161-49ca-a1a6-530fba7baea8 to remote] DEBUG org.apache.http.client.protocol.RequestAuthCache  - Auth cache not set in the context
34599 [Forwarding findElement on session b1310904-d161-49ca-a1a6-530fba7baea8 to remote] DEBUG org.apache.http.impl.conn.PoolingHttpClientConnectionManager  - Connection request: [route: {}->http://localhost:37262][total kept alive: 0; route allocated: 0 of 2000; total allocated: 0 of 2000]
34599 [Forwarding findElement on session b1310904-d161-49ca-a1a6-530fba7baea8 to remote] DEBUG org.apache.http.impl.conn.PoolingHttpClientConnectionManager  - Connection leased: [id: 98][route: {}->http://localhost:37262][total kept alive: 0; route allocated: 1 of 2000; total allocated: 1 of 2000]
34599 [Forwarding findElement on session b1310904-d161-49ca-a1a6-530fba7baea8 to remote] DEBUG org.apache.http.impl.execchain.MainClientExec  - Opening connection {}->http://localhost:37262
34599 [Forwarding findElement on session b1310904-d161-49ca-a1a6-530fba7baea8 to remote] DEBUG org.apache.http.impl.conn.HttpClientConnectionOperator  - Connecting to localhost/127.0.0.1:37262
34599 [Forwarding findElement on session b1310904-d161-49ca-a1a6-530fba7baea8 to remote] DEBUG org.apache.http.impl.conn.HttpClientConnectionOperator  - Connection established 127.0.0.1:17314<->127.0.0.1:37262
34599 [Forwarding findElement on session b1310904-d161-49ca-a1a6-530fba7baea8 to remote] DEBUG org.apache.http.impl.execchain.MainClientExec  - Executing request POST /session/b1310904-d161-49ca-a1a6-530fba7baea8/element HTTP/1.1
34599 [Forwarding findElement on session b1310904-d161-49ca-a1a6-530fba7baea8 to remote] DEBUG org.apache.http.impl.execchain.MainClientExec  - Target auth state: UNCHALLENGED
34599 [Forwarding findElement on session b1310904-d161-49ca-a1a6-530fba7baea8 to remote] DEBUG org.apache.http.impl.execchain.MainClientExec  - Proxy auth state: UNCHALLENGED
34599 [Forwarding findElement on session b1310904-d161-49ca-a1a6-530fba7baea8 to remote] DEBUG org.apache.http.headers  - http-outgoing-98 >> POST /session/b1310904-d161-49ca-a1a6-530fba7baea8/element HTTP/1.1
34599 [Forwarding findElement on session b1310904-d161-49ca-a1a6-530fba7baea8 to remote] DEBUG org.apache.http.headers  - http-outgoing-98 >> Content-Type: application/json; charset=utf-8
34599 [Forwarding findElement on session b1310904-d161-49ca-a1a6-530fba7baea8 to remote] DEBUG org.apache.http.headers  - http-outgoing-98 >> Content-Length: 50
34599 [Forwarding findElement on session b1310904-d161-49ca-a1a6-530fba7baea8 to remote] DEBUG org.apache.http.headers  - http-outgoing-98 >> Host: localhost:37262
34599 [Forwarding findElement on session b1310904-d161-49ca-a1a6-530fba7baea8 to remote] DEBUG org.apache.http.headers  - http-outgoing-98 >> Connection: Keep-Alive
34599 [Forwarding findElement on session b1310904-d161-49ca-a1a6-530fba7baea8 to remote] DEBUG org.apache.http.headers  - http-outgoing-98 >> User-Agent: Apache-HttpClient/4.3.3 (java 1.5)
34599 [Forwarding findElement on session b1310904-d161-49ca-a1a6-530fba7baea8 to remote] DEBUG org.apache.http.headers  - http-outgoing-98 >> Accept-Encoding: gzip,deflate
34599 [Forwarding findElement on session b1310904-d161-49ca-a1a6-530fba7baea8 to remote] DEBUG org.apache.http.wire  - http-outgoing-98 >> "POST /session/b1310904-d161-49ca-a1a6-530fba7baea8/element HTTP/1.1[\r][\n]"
34599 [Forwarding findElement on session b1310904-d161-49ca-a1a6-530fba7baea8 to remote] DEBUG org.apache.http.wire  - http-outgoing-98 >> "Content-Type: application/json; charset=utf-8[\r][\n]"
34599 [Forwarding findElement on session b1310904-d161-49ca-a1a6-530fba7baea8 to remote] DEBUG org.apache.http.wire  - http-outgoing-98 >> "Content-Length: 50[\r][\n]"
34599 [Forwarding findElement on session b1310904-d161-49ca-a1a6-530fba7baea8 to remote] DEBUG org.apache.http.wire  - http-outgoing-98 >> "Host: localhost:37262[\r][\n]"
34599 [Forwarding findElement on session b1310904-d161-49ca-a1a6-530fba7baea8 to remote] DEBUG org.apache.http.wire  - http-outgoing-98 >> "Connection: Keep-Alive[\r][\n]"
34599 [Forwarding findElement on session b1310904-d161-49ca-a1a6-530fba7baea8 to remote] DEBUG org.apache.http.wire  - http-outgoing-98 >> "User-Agent: Apache-HttpClient/4.3.3 (java 1.5)[\r][\n]"
34599 [Forwarding findElement on session b1310904-d161-49ca-a1a6-530fba7baea8 to remote] DEBUG org.apache.http.wire  - http-outgoing-98 >> "Accept-Encoding: gzip,deflate[\r][\n]"
34599 [Forwarding findElement on session b1310904-d161-49ca-a1a6-530fba7baea8 to remote] DEBUG org.apache.http.wire  - http-outgoing-98 >> "[\r][\n]"
34599 [Forwarding findElement on session b1310904-d161-49ca-a1a6-530fba7baea8 to remote] DEBUG org.apache.http.wire  - http-outgoing-98 >> "{"using":"xpath","value":"//input[@name='Reset']"}"
34879 [Forwarding findElement on session b1310904-d161-49ca-a1a6-530fba7baea8 to remote] DEBUG org.apache.http.wire  - http-outgoing-98 << "HTTP/1.1 500 Internal Server Error[\r][\n]"
34879 [Forwarding findElement on session b1310904-d161-49ca-a1a6-530fba7baea8 to remote] DEBUG org.apache.http.wire  - http-outgoing-98 << "Content-Length: 146[\r][\n]"
34879 [Forwarding findElement on session b1310904-d161-49ca-a1a6-530fba7baea8 to remote] DEBUG org.apache.http.wire  - http-outgoing-98 << "Content-Type: application/json; charset=UTF-8[\r][\n]"
34879 [Forwarding findElement on session b1310904-d161-49ca-a1a6-530fba7baea8 to remote] DEBUG org.apache.http.wire  - http-outgoing-98 << "Vary: Accept-Charset, Accept-Encoding, Accept-Language, Accept[\r][\n]"
34879 [Forwarding findElement on session b1310904-d161-49ca-a1a6-530fba7baea8 to remote] DEBUG org.apache.http.wire  - http-outgoing-98 << "Accept-Ranges: bytes[\r][\n]"
34879 [Forwarding findElement on session b1310904-d161-49ca-a1a6-530fba7baea8 to remote] DEBUG org.apache.http.wire  - http-outgoing-98 << "Connection: close[\r][\n]"
34879 [Forwarding findElement on session b1310904-d161-49ca-a1a6-530fba7baea8 to remote] DEBUG org.apache.http.wire  - http-outgoing-98 << "[\r][\n]"
34879 [Forwarding findElement on session b1310904-d161-49ca-a1a6-530fba7baea8 to remote] DEBUG org.apache.http.wire  - http-outgoing-98 << "{"sessionId":"b1310904-d161-49ca-a1a6-530fba7baea8","status":7,"value":{"message":"Unable to find element with xpath == //input[@name='Reset']"}}[\n]"
34879 [Forwarding findElement on session b1310904-d161-49ca-a1a6-530fba7baea8 to remote] DEBUG org.apache.http.wire  - http-outgoing-98 << "[\r][\n]"
34879 [Forwarding findElement on session b1310904-d161-49ca-a1a6-530fba7baea8 to remote] DEBUG org.apache.http.headers  - http-outgoing-98 << HTTP/1.1 500 Internal Server Error
34879 [Forwarding findElement on session b1310904-d161-49ca-a1a6-530fba7baea8 to remote] DEBUG org.apache.http.headers  - http-outgoing-98 << Content-Length: 146
34879 [Forwarding findElement on session b1310904-d161-49ca-a1a6-530fba7baea8 to remote] DEBUG org.apache.http.headers  - http-outgoing-98 << Content-Type: application/json; charset=UTF-8
34879 [Forwarding findElement on session b1310904-d161-49ca-a1a6-530fba7baea8 to remote] DEBUG org.apache.http.headers  - http-outgoing-98 << Vary: Accept-Charset, Accept-Encoding, Accept-Language, Accept
34879 [Forwarding findElement on session b1310904-d161-49ca-a1a6-530fba7baea8 to remote] DEBUG org.apache.http.headers  - http-outgoing-98 << Accept-Ranges: bytes
34879 [Forwarding findElement on session b1310904-d161-49ca-a1a6-530fba7baea8 to remote] DEBUG org.apache.http.headers  - http-outgoing-98 << Connection: close
34879 [Forwarding findElement on session b1310904-d161-49ca-a1a6-530fba7baea8 to remote] DEBUG org.apache.http.impl.conn.DefaultManagedHttpClientConnection  - http-outgoing-98: Shutdown connection
34879 [Forwarding findElement on session b1310904-d161-49ca-a1a6-530fba7baea8 to remote] DEBUG org.apache.http.impl.execchain.MainClientExec  - Connection discarded
34879 [Forwarding findElement on session b1310904-d161-49ca-a1a6-530fba7baea8 to remote] DEBUG org.apache.http.impl.conn.DefaultManagedHttpClientConnection  - http-outgoing-98: Close connection
34879 [Forwarding findElement on session b1310904-d161-49ca-a1a6-530fba7baea8 to remote] DEBUG org.apache.http.impl.conn.PoolingHttpClientConnectionManager  - Connection released: [id: 98][route: {}->http://localhost:37262][total kept alive: 0; route allocated: 0 of 2000; total allocated: 0 of 2000]
35379 [Forwarding findElement on session b1310904-d161-49ca-a1a6-530fba7baea8 to remote] DEBUG org.apache.http.client.protocol.RequestAddCookies  - CookieSpec selected: best-match
35379 [Forwarding findElement on session b1310904-d161-49ca-a1a6-530fba7baea8 to remote] DEBUG org.apache.http.client.protocol.RequestAuthCache  - Auth cache not set in the context
35379 [Forwarding findElement on session b1310904-d161-49ca-a1a6-530fba7baea8 to remote] DEBUG org.apache.http.impl.conn.PoolingHttpClientConnectionManager  - Connection request: [route: {}->http://localhost:37262][total kept alive: 0; route allocated: 0 of 2000; total allocated: 0 of 2000]
35379 [Forwarding findElement on session b1310904-d161-49ca-a1a6-530fba7baea8 to remote] DEBUG org.apache.http.impl.conn.PoolingHttpClientConnectionManager  - Connection leased: [id: 99][route: {}->http://localhost:37262][total kept alive: 0; route allocated: 1 of 2000; total allocated: 1 of 2000]
35379 [Forwarding findElement on session b1310904-d161-49ca-a1a6-530fba7baea8 to remote] DEBUG org.apache.http.impl.execchain.MainClientExec  - Opening connection {}->http://localhost:37262
35379 [Forwarding findElement on session b1310904-d161-49ca-a1a6-530fba7baea8 to remote] DEBUG org.apache.http.impl.conn.HttpClientConnectionOperator  - Connecting to localhost/127.0.0.1:37262
35379 [Forwarding findElement on session b1310904-d161-49ca-a1a6-530fba7baea8 to remote] DEBUG org.apache.http.impl.conn.HttpClientConnectionOperator  - Connection established 127.0.0.1:17315<->127.0.0.1:37262
35379 [Forwarding findElement on session b1310904-d161-49ca-a1a6-530fba7baea8 to remote] DEBUG org.apache.http.impl.execchain.MainClientExec  - Executing request POST /session/b1310904-d161-49ca-a1a6-530fba7baea8/element HTTP/1.1
35379 [Forwarding findElement on session b1310904-d161-49ca-a1a6-530fba7baea8 to remote] DEBUG org.apache.http.impl.execchain.MainClientExec  - Target auth state: UNCHALLENGED
35379 [Forwarding findElement on session b1310904-d161-49ca-a1a6-530fba7baea8 to remote] DEBUG org.apache.http.impl.execchain.MainClientExec  - Proxy auth state: UNCHALLENGED
35379 [Forwarding findElement on session b1310904-d161-49ca-a1a6-530fba7baea8 to remote] DEBUG org.apache.http.headers  - http-outgoing-99 >> POST /session/b1310904-d161-49ca-a1a6-530fba7baea8/element HTTP/1.1
35379 [Forwarding findElement on session b1310904-d161-49ca-a1a6-530fba7baea8 to remote] DEBUG org.apache.http.headers  - http-outgoing-99 >> Content-Type: application/json; charset=utf-8
35379 [Forwarding findElement on session b1310904-d161-49ca-a1a6-530fba7baea8 to remote] DEBUG org.apache.http.headers  - http-outgoing-99 >> Content-Length: 50
35379 [Forwarding findElement on session b1310904-d161-49ca-a1a6-530fba7baea8 to remote] DEBUG org.apache.http.headers  - http-outgoing-99 >> Host: localhost:37262
35379 [Forwarding findElement on session b1310904-d161-49ca-a1a6-530fba7baea8 to remote] DEBUG org.apache.http.headers  - http-outgoing-99 >> Connection: Keep-Alive
35379 [Forwarding findElement on session b1310904-d161-49ca-a1a6-530fba7baea8 to remote] DEBUG org.apache.http.headers  - http-outgoing-99 >> User-Agent: Apache-HttpClient/4.3.3 (java 1.5)
35379 [Forwarding findElement on session b1310904-d161-49ca-a1a6-530fba7baea8 to remote] DEBUG org.apache.http.headers  - http-outgoing-99 >> Accept-Encoding: gzip,deflate
35379 [Forwarding findElement on session b1310904-d161-49ca-a1a6-530fba7baea8 to remote] DEBUG org.apache.http.wire  - http-outgoing-99 >> "POST /session/b1310904-d161-49ca-a1a6-530fba7baea8/element HTTP/1.1[\r][\n]"
35379 [Forwarding findElement on session b1310904-d161-49ca-a1a6-530fba7baea8 to remote] DEBUG org.apache.http.wire  - http-outgoing-99 >> "Content-Type: application/json; charset=utf-8[\r][\n]"
35379 [Forwarding findElement on session b1310904-d161-49ca-a1a6-530fba7baea8 to remote] DEBUG org.apache.http.wire  - http-outgoing-99 >> "Content-Length: 50[\r][\n]"
35379 [Forwarding findElement on session b1310904-d161-49ca-a1a6-530fba7baea8 to remote] DEBUG org.apache.http.wire  - http-outgoing-99 >> "Host: localhost:37262[\r][\n]"
35379 [Forwarding findElement on session b1310904-d161-49ca-a1a6-530fba7baea8 to remote] DEBUG org.apache.http.wire  - http-outgoing-99 >> "Connection: Keep-Alive[\r][\n]"
35379 [Forwarding findElement on session b1310904-d161-49ca-a1a6-530fba7baea8 to remote] DEBUG org.apache.http.wire  - http-outgoing-99 >> "User-Agent: Apache-HttpClient/4.3.3 (java 1.5)[\r][\n]"
35379 [Forwarding findElement on session b1310904-d161-49ca-a1a6-530fba7baea8 to remote] DEBUG org.apache.http.wire  - http-outgoing-99 >> "Accept-Encoding: gzip,deflate[\r][\n]"
35379 [Forwarding findElement on session b1310904-d161-49ca-a1a6-530fba7baea8 to remote] DEBUG org.apache.http.wire  - http-outgoing-99 >> "[\r][\n]"
35379 [Forwarding findElement on session b1310904-d161-49ca-a1a6-530fba7baea8 to remote] DEBUG org.apache.http.wire  - http-outgoing-99 >> "{"using":"xpath","value":"//input[@name='Reset']"}"
35650 [Forwarding findElement on session b1310904-d161-49ca-a1a6-530fba7baea8 to remote] DEBUG org.apache.http.wire  - http-outgoing-99 << "HTTP/1.1 500 Internal Server Error[\r][\n]"
35650 [Forwarding findElement on session b1310904-d161-49ca-a1a6-530fba7baea8 to remote] DEBUG org.apache.http.wire  - http-outgoing-99 << "Content-Length: 146[\r][\n]"
35650 [Forwarding findElement on session b1310904-d161-49ca-a1a6-530fba7baea8 to remote] DEBUG org.apache.http.wire  - http-outgoing-99 << "Content-Type: application/json; charset=UTF-8[\r][\n]"
35650 [Forwarding findElement on session b1310904-d161-49ca-a1a6-530fba7baea8 to remote] DEBUG org.apache.http.wire  - http-outgoing-99 << "Vary: Accept-Charset, Accept-Encoding, Accept-Language, Accept[\r][\n]"
35650 [Forwarding findElement on session b1310904-d161-49ca-a1a6-530fba7baea8 to remote] DEBUG org.apache.http.wire  - http-outgoing-99 << "Accept-Ranges: bytes[\r][\n]"
35650 [Forwarding findElement on session b1310904-d161-49ca-a1a6-530fba7baea8 to remote] DEBUG org.apache.http.wire  - http-outgoing-99 << "Connection: close[\r][\n]"
35650 [Forwarding findElement on session b1310904-d161-49ca-a1a6-530fba7baea8 to remote] DEBUG org.apache.http.wire  - http-outgoing-99 << "[\r][\n]"
35650 [Forwarding findElement on session b1310904-d161-49ca-a1a6-530fba7baea8 to remote] DEBUG org.apache.http.wire  - http-outgoing-99 << "{"sessionId":"b1310904-d161-49ca-a1a6-530fba7baea8","status":7,"value":{"message":"Unable to find element with xpath == //input[@name='Reset']"}}[\n]"
35650 [Forwarding findElement on session b1310904-d161-49ca-a1a6-530fba7baea8 to remote] DEBUG org.apache.http.wire  - http-outgoing-99 << "[\r][\n]"
35650 [Forwarding findElement on session b1310904-d161-49ca-a1a6-530fba7baea8 to remote] DEBUG org.apache.http.headers  - http-outgoing-99 << HTTP/1.1 500 Internal Server Error
35650 [Forwarding findElement on session b1310904-d161-49ca-a1a6-530fba7baea8 to remote] DEBUG org.apache.http.headers  - http-outgoing-99 << Content-Length: 146
35650 [Forwarding findElement on session b1310904-d161-49ca-a1a6-530fba7baea8 to remote] DEBUG org.apache.http.headers  - http-outgoing-99 << Content-Type: application/json; charset=UTF-8
35650 [Forwarding findElement on session b1310904-d161-49ca-a1a6-530fba7baea8 to remote] DEBUG org.apache.http.headers  - http-outgoing-99 << Vary: Accept-Charset, Accept-Encoding, Accept-Language, Accept
35650 [Forwarding findElement on session b1310904-d161-49ca-a1a6-530fba7baea8 to remote] DEBUG org.apache.http.headers  - http-outgoing-99 << Accept-Ranges: bytes
35650 [Forwarding findElement on session b1310904-d161-49ca-a1a6-530fba7baea8 to remote] DEBUG org.apache.http.headers  - http-outgoing-99 << Connection: close
35650 [Forwarding findElement on session b1310904-d161-49ca-a1a6-530fba7baea8 to remote] DEBUG org.apache.http.impl.conn.DefaultManagedHttpClientConnection  - http-outgoing-99: Shutdown connection
35650 [Forwarding findElement on session b1310904-d161-49ca-a1a6-530fba7baea8 to remote] DEBUG org.apache.http.impl.execchain.MainClientExec  - Connection discarded
35650 [Forwarding findElement on session b1310904-d161-49ca-a1a6-530fba7baea8 to remote] DEBUG org.apache.http.impl.conn.DefaultManagedHttpClientConnection  - http-outgoing-99: Close connection
35650 [Forwarding findElement on session b1310904-d161-49ca-a1a6-530fba7baea8 to remote] DEBUG org.apache.http.impl.conn.PoolingHttpClientConnectionManager  - Connection released: [id: 99][route: {}->http://localhost:37262][total kept alive: 0; route allocated: 0 of 2000; total allocated: 0 of 2000]
36150 [Forwarding findElement on session b1310904-d161-49ca-a1a6-530fba7baea8 to remote] DEBUG org.apache.http.client.protocol.RequestAddCookies  - CookieSpec selected: best-match
36150 [Forwarding findElement on session b1310904-d161-49ca-a1a6-530fba7baea8 to remote] DEBUG org.apache.http.client.protocol.RequestAuthCache  - Auth cache not set in the context
36150 [Forwarding findElement on session b1310904-d161-49ca-a1a6-530fba7baea8 to remote] DEBUG org.apache.http.impl.conn.PoolingHttpClientConnectionManager  - Connection request: [route: {}->http://localhost:37262][total kept alive: 0; route allocated: 0 of 2000; total allocated: 0 of 2000]
36150 [Forwarding findElement on session b1310904-d161-49ca-a1a6-530fba7baea8 to remote] DEBUG org.apache.http.impl.conn.PoolingHttpClientConnectionManager  - Connection leased: [id: 100][route: {}->http://localhost:37262][total kept alive: 0; route allocated: 1 of 2000; total allocated: 1 of 2000]
36150 [Forwarding findElement on session b1310904-d161-49ca-a1a6-530fba7baea8 to remote] DEBUG org.apache.http.impl.execchain.MainClientExec  - Opening connection {}->http://localhost:37262
36150 [Forwarding findElement on session b1310904-d161-49ca-a1a6-530fba7baea8 to remote] DEBUG org.apache.http.impl.conn.HttpClientConnectionOperator  - Connecting to localhost/127.0.0.1:37262
36150 [Forwarding findElement on session b1310904-d161-49ca-a1a6-530fba7baea8 to remote] DEBUG org.apache.http.impl.conn.HttpClientConnectionOperator  - Connection established 127.0.0.1:17316<->127.0.0.1:37262
36150 [Forwarding findElement on session b1310904-d161-49ca-a1a6-530fba7baea8 to remote] DEBUG org.apache.http.impl.execchain.MainClientExec  - Executing request POST /session/b1310904-d161-49ca-a1a6-530fba7baea8/element HTTP/1.1
36150 [Forwarding findElement on session b1310904-d161-49ca-a1a6-530fba7baea8 to remote] DEBUG org.apache.http.impl.execchain.MainClientExec  - Target auth state: UNCHALLENGED
36150 [Forwarding findElement on session b1310904-d161-49ca-a1a6-530fba7baea8 to remote] DEBUG org.apache.http.impl.execchain.MainClientExec  - Proxy auth state: UNCHALLENGED
36150 [Forwarding findElement on session b1310904-d161-49ca-a1a6-530fba7baea8 to remote] DEBUG org.apache.http.headers  - http-outgoing-100 >> POST /session/b1310904-d161-49ca-a1a6-530fba7baea8/element HTTP/1.1
36150 [Forwarding findElement on session b1310904-d161-49ca-a1a6-530fba7baea8 to remote] DEBUG org.apache.http.headers  - http-outgoing-100 >> Content-Type: application/json; charset=utf-8
36150 [Forwarding findElement on session b1310904-d161-49ca-a1a6-530fba7baea8 to remote] DEBUG org.apache.http.headers  - http-outgoing-100 >> Content-Length: 50
36150 [Forwarding findElement on session b1310904-d161-49ca-a1a6-530fba7baea8 to remote] DEBUG org.apache.http.headers  - http-outgoing-100 >> Host: localhost:37262
36150 [Forwarding findElement on session b1310904-d161-49ca-a1a6-530fba7baea8 to remote] DEBUG org.apache.http.headers  - http-outgoing-100 >> Connection: Keep-Alive
36150 [Forwarding findElement on session b1310904-d161-49ca-a1a6-530fba7baea8 to remote] DEBUG org.apache.http.headers  - http-outgoing-100 >> User-Agent: Apache-HttpClient/4.3.3 (java 1.5)
36150 [Forwarding findElement on session b1310904-d161-49ca-a1a6-530fba7baea8 to remote] DEBUG org.apache.http.headers  - http-outgoing-100 >> Accept-Encoding: gzip,deflate
36150 [Forwarding findElement on session b1310904-d161-49ca-a1a6-530fba7baea8 to remote] DEBUG org.apache.http.wire  - http-outgoing-100 >> "POST /session/b1310904-d161-49ca-a1a6-530fba7baea8/element HTTP/1.1[\r][\n]"
36150 [Forwarding findElement on session b1310904-d161-49ca-a1a6-530fba7baea8 to remote] DEBUG org.apache.http.wire  - http-outgoing-100 >> "Content-Type: application/json; charset=utf-8[\r][\n]"
36150 [Forwarding findElement on session b1310904-d161-49ca-a1a6-530fba7baea8 to remote] DEBUG org.apache.http.wire  - http-outgoing-100 >> "Content-Length: 50[\r][\n]"
36150 [Forwarding findElement on session b1310904-d161-49ca-a1a6-530fba7baea8 to remote] DEBUG org.apache.http.wire  - http-outgoing-100 >> "Host: localhost:37262[\r][\n]"
36150 [Forwarding findElement on session b1310904-d161-49ca-a1a6-530fba7baea8 to remote] DEBUG org.apache.http.wire  - http-outgoing-100 >> "Connection: Keep-Alive[\r][\n]"
36150 [Forwarding findElement on session b1310904-d161-49ca-a1a6-530fba7baea8 to remote] DEBUG org.apache.http.wire  - http-outgoing-100 >> "User-Agent: Apache-HttpClient/4.3.3 (java 1.5)[\r][\n]"
36150 [Forwarding findElement on session b1310904-d161-49ca-a1a6-530fba7baea8 to remote] DEBUG org.apache.http.wire  - http-outgoing-100 >> "Accept-Encoding: gzip,deflate[\r][\n]"
36150 [Forwarding findElement on session b1310904-d161-49ca-a1a6-530fba7baea8 to remote] DEBUG org.apache.http.wire  - http-outgoing-100 >> "[\r][\n]"
36150 [Forwarding findElement on session b1310904-d161-49ca-a1a6-530fba7baea8 to remote] DEBUG org.apache.http.wire  - http-outgoing-100 >> "{"using":"xpath","value":"//input[@name='Reset']"}"
36430 [Forwarding findElement on session b1310904-d161-49ca-a1a6-530fba7baea8 to remote] DEBUG org.apache.http.wire  - http-outgoing-100 << "HTTP/1.1 500 Internal Server Error[\r][\n]"
36430 [Forwarding findElement on session b1310904-d161-49ca-a1a6-530fba7baea8 to remote] DEBUG org.apache.http.wire  - http-outgoing-100 << "Content-Length: 146[\r][\n]"
36430 [Forwarding findElement on session b1310904-d161-49ca-a1a6-530fba7baea8 to remote] DEBUG org.apache.http.wire  - http-outgoing-100 << "Content-Type: application/json; charset=UTF-8[\r][\n]"
36430 [Forwarding findElement on session b1310904-d161-49ca-a1a6-530fba7baea8 to remote] DEBUG org.apache.http.wire  - http-outgoing-100 << "Vary: Accept-Charset, Accept-Encoding, Accept-Language, Accept[\r][\n]"
36430 [Forwarding findElement on session b1310904-d161-49ca-a1a6-530fba7baea8 to remote] DEBUG org.apache.http.wire  - http-outgoing-100 << "Accept-Ranges: bytes[\r][\n]"
36430 [Forwarding findElement on session b1310904-d161-49ca-a1a6-530fba7baea8 to remote] DEBUG org.apache.http.wire  - http-outgoing-100 << "Connection: close[\r][\n]"
36430 [Forwarding findElement on session b1310904-d161-49ca-a1a6-530fba7baea8 to remote] DEBUG org.apache.http.wire  - http-outgoing-100 << "[\r][\n]"
36430 [Forwarding findElement on session b1310904-d161-49ca-a1a6-530fba7baea8 to remote] DEBUG org.apache.http.wire  - http-outgoing-100 << "{"sessionId":"b1310904-d161-49ca-a1a6-530fba7baea8","status":7,"value":{"message":"Unable to find element with xpath == //input[@name='Reset']"}}[\n]"
36430 [Forwarding findElement on session b1310904-d161-49ca-a1a6-530fba7baea8 to remote] DEBUG org.apache.http.wire  - http-outgoing-100 << "[\r][\n]"
36430 [Forwarding findElement on session b1310904-d161-49ca-a1a6-530fba7baea8 to remote] DEBUG org.apache.http.headers  - http-outgoing-100 << HTTP/1.1 500 Internal Server Error
36430 [Forwarding findElement on session b1310904-d161-49ca-a1a6-530fba7baea8 to remote] DEBUG org.apache.http.headers  - http-outgoing-100 << Content-Length: 146
36430 [Forwarding findElement on session b1310904-d161-49ca-a1a6-530fba7baea8 to remote] DEBUG org.apache.http.headers  - http-outgoing-100 << Content-Type: application/json; charset=UTF-8
36430 [Forwarding findElement on session b1310904-d161-49ca-a1a6-530fba7baea8 to remote] DEBUG org.apache.http.headers  - http-outgoing-100 << Vary: Accept-Charset, Accept-Encoding, Accept-Language, Accept
36430 [Forwarding findElement on session b1310904-d161-49ca-a1a6-530fba7baea8 to remote] DEBUG org.apache.http.headers  - http-outgoing-100 << Accept-Ranges: bytes
36430 [Forwarding findElement on session b1310904-d161-49ca-a1a6-530fba7baea8 to remote] DEBUG org.apache.http.headers  - http-outgoing-100 << Connection: close
36430 [Forwarding findElement on session b1310904-d161-49ca-a1a6-530fba7baea8 to remote] DEBUG org.apache.http.impl.conn.DefaultManagedHttpClientConnection  - http-outgoing-100: Shutdown connection
36430 [Forwarding findElement on session b1310904-d161-49ca-a1a6-530fba7baea8 to remote] DEBUG org.apache.http.impl.execchain.MainClientExec  - Connection discarded
36430 [Forwarding findElement on session b1310904-d161-49ca-a1a6-530fba7baea8 to remote] DEBUG org.apache.http.impl.conn.DefaultManagedHttpClientConnection  - http-outgoing-100: Close connection
36430 [Forwarding findElement on session b1310904-d161-49ca-a1a6-530fba7baea8 to remote] DEBUG org.apache.http.impl.conn.PoolingHttpClientConnectionManager  - Connection released: [id: 100][route: {}->http://localhost:37262][total kept alive: 0; route allocated: 0 of 2000; total allocated: 0 of 2000]
36430 [main] ERROR ./TestResults/2017_09_06_05_36_38_PM/LogFile.log  - Unable to login to application, Check Username and password
36430 [main] ERROR ./TestResults/2017_09_06_05_36_38_PM/LogFile.log  - Report step generation success : Unable to login to application, Check Username and password
red4
36430 [main] INFO  ./TestResults/2017_09_06_05_36_38_PM/LogFile.log  - Getting value of Browser from Test Configuration file : IE
36430 [Forwarding screenshot on session b1310904-d161-49ca-a1a6-530fba7baea8 to remote] DEBUG org.apache.http.client.protocol.RequestAddCookies  - CookieSpec selected: best-match
36430 [Forwarding screenshot on session b1310904-d161-49ca-a1a6-530fba7baea8 to remote] DEBUG org.apache.http.client.protocol.RequestAuthCache  - Auth cache not set in the context
36430 [Forwarding screenshot on session b1310904-d161-49ca-a1a6-530fba7baea8 to remote] DEBUG org.apache.http.impl.conn.PoolingHttpClientConnectionManager  - Connection request: [route: {}->http://localhost:37262][total kept alive: 0; route allocated: 0 of 2000; total allocated: 0 of 2000]
36430 [Forwarding screenshot on session b1310904-d161-49ca-a1a6-530fba7baea8 to remote] DEBUG org.apache.http.impl.conn.PoolingHttpClientConnectionManager  - Connection leased: [id: 101][route: {}->http://localhost:37262][total kept alive: 0; route allocated: 1 of 2000; total allocated: 1 of 2000]
36430 [Forwarding screenshot on session b1310904-d161-49ca-a1a6-530fba7baea8 to remote] DEBUG org.apache.http.impl.execchain.MainClientExec  - Opening connection {}->http://localhost:37262
36430 [Forwarding screenshot on session b1310904-d161-49ca-a1a6-530fba7baea8 to remote] DEBUG org.apache.http.impl.conn.HttpClientConnectionOperator  - Connecting to localhost/127.0.0.1:37262
36430 [Forwarding screenshot on session b1310904-d161-49ca-a1a6-530fba7baea8 to remote] DEBUG org.apache.http.impl.conn.HttpClientConnectionOperator  - Connection established 127.0.0.1:17317<->127.0.0.1:37262
36430 [Forwarding screenshot on session b1310904-d161-49ca-a1a6-530fba7baea8 to remote] DEBUG org.apache.http.impl.execchain.MainClientExec  - Executing request GET /session/b1310904-d161-49ca-a1a6-530fba7baea8/screenshot HTTP/1.1
36430 [Forwarding screenshot on session b1310904-d161-49ca-a1a6-530fba7baea8 to remote] DEBUG org.apache.http.impl.execchain.MainClientExec  - Target auth state: UNCHALLENGED
36430 [Forwarding screenshot on session b1310904-d161-49ca-a1a6-530fba7baea8 to remote] DEBUG org.apache.http.impl.execchain.MainClientExec  - Proxy auth state: UNCHALLENGED
36430 [Forwarding screenshot on session b1310904-d161-49ca-a1a6-530fba7baea8 to remote] DEBUG org.apache.http.headers  - http-outgoing-101 >> GET /session/b1310904-d161-49ca-a1a6-530fba7baea8/screenshot HTTP/1.1
36430 [Forwarding screenshot on session b1310904-d161-49ca-a1a6-530fba7baea8 to remote] DEBUG org.apache.http.headers  - http-outgoing-101 >> Cache-Control: no-cache
36430 [Forwarding screenshot on session b1310904-d161-49ca-a1a6-530fba7baea8 to remote] DEBUG org.apache.http.headers  - http-outgoing-101 >> Host: localhost:37262
36430 [Forwarding screenshot on session b1310904-d161-49ca-a1a6-530fba7baea8 to remote] DEBUG org.apache.http.headers  - http-outgoing-101 >> Connection: Keep-Alive
36430 [Forwarding screenshot on session b1310904-d161-49ca-a1a6-530fba7baea8 to remote] DEBUG org.apache.http.headers  - http-outgoing-101 >> User-Agent: Apache-HttpClient/4.3.3 (java 1.5)
36430 [Forwarding screenshot on session b1310904-d161-49ca-a1a6-530fba7baea8 to remote] DEBUG org.apache.http.headers  - http-outgoing-101 >> Accept-Encoding: gzip,deflate
36430 [Forwarding screenshot on session b1310904-d161-49ca-a1a6-530fba7baea8 to remote] DEBUG org.apache.http.wire  - http-outgoing-101 >> "GET /session/b1310904-d161-49ca-a1a6-530fba7baea8/screenshot HTTP/1.1[\r][\n]"
36430 [Forwarding screenshot on session b1310904-d161-49ca-a1a6-530fba7baea8 to remote] DEBUG org.apache.http.wire  - http-outgoing-101 >> "Cache-Control: no-cache[\r][\n]"
36430 [Forwarding screenshot on session b1310904-d161-49ca-a1a6-530fba7baea8 to remote] DEBUG org.apache.http.wire  - http-outgoing-101 >> "Host: localhost:37262[\r][\n]"
36430 [Forwarding screenshot on session b1310904-d161-49ca-a1a6-530fba7baea8 to remote] DEBUG org.apache.http.wire  - http-outgoing-101 >> "Connection: Keep-Alive[\r][\n]"
36430 [Forwarding screenshot on session b1310904-d161-49ca-a1a6-530fba7baea8 to remote] DEBUG org.apache.http.wire  - http-outgoing-101 >> "User-Agent: Apache-HttpClient/4.3.3 (java 1.5)[\r][\n]"
36430 [Forwarding screenshot on session b1310904-d161-49ca-a1a6-530fba7baea8 to remote] DEBUG org.apache.http.wire  - http-outgoing-101 >> "Accept-Encoding: gzip,deflate[\r][\n]"
36430 [Forwarding screenshot on session b1310904-d161-49ca-a1a6-530fba7baea8 to remote] DEBUG org.apache.http.wire  - http-outgoing-101 >> "[\r][\n]"
36531 [Forwarding screenshot on session b1310904-d161-49ca-a1a6-530fba7baea8 to remote] DEBUG org.apache.http.wire  - http-outgoing-101 << "HTTP/1.1 200 OK[\r][\n]"
36531 [Forwarding screenshot on session b1310904-d161-49ca-a1a6-530fba7baea8 to remote] DEBUG org.apache.http.wire  - http-outgoing-101 << "Content-Length: 880639[\r][\n]"
36531 [Forwarding screenshot on session b1310904-d161-49ca-a1a6-530fba7baea8 to remote] DEBUG org.apache.http.wire  - http-outgoing-101 << "Content-Type: application/json; charset=UTF-8[\r][\n]"
36531 [Forwarding screenshot on session b1310904-d161-49ca-a1a6-530fba7baea8 to remote] DEBUG org.apache.http.wire  - http-outgoing-101 << "Vary: Accept-Charset, Accept-Encoding, Accept-Language, Accept[\r][\n]"
36531 [Forwarding screenshot on session b1310904-d161-49ca-a1a6-530fba7baea8 to remote] DEBUG org.apache.http.wire  - http-outgoing-101 << "Accept-Ranges: bytes[\r][\n]"
36531 [Forwarding screenshot on session b1310904-d161-49ca-a1a6-530fba7baea8 to remote] DEBUG org.apache.http.wire  - http-outgoing-101 << "Connection: close[\r][\n]"
36531 [Forwarding screenshot on session b1310904-d161-49ca-a1a6-530fba7baea8 to remote] DEBUG org.apache.http.wire  - http-outgoing-101 << "[\r][\n]"
36531 [Forwarding screenshot on session b1310904-d161-49ca-a1a6-530fba7baea8 to remote] DEBUG org.apache.http.wire  - http-outgoing-101 << "{"sessionId":"b1310904-d161-49ca-a1a6-530fba7baea8","status":0,"value":"iVBORw0KGgoAAAANSUhEUgAAB4AAAAOnCAYAAADBRFtbAAAAAXNSR0IArs4c6QAAAARnQU1BAACxjwv8YQUAAAAJcEhZcwAADsMAAA7DAcdvqGQAAP+lSURBVHhe7N1ldBVX3Pf94BDcvUIFSr3UkOLubsHd3S0h7m4QIoTgFnd3d4OE4A7BtYXvs2eHpEBpr/t+8Vwv7jUvPmt8z5yZOSes9eO/t0YPowJUKpVKpVKpVCqVSqVSqVQqlep/0yftW9OsYT2pSf06NNasXTWvaPBGfbH+bZr1akn162miWbdelXp16kp1a9d5o94/1KlV92+Nm1KrRl2a1KpPY7G/RnUNNOpVo17DBmiKdZp1Gol2G0r16tWnbl1xTL3a1NWsVaFGHerVEtckzlm/jriu2jXEMdWpX7caDTVr0KCuuH6h6vpEG5Xq1mtIgwaaUv2G4nM0qEPt+jWlWvWrSXXr1fhb/eqCBrUb/E1ps26dWtSuVYNatatRW5y7jjivonY9DRrWakH9Go2ooSHarVmLOrWro6GhQS1xrTVr16JmTTH9D9XF/fgv1cRnr1WzumhfWa6JRo3aVBPzkwZ9x430w1zLPsqN3OPcyj/JrUIf7p7x5965EB6cD+PhhXCeX87lWv4Jys/Ec7nIgqSULpzL38izi/lcyHUgL68fV/IOkps+i/y8ITw+n87TsrOcL9xOdupUSjNWkZ+yhjsXj3L3UiKZ+cu4UhbKi1sPSM+cy8UzG3h68wB/3c7iyaVSnlw5x7PbJTy7U8zjO0W8uFMql5/cOceT8lLOF8Vy+oAJPh66BHjuFvQJPGCA/349OQ3yMiTqhCWeVmsx36rFyT06HLbfhNXOabiaz8XdahZm24dgpT0C46398bRfydF9q9Hd3A+L3YNwMh8t1vflpOsynAynivne7DMciavpbLzcjAn120+AmzYR7lsJ3q9N6AE9gjx2Eeq5i0jP7cR4rMdu+e/YLPgax4VdcVryg+S89Edpz7KfpL3Lu0n7V34qdOLA6i/xXPMVXmu/59D6nzi04TcOb/ydI9rfc3zn9xzb+i3HNnzDic0/cnLX7xzW7o7bjl+w2/4H1tt/x3JLHyxXDsdoTnf8jYdQcGQSeV7jST00g8wjcynyXk6x71ryvdeRd3o9Bac2c9ZnOwUB2ygM3ElR0C6KgncLuhSFGHAmzISSCDPO+9tyKdSJK5F7KQmyoyjAijMhtpwJt+dMhAPnEpwoiXPiTLQQu4ezsfsoSfCgJN6T0oSDnE08ztlkT0qSDlGW4MPVpOPczbDnSZYxLzJNpb+yrXiVb8vrAjvBgb8K7HlV4MTrQmf+LHLhVaFQtEdw5nWRo1i2E9ut+Svfitf5OjzL2M7DpC08z9Ihcd9Y8o7OJe/4QnKOzqfgwBLOHF5G2cnlwhJKT8zj7PGZlJ6cSdnpmZzzWceZkyvIO7KA7EOzyPSaTobXJFI8xpLoOooU18kk7p0gpblPJffQbAqPiXaPziPn4CzSxXKY43i8dAdgsbo7W+b8xLLJP7J48u+smNEfg0W/Y7V+IHt2jcFJexxmGwejs7wX25d2Z+fyP7BZPhD7tcPYs0Vs3yzevRUD2b6gBzuX/IHh2sF46k7ghLkWQY7z8baaTvqRDSTtX0PuCW3OBZpRGGrM/XwHuLxH2CscgCsneXXNG275wN1guB/Gn9d95fT5laO8vnoQbnjx51k7HsSs5F7Ucu6EL+FG8AKu+M/hgvcMzp2cJu7VVIoPjaHo4GgK9o8i120EuS7CnpEVnEeTaTeIDNuBYjqELIcRZNgNI8lqEEmWQ0izHUGm6zzS9s4mzWUm2R7zyPdaIBUcXEjhIXHPxbpcT2XdIrFucZXCQ0soPrKMgsNLqxSKZUXR0eV/O7ZaKj6+psqZE2urFJ/eLp3x3iYVn95M0ekNb6wT34utFJ7eIinfifyTm6S8ExulghMbpMKTG6soy/nH10u5pzZIOSfXV8k+sa5K4XFxrFBwbCP5RzeI90wcc1gcI+QcUubXSTmH1pJ9cI2U5bWazAOrpPT9q0jzWFkl1X2FlOK2XEp1XkiK0wIpWbwjSQ7zSLSfS4LdHCnOZhax1jOJsZpBtKXWO5R1sZazibGYRbT5TKLMZhBpqiWnCmVdjMXfYi1FW++JtJ5NlM0cKdp2rlS5rGyLt62gXEfltVRSzh9nNVOKtZwhziGuy3y6OPc0cR1TpQjjiVXCjSZIYYbjpVCDcYQajf6HEMNRVYL0x1QJ1Bv9DyG7hxKsM+QdQdqDq4TuGFElbOfId4TvGkWY9rAqobuGSiE7h1QJ3DlUCto1TArWHl4lREdpc7ik0dO4EJVKpVKpVCqVSqVSqVQqlUql+t/0aYc2NG+kKTVtUFeGvpXzisb1/9ZIs847GtarTYP69arU16wradar87c3wWtVAPsmIK5UrV59alSrScPqtWlUqzZ16tWkbuO61K5bi1oaGtQR6+S+9erJ8Feur1OTWppiX3F99RvVokFjcR1vKMuVlOVm9WtVqfxMTRrUo2lD8RmF5nWa0rxuE5rVaUxTRd2GNK6nqE+jupo0rtNCaEZDsZ+igRJIC/XqNJCaaDaS+zesU58G4vM1VAJx8bnr1RXXV1tcp1iurVkfjRo1qV67DjXE59CoVZea4hiNWvWoXbu2VKuW+FwfULNm9f+ktCnD52oaYrk21UTbSgA8efD33MqsCH9v5p3gdsEp7hT7UX42gPtloTL8fXQxQkxDeX4ljdIcXfJT13Or2J/SbH1y0qbx5KovhdlzyM+Yx5lUGwqyZnK+aCNXCvZRnD+NayXmFGdM50KuGQ8upJNfPJuiAmdelN+g/FI+d64GUZCxjZvnDvDocgqPLp3l6Y3zvLx7jud3S3hy9yzPlTD4TQD8WKx7PwD2cdORIXBlEKxMo09acdRxCy7Gy/Dep4+vmwFuZstx0JuJm8VcnIwmY60zEjfL6dgZzsBcezwultMw3tEXk119cbeegqftXKy1J+BlPwfn3SPYazQDv5MOxEUcxmfvNkL3bSF4vy7BHrsIO7CbiIO7Cdu/g9iD23HaNIw9GwexZ0Nf9mz9Aect3+O0+TscN32Lw8ZvsN/wNXbru1bY8CM2677HcvV3mK74DsMl37B7wTdoz/2anbO/Ys74r5k3tiuzh37J5D8+YvQvrRn4Y3O6f92IHzrXpWs7Tbp0qM4nLavRrl51PtXUYMeMb0n3mk3BoXnkn1gsFZ5eQb7PamEtBT7rKfLeSLHPJvL8tlAQsKMiBA7eTXGIHmfCjGT4WxZtyfkIK85HWXM+0kYqFcvnou2lC3FOlCW4Voh3pzTeTfCgNHE/pQkHZAhcknSCkhQxn3yY84m+MgC+k27H40wjnmcYCya8zLTgrzwbGQK/KnSQlPCXM3v5q3ifpATAfxU6yXD4ZZ41L3MteJFjziOlnTwrnhc4cCFcl22TPmXtyI8xW9gbzx1T8LEYR6DtZCL2aBHrPpvEA3NJPTyfrJOLyPVeSsmRpZw7tpTzJ5Zx4ZSYnlzA+VPzuHB6Hhe951J6bDnFhxeSu382WW5aZOybQure8SQ6jibWdijZNiPJsx9DsesUSg7OpPjQTNLdJhBpO4RA875YLh7Mzsm/sGzw5ywd/CWbJ/+G0ZIRWK+dhPW6yTL0tV4zBOPlAzBcOQiTdcMw3zQG8y0TMN82EZM1Q9mg1Y1Fo75g0/RuxBzcRWGIDXmB5iQf301hkIkM1P8qsYdzjlC2H/Fh+OviCV5fPQlXT8ANb15cPgZ3/eHmKeGo2HePfAbZ+4aS4zqMPPcRFHqOpthrLCWHJ3Du6CTKjk0W8+M4e2gsRQfGUOg+irx9Svg7nBznEeQ4jSLHcSgZ9oNIsx1EurgfqUKylWA7nHTHseR4LCLbfaGwQNzDReTsF/fefa4MfvMOzKfo0HLOHFnJ2aOrpOLDK6oo688cX/1BZ0+skYqPr6ty5sR6zp7cIJWc2igVn9zCmVNbhc1ifhPFpzZQdFK8/9Jazvpslc54i/0EGRCf2lSlMsD9O8hdL+UfXUfekbVkiutXZBxcJqV7La2SdmAJaW6Lq6TuW0KKy2KS9y6RkvYsJt5xXpU4h7nEit8bRYzdbCnKZmaVSOsZUoSVVpW3w9W3w95K/xXAKpLtF0iJtvNIsJlbRVlWVAa0b4u3nlUlzk7sI8Tbz39H1fr3zv8+Jfit9HYAXCnSZFKV94NgRYjhmHcEG4x+h//ukZKfzoh3+GoPlwK1xfdUCNg1+B3+OwdV2Da0SsD2Yf8QpDP8g4LF3wxFuP44IgzGV4k0FL8Nb0QZTSTasIJGT9MiVCqVSqVSqVQqlUqlUqlUKpXqf9NnH7WhZRNNqXmjujRrWKdqXtG0UT2pScO672jcoE6FRg1o1LB+lYYNNKWqYFiz/j8oVcOVamkq1b3iHHVq07BuLRo0qo9m4/rUqK5Bq/q1qF9DQ9IUy/Vq1ECzZm3q1axL3Rr1qFO9LnXqiKmidn3q1W1Efc1mNKzfSmgjNWlYu0pj8TmkJvWrtGpcj5bKZ22gVD7XoYVYbtFULDepIz53LVqKzyA1FPdIaCGuTdGySQOxXwOxTiyLz6toLq5doVRQK/emoWYtNOpqULeRoiaaDZQKZCX0rSs+ewNkhXRd8VneqFOnzjsqwuG6/6lmXdFGnRrUrVlNLNemRh1NGQBPHfojd7KPVgS/hacpL/apCH9Lg6rC38eXInl6PZprZ93ITl3GxXwPXl15xo0zp8hMn0RZ0Q5ulx6kNEeb4nRd7pVEU5Qzm7TkAaKdOK6cMaUoayxPLiRQVmBNdu5Kbl+N49H169y7VsCz6485l+PKrVJx3ovpPLpcyNObZ3h26wyPbxbxRMwrAfDTW2f/PQB21SXQ04igA8aSn7s+Ucet8d63m6MO2zi1xxBvF0NOOGtjv3sue4zmyhDYZvdoDjvNR3/zCMx3jcHLaQ6G23rjajmBY3sXYbF9FG5m8wk6uBMP46k46k3D+7glSTGH8XXZSqDzJsLEdQS5biFs/y6iD+kRdViPiIN6bJr9BwtHf8PsEV2Y3P9jJvbtyJiebRj2SzMGfN+AP76qze+fV+PXThp0alWXT1rUpmPTWrRuWIPm9TRoXFO80+J91hTPSaOaUL2arN6uplFdqImGJN6daoJGI6rXqIOGeOc1NOrJSu+1c36h2Hc95w4vpezYKkpPraHg9CoZABcHiPVBW6QzgZs4G6pNSZgu5yL0KY0wFIwojTSV4e+FWGsupVhzMdma84nWXEl14kqyM9dSXbiW4srNdA9uZJzmVnaFK+nHuJR6hEvph7mYdohzSZ6cSznFubSDnEs9yoUkPxkA306z5VGGoQyAlUpeGfwKf+bbCHYy5H1dvAfOulQFwJxxkYEwxU68LhLbC22kh/mWPBDHPi7cy5kQQxYP+YghX9aiX6fa9Gxfkx4fV6PP57UZ/n0ztPp+xqoJv6K7eCT2W2fhpreEYIvpxDjOJ9V9GVleK8n0WiYsIefIMvKPL+eS91ouift22VfwW85Fn4Wc957HuVOzKD2pRenBhRR7ziPPbTpZeyeS7jKGtH2jSdk7nATHgWTsX0Dm/kWkuy8S55mNj/F4PDYNxG55DywW/sy2GV3ZOv1rNk7ryoZp37F1zm/orxiM5ZYJ2O7SwnLbFHYtHc7KqX+wcfYQgsS7nuxvR0aQNbkR1pQGmXE3xYo/CyzF/bCsuE/iO0nZIbjoBZfEvJj+eW4/ry94ivXuvCq2p9R3mQyq0+37SRkO/cl0HECW00CynQeRs2cwuXuHkO82tILrcPL2KUaS76IYTf7esbISONNhKGl2imEyAE6yGUai9XCSbUeK+zCPdNeF5Hgq1bsrKTi8gryDSkXvchnk5notFctKpe8Kub1ICYGPKQHvWkpOrqPk1Pp3nBXr3nbm9EYZ6lYGu4VK1a1QcHxthSOryT8s3n0h79BKYbmUK86pSPNYKqW6L5FS3BZLya6LpMQ9896R4DyXePFbESeeZazDLBKdZksJjrOId5gpxdnPINZOS0oW25Id55LkMEdSqnMrKnRFW8L7FbyVVbyVEkV7igTR5tviRduKt8PeD3k/8K1UuT3OWkuKtRLfA8tpVZTlClOrxFlP+4fK/Srbebs9RZT4fn1IZRVyuPHkd4QZTaoSajiRUKPxUojhOCnYYKxUWdUbYjCBYP3x7wjSG1elcv/3j6v0P21/O2xWvF2RXBFGK8H05CqRJlOIMp1aJcJk2jsiTae/I9pU3AdBo5dZMSqVSqVSqVQqlUqlUqlUKpVK9b/pi0/a0bpZA0kJfpUAtE3zhn+Hwk3qV2nWWPMdMhhuXF9q3EhTatSwntSwQV3pQ+Hw2yFx3QaNadaoIa2UUFnpXrphA2rXr4NmbQ2G/NaFLfN/ZvX0b5k35nOmDf6I8b3bM/SXlvTsoslPH9Xgsza1+bRlLT5qVpP2jWrRrmEd2mjWo2WdOjSrUZt6mhpo1tegfgMNGjTSoFGTGjRuXosmzevStIXYr3U9mresS5MWtWnWqi7N29anZfuGYtqQJm3q06GVptS+ZT3aCm3EMa1a1JVaNq9Dy6a1adGkFs2b1qJFs9o0F+uaN69H06Z1aCy2NWmqQbMm1WjSoAZN69WmaZ1aNBNa1q0uiOv6QNV0vbriut/4UBfab6tVTzm2luz2WgmRa9atJ7uGnj78R8pzj8vg994ZX+6f9asIf8tCZPj75HKU9PxWEoWZhjKofXq1gMeXinl04Sw3Sk6TlDyU+2XeXM33IDdtMrfPenEp34yclBncLoigMH05pdnLZEick7GOy8WJPLl7iRsXM3l4o5Tykj+5fzGVx1ezuX+5wpMb4hzX84Uice5zPLt1VgbAj28Ld0soK4x5twvo/YYEe5lIlQFw5DErGQwfd9rBSScTjtjp4utqiqflRhx05+JsNAOLnSOx0x+Fpc44nEwnY6U3DCudQRzdOxcHvXHY7JqIr9t2/MR5fPesxdlgJvuctxMXuV92+RzgtJHIg1ZEHdhBqNtWQtx3yPD3mNNWfvmyMfWqaVBbQ1Hzg+po1JKqKd10CzLolWHv2/PVqV6jLjVq1qNGdTHVEM9Oo2Jao7omNWsoleONhepo1BTq1EWjlgar5n3HxaDVXHCZyrWDK7nut5lzQZsoCt5ISfAmzgWKaeA6CvxXUxS0gzMhOpSG63Eu0oiyKBMuxFpyOcGOa8mOXMx05HquC5cynLmV68n19P3cyjzEncwjlGef4Ha2H/fygyjPC+R65mmuZZ7gevYpruec4ErmUS5m+HJB7Hs+/TiXUwNFmye4lWrDw3QDGQArVbxK9S/FDnDWCUr2whln2d3znwWOsgto2Q30v3QB/SjPkDvpu7mXacS9bCsCHKZzwmwq7tpjsVjRh21zB7Bi/G9M7vUZA7o057cO9fi5jSa/tmvE7x2aMvKnpkzr85HY50d0Fg3AdssEvEwX4u+ynqhDu0j3WkzmoSVkH11EzvEF5J6YS6HPXHH/FnI+bDEXw9ZI5wJWUnByCflHFr/pnngl+YeWk75viDCU1L1DSXAcTJzdEBIcRsgq4iz3KcS4zCDKZaasUnbfMRDTRT+xY3pXNk/+ik2TuqK96A+2zfmDtZN7ortoLFEHLUn1tSb+5G5S/LUp8dPhWtQOHiRv4VnqZv7M0OV1jgWvC63F/TIX91Pc1xLHint7RkyV+RwzMl3HEWPemyzrvmTb9PtXaXa9SbfvUxEOOw4ix3kYOXuHk7t3lDCGbOcRZDmNFNtHkuE0ShhDst0o4iyHE202hGi7GTIsTdm3kByv5W+C2IoQtkAJhIXCo6uk/MMrZCib47VUUuYzPBZK6e4LpDS3+e9I3DOnSoLzbCneaZYU5ziTpD0zSXSeQYKTFvGO0+U0wUlZniGWtaoC3MoQt1Jlm"
36531 [Forwarding screenshot on session b1310904-d161-49ca-a1a6-530fba7baea8 to remote] DEBUG org.apache.http.headers  - http-outgoing-101 << HTTP/1.1 200 OK
36531 [Forwarding screenshot on session b1310904-d161-49ca-a1a6-530fba7baea8 to remote] DEBUG org.apache.http.headers  - http-outgoing-101 << Content-Length: 880639
36531 [Forwarding screenshot on session b1310904-d161-49ca-a1a6-530fba7baea8 to remote] DEBUG org.apache.http.headers  - http-outgoing-101 << Content-Type: application/json; charset=UTF-8
36531 [Forwarding screenshot on session b1310904-d161-49ca-a1a6-530fba7baea8 to remote] DEBUG org.apache.http.headers  - http-outgoing-101 << Vary: Accept-Charset, Accept-Encoding, Accept-Language, Accept
36531 [Forwarding screenshot on session b1310904-d161-49ca-a1a6-530fba7baea8 to remote] DEBUG org.apache.http.headers  - http-outgoing-101 << Accept-Ranges: bytes
36531 [Forwarding screenshot on session b1310904-d161-49ca-a1a6-530fba7baea8 to remote] DEBUG org.apache.http.headers  - http-outgoing-101 << Connection: close
36531 [Forwarding screenshot on session b1310904-d161-49ca-a1a6-530fba7baea8 to remote] DEBUG org.apache.http.wire  - http-outgoing-101 << "KsE2JWS98yV3t43RZxDkewwgyR7LSnRTpzHdpqUaCOWJXEdQoK1OLe1OPaNaLNpVd4ODpUgUTId90ERJmOlSPNpVT4UskaI78L725RlZb0ixvq/RVlOrhJtNeUdyvZoC7H+jRhLsU54e124hTiX5fQqkVZaUpS4D4q3w+rKUPhtSlVwZWXw29XBlV1ERyvdV78lSunK+m3v7V8pQtxbRaS5uB4hwkxc31vCTadJkWbis5tPeUe0hXLeCpX7Kd5vo7Lt/1LZvbZGD/NiVCqVSqVSqVQqlUqlUqlUKpXqf1Pnz9rRtmUDqXVzTVo1U4LOinm53LR+lcpQuJISFr8fDr9fMax0s6x0ufy2t7uV1qzfWHbL3LxBdVk1q9moMXWVALe+BhvnDuV2yiyux8/gcqwWF6NmUhYxi9LQORQHzqTAbwaxR7QI95yCr/NoDpsPYZ9OH2w2/I7x8h/RXfgtK6d/z9Kp3zB37BdMHdKBEb2a07+bJj2+qcWvXarR+aOGfNauHh+3qkOHlrVo37w2bZrVpkWj6jTR1KC5Zg2hlqwQbiGuvaL6tyGtmjShZdMmtJFhcB0Z/rYU965FC3FvWjakhdC8RSOaNmlU0T12PeU+iGMbN6ZVowY006xDU82aMiSv9PZYy5VjLL/dffaHKGF5fXF9DerVRFOzruxyukYNDbRG/MT9/BMy+H1Q4s/D0oCK8Pd8qKz8VcLfp1eiuXc5gtvn4igvy6H8fCq3zqZSfvYyd89lUnbGiKL0NRSmLyM3ZR5JKR9xIcecq9kBJCR2oihjFWcytpOfOYsrBbHcvXSB+5efcP9mITcvZ3D3wk0eXbvAw2tnKb+cJc6VwZObeTy9WSyD31f3L8iKYKUSWAmAH905+04AHHhAl6ADppK/hxGBniZyGnXcFu99ehx12IH3XnOOOxjh7WIqK4E9LFZjvWsyxlsGYrCpJ3vNtbAzHCfm/8BWbygO+qMx2jgEv33bCHTT5YSTLmHiXF7Wq9nnvJOIIFdCPHUIcdlKqKcpsYe0ifTYRsT+HcQcMcHbzZBvvmhZEeDWqEY1pXL3LdVr1HpHjfeWNWoq1bxCLSXMrUt1DdGGUgks1KhWXY7nXKdGdTTFfD1lW63aVKuphMVCrRrinBpsWdyNx2FbuGIylmKzSVw7vpqykI2cCd/EuVDBfwNlwZspFOsuxhhyKdaEK/FmXEmw5GqiNdeS7bmZtofbGS5czdjP/aJT3Mw+zP1CH65nHONutjf38wK4l+vP7Wxf7uT4cTvHm+tZJ6VbeT7czveV02u5QVzJPcHl7NNczwwV7Z6uCoBfZpnyIteC5zmWFfKseKlUACvdQJ/dy+sSFzi3H0o9BDdZEaxUAL8dAP+ZYyI9TtHnVuwOIh3HEWQ9An+L4WI6Cl+HcfjYj+e0zQSOm0/AU28Uduv7ozf/Z7ZM6YpW/88Y370dg75pSK/PatLzs2r0+6oOw39qwrjurVk5tgvbZ/2M9foheBlPxddxAaHuS4j0Wk70oeVkHNKi+NQCzvkt57y3MtbwMi6eWsmVU2u4fHI11wNWcPH0Is4emU3RwVlS8YHZ5LpOI8N5IgkOw0gWv01KIJy2dxJZ7uJ3SxkHVwlBPRZxXH8Ee9f1YdeU7zCc1ZMIp/VkndAl69RWCoK2c9Z3I+eDl3Mjaj734hbwKH4Zz1I28GfWFl7krONl+i5eZ+tBnjGvcozF1ATSdch2GkqqRS+STX+TUsx+J9W8O2kWPUi37EmGVS8p06Y3WbZ9yLTvT5b9QDIdBpPpNIRMx2GkO40ga+9osveOrbBvAjn7JpOpdJPtNIlEu3EkOc+TlbBR1lPlVAld4xymE207mSibSURaT6wSbjmeMItxhJqPlfMRVhOItRfHvRFjN6WKcrwiUbSlSBLtKpKdZkgpzjOl1D1TxHQySQ4Vkh2nkaJsV/ZzmFEV1H5IvI0455tQ8+1wM8pcXLfZRCJMJxBlPFaKNBojRRiOlsINRlUwGlfl3erRiorR94PffzAb/59CjCZKocaTpDCTyVXCTadQGfT+WwgcbjbhPykhb6zNtHfE2U6vkmg3iyT72R+kbKvsEjrBYYGU6LiwSpLTIvFMFlRJFPu9L8lurpRoO0dKsJktVXVBbT2XWKs574hRxjWu9CZAfjtEftuHQtl3g1zxnN6INFcC43dFWcyQ/u34GKtZ/ynWerak0dPiDCqVSqVSqVQqlUqlUqlUKpVK9b+py+ftadeqoVQZ/LZv3Yg2LepLldXBld4OhBUtmmpKzZsoYXA9mjWuW6VpozpVwfDb4fA7GjejqdL9cgMNGjWqTYMmzalfvz7Na2uwe/FgbgSN5VbIeG6HTuR60AQu+Y6lzHssF3wncjlgCpfDtKQr4TO5FjGXG1ELuRWzlNsxy6XyqNXciVrF7ciV3AxbydXQ5VwJWc7F4KVSzunVpB5ZQpTrLLytJ+ClPwynLX0wW/EL+gu/Z9m071gwqSszRn3OuP7tGfRbM3p8U48fP6/Ot59o8FXHOnzZriadWlbn42bV6NBEg3aNNGglPo8SYjdr0pQmTRrJMLhh45rUa1CNBuLeNGjSmBZt2r4ToCv34/0utt8fd/l9dWXFdV0a1a9Jgwaa1KmvSa1aGswc1Y2Hhacqgl/h0blAGQA/vhBWFQAr7l5M48n1s9w9X8jVolTunM/kTlkON85mcO9yGsVpy8lNmimmq8lNG0JhykrOpVpTmDmGkqzlZKeO51KxDQ8ulXD/yjVunr/BzYtl3Lmax50rGaL9i5RfOSvn711NfRMAn+HptUJe3CqS849vFPPoVskHA2Al9PVzN8THVZ+A/cZyOeakvVw+5riTE06G+Lqac8xe7LPPhNP7dmGvNxWLXYOwNxyElfYInIzH4GA4ArPtfcW2MRy0WkTEISN89+jh7SLadNERx+7G78ReIoO8CHDbRYT7djHVJsx9G9FeO4nav1MGxaddDfjm87YVVbk16qGhhLP/oZZGQ6nGW6ppNPhb9dpoVFPaqlER8NasQbVqGtSU1cWiDY3q1BPt1BXzmrXqU7u6BjsW9uRFsC6lG4eTvfkPrngtoCRkLcWRGygN2UyZ70Yuhu3kTMQuzkXocj7KkIsxxlyKM+dyvCVXEm25nuLErfS93Ek9zNN8H24mH+RxoS+3s45xJ/ckd/JPcSv3BA/PeMuAuLygYt3dAh/uFvoLgdwpCOB2UTg3Cr25nu/H7dxIbmf4VHUB/We2Ga8KbXiRa8XjLDMeZpiI9eY8zrHiWb69HNf3ZeFe6UMVwIrHcSa8zrDjRZo1D+KMSHebQ5zTVGIdJ5HuMZsY1wlE7xtPtMskYl2nEe82mwS3+cS7LiBu33zCnBYSZDcXb/MZHDWYhNu24Vgs7c72KZ1ZNbwdU/74klHdOtD784b81rEmvTrVY8wv7Vg08kc2avXFcs1I9u2ayimbxYS7riLOaxVJh1eQJH4zko4sJu/IfAqPL6LUeynn/ZZx0W+J+G2q6Ea67PRsyo7NovTIDEoOTees13RKDmpJhR5Tyd47nnyvGeQdmEuigxYRFjNIdVtJ2v7VpHmuIO/EWvJPraHYZwGXQmZyO0KL8og53I9ZzOPEJTxMmsuD2GU8jl/Nk8QNYn4NDxVhS0kx7068/rfEG3YjwehnKdH4F5JMfn0nFM6x7k2WDIH7kWmnVAEPIct5KFl7R8rwN8d1PLluk6Qs18nkuE8n/8AcCg/Op8BrHnkei1GqYsNNxxAsvmMhRsOlIIOhBOoPIkBvoJwGGw6RQoyGin1HEGUxmljrccS9J9Zq7DtizEYQbTqcKJNhRBqLYw0HE2YwiFD9gVKgfh/8df/AV1vRmwDdAQTpDRGGEag7lFC94f8pxGBklVDDUVXzwfojpH8Evu8JEvtUGEXFuLRjq7ozVrovrqxE/VemYp/3KOFzpbcD3kpvB72VXT5/aPxdRaKTUtE8Vwb1iuQ986XK5QTHColO89+R5LxASnZeTMqeJVLq3qVS5bKyTRnn+H2VYyDLcZCdFr0TClcGxVWB8VthsNJldrzt3CpxNnOIEaKtZ78jympWlTir2VViLZUxh98VLb7374sy06ry4"
36531 [Forwarding screenshot on session b1310904-d161-49ca-a1a6-530fba7baea8 to remote] DEBUG org.apache.http.wire  - http-outgoing-101 << "W6x32KhVSXGfLr0TkW3EhK/RakoflvlerUCWKVSqVQqlUqlUqlUKpVKpVL9r/vqiw4y8FUoIbAS+nZo07iqKrhd8/pV2jbT/IfKSmFZLdysntSyad2/faBq+B3NWtK6SV1aN61Gkya1adi0hQyFm1XTQHteD24FzudmwDyu+83mqt8s6Yr/bK4FzuV60Dwu+0yXrvhqSZXLletu+o0Rx48V7YzjTvAk7oROoTxci/LIGdyLmsnjhGnSo6QZPEmey7P0RbzIWMbLzJW8zFrDfaE8Yw03UlZxOX4ZZZFLKQ5ZREHgAvL8FxDuNotA56kctxiD2+4h2G78A4Nl3dg+Rxn3szNaQzoxdVA7xg5oTK+fNOj2rQY/ftOAj9vWo7FmTVq3aCi1at6Als0qAvW3w3RlHOL/oinuYVMZINeVQbNmo4bUravBnLG/8rTE+x8BsFIBXDn+rxIA379UxO2LkdwojeVWaR7lFzO5dzmFuxeyuX0uW3YfXZS8mbzkGdwpOkJ+ykwyEvtx/0wohamLSE/pTfn5YO5di6D8Ujk3r2RzubSQ+9eucONSqgyDy68XcfdGGnevpVaM/Xv9LI8u5/HoSgZPbhT/ZwCshL5K1a+vm4EMfxXRJ+xkAKyM+3vMQYfTe43EVF+GuSf2bMdBfzK2+kNwsx2OybYB7DUby36bSRhs7MEBqxmEH9LGf58ufntE2+7m+DvrEOBmTmTAKWJCTuGzdzvh7psJ2r+NANetxBzUIdpzF1GeugR7mvHDlx2oWUup5G2IhjJO79s0KsfwrVBTCXOFWjU0ZGW2VOtvtWrWE23Vo3pt0V5tcYzYVxnnt2GN6rStJ9bXqU/92jVoINa1b9KGlo1rsHNJd17F6VNuNY3zO3vzyHspl2LWcSZ2E+dDtlB2ejMXQnQpDNfjfJS+rAC+lmjBzVQ77mY6cz/XjSdFB3lRchRyfXiVc4rr0Xug1JfnpSd4fO4o90o9uXvOkzsF7lzP3sf1LHfKi47zuFS8RyUh8vk/OBPB/dIY7pz153ZxEPcKYynP9udOup0MgF/lWvA0y5RnuZa8LLCRY9P+dcaJF4X2PMqx4V6GBQ8ybHiYacvjTGvBiieZFoIZTzKMpT9z7XmRI9pLs+B2nCFpBxcT7zqPyL2zpET3RSS4LRTrFhG3byFxLmL7vqXCcinZYz6JbnPF/GwSxHFJ7gtIdl9Mwr4FxO6Zi7/9Sk5bLeGgwWz2bJmEyZIhbJr0K/P7fcGUX9oy6Me2DP6pLSN+68CUgZ+zaPJPbFnaF9PtY3EymUGgwxyCHWYT5qRFjPgtSDs0R3YjXXBqNgWnZ3FRGV/Yfw3Xg9dxO2w9t0LFb0nwCm4GL+dO2Cou+c0Xv2XLKD25mDS3mSS5zhfXt5y0A+vIPradrKPbKDi5mkshS7kbJUQs5X7ECvHbtYzbkXN5ED2X+7ELKI9ayJ0IIXQ+dwNmkW7zGwkGXxOp+w1Ret8SY/A98cY/kWj6MykWv5Fm1Z106x5kmfck06InGZa9ybTpR4b9IBkAZ7uMIsd1nKz6zXabRI77VLJcBTctGfwWH1kkLCHLaQaJlhOIMBhKmN5gwg0GEaY/UIowHCSWB0ph+gMI0e1HkE4fSZlX1kWK/RRR4rgPiTboR5R+XyJ0exOq3ZOgHb8TsO1X/Lb8jO/mbnjv6MbJrT9wfNMPnNj8C97beuC3sw9+Owbgu70/QdoD/5vOUCl49zBxTcPfoawL1hfTt4QYjHhHmOlYKdxsHBHmE6WKytGp0tvj8v6Xt0PbeNvZVRLs5ryjcozhSnIc4feWK8caVsYdrqzEfTvIrQxvK9YpgW6F1L3L/iFx73IpyWXFO6rWi7belijafFuai3iXhcr2lPMkOyvnf0NcX6X3K4WVQDjOfs4/xNrNrlLZxbLiQ2FvjMnkf4g2nlTl38b+jTSZJIUbjPlP71eGv/+fBcKMRksa3cU/tlQqlUqlUqlUKpVKpVKpVCqV6n/TV1+0o33rBlK7VvVp21KTDm2UamBNufx2APzBIPhNUKyQFcPvBcL/VT2saNqgCa2b1KZ9qxoVAXCTlrRt0Ya2dTQwWtST8tjZXAubxHn/0VwIGs3N6MncTZrOrfhJXI0ay53w6dyN0OJelBLqTuVupNgeOZHyqEncj5nETbFecT1qJjeiZ3E9Zg43YudK1+PmcydKHBOtxV2x/W7UXLE8j9sRC7kdtYTbkUt5EqP1xgwei2MexyzkcdxiMb9UWM6L7Fk8z5zFs6w5PM+az/OcJTzLXs7TzBU8yljGk6R13I1dJM47i5KwqZTGLCPhxArWTv2BLzQ1aNe6idS2VWPatGxUFQZXBcJKd9T/oaG4r83FM1GC42bNG8nKYk3R7vwJ3XlR5lcV/n4oAFbcvBDFzfOJ3LoUxs2LodwszeNWWSZ3rkRz52Iaz85cJC95FimR4zmfvZNzBdPISx/KmYzlFCdvJyd1HgU5i7h/OZcbF/K4fimTR/cKuVZWSvnl69y4WEL5zQLu3kjlztVkHt0o5NnNMp5dL+LFzaz/MQAOOmBGoKepFOxlTsB+EyKO2nDaRY+Te3bj42rAUXttWQXs52bCPpOlmO8YgYV2b2wNe+BiPgHznf1xMhqB8ZY/2Gs4ER+XTfjv0ydgj5k4zpjgfYb47DUn8MRx4kL98Nmzk2CXtUQc2SnH/Y06qEOY62aiPXVkt9BdOjSRlbkatZpQs4bGf6teR6ohVFe6iK5enWo1FBqyW2cl2NXUqEZdsVxHLNcTWtetQbf2rRn53TfUaNyYWm/2++nLL+n8RQM2LuvCk4T1PD0whUs7u/PYeyEXo1dzNm4j16K1uRmqz70ke66kOskA+EK0kVQWZcy5SGNKI00pi7bkQqw1V33MKfDaQZjVPEpD9CiJ1CUrfDOJwStJDF1FXqQ2mcE7yI8w4lq2O49K/Xh8LownZVG8uJgk3qd4yksDKS8J5UFxPPdzA7mbYc/jTCPIt+JlgZUMgJ9km/M0x0KGv5TuhQsecMnz7y6gz+6TFcAv82x5mmXO43QjHqYa8KBgN+W52tzPM+B62m5ivOYQ6jaTyP0LifBYRNS+6US7zpTha5zHHOL3z5VTRaz7bKLEfpEeCyq4i/09lhK9f5mwXEo6qEW853RiPaaR4DmHlIOLheUkeIjtLouJ2DMbb7OJ7N85DMcNgzFb0pdtU7uxYkRXFg78ghk9fmBO759YPPBHVo/4ke1TumGxpDeeO0aJ46YQs3euDKwzjyyjNGADV8S9vRa5idsxG7mftIXnadv4K0eXJ2naXArfyBm/jRT761Dkb0q+rwXnAh24HGbKk1RD2c0z4r6+FvfmdcZuniVv4kXKQvEbs5A7kXO4HS5+2wLF75zPFNKsfyZ69+dE6H9LpMF3RBl+T7TRD8Sa/ES82c8kmP9CosWv5Fj+IWVZ9iZNSLHuR6rdAFIdhpDqOJxU5zFvKn+nkumqmE62xyxyPeeJ6RxijIYSqT9Iqgxtw/X6EqbbR5y7nzhnf3HufuIa+or1vQnd3UtS5iP0xT46f1SJ3N1bihLHVorT/+MdsXq9pBjdnpLfzm54b/uBk5t/5PSWX/Df+QdB2v0J1hkkpoOJ0B1aJVJv2D9EGY6Roo3GEmM8Ttyf8e+IsqgQbTlBirGaSKz1pCqRb0TZTCbaZhoxtuJdstMSZhJnL97JDwSY8Q7inXgjTql6ta/oRvlDXSkrge5/qQx7316nBL+pzgtJ27OIJCcl6FVC34qA9/0wNmXP8iqpe1f8Q9K+1VKy65p3VK5P3SeOe0uKi2hXSN67VFLOr0h0XCQ+10LxGReIzzxfirWdJ+5hRRfJispuk6MtZ1YJNZskhZhOfEewyQQpxEBse0uwvtj2ljDdUe8I3T3yHWF6Y/8hXH9clUjdkVKU3igpWn+0FGMwpoLJWKKNxfvzRpTRaCnScFQFZV4JgD/U/YpKpVKpVCqVSqVSqVQqlUqlUv3/qetn7WnfogEdWzXio9aN6dCyoaQEvcq6yu6h3/Z26FupssvoSm8Hwf+lfQtNWrSsIeab8FGzZrRpWZMWrZvQWrMaZst+40HUHG6HzOFG2BwuBI7nS"
36531 [Forwarding screenshot on session b1310904-d161-49ca-a1a6-530fba7baea8 to remote] DEBUG org.apache.http.wire  - http-outgoing-101 << "uQYbiVM4HrENB4lrORe5FQeKgFt/CxhJo9itXgQPY37UVPl9FbSXGE2d5PncC95Ng+SZ/AoRYvHyULKNB6kzRBmCXN4kDqXh2mLeJS2lMfpK3iSsYry9LncS1/Aw4yFPExfzIOUxdxLUizhQaJiMeWxFeNzKpV492Lmi2uYz8NYcZ746TyMX8DthOmy/WeinZfZC3iav4bNC76Rlc/t2tR/Q9zH1uLetdIU90DcT6G1uI//ds8r77MS/rZrXo92TeuK/RvTrFkTGjXQYMHEHrwo9eXphRDpiRL8SuE8vBDOowtR0oML8dw5l8ylwkTKb2Rz6WwCdy9kUF6Uw9MzJZzNXktGYkfOi/uXHv0dRenruXEmmOTUjziTNIW8lN2cz+lFfooR966X8vxiCTdLC7ly6RkPrpTw4mY2N4qSuH02m/sXsnl2M4vHNzP4s7yER1fP8vh6IY+uFfDoehGPbhdzsTAav4OmBHgq4a8OQZ4WBHkZiuXdBB4wwN/dlMij9vi47cTbfS2nnew47rSDU84WHHNeg+m2ITjqz8BCpwfmO4ayx2Aeh+znYbDpR+yMfsFs50/st55OgIcBvnts8XZxJsTduKK9Uw7EhB/Fz02PUNfthB7SI9xjK1HuW4jfv524/bsIcjHg+49aUUNDqfhtQvXqmlSvUVcGvDVq1JChr1LlW726mFbTQFNMa1evRrVq1dCoJY6pUxuNurWoqVmb6nWqyTGbWyhhcF1BfO8aatTnxxZtcOneAs8BX7Cucye5v0btFqzv/DXdWjdn+eLOPM814U+nGdw2/J0XMZu5lLSNG0mbuBVvSHnmEV6fPUKuywjijv9I3om5xLsPJtd3McknJ3I5YgfPMpM5k7aES/bDuby4H0WHF3Mn/wgXo8dwN9WYi+FDKEzrzY3sLZSkDeRC1kyeX/DlxYV0youjeXIpnifXonh6KYUnV2N4eDmW8tJEGQzfTrfjWZYR5JjxrMCZ12ccuB23nMuizSvRv3ItoS8P8xZzP2cXN8T363mxHpQ48DzflL+KDHmWqyuXKXasGP833VBWA99PMSTlwDyi980i1mO+eB4LiHNbWiXWdck/RLrMJ2LvvCrhe+ZKYc5z3phHqNNcKcRxjqRU9CqC7GcRYDOJILsphDhMI2LPTGJcxb30WEDSAXEvvZYQaDuHE8aT2bNlEAbzu7Fu/KcsGNiSGb0aMrW7JuN7d2TmoE9ZNb4rhot7sm/naI6YzyDIdQXJ3jqcCdHhcryFDOaTjm4k4dBmkk/sJM3bgJJoB4oj3LmV68Vf147BHW+4GwwP4vnzUTxPH0Xy+rYfL28c416pE+VnTCnP3cXtxFVcDZpN4YHhhFv8wvGtnxCo/QUx+l8Tq9OVBN0fSdD7jVTj3iSYdJNVwYkmv5Jo3oNkiz9kCJxmO4B0u8Gk2I0gzWEU6U7jyNirBMBaZLnPFuaSKe5DgvkQYowHEW04WIbAodoDCN89hCj9kYTpKFXBw2Wlb6hBd4L1vyPY4BtCDH4kzLAHEUYV1b1Kla8ixrD/O+Q60WaswWBijcRUUAJlJUwO1e9FiF5PAnV/w3fnb5ze0RNf7cEE6I3G32AcAUYTCDabSJT5KCnafOwbf4+vG2k6jgjTv8d0DbcQz9hSzFuLqfUUIm2mEm2j9Z9i7OZJsfbzpTgH8U6+Ee+4kHiHpf8QZ7+kytvdIb+tKhR2XvyflO6cU/YqFb6iLUfxzjuK74HTMhJclpOodCfuulRKEd+PZPF9SHJbQqLrYinBTTl+JUnOK/5VtPNMEl0WiWtdRLTVIhJtl5HiIKY2Yr3tNJJs5hFvOZs4yxkkWM8i3mom0WZTpFhxP2NMJ0rRJhOEcW/GU1YqZUdVMBj5d1gqhOuPIFR3GCG7hxKsM4QIfbGPEK43UgrTHVE1r4gxEW0ZDBfHDBHv2lDRxgiijcXzFqKMlO3vijUdJVUuJ5oM/k+V7128yRASTIdKynycccW2KJM+RJuKd1iIFN+ncMNekjKvrAs3GyypAbBKpVKpVCqVSqVSqVQqlUql+l/39ecdZOCrhL0ft2lSNa+EwkogXNk19NveDiL/bX2lt0PhD1EC4OatatCm5YcDYKW75lshM7kZPpcroVO5GTeVS2HjSfMcSs6hqZScnkyZ7zQuBszgSvBsroXO5WbEAu5EK8HsUu4mLqU8YakMbB8Kj5MX8zR5ES9SFvMydRHPMpRun+e/sYDnGQuFxVWeZc7jRdZ8/sxZKL3MnM+LjHn8mf5G9mJe5y2Xxz5OmQ8Fq3mZtVica1ZF2Ju6XFzDTO6nzuZR8hx5vse5q9g4rwstG9WmQ7uGUvu2DQRxH9uIeyrueVvlfr51b//tHrcQz0m5h0oArNzD5s2b0rhhNRZM+v2/A+CLEdID4U5pLHfKSigrEvOXc7l7LoNH57K5krOHpJhBXEqxpihmPGeStMhOm0x62hQu5jiSFtmT0nQtrpfEkBDTkwvpFty/foMbFzJEu1FcOf+I4txdXCzay72L8WJdPi9unuX+lUweXsvkwdWsqgD4vpg+vFXEhYIofL1M8N+/WwbA3i5K+KsvA2A59TAj+oQ9x5w24WI6g1N7lK6fDTm9bztGG8fgYTUfD5vpcuxfF/NxOOhNwnz7EFwtxmGl0wcHg2HY7R7Dcad1oi09/NydOe2wAx/37YSFeMgAWBkPOMpTh2AvMT2oS8yBncR6biX6wHaCPHT44YvmsqtmjepKt801KtSpSbU6taTqtf9WU6M69WvVo26NelTXENuV4FipHtbQoF49cXzd6miK+UbVm6DRoAEN6zdAo4YGW7q3InfsNyRNHsx337aR4wlv6PwxX9WujtHmntxK3ME9L/GdsOnHg5iNXErezuNsfa6F6HA73pULwUZyDNeMwNGcj5tDfuQQLqZocyN/FyVJo7mRuZW8uPEQZE3sym+5nLGEgrSplOd6UJyxgZtZ6ziXa09W1M9i3pabOQ7cLN7F8yu+PL+Yx5OLiTy9Hs2zy6k8ux7H46vi+Z5P4en5aBkAP882hlxzXha78FeRDQ9S1olrEtcQ/js3k4dwPXkGlxNW8iDLmGtJK7kSt4BzYfM4GzSNktAJPMvW48+Mo+I7ZMyjNANZDXwzVptI5yn4WIzBx2q85Gsx+R0+5pPe4Wf1N1/LiVV8LCZUeGtfpdK30mnTCZKf1bt8LcU53xLqMIfIPQuJc1tGvMcKYt1WEOK8UFzbbE6YTsds9VD0FvVi8+SvWDP6I5YNb8ucfs2Y1rsxM4e0YfWEz1k36Ss2TPkW3UW9OW61jORTZqSctiTN25a84L1cy/Tg5aVDcPMk3AmChwnwLJmXz2LhSa6QCU9T4IVYfz8ArhyBC578le8oxwSOMPkF/21fEq37LbE635Bm/Bvppr2I0/+tIvwVkkx/I8miJymWvUm16U+63UAy7Ie8GwC7TJYBcKbbLBkAZ7jPJ8Z4gKzkjTToX1H9q9ufCL2BROoNIWRXf8J3DyJER6nK/Ylg3W8I1f+GMP0fCdn9q1jfXezXR4bAlSrD4Cr6g6SYNyFwtJFo26AvYQZ9CNH7g2AhcHcf/HUGyjF4Q40nEWQ8kUCjCQSJ5xduMpEI00kV47EqY7cqY7i+1UVwrKVQ1Q3zDGJsxbKdFjH2FRLsZ3xQvNhHequa922V1b7vdHf8HqUyVqnW/ZDKyl6lQjjWdm4VZUzcd8bFlUH0TDmvrK/az3aWXB9nKj6bifhMQrT4vYwy0SLS9G8xpuP/U4TlUKKsRhFuNpZQo7Hyfsrg3GRUxbjMRuNkV8gRhmNlwKsco4S80SZjiTOfQJzZeCnWdMwbbwWwpsNJMh9LotkYKcF0dBVlWdkWYzhcijUaQZzxSOLFeRWV+8UaDyPOZPg/xJuOIMFMnMNoiFgeJpaHi2Vl3Qg5XynBdLAUbzJItD9QijUaUPWfEOJMhxBvNpQE82GSMq9Q1itizAYQZzGIROuhJNsOl98XhTKvSLUdSorNEDR6WZ5FpVKpVCqVSqVSqVQqlUqlUqn+NykBcGX1rxIAv10JrCxXjg/8oSBY8fb2D+3zfmD5PlkB3LrmBwNg8+W/V3TrHD6TW2Gzu"
36531 [Forwarding screenshot on session b1310904-d161-49ca-a1a6-530fba7baea8 to remote] DEBUG org.apache.http.wire  - http-outgoing-101 << "Rqqxc3YmSR7DcRu1SfYLP8W69VdsVnzLXbrvsdhw484b/6Zfdt6sF+7D166/fE1HYi/+WDCbIYR4zSGFNeJZHtN48zxOZSemi+D48tBs2RwfDt6Affil/AoeRlP01byLH0lf2Wv5HXOCshbBfkrxXS5sFTML4GCxVAkpiVreV20iieZC8X8Gl4WLOO52O9F3hqxzxae5yyT2x4lz+NJ2mwe5axk84Kussr64w7iPrdvzEftxH0XOratoIzDrPif7m8r8bw6tKxPh+aatGvdjBbiPjZtXIOFk7tXBcBPzgdLFQFwqAyAK0Pgh5eiuZh/hPKL2dw4k8vtywHcPZvHvbMJxIUPoSzbipsZRzgbs5Dy3OMUZ20gJuEHys+EcyPHgjNp47h67jQ3iz0oyhhHQb4bz27ekOMLnz8fQkrcSi4W7eHh1QTKy7J4eatEBr8y/L2RK8Pfh1fz/zUA9vcwJuSQMcEHlRBYXy4rAbCX7SpMtw3j2J6VshtoW73hWO6YzGm39Vjr9mOf6QKO7J2JyZaBYv1wTrsux1ZnLCf2LsPdQgtH/fF4uy/Hx82KEPdd7LdajLuLDlGhhwn2MCTEZSvhh3YT4WlAqMdOwtw3E+K5Cd8DO/iua1MZ0mrUVrp21pBqV69Bneq1hXrU1agvNBQaV4zrW7MG1WtWo2bN6tSpK/arW50atTWoJmg0qkvjmp1ortGChhoa1NXUoE49DQZ1bUjZ5G+4Pe5bdKd/RYNqGhh068jnYh+zdd15kKPPlYDFXDw8iXtp2tzOMYKzDpSHGfI0wZWzJ7ZzzX81JVnTiAz5lOLkbcRHD+Jc8XyuFOiSndSJ5+c28WCfEfn7NpOR0JeSuElcydtMft4iHucdIT1pNmcTVlCWvJPLGTbcL3Xn0YWDsivxl9cyeH4tludX0nh+I55nN5J4fCmd5xdj/w6A8y15dXYvr4ptxXdhF1eipnAjYQzPi+dyN3MetzPE9+lCILdTV3I1eTyX4qZRHDyCwuDePM/X4a+MCJ5nGvI4RV8GwDdidhHuOIlTpiM5bTaG0xZjCbCcIPlbjH+Hn/k4yddy7DtkePwWf7HPhwSINhTvB78+FuMkb/Oxkq+JOIfJBHxMK3ibKSH0FGGq2G8aQXbzCbSejZ/ldAKstQiwmckJyxkcspzDCadlmKwdw5Y5vVk8+nuWT/yFffpLSPFxIt1/H2m++8gN2sO1NPGdOn+Av64f4fWtAHgQC88S+etFPK8eF/DXo1xeP82BF9nwMBEeC/ejuZuzX47h6739e7w3fkH4rq+J3PkV8XrfE2/YjWi9n4gz+lGKN/qZeNPfSTTrSZJln4quoG0Gkmo//B8BsFIBnO0xj0wh3mwgUYZ9iDHuR5xpRUAbZThAhsGhOn2J3N2XkJ2/ELTjO7H8DeF634jpd4Tp/Eykbg9Ctbu/I0ynB+G7exKh24tIvT+I0hPtCTIINhws2w436E+Yfj9C9foSrNcPX+2+nN7eH++dQ/EX3/Egg/GEmUwm0kq8+2YzpCjzmURbzJGizGeLdbOkWIspxFhOIdZqshRjLaY2U4i2rZDoMLPKP8JfIc52epVYm2lSjPVUKdpKtGE57T+FmUz8T+HGk/9VmNEk8Rm1CDOfTKjxBMKMlYrmcShVzkoAq1TaxpmPlGLMRlSJMh8hPvtwKdr0v8VbDhXHDyPefIwwoaJbbKWrY5NRRBoPRxn/OV58X+LMRst9lHA3ynioOPcQcQ3ib66YVjEeVFEtbtT/Hyq7CX+b8h8LlPdJOSbWZHBV6KrMV7alvHNJlsPE+zqCZKvhsiI93mywnCrrEy0Gi/VDxbs8XEqxHiaXFcp8ZWCbaj+y4j13HE2G+HeCItN5rFgeK6bjydozQU6V5cp12Xsnkmw3ihT70VKaWK9IdRD/zhDLSbYjyXUaQZb9UDUA/j/R0/wsXWZdp1nXx9Rt8VL8kXxFjTqvqN/uOe37lfP96kv0NCv54LEqlUqlUqlUKpVKpVKpVCqV6p+6ftlejvmrhI4ftVNCx4p5ZUxgZblyfOC3ybGB3/ifAsr/iRJeKgFw21ZN+bh5czGtRcs2TWlTv7oMgB/GafEgZrYc4/J62Axuxc8n2LEPi4fWZU6/lkzq04iJvRsyvldDxvaoz+jfFA2lMb83Zlr3Jkzv0ZQZvZozp29rFg1qx/LhH7NmzOesH98ZnRld0Z3VFcP532Kx7Cfs1/2Cy9aKAPmgfj/8zIcRZD2CSOdxxLtNIP3gZPJOTqfEbxbng+ZwPkyL86FzuZWwkmtxi7mXsZxbqYt5VriV8rStPExYxuOMJbzIXc6LzCVVXUBvWfg1HVs14JOOjSQlBP47CG78VhAs7tF73n4WbdqI/ds0oGNLTdqL+9aqdTOaNakMgL15eiGIJ+cDZQD88HyQDO8eXlBC4NCKAPhiBmcz95KbsVosF3CnNI5rBUHkpCwiM2YdD84lkJ88nrKEjVzPdKQwVZeU+DXkps3nZsZBUmNXU5zelSfnzlF21oW06FHcKIrj6qUs8nO1uJDjy91ziTy6nMedc6k8uZXJw+tpsvL3ybXzVQHwPTF9cLNQBsA+B4zx89Ah0FObkIMWhB42IviQLkq30H7uRsSecuSY8wZsdcexx2Q0+0xmYbGzP6ddV8t5k629sdg2BivtgTjqTcPNbA77lGrMrUNwNhqHl91M7PVG4WE1jWAvM3z3rMFqxzjsrNYRF36MsAMmBIr2ww9pE3PYXCzvJthjG0FeOzgpruvrLi1lBXA1zeZUV7p8rql0+1yNmorqNahRrSa1NGpSU6MGGg0ao1FD6fq5HtVr15HVvzXqaFK7fmOq1WtAfQ0NoTW161SjRe3afNJck0XfdaS9pgaeo77k4bj2JGv3YOug5hwZ9hWf1NJgx4ofeHLWhBtx6ygJFu9cvhEPi6yh0JnX8fb8FefM1QB9HqVYkBD/O0dOfkuA/1RCg4eJ5WWkp24mO64fT5N2k795MucT51KSuJlrEcPIierO7RILLkUt50queFfPpFCavpIzacu4f+Y0D0uDKC89xYur0Ty9EikrgCsD4CeXM2QAfDPVhqeZypi1FrL751fFNjzP0+N6/BJuJM3hftYCriVpCTOh9Ai3U5ZwM20ct9OmcyF2PGcjhvK8QI+/sv14liY+R7Iej9IMuR2rQ6TTZHzMRskQVglmfcxGvsPbdMQ7TpgMe8dx46HvOG0g9jMUxwk+RqJdwdd4tORnMobjYvmEmFecFMunzZTwVwmCKyqIQ60nE2I1iSAx7282AT/T8fiaTRS/G5Pwt5gs1yvbgy0nEmgxCV+LqRwzn84pxyVEHdMmO9qNeH87TrntFO/qQo44bCY92JWsME8yQ/dTELaXGxluPL/gyaurh/nrujev70bx+nEcfz6NgucJQjyvnybw4mEkT24G8OctX4pjjTFe1Q3zSc04tPJLgrd9T+j2r4nR+YaY3V0J1+lKjPGPxBr+IMUZdiPO5DcSTHuQaNGbZKu+pFgPIMFKqW4cTJLdcJIcxpLsNJGUPVNIc9EixWUm8eb9CddTxvTtJYPgCP0/iDToTbRRRYCnhLwhO38maMc3BO38SlYi+2z6Ev+t3xK66xf8tvxUxX9rNwK3K2Hxr4Ts+l0GwhG7lYriAUTqD5ShcoThYMLFNOyNYH0l9B2M9/ZBnNo2FO8dwwnYPUaGoVHmE4gwmSIpFcCVlIrgCFkdPF6GmAqlorVSuKmYmo0WxhJiOIpgg5FVgvRHEKg3vEqI0XCCDYe9I8hgaJUQo5HvCDUe9Q7lGhTK9XyIUl1bWWGrVNsqooyVgFfpUlnsIz5PuHjvwsTvYJjxMCKMhsjwNcpgMFF6g8Q5+xP8liDjCgEmFYLEvpWCxffhfdG6g8S7Iu697jBiDMU9kV0yj6m6hghD5ZkMEstDiFHCWaU6VgmMLYeKd2eYDGEVVaGrzRBZFatIsxtKuv1wKcNhBJmOIyVlXtmeLN67dLuRVTLsR/3D28cq0zS7YW/aHla1LctpFNnOo+U+ynqFsl5Zp4S0lSGuEtwqAa78zw7O46Vkx3GkOk8gbc9EOVWWFel7J5HtNo38A3PI3T+LLDcts"
36531 [Forwarding screenshot on session b1310904-d161-49ca-a1a6-530fba7baea8 to remote] DEBUG org.apache.http.wire  - http-outgoing-101 << "t1nyPkCr7kUHpwnFe3XIs91Chp/WJWg+ne/7LxAyx8fiT+Q/Kfm3zzmlx0X+MPyw+2oVCqVSqVSqVQqlUqlUqlUqr993bmDDBWV0PHj9k2qgkclXKwMhD8UPP7tw8FvZYXv++vfpwTALdvU+kcA3LZBDSxWdOd+/DTuxc6kPHoONyNm8DBtBWH7hjNrUEMm9+nI6N7tGNGzNUN+a0n/n5rS6+vG/PZlA7p9Wo8fP65D17b16NK6Dl+2rMXnzWvQqVl1QZnW4LPmNencvG6FFrXp0rImX7etxfcda9GtU11+/aI+/bs2YfB3zRj9S2sm9mqH1oCOzB/+KcvGf8mqyV0wWtwV/fnfYremBwd0+xDlMQov/W85YtSDY0ZDyPYcyaXQ6TzPWcHr3NVQsIJnBWvZNL8L7VvWo1OHRlU+bd9Y+qRdIz5pK6aC8gwqVT6bSsozadeuidz/Y/EsOrZrTpu2zWnRrBaLpvzO85LTb8LfQB6XBVQEwMKD83+HwA8uZHIp/zAxsT0oy9/JvbyLlGYaEB/3LffOJpGdvJGMmGEUxY+kIL0fpbkWXCtMoTBzORmx/clP1eN8xihy02dx++wlbhWZkpEwh9IyO4oyVnHvYiT3zifw6EoO5edTeXQjnXtXkmXw++BSiQx/H1zJqwqAz+dHvhMAB+w3ltXAAQe0CfLSl8txpx3x9diGu9UMrLT7YbSlG4cdFuNhpYX5tqEcsluO/obfcdAfi7+bIUcd1mG1azjWu/tisasnLmZjOOq0EFvtifh77sBJZ7SsCA70sSMx6iSB+/SI2b+d0APbCHYX1+G2g4hD+kQfN+ekqyE/fNaO2hoa1NCog0Y1JQxWtEBDqfjVaCjUE5Swt5bcr47QrF51mtfToFX9WrTS1KS+Rm0aaDSg70ct+aV5MxrW16Cu2O/HFo2w7/4lzcX8uB8+pkjrY1I2deGu0wxODvqExnU02LzpV8rzdHmRoUtJzGYeFVnyKMeGGxHGkOTMPb/d3Iux4GbmHq5ctia/zIjzV624U3aavPgDnDm3g/Pp83l43IHoLd+RmT6IW8XmXE/tza08C4rTtDifsIYXxUk8uxDNk7JwyjIMKMvUkWP8PrsonuOFAB5fDJJjAD+9FsvT64lVAfC1JEsepuryOsuE57lm/FVowf10He6lb6c8bTNX4xdyPVGLGymTuJu8kisxM7kcN5lLMULsbErCFvA415TXJS48TzfgSbI+j1MMuBm9izD7CZwwHMoJg+EcNxrBcb1B/3BMd+Df9MXyBxw3GCyd1BsmndIfLsPgykC4MgxWQl/FKdOxUmUAXMlHXIOv8UgZFvuZifdNCYHNJ+BrJraZTsDHeDhBZqOlAPHeKV1NHzebjrfzMmJP6OF/XJdIX1OCT+jjaDwXN6slJAXZkRPlIhWHuYjn6M6L8578dcWLP6+d5tXdcF49iublk0h4GFjR7fP9EF7dCeTVjdNw8wSFQZvYOrEJFhMbc2TVF/hu6Izfuk8I2/45IYLftk/luMChu7oQpv0V4drfELb7eyJ0fyLS4FeijX4nxrgnUaYVY5lGmw8g2nIIsTajibMbR7z9ROIcphBrMpCgXd1Fe90I2PEL/tt/llOle+eQ3b/JkDdg23f4bv5K6Iz3xs4cX/M5x8Q1HV/dmdMbv5F8Not9tnyP/7YfCdzRjWBxXIj2r+Ka+klK19Jh+gMJ1x9CuHj+4YbDJSWkjVTG8zWZRLjRBELEdz5ITwmBB+Gn049Avf6CMhX0+7zxh9CzgnYvgpQuqnXE+t19CBLnCto9QOw/UAoW70WQeD/eFqg7tEqA7oB3VB5XSalOVq6jkv/u/u/w0x4s+esMqRKwW7T7hjIWrjImbiU5prKgjJWrCNQbSah4XyNMhxFtNkTchwFEKlXYSgAsrj3GYJwUZfi3yhBZhrgWI94RYzmySqzVKFJsx5NkPVYYIyXaVEgW61PsJpAs3oUU+/GkOkwQxpHmOJ50pwkyRJVB6htKZa1SYZumhLv2SlfJw8RxQ+W6yi6TlWnFPhWUZaXaNk0JZt+orL7NcZlE7r7JFHpMJd9tspifKBW4T6Fo/7QqhZ5iemA6xV5acj7fYwoF+6dy9tBMzh+fJwNcRZ7nbHI8ZsoQVwlzM12nk7FvmvzPDql7p0rJzpNJEJ9Tocyn75tOmNkIGZ77iPfm1K7enNjRSzq2rQdHt3bHa3Mv9m/orgbA/0UJdBt+/Ez8wfxw6Ps+zVYv6DrvGt2Nzn2wPZVKpVKpVCqVSqVSqVQqlUpV4dvO7fm4bUMZIirhozKv6Ni6vlzXoU2Df2gvtv3tvwPgyu3/RqmCVQJgpfviT1q0ENPatGrb7K0AWIu70Vrci5rJjfBp3E9fTrjnaGYMbc74QZ8xus9HjPyjA0O7t2NAt7b0+b4V3bu04OfPmvLDx43p0rE1X3RoyWftmvNxm2Z0aNGUNs0b07pZY1oJrRu2pGX95jSr24TGtevTqFZdqXHtOlKj6tVpXLM6TWvXpHmt6jSvrUFLoXU9DdrW1+Az4atGGvzcpjrLR3ci4/Rijhj/gsum72U1YKbHCK5GzOLPvLW8zhXylvEkbzUb53WWlbufdWz4RuM3QXCTqiD403ZNqiqD360Q/lsHub94Zq01+ai9uG/tWtCyeU0WTv6NZyUneHIh4K0AuCIEfqAEwW8C4PKLkVwrPszFXBvSk77mTKI+Z1I3cjl3HyVZBiTFzuBy+gEyEtpRmjOBJ5fyeHS1VLSTQ2ZKZy5lr+BmSSaFOf25nLWJR1fOkZ09nPzU37hREkxJ0SYuFFtz73IEDy5l8fxGMfcvZ/P4en5V9a8SAJcr3UDfKKAsLwJvTyN83ZXwdxf+Hsr8LgK9dhF62FAuRx235fie9TgaTsB6V1+stH/Cy3IxZpsHcsh2DgctV2G1q7uYn03IATMCPXfKil8rnZ4cdZmIvf5gDtkvYK/hXNkttIvuMI7YzybQx4aowIP4OmsT7bGN0ANbiTqsR6inDlGHjMTUkCPWWxj8Q3s+a6BB5yYa/NBKg1/ba9Dn89qM+LEB0/5oyYJh7Vg57lPWTf4cnZkd0V/YCd1lncT1fcdx54nY7RjM4K7V+Uq8O6O/asTuwV1YNqgNv35Sl2nfdUT39/Z0bakhw+MdvRphNUGT65bj2ftrM+o1qMWmTT14fdYcMo24lW7Oq0IH7ieac8Zblz/TXLjuvZlXZ9x5dCMUuMWTV1fh9QNelaZQFOnI+VILCsMWcMliFWbL2mNhMxlXl9844tWPMwXbyIgbws0zKdwtLuJ+2SkenUvkRp4/1wpdKD93UIbCf15OEu9UCE8uJvP4SrR47nGyC+hnF2K4kmDOvSRtXqYZ8CLXiNfFFjzMNubPs078VeLI3YxtPMxZxKP8KdxIHMHtJKVr6Nlci1tIeeoOrkTriv2t+bPUtKICOFGXR8n63I7aRYT9RE4bDeeU0UjJx+SfvI1HVJHVwm/xNR/9Dn+zSVUCzCcTaDGFIMupVQJtpktBtlpSsN0MQuxnSqEOs4hymkGkoxZh9tMItZtOsP10uS3McTZhznMId5hOhNM0sc80YvbMItplAcHOCwl0WSXeqZ2EB5gQE2xBhK8BDsYzcDGfS3qYNXnRjmRH2FEY4sSN9H08L9vPqytevLrmDeWR8DiW18+i4XksPIhC/EAibhBc8IWyo9yM0OHghp84tvZzDq/owPGV7QjY2BG/9W3x2dSBYO0v8dv5mQx//ysATrAeSKLNIBJth5BgN5IkpQJyzyRS904nZZ8W2Y6TZfe+cpzfXT3x2/YLPlt+xHfrTxXTbd/jveVbTm7syqlN34j57zgtfhuPr/uWQyu7cHK9WL/haxkAvx/+SqJdpSvpEN3+hOoOIlR/KOEGI4kwHE2Y0WgizcfJSt9Is4mEGY4V+w2TAW6Aci07f5MhdJD2z/jv+B6fbeJcm7/gxMZOHN/4sXRy/VfyGk5u+JZTG3/g5KZuwi9iv984KZza0us/ndz0axXlGMXpLb9X8d/Rp0rAzr5S4K5+VUL0hsjPVCnMYJhUGXDHmY19M3buu2JMRktKt8zxlmPFcxpJvPUQYq2HEa+Et"
36531 [Forwarding screenshot on session b1310904-d161-49ca-a1a6-530fba7baea8 to remote] DEBUG org.apache.http.wire  - http-outgoing-101 << "OJ9THGcS6bluCrplazHV0m1HkeazXgp3XaClGE3sUqY7Xhi904ibs8Y4vcMJ919NBluI0lxHibehSGkOmuRvnemoEXanulSxr7psqvwdJdpZIl5RbZYVipmc9ynC1OlXI9pnD+1nLNHF8kAVgleKytpK+V5KhW2yrYZsl2lTWWqLGe7z5T7pzhPkv8xIcJc3DezoYQYDyLQoD++u3vjrdOb09p/cHx7dw5u7IbHmu9wXfk17qu/Zf/a77Fd8CU287/Aet7nWM39DIvZn2I282NMZ3wkGU7vKBlM64DelHboTGyN9oRW7J7UBv2p7dGd2IbdE1qjM74V2uNasmtsC3aMbsb2UU3ZOqIxm8e0lzR6W5ei+rD2ve9/MOj9n3Tof4/eVh9uU6VSqVQqlUqlUqlUKpVKpVKVygBYCSL/LQDuqMy/8aEguHKs2g+NV6t4Pxh+nxIAt2pb+4MBsOXKHtxPmEl5zAwexs7ieugEbifPI2j/CCYNa8zwgZ8wqk8bhvdqzZDfWzPg55b0/aEVvb5pyW9fNqNbpyb80Kkl337akq4fNeOL9k35RFyTMr5x62bivE3r06Z5ExkGt2zcmOYNG9K0fkOaaDaicb2GNKrbgAa160qNa9erCIZrVmhaW5MWYnvrerXpqNmAdtU1mN7/I+4VmJLnPw0/i16EW4+j9KQW95OW87pwE69y1sgAWKkA3rywswxuv/y4cZUvOjaRPu/QtMonHZq84/1AuGPHprKdT9rUlwFwu/Yt3wTAv/D07HEZAD8+7/9WABwgA+CKEDiYuxdDuJjvyr3iEHISh5MY/iVFSesoL0wlPnoAlwu8uJ7rQn7y75SmbONOSRrXSkO4lB3MmfQFlGbO53x+IPfPHaQ4rR9nszw5l7+RgthhXCiyJyttCZfO2nD/Sjjl59P583aJDH+f3Cjg6c0zMvy9fzn3XwPgQE8TAjx3E3xIh5BDBvi6GRB5zAov2xXob+iH9a7e7DEahtmmYezRn4av6zrMN4/EUW8Y1jv7c9h+Gaf2rcJebwxm2wbiZaeFi+lE7HaPwcNyDjqrf8PLYjieVpNw37OVcD9Pglz1Cd27njCvLUR47SDEfRuRXnqEi2tKPrKbk+bTCHGcSLzHZM6c6snZ070o8+nFRf8+XAnow7XgvlwP6cPN4D7cCp1IxpE/OGTzETZGLfB0/QVn81+ZM6w2o7/XYEIHDea01GB9zzYc3j6c+G0TmNmjBR0aalC7fi3x7tZn7rD67JvTCWvxfmk2aozuih5QbMOLTBPuxFjyMs5Ujv17LcYJzhzhVsQOXl7cz0vEPX55mRd/Ag8ecyv4NA8zrSnK3siNMC/yNv/KttXfs3jhNyyd9RFzVn/H6cBveJZzgrKSYO5fSOReSRzXCj25fSaApxfSxPQw5WdO8OpKNk/PR8gK4IeXInl4ObZqDGAlAL6bsJPnKXpQaMSrInOeFdrwstSDV2UHeZRnzM3kmVxP7MfNhOHcShrEzcTx3E7cyLNsJzFvSXmWFQ9ybWQ31Q/idXiUqMfdGB3i9k4nyGo8QdaTKlhMeEeg+fh3KBW5lQLMJ1ZRumNWKGPzKvyttKQA6xlVAm1mium0qgC4MvxVgl8l4A13miMD36rlPXOF+YQKIc7zCXaaR8i+BQTvmUOg3bSKfZ3mEuQ4nzDxTiYeF++0jznBp5QKYEMcjeez32opGSH2ZIfakRloTWGwI9fTXHhZ5g7XvOCmN9yPhKfx8CKWv55F89fjOHicJJ5xIuIFhHNe3I/eRYhBD8L1uhK88zNCd3YiyfgrYvU+J0q/Cym2vxNt8TMpFr+Ravk7aZY9SbXuTbpNPzLsB5HlOIRsp+Fk7R0pjCbLZSyZ+yaQrQR4nrPIOzCXvEMLKdo3h2SLccQYDSVW6YJYb4AMggN2/CbDYO8dP+C7qxunt/3MwTXf4LH8KzxXfo3X6m85sOobjq7+guNrlUrgr/Hd8h0B238kaGe3KhUVun0I3t2PYN2BhCrVrwajZNirVPyGmo6UVcBKd8oBu4fgv6uvPCZU93dCdr8ZZ3jXL7LL6dMbvuTYmo84sqodh1e1FlpybPWnwmdi/ZecWPcVJ9Z/w8kNP3Jqw88yCPbb3rvKh0Lc8N2DqkToDv6HKP2hVaINlG6Uh0uxRiOkGJORkjJ2rqJyLN1KUSbDpMoxeZUxfGOVcX0txL5Cirj3iWI51nwg0VYDiLYZRqStuC9WMwgyF++jeMfDLCuEW02WXZZLtlOkAMuFBFotkoKsF0vBNkukENul+NqvEu/qGk5ZTePg7gH4mg0WbQ0n2GQQYcqYvMqYyA4zibGdTrjlBELEswg2HUOg8Uh8xWcOMhxBgP4wfMWzOyWejVIVe3DjL3iu+0mGsQc398Rj3a84L/sO+0VdsVv4FbYLumAzvzNWc7/AdManGE//GIMpHdCb1A7diW2rKMuV63TGt0Z7XCt2jVVC2L9tGtlM2jyqubR1TEu2j2vNront2D2lI7qTOlTZPbE9OhPaSdrj20o6kz76B90pn6A/rRMG0z/DbFYF05mdMNb6BMNpH6E3ub1oT1yXsGNcB3HMJ2oA/G96mZ6jyRdPPxjw/k+q13rN1wuvf7BdlUqlUqlUKpVKpVKpVCqVSvXPAFiZ/7cA+EMhcMe2Td7xdiCs+FDo+7b3A+D2berIALhdw5oyAH6UPIcH8bN5ljSfW5GTuJMyl9CDw5kypikjhnViXP/WjOrdkmHdWzLol+b0+6EFf3zdnO6dm/Lr5034qWNdvu9Yh+861KVr+7p82bYunVrV5qOWtenYvA7tmmrQvlk1oQbtm4rlJnVo07AererXo0W9OjRvUJMWDWvRskEdWmjWpXm9urSsV5/W9RvTtmFT2jRtQ7tG7WiqocH4nm3huhNc3sX5YC2S9oym8PAUbscu4c+8DTIA5swa/jq7SQbAHVrVpcunTat0/riZ9OVHTYXmfNGxGZ8qAa/wb0GwEgArlcN/B8DNqwLgJ2eO/R0ACw/K3ngrAFa6ZT6X5UZG5GxKY2zJjulLTtx00hNHU5pnyPWiSFITO3M1U5f06PHkZs/l1sVAkhKGc7PQlrJCM84mD+VhWQK3zqZSkNKdkmRDbl88RWbs75TlHJbdAz+/mcutknj+vJvN09tZ3L+cx4NL5//HADhgvyH++3VkBbAy9XHVJ97bgSOOq9Be3RNX8yE4603FeGNPjtisxXb7NFyMR+PvvkFuczIaho3OUPaZzuCUy3osto0nyGsrjgZjsNzVHweDYeKY37Dc3pdDHrtIjDhBmLsRUa6bCTuwmWD3TUTs30H8YQPC920k+eBqIp2GkuT2CxF27Thl9QenrfvibdWf0xYD8DEfhLfZIE6bDua08SD8DXvivutb7Ex+Yt2WT5gyvzVTZ3Zm+rifWTZxCJ5jvsB17Jes7fMlOiNqkbXoW84keOJgvpBPfm5Pg3bt+KN/Aznmtf7Qz1C6lbZf2oeXEdt4VWJPkecmrh1exw1vbf486wNX/bkVv5Pz6aZcfZrKy1ePech1Xt14QIzBdigy5/GVPTxMcOHW7gUcOtgdb4/e2O/8BD3HIVxI84DMCK6eP8jd7Fiu5Udy/0IUt0sPiOd7mPvF6dwvSOVxWRB/Xg2XYwArAfCDSzEyAH5xKY6riRbcid/Bs2RdXubo8jhrN8+L7HlatJ/XZSd5fc6ZawnTuRjzO+WJU7gU240LUT24GbeNF9le3MuwFPs68qzwOE8SdXgQu0v8BuzmTrQ28S5ahNhMFCbLADjEcgrBFpP/Ich8kqRU9FaqrOoNVsZ+fsPfepYUYDO7SqDtnCqV1b5vU4LgSu+GvvMIFlNFkNMCAp0XcMppLv4uC2UQHOm6mKh9i8R+Cwl3XUXKCR0i/J0IPmlF8DEL9posx918Fal+9mQH7aEo3I2iECduZrjy14X94rflINwSz1gGwLHwPIanRPInsbx8EcPz8hD+unESbnrxPHMHEZY/k2DxHdmOv5Bu8Q0ZVt+Qa/cTWfa/kuH0B3HWv5Fm1Z106x5kWP9Bum1fMu0GyPA3x3kYuXtGku0yShhD9r5xZLlOJMdDi9wDsyk4OJ/8w4tIs"
36541 [Forwarding screenshot on session b1310904-d161-49ca-a1a6-530fba7baea8 to remote] DEBUG org.apache.http.wire  - http-outgoing-101 << "55KlP5IIvWGkWA6mnjTEbIiOMpwgBwD2F/vN8JM+uKv+wd7F3+J/rhm6I1tiqVWBxznf86BpR9zaEWnd0Jg/20/4Lf1e0kJcwO1exOk07cqAA5VxsU1mkCE8UTCzEYRZTWOaMtxhJso2wYQqt9L7NeNYJ1vidjRg9CtvxCw8Tt81n7F6TWf4b32U3w3fIrfxk5yPGKla2q/LV3leQO2/0Tgzt9liB28qzchuwdKsvpYCNMbLLuhjjAYKindLCuUz6+I0BXrhfDdQ6TK7dEG4r4YjpRijUYRJ36jFIniupOsxkvJ1hNIEe+2ItV2kpS+ZwoZe6fKKtpc95kUeM6hyGseZw8vpOTIIm4eXcG140u55i3mQ1ZyK3oL50O2k3poE6FOqznlbMrpPWbSyb1m4jfQvIKrheTt6SD5HHCUfL2c8DvoXCXcy4Mgdzss181g6dDOrBryEVtGfMqOYR9hMLYLulM+R3+aeK7TPmf35E+Fj9Gb+qmkhKU7xrSSdo5tLbRk17hWsoJWoVTT6k//BN2pH6EzuYMMZPWmfSyXtSe1l0HtzvHtpV0TOqA9sWNV+0r4aqj1uZh+gdGMzhjP7CLnlWvYNeEjSXvix+ycJJYnd0Jn6ufoaXXGcFZXjOd8g8ncbzGd9x2ms7tiMusrebyhVsXn0J3SSbajBLfayrFTPkN32hcYzOiCiTjWYsEP2Cz5Gdulv2C75DtsFn+L9SKxfv5XmM/rIqfKOoflP+K55heObOqJRm+b86j+qYfxRRp+9Pwf4e7/Kc02L/l565UPtl3pd91ksU8Iv2rH0cvizAf3UalUKpVKpVKpVCqVSqVSqf5f9LXSBXT7xlWhohLyKvOVXQy/HwD/33o/EH6fEja3aVeL9m2a06l1Szq0rU2b9s3o0KQmVqu6U548k/L4WdyPn8uNyKncy1xMqOdwpgypz5gBHRnbrx2jerdmaI+WDPylBX1+akav75rye9fGdOvckO87NeXbTxrTtWNDOisVt+IzdWrTiI9b1qdjc03aN6svtWuqSdsm9WjTuC6tG9WhVcPatGxQi8YNq9Gsfi1aaIpt9ZrQrl5z2ms2o32DprRr1IxPGlXniyaN+ahWNab2/YgHZ03hoS5/XVpLjv9Iik6P4UrUFF4UruFVwUYoWM3L4s1smv+VDNi7fNpY6vxJI+nLj5Wq4IZ88VED6fMOjf9buyZ8Lj7b5x/Xp1MHcYy4d580q8XcsT9x79xpnp7z50mpH49LfHkkptI5pUvoIJ6cD+bhlSRK0veTmzyN1PAxPDnjQ0bUZHJT+/GgJJDMuF85k2VKedkNrhWHkZ00luzk3ygt3MDNi5lcv1FMYYoBmekzuXrWi4K47pzNGkdZwSmK02eQnaXFnfMBPLkVwY2zETy7VsbTW/k8vl7Eg6tpPL2ez8OruTIIVqYXckLx9zAgwG0XoR478XfdRaC7mLptJcRLrHc3JuywJcf3rsbJeAyWOr9huqsLDvqjsdjZB8ON/Qg/ZMkxp5X4uRrL7qFttPvgs3cbUYfN2Gs4EftdU/Cymofh1vYccpiJs05fHHaPJNDbkZSoAPycDYjx0CbIYzNhXvqyC2jlWqI9dxDuuppjJhPw2NWbg3q9OG4yjBOmw/G2GEGA9XCCbEcQYjecMPthwhBi7fuQ6CyWLX4n3KwPCa7f4WjQlNGT2zNbtzfLjT7FRP8TAg26E6n9PcFWX/LX7UPcvZfE7NVfMnZOW9Zs6M8PXzVkx/rxrFz0vax6LvHZDXGHubF6Inct5/AgxBiuRfLgxklK87ZwPmk1XDnGo/vnef7nQy5nBVLmvkMcs48nmRacOzmfa+I4xDNLcR2Pn1EvCvyGcDZiGo+LjlNe7McNMb2RG8qds8e4eyaYB0WJ3Ck8ze2igzy7GC67glY8PB/F/fNxPLgQL96pUC7EWnMjRocHCdt4lKHLn8VG4p235EXBfnG+ICg5xtPcDdxOGcjVuKFcix/GzYQFPMuy5Um6B3eSbHmU7cyz3EPcS1rDnbj13IjeIj6eDjF75xNkNYNQ+/kEWM0S90vrDSXQnUKw9SRhwhvjCbGaJMfmVQRaTiDQaiIBYupvPZFA28lEmCzA32oqJ+0m422/kFPGWoTain2sh3HcfBghxmPx0R1JgJE4xmSyaGc6fhazOGUyAx+ruWJ+DIHiPJWCbMR5xfHKVBFqIdbbzJBV436W04gQ1+dnMgpfm1lEHt5JiI8eET4m+Hpp42K2jD36C8kItCfNz4q8UFuyg5y5lObEy8uu/HnFTUxPwq0oXt6M4PmdUB4/DublvTz+vFXIy3LxTO4egUuHeBqtQ65Zd5JsOhNn3plY069JMO9GsmUPEs17kGz2O6kWPUix6kmazR8kWnYnw6G/lGTdmyznweTsHUrenjHk7h1LjssEcvZNlhXAuZ5zZPVv/pHFpNoMJ9FiMHGmA6pEGfYhQv8PIg16E6Lfn9O7B6M360fmDvoErb6dmN67LVN+1sRkzk8cXP41R1d/z6mNP+G9WfEDPlu/x3/HjwSJ767fju747eohx+cN0O1HgDK2ruFQAo2HE2w6mjDxTCLNpxAl7nOEkXheen8QptedcL2fCd/9IzEmoo2dnTm8/hP2r+qI9/avxbk+x0csB2wQ37tNSsXvtxzb+jNh4jsQtO0rEvR/kuMRhxoNJkRW4A4gQvtXEkwHEm2pVLeOIsZsFJG6vSi26UOx7XCyzIaTaSWmSnjuOpx8j0mkOU+hxGOGdMZDi2Jx74o9Z3Dh2AKunFrCheMLuea7iOt+i7kZsJSrPgu5E7yCR1HruRe2Wk6fJOzkQcxWnibu4lWGHn+li78t6TqQpcfrTF1eZRryV7YNf2baQb6tYMbrHEfSTjtx2uMgQV6H8Nm/H+/9+/A/6IbfITd8vNw47eWJ76FDnDq4j9OHXPE+LNYfcZd8j3pU8T7qROQpH8w3zWL+sAasGt6O7eO+Qnf6V+ye8j3mM77GetbX2M39Bsf532A//2vMZ3fBaMZXGGiJ/aZ0Fft1lkGxEtoaTf8YE62OWMzpiN2iTjjM+5p9C7/BdWEX9sz+BButjzHV+gx9cfxOrW/ZNu1zdk6tCJnNZnTBeuaX4nyfYr/wU5xXfIbbvC9xndcF57ldsJvTGfOZX8hgWFerEzpiqiOO0RXHGIpjzOd8LK7vE1wXfYHXkq84uvw7vNZ8wYGVop0lH+E8r4NovwPm4vzG4nMZz/4Ri9lfYyqOt5jRSXzGTrgv+1K8P9/J6vQI3V/F73pffHV74L2tFyfX9yPRZiHhVovwt1lKgPgbFbBnLb6Oq9QA+L98NOTeB8Pd/1NNOz/l112XP9h2l5lWNPmiOw06fE2jTj/T4vthfL1g7wf3ValUKpVKpVKpVCqVSqVSqf5f828BsDL9XwuA29eWAfCnrVq8EwBbr+7BvZRZ3EuY/X8cAPft1pxe3zXn965N3gmAv/6oEV06NKoKgD9p1UAGwB2aN/jXAFiGwI3q0qJhHZpr1qJ53Zq0qFdLrm/dqBYtG9eQ19mxUT3a1tZgUv92PCqzgBu7BG3+LNXmasRMbibO4mXR2ooAuHANL4o2yQBYqbiuDIArQ+DKALgyBJbh7n/4rH2Tiv0+ri/HEv6yQzM+aV6jKgB+cs7nrQDYl8fn/HkkKAGw4k5ZPNfPHiQ9fgjpcT0ojNDnXPoGshKHUJi8htLMhdwuiuLehTNyHN/iTC1So4fILqAfXjvLjfPB3LyZRU7CdopSe3OjKITS3NnkJn7OvYuJZCSv5EyeNvfOZ/HoSg7PbiXx8HIZz2+d4+H1vwNgZSzgR9fyZADs564vA+AQ9x0Eeewm5MAuGQD7u+uIqRHRJ+w45boOe4ORmO3ojq3uYPaajsR4cz9czbTwcV9NyEEd9lsuwnJ7P+x1RnNyzyIZJPvtMWa/xVQstb/Bw2I8Ztv74Go4AAfdoXi47CQq4ChB+8Q5xLlDPLcQdmC3DIDD9u8i7qA28Qc3E+Q8Fx/b8YTumSjmpxLiNIVgJzFvP5Zgu1EE2QwlyHqQFGHdkxDLPkRY9SDavB/FJ/oRsr8bw4e2YeDML1m661O27u7ArtUdWNC3O"
36541 [Forwarding screenshot on session b1310904-d161-49ca-a1a6-530fba7baea8 to remote] DEBUG org.apache.http.wire  - http-outgoing-101 << "qbzO3Ex2RCIwTtmG6t3dMXUZgALFn7M9m39uHUtSNzjE+Qf38nVo5spnN2Hc7vH82eCI+VnTlGc78CFc7t4dEGXZ7mWPL9dzI3b4dxKO8UDVz0KDEdQ5LuT++knyLOeQVHQLrK8V1KaMI7cYC3OxCwnKXAWNwpOcqPEi5v5R3l0JpWSJFvyElZyu/AwD88kcK84kIelQTw9H/WPAPh8jBXXonZxL24L91N38yhrN49zjXle4ALFJ3mRq3TzPI9L0b9zL2MMpaG9KQubwOMMU+4l2XMrwZInuXu5n+bO3bi13I3dwM2ozVwN30G0s3i+pmPwtxzLabNR+CnMR7zD32JkFWW7j8mICmYj8TUfxWnzkXhbiPWWo4l2XMExiwlY7ejHaaelpB7ZRvbRJSQfmEH6yRVkHZhHiusM4l2myfGHlfa8TSvaCrAaJ8/nbTKU08ZD8DUbXnHOt64jyHRIxbWaj5dhcZjlCAJNh4l3ZTpxJ7YR7K1LpK8xfuJ93Wu6BEfduTIATve3JDfERnYDfSltD6+uKtW/h+D2CXgYCo+j4a9E/noazqv7cby6E81f94L5874vXD3C4/gdZFn8RpptZ5IsO5No/jUplj/Lit/Kqt9M214Vy7Y9Sbb6nUz7vmQ69iPFpjeZTgPJch5EtvMocvaMJsdFqQCeXFUBnHdoPnlKBbDtCBLMB8ngN95sILEm/WUAXClMfwCHNvzGxtGt0erZgBl/NGXWH02Y3b0uZnO+xWt5F46sVkLY7+XYwKc3fyvHDPbb/gMBO3/Af2ePim6gdfsSqNefQH3xvTIaQpB4niHiWQQZjCXMdDzh4p0IMxhE8G6lavc3wnR/IUznJ/y2fUW6wyDyPSbKLpLjbAeT6jCMC4encuXoNM66TSZFfG8THMdTekK8k0enc+f0bDLsR5G6dwYJe6ZSHrKeh8GrOHd4thz7OHHPLJIcJstrjtT+gVvH5kO8IY+DNnDLZwHlQQt5EL6Ge8Gbuem9nHvi+AdhG3kYvonHUVu5E7SWa/4ruR+5mQcR63gYuZ5HURu4G7JKTl8mbudJzCZeJGzjcdwuHkRv52mCDn+l6/Nnmp70OlO/IhDOMODPLGteZtgivtCCKa+yHUg9bc9pjwN4ux/E1/MgfgcO4HPAA29Pdxn++hw8jO+hY5w+JJYF78Me+BzZL/ke9fzbcRcij/vguGsBq8c1ZeOotuhM/hLDmV9gueBnXFd+z8H1v3Jqey+8t/Xg2Iaf8Vj2DfZzPsdy+kdYz/sB81ldMZlR0Z2z+axPsF/QCfc133Bs+y+Ei+9OrJlg1I+g7d04urIz+xZ+jt3cz7GY9SXGC7piPLszZrO+kAGvy+Kv8Vr/I967exIsfk8zxPNMsRpEtHFvfER7Svfi9nM7Yamca/rHGCltzPkMq/mfs2dFF45u/ZEQo74k240hZ+808TzHEm+rjLvckxObvsN9yRfyeCtxnHLdyjUrXVE7i890THy+KPH9zd0/g8s+S7gdsobzwSs577uKbLf5hBtNIt5mEVF2Kwh2XEOY+xZ8Hdfibb9aDYD/S3fDS3w15xYfD7tH+z4PaP3LI5p8+Yzajf76YOD7D9Xg84l3/tm2dRnNvuoj9tF4R52m7fhh9fF/7q9SqVQqlUqlUqlUKpVKpVL9P+b9AFjp1rkyCP7fDIA7tG3xjwpgmzU9uZ86m/uJc3iQMI+bUdO4n7WEsAMjZAA8un8HxvRty8hebRjSvVVFAPxTy3cC4B8+a8Z3nzapCoA7i8/2WdvGfNq6IR+3bEDHFuIa/yUEVrSsV4+2jRqIbWJd0xq0aKpB6xbVaN2qOq1aVqOt0karJrRpoCGupSXPlS6gbxnAVX0oM+V59hoeZi3mz+J1vCpYD0VreVG0kY3zOtNJ3POvOlX490rgRv+tY7OK/T5pwOdiuXPH5nzaoibzxnWjvPQUj0u9JRkCn1NUBMAVAnlw/jwXCx0pTNrA+TR9UqK6ciVjD2WJnsRH/sy94tOinWBe371KQaotGbGLOJ+7gbTEWdy+HMCLa+c5fyGQwux5FMTNpCRnHwVJO8iLH0RBlh7FuTu4eNaUR5fzZAD85GYc9y+WygD46a3sfwTAF3PDZADs77pTBsBKBXColzYB7tuqAuCo47YctF+KztrfsdMbyh6DOZjv7IGb+SxstMfh5TAeH9dtmG7th5flYg5br8J252i8964l3MsU650DsNL5Hk9LLYy39MDVsC+22gPZ67CRyAAvgpVxht02E3ZwU8XYv567CXevqACO8dxEkPM8fG0nEeoyVew3l0j32US5ziRq33Ri9k0ldt8k4lwmSLF7BxFi3Zckl4HEWvTj0qmhpB8bSrfP69DqYw0GjmrF9NWdWLSzEwuWdGBwNw2sdn7NmVI97ryOJeesEeb233I8YBBep6Zw4bI/vL5MgbchWc5Tubh2ABfMJkGhJy/vhpBfZEts4hKe3rQg5eQCeBBGVoK92H87d8zHw5EdJBwzhydniTFbS1moIa/OuFIunl9uQF8uhO8iK2AueTETKC84KXZLkt1Jp0fO5EzaOu6ccaO8KIgHZ2J4cC5UBsAPyiKrAuDHZSGURVtyJWIHd6I38iDVgHtp2pRn6PAk34Y/i1x4kKHHldjJXIn7nTupIzkX3pOzwcO5k7id8iRz7qaY8STXmXupHtwOW8vdyE3cCtvMNSHOZRJ+FgPxs+qHv01f/C16SwGW/Qi0Gkig5WCCrIYRbD1C8hfzSmW2MvWxGoqfzXAC7UcR5DiGEOdxRHqux8N6EisXfIWbxWwyTmmT6jWf9INzuJFgxnlx/rLQNVyMWMuVyPWcD15Oif9CSv0WUHBiJske4h1wHC3ONZQQG+W8Q+U1KNMwuxFE2QwU01EEO4wj2HaErBgMMestl6OPrCDk1G4ifIwqAmCjRdhpzyI9wI4MP0uyg6zICbXkcpoLfymVv9cP8/zSHp5c3iO+L/t5ec9HPN9g/rqzn+c39vLqni+vH0SI35/jPEjeRIrNz2Tbf0mG9ZekmX9NmmU30i1/q2D9O5l2ShhcMZ9i8Qvpdr3IdOhNum1vGQRnOPQlc88IOQaw0gV0ttskGX7leSkVwBVdQGfbjybJbBCJpgNJNh9MnFE/YsX3Kd64v5wmmA7Fd2dP7BZ9hsWiL7BY3AWj2Z3YOqIJllqf4zKvI+6LPsVzaSe8VnTi4MrPOLTqM46u/ZITG77i+MbvObHxJ05t/YWT237n5I4enNz5B6e1+3F69wBO7xyKv94IAvXFc9buIyuG/Xf8JMcSDtj2Hb6bvuWs+zRuB64hz3M2+QfnUnhYGVJgJ8+TtnHLZwVZ7jNJ8ZjD9dBNPIxcx/Po9bLb5ZR9c4neM5Wboeu4H7aa0mPzSRbf9fRDS7gWsoXrvitkcOgwq6Pszvl+4CaeRq7lftAiYRm3Ti+X4fGjyC3cDlknQ9/bYeu5H72FcvFOK+/1w+itPIrZJt0N2yCXnyXsktMncTt4FKvD/aidPI7bzcsUQ14kGwh6/JVmyJ/iu/UyXazPtOBFhjXkWApifZYt6ads8dnvhbfHAQIOHiLwsJg/4Mqp/S54H9yP32ElAD4ig9+3VYbAlUGw/7H9hB06zQHjlWjPaMOuSa2xWfA1buu/x9twOMlukykU9+Wi7zLOn1xEvttUEsyH4L/lJ44s/Rznxd9gO/dN1e68z3Bf9TXe2j1IchpD8ZE5stvqu+GruSfu18VDU8myHkD4jp85sbIL+xd8is1Ccey8z3Fc8AWH1vxAiH5f0vaMp+zUAm6J7+OLhNU8j11BedACznlNIsliAH6bvxfn/hLP+Z+I4zrjvETMr/8WP4MepLiMpsx7IXdjtvA0VY+HidrcidjIRfFbme08mgi9Hhxf97UMgvfM/4y9oh2vjT/K/8iR4TmLiyEbeJRuBCUOcNmdv0ocxd958fsZY0im20pCzWYTZL0UP7uV+O3ZwCmbtRy3lBXA58Q/uFT/5Q/LMnqaldHDSOm2+QI/b7vEN0uu89GgezT+7L8D4ZY/POYPq/fatC6laeeeYvu7AbCi0ac/8cv2sHf3V6lUKpVKpVKpVCqVSqVSqf4f0/XLd"
36541 [Forwarding screenshot on session b1310904-d161-49ca-a1a6-530fba7baea8 to remote] DEBUG org.apache.http.wire  - http-outgoing-101 << "jLorez2+f82AH57POAPU/b5d/8WAHdsWgu7dX/wIG0OD5Lm8ihpAbeip78TAI/q157RvdtVBcADfm5Jnx9bvBUAN34nAP6qY2O6iM+pdJtcUQUsPkOLCh8KgaW69ejQqKEMgFs0rU6TRho0bqJBc3F9zZvUoVmTprRt0ZSWDTQY2qM+98oseXphO3+d3w6XTeDcdp4VLONl0eqKAPhMRQC8Ye6XfCau56tOf+vyqdIltBIAN6zywdD3LXK8YBkAa/L5xw3o8lEzOrWsxbzxP1JeeoJHJacrAmClErjMX6oMgB+W+lF+MYqCjC3kJmymKHEF+WnfkZ0wTMxvIid1KBmJEyk/k8il/AOkJc7hfJ4Jt0v3U5i9hsTUPty5cEnsP54rZcacK/AWx//AuXQj7lyOJTP1a4ryVvPgUhwv7iZw61wEj6+V8PBaJo+uFvP4ev47AbCy/HYAHOy2Hb99Yuq5UwbAgft1ZQAccdSaA7aL0V3fA0eDUXJ8X+MtvfCynYeN9hj2mo7BQXcqdrojCfYwxtdlB7bb5uBpIdiMwHrHMDxM52Oy5QfcrUfhqPMbVjv/4OhBHZKjTxLkqkv4vvWEHdxAlKcOkfu1qwLg2AObCXFZTKDzDCI95oj95kqR+2YT4aJFxN6pRO6ZRKTTeCKdxxG1dxihdgNJdRtEomU/Lp8YQv6RMfzYWpPG9ZX/TFCfn3t/xpT1HzFXuzHbLboyZ5UGe4735DEJPH4RQsklPVyO/ISew1dEpSvVwUW8OhfI2UObeOQwhofHl/JXoTOvnwaTV2KN57FJvHjoyQlxHWc8xhFzdCU+1n24bPMHz06aUpQWIdq4wy3/Y5AXQ9GBvlw7PZsUh36kuP7A/aSNFATMoyh0GdcyvMiOnUZm9CSuF1hwt8SFG/me3DsbJQPgJ2WRMgC+VxYrQ+BH54IpjTTlYuhWboSvpTzJkDvJu7ieuJkbydtlEHw7ZQ1X48dxI6kXJSG9uRLXn7MhgzkXspDbibrcTNIRTClPcedu2CbKw7ZyPXA9V4LXErdvHL4WvThl9TPetj/hZ/0r/ta/Cz0ItOlLkO1Agm2HEGI3khDbUbJL7mDH0QTaj8TXeih+dsMJcBiJv6PYtmcsPvtX4WA1gfHj2mIp3plUb22yjy8m68hCzgbs5mKsNiURmykMWMU5cf7zIavEZ1vJtYhVlPktINltPNGOwwm3HUyEnTiv1QCCLfvLqUKp/A6y7keo2CfMfhBRNr2ItulDxJ5RxIhzhJwS75ePEQGHtGUAbLtdS3b/rATAOQEW5ISYcCVlH68v+cKN47y84szjK1Y8uubE68cneHX9OE8v6/Pw4lZe3j7C6wcJvL5zgvK0tSQ5/Ey27RdkWXcm0/IbMq1+It3qV1KtfnmjG2ni/qVa/ioD4FSb38mw/4MMh78D4Kx9o8jYN4Ys8TmzPSaT6zm9KgAuENefI94/JQBWwt9Uy6Ey+FVCYCUQVqYJBoMI2fU7h9d35sjWrziw6QtcV36KtVZrHGZ9hPvCDngu+ZiDyzvJsYAPr/yMo6u/kGMCn9rQFZ8t3WRlZ0VX0L3w1e6Nr04//PQGEGAwhECDEYSZjiXCbDQRRuL+6/YhdHcPQnV+JWTnzwRs6ka0vrg+h4lE204k7/AS0r1mcyd+F3fjxDsasJ6M/fNIOrCQKxHbKI/cwMPIjSTuEe/CgWUkec3jWvgG7oStliFnsqf4vu/VotRvrayyvhu9g+Pb+sjuj/cv/5ayI7N4FLqUOz4LIXonV/1WiXd3LXfDN3M7dCNXAlZzM3QD5bHbuRW5mXvh27gfsV26GSjWi3f9cYy2nD6I3MHD6N2Uh+/kUYwuL5INeZaoLylB8PMkMU3ZyfM0Y56lmEGm+HuTqcvLdEvSTtqId9sT7/17OeFhz5F9lhxyMcFrnwmH3aw44mHHUQ8nThzY9w8nvVw5ddBN8j28nxDPE/jabcZGPCO7BZ/gq9uXBJcxlAWt4574e/BXmQNccYUyZ14qwwWIz1riqSXeqUEc3fADHss7s3fJZxxc/w1hJv0p9NLiXtRGyDbkz7MW4m+kFZSKaab4rCErKfGYSIJRbwI2fsu+5V1wX9mFU+K3Ot5yIOeOzOB+lPg7mmskjrMVLCsUGfNn6nZuBy6hyG0MCca/E7Lta06s/068P92IMutD7oEJ4lku40nWLl6fEffrnA2cdYICa/5M2839sJVcODhFfCf6E6r9Iz6busoxrGNth1J0fB4343bwNM9K/G135fXVA+L7eASuecHtk7wqdOVqqBGBZrPwFn9bjlss5aDZMo6Zr+OwiawA/vA/wFT/s15mZfyuf4FftS/y7dJrNO3yFI33AuAadV7RZdbNfxzb6uexMvB9X7XqNWjXS0u0nf+PY1QqlUqlUqlUKpVKpVKpVKr/V1QGwEro+/9HANyxrdLGv3s/AG7fppYMgD9qVhuHDX3eCYBvx2jxIHup7AJ68mBNRvZtx6g/2jK8RxsG/9aK/t1ayAC457fN+f2rZv8aAH/RvmlVAPxRy0bSv4XAHzVoQLsG9WVX0M0aa9KsaQNaNm0ktjelXePmtGnUkLYNatOuvgZTBjXn6UVruKkPFzfCOaFsB0/zl/K8YCWvi9bB2XW8LN7A+rmf0alDI7p+1qTK+0GworIS+F991LQiKP5EU2jIVx8357NWFQHw3ZLjPCo5KclK4Dch8KMyP0kJgB9eSeFafjRpEZvIiOvD9aRwclP6kpb4DQ/OhpIQM5DC9OWkxkynOHMr986H8eRSCfcuxJGeuIjEuHWUZc3gWl4GWXkbKcpSQuMZ5BasojRjkWhnGdcKw3l0PYbbZZE8u1kq5rO4f6mI+5dzZQCsVP4+ulbwTgDst28HQa7bZBfQSgDs57pFBsDKGMBKBbCPx0ZcLSdhsqUvTsaD2Gc6Hatdgzm+dwF7DGeJ9QM5vW8DgfvM8N27C2/nHVhuG4K1TjdOuyzCzXg+Jpt/kQGws2537HX7c+KIHqmxpwn1MPg7AN6vLUV67BLTnUR5biF47xL8nWYT6jabGM/lxB5YRsLBZSQfWkrKoUWkHJhH8v5ZJHloEec2lliX0aS49SfDfgA3vYdQeGQsf3zUlvbN3/zngfot+OpbDdaYt2eD+9ds9Pwa45PfkHl5G1DMufMeOLoPxNDpWzyDxlNUZgOvc7gWup8r+4fzNHYzL0r38rDci9Kr9oTHbeLpQ1/slPFrF3TglG1njth3I8iwH8X+Orx8fY97V6+RbrOW4PUjidjRn2yn3uR7DOduwgTSjg/kUeFe4oN7E+fXnbOxWyiIWs+Z5FWUn/HidpE/NwqPcLfUh0el4dw/F1EVACvdQp8NN6YsaBNXQ1ZxJXwXN+J2cCF6JUUhcykJn8vFmFmcj/z/2Pvr6CyydGEfpntacXf3pnF3b9zd3QkhEEKcAIEYxAgh7u7u7u4eIFgS3KUbvb6qSsNADzPnvO97zlq/b+b541q7apdX7aoni4v7vhdyLXYyNdGLuB73G8VBUykLXifMy1EZcYAr0WrcS7PicbQKD6KUqY9Q5HasMhlOa4iwmC08g+nC+JhKuMUUYX46kZaziLKcS4z1YmKtlxFns4o46zVSm+S4ngT7tcTZrhae4zpi7FYTZrWMCJsV+LnIY2S4ihmzWnNGYzUFEbrCeakQe2k1ejvGcEF5Jlbqc3HXXU6MzQ4KfY9yOUyZWzGa3Ek4RbrDCun5ptkvF573SlJsl5Jqt0wi3mIBWbZzSbJeSKrjKqFvCdl284S++cK5LCXFdx/RfieJDdCWBLCdviiA15MVZEhe6HkKRSL1uJlhyfsbAcJ3xQ/u2PPmrgWvH1rBW0/e1TkI76M6z4Xvzbt7nvBEFMD+PMo9Sob5SAqM+zQIYJMh5BqPlIRvlsk4Mk3HSuRcmCDMTyDzT7IvTiXfcqaUAjrXcjbZNvPJtVtMgeMKipxWUyQJ4C2Ue+yk0nMPRZeWkWk4l4zzc6Q2RYz81Z1Bqv4sqc0Q3s0U3WlEag0l+sxgQjT7EKb1C0EqvxKqMpwQtSGEqg8lXHM4ESdGCOuNlORt7OnxxEm1fCcTf3Y68cJ+4/V/I1Z/L"
36541 [Forwarding screenshot on session b1310904-d161-49ca-a1a6-530fba7baea8 to remote] DEBUG org.apache.http.wire  - http-outgoing-101 << "rHn5hN/fjEJxkuF6WUkGq8ixXQFSecWEqczi7gz04TtJxCjNY4ojUn4HxtN2OlZhJydS6nPQfLddvI44xRPMk9SF3qULKed0rtbG68pRYaKNXfTrDaQ73VUGDubuZesxrPk41wPPUSG6y4SHXdyNVyJx4lq3E3WIsdpL8WuCljtG4L5ts7EaI/ltt8uXkSo8DxJQxK/dyKO8kD8zwwJqtyLURLeXUXuJ6jwMFaNR3HqPI7X4G6ksFyYFqN9xflnSVo8TTjJwxgNqRXF78vU09LyV2mnhelTvExX4WXmGV5k6PAuWxuyNfg9W59sHyMCHR3xcTyPvZkm5ucUMDc6gtUFJSxETFWxMdfCzdZCwtXmksTHeQ97Kwk/FycinH1IdTmD35kxBArPRozcFetyU23GH/fd4LkwNl9FwDOBB8L0dWfhHHSpDz0spduO1xfeUe1xUgruSo8/5W+RDlw24U29Ax9uO0G9wHUb3pUaSSmvr7hvIcd0HjG6U0kwmErepTnc9FnPiyQFYVvhOi8bC7+xlnyo94ZbHsK0I1wx522xNo/i5bjiuUIYx1PJFo5ZaDFPmF/Ng/j9vC7SENY7B9dM+FBjJvxG2wjzFsJnVhTQWryKP0i97zoq7BZSYD6LIvulXPXdKmUz+KPUgPfXrIR3zpm3d714e194H8XrFdtbwrtX6USazX6Cz20j0FgON719eBoo4KZ7iEbTLlxHxv8ApteZfP4GQ+Xu0LLf7zT6TAK3G/6SKUY3vli/64xdNPrmm0/i93PEVNAjFYO+WF+GDBkyZMiQIUOGDBkyZMiQIUOGjH8n/pkAbpC3X5e+/5N8FMDdOrf7QgD3aPMjl5SmSwL4WeYOXmTulgSwGAEc5TSfVbN/YsHUjiyc1In5EzpI6Z9njGzDlGFtmTi4NeMGtmJk/5Zf1AD+qwDu1aFB/v4zASzSp1UzujRrTIcWzejUrj1d2rWjc3Nh/cY/0FtgWKdv+W1IG1ZNbIfm1l+4k6MFt/Xgjgbvq/bD5eO8KN7DH+UHeV9+BKqPSAL42I6+9OrShF/7tpYY1KeVxF9TQn9V+n7GgB6tGwRwr5+kNNCDeralb4cf2L58GPerPD4TwP48/1MCS/L3arDEgxuhXM33IC16GRU5yylOWi9FAucmz6WmWIG7FVlkZw+lKG0td0sjeHSlkCfXbvOkppDagkCy4ofzoDaBa0UXKMlZxN3boZQU76MwpxNP60KoKjClpuyisE0ZL+oK+eNBslRP+OXtGkn8fi6AX94p42ZJ7CcBHG6rSrjDScId1SUBHOlyRhLAYgRwgL0i9sZr0FeZifGp8Tgb78bm3FKs9ZfjeE4OY63ZeF48TJitHrGuenhbbMVYY6awbAse5isxPzMZNyM5KQW0g95M7AyWYm+lSlKkBwlu54mzOy6lgE5y1CTZ6YTQihJYg3gnVcKs9hNwcTOh1luJs99HguMBUl0PkuUuR47HQbI99kpphEURLKYSznZZR6rVFHIvTeV28EyKvBYwqWcn2rRoSef2jejbqgO/dmrBkDGN2KkzmvV6gzho1gmX+GHcfZ7Aiz/SSEo5jYP3ImwDp1BwRZE7152gNpfSwA3UijLopiO3as5z+boO+cV6hIaps2f3EAIVe2N+ojHujkNxNl/Oq6elvOMpUV66xJ1ZTE3oAd5lB/C6VIPc4EHU5SpQmipHfOxvFJXsJiNkLKVxWymJUeRymj73y1x5UO3Lo6sBPBDH0OUYHl+JFeaTJAn89HI4ldF6XA5V5EbYAWrCVbidrE5N/H7yAldQELyEKmGsVUUspCxAeL+zD1ERPJdc76lUhW+gOGAzWV5ruBJzjLtp5jyIPcadKEXqo45TF69OtMVKXPWm4m48DQ/TqQSaz5MIMl9I8KXFhFxaRpjlKsKt1kpEW64j3nYTsXabSHTaRqbPflI9dhPrtIUk952EeB7lgvEGpk5rh9bx1eSGnuFmkhpup2cyv38jVoxtwcpxLVk/qR0bprRj929dkVvUB7X1Q7FWXcLNWEUKvbeT7riWNIc1JNuulKazXTdK8zmOK0i2W0OiwwbiLJcL42Ah8eZzCDReQKK3PDEBWsT4niLCTRPH8/u5qLGBTH998oIMKAwzoDjciJvpF3knPu86V97XuvKmzpmXdRb8/siU93fNeHdHn3e3jeBxADxN5MM9Px5lHyfLfCQ5Rn3JMx5EjvEw0g1HkXp+DCkm40gxHU/ShfGkmU4h1WQy6RemkmQ8UVg2hfRLM0m9OJM081kkmk0n3WoeeQ7LKXJZQ7Hr+k8CuNpnL/mWy8i8sICkc7OI15tOnO40Ys5OkRDnE7Vnkii8a+HqvwrjbQjRJ/oTe3IQMSeGCAwl9tQIibjTIwVGE689joQzwrmdnUyyjrAP7SlSLeEkPeFc9OeQYDCP+HMLiDdcSKLRUmLPLyHRRLjHJstJ0J9PzJkZxJyeQrTWBKI0x5F4dhqRpyeTY7mGEJ1Z5LtsJVt4Fo/FNMyJSlz1O0iy9SaSHXdyLfo4j1PUeJmmTvKl1WS6HSLVeQePU7V4mqTMlcD9pLvsJMVpF9cilXmarEFtgjpJVlso81aizF2em0HyOB3uj/m27hRabqUuUJ7fk09K/4nhhr8c96OVeRirSm2IgjCulaT5BzGiCG6Ichfb58laPIpT41nSCSn984MYVakVha/YJwrS58mawrSYIlqJF2laPE85xduME7xNPy6cvzaZXgYEOdjh72KMjZkGpgbyWJgoYm2uzCXTY5ibqgjTWjhaXPgCJ0sznK0ufpLBnm6OhDh7UxBkTJ7rKopdVvM8VYMPVfpQ78j752HwKoYPvyfy/lUivIiDR8F8uGLLi1xd7kfsosZnA2Wuq7nqv42HCUd5k68NFYbCb+EFXotpzevd+f2WK39cd+TtFRveFBtKabLrAnZzxX0T1zw2UB+wiWfx+3ifpyJsK0b/msE1a2H8h/O21p83192Eba14V3meV3nq3I/bzY3gddzx28z94O08jdvP6xwlqBSOXSO8K9fMhdZCwEbYl9BWGUPxad5mKgnHOSCc907uhArnG31QusfiOX+oNuHDdWs+3HaFh37CuxYiIFz/PR/h3fSAW25UBaoQbriVUKP9+Ojtk6J/ZQL4XzDV5DpTDG98wVTjG5LoFZeJfG07EXHdbjOf8rcfP9CoEfzY6i3DDt35Yp2eC47yzbff/YP8/ciADee+WF+GDBkyZMiQIUOGDBkyZMiQIUOGjH8n/iqAu3Ro8kkEf03Y/k/TXTjO5wK4c4fv6NC5lSSALY7P+BQB/FcBvHLWj8yf0kGK/p07rh2zRrdh+p/pnycMasPYAa0Z0a+FFP37UQCLNYD/TwSwGAHcp3VjujYX+1rTqU0b2jX9kc4/N2JM50asGt0MG9WJRJivI9F2G+FGy4m9uJQS73VS7V+uH5ek7/Oi3byukGsQwJWHvxDAg/u1+SSBP4rgjxJY5PN00F+nJf3F6N+PArhXa/oK93DbsqHcq3TnxRXfBvl72Y9nV/wkCfzsauCnKOAnN7KpzrPkSrYBt3KtyUprytVUW27nxEkpoK+VenCjxICCpDU8qLbleX06V0uyuFOWT2nOGmpyl3CzIoKSglXUFJ6l6ooHhbmnqRKeWVmBMveuu3H3mjPPb1bzvLaAV/cSeXStkld3rvHqrtD+KYBf3C7/QgAH26gTZqMipYAWBbCYAvqjAI7xMMLd/ADnNGZhd24jlroruXh6Bf52+9FTnoG13hrMzy7ARGu+tJ8IJzVMTkzH4uxcXI13YHZqGg5Gc3A3PsR5jek46s/B2Xg1jjaaxAa7E+dsSLydGjGuaiQ5aJDirEWy00mpTXE/QYLLMWKc5Uj0kCfT+zjZ3srk+imT769EoZ8iBT6HyPfcT56YbtZlN2l2a4k3G0Oy8SiuB4ynNGgh4/q2p3nLJvTo8K0w1v9Gl2bNhDHZngG/Nmbe6m6s2NeOfWea4RyzjQ8kUFlpSWSMPHZesyivV6X2jikPb7lTXWDKtUI3ble4UpyjSHryFhITDqOmNYXt+/qho9IBS6Nu+PiNpKjKjhevoKIskWDhHXpZoMbLGm8eVp8gJ"
36541 [Forwarding screenshot on session b1310904-d161-49ca-a1a6-530fba7baea8 to remote] DEBUG org.apache.http.wire  - http-outgoing-101 << "3QPudGLyIqcQ3XmMZJj5hPiO4PyyMNkh02lIHIjtVn23Cl25G6lK8+vJ/LgargkgB+J/CmAn1SHCdvoUBmkQE3wXq6EHqcuUZXKyJ2kev4mMIWi4HmUBS+hxGcRdxOUKPFdSr7PXMpD1pPhtoRkl/lcjTvKnVQT7scpUBclEKfC5QhVLqlMRnFjDxS39uTIVqEVpwWObeqO0uYeHN/SE+WtvVDZ1lvi5LYBnNjSD+V1PdASpo0Oj8VQYSznD4/BUn0G4W5HuHR+I9Mmtef0sfWSAK5L1cRHfwGbJrZjw/RubJrZg10LBrBhZk82zOjN8omdWTy2Ayo7Z1PkL4e79gwM9vZDb3cfdHb2klrDAwM5v38ABju6cXZnX87sGcTJLT04t7M7utu6cXrXQDzMthEXcJJIb2GMu2rganKQSyc2kO6rS06ALkWhBhSGmHE93ZDX1y5AnT3Uh8ODeN7dd+P3xwb8cU+X9/fs4J4/PBGWPYkQ1hHe9XRN8i6MJsdkENkmQ0g9P6whAvfUYILPDCNUbwTB+iOI1BtLhECc0WShHU+o7lgiDSYTeHYsQTrj8NcZQYzpFLIcFlPotpYSNzECeBMV7tu57L2XbOtlpJkvJEJ3ihQdGqI9gaBT46TpaIPpZBsvJubkRNz29yRC5RdiT/xK/MlfiTv1K4lnhhJ9crDAUKK0hhB1QmhPDCdaaxQxWmMlRIErRhIn688m6dxvJJ6bS8L5BSQK+00yWUKS6XLh+KtJN19JitEiEvTmkqg7W9huBona04nVnUDi+encCNpL6NkppJovJtlkLtd9t3HFdS01fgdItdlIqtN2asR6vWlqvM89SZr1GnI95aX+R0maPEtUltI353seINl+F1WBRyVJ+zBDWNdmK6Vex8i02cHz9LM8TtQg1WwdGvPa46c4imKbDTyNVuV5rJii+Bh3Q49K6Z5FKXw36gj3oo9KtYHrwg5J06L8FOcfJyjzOF5ViiAW2+cp6lJ0stgvCuknicd5kqAgiegniSf4I1WVNynCNaSeJN1ThyAHGwLd7XC3vYCzlQFu9ufxcDTC2fY8LnamwvQlYZk1bjZWn/Cws8HLwQ4fJwcp+tfTxxk/JzeKwkyojT/Ig1gF3heebxCotWL0bxi8iII/BfCHp9ENkerXrPlQcZ73OceF8z7Mw3g5nqYo8XveKd6VCttXi9G3Fry75cLbW268vuHCq6t2vK224H2ZofAMNHmdfJhncUd4EnOQ5wn7eZsl/KaWNMjndzWXeH/DUfoPEe+uO0jy932lKW9L9Xmbp8Ufmcd5laLAG2Efb1OPCNse40OhOpSfEY4tppy+JGDNu6vCeV4RrqVSOGaxNm9z1fhd2PZlphLPs5R5l3MCCrSh7M9zrrESrtuJD3c94aE/7x4FCdPewm+9g7CsoRZwjMlmQvS3E6C3F69zh3HXk6PRdLMb/KczxfAmIxVv02vRE9qNeEnzXn/QuMMbfmz5jh+a/Unzd9J8k05v6Lf6EVNNbn51X58zUaeWLtOe8c3fPtB58nOmmf59Wd9VJ/n2b99/Vf6K9Jgn/8W+ZMiQIUOGDBkyZMiQIUOGDBkyZMj4d0IUwKKI/f+iALZUnvkPKaBFARzpOI8VM39g3uT2UvTv3I/pn4e3+SSAx/Rv9UkAD+7RnEHdmn0SwB9rAH8UwJ/XAf48+lcUwF0afyuleO7UqgXtWzWjbZNGjOjWCNUNvUiwXkmx90KSrWYQcW46oWdmcmFHby7s7ELChSncT9zO29LDUgTw2yr5BgFcIc+bqqMo7RRTQDeVBPDnEvivkcBfl76f888F8N0Ktz8FsFgLuEEAP7sc8KcADuLFtVAe3gyjttqchxXBZEatkiKAC1MX8bDShSu5J4hNGceVYkXKM1aRFD2Gm5VhPKm9Q0HefgrzhlOVd5CqFOE+pDpx/24ihVlbqSrS59HNWgpS53HzsiHPrhfz4nYad6/E8vpu9Z8poKt4euu/FsBiBHC0q5YkgEOFabEGcKKvGV6Wh9BTnU6A7VECrE5J6Z/tDLbiYb4TffWRmJ9ZJkUGuxht59LppZifXInZyd8w1ByGm+kmAq1U0VceJ+xnG1anZuBkuI5g3wskhvsSYatPvJ0G0S5qpDhpkOZyUooETnRoiACOtJMnzHYP0U77SXRWINlVgXSPI2R5HiXf5wiFvgoU+8oLHKLQXY4Mhw2kWE4gzvBXqvyHUhm1mNED2tK0fTN6te5AN2E89ejRhs5NevKLMO5Gdm/EhHHNWbSjF/KmrbDxm0tdnQ1Z6adw9V1LcNImMsvkKK1WoepyCE/vl/DwWiQ3yjXJSV1PTrYC+sa/cfbiLFSMx+Hg2YG0zJXcul/Ks1fgLtzbKxnypIWO5HKOBRWZiuTFLaIqbj+loZuJdxxJafA64dqmk+O3m/LIo+SGraY4cRO3ixy5V5LCndIo7lYLx66O/gcBXBZxlorAw1wJ3C2J4CsRCuT6ribceiyRtsPI8JxKkd9SSr3XkGGzhULPlRT4LCTLfRGx1jOIs59FecReapP0qY06wM1IOe6kaFEVdQJduTFsmduObUu6smVJF7bM68DW+Q1sW9ie7YvasWNxW3YsacPOpW1RXNGDvXPbsnbcd2yc9BMHFnVEbklnDq/qgfa+UYQ7ymNyejXjhrZA89AqckK0qUlUwV13LnILB7JtTi82z+rOjgX9WTm5M8undmfWyLaM6vsje9dPFc5TGVvNKaht7MIp4d0/s7sfWtt6cmJrD9Q3dUVrfRc0N/VHbesgjq3sxskNXdFc24kTO4cS7KQkCeAILw1JAHuZyWN5chNpPjpk++s0COBgS66l6fH7NV24ZQ23E+FRoVTn98VDbR7Vq/LmthvcEfujePfAn/e3vCUJWGgyljyzYWSZDidObzB+6n1xPtYDx+O9cVbrh5NGX3yE98FPawQhehPwOTkSd82heGoNx155EHbHf8FFvT8h58aSbruAIve1lLpv/CSAq732kGWzjDSLRQSfmYC7yhB8T4wS9jlSIkr4Jiafm4ff0eFcWNOSgMMDSDo9hiTt4cRo/UL86UEk6Awj/sxwYk8LfSeF9tQogTHECe+uSPyZSZIETtSdToL+LCkNdNyfUcAJRotINFlGitlKUs2Wk3R+AfG6c4R9ziJJZyZJZ4SxJJx78oXpPE5UIEFMB+wgfKvslnIvaAc33VZx3X8/2fabyXTbzbVIRSnVMzlaZNutp8xfkRS7LbxMP80fqercCDxIruteqTbwrQg1nieekNJDp1hvotBNgUybXbzMMuBJqjb1USdJNN2J3fbeGK1oQ4zwjXkWqcLjSGXuBh/hWYyaJIPvxx3lQbyiRH3kIWn+SbKy1IoRyqLsFaXwo3hRpKpK0vdRvCiJjwnLFHkUJ8+TJFUeJahLqeD/SDrM0+QTZLifJdDemgAXD/ydXQlwdSbA3Ql/N0d8XBzxc3Uj0MMbf6H/cwLdXQnx8iDc15sIPx+8gtzxsncmN9iQh1lK/J6lwYcSYz5ct+TtTS9h3HnAg0B4EinJ33cPgnh3ywlqLsLVc1Bygg+FarzNV+dNwUleF+vyutSQ95eF5ddshPVs4Yaw/k1nYX073ldeELY5C3nKkHGID1mavMtQ5m3WUT4UKPGh/ITw+ym8D1cseHndibfV+ny4bACXhWOV60HhGcg9KTxDgdzTvBfO+UP28YbI4SLx3M9IAvp9uTnvK6x4XW3Bu2ozYVroKz3Lm8IT/FGgye9FJ/m9+DQf8k5JtYo/CuAPVy15f91Wusb39S78ftcX7nvzXowkrhKuqciMFPPthOpuIVR/L96Gh/EwkKPR1Is3+E9lsvFNRqrcpt3IlzT6LGXzP0MUwD0XP2aS4c2v7u+f0WPBE1r0/YPR6vWf+vpvNODb738S9vt1Adx15m6mXLj6xX5kyJAhQ4YMGTJkyJAhQ4YMGTJkyPh3YWDfjp/EryhkP4rfv/c1/19FFMBduv0k1QDu2a4N3Tr/KKWA7tryu4YawNkHeZq7QZLATzN28rhwE1EOC1g6vj1zxnZj9thWzBrTmmkjWzJ5aCtJ/o4e2JqR/doyom9bBvdqwa89mzOoe"
36541 [Forwarding screenshot on session b1310904-d161-49ca-a1a6-530fba7baea8 to remote] DEBUG org.apache.http.wire  - http-outgoing-101 << "3MGdG9Gv67N6N25Gb2EY4v0aCdcY9sm9Gjfgs5tmtG5XSs6tG5Bix+/p3PrlrRr8wPNf/5BOLdOdGn+E33bNkJpXVviDYeTfa4XEQbzcVWeipX8DC4pLOLC4aWobRjNvoU9OLlnFJkeG7iVfITXVTugbDfU7OX15e0c3DyUnr26fpK/f438/SiCP6aC/pwBwvV8ZFC3tgzs2YyBvRvTv1cT+vdsLV3jkpkDqSn25kVNgCR+n1725cllf55eCeDptSCe1oRIvKwu4XF5MjlJS8hPXc6TyngqMpVIjRvPs+p4irM3kpE+nOoCRYpyl1Ccu4qq/GPkZMzgdqk3eYlLuF50gnsV6RQVHaKo4hCPam/ysLaE61VxZOfspqpcn8e3o3hSm82LO8U8upnL8/pynt260iB/71bwpE5sy7hWEoW/nRah9qqE2CoSbq9GhIO61IY7aBJmr0G8tz6Btup4X1LC3+IsMe76uF7YxTn16biar8L5whoMNeYRYHcYI7V5XNSeir+VHGanZmB/fhGRLseF5WNxNtpImJM+PmZ7MdZciIfLCfIz/YVjaBFmoUiM62liXdSJdxbRJMFFg0QXVZLclEhxO0yKuxzZXsckcr0UyfFUEJAnx+MQ2e4HBPaR576dfM/tJFv/RpLJDK75/0ZF4HIm92lBx9bfCmOxBd3bN5EQp3t2FN49YXpAj7aMHdqH7UcHs1GpJc6p83FMWoay0WRsPbfh6DGd3JL5lF7R58GDSO7e9qWq0oKrlYGUlVvjG7EeHdNZLN/+EyGJRyirdOLViyhifExJCdTjj+uB1KRYkh4zhZzgxdTGKnMlXJnq1K0kR44mwm0cl6NUyY2Soyx5D9nhq6lMUuROoTO3C0K4WxXBnRo/nlyJEcZRPA9rEnhwNZZH1WEUh+tS4iPsz1+RMt8TwvUqUey/jVibqURZjiP84iRyPTdRE6lM+KVpFAWsozp8G4nCPYqxmEWMzTzyQ7dxNfUoN8KPcCX0MPUJGhQHHOLi8bEorGqH/JqOyK/riuamYZzaPpKzu0ejs280+gfHcV5+MufkpqK7byLmCpMwlRP69o7EcM8wTA+MwvLIRBxUZuCq/hvBvvJYn5rP/gVd0Ts2k7RQea6kKXHp1ALhGTRlcM/GDOr0M6O7tmZs5w78NnggY/t0pVfHn1m3ZgY3/I7hpTIW071dMJfvg4XCMCwPj+DC7l6Y7GiH7p5OnN3aHb3NAzm/dSB6W3ugt7MbNmrjiLXdTpKfOpEeRwh3UxXGsBrmp/aT6qdNpr86ZeF6FIQbcivRgA/FYpSiG9TGwcsM3jzz4OUTA/6oV4P7gbx7kAMvUnn/MAiuuUs1YrMvjKHQdDgZ54eSbjIeb7WBOB7th9PRQXipjcRHfRS2x/vgpT2cMGG5x+lB2Cn3xvvMKHzOTMBFWO6hNYNIw/kUOK2h2GUlpS6rqBSeXZn7Nsq99lBouZisi/OkCGB3jZF4nZqA58lJwr2dQLTRYnIMp+NycCK7RjXBdGtPkvVHknLqV5K1hpJ0ZgRxJ/uRePpX0nRHE3diGPEaw0nTHkfyyZEknxohMIOUMw01hcU007F600g5P59sk2VknFtM3LklZJivI8VkOamGi0jS+43405NJ151OivZkwgyHEm8+hTznVSSbLyfhwhLynNZR7LmGq6GbpDrGmRabyHfczfWQo9THKgi/M+qkWq4l30WOGKd9PCsw5mn6Ka6FH5NqBWe6HaQ66AhPE1SkerzJlpvIFp5hnNVWnqXq8DRJWDdCjRTnQ5R5qeGhMptLW/vjuu8XSs2X8Sz4AG9iFXkacoAH0n902MndBGXqAw7zMHEndfHbeRKvzJ2wPdyPPcaDOCUpUliUwc8SVXkYc0xa/iRGiYexh3iSoMajGA1eCu/wy2h5YfkJkp3PEejgRYirE6GuroS5uRMstEEuzvi72BHgZkWghyX+ri4Eiv3uDYS4ORPm4UqUtwcxvh74+iUR5udDbrgpj3J0eZ5zDCpOwmVD3ohRtLV2cMsWbtrADWth7Fny4eol3l2+yNtqM97c0OVBniavS87zR6Eeb0q1eVemI0Xfvimw5O01Yd0ac6ke74dqI95V6PKu5BTvik9IPCkSrlPgabEKz0vVeFUh7Kv65Cd+LzbibZkRv+dpN9QGLtLiXa6KJJ7f5avyPv+ExLsCUUSfbpDLoigu04VS4TxK/qRY6C86I6yjzfuC0xLv8k8JfTrC9uJyA6gSqBG2uyK0lcK1VvoK+xDeSzEy+KbQCveEUlOyzbcK78w2fM7twNdQHg+9/f+5AliUuL2WPua7n9/T6Cuy93O+/eGDJInHnqr76r7+Oww7cocxmn8XwAO3XRD2+7Ow/68L4C4zdzHFVCaAZciQIUOGDBkyZMiQIUOGDBkyZPx78ku/Tv9UADdMf13c/k8hCuDO/0IAP8k6wJOc9TxJ3yawg0cFG4m0n8+iMW2YPboLM0e3YsbIVkwd0YpJQ1oz/pfWjOrfhhF92zC8T5u/COAW9OvS4u8CuGMLurdtTJfWP9OtfXM6tW5KlzYt6dmxndAn3ItWTejZ4Se6tGpJ8781oVfzxmyf1QuLg4PxV+5H0tlh+J6cgL3SOC4dnc6Fows5J78E+eWjWDysGUuG/oTail6EG6/jReFhqFSCsj28qtjBkZ0j6d6jwz9N/fzPBPDn8vdzAfxLnyYM6N30vyWAn9QEfhLAz6+mU5lpSH7aNm4WX+RZ5WXulIZQlrOfzPjNPKpMpDpfhcIkDZ5cFWv6ypMSs4x7VU5cy7emLHcGzy+nUFmkTHrmZuqv5vOgtoKb1Sm8uFtHZdkZrlfb8qgunoc3MnhxJ5+ndTlStK8YAfxXAXy9NPofBHCko0aDBP5TACf4GHwSwEE2OrgaHyPG8ySOxhux0FmCy4UNUm1gB8ONWJ5diLHGbFwvrMJQbbpUC9jy7GJsdNbiY7GbUAcDIuyPY6O/EUcbdZJjXYlyOkuccKxIJy1JADdIYE1JBCc4q5DgokiSyyGSXA+Q5nqYdDcFMtwVyPY4LAngPK/D5HvLC8hR6LWLIu/dpDksINNqPnXhi6gKW820fm3p0u5HSfj26NBUkr/9urX+JITFflECL1rViy0KXVGz6IND3GKUzo3FyHoZ/sI+4lMXEByzjZoaR6orLlB73YqX92Kpu+ZEaoY8p7THY+W6mpwSTQpynShPzyA8cDo1eeo8rXTmbrEOCWETKIj+jZuJe6gMP055gjrZcZtJi1hAqt9c0oP3kxa0gYKYTTws1+NRuSf1+cE8qonjztUAHlZFStMPrsZz/0qMJICLwnQo8lKiyvcI5X5alPodJcttPSGm44i4NI4oi6mkOq4iy3UbcTYrhWUbKfLdQqrdMlLsVpDqupHisCNUxGtQE6ZFRaAqV6POcjVWnwwvZeKcFUn1PUGK3wnSfU6S5X9KQIsMX00JcTrT7yRp3lrkeCuT7XWcbPdj5HgoCs/kuHAsZUr8VSXyw9WoDFAlzeoA0dYHSffeT1WUAubKvzG0WzPh29GUQV1+YrQwParDz0zu1VKYbiL0fcfmNZO5FnBIiv4PNBhDgu08MoRrSXNcT/C5ybio9+WiYm/O7emJ/tZ+mO76BdtjQ/HTnUqc7WqyvA+Q6KtGlOdRSQC7mKpiprWXFH9tsgI0KAnVIS/0HDfidXhXaAwVNnAzCJ7G8PqhE68e6vHHLRW458G7+4nwLI4P93z4cMWOV+ka5JmPpdhsJAUXx5JiOAYP4ZsVfGYcgafH4ak6Al+NkTiq/YKD6kA8Tg3FWWOAJITdTgjftTOTCTaYTYDeXKKNF5DnsIpipxWUuq6gynsTlV7buex/kGJhLGaZzSf2/Ey8T47HTXMcHloT8T4xjSjDJZ8E8O7RTf9BACdqDydWe5CUBlqsARypOYJIjVEkiNG/WqOFdjQxJ6YQe2oKcboziNKdTtjZKUTrzSLl/EJS9BeQaLScDPM1pF1YTrrxEin6V0w5nawzlQTh25ygK+zj9Cj8FH/BdX8ffBQGkSTc/2rHNdzy3kyR8xYidOeTYLSKEvfdVPpu536yIjmOwjX6HCPKYRePc89LdYCvR"
36541 [Forwarding screenshot on session b1310904-d161-49ca-a1a6-530fba7baea8 to remote] DEBUG org.apache.http.wire  - http-outgoing-101 << "yqS7XlQesevCe/Ki5QT/J5+hhSrzZIAjrEQvpfJ2jyKP0FNuCpJjgcp8lDiQbwBd8LVcT74K/pLmhKsNJo67308DT9GfcgRHqQc42WmMU9jDaiP2E1d5G4eRarwIvYo92IUJW5HHOZhnJIkfh9EK/I47jiPo4/xIEZeSkX9IEqNZ1FHeRF1kKfCe5Pnq0+8jxthXj4CfoR5BhDk7k+Aq7cU/Rvg6UyQtzMh3n4Ee/kS6OFJoLsHAW6uBLm5EeLhQaiXBxHhocQFO1Iaa8SronO8zlVGTMP8vkKHt2Ld3CsX/s5lU6lO7nuhX+RdpREfqk5IQpdS/QbJelkHyoX5ivMCFsJy84bI2Sozod9IWEe3IeWyKF/ztSBLFbLVGshRh1yNvyPOl2pJEcbv8oTf1kLx3FT4kKPA60w5YT+KkgR+m6cipXZ+ny9sUyzst+Q070XJXHS6YV7gQ9FJifeFWpIsFnmbrylJ4vfFhnwoE6OEhWur1heuy4DfhffxbaGd8JtuxR/lxrwQrvWVmNq63JwyF3nCz20h0HgXPucP/ecK4PFna+k66ymNviJ7/0qTLq/pvfwxk43+z6J+/yv+KwHcfe4hpppd/+q2MmTIkCFDhgwZMmTIkCFDhgwZMmT8/zufC2Cx/Sh/xZTQ/18QwI8z9/M4ex2P07YKbOdh/gbCbecyf2RLpg/vwPQRLZk2vFVD9O+vrRg3sBUj+7VmeJ/WDOvd+p8I4BZfEcAtad+qCe1b/Cz0Cfei5fd0a9KI9t81onOzRnQXls0b0pnzm38hSLE/4coDiNAajYP8r5gdGIzOnlEobRnD3pUj2TL7F9aN7cbGMd1Z06c5R2f3Id1uMWJUEtVHeFayhcNbB0tpf/+ZAP4ogf8rAfxr93ZfCOABvdp8EsBXi7w+CeAn1T48rvb7BwH8+EY0JbkaXCm+yIPLWdQW5XC3vIC6Sh+SkxYL+1DnRk4I6YlzuJKvS3WODskJw6W2OGsH1flrqCuyp6hAmC6z4/Gth9y9Ucq9mns8rrssTIdw91oMj25lcO+aKIVzeH4nm1f3inlyq1gSwM/vlH8hgAPsxVTPDQJYFL8fBXCE4wlJAosCOMhOAx+L4wRYncbbXI1wp9OEOKpgpbteiuY11JjD2WOTsTs3H+uz6zDUHImp5gIstVdxQWs2niYqRLuqE2x3nnjXU3hclMPFTpv4CDeinQ1IcDwlHS/OVeMLARzvpEyc0xESnA6S4LxPSv2c4X6ETDEFtNefEcACuZ5yAgco8d1Pke8eMp0Xk++wnPuxK7gcsVYSwJ07/PRJ9vbp0lJCikrv0PRTVHCPbt+xYkN3Dmv3JDR/J6cuTeKQ2q84e64gK2cfITFryMxRIz3lGLWXjXh+05u8eHVCPNdgdHo8VVVWRMfu43qFI15227mcrUJG9ERupZ8mK2w4V3JUKYlfSUXscsqilSSRflFnLU4m8/CznEKc514qko+QG7GJ4pjD3C1y4X5JBPXlYdwo9+J+RTj3L0dz73LsFwK4wEORci95Sv01KQlQJM1lI94GYwg0mUCI2VQiLs0nyHgeWa6HiLfcQILlSmIvLSbq4mKiLddL9zXFQ4Uifx2yPE6R6Smcr48u6b7nyAo0JSvUnNQAE3IiTciNMiU33JiMIAPSAvTICBTWC9Ah1e8M6V6apHlqkOGpJqAqPCMVsj1VhOd1jEzXo6RZbaLScTeXhWeaarlfqu96O16DAP1NLBrZj/FDujBlSHuWje/KqnHt2DS5PSvHtWbOsGbsWj6CK2EHyPdeQ0XkRu4VKvKySocnJdpcid1NlqdwjUYTcVAdirncIByVhhNtOpPqsF3Up6kI2ygR7y2MQy9FSQA7C2Pywok9kgDODtSkKPgM2UF6XIs9w+s8HSg7x7urtry77cofty34444er2qO8b7ekte1Pry/78PbWnvelpvwPFmR/EsNEcBiLWBRAPtp/kqc8UxijWZJEjhAawyOqoOxOdYPJ/VBkgi2Vx6It/Z4wo3mkWy1lnjzlSRdWk6+40qKnZdJArjSYwPlHlu5EnCQcpvVZF9cRIrZQgK1p+GoMgqPE1MJOjuP6PPLyDGaiqvcJPaMaSYJ4CS9EaScGvRJACfojSHy1DCiTo0l6uQEIk9PlgjWGE2YcH7idMipiQRrT8FPaL01hfFzZjqJhotINVpCiukq0s1WkXFxJZmmy4g/O51orQlS6ugozdHEnBpPst5UwjSGEa45lLgzY8g3n8fTCHneJqpRE7CXeCNhXxfXUOmzl0q/rdyJO0yW/QaKhLEZ57CTx1l6PE4+wa1I8T8RHCTDQ47LIUo8S2oQwKnWW6QMAGIE8MOk0zyM0+RKqDKxNnso8FYk1+UgLzPO8y7bkMwLq9Ca34xzq7qQZrKBm0GqROkuwFN5CTHndnIjaD9Poo9S73OEx4EHuRslvHMCdWEHeRB9hEexityLPMzjmKM8jFLgQeQhHsSocD9SmafCes+j9vI0UThPb2UiXHUI9bQkxMOKIFcbfJ0t8XIwx9PJFG9XI3zcDPFxNcXL2Rh3RwPc7PQEdPC008XLXg9vR13hm6iOj7U82T5HpSjb11lKvM05ztt8VUnsvik6/Ym3Yg1dgXdimuU/oVhV+N0TJasu78V0ysUneC9GEReelISvKJKpOCsg1tkV+oo1+FCgzIdcRQkyDzcg1v8VEafTD/EhTU7ibeYhfk8V7m/yfl4mHRTusRLvso4L80eEZcrCvCJvchp4lyvM56vwvkBMSa3Km7yG6Y+IsviTMP6IcD1/lBjzssyaR0XmvKw25/0NS15WXuL3SgfeVdsJ77wlL65aSy2XHagO0sRL+J0JMt3xdwE8zfwm/0lMNqyl44QXNPqK7P0rzXu9ZsyJ21/dz/8rAzad/5cpoPuuOf3V7WTIkCFDhgwZMmTIkCFDhgwZMmTI+Hfgl36d6dGlJV1E6dS5RYOUFVqxr2tHsU7v18XtR8R1/l/470YAfy6Aw2zmMHd4cyYPbsOUoa2EtvUn+TtqQCuG92nJsN6tpPq/ovz9tUcLSQD379acvp2bNwjgji3o2aE5PUT5KwrfDq0a0j+3/IlOTRrRv1UjJvZuzKppjdi6rB971o5Hdf0gzDY0wX1bIwIPt8Hn+CAcDozG8tBEKeWs/MYRrP2tF+um9URh4XD0NsxEe8FY9oxug5fWEN6KdQ2vHeNp6SYObhxAj26i5P07v/Ru8Q8M7NX8E3+t/9u/R9N/iAAe0KuVJIAXzxjAlULPvwhgn08C+MnVYIn7t8K4dcWN25fTqKvM4EqpC7cqkrhbXcaVcmuy04dSkbObirwtpKX0kWr+1oq1ZrN7U5q7jNK0PRRmbuRqkRPP6q7woD6fO9dqeXrrDbU1mUJbzqMbRTypzZcE8PM7mRKv7hfwtC7vTwFcyuPaYkkA3yiLIdDhVEPNX7tjXxXAib7nCLbXxNdSGX/Lk0Q6G+BjrkmYo7bQp4SRxhKMNH/DQG0yFmd/w05/FcYnxmMi9Ikpod0vbCPMVk/Yrw5BNoZEC8fzt1Ym0MeC9PgQIh3OEW2jQZTzyc8igP/ESVloj5LoLEeiy36ShDbFVb4hAtj7CLm+Ryj0P0JRwFEBBYp891HgvYt0xwYBfDduBVVha5nYpxWd2v8oSV5R+n5M/Swijk8Rsa9n61aMGNqERWubYOk1n0seC9l/tBeGJrOou2lOSPQywiPWk5m0n/oKHR5fvkSScLwwh5UUxRzlfp0VPh6zqc4/TXrEOirSN1Cfo0FGcD+uJC/k95pEHpTpU526Hc+LSzmy4zdmjxvAb6O6sXB4O9R3DSUnTI6KpIOUxByRBLCYAvpafqAwZoK4UxbKveoo7lyO4d7VGB5dCacoXJc8T0XKPA8J165EWZAyed57CDSeSbDpdCIuzSXOdinhFxdRFX6SeOtNRF9aRJzlPEJNZhNmtpIUN0XSvU5REnGB8mhzSqMtKAi3IE8gJ9yKjBBLkgIvkRJ+UbguS1LDLpEYYEqcrxGJfudJ8tMjwfeMJIGTfU6T4K5Jgquq8MyUSXZRIsXlGKnCcyx12U651ToKLm4i2XIPqU77uZN4mgCDLUwb2"
36541 [Forwarding screenshot on session b1310904-d161-49ca-a1a6-530fba7baea8 to remote] DEBUG org.apache.http.wire  - http-outgoing-101 << "F76nkwf1opt87qivKYXujt+5eyOwSiu6IfSuuFSfeObKUd4WqnBh3ojuG8Dd2z4o0afR6XKUi3lWIs5BOtNJe7ibEp9V/G88DjvruhTE3ecWM/jkgAOc1X5JICT/U5LArgg8DSZQWe5EqXF88yGOqovy07z4vI5Xl7T5+1NHV5dPsrrmrM8qTLkVc1F3lw15Y+i0zyJ30uO2UiKzIaTYTiY7IsTiTk3jgTTWSRfnCu0cwg9MxHLI/2xOtoPR9VBWB/rg61SfwL0phArjIUky3UkWqwm8eJicu2WUuy8hEq3FVR7baDKays3Qw5RabdW2PcSMi8tJ1R3FvZHR+ClOZWIc0uIMVxOrvE03OUnsW9ccy5s70GS3rAGAXxyMAnaQwg6MQSnQ72wPdALuwMDpf9QY3/4V2wPDcBFeSgeKsNxPDYE66ODuXhoEBcODhTmR0n11uPOzyftwkpSTVcI57CKTLOlxOpMJ+rUOGLPTCD8xCgCTk8l+dJCCtyWUxW4RqLSfx110XLCu3icau8tJJuKAngFV/33cT1sDw+TFclz3EyphzxJTrt4nHmWZyma3I5VocDnMDk+R7keKTyLNG1epJyUIoDzfZRIstvJk9SzPE7Q4mqYClGWO4VvQkM2gAfJOtyPO0VtiCrpF7difWACqgu6orawDZu7NmJjv0YoLurDFe+dPI+Q557/Yd5FHuJOpLxEXcgB7kcp8FB4p++FH/pT/h7mYcRhHkQrcTdSkScxh3katYuH0XuJtliJxemFGKjOkLIh6B6fyZljMzh9dBonFadySmkSp5UncFJpDKcUR6N1ZCQnhWenLdxbHeXR6B1v4KzKaIyURxFlsZQX6aq8SVfkj1R5XqUe4vesI8I9UJR4lX6M3zOU+CPzOK+zlHmboypBviZv8s/yIt+QF0WGvCszgAo9uHyB58VCX+k5XpUb8rpCoPIcr4Vv0etSHf4oOcubkjO8KDjBq6KTwvxpoV+bN2VnpPbjtJTKudJQkslvi014X2Yh7NteErFvCoX3IUOugaxDEq+zFST+EM5dPP+3uce+4KMs/sizDOEabjnDH+nwJIH394LhUZBAILyIQngAApHwWJi+L7SP4niQa4eP/nqCjLfibXgID4MD/3kCuO/qR3zz3QcafUX4fk6TLm8Yrnj3q/v4n0AUvN9+94NwrH+Uv9/93Jyh8h5f3U6GDBkyZMiQIUOGDBkyZMiQIUOGjH8HRAEsCl9RAH8udj8K4P9t/isB/LEG8OcpoEUB/NvQpkz4peWftGbsgJaM7tdSkr9DezVnSM8WDO7xd/n7S7eG6N++nVv+Xf62b0GvNo2F47agU9uWdOnYhu7tmtKjeSNm9G/C8ZWjsD49G42949kyrw9HFnbGYU8nwhTaEXGsD9Fak4hU34Sv8lpMD81HadNots7rwa7Z3dDZMAa3wwuJ0FiB1a7hZDtO5V3RQajYyfOKDShs/VW6z/9MAP9X4vcjXxPAfbs0ZdH0/lwu8OD5Vf8vBLCYBvpzAXz3Zjh3r6VyqyKHG1Vh1N/w4s7VHOorarh9JZPKDC3SEsZRmr2evJRlZCct4FrxMcpzN5KbvJz8lMXUFJ/kYfV17t7I5359FvdvPKD2Wg6P6mp4cv0Wj69X8ayumPvXk3l2O4On9Q0C+NntnH8QwDfLYwlyPE24o7okgD/WAP5nAjjA6hRBNmcIc9Aj2PYMES6ncTbZgZ7KZFzNl2F6Yg5GYlraixs4c3Q4DudXCPvVJM79DP4XdYXtzxNuc4IgW00igpzISowiwt6ASGsVYtxOfCGAP9YATnQ99vcawD5K5PgeJ9fvOHl+xwSOkuMjT673IXK8DkgCONdrNykOC8mxW8ad2JVUhK5hYp82dGz/sxTt+1EAd237sySA+3Zt9Skd9ID2PYVx+j0jxzTigNIAPIM3IX+kJ6pHB3Ml35iwiBVkpGyjLPuI8AwMeVphQLj1cuKdNnO/SIeo8DHEBq3G32EmNVlq5MfMojrtN+FaxlMVvZmbGbZcS1OnLHYfl7QXsn/rbBbPGcuMoQOZ98swFo1qjI32LHJCd3Ez+7QkgG9m+3OrOJS6qgYBfPczAfz4agTFEXrkex2jxOuQ0B6VBLCYDjvYeDGBRnMFZhN6YR4BRjMoDJAjxmo5UZdmk2j/G6EXpxFmsZRMH0VKowyE4+pRnnSRy+k2lCZZURRnSUGsDXlxthJx4VYkR9oJOJAYZEusrzmxPsbEeesT46VNgp8+sZ7aRLtqEuUoPFNHJeIdjpDoeIQkoc2yW0O+5TLSzVcKz/IYWSGq3Eg5S+DFHYzt9yPTBjdnxaTWHFvdHZODA3BUGYmL2kQsFCZwft94Lkdp8LBAlzc3jHl/xwruu8EDT7hjz/tbxjzOVeBy2DaKvdZTE7qF20nbeF2mBFf1uZ6oTLT7MUkAhzgfl2oAXzy5j0Sfk5IAzg84RWawNtWR6jxMOMqLdHkeZclzL/coz0rVeCfWQa04zosKRW5ny/GkSIu3Ffq8LlDlUcxWcsxGU2I+kizjoeRemkyc4QQSL8wmxXwe8SazCNEeh7VifykC2FnjV2yP9/skgKMvLCLh0iqSLVaSZL6IfIellLksodJ9OdUeayh338BV/z1U2a0m58JCMsyXEKYzHXvFYXhpTiZKrM9rvJI8k2l4HZnKwYmtMNshRgAPI1X7F1JODSHxzFAidCbgfKQfVvv6YLmvP9aHBmNzeCj2x0fgrzcDe+VBWCkOwlLYr8WRkZgfHo6z6gQiDOaSarZMkr9pxkvJEc416+Iy4g1mEHV2IlFnxhNxejSBwvc71mQ+5b7rqAlbT1XQCnKcFxBmMJkA7cmE647B/8RoAk5MINN6KRXe67kevosYowWkW2wlwmy1FPkrpmC+GXZUiuzP8jzKtUhNfs/Q5WXqKUkAFwjfAFEAP045w7Pk09wQxoUYAZzouJt05z08SNXlbuwpqryPknppF4kXd1Pgqoqd/CAcl7bk0vrB7FvQnlvBO3kUuJk7ATt44LOcOxEHJWpD9nI/Wnj+0Ye5F36QR5HyPAiXkyKZ74crUB8uz8OoQzyJ3M39iJ1SCnLt/T3QPdiRs/s6cmZvF07v6cqp3QJ7BYS+0/s7oH2gpYTOwdboy7fBSKE9xkc6YHy0PYYKbdE+3BH9Q52IMJ0uXKsSr5MVeBm3j6cxO3mWsJMnwnfjI0/j9vMs/gAvEuV4lSzP7ymHJXHOLfcGQfokDh6GCgTDsyjePY4W+pOE/kR4KrSPhfZhvPAOxQoI6z8QlotS9TM+3Ivg/d1w3t0Jk3hzVXjnbrvx9rYv7x+E8rLWn7f1AcL+o3lR7cDvyXv4I2Uvr1P38XvqfomXwvTLlAMSf6Qf+sTrDPl/4FmqMu9q7PnwIoWXT9KF36hY3j2I4d2TeJ4/TuDD83Q+PMsWjlcAL0uAK7ypjSHs0gE8tFdKAtjrvNx/lgCeqF9Ly35/0Ogrwvdz2g57xSjV/53I34/0WqLMN99+JxzvHwVwp4nrmWxY/tXtZMiQIUOGDBkyZMiQIUOGDBkyZMj4d2Bg3y5079yKzu3FaF9R+opRwC2lvi4d/usI38+l8f8N/5UAfpYjJwngpxnbBXZKAjjU+jdmDW7MmH5NGduvlUAbRvVtxcg+LRn+p/z9tXsziV+6ibRgYNeG6N8+nf4uf7u3a07vtk0kAdyuZVM6tG1B59Y/MqBNIzZN6oiVwmx2LhrMgCaNGCqwcWRbjs9qi+ma7vjuH0n00ekEHVqH7bZ5aArrKc7rh9KSfmivGYzzwZlEqi0n+dR8Ys7M4m7CcqjYx/uKTbyo3MChTQOl8/g83fPnaaD/Wcrn/j1EAfx3funahgE9mn5RA7hP5yYsmNqXqjw3SQBL9X//TAEtCuDHVwM+CeD6a2HcrEjienkctVciqBcjgcurqC0vof5qLG8v3+FK9kmyMjpTV3SRqpwD5Gb35G6xOxXZOyjMns6tUhte3arj3o1i7tRmcb+ujBtXMnl8p4YHV67x8Fo5z+rzeXAjRZK+T2qzeXlXFMBZvLhdKqWAfnSrSBLBogAOdtImwklDEsBhdqqS/JVE8FcEsPdFDSkNd"
36541 [Forwarding screenshot on session b1310904-d161-49ca-a1a6-530fba7baea8 to remote] DEBUG org.apache.http.wire  - http-outgoing-101 << "JiDLuFOZ4Q+RczPLOO85mRsjX7DQnsZRidG4Hh+LbrKg7HRnyvs5xQRzsqEWhnhb2lAhK0WoQ6nCfV1ICU6hChHA2LtVYhxV/5MAGtKAjjJVY0kNyVS3RVI9ThEmpgC2ktRkoe5fscoCGgg3/8IBX7yFPgekKJfUx2WkG27lNsxK6gK38DkAe3p3LHJp/q/YvpnUQKLMlgUwOK8JIdbd6J3p9Z069qIsRO+Rf/cdNSVBuBoPJ/3dW4UZipxtVSJnOgDvKqx5EnFWS6pDSfafitF0fL4uvWhLFmTnJj15MXN5mGxMTmRQ6mMXc/lmF0UCudTFLWU4qi9XDy1hh0bhHdrSj/GD2zB0pF9md7vR8zUZgrPYjlpfnu5lmEl1QC+WRTG1SIf6stDuVMVSV11NLevRvOwpkEA53n/KYB9hPvge5RMt4OEmKwhzGwVAUbz8TOciYfeeMIsFxBoOpWgC+OJs5lBhMVMIqyWkeC+h6LI05QmGlKdeUkYg9ZUpltSmmRBSZKVgA2lyfakJbqQmexNVpI/6VFeJAU7kOB/kXgf4Rl6nSLGU5dod1EAaxHtpEqc43ESHY6SYHeIRFs54i2Xk+ewglTbNaQHHiMlRIUbaTrCevuYPeonts3qguraAVyUG4qnxiiCT4/F7+RkXDWmYXF0CtURWjwvNeXtjUu8v20LD73hgT/UO/HHVSPeVp7gcdYx7iXK8Txbnue5e/m9VIH3l89wI0GZKDdFqQZwsJMSnpdOYHlGjgRvLakGcJ6/8N6FnaYqQk0SfA9i91IXu42r0Zu4m7qfFzlHeJmnxKPc7dTEreBe2iHeFJzkjxwFHkQLz/vSJAovDCH/4ghSjEbipzmQWOOpRJ2bio/mcLxUh0ipn0Xx66wh1gLuK9UAdtcaTqDedEkCi/V/k8zmUeS0lAq3JVS5LaXaY5WUBvpawG6q7FeQZ76ANNM5UlppJ6XBeGqOJ1R3NgnGi8k3nY6v0jTkp7Tm4k5RAA+VBHDq6cEknhlMhPY43I4NxEnhV5yODMNWYRgXD/6CycF+2KmMENpumMj1xuLYSOxUp2CvPBVP9elE6s0jURhHovxNN1lGrsVqsi4uIcV4DtH6kwnVHk2EzjhiteaQbrCQWp8t3AvezDXPJeSYCed0dCBe8oOwOdgeV8W+eAvvTKblIq4GbuZ29F7ijReSar6ZcJPlQp8cNwP3czNYgSy3/aS6HOJyqDpPU87yR8bZTxHA8dbbuJ9wUhLA9fGnhHF2gOIAZdId9nAr5qQkgK8Fq5Jpt49U631cCTnLLf8tVB0bjsvmQaya/j3Xg7byyG899SHbuOu3kNvhByTqgvZI6Z4fRslzL/QADyMOcT/sIE9CD3InVDy3fdwNE/pD9/Ikaj/RJpPR3ddOuH+dMdrfifN7uqC/qxsGu3ugv7cHBvu6c+5AN87vb4fhgfaYHurARYXOXDrSSeLi4fbCmG+LoWJ7zh9qQ7jROB4nHOJxzD4ehO3gQehm4Rw2C+ci3NfPeBC+jUeRO3gSvYtnsXu4E6cqvA/BvHwufPuf5/DmaSbvHqby6lEGj57l8fJZHK+ex/P7iySJV88TG6ZfJvPHqxR4nsT7pwm8fRwnIYrXj/NvHsXy4WU0735P4PmzWJ69TOTx4yhePQuDl0HcrTThefQ2nsdu50XcDoGdPBd4FruLJ3G7eBq/m+eJez/xImmfhJRO+k+exB7heYWlsM9koJqn9zO4VR7C7RsJVF+Np6IynMrSKErzYsjPiCA/K4zkUAvCrI4SZrwD73NyeBkc/M8SwEPl7/FDi3c0+or0/UjjDm8Yo/m/K39Fus8Vbv433wrH/FL+/tiyE8OP+n11GxkyZMiQIUOGDBkyZMiQIUOGDBky/l0Y0KczovAVBbAofxukb4MEbuj713xN6v6f8N8VwB8jgMUU0CFWs5n+y4+M6PUTo/u0YVTv1sJ0K4b3bMmwHg3yd1A3MTq2qSR+RQZ0aSHJ316fyd9ubVvQt00TerRtTrtWAq2b0aHZN4zp+T0KC3thsn0II3t1oEujRmwb04+j88cwrdt3bBrTFpfdk0mUm0LA3iV4712AzaZJOO+bRZj6amJPrCVRaz2pJzYRdHA8KboLeZaxhQ9l+6F6Oy8qN7JnRQ9J7ImS93MJ/LkA/qv8/ZoAHijcq/7dmzCwd2P692pCvx6thP02Zv6UPlTkuHwSwI+rvHlU5fsPAvju9QhuVkRwqzxFSgF9ozSJ68VZ1FXkcvdaLA+L47iSJ09q/GDKslcJ0wrkJS2XpsuzdlKet4qy3EPcq4nkWd0jbt9Kp64ugXvX71B/I5+HNRU8uJYrRf2KEcAv7hQL65Xy8m4RT+rSJAH87HbZJwF8qyKOEOcznwRwqK2KJH9FESzK3zB7jS8EsJeZBkE22vhZqhNkp4a13gZ0jk/i4tmZ6KoOx1pnObYGCzinOg5jrdEYn5iAh9l2Aq0VpVq/gTZ6RNieIMzxFEFetiRGBBLlpE+M/VGi3BS+EMBiFPDHCOBkV3mS3Q6S6X2MLDEK2P84ef5K5PqLEcAKZHnJkem1nxzPPeR57yPFcQnpNoupi15BddQmpg7sTKcODQJYlL4f0z6L0x8Rl/Xs0Jq+XTsJ76LwfPt8y75dA3AxX0Ci+0Z+LzXhZskFqrKOEeO6hRfVdjyrOou9zmRK4rQpTDhMtPdWciNVeXHjIplRMymL387dLGsyY5pyN1uFrKAxVMTN5HLKTqx017JmySTGDOvElMEtWTKsM/OHdCDg4m5SfXcRKxyjKsmMurwgrheEUFclUCZQGc6tykjqLkdy/0oYBRG6Uk3UIuEe5PseFu6BPJluh0m03UeGqxyx1huItFxMqPks/EynEnZpFkFCG2uzgBSXdaR67CTB7QC54ZqUJ12gItmM6jRLAWsqkkRsqUp2pCLRkdxMHwqzgynMCCcnLpD0MDdSAy1J9j9Hku8pKRI41vMscW6nSBCeY7KLMqkOR0m1P0Sq7X6ynLdT4rKeLKf1JHkdIt5LgdtpOhR4HeTw8h6or+zBhX1DcTwyhAD1kYSeHIOv5jjcNKdhpTSJK5FqvK4y4d0tU97VmcMDF7jtyoeblvxxRY8P1ad5X3aSF9nHeVekyB9FB3hTeoR3wnO6Ht8ggCPcFQh0UMTX+jS2egrEeWqS4afWIIDDNagIVeN6wCHuhO3hWtB6irwXcjlkFfURm6mL2c/N2KWUBkzmZvhmnqUo8TRxF/fCVlNoOYMis6EUXhpFmslovNX6Eao7liDtMXiqDcFHQ7guoU/E68yvuGr1x06lJy6ag/A6PQZ/3cn4nJpAjOF0Ch0XUem6hCr3xVzzWyeczzZuRxziquMyiiznknB+Et7C/lxVf8VDfbhwj8YQaziXQrOZ+CvP4Mj0dlza3Ztk/WGknRlEmvYQks4OIfzUKPxUhxKkNZ7AU1OE7cdgdrA/Ots7c/5AT0zlumOu8AtuWtMJ1F9BkN4KwnWXkmS0lIwLS8gwWUa2+UryrRoEcNrFecSdnybsawRRBhOJPz2HTMOF1Lhu4GHoTu6HbOGq2wrhnOcL92URaZcmk2u7gHy75VwL3Mad6N08SpIn3WI56eabSbRaR114Q9rlu9HHKfA8LNX8viqMzadperxK0ybZcpMUAZxgs/0LARxnu1d4B4RvgsshYZ963ApTpcRtP+lWW0ix3kFVsDo3hXO5sqsfNou7sXdtV64HCefotVF4zjt5GL6RutC93A7Zy62AncI5HOCBGBEszD8MOyBcyz4eBe7mdvAebgl9Yprou/77eCo8l5SLMzE/0gmjw90wONiFs7u7cnKHwPbunN7di7P7eqNzoBdndrdDZ28H9A905PxB4Z7LdcJQmBY5v78DRgodMdjXigDdkdRF7KA2aAu1fhuo9V9Hre9abnj/nZs+Qp+w7HbgZu6FbJNEcX3EYZ5esePh43j++FDJk3uZPLmRzON7edTczuV2bQR1N8O4fi2I6io/iordyct3JSfXmew8Z3LSbUlNMCcu0ojIEH3CAnUI8j2Nr4cmnsK32MFWk0uX1DAwOYa+yRFiEi3hdQY8D+N+qREPhfflYehGHodvl"
36541 [Forwarding screenshot on session b1310904-d161-49ca-a1a6-530fba7baea8 to remote] DEBUG org.apache.http.wire  - http-outgoing-101 << "XgYtoUHoVslUf0wYrskqz/yOGqnJK6fxuyWEAX23YA9vKoU9kkerz6UcdH4CL/2+JFenRvTsXtbOgq/u527thD+FmpHx/Yd6NqtHUMGtEJHfhHRJvuk+r//cTWAey99QqNvvi5+P9JnxWOmXfz7NmIN4PFn677Yz/8EnadsFo73pfwV6TFPnqkXar66jQwZMmTIkCFDhgwZMmTIkCFDhgwZ/y6IAlgUvp3aNZXa/68JYDEF9OPsdTxK3SLVAH6Qt54gi5lMHfA9Q7t/z8ierSWG92wlyd+h3Zt/kr+/dG3yp/xtRn+x9m/H5pIAbpC/wvm3Efpa/Uz3Ng3/gCumgO7a5jsWjGrL6fVDOLWkA93bNmFws0bsndCLJb+0oF8rYXrZCAJV5pN7dDShB+eRrLqGSMVFxBxfSrLGOsLkFuKxaRp2y8fhum40xRd2QbkK70sO865iFy+rtrBrWXf6CPf4rwL4owT+70T//isBPG9yb8qznf+lAH58JYhHN6O5czmSW0VF1BYXcqfGR8CP+rI8bpcXUJG7ntSY8dQUHiIzeTClqYd4WhFPTspEirPmUJa9nYLchRTnaAvbXeNBfSXXryVxt/Y6925d5cmtYh7eTOdxXRL3hP6Xdyp4ebuaV3fFqN+UTwL44c3CLwRwpLMoe5UkASzK388FcIKPwScBHGSjg4epsMzpNE5GuzDSnI/NucWYnZnGOc3RmJ2cg4PBRgxP/IqB6ijszy/gnNpowu1PE2B5nGA7PUKsVKT9hfnbkxIdRITDWcKtDxDpdpA4V40vBPDHGsAJTgdJcN4npYIWo4DFlMU5vooNAtjviJQGOsv7AOku28ny3E2yw2JSLRdzK3IZVZEbmTKgE23b/iRJ3o+IEcAfpz9GAvfu3pou7VvTo0tHunf6nqnj/kak+yYyPDbwMl+be6XOlCYdI0043oN8S+oK1Ah3WcvtUmtSI/cQ6niQ6mRbnlZ78rDMguzwlRSnDiPNbyFJPqOoF2s4B0+nIGIhEZ57ObR7iZR+enTPTqweORzTYzvIDjhNebwKJdHKwr4uSimgb5dHc6M0SBLAtRVh3CgP51ZVOHerQ8gP1yHH8yiFngcp9G8QwDkeiqQ7K5DpqkCI6Qp8zk3H+9x4fE2mEGW9gADDWUSL0bg+BykOUSPF8wj5EdoUx12gONaM6lQ7ajJdJPFbmeTM5SR3KuNdyEhxJzfdn7ykINIj/UgOcBKuy0xAh0Qv4ZmJkcCeZ4lx0STWQXh2dgok2zbI31SbvaRbbybz0lJyHddLzzPadg93YrUod9/HpUPjsDsyGh/1SXgcHYrfsSEEqI7AXXkUjioTMVMYS02UIu9rzvOhTp/Xted4W3uRN9fNpPTP1OtD9VkBPf7IV5ME8Ovig7wrF7apEmv7KkkpoD8K4AC7szicU5QEcLqv6p8CWJ3yEFWuCs+3PnAf1d6ryXScQbH7XK54LaHCaxMVAdPJdRtKla+YMvgAd8I2UBuwlCKrOVTZjKXEaiylDsL9NRhD8NnRBJ8ZS9Q54b4bTMbj9CDCTMaRYj+LcNOx+OkNI/LCFCnlr7/uRML0Z5JmsUA47houey6l3EWYdl9Bpcc6rvpt55rzUkpt5xOrPxYPlf64awzCTW0wbsqDiT4/g0Kz6QSqzuLojPZY7OkjCeD0s7+QfmaoJIBjzgjfUK1RRJ2ZSvjZmXiqj8dSYRDGB3txSWkgJge7cEnhF9xPziTk3FpC9YVvra7wnT2/hCyTxWSaLiffYg2FNmulNNSZFguJM5qO34mhRJ2fQLj+HMINhGsTrrfIYyW10bu4FbWTuwn7hXY3d6I2cytkqxTRXOW9gVL3ZdwM20GG5QrSLm4iymQZV333ctN/N7UhCmS7HCDZSY6KYHUeJp3haeIJEi9toMhfhRSH3TxK1uZ5ija3Yk4Qbr6NEi9lsuz38yzlHM+SdLjir0DixbVEma6iMug4JRemc2/3YHzWDEFXeRbXAg/wXOBKkBx1QZsFdkvc9N/BndB93A8/QL0wL8rfu0F7uOe7ldvBu6gTnnt96CHqffbzKEQY32azsTrWBUOVbuge6YLWvo6o7uyA2q5OqO/ripZcD07JCxxszxn5TtI6Bke7CnTm3JHOnD8qbHusM4aHOqO/py2+OqOk+3ItYCPXfNZR47GaKudlXHZdLnHFbQVX3Vdy3WvNJwl8N3gr13028qTyAlDEo+c5HN4zlyFdGzF6SBv6Dm7LiH79GN63L8P69OPXXr0Z2EOkr/B71p9f+/1Cj1496dy1C+06tJfo1EX4e6V7N7p060rHzp3o2Lo9LZq15ocfm/C3779FVXkfvKqCR4k8zL3EHd813PNfx4PADdwX7udd4fzviOcWJEaEb5XOUUQU1vdDt0uI4vphuCjghXHiLbQFxvz+Jo13XMVQX45mjRrR9LtvaN6mA980b8S3P35D4x+b8/PPbWj0ww98/20jTuydR5ThPtx09ko0mm5ex38CU4zqaTfiFcI9+irffveB3kueMtWk/tM247XvSCmjf9356It9/U/QZvAs4bhfyt+W/SYwyaD0q+vLkCFDhgwZMmTIkCFDhgwZMmTIkPHvxC/9ukry968RwJ8L4f8XxH38FVEuf6R7h1Z07PSz0N+O3u3b07XTT5IA7t76B8yOTuFZ9gGepm/jedpqniZu50nuJgItJjJCTO/cqym/9vy8zm+zLyJ+RcR6vx9r/jakfm4m1fnt1raJRFfh+G07fEebDj/TpWV7fmn6HRvG/oDWuh7sntaZFk3b0K91W9aMGMjSnj+wYUAj7Lb/SvTR8aTIjSV8/xQSlUX5u5jQo0sJPLICt71L0Jo7nJOLxpKoP477cZt5W7yP9yV7eV8uXEPpXnau70KnLi35a33fv9K/179mYPd2kgge0KcxfXs3oU9P4Xo7/8TcqT0oz3bkxRVfnlV786TSU5LAogx+eiXgE/eqI7lWHMCtslIul4dTeyWNm+WJwnp5VGYfJTN1KrXFjuRmTaaicBO5KfsoKVxIZb6O0LeGkpxtPCmvICNtMlcqj/Gk+imPrz3gfm0md688of6yC5eLjXly25cX9Vm8rC+RxO/zu2m8ulfMi7pCqQ7w09ointUXCucRQ6iTNkHWKoTbKhNirU6IjRLBNkekmrwRDtpEueribXEIG4NVBFhoEmJ/GDcjOQyUp2Grv4RAGwW0FcYQaH1Ekr4Xtafga70OI42peJpvxMlwHYaqc4hwOUK4paGw35N4WB7CQl+e1DB7Ity0SPA8RozdwYaoX1dNEpzUSXBWkyJI4xwOEmO/i2TXPSQ67yLJZbc0neq6lzT3PWS4ieyWyHPbS7brbtIdlpFltZS68CVUha2VagB37dSYge0FOrSgd7tmwthsRa+uouhtJ43LXp1b07lnW+E9aqj13K3dtwwa9AOnTi4gO06VylhFXlVcoij6OOmRh7iWf4Jr6cdJctvI/eoLONqvIjXQggc1dlzLtuF3MUVzuQFlceuF62xLTdJOMsOmkRE4mdq8vaQEHcb2gjL9enam7Y+NUNq5kJxgfSkVc0H4cSoStAXEaFx3KjN8uFkawa2SYGrLwrleJkxXRnK3Koy8MF2yPY5Q6N4QBS3WTM331SLGSpF4u6PEO+0l2HIxNtpDhOc3Dlf94XjpTybNeRv5Popke6uSH3JG2I++dLzLKRZcTbflSqo9lcl2lCbaUZbsRGWaGwVJ9uQluJGbEEBGtAeJweYkBp4n2d+QBDcDEr3PEu+pTZzLSUniJzqqkux4lBT7AyTb7SHXbjc51ktItFqFt9l+Qu2VqAxW5KrfQWwVZmGpNhJ7lRE4Hh2Am0JfXA73xVlxCA5qYzGQG8ytBCUe5Z/iQdFJXlzW5XaRBvV56tRlq1Ofpcn1TAWq4w5RE6fAtZi9XIvbxLWETVRGbRHYS7T7EWJdDhIo3BdPV31sLUT5rU6O+2GKAtUoDjxNSYAi1SH7uB6yg1K31VJ0Z6rVJIq9plPgMZc060mkXZpIod0CSh1XS6mRM61Wk2G9ljSbrWTYbSfDYYdEumMDmcK4zXDdJUU6F4i1qoW2WHhWpZ57KfPcTanHTspFv"
36541 [Forwarding screenshot on session b1310904-d161-49ca-a1a6-530fba7baea8 to remote] DEBUG org.apache.http.wire  - http-outgoing-101 << "HZT7bNT2O8q8i7NpsRmDlfdlnHTdw23AjZy1XkFlcLYjtUfj6tyf3xOjsBTcxgOigOJOjedfPN5hKpOQ2VqSyy3DyTJcCJJ+kJ75lcytCcSf24kPmpDCD47kyCDuTioj+DS0b5ckOuH0d7+XDrcG/PDA3EW3l0/veWEGa3G/+xvJJrOJ9nsN3IuLaPAehXlzuspsFlG5sX5xBtMJUBjCJFnx5J0bjHROovQW9mDEws6E623klsRKtTGHeVK5C7qhHenPkyBKqc1xGmNxE++F6HHfyVccyy+SiMJPz2BEvt1XPfZT7HtFkk8ixQI35MS+w3citJqiGz3UibGYidPknV4kXJK+OafIsFyO5d9DpHmuJ96of+R8L7eDZMjyWoTkWZbyLPfww31AZRZbOLMzrFYH58s3NNdkjSt89/E/YD13A7a+wV3gvdJ3A3ZL6WCvhN6kFr/PdwJOMC9gIPcDRSOFbKLdOtZWCm0xVC+FTr7O3FqXz809vdD7UA3lPZ34NiuTqjs6c+ZbYPR3TUUnR19MZbrgoVSW+F+N+fCgXZYHhyA3tGmWKp3wF+7L9d8l0vPv8Z9JcU28yi0mkOpzRKJMuEdKrdZTJX9MmocV3JTGKe1Hmu57LqKhyXWQAJvX8WyfdUivmvUmJYtm9Omyc9C25I2bdrQrl072rZtS6tWrSTaC38LdO7cmXadOtKqXVuatmxB0+bNaNGqYX1xXZH2wvbNmv7ET01a0ujbJqipH4I/kuGxL7czzlPrvJDrLiu44SW8d8J4rfZfKrzbC6kLWMtNj43Ue63nps9y6gKFdfxXc8t/B/X+wrjwWcvTsJXccN/A3RxjeJsI7+KxMpLn+0ZN+OFvbWnZuBFNf/wbzZu14fvGzfm5dQu+/dv3/NzoOzbOm4CP2U7hu7YTT51D/zkCeJL+bVoP+uf1fztNfMm0i19u03dVQ8Rw39VPvuj/f2WSfglNOvUXjvt3+ftz+16MUg7/6voyZMiQIUOGDBkyZMiQIUOGDBkyZPy7IdYA/iiAP5e2Yt/nIvd/gq+J4O4dWtCh8z8K4G6tvpcE8NOcfQ0COH0lj5O28jhnIwGWkxgupnfu2eyT+P0ofz9G+37kX8rfNo3p0rY5rdt8Q+u2P9OpZRsGtf6JDRNbcXRFH+YOaspP3/zEry2asm98XxTHNOf0rObEqE4jVX0OUXvHES83mwyV5SQfW0K43HwC987Fb99CrNZMwnHLbO4Eb4LiQ3wo3ce74h1Qvk0SwNvXdqJDx/9ZAdynl8BnArgsy4Hnl314WuX1TwXwk+uxXCs3p7zIigc3q6gu8+FBdTX1pb5kJE6VUgzfygsnO3Erz65HU5ZzjNSsdty57EpdhSf52TN5cjmR26UhJGS15NZlO+5dvs79O2E8uv6QrOx5VBcb8Ly2gIdX86X2eX05z2oreHyzoEEA3y76JIBry2MJcz5DsI0qEXYqBFmKNYBVCbM/RpSLBpFOp0nyNcbrkhwGqrMIc1TE11wJK51FmJ9cjvelXRiqC/feYDs2esu4oDUX89NzcTZZhsmJqZhqzSDYYS/nlH/D1XgHkba6wj6U0FNbiJPZcXJiPYjz0ZX+8T7TS504JzWp9u9fBXCU7Q6hb6eEKIFT3PaS7rFXivrN8xFTHzcgCrY8jz2kOy4m7dIcrofOpSpsFZP6thbGfFO6tviBrsKY69zqJ0n49unalh4dhfHaqQU9OgnvZHdhzArr9RLGa6+OP0q1gLduHkRs8CGygvfwtOgSmYEK5MapUJGqRWnUcaLstpAfewI3oS1J0+NupaMwDlK4XSI8h5JYimOWkxHVnCvJK8mImEpR7G9cy9iJ56V17N26gF/69mLSiIFMHtSa45smkeV/irKY05THaksRwGIK5qIkO64Uun8hgMVU4ncqQyUBLEYAF3kI5yjcj0zPw2R7qhFleZgE+yOfBLDr+bH4XBiDx/kxBBjPFLbZQ0WoBkVBJykM0yE3VI/SWBOqkswbBHC6A1Up9pIALk1ypDzFhbwEW3LjXcmJ9/8kgJOCDEkNNCbJ47wkf2PdTxHrrEWso/AMHVRItFeQpF2izS7hmWyjwH4FaQ7rcDbcRpSrKnWJGlz134fJrlEYyQ3D/PAIzPf+gu2BITjKj+LSwdHo7R2N8ubBlAcK1xlwmBj7DYTarsHDeD5eRvPxMVqEn9ESfEzn4K47G199oe/sVDy0h+GmPQjnUyPx0pslRf/+VQCnemlIArgwQFXY9ymK/Y9SGbSHmqBtlLmvIcNyDqlWU8hxmkSm43RJAGdaTaPIfiHlzmtINJpLqrnwjP8UwOm22z4J4AxhvIryN9N1D1nCmC3yOSRR7C1Hqc9Byr33U+61RxK/lQJlnruo8t4hCeB8i98os5tHjfvyPwXw+k8COM5gAm4qA/DWGo6HmFr62C9EGkyTBHCY2vQvBHCiwUcBPJ5o3aF4qw4Wth2Dq/oE7NWGYyLXnfN7euCgMg6rowOwODIIO5XROGpOwfP0LLxOTCTpwgIyLs0n12I5hTarJQFcbL+SLHMxGnkiwcJ5hGuPJEp3KhGnp+KvPA6T1V1QnNQI2/2DhHspz+0EZaqC9lMXJU+F5zrizo0lWKM/vkq9hfUHEKk9hjSrJVwJ3MvdWBUu+x8i2XwVscZLyLJdR6nndu5Ea5DusI8Cf3VS7PfzKPksT5NOcS/xDLGWuyjxOECS4wHuZRjyJFGF2lA5kqy3C2NvD0WOe7iq9otwLxajsXE4lscmSgK4NmAr9QGbueu3lvrAPf8SUQrf9N1Fvd8+7vjt53bAbmqDdgjnPVMSwGbHO6Mv15VT+/ugub8vmsK9VT/QEY39XTl9cADqu77j5L6W6Ch047xKL0xO9sLKYAhWeuOF7+tozij2w+BILxxU+3PVZ40kgIuEcZBpPJ1Cy4VSGm0JiwWUWC6SJPBluwYJfN1lJeUOS7mXZw5vY3jzIpKdqxfxQ6OmtGrVgtZNm9KiRQtJ5Hbo0EGSvqLcbd26tSSERQHctmMHWrZtQ+PmzWjSrKkkgUVp/FEUt2km9Df5+ZMAbogAToAHntxONaDSZqY0Rq/7bqc2fJ8UAX47fhf3Y+W4F6nIw5ijPIyX53GKHA9TjvAiTZPnScJz8ttAjec8rjqsoi7NAH6PFYjCxkiext+1pOnPnWnd/Fua/vQ9LZq35cemQl/rlvz4U2N+avQDiyYOxuPCbjz1tuN+5iCNpl+6xX8CU0xqaTfy6xHAP7d7y7jTt7/cxvwWHce/lJZ3m/WMaWa1Xy7/f2DIAUe+b9JK2HeD/P2pdReGH/X96royZMiQIUOGDBkyZMiQIUOGDBkyZPw7Igrgjm2bfBK+HyOB/6cE8Odi+SOfS+C/CuAuHX8U5ltJAvjCkck8yd7N4/TNPElbwaPELZIA9reYyLCuzejXXazx21SSvg3ityn9Ogn9An2F44iI0vcjH+WvKH4l+dv6Zzq3/JG2rb+ndZsmtG8mbNPyexaNasvyKV3p3aoRPzdqxJCfG3FqWg8CNw8g/uAvZGlOI/7YLMIOziZMfjYRh+YQLkyHy83Fd89MXLdNwXHDeCLkl3AneANvsnfxInsDL3LW8rZkA4+Kd7N9dSc6dWzzRTrnr9Gv579GFMDifejf+2f69Gr6SQDPmdKTkgy7v8vfCg9JAD+p9vm7/L3sz/3LUVwvsyMxZQlXy9y5f6WK66XOZKZPozL7FPfKg8hNX0Je0mHqqowpzNpOYeZuinL3caXYkIKspRQUjuN+eRGVhWfJL51OTbkbz2pvkFuwj0JhvTvCcV7V3pRSSj+vzePlXaG9k83TOwn/pQAWI4A/CuAIJzVJAKf4m+JnrYCRZoPctTqzHrNTs/C1OICd3nr0jo/lotYKzqlOkiKDxX+IN9GchaXObM6pjcHRcIVUB9hUfQXBlkq4GG/A6NQiIr0NyYn1ItpDnyDLw1K0aKyAGAUsCuBEF3VSXFUkARxps11otxPv2CCCJQnsuotUKfJ3D5nuDRR6ixJ4H2lO80m8OIUrwZOpjFjG5H5t6NKpKb26tZZSoXds+xN9urWie8fG9Oj0M327N6d7px/o20MY012E9"
36541 [Forwarding screenshot on session b1310904-d161-49ca-a1a6-530fba7baea8 to remote] DEBUG org.apache.http.wire  - http-outgoing-101 << "6TVz/zSox3thDE5bXILAj32EOa2jkdFouzcS3GyMrE+O4l23kGo7RbhHm4j3GsnNXlneX4ljtvFZry64sOVpBNkhk4iO2wsiV79qMxaRF7kDNL8l2B6Yg5b18xl1JARLJg2gVmjOjOp299I9z5NSeQpMvyOURZ/ntKEi+QlXKAy34ba0hDqyiMkASymgb5dEUJuaEMK6GLPhjTY2d5HyPVWk9Ivp7srEW2/FU+jWTjqjcTTeAxehhPwOTeVZIeNFAcoURCgIUUAiwK4MPI85fEXuJxq/YUALk4Q2iQncuNtyIlz+SSAk0IukRxsRFqQCcmehpL8jXbVItpRUziuKnF2x4m3lSfBZi/xVjtIM9tGof1qUu3XSv+BIMxFkevxx6jw3cIl+VFYyvXD5dhgfI4PJ1B1LL6q43FRnojhgZEcXNyBqtCTFPqqEHZpG4HmW/A0XIOv6QYCTTcSZLIRb6PFeOguwU9vJX5n5+F+chyOGsNx1JxAoOFqwt0OfyGAbS6pShHA2W7y5PspU+h/gmJ/Bcr8t1Ptt4lyj/Xk2S8h1XIaSRajiL80mnSbaeTazqPEcTnV7htIMplNgskC0q3WkWq9RRLA6fbbyXTcSabTHrKc95LtfoA8r0MU+8pLlAqU+cpR4XOASp99VHjvpcp7DyXuO6j02i4J4EKruVQ6LuSG1wpu+a2lNnADNS4rJQGcaDgZD7Vf8NQcirv6EJyUBn0SwOHq01Cb3loSwInnx0sCOPnsYEkAx+oPx+P4L9jI/4qF/GAsjw3C/EgfzA71x1V9EvbHh2KjNBgb5SFYKf2KnfJgXFSHkXxxvhS5LUb/FtutlQRwhcs6SQBH646X5G+w1lDC9cQo48lSVG+c6kgiFYdz+rfvOLGwKRHnFvEk6wQ1UQepid7D9ZgdVASuluos3wnfLqUzLg/YIUVf34wWxoS/HLFmwhg5v4AUm9UUe+/gcbQKmbZbKfQ5RqrdHmrD1aiPVKMu/ixh5rvIcz8kjLkD1Kcbcjv6uHRvYyyFcWe3nwzTlaQf6IHNzuEcXT0ES8XJ3PTfye3AbdT6babedx11Abu/oNZ/l8Qtv50SYt9Nrx3UCc+q3me3FL16K3Ar6ZYzsT7SDlPFLpzZ3xHN3d3Q2NONE/s7o7arFSd3t0d7d1c0FVqivL879kYbqchx49WjLN7+Xsyjh/lcvpxCtP8ZPMx3Yqc1gxy7FeSYCs/UeBqZhjPIMltMpslvZJvMEfrnkmc2n6JLCyi1WkyVzRJJBIu1lm+lG/H+VTCvHwexf+1CfvrmZ1q1aUlrMaL3TwHcqVMnOnbsKAlgUex+7BMFcIs2rfm5WVN+btKYxk2b0KxZM5o3by7RUpj/+ecfGwTw35qipLiLd09j4K6LFHVdajODIusF1IccgSuWcP0S1FzkXZUFXHbi9wpb3l6x4f01K2GZDdQ5CcutuBO1n3LXhZRZLOF64lnePg0V9huEjeEBWjduR+tWvWjd+geaNP6Jli3a0aR5G5q1aUHTZi2Evxl+YsyArjgYiRHA23A/s59GMyxq+U+h3+onfPPtXwTwN6Lgff4P6w6Te8CPLd5J6zTv9ZrJ5+r/YZ3/G6ab36DzlE2S+P3m2+9o0mUgI5UCv7quDBkyZMiQIUOGDBkyZMiQIUOGDBn/rog1gD8KYFHWfhS2Yt/H+f9J/iqDu7Vv/kkA92on1uFtEMBiDWBThUk8zt7Bo7SNPE5bysOEzTzI3oTvxYkM7tKEPl2b0rdLU/p0FqY7NaO3GCnZoRk92zcVaEYP4ZpE6fu5+BWlryR+WzVEXXZu9h1d2jalbaumtGn8PX1a/Y0xfZrxS/em/PR9I9r9+B2zO/2E27qhXDs5nctao0lVGoX/gSn4HlyKm8IcAo4sIEJxCWHHluB2YCbmG0dhtnIIjhvGUmo7l+cpm3lduIW3RRt5V7qBh0U72baqMx3at6Vf9+b/ElEE/isGdG3fsG5PMQJYFMCt6NnpZ2ZP6k5hqq0kfh+VuzdQ6fUPAvju5VDqyqPITNlNcvI8HlzOICdzLVmZ43lYnk520gYyM4aSkz6P7IzZVBdo8vxKKYUZKhQUT6I0bwclxXPIy9rI0+rrVJQeorRkL1eLvEjOnM7tijgeXg/nSW0sd6uyeHmnkud303l+L4GX9zO/KoDDXc4SYqtGpL0q4XYnCLNTJshaQRLAYfZaxHudJ9hBCWfTjegrT8BQYzSO57ZIqZ0vnJiPq9FuzigOxVp3MWG2OsS6aWOmtYjzauNxubBYSgUtRgrb6mzFXHMxljpzcLfegr/TKTIiPAi01SbJ4zTRVsf/QQCnugnzjnJE2zVI31T3fRJpHvulCGCRTPe9n1JA5wrLcjx3kewwi1jTMVQFjKMyYgmTB7SmUwdhPHZvR+eurejQThTAzeja4W/06d6Yfr1bSPWwu7X/Gz07Cu+iMD77de9I66aNmDKhLR5Oe3G3XU1N1nFyYnZxuVCZANdV+DtsINxtG15Wi0gN38KzqiAeVZvzqMSTG7mKZEYNojZLhdTgntxI20V27EyK4hZRlbRXuJe/sWrBdMaOGMe4oQOYOrQdYzs1Ish8N2E2W/A2WUlO0Ekqk60ojL9EZY4DdWWhUgTwtVIxCjiM+vLgLwRwtvchSQBnewn30vYgae4KhFquxUl3Mg46I3E/Pw5vo0lSCmixBnCu90FyfI+T5a9FTogu+eEGDVHAyZZSHWAx+rg43oaieDtKEh2/EMCZMZ4kh1qQEmL83xbAWRa7yLNZQYLVCs4rzyPYUZ7y8P1Uh24n4uIqssVIW8tp5F6aTorxZMLOjCPObC6xFsswVfyV0gB16dpChfEUZrUfP7MdBJhtx99kE35G6/A1WSpc2zL89VcRoLsAL+2JkgB20BhPiMmaTxHAAbZHcHU8i6XZcZI91L4QwCUBRyQBXOmzgUrPTZS4rpEiPKOMhhFm+KuU7rfIcSVlTsJ48Nkk1X+NOT+bNIv1pFhvIs12iySAMxx2SQI4x/UgeV6HKfBWpNhH4U8BfJgyoa3wkROOc6BBAHvtpdh9K+Wemyl1WiGl/b3ssoib3iup9V/zhQBOMZmGl8avuKmJDMZVZcifKaDnEKk5A/UZrbDaOeBPAdyf5LODJAGcZDQGtyP9sDn4CxcFzA71xeXEcNxPjMfm6Ehc1UbipDYMR/VfsVTqg83xfrioDSLNfD651ssleV/itI5Sl7VUeW4ky3I+ETrjiNAdg5/mr3hpCt9r41kknRhGomIfCrVHkao1EtvtXTj+27dc3N+PHLct1KepcD3pCDeS5LkevZdrgdu4H76PKp9tpFssJeXiMmLOLcRbbSIeyuMI151FlvUqbnhsIeLsHGIvrif0/HKKXHZzVXhe9UkG0ngo8FEmxuEQd7NMuJegTnXQEeLshe+F7S7ClUfitaY1R2e25dDKodgqz2yIVPXbzA3vDdz22/hJ+P5VAn8hgL23Uee9i9uiAPbdIQngTOuZ2Cm154JyT/QPd0H3UE+0D/ZCW64nGjvaobO/C2d3dUBhX0+87Y7w+90aeAO8ht8fP+TNy8fCzB/w4SmvH1ZQlmBJkfdhUs/PIO/cFHIN5xB3dh4p52ZIpJ+fRabRbEkEF1ycR7HFQkkE51z4jZr4s7x54sPre14cXr+Qxo1+omXrZjRr1uSLCGAx6leM7hXFrhgFLPZ9LoB/avyzJIGbNm36ieaNm9C48U/83LQVf/uhBUcPb+HNw3Cos+dO4mkKLKaTdH461d5ycNmRpyVmPL/swINKN+6U+fH4ehgvb0fy5LowXe3CqyoH3lSYcyVQ+HbbLqDIbAHXYk/z9mEgb+57YnduN+1bCOfVvh8tWv9IkybiNXSgWct2NGvdlJat2kiCW/z7w1RvO37nt+NxZo8ogG8Kf3D9ZzBRp47mPV9/IYB/bPmOsSduf7HeNLNbtB3292hhsT7wKOU7X6zzf8so5WB+aNaGb7//iQ5jVzD5XMFX15MhQ4YMGTJkyJAhQ4YMGTJkyJAh498ZUQB3aNP4k/D9GPn7vyWARb4mgLt0aCsJ4M4dfqB9p5Z0afE3TA5P5H7WFu6nreNR2lIeJG4W5"
36541 [Forwarding screenshot on session b1310904-d161-49ca-a1a6-530fba7baea8 to remote] DEBUG org.apache.http.wire  - http-outgoing-101 << "jfidXECgzo2pmfnpn9K3yafxK8kfYVzl2jTjK5tmkp0ad1EonOrxnRq+TMdW/wkIQrgrm1b07pZYzo0+4YRPZsytFszmv/4DY2++xudW/zM+lE9Cdo3heqTMyhUG0Hs0TF4H5yJ9bZ5WO+Zge/BhQTtmY/DuokYrhjOmUW/cG7BIMzmDCJRZwqPY7fxoXg374o38bZ4DY+LdrJzVRfat2tD364t/iV9uv1r+ndpR1/hfCUB3LMZfXu1lgTwrAndyU+25mGZ2yc+F8Ci/BV5Xh9LfVkE14u8yc6YQ3baXPKS90v/OF6Rq0Z26jzuVriRnT2Iwpw1PL2ayvvb1dwvLyGveDhFRUt5df0m2TnTKC/ZwcPLGZQW7SM+rSe3L/tQU2LHjUoL7l734tG1TEk0PLnVIH2f3KiWUkKL4lfs+5oADrPV/AcBHOd5jgDbo9ieW43pyUnoqQzC8fwGzqvOwM10kySAjTUnSTI40PIk4Q5aOJ3fjJbcSHysNuJsvAojtd+EcbQb7UOjcDCah43JCi7p7ycrypsgu7NE2KmR6XHmixTQHwVwgtMh4hz3SOJXrP0rIqaAFuv/SmmgPfYJiCJ4D2nOO0h32Uq87SyiTSdQFTiZysjlkgBu3+FHWndoSaeurejauYkU0d2t43f07iGMVzH1c+82dO8ijPEe7enRswsdO4n1gJuwae1EvF2UcLHbSVLwIdKjFSjPPYOfcA4utvuwEe6B4YkJwrXs4l6RMc8vm/Eo34OMqL5Srd9r6TtIC+3K/VwNkgLnkBYwn6pEOSx11jB32mjaNG9L93bNGTuwOUdW9yHgkhjVugDP8wvJ8NXkapoLBbH2lKS6SRHAogCuKQnjWmkodWVB5ISclWoAiymgRQGc6XmIZKeDBJisJ8JqM34XFuNqMAUvk8m4n5uMn8lM/AynE2ezklyffWR6KZDuq05mYEMUcHG0EeUJ5lQkWVMab0VRnPUnAfwxBbRYAzgr1uuTABZTQCe6n/uUAjrG6YSUAjreXvmLFNA5ljspEAWwxXL0FGcT5naMimh56hIPk+CwQzjvDaS5bifJYRuRlpvxNV4rnPcGnA3XoaM0jbKQ4+T5HRWua6cwVvfga7YZb9P1+BitwM94Ob4X5uGpPw8f3fn46QjfCt2xuJwcjL3mcAKNFxEp3Kc4Vzn8rA/jYHOSC4YKJLgq/10AB2hQEtgQAVzpvYlq7y2UuwvnZPkbIXqDCNTrL0zPosxlE2VO67jut4lMy9lEn5tF6qUNJFs1SOBU262k24sRwPvIcT1EvtcxinyVJaknUuIjT6nPIcq9D1IhpYHeR6XnHkkAl3lskqKLS+0WcNVtCbd8VzQI4KB1XHNdRZWwLN1sJr5aQ3FR+UUSwJ4aI4gxnCkJ4Cit6WjOaiMJ4IRzY0g6N4AUnV/JOCPW6B2Fq0JfrA8MxHz/QEkAu2qNwOvUJJyUxuKhOQZXzZE4aw7BWqkvdsrCctVBpF2aJ9X8LXZcK1z7Bsrd1nPZezO5NouI0h9HpN5ofDUGEqG/WIrcDj3ShzTl3mSp9CBLqz8ZOiMJON4P9blNOL2iLYHCM6qJUeVW4gluxapyV+BW8GHSjOfie3w4nkcEFEbhLj+CINXJpBouosZjF/cD9hIrbBthuBz/M/OEe7+OCuHdFyOAQ8x3SvWsI20P8CDLmAdJmlSHKhEjjJMsYSwF7u2My7rubB7VBLnVY7BT/Y3r3tu45b2Rm8K11AvP8nPx+zXq/Xdyy2sb9ZIA3ikJ4LqgLeTYzsZZuROGhzuhe7AD2gc6orZLYGc3FDe2Q3tPT9Q3t+XArvaUZJvB+1pe3iinNNmfynRnSlNNKUk+z9snj+DDK3hdx4NCTzIvrSX+5DjSDWYTc3Y+8WenkqAzjSS9GaQazCDDcLYUEZxnKjwfswWkn5vG5ciTvL7vyut6Z45tnMtPjb6lsfC7KspcMZpXjPgVha8ogxs3biwhTkt1gb8igEXpKspfqW3cTIoK/ln4Zn3/UyvkD67j9b0AuGXNXeFZZhhPlp5hmfBt/L3QgkdltvxxL4ramnjqbhaRlOBORXk0N6rjeFATwcsab95VW1Ptv1sYS0spMJlPTfRJ3t3z5e0dF+wMdtCpRQfatO9H49Y/ShG/TVu0p1mrtjRt1US6lsbfNad14x/RUtsgvOM78Dy7m0YzLW/xn0SfZU8k6fvt9x/4vtl7af6v64w4ek9a53NRPGjHw39Y7/+U6Rev0m3mTr5r3JyeC+SZKfyh+7X1ZMiQIUOGDBkyZMiQIUOGDBkyZMj4d6d/706fBLAofz9GAot9n0cF/0/yVwHcvtNPkgDuKaZ9bP897Tq2oHPzbzGWn8C9zE3cS13Nw7RF3E/YxN2sDXhcmMCADo3p1qEJPTo0lfh7pG+D9G0QvsKx/pS+n4vfDs1//ESnpt/RqXlbWv/cmD4dvmH+6E6M792Onxt9w3fSP0T/yJQ+rdGc2wfvvSMJVhiN5+GJ2O2dgdG66VxYPxmn9TPwXzcXv22LcNi5kNNLxmKydAo+m5YSdnw6d0J28yb3AH9kb+BV3nIeFW5j12pRvLemb9dW/xIxLfC/ol/n9vTp0py+PZo0COCewn3s2IQZ47qSk2DF/RIXiQelrjys8JQE8Ef5+7jaj0c3Y7lR4kp5uh5XcpWIi+hHebIJ13M9yEydw/2KUG4Um5KTupSi/IXcrQjg+eXLXCs/R27WOgpzt3Ct2I5Hl3MpLlrB1bKTFGedoChvGTcrdCnM28GNMhce11Tw8EoZz27l8/BGFq/uFfKoNkmaf1pXINUDFtuPKaA/CmCxBnCkoyh+jxHmoEK4w0mS/UzwND/IKYWJmJwcheXZhRiojsDh3DpcjbdhemIWLob7OKc8G3v9LdjobMRWdxMOBpu5eHIJPhY7pOjgCydnYqk9GzvDmZxVm4iXzQlyYvyJ8zIh4JI86e5a/1ADWEwBLQpgsY6tGPUrRgGLJLnsJtllp0Sq805SnLZLJDtsJtlpE3HW84g1ncXV4PlURa5lwoBWtGv/HW06tqJr91b06Co8v+6N6Sqmfe7fkf7DB7B612YUVY4ip3yEBetX0axja5o3/44lv41m54YpLJnXl7WLR7Jl5Sj2bJ7MwjnDmTl9NGOG9eC38c2J99lPacIC7ucbkB++gpq0fdxIVSEjeCS5YTNI959JfdEJqpPlhPm9JAdroXtSga4dO9C/W1vWzh+Gq8FS4l22EGq9mGCLFaR6qlAWa0dOhD0lyZ7cLA7iZkkoV4tDPwng7OAzZLkrUOguR5aXfIMAdt6Pp8ESfI2W4GU0F7dzU3E7PxH/C/PwN/0N3/PTiLy0iAT79cTYbSfJ4ziZATrCvnQoiDhHaZwZpfEWlMRZUhBjSWGcLcUJDp8EcF5ioCSAU8IsvxDACV5niPM4TZzLSeFZakhpvZMcjpBsf4Ak291kW2yj2L5BAJ+Un06wqzKVMcpcjVHESH4Sk8b2ZtzIHsK38Gea/NiIpj9+I2UGaNv6BwYN7EpJ8GGyfeUJt90pjNeD+Jpvx9t0HV4my/A1XYSn8TTc9abjcWY6nqfH4XV2CM4n+2OjPhBv/ZmSABYjgH0sD2FjoYGRvhxxzkpkuR4iz/c4+X5qkgAWUxFX+WymymsrZW4bSbn0G0FnB+Ov05dk89mUOm2jxH4DNT7ryLaZRfT5GSSZrSPJcl2DBLbZQprdDqlebbazPHmexyjyUaPQS3hOwjMqFiWw1yHKvOQo9zxAmedeSWSWeGyh1H09xQ5LKLWfR43HYkkA3/Jbya3AtZIAFiOAsy3mEHB6BM7KA6UU0H6nxhJv8hv5wrnFnJqJ1m+iAO7XIIDP9ydVd5AkgGN1huKpOACbAwOxODgIG8VfsVbsj+2xoQSe+U0SyS6qwj1THy6lf3ZSGyLVGBbr/xbZLafMaQ2Vruu57LGRq16bKbJfKqWjjjw7kkDNQXioTiVVGHPxGsOJVuhCtmYv0tW7k6zZm9zzo4kR64Xv6sfJBc0x3dafHPvd1Mee5nqkOjeiNLjivoXsi0vINF1G6vmlpBkuI8dsDaV2m3gQdpRnEUfIMF9DgvlGYoxWUuS4h"
36541 [Forwarding screenshot on session b1310904-d161-49ca-a1a6-530fba7baea8 to remote] DEBUG org.apache.http.wire  - http-outgoing-101 << "Rv+cjxN0yPJfh+5vupEW+/lfpou92KUKPdXINx8GxWOW8k93oNA+YlsGNsWufWTsFWZww2f7dT5bqbev6H9KHo/j/r9iBQd7LudGx6bqfXcRr3HNqHdyq2ATeTYzsRFpROWSr2kNND6R7qgvq8LJ+WGcGL/cEw1pwttf44f6EiI8O26nGZLRZw1lfGGpHju5pL6YMzVBwjvWQAvH9UDr+BpBdWh2oRrTiReexpxunOJ0p5C9JmpxJ+dTqLudFL0ZpJ2bqYkgrMMfyP5zCQqgtV5c8eRNzdtUd74Gz82asRPzX7k+ybCO9WkIaWzKHRF8fvjjz/y008/SX2iFP6vBHCTJg0CuHEL4Tf751Yc2L2C32/7wI1LPEjQIFV/CpnGC8iz2cT7Cite3/KiqtCDCxd1cPcLw9bVgoTkKEqK0rhXk84fN0P4cNmGcrdt5JgsINdwHlfDNXlT78GHOw44GWwT/oZoS4t2ffi+1Y80adGaZi07SQK4hfC3hhi93OSnNvzw/d/YtWseoRd24K2zSxTAN4Q/uP5zmGF+k+Hyd+m/5hFD9t5nxqW/LBfme8x9+oX8Fek47sU/rPt/yiTdTPqu1GDQdpOvLpchQ4YMGTJkyJAhQ4YMGTJkyJAh4z+FjwL4o/D9GPn7vyGAPxe//0oAtxX6OzX7RhLAdzLXcyd1FQ9SF3A3QZgW5t1Mx9O/XRO6CnwUv1/KX1H8CsdsJZy/QKeWTSQ6thCus/nPtG/2k0S7pj/SoekPtPmxDe0bN2dY929ZOq4NU3p3oNW339OiVXO+ay4sb9KIiV2/Q2nxL1yQm4bJ/qnob56IxvyhHJw7gFPzR3Jx+Qwsty5Ba9M8Zgxsy4wuLdk1ZBDuu6dx1X0Pf6Qf5l3eTt4WrOFR/la2LW9PO2H/fYT1/hW9u/5rRAHcu3MzSR5+LoCnj+1CVpwFd4ucuFfsLEngrwng+upAbhT5kRI1j+LU9VSmHqI4+SBpiVOpytOmtiCUtNShXMmylyKAi7L2UlsYSU7BcK6X2FNT5EFiRm+e1VRQVx5AeuYvlGQd5V5ZJKmpAynM3c/9mmCeXrvKnYoCnt7K5OGtRF4+SOPJ3TCe3szjSW0+j27kS+2tsphPNYA/CuAoJ/UvBLBYA/ijAL6oPUWK+tVTGYLbhQ1cOLEIG71lhNqexMtMTooQPq86DQeDrcR76HJBfT22uuvwsliLtmJ/3E1XYKY9Hl2NqVIN4MxIH2I9DYlwUCTGVv4fBHCyi7JUA/ivKaClNNBixK8YBey6mzSXnRKpLptIdtpCjPViEs1WcD1sLdWRWxnfvzXtO35LO2H8d+nUjG4dfqRHxx+kiN9fRw5i1ppVhOYV8QSoefWKc54utBvUixatf2bSiAH0avezJFK+a/QtPwjtT980olGj7wSaC3xP19aNSPQ5xtX0NWSEDKUgfCm1aWfICJzOtbR9ZIT+QnXCHuoLL/Kk0oSyOCXC3I6gq32AUaN+YXD/jkwe2hbNHb8SIJy3r8lcAi4sEe7HYTL9z5ERbEZhoj3XCwP4/7H3lvFVZNujbYC4O+7u7k5wd3d3JwSIKySBECDE3d09JCSBJERwd4emkXY73T1e1UqTA30453/uffe99+HtDyOrqpX47s8AAP/0SURBVHZV7dqrVlXtX8aecz65mv6ZAL6Q6kB5xHYuRmymPHorlXE7pHYz0UcmEXl4LLEe44g+OopAxz7kBswn5cQk4lyHk+Y5ltTjk0g6PpvCiD1Uph6mLMmemswjXCs48ZkAvpjvx+UzgVSd8RMpoOUI4MozcZzL8uVcxnGRAro42p2zcU4iClgWwIVhVp8J4JLA9VT7LOd68CwKTk3n4IZhJElj7Hr2IW6k72XpMBOU6kl9qqwutZpSq4dSfbl/1dDTka7Pli24k23BxWRzcgO3kB++j1TfLSScWEGU+yyiXCdJ7Whijown1nk8EdYDibLvQahNJ/wPdiXedYKoAZwftpk47634eh3E3WUz+SF7KA/bQlXcXol9XEnaXieAb0Uv41LwAoo8zUhx7E6iU1vOeIzmSuAqLvkt5G7MHCH/8txHUnBsDkWn5woJXOy7hFL/lZwP2sCF0O1UR+3jctwhIYCvxO36FwEsRwDLAvh6zAohgK8ETasTwE/jZ/JUlsByvdy/BHC170RSHfsSat5RCNpUpyEUn5woBHCBvRl2E0zwW9vhbwK4P0UuvUi06EbUvr5EWgwkeH9PvLa3xntrR5JsZYnZheB9XQk/1J8Ym+GkOI0mTbrm5fq/14KmczNsgRDAD+OWcz92MddDZ3L+xEgy7HqQbteNVPsRFBweSY5Vd84cas8F+y5ckPq/wrozFVZdqLTvRY3TYHL29MB9qh72kw3IcJ7Cg9xD3Cs4xFdndvM0axvPsnbzMHUnTzL2iPZi6DLuJm3gSYJ07Z+WRftK6fpeKB3TUu5FruBV1l7yjs+nImYfGSeX8Vra15ucXdxP30Pu6eU8le4LT21bkm4+iUVDWrB9+VgCDk3khSx345bwOmUdz+KXC/kry15ZDD+MWc4D6fx/RJ5/JJ2b+2ELeRK2RPAoYiGPYxdQ7jOCMPOGnN7dDI+dpjhvN+bgxmYcPjAKN5sZ+HsswWJ7X6zWmOJ1YAh5Qdu5kStdZ7m2+NmNwHZDO4pjNvK4NJQPr67zG79Ld6If+HAtiWynyWRbDybDfjhZNsPIth1Ojv0wChxkETyCYudRlLiMpkTq93yrflxP3Mtvz/35x6PTHFw6BnXpfqWirUwDUb9Xow5Z/n4UwLLglaOADU1N0DHQR01LEzUNdSGBa8VvLZoauqhr64gIYHV1fdYtn8IPT6Kkm6Yn7woPUuo4kiL70ZR5zoAHPvz2IoqSQh/W79iKpWskJdVV3Lz3iJvXb/HV/Wp+fZAJdwO4H76ca8enUiFdu7dTLfjHs3B4HUSE+3Lpe4QhuqZtUTPWRNtAPr4mGBiaYmSsK45bW7OhKDs7fko/6dyvJNZp1f//BPD/xFCX5+i3+0VI309R1viDvvtef3Gb/5aRnje/uFyBAgUKFChQoECBAgUKFChQoECBgv+/IQtgU0ONzwSw3P6fFsB/F7/NGukJ/pMAPrZt0F8CeDZfn/9UAA+hvbF8fJr/In+bGUn7/yh/9aX9/Af5+xE9ZUOa6hnRr3U9JnRtwMDG0jGpSn1iaoiyiQ56+uq0MVFhzsgOHFxvhtOW8dgsHMiaXka0b67E9L6mLOrbArNOJnTqpI+SlhIGevXp3aIRloNbcsZuGq8y1vDrhTX8fmkhbyqXsHy6odTH+rRtYvAfadP0P/O5ANb7RAA3p6LgNK8vh9RJ4Lc3o/9FAL99FsPrmyXUFC2ltMCIt9ddqT7fk/KKdry8XkD5ucHcvrqQP1885tWVc1SdX0B15WguV27kpycP+f7REx7dOyiE8MMrftSUL+Du9cU8unSS6nMLqDlvyVfPPPjqaQDPb2Xyy+vbfHhWJVI+f3h8j2+eVH8mgJ9ezyMj1EEI4OxAC1EDODv4gDS/SwjgDGlergEsp4D2cZkl0j67HexD4JG5OO/tg5/LVBE9nBmyjzRfB45adxbpoHPDD5Lu70Cytw1etvNwPzQAH9c+nLIZhaftII47TcD/6G7KsmJJCbThTOQ+isN3iBrAn6aAlgVwfuAmsnxXSG0tBUErKQxZTXHYakoj1goB/LEGcEXMCkrDpHX85lDitZSnmSu5nbNOCOCGTZVo1syQlk31pHOtQRvpOmguR3P37Mz45at5DHwlC+A/wCLEB6UmuugYaTBuyAA6N22EgZoKKsraNFBSQkdDHaX6WihpNkOpgTqaKkrE+y7iaflSqjN786BkAVdyh/K0dA8PK2ZRlNiUNxU+IjX4m8sneVF9BJ8jsxk3pi09e7Vh5ODO9O+ow/jOSoQ6TiXGbQLpp+dSGrOHklhbihLsKU53ls5zEo+vpHH/SvpnArgsfBvVYRspi9oiooDPR24kxGE0gbZDiDs+jhTvCUS4DaYobDnpXtNIOW5Gnu9kMk5NEamTPwrgcwm2ohbw1XxPUYdUTgEtC+CaPF8u5vtTWeArESZqAMsRwLIAPp/pSXn6C"
36541 [Forwarding screenshot on session b1310904-d161-49ca-a1a6-530fba7baea8 to remote] DEBUG org.apache.http.wire  - http-outgoing-101 << "UpjjwkB/J8igC/5r+Bq4Axyjk/m4IbhJAdbcT3Xngd5jszpZ4KxdJ/R0KhHg/pKop9l2W42oDsBbofIjz3JjUxL6RzvJ/nEZlK99xLvuZ0Yj/VEuS4k2nUmIU5jiHaZTLTDJIItBhJk0R1/i474mPck7vAUMqR+ygvd9C8CuCx0MxXRuyR2cylhc50Avh6xlCq/eRQcG02KQw8hgHPdRnDRbyVVXvO4GTGDSv+RQgDnus4WAvis9wLO+iymxG8F5wLXUxEinZuo/VyKtRTyV+Za/E6ux23nZtw2bsVuERL4dsxGbsSuFAL4cuBUrgVO4EHUVCGAn8TP4mny3DoBfNF/MunO/QnZ10EI4IzDwyn1miwE8BmHTwSwe9/PBHDZsYGkWvYi03GMtP04Qix6iQhg/51dCdjei8DdbQnY3Ylo62FkuE6n6MQCCtyl/QbO4nrItDoB/DhhJfdiFnEzfDYVXmNIs+1KptQ/Z46N4MzRoaRZdiD3UAfK7Ltzwbo7VVZ9uGjdn4u2Laixascl277S8qGErGzD/glquG5qx1lZsJ7dyf2CHTws3Mft7N08LjrI9fTtJLibEXtkBDlOY4k5NIokl+mkOU3m/PGpVJ+YxC1pXCfajCbp6GKCDowR6bRfpm3gYeYeMo/N4+rx8VSvUyJ6uxlzB7dgz5rJhFhP52XSWqlP5/M8eY1IAy0L4KcJq4XsvRuxmNthC7kVKn1mqb0Tvoh7YfO4EziXB0ELBPdC5nI/cjZlp4YSvMcY791NOLHLmCO7TbDfLY27owsIPr2NqLB9mO8Zhts2Hdy2NubE3m74WA0i+Mgojln2w/fIFL66E8n7Sh/ePi3n/a8/8g/+4NsHJWS4zCTlUH+SLPuSYTVEIIvgPLth5NsPp8BhGIUOwwXZB3pxJWYnvz314R8PTmG5bPQ/BbCOdp30/VT+yjJYlrsiPbSJMdr6eqhqaqCipioksBwpLOSv1Gqo66CmpY26jpG0vR6rl0zk20ehcP8Y7wr2c8FpPGdtR1FxYip/3HTj/Z3TPH2YQ3BMImGpt6m6eZcb919yueYmr2/V8PujbCGA7wYtpNrJjFLH0dxI2Msvj0PgVSDR7iuk7xNG6DVsh1pDHbQMG6Fr2BxDo4aYNqxNYa2t1Vi6F6vQd2g7IYBjnFagZOb7HAX/ZMDBr9Bq9I9/EcAypn1/+uI2ChQoUKBAgQIFChQoUKBAgQIFChQo+F+jXauGdQJYlr8fp00M1MV8QyP1OhoZa/wL/+l1WdD+ff7vtDAyoFHDBjQy1RA1exsZq2NoKh2Tdn3ctvXmw5nFvCmcw5vSybwums/bc/OIPzqQDtK6pg0NhPSV5e+n1Irg2jTQjXWl49JRq5O+xlpyRK86xtoaAvmfzSZa9RnS3pj+LbRpZyptYyhtb6JHC6kPmugb0NBQD21pu2bN9Zg1pT+7Vo5h69QOrOivg6G6PkbG9WnUThsVPV0aqOrQsUVDRrZrzLR2nTgxrQc5BxbyVfZqfixbzPeVU/n64iLmjW+JibEerZv+36NtM1NaNdOnVUsdWkhta2leTok9ckBjyvKO8/KyN6+v+vLmRhBvb0bw7k40727H8/ZWAm8kvrubwbOL3lwr3UdN8RIuVcznWvViqV1OZckKbtZY8+FxMe8ePObD88s8enCca1e2SdNR/PrsJj+/OcuHZ6k8uenDk1vH+fZFIO8fBfDihi/fP03g2b1A3jyJ4+tHmbx5cIZvn1bx40u5/m+lQE4BLeSvLISf1fDqTpEQsKl+FmQF7Cc7ZD+ZgYdI89tLdtge0gL2URB1jCS//ZxyHI+n/WicLLoQ4LYAu1198bSdSEaIFUmBmzhps5QTdlM46TABL7ulZEWYkxm+By/7BThb9Cby9ByO7BpN4JEFnDw8nuPOsziXGUJejCOZwesolvZTEH6IMxGWQgQXhFhQGG5OXvBmMv1XkhuyUqR+Fumf62oBrxOURK4RVITPE5HAuX6LyPdexrXUmdwpWs7wTkY0MlEV9atbNNGlYSPpemikTLMmKnTq0pIVOw/yFPhVIvfWIxa7eaDUuhX6jY2ZMKQf7U2NRNryekoqqDZQQq2eCnJkqpKqMioqOujVV8LfdSwXc7vxpGwJ51Obca1gKjfOzKE6rw8vqsw5E9OXV9fNeVy+n6rM1ezd1JWJ44bRpkN7evZtRreOBrRqosyR/eOIdR9G2onhFEWt4UycDeczT3I+zZNrxb48upTIy9v5PLycKYRwdborZZE7uSD1S2n4RirjdnE2ZA3+NgMIdOhJuOsg4j2mk+W9kRD37iR7TSbPbxkJbuNJPT2SpNOjyApaTVXKCSqTbLiYfpgrOce5kutVm/65UKLYh5qzpyg/40tFQRg1Z5KoyovhfIYPZRnHKZOOrSjuKMXxjhTG2HEm3Lo2mjvYnLNB2ykJ3Ehx4Bou+C/jSthy0o4uZM/ioSLy+0bGDm4UODJ8QDsaGTSmU5t2KCspoaehRESAC2+fnKcixxuHHdOlYzxEZfJB6bhXke6zhsQTy4g9toho9wWEH55DmNMkQh3MCLUdTvDBfoQc7IvPnm6c2NWFqMNjpDG9hdzg9SQFbOf0if24OW2RPvtukUL7fORuyhJ2cS1xB3dj13MjaiEXo2aQ6jGItCODyXAcRIZTX1KO9CDz+CARcXs/fD43A8eT4TCATPf5nDm5gMJTiznrvYIS31VCAF8I3SbtZw+X4/dzOXZ3bRSwnAY6ZivXY7aI9M83YtZxK1pmA9fDl3MlYCo3gybwOGYKz+KniwjgV6lLeBa3SIjYCp/xpDhLn29/R8IOdSPRsT95x8yoPj2VQsexOE/Sx3tJM8rchnPuSE/KpGMuO9ybEufhlLiOIsd5JFmuZmQfHUfkoZ74bGtJ6P72hO5tS9DujmS6jqfo9ELKpHFScnIGl/xncDtiJjcj53M/eglPY1fzOHIFDyKWUek1iWRbqU8O9+WMnIbYfQxZh7qSf7ADlY7duGDfiXLbDpTbdeacbXfKbLtSYd1RUGnTjULzLoQsaYTDyPqEWozlSsI+nhY5cTPbnEcFFjxI38LZYxPItOxPoo0ZkfsGkmI3nDzXMVwNnceTxNW8TNkoUiOXeE4nx2o0t6Olvs2y4FmRHRUuM8he3RX/cZoc2DWVWaNbYr64P+GHJnMnbj1PYpfyRDqP76TP9DJxPc/j14rP9yxujZh+kbDuk2Xy9HKexS7glbTdy7jVvEpcy9WgiYSb63F0fxtO7DPgyFZlbHd3xcvfjtDEcMJDbHDc0UNarovn1qac2NYMj71N8bDqjZfDHB6cDePl2QAeV0Tw04trfPfmFvxQA09SqPBaT/SOYaQeGipEcKrlAEG6tTQebQaTaTuELDvpWrKX1tkvjcvwDfz2/BjcccF51XjxQwpl6Xmsq6yCuqoaGmrqAk11DYGWdF/T1dZBX1cPEyNjDPT0hVhVVVUVElhVXU1EAstRwaqquuhqqIjXG2iZMn/BBH564A+3XPhQYEWu3ViKrEaR6z6Hn26f4B833Hl+Mxf/zHOEFF/m1t1n3Lx1iVs1Vby+Ucavj8L4885JrkVsJV96JuTYTaQqaTe/PfOGx8dJPb4OfaMmaDXrhmFD6R5s2hh944YYmDSSvgeYoqtnII5FltdGRkYEO20m/vgShQD+O332fI2q7uf1fz8i1w3utPTDF7dToECBAgUKFChQoECBAgUKFChQoEDBf0/blnIqYvXPxK88bayvJuY/Lv8UWQx/5N8tl/kYUfz3ZZ/SwtAQk4b1/0UAy1LWdWsv3hcsEgL4q5JJdQI4zn0A7Q21hQD+u/z9yEcBLMtfmU/l70cMdTQx0tOmjbEGA1vp0l5fiYaa9cSyxsb6om6wobY2BjraNFBWQqme9LqxCr3b6DCphxErh7ekWytjtFWUMDLWQ0O7HiamqjTSVGJs2ybsnTyC2LXjKLZfw+usVXUC+O3FpSyY0FYI4FZNdP9v0bqJsRCILZpr0aKZnhDArRrpCAF8LucYz2pO8eLSaV5d9efrG+FCAH+4G19b//dOEj89Ost39zP5cD+Cbx8F8uOrIH59E8kvbxL56VUKv3+dz"
36541 [Forwarding screenshot on session b1310904-d161-49ca-a1a6-530fba7baea8 to remote] DEBUG org.apache.http.wire  - http-outgoing-101 << "u9vK6RlN/j1/UW+f5/Bd+9i+f2bQv54e5k/P9yH727z5zc1/P6hlD8+lPDz6yJ+eXEe3l3l53c5fP86T9Qa/vrBWT48viCk73fPqvn+RZWYfvfkr4jgZzW8vF34mQBOD9hDdrAVWUHSfOhuMoL2U5JwirjTe4Tw9XYdhu+R6Tjs60bEiZV42swi8Ohswj224rLPjMiTq0gPssP14AhCj60lwHUpR20GEe65Bifz3kQeW4in1USO2o8i0m8rl4pSyI5wJDt0I+fCbckPOygksCyAz4QeoCjMnNygTWT4rSA3cDk5fkvJ9V9GXsByCoKWcyZ4haAwtJby8AWiFnC2zwLOnF7C1ZTp3CxYwqAO+pgaKQtZ31SiYUMtWjXXplVTdTp3a83K/VZc/UVU3uT6d79hEZ2IarfuqBvpMbJfD9o2MkVTRQPlBhqiJq16fVXqKakKAVy/vibaSrIAHsfNMxM4n9SFS+kzuZQzkaq0aTwrt+LDrf08KLagMmMGFzNWcCV3FUcODWP6hJG0a9uJvr3b0VK6PjuYKOFlOZ5Ix4GE2PalKGobhQnOFMa7Up7qzqUzXty5EM2Ta1k8uJQhUkJXpR3hfMQOKiPWUxy6nvLo7ZyL2ESY00hCnPsIAZzqNZfi8F1EeAwgw3c2lXHbyDw1g6STw0j0GkmG1J816ccoj7ekJs2Jy9keXMo+SXWOFzX53lwskgXw6f9RABfF2nMmWjqPoZbkB1twJnAvRYHbOBu4gbMBq7kQsESk801ync/ORYOFfL2ZuZ1LmZZ0a2dAI0NTjHV1MdVT47DdDm5Wp+N3dBvLp3dj4fg2Qv7KEvjfCeBQx4kE240mxGYYQQf6EmjRm9O7unB8RycinEf9TQDvw815E5mBu6iI3CEEcHnibq4mbOdOzDohgKujZpHk3p8Ul4FkOg0mV+rL5MPdST7Sj4JjZtwLn8/dsClkOQ2S1plBwYn5XxTA1dH/CwI4YmmtAA4ex5PYqZ8J4KexC7kVMp2y02NJcpTO7cEuRFl1J96+L7nHRlHjPY0ip3G4TDbAZ2lzytyGfiaAS11GUOQyXAjg3KPjyXQzI8S8G16bm4no37B97Qje00mkfi44OYdS74Xku4/nov9U7kbN/qcAjlv5LwI4w6UP+dL+zrqPrhPAVU7dqXToTIVdRyrsuwgBXG7XjQs2XSi3kl6X5ivtB3DGoi9JmzuzZ5wGh1e0pkQaj69KnXheaMOjrL08Tt3G9bAlXAlfx6WwVdK5Wcm18CXcilzKs6SNvEjZytkjE6X3n0SO9UgexG3hSYEFL3ItyNkzhPiFbYhf2g7b3TOYPbwFe+YPwG/vOK5FreFx/BLuhczmcdgiqZ/X8iReWha3WiDPP0uUo4Jrlz+Jr00V/SxmIS9jlvAybq2IIr4SLAtgA7wPtMV/rwmnturgurMDnkeX4+2zk0ivxfhbSPN7GhMk9cuRdXq47jDl8L5e0rXtwIuKKB7kStddrgcfHlXw6pF8vy7k9wfRXArcSuzuYcSb9yNJGtMyyQf7CRmcZjWwTgTLJO3uR2HQGn5+4ga3nHBaOU78mEJFup70VdXQUlNFW10NXU2NOvS0NMUz10hPt04Ay1JYCGAVlbpIYCGB1fTQUVcWkcNK6kbMnDWa7+54ww0nvjljLQTwmUMjyDoykx9vnoQ7x3lzr4Cw3HLCSi5x+/4L7t67xr0rl3l1/Tw/3Q/lj9unpHG1TQjgLJvxVMTv4OfHp+DBUZKPrcHAoDGaTbtiYGqInpFpnQA2NDJBT9+wLj21LIEdds8n0WOZQgD/nZ5b3tJA7c8vCmAZ7Wa/Mcz11Re3VaBAgQIFChQoUKBAgQIFChQoUKBAwX+HLAyNdNUx1tPA1EBLtCb6mmKZPC8L4L/zqfT9O38Xvl/iUwHc3MAAY9N6NDTRoLmhrrQPdQxMTDHWrMeRzb2FAP7qzGwhgF8VzuPr0rnEuvWnnXysJnqfSd8WJrr/IoBNdVT/KX+1VTHUVBPoa6kLjLWU6dfGGLMuprTWVUJPvX5tHT8JLTVl6ikpiX8811dVQalBfTEvp7BsoanEmA5NGNfHED1pXlNJS+o3JWZObMuAVupM7dgQj1WTSNs2kyLbVbzMWMHPFUv57sI03lQvrhPALRvr/Ee+JH0/o7ERzRpp06yp1H9NdWnTvKEQwMP7NeRshivPak4KCfzyki9fXQ/m/e1ovrmXIATwu9uJfHU1hbc3U6XlEvdk0nl3N5d3dwp5e/ss39/N5+W1WN4+TObN0wyJQr59fYF3z4p48zCDl7drePOgRojd949LeXO/SEjc13fKeH37Aq/uZfLkeqoQhF/dKxbryZG/3z67wIcnZZ8J4PdPq+sEcIrvfjL9zesEcGagNB+yi/RAc0oTvUj0Ncdp30A8HfsT4D4LN6sBnLKfTYTneo5Zj+Gk7TyCPeaQEeRCauBBAo6swNNuPMdtxxByfB5Bx+YIQRxzcjbHDo3iqP0Y4oP3c7U4j6ywI+SEbqM0zEYI4MKwQyJ69KMAzgncSPrppWT5LRHi958sFeT6LyHHf5GgNHgOhdKyzFOzOOO1kJsp07iVv5CB7fUwNVaTzp8eTRsZ0NhUT9R8bmxYn669O7LV1Z2KX+DZu59EGmi39Hw0u/VA08SAIf1709K0IfXrqaKirImasiyAlWlQX516ag1QUqoVwMFHp/H9LXNuFI7g60onnlZs4P7Zrfx6K5XfHrvz250knldv5OHZzbyu2UtZ2h6sdm+lhWlraf8GdGnYGNfNZuR5LyPfazqZJ+eQK33+jHAnzia6cyHtMJVyZG5xMHerk7l/MZ0nV1JE6ubSMDnN8EYhfs+Fb6MkbBPhzmMItO9LiMtAkk7OJMdvLRFHR5LiNVukis7ymkncsSEknBpBZtASajJdOBdjQVWKA5ezj3Ex6wQXMk9I73mKqgIvqou8/kcBLEf/5kdakxdyiLyg/RRI4+mM/xYK/ddR6LeyTgDHuMxmy/yB0njbya2sHVQm7qGlkdSvyg2EsBo9pAtp8Z6cdtvCilk9mDa8MfPHtqIiUT6+Q6R5rxZ8FMBRbvOFAA5ynECQNOaCrIYQsL+3RC9O7OzMsW2dCHOoFcA5QeuEAPY+aY6r00YypGOQayiXRe2hImkfV+K3cTt6LTejF1EZMYO4w71JdOxHlvMwCo4OJ8m5B/FOvcg5Mpo7oXIK4CnkuAwiyWka+Z7zOHNyEUWnl/+LAL4UZ/5fCOB1QgBfDZTGbch4IYCfJ8z4SwAv4mnMfO6EzaT05EgSbbsTbd2NWNtexFr3Itt9BBd9p1HsMoEjU40+EcDdqXDrRfmRPiIiONdugEgnnOwwhHi7wQTt7ULg7nbEWPUg0qKjqAMsL888OpE8jymk2g/hUsA07kbN4VbUgjoB/CRqJQ8il3Dh1ERS7HqS7tKLXKlPZAEsagBbdqJa6qtqp661Eti+C+ftulHp2JMqqS2z7EjZoS5csOvPBadhlDkMJ8t2AEcWGHJgkgaRh0byONuGl4V2PMoyFzL3ec5+XuSZ8zBtC3fj11B+ehaV3vMkFpJtN44ct8lkHBxKhcdkagJncTt4IQkrOxA6qwWJWwbjuGUqswa2YPfcIXhsHcPFsFU8T5U+S9xCXiSuFoL3cdxagTz9NGE9zxI3iFZGXv4sfqUQwM9jl/Eido2oI3w5aIIQwEGHWhKytykBWxtxfGsrjuzvibN5VyGGQ3cacHJPK4IOtsNzmw6uO4zxdZrM4yrpvlARwtmQeWSFbpXu2dJ9/WkNr6Xnw4fLvtQErCVOltjmfSR6kSCNa5lEiz51IvhjZHDsth7k+i7lh/vO/HnDgcMrx6NST3qm6qtjpKYhUtd/FL6fYqir828FsNzKAlhGQ8NARADLy5RU9Jk0eQjvrp+Aaw5CAOfYmpF7YCjJjtN4f+WoiAB+dTOHyOxSwvPLqbp6n1t3r/HgxjVeXi/j+3vBtQI4Ygd5jmPJsDTjvHRd/PDAE+65keS2Cn39Rmg26YKBkT46Bsb/IoB1dXXrIpbXr55AhucGlMb6vUDBP+mx4T31lf+9AJZf67z8wxe3VaBAgQIFChQoUKBAgQIFC"
36541 [Forwarding screenshot on session b1310904-d161-49ca-a1a6-530fba7baea8 to remote] DEBUG org.apache.http.wire  - http-outgoing-101 << "hQoUKBAwX9HyybGGGir1klgQx01MS23sgiWI4Fl5MjgT/mfpPBH2fulZZ/STL82hbIsgJsZ6Ej7UhNRNYbqSrhs7Mm7/IVCAL8umcDLM3N5UzKHGNd+tJWOzdBE99+mgJblr4wsfmUMtVSE+NXTVJWQ21qMVJQY37sV0we2p62RKpqqDWigro2Sshr16tWjgYoy9VRUUWogoaxOA2UNlJXqo6mkREsdHSb10ad3o6boKWkKEbxhYXe2zu3AzG7abBrajtClI0naMZNHiQv5tXIl31ZM5XnZXOaYtcTIUK6FLB3vf6B5Y93/yEcB3LSJOs2a6NSlgB7S25iCFGdeyvL3ryjgr64G8e5WJB/uxPH2VhxvbsTwqMqHRzX+PLkUytNL0VIbL7VJPL2ayvNrmXxzNYfXV2J4/zCeN4/SeHwrjxd3y/jqYQlvnuTw7uk5aXkRT29n8PxeBq8e5UjkS6+d4+V9WQiXCKkr893zSn58VcM3TyuE/JVl8UcB/OHppS8KYDkFdEbAQZECWo4ATvXfS2HMcZHmOejYTA4f6IfLwW7EnF6Pi/kIQo8vJshtFS4WfUkP30h2kC/RJ7eT4LOfEw4j8HUbRYz3GtwshxJ5YjPHDvbntON4TrtNI/jETioys8kJPya973aKguW0zwfqBHBRmIw5uf4bSD21mHTvhSL6958sIcdvMdm+i8jyXUCmz3zyfWeQc3o+6cencvbUPO6mTOZOwUJRA9jUtPaaaGxqQGNjA1qb6tNQpx79B3Vnj6cHCQ9f8PDtB94BloFRKDVqhpqBPv379aSJqQkamno0qK+JsixUpDHZoIEK9dWVkQWwrjQWIzwXwHNXfr3rwo83Hfn+hjvfXz8ptd7SfAg/3QrlmxvW/Hn/BO8vWXGv1ImC+Ah6d+hBQ/V6rJ86jXTX5ZzzW0mx9FlyfVaT5HeAlJAjnEs9TmWaPRVZx6jK9+VGeRz3atLEuJEFcEnoViGAy6O3ChlcFLRJRML62/Yl3HUICZ5TiXGbRbr/PFK95pNxahHpJ6YR7zGMOM/h5IWvoDLdhtLofVSl2HElx0MI4IoMT+kcnZLe05uaIr//AwJ4EZfClhPhOIu1c/qT7LeD2zk7qErcIaKfRX1lVSV2bZpLwLFd7F49ArcDc7DaMo4F41pzPm4P1anS+PReSerpFdLnWkzM0flEus4hzGUmQY6TCLQbQ4DVMPz298XfvBeeOzrhtq0jIQ4jyQ7bRHbgWhL9t9UJ4HT/HbUCOHoXF5JlSbudW1FruRm1mAvh04l27EW8fR+yXaR+cpMFcE8SXfqR5TKS6wEzuBs+kTzXQaQcnkLe8bm1Ath7qRDA54M2/G8I4MVcDZrC7dAJPI2bwrPEaTxNnCUE8JNoaUyHz+Sc5wjirbuSYF97bFGHupHjOpxLftMpdZ2A6wwjfJfLKaCHct61Bxfce1Lh1oeyo8PIsOpO5N5OhJl3J/xAT0GMZW+SHPoTZ9WNeNs+xNr0J8FxGEkScdJrlwOncydytnR883gQs5gnsSt4GrOC+9Kxlp8YS5pjT9KkfslyHiEEcK51DwqtOlPj0pMa525UOXbhgkNXyhykaSdpmX1Pyi07c86iC+eselJq048S235Uug+WjncYCfv6YD3FELs5LTlzajnfVnpyP8eSu+k7eZq3j3vp27idtJ4U6ZxG7utP1N7BxOwbQfShYSRL82cdh1J1agz3pPtB6or2eE5oxNHF3bFfNYa5/VtjvmQiHtuncDFyHU/TlvMwfiGPk2sjfD/lo/j9OP84dr0QwHIktiyAn8WsFumhhQC2MMTX0pSAvc3w39aKE1tb47KtMTYbtXDboIHPOk1O7m7NqR2mhFqb4rZdn/SAjdLzIpuHJSeJcOoi3UNm8MPLUt6/vMKjK3E8PXeYKr8VxO6Rzs2+nsTu7SW1vQWyEE6QxniihRwZ3F8QvaUbmV4L+faOHdyw48jqcUIAa+hrYKyujq70DNbXlr536GqJzBsyH6eN9eWMIEZCBGtraaCupoKahLq69JzWVEdT2k5T01A804UAVjXAbGw/3lzxgCt2IgV0pvUIsswHkeAwha8uuvHLVTdeX8siraiClOILZBdVUn2tmrvXr/PyegXf3Qnhj1unuR62g3Sr4aQeGEVp5Ca+v3MMbh8RAliOANZq2hVD6Z4tvquYNhYYGBqjb2CEvvSdRqSkbtCAabOHkXtil0IA/53u695Tr/6X5e9HNEz+QX+Lr7+4vQIFChQoUKBAgQIFChQoUKBAgQIFCv5nmjcyFv9ANdBWx0hXU7SGOhqiNdbTEjL4U2RJ/CmyJP6IiBj+hIZymuYvLPuUJrr6GBrVw9RYnWYGepgYqKJraIK+ihKO63oIAfy6YBavisfzomAOXxXPJupwH1pLx6L/ieiVpe+n4ldO3yxjoKmMgYb0+STkz6krtTJy2kkZU3UlJvRrz5juzTCRppWU6qOkoo1SAzVUVRqgoqaMkrJcX7W2xmqDBjqo1NeigVx7VUmZfi00mNy3K83V9dBRUmJMbxMO7xnCqjGmTGvTmBPTehG8wozrodP5sWwp35ZP5+m5ucwc1QIDfel4/0oB/O/4khT+lE8jgGUB3KqpCc1NNBnYw4CcBHueVx/nedUJXlSf4vUVf97djODDnRje3YrhzbVovr4bxdd3onl7J4l399L55mEW3z7N5fvnEi9y+P3pGf7xopBfXpbw85tyvnlZynevyuGHW/D9HX7/pkyaruTX98X8/n0Ff/5cww/vKyUu8u2bGlHv96dXl/nwpJxvn1XwzdNy3j0qkfZdO/3t05p/EcDJAdZ1Ajgr2PyLAjgz1JqQ47M5bjsOuz3diD61iRjvFbgeGE3UyY0cOdQPP9cZpAe4kuZ/FN8j0zhhPx5/9ymcchmMn8sKIk6sxs28vzQ9jYDj8wk+sZtzqenkhB8nN2wnhUEWIm1wYchBgSyAi+UIYL/1pJ5YRNqp+aScmEvqyXliOuP0fDK9F5Dls5Bsv1pyfWcKAZzhMYmzx6dzJ2kc9/LnCwFsbCqNVWPp3DU2ls6hCW0aG9JEX5kBAzsze9MqFjs6EJueQVJRGfM376GeUUO0DXUZOLAnrVo2rxXA9bT/EsBKKCsr00BTjgDWlsZiPcI9pPF21Z73lad5XraVrypdBQ/Pb+FpiQdPyg7wpsqVe1k2vCi1pDR+BzuXz6WlgQHdmmoxuLkhW0Y3JtF+Gmekzxd3ZC4pAYcoSPCiKMGNsiRryjOPUpFzmiulUdytThUC+EKKC8UhW6iK3MC5iC0iHXRJ6HZCHSYQLEd5nhhD6ukZRB6ZTFniFs6EribmyCSyvKaT5jWBmGOjKYpZx4U0S0qid1OdZse1fA+u5J6kMsuLCxKydL54NvC/SgFdEGXzb1NAVwUs5ErUKoJsp7NiRn/ifbYLAXw9bTcju2iJvm3VRBvLnQux3j6VQxtHcfTgbA5tGsfKmT0ojdlFTdoh0n1WkeK1vE4ARxyZLQRwoNMkAm3H1glg3/29RPpnt62d/0UA+5zaLwRwqu82ysK3UR6zm4rEfwrgG5GLuBA+kyiHnsTZ9RFyM/eILIB7CwGcKc1f85/O/cjJFLgPkpZPJNdjDgUnFv5vC+Cb0Ws+EcDjeRY/ledJ0j1MCOAFPI2czf2IWZw7MZx4684kOfYi0aE30Qe6kuM6jMv+0yg7Ohn3WSb4rWhOmfsQyty6U3WsN5VH+1F2bDCZ1t0I391e1PqNONiLONsBxNv0I9qyB8l2fUmTrlc5pXS4ZU8iDnUj5mA3rgTN4FbYbG7HzBcC+HHMMp7HrRICuMzTjAypT1Icu5LpNJzio2PIt+1FkXUXLh7uxaXDPYQElusBywL4gkN3qu16UWUjHZN1Lyqk9zwn9e9Zm+6U2nWh1L4PlW5jKbAbx8mVXdk6WpeA/WZcS7PiRZEdb845cSdtB9fi15NzdJL03hNJsZ9Amt0kEqzHUOgylis+U4Qsf+wzk6RFbbEbYczuGR1xXDaCeYM6sWfZbI5sn8XNpF28yljFveg5Qvg/liWvLHtl6StH/ErTj+LWCh7GrpHa9dK5WMWzuCU8kyW4dL7k1NCXg"
36541 [Forwarding screenshot on session b1310904-d161-49ca-a1a6-530fba7baea8 to remote] DEBUG org.apache.http.wire  - http-outgoing-101 << "icTYWGCl40hXhZNOLWzjTTu2uC6synuexpzfFtjkWbbe38bvHYZEGlrgut2HZJ9VvPyYhaPz3kRat+RIPcx/PCymDfS/flmRSQPCp2kfa8gZncfwrZ1JmZPT4Esgj/K4NrI4FoZHL25M5kn5/LNbVshgN1Wj0dVuqbU9eRnr7p4FsuZOIx05ewj2oKP0yZ/CWBjfT0RJaypoSbQ1tZEV1cbPT0dIYD1tdRECuj6miaMGt2b15eOwmVbIYBTDgwiY+8AEh2nS8s9+O3aMb65k0fV1btcvvWAhJxzlF+u4u7NWzy/doFvbgXzjxunuR6yk7SDw0mxGClqGH93W9rnrcOkuq/GyLAJes26Y2RiKMSvcaOmGDVsIgSwjKGhocggIkcrdxvYkZRje1Aa5/8SBf+k56b3otbvp8L3S2gY/U6/fW+/uA8FChQoUKBAgQIFChQoUKBAgQIFChT8Z5o1NBIpFOV/osri99NWFsJyJPDf+W+FsMyXln0qhBvr6GFgWB8TQw2a6uuKaGMdfRN0Gyhhv6Ybb/MW8Cp/Ji+LxvM8fzavz84i0qU3raTj0Je319eoQxa+H6cb6anTUFdaR136bBLyZ5T/2awjTcviV649qKmqgqmGEgM7NqG9ibqQaEr1lFFS05XaBqhLxyDX/a3XoD71G6hRv55GbcRlAw3qCSFcH2MVJTo108VEUx0dJW0MlZVYNLUV0wYbM7FLJ05O60vQ8jHU+E3gfdECIYCfl81n+ohm6Olq08xE5z/S3FT3P/J3ASxHdDc1UmdAd30hgB+XufG4wp1nlZ58ddmPdzfD+OZ2jIgCfn87lu8eZfPdw1y+e1zAD0/O8uOLYn58WcT3z/P58DSLn19k8suLc3zzuJyfv6rmj2/L+eXrQn5+Xsrbm8W12z0v4c29PF7cyuN2dRrXKjJ4fPs8j2+V8eBitkj3/PZhMV/dz+PNg3y+fljIT69r+OFltRDAbx9X1gngF7fOfCaAU/121dUAllNApwXsEymgUwIO4HZoOCEeSwg4vEbI3ciTa/A7PJ+j1kM5aTcHl/1DRS3gqBPb8LCeKOoAn7Afi7fLJGK91+FhNYW4kyvwc5qP39GFJEjvU52XQ1aYK3nhOzgbcpAC6X1l+Xsm+IA0f0AI4FzffwpgmXSvBWScXvhP+eu76J8C2H8O+dJ8xrEJ5B0Zy/XIwdzJmSUEsKGJtojWbtJQX6QDl6OBmxrWo3+v5vQa1JUWfXvQc0BPeg4cTMNWHVHW0EZFVYl+/TrRuVNb6tdXRqWBrqgBrKFcD2VlaZxq1JPGpTZaSg0IcFkMT0J5X+3BTzeO8fNtL95fPsx3t5z54fYx0X64FMCfdxL4+YYXCScXs27OBIZ068zI7g0x69iY/kZKHF4zgLM+S0Qq6IzAvRQmeooU0CXxNpRluFOWdYqLZ8O5WZEoagB/FMAXwtdRFLye8qg9lEWYE+44jVDHEULwxh0fT5jLWAoj15AbtIRQ+5Fke0+X+nA6sVJfFUVvoSbLnpLondSk23K94DjX8r2oyfWhKseH6gJ/agr/ZwF8Ns5B1AAuCLOqjeYO2sfZoO11Arg6cBFXo1fjdWACC6f2IVYab7eyt3I7cxfLzFqhq6NOd6kfLLfPxX77FCzXDcN6/Si8bFdhu2MOZyN3cjHdWtT/TT4lRwAvJUYaS2Euswl1nkWg4xT87cbibzUcn/398NnXG4/tnTmytRNBDqPICt1MVsCazwRwis9WzodtpSJmH+UJ+4SglQWwLGJlARzr3I8Eh35CbuYeGUmiYx8SnPsLAXw9cBpP4qZR5DGEWPvR5BybTb7nAgq9ln1RAF+J2yOxi6txO7gWu40bsVu5GbtRYj23Y9bXCeBrwVO4EzaBZ/GTeZE4laeJM+oE8IPImZSdGkmSbVcSHXqKKOCYQ13Idx/BlYDpIv3x8bmm+K1oKgRwuXsPqo/3oupYXy4cH0y2bXdCd7bGf2cbIYAT7AeRZD9QkO4kcXgwSU79CbPsSvjBTsRbd+dy4NS/BPBcHsYuEgL4Rfxq7kcs4pzHSDKlZ0SyQxchyUuOmXHGXha6XUUEsCyAL7p0F/WAyx27Um7XlQvSPi9Y9abKRjomad1z9j04a9uZEuuuVErHcNayL8XSGD3vOhOL8UasGaKN/bLe5Ern/E5GrQh+fsaSm4lbuB6/SerHzVwKl/ovaqPUBwtFJPSdiPlUOowmaHJT9g81Zf30TuyZ2p3hbU0Z3ac7i8d2p9R/JQ+j53I3bAZ3IpdKn00WwBt4krBRIE/L0ldeXvvaJp4lruFpfK0AfhJTGzUsBPBBU3zsGnLqUEM89zTl2I5muEmcOtgez92tOLGrnTQmTQmxaoy/uRan9hvh6zia15eTeFsTSqbnOLylsfaD9Dz48OIO92tSuJ1rT6XfUiK29yJsazeidvUURO/uJYjZ01sQu1e6liQiN3Yk7fgs3t84BNescVs9tlYAy6UZpGfwRwEs6vHLkb9/yV9TA10aGurR1NRItHKUsI78wy3pe4mu/P1ET0v63qCDlpaRtK0cCSw9l7UbMnxED17WuPHHRWve51uSJF1zqXv7E+8wg2dVR/n5shvf3Mjhzu2HPHjwiOSiaqpuXuXu7Xs8uVbJu+tB/HrNSxrvO0k/NIpU8xGijvm3N9zgZq0ANjFuhn7zHpiYGGHSuJlAFsBGxqYiDbQsgOX6v7KUNm5hQqDLDoUA/jt9dr5DWfOPz2Tvv8O098+Yeb/64n4UKFCgQIECBQoUKFCgQIECBQoUKFDw75H/wSpLUTkdsoG2LH7V61r5n7FyJPDfkf/h+imyKP4UOXL4I/9uuYyJvjaNtPXRN6iHsYE6TfR0hADW0pWOqb4Sdqu7fiaAn+XN4lXRTCKce9FSWxU9fU0heT/yUfrK1Nb+VUFXtYH0+ZTFZ/xU/qqpKqOmooq+RgPaNzVET6U23atSAw2U1HRErV8tifr1lFBRro96AzWUlVSk5XKKXSWUpf0qa9QX9UHl7ZTry++jLaaNdetjoqVE91YN8ZrRn4i1k7gUMIWvC+byTdk0np1fwNRhTdGXPu+XpO+nfEn6fo4+TRtqCQHctLE2LRob0cRQTUQA5yc78aD0sJDAsgB+fcmbd9dCeH8rUkjgb27H8eZOEm/vpfDhYTrfPMnh26f5fCfX+X12Vpou5odX+fz4+jw/fFUltWX89q6Ybx4mcaPgFNWJx7ldHExl+inSAhwJOXYQD6sdhJ48TGlWIqkRAZRkePPhaQnfvSjh7eMc3j3J593jQn54WSXqAX8qgOVI4I8CONnHnAy/faT47iQryFIIYDkCWBbAJQmnSPa3wPXgMOJO7yE9yIHTzlNwPzSBxID1HD4wAC/7xfg4z+Wk/XTcrQeKtNBuh0ZyynEiUSe3EOgxES+HWZwJtyXi2Ca8XecTI+3z4plMsiOcyQ7dSEmYZZ0AltNBCwEcsk8I4LSTi0Vq0xw/ueZvbQpoOf3z31NAZ/vNJc9nESmHR5FmNZBq327cypjKsC6mmDY2pKWRikh7rm+kiaE03cK0HoO6GdOlrQFt2jSifafmtGzZnGZNWkrXhoFInzqgX3t6dmuLav160rjTQ0NVCU2V+jRQlsarRj1pzOqhKY1Tb7uF8DKB76648o/bIUIAf3PVnV/uBvHT3eP8fMeX72+H8vOtKH68fYpoz3ksmTKCgZ07MbB9Q0a2aUZnE212zOlBrtcCCgMXk+azjoI4Z0qSjwm5WpIinet0TyoLgrlSGsODmoQ6AVwRtlbqsw2cD99Daeheol3mEus+meijowg7PJwQp1HEn5hBgudkwp2GSf05WQjzbP+l5IdtpTrDkZKYHVSnW3G94Bg3znhzKd+Pmjw/qvMDqSr43xPAn0YA1wTVRgC77RrF3Mm9SZRev5m1hVtpW6TP3Q3lBkqY6jZgw4IRuO6eyb5FfTi6ZyZhR3eza9VkiiJ2cCnDhgzftSSdlCOAawWwLH9lAhwm42drhp/lMLzN+3J6Xy9R/9dlcwcC7EYIAZzpv1oIYF8vaUw7bSTZewvnQqX+i9knUkwLARy5nmvhcgTwbBKODCTJcRDpDkOF4Exw6"
36541 [Forwarding screenshot on session b1310904-d161-49ca-a1a6-530fba7baea8 to remote] DEBUG org.apache.http.wire  - http-outgoing-101 << "E2K62BRA/ijAD57fCgx0v6zj84i7/h8IYBL/VYLAVwZtv1/UQAvFAL4bvh4nidMqRPAL1PmCwH8MGImlafHkGLfjQSbLiIVtJy6udBjJFcDZ1DpOZUT8xvhv7IZZe6DqDjakxrP3lR79KPm1FDyHHsQtruVqPsbZdmHaKu+JNgOJN9jLBnOg0mw60OSU1+i7boRZ9+VZPvu1PhN4m7kPO7EzhMC+FH0Ymmor+Ze+EJKj0n9eljaxr4z2S4jOXd8HIUOfb8ogC84dxURwBeselJh2Vtwzqo7Z607UmjThnO2/TkrLSuz60eZ4xCyDw7GepIRu8c1ZcVAI9aNMibAYiKX4/cKCfy62Jo7adt4lL2bJ7l7eZVpLt37F5PrOobCY+NJ2NwLr/EtMR/Vglmjm7NqeHPaGTRAT1WNjqbKRFqOpVw6l1dPjeZu6GLuREufKXYtDxM28Chxo0CerptP2Myz5LXSeVnBc7kOckxttPCl0KlSXzYhxLo5/gdM8N1vhI+5CSd3NMZvf1s8d0vPpgOm+BzUJNzaFL99OvhZmeC+vxM12Yf56WYKV2L34efan9/elvPHd29596CMe/mHOS/dC0I39yZiWz/Ct3cjYkf3OiJ39qhDFsPha1uT7DaNN1f288flQxxZOUb80EpVuz7GqrU/zpJLMxhL3zlMdDSla02Lhnra0jNMj2bGBjRvZEIjI33p+4OWSBctS2Ad6TuILIH1pO8UfxfAgwZ3lp51h/lHtSXv8g6RbNGflD39iLSdwsMyV76vPsK7y2ncuX5XpH1OOnuRiutXuXXzHo+vXuDNtWB+vuzF1YCdZB4cQ9KeodI9Yw0frh2B685CAJsafS6AhfyVMDFthLFJQ5ECWo4Alo9JW18PxwNrFAL47wyweCuie6Wx8D8i1wNuO/07xpxSSGAFChQoUKBAgQIFChQoUKBAgQIFCv5X+J8EsBwJ/JH/RgbLfCp9v7RM5qME/kwA6+pipKcqBLB2PSVsV3Xl69z5vMybwYvCcUIAvyycIQRwCy0VdPU0hOj9O7L4lTHWUkZbrYHEPwXwx8hfWf6qKquIeoOtmxijKb2fLHuFAK6vLsSuYX0lkQJWlroqSvVEnVVlqZXXq6csrasmvaYuLVPTR1VDX9pOmldRRl3FVKSJlqXs8cm9iN4wleuhM3lXOJ/356byqHgOkwY3wshQ/4vS93+Fpsa6NDHVFDWAZQHcvJGhEMCDexlRmHaYR+cP86TcnZfVJ/nqsg9vrwbz9kY4725ESkTz9kEEHx5H8u3TaD48i+Xd4wSJDL59VsiPL8/z9vlZvnldyj++r+abV4X88KKAb++mcCXDlbu5x3hWGUpV+lEKImVpeoQ4b2cqcmK5f7GYsFMuJIZY8+ZhDt+9LOCrh6m8e5LN+ydFIvr3w+OqOgH8/kltLeC/C+D0gD2k+x+Q2Ed22B6RArog6hjpwZYEe8yS1nMlLXg/sV67Oe08EV/XScSc3oj7ITPiTu/Dw74vR61GE+M7H2+nBYQcXU3g0dkcPTSJxKAlZPs7kBFojY/rIk4dXsmF3ATyop1JD1xDceghIYDlSGBZABcFW9QJ4PSTi8k6vUhE/34aAVyHz3wyvOeRfnomWafmEWc/hNg9XTl/sp0QwKN7NqVpq8b0bKlH+9YmtOrQhBat9WnbrD5926jTWk+Jrk30adRYQ0TpN9U3RqdBfdSksTiofzs6t28ipG89JW3UpLGoIcvfBrUCWLmBAdpKapy2XQSPQvjzfgA/XPHm+2s+/HonRNT//eFGMD/dDOf9HT9+vC0tu3dc6sP5rJ47gQFdetCtsRHjOnSjY/MW2G6ZTrbPQhJcx5AduJqKTDeyo53IirClMMGR4lQPynMDqCmK4G5lrBDAcg3g8tA1IgV0SchOzvjtJN5tsYiKTvWeLKKA5UjfqGPjiTs+jiRPM7K9p3I2bCkXEnZL7yNtn2xHcfR2qtIs6wTw5QJ/LsryNy+AyvyA/60U0IUBWykKWE+R/youBi/iUsQK7LcMZsbEHiSHWXAjczPXkzawb2EvcY021FVhzayhuO2ayfaZ3fDYNxfXvUux37WCwvDtdQI48cSyfxHAPvYT8bE2w+fgELz29ubUnh64bu2A08YO+NkM+48C+EKsOaUx/xTAV8MWUhkxh2T3ISQ7DSbVdigptoNIdOxHlscoCo5O4Kr/FO5HTqTo+CDiHUf/iwAuC95YJ4Avxu7javxeid1ci9/J9bjt3Izbxq24TRIbuBO7gZvRq/69AE6dx7PImTwIn0G1zxjSHHsQZ9VJoguJ1j2kYxjFtaDpVJ2YxskFjf8pgI915+KJPkIAXzo9jKIjvYk90J4Yqx4kOgwmxLwbofu6kXu0VgDL9YQTnXqReLgXaa59SHfuTZXPBB7ELPxMAL9KXFMngLOP9CXRvoMQwOc9x1Mk9ZGcArrauYcQwDKyAK50+asGsF1fqm37U2XTjzKbnpTYdaTYvi3n7IZTZj+Y87Z9pHWlYz88CsuxWmwZYsDeCZ1YM6oJ68Y0wnJhO2IcJ/KkwIIn+Xt5kruHO6mbeJayg0rpPhAnnadwi34cm9GEk+NaYzulG9NGNWfn9K4MbN9YehYa0bGJJtHW0rmz7cUl96HcCVzATWlsyhL4Qfz6OgEs8zhpE0+SN38mgJ/Fr+JpbG2q6Mth04i2akrkvlaEmRsRZalLvG1Dws2bEnGoNb4WeoS66BJsr4m/uTYhB4w5tV8Plz1NiPBYyO/3cnhbHEScnxl8fxl+/pFfXt3gZZmXqAEcurkPQRt6Erq1iyBsW9c6ZCn8keCVzYk/PJGXNXv4x8UDuC4fXSeATVRURGkGI+m7xqcCuLGBrpC/LRsa06KxKU1MDKXvDLUCWFt+hmvWRgLLIlhb21h8v9DQ0KCBlin9B3TgcbkTv1UdEgI45WA/knb1Idx6MvfOH+GnS+58dy2LJ7cf8ODaVaJzyzl7qZpr12/z6GolX18P4edLp7jst520/SNJ3D1Eumes5t0VF7jmRKrrKkwMm2LQrFYAi9TPJo1EKuiGjWolsJ6enpC/Wlpa6OjosXnjLJQmBrxAwT8Z5fYao06/fFH4/jvaTv2OcadffnF/ChQoUKBAgQIFChQoUKBAgQIFChQo+FcMjXTR1FJFQ1MFHV0NtHXU0dJWE628XFu3HmoaSqiqK2FkpIaBgQqamkoY6DVAX7c+Buoan2GooYmRppbAWEsbEx2tf4uprjY6mvUw1dKjhY4JBioq6ErbaatpYaiixKEN/XmeP4MX+WN4nTuD51nzeVI4nwCn0TTRVhJ1AQ20dP4FfU3tOj4KXw0VZdHK8zLyvLpyAxrqNKBlI31UZNkrp9CVlsk0aCCLNCUa1FP9jPpKKp8hp4iW01PKUUuNNNVoKn3mNkaN0FGS+kLVkG09exG7cSq3T0zmm6Th/FA4ivt5C5k0pLauYUODejRvqEarJpqibWqiItoWjdRFa6yv8llN4IZG6oIWTfRoYqpFQxMl2jTWp6mBOqb6SjRspEkTIy3G9DClLGYv98/bcfe8PY8qj/Dq6kne3PTnq+sSN4N4ezuct7fi+OZeEj88yuCHJ9kSuXz/JJ8fnhbw47MivnuVzA9vcvn56/P8/KaCb18X8fJxBHfvOHP95h5u3nDgymVbLtXYcvWyMzeuunHlohtV5S5Uljlztfo4b58liHrC7+5l8u3DQr59fI73j8/zzfNK3j2+xFcPq3n39CLfvKzh6fVskgNl4buDDJ9NZPjvJitwL7khFuSGHiJTeu1cohu5YbYkee8nJcCRuNNW5EQcIeL4NjxtZomavp62QznpMAhvp3GcdhyD457ueFgPJvLkPFz2jCLFbw/pAZbS/uzIjfAkMcSKMJ+9lKbFkB3mQV7YbopC9pIXdIAzIeaUhB2iNMyBvOC9pAWtIdJrNXPMOjO0RwuG9Wwp2kFdm9K3gyk9WhvQtYWuoE1TI1o3MZTOiQ6NDLREZJuhnC5cpQEGcj1LLTVUlKVxJo0/dbUGaKgri3Eno6mhgqqqqoQy9aRxJr8ur9e3V2d6dG0jUj/LP1RQqy+Ny3oaKEljTkVZQwhhOc2qz"
36541 [Forwarding screenshot on session b1310904-d161-49ca-a1a6-530fba7baea8 to remote] DEBUG org.apache.http.wire  - http-outgoing-101 << "YEV/P48gp8fBfPd3QA+3PLlm9sB0nQQ394J5P2NAH6878vPD4N4fzuY9KAdnLRbQt82qnRqrMzAjg1x39iDfO9l5HotIfOEHO28ibJkB84mHSYz2pHcSFvKco5QfdaH8pxQ7lQkUZXuwPnIzZQFbhIiWK7/ey5sH9leGykO3kGOzwqiD48jyHYgUUf7EnNsCHFHxpB2fA6VseZcSXOmJNaWitTDXIlazcVkC6pzPbl8JpBrBQFczfUTArisIJQL+UGU5QdTXRItzYdzJtWb4jQvzia4URTjTHHcYQoiHcgPtaUg5BAFAXvI991Coe9azgaspNJ/DlXhy3DYMpRp43qQELSfW1kbuJe2GtsV3Rjb10RkAli50IzDlnMxXz4ef7ulhJxcjv3BNeRHbqE6/SAp3itI91tLyqnVpHtvkD7fYiKdFxJsP5kAm3H4W4/Ba/9gju/pLer/yhLYz7JfbY1r6VgS/DcQHHAId+edxHvu5HzoLqkPd1MedYCa2B1ci1nDlZAlXA9dSannbHKOjSXCthsp1v2Jt+9DSdBsCk/Movq0XAN4CjW+40i1G03m0dnkn1hMgddSCr2XUxq0gYrwrdTE7OF66qG/BLBE3A6ux2/jVvxW7iRsktq13I5dw/3oVdwMnccV37E8ip7My6QZPI6dyrOUBTxPW8LL6MXcDZ7FtaCZ5LoOI8qiKxHmXSnymECx5yRuhE7nkrcsgBsRvLYFpUf6U3OinxDAl04M5uKpUZx1GUSu4wjOek4jyW44sda9hKSMPNiUGMvmJNp1ERHPcn3dC4FLKTo+lSo5pXLUPO7HLuZR3FLpuFZJx7dUml4uvTaNmIPdSZH2W3xiOudOTKHUdSgFhzpy8UgPLrt05qJTB6rs21Lj3INqp+6CKoceVNp354Jddyqkvi236cpZ56YU2XSk1LY3F10HStP9OWRWWxt746Qm7DBrwa7xjQlY0hDXyZo4bphAZvBBnheYcyt9GQ/S91MZspBLJydzdkNPAsxas3NQS8wXjGHJqK4cWtmfPq2k56SmKl2bqBJ4cCx58nE7D+GmzxJuxazmbvw67iduENxLWC+Qpx8mb+Je/AoepayU5qWxEbWEG9L1ciNqJcU+o4hzaIavZStpnHQhzKIDkeZNiLcxJNJahSAZB31Ss45y/Uo1F4oDKYifw/FdDUl0H0lFxn4e3Sjg4ZVC+OMDf/zjPX9+d59X5SHSuNhF4IaO+K9tR/D2boRs60bw1q6C0C21hG/tJji+rpX0ntP5rnQf/7iwmaMbh9X+kEpDTzzndeU6wBIGWrXpn2VkoStnB2lqaig9AxvS2MgIY11d6XmuiZ6GRh3yvJZ0L5V/6KUnfWdpID2H+/drxZPSo/xYZs77sxtJOjhKGo+diTk0hG+KnPil6jAfamJ4euMhF28+o6K0nPLzl7lx7TbPrxXzrtqb32ucuBiwgFiLESRa9CPTexEfLh/lz0przp5aQyPpXm7QoqP0rDXC1NRUYGJiUoexsbH0PclAiGBljQbMmDtdIYC/RLvp3/2L5P1P1KsP3Vd9YILfl/enQIECBQoUKFCgQIECBQoUKFCgQIGCz5H/iSmLX1n6fmw/nZZFsK6epki3qKZaH03VBhjr64jIWYO/6vbJ9ftk5Mjhj8gRxDJyZPGnfFxe97qeCsYaOjTS0MdUW4tGpg3R1dbDSE0Jm23DRdTv05yRvMyZxPPsmTwtnkmgywia6ihJ768r7eOfEcoyepqqn6Ghpo66qlod8rzMxwjgRroqtGpoWJv+WVBfUK9ePSHbZPEmU1+a/jJyFKYSTY30aSz1URtjAzo0bUxLE1M0lFSY2kKPo0sGUH1qMu+yp4gU0LfOLGXKaH10dOrxsXayXE9Zrq8sTzc01Bb/ZBatiTamRpoiQtrESI1mTXSlPpL63UCFxnLq5yYS0nu2MNGnRVNtmjTTo6G0/sgexqJ+6J2zttw968Cjcjde1pzi1WU/iQBeXwnm6xsRvL8jC+AEvnuQwrcP0yUy+FauC/w4R0jgb59L7ctiIX9/+foC378p4u3LOJ4/OcHDR/bcf3KIOw8tuHXfgjsPLLn70JZbd224cduGm3fsuXUpiHdPpX0+zebN7RTe3cvm/cMzoibw+2flfPfysvR6NW8eXeDVg3NCAKcEWpIXfpCCUHMyA/YIAZwTvJ+ckINkBFhQmuBKdog1CV77SPCxIi3IgZhTB0j2O0Sw+2pc94/khN0wnM07E+A6lSD3yRy1HCAtG4qH1UjCPZYRf2ov2UGHSfO3JDXAjYRgG5LCHag+k0NuxEmyg3eRH7CT0mh7iiMOUhx6kPMRThSGWwgB7OU0m27N6otxIyNHin+MFv8UeZn844K/L5eR0zmrqNT+2ODTMVU7Dv85HlVUVMQ4U5bWk8fawH49hQSW96FWrwEaypqoKGujrKyLpoacElqOVldi7/b58DSA3x/68Otdb365c1q0v93zk6Z9+OnWaX6+JU3fDpSmgzgXtZNb+W5k+W8n2mMNqT47yDq5iByvJaQem0uO9yryAjZTFHuQ/Fg7smOdRRRwfqItRelHKcsO48a5OCpSbEXdzIoQWf5upThkG+WR+8nz2SLSL8t1gdNPzSLEfjDBTj0IdelLpNMwCvyWUR1vzoU4SxFFLAvgy5GrqEnaT1XOcS7J8jffnyu53lTm+nM+P4TyXOm4cwOpKo4SArgwzYeS9NOUJB0V8lfmTJTjvwjgAt81QgBf8JtNZdhSbDcOYopZNxKDpbGctYnbqauxXdmb2SNbYthAiblTB+Jhv4Kj+5aRHWhBTsw+jjtvozBmOxdzrKW+WkmatM+kEytJObWWCKf5hDnM+6IAdt/WpU4AZwbt+5sA3v65AI624GLczloBHLpICODzJ+eS7zmBSLvuxB/oRbx9L2n9ORR7zaX69FTuhE2k2mcsqXYjyXSX1v2bAC4P20JV1C6upRzkmnSPkAWwHAF8I2E7txO2fSaA70Wt5EbI3H8RwE+T5woB/DxqkRDA1yXy3IYL8Rp9oBtFnuM5J93zrgROFgLYa1ETQta1FBHA1Z59hQC+cmqomL/oNZ6z7maUnJxG4YkpJDn0w29XY+JsWhNn1YqI/W3IPjqayuDFVAQuEuvdjl7CjbBZ3ItZVCeA5TrAD2OXUek7VRxDomN/ad0ZlJ2aQtnRESIC+NrR/tw82luiJ9dcu1Ht2Icqh96CSrs+XLDtTYVNH8qte1Nm1YtCh/YU28gpoAdQ4diXM1YDsBhuwOZhTdg0tglbRzRh57gm5FgNJXpHH7bMH8rqGb2JtxvH9biVXIvezI34VTyKWEjpjt74TWjOhj6GrJvYieXjOrBwWENGdtFj4fg+rJrYmdPbBhK+vRPxu7uSbjmMbKeZZDnOEMjTOc6zBB+X5zhPIddlItnOY0l3GEem41QynCcTb9uHEIvGhNhoixTPEQeaS33ZhnibFgRbGBF0sBmJrgPgx6+Al/DrQ6nJJ9GtH6fMVaV76zgeXYrn9aOL0uvf8/vv3/DHd/d5URHCjZhdBG/pScDGbkIAC/6dAF7fgjjraXxbspffKjZwbNPwfwpgdQ101NSEAJZl7sfvEnJmETk7SBMTA1o1aUJTWap+QQDLaIsfmimjL31PkQVw3z4teFjqLgTwu6JNJOweRciOLoSZD+RVoS3va6x5dtWPm3erKH5whXOXL5JfWUPF1Wvcv1HCm0t+/Fp9mBq/RcTvH0fC/r4iw8P7S+78ccGKIq9aAazfvMN/JYDVpWd6v8F9UZoU+BIFnzPC+Q16LX+THnJfFr5fQq/1b4x2/+qL+1OgQIECBQoUKFCgQIECBQoUKFCgQMHnmJgaCNGrrqEsIn7lVo4GlpfJ8/q6BtRTqi+iDLVUNVFVUkZFqQHK0jIDdR0hhP+Ohkp91JXrCTTV6v9HNLSU0KynjLqSEur1lFBTU0GWXvL87lX9eZ63kKc5o3iZM5GX+VN4WjIJH4d+IkJYPiYDHeU69LUb/AuqahqoqKrXIc/LKKuo0UBZlSZ6GrRpZCoiKYX8radCg/pqKNdXQa2BMkoNpOUScsrnj9SX3vsjSspq0nZKQnprSG27J"
36541 [Forwarding screenshot on session b1310904-d161-49ca-a1a6-530fba7baea8 to remote] DEBUG org.apache.http.wire  - http-outgoing-101 << "gZ0ad2Ift3b0qaFCV30ldg8rScZHkt4lLeVp+e2UpG1nRmT22HaUI+ObdvQtmULWjdvJtoObVqLZXLbrlVL2rVrRMuWRrRpY4qhoTrGxpo0b25E48YGNGliSNOmBhjr6tPU0EiIYQMTNSGLh3UzpDRuF4+KnXhceoSXFzx5e9GHd1cDeX81jA/XI/n+dizv7kTz4V6skMBybd9vH6Xy3ZNMfnyey88v8/nmyTm+fXqe75+fF3V83z/L4qun8bx4HMSTB6d4+PQo9x65cefBEe7cd+PmHXeu3XAVXL95lDsXk/jqfi5v7qXx/Fo0r28l8PZ+Dm8fFfHheQUv7xXx4r7EvbOCV3cKSfA9QEbAQdK9a6N/ZbKDzMkOliOD91MSf4SsYCshcZP8D5LoZ1krggPtSQnYj5/zHFwP9MPbZTBe9hPwtBlOxMkpHN7fE1+XCWQE7yYz0Il0n6PSfmxI9HEhXto2I+Y4l88WkxPmRU7Ibs6G7hHSsDB0H4VB0vuG2pMnHUdqwBr83RbTo4U0VuWU4Spa1FPVFq2SsmYt8rREgwbStaKsLASuPC1H9Mrz8rSamjR2pDGvVL8e9RpIY09q5XkRga4ijT15Xr7elDWk7ZWF/JUZNqg/Qwf2E2JZXVquLh2DLIBl1FS1UJWWq0n72blpATz24c/7p/jHHU+JE/xx7xR/3D0t+P2OF/+4Gcoft8P59XogyW6zKAtbz7mQ1SS5TSHDcxYZXksJd5hMzOEZ5AesIzdwC2eiLciNtiE90pb8mMPkJTpIuFKaFU51XhjnE61E3cyayF2Uhm3lbPBWKmMOku+7lQK/zRSHbiTXbwFBdv2JOz6M+OMjiXc140L0Ri4lWVAasY+Lme5CAF+KWElVwj4qsz24mO9fJ4Av5PhxLi+YspxASrNlARwjBHBRui/nMn04n+IpIsXlsVIY7URBmF2dAM7z2SwEcJH/Cip951IVsoSDq/swcUwXEkLMuZ6xgRvJa7Fc1ptV07rRUq8+Q/u2wM12JX5OmylPPCx9Tnei/G04K11jl/PsRARwivcqEo4vJ9FzBeGO8whzmPuXAJ5QJ4A99/T9RAAP+BcB7Oa07TMBXCYL4Hi5Ru9aIYBvhK2i7PR88k9NItK+BzH7uwoBXBY2l1KfudR4T+NWyDiqvEeTYjuCDLc5nwjglZQErud8yBYqI3dyReprWQAL/iaAbyes4470nnejlono3qt+43gcU5v++aMAfpa6mGdR87kbOpMbITPJcxtKrHVPoi17UHjcTDrOqVz0m8Bln+n4LG0uBPAFj6FUevQWAviq1zCqPIdT4TFC1OmVo7Fz3M2EAA4/0FbaTyuiD7Qm0bYrme7DKfGZycXw5ZR5z+Bq6FzuRs+vE8AvElfWCeDy05OEAI6z6yMigCtOTxMC+IxlJy67Su97pDuXXbpyybkLNY4DBdUOA6iyG0ClbX8u2Aygwro/5Vb9KHIcQLH1IMptBlJs1Y1zjsOxndCMXSNaCvlrPr4Nm0eZErWnH/snG9GrvREdG6phPrkprgubk+08lXPSGJP7IGdTD0LndmLX2OYsHGnK3OFGLBrSnLkDTfDcOxHfPWMI2zmUqB0DiNs/iJA9fYjdP57ofWOJ2mtGjPk44g9MJOHgpLrliRYzSbCYJC0fT8KBycQfnEGc9Hr0wQFEWLYnxlqdqAOGROxvRpxlB6KsWhN2qAUh0nSy23C+eVTDT2/OwveP+ceTy0S4DMT7oClpXou4dz6AH94/Bn7iT37kz+8f8aI8lMvS2AnZ0R+/rb0J2tZV8HcBHPYXsgCOsZrMN8V7+LV8Pce3jBQ/TlHW0EFLTV1IYLkuv66mhvQM15ae2RroaaljqKdJIxN98Uxs1qghRnq6Yp1P0dFQR0dLG2P5e4qOOvW1NOnVszn3zrrxw/n9QgCnmY8ibHcXQqRr71mREy+r7bhzKYDKm9Vk3LpM1oXbhGZVEZlWwvli6dl2MRSue3I5cCkRu4YQu7cXKSfm8rbG9X9LABuYGtKmY1uFAP539Nv1DjW9P4Tc/W9Q0fyDoTZff3FfChQoUKBAgQIFChQoUKBAgQIFChQo+Bx9fV0hXeU0s+rqqmJabrW0NNDUlP9Bq0K3ju0Y3K83Q/r3YUifXkwdO4bJo0YyuGcPhg7qLRg2uA/Dh/RlxNB+nzF6RP8vMmp4P8GwEb0ZM3wI44cNwWxkX4YN78+gQQMYM7gTrgem8zJ/GU+zx/IiZxwv8ibwpGQc3vY9MVJVQlNFThct1/j9J1qq9T+jgbK6oH4DWfiqo6yiUTcvy95GWiq0bdxQ/FNaTuncQK7/20Dapp4yqvUb1Apg5f+AtI2qLJal9caP6kds2AlKC+IoORNLZlowZ7OTuFFewIe75fzxohTeFMHP17l3o5xLF69z/UoFVy+VCW5cvcCt61WileevXDzP5YtF3LlVKbXFrFuzABNDDQx0VWhorCNo3MSYJsaNaNWwEabG6kIAm5pqM7S7PkVR27hXcIhHZ214dt6J15XHeFNzkq8vnubDFX++uRHCN/dj/yKODw8SJZJ5L/HhYZpEOj+9KOeHF+f46fV5fnxVwvevivj562J++VDGj29L+f6bK3z4+qLg/ZtLvHlZxevnEs9qePlEah9c4LvnF3j3KI8X12N4eSOa1/dSefMgnzdPzvHqfgHP7xXUSeCvJGSZmxlgTW6AJdlB+/6iVgD/PQI4KcCcZGm91EB7knytyQy1JuzYEg7v70PU6Yl4Wo/F/eAQorym4byvO6Ees0gL3E1BuAepXp7SfmxJ8nElKcSZzNiTXDxTSlawN7mh+ygJ38eZ0IOURB6oSwGdG7iPZL81BB1dwbCuDaXzL/8A4D9RG1Fe++MCpc9E70fZ+1EAi9f+Wl73ulIDVKVxKteeliN+5R8qyNfhiAF90ZLGn56qGtrS+NOUxrX8o4WP62hJ43Hj0unwNITfHvjz810ffr7jyy93/SQCBL/dD+LPxwnwKEHUBY5wmEaIlRn++4dyeHU7XFa1wevgOLz2jybOfT7pXqtI9lpLfoQFmeGHiAvYT16UG2fTjlKUcYrzOdFU5oVTlelMYfB6LoRuozhsC0Uhm0Uka47PJvL9N1IQtJrUU9Pxs+lDpOtQotxGEOE8gqLAZVTG7eJ89D5qMo9QnXGsTgBfyDomBLBIAZ3nIyKAPwrgczlBtQI4P5KzGQGcz/IVAvh8krsYKx8F8JlQS1EDON93U50ArvJbQFXIUsyX92DcyPZCAF/J2MiVhHXsmteDXYsG0quVBh1aaOBitZqok/tEzWtZjpXn+Er73sXVfCeSvFYI4o8vId5jmfR55hLpMo8Q+6n4W4/HT+pXL6lfZQF8dHt3XLd0wvdQfzKk4/m7AI47voNzITtrI4BjDtQJ4EshC7kauoJzp+aSe2ICEXbdibXoJgRwceAMik7NFBHAsgCu8TUj2WY4aUdmkee5iAKv5Zw5vYKz/uspDdpEedh2LsXv53qiuRDA1xN2cTNxB3cSt3M3cbPUrhcC+HbEEi77T+Oa/1iexE4WNYCfxEskzeFZ6kKeRc3jbtgMrodOJ9t1IHG2PYQEznMfSanXRC75TxTyM3hde5ECuvL4MCGAL53sKyKAr3ibUXxkAPmHB3P2xDgRuRpn00vaTzdiLKXzYd2ZNKc+JDj0I8llGOf9Z4n1qv2n8iBuUZ0AlmvgPoldyv3oJZw/NUEI4GjpOPLdx4sI4PJjIym06sxV9wFcc+/DtSO9uHq4NzVOval27FUXCfz3KOA8m76ctx3KNdfhlDl0odBxCAfGmbJjeDP2jjZl59DGbJ/QgkQbM1YO06RlU30GdmlD8LbJBKzug+P0VgTu6EeW7Rji1/TGf0EfDszqwfLxrVg1uTWrRndhwQAtvHf0JtFyCIl7R5JkPoFE64mEHhxMsrV0HiVSbMaSajuOdPsJZDhMFG2a3XgybBeRYTeXLMc5ZDotIMtpMRnSdKL9cGJsO5NwyETabyui97ch8mALwqxMiHI0JeCQPmH2Laku8eDNC+me/t1Dvn5SSFWONd9cT+a3h5f57ulZfv7xK/7kl78E8ANeVYZRHbqVoB0D8"
36541 [Forwarding screenshot on session b1310904-d161-49ca-a1a6-530fba7baea8 to remote] DEBUG org.apache.http.wire  - http-outgoing-101 << "drcl8CtXQR/F8Chm7sIPNY1J+rQRD6c3SkE8Ilto+oEsIaKXI5BXaCjoYm+tpYoi6CjIf+wSxNTQ7k+eishgA11dWqFr8RHASyLY1kAG2mqCHEsC+Du3Zpw+8zhOgGcuKcfgdtbEbCnPy/OuPK+2oMXF5O4e/0xFTdecPnKO8orv6Ky8in3LpbxtiqIf1Q7cylwPlF7BxK1qzuJ0jPjTdXhOgEsZ+bQbdquTgB/Kn//LoB1DPQxadxIIYD/LQEvaT7iR+kB+WXh+3caqP7JECuFAFagQIECBQoUKFCgQIECBQoUKFCg4L9BFsAfxa8sfDU01ATytLzMQFuJsEBXnj+q5pdvH/Hu5XVePazh3fNrfPPqJm9f3q3j3at7X+CO9NrtOr5+cesznjy9zKvHt3l5/yqP75Vz+14lz5895Omt83y4n8aL3NU8y5kgIoDl9mHRGLxsawWwlqo2eup6/4Kumm4dctTvx2hfuf0YCSzP16uvTBMdFTq3aIJGgwYi0rm+qPWrXJuiV+KjLP5Ivfrydv9EXian5pWlm5P1dqrPJfP0XjE/frgBfz7jl59f8Mt3L/nj+zfw7XN+e3+b3394wI/vpemffua3Hx/x+89P+PPXZ/Dbc9H+8cvT2vl/vODnH+UIrHe8fHaVRfMnoKOhhKFuAxoZawn09VVprG9AC2MjTA1VMTCS0GvAgI6anJUF8Jm9PCq24Fm5NS8vOPG6xpW3lz35cPU076978+ZmOF/fiuT93RghgOUI4G8fZ0hk1vI0l2+eZPHdszy+fVYgzRfz69dXRMQYH57y49tXfPv6Gd+/ecEPX7/km5fP6/jq0QPePr4sbVvN2wcFvLgeK6KAX95J5qv7eXz1uJSvHhYKAfzqYTGvH5by/GY+SX42pHgfIMv3ADnB5kIAf0wBnRV0kLLko6IGcOJpc+J995EVbk+ctH5qgBVRJ7bhbjGek3ajRQ1gP5epBLhOxP1Qf47bDBYpoCOPryPd34HsAE9S/Q6R6n+U1PDDZMQco+ZMIdmhp6X32kth8B6KI60ojTooBPC5cEfORliR5LuWE3bzGdO7NZr1ldBRqY+emjK6qg1Ea6SljrG2BgYaqmhpaKKtpYGujpao96upoSy1qtJ5U8fQUBMjfQ20NaTttVUwNtAUrY5mAwz11DE10hb1gvWl69NIuiYb6mrQVF+Tkf27SXSVxq4yTXXVaSzR1FCHFg31aNPUgA7N9Ondzpjdq2ZJ5zaM19dDeXUtRJzrr26E8/JqCM8vhfDicigPq/24c/4kl/OOEOmxEj/7uZzYPxWP3RNx3DAcy7UDOLJ9JD6W0zi22wz3XeM5ZT2Po4cW4LhvLpab52K/bx6Hds7l0I5VBB+zpCTehrOhGzkfslW0Z0O3UBq+m0yv9ZwJ3Ey27zJi3MYRaN+fMOfhRB4ZSfSR0aSfmEZZ1CaqEg9QKu1DFq1yDeDqRPPPBPC1fF+q8wNFDeCKvBDO54ZSU5JAeUGUEMDnMvw4l3yC0gT3zyKAPxXAZ/xqawBfClhGdfBS9i7ryrhRbYkN2cel9E1Ux29kxdgO7F3Qn5E9dWmkr8SBXUuJ9z9ASZwjF7NOUZR4hLOx+7hZ5EbSqVV1Ajjm6ELCnWYR4Ty7TgD7Wo7hlPkQPPf0rxPAPgcGkB6w5zMB7Oq4lViP7UIAl0XtoSzuINUJu7gSu0YI4MvByyjwmE760TEE23Qh2bo38Q49yD5lRs7RiVSdnszd8PFcCRpHsu0wUlxmkeOxiPxTyzjjtYoiv3UUB2ykLHQbNdKx30iqlcA3EndzK2knd5N2cC9pi9RuELVnb0csosZnIjcCx/M0bgrPEibyNGEqT5JmCwH8JHoOd8KncS10KunOvWvFrU13Up0HUnh8DNeCp3LVbyZJe/sRur6VEMByCugrXv1FDeBLXqO54DmChAMdiDnUhUT7viQ59iHiYCchfrMPDyLeujtJTv1Jchkk0jqnOvTnWvisz2oAP4tfLgTwvajFlHiOFamoIy27S9uPolzqkwvHR1Nk3Y3rxwZxzW0AV1z6CC66dBXUOHej2qkrVY7dqHToygX7LoKz0vuet+3LJadelNp3INt5CBYzWrNpuClbh2uwY0gjdkxsTbbrLLZPb0nLlg3p2MSYE8uGErqqL5bDm2E7rRXHFnfBfUp7Dg3vwPbJ/Vg0tjOLR7Zh6ahObDAzImBbZ1IO9iNx73DizScTbzWFOMdxJFmNEeL3o/SVRbC8TJbCsgBOPDiFZKuJJErLZWmcajdTOg/TiLfrT8iBFkRam0jnRGoPNiXaqiFhNlpEOOpw2kJTuu7ac+NqMn/yLT/+fo9vfyyFH57Arz/x3YsbvPv6Kt9//xW//fETf/75Hb+/v85XFYGU+63Bb0tfPNb3ImBLZyGAg7bUSmBZ/ob8JX9DNnXGY11Twi3G8b5oB7+UrcFrp5kQwA3UtVBrUF/8cEVT/hGLuix1tYTglcWuHAUsl5qQI4CbNjQV0cHy8o/Rwh/X09HSxVC6P8oCuJ6GFp07NuJGnpMQwO/PbiHRfIAQwIG7+vA6354fL9jzTbkvb6rPca/6PE+qs3l6VWqvlPDyYgIfyo/we5U1V4IXErJ7IJE7uxF/dAZfVboIAXz29FpMDaTjbNIW04aGdcL3U4yMjKT7uz66urpo6upgYGKsEMD/iWH2bzBo9+sXhe/fUdP/nRGOb764HwUKFChQoECBAgUKFChQoECBAgUKFHyO/E9KOS2tXGdUXV1dtHKKWhm5Du6A3sYE+1nh47mPjERPHt3I48G1HG5UpfDgSjZ3r57hzpUCbl3K40ZNDters7lWlVXH1cr0Oq5cSBNcrkito6Yqg0tlmVw6m8jlyjgu1WRw+3oFpRnBJJ7ezNXImdxJHMPzzGk8y57OwzOT8LLpi4GyLGiV0VHVEWiraH+GlrKWQEW5tnaqXM9XbuV5GXm+fj0lWuir0LN9M/Q1Ggjp+zHNrqivKm8j0kHX0kDI4c+R15Xlb6dWJiSGHcf54GrszZdSkObNy0elvP+qmPevKvnuzS3ev7zCm2dlvH56VrQfvrrGm+clUlvON28qePfqPF+/KBXzP7yv5qdvLvLHT3d59biMYG9b2jXTwFhLiZYmGhiqK2GsqYSejtzWw1RDQk8JfV0lqT+UGN5Rj3ORO7hXZM7DUkuelNnxrMKJF9XuvLl8kq+vefPmig/vbseKOsDf3k/mu0cZ/Pg0h5+eF/Djs3xRA/jH51l89zyTn14V8NPLEr5/Xs6f7+7Bj1/Dh9dSc5Xvv7rMz++ui+mvn1Tw1aMyqS3j2Z1C3jyo5N2j83x1O48nl+J5UBXJw4sJPLqaxuMbudy9lM6N6mTuXMoQXCmN4UycK9nBVuQGWpAbsl9I4NwQC/LCLMkJsaQ85ZgQwHIKaDn6N1pq00NsSPLbx0nbeXhaTRapn90ODMbv8ESJ8bgd7I/7wUGcdpDGj+0sEk7vkvblSLq/HRlBx4kPsiQqwIKynGRywo+LCOCzIQcokN63KHyvqAF8NsiewjArApzncmDDSGaP6sOsUb2YP64/CycMFO2iiYNYPm04y6YOE8uG9O7GqIG9mDBiIGZDejO0bydGDe7MzEmDWTR7FCvmjGPepKEsnj6K1fMnsmTGaBZMGc7y2WPF/CyzQcwcM5BFk4axerYZ6+eNY8/q2WxfNoVF4/uzYe441swew+o5o1g5d4Rg2bQBzB/The3zRrJ2QXdWz+sq2k1L+rFxcV9WzenBshldWD6zK+vmdmLVzPasmtGRFdM6s3hCB+aObsvq6X1ZNK4b80Y2YYlZc1aMb8G8wYbMH9aQ6QMbYtbLkBE9jBnYzoj+HbXp3laTPtJ15LBnDQXRlpwN38K54C0Uhm6gKHSLxA5STqwk138daacXEOU+hgi3oUS7jifBYxIpHhNJ85xMacQaKuL2SufanPOJLlyNXiMigMsz3KnK8eFKnl+dAC4/E8aF/FDK8sL+EsAxFKUHUpruS2mSJyXxbnU1gD8VwAV+WymUjqM4cBXXJCoDl7J7SWchgKOC93A5ayuV8VuY2q8JO2d2Yd7YxphI19byBROI8tkjItGTT"
36541 [Forwarding screenshot on session b1310904-d161-49ca-a1a6-530fba7baea8 to remote] DEBUG org.apache.http.wire  - http-outgoing-101 << "x3Abd90ShMOcv/8SVJOryHZa7UQwBFHZhNsN4VQh2mi9bMcj88hM07uHcrx3f1w39adI5s7423RXwjgdJ81JAZsrBPAMce21Qng8vhDVMbt4FLsai6GLaImcAmZhyeQdHg4IbZdSbfvT5x9d5LchpDqPJpKr0ncj5zIzfDJpNgNJ9FxOllHF5B3YjkFp1ZS6LuOs/4bhJyvid3PzWQLIYFvJu0RAvhe8k7uJ28VAvhewnpuhS+k6vR4boWMF9G/sgB+lihHAP8lgGNmcTtsKheDJ5Ds0I14Cfl4Eux7kXNsGDdCp3MzaC5VHjOJ39mF8qODuXiyP1dPD+DyySFc9R1DqdsAYve3IeZQByGQ048MFGmg050GkuE4iEyXwWS6DyPZuR9xdj2JtexMdcBkHiUs4kHcEiGAn8Yt40nscu5ELKT4uBlxlj2JsupBlstIKn2nUXNqHCXStrc8h3Hn2FBuuA7kptRnNc5dqHbqTJVjJyodOnPBvhMVdp0F5badOOfcl3OHenDBsgvFDr0I3j+YLdO7sXx4M7aNM2SfWQs2jGpIxL7h7JvZjt5d2tDRVBfzkaYcmaiP++RO7B1tzNZh2uwdZMrabk3ZMmUYm+aOZN2k3qyf0Qv3zcOIOyh9PotBxJuPIsl6OqkOs8g6MpNky2mkS/erLIe5opXTPMfsG0+sHCV8cApR+4YSYT6IsH39CN0ziOgD40i2n0ScwyBCDrXBx9GIAHtjAg/pk+BoQqydHiHWhngfaE1F/AZ++RH+BL7+8Zr09z78/j13a+LJzbPj/U9PagXw79/yx29f8/3jEl4UHaf42DxOr+vKsTU98N/cSUjgvwtgWf4Gb+wkBHDIvlG8K9zKz+dX47N3bJ0AVq1fDzUVuR5/bV1++ccymuoaqKupoCX/8EVPh+bNmmBqYiR+QKOhriqQX5PR1FBDW1MHfVVlETmspK5J+7bGXMt24sfzB/hQvJUs6boL2dmBoN29eZVnzg9lG3lfvJNXJUe5XXKYe8XbuHPelquFDtw9c4i3pbvgspV0/azCZ/NgInZ0Jc59Oq8vOPNnpTXF3uuEANZu3EaUz/gofD/F0NCwNvpXRwctPX10DAxRmhz0CgX/hsBXjDn2Fe1nfP9F6fsprcf/wES/11/ejwIFChQoUKBAgQIFChQoUKBAgQIFCj5DFsAfpa9ck1Selvk4vXzBEPxOmrNr4xTMt80k3MeSC4Vh3KxK5l5NGrcrk7lZkcjVc7FcKo6ipiiC6sJw0dYSJqguDKXqTIigsiBYcCE/iMrz0dwsT+HGuRjuXYrmfHEQ0SFHOWKxHIeNg7mXtIjnOTP4Om8JT9LmcztzGictB2CkooS6cgMRpfsRWcT+nb8v//u6JupK9GzbEEOteqgpK6Eq7Ve5gUQ9JbTUlNCW5j8ii1VdtXroqdevw0RXlcYGqiyeNpzUEHcObJjB9uVjcbVcTdAJCx5fDhY1b799doFXD87VCt7Xhfz6zQV+fVvND6/K+e1djUCe/v5lGb98XSWQp29UxZAZ54qd+WL6dtRhQBdjBndrysAuTRg3sAujhjTBbEBbxvZty4RhHRgxuAMj+3Rh7eS+FJxex6VMS65k2XA114Fruc7cOnuM++dO8+C8L3dKTnPnnC+3S324UXSaq0XeXDnjQ02+N5U5pyjPOElJqjNFiU4UJrmSHXWYWF8b4vwciPN1IuCoBYHHthHiuZNYfwvCvXZz3H4Zx2yX4OWykhOOy3C1WYW79SrpfC7GdtsMLNZNYN/aiezbMJm9m6YJYbl4xmCWzR7GmkWj2Ll6HJEndgkxlhe8l7zQWgmcF3qA/HArIYDlCGC5BnD08Z2kBTkRemwn2ZE2BLgu5aT9dKJPLue41TiCXOdx3GYI7ocGEHFiNkfMh0r7Xoy3w3TptQUk+2+S9u1KetBRAo6v5/SxZZzLCSE/+hh5YXspDbOhKOIAJVH7KYuyEQJYloiO24cza2RjZgzvzewRHYRsXWDWlXmjOwsWjesu2mmDW9OnlTGDOjRhTK82jOrZksGdjBnRoyFTh7Vl5qgOTOrfnDE9TJnYr5lYX54e0cUQs54NGd3dhKEdDBjeyah2nT5NmSytJ4vJCT2lZV10mdjDiMl9TJkyqBHThjRm5ogmzBvRjDmDmrB4eEvp2JpLx9iYWcOl5aNbSLRixtAmgrkjW7FiXDuWjm3DkrHtWDK+I7NHtmby4ObMNZOOf3hb5o9ux8LRbVgorbtQ2p8ctTimiz5DOujSv50+fVsb0aOVKn2lz2U2oAfx/u5UZ7tTFLaZIv8NUrueMyEbKQzZSqzbIuKPLiDu2Axijo0l3HUIkS4TiHWfSOzh0SR7jCfbZx5ZvqtE/5cnHxECuDJ+L+dSj1CR6cXFbGmM5nr/UwDnhf8lgJM+EcB+fwlgd87GulAQ6UB+qK04d4VB+zjjv42igPWUBq/hqv9qyv0WsWtxJ8aNaUtk0G5p/7uoTtrN0Pb6rJLO87YlXWlmqsTg3h3wc18nfogQd8yCrfO6ci7BkkcVp0n1Xi8kcILnUsIPzxK1f0McphBsNw3fQ+M4fWA0J/YMwWOXXAO4O4c3dcLLvD9p/rs/E8BHHLYIAVwavKNOAFfEbBMC+ErkUi4GLSXF0Yx4J6nvnHoJARxr14U4l/4kOYyg4uQ47kVM4HbkVNIdRxAvXQ+Z7gvJ9VxG/smVnPFZS5Hfes4FyRHAtQJYkLSH28m76gTwveSNfwngBVzwGsOdsImi/q8sgJ8nTeVpyiyepy/gccwsboVOojpwHHF2HUly7iHRUzqmbmQfHSwE8L3wRXwt7TfPZjBl7oO4dGoA17wHihrAt4ImcMapBwkH25Jk35kwizakHR5A7rGRZDgPJd1hMEWeY8mQfyxg04WUw71JkNpzp0bxNHlpnQB+HCM9H2KXc1s63rMeY0i06SNSQMv7qPSdStUJMwqtunLNfQg33QZx/cggbrkN56rrIK4cHsxlF+m4nAdy0WlQbU1g+1pKbftwyXYo1x1GU2hrxvpxbejW2JAejTRZNtyU7SNM2WzWhFjzkfhsHcnW5fPYsXAyyeajKbEfynmp/+MPjMB7Sw88l/ZicTdDZg9sw6KJPVhu1oGNi/oQZr+IOMspxO0fQ6ylGcnO08k+PJd857nkOM8j/8hCClwXkXd4AZkOs0mznSHIsJ9Fku1YqT9GSNsNlRhHks0caXzMI/WwdAyHhxLkZ0bYqWEE2bSTzk8jYq30CbNsir9Vf55d8IHf4dcfvxOZOvjlHg8qThJ1egpFBU78yW/8+vPXwPf8+dMzESH7IM2GHPuxnFrZjhPreuC3qaOQwH8XwLL8DdrQEY91jQnaM4K3Z7bw0/kV+JmPrxPAKtIz9qMAVlfVEPJXFsFqqspC7urpatPQ1BhDAz2RRUGWv7Icll+TESJYQxc9lQYiKlhJTYO2rQ25kunAT2UH+aZ4B2n7huG/pSWnd/Tgca4F785v42XxHp6UnOR6qQePa9x4eTOMJ5fDeFbpyVcl+6Rt93ItZDkhO0fWCWA5AphqW0p81mOir4lWo9YYm+jXCd9P+Rj9q62tjbq2Hho6+goB/N8gi91O875DWf3PL8rflmN+ZOyJr7647f+XjDt5i6FW2Qy1zpHI/SfSMjOPK1/cRoECBQoUKFCgQIECBQoUKFCgQIGC/zeQ/2GpqamJhoaGiFiRkf+B+TGdoZfbbnw9zLHYPg/r3YvZtW4aTuYrSAh0pjI/goc1ydyvSuRORRw3z0dzvTSSG+eixPStshiuloTWcaU4hMtng7lUFFRHaZ6vtDyai7l+VBV6EhGwj72b5rBn+WginOYLAfwkYwZPUxZwM2o2t9JnE+s5i1F92mM2chjTpwypY9rkwf/C+JEDBeNGDBDthFGD6ubNhvVj7MB2rFs0iZmThzF5osTkUUyeMILxYwYydfwQ5kwdwtxpQ5k3fRjzZwxn4ayRLJ4zmiVzxwhmTRrGvEmD2bFyGvvWTGHDnCHsXj6OTQtGsnPlJA6tGMjJA8vxdd6P68EtuNlt5LDVMlwPLRWy2HLLLBz3LMJp72Kst83BautsbHfMY//6qWyYP4w54"
36541 [Forwarding screenshot on session b1310904-d161-49ca-a1a6-530fba7baea8 to remote] DEBUG org.apache.http.wire  - http-outgoing-101 << "1oxbqAxCyd1YvrINiya1Iu5Zj2ZObInEwd0YvKYpswx68I8s+4smdaXqWN7M3X4AOYPbMu2saYsHW3KkjGNJZqwdExzVk3qyMYZvUTk2eop3Vg2oQVLxrVgkVkzIQsXmLVivlkb5o5uzZxRrZjY31iiIdOHtGTy4JaM6mnCmL6mEob0ba/EsI7GjOvVnDkjOjNtUFsGttWS0GR8n8ZMGdiCIb20GdFbj9G9jBnZ1ZChHfUY1sWQkb1NGdW/MUO6N6NvJ1MhEAd2N2bK8FbEeu8hJ3QfuUE7yA87ICRwftjBOgF8LtGNNP8DhLltIcnXmZyII4R5rueIxViCPeYS4bmI45aTiPNaz1HLfnjaDiU5cAXejlPxc5lBvM9ynPb0J+b0fLKDXKV9HOaEyyJOHp1D1dkQipOOkR28i6IgKyGAz4TupjTcktJQJ6qSXYUAHtShPiO6tWFkdxPG9mnCuL5NGdOrEWa9GzO+XzMxPVj6rL0aa9G3mTbD2hsxsrMhwzroMrKLDqO76TC4vTIDmioxsJkSZp20mNTDQLQTuukxXerjid31mdS7IVP7NWJqn4ZM7m3EVImJPXSY3F2LmX0NmNZLlzmDjVkwqiGzhhkwa4iuON8bJ7dj5/SubJvVhbUT27JcOrcrzFqwfHRLwdoJHdk+qzcWc4exd+YAtkztxaYpPcXY2Di3L6tm9WTx5A6smNKX5RN7sWpCD9ZM7M6Kcd0Y182UCX1aihTYo3q0oX8HPUb0bcm0McMoSAikIu0IuQFrOS/XAI7YSEHwBiGAw53m4G81gTDnCUQfNcPfvg9ZPovJ9JlPvKsZmV5TSfKYSuTh6RRGWVCZdkykgK6I3U1Jsgvn005QnenFpWwvqvICalNA54ZxPjec6uJEyvKjPxHAJ/+tAC4M2M7ZwA2cC1nLFb9VlHsvYOeijow3a0dY0C6undlLTYo5fZprMra1EluXdBQRwPoa9XDYP0M6NltyfJ3YNq8zxbEHeFTuTcrpdUIAJ51cLiKAQ6WxFuY0hSDbqfgcHCsEsOfuwXjs6v8/CuDoo1vrBHBZwiHOR2/hYswqrkUv51LwMpIdxhDnPIQY136k2vauE8CJDkMpPzGWuxES0VPJdB5FrPT+6a7zyTm+9J8C2HdjnQC+lXJACOBbyXuFAL6fsosHKduEAL6fuKFOAN8Nn8TLpGk8T5zIi+RpdQL4Ucx0rodOpCpgjPReHUg53Itk1z4iCjjn2BCuh0zjUfQyKHOhzG0c590GCgF83WcQN3xGcsVnNBXHBxNn0ZJwi2ZEWbUn1aUvyY4DOOMxlrPHJwqJK6eAlqVyjG0nEWl8OWQqtyNn8zB+KY/jl0nvsVgI4Fth8yk6Nppku37E2PQi02UYF3ymUOo6lPjNjcjd3YqsLU1IWm1MytpGxK9sJohb0YzY5U2JWdaM6KVNiVrShKjFzQhdYkrU3CbEzG5J4IoBjO3YmOYGzelg2lCkb94xphHbxjclYd9w4g9Nw9ViK647lpJuMYwSh76U2oyQlvfEa3tb/Lf2Y9OIpuKHFmvm9GHdlE6snNeJiMOriLdZTJrDAlKOzCTNXRr/7gs457KYwmNTBUUe0wQf588cnSLIc59F1mHpXB+ZSq7bYnIOryXNcSVpzvPIPjaTjKxj5CRZEX14AlEWrYg01yX8UGN8rXvzuOoU/H6Vb19ehw8/wc9XSfPpQrhbb35+eRP+QHr9GyGA//juIQ+KA7gZvYuMg0M5tbwVpzf0/K8EcODu4XUC2H//hFoBLH3fkH+ApaqsIaH2lwDWklo1aV5FyF456tfIUF9EAsuyV5a/MvJrHwWwproOusp/CWBpH61bGnI5w14I4G9LdpJ9qD+B25txemdv7uc486LUkfsFJ7lekMP5gkxuVlRws+oaNcWl3C6J50WxCz+WWXAtdCHh0jNCTgH9JQGs2bCVEMDy9ye53u+nyN+fRPSvlhaautK8cUOUpgS/5v80A/bEoGHcHBUtPVR1jD6jgao67WfsYXLAsy9u+3+CMW5VdFt+mK5LnOi61FnQZZE9PVYdxczj8he3+Z+YHPQas2Nf023pdzQb9hON+/1Mq7E/MuTQOyYHfnmb/6/ptf6UqCfyJbossmOK9EX7S9spUKBAgQIFChQoUKBAgQIFChQoUPD/NDuXjGf7orFsmT+azfNGiek9yydhvmoq+1dPw8NuPfZ7F7N33UwObF6A8/7VOMvRufsWcvjQEo7bbcfXdR9uB9djsWEOVlvm4bBrCfY7F3Jk3zJsds7i4JapWG6djdW2uexaOZWlUwYze3Rv5o8dIE0PFUwY0IGBHRti1rct00f3YtbYvsybOJDxI7oyYWQ3Rg9ox4CujTEb0F5Iw2E9WzBlaFemDW3LrJEdmTumC/NGd2LOyA7MG9Ve1FhcNrE7s0e0F1GaMyXk9WaO6iyYM6YH8yf0YcG4ntK23Zg9StpWjuA06yqiH2eObM/Uoa2ZMaaVkK8rZvZk5eyerJ7di7Vze7FuTk9WzejK4ol9WDKpr7RvaZsRnVg2pb+Yl6flZcun9mPh+B5ivwsndGfZVGn9ydLnG9VO+sxNmDmsLXNHdWThWOl9pVZm8fja4x7eWZ8+bfUZ0bMZw3s0ZXj35qJ/hnVrRr92Jgzp0pQRXZswRuqL0T2aM7RTQ4Z3acy4Pq2Z0K8tZr1aMrJ7a0b3bM2wrtL23ZoweUhb5sjRnSNaM26ALCtbMbaPtH3PptK6jUVr1lt6n78Y0cOEoV2NGdWrsfR+RgzpbMIIab1+bQ3o20ZfOg5jBnVqxODOjQVD5feRjlNmSJcmDOvSguFdW9bSvZVgYOdm9G5rSs/Wxgxs35hB0v66dmzKjh27iI0KJczXgvTQXRSG7hNRwHLa5cJIS7JDd5IbbklZ0mlSAg5gt2cAid7bSfDaxwnLOYS4riH21DqO7B8oIn+9nPsTeHQGfi4r8LCci/fhCTjs7U2oxypivaX1DvUhJ8iKQLcpnHCeTHa0NzX52eTHuJAVtJ3SMAeKwg4KzoQeoCD8IOcSnHHaPp0JPU0Y26Mhkwc0Zc6oNiyeIJ270a2YN6aNmB8j9duwjob0b9OUfq1MGCP1y5jOctSuIdMHtWJ8/6b0aaPBIGnMD+3SiGGdGzGiWyPG9WrK2F6NJBoyqX8zFo9sx/iuuoKZ/Rsxo5+p1DZkzuBGTO9nxIwBjURk7pLhjVk8xIiVoxqybmIrNkzvwNa5Pdg0qzvrpknXwrjWrJ7cgbVTO7F8fBsxLS/fOqcfW2b3ZdPM3qyZ3JUV4zuybmp31k/rwVKzdqyd2IuN0/qwfkp3Vk/qwrKx7Zk5qBkTpWOc2rc5k3uYMqlvU4b21mHWpD7kxcVTnOBBSdQ6SoM2URi4m6JgC0qlvhP1cB2GEn18FGHuozltM4yCkBUke84hyWMGSccnkHRyDKGuI0gNXE1Joj1V4Ru5kmDBhQR7qjNPcvFMaG0GgaJgqoqDKM8PpaogkisliYLy7BBK0nw4l+4ltccpTjxMSYILxdGOFIdbURJqwfngnVSEbuZC6HquBs2hxHsl25f2Y9T4Vvie3sSVVGuuxG/FfkMrnJeNJsx6KUe2jmHPkq5EHl1GVcZh8iNtSfY/SHmFO9VFh6UxupOUU2uJ9VpNyLGlBDvOI+SQNPYcJ+PrMAHPA0M5urcPHuZ9ObK9Iy5b2uB1oCfJAbtI89tKgv9OgsN3YnPgEFEe2ygK2sXZ8EOURttzIdacy/HruBS+kCshS0h1HEWkdW8SXQcQ5zCAFOchJNj2J8W2H+eOj+VOxFzuhs6k4tgwoh0mkew6h5yTy8n3XkPe6dUU+q2nPHwHF+P3cTPZnNupFhLm3EjeJc1vl6ZltkrTm7kROl/UAL4VMYVHidN5mjiNZ0kzeZ4wj69Sl/Mgfj63ImdyMWgycYc6S8fWlwzXQSTY9RFpm2+ESMcSsRzOO3HOdRQVHv25FjCIqz4DueVvxmXv4Vw4MZBs5y4kOXQk3l5qHfsQuq8LGU4jRQRwvFUvkf45VY4MPj6CbNfBXPCZyr1o6f1jFvMwdhlPk1ZzP3451yMWUuo1kQTrvsRY9ib76BxKT00ny"
36541 [Forwarding screenshot on session b1310904-d161-49ca-a1a6-530fba7baea8 to remote] DEBUG org.apache.http.wire  - http-outgoing-101 << "24klsO0OT61JZ5TjQSHRzfEZUoHLIcb4jHJFK9pRpyYZIj7eBMODjHGcqR0/ifq4DZdD4/puhyf3ZJp0j3OUMuQdk0NWWnWlO0jGokU0NF7hhBjMVk69/a4715FqoUcMTyQYusJZErnPnBzZ7w292XD2BbsnjeQTbP7sHJaezYsa0Oyx1JKjy6n2GEuOU7TyTs1n2yveRT4LqBIuj4KA5ZS7L+Uc/7LKDm9iLxjs8hxnyH1xWzOu0ym1HkGRU7zyHOSXnNdLD5zqvMY4qTPn2zVDH/rRkTadyLMoh0B+3SlY9Mh2qojWWVO8KxE4hz8dp8/313jYmkiN64W8Y8/3/EnP8Bb4B+/8fZ6Ae/S3bjssQjf7V3w2NgR35WdOSWNZZ9tnfDf2oGgTe0JXd+GiDWtiVrdmti1rQlb3pvw/QN4lbMe8nYQsWciSqpKKOlooaYktfWVUFGth46mCjrqykIKa+loU09ZAzVNI1EHXc/IEA0DY/EjNT1pfcP/i72/js5jWe+0YdkWs55HzMzMzMxgS5ZlZmZmZmaRRZYMMjMzbXsznM28D01yJpkkJyeZd2aur6q05ey97XOSeZO8M+tbzx+/Vd3V1dXV1dX9aPny774H6WFuaMxAQw1WJrIvawaaaLE2tsPH3ZlnZxbwp/tT+G93F3NzUTLHpkbRONmfry+P46+fz+HL5xt5+92bPPro9/zqgy948vbnXH/0nEe3TvBXD3aKtbqSbztH0DErmvaZQZxaW8h/e7KGf3o2nzePTsHFdBD29t5oNNYq1LMEvr8EwNIB3BcCWoxRa/+fA4BdU2rRk5P4Z2Rm70XGxkevPfc/QjHTjzBg4KBXrqtvZEbC/BOvPef/dhUc/EwBbAmzQ0dsVpIQN35OD0XN3732nIjxe1+Zg34F1a3SAWCddNJJJ5100kknnXTSSSeddNJJJ53+j6kg3pf8OB8luV2U6K8k93OiPUmJcCIl3IX4ICfiApzFtjtpkW6kS9djkgc58f4UJAeLOk8FcCWcTBZtJSBMDnIgOVSjlBnlTH6CrwKDYW7WBNibE+aqITHQhZQQdyI8NPg5mCowGB/sSrS/o1KQly1+or2vqxU+ThaE+zoS6mlLlJ8YT5AbKaFOpIe5kB3lJsbvTUmST5/ivShJEOOLciEnxlUpK9KV9AhnMRZ3MmM8yYr1Iivao29fKDvGnTxxXn6CJ7lxct+VDHFcuoRLUgMoSw+iPC2IiozAPqUFqH2pwgQ5f95UZYZSmREi5lDOpTgvxVdB16Ikb1WWpMhSXCPelexoR7IiHF46R6WbVLpjZZ3cjvIwItbPWtyjmMcQRxKD7FUpoWuEh5UqY70tSfCzIV6F47VQ+4n+Yl6F5LYM0ZsU6Eicr4ZocTwpSENGhJ3o00r0Z05SgI04X/Tlba4U52Mh+rJUkttpYbaivb0Yr5inSDnXYpzhziSI/uP9tMT4imsH2JIQaKckxyhhdYZYI1K5Ud5iLfmJuQgU8+Mv+pAQ2E1B/MQQZ9JC3MiM8yA5IZAN69Zz6/olTh9dx9XuBQoA3+5cpJybEr72A+CnZw9x89h6Dm8tY9fybLp2jOfg+nzl+G3aWEP77hy2LEpi3/oIThyaxNWulexfW83O1XF07Jf5gHNF/RSatlawb3khzZsG0753HI07JvHWnWNc7dzB3W4JDOfwoHsF948uV+OQbmQJgDfNrqQszoUysU6q0rwZmhfA8KIghmR7Kee0DKOcI+YsPchWzKMzkW5WygGcKeY6V7wLFcliTcU4EelpJI6Zqzy68llFuRoR52VCSoAlWSFa8qPsqU3xJD/EmlzxrEqjbBX8rUt1VyqNtqFEtBmc5EJ9ihMNKbaMzXZiYpGXAsDTasJ+BoDHFPkpNeR4qFLC4EnlEQr2ynJ8SaiCvNIFPLUqWm1LADypNEoBYOke7wfARWK9lsW6UybKEvGupEZbUlkYxdUTJ7jXu5N7R8fxoHUKd9tmc6t1jlLj8lz2LYuhdWMindvyOLarip6tJXRvKuHKoTrO7C7kxM40undmKwD8/PJWnndO4t3eRbxxciXPL+7hrVtHkKHjn91u5dmdZp7caFdhoN+518vbd0/y5EqbAsAPL+7l/vldCgDf793IvZ513OtcrgDwk/Y5CgA/ax/Hr9prebx/GLOqAxldH8bF7vnc3D+Cu/tqeevMNB6dHc1bp8fyu6tz+d2ZWfz+wlL+5vEB/unbq/z2q8v88FELH15fz+1DE7m+bzzn9o+lbUsdzeuraV9TzcGV5RxaXc6eRblsn5vEjtmxrJ/oz/pJPhxYFMWZ5tmcb5zGiaZZHOmcxcrFSxUAvt8+T629Bz1reHZ8Ae+cHM9bHUN5p33YjwA4ht7N8ZzZlMyZ9YmcWBHNmZWxPN6Tx2fdQ/jiaBUv9qXTtbqYs9trubJ3JNfE2KT790FLX37m550zRb/zeP/MfD4+t4BfnZvLJ0KfXpjFp+en89HpyXzQNpg3GwtVSOmfAuBve2v49elhfHFyyEsAfHZ1OGfXRiiAK3P4Xt2Zzq86xPGOBv7LudlcE+N7vi+RX7Wl8GFTEh+3ZPNBUxZvH8zgwe4k7uxJVXmDL2xKpG2+P2dWx3BqRRi9KyJUCOjru7N42FTCA/EOv3Okik976hQA/vL4cL49PUYB4I+6618C4J6lEdzeU8mL1greOFBE2xhfHq3N5+3t2byzI4f7KzI5PT+Dnqnh3FmWwBvrUni8KoGbixI5OimSjkkJXBXfkUcbsnm2IZ3bq/KZWRxNsKcXYeK72pBsxfRUe2bkuykAfG51NduXzmTt5DouL8/j/rpk7q/K4fLSRJon+7NnYhQjk+2ZVBTGqPxAhud7MWdCFK3rqjm2spLjYq20iefVtF58kzYW0L2tnBs7arm6tYaLGyu4sKGcK5uquL6pmivryjm/soij61I5tiaT3pV5nFlayOnFufQuSuHEkgh6lgTSMU/L8dXunJzrQe98X3rWe9KzyIyWmY5cE8/6i/du8tuvn8P/6gv1/N/+9Af+xH/nj2LvD//zf/D/iPJ3f/yet55289X5TdzeWM6u6YFsmxnI7kkBNE32oXWaP+3T/Gif6kuH2O+c5EX3xD5tH+nD3sVhfH9/Ev/z4RyOLy9R0FfPxAwbPT2MjQ1Vbn7pCjYfZIjZQAM05tbKGWxqYomF6SBs7GzRN7NBTxy3kOGeB+lhZmiKhZULVhImm5iLPo0x0jfDztGGxxcW88+PZ/H3dxZzfUkKR6dH0Tk3mi8uTOSvnizk26c7eXDjLDfufcb7733Lmx/+lofvfsqzh+f4zYOd/D+Pl/GrzjoOzAhUALh3TZ4CwH96Oo+3e6bhaqaPnZ0XNtrXA+D+/L8yBLQEwP8pDuCcne9gau/5Wuj4U0VNOvifBiDjZncxUN/glWsaWYo/BBaffe05/7crY8PDV+5Hyj48h7y9H732HB0A1kknnXTSSSeddNJJJ5100kknnXTS6f9WpUV4kxrupZQR5atCK6dH+pAY7Easv5MCrrHBnkJeRPp5KEUFiGMhriRFuZMcEUR8qI+ocyc+yIvkMF9i/FyJ9Jbw14ukcFfig51JCHEjMdSTGH83gt3sCPVwIjZA9OnjphTgbIuXvTVB7o74u9njZmuh5Ki1wNbKBA9HDV6yjaMWF40F7nbWuNpYEORmQ6CzFSFu1goeS2dspKcNUR42xPpoSQyyVZBYgskwT9He1Uxcw5xgd0sCXMwIdu07N9TdhnAvGzEWLVG+tkT79Sncy0Up0seFGF85J27E+bqS4C/uPchDQU7p0JXXUDD6R7duUrCDuqYEpBKMSoibFu4k5CDaOJIT60ZBkocCxIWJXhQkeCpInRZmr0Brrjguy+xoF/Li3MmNkSF33RR8lU5eqaxIdzKC7V4qM8SeLHEdKQkfk/2siffRKHdwtoTfoaLvcHvRj4PoR0N6mA35Ua7kRjiTI8YmJbd/th/jRGG8u3Jay1IBdSHpVpWO4TRRZka4KKWGiGceZKfq5DilcqNdxXmeyhEt71XeU5a4p8Ikb/LixT1FeJKX5EVWehh7du3m6aO7nO3ZxOX2OdxondcHXtuWKvh6v"
36541 [Forwarding screenshot on session b1310904-d161-49ca-a1a6-530fba7baea8 to remote] DEBUG org.apache.http.wire  - http-outgoing-101 << "WsuN46uUA7gOyc30XVgKPvX5rJjZRCnD0/h8KYsmrbkcOrwRLYs8+HI9mIudyxXatk2hA2Lg+huLKBxSxlNm4fRvW8cW+cn0rSpjI79ozi4dbRyl17p3MLtrpXcbpvyEgDf6ZJhqP8FAJfHu1Ih7mFkcQTjKqMZXxXF0DxfBYAr0zzIDNUqB3Cstz2RzuYqn2x2oA15IRqK45yVQ1g6gKNcTcSzslfPL8lHtrMgJ6QPFOeGWjM4yZ2icC0FoTYqRLSEwLUpbsr1WxZtS3GkHdUJTgxNdmR4qj3jclyVA3hcsTcTygIYVxLAqAIfhma6Kgg8PNeTugwXRhf6KgAsIa90/koILJ2/UtIRPHNIvKobXxTOxBJxrDhUAWDpCq5KdqFErIvyODGGKCeKxVqVDuDy/AguHzumAPDdrrE8PDKV+53Tudsxi1utMxUA3r88nqa1iRzdUcyNjil0bSrk9K4anh6bysUDZRzdIo9lceLAMJ6c28SLjgm8c3IBT48v59m5nSr087Mbrbxxq4Un1w/x5GYbT6+3qXD0z2/28PjykZcA+O7ZHdw7tYm7J9aL57lajGPZSwD8tH0KT9vEGBvLePPIWDaMi2H++EjOt43hRfdE3jk2hc8frOb754v54ekiProykY+uTefT+8v46vk2vn77IP/1i5P88MZe3uldxJ3do7i7bzwX947iyPoqGtdX0Li2nD1Lati7pIqd8/LZMSeDPfNT2To9XIWAPrgg+iUAPt44k9aOmQoAH9s9U4xzPo+OreJBzypx73N5+8Q43myv460jQ7mwIZvuFXEcWx+j8rz2rkng2DIJgON5vCdfOYC/OFrBBy3ZtK0spHfrEM7vGMHFnWO4dXAKD5um86RlKm8dncn7pxfz0bklfHxR6Py8PgB8biYfS/fvyQm83VTRB4B7yhQA/vp0Kb8+V833p4fw/al6BYB/Ja71TlsJVyWQXhNOz/JgLm5O4vb+XOUA/lCM+a19NRyf6cs7h9P4pCONj1tT+aQ1R+UA/rClSFyjmLfbh/C4sZwr29I4Mt+T48v9OLbEhxPLg7i2K5MHh8t5p7uBt9qq+fBotRhTFV8cE2M41sA3p0bz+ckR/KpnGI8OFtG7Ipqji8O4taeUZ82FPN2XwZGxzrzYksFH+5N5e1c0N5YEcHJ+ON3TPbi3KoQ3t0TybEM4t5aF0DHJndaJftxYFMUjsV6frovm6cZs9k0tZnRNCXX50UzPt2N2piMzC1zpmBHDhbXVrJw+mhXjqrm8IpfryyJ5tC6DaysSaJnmz57J0QxLtGN4uj81iW7UpDixc0wyh8dncHhsKl1zi+hcUkLronzaFuRwYkkhPYvz6Vicy+EFGRxYmEHrygLx3MvpWVHEkdnpdK1Jpmd1hrjfLC4sy+Hy4gwuLIlVbuzulT40bbOneaOWjtk2nBDfxMb1DvSsMuXSImeu7S7hq/fO8smLXn735V34H98B/wX+1x/gf8rQz//AP/7xe7798hE/vDjFH67u4fz8PLaM8GTnJG8OTfalcawHLZO8aJ4m+p7qzcGpHhya5knjNHcOTXHlwHgvMW5/vrszmj/dmcSplcU/On/NMNczxNjUhIGDDISMMDG0wHSQqYK7AwYMYKCxvtjWQ2tnyyBTawYYS1etFaaGRipvsL6+OSaiL0NrDeaWFlhammPmYMZ1sZ7/cHuKuN4Szi2M5+D4AI7MjeGT05P5u2er+fb2Flo3LWHtkq08fvAW73z0Le98+hlvPjnDN/e38o/PVoi1P5ymBeEKAJ9cncvfPl7Nn57O5d3jM/CwNEKr9cBGa/kz8CslYfBPAbC5tbYPAJe2/47/SEVNPoi+sdlroeNP5ZI8mMLDX762j3+v/jwAtiVp8dnXnvN/u7K2PMHA1OqVe3KKK6XgwCevPSdywp8HwMFDV1Ha9tvXnqeTTjrppJNOOumkk0466aSTTjrppJNO/9mKD/MlMsCdEG8ngjwdCHC3w8vRCletKU7WRmjNDbGzMBUyQ2tqhsbUGK2ZMfZWRjhpjXCwssDGxAhLw0HYimN2ZiZojfVxtpKg1ZlAd1u8HCxx1ZjgYi36tDTF3swIR9Gfu9YGP2dHfBzt1baHnRYfJwecNVZYGemrPmVISGP9QWgsLbC1tMTc0BATvQFYG4kxWFiK8yyUfJysCXG3J9jNliAXmZ/WmczoANKjpNPXR4WMjvS1JcTDiggfOyL8HQj1sSVM3HOEuPdIH2dx3FEpwseBKD8H5UBODAsiLtiXBKHksAAhP5JDfEmPDCAvIZzitFAKU4KVCpKDyE3wJzvOl8wYb9IiPciKkqGWfShI9FOldBnnxHpQnOJLZVYwg3PDXjqKy9MDFAiWwFfCUrkvwWtpsnQ2e1EQJ/qLcCIz3FkBXRmiOS/KiZwIBxU2uCjOjdJET4rj3cmPlpDRnhR/G4rE9SqS/SgTfVSkeCuVJLiK9s4UxbhSEOVMYbSLAnlScjs/0knVyzy+pYkeSjKvb/+1JBzODnMUY3EkP9ad4kRvihK8FOyVpdyXkucUxDhTlSbuJ81HAeWSFC/qCsKozg6kKN6PwlRv8jLD2Ld3N08f3KG3fS3nW2ZxvWUuN9sXKAAsHcA3js5TAPjBqf1c6VzF/o1F7FuTxYbFrrRubmDf2lSO7iunad0YdqyIZO+KSk41Tadz91gObazk4KZ89m/I5XTrWPavKxMqoXFtJbvXRLJ9XTyn21fzxvUT3Du7jls9M3h6bLUK/ywBsMoFfHQZj09vUiGgZW5eOXcVKTLssy9D8/woT3GmLNmZ0iSXvnzHYu5jvcRadDcjJ9iWwnA7coOtyAvTkh5sQ3KgNemBWuWglTC5NNZVgVWZ77coUqM0WDzP8hhHykRdaVRfXuCyaDtqEsWcxjuq/MCDk1yp+xEAj812YXSuGyNkvt9CH+X2rU13pjrZXkFguT041fEVACwdwCo3dFm4cv/K0NAKCBdHML4olPHFQX0AONeb6hRXcV1nysU6Kwy1V6GwkyLMKcuL5HLPCR6c3su9oxN43D6dO20Tudc5kzvtM2lemcvh1ckqDHTHlhKutk5V+YDP7B7MnSNjOLe3mKNbkunclsGpQyNVLuEXnWN57+QcnhxbwpMzW3lxrYk3brQqCPzo6iEe3zjCoystPL3WoSTz/z64eJAHF/ZwR7S/27uR28fWckuslzvtSxUAftoxlydtk3ncOlpct4q7B2tpnJ/GvhVZ9Owt470zU3nz5DSO76/n4OwSru+dxg/3D/HF4318/GyXuP4qPru3iTePzeXpmQVijUxV4ZVlaOVzu0fQvqlKrMca9q8uYf+KwexbXs3uBflsn5PKthlRrJ/gy9bJXjQu6gsB3Q+AW9pnsGLREuUA7gfAD8Ua/CkAfrutgcubCzgu5vHo6mh61yfQsyqWkysTuLAmlUe7C/hVRxWfd5Xy+dECutYV0r2+nDMyNPDuSVzfNYlbeybysHESz9um8/bpxbx/ZikfnFnEB6fm8EHvDH51epqCZR/3jlehll8cLuDTY+V89SMA/s2lIfz2fD2/OTucz08M5qOucpWT986uNE6vDqNzsT/Xd2bwqLmED9tqFAC+sjyVtgkufNiarQDwp23pfNaWxydthXzYXMyLQ6KPjhE8aapRALhjsTvHV7hzYrmHUABXdqRzv7GG93rG/AiAK/n8ZPlLAPx176iXAPjxoWIFgLsWhfLocB3vdVaL/nPpHOfKiy1p/OpgHO/tCePmUk96RZueGa7cWRPIm1tDebYxkBviep1TxDdlsjdX5gbxdH0ML9aH8mRdHPunpDN1aDFjS2OZnadhSpINE9K1dM9JoHdZCUsm1TNvWD7nFmfwYH0Sd1clcGlpJE3T/Ng7I5HRGZ6MzgqlVrzXw9PcubVyCOcWlHBifiFn11Rydn0VF9dVc21dlThWwbP1Q7i3vppLa8s4taaY8xsruLOtlqfb6nm+sY4b6wu5vKmIc1tLhIq4vKOAS2KuejaHc3C1G/sX6NG42oTj65zo3hTAjnUa2lcbcWKhBW3rQ/j+/WP8zZeX+a9fXOO3H17irz67w99984z/9vUb/O1Xz/nmrdN8d"
36541 [Forwarding screenshot on session b1310904-d161-49ca-a1a6-530fba7baea8 to remote] DEBUG org.apache.http.wire  - http-outgoing-101 << "r+T3zxo58vzW+kW97h7Sji7xor1O9qNpgk+NE70pXl6II0z/Dk43ZeDs3w5NFvc7zRPDo1xoXl+AL+7N5m/fzSdU1sqMNDXQ8/QGD0DIwYOHIjeIH309MX2IGMG6eljMEDUGYg2lgMwEW0lSJUhofUMzUU7UwYMNMTczBpDA1MsB8nzDDAWfyeYChlq9LlycTl/uDOd/35b/GZsyKFpajCNs8P58ORo/un5Kv7q7mrO7JzEwTUzeefuWb759Ck/fPWET5+18v09CXqX8emJETTPC6N9ZgDHV2bzN49X8I9P5PsxE28bEzQaV6w14m+fXwBgCX9l+Gfl/jUzw8LSGo3W7j8eAHsXTkZvwIDXQsefSt/EkrQ1N1/bx79X//8KgOWc/fKe/hIAjhi365X2/QocskwHgHXSSSeddNJJJ5100kknnXTSSSeddPo/Jm8XLW72ljhrzXCxNcdJY6rgrp2lIQ7Wxtiam2BlZIClgTE2xmaqNNcfqMCwq50FdlZW2JqZi3Z9kNhGtJUg2NfJgegAP0I8nfF3sRP7WgJcHcW+K8EeLmrb18lOwV/ZNsDVmQg/H2KCAgjwcFUQ2N7SDAsTcV0Lc6zNzbA2NcXSWI7DBCdrGwI9PJVL2MPeikA3ByL93Yj2c1NANzbAnczoILKjvcmL81MgODbAQbl7E0PdSY30Jjnck/hADxKCPEkMlqU7cQGuyvkcH+iiXNCybVyQi5ATSTK8dVifZChjCXULEwOVipKCVJkb66ugrzyeHu7+Mry2lHTxSknIW5rqp3IRy9zAMj+xzGFclxemtosTPalI81M5ietyAhmc6acAalmSpwK7fTli+yCshKsyX2xelKOCtbJdf1uZQzZftKtM9qZG9FeV4sOQjADqsgOoSfehMsWTwam+VMvj4lituPYQ2S7Ji0oxBlk3vCBU5VIeKsYhz+1XTZo/5YleCgzL3MvDCyMYURRJfV4otdlBKoexHENFshulCc7iel4KlEp3bF1+IGMqoxlWFMKQzBCqc4Mozoui8cB+3nh0h1Md67jYMlvljpU5gGUIaAlf+0NAPzpzkPOtS9mwKJlDm1I5vm8ya+Z6qBDQMhz04Y35nDu4ifZto9m9JlO0KWHfmiouti2ldetYWrfX0rmvnK3Lozi+p4FDm2PYuiaaU20reH7zOLdPrebSkQnca1+i8rBKAHyve6nKQywB8MZZFQrUSnArcwDLe5K5fyUArkxzU/tZYbbKAZwcaEuyvyWFkfYqXHNBmHT2alR+57QQrQqlXCXWQ7WYx6oEV6rinZSztzxKy+AEBypjXVWe3VLxHKvEtSQMLo7Q/BgOWgJgMbeJLtQmOdGQ7MCoDCeGZzoxLNNFAWDp+B2S5qQAcH2Wm9quSXFQAFi6gyXwlZI5gKX68/9KjS4IZEJxGOMKgxlXFKjyBjfkeFGd4kJZnLj/GBdyAmzICLL9GQB+eGafeGZjedg6netNY7jbMYNbR6ZzYHE6B6Qbcn0qTWtz6dpSS+/Oas7vref45jJObs+ne2sKrRtSONM4msdnN/N25xje753N02MLeXRyA29cOcyza0cUBH50+TCPrjfz4FKjgsCPVfjnxh8B8G5un97CHXHOLwGwdAA/PjKJh80jedZcx7Ntg2kfE8f2kcF0LUvj91eX874Y78YRUazYNJaTR9fz4d1OlWv6d19c4LNPuvn9d6e40D2Ti2KdnG0RbRrHcEqofVstB9eUcmhdJTuWF7J9cT67lhSwfWEaG6dHsHqMJ2tGObJ/tj9nt6RzrnWuygHcD4CXL1xM987p3Gubq9znD49JB/AcFQJaAeAjw7mxvZxT67LoWhVHx9IQusQ6lq7g65vzebSriPdby/ikI59vewu4uLOQzuXpnFhTruDv1R2TuLxtHLf2TeD2AfGMuuby7Nh83jwxj3eOz+K9E9P4uHcqH5+cyMfHx/JmcwVvthTz6clKBYC/OlPKry8O5tcX6vn1+REKAH/QUcp7HWXc35upHMBdSwK4vTeHZ20VvNdSqUJAn5obTctYRz5uzxNKVQD4i44CPmnL573DBdzfkc3jg5Xc3lPIpS3JHF/lw9kNPuK+AuldFcgFUXdjbzFPW4fwYH8B77aX8PWZahUCWgLgr06O5LMTw1UI6H4HsATA17bU8OxQNc9259Pc4MKjNSm8tzued3aFc3uZH8fnRdA1xZOby0OV+/fxmlCuLg6ifYIXzRP8uDovmGcbo3m+LkAcC6dpWhqLxlYxc3AKiwrsWVTozuRsO84uy6B3WbH4zsxjzeTBnF2UzsMNySp09OUVMRyc4s/OGcmMyvQRCqEhyZ1JeZ6c3lZO94ZCjm8vo2dzMcfW5HB+fRE3N1dwZW0Rl+dlcG15Pre3VnF3Ty23tlVxfXURd5YV8FRc743FJTzaUK3y/l7YWsYtoWeir9vr0zixIIj3ZodwfVkg+8Y5MKfcktXjXTizyJfTc715cnkSv//8Dv/zbz7kf/3tr/iHX78r9D5/8/W7/ObDZ0LP+f1vr/BfvjzH33xxnr/6+jRfvt/EuxeX0Ds7ke6h3uK9CeFIgz/dw4M4NSqE0yOCOT8mlAsTIjg1JpimEa6cmBfDX1+dw99dm8WllRX46+thM9AAKwN9HPT0sDUchMbUCFsTI7wsLPGxscJOY4KeqR5mRsbqP3+ZGRliZGTCQENRP8gYYxMLsW+Eib6ZCh+d5KRPtrcFDvb6nD+5kP/2aA7/dGseZxcncHCiLwdmBPDByQb++Y0F/P2juXwnjn31YA2fXF/Lr5/v43dvH+CH+2v4uwdL4flqvu4R7/LUUNpmiHsT788fHi7jH5/O4uOzc/EXf/dYWztjrTV/CX77nb8vc/+amSmZW1hho7FFr6zjt/xHyim2+LXA8XVSLtT2X7+2n3+P4ud0/lkAnLzkzGvP+b9dOdufYWD6KgB2ji+j8OAnrz0nYe5RNP7xaAIS0AYkKsltWRc95SBl7b957Xk66aSTTjrppJNOOumkk0466aSTTjrp9J+tIE8n/FztlALcHfBx1iqo6qIxU2BVhlq2NzcVMhOywFLfQDlt7MwN8Ha2wsvJHnd7Lb7Syetsh5vGUoVyDvdxIz7IR7lyg1xt8XeyIdBFS6hHn+M21MOeAGcbcUyWtuKYnYLFYd6uaiz9Y7CzNleyMTHE0dripUvY016c4+YirmuNv6uGcF9nUiN9yYgJICnEXYWDDvfUKpeszGWcIUNRy5y1PlqVq1jC3MQQFxIDnUgOdhFyVkqSoDfYQYVzlqGcs+I8yIx1VSGbZcji/Hg3ChLcKU72pCLdl5Jkf1EGq7y//SpLDVT1pSkBVKUGUZnir1SdFkhtdjANBRGMLo1hbHkcI4vCGZYXzOiSSCZWxatS7kvwKo815AeJ/UCGZPooaDs4w1fB3GoJboX6AWtxnCPlSa6qXX1uALVZvuLa0v3pzfDcYIZm+lOV5MGQNHE8K4C6DD9xTLQRdTKccWWiO4NTvakW96Xy2wrJY/VZfuL8QNHe5+U5EgxLaFwc7azAsBzz5JpEpXHlMWLMIeLaXhTFOonrSZjsKsbtre5D5ssdVhBEQ2Ewg7N8FCweUhhIZXEsrY0Hefvpfc52rOdiy1zuHFmsQkDfleGYjy7jcttMrnUu443zjVzuWMnmpWkcWJ9B88YGdq2KZu+Kcg6sGkrHzlpudRzk7OEl7FiVyD7R5kzLdG4f28vF1o1sXpTFgc3J7NsUx96VcRzamMm+zYXsWFfJ2/fbuN69lZsdy5Vz9WHPSiUJgPsdwJvnVKl5GpIh5kXc//CiEEaVhqoQ0MMKAqjPD1TO57RArXJoZ4XaqFDNJZFaBW6lw1fm+E0P1lAgSgl1JdwdkuBCXbIrNbF2VMXYqLDOJRFO5AZaq3Y1CeJ5poh1J+ZVQmClSAcq45wZEu/AsCR7RqY7MjzdmYYsd8aVBCmXr3QBS/fvyHxvFf5ZOoBlWGipn7p+JQCWbmDpCpYameevAPAYcT/jivx/BMAeVEmXc6yjgto5ARrlYk6OtKA0N4pL3Se537uPa82juHN4ErdaJ6lcyrePzGLfwnT2LYujbVMazeuzOLyqgDsdE"
36541 [Forwarding screenshot on session b1310904-d161-49ca-a1a6-530fba7baea8 to remote] DEBUG org.apache.http.wire  - http-outgoing-101 << "8SxCXSuLeD0riJO7clVAPjUodHcPbGWt7tG8uGpmTzpmcf9Y2t5fG4fjy818fRqHwB+cLWR+xcPKwD85NoRHl6UAHh/HwA+s0kB4DvH1/0sBPTjttk8ap2oAPCXh0dxa1wKOyNt2ZLhyq4KH/YWudNSFsq7G2fw60+7+eGdTtZMzqQowYYDOyby7Tsn+OOT4/zx5D4eNU7nWuNUug+Moe3gKA5trRVrqlSsw0r2LC9jk7jnDXOTWT8zls3Totg0KZjtEwM4PCeS46vSXguAj+6Yxp3W2eo/Hzw8voInx2YrB/CLtlreaRvBnd2DObepgM4V8aIfb7qWRHF9ewm3t5XzcGcp7zaX8Ku2bL4/k88bLQWcWBFL+7xETqys4cTaBs5sHsOV/ZO4cnCcmHsxF0fn8eLYPN46MYv3jk/lg2MTeb9rBG8fqRWqFirls94qvjpXqQDwt+eq+O5sLT+c63MAv99eogCwdADLHMAyBPSNXZk8PVIuxlLBp6Kv4zPDfwaAP2vP4MvOQj5pz+HtQ2lcWRfJ1a1JKv/vxS1xnN8cztXt4dzYHsu5deFc2JIk6tO4viuHq1tSeLOlkG/O1PHViQaVA1g6gCUA/vDoUAWA+3MAX9pQwYvGwby1v4y2Ud48WpXOu9sTeHtbNLcWBdEzM4rOST7cWR7Nm5sTeLYujltLomkf70/zuGCuLork8fpYcZ4vD1aG0DQzjaUTBjO9KpW5GRqmp2kVAD6xIIkzK8to37WKHfNHcnpBMndWx/DmljyurEhk5wQ/NkyIV+93g/h+j8v0ZM2wCFqWptCxTNz/5jJuLc3n3vR0nk/N5o3pOdwYl0hHjhenK8O5OSaduxOyuVQTTWeSC0dCrDkqvh+Xxe/c5Vgvzqf5czHJm4exPryfFMRb4vfnZpwrR8V3e36CGUOC9MmxM6DBU0N3oi93s0P5ftcC+OI6/+ujy/zjW2f526e9fHbhMGc3zWTf1MEcnFHP5y8O84f7TfzT7Wb+9LyDf3yjjd+3LeVGeRQ3swM4Oy6DY+XhnBffwfvid/BhvC8Po724K35zr4pv12nxzpxPcueDujQ+H5rK88w4tujbscEqgJWOPuyzCWKd1oeZFvZMMbBgubUbK8X+JGvxm61ngpGhOZaG+piJvznk3x2mBgMxNjHrcw0PlAZYA+wN9NgzOIHD1YkkuZrT2zhJjHM+f3dzisq/rHIULwzn09Nj+e9PF/JPj2bzj8/n8ffvLeYf3lim9HdPhB4s5H89WwnP1vN1x3iOTY1RALhraSp//WCxeOdnivmZT5CjJZaW9goA94Pfn8Lffvdvv2Sb/1AAnL/vAyzdQ16BlH9OLolVFDd/9dq+/jWVHvlegc/Cgx9TeOhTSlq/fXksfnbH/5UAuLTtB6XXHfvXlL/3vdcCYDmHJa3fvfac4qYvyd76hOxtT8nZ/saPeqbqCg9/+tpzdNJJJ5100kknnXTSSSeddNJJJ5100un/C/k62+DtaIWfi4ZAdzu1L8M1u2lN1XaQhx0eduYq366LteWP4ZuN8HGyINhLo86T7WWYZwl4vUVbf9FfuKcdoe5aor0ciPVxIsbHnggPjZA10d5aYn1tFYxNCXEnzs+RSE+tysMr8/EGuVkR6Cr6E/Jz1eJhL/MBmxHu66JyDcswzDH+7oR7ORH2Y97ehGAnFeq5ODmYwiR/sqM8VJ7c0ngvJRkGOS/STYVPzgxzVXlxZQ5dmQO3INpNSbprpaSrVrpni+PdKErypizFj4q0AOXKrUztc9hK+CodtRXSOZsdzJCsIKVh+eFqvzrdX5X1om5opgSoAQrCSvjakBPEiLwgRub3hd8dlR/A+JJQlXu134UpJeuG5vgqVaa4KsA7NEf0kRtEbZa/AsW1Wd7UpHtQluhESbwD1Wnuot7/5TmDxX5Drh+1GRLsOilJ2FuR4KbK6kQ3KuKcqYx3YXCyBzVJ7pTJkMNCclueO0aMsSFHjl/CXw91rgTJEoJKAC3HNKY0gvEV0UqjS8JVnQTQNUmeP4JkmY82SrSLUuOXoZNlGOohmWJsRQFUlcTQeng/bz25x7nODVxqnsvt5oUKAN/pXKFCQPc7gJ+dO8z17rXsXV/A/jUFbFoUzNnmiWxaGEXb9iouH1nO9aMLOLFnCduXZ7JteQInDo/lfPM6rnZuYv/6QvZuSKDncBV7VsTTsi2Pwzsq2Lamkue3W7natY3rbSsVtJTwV4bivd+z7CUA3jK3WsyDF3UyhLcYf12ueCb5/gzJ9qKhsA8Iy/UjczIXxjqJNWZLaYwdxRE2lEZp1Xznhvflay4IsqIy2p7B8RLiOlGf7MKwJEfq4rXUJ4pzZIjtYNs+UCzWpswd2geAbVU46MJwB7Vfm+BMQ7ITI9OcGZbqyLBMN8aXBjO5MlTl/pXuX+n6lSBYAmAJg4dlu6s11p8DWIaBluB3TGGQqpMOYBn+eZS4v7GFfuL5+alzKpPE9cWYpZM5y8+aFF8NiWEWFGWFc77zGPdO7uVK4wjuNk7ldutM7nUsUJI5gA+siKNT5njdlMXBlZlcPjySSwdG0rEmn7O7yzh3oJDjuws52zSOJ+e28FZXAx+cmsaTbrEeZCjuk9u4f+4gjy83K9h77/IhBYAfX21VuYAfXZIhoPeLY7u4c3azCgEtcwDfFevlXudy7rcv4qEY08OWCTxoGsHXYl1cHprA/jgfDpSJNTGthPb6JHam+tNWnkZPeTzHqtOYH+bAgvxQxiS401qbzYuCHP5LXDrPZtbyaMN4ereP5uDmenatqWbX0gp2L6lg87xC1s3JYMWUBJaMjWTV6CjWjohkzdBg1g8NYXtDJKebZnH20BSOHZ7xCgBW4cfFunt4dAZvHhvDG60SyI7k3t46LmwR41wmxj3DnY5FEdwU6/f2tkoFgN9rKeWjtgy+PZ3J5yfyebQ3hd6lCbTOyaRlQTlHltfSsbGeY7tHcmbPBDH/E7l+eAK3Do3m/qEGHh8ewpMDleK8El40V/CssYBPTlTw9fkqvj5bxjdnK/n69GAFgGUO4Pfainm/s5zrWxOVA/jEqjCVA/jeoQLlAJYAuHtaCE2j7fnoSA6fdWXweUcmX3UV8VlnFu80JnFhjTfnNgRwen0wl7fHcn13Ijd3JnFjewLXtiVybXcKpzdEcmajdDtHK1fyV71DFQD+6sQIlQNYAuAPuuqUQ1gC4OPLo7i8IY/njaW8dTCf9lFuPF6TzPu7EnlvZwx3l4bSNT2UtvGe3FoazvONMTxbH8PNJRG0j/dTAPjUrEjl5H2+OYrH66PZNS6esRVZjMqJY36miwLAK+qCaZwQRPeCXBZNrGXZ2FJOzU/i6ZZUHqzM4NzCBLaO9mfN2HiqxXs6PN2b+VWi/fJCusQzOTRMzFlNJNfSA3gnLoQPwgN5EOjJCfFb2Kux46KjK3fcfHjg4sNDG3EPZk68ZerChxaevDC254W1C+/Ze/GN1pffW/vxjV0gDz0COR7oxwRnI4YGm7CwLIkFJWU0+IezJyCIh3GxfFBfy725JTxdPlhoCDdml3Bmci7Hx2fQVBvDpjxv7kwp48uGcv6quoxvGyp4f2w57w0v4WZODA9qMhV43RzjTov4Lb7tIcZj78HbWnfecfDgmYMbbztoeWLuxH1jZ+6Z2fJAbN808eGSi5hjHy/2+AaxPsyXWWF2jPMyYpK7GXUaM9I1NjhIyKtnosI7+5vr4WOsp0Cw/iA9BhkZM9DQAD19Q7zN9DheHkKn+IbWir8ZbrXM4J/fms8f7ozn8dpUWiZ6cnhaABfXZXF/m7jfnSXc253Ltb1ZPNxXxJ2d2UoP9uTx9EA5zw4M5ub6ErE24mmb4UvH4kT+6v4iBYC/uLSQUBcbzM1tFQDuh76vA79SpjJqiWjzHwqAI8btZJC0Qv8EUA4Qk/U6GCtl6RZMwYFfvbavPycJfcNHbcE5oQL78Gzsw7Kwj8jBKbaEsJGbFPRMWXZeXNPwlev9WwBw5oa7yjkbN7ONuFlCokycf4zsrY9f2/5fU/LSs/iVzcItrQ6XpGol15Qh+JXPInHhideeI5Wx7pZq45k7Bp+iyer8192TmYM3HtkjR"
36541 [Forwarding screenshot on session b1310904-d161-49ca-a1a6-530fba7baea8 to remote] DEBUG org.apache.http.wire  - http-outgoing-101 << "ZspeOWNI6B6IcXNX6s+UpZfUNeS57qlDf1RYju1loT5PaqNhMfRkw+o63gXTHgpz5zRYq5OvxxP+prrBA1Zintmg5JH1ggCaxaRuvLyyzY66aSTTjrppJNOOumkk0466aSTTjrp9G9VSrg/iSE+SgnB3gqq+jlaE+CsIcrXlRAPGzy1prhaGeFmbYqPvaWodyE53J2EUGfCvOxwsRqEu8aQYFcrglwsCXOzJMbHlnB3K9JC3CiIC6A8LYzSlBAKE/woSvRV7lipzAgJal1JCnRUzlyp+CBHpdgAe5IifAjy0OLvbKny8/o5mBPmYavgsp+tqWhnT3KIPalhjkoZEY7kyLy2cfK6bhRGOlIU6UxpjBul8R4KBhfHeVIS70N5kj9lidJB6yr2XUR9n5NWSsLU0gRHIencDWVIZgQ1qcFUpwQxWIy7OsmP8ri+UMkS8srwyTKcckNOiIK9sl7W1aX4UJ/mx7AMX6WGTD+GZ/kyKjeAMflBTCoOZly+PxOLgphRGcn0igimlYcrTS4JYbSol6pJdaNcjGdYtr+SdOtKoDy6JJThBYEvIbAsRxQG0ZAvxpjmToV0hmZ5C/mIMbso+Fge60JZTF9ZLe5dAkTpIh2c5K72Za5ZmXNWwsZR+YFMLItgRK4/taleyr0qXadD0/1oyAqkTPQ/RFxzeJ4Yi4SHEhyKcliOrxpzdaKXOM+PMUVRzKxNV2rIC6NczE9pvLuCwQ2lIQwuj+dI4wEFgC8c3cT19kXcb1uqcgDfOLLkZzmAH53az9Wu1RzeWsae1SnsX58gymR2rYpl75pUzrVM4WLbDA6sGsaR7SPpbWlg27IMzjQt4sSB2exbn8Xe9SlsW5pN8/pyDm+JVTmAjx5cwuPLx7l3ZjPXO+bwqHNjnwuzZyUPji3nbs+KlyGgpUO6MtmHYfkhys0snb8/BcCFYm6lAzg3SkthjC2V4tmVRFkrCCzhugzNLf/TQVmEVjl/a2IdKAm1oCrSiqEJtjQk2QvZUhblQnm0WJ8RThSG9oHgonAtJZF26jkVifUu3cNDk1wZkeqiAHBdkh11opQ5eyeWy/+E4CbWorOCvrKUIaBlaGjpBpaQV/4HBAl85X86kPBXQuD+/4AwXrqb83wVAB5fKteeBMAOFEVryQ62JsPHkgRPS+KCTclPD+Fse/dLB/CDlhlcPTiNa4fncOfIAlpWFioA3LY5keYNyexdlkj7uiK61pfRtiqXE1sL6N2dQ+++Ek4ekDmAd6iwx+/3TuVR10xutS/hZs8mbp/ay6OLjTy8cJi7l/Zz/+JBnlyTeYHbfwaA757bogDwvZMbuH9sPfe7VigALMf1oHm8AsDPDw7nUFkwe3Kj2VqbxZoRaewZnUljfSZbC+LJEN++EnsNk2MiWFCSwYKaZEps9VjrqMc5ZxM6vBy5XJtLx6xyVk1OZ97YBBaPTWLRqCQmVQUzabB4x6sCmVwRwBQJ0cUzmpDowmKxbrbVZXDy0HROH5hEjyib26a/BMB3j8xRAFjmnr7fOYXn3aN41jKEt1pHKAB8cYuYs6XxPwPAt7ZW8GB7KR8cKeejtjS+OpnKr09n8t2pUh7vKeTowmwOzy1h24wC1k7LYOviQvYvKqFxaSktS4tpX5ar8p1e3JjDrW353Nmex6P9hSq08wc9JXxzoZqvz1e8BMC/uTSKL3trXwLgSxtiOLUqlJOrwzm1JprruzN5v7WKTzqH0zUliEMjtHzQksUX3Vl82ZWtAPCXPVmiTQIX1rpydoMHp9Z7c21XHHf2p3NzZxrXtiRxZ086dw5m0LsuhBNrgriwIVLMQwmfH6/n65PDhUby7ekxCgC/31mrAPBplRc5hqtb0nnenMOLfak0N9hwf2Uk7+6UCufO0gC6Z4bQPtGVG0sCeLo+jMdrQ7i5JITOSV4cmRTAxUUpPNiYzpONETxcH8feSalMqilmXEEqC3N9eHxwOncOT2HbUCcOToqhvjCRlRMquLgsk9uronm6toBrK3LYNzWaDWJ9VCY4KRfwgkpfTou137txOGtKAljta8UhcyMe27jytsaTW5aOdJqYs87Mlp3WLjSJuk4LT86Y+3DNMpA7FkHcNvHnmYU7D42deMPAic8MvPjY0IdeYxemaW1I8TRjV4IPW3L9WJDoR46nK1ozPQo9jdgkvvP7xXe9rTqenvo0zk0s4czEMnrGFdIl1DQ8hy0l0VwI9eE9Wxe+NXHkfWdXbscF8XR4MafHFbNnciGrRmQxT/yebnd15JKDN0/NPXhh4Mobpq48MnPhmYEZb5r6ctc0iIsaL47aONHm6ss6PxdGBQ9krokBG8X5h8ck0zo5lZ3V4dR7i78hrI0ZINnbQEscTY1Y3lDI8mFZeIrx64t6Y3MzcUzmCjYgydWUqyW+NIp3cqanLU9bZvG3DyfzhwfjeLwqgaZRTrRMD+bQxHB21gbQODyMncO82DrSje0jxdiHO7N7jBt7x3mwebiLqPfiwOQIjsxK4sh0H9oXJfwIgKfz1ZXFhLlqXgLgfvD7OvgrZWxsrNroVXT+jv8oyXDEvwSUNt5Rr62X0jc2I2vjvdf29Tplrr+NfWgmg4xMX9ufhM8SBIcOW42+ibi5XxyXADhl6dnX9h0+ajMOkblYuARgbOOo2hpZ2anSWCwOK/cQnONKiZ6077Xn/1L5u9/Bp3ASpnbur4yjXyYaZ9zT6yk69Mkr58dMOfRn7/MvSY65v7/IcTtf20YquHaZalPS9CUuCeWvbSPnpLzjN/iVzsDcyYcBAwe90sbM0Zuo8bt+NnaddNJJJ5100kknnXTSSSeddNJJJ510+teUH+VJepAjcd5a0mVu3GB35caN9XchNdxHuXp9HazwtrPAx86cKB9n0kK9latXuntj/O1ws9bDUzuQKN8+J25KuBsZ0V5qOzvSleJEX8pTAylK8KEgzouSJD9Kk/3Vfl60D2nBLsR6aYh0syLK3Zo4L3sSfMSYRCkdwK7SjeyiUSGptaaDcLI2U6GppaLdXMmNDCI7wpOEAGsSA61IChb3EuFKfnwARRIEx7hQkxGg3LqlMrftj9slCR6UJ/lSmuCtoLB0CUuVxHupkM2DM4KpSw9miBh7jRhvdWKAUlVCIGUxvhRHinbJfgxOD6ImLVCUAcoVKnPkSnewDNU8TDpcU72U01ZKbsu64dkBNGT5K3g6qjCIiTIUr9CE8gimVMcwa2gSc4alMKUymvElYQzPEddJcaMq0VmVDdm+jCkMViF8pXNzRK4f9ZleSnJbwjtZViW5KdeuBMbSiVsqc8pGOyuVRLuKMYm6aCcFg4ekeKv9wnA7Jbldl+YrxhugJI/Ldv1th2cHqfDO1cnuyh0sQ0VLp7AMOy0lQbUMBS0hu3QryxDRMly0zD1ckeyhXMyV2YFUp/tQnhXO/sZ9PHxymwtdG7nesYCr0v3btppbbYu4e3QRNzuXcLt7DW9d3cv17nmsnRtL46Y8evaOYuuSGE4eHEPTxhoObcihacMwDq4r4krrFi42bufIlmFsW1hE44ZK2mWo4cMT2bo4maN7KzmwqZgNK1I5fXQZHzy4yb1T+7jSNo0HHSt53L2SB+K6dzsXq3ysD0+tY8vcSvHe2Cs3eH+obRniWuY5lmV1micF0XbkRWopjtJQGiMdwLYKxlcnOVMeZ6/25bYE6MViu1g6g8V2Xao7wzK8xPw6Ux0n+gi0JyfQgSRvDWkhDqSHO5AZoVX/OaE4xob8UBvKY+wZmu5GfYYzQ5JsqUuxZ2SGp5A3YwvlOvMUz89DSfZbl+aq6mQ5Qawh6fCVkqGeJQCWQHhUYSBjS0IUKJYaWxzIxPJQRhX4iXfCg7JYO7KDTEnxsybG04l4MbainBDOdrRz78QhbrRO4EHzWK4eHsuVQ5O52z6fgwsrOL17Iq1rqmhck0fL+lw6N2VyYns+x7fmcnxLIWd313Gnc64KAS7B7QcdM3mrfRJvnZjBrdaZYl2s4vG5A9w+vZ0HF7fy7HoT968c5vaVJu5eb+PhtU4eXm7mwYXDPLxwkPu9+7nVs5Prx9Zw48Qcbh4dyc2mITw5PJ5P2ldwc9dYZuR5M168u1NSg5ga7"
36541 [Forwarding screenshot on session b1310904-d161-49ca-a1a6-530fba7baea8 to remote] DEBUG org.apache.http.wire  - http-outgoing-101 << "8mKgjAmy7DtEe5EedhRlhBMlfwPIyF2DIm0Z3KmPxOzAijwNmapkzfbHDw54OzBCndH6gKcsDLRw8jaCj0DG+Ve9DAyIszMlFQnNwIsrHExHEBOmHhmqQ507R3P5YNTObFvKvsaF7B0+US6Ni7k+r5Z3O2dyaNjK3jSPYu3j41VDuAXzSO4v3cYl7ZXsH9OBAdmRNI4O5pz6/M4tSqVu3vyeetIKe91FvPZqXL++lghf3Umid+ei+LTligebUlhy8gQIjwMMLIYhJ6pLSam5jia65EVZMS2yeHc3p/NnUPR3D7gy+VNjjzcn8jHxxr48sxovrkwmN9eqeB3F6r5/dkGvjk9TIVjljqzKoxz6yI5tzGWnhUhXNqWxCdt5UJD6ZoWzo6h9nzYVsGX3YV83ZXFr4/m83l3CR925HNpbRCXNoVyfkMoV3fHcXpzGPdbcnjeVcilHdFc3BbDtd2J9K4L5dT6CB63FPPxmeF8cWKoGMNwvj7VwOcnG/iwazD3d+eIsUTRuzycSxsSVAjrFwfKONTgxq3l0by1I5T3d4Rzd0EwTVMC6J7ux9UFAby1IYrna8MVAG4d70bLtCCOiu031sbydI03DzeGsXd0CFOGpjOyJJj16RY8mxNMp/iet4rfvH35oQzJjmHJqHKuLC7i8cp03l2WyNPlObSMSaBpRiUN8S4Mj7NlabkXt7YO4aF4F84sy2VetjNT7W1pswvlurknd01duKDvQrGFOaOdHVlh78wWjSOb7B1ptHHhuIUbBzVu9Nh6ccDeg7UuHixy9WKWaDfBVstYDwcmRHpTH+rEyAjxzfawItJYjxgbK0YnxbJ9cB6tdWl0j8zmSF2KCp98cEgSB2tT2CPKnUMSlfaJ35muwjAuVyVztSGbk6NzaByZzu4hcewsi2BtYSQLUvyY6KNlgb2GJid3Ttt5cdLakeNaO7qc7DlnrqXTyo5dDmL8llqWu7oxIcSTXEt9asU9JHkOYO1wd/aOdWZ3uSvD3czRmBmgP0ByOSOy7C04MdSJU2UeDHcwwlG8U6YD7FUIaEs9C7JcLGkbHsWKAEvmuTvwcfMo/vRiNL+/NYp7qzPpGudDz5RAOib7cWisuM5oFw5N9GLvODcOi/LQBE8OjvdQpaxvmuJLy4wAWmcG0jMtiiML0vj+4VL++OZsvr44nzBbC8xN7TC0MsXMzARTU2NMTIxUKfd/WvcfDoCzNz3A3Mn3Z3BQun+Da5eTOK/7tfBQb8AABWtf198vVXTwY2yDkl/t4zUyNLdR1/5l/esAcNmR7/Avn42+sfkr7V8nAzMrXJNryNny6Gf9/FQSVEvw/dp7/qXEHDhG5r3SX9z0ZgzNrF9/zl+Qqa34Q+rQp6qP6Il7X9tGKqR+lWpT2vwVbsmDX9smYsxW9fwGGhi99ni/5DjDGtb9bPw66aSTTjrppJNOOumkk0466aSTTjrp9JdUFOtDTrgbKYFOZEV4kRzsRpCLtQrhHBfoQZino8rjK3P4etgYE+yqJSnQvS+ss3efazfaW0NKiAu5sb5kR3uTE+OjSnksI9SFAhmaOcGfvGgvFXpZ1qUEOhDrZf1jqSHC1YIYTxsS/RyI97EjWoaPFvJ3s8XOfJAKAe3rYvtjbmALBX99XezxtrYm1Nme9HAvCuK9yYqSDmBnBZdzIj1UDtbcSEcF6yT0LY53pyzJS8FfqcIYdyUZCjovUtxDhLNyZkooXJUaoFye5YkyjLRoHyddq2I7zuelqiQoTg+iWrStTvVTeWEHp/srACxLCXuHpvtQl+ZNfYavAr+jZM7ffOmslI5iV4ZmeTNCQTfp9g1mvMzJWhPLzLpEBYAnlUcyrlgCXX/qM72pS/dkaIaEvd4KDE8oDVfHhqS6U5Psqo6PLghiZN6/wNj+kM3l4v5LYlyUpCu6Is5VAd2qBHcGJ3tRGe+mHL5Ssl7CYXmsNtVHSUJheY6UrJchpSsSXFSuX5kvWIJguS0lt8uT5Nzai/mU4aulU9lHua1lfZ2Yi3KZm1iMVwLgA037efzsLhc7N3KjbT6X2xdwr3M1N4/IUNALuNGxmOsdK3h8divXjs5lx4oMDqwtpHlrdl/e1XU5nGoaxoHVVcoJfOrwBK607OBi60LOHFpM69Zq1Ua6g3csT6B7z0h2LEtSTuL2xiHs2TyCN+9c5tbxHVzrmMbDrhU8Pbaax93LuX90KQ9OrnwJgCXcLRfzJYGvDIMtoW9lirsqJQiWLvLCGHsGyzDcQlWJYh6lQzvZRbmBJeytTXMXa8ieslh7yuMc1PHaFDcFZuuSnRmc4EBlrDvFYk0meJkT621JSpCWrEh7MYdOlMTaURCmUaGgy2O14tloFQCuT3NkaJIzFWKMEvhWxkuY76BUEWcrnps9NUninRD148U6GSfBr9BYsS3h7/AcX5X/tx8AN+R4MbpQ5gAOVMfk/ciQ1tlBZqT6WIj31IGYQA0FWUEKAN89eYjrLeO50zSaK4fGqBy59zsX0rZqKGf2TKJrUx2HVuWwd2kyTavjObI2iZYVyZzcVqKA8b2uReo5v3FhL/ebxvDs6ETePT+Hu0dncaFJrIujG7l1dgf3ru/g8eU93Luwi3sX9/D42mGeXD3M4/O7edi7iScnN3CraypvXdjA42PruNk8n0dds3nn+Aw+6p3F1+eWsnlcIRkepiQ5WVLs70yxjy0FPloCtKbYmpuQajmA0dF+NIS4kWNnSK6zOWUhHpRHBZEZIL43FnqMtDdijocNcyJdGZcXgqvDAIwM9DDS08N4oD7ulpaEamwIt3XAfpAR5qI+KUCrYPrhPSM4tmcsPQemcqBxIfPnjqBt7Vwxd0u5eGSK+s8P99qm8LxrJI8bq3l6qJ4b22o4vaGQQ/MjOTA9lMOzIjixOp1TYs1LAPzscC4fHMnmu1PF/Pp0Ot9eKOT7m/Vc3Z/I4YXh7F1UTGl+KHpijIPMjdAbqIeDtR6zhqdyYucoWlZm0rwilvP7c7m9L4Jr28J5p62YHy408NWpMj47XsD3Z6r53YXhfHumgXdaihQAPrs6nIsbY7i8LYlTayO5vD35JQDunBrG9jo75U7+sqeIb45mKwD8SUcB77dkc31jCLe3RSsIfG17DKfWBXF9dzy39iVwblMYF7dGcnNvMle2x3NtZzLP28v59OwIvult4LuzIxUE/uLEMN7vqObuzqyXAPjWtnQx9rKfAeA3t4fw3vYw7i0MeQmAr8z35831kS8BcMs4VwWATyyL5NnqWB4s8+DRxgiOTE1k/thiptTGs7/Miwv1EcwXv1HLbK3Ylx7MlNJkZo9O5eTyKJ5uDuH62miOLYtl3fgQ1szKIi/JisGF9swb7ceh1WlcW17M1R01LK0JpEBfjzWWbpxz9ueq1p3Tpm7kmZlSqLVigtaO+Tb2zLa1Y73Wib2Wrmywd2Oh2B9qYkCeqT4V7k6MCRe/LSEBlLnbku5gTIatPtViPdcFOZPlakuoWIvRWmuqfR2YKn4X5wotEN/yxeJ3brH4jZyT5M0s8fu4QLzLq8rEu1mfSveQdLrLxbtaGM2G7EDmi+/cLPENnyN+Z+dFuTArzo2psa5M9LJhnq0lW8VY99s4cUDjyAYnJ7ZpHFhipWWORozfSnx7tFqSxVgSrcxoMHAnzmogczI9WJbjzppYT8ZpbYk0NSFC34xwSxuGOVvTU2RNe6ojs8XfHJnW5vjqa3EX8+U30IQSe0MOFnox206PqeI9e2/vCP74dAJ/dWcaD9Zk0TnWm+7JARwVz7p9ki+N4z1VXuCmyT60TvShZYI3zRO9aZnkQ/MUX3XsyIxA2mYG0TU5lKY5Sfz68VL+6a05fHFuzksAbCL+Dvn/HABLUPhL6GokJjV321PlhtX4xf/sWL+ks7b4cB+w/HOSkFa6iP9NQPUv6JcAuGDPuzhE5LwStvpfk7xP6eyNm9Hys3FK5Wx9rO7pdef9Ocn7kvA8aX7Py35ipzX9vwTAbi8dwP9mAJwy5JXjckwWLv7/5jFIx7V0LfePXyeddNJJJ5100kknnXTSSSeddNJJJ53+krJCXcgIciE5wJHMcOmidVZhlgNdZAhoFxUOWoZ99tCY4"
36541 [Forwarding screenshot on session b1310904-d161-49ca-a1a6-530fba7baea8 to remote] DEBUG org.apache.http.wire  - http-outgoing-101 << "mppQKi7HRnhvqSGeJESLNs7kBHhoXLvFiQEkB7uTlaUl4LAycHOJPrZKuAr4W9ulKeCshICp8oQz17Wqk7m5JUAOiPUjfwYP3HMhRhPDYm+ToT5OaMx0cPJ2ogwMZ4Ifw/8XO1ws7XCx9kOBzMLnCxNCfeS4NeHwkQvlX9XunGLYlzJCrMjM9RWwV4JfqUjuF/SDdzv+JUOYAl+JQSWQFg6g2vSgxSolA7WEnlOjDgW7UJxrBtlCZ7K/dsPgGUpYXFNmv/L/MASAEunrASn0klbnyGBcJ+bVm5L9blzZbjoPsesdNGq3MAlEUyujFWQuB8Yj8wNUgBZQmUp5SBOdWdqVYyCwBL8SgAsHcISDEsALCGs7LvfAfxTACwdwDIUdD/8lfl6JdiV0LcfAkv1O4T7Jc+RdVIqj3CyDCcsxpMTpNSf53hkfqhyAOdF2ikILF2/cj5lqG25LfP/lkqonNYHgA817ufps3tc6trE9SPzuNQ2n/tda7jROo9bHXNVGOhbR9fy7Pwu7p9aQceeWvavKWLnigTONE1m/9pMuvZUKPC7fVkMZ5rHcKV1Ezd7lnB8zywOrC3gyPZSWjbX0rGrjGN7x7FlURIHN5VyvGMEuzYN5en1U9zp3caV9okK/D6RYZ8VAF6sAPCj0+vZvqBGOXwrxLOtzw1QELgu20+5geX+8IJgVSedwRLyDs0Qz1eUEpwOSXV7CYDlfkm0rQLAyh2c4KQgrQS/UkMS7akSx6oSXEkPtCbOx0K5gLPDHFUO4bwwLYXhWkqjbBXQHZxsR02Cps8FLIGzHGO0Rkm6iYckOlITb68kt2XdqGxfxop1Ip3AEgCPEPsyZLgEwTIMtIS/9VkeCvxKR7n8jwdyzclQtgXh1qT7WhDlZkuUvzV5GQGcaW9TAPhqywRuHR75EgBLB3D3hpGc2jWBU7tH07Q2n50L42lcFUfTyjj2L4jmzM4a7hyZwZ32pVxrW8PTs4e43z2epycn8kbvBB52TeVK4xzxrJdw6eRGTh5byp3zm7h1eiN3T2/hwbnt3Dsl9sXzkq7tN7uX8vzkEp50rRDbm3nvxAaetU/n3dPT+PzGPO60DiPOyxn7gQNwMzElztWRJFdbwsT3zkZ8V/SMbAgwHUiyq4YUd2viXUyJcDTERzMQZ0s9FU7XzcMUX3sTnAeIbUsj4hKjsHCyY4ChCeYDZXTUgVgZGeBkYoKDsRlmA40wGqhHgLOJytHduGswvQfHcGL/JLE9nQUTymlcLOaucRnnG6eJdbdchb9+5/gEnrfW87xpGBc3FNO5NFUB4I6FURyeHcIhoZaFYVzbkc6z/el81JzMD11p/OMbtZzckMH4Cl98nfVwtdUjNtQBZydb9MT4Jfw1NNLDRJTe9qb42xuiFdtBTnriu25H56owLu+M4t2udH44V8IPpyv55mQ1354dytfnavnu7HDebyt9CYDPr4/i8uYEetdEcHZDDB8fKXsJgLfV2v4MAP/QlcdnHQWiTS4v9ifzQWsOT/Yl8vRAKje3R3N/b6IoI7mxLYo7uxJ4fFDc2+EcMQf5vNdRwWcnh/LlcTGOk8P4qncYX55s4KOjQ3h6sIibW9PEeWk83l/Ae2IMb+4rpbHB/SUAfmdrCPcXhSoAfHSarwLAL9ZF8MaaMG4sDlYAuHlqIJ3zwnhzbYpQCE+3xLN/dBQjShJoEN/j1tpQHs+KZ554D1d4W3FE/AasqshhyrA02pemcH9NAveWZ9A9KZa11cGsGJpCabAVcysiODynkM6FBVxbXcHpjSWsHhNDqrkeYy1sFTBtt3HgqnskRZbWRJjqk6+1ZqiNeIdtNEwSx+eaOzDZXnyHbcyIMx2En8UgAp2tiPFwJMFRS4LGnCSNGckWRhQ4WlIlfkfzfD3wFf3Z6OnhZaBHuuMgqt3MGOanZWSIM0P8bSlwMiFNM4AcUZb52zFZ/J7OSfRjcbw/86O9mRzmwphge8aK79CkUGcWR7kwV3zTp6V7UeltTIGpHqPE7/FcG0dW2Hkyx9aVWXbu1JtrGGfhyDQLDxKNLPA0MyXH2omSgW44i/GkOJiQZWdMnYMjdZbibwEHO0ocxbfRxoa5Hg6cKXbkSJwjK/28GOXuTLqJDYXOg8ixsVWO4e3pjkyy1mOijT1v7xzNH59M5Q935/NsfQ7d4705NtmPE9ODODkrRDxvf47NCaF7VhDd0+V/AAigZ0ag2u+ZHayOHZsbynHx7I9PD6NxTiy/frSIPz6fzienphFub46Jkebf5AA2Ee/9fxgAlhBRgtRfQkEZrrmi47d9kDG19pXjUhK+Sofw6/rtlwwx/JfCIVu6BipXrgxT/Lrj/folAHZNqmLAgIGvbSv1l45JSSgt4XR/f+VtP6gw0tLV+7r2/5oco/LVXMm+oifvF3Nj/Np2f0kGplYUHfhVXx//DgCs9L95H9JJ3D8XOumkk0466aSTTjrppJNOOumkk0466fSXFO9jS6KfPYn+jqSGehDpbYeHjSFetmYEuWqJ9HERpa0KAy1DQId7OpDg70qoiw3BTlYKAEvwWpISQl6cn+jDlbQwNwWBJQyOcrcQ19CQHGCvoG96iLMCwBL6yv3KjDBqsiMpSvQnJ9qbXNFXUoATke7WakxRAW7YmQ3A0VKfMB9n4kN9CPdxw9XGDAdzQ7QWFjhYmeMhxhbmoVH91OeFMSTNT7lVpaM3M8RelRL2StArAa/cLkv0oSBa1skQ0OLaEa5khTqRE+4ijnshcwSXp7hRkeJJmQSX8S4qt6uUhMfKVZzkq9y/EgZXJHkrF7CEvxVJXioEdE2KdMP6UJsuQazvSxArwamUdM32O2b7AbAMoyzL0YWhCv72g1/pJB4ixlIjxiI1ONlDuYDnN6Qxc0iCcgFLQFeb1lcvw0RL+CtDNFckuFEe76pCQBdFOancyMVR4j5indUxCXH7HMIyRLSjOG6vVBLjJNo7UBBhpyS3ZZ08r1/ynH4Q3H+/EgKPyAthcIavmGMHBYAl/JWSbuB+lciw09I9mxXOwcP7ePbGfQWAr7XO5UrbAu52rOCWKO90zef20WXc7dnE84v7eHB6LZ176tm/NpddS0vo2F3MyUMj2LE0g56DRWxfksWe1YmcOTyLS60rVDtZ17y5nF0rE1V46f2rS+jcWc/BjdXs317C8fZZPL52jEcXdnKxdYyCvw+7lvKga5FypUoA/OTsBnYvHSLG7kxNhj8N+UEMzRHPrSBYaXRJOOPKo1SddALLcM/S9dvvBJaSdUWRNi9DQ8twyuUxdsqdK6Fsn7TUCBWHmTE4yUU8E/H+BFqTFmJHWqCQrzU5gVrKY52oineiNlWG5banOt6GwYla5QAeHOdIeZSWStH3kERn6lPdGSodxsmu1Io+Byc49eUOFmtFQmCpBrEtQ1BLACxDi0vw2x9aXK4t+Z8L5LqT4cyLImzJC7Ih3lNLtL85OeK597Yf4XbvIS63jOfGoVEKAF89PIUbzbM4un4Ex7aO5vyBCRzZWMyuRQkKADeL57F3XjTndtdxr30Ot44s59qRDTw8cZiHPeN5fmIsb3WP4t2uydzaM4nOVWO41rGGqyfWcvHEBq70bODWsa3c6t3F1eNbONe+Upy/hMdi7dztXs315kXcaVnI06453G8by4szCzm9byYlcTJtpBEG+ubYWtgSoLEizGIg/gZ62OvrYzTADFczO9xMzAizFd86Z1OiNXpkeQ5geIojIzOdCQ5wx9/FCSvRj6m+NT6hcZg6eDJAnGusZ4KeoSH6g2TIWj0M1b/fD1S5TS0H6pHgbcSxDfmc21RB44xMdo3PYn1DBm2L67l+aA5XjszkWtN8bjRO5Gn7CJ40DuGNxnrOrM6jScxX46IIjswPpWluMPtn+9O6KJSbezJ470geX7dn8dc9uXx8Mo/R4tui0df2wV5TPXw8A7AydlTjMDW2wGigMYP09DE3sEBjpsVIz1TJQIx/ZKYe1w5m8NWlQr45lcHvz1Tz+3Oj+O7CSL68MJhvTw9TAPi9IyVcXBfFBaErWxK5sDmeK9uTXwLgjimhbB2i5f3WMr46Vsy33TkKAH/TVcgXHXl83p7PD71VfCzKz"
36551 [Forwarding screenshot on session b1310904-d161-49ca-a1a6-530fba7baea8 to remote] DEBUG org.apache.http.wire  - http-outgoing-101 << "7qK+PBIrlA+H7Xl8dnRYqFSPu8u49veIXx7sk70MYTveuv5vKeWL46J/RP1fNU7nE976ni7tZI3DpfwvLFUlW83F/N8T7ECwHckAN4azNubg5QDuHGyvwLAl+f5Kffvs9WhXF8URPNYFwWAexbF8GJ1Ko+X+fNkQxwHx8QxqjiJodnBHBkcwfkae0a667HKz4zLmRH0jBrB8jHlnFhVxot1Rby5q5KzCzPYPiKKVfVx1EZrWDs8gTMb6ri4oYZbKyu4vLGS9pVV5LtaUmxswmp3F464utNj5clorZtaj1FibebbOJBlrqHK2pE6U1FqxffC2YUES3OcxPoyF9Ia6+NrbkqMuQVp5lak2YrfXgtjkjWmxDvZ4a21x9zQGK2hHn6aQaTZmZHtbE2uu/imiN/0aI0RQeL3Nki8B2FiO9RGjyRHE4o9xbW8HanxEt8zoTofRxoCXBnubsKoAGumit/a0ZFO1PtrGeElvkc2ttSJcUrwK8eZLsY41NyecWYuBIp3y9FEnzIrV8KMbDEzEffnakK8gwEZGgvijEyxFevUTdQXWNox3duDs3VBdKR6ssrTmYluDqQai2+Prx2jomKZFOPPknRP6rSmjLB35dnO4fzT88n8/aP5PNmYwdHxbhyd4M6xyV6cnCme91Qvjs/069N0X07M8OPELH9Ozg7g5NxApeM/6sy8CFrmxfDDw/n86c0ZfHluFske9liZO2CuscRcAl9TY0xNjFQp939aZ2pqqvID/4cA4PSVl1Uu2J/CwL7wz315ZqX8K+b87PhP5V0w4Wf9/VRlR77HNijltedJuSRUqDy2sq0MfSz3X9dO6qcAWOYeNrIQH59ftDEwtSSwegGF+96nrPVbMtfexDG68JV2Uhq/OPJ3vfVyrJFjt/9ZaGtm70ns1MPk735blSYap1faSICdsfqa6itvx3Oixu9WfYaP2KhCO/+yvZS1Zzhhw9cr2CtDNsu+5ZzJPv7dAPhHmTv6qDzAPoWTMdG6vLaNlAzR3T8XOumkk0466aSTTjrppJNOOumkk0466fSXJOGvdN+mBLmQFuZJhJc9zhb6OFkZ4m5rpkI/y/y/EgAHOMnQ0A5EedoT4mytwkBnRnhQlBhIeVoYJcnB5Mf5qbrUENFfqCuZYe7K2Svz/EqXcb/TV+bslarKDGVEaSJDcqMpiPclO8qL5CAn0beW1GBXwnwccLExUvJxsiJYXF/KXWuBo4URWmszbK1McLezxM/RirQQNwZnhDI4xU+5WqWTVwJf6ZqUYZ77AbB0+8qyROb2TPKnLNGPvEg3MkMcRVtnccyzDwzHS9jrpgBwSYL7jwDYVTmKVU5hmS9YwV8Jg/8FAJeJ45XJ3tRlSBduIPVZQapUYFrUS9WIdkMzpQvYS0lu9ztopaNWOWmzAl86hvtDMMswzVLSuStDS8+pS2VqZZxyBMsw07JO5hqWoE66i2We3rI4FwVqy6ST+ScAWNZLSYArxyBhsAS90l3aD3v7AXA/EO4/pw8A90HlfkmHcd99SZAdQrUYSz8AlsBXuqllKV3A0hlcJtpKSF2RGcaBg3t44437XOncxPWWuVzvXMyd9uUq/+7do30hoG91refJ2d1caV/EzhVFdOwYSu+B6WycH8vFtqm0ba9m+/IIDq0vZt+6RFq31NKycQSNm7Np2lTK7hXZnGqupXnDSA6vr+Za12KO7pvEjg0FHGubzRu3erl3ZjPXOify6OgyBX8fHl3M/e6FPDi5nKfnNrJ3eZ24Dydk7mLp9JUalieek9DIolBGFYepcNDSJVwYZkVlXJ+7tyreUaks2paicGtKo7QK7sq6fvgrnb+1ifYMSbBTALg03FS5e18C4EAtaQEakr3MyA0S54j5rIh1UOGca5JsqU22Y1i6E7UyR3CIJaVh1lRG2SoYXJfoQn2ymzjmTI04RzqEZf0wMdbRWb7KDdyQ7km9kHQCy7DQ8j8SSMevBL+V8l0Qz7I/NHhOkDUVUXak+TsSH2hBbpoXJ9uauXXyIBdbx3P18BgFgGUO4OtNM+lc28DRTSM4s3csLesL2bEgjr2LImlakcTeeTGc2l7D7daZfdBfrIFHvYe429jAu91j+Oz4GL7qmsL5BZXMF2vr8MyhnN81nxNN6+jdv5az+zZxumk7xzp30dG+je7GdZzat4qu5qkcPTSN5s2jad80kua19SwZlUt2cCCWEtAONEPfyBJrU3OiHG0ocrcgz1qPdCsj0uwdyLYU3wIbB+pcnBnpas0UP2u25YWwpSCA8d565NqbkOtgQ5KNDUFSHm442VqK76cBbmZ6mFsZ4+RgRrC3+G75eRARHkpsRAhZkZ7MqIihd2IIe0ocmeOvx9IQc7Zke9M5p5AL+8dyRrqnmxZzed84HrUO5/HhwQoAn16Vw+E54bQsjeTgzEBa5RzOD+LAbE8Vevn5oVy+aCvlb8828KvjlYQa62Gkp8XEwhpjcz0cLR1wNnXATE9C6YHoC5kbmWEwYKCSlZk5RoNkvR5FYXpc2lfKN1cG893ZfH5zpopvjtXy1Zl6BYC/OlnHh+1lfCB0ZWOscgGfXRvFxY1xXN2R8hIAt08OYXONDe+1lPL18RK+68ntA8DdBXzRkcPXRwv57alKvuws5Osecb1jZaIs49POAr45Uc4X3SV80l7E18cqhar5rLOCL45W8V1vA9+eHKZCQX99cjgfHx3C203lvDjUB4BVeSCPN3YX0fwTAPzmxgDuLwhWALhrqg+X5voq9++TlcFcWxj4EgAfWxjDm6tSeLzEj0frYjgwKobhBfEqukNTZQhnxVoYJn5/ForfnxPBPhwtr2BZdSonF6fxxspkbs+J4fzkKJqGBnKgLpIVWa40DY/h1tJiHq8t44VYjy+2NXBn6wRGRfiQZWTIdAcN+xyd6bUNYLXWn+CBA/G1MifZypEkU1vyLcU32VRLntaWCo0TaebWeA4wVPmmjUVbZ0tLwsSxeCvxnRBlrJkRkSYDCbQyw0Vjh7mFDaYmBtiI9Rkio2doLImwtyHMzoZArSXe1ua4W5niZmmCRqwdGflDhkSPsbUiRbTNFG3yHLUUujlQ6mFOhasZI3zsmBDkzpQwH0b4ulEs2pQ72ZFvok+6xogYrSHlWiuGWWoINh8o/qYwoEZjT+ggM6K8rVhaFqlyDq/OiqbCyQELQz21PkMNxXVs7dlf6cX+JGfm2ZnRYGuNm565WLP6+BtZEGRuSKKTPtHingptHbm1tYJ/emMEf3t3HE+3ZHJ8qhfdUzyVTs70U+WxGT4cnynhr6+qOznbn945AfTOkwA4gOPzAjg211+09aJpbhjf3pnOn15M5Yuz00lw1WJsYI2Rxc9h718EwJVdv+ffq5jJB15x6Oobm5G86OTLNjK88Z/LsyvhaP7OFz/rs1+JczoxtNC89jwJP3O3Pv5Zewlt7ULSXtteAuDUZWdVOwlWZdjigYMM/iW09IAB+JVM+1l/UhXtv0bjG/tKf9ZeESrEtWwjQarc/2UbKRlKOXvj3Z/1GTVuJ4Nek1tXwudK8QfwT9tWdPwGG5/oV9pKuaUMFvf8zc/a9ytm0r7XniMVWr9atSlr+fovAmDX5Gp1b/195m1/JsYS9dq2MvR1fzuddNJJJ5100kknnXTSSSeddNJJJ510+ktSzt9gV1JC3MmM9CHW30W5fyX8la5aCX8lBJZ5gINcNPg7WhFgb64cwDIUdGlKCGWpoQoC58X6KhdvUqCjArgS5JYlh1CcEEhOpJeCwBIAy1LC37xoH/JiPBiSE6FUFO+nQkJnhXuoNhIUR/k54e9siZ+ThRiLOT72FgS6aAl2syPazw1fdw0OVvoEuNkqp3Kgg4UKZV2eGqgcuhIGV6YEKnevlAS7spSQV8LeyhQZrjecqtQQccxb1MtcwB7I3MjFceJ+IhzIj3ZW0LcfHEtJOCyhcXGsh4K/5Yl9uYIlAJbgtzTeXex7KhgsncASGMiyPzy03B6SEaDAqwSzUhLASvArJV200i0swzJL8Ds03U9BYBlKWoaVlvUSBksH6JiCUOUQ7ncG97uDZehg6SyuSnJ76dCtSBD39iMAljmAZT7eItGHhLKVK"
36551 [Forwarding screenshot on session b1310904-d161-49ca-a1a6-530fba7baea8 to remote] DEBUG org.apache.http.wire  - http-outgoing-101 << "Z6qzI2wJSdcK+7XUQFbCWslwJXAVsJcuS/rVUhncZ+yT1n2A+DB4h4lAB6WHaxy/sr28hryHOkAlteRoaHltUoVJPdRTnAJgJ8/f8DVrs0q7PPNziXcblui3Lf3uhdyo2MJd3s288b5A1ztWM6uFSVcaFnErePz6Ng2kf1rCjh3ZDTNm6rZvz6e08317F1Zwv51aRw/MIKWbTkc2VHIsb0T2L0ih/PNC7neuY5r3etpPzSaXZvqefPuWa71rOXeydnc71jG456lPDm2hIfHZAjofwHAJfEOlMs5TvVQTl/pBJaS8FdKOoTTg8wpidT0hXYWki7fflXE2iv4OzxLPls3apOclIalOtOQ5iJKR+oTRdsIa8oitOSH25IZrFH5rGX45zQfU7IDzCkTz0gCYOkAHpbpQkOGOF9IhoAuCbWiNMyGyig7qqLF9eKk41cCYBe1XxFpS52ok1B4eJonDeJe+l3CQ5LFekx0plg+8zCNUn6olrwQDaXREgCLdzjQRvRpT06QM4nBFuSleysAfFMC4JaJXGkcw+WDMg/wZG62zFY5gLs3j6R7Sz37lmWwaVYEexbG0LwylQML4+nZWMLFfaO5eWQ+19qXc//kNp60jOXtjpF81DWSr49N58rSIYzwsWJCpDfzsmOZWZbO1IxERkREUBgaQlx0CKHxYYSE+hLm6Yy3lwVOGlPcra0J1FoTYKGHp4Ee/iZ6RGj08DA3Vjl5ZVjc3AAnpiT5UO9hRJHVACrdHRjmrmWUly3D3a0Y5mnOoswQttTnMSs3hvIAe2pDvKkX16xNjic/KYakpAgiY/0IjXIhIMiGcPEtDPexIcJTfEedzQkQfcow+snuJoxPdKG7OpBFAfrMtddju5cNu6MdOTIhmZNb6+nZ2kDv9hkc3ziUB03DedZc9yMAzuLwnFBal0ewV8xh0wKhef4cnuXBpU3xvN85lKcHB/NW82hedI9U68TdVjy/gjhyM/2I8XMm1tuR9Eh7bIz0cNYYEeitwd5Gj6gQG2aML2BYWRihrnosG5HC0XXlXN2dx5dnBvNfb47im5OVfHeuTuxX8/XxWj5oK+WjjnLu70zj+pYELm+M59audB4ezONXraUvAfDGKivebS7hmxOlfH8sj+87c/m+t1g813y+OV7ED6fK+LK7kO+OlfBrcY0fTlSotr8+U8W3Jyv46liZaDOE354dyq9PD+U3ZxoUAP76+FAFgb860cCHbVV90PdgsSrfPFzKG/tzeXNPiQLAtxZHqPDPEgDfnRfI4Ul+dE7x5uIcH+X+fbwiiKsLAmga46zCQ3fMFm1XJfF8ZSBP18ewe1go9dmR6tu8v8iL9nQHpntqWO1tz05XG1aFxzE1IZaNRcGsTDBjrZclm8Rv2UpfV9YE+LPY3Z2lHq6s93dnR5gXKyKMWZ9kxfJkZ4Z5OVPt6sysIA/W2mno0vjQaBVI5MCB2JoZEmFmR4yJHSkWjmRa2JKitSHWyJQkjR3hWkesTU3RG6SHntFAHLVWhDo7EmdnT6qTlhTxu+lvYYylgSEDDIwZZGSIickAvC0tCNBqCLCzw1O8I/ZmJlgZ6GM2aIAKVW4s3hUT40FozAzUuxJubkaChSVJNlYkOmiIdTQn0caUAlstQz3Fd9Bf/DZ52DLY1YwG8e41WJgxXGNFtb0l4xwcmG3jQI2tFeWuWmbZujDCxp0qN2tWh9izPcyBNT4ujBNtkjXi98fOnVhzc7LE7/6GMme2prgy08aEMfZavPRsGDRAH0c9fWzFOF2tB+JvrSHD0Y3LW0r5H+8M5+/vj+bW+gSOTvege4YnnVPd6JnpRZcou0Vdj6jrPyZ1dJbXS3XO8qRjpgedk1zoWhzDV7cm8KcXk/nm/AwSXKwxN9RgJebN0tQECxPxDTE2UqXc/2mdBMBS/yEAOKhm0Ssw0NjKnvxdb75sU7DnHeyCU19pJyVBqASyP+2zX+EjN/5ZV61v8ZTXnzNiw2vzBf8UAOdsfqDaSeDrkliBpVsQtoHJpK24+Ep/UjI88y/7+ykAloDXROP8Shsp/7KZr/RX2vylctbK4zLU9EB9AyFDnGNLKG364mdtSxo/F9eKfKVfKee4UuV8/mn7fv17AbCBmbWap1/2G1g1/7XtrTzEH7W/aKuTTjrppJNOOumkk0466aSTTjrppJNOr1OCnwPJgc4kBbmSFuFLfJAnfi4afJys8XK0UTmAwzwdFWyV8NdbhoZ2tCTSoy8XcGGcvwK8EtpKh29qkLMKKx3jaUN6iCs5kd5kR3iJbTeSpFPQx44EX+k6diYj1J2UIC3Zka7kRruTGe6sQkTL0NCyrwRf0TbEgwAXKwWAA5xtfpSGcC8ncuLDSY1yw8fBiEhfMUYfV/wdNET5iPuR7uNIT+XwlQBYuntlaOd+l6+UDKVbmuBPRXKQKiX8TRfX7ofAuRHuZEW4kCOuIUF1fx5jCa4LYv3UfUsALOFvWYKEvtL1K0GwuG6cmyqLY13VtnQE90vWS8kw0dKRK6Fpf1kl6qRLWEJUuV2XJl29gQzPDqEhK5ih6QFUJ3pRHuumIFxJlKOCwsrt/KMzU+bxlcBYweI0L2QIaAl/JbSoFNctiHAgL8yOokhnBXT7AbCEwRL6StDbn7dX5T8W9bJdPxiW27K9hLgSJvfnFC6OdlalvIZ0OMvxS9grz5f99INfGRZa5v9Vx+Q9ZvhQlRnOoYN7eefNx9zo3srN5r6cv7fbF78EwLePLufBiW28uNjI3eMbObp3LBeaVnKpbS63ezaxbVEurVsrOd04ic2LQ8Txag6uK6RlewbtO6rZsyaeo/vK2LO8gmP7h3Ojax2XmrZwo2cH53oWcGD7BN68c55bJ7aI/mbzsHPNLwCw2D67jr3Lh1CSYE9pksvLvL9jSiOUxldEK0kHcGaIpQq/LIGqVE28zMHrqEIvyxDMwzO8GJHjzYhMTxrS3alPdaY+RUJgRxVieESqeJYR9uQHWpMfKp5JhGNfHuoYe3KCzSgMt1BhmCvjHMXa8BR9iT7SxHpIsVchoKtFu4owDdXiWVaK51YjnmdDkjvDxLOQ27K+Nla0j5OOYQmNXV6OVeYezg+xIMPPVMicTH8LpZygPgBcFi3ep0AtQ2K1onQgJdSKgkwZArqFGycOcL5lAlcOj1UA+PLBSQoAH1xYoRzAjSvK2LkwmS1zoji0LJWWlZk0LUuhY00ux7dUc/7AOHoPTORWzwqedUwVGs0bHfX86vQs7u2ezEjx7pY6WFHupKXOoQ8wlRuaEqQnna566BkMQM9QX2wPwmiABQZ6FnjYeONlZkG0rR7zyz3YMzqQpTlmTPQT9+CpoSLInXEZUSyoSGVKZii10f5iHhLUfxYpkpEC4tzVfwTJiXElUpzjqNHH1dlCfQu97ExwtDbAykwPG6uBODga4+Vpjp+vFYn+lmQEWykHd3VaIEPzE8W7HMO0DH82l4WwSLyDVVYDmKK1ZZujGxtdbFiR7sGCqjDmlUcxTaypRUMCOL2hgEeHanhysJZTYr5kzt+mJcHsn5fGrumhHJzuSetMV65sSuL6jnJmFDiLZ29Kpp8Roa6DcHceQJB4lonhdsT72RHkJr6n3pYq17u/myXRwQ6EeBkS5T2I2nRnxuW4MTLRhpHiu1EfZ0dduB5Hl8Ty7aV6vjpTzO8u1vDrs3UKAL/fXMSvOit4p6WEt4+U8qKllA+ODubjk+KZ/QiA2yYFs6HSUgHgb0+W8cPx/D4AfLaUb04V8W1vEd+dKuXbE8V831vKD6cq+PXJcr46Xsg3J4tV2OivjpXyXW+VgsBSEgJ/e7yeL3tqFQD+9sRwBYDfbizjneYK3m2pFNer4O1DBbx7oIKmYW5cmx/C21uCeXtDAPfm/gsAvjDbm6erQni0PPBnALhHtH+6LJKHC115vC6M1gmxzGnIZVxpGNuzHDg1xpNtxcFsS/ZgilhbSQNMiRso3jdra5LFWkzRH0COhQUphuZkmdtTaO1GrpkteabWFFlYsSDamM0Ztkz0GKTy+eY4alhZlMQ+8dt2QOPJMYsAYowHMtBYD3cjCwKNtQSb2RBpKdaetQmh1hZCVvhbWKMxMRXrf"
36551 [Forwarding screenshot on session b1310904-d161-49ca-a1a6-530fba7baea8 to remote] DEBUG org.apache.http.wire  - http-outgoing-101 << "pBY/3qYmOqr3PiR9uJ3WvxWZnloVZ7gvjDk+gwykg5VAxyNTXA2N8dRyNrQSLwvA9DXG6DCg0vWpK8v2hoMxMh4EHamxgTJd8jMnDBLM/ytTPC1s8TdxBhH8a65GprgIcaa52nBxqJQmgv9adDaM9FGfPOsbaizs2ey1pmh1lqq7WyZYO3AeHGP+eK+h1oaMFJrwSitA/XmtpQ52jLb04NVsXbMF9+onXUebBC/Z7Nt7Vjq6UmNtTfprloSLa3xMdLHzkiGjNYQbGhNz5JMeG8C/+ON2fz1ralivQ7nNxfH8u2ZEfz6whi+PzOSH86OeqlfnxvND+f79N2F0Xx7fhRfnxup9G3PUD4/P4m/e3cRvD+D31ydR5yTJcYDLTGxMP9XAbDMASz17wbAMgeuS3z5z0CglH1oxittJTh8bV7dP+O8lQoZukK5dH95jgS8EaO3vPacpPndr3XX/hQAv07SaVve9j1FBz5SIaAL976nHK/JC4+/hLU/1U8BcMqS0xhZ2b3SRsJrGYr5l9eSLl95z7bBKQrAeuePF/vTSZjToXIJ/7StBMJ/FgDHl/2nAWD5DCV8/mW/8pm8rr0OAOukk0466aSTTjrppJNOOumkk0466fRvlQz9LJUY6EJquM9LAOxhb4WLxky5bSX8jfF3VzmAfe0tiPGWDl8nlQtYhpCWbl7p1pXQVoZ8lhBY1ksoLMGvBL1SqfI6fg4KAstSQuDcaFcywhxID3UUpdNPALC9AslJYR64awxxsRpEoKuE0Q7KBSzBdEZ0MEUpXkR6WRIX4ExKaABJIYFE+rjhbmOswEZ6kL2CwP35faXzV4JfCYAzgh0oTwpU7t+yxAByZG5icf38KBkm2ltB4IJYHwrjfBXwzY/xJS+6TwWx/hTFBVMSJ2FuXyjo4lgJfb0U5JXQVwJeWScl4fBPJYGSrJeQVMJSCU0lBJZuWgl/ZRhluV2T5M2QFBnWWbp//dW2BMCVEjYrufWB3hRvFRJaAmEJgEfmhjA6P0z05akcwP0AWF4jO1hDZqA1uSF2Cur2A9p++CsBbz/wlZLbsk0/IJb7slTgOEaMOd6TygQvVVYleveF3xaSdbKdlOxfwt9+CCxLdb64b5nbuDorgsbD+3nv7afc7NmmALB0AN/rWsbdzoXc7pSO4KXcObqFh717uHNsA2daZnKheRkXmzZypWMuVzuWsntZKZ17Stm9vICtS2Jo3pqt4O/2FcHsX5fO9qWptG4r4lzjEs6La1xp3s2Zxo2cPbqIK6c288bNczy7fIhLrVN4cnQzD7oW8Kh7EQ96FnH/xBKenlvP/pV1lCU5qvzQMtevdP7KvL9Sk6rjlKQrODvMWuXgla5aGVpZ5t79qWTd8AwPBYCHZ7gp+CtDP9fGaRiWZK8AcG2MB/kBGgpCxfMIdyA7VDyPSBuKoy0ZmiGeS5RY35EyF7BWrAUblQNYhoGWIaDLIzSUhYgxhNpQEmSpyqHiGUpJ+Fslnm1NlN2/KNZBuYGHpYl1FWNHjr8xucE2KtSzLKXjVwLgkkgXiiOcSfexpCrSiuwAW/HuWVCY5cupjlaunzzEuebxXPwxBPTF/RO41jiDHTPy6Vg/jD0L8hQA3rMkicblmTQJNS5J5cjKLDrXF3Jydx1dO+u5dXwhN0Q/Mg/wk1NjeHRiIp1rasmw1yfBeCBFjrbMdbVgW7AvG4PDqHNyx93UBH1TQ4zMzNEYWWElQ9hqTSnNCGdkUTDTCt1ZXejHPPG9mGbtwAa3gWyIcWdGXCApDmb4menhrzXA2Uacr7HFys4OS2sLvN0ciBTfu9RwL/LjA8S3x5uceBk63oUhmV6MFn1PLYtgTmkEs/IDmZXtx6LiECaKusklIYzJ9qFKzHu6nw2JDvoM9TZkdbI9dX7upFtYM1zjw1rrALZ7+LIg1psSP0uK3KxJddOjNtaI7hUZvNEyVDmAJQDeN8OfPbO9aFtTwd6ZkTTO8KZjjgdXN6Vwen0phcHGeIt7cTNzwM3eHEdHPZztBuJspo+LiQFudhrsnJwJdZffdY2K8hDhoSHcdhCpYnwNgVomiG9ybaQTdVHuFHgOYu+0aL68Us9nZ7L4treA3/YO4ftTw3ivqVC5gN9tLeWdtjKeHCrgWWMRTxoLXwHA7zQV/wwAf34yly968/j8RD5fCn3bW6JA8HcnS/j2RCnfiP2vTxaLskyoQrmPv+2tEqrh6xM1/NA7XEHgX0uod2oUH3cO5r2WSj5sqxFjqlHl+80lfHC4mqahrlyZG6QA8DsbA7k/L+hnAFiGf5YA+Mp8/5cAuHOOH8+WRvBsmQeP14VyYIR4zoNTGZHvz+p4I1ZmaBnv78DsQCcmiu9qrK0d0cYaRovf02kFAUwQ399x4htf5S/eUR8tI8Rv5ahIT8ZEuTE+2oU1hS6cmJhEx/AMttaUEqcxJ8/DnFk+9my2deOUpR+xlgboGelhY2SMm7H4XTY2xcPcECfxfH0sTfA2NMBroBEuhmaYim3JiGQ4aJdBg/AyN1HAMtnZDG9TPUxE/YCB+gzSN2TgAD00+vpYC5kP7IPDg6QGDGSQYoEDMZB8b+AAlT/aXJQ+hsZEmlsSZmOBr9YMOxMTzAdJ46hory+lR6b4znSPT+dyuQ8hDtak2WjwNRqkwqJHiPvzNxqIi7ifQBN9Ug3McBdrMtjMhCCtHQHmdoQbmJDpYsKqKGee13vQUejK5hIN0wMcGG+kYb2LJzOsnRnnJt4jR3tSrE0JsDYmROtJqKEdrbPS+OPjcfz11Sn88dk8/uv96fz3NxfxD0/m8M9vLOCfn8zjvz+d31c+X6gk6//peZ/+9MZ8/vFH8cYS/u7ZSv762Wz+/skofrg8i0RXGyyNbTG3tvrfAMDdv+Pfo9TlZzC2eTWfrXfeGDLWXiV9zWWljHXXCBux7pVQ0f1yjC6g4uhvXuk/sGbBa6GxgZkVcTObX2kvJa/1unDTCgAvP/tK+/w9bxI77aC6lkfmMDUW+/As7EJSMf9FbuOfytornNwdT1QfifNeH6pazk3y4hOvXPN/R6Utn2Pt/frw0s7xpRQ3fvLa82Im//kcwKENq1SbsiNf4Zb6egAs60tbv3yl38ixW1/bXgHgX7TVSSeddNJJJ5100kknnXTSSSeddNJJp9cpK8KHjDAvEgPcSA3xIs7XVUFeb605XhozAhy1hHs4E+Prhp+tOb5aE+L9nZRrWErC3iR/B+K8tQrYytDNMtyzhMLymATD0skrj/eHf1bOXiG5LZ21BXFe5Md6KqetBMEpQXYkBWhJ9NcQ7+uoXHYy76+r1hIPB1tCfdxxtzFRjuTEQEeivTVKMuewzD0sxyEBc7SHDd6W1kS6OYlrBFGeFkRWlOg/RIwzVIxdtJXjk2BXjrnPsSxdvt4KXst7KEzwIyda5it2Vw5gGRZahoeWKon1VXC5NMGXCpkHOEXUJbhTJEMeCxXGOSjIW5YgIbEEw9IR3AeE5bZ0C5cleVGbHaQkw0YrIBvjRE2Kh3LGVie5IPO8Dsv0Y2RukHL2SrevhMDSiSkBcH9e4LIYZ+UCluGh+9p4/NiXl4LKEkoXRDkrJ2NWmB3J/pYKAheEO5If5qDCQktALHP7yny/UtKpLIG2dJ7K0MN5EQ5qW/ZVKPpRjtQfy4IoMc9C/SGuVTsh6RKWMFuGv5ZQvFy6lYUKxHhlSO6KOHeqM6I4eGAfH7z7QgHg+zLfb7vMAbyUB0dXcu/oCm60L+Nm1wreurqbG0dXcbpxPuebFnOlbTXnDi9X5cn909izMpfdq2PYsy6E5q15NG8uY+/6ULYvi2Hn8lTOtY7l3MENXD2ylfONa7jcuZ7zR9dyoWc7b90+zb3eJq61ruLp8eXcP7pUaDH3e5bwsHcFT85uYMeiaoqitQpq1/+Y57g+14/xZSGMKwtkgigbssWaCrKkKNyGymj7lw7gIfEOjMhwY1S6C+OyPRiWak99ih1Dk0UbJUcVBlq2GZ3tqRzdheEyDLOtKvu3Zb18xtJFrEBtgAlDEh3FdVyoT3VVQLk2yYHSEEeKAu0oDrajIsKRaukQj7SlTIyrLNxKrdGCGEdyIuxF6UJVagDSM"
36551 [Forwarding screenshot on session b1310904-d161-49ca-a1a6-530fba7baea8 to remote] DEBUG org.apache.http.wire  - http-outgoing-101 << "V8g1rr8DxH5YU6k+liRId7FnGB7MsV7mRvioLZjXYwIdtEn2t2B9CCxbtN86Dq8l+unD3HqwCjuNk3k2sHJXNw3lcuNc9i1OJ/1s6PYvSyZvUuy2Dglg65VFRzdPJSt89Jo31TA6e0FNC5K4OS+MVw9sZ4HByfwdvcEHh+p4v3TE7l8YCLDskKI9fMkyNOL+NGzKZw4B6/QaJXHVoIvUz0DTPWtMTK0Fd+sgUR4WONoNhCNiT7WRsYKdFnpm2JvYk2hnStLPILY7+PHIj9rRhe6Ulbjw5jBsayoyGbVmDRWjk5VkuGQ59fGMr0snGmlYcwoj2BOkR9Ts92ZlOXKuAwx9wm2VMXYMDjeVjwPe0rE9yxffD+TNFq8LAwxGNjnUi72dmSZeD5VtjbU2pgz08mWjaLdbh9P1op7G+4tnouMghDhS6yHKW3La3neLOZhfzWn1qezf1EUa2YGcXB2AKsneIu5jaNtQQh3V0dyf30eyc4DcLDzJFiCXntrHCxtcLeyxcBwALYmg1Tu12BXG4IcTAh2syDc25Zof3vlDk7ztqLU34bhYr3Ui3VRHqyh2N+RPZOT+d21wfzuTDE/nKzl23NFfHeyjk/bq3jvUBnvHqrk/cbBvNc8RKiG91uqeb+1gk+7Gmge68aJ2T58cbSATzvTxPkFfNNdpNy9/ZLw9yUA/lHfny7j+1MVSj+crhaq+dEBXNfnAD5dzw/nhvPdmQZ+e260cgF/0lbNJ0cG8ytx/Q8OVfD2wSxe7Mukc5IXFxdF8HhDGM/W+XNnoS8HR3pxYmYwZ2d4cG95gNLNpcEcHK6lfUogbbPceLQ2kbcWhPHeskh2DvcgP16jvrNzEp1ZFOGk3LxVZvasDfFmiLMpjlZ6jK0J5OPmHO6JZ3VvWxG7x/qzf0YsuyZH8LxlJM/2lfHB4VLeP1RFxxgxjiEe3N8zmnhPPZLcNMx2C6DRzIUVHh4s0Noyw8CQJRYWLLU0Z5bxIGZa6DPJYiAFlnZUWohnZGBNkbktYYZmuJmY4ahviLu+EQEGdgSb2uFtYo6DwSAs9QdhojcA0wGGYh1Y4aanr0KgW4t9Jz35/higZzxQAWdTg4FYiePymMVAQ0wNjTAzM8PU0oJB5ibKaT9AT7Q10BPnCIlyoFjf8a4GTBW/5TPcnQgX9dGGekSaDcLb1gRTMz20QtH2ZoSLeuMBetgbDSRY9BlnriHO2IpwAwtCjMVvvpk15bae5In1Wx/uQq2f+MaI6zc4eJNhKv42sBLvr9aKcnd3hrtZsjgjnFA7CzbOLOZ/PJvLP9yq4O8eT32pv388Q+kfnsz+iea8Vn98Olfpv769hL95vIJ/erCU//loEX+4uZoMTzPMDU0xsXXExthEfVNkaG0puS2d2P0yNzRW0qs6+jv+PQoavPBVGDhgAEaWWhUGWpZq29pB7b/OmStl5uBJ/o5nr/b/ZwCwhLmJczteaS+Vte6Gyu/7unPSlp39WduUxSewC055pe2/RRIA521/ovpJnNOOobnNK21M7dxIW37uZ9f831VZ8+fY/Jn8wi7xpZQc/uS15/1FADxslWpT3voV7n8GAHtmNqjjv+w3evzO17aXAPiXbXXSSSeddNJJJ5100kknnXTSSSeddNLpdYr1tifOx0E5elOCPUnwdyfAyboPAtua4WZpQpS3C+kRgYS6aPG3M1MAOCnAiXhfewVLJUSVEFhCXQl5JTiVILW/XrqBpTtY7kuwKl3CcrsPvnorydDKmWGu4nzZj5ZYL2tiPK0IdjTHw1Jf5fx10VhgZ2mMn6uDcgBHeDmSHe1NrK8tkZ7WZIS7kx4mrhnYdy0JmEMdHQh3EeMKcqEwwYfiZB9yY91EOxeVo1iOtyg+gJLEoJdjlpLwWkrCXykJf+U4JRiTDmFZlsb5vQKASxM9KI536wPAsU4K/FYkeStJ529RjKuCsIUyfLN0Acvwz0me6pz8SEcVdrkiwY3a9L7cuENS3ZXqM3yVU1aCXgkfZAjo4kgnBX1lXT8AlpJO4P4cwRLmViV5KJexDEctAa7Ma5werCHJz4K8UHsVClrpx3DORVEOKuesLCWUltBWSgJdeb6UGuuP+WglAFZgN7Ev5HV/iGt5TIaFliGnZX5gmRtZtqtM9RFz5S3mSMxFtMxj7EZVeiQH9u/lvbff4PrRLdxrX6QA8M0jC7nXuZy7Xcu51bWMW0dX8uLyTm52r+Zs80LlAL7UupLLrWu42LKCy20Lad9Ro2Bv+550WrdWsHNVOJc6R7NteQhNW7K4cXSFCi98qWkHl1s2crppOb1HVnLl5G7eeXCWuycPcLV1KY97FvGwZzkPupf8DADvXFxDYZRGOaJlHmcZzlq6S8eVBjOy0IeR+b7UZ3ord255TJ+GJIrnEGurcuaqPL/JDgoCN6Q5KAgs4W9dkp2SdALLPMASAstnLR3d8rlK8NvvxpUgWELguiTx3CO0VMc5MEJcc2SWl9KobG8VUrosWFw/xI7qCNFW9FMn1mV1pC0V4VZKOeE25EVq1bqTz3pIRqDKY50X4UxGoD1pAWKd+FiSHqhVSvS2INXfRm3HuBmLb4MZce6OpIp20o3ftn+nAsBnDo3h5r7RXD0wiUv7p3Hp8Gy2L8hh9fQwtsyPYfu8FDZPy+DI8lKOrK1m1+JsGldn0rkmlYOL4uncVs9F8YwfNk7iYeso3j09hestYxldFICdsZ5yJjq6+RA2cQkJY+diGRCOnpGJcjAaCA3Uk6kp9dGYDcDL1R4bC1OMDAwxMTJngJ6BOG6Mkb4FNoP0KDa3YpObB/vF+7+uPJRhJZ5UZXkyMslfgdyyCAuKQ02piOzLeVwVbUdxiCV5/iYMEXM7OMCauhANw0I1DAmypEY8o+pQOypDbcn2NSfN2ZYwC0usZWjqQQMxGmBAub8rC6OtyLcX75mFOSPNLVlkqWWLvQtrPT0Y6akl19dCwbRsjwEcX1LBe4fH8P7BodzZlM/xZYkcnhNJz8wWUYD4AAD/9ElEQVQo2mfGcG51NrfXZ/D21iwebSyjyMMQDzNz4uxtsBNz4KCvR4jWBhtLAxyFQqxNCBPf60hPG0LdbQh2t1YKd7Mg2cOc8mBbRotv1bBIB8qCbCjw0bJzQgK/uVLJb04VKgD83flCvj5Wyacd5XzYLNRSza9aa/mgtYYPjlQLVfJeS6kCwN3TA7i2KlLl8/2yJ4PvjufxZWc+X58oeqlfguCXOlnGd73lQpUqBPR3J2v4vrdW6Yvjg/m6t06UQ1Qu4I/bK3mxN4/nu/N5tjOXF7sKeL43jTfEt6Bjoifn5ofyaH0oT9f6cXOelwLAx6YHcma6Jw9WBikAfG1RAHuHWtE83ocjU915uCaGt5cE8u6KKNYN9iRerPWMYCemJrkwOtWVGFsrMswsmO2loc7RkBgHcxaUh/HemmRxrQIuLclidbl4rrUB7BwbxYvG8bx7oJ6PD9Xx8e5hdI4K5siYYJ4eGEuxz0ByXKyYGhzIfCdHbg3y44lhCC8GBfKxYTif64fx6YBAvjIO5TOjYJ5YuPGmmSfPBznz1NSTK2ZunLP15oSlO8eMnbkwwI0rxl5cMnPnnKV0FLvSbeJAh6Ejx8R5p6zd6bBypcfCi7OGPrTru7LD2In9pk6cMnRll5sfW5y9WK11YoGpNXNMLZltZsVMM0ummJgxe5A98w0sWTjQgsUDxZo2cmalhwsrxO/8KHsrDjlFcNI6mgNWkQzWuOMj3sl4PUPKrB2IsjRFz2QAFuJvDFeNDb42dniYWmFvYIalgTFmRsb46JsQbqFPhb8t9V62VFnZUOngibe+oXi3BxEv3qlce0dq7IyZKn6T/TUmrJtRyD8/ncs/3qvlH55OV/rj01lK//hsttBc/vTGPKV+1+8v9c8vFir9l6fz+Puny/l/nizmnx5M5fe3F5IXYorGyhhzF3s0tlqsxdgtrCwxE++xlKm5GSZmphibmqhIBFL/LgBcfPAjHMKzXgGB/2+k8gCP3vzKNYKq5yug/Mv2Eir/WQC8/iYGYkG8es5PAHDXb4kYtUlB6V+265eJ1hmNXyy2gYmvdRT/2wCw+ONvxfmfje9/V/+nA"
36551 [Forwarding screenshot on session b1310904-d161-49ca-a1a6-530fba7baea8 to remote] DEBUG org.apache.http.wire  - http-outgoing-101 << "LBHRv1rAXDU+B2vba8DwDrppJNOOumkk0466aSTTjrppJNOOv1bFe1p2weAfR0UAJZO4CAXjYLAfg6WuFkaEebuQFKIt8r7G+pqRUJAn/s30b8vV6+EqBKWSuAqXbQSoErwG+1h/RIKy2P9ULUfssq6jFAXUcrzZf7gPkkILENAJ/lL57Atdvp6+NhbEujhrFzALtamygEc7etCbkIA0X52RHlpyIryJjvSWzmB8+P6QjZnhgUQ7+Mq7lMj7s+Rgnhv8mI9yYxwE/JQcFrm9JVt5XjkWOU9SEitQHW4K7kxXj+GgZahpKVL111BYOkAlo7gskQ/ypP8hcR2ktfPXMD97l8JgOW2BMD5kU5KCgIneJAf7URmqFaF9y0W5wxJ82Fopu9LADw0w4uGLH9qU70UCJTgT7p/C8LsKYqwV/sSEkpY2A+EJQCWqkyUeYU9VKhp6dqV0Fa6fzNCtKQGWpMX6khJtCvFUS4URjgpCCyBrQTA0j0soaB07kpHrzw/R5ybGaxRpexLlhL6yjYS8MptKQmL5f1IoCydxRIESyexgskpYi7E2KQDOD/KXYzZlYrUcPbv28M7bz7laucmBYDvdC7lVtsiZBho6QC+27OSm0eX8fT8VgVxz7bM50Lzci61rFYA+Gr7Gq6I89q317FzRSLN29LZsTSDvWtjadpcyM6VkexYHs+5pjniGgu43LJZuYDPtazhTIc4t3cXbz84xYMzB1T46SfH5/L4+EoeHVumAPCDk8t5em4ju5cOoTim71nJe6pJ92FYnj8j8n0ZlutBfZYHtTKMsgy1nOCsQjTLnLqVMVpqYqXb15H6RDtGpjkzPN3xRwjs+DMXsITAspTPVT1H8Uwl9JUAOF+sleJIByUJl6vinRiS7MbQNE8hcf10T+ozxLpJd1PuzSrxjOrEsxwu1kJDoiu1MRII21AVbk1OsLl47jaiLztxLecf80n7iGs5qJDPKX7WCgJnhzoo8BvnYargb36keHeDbMV3w4J4DwfRxpqKDD86D+zi1umDnD08lht7R3F53wSuHJyhAPDWeVmsmhbK+lnhbJ2TxN4FRRxemM+hZSU0b6yiaU0WLSsTaV2ZTuumWq6e3MTjloncaxnN81Oz2TgrB1sj6TLUZ6C5HW6RCaQt30nCtCWYBEehZ27OgEF6GBkOwMBQtBPfjQEG+mgdHLGwtGbAQENRbybOl9FRTRgwwAw9Uz2CjQYol+VeH2dWRDhSFjCIjEBDiiM0DI62pyTIggI/ExVCWwL0IWLdlojnkO1pRLqnPTneWiqC7Bkm3sf6MFvqwh0ZEulGmfi2pXoNIk18NwNstOJ6A9DTN2LgABNKfFyY5T+IBCsLsq1tGOHgwVx7H1Y7+LHEw4uh7mLOfU0pdjOlysOYTRWxHBqaQNPQOLaX+LEx35vVWe5szAtgY64XLcMj6Z4gjlX7sr46ikIfLbGODuQ6WhHtYEi2izl1EX6EedmofOpBGlN83S0JdrbA39ECPxcrgjxtxHfURoWpluumQXxbGqLEfARZke+tYfv4GL6/WMavewteAuBvTpTzWWcJvzpSwketlULVvNdSrsCvDAv9wZFyPjwymGMzg7i1LpbfnK3m6+NZfHc8l6+6Cn4GgH8JgqX+f+z9dZQlx5XuDZ8urjrMzFR1ivkUMzNjFzQzq5mZmZkZ1N1iWRazJUu2JYNYMswYxzAzpvHzxY5S9Qjavq/nvt/97vpW/vGsyIyMjIwMOrXql3tvfk6uoLkamZrwyZVWpnauUQD8wZVOfHipC9870YCXd5bgpe2leHFbCV7cUoJXdufhtb1FODfFhZvzAvcA8BPzHDg06MH5qX5cm2rFsysCeHqZD48tjMWBXg3OTIvD8fEOPLU8gFeXWvHSYh9msrWqCgmFOToSTX4pW/8qJKjCURQTgRVePTakeTAnJQkbcuJwOVuKa2zvPc/2/R0+NfYkWnE0y4eHm3LwWH0KvlEXjyf7SnGo3IIDDWY8MrMc8xwxGFJEY6xNi3xVCIKSaO7qvFWjRZ+C4uZqMVtjxHKrEyuYDnmlOMl+J0+y39mT7Df5CNvPTwQ9OJrnx6miZNwMJuF6diLOZ/hwmu21J9nvzpGADgfYb+GhZBfO+c047TPjvMOGy3obTqj02KfV4aTOgJsyHR4WG/CIxMj1UIyenz8mM+MJhRWPyy24YojDDb0DN9R2XJbH47gmgJ1+F5aw+d9ukWKCWoEFMRqMi1QgKXwMNCIRMqNCUatXI0k2Bmp2bmXrNC4mEmkSMZLFYvhZ39rZuYX1qS+a/e6Lw5GtY32sjUSeTIwcjZmNQQjEsnCkho1BgVqPJrUYw+xvCxfLWzWjnLtx/v2zA/j9S9M/t/qd9TkAnvc5AF7AdT/4+0X96tX5+Msbq/C310bq++ypaWzvi4RMEYoosxYyeQwk0iiIJZFcdExAezQvho0f6X8LAFOs3fuB0f+pCCY3HP/gS88ItC+6rwUwWfhmTDv4pbKjIuB6P1fTXwTAhSvvcIj81TL0LFNGLbJmHuX1lG99ARXbX+QQ+KtlvwiAcx+4eN/6opVG5C26/KX2jYrupfYQsKZn1Bz4DprOfPa1cgIAFiRIkCBBggQJEiRIkCBBggQJEvT/b8r26jnMJaibn2BHdpwNiXYNkp06bmGb4jQh1jgChOOt5GpZi0yvDtk+HfICJm5FS66USXQc9Ou5BS5dT3epuEtRyiNlejTIcKv5tdH7gn5Wn0fFlROrY3lG7p6ZLHQ5pE20wyoWwaWVIMFp5hDYpVfCIo9AglmJYMCOJIeWtVWDIopFzERWwNXZflRmulGTHY/yNB9/z3SXgtdPUJfqJ8teAsVlaS7eFmoXido/2r4vAmCyAKa4wDw2cBrLS6UYty7UZ/u4FXB9tguNuew8aEd1hhm1WeQemaWfu3z+ohtoAsEkKl+RakBRvIpbzJJb4c7CEfhLVsBtuRb0lri5+2eyAibrXoKCowCYrEIp7u+opehoSta/FBeY3D+PQOARC12y1i0ny12mUvY8AsDVyWbu6nfUGphgLYFgHpOY3UcunQnujkLdojglTwkAk8tnAsOj1r90Ts8gkaUw1UH1kagcAVPqH4K/BL0pNnNdqokD4FEL4FEA/PS5ZXj2/HK8cGkVnr2wAs9eXoUnzi3FCzc3cAB889h83D6yggPgu8fo2hpc3jcFe1fWYN+aEmxZnIIjmypw59RkrH/Ag4PrS7F/bTlLy3Hj4CI8fm4ljx/8+IWtuHV2NS6fWIUXHjuJ5x/ci6cuLMJLV2Z+CQA/e2UZB8D7VnSjIUvPxpu1nb0TuYDuLHGht8yJsVUubgFM0L491462oJm7gW5K06AtS8dj845aABMAHltkxEAxpWb0F7L8ghHrX4K/ZH066vKZoC+JjkfhL8H/6kQVGihGc4qWP4dgc10K5WnQweZOQ7wcjQkKbvXbncXqz7GiJ9uM9nQNmpMVbLxVqE/XjsQSZiJ34y3svQgIVyYokeNR8pjZFEs7yylDmjWGx88my3eC9/msTQU+lvrkaC2NxflDu/DEtf24dXAATx0Yxt09478GgNfNSsSOBfk4uaYDRxbVYP+SWjZuAzi1qQZHlwVxbHk+9q9swCNXNuK5/T146eQwXrk0F8snlUAWIoJYokSoTAN3dhDtq7egbOIsqPwBiKJGvJ6OGf1f+RhSCMIiwhEVGcotg8n9cjTLD6NjArJRIgRkoXjAZcPeRDcWxavR5AlBeSCS9YsG9WRt7ZVzNQQ0aEkyoT5Oi3LWF0WWaKSyfSfPp0U9WzfdmUZ0sH7nFsJsfIoDrG+8oShy6xHQ6UdiqYZHs7ZFo8yixazYCJSqxShSSVGhN6JWZUYLU7vRinK25+baZWiwO1GoYHuDRoNCiRiVChkqoqPRJFegS8vukUjRJAnFDNa2eWwNpkSK4I4QwSmWIl7D1qAyAm3s2sJCP1ZWpbHxlCOewK9OCpMxEg55JN9LHToJAvQxENuvyS08fTTQzt59bAbbWwIKVLoVHAD/+OEG/OR6BX58rZ0D4A8u1uD7pyvw3WOV+M6xGh5v9+0Ttfje6Xr84HwzPrs5gO+f6cL1+Qn45"
36551 [Forwarding screenshot on session b1310904-d161-49ca-a1a6-530fba7baea8 to remote] DEBUG org.apache.http.wire  - http-outgoing-101 << "oYs7tb5w0vF+OxKBT65WH1f6PtF8euX6z5XAwfAH19uYWrj+tHFVnx8vRsfXu3CJ1d78e6pJry2pxyv76niemlrKV7fV4g3D5bh0gwfrs+J5S6g7wHgYS/OTvbi8lQLnlkeh28u9eORRbE4PFaPczMTcWZiHJ5ek4Bvb7TjjXVJmFPohnqMEmY2B7vY2p7E1lKrRYXxWi22sTlEWmx3Y6Xdij2GSBxVqXCcjdMRgxX7tRauA1odjuu0OG3UYo/bg71pRmzPluE0q/tKnI+VtWAqG3+KR62VsbFRS+GRxyBWHIksmYTNBRWajHq0moxoK2FzptjF1l4c2svi0FHqQWelF51N6Zg0qRGzuosxrjUPnVUpaGa/Ke1s72lne09zHvsNKfChkO0B3JMDfajF5kSCIhx+eShS2bzJihzD3TSni0ORp4hm81TC5qsU5UopyhSsHXIx+sIk6JOEo0UahtoYMWrYHO23ijEvSY9ZHiMWWWIwyynFDLeGvZMMk9gzFsZasIGttVUqMbaYLdhptWOvnfUD006rGxvMdiw3mbHQYES7OQG5MtYuuQhx+lDuDcQpl0MXEgZ7tBheto6TIiXoMKgxNdUFjzIUq2eW4i9vLsPPvzHAwe8X4S9Z/Y5a91Jc4P98bRH++PriL4nyRvXbV+fiz68vw59fmY3fPz+Iz745i/12yhETFQ2J0QUj6xO9IoZ7JlFLIriUMWGQR4VAxvpPJo7gErWd+xf8T9Ry6lP4aqfdg3//byhaZUTxyrtfek5S3xqEUBDnr5QdExKKpN7VXyo7qqzphxHCg0V/+R4CwIXLbvEynsoJX7tOUrnTULPrW1+r05ha+bWySmcSqra9xK+XrHoYUUrD18pQ29Mn7Ppafa1nfwpDSjliNBZIDG7IzH4oHInw1U1D0/EPv1S28eg/BsANh37wpfKjypj89wFwUs8qXoaeZcv7Oy6gi3q+1hZS2vj7A2CFPeFrZQUJEiRIkCBBggQJEiRIkCBBggQJup/IMpYseXPIMjfZhbxEBzJ8Zg6CSbkJbgQsajhUkYg1SZHu1jFpOMwlWEpul8vT3fdA6qgbZtIoFCagOioCwaMAmMqOgtdRMDxahkSAmeL5JpJ1mlkFq0oCr0mDrDgnEmxa+HUSxJrViGfHBK3TvQZk+dh9rE6K3VuR4eLwtjYnjlv70jOoXoK6pOJkM2qCsbwtBKpH203t4LEwE0bgL4FiclFNbqBH4/8SAK5g7a9McaEuy/t5vpNbAZNVLwFOcnFckWwYAb1BAqlkJevmx+QOmscDzmJ1pBlHYrCmGjlUJGjbUeDkALg524iuQgePAUwWwGQNShCY3CYTBCbrX4K+lDfqHvqLeWT925Bp5jF4CdLSMyqYKN4rpeUB9uyAjlv9UXxXsgRuzKTYwSPxewlwkkateul+AtVk+UuivNF8Ar6UjpYlCEyunwn+khUwP2fvS/1C71sYUHIATK6sCQAfOrgf33v7W9wFNMUAfub8cu6CmSAsHT93ZTWePL8UL97aiG9eXoUbR+dwt8+kR0+vxPWDs3F0Qyf2rxkBwHvX5OPQhjIcXt+EfesysW1JDs7t7sDulfk4t2MKHjo1Dw+fWIfHL27AmQOzcWjHNDzz8BE8e3MnHj01lz13Bn/+FwHwK7c34eDqPrTkmtGcN+LqurPEh75KPwaqvBiqZar2cWjfwa6TZS5B2XY2jhSbt4fdR4C3P8/ARQB4qNSC4TI7BkusXAPFNg6AKZZsaawcOfYIBG3h3PqXxpbgIsHgingVqhM0qIpXo8QrRYlPjMp4BcpixSiPk3DLYHJVXM2Oq2IlaEhSoSPLhO4cK9oyDKhPVN77eIDqrE5Ss2Mjt1wmGFyVqEK+X4OiAMX41SHoVnAgTOCXAHBZkhllbJ6XBhzIdcWgrdQ3AoCv7sHNA2PxzQPDuLN73D0AvGVeMVZMDWDNjHhsm5eLE6vbsWduKXbMK8OpbZ04tq4C+xel48CibBxY04RHrm/BG8cn4LXTk/DKpXk4smYs90AgjwyHXC5FQVkOxk4aRlN7MxJivTCrlRCPESGKLIRFoRgTEslj7krCRYi3KlCSZEVJPNt7PHKkWsSIU4dzd9KVDjWWZMdjfUE8ZpIVNOv3hhQFahPlqHDJUWZnqVOJGrYn1Hj17Jj1t5WtF4uCQ9oyjwJtbO73Z7B7ydqb9XMDQftYBQp9MSh2aJGqVUEVHYJo1m5yQZ1n0mI6Kzcp3opSQwzs0SKIRSJoRGPgjZLAGR4GS5gIqSoTXOExcEfEwBctRYpCzYFXTowKFSozhmwOzAo4sSjdhvk5ThTpwhCQRnJLSz17/8zwMWj0yLAsz461JV4kqsmbQgQSjQq4HXK41DKYWHmjIhIOgxQJ7H0IXLen6dHF2jfI5kszmydVbNx3TEzDTx9tws9uVnEA/MntCu6i+YOLdXjvXD1L2/DR5U58dK0bn97sxU/v9OPnj4zHR1cH8NyWUnz7YAWP6fvBpQJ8eqUUn12+j7vnr+iLAHjUAviLAPj755rwwZWOey6g3znZiFd3l90DwK/trMQbB4rx7UPluDo7Dldn+bgF8EtrPHh8rh07uy04MezClal2vLQ2lVsBP7IogH3dKhwaduLUcCweXx6Hl9eb8fwKL2blWWAIkcMikaAzqMHhhiwsjvNgpsaAOQoVxovZOhBL0KNSYKpOgVkGMyartJiiM2GCRo+pRgsmqDSYpmNic2JYpsMmtt9uDKqwwqXApUAKLjv9eMBh5h8+6dg8NodHwR4RDVdUNALsuYms/mR2nKdUoz7WgiStEh727CRWf7GJ/b4qxPBJpEh0xSKWXXOy51sUGnilUmSycc7ThCNJEQVLFJt3knAEjXqki9WwhoihDpVCHSGHLUYLM0t17D6SQa6BUaKGMUoBE8u3RCpgj1LBG6qGSxoDnTwcSkk0rDFhaLSLsTHThQMJcbipt+C4y44j8QGccPmxy2DDBrcDmzx2bGd9sMJmwnKrEcssJiw06DCL5U3WKDDIfuv7mJpULmSx9RxUhqAyTs9j/DpiJHxNxEVLkCWPYu+rxSSfB7MzPHBJRFjC5im+swK/fWHq5y6f53wOfh/AX95YjL++uQT/9eZy/O3bK/DXby/Hf7214kuiPALIpD+8MQ//+cpC/PmV+fjz67PxixdWoZGtNUWoBlptIgxqPfQqHTRyNdQytsalStYPCsjYWqWY5NFRMq7/MQCu2/sWdAlF9wWB/1ONCQ1DYveKLz0nbdw2hN3HmpfkKOz+UtlRxTbN+Ttuo9mPxvLbvIzal/W16yRv9eSv1UdSuVO/VvaLALhm1+uIUZu/VoZkL+j6Wn0EjMPv46bamtuK1jM/+VLZfwSAbbltaD75yZfKj0oAwIIECRIkSJAgQYIECRIkSJAgQYL+b1WyTcbj+RYk2lCW7uEQmEBqmsfILWvjrRoOXz06MeLNMg5/g7EGbqVLFrvkNrkqw4uG3HgeR5fcKY/G+SVXyhQjmGLrUkpulumY7hl1HU3H5CY6w6nisJeU7lDycx4/2KVBBhNZH5vJGkorR4rbjASbmrfHxc7jbTp4DXLuyjTZpeIAuDLbw+RCOcGtHC9KUhwcdlNdpakEhb2oDjp5e+h51Iba7Fguahe1j96lJuhj91LMYjMra+cunwn2khVwWYIFZYkU19fLXUJzd8ZBNwfABFfJCng01u8oACbRMeURGB6BsRQveASkklthigHcmmtDe76DA+DWHDOHcuSilyAvWfg2sfvbclwcCJO1L4muESAkq1ESQT1y41ydohsBsUwc3BKoZc8iC2ACwCV+HXKdUhR4FKhNtXIATJbAVUkjLp5JZCU2asFL7Ry1BKb8UVfQPOYvewaHvF8AwASSya00AWIOh1n7y1nbCAJTn9UkG1CfE88B8DvfeQNPXNh6DwA/c24JXri0Ak+dXYRnLpEL6KV49aEteO76Olw+MB0PnViGuycW47GzS3B4XTuObWrFhb1d2Lk8H9ePdfJ4wJsXJ+LR8zNwckcVjm+rxEOn5nBAfH7XOHzjwjo8eGoBDmwdiyO7p+K1p8/gxTv78eip+Xj1+gI8d2EZB8DPX"
36551 [Forwarding screenshot on session b1310904-d161-49ca-a1a6-530fba7baea8 to remote] DEBUG org.apache.http.wire  - http-outgoing-101 << "Vp6DwAfWtOP9gLW/4Vu/q7tRR70V8VyANxdakVHgZmPWX2aHp15NjRl6NFX6OCxeQkA9xdaMDbfyAEwWf8Ol1kxrtyBoVIb13CZk0Pi1gwVt/LNd0VzCExjSuNMbr4J/o7EAmZjmahDWZzqnmvo8oCcnctYOQMbQwU/LvREs3GW8fpo7pDVdXmchgNRckdexuqgMaVxo48QKlK0KApIEXSz9eTTItfL1qZTwdMSthYoBmqmQ45MTwyybBpkWsM5AD68dQ0eubgDDx0dxuO7e7kF8MMHZuDuodnYNKcQSyb6sHJqLDbOzMTu+VU4tLAGe5fWYt+qeuxfWYr9izKxf2EQJ7f04vrZVdgxqQgr+5OxbCgdC4aK+McZ5JWgPCsenTVBNBYmoakgGeVpsWzfiUWq3YpEpxtuqx02C5NeDr9RgqpUC6bWJmFGdSwmFNswWGhHR5YR7fFGTMrxYCpbS0MZRrSlECQ3oiVZgwa/Ao2xVlS72Ny161DlNKDGbUKlnc13ixYlJjU6HDI0WcRoYXtIF9sXO9i+0cLa2OrXo8nD1gjrrzKTBpWsHbmmcGSyMlEiERIUUrR5VOi165GjDIdFIoIyWgRjTDjcYjHsIWGwhobBGR0OMwFsXTjbC2PYPAhDqlqEbKZSYzim28Oxu8KL3TV2nO5PxDdWteLSwg4UsDZZwkLgCI1CmnoMJsdGY3WhDfFyEWyyMQioZAi41fAbtDDJxdDLImFSRcKjj+TuvNtSdWhPlGEcm8etyWpUe1XYOSmdA+Cf3ijHZ1db8NGtMnx2vQkfXW7EhxfZ+eVOfHylB+9f6sKPLrbhvUtt+N7pBrxzuh1vH2nChxfa8ZNb/w2Af3y1hlsEj+qfBcDkApqeMeoCmp79RQtgigP8xp4afGt/Ed44UIpbC5K+ZAH81ANurK6WY3+3EVcmWz8HwAl4fFE8dncosbNLj/OTk3js4ufWOvDMUg+WlOmRRr9Bxmj058bgaHMmZnrZfJHIUSlWokCpQqZGigRlDBIVMciQypAUGYVMuQzZSgXydWp2LEEWG/9USQTipVLMyLFgYT7bO5UR6FUaMFOtwhCba4pQEaSiUEjHhEMeEQlpVDikbH5Eh4kgY3PCZ9ZiKCsWHkkUYlg5l0yBplg3tx6nDwDCwmMQxcqFhUciIkIGfXQ0MlRRbP7KkMHKKCNiYI4UocruQJZYA5UoDJEhUYgQRbL6ohE6JgIRkWJEsHoiwqLZc2MQHRLNrkVBFiqGJlIBcYSFA87QyAiEhUZDOWYMis3RmJ5kxBSTAmOlCjSER7O+kSNPKkdGZAyyxRKkS2NYH0XxjxXipNHwSaPgYccOJgo7YVOK+QdfSXK2t8SE8fi/SwrSUG/WIxARxdeIU8bqYn2Wp9JhksuOqezvkWSNCEsnBLjF7+9emIHfPj+TpbPw+xcpBvCI6+c/vbYYf359Cf7yraX481sr8Ze3V+Gv31nNRceU96dvr8Af31zOAfBvn38Af3h2Hn7/zEx88vBCtCWZYWB9ZIjRQypWQBIjhzhahpgoKRfFGY9kfRbO1l5YpIxL1M7+2PqfqGLjNyHWWL8GAW157ShYdAWFS66jcPHVr+gaSlbcgT7x78cN1vizOVwefU7Zmse4ZfD9ypL76dw5p77UrtLVj0Kstd23PAHg4hW30XrqM8ht8V+7Tta6acNbv1QfKWvqgftCaALA1dte4mXazv6Uw9ivliFRfGN/3XS0nPiIl63f/x0Yksu+BqkjpeyPy9knvvRsUhMHwElfKvvf96iRMXH31+4hZf4vADCVaT7+Iez/AADT9a/Wm/4PAPBXywoSJEiQIEGCBAkSJEiQIEGCBAkSdD+lOZXc0pXi51Zk+rgL5VS3Dol2cvssgUsjZqmMi9ydBgmOBkwcinI3zYk2Dnar2b10TDF1CaZSrF8CwQRY6TqJgCqdUzmCrAR7CwIWVl4HivVLKSnDqeZpIVnHJdiQ7lAhyarm1r4evZzLpxUjwSSDV69hbbXAoRbDpYtBMN6MEgK0WU5U57B25VhQk+NAaaod6azeFIqtmeJCe1kyuqpS0FacyttKsJnegTQaA5iANgFgek+KS1yabLsHfwmClSdaUczaX5VK1pBWLnIFXZPB3vtzyEqgl6x9yfXzqEatf7kb6EwrmvPdaC30cnfLBN/IZTMB4OagBS1BE5qyDNwik6wz23Odn1v72tFd6OcAmIAwQUHSqHUoibsITtGhKlnLXTET3KP4veT+uTrDgkJ2XBFvQil7t3wXmwceBaqSTBz+lgU0KI1Tc8hLIsA7CncJ7NJ5Sbz6Hhwm+EuiZ1A5KsPdI+e6uPtpcilN1ymfx/4lS1aKa5vu4BCzOtOPfXt347tvvc4B8HNnl3C3z0+fXcgBLAfAl5fjGxeW4bWHt+KZa6txdNNY3Dn+AO6eWICLe8bhwJp6Dn/P7m7GrpU5uHqkHftWV7PjLJzZ0YsT26uwdXEWHjo9C4c3leLIhlbcPTkX5/YN4eD2Hlw4PhdvPHceL905hKfOL8er15ZwAPzSlRV48eqKezGARwEwgV8Oxclt9+cuoFvz9ex99XzMKuIV3AqXAPAAufEucXIX0GOLrBhXYsNwMVn7mjgAJvBLLqAHiska2MnLkAtogvo0lmT9S9a6NPYE+SmPAHBVgh61yayvU2nsjXzM6dqIa3AC7Do2L9UojFUgzyvj8XtL440oYWs436vlHz9QrO1sD1tzXiVKklndbPyKksjCX4JkixgpVgkSTdGIN0QiyRzD7pFz8Wv2cGSZVcj3SFDH5u7UvlYc2jQLj56YgMd39uChvRNwd980DoA3zy3C4glerJ4e4AB4w5R8nN/QhUu7hrFzaRUHwEdX5GHfoiCObenBxmV9qCCvBPEaZCaIkZPG2hswojDFz/YTL4JOOXICWhSn2lCV5UNdTiJbq16UZiagID2AYLIPyQl+BJM8PI5xS4oS/RkKrkmsv6dW+zGNjcuUcg+6srRoz9ShK9OIvmw7j+nb7GPz2qpDrlqCdEkkF7ngzZSKkSFh/SAWY6yXrRNlKJIiRRzmJai0TGokK+VIkccgVSdHpVaJCWyfnZEmxcRSFwxhIpjCw5CmEyMuJBzOEBGSlGKUWHRosrF1bNKjRKtCsd2EoE6KWr8G26dU4vF94/D0oX48ubMDN1ZW48zcYlwdH4+bs3OwrVmHfe1KvLOrCq9sbUGWUgRlaAgUkQZYJSHoc0dha008Mo3kRjcCXnEM/GY52z91MLJ30smjYVJGwaUN5/OkOVWL5rgYTCqwo50dV7O5sW18Mj57qBY/vlaKTy434YMbRdz6950TldzC9s2DNXjjQC1e2VeBF3cX44XdBXhpbyFe3V+Ntw434oMLrfjkGrl8LsBnV8s4AP4q8P2q++cPL1fjw0vs+HMX0ASbP7rUfM8C+MOrnfjkRs89F9A/PNuKN/ZX4Y19NRwCv7m3Fq/tLWBtK8NjK7Lx8JJUvLkzC29uScBLKxNwbnoa7rL59uzKbLyzuxRvbAnize3FuDEvCdfmZ+HO4hw8u60Mr23PxFtbM3BuSgLmNiVgRmMs6w8f1td6MehTsfHSwS81wRCtgFESwWVned4YJbxRUsRLlGx+sP6OjIQnIgKxYim30pVIIzGlwIqFeVb4IsOhC41GSswYVFoU0I2JQnRoJMJDIxDK5ouIzRNROBNLw9gcctsMmJrjhTNahAjRyMcD3SkeNLG1rCb352EhGENpKNOYSEhYmVSJCE0OCXLMCm5xHsruLWG/s/Ea2Ug5cQi7j+5lYtfG0DNZHSHsWhh7djjLJxfrpFB2bcwYKb9OChOFQ8by6WOi7gwTipQh3DpZEx0OqSQKyqhoGCMksMfIYYiJgVYcDX+EFP4o9jvO+sgRKYUlXMwkhS1SDnc0QWoREuRj0G6XYg59XCaPgo09Q8eep2RpLEuL1Br0sfZP98gwoy4WF7fW4FffGMIvnxiP3zw7Hf/23Az87oXZ+MNLc/EfLz+AP7666B4EJtBLGgXBlBL4/Y9vLcW/s+u/emU2fvnMA/jlk7Px6a1+vHd1IhbXe9HO9mD6IKspz83j/o948mC/i+x3n35Xc"
36551 [Forwarding screenshot on session b1310904-d161-49ca-a1a6-530fba7baea8 to remote] DEBUG org.apache.http.wire  - http-outgoing-101 << "7xSZLliEDBHcf2PAXD+AxdZ537dypagY/vZn/1DpY/bjrAo8dfuJUXJdcibf/6/n8XKW7Ia7luWJLcGkDv3DOr3vY3saYcQfR83zKPiAHj5bV4vwcr7lXGVjP3vZzNR+b8HoL8IgEkExaPk2vuWpdjCZCFMlrwRYvl9+27E/fTrX3o+qeXkJ9D/A2trcoet8qRzN9UElgma032ZU/bdtzxJAMCCBAkSJEiQIEGCBAkSJEiQIEGC/n8pitNLbo9LUp0oz/CiMMmONI+eQ+AEm5K7Vg5YlBwGB2PN3FKY4kTmBUasgAnkknUvgdPSZAcHwGS9SxB4FPISYCVLX4KslEcQmOAwnZcmO9l1sgg23kuz3FqelqW4OGhNsyuR4TZyy1+fUcmtkin+r0cVAZ+ZLJWtsCpiuBVwRXYANfnxnwNgF0v1qMq2joDcBAfSnVoUJznQUZ6CsQ0ZGNdUzGFvilXGrX7pHQhWtxQmo7cqyF1JU9xggmQEgMn1c3G8CYVxBu4CuiiO3Dyz94lnfcjaSq5xCQCXEBjlENT237CXiY5HoTCprciPvqok9Fcno4Mdk1vh9nwXB8D1GQYOgBsz9dyalGLK9pfG8di+LdkO9BTFcve9HPQmaXlKIvhH5wQMa9NG1Px5jF4CwGR1TP+wLohToiKetZ+9TzF7P7JWLI/Xf+4SWo4CD7mDVXEATLCXQO+oC2gSHRMAHnX/TBaklJII9FLs4N7SALrYe5El8CgsppjHBIAbclibMl3cgrUizYNdO7fzGMDkApoA8HMXV+KZcxSLdwW+eW7xPQBMFsBPXFiKHUubcOPQLDx8ej52LavGmZ1tuH60FztXBHFwQxF2r8rBqR0NePjMLJaXiZ3LSnBscyO2L0vH4xfm4/DGShzb1I4DGxtwbG8frpyZj+cePYJnru/DN8+vwTPsnFxAv3JtFV6+vgrPX1vBATC5gB4FwK35FPvZglZ2TgC4q8SCPpZSDGCKoTsSk1fNAXB/kZ1DRnLxPLXayzVYYuYAmMBvT56exwAeKnXwMp1BHYf6NJZk8Utgd/SYrHmLvBKUxapRn2pBE5tzBNJL/GTxq+DzgFsDp7PxYmNRzMYrx69ka2tkbZLoo4sEkwQpNgUSLRK2pqKRE6tBaZqZx/bNZPWPwuE0u4zD31SblK1xzT2L+NJUNt4BO4fPOb4othb1mDm2DA8fG4dv7hvAw/sm4vaeKRwAUwzgpZP82Dg3hbuAXjsxB0eW1uPiziGsnJmDXUsKcGp9CQ4vZ+mOsZg+rgTlRZWoqCxGQWkCsvO9qCjLQHFWIsqSKR62D3lZDpTk+lGeF0BZbhyyAiaUsjVbmu1EUaYFWdk5aKguRS0r25NrxZRyB4YLDZhY7sSEKi8mVtswttyM+nQxOrK16GXzstWjQZ4kBMUaMYoMagSVEqTFRHFlStn7KxTIU6tRpDegL82GREUIh2kiUSREYQqEhMsQFhLJoZyJqUwswbKAHrtKddjYGoAnSgRNSAg8SinscgvMYRKkR0vRoVRhmkaLSWo5mtTRqGb7aL1OhyZ9DNbX+HFhShquz0jAM2vy8cL6cjy5ohR3lmTh8OxULG7XYXuvGm/tKMTT68oRJxNBojAiNNoJtSwKPWy+7GxMQ9BCcX+j4IsWI1ZPAFgPvVjMY5dqZWGwqUI4AG5NH7EAnkKxrFPZunXLsWU4ER/frsKnV4rx8aVGDoA/udqMd0/W4Fv7yvHK7gq8treaA9/XD1bjjcPV+O6pOpbW4tuHGvD9U/X44FIFPr1ezK2IP7lUeV/oew/8Mn1wqYrHGSYI/OElih/cgA8vNuGjS61cZAFMEPi9S+0gF9A/ONOCNw+wZ38OgN/aX89jAL91uALPsD3h6XV5+P6hInx/bybe2pyFx1ZX4Ztry/GNJWl4emkC7s624cklybgwzYfLc9JxaWYi7q7MxRPLk/Hccj/OTbZjba8Pizqd2DFkxbauZAyxNRDU6aGNMEIWqoYpMhqmMWEwhsqhCZdAE8rOI6JgZ/NAHxrCjiOhj4yCKiwMYZEiLCx0Y2W6DWZROJs/cmijRQiqxQiE62GIZOcRUigiYxDDymskMdBHR8HA6knV6LA8Jw6ZsmioQyPgiRFjONGFHjZv7GEEd6OhZKmEtUESpoZdFIVqeQSmst/WFoeZP88cIcL4pADqNXp2zuarWAbLmBhY2FzWR0igjIyANDyU3R8CWUQYP44KFSEyRISY8BBoRGEcLEvYc6SsTSp2XOpWYmKGG9XRYdx9s1wqglIvRlyYGPGiCN5+OVsDXlbeEBECfVQoNNGhULKULJtloWNY34RCGx4OHfUF23PakjSYXBbH1qkdRfEuVCbHoTKW/Y4nGDCjsBDT7EYsZnvj5Q2D+METC/Dvz0/Af7wwHf/+8lwe+/ePrz3AY/7+9Y1l3PUz3l4FfGctt/r9r++uwd++t5aLjilvFAT//o3F+NMb6/HnV1bhl49NwB9fXIAXDvbiG4eG8NixHh6j/Jm9XXhqVzue2N6CR7c04u6GWtxcXYGry0twflkFl6jj/L/in1X7uZ8hvm3h1wAguXAuXnbrvvd8UTU7XoXM5P3a/SSyls2ctPtL5XPnnkaEWHHf8qMiCHq//C+KA+DP22dKq7pvmXC24fnrpqFo6Q0kdi1DeIz8vuVIBHNrtr/8pbYmda+4b/zh/5UIELtK+r9U16jaz/4Uvpop973vqyJL5aIl1/l9WVP237cMKbl3NS9DVsn2/PsDYGdRL7/+xbaQMibsvG95AsBfLStIkCBBggQJEiRIkCBBggQJEiRI0P00CoApFm8eAdhYEzLdegR9JuT4zSMw2KmBXx/FUhWPy0sqSrByOFScaOEwiJQfZ+CwiKxlCwJGfkyQN9Ol5gCYXEUTXCVgPGoNTCCVwCm5UKZjcjdLgJVEFrUUfzTeEI2sWCtS/TaYlBLY1HI4NTJoI8bArY9GPAFin5G7hU73mlCREWDv40aa04iSZC9XaYoHBfEjMX4JXndVpmFCewHGteVzWJzh0TBpOQCvyPRy6+Gu6lQUJBkR9KuRG6dHVZaHw+IcH7k9dqMk3satp6nvKL4o9UF5so1DzYoUK8oTya0zAWCy+B3R6Hk9e2Zj0M2hb1dJHFdncSzaCkYsgcmylCAqwVty49yYZUFnvht9JbEYy8r2sHIdrBxZAZP1Z0O6hUPhUXfA5FaZjhvJDXCiBq0FLpSlUYxlGUrYObl5rUzUoyyRrHdZP8XruMhVbkWyiVuKktXkKNQlAExWpARx6ZxALgHl2kwDajJY36RpubUpifKbc1383caWJfA2EgAmN9AElKmupjwXt3qmeZTF2lKU7sX+zVvx7isv4vErm/HkhQV4/tJibv379JkV+ObZpXju6lI8e3UNXnnwIF64uQWndrVgz4oMnNzUhiPrK3D76CwcWdeKs3srsH9dHg5s8ePusTV48vx6HN8wCdtXJODy0VKc2T7M7qvG7RPTsH2lD2e39eDq/j4c39mA154+hSevH8I3zi/Gm1ce4M98/vpSvHiN6coSvH1nI86u7kN3ug7jcp0YyjGgP1PD0/H5Zp4O5xq5+jLUyHdKQJbAXQUWtAcVaM2Uoj9fh76gAWNzbejOl7DxVGKgVI3uPCU6c5ToztXw+KLNaQqUs/4vjdMi16FEHluHZK1d5Jej0B/JxiICGXYZctg6o3i8pWwsM53RSLdHoCCOjVUyK8/6u4z1d2ksWyPmcGS7xUh1RyMzSYOcTDbOPglbawo2r+VsfmhYKmV1ydFd5OBuq7vy/ahJsXDXzxlOBbf8zXZJUcHmAVmfVycrmJSoTNLx+ZHjDMecznQ8cWw2Hj00CXcPTcSNPcN4+Mg0bJtTho3TC7FuahBrp2dizfRUbJ+fik0PZGPFrHRsXpCNg0vzcHFLC05uHsSUsUWoKAigJMeH7AS2J2S6UV+UxD/wqM4LoDoYi1K2niqy3CjP9qAozc7KGRBMMaMg04FsNo9L2JrtrMlCXa6PuzyvzzChlYncPPflmlHrF2Mg04ixNEZeNhZs3RY6tBychYpECI8SIUISAlFEFMKi1BBHSGGPDEetQ4XxyUbMS"
36551 [Forwarding screenshot on session b1310904-d161-49ca-a1a6-530fba7baea8 to remote] DEBUG org.apache.http.wire  - http-outgoing-101 << "2fr2CuHQymCme1TBnkUzFIpzHIlbFodUuQiZOpCUOi2YEJGLJYU2mARizjoc4ZKoY9QQBsthkEcjlimouhIdMnVGK+zYUBlwWptMpYY3Jhn1GKWQoYlCj022bzYFO/ApqAJxwoTsK2uBPNqtDg4rMRLa2pxY3Ensm0iqCNEEEeGQRUuQgfri63N8WhyhMApD4fFqIFWzvZPrQp6SRQUrIxTI4FXHYkUYyTa2P5DbrD7Wd82sjEuYvNqXX8qPr7TjJ/cKMRHlyrxwfUKfHCpAe+cqsEbByvx+r4avLa/fkQH6/Ctww1480gd3jxahbePleHdMyV4/2IpPr5WgU+uVuCjy+X49DrFAa4Zgb9fsPIddfX80YUWvH+2ET88VYcfnKZYw8081vDHVzpZHV14n6Xv3ejG+7d68YOb3Xj3chvePdWAdw9V4wf7KvHu/kK8vSsPr2/NxcsbcvDsmlw8uTwHDy3Iws1ZqTg7ju0fAyk42BWP3S1ebG9yc+1kxzvb4rC124/dA4k4NDEDh6cEcXBSFvZNGNGBSUFsqU/EgCsG7QYZGpRqVEvVHKZWqWSo18tRa5KhyihBqU6MApWYx+fNkImRLCVJkKKUY6ggDtPyXahk49Upj0aHWYEkuYSNiwlyNlaRbC7q2D0E6g1RUTCJCaKOxLWeXJaIZFa/mc2bZKkMEwKxmJLohz88FNFhURw0G9jY6qPGwCyJRtAgxUCCFrUeJeRsfntDRBjHfrOq9REcABtj5DCGh8E0RgQTu6ajZ/8DacMkULB2m0NFsEWE8DlXZojCzFgnciUSSEKjIA2JGFFoGIfE8tBQDnmlISOWzBGsfWNEIWy9RSJMxNaZKJxpBDKbRBLUxyZgMlvzw7lK7JvN9pZ9jXh2ezWeW1mExzdX4pvb2rGq1oFBfxhuL23D+5fm4k8vLsdfX5uPv766FH95ZQn+8toK4NtrgbfW429vjqT47hamjcB3NgDf28SP/4vKUN67W/DXN9dw8etvr8Pf3lqLf395Ob57fghPbK3HN3e0sWe34untbXh2Zwee29XJRceUR9ee2j6i/xEArtv9BpSOr7sk1icWo/HgO/e956vyVk3k0POrdZD89TM4ZP5i+djG2f+PwSpB3Pu5bP4iAP57bp3vp5BwMnWP/Fr+/QDwaFtDI6K/Vv7vidrrKh3gVsxfrWtUFRuegvTvQPMviiyri5be5PcIAFiQIEGCBAkSJEiQIEGCBAkSJEjQ/60iF9AEMAn8EgCmeMAZLh3yAzaUp/lQkOzilr+JVhmy/QYUJ9s59CTYmeunGMBGFJIb4WQbh6CURyCYwDDlk/UvuVQmC+HWohSu5oIk1GT5ORQm4EvglwAwAV+CwaXs3oJYPc/P9aqQZlcgJ96BJI8Zelk0jLIYDoA9WgVcWgm3/M2MsyIv0cXL5cXbkOHRs/aaEPRZkOUxcMvfJIuMA+90lwIN+bHoqc5AAwHUfD+aipK5G+xc1qaGgkQ0FcejKMWIfIJqPjWCfi3K0hwcWNI71WXGoibdx/uDW1CztlNfUPvJrXF5soUDYIKplSlmDlZHUwLATTketBXEckjaXsj6Jt8z4gI6y8bhL7lSJlE84IZM8wi4CtrRU+TjALi/OBbd7J7OfC+HvfVpZg6A6bgiXsPTygQtmjNG3EO35DtRkqJDbpycu4AuYWWK/eTemaUBLYe9BH0JBpMoj4DwqAUwwb3RGLHcjXOqEY1kVfw5AK4m0Jym5wCYrtN70Pt0FcaiOZu9V7oVdWls3sSpWP16bvlcz+6n/gyyvJJMPw5s2Ybvv/oSnri6hQPg5y4uwouXl+P5C6vw/CWm60vxzUsr8eKNfXj59nZcOtSDE5srsGGeD7ePTMWprS04s6MV1w5NxL51mdi3Nh+PnFmAO0dX4tzuTuxeUYqT2xtx7WgHTmwawLEtdTiyuRQHVhdgz4osPHh6Nl56/Aqef3QPHjk9Ad86v/oeAH7p+jK8xI6/+9BmnF87Fj3snYfzXRwEd6So+Xl/tgm9rD/6CC4yUX7QwvrOpUFtEhsXvxRlnijUkTtn1veNcXrUsrQ50YiWJBMaAnrUxWrZNT0qaF0aopBhiEGaLgbxsiimGKSyeZ+ulyDTFI08h5iViUGuLgJFZjEqXHJUeRSoj1OjJVmHxgQ1OlhdHT4dOlna4lTz2LSVrO7aeCPagl7unpvGkdxyl6SQ22dWnzeKzSUL+grc3LqYADRBZu4mmj7q8LA5xOYCuR6vSVFyAEwfBtA8KfBGY0FvNp48Pgd3943D7X3DuLpzAHcPTsPOuRXYMqsEG6bnfg6A07B1VjK2zM/BpgW52LeiBGfXVuDWzm6c3zEeMwdKOACuKUlCYZYbRRkulOf4UZUbh7rCRNQWJKC5LA0VQT/y2f6Tm2xFWdCHpqoMLgLHBIDbKtNRlcXWtk+G0oACNfGsz1M16M0xoTPHjPGlbnRnqNAQF43WFC3y3eSiVgRl1BioRSIO0Mhil9zzmkRhCISFotmhwfR0Fxbn2TCUyd49NgqlbC4UBtiaIlfbHikH62kmBQdpWlZPjVWD2UEjNNEiiMIioWB5FFM1iuK7xoTDEhOB5MhIFERLURIjRy5LByUa9ClYqhdjilaOxVoTVumsWKxXYrFTinUaMeZYTFiWq8HpJhnO5GlxkPXRBKsYfUYTd1kdz57f5ZBgfYUHjfZw2KThsBo0/OMZp1oBgzQaekkE4iwaxBulyGD3trJ9ozFBiZ50GxqS5BwAr+1LwUe3m/Dj6wX46FI13r9WzgHw905W41sHKrjl7ygAfvVALV4/VI+3jnTizcPNLK3Bd09U4IdnCRpX3bPw/fBqBdcHVyrxPsv/0YUq/PB8NX5wdkTvnCjGd44VMhXjeyfK8M6pCqYqvH2iCt8+VoHPrvbhxzfG4pPbg/jw1iB+eLkH75xuxXcONuC7u2twd3kZri3Iw6kpKdg3EMCObh+2dvqxpT0Wm9v82NxpxLYeG3b2O7F32IdDkxJwZHoKjs/MxIlZWTg1OYm7ib44MwsXZ2fjwqwgzs7M5jrHjndVJ2C8JQrdqhh0KNRolmvRpNaiPCYK5bIw1EWFoDY6HDXRkaiKiUZFjARlYjYPxQoUi5WoYWt6XoYVG3MdWGaWY3ecC2tjrWjRSpGpMCCD/cbFRkcgVcXmkkqNTLUGQa0auWwuNAWcWBU0oMHC9gGdGo1GLVbEW7GS/XaWy0KQ6XSwsXQjVquE26BCwMx+E8waTGP7ziArF6dTIUUpw+ScOLS41fBKxXDobHBrteweOXx6FZ8f/0hWhREmdTTc8gh4FHIYFZGoZmtjTqIfuTIptBIpVNExkIVHIHLMGISzOU+KDA1BdHgYYsaIoIoMhZrNe22UHBaphkkFC7vPqZLDKYrk9bQ55BhKkWDHxDScXl6K84uKcfWBMlxelI+ri8uwqNSAHrcIh8fn4OHVtXjtcBu+dawe3zndhbdPdbK0B+9eHMD3Lw7j3QtD+P7lcfjRtcn4AdO7Vybih9en4P1b07k+eWgOfvzofHx8dzZ+/NA8/OyxBfj07kx8fHs6fnhlMp7Z3Yoby8txe1U9bq6qwS32vAfX1OH22nouOqY8ujaa988D4HP/guypB+8LANPHbbv/PfdR6epHEClT37ceAon3A6v2vPZ/DIHZQMqtcciZdRwqV8rXrkdIFPfgaNuZH8Oa08zh7lfLfVHUxtiGWfzZX72msMWjevtLX2snifpCYnDxuMJfvW9U9Gwqkzfv3H3r+KoqNz0DhSPxvu6jRxUaEcWtl6l85qQ99y1DIktlKtNy/EPYclruW8ae38mvf7ENJHq3+5WXmX1fKytIkCBBggQJEiRIkCBBggQJEiRI0P1UlGznrp/JtXNevIWD01iDGMk2DfICDhSmuDlIJetfiv9L1r9ZXi23/iWNWv+Wpzq4CP6SBTAdV2eOWMyS1W9TfiLaS9LQUZrOVZsdy10uE+jN9+u45SzF1qWUQDDlEQAOuhXcjXQwYEfAoYdBHsMt1uwqCeJMWliUUpilMUhympGX5EV2nA1pFNvUrUYwTsdSHdJcWsSbZdyKOYFc3TIVJltQme1hZTQoS"
36551 [Forwarding screenshot on session b1310904-d161-49ca-a1a6-530fba7baea8 to remote] DEBUG org.apache.http.wire  - http-outgoing-101 << "DKjOhiHwiSyBGbtSbCiKMU6Yv3L6khjbcj0qDj4JhfWIwDYz1We7kZRko0Db4LfRQEjqtLs3CKTADDBVILAJLK2JREEJgDcURTgkJQAXEM2xQkmy2ByDz0iOm/NdXAITBbAZHE5CoD7ivwcALfluLjrX3LBS3GByRqYzkdBcFO6medTXcXJWuTFKblrampDoVfJQS8pz0sxYhUc+pYmkKWulqfk6pksdgnukdUvtYtSAn5k6UvwtzbTxFWTwd491civV1E70sxoynJ9HleYXGCTy2wNG2MTWgtiWR+R22A9smNZOzJ82LdpCwfAT17beg8A8/i7l9bghSsrOYh96iI7v7EPL97ainP7OnB4fRF2rYjHyU0tOLKxHFcOdOPIul7uDvrgmk6c2NbA4/8e21qBC7sm4dSWIZzeVYObx8Zj5/J8nN1Th6MbSjkAvnVqFl558hpefHwfHj0zEa+dXYkXry7DS9eWfw6Al+E7d7bg9Kp+tKVo0JNpxdigDb2Z5nvqSjOgI0XHXZY2xsmRodMgx6JDsYvNdasChVYZKl0aVNg1qGTzuUArRalJhQqrlkmNaocOdW49Km0qFLL5WudSoM6pRI1djSqLFg0uC1r9DrTHsbmQ7MZE1m/9bN12s7XUy9bLEOvnydlOTMy0oT9Bi2lZsRhOsGGs38zVx9ZHhZHNf2M0KjzkTtrE5ynF/i1LNSM/wOa5X4Emdn93vg+l9GEAmydkAUzrmlv3x6q5xS8B4Lo01uZkJZ8n9IFAaUCGxQN5HAA/uHsQt/YM4vqOEQB8cEkT9i6qxfa5pdg6Nw+b5gaxbXoKO8/FrsWlOLW2Fje2NOCxfQN4cP8MLJlYi7rSVDSUp6Mgw42MWAN38ZzD1mFBioOntYVpKA8moCDVi3T2fqle1j6KyZ0bj2K2x3TUBjHQUojaHC/yYxWs3WxNpOrRnWPBUJEDtckqtOca2foRozI5Ap2FJrTkWFESIMt4J1tPDtSnuVEZ70Cx24xMvRwpinDkGKJRYhNj2C1Bp0eMEmsomticaGNrrCNBgWZvOBp9ocj1WeGVh8EVE4E2uwrL83VItIogM0jhoRipbD9LULL9Sx2DHI0ENRoFWjRKNOnkqDMrUSUXoVYfgjaHGC3KSIyXKTFXocd8pQILTHJsNOkxTWvCpgIHbrfYcMQehcNWA/ayeXTY48fGWB/mWI1YxMZta5kXzS4xbOyZFvYMjzIULpZaVTLYNTIku0xItiqRw+ZcO33AkajilsP1SRKUuEcsgD98sPEeAH7vajk+vNzIAfDr+8vxyr6qL1kAv3awFq/v68a3DrTjraPN+MGZJla+GZ9db8Gn18jKtx4/vdOAHz9Yh09u1OKjq7X48EodS+vxyfVmfHqjBR9fJTfQFRwMv3eRXESzvOvdrHwvS3vww6Md+N6RNvbMRjy1rRK3Vubh3JxkHJ/kw6FBF3Z0uLC93cm1tcOJHd0e7O7zcxh8YCgBJycm4fTkFJydns7h7vnZOTg3KxdnZ+bg1IwR0Es6PTOLKYiTLO/kDHZtZi5OsHL76wswgf1WtsqkqJdqUa9gvw06C8o1bH0bdaiVa1Gj0KFaSVbBJlSqLShTWlCssKBIbkZZRCimxamxOkWPZToZ9npdWOU2oJXNh0yZGh42NvIxIkSHjUFYWAhCQkZi78aEiuDUy7CwQIVkrYhbCXsUkZiebsDMVDl8UpZn0sAjMUErlkBNH0sZ2Z6s02K2k81/m5q7o7awerrY7261UwFdRAQiI2SIHBMKOauP3E1rYqL/F9JCKYvk8YfJfbSKza0KpxYzEmMRlIjhimKKljBJeexfC0uNUTJWXslhrylyDOziGDilMjhjFCOKksARFQW3OBpJMTHIjQ5HJ5vr49j6nVtmx6QyI8YV6TGdHa9osGJtqwtzWD/MzJXjxLQ8XFpQhOtLi3B+fiouLsjE+XmZODsnHWfnZeDMnEycmpWO40wnZmfg2JwcHJyegUMzMnGYjfFoemRWNj8+MTsPZxYU4CTbq0hnHyjE0Rm52DchiCPTirF/Ss4/1OGpeVyidvbH1j+jllOfwlc7lcezjdFYRqQ2cZfO5eu/cd977qfW0z+GIaV8pJ4v1WW+B0W/ek/DwXfhrZkMqdHDXTOTBS+JLGgpdrA5sw7VO17lZdXeTERKVRzgkiIkSkj0DhQtu3WvvubjHyCueS5vO7mYJutZXicbaCqv9mYgd95ZXjZ1cBPEWuu9tkazRWNIKmXPe+VefV9V7Z43uTWz0pXCnu28965irQ0afzYCrQtQufWF+97791S9/WU4S/qhdKZArLPfa4/U4OZw2JxZj6rtL/Gy2TOOsuume2VG+5eUOrSFl2k+8RHcFeNGyo2W+bwcWWnT9S8+n0Sxhe9XryY252tlBQkSJEiQIEGCBAkSJEiQIEGCBAm6n8jlcRHF7iW4G29Dls+IWL0UiRYVcmJtKEr1ICfOwq9T2dw4IzI9Gm7tSpC3IsOF4mQrSlJsKE21c/fKpPJ0J+pyY3ms39EYwWT1SymJ8sgymIAvQWBy+Txq/TtqAUxpnk/NYwqnuPTwWzUwq6QwKyQcADuUEu5qlVxjenRqHiM41WtENmtbXpIZOYl6ZHoNvP3k3jnNpeZKsEh5yvO8KuSy5wQDViQ5tDzmsVsbBZtSxOohK2I9K6dBkKXc3XPciHVzbaaHaxQAEwQnIF4YR26QCWKPAOAvWv8S/CXASlCYrICbc7334C+BYLICHrUEpjy6RvC3JcfO4wIT/O0t9qO30IfOXBfaWBmy+iXgSyI30ASACQaTyAK4hvUB5RGQpTiweXHkLphdZ+NTxt6F2jXq8pkAMKWj7p8JAo/G+yUITClBXwK8o66hyeqXwG9dlvme5XIlezZZ+ZII/tJ7j8BkNofiNPz51VkOHpM21SZHBllMUgzgdRvwzssvfBkAX13GLYCfvbgMz15diGeurMLLt/bh6StrsX9DOQ6tz8TNI93YuTwWF/a04vqhIRzd1IBHT23CQydWYM+qIuxdH49L+wbYvZtwbf887F/diGPbs7F/TSUObE3F+R19OLOtFftYfa88dQJPP3gMT19ahjcuL8BL11aOAGCmFy4vwRsPbsThpZ2oihWjLl6FzjQL2pKNaGH93BSvRX2sCrU+BarcUpTZo5GmlSPbxOYYW0/5FjnKnGxMvGy8XFpUOTXojDegN8WE/jQThrKsmFRgx8xyD2aUOzG5yIKZWXomA2ax/p2cbMDEBCPXkF83IjYX+9ha6XDJOSTs8SswLkXP1Rcn41bFBCrzdGEod7LzJAuK/WqkO6Ws3xXIZ23J9bB5weooYtcKE0as7ikedEUsG3efkgNgstQfBcA0hjWpRv5BQkOGFnVpGj4POAT+AgC+s3cYt3YP4+auYTx6eAbObxrLdXpDJ85u7sDZLS14cFs7rm3rxhU2Btd3dOLOtmY8sqMLt3ZNwoLBUlSXpKK2LB2FbM8Isn0qK2BBsputW58B2Wxd56UEUJCWgLzUWLiNcu6O1q6OZOVsqMxNwISeKgy3l7B9is03r5QD4NYMAzqzTehifduRbkJfvhXNWUo0ZEnQV2rilsHNfi06/DR32fxn71vKxrSc9Vcp649cjxzpLhniHTFoS7GyecD2Dxt9IOFGY14ijx9eneVCCa25FCeq011ozUzE1GQzNhXI0JQUjuJcD3qzzRiXaeDW4wO5Dkxh63pxSQLWVSVjVW0AK1oC2DpYgA3DJVjaXYA2tpe1yBWYoDZiqt6ISUY1hrQKVIrlmMrG4EyTFUfYmB2yWnDQrMYZqxlXHQ4c87qxg+1dW/IdaHSyfVMlh02jhidaxD+e0YkjYZJHw6OXw60MR6opCvVsLKt94pEPGVIkKPdJsH5sGj64RRbARfjoUi3eu1KJD6+QBXAlXt9fygHw6wfq8K2D9Xj9UB3Xm4e78e2jnfjeqTa8d6kFP77Vhp/dacXP7jbjpw824rPbjfjxnRb85G4rUzt+ercLP7lD6uH6lzu9+MmtHnx6rRvvX+ri9by8rxaPri3EtYUZHOAeHR+P/YNx2NHnw+YeLzZ3+7G5NxZb+gLYNjYeu8el4PC0L"
36551 [Forwarding screenshot on session b1310904-d161-49ca-a1a6-530fba7baea8 to remote] DEBUG org.apache.http.wire  - http-outgoing-101 << "Jyal4fzDxTgwiKWLszFuQeyce2BKq6rC6pxaV4lLs6twrk5FTg7uxxnZ1XizAPVODW/EifnVeDEnEqcmFeFk/NrcHxeNY6xspuqCtBv1aEsOhK5ETHIiIhGcmQU4iLCkCSNgo+deyOj4YuKgS9aCm+MnMsdo+BKlkSgi82T6ZlmjNWIMcOsx7BdiSKzFA6tGskGG48jHB4SDVEoKQqikAhERYjhMtqwptCNVA2FbWXl1SbMZvNvJtuDzWRlLjNCE6FHjEwJkUKMCLEMxQYjFsR70WzTczfLGqbOdPY77lFDEjIGojApxojCufvzkBByyzziCv3vKxpjQkU83nWEKAIhYWMQ1MswwWtDZnQEHFERcEZHwyWVwKVQwMraomfzVcveXSdVwSVTsGssFSvhiJbDxSXl0NjL2huQxCBHEo0+ux7jWRunB62YUmzFtEoXZlf7MbfEjDUtbOwH0nBwUhBXl9bg/LwS3FhWi1sr6nFzeQ2uLanE5YUVOL+gDGfnleLknCIcn1WAYzMKcXB6CfZOLuDaN6WQa/SctHNcHk93TcjBzvFZ7DorN7kYeyaWYv/kSuyZVoLdU4uxa0rRl0R5dG3vxHyufxoAt535CSo2fpNb0hJMJRUuuY7yDU+h9dRn973n74ngKa/nC3XRceHSG6jb99Z97yHR8wlCpg1v5SAzY+IuDoxHYWXrmR/zNgVnHkVw1nEugqF588+j4dD3v1Zf5ebnuEvotHHbeJ1p47Yje/oR1oa375Wh49H2UVqw+CrK1z/JgfgX67qfGo/8EGXrHr/3riWrHkLz8Q/vW/b/qeg9SlY9zPuqePmDvP+/2F5S/YHv8X74av+S6vZ+m5dpO/tTVG19YaTcaBkmqrdq24v8+hfrHKn3uyhcfO1r9VJ/fLWsIEGCBAkSJEiQIEGCBAkSJEiQIEH3E7k8zokzccvXgkQHChJc3Po3xa5HTqwDeSyPLGizfHpuIUwAmKyAy8hqKNOD6mzvPfg7CoMJJNE5QWCCvKSiBCtPyXqWrD7J/TNB4Kq0kTjAZDlLGoXAlEdwuDjewF1AU3zfWJuWA2C7RoE4iw5OOlZrYZKRBZsKiQ5W1mdCdrwZhak2FKSOuK7m7WbPG7FytvGYxgkWObcKjiP3mcl25Ce5EbCokWjXIdmpg88YjRS3CpleHX/3wgQbe08Hd3VdleFGfbYHdVlulKW5OBgmIB70ajgAHrUALksYsfwlAFydZuWwddTF8qgr6JY89wjo/RwA0znBX4KpHAKT5W+eE93FPg6AKQ5wa5aNu3Yete4djfdLKWkUABMUrgxoUcHE4XOyETkUz9ir4nC6ivUHWeWSCEznE+z7CgAmy99R6046JuhLLp4JAnORy+d0A28vWQfXZlg5bKZ35BbPrA8qaU7EkkW3jo0vG+fEEWV7RwDwqAXwzrXrOQD+xvVt9wAwQdfnLqzAMxcWcwD87NXVePX2ATxzdR32rS/D/jUZOMLSI5tS2XEBDq+rxfUjg3j4+GY8emoDDqwvwraVLh7v9+nLLO/0Gpzd2Y8ty9w4t6cF29fE4uSmDpza0ozda0vwwuNHeAxgAsBvX1+MV66twsvXlnM9f3kZvvXgZhxa2o0KvxjVARWaEgxojNejPk6LWta3dbEanlazdyPVpbBxZPOhKmBANSvTxvq6J8uBbjZ+3Rkm9Kaq0ZemwthMFYZztJhUpMPUUj0ml2gwLl+KnvgYdMVFYSBFjp6ABO1eMTp9cjQ7JGhzKdHkU6E1Ts1SBRp9UnQmaTCca8VQjgndqeS+W4VcpxhpxnAE7WK2xrTIS9Aj3i2B3x2D8gQHG3cjMtxqriwvk1OBTLME2WxtkAVwEXsGuYDOZM+jGMC5XgUHwDQXCQA3ZOi4BTjNjSLWL6MuoB8+MAF39o7Hg7vG4e6+abi4cRBnN/ThxJpWnFrXgtObWnB+VR1OrKhn5204u6YeV9dW4dbGZtzaOREPDBShujgT9eU5qC3NRlNFHqoK0pHusyLNy/aSZB97DwcCbisS3BYYZOFQRYmQ6GRzPiceHVW5mDpQj3EdpdwFdJ5fjopENRpTNNwFdFOSHH1sjQwGzejKVKAjU4ahAj3GkhWvWYpeoxptdg1ajTK066LRoY1GJ8tvd6hR69CgzK5GBVuDtJ4MISIoRSLIWaqQhEIiCYFUHgK9WASvIQr5fheG4q3YVKRHbUIMcpLdGJvuxmCZBS1FRnTUBjDQlIbZ7dnYMFyAzVOysXlWOk7OrcXKvjxMa8xBnkmJ7MhIVIqlqJHLUCSJQrFCgtQYMYazNDjb48OxDC92293Yz/ax824brrP98ZzTiT1+I7bk2NDgkMIkl8Kq1iBWGgaTJBramAgOgCkGsEMWgjRzNOoStajyxqA9WYO2TDlrswIbh9Lx/s1GfHa1CB9fasB7V6rxweV6DoC/daAMrx2o4vD3jUMNeONIA759nOlYM0/fOlmFd89V4YNr1dzi9ye367nev9KIj2+0s+M+/MtDA/jZ3UF8dquf1duNH5xrw2v7WvHsVnLlnI9LczO5K+fD4xOxfzARe8fGc/C3oz8Vu5j2DKTj0Lggjk8t5AD3wrwqnF3YgguLW3BpaQuuLG3ElSV1uLSoEpceKMVFshR9oADXFuTjygP5uDy/AJcWFODyA8W4srAEVxaV4sE5xbg5pwg3ZhcyseO5pbg1rwLX55Xj6pxSHG5IwuosMxam6LEg3YpZbF8fx/bKHr8MvfFytLK10uxWoN4pQ41NjEpzFMqNESg1RqLEEIFyfRiG2dybnaPGZEcM5rHfnAnucNS5wpBijkCino1PpAgRYSKIIpgoDRUhdIwIaukYLE3RIk0ajnBROGI1WszK8WMa26+tbB6KQsWIFIUhLGLMyL0sr9Buwaw0P6rsWg5udWzOtrHfqjxTJCs7ck94tARj6HhMCMJCwv+xRFEQhY/AYJEokj0jBMnKCAy72N8JsijI2DVy8xxFVszsOIK1I4Q9N4Qdh0eNgUYUDTVru0oUwo7ZehkTBmNoOCyhbE6OCYc5ivVDTCRazToMu3VYWp6AdZ2ZWNWWhEVVTiypj8eShlisaY/Hxt5E7BpKw7b+FBybUYozc6pxenYlTswq5+dHppbg0DQS+92YUoK9k4qwcWwBNg0U8pS0oT8f63pzsaY7iLU9OdjUV4itg0XYPDYX63szsLE/Cxt62bXOHKzpyMXa/iDW9GVjdW8WVvWwdjHRMeXRtc39bB0ziTov/ByCBAkSJEiQIEGCBAkSJEiQIEGCBAkS9H9SBHhzE+zI9Js4BKU4uvFWDYehKS4j0r0GxBklSHEoQTGAOfxNc6Ey3cUh8GhKMLg+J5anZBlMMXHJWpDcPBP0HY0FTGm2R8vzyTU0QV6CvQR+R+Ev5f03DDYh06Xm1rkEgCkGMLksTfPakeK0wK7VwKJS8Lx4p4HDoUQna7tHg8xYA1zaMJanY+W1yIm3caV7TYgzK+A3KhBLLqEdKlbWjgS7nsfBDMa7kJfs5C5nk2xKDsApPjK9O8U1rsp0oibDjtpMB+8LiqFM75rlVnHL5S8C4FHL11EIPCo6JxE0HXWbTNa1IxDVwuFvW4GXw99RtWTbeDzfela2gWLwppnQmGHlsJcAMGnU/TPlcTAcMKDUr+FtIehKEC/TIUc+648K1hej7aB2EvglEDwCftk93HJXw9tDbaQ4wGQJTG0lKExuoCmla1SmLpNgsoVD71Fr51LWN1UpDu7Sm/pmdF5QLFlyq03W3YWsnQTsRi2An7qxHd+4+AAHwM9dXIgXLq3CC1eW47lri/D05eV47e5+vHx7M07tbsCxjWXc+vf6oW7sXpmGo5vK8NBJdu/NZbiwYy4ObyrB+T09OLCuDJf3zMWjp1fj9M56HN/ShKNbi3ByRxWv48CaXNw+MwcvPHoJzzy0k7uAfvvKhhEAfHUl14tXV+DNh7fj2JoB1KSoUJ9m5ECX1ESuclkfUtrIxpuOG1gftOeRdakZha4Y5NsiUBOnQiO5CE6UojkpGp0JanQnadGXpsNAphFD2UYMZuk4FO5kZcrjdCh0K/hYkkV3sU+OYq8KeXYlSn0mVMcq2bO0L"
36551 [Forwarding screenshot on session b1310904-d161-49ca-a1a6-530fba7baea8 to remote] DEBUG org.apache.http.wire  - http-outgoing-101 << "JWjKlaC9kwDBopcLNWhwh+OmlgtGtmaqmHjXeXTooytheI4PTLcSiS75Gx82Zrw6Xls7CS7hI8JuTLPskuRY5OyZym4BXCQze0UqwSJpmg2f8SoStajI8+FRvacxkw9/wCA5gLFAJ7XnckB8CMHJ+L27vG4uWMcrm8bh7Nr+3BiRSf2L6rDgSU1OLS8CpcIBq9uxYWtfbi8uQN3trXi4Z1dePjADCwcLkW8xwS/QwcXW6vJbG3npvh5LHCXQQ6bMhqSyFAoJRFwmdWw66TwW5V8LjWVpqK1IgPTBhswtb8GHeUpqGZztCZVj3qyAk7XoT1dg7GpBgwHTejPUqEvqMKEPDOG2Lh1mlToNxgxVW7AdJkO81VGzJOqmZSYo9RiqkKDSUodxsXJMI+t9elmFWZZLZhotqDXxOaCQo5auRi+mEgO2czhUah3mrG6KgGpDgVipBpkG2woZvuPUyyCRR3D3dkna6ToZ/vnAxVOLK01YU6hEWlSEWIVYbCGhyIuOgbpYjEypWIkSiKRo1TBFxKBcRkqXOx0YxfbrxdLtVhv1mO7ToOTRhv22uzYwPbDrQVO1NujICVIHSOBRx4Du1LGPSpQjFg/e+dYXQwKfAR9rWiIV6AzVYPuPDWa0jQcAP/oej0+vVKIjy424EeXa/D+pToel/fbhyvwrUM1eJPA79FGvH2iBd8704q3TtfjnXON+NGVBnx6ux0/f6wHv3i8Fz9/qBc/fbAbv358Jv71oSn46Mog3j7Whme3VeD2Uoq1G4+Tk304OSkbxydk4vBgGvYPpODAYCoODGXg4HAmDo3Lwol5FThLMHZuOe7Or8I3HqjCMwsr8OxiUhnemJ2Pb83Kw7dm5OCNGdl4c3oG3pqajDcnJ+LNifH49iQX3prs5vr2FC/L9+D1iW68Ot6JV8Y58PKQjeulIXY87MTL471cL43z4PlhD14a68YzPTY8O9aFVyYm4OVJyXhmfABPDsXhqXHx+MbYRDzF9I3+BDzZx85Z+tTYeHxzIAFPDybikc4UfGM4gKfHxeHZ3mS8PZyHZ3t8uN3vw+meZNxuTsSFah+OVfpxtCYBByoC2J3vwq6gFYcLXHh4MAUba72YXOrFssZEnBvKwrFmHyYks70joESZne0LXgly2f5T6NdicoEfy9n+0BU38gFUkioSQ1kONLK9Xxk6AnFDQyIRTtA2WozQMSH/UOEEfcNFI8CYYDCrI0kZiik+AxqtcuRZTEjXKHmsYYpnnKVXIV0rRYoqhssjlsMTI4af/a7HKiLgl4yBN0YET6QIdjZPLdEiZCrD0WyRY6yXzcH2HByeUYWj00pxfHIBdk+s4FbyuyYWYc/EQmwbDGJzXwZ2jyvEnvEl2DmUjx2Dedjan4tNfUFs6s0ZAbhdmVjRmoaVPfnYMFSGTeMqsHZsMdb0F2FVbwFWdOdxLW0NYkVnDlMmlnemci3rSMWS1nQsbsnA0rY0dkznqew8hWv0nK4tbk7gEgCwIEGCBAkSJEiQIEGCBAkSJEiQIEGC/o8rzaNHVqwZqW4DMv0Wlprg0UkRa1Kya2Yk2lX8H8UUF7cklSx87ajNieOwlyxhCfZS2pgXQFN+/JcAMIEkAr1k/UuieMBlKU6eEgymY4K8BHsJ+o5CYIoFTC6hSUUBcjtr5Fa5XrMKOmkUjwFMMX8zvA64TWr4bXpYNVJ+PdVv47Es421axJFFr0OOIKsnYJWyOjTI8JnZe9o44PYb2Dv6dPAYJOy6ht1jgNdAlsR6Hk803a/n1tBpTj1yYy3cQpKsfMvTbKhKs6KW4G2WD4WJI1Azw6ngrnIrUqz3ADBBUIKhZP1LFr91mQ6uUYtggqc8dirTKEglN8oEgNvJ1XOhB81BGwdXVYka1CTrOAAm1SWPuHcehb0Ef7+meNa/HjVvC41Hml2GHLcWOS4NSriLWwMHtgSACfpSOgqBCVxTW8g6mQAfAV9qJ0Hg4oCKHxP0IyBM8X5Jo3WNQuQCvxH5PgOyHAQWDXws0x1KpNjlrG9lSLHKUMDaWR4MYNuqNfjui89xAPzUpYV4/tJiDoBfvDwCX5+/Ti6gV+D1hw5wAHxiZx0OrC7Csc05OLi6Ekc3F+Lktkoc29SBR86Pw57lDbhysB/PXt2KPSuqcXRDJy7uHcKhDVW4dnAytixJwrm99Ti9rRpHNhTi4QsLeAzg5x/dwwHwty+tw2tX1+DVqytHYhGzNrz16E6c2DCMunQ9Gtn4t7LxInGXuaxPalmfUFrhl6MqTonWoBWNGWYELZHIMUWhNk6HxgQ1mhJkaEqMQXe64Qsyopv1IbmEpdir7az/s00apGpjUMnmcD19RMD6qorGiM2zumT3SH30gYFfhTK3BG3pJgyVeLmL40p/DBp8enQmO9AesKAlzsrdT5ezMcl2KPjHADwGdxx92GFAmluGbLIAT9Ah2ylBjk2MApf0ngtomt8EgbNZHgHg9lwnmrMNHADTPKH5UeiLwfyeLDxxbDbu7huHm9sHcW0r05bxuLp5HLcCPrO2E2c3srHY2o1LG7pwYnU7zm8fwMXN7bi1bcQt9IMHpmDO2Hwk+e2IdRqhloRBL4tEesCNitwM7vbZy/pmzBgR5JJwJMaxdR/H9gTqp5JkNJYmoLkkAZP6ajC5twrdVeloYPOY1lFtggotaVp0ZGjRnq5Cb44OvblqjC3QY1yRE92JFtQatajRGtGltKBPbcMUkx9TdC5M19owx+zAdJ0RM41GzLZGYZvXiB1KJQ4pDTikM+Oo3YkTbhcuBWKxLSsd011m1GnVPO7q6govYs0xEIWIEa8wosJogkE0BtJQMSJE4TCKRBiItWFrmR97y0xYUO2Fg+XZYqLhUrL9SGdChkqJoI7tS2olUlV6OMeEYUK6GBc7rNji1WGKVIe5VjPmaLSYL9djlkaHWWYxNuSzeWqLQDSrTxwtgVUu4QDYKIvhMYAdajFcijDke9X3AHB3hgZ9hRq0ZOiwYTAN716uxocX8vHB+QZ8/3w13rtYjXdPV+Lto1X49tHaEfh7vJnD3x9e7MCPrvTivWs9+PhGLz57cCzTID66OsDu6cW3D3fg0TVluLO8EFcXBHF2ehpOTErEsQkJOD4xmevoUC4OD5OCODohiJPT8nBxXil37fvQ2ibcWVOJR1eV4/llJXhzcR5+sCAL781Owg+nufHuJBt+Nd6AX4/T49dDOvxmSIPfD2rx+341ftsjw687xfh1hxy/6VTg37qU+LceDX7TrcYvu9T4eYcS/9quwEd9SnzYqxpRnxof9evwwVgd3u/Tc/2w34gfsLzv92l5+sOxevygz8DyTUwWvD/gZnJyfcj0wVgbPhprx0cDVq5/HUrDZ5N8+NFEBz4Yjscvpmbi02EHPpkWy94hHR/OTcIHs1Pw/uwMfDKvAJ/OK8bHMwvx6awC/HROIX49PR0/nZ2Nny4rw8+XV+E3iyrwy9kl+Hh6ET5ZWItXH6jE6zPy8Szruzvj8/Hg+Ew8OOjH4SYXFhW6Mb0qD6ubc7CoJo3tBW6Io+TcNTS5dCbAS2D3HylSFMqtecPYOgwLZ/M6PASJMhFmxGoxFKdFo9ODMi37PVAoUK1n84r9xrZZ1WjWxaBRE4VikxzVbiV6M6yYWOzGlBIHZlfHYWlbFlZ3FmBZbx62DZZjRU0qxqVouVXugXn1ODK7ChcfaMDuKRU48UArHtw0GVdXDWLHuFKsak3noHfHUBG2DRRwbe7LxTqy6u3KxsqObCxuSsXc6gBm1MRjeU8e1g6WYEVvPlb2FWDNQDFWjy3iWtFbOJLfn4MVfZlY0p2Mhe1JTKlY1D4CgL8Igb8If0mrejK4BAAsSJAgQYIECRIkSJAgQYIECRIkSJCg/+OKtyo4BB6Nf+vVy2AUh8ClESPZYYRDFY6ASYqKTB8qs/zc2pXi3hLoJfBbkeZEXdCP1qIkDoAJ/pJFMKUUK5dcPXPQS7GGE6zc6pdiAY+CYLL4HYW+ZAlMomPKJ+X7NbwctY+s/owKMTTR4XBp5UiwGpDoNSGY4oXbpIRdK0FmvAuF6YnIDng4zC0lIJ3tQ5xFgjizjMcS5gDYrIFPTxbAMrj1YlZWA"
36551 [Forwarding screenshot on session b1310904-d161-49ca-a1a6-530fba7baea8 to remote] DEBUG org.apache.http.wire  - http-outgoing-101 << "Y9eiVgz6weHAQkODY8zmh/v5m6xi5NcPPYxAeCqTDuHv015bg7DCYrfg6seNcqTqe0mDl0Joo66gSYA3JDtQn2WkwNgukZglQAqwV+y/h21CCbRNQLA9RkmlAYUKI2VcwBMrp8JAFcGVBz8jrp8puNREDxqEVwZZ0S+k93Lxo0AHrlcLg6wfvXqUcz6jmDtF6HtaErWwHRM7p5HXVKPun4ehcDUxlEATG6fKfYv3TMCflUcJGWTNbZJgmSjmPWdjlv8xhmikGAWI1YfiVhtBLL8Ch4DeOPS5Xjruae5C2gCwC9eWYoXLi/GC5dW4PnLSzgAfv76arzxyCE8e20tdq8pxLFNxbh9bBw2LfDj1rEBnNvVigMbgji0vh4ntlfiifPL8NjZZbh7bB0ObSjD/nUFuH5wLi7t78GxLVXYtSYOpzZ34uz2NhzYVInXnj7FYwA/c3k53rzywD0A/CI7f+HKSrz58A4cWzeMmlQth/XNaQa0pLP+T1ChKk7OrUvrEtWoZuNFx3wM4g1I18Yg16hAc5IH7SkOtCXr0ZKkwuQKO8YVm9Gfq0dXhgbtrN72FB262Bj3ZrG1pJGhQB6C7ngdJgStGEjToitehlpbONp8SjQnWHgc2iqPEnmGMFR75ejMMKMlWYMKdxSKbFJu/VvBxqE+lo2RT49ytiZpLqSze8ganNyCk1voFCdbP2RhnMTmPUtLYlXIc4h5zGD6GGPUcjufjW0tmwsEgFuCRu4CmuYA/zAgVoIH+oJ4/Ogs3No1gAd3DuPmtmEOf69tmYALGwZwclUbUzNOr2/F5c1sHFa34cy2fu4S+sbWZtza3o7bR6Zj3rhi1FcUoam6FMmxLm79H+cwo7YoD03lxcgM+KDTyeB06lGQw9Z8qpPtBVa0VqWiuz4Dgy3ZHABP7K5AZ0UqB8C0lhqStfcsgBuDSrQXatFZpEVPsQFd+TaUeVRIYHuMd0w4HDIJrNEx8Enk8EREISUmGsVs7ylRRaFCF4EBtq6XZcZjldmMrTojdhvN2O+04IBdi1NOLW67VLjK1sUmthfMt4VgW6EC2Q4RwsJCkCiOQYpFzSG2SB4DUUw4xFEi9GTbsLXZhZ2VYsypiYVWJII2QgxVmBJ6URSc7DxFyvZnsRQuuRpusRgTc6U412PC+kQj2iQKtOjVaNVq0C03YNBswXT2TptLHWj1xLD9MxRqlR5aVgfFTjfJxbAoxTBKwmCJEfF128HWPM2hnkwtxhbr0Jqpx/qBVHz3QgXeP5eLH52pxffOVOJHF6o4AP7u8Rq8dayOqQnfOdGCd8+14/0r3fjR5UF853QXXjpQg29sLsKdFXm4Oi8bZ6ak4/g4Ar4pI5rIjidmMGXh+PhRBXFmWhkuzanCrSUNeGh1Mx5Z14iH1tXgofWVTOV4Yk0unl2ZjTeWpOLDBQH8Yq4Hv5tlxh+mqfCHyVL8dLwanw7K8UmPFJ90SfDTbhn+tUeBn3cp8fNOBT/+l24l1896mLpV+GkPSYOf9Wrx0z4dftKrx497dPisl6nHgE96SSauH/Xb8d6ADT9k+T/o0uH9bgM+7rXi014HPum043v9Drwz1okfML036Mb7Qy58MOTg+miQlWn349OJXvxoqhvfGfbj/fEJrD4LPp3uxw8nJeOdySZ8f7IdPxym+3z4cDCATwbj8dMJKfjZlFT8y4wk/Hi6Bz9h7/3J7Fh8PDUZP52Rg5/PCuIXczKYEvDHqX5gRhp+OTsH78yIx/dmefDcgAuH8/WotCtQLhOhWsfmlF4FcZgYsrBw6MTRiBwTCkl02D+UPDwC0ZIxbN6GQixRQsTSBLEIM9k+NDFeC59RCUPMGGhDRfApRSjyyNGUqkd3lgljcy2YmG7CnCI71rfFY8fYRGzricW+4RRcnF/J5koHzj9QxdMdHWnoSxRj9UAODi1rx9YpZdjSn4ddU8uxZ3oVjs5l+/f0VmwdqODAePf4cg6At47Nx7YBcuFcgA29uVjXSy6e87G8I4gFDSmY25yMjRPLsW1aDdaNK8Eads/68aVYO1yM1YOFWDtYhtXs3jWDuexaNlb0p3IITDB47VAeB9L/SPcAcNfFX0CQIEGCBAkSJEiQIEGCBAkSJEiQIEGC/k/KoxbDr5MhwTwa/9YAqzwCXoOcy6MKQ4JJgspML4edFN+XRLF+Ka4muUAuTR0BvKSyRDvKkxyoSnWjNt2L+lwf6nK8qMkegcVkGVyUYB6Bv8kOVKY6UJfl5bGACfjSOQFgsgom68TigBX5PjPSWdvS7AYk2/RwKEes12KtRiQ5yYrXgFSvHoluPXw2NXx2LfxuE0w6KXfrTC6fk61yDj/p2TmxBsSaxQjYFNziOc6s4u9OVs8EwMk1NOVlxdp5zF8C2eTemdzfEgCrDXrQkh+HmgwnGlPtqGJ1lrG2FpJra+8IsCbATW6ja9j9TZke1KZaUZ9uR2eBH01Z7B0TdGjItKImxcTy6ZoVdWkWNGba0RJ0oSHDhspEPXuGnvWJBmVJSpQna1g/jUDZUfha7JGhJZPVF9Ai3ynh8VorEwkIsz6M1XHoSiIQX5Xh5ZbXFFM5y63hrrWL44w85mu2S85VzdqWG8uu+6QIxsr5eJYEyPLUiQr2PhQ3OM+nRkGCAfms7QQGy9iYkotnsvTN9bBn+Vk+G7ckgxgmaRifR242FpRa2NxShYtgU0bBqRHDqQvjFtrZfj0WTWrH45d24eU7+/D0lbV45tpqvHJ5LV67tgIvX1+EF68txQvX1uG1O7vx7NU1OLapHQc3JmHfqnIc25aBfWszcHlfP26d6MC6OUl49NwUPHbmCB69sAa3TyzHiZ0NuHSwEWd39uDolnLcOTYbJ9fm4Oi6Itw+Oxkn9kzFM7eP4qU7R/HosQV46/YyDoBJZAH82q31eP3OVpzaNBEN6QY+fs0pem51207QNdXAz5vISjtBjSq/DA1pWtTEK5FniUSuORJlrI/JNTRB2vqAHBOLzJha6kR/UIf2FHINLUdbigbdWWa0pmiR5TWjxM/KszGfXerF1KCBxxbtSWZj7FWjJcmEpiQzKv1alHhUqE4g19NsbsXJ0eiPQQWbD1WxGu4KmkTnNE+y3WI+zkkONeKNYj72NCdLfErkOGKQ7ZBxt8/0IUBNhhHV6eQSnM0xts4K/cYRF+VFFrTlGNBd5ERrrgPVKTpWhwzzu9Jwd+9EPH54Im7tmMJ1Y9tEXN48jHPrenFidSeOr2rjlr8XV/fhxKo+nF4/iIsbuvHgxnbc3dKF27umYtlwJZqq0tDVkofWuhxkpzigU7D5ZNOgMDcV8T4HUkl+tpfkBJDP1mIJ25NqCwJor8rG2OZiTOguxZzJneiqy0N3aTwml9kxKU+BaRVGDJWZMbNKhwWtXkyrcWBmpRXLWuIxkO+EIoRilUYhJDIUUWGhkIZEITo0ElFRUYgIHwNlmAhpRi2mebWYH2fDLJMBK+1ebLJ5scfmxgGzCWc8Nlxwu3EjoMMjqQEs9xmxLJeta70c4WESBCQGZBnVEImiER4h5jBNGxaD8WwvONdlxaFWJXY02BEeHglRpJq1Y8Tqklz0ykQhvKxapIRzTAiGs9Q4MykBa1IlmCORYK3WgE3GKBywqHHJyuoL2LG51ovWDAO3Mo6TGuEyK2HTqNmajIZFHAabQspd6qe6rHxf62Tzkz5soLnXmyjBtm43d/P84t5svLg/iBcPlOD5fUV48WA1Xj/WhjePj2X5vXh4fT0uLCzEydnZODojF3snpGH/hPR7OjA+DbsHEnGQHe8a9mH3OD/2T4rHkekpODU3CxcXF+D6yjI8uLYKD64uxe3VFdzS9/a6KtxZX8N1e30d1921tXhpRhDf7bbjXya78YupVvznPC/+tCQJv1mZhn9dno1frwril0sz8NOZsfjxRBd+Ns6On/SZ8FG7Ep906fBBpwbvtavww1YFvt8qH1G7Aj/oUOLbrMzb7Nr3OlT4fqcKP+pS4r0uOd7vJEnxPt3frceH3UauD7oMTCZ2bOYg+Mf9Dq5P++34uMeOj3rt+LDHxuTA+70OfDTWzfXxWC/XR/0+rg/7vEx+fNTjYfXQNT8+GQjg08F4f"
36551 [Forwarding screenshot on session b1310904-d161-49ca-a1a6-530fba7baea8 to remote] DEBUG org.apache.http.wire  - http-outgoing-101 << "DqUhE8GE7k+Zn33EevDD4fYfeNi8dmkJHw2JRmfTErEh+MSeN30nB+w+fROlwXf7TLjbdbG7/ZZOFTenBVAZqQI2WyfaS/JRU26j/3Wu9neFo/WQDzq08zcy0QNeYNg+0w1+y2k34ESrxGFLh3/jaPfFvqIqzxej9Y0KzrZPtJmj+YAuDGO/T4lKNHD9pD+bAvGBq2YXOrHnLoUzKpJwpwKF+ZVeTC30s3TJY3xWN+Tha2D+dg2VICNXVXYPrYO88uS0RvQYE1TFvYMlmN7Ty42tKZjx0A59oyvwd6J1dg1rgI7mXZPqMLOieyYaQs73jGlDjun1mPbpBpsZeW2T67l55S/fXIDK1OLzayOrRPruDaNq8aGoUpsHK7C5gnl3EX0urGVWD9Qw9JqrO4rxur+XKwbCmL9UOE9rRvM41o7kIu1gzlcFDuYJABgQYIECRIkSJAgQYIECRIkSJAgQYIE/R+XUxGFeJMKObEOFKfFoTDFDx8BUIsasWYVAoYYZHl0qMsNoDrbz+FvSYqNA+CyNNtI/NvAf8f4JWBI8LeG4G+mH00FcWgpiuciC+HabB+PG0yWwKMxgGszPahmeXRMIJgg8KhlcEm8FUVxZElsQUW6H5WZ8dw1tV0VAytru0MxBkk2OY9VnOIxwGWQwaoRw2fVwGFUwqOXc8vmFJsC6Q45t2IM+vUcHCe5NMhNcCPJoecuoUfhb4JNew8C5wbMyPTqkEgWxIYoXge5eG7K8aA5l71jqo2rgd6J9QkBYLISLggYeb9Up9pZPxAMd3Lr3/bCOHavC7UZVIeL5Tm4RuPnUv5IHF0DigNkTUzwl2Lz/rdKE8hSV8v6mtxBm9GV7+fugcsI8CUYUEX/pGfjlOtWcshL/6An2F6e6uJumAmEkxvmeEM0Mm0G5PrsyPPbuDViik2FRLMcCRYpYtl1gseZdiWKWP+W+cnK2MEBcE6shrsLzvGQG2EtzyMITNCQgHKQ9W28NpL3oVsr4X1LgJ36lj4yIPCeHedAMN6AwmQLyln/tJcmYE5fMW4cXIAXb27Ay7fW4IXzK/HKlWV46dpCvHB1CZ67sgav392D1x/ahhtHJuHgmmrsXuPCnePTcGFPKw5vysTdk1NxZGMpP3/k3AY8cX47Lh7sxrZlBTi5vRZHtuTj2oFJOLW1DZe2NuPCrjac2NmFqycX4N1XbuC5mwdGnnNjCYe/r19fzWMAv3ZrLV6/swWnN09AY4aRA2ACv51ZVnRkWjj8bUjUcPhbE6dAhVcyAoDZ+BU5xCjzKFDP3reZjVl7mhF1cTL0ZqkwlG9CT6YanWkqtKeyNJ0s5MxoZvelO7X8w4LWJB2mFToxJceM4Qw9hrKdaAro0ZpoQiOrs8ylRLFTjkZ23pVhQ1uSBk2+GFaflZcZVW2AzZs4FUpYO4tTdCPz28PWgVeF0jg1m0NszsWz+cXKklU7WXTXsbbUZIzEeyYAnOvW8o8QmvLYu2RpuRvoqmQ29xLVqEpSYGFvJh7ePxkP7urHrR2TcXP7JFzfOgGXNg1wAHxqbSdOrung6YVV3Ti2shMn1vTg/PoO3NzQhLtbO3F371SsnFyN4qAb/R2lmDC2DjWlaQiwNU4xgX0uI4/9G0xk+5VFhQQ3WydBH3qb8tBSnor2qiwMtJRgxlAtFs0aywFwS54HU8odmFKgwuRSHSZWOzCjegQAT691YlqFGQvrWR1BK+Tk0jZSAlH4GESEjEGMKBzholCEhYVxCCtmSlDLMSdFi4XJZkxm83uhTo/1ehP2GUw4atTgqtuKuzorHmPr5+lYJzZ4tdhc4kSdQ8pjpVrF0chmexTFXQ0JjYR4TAhUYyIxLs2Ci70OHO3U4lCdHpIQESsvhYrdowgPhYK1yxgeAZeM7VUKG7KUYswp0uP2jFScrnRij9uFI65YnIy14Ibfgid8Hlxge9GmSjYvsgywh4TBI9VCIw2FRiyBRSaGRy3hHhBMavpoRof2oIND5UY2H3uzzRhIV2D3oJ+7dn73XBW+d64Sb52uw/tXh/HMjjocm5qAtU0mLChVYna+FLPyJJiRL8EDlQbMK9VgcbUJS2stWNPoxKZ2Pza2eLG1Iw6bOwLY0hmPbd2J2NGbjF39qdgzkI69gxlch8dnj2hiLo5OzseRKUU4OrV4RNNKcXJ2Hm73xOOJEhVerpHjmbJQfKs6Bu+0m/DdYS8+3dmI3x7vx9/OT8R/nRmHvx4diz+zveBPe9rx79ua8JfVFfjzqnL85/IS/HZJAX69MBf/Oj8LP5ubgZ/OSccv52bhX2el4ydTE/HJeB8+HnLi40EbPhmy4zOWkjvojwZMLM/M8ixMdM3G3Th/Ns6Jj4bU+GhQgw8H1PhgkKTFe0zvDxm43umR491exedScb3To8b3ulVc3+/W4t0eHb7fq2di5Vn6vW4D3u7S4S02Pz7otOCHrSa828Tym3R4p9mA7zK91aDHG7UavMDG/JlSE54s1uOxIg3u5itxO0+KO4VyPFKmwbmGAKaxvWduZxB7F/Xi9NohXNo5Cec3TsDlJRNxfM0kHF3J9tml47Bv0TB2zR/Alhm9WDepEyuHW7BmcjdTJzbO7MHOef04uKAP63tLuGXvcLwSE4o8GM53YjDXjq40tj/GSlHvZ/siS6vdUWyPVLC9UsM/imlhv2F9eT5MrkrD7KZczG3Jx7qOPGzpK8HiuiRMCuqxsTsLh6dV4tTsKpyeU83jAR+bXYujs2pwcHo114GZNdg/owZ7p1Vh94xa7JlZh13Ta7B9SiW2Tirn6bbJFdg8oRTrh0uwdrAI64aKsWlCOTZPrMDG8WVcdLxhXD42DBdgEzvfMqEGm8dXcti7djAba4fSsWmgEBvHFmDjQN4XlItNg3lcBLFJ/zQAzp//W6SP+z2Kl/7bfa//36jW479EzbZf8+OWY79E7uzfIXvq79B28pdfK/v/hqo2/QYZE36PslX/fB81HfwVcmb+jt+fNeULmvR7ZLK80pX/+/1et/vXaD7yK3RdGGlr2tDvUbjwt+g4e//yggQJEiRIkCBBggQJEiRIkCBBggT9vy2vRoIkq5aD0LLMBOQlebm1pksrgdsoR7pTjfI0D5qLklETjEVFhgvV2V4O7CoyHBwAkwj+EmQk8NsYDKA5NwHNOfFoK0lEe2kSV0dpKtpLUtBSmIi6YBy3SCXr0ZoMN4fAo/CXQDABYG5ZGmdAjk87AlUTyPrYhmCskcctLk7zojY7Fk35SWjIS0R9fjJK0mORl+hBdsDF3U+Sa2eKH5zjN/J6yJKXYvkSACb3z1SWgDJB4HirhoPJYMCJdK+Fg8o4u44DpjizAqlOFXtPE+pYH7Tl+tCex56fOuLKmVSaaOAwlFzq5gd0rF/0qEqxcQhMALgx6ObgmEAwQd9REEzukwn4UgxdOh+JpWtgdZJ7ZorRO3JMsXnJvTJZ9pYEWF6iGY3pNnTketHAxqI6mWIKW3h+cZweWU4Zh+gE1ykld78J+gik26TccpfcVftUSsRpNUg2m5DtdSPRbIRXp4ZTJYdHy/rOIkWCLgqZNhkK3OTSmNxHqxH0qZDplaEsWY/KNBOqMyyoy6LxIytuG5py/WjM8bE5FbjnXjzequKxpoMBO7fKLk7zozSFtcOv5PcSYGzLteD2oXl49eY6PHN+wT0L4FEA/Ozl1dwC+NU7W3Dt0ATsXV6LY5uqcWJzEx4+NQtndtZgz8pcHFzdiK2LU3B65wCuH5mNQ5vyudXvzmVZuH6sARd2DeHkphZ88+xSPHxmNvZvasOZI9Pw9svn8fStnXjh5ga8dH0Je/aqrwHgM1smoinLgMYsC1rY2LWy8aK0kY0Rt74lMJ+gRW1AjaYMHWqTVSj1SFDLxq+NjVdbugWdGUa0pmjQla7E2Bw9d7XbncnSLBO6Mk0cAFOs4HSrgrvwbghoMJRtxsSgGZNy7RiX60RTvBYdCSY0B9jcsIkRZGNb7VWhhz1jbLoJfckatMWyNrmUaGFzvz3eiBo2bqWxShSzunMTlHxN0UcR5LK7mI1DJRsDclFOY0gxgilGNFkAV6Wp2TzUcwAcZHsCHTfm6tGZb0ZHvhW1aWz+puhQG"
36551 [Forwarding screenshot on session b1310904-d161-49ca-a1a6-530fba7baea8 to remote] DEBUG org.apache.http.wire  - http-outgoing-101 << "ifGnPZkPHFkBu7sGcDtnZNwc8cEXNs6jIsbenn8X3IBPWoBfG5lK46uYMdru3B2bROurqnBjfX1uL5tAAsHC1BdzNZ1RTrqyjNQkBmL5Dgr3Gw9WgxyxLE1mpMUi6LMeOSmulCZF4f+lgK0VaajtyEfnTU5mDZQjXlTu9FUls5dlI8vMnMAPK5AiUk1zhEA3ObjFsBTyoyYXe1Ee6YRsjEiRMbIERYdjpiIcMhCo7kFcGRkJEJDRJCKREjSKjEjVYm5yVoMqUMxRy3DOr0e+9haOmXW4SrbV27a3XiUrdUnUrxYFafCqmI9Sq0hEIWL4NfHIJe9R4goAhFhkZCHhkLHnkEWwASAD7WpcKXDCLs4DNJINVwRobBHi2GMUcIUEgKnRAxvhATp4jFYkKvCg8M+XC4x4KTbhsvuWDyWFocXEl14mfXRFTZXtpWb0J6lgVsWjViDGQZNFGThUTCKo3jcd7dRAa0sDPEOGXqL7ZhcosFwmR1DhWze5WlxbEYGPrw1iJ881IGPbzXj45sd7Hgy3jrZgcc3luPGsmJcX1KKK4uLcX5+Hs7MCeLMvFxuCXx2bg6OT0/FiWmpODMrE8enpuDY1CQcnZLJ0iwcn5bNRceHJ5GVcAr2DSdhd38idvUlYGdvPHZ0J2Bbdzy2diVgU2c81+5xSbjQ4sZjZQa80eHGyw0mvFSpxzOsH+6U6HGj2IjH6jx4tiUe32z04claF55g4/54tQOPV9jwbKsHL3T48TJ7xreGUvHWpCx8d2oO3pmeh3dm5ONHE7Lww/GZ+CG79qNxKfhwQip+MjUTv5idg9/ML8DvlmTgD2xP+ffl2Tz97aIM/HpBKn45LxW/mJuCX81Lwi/nf655yfj5/GT8YkEafrEwneuXC1P+Ww+w+5j4daafz2fnC7K5fs5EYPrHc9Lx6ax0fDQ9Be9PS8KHY9Pxg65kfLvZj1fYHH62zIxvFOrwSJDNhwwZLrLf0LOJRpxJMOBsigGnUrQ4marB6Qw9LuRYcL3JjWNDGbiwthc3N4/HzQ09uLq5G9fW9+CbW6bh7LpJbM1OxKnVE3Bi5TgcXTqMgwsHsXdeH3bN7sa+Of3YM6sb+xf0sXU9ntUzAbun1mJehQezC20Yl2PFINvTBtia6mH7XVtAxvYsBbqSVDytiQ1HXSAS9fFRPCU1JsagOVnCRR8hzCi1YFa5DTPYWK5lY797QjYOTivA4RkFODm/EifmVeDo3AocmlmG/TPLmSqxe1oFtk4oxpaJJVwbx5GVbj630CWgS8drxuZgw/gCro0TCrF5UjE2TSy6l0fHm8YFsWV8PlMRNg6yOsbmY/1ADtYPZmID6zeKNbyxJzii3myuTX1Z2DI2iK2s3I7hfC5RJ/tj65+R1PRXsD0GusCf73v9/zZVbPgNopX/BXPmn+6di3Uj71Cz/ddfK/+/rQu/QKD133n95vSRZ/4zKlj4W0TK/ovffz+ZM/75Or+opJ4/ICzqbyhc9Ft+PtpWtfcvaD76y6+VFyRIkCBBggQJEiRIkCBBggQJEiTo/xuKNaoQZ1IjxWlCht/OXSZTLEhVlAhacQi3/q3K9KOxIJED4JqgjwPgsjQHytPtKEy0cihL7p/JwrQ+KxYteYlcTcEAB7/c+rcgjsPg7ooMdJWnoyk/8R4AJkD5RStggpUEKHkc4BQTCuL1yIvTIi+g48plx6WpVjQXJaKrOAVt+UkcOneUZqC3Oh/dVQWsvZnI8FmR5CRYbEVFupdbHhNQJmCdFWeEzyT5klUquYEmEEzwl0Qw2G5Qwa6TczhC8JLiHzfnxaI1x4umDDvqstysjRYUJRpRmGDg7cz2ypHtVyA3oL73Xg1BL7+PQCepiaBtzggwJXBcRi42WX312dQXDnaPjYusjAkcE0Amq14Cv0WxBhT69TytSjJw+FtH96RZWd8ZuVVumlWCREMkCuN0rG72vk4Z4jRjEKsWjbh6TifQboFVEg59hAjmmFCke6yIt+jZHDCC4idTPOQ8Vh9B75o0F+pSHWjPJQtmcoHtR12OG2XJOlSmGdGU50J7cSwac9kcCDrQWZKA/qo0lKV7kOZSI9mu4CKIThbVZHlal5eA6gwzdy1cl25GeUCOwVIPnjpF4HUFXr2yEK9f24BXry7H85fncwD84vX13AL4uWtrcXJrFy7s7sOjx7dg17JCnNvZhdtH52L/mnwcXFuB64d7cHhDHQ5vzsPZnU24dLAc+9am4dEzU3BkfQmPM/vitd149PxyXDg0Cfu2dOKp25vwymP78QTFHb6xnAPgb91YhVeukwvoEQB8bttktARNHADXJ+nQkKz/mii/jr1Xa7YR9akalHmlqEvQo5ONPQFgAry9QQu3/B3IY8fZevTnmNGXY+UAmNxKkxVxplmGPJsMNT4FupK1HKSMz7ejjz27yi1Gi0/NAXCFg5UzhLNUio5kA4ZYv47PMqLNo0EDu7+LzfcBNg/b2FygeNEVGSYOgOmDCLL+LYxVooK1tz6DvRNrI1mwB0wxPB40WaGXJso4oCf3zzkuDXdB3lpo/hIArknVo9AbielNATx+eDpu7ezD7V3jcHP7IK5s6sXZNe04sbwFh5c04OCiOhxYWIuDc8uxd2EVjq5qxvkNTbi1qRZ3trJ01xAWjytABdsnWmpzUVuaiTinBgk+E8ry05CR4oWXrVmK+d1RV4K60tQR989FcajK86KnPg9NLG+ovRDje2tQnZ/AAfCEYgumF2sxsVhzzwJ4fqsXk6tsmFSi5wC4I8vEAXB4lBSRkihIoiKhjIiBODwaMTExiIwIuecCemaGHguy7BjQxWCaToOVNge2OlzYbTfjCFtP+1JTsDdJj51sHx20R2BhhQWNAQW3AI5XRyNHHYUwUQgiQkKhCBkDXWg4JqSZcbnfhYOtSpytV8IeGQppuAbOMWFwR8lhlxlgiYyAUy5FrILtM5porK104ptTEvFUgx0PJTtw1+PAQ14tbpuluMv2rRN+KfZUW9GSIoUhOgQmlQJaVShU0TJoY6JgU0TCytqjkYmQ5JNjgPXH5FIpBliftKdJMDZLiiOzM/HBrWH87PE+DoB/fLsTnzzYhvdvMF3vYnlD+OT2RHx0azzevznMNIT3bgzivZtj8cGDg/j+5U784GoHPrs7yMr1s3K9+OjBIXx8exif3h3P9cmdcTzv/Rtj8d71fnx4YxgfXGf1XBnCDy4P4N2LA/ju+X5851wf3j7bj9fPDuHlxcV4ssGCF9uceLbJilfrXHih2oPHq9x4tcCDlwvceD7HjifYHH0sTY8n2Np4lK2vh1L0OJ2u4TqTocXpTC1OZWhwLE2Fw8lyHEqS4UxCNM4liXEpXYZr2Qo8mK/GI8UGPF5uxJOVZjzfomXP1eOlNhNebDXi2UY9vlGjwuOVcjxaLsND+XrcLdDjTr6OyYDbBQbcKTDhwUITbheZ8TibDyOy4YlKO0sJTDvwWLkdj5bacYvtCTfZXnM9x4Kr2SZcYnvDefYOZ9iaPMl0gq3nY+z38hD7XRuRCQcCJuyPNWOf34SDfgs7tuBQvA3HUp04nunCCfa7c7rQi4vlcThf7cb+7izsJLfI46qwd2I5Dsyuxp4p1Tg5rQM7Z9Rw7ZpZi90zG7BnViNPSbtm1OPYzDYcnNaAvdPrsW92HbtejfVjs7CyNR5bWbquO4g1nVlY3ZGJFa1pWNqUzLWsOYVrfVsAGzsSsLkr6Z62dCdje18advSnY11POrYM5mD3pELsmViIfVMKWRvzsHM4G5v7UrF1MA1bBlKxbSgTO8bnYffEUm79u396HbaPr8C2CWXYzt6JRMej5zsnV2LXlCpsnVTKtW0yu8ZEx6PQmLRrQgmvc+d4dk7Wvn15PJ7w1sECbB8uwq7PtXOoEDsGWbuG8tl5AXaPz8eeCQXYxVKSqOvSL/HPSOn4CweGxpQ/8fP2s79C26lfof3Mr9B64ldoOvxrft55YaR858Vfou00u05iZZqP/Botx0aOu9i10XqpnpbjI/e3nvwVOs6P5FPK62f3j5bvOMfyWBm6h/I6WMqffejzullZem4nuzd18A+8vbbcP/J8uq9w0e+QN/d3vF2jb"
36551 [Forwarding screenshot on session b1310904-d161-49ca-a1a6-530fba7baea8 to remote] DEBUG org.apache.http.wire  - http-outgoing-101 << "aRrdG8Tax89b/T5o237R+/4VdVs/w2C03+Pig3/xs+/dD97PrWT0vvd33z0Vyh44HfIn/87uEr+iDEhgML2V+TM/D1vc+XGf+P3UduprVT+i33Jr33+jNF3oX7gdbNzuXUEfhctIYvfX6Fmx2+QPZUsi9k5K3evv1md/BnUVvbO1OejbaT6RvubUipH93yxjCBBggQJEiRIkCBBggQJEiRIkCBB/0gWaQTMknA41GLE23QcmJLVKwFPj0mJoM/ALYDJ/TOJADC5f84LGFCYaERunJED1aIEK499W83KEoxtyI5DDR3nx3IRAG4tTuBWwKSWwmQ05iXcs/Qly99R188EfwkCU35tjpc9z4yCRB2HwZUUG5epKtOOmmw7mrO8aAqyZxBsLiTr4hTUBhNQlhaLVMfI+5C1aXUWWQrHcwhM71GW5UOiU81dPxMoJgtosvylY4K/lJJlsNuig0Ovgo3cSrM+yYmzoCrDx+MU57rZvRT3N9bE2mjnrrFz4/TIcMsR9JPltIWXo3ciCEwxg8m1LsHeqjQrOzbwlM5JBHwJ/lakEADXoSigHbHoZdfI6jfPo0LQKUeWXY40sxgpxmikW6OQ65HzuorjDQi6FUixSpBgjEK8IRLZLrL21aEgVs1F5Qg0E4Dmz2P9S7GcCfQWJJmR6JAjJ8GCVI8GfrOUnUv5O1HbywNG1CZbuNUzWTGT5W9hQInSJC1aCjzoKovn8Jesguk5BLcp3jK5GE5hbSaX2CSywKaPBuiDgsoUA1ry3GjPd6E124IJVX48cmQuXr26DG/eXMYtgF+6tATPXZqHl66z81ub8MbD+7iL6LM7+/DYyWV49tJaPHp8JQ6sKsOFHWPx6MkHsHtlAI+dmYkLe5txcGMqHjkzhANr03H1UC3ObG7F2a21ePL0A3jk+AY8dHIJHr/0AE7t6seTV1fi29/Yj8fOLcbzN5ZxAPzGzdV47eYqvHZrNb710Gac3z4JbblmNGUzsbH6ohqTTdzStzpOg0q/isfIJSvgCr+Ug+GubMdI3OBULbqzDehIU6E/x4i+oAlj8+zoz7WjNV2PRtanZW4Jcq1yFDkIAKvQnKDhsTTJpWpXBluXrgg0eBRoYc+r97O54lGiKcGAnnQL+lkdY1M1aI/ToZHNiR42tuPYWJN76Gay1mZ9XZjM5pNbhnyfnFv+tmTb0MbGguZkJptrcRYJB8DcBXmCFKXs+QSA8zw61LI6OkpsHABTX9RnmFCXzuZxQMItgB87NA3Xt3Xj5tZeXNnUhXNr2nByeSMOLazBvnlV2DWnHDtnl30NAN/cWIPbWxo5AF4yvhBlOcmoKspAWV4KYh1axLn1KC9IR2qiC3KxiAPgxvIgaktSUM32mKbyJJRmOdBZk4WxzUXobQyit6UYNQWJaCvwYVqlC3MqTJhda2NzzY7ptXrMaXFjQrkZE0r0mF/vRXeubcTtcljUPRfQYlEYIseEIyIiAmGhIsjZ9RS9GtPYnrQoJ4BBkxZTrU4sdMdjkc2DuVod5qqVmC1WY4FMhOVKMbq0kZhX5EBLggkidn+sTI58VRiiRSJEMSnGiKAPDcekDCtuDPu5C+jD1WqYI6MgDtPAxMqYRKEwRcthigyFIToMlpgIZKiisKrCgTsDDlzJD8Nxyxictcpw2hKKu6xtl9lefDDDjBPdyWhOlPLnidl9OkUI9EotDFIxzLJwmFSR0ChDkBKrxGC1HVMq5BhfrkNvjgJDeUpsGReP5w7X49OHu/HRzRZ8fLX5c2vgNrx3pRXvXmzHd8604q0zLXiHHb9/swcfPtjH1Mv1zsV6vHupDj++24nP7rThkwdb8MGDdfjwdj0+vtuITx5qYnU3f1m32zlk/uTBdnzInvPRg52sfCc+utOFj+/04pMnp+Dt9YV4rFmNpzuMeLbdgleaHHi+2oaHyw14ptKOpwmullrxSLEFd4rNuMOObxWZcDXfiDt5ftzO9eEmWxs3gh5cY3vhZbYHX2R74wW2Di6yeU3Q9WrQiut5VtwsYGmhGdcKDFy3S/V4iM2nR6uteJTNp0cqbbhbZsWDxSb2DCMupzu5LqQ5cD7VjjMpjs/lwmmmM2xdks6y31SuJFaG/Y6eZr+npxPsOB5w4ES8E8cTmOLdOBZw4XCcCwf9Dhzw2bHXb8cuv41rt9+J3eza7jgPdsa6sd3nxN6AFXviLdjP6j6cacPhHJbmWXC0mD2j0o2zDbHY3pmGVf3FWN1ZgE39+dzydfXYAqxuK8Sa3vQvKBWre1Kwis0j0squJKxtjsealngsb47D8tZYLGh0YlqRBrNKtVjV7MGiWjfXwhrXPT1Q7cSCKgfXwkJ2vciDJSW+e1pa6seKigBWVydiZWsyljcmYGVzEta0JbNnJWIdS9e1JGFVQwArGrxYVufFqqY4rG5Nwdr2dGzuy8fWscVY2xHE+u48bOjJx8beAp6u7czBGpZPx1tYmW1Dxdg+XIId4wjylmHXhHLsnljx3xpfjj0TKrh2jSvDjiGmQXY8XIPd4+qwb3wR9o4rxB6CvkO597RnOIdr78R8LlE3+2Prn5HSPgKArdl/QvfFXyK+7T+4NbCz6I8cDpN1qT7hzyh84He8fP3u33BLWEvWn2DP/yOiVf+FKNl/cbhJ13iZPb+Br+Y/EaX4L4RG/I3Xk9zz72ghGDr/d9An/plbvhJw7LrwS6QN/AFq91+QNfn3vEyg6T8g1o3cG83qsOX8iYPSkqW/RYx6xJo2LPJvcJf9J8pX/xsCLf8BB2sLAVF6fsX6f4M1+CfeLiqn8f4Fqf1/QPPhketUXh/P3rGYvaOTvSMro437Mwe1dP2ryp/3O15f5qTfo+v8L5HY/u+8vKPgj1CxdoeE/41b3BLkJXB7vzpIGRP+gJAwwJTC+vrzPCqfP/d3MKX+CeExf0Ok5G9wFP4RDftG2lqw4He8/REsn0T9RPVQ3/mq/hOiMSOWxHLLX5HS+++8DdS3CayNo/fztrL+Mab8GRHsGVLjX5HU+e/oOPMrdJ79FYLTfg+F9a+8bfQ+prQ/8f7JGP+He+0UJEiQIEGCBAkSJEiQIEGCBAkSJOgfyaWWwSiJgDpCBF10KAzSSNg1MmjEYVBGjUFZqhu1wQBqc+LQkJ/AAXBBAoE8sqTVcwBMVsAEf0kU/5fg7ygArs5yoSHPz+Fva1ESh7CNeQEOgDvLMkBwtChg5NCXgC+P+8tElsAETwk2E4CkZ5GlLcHRqnTzPRfKFF+XXA03szo7StNHXFXnBFCVk4C8RAePARxrkqMwwYaaLC9KWb1laS4UpjoRsCl4bFqy/B2NS5viMnJX0CSfQY6AQw8/O6Z6/j/s/WVYHcm6/o8Td4LbEmRhC3d3dwsQIMTdlQQSkhB3d1cCwRIS4glxd3e3mcj4ntkzs/e+//U8K2Qyc/Y+53e+L86bf7+4r+qu7q6uqq7uxXV9uJ+HQkoTHNbkDTaEXLuJmLNGsDJoAyelPrxtTDThqW0M4WtNuXdNOSdyhLg3hbcmkRuXcgjHepiLcRpzyGhyYJJomxy7QXYG7NL1tmgHX8vW8LNqA39VWwTa6CDIVpdDMBMM9rfSYXBM4XrJXZwUYItocQ8Kzx0hxkcKsddHvCc9Fzk7hMkpTPA2I8iO3cUdwsTzCRLHfcT8e5iIMbSFp7iXm2VbuIs+2MqawU9twE7nGGcNAI4X90zyVHAOYoLApIwQW2SGOjBcJshN4yA3Mjmjw11l7IxO8LNGor8Nh8em+gB7AwTZt0eirxLZ4vr8CDW6Rdth78oRuLpzMk5sHYHz26ewG/hcdSHO1YxnB/CFXQtxYfds1K4bgLpVxdizfgDOVM3Ctrl9GQLXrOiORWPjsHJKBBYWe4u6aKydFYCFhX6oXNIRm2ZGM2Q+smko9qydgMOl43CscjQOivudqp6Ek1VTcGTbWJzeOY7dx1d2TMLFHX8A4G3z+yEzUI40PzlSxFyQUl3NOIcl5fdNEs+V8lqSCAB38DNDgpMe0sQ85fhZMtxNctBGmqsO0l20OfQzweD8ADEPvmJtO9O1egi1bMW5fUnxYm0kOhog20uGbiFW6OhjjESHNujgaizaMNHcz"
36551 [Forwarding screenshot on session b1310904-d161-49ca-a1a6-530fba7baea8 to remote] DEBUG org.apache.http.wire  - http-outgoing-101 << "8EQWd5Khsh53ibIddMR/TJBoj3BYyNkuVPfDBHrqC/WjHg+bgYcXjxWtJEi2u0YbM3PgdaUl7UBPO2M+Z8PYj0I6Gtz/mkKAU0AOJHyH4cpPjuAMwIsOAR0gGUT9EuyQ/XcrkK5KJuSiq0lSVg/PgGrC+OwfFQMFg+PwvzBEZg7MAzLh0dj/vBYLB6ThBVjorC+IBibi8KxdUo2huX6IoBykov3T2WmCwvxriqN28HRxhTOagVsrYxgrzRAiJc90uK8kRbtirQYZ4R7myM5zBmd04KRGeeBjinBDIA7RbtgUJw1BoUbYXiSBbqEm34GwD2iZegTaYrRaWrki/llANyoGYPaJloEaJtwDuBmzZp9BsDuJgYY5CHHSG9bJDTTQqw4L7NRG3Rtpo2B7fUwxtQU69uao1pphgPObpjiYIWJwSqk2smg1aQx7AyMkCCnHLztYKrTBiq9NrBpr4tBASrs6KnGsnQ9rEuTw7J9G8j1TeDaWgu24j6qNkIttaBsIcq2WggwaISiUFPU9bHFvs7m2Boh7pnsi/IUL0wLdMEwFwsMEWtubdcwpDsbolVTLbTVbgMTvaYw1tWHmW5bKHRaQKbXCkZ6LeBkrYvcCAsMijVD/3gz9ImWo4dov2+kLpYNtce9qiy82Z2H19XZeL2zG55Wdcaj8q54uK0H7m/rhbul3dipS47du6VdcGdrZ1Hm4/q6dNzalIYXNZ3wcgcpF4+r0lhPqtPxtCaDRUCZgO+L2ix8tScfb+s64c2ufLzeTeqCV3Vd8WZvd7zd1wOvDnXHtcm+2JvaDkc6GOJQujFOJ5viTLwpjiXJUBuui7ooI+yJNsauSCNUhRpge7ARqyLEBDs8LFDjbs6qdFNqJL7NVZ4WrK3inSURCN4m3s2yABm2izVfEapAZZgc1aFy7BTzvTvaSsgau6LEsxPf1Kpg0YZQZaAKFQHWKPezQqn4zdriZYFN4hu50VOjtU4mWCe+hevEb2qD1jrKWGsczLBMvG/L7EywXPyurFDLsUyIHL2L7WVYZGeGlXaGWGVvgtXid3i1+A1d46jAaicFVjkqsdJBgcWibqH47VzsZowV3uL8ABOsDDLG6nBjbIgxQ1m2OcpGhaJ6TmfsmNYJ28YmYu048b0sTsSmsemoLslmVZV0QMWEdJQXJ4tz4lFaFMflthGRKC2IxtbR0eJYIsqK47GlIBJV4tieiWmoGJuA7UXxKBsTyyoX34AtIyOxfkgINgwNxUpRLh8UhKUDArC4nx8W9PbGnO7umN3Njct5+V6YleOG6VnOmJvjjpmZzliQ64n5OR6Yk+XKmpHhgNni+MxMJ0xNs2cX8fzOXpiR7Szkgmmifoo4Z5I4NoGAcYIVihNVmJhii7Fim1QUb4nCOAsux4ljVBZEKzA+WS2OW/O+5lxrFMbaoijWCcUJnhgnjo9LsWONTRbtJYtzk1QoTBTtCY1LEfcT+n8GwOSoJScowUnaJ/hqGfJ3aMs1DlNt2T8YEMfN/A6NmvwBHa3C/o4W7f7F+04dfkbm+o8wdf2N9/Wtf4fdJxBM+zbRvzCgbN5Gc37Y2O+Ruuwbhp4EUSOKv+fj1H5rvX/COuqXz+GTbWJ/Qbg4rv0pZDW1YZ/4MwPltsaauuTF3yBzw0e+L+0T+KQxNPTXpePfeAwEtGm/SYt/MfhuuN7E+TcGon+aI3E+AWM6znO05QMDcL5e9JkgsKG9pj1qhxy0f7r+C7l3+QmNRV/oPuTWpbrwcd/ztSTzwL9/njsabwfRVsN4VRG/wC5RzIeYK4Li5PIlEE3wmo7TmKn9hr7qWf6uuWdnjWOaZOryG4N73m8ERIz/nuec9mn+aa7onIbz6Xl92X9JkiRJkiRJkiRJkiRJkiRJkiRJkv6TfNQqOFuYQWWkA7luG5bawhRy/bYw1m7BztkUyrEb5MQiuEgAOMLdnKEswV8CqhT+mcJAR7taIsHLlhUjtmO9LRn6sRM40AGJfnYscv8SBI73UjH8DVGbMAwm+EslwV8CwgRUSeFuFuzeJbhIuXAp9HGCu4zDEJPi/ayRFu6CpFAXxBOoDnZGsJcNO5utjdpwDuBI0SbnAbYxhKetETtc7Ux1GPaqZXoMfwkCU0hoCgVN7mAXhT4czXT4PAeFqFcpxPzIYKqrjTZNtKDfsjlkOtqwMtCFrbEO3MyN4abUg4NxK9gbtuAcuu7K9vC20mcoTLmMOT+wkK8NOaz1WA3bDXC0IZx0qEN7hnUpfhZIC7DiMtFbySIITvNLgDXKQ8lQ3sdGn59JoKNMzJsJh/ZlUO5jznmEQ9WacL/xnnLRliVywiicsyU6BNuI9jXuTzdZa7jI2iLAzgQOVm3gZa+HGC8LxLvJkeolnq+rGQPgOFdTJHhbMdSmkgB3A7wn8E3/DEBOYALdBBWTKQfyJ+cx1YeoDdjVTaK6jCBrdIqwxoENY3F97xyc3l6ES1XTOQTz+ZoiBsAnKybj3M75uLRnLvZuHor9a0fh4Pox2Le+Dw5vmITSudmoWJKKPSvGoXp5Bvas68yho/esz8HpigIc2jAYZ6qG4nz5NJwtLxL3mMTO4tMVI3GxehzOb5+M+o1jcbJ8HC7UFjEAvrpTA4Av1hIAno6yhX2RHSJHmj/l/TVl4JssxtMAgGk7UaxRrvM1QFYAhYrWQ6q7KTuAk8V2orodUl3aoVOAKboEK5HrK0OWjylSXPURY9sOsWpdRNlqI0lthHhbfSSIMtZen9vICzRHlpch0t3aI9NLhhQ3E0Ta6SJSPNtkTzN08Dbl4xReOt6HAK8+Yp31GELHOeggxlEHieQy9hdrwEeOZG8ZUr3NkEnuY7HGgh0N4WqlCw+1GWLEeBJ96JnqiLWjy/A32NZErD1zBsAZfqIdb7E+RTuRjrocApocwKVTO2LbtAxsm5KILSUJ2FgchzVjY7GiIPYzAJ7dPwzTuvphYo8ATOkbitkDArFskA/WjQrDlsm5GJkfDEfxbXK0ksFWYQSFQRuY6bfiPMAhAS5wd7aElYk23MX3oUOiH5LCHZEUoRbvvg3CvJSIprDrUS7I7xCBaH81ciOdGAD3DmiPYYnm6B4lR/94IwztIOrilOgXK8eYdIc/AHDTFkJaaNZIC220mqNlY6GWLTkENP3DjJfMGP08tDEhwha9xHs+ROxPsrTBLLkVlphbYY3KGntNLXBYpY9TzraYqTbG5CAz5LnKuV2VbjtkivfezsQQluL7qxay09PFID8rdgAvStZGbVc7BFmJZx3qjokpNhgbr0RBog1Gx1tgRKw1RsarMFy0OTG0PXYMtMa+kR4Y4aePOEVbOLbVgqylFnS1RF/1tbCwSzTSxHehTYumaKndFtpiDNqtW4nvfCsO+2+q0wqGem2gkunwmugfqUSXIG30CDNDrwhzdA3WwdQuCtwoz8bb3V3xVU0+nlbk4/6WXNzZ1An3tnTFvdKeDIBvb8nHra05uLu1B+5u7oIHpV1xa2MW7m/Nxssd+XhVnYfXO3LxaqfYFtIA4T/0oiaP9b6uO97t7oY3u7ridW0XvNzZFa9qu+H1ru54uasn3h3qj7szInC8owLnOtvgREdLnE40w8loQxyNNcSxaBnraJQMh0Jl2BtggjpfY+zxk+OgWO+1Yp3sFN+yKg8ZKt3NsF28Xw0qF6oQ380KHwUq/JTYHqBEhXhXK8OUqIk0R3W0BXZGmmFXtBJ1sRbYHWOOnREKVH9yF28PNEG5vwJl4l6lPmbY7GWKjR7GWOdujLVuRho5kUw+g+C1jhoR/CWou1J8R0irxPGV4vhKZxmWi9/ApY4mrBV2+lgutMLeQMgQy8VvxnJ7YywVa22Z+D1YopYJmWKp+L1cJZ7pGvG9WRtigs3RZihLEmPIMsSB8aGoX5SHIzOzcVC8r7XTYlAxJQ5VE5JQMZaUgMpxiaKMR3lRNMoKI0QZjopxkdg5MRY7J8WjYnwUaibFiW1x/YR41E/NwNEp6dg/LQX7piZj18Q41p7Jidg5PgaVheGoGReF7ZOCUDYxAOUlgaiaGorqaWGomBzM9ZVTQlAt7rVjrGi7KBJ7J4hrC6OxtzgJtWNiUT0yEntEv3YVxmD/x"
36551 [Forwarding screenshot on session b1310904-d161-49ca-a1a6-530fba7baea8 to remote] DEBUG org.apache.http.wire  - http-outgoing-101 << "ATsF/3YWxKFEwvScHOjWG+buuLCihzePzwrAfVzknibdGxeCo7OTcaBaUnYPzURdSWxqBVj2DUhmlUzNhxlIwOweqA3lvd1xepBbthS4I/No/yxvI835nZyw+wcTxQR9CUAnGaL4nQ7IVuxLd7TVGsUpViiQHxXSP/vANj/V3bjNgBCAod03C1fk1O2Zft/MvxMmPctmrX6F0Pf6Cnf8TkENOkcArLkyKXtNob/RMoyjYvVOVvTBl1DxxvuQU5Wct3SNoFPctemLv8Gnj1+QsCQH7h9nU/9I7cvtUX1tE/uXdpPmPMtg1eCueTwbQCqFBqZ3MR0DkFqqiNYS4CX3Ly0T8CajpNblvapD/8F4G77wG5ZOk5AmvpIc0X7Ljkal23sjO8YSDcV85K2QjPmf6cvATDNJdV5dNMAWupvzLTvEFb0PUNemitqt62JBgATfPbs/hNDX4LeDf00sNPMT+x0zbOgPtE+wW/a9+6tad9I7BPgp/5RP2m+/Af+CLdOmvNV4Zr5pHbJDUx16mTN/EiSJEmSJEmSJEmSJEmSJEmSJEmS9D/J09YCHjbmDFrs5EawMTOAh9qK894atm2GcFdLxPuqOWwy5b/1tzdiUQ5gCnNMoXypngBwiKMcIfZm7HgNd1QwKIr3VTGkjPY0R6yXCgm+tkjytxelPWI8CT46MjAkF/CXAJjgL0HhKC87BDoqEaiWscOYjse6KZEi2kz2UCDaW4lYAqF+KsQH2yFC3C/IyxLhfuI6LytYGbZjB3Cw6A+5YwkAUwhib3sTuNsYswOY8gBTSeCXYDA5eqmO5GbWDrb6zWCp0xwqI21YmujDSFeb84I2b9oM+q1aw8rIBLZmZrAx0ofaRBcOxjpwFO25ynTgaaELPxsjBKnNECr6Tn0gJyzNC80JgdWG+Yl0V/A2hctOC3FgR2+8lzE6hFgiP9YBOZGUQ1jGTkyCcVSSi9ZV0QpuytawN24GZ3lrhFI4andLBDnJ4WfVGh3D1ega747sMDHvXnIO5Us5XMnFmRVojbxQB3QKc0a0eH7RYq49ZbrwUYjnbCGDl5OYL3s9hJHL1E2ODMpR7GrG+Y/T/ETfxXgI4FP4boK+YQ5yxLipxLYFolwsxbMluC/uR8/KjdzPMoa9FN6aoHC0j7jeVTxTMW7KIdwz0RWHtkzE6aopuLxrCjuAz5aP5RDQpyvHfs4BfHnvPOzZNARHtxbgTGUJTmybgJOVg3GyfDwu1EzH8coeXE/Q+GhZX5yvmYILOwpxrHQILmyfjjPlIzi89LmqsTi5bQguVY/CpYqxOFc6ERfKp+Hc9nG4tOsPAHxpZ8lnAFy+qB8D4PQAGTI9LZDupkCqiwxprnIuCdbG2Rlw2QCAE5x0hAw4/y9B3jQXPWR7G2BwkjMGxIv591cgzd2Q4W+oZQvEi2eb5GyCDGcZEu0N2QEcaa3D7t0MLxPRhg4y3LUZ6hLQDSdgLNqnPLxxzjpIdG4j+qaDYA89hLqJteLUnnMs07lxznpI8TJFx1AVgz7aTnQ3QrKnCYdx9rcTa5gAopU+A+AkX/qHDF3xbusgQGWIMPEuUtju7AhzdAyWI070ha5L9VWgb4ob1k/ujD1L+2LL5FRUTE9iCLx5Yjw2jIvHqjGxWDoimt2/M/uGYHK+L8Z3DcTUfpGiLgQrBgdiQ0Ektk7Ox8hOoQj1coOfqwMcLM1gb24CK7E2Lcy04WAr9q1NEOyphpudCdLjfZAR645u2cHo2TEUUX5WCBbPJT3aFb3zEz8D4GFJ9gyAC9KsMSjVDv3iDDEs0wb9Ei3Fc1AyAM4LstAA4OatPoeAbtuoxb8FwL09G6MkWoF+ymYYLb4z8xQyrDQxxXYzOfZYWmKXWB/1Ica4mOCMBQRqw/WQ76aPRk20oNZugUxrbQbBBi0awUjc01BLCz1cjFDTwx4rOhhgU2wreOiJOvH+Vw3zwI4Rrtg2xBNlA9yxpb8vNvR0xro8ZyxO1EflQEtsHOqEQHMtDo/dyqgd2pi2hZZ2IzhZ6GBx30yk2JujnfhmaRvowaC1FlqIfui00IJ2Uy3otWkGQ/Fto29/hNoQXfzl6BNljGEpakzqForpvYPEMwzG/ZpueFTWEQ83ZuB5TRYelqXjzuZUdvfe3JiOaxtTcH1TEm6VJuPe1hzc2ZKJB2XZuF+ajkfbU/CmNguvdqTidW0KXu3M+5PIFfy8uiOeVWXjaWUWXlZ3EMrCi6pMPKvO5GPPd+Tg1a7O7Ab+/sgo3J8Wj/oMS5zOdcCxTFucTrDA2Ri5KJU4HKPEgUhN+Od9oQocDLHCAfHNq/OxwG7xTaoR39NqXxmqfMxYlGd3u48pyn1NUeZjgjI3EwbB5d6i3k8oUChYPN9QcUxoR6QeaqONsDvWBHVxptgVY4KdUUbYEWHM2u5viXLxndzmo8QW8Vu12UuBDR4yISoVWCt+l9aJ30uWI4V7tuCwz2vU5qxV4ttKWi1+O1Y6K7BCfNPJBUxgd7H4rV3opGAtEN/uuQ4KjZwsMM/ZEvNdrLBctLXcQYkV4trVXkqsFc90Q5AcW8ScbI+3RHVCexwfG4H66VnYNyYRR8bG4OCUBOyZmoSDkzKxY3wSdk5IRu3EJKEE7JgQIxSF2pJo7J4ci5qSKOyaGoftxeGoIBWFomZMKI6UJKC+OA51k6OxqyQSlUVB2D4mAFVjg7FtlC82DnFH6UgfbBvshy0DvLF1oA/KhwZg+7BA3t7Y1wMb+rhj80B7bBdrnrRztA8qh3ugdowfakb4oHq4N3aM9BWlJ/YUBWD/RD/sL/HGxRVRvJbe7++KF5W5uL0+CVdWRHP5vCIHb3Z0xsuqPDwpy8KjbV3wYGs+7mzMwa312bi7KRf3t3Ti7UvLU3BieSpOrRRre3snfHVkCF4fGILza3NRNSESG4YFYdXQWKwZHot1I8X3rSARG0YnYH1BPNaNisHakdHinCiWVk7ZO/EH1/93/QGA/46Ope8g89LA0pAxBBTfwS1PAxDJkZu99R0S5n5k5yuFTk5eQhDyHecPpnMc0v4GvwEaQGvsRGGONfdoqCOFF3/LbXPYZbvf+DxyG3t2+5HPTVlC0PlHDkNN92xwuFpHE4x8B5++mrYo/DTtx836hiEptZG6goDnp+MBmuMkr16aOnLudlj/HgofzRgDhnzPx906acZI7mc63nAda9s7uGRrjltHEgB+B4Wf5nr/gZrrE+Z8ZJczQeC0lfQH7xfXfyH3Lj9+AsC/8lxSnWuOpm0KV23i8iv3Ud/6N+gofkfSwo/wH/Q9DGz+cOVSOG2H1L8hacFHZG1+z+dSfcQECr8t+tpR054GAP8xdhsxf9T3pEUfOZQ0QXy/gT9ALdqi4zQHdH7Wpvf8XKjOPpkA938dhyRJkiRJkiRJkiRJkiRJkiRJkiRJf5WXnTnsCICatoGdTCMCoxQSVN6+BcO5xABbJAXa8XYAuVJdyAGsQDC5VF0UCHUT2y4y+DsYI9CBQsvKQTl643wsOAQ0uVMJcBLQpFDQBDgJ+IWJdigsMzl7yZ0b5W7BgJS2CZYG2hsj1INAjgUCnClPr/knWcLPwRw+9gpxjjWCHGxZAWorBDpbI8xDjVBPOwS5WcPOVBtqmQ48rE0/l6HutnCzMoarpRHMtPVgYWAES0NDmGq35RDYBq0bQW2uD3ulHrsOyUXsojCCi8wAnuYm8LE2g61hGyjaNxXXNxZz1w5e9mYIcrGEu6UewkR/o72sGYx7W+ky0CbncqKPJTt3Cb5mBllz3lvKuZrsreAwvImeMg7B2znaGR1D7ZDqa470IHNkhlqxSzdL1KWJ6yinL7mDKcS0p7w1AlS6nCM42NYAUc4yhNgZItLJTBMiWq2N/Ag7VlawpbifORK8TURfTLntjpH26JLgirwYZ/F8rOCmbAkbAy1+1ulhLnAV7XIoYA9r0Xd7dPB3QLR47jEuBHUNOTw3rQlaD5pnSk5uEyT4KJEi2qM2w8XYQpwM+BitCYLe5HKmtRHjJUe8GD85kuPcTNA9xhFHNk7A5Z0zcbGqBBdrJuNsxQScLi/m8tKOKbhSO+1P9aRTZeP+pJPbCOyO/XN9edEnFX7Wm"
36551 [Forwarding screenshot on session b1310904-d161-49ca-a1a6-530fba7baea8 to remote] DEBUG org.apache.http.wire  - http-outgoing-101 << "YpxrLOVxThXNR7nqydwvt+LO8S9SeI+l3dO5fDP53ZOxqU9c1C9YgS6xqnRIUT1yZFNobUVSBJjjhZjDbRpB39VG4b0GUE2iPOQcT25ZNP9FRrQ6mGAVB9jdItzQ+9kb6SI9yXYWgdBYr0EWekjzNaUnZ9RYk4oxDaFPafcyuHOmroIF7EG7NojwEHBeai9xBqI97VEsr8SSb4miHbXRqq/ATKC6Z8m2iPCQQehNm0RomqJ/FBL5IeYoVuEHHlBJsgJMmaQmxUi1oaPeMcddOFi1RpOFq3FcxL9DrLlZ+gv7hfsqC/u1Qr+9tpICRZrV4whnZ6fi1jnHrrolhmF+p3V2L1mCspnJqNsegdsnZKGjRNSsGZcEpYXxGHh8GjMHhiK6X2CMalbMMb39sXEAcGYNTAWK4ZHYd0Yf2ycnISCLkFwcxLvvo8DPJ0t4eMm3m9P8e6qTeFN/3gS6IRwPzXCfO0RGaBGRowPOqWFoEOMN2LFfoy/LZKD7Lk+VHxn4vzM0TvWEiNTLFHU0QHDM50wMM0Sw9PsMDzGGkXJoi7Rlt+T1o200LRpWzRrqoUWzZsy+G3atDlatWiJds2aQKeJFhzE96CbZ2vMTDBFsWVbzLNVYL5Da6wS81Dpp8DeoHY46GeAS64WuBrkjXkucowKtUBPXzlUol1XGxl6xoQgRq2Cu4E2/Mx04K3bCJ3Fs145IA4lqbaYnuOFHMemGB4lw9phkUKhWDnYD2uG+2LtCB+sHhSIdf08sLCDASr6qrBrhAdmZMowKtUKwzKdMSTeHGMy7DE63Q5jsxxR3NEZI5JVGBSrwIBoGTqFizUQbsrhsLuFGaNHmD6Hfi7JU2PZ4CBsHhmL0tFxogzFtsIg1C+Ix83SHNyrzMHd7R3wsKIz7m7LxY1NWbi2oQOub8jG7S15uLetM+6XdcPNrd1wv6IX7pZ1FtvZuL+9I57uyMPTnTl4vkPjBiZRWOgXVAo925mPJzV5eFydi7sVWbizPRO3yzuI+2Xisbj25e6ueFXXDS92dcGHA/1wd1oQLuWa4abQuU5mOJihj5Npprgcb4qDkaY4FCXHoUgl9ocpUBcoxy5/OWrF89kl3t1qbzmrykvGqvAyY5V5mbLKxe9WuZcC5eLd3S6eGwHgymAzVIWYojrcjPP91on294o52xdnxiXlBK4V87ojRJwfoGQH8FZvM2wRz3Wzh1xIiY3iN3KDWA+rxG8nS2yvEb8Ta8Tv3noHGdapzbBe/KaQG3i1owmHdyatFMdWiGPLKDw0gWA7MwbBDVokji92lGOxk0Ij8XtA+X+pXCJ+b9eKMW8OUaI0QoxVrIGqTGvUj4nEvpJYVE+MxN7J8eykrZsYzw7fHcXR2DlOqDiSXbE7CkOxsygMdWJ/38QoHJ4Yh92jQ1l7qX5MCOrEOjk4IQKHS6JwYFKcOC+Gz989LgK7RBtUkriuOAi7Cv2xo8AHNaMI6GpUM8wTlYPdUDfKl7VvTAD2FYVgz5gg7BwZwNo9Ohg7xP6OUX7YLb4Z+4uDsXd8AC6uSMGb/QPxbE9fBr3XVqbgwpIMXFmVhec7u4u110Wswd5iLfbFk+29xVrtyiHLaY0+quyKN7W98XK7qFuZiivzo3B2USzulHfGt8dG4PuD/fBocw4qxwRyGOyNY8KxuSiSy/UFoVxuFfO1ZWwUNowOw+bCGP6Hlv93ABzwZwAcPEoDgF1zPwFg/b8AYHFd8qJPANj1EwBO/RvCx2ocwBQ6usM6DUx17/wj13GY5wnf8n0MPkFGUhuDfyB+Djln/wCilIs2suRbBsS0TwCTjnt/AppWYeQIfsfXfXYAr/iA4ALN/Q1sf2OYSeeQM5nqCHJnbfwEgBsB/oM1ALfhnv9bAOzbl3IGayA0AVwCq/9bAEywm9qiUM8ElKn/NOc+fX5A6rIPCB/3HZ8TPPJ72MX/zOOk8506/A0dRd9onLQfO10zf/8JAFtH/YzsLe8YHFM/CawHDv3+M/y2/DSf1P+GsN8SAJYkSZIkSZIkSZIkSZIkSZIkSZL0/1Xk/LUwagdL4zawkbdjOauMIddrxWFJY7wtObxyrI8VQpxNGfYR+CVASCDY30mOICdNyGFynJIzODHAHmnBGtBLbl8K+UyQN9xFwTl4CfQS4CU4GiqubRA5iIMdCPyK+9iZwN/WGCHiXLoHhWx2sdSFo0IHDvL2DHPJ2RtgZynOt4SvrRIelqacm5cgr4+9aF8tg5NSF3ambUW9Pl/ramnA23LtRrDUbw4bY2NYGxmKNk1hZ2YAK8O2UIm58Hc2h4etCZxtzEQpxmmvRIBQpKs1kgJcEOtrz3DayUIPnjYmCHa1QoS3DXxEnwkAx4htEoV8DnE047y/5H4l0Jnqb8khdJO8zITkrBQfJcPgvAgHdIlxYRBMUDg1wBz5sU7Ii3JCbrQTckSZ4G3BANjTsh0ozy6FX04NsIMmr7ApvMzbch7hQFt9xDjponOkPYvAVkaAEnGeRqwkXzPRnhqdRPs5UY7oGO3M4bRDnMRxXxU6RLghxNeGAbC3tQG7P6PFWIJU7dgNGuGsw+fROqCQ1QR4KXwwQUqCuslinKnBNoj2lDFApOP0jwEN8J9AMNXTuRR+moB37wRXBsCXdszA+U/A93xVCc5sH49zlRMZyH5ZRxC4QbT/V9E1n1Ul9lkEezVqgL//CQBfqCb37yQGwOdrp+DSnlkMgDvH2CEt0IIBMLmq48UYCQIT3CdndqSYA6rvGO7AAJjq6HkTgE/zpRzKhhw6uUu8Czu0wxz0OM8z5WwmmB+mNoWvhY6op7aMOHS3Jg+09ucw3rwv3hlytLsoWiFU3DOanLz+Jkj1M0JOhAIp/mLtubRHtLMuYp0NkCSO945zQOdQGbqGy7jMDTLjXL6ZwUoGyGFuxvCxE++KeM6Ban2G9rQmCAAHiOfubd1afAv0kRZqg0QvQ6R5m7HrOMytPfLTwnCwajtqV03CtumJ/wEARzIAntE3hAFwcS8fBsAzB8T8FwDs5WYNV0dz2FqI99beDAEeNggS71VkkBOig5wR5GkNH2clfMW3JU7UpUZ5INxLrGF3JVIjXJEa4oDkcHdxjhwxPgoMSXPA+BxHTMh3RUGOG0bmqDE6ywmjktQYm+KIEalqhvu6rbTQulV7tGnRHK1aEvhtjeZNW4j9ltBu2gSGzRvBzdwEfcU3YFa4I6YorbBa5YtVlhbYZGODckt71FgZos6mBQ4qtHHASYVJal0UhJqiKEKFJP3GiDFuj6IoM85bOjvXDcv7BmN6lgPmij7tGZ+EHaPDUTbYBVv6O2DTQEcs62GJxT3NsXa4E1YOc8DCASos6u2FxV3tMTdNDxUD7bF7jB+mZcoZ4hbkemB8JxdM7eGN4jxnHvPMPv6YPyiUXdhLxFwvHJWMRQXJWFmYinXF6dgwPhWbi5NRXpKKGvHsqkrSsWNKBnZMTcaBeSm4sqULHu/qhUe7uuBudUc8ru6OBxVdcGdbHm6XdhJlPu5v745HVb3Esd54UNkXT3b0xz1Rd31TFu6W5+B5bWe82NUZz3fl4fWurgx9n1TmiHYIEGfhHkHf8g64tS0dd6qyWXSvhzW5LILAzykX8N7ueHNwKO7OjcflLra4nmOJ83lWOJwlw5FkGQ4G6eOQmF8CwAfFu/CfAPBf4e92Tw38/e8AMIV5JgBcF6XEnhjZ/wiAS31knwHwJncFA+D1zjKGv6td/wyAKf8vAWDSGvE9pzqCv+QEJgC8XBwn+PvvAPBCcQ1B4EWfIPAS0e5yd3MuF4lv9HIP0aafKTaHmaIywRw12fY4MjoCdeOjUDk2TAN5xbqj0MuVYyM+h2AmCLxrXCRqRR1BXIK3e8Q1dUXhqB0dgr3i2KGSGByYEIWDE6NxeFK0KCNRLY7tKAzja3cXi/PHR7Nom1Rd4IeqUb6oHOmD6hE+qBnpi52j/FBb4M8lgWBS7UiCvIEMfiuGeqNskAfKB3szAN5ZEMjH6sgZPNIdJ+bF4uXu/ni5fwBe1+Tjyso0nF2cxgD4dV1fvN7bCy/3DMDDyoGcs/pOaQ+xLnuItdpTrM2+eL9vEN7t6otHGzviysJonF4Uh"
36551 [Forwarding screenshot on session b1310904-d161-49ca-a1a6-530fba7baea8 to remote] DEBUG org.apache.http.wire  - http-outgoing-101 << "+ul+fjq4GB8tbsnbq/LwNYRvlg/KoqB7yYxRw0AmETgd92oEKwc6s/wd+2IMGjllr/H/0aU25dgn9z7V+SUvoeZuwa4Bg3/gY83hD+mkMQdxfGEud/wPuX/TVr4DZ9Dbl2qI0CZtvzj55y6VuG/IHDoD2jIyUvnpa/6yNe452vAI0lH+TuHRKZ6CjtMdQSVvXr8iFZ6mhzAVqG/8HHvXhpgSoCYwiVHTvgO7Uw190sV905fqXHjNmoE2Mb9DO/ef7ShCWn8/rNjmZzJX47RxOU3dFin6cdnifMp7DIdJ+hMc0BzRfvUNp0TN/NbhqoExun+f7r+CzXAVg7H/Gm8QSM0IaubtSYX9E88LxT2muaO2iUw3M7kHxz6miAwgWY63zGN4Ox7dmLzfsbfEDXpOzhnafpqYPM7t+/ZXTNf1F5HcU96ZtRPmp/AYT/w/DVuKu7f6l+wifmFx0aQmq6h+fqy/5IkSZIkSZIkSZIkSZIkSZIkSZIk/SepTAygNGgDBwsjBimU99PdTgGZbktYGOoixtcakV6W7PINcjZDgKPJZwU6mSLIRYUgcuU6KFhhLuTwtAWFd45wtUCinwOSA5wQ5a6Cl6U+PC30EOxAoFfO+6FOSoQ5myPEUQF/WxP4qAy5pPpoD2uEuChFu2bwsjaAq7kOnOTt4CjTZjmYtYPauA1c5DpwN9fl484KbTiZt2dY7GqlgbNetqYIcVPBVy2Ht50Z1xEMpn17mSGHiXa1MkWAixWD32B3S8SHOMHH0RRqC124iXt7WOlzvzRjUiM5xBFRYm5CXMwZfEd72yA11JXz7jrJ28JTpY9gZxqTMdyV7ditS3CWQiFT7t0oFyMGhAR+Sen+5M5VMfglAJwbrmZHLDlJCRASAE4PFvcIsGEnMYWQptzKATZ6n2Gvn0qH5aFojTDxfAg6p3jJ0CPOFd1jXZATZivuIa71ImhsxqF9O0bYsbIj1OiS4IGcGDeGtBSOOtrLiuGvpUETqHS04GTYBKG24vlZazOwDHXUY2d4hJucATDl8qWQz+RWJedrXpQzskTfCQRHu4tnoDZgCE7AOspVjjhPDQBOpHyyIXY8/l7xLji0vpgBMDmACfYShCXgS6JtEgFdgr4N+w3HG9QAff9UXz3hkwj0avRX+PtXAExtEAC+SBB412Rc3jsbVcuHIj+anoWCAT3NZ7Sb4WdFuRqIsZnwsZwIR4bB9BxjXQ0ZwBMATvTQR5KngZh3OzFfJvCzboVgtQ67fGmuKEw25U4OtWvP/wgQIeY72KYdogkse5ghRqwfUqiLnHNHe6vaIcnPHNnh1uiV7Iy+qY4Y2tETg7O90DfFFd1i1egR64S+Sa4YneuP7tEW7ADuFmWOTiFyZAWaMQAmV3icr0Ksa0OGwF5W2uwCJhDsZ6sj7tNG1LVGhLsxO4AbAHCCqx7C3XWQmxyMfdu3YefKEpTNSPqPAHjOoLDPAPivDuD1hQGfAbCflz18PGzh7apCgPiuhPs7ITbMDfERHpzjm9y/caFu7AAO87JGTKAa0X52iPRRISnUCfmJvshOCECAuwWSg61RmOeFkk4uGJfrxAB4REd7FOW4Ymq+H6Z18sY4Udc3zQ3tm2ihmVZztGqkheZaQo2biP2maNO4GVqLfX1R72yqh2HiPZwcaI4CXX3MbG+FeaJcKzPHBmMVKq1MsNddG+fEe3dYrOtZYYaYlW2OxdnWGO9lgHlR7lid2gabOhliebY2SvtbYN94L9RPCcWVhR1wdnoSLswIw8GxHtjS1xzzc/QwL98YC3pZYGpnM0zoZIzCFCUK4w1RFNkCS3LNGKQt6OGIURnWmNQ7GHMHBWLpqEjMHxKMhcNCxTNIQOm0TFTMzsWWKRkom90FpdPzxDPKRtm0jqielYud4tieeXnYv7AzDizqgkNLuqJ+RRdc2toHLw6Nxscz4/D1yRF4fXQQPhwrwNdHRuDNweF4fWAYl28PjcJXhwtYr/eL8tAYPNrZH9e3kGs4Hy/reuHVnp54vqsbbz/a0QW3yzviRmkmrm3T6PLWDFzcnIYr5Vms65U5uF2VhxvbO+JqaQfcrszFk7oeuLd7KK7MTsa5Lk64mmWL81nWqE8zx7FUFepjzTXu308AmEJAfwbA4ptDqhLf4AZViO8Wabt4v8o8zbDNwxRlHkoGwGXeov4/AOC9sXLsi5Nhf7yMSwLCu8T9dor7VYi18d8BYIK/DH4/wV+W+L0jaQCwpk4DgOUaACx+ZxsA8FJ7ORbbUzhojRYKLRL1C8Xv6yLxmzrXzhBLxO/6UvE7tczDHKt8lVgXJMdWMSc16TaoFuv/UEEE572tLo5AbXEMdhVFYfc4ytmbgF3jyQ2ciP2TEnFAvJMHJyXgQEk8Dk6Iw8GJsTgyNZnrDk0WxyfFMRQmZ/CBSTFiOwI1RdGizThug0TbVFc1JpJVOSYEVYWasNGknWPCUFsYjj1Fkdg3Lhr7isNYBJMPT43HoSkaR/Ee0V9yLROI3j8+EofE8UPjxbUFPjg+Jxova/vh6wND8Wh7Ds4sSsShmbE4sSAZDyu74kltN9yv7oWrm3ri6oauuLK+C65s6Yqb5T3xoKYvXu8ZiNc7euPuhixcW5qEM0uTcX1bdw7//LauN25v6IhtBYHYVJiELeNisVWMicpNYlwbC6O4XD86AmtGhooyGmvF+/e/BsANcNaCQiqXvofCV+OODR71PR8nIEnAsK3RPxh+Js7/hmEhAdjkxRoA3ACN7RIozPB7BpUELamuQYb2vzFsbLgvgUhqk1zB9kl/gMaAwT9w+w3XtdL5J4d3JjBJx6mNhuN6Vr8zYCYXLNU19IdAKoVjbmiDZOz4G+JmfMvH5V6/8pjoXrTfAGbpHpnr/ysAJkduoyZgQEpzYB6ocQD79ddcHz/7W7Q2+CfnSW4A3P9O1K+mLf/FADp7s+Y+GWs+cm5h6k9DXwnI+vT5EZkbPjDopXs31FNJz4xyKdP1BHYbrqNn2OBmpjzDdNyntwYAc9/Fs0le9A33k+arYfzUr4ZnQWG3G+aOnNN0XJIkSZIkSZIkSZIkSZIkSZIkSZKk/0l2SlNYGOvA3sIQ7mo51JYGsDM34Py/VqYGiPRUcT5ZArHk8iUY6682hY+tEUNOH3tz+NmZw9dWzgp2JHhog2h3W0S4iuucCPKp4GdrBgeTtgxsfW1M+bwAezmCKIyznbhWZcI5c51M2sFNrsv7dMzNXOwLuSrbCmnDRdEOLnJtOMvasQiuelvrcSjiEGcZQ1cCsv5OMvg6aJzAMX6OSAnz1ABfgsYycb25HodsdrMi9297eFgbi/PN4GVnhABnOcNdyiHqamcAd1sDvn+AOEahnMm9So7oCB8lu5397Az53pnRHgzLbY2aw864BUNrD0td+KgM2P1M1xEgTfKjsMFKdgKn+lshycccyb4WXJITtnOsGyvBSwFv85boEGyL9EBrhqcUXplCQEd5yNmtSyA10kWM296QQTABYHd5KwbDoQ7GyPAzZwDcNdoJ2SHWSPNTMrAk+Jvsp2AXK4FKgsydYl0ZMBPIpb4GqTUhvinnM8HaDHE/gtMdQ+y5PzSWcFcZghwM2CFK/aPwxORYpXDIuZGOyI5wQGqgisMYB9jocN8JAMe4Uz8sEUuhk8V8EDAmB3DXKDUOrB2LK7WzcLlmMs7XTPqTzlWX/EnkCG5QAwz+Ul86hBtg79lKcv1q1OAK/hL+fgmAqY4A8KVdk3Bx9xQGwDUrh6NbvJpDc+eG23BY50RPYyR4iLF9UoqPxu1Lc0Dhn4Ps2nJ9dqgFsoIUSPczFcdNEe1lJNYPhVRujUgPA0S4UzhtQySINlOCLbndTpF2yI+y53tRjuQ+KR7oHu+MXklu6BTjzqG2yYk8IMMHI/OCUNwrAhN7R2D2kHiU9AnH2G7BGJzhJeSNgrxgjO8Whh4xlugWpUDXCAvkhSnQMVQh+mbO+aaTxLogwBvspAd38zbwt6Nc0+IdE/K0bAUPi5ZifRjxs6MQ0B3E+SmeYk166SMnKQh7y0uxa/VkVMxO/QyAN4xPxuqxiX8CwDP7hWJy9xBM6OOHSYNCMWdwPFaNjMGGokBsmpKM0"
36551 [Forwarding screenshot on session b1310904-d161-49ca-a1a6-530fba7baea8 to remote] DEBUG org.apache.http.wire  - http-outgoing-101 << "V2D4eKgRESIBxKi/BAe6Ixgb3uE+asR7GMLd4oU4G6FhHDx3gWoEehqzv+4kRXniwzxLqZHuaN3Zhi6Z0UjPswV3dJ8MXtQDOb08cf0Xr6Y3j8ck/uIuv5hWDE8CQtFOaWHL4bnesO4hRbaN22Jdo210JZyADduAu2mzaDTtCnaa2nBQEit0wr9fBphSnxrFDq1xAwnMyz2NsCGCBXWhqlxqKc3qvPdUdcjCGszHFEY2hqTM/Sworc9FuU6YFa6G5ZlylE+yAVreptjZS8ZNg2yxdbBzigb4IlVuWpMSzbDYL+mGOzfAhPT5JiRr8bkHFuMy7bChFwbjEm3wkSxXZJqjFkd5dg1KQaHFudjY0kqNs/IR9msjti5uBurbnkv7F/dj7VvVV/sWNQV+1cNwN7lfVG3tDf2LeuNwyv74Oia/jixrj9Orh+Ao+v74/Ca3qhf0x2XKgbixdHx+OrMRLw+WYSvThXiq5PFeHN8LF4dLcSLI2NYzw8X4tmhMXh6cDReHy7G2/piPNw1DNdKu+FOVS+8PDCUYdrzPQPw6uAQPNrTD7druuNmVVfc3tkDd2p74pYob9R0w+263ri5qyfu7OmDR/sH4F5dH9za0R33Rfnq6HBxvyLcXJSJCz1ccTvHHjezbXEyWYHjiQqcjDPHgUgZ5wDeH6HEnhA5dgcpUeuvxA5fkgYAV3rKWA3wl3L+EvxtAMBlnvL/CID3RJszAN4fL8eBBE1JAHh3pLhPmJIBcLl4l/8KgDeI7yYB4Ab4u/YLANwQ7nmV+P3ifSGCvySCv6SlDnIhUX4BgBfZmWGBEEHgBWqN5tmZYKGDDAvFb+Ii8TuxVIx3mZ8xVocYY0uCEuXZdjg2Ph5H52Zh/5wM1M/JxomZ2Tg+KweHZmTh2JxcHJ+bhxPzcnF6Xh5OzeuIU3TOrAwcn5mOQ9PTcGBqCg5MS0JdSSxqx0dh/9QEHJmVKuoSxX6yqE/D3skZXNL+zuKkz/Xlo8NRWRiJmnEx2FEci53jYhk67y9JxuGp6Tg1PwMn5qaxTi7IYh2fn4UTC7JxerHo06IcXFzaCdeX5+PG8jxcmJ+GW+vy8M3hAnx/vAhf7x+I21u64OKqfFxZn4+X+wbh1aFBeLF/GO5UD8WN0kG4Wtof18oHiPXXH/drB4lzhuHFrgG4uyUPV5en4+zKTFzb3guvjxTgq/2DOLR51cQ4lJZkopL+mWJqB5RNSsOW8UnYODYe6wtjsXZ0NFaPisSSwSFYPCj4fw+AkxZ8w07T1GUfGXamLNHsE3yk4xmrPzLgTJz3DR8nFynt03UEFOkcvmbGt+z+pX0CyQRjyZEaUfwdYqeLYysoXPQf96VtaoPa6rD2D+iatUnTPoHemKniPgs157Db+NP9yYUcMf47vidd23AOHaM2skUbBKoJkvJ5YjzkzOX7C1Hf+L6f3L7pYozUR6r/so8NouPUBo9PHE9ZKvbp3p+uJzcv9YlEY//r9Q0i2Ev3ZVD9xX0IOifM+YbHTKJ2Gsby5Xx8nkvRj4b70POheaJx0pgJQFPfCPRq7vlB83w/9b1h/kh0X3JRU95hAsSx0zR9I7BOANgp82+f+yhJkiRJkiRJkiRJkiRJkiRJkiRJ0n8nR0tzWJrow0auD0eVCazM2sPKVAcGbZrDysQIoa4WrAAHGbtgyWVLeW5dlO1hZ9wSduJcZzkBUgO4KPThbk5OQTOEOlowAKZtAr4eFgZwMtOGo2k7eFoaMvwlOOxjZQw/a1NWA/SN8bBDsr8LUgPd2OlKuWIpbDDlB6bw0VHuVqxoDxXnPaVjlGeYwk9HuJuL/ppzaFx/tbi3nQmHa04MdOJcqdYGzaDSbwoHszbwsxf3tTfhkM1RXtZ8HTuNLdrBQ6XDjucQT3P4OZrA00qHYSuFWSbgGeEhQ4yvBTqE2jEYI3ckhZtNCnaAn9qI4bOnrSHclDqI97NHcpAD9z3Y0ZhdwJlhos5fkxOYwkI3iMBqlzh35Me4cuhgyueb5K1CtIucHaEx7nKEOhjCx1pbzGlr+FrrI8xZznmTKcw25U0mKE6wmu6X4qVAp3AHdAy2RZqfBYebjvMwY2BIorDE8e7G6BBsw6CZADP1j/I1U5huPztjzt/cLcETvZI80CvBnfMTJ/up4C/Gp8npSzDXnJ28NAZyvJJrlVzNnAdY3IdcwcH2+oh0MUWijxiPm4LnMlGcQ/mCCYCTs7VTmA0D4Ku7ZuNS9R/A968gmHRhxx/w9/8VADeA338Hf0m0f7l2Ei7Wiu3dk3B530zsXD0cfVKd0TlOjR6JTsiPtuX8ueSgJdF2xzBL5Eao0CnaGSn+GuieHWLF4YW7xdqja6wNeiTYIztShdQgOTpGieee6IicaBtkhlugU5wdeqS6IDvYHAPSPTE40wf90zwwNNsPwzr68/6oTsEYnh+O/CjxfENVGJ4TgFF5/ijs5I/iLgEcUnla/3BM6RuGUR29MTo3EOO7RWBclxDkhclE24bICVGIbXPkRVggV/SZw0D7ycSzMRRrSk+sMx2xvg143VIIb1rntO4op3OEm4lYm0ZI95ExAI72NmC3bd22LZ8B8LZpGdgyORXri5OwqigBy0bFfgbAsxi4hmJiX39MGRKOeUMTsaYgDpvGBWPLtFSM6RYCa/HdiArzQlJMAHzdVfBxsWT46+WsgCO58t0sEeoj3kGx1hsAcFqkh5AbOib4IjvanXMAR/jbo1dmIBaPSsGyYZFYLLRkdAqWjIrB4uFxWD4yGfMHhmPWgCBM6h8JV3kbOMrkcJQbChnD3swYjgozuCpM4WIm7qsUa1ytxNDw5lja3xoT06wwPskFJek2GJ2gQtdAGSb1cUXJwCSM7hKBMVkBGJfshEkZtpg/KAQT+0chXbxHueLbNrN/MtaMz8Wy0QmY0z8QC3oHYlH3QIwVa2Fsvh+WFKRjx4L+qF83Csc2jED92iGoXz0Ah1b05u1zm4fj+Mpe2DO7A26WD8fzwzNwsnQkDm0cifrNw3Bi2yic3j5GrOOJYp2Pw3Fx7EwF5b8uxMmtBTixRbQrzju6YQjrhGjvbNloXKgYg6t1E3GpZiwuVI3GrX3j8erMbLw5NxMvT03B6zPT8OLkZDw/MQlPj5VodHQy6/GREjw6PAnP66fi1YlpeHRwPG7uGI5HB4rw7tQ0vD89FW+Pl+DdWdHOiQl4dqQIT+uL8OJ4MV6cEvsnivH4qKgT5YMjY/CovhDPT47HyxPj+bznx8bxtd+cnYxnG7vh0mBPXM2zxu0cK1xOleNsogmOhut+gr9y7A2Toy5YgV2BCuz0U6DGR4FqbwUqxbeuQds95Ch3l7G2iW9vqbsZtrkr/i0ArhHvT02EDP8OANN+AwCuDLL4jwB4nZMZg99/B39Xit8PUgP4/TP81WgJO4CVWGynwCJbORbayDDfVqN5dhqR+3exkxLzxG/hXNHuYi8ZlvqLe0SYYatYs2WdXXBtaTfcqx6N6+XDcGPLUNzaMBi3Nw7BpbUDcXXdIFxZ2x+X1/TD5VV9cWlVL1xc3gMXlnXF+aVdRH0f1rUNfXFlXW9cXN1NbPfGjU3i3DXdcXJJD5xe1gtnlvfGqaU9cXRBFxyZl4/6+Z1xbGFXHJzTEfULOuGk6MPZZT1Y51f0wpXV/XBT9OPK2u64tLqraLcrLq8V9xX7Z1Z0xallnXFqRRfevkDu9JVdcH2V6M/ybNH/zni7Zxje7BvOwPZuGfWnD65v6c3g9/nBwUIFuF87Cvd2jMPtmjG4tVOs710jcW/PSLw6PAavD4zAw8qeHDb6zOpcXKseiNfHxuLrI6PwqLo/aqali29bPsqnZqJsSgeUTkrHlomp2DwhhUXbW0vSsHl8GrZMSP/fA2BJ//8t/0GaHMHk/jW0+42d0uQAp7qQ0RoXuCRJkiRJkiRJkiRJkiRJkiRJkiRJ/5NUpiYw0W4LuX5bWJq0F2VrmBu1h07zpjDTac8OWXeVEYdMppy5Sp0msDJoAZVhS5jrNhUit2vrzyGZHU3bwMNCj/P4hjkrEelm9TnEM4V9DlLLEGBnyvt0LCXQCckBjoilcK58viXXZUV4IjvSix2OHSOckR6kZ"
36551 [Forwarding screenshot on session b1310904-d161-49ca-a1a6-530fba7baea8 to remote] DEBUG org.apache.http.wire  - http-outgoing-101 << "scogcMoVyViPSyR4G0NApEUspggJUHQEGcFfG2M4WquByeZLsPfeH8HRHvbIli0721jxGGkCQAT0A5QmyLcjcCxJSvYiZzMRrA3bgE38/bwtKfcwzrs4k30sUGqnz2HV/YnKOZiyrl8KZQzAU7qB+VG9rU3RJSvLfycxbadCaI8rBHpYYU4XzFGFzN4WrZh9yyBTwKnFO6XwCi5Y2m7Q4hajNeOt0PsjBEp+hRqb8LuYwLAFErZz1ab3ZgEgCm8NJUEfz0tRJ+FaJtcx4nuZgx/swKtNUBW3JPAb1aoHUPfFB85op31keytQIybeC72+kjy1eQUDlGbiHYN2a3bI8ENPeId0SlC005aoD1CxXOlZ0Mwm1y+5F6mNul4srcMqb6aNgkKE+iOofDPYrzJPtaIEnNDihP9obkj93OiKPPDbT8DYMoB3BDG+Uuo2wB8KTz0f4K/DWGf/1T/CfBeqCHY26CGuv8Kf0mXdpbgyi5xj9oJOL9L7O+dgdo1IzCggzt6priiZ4IjukTbIi/cCjmhGohK2/mR1ugcZYNsMR6Ny1rBQLh7ggN6JTqhV5Iok+zRJdYenaKs0SPREb2SHdE1zhb5MZbIjZSjc6wFesSqMTTTh9U3yQX9kl0xINWdRXXD8wL5Xp3CrFDQKQAFOT4oINib5YGJXQIxvW8gO20JJE7qEYmpfWMxtlsoOoXLkRmoj6xgGXLClNznjiHm6BAgQ5q/GVJ8TTi8M+WvZjmZcM5mgsAUbpr/CcLNBHHuepxXONFNH5GeeugQ64vaLRs5BDTlAC6dmo7Nk1KwblwiVoyJw9KRMVgwLOJPDuAvAfDa0fEMgDdPTWEA7Ggn3qtIX6TEBSHU3xExIe5IjPKCr3hnXcS7TCGg48PcERvizCGgowPskRHthZxEP+QlB6BDhAsSQlwQ5GmFHhn+WDA88TMAnjs0FouHR2HBkGgsHBwrynDRt3CU9A2BWl8LipYtYNxUCybNtaDXSAtGzbRg3kYL9rpN4CdrgzDzthgdbIGSjo4IMW8NG+2W4rvRBBZ6zdBCS1xv0QwmMj20N2wDS4O26OKhxsSkQKSKd8BAnNO8dRvI24r31cYKwa7WHFI/0tUIveKdMEY8285eJhjZKxDbVw/FkcrxOLh1JM5Uj8GV2iJcrx2N23sKcWP3NNzbPwv36ibjWuUYPD44FU/r5+B8ZRHOVI3DObF+KXT51X0zcP/4Ilw/MAunq8fjUt1UXNs/Ezf2TsctKvfNxNW6aaxbB2bj0fHFeHZ6OZ6eW44nZ5fh8Zml+OrKGvz0sBR/e1CK726vxw93N+KHexvw/R2NaP+n+1v5+E/3tuHHu6X4/t5mvubjrfX46vJKfHNzLX6mujsb8f3Ndfju+kp8uCzavriI9e7yEnGfJXh9cSFenJuHlxcX4MmpWXh8ciaenZmDV2fn4fmp2Xh5ag7enJ2P9xdm4MPBcbi/IANn+7ngWAcZjiQY4ESCCY7FGGOfeI/2iLW+O0SG2iAZdgYoUeOnRJX43pHjl8Bvhfimkhrgb5mbGcPfBgBMMPhLAFwl2vrfAGDKA/wlAObwz+J3gADwBke5KOWc97cBAFOu3+WOpqyGnL8NYZ8bwC+FeV6kVmLJF/B3gbUZ5lqbsubYaNQQDnq+aGeBmzjf1wKLxBiWR8qwKU2FLd3dcWVNHzw6MEmsp2LcqS7C/e2FeFxdjAc143FPrKE7lYW4WV6Am6UjcWOrBhJf3zwI1zYN5P2rmwbj2pZBuLp5IC6u740rm/qJ/QG4vLE3Lq0fhCsbh4hzhvL2mZV9cHxJdxxZ0BmH5nXC6dU9cX59X1zaNEBcNwCXNvTDpXViX+jKhv7iuj6ivg+ub+2PuxVDcbtyOK5tG4SLmwfg/MZ+uFI2BFe2imvFvW6K825u6oGHFf3w7kgRvj46hsOTP6kdhgfVBHuH4+uTxXh3ahzen5mMl4en4OGemeLdmYo7e0pwZ38xHpJj/VQJ3p+cgOd7h+P21h64uq0f7u0dg/fnpuObMyV4uW806hZ0QuW8vqiZ2wXVczqjanb+Z1XO6sR1tQu6Y9+yfjiwYgC08rZ/gCRJ/1+VvekjPDr/BF2L39Fa/59oY/hPGNn/Bp8+PyFn68d/e40kSZIkSZIkSZIkSZIkSZIkSZIkSX+VykwGg7at0b5lYyEtaLfQgpl+O7Rv0Qwm7XVgbdQGtibtYG/WHnam2rytlunA2dwA7hS22UoPPrbGHBaaFORoyi7cOG9rJPhZI9HPDgm+tlwm+dvzNjlVyc0b66ViqEQOX3LwktOQws1SWGGqo+s7hjugQ7A9knwob64pwtTGiBD3iHWzQKKXNSg0MYHheB8bcU87dhV7WBjB0UQXaiECukGOMvjYGLKblQAx7fvbm3AZ4iiHNzmb5e3gYa7LOYoDbGUcjtrLwhD2cso33JbBdaqvIzoEuSDBy1YDxZxlSPIyQVawBnzGeMnhZd0ODrKWCBdjIwBMc0N5id0tdBDlacmg2lvVnp2U8d4KDpuc4G3BADjQVpfdveTCJbcvHQt3kIvxKsS4KYdwQ6hnPYZvFIaXxkOi8NheKn14iudB4wpzNUeoixJRDvpI8zFHuq+FBtz6WSAtwIpDPmcEfQoJ7W4sZIpIBwNEinsn+1oxbPax1EGEk1LIGNlBlsgOVCDF20jsG7C7OFCtCd+cJtqhvMYElimHMc0HwV9yFxMAplDWdDzeU4lEMdZELytEOpmJZ6gU8yHj8NAUCpvgNDmA960uxLXdczgH8J8ArlAD8G2Avl/uN9T9p/P/ALsEehv0Z+D7VxEAvrqbHMATcK5WnL9nKnauGcYAuFeqG7t5CfQS+CWASvoSBJP7l0Jtk6uW3LWdY2zRM1GNbnG2yA1XoEu4Cj1j7DEo1RX9RH3/ZLGdpkavOAv0jrfEiCxvFOT4YXimFwYkO7OGpLvz+f2TnDAowx1do63RK9YGxV2DGfQS+J3YOQAlXfwxJluNsbkuGJHhhOIuQZjQPRyj8/3FNaKPEabIFn2iPlNJ8JdE2xSmmrbpnwjoHwzI7U3vKOV7pn9goPVLYcijXdoj3kWfcwATACa3bQMA3jo1nsM/bypJxtqxCVg+OhZLRkRj/tDwzwC4pGsQ5wCmENBzhyRg9ahYDgHdkAPYWayx0EBXZCSFITU+ECkx/pz/19/DCoEeKnb/JkV6ITXGG9H+asQGOaBzWih650QzBO6U4IO0KC9EBzmiXw7dIw6LxL2WDI/CrEFRoj/Up3iGwItHRGLusBAUdfeGs4EWbNq2hL2+FpyMm8JaVwu2+k3hYtoS/spWiLFtj0jzZpgSaINJafZwMdSCofiGmuk2hrJ9W+g2agOZfnMo2jZF29ZaaKWlhUSL9pic4ifmygAtxb6pjj4cdFvDQb8N7A1bQG3cBN7mLdiNPb6bH4pynLFtYRecqi7CyapCnKwYhet7J+Luwcl4emwW3p5bgCcnl+PFmRV4c3Ylvjq3Ah8vr8bb8yvwoH4uHh5fiCdn1+D5hfV4c3ULPt6pwKvLm3D/BEHdNXh0ehUenFiKZxfW4O31zfj6xja8v7MdH+9V473QV7cr8Ob6Vnx9qwzvbpfj+wc1+P3Vfvzz9QH8/nIfl3i7D/96s1dov9gW+18fAd7Va8q3ovzmGPDtcfzj3WH8SsffHcG/vj7M7ZB+fVyNnx9V4sf75azvH2j0zb1t+EgA+eF2fHe/DN+I7Y93tuKbW2IcNzfjmxub8d0tsf9wC359tBXfnp6DZ1sG4eK4GOzOtEZtrAJ74iyxN0KBujCCv6bYGWiGHf4KVItvU6X4VpPjt8Jd+Vnl7gpWmVjjpUJbxe/QfweAdxBc/gIAUw5gKhtyAH8JgLeJa/8KgNeK3zECwOsdZAyA/wp/lzkJOZh9zve7RPwGEfylEM8L7RWsBgBM8He+yhRzxG/ybCtjzFJpNNfaGPPsTDUOYPF7NFd8a2eLb/iySDGmXEfUiffy0iYxb7WjcaG2ELd3FeP+jvF4tKsE9+tK8PTgdDzePxUP9kzCw90TWY92j8eD2nG4v3MsbleMwbXSYbhRNgJ3KkeL/ZHsJn5SNxZP94hzasbgw"
36551 [Forwarding screenshot on session b1310904-d161-49ca-a1a6-530fba7baea8 to remote] DEBUG org.apache.http.wire  - http-outgoing-101 << "Y5CPNxZxCUdo3PIqX6jTFxXOQx3akbivrj/vZ0FDHivlw3G9a0DGSKfXdeddWFzX1zfPgQ3q0biesVwBr+XxPXnKobggjj/wpZ+HMr5emkf3KsaiK+OjcP70xPw/vgYPN09iu/9YFcBPpydhG/OT2aY+/TwVDw7sgRPjizE0+ML8OzkHLw6NwvfXZmPH6/MxjtyoVcPxW1yrteX4OOVefjp8ky8Oz4FR9cMxN7VBTi9ZTRObByJY+uHo37tUIa9uxb2xM753VG7oAerbnFvCQBLkiRJkiRJkiRJkiRJkiRJkiRJkiTp/17O1jawMDGC3LA9lMbtYW6iA0drJUx120Ompw9L/ZYMfT2sTdmlFu5pjzAPO8T4OSMlzBsJwU5IDnFEYpAasX42iPG25Py40Z4KhLuafga8if42SA6049DCBHYbwjoTxEwKsEKHcLU4TkBYziIwSJAz1l0DEaNdzRhOkmJcKfeoNTIC1Z8AsArxnjYId7GAp7kRbPTawlq3HRyM9RmKEuwlAOska8P7BIUJmpL7l1zHfjbGDHjDnCzF9QYIsjdHoJ0SUW5qBt0uSl0Eq5WIdlYh0dMOqf5OiPG05tDOWUFKUA5YyqlLjt4QF2M4K9sgxNMS3g4m7IqmUNkeVnrsLCYInBHmJMavCZ1MeXEbXMDkACb5WrWDm6w5Hwu2MYW/pSF8yVVta4gQtRGHaE4LsRVzrQHbBHoJbtO4aD/QwYxFdX6KlohSGyCeQi97yFkEZMmtS87cVG85u4DJARzrYoIUP5UYnzXnEPa31keCmNcQG11xnQEy/IzFuQYIdWjP8xZgr0QkhXoOtkF2mBqZok+54jl2DLVhsExtU2hnEgHgWHc5K87dnENap/ja8HMmBzCFviYA3DHIEnUrCnBjzzxc3zX9s8v3r0CXtskdTMcb9Bn0fqGG61ifnb5/OID/HfT9Ug0A+NKuiThXOx4X6qZgx+qh6JfhjB4pzgxzu8fboXO0SozdnHPpkqOWtgnkEfxN8ad8yzKxXuUMgPukOKFrrAoZAUZId9VHt1ALDE5yRL9YawxJscfobFcMTbXFiAw1hma4YXCaC/onOaCPuA9B4kGpzrydFyxDrwQ7dApXorO45+BURwyIt8WYLA+M6+iJoix3jM1xQFGOI4alqVGY58MO4SGZ7siPUiIn3IRhNQFfykmc6mOMzCAzdIq0RH6EJYeH5jDgNgZwU7T9FAbaDG7K1vCyassAOMZVrF8XfXYAUwjozDg/7C7dzCGgS6clMADeODEJa4risayAwi1HYd6QMMweGMoAeELnAIzr6Y2JA4Ixe1Ac5wBeXxiADZMSMTI/AEozbajFOxAb7o3EaF8EetrCTby3FAKacv/GBLsg3E+NqEAHdvomhrmgQ4w35wCmPN5J4psTJd7TcD879OwQgIndAzGjh/dnB/DCoVFYNCwWM/oEY84goWGBmD0iBr0TvVCYn4OxvZIwsX8GCrolYkTnOIzIj0ZBbjiKOgahf5Qdprg1xYb+jijs5oUJIzti0qh0TBuUjck9u2D6oA5Y1icJ4wfGolCMd1qeKxZ0UmPhiDAsKO6E5WOHoGJSb1RNHYC9S4twYutMHN86GacrxuPWgcm4vb8Y92sn4NHeaXi8byZe1i/C86OL8fzYMry/uBmvz63Hq0sb8dXljXh/dSMD0Z8flLN+uLMVH25swA8Pa/HT492sX57txXf3d+DD7Uquf3+rAh/vVeLbB9WsD/dr8M3jXfjhuTjv+X58eFyHn57vwy+vDuJvL/bj55cEeE8AH04D704B35wTOin2j4t9oa+PaY4L/eur4/jHm6P49cMx/PbxOP7+/ih+/yDO/Z6uOYN/vhfb354FxDGIYwyMG/S+/g+9+7Qv6v/x+gD+/qwOvzzdzeXvz/bgu68P4ad3B/D72zrg7W7868wKXC7Jxg7xDtQkO2vcv6Fm2Blogh3+MtT4yRkAk/uX3L4N8He72x/wl0Twl0QgmADwNi+zfwuA68R7RAB4XxzBXxmXDQB4p/gWVAVb/vcAWPzuEAAmfQmAGf6SPsHfpfYa+Eu5fgn8LrCTsxbbKLHQRuxbyzHPygyzrUwxy9IEMz9ptpUhO4Fn2ppihoMp5og+rBLfoH3i3Xswryu+qpuM18dm4fqhSbh5dCrenluMj6cX483xeXh+ZA5enlgg1tscPK2fhRf1s/Hy2Gy8OjobL45Mx7NDU/Fo90Tc31mMZ/sm4aujs/C2fjpeHZqClwcn48XBiXi2fzwe7xnLgJdA783KYbhRMZRFQPc6uXoJAO8ag0d1RXi4uxAPdo7GvZpRuFM1ApdLB+D8pj44u7E3Lm4diEvlQ3B5+1Bc2T4CVypH4qRo41zlUFyuHMKg9s6OIXhYNxzvz5Tgu4vT8O3p8Xi6dzSDaOrDh7NT8PHiFLw9PQ339oi+HV6CR0cW4dGxhXhyci5enpmND5fn4uMFMY4jhbhfORjXq4fj3qGJeHdpLn64PAsfTk3HiY0jcHDjeJzYNBrHNxZweXLzGBxdPxL7VwzCnqX9sW/5QNQu7I26Jf2glVf+DpIkSZIkSZIkSZIkSZIkSZIkSZIkSZL0fyk3OxNYm2nDwcIA3vbmcLYwhr2pHpyVxnAxN4OsXWO4WejDy0aPQx6Hupog2MkESf4OSA5w4jDMJIawQkm+tkj2s+MQzRRCmEL+pgXYsIM3I8gO2WGODBjJZUoieEgOUs4T60Hhnc04zHODgh0N4WWpw+7cMLUl4txsEe5ghihR3yHQHLH+bnBS6sNeRiGd9TiHL+colottSzP42ipZ/vYWcDM3hLuFEXztzMR5xmIsVhxumYBroK0+ux0p1LOroj3n7qVcxZbG2jwnfg7mHPKY3JAUyjiDoLW/BTKC7ZET6cIhm1PEuGg7VYzX31q0IWsORyNdeJqbIMiBQLgTAhwUsDJsJtpsjyBX6peRmE8zBuT5sR4MYIOttRGu1kWQVRsOz0yOWgK04Y4GCHMwRKQLuYatxPyYw8VMnGevYFH/CAb72BkgwNEIgU7GnH/ZS8yHn0oHwXbtEWrXDuF2OkhwMUGmuFdaqDM7tgMdTBgYEzimENrOsnbwsjJAlCfl+jXmcZP7kwC1n3Vb+KvaimcrR26oLbKDVMgMsOQw05kBKmT4iWctnm2mmA9SnLMJ0sXzT3CXIZScz55yZIbYISfCkZ3TBIBTg+kfAGw4NPXe9WMZ6F6pGYdLOyexvoSyX4Zs/p90ecd4XKopZl2sFu192qZ6Vi3l+J0o7kEweDznSD1XNRZnK4s0KivEGaFTpWNwfPMoHN9aiPWTstA/xRI9YuXol6JGtxgCpgp0CpEjJ9AUnUMV6B6hQpdQC3QKU7HSfUyR4Kor5sWUc+4SYO0WY4NccX6+uK5PnC36xtthdI4Xg9qx+T4Y3sEZA5LsRb0NeseqPqtntCW6hivEdWboEWUlts0194y0xMBkR4zI9MDgVGdxngoDE61RkOWCEVnOGJnlisJ8bwxOd0LncDnnASYHc36kNbuAMwMVLPqnBnJ8dwwW76i7KaKcDDh/c4BavAd2huId0eMw5PQcw+y1EWmni1gnXc4ZnB7tjZ2b1qNq6ViUTotjALxhQiJWjYnFkpEEWyMxd3A4ZvQLwpSeARib54gx3XxQ2D8CxQNDMW94KJYXhGH1uGQUdvWFs7013NQqBHo5IT7MF/6uKoR4WCNMrMsQdwtNzt9oTySFu/I2hYCO9LNlJ3CEr3gP/S0REeSEMC+xTqNcMKarP0p6eWNqD2/M7hGCGT1DsXBojKY//QIxqV8oRnUO5nWZF+mO3CR/5CX6ISfeS5Q+6J0VgkH50RiQE4buqb4o9DXGur7RWDE0CQsKMrC4JA9LpnZG2dIBqFs3Ens3jcIhsWboHxDWFadi4ZAwXCgvxNOjc/GofjZuH52C+ycpxPFCTdjlkyvw6uwavD6/ml29by+vxctzq/D6whq8urQeLy9uwNsrpfj6xna8uboNb66U4+3V7fhwqwY/PNyFHx/txvcPdrII+n5/dxf+9nAv/v7kAH55fFBs78cPD/YK7cf39/fh+8f78eNTUf/8MH5+cYRL2m/Qr"
36551 [Forwarding screenshot on session b1310904-d161-49ca-a1a6-530fba7baea8 to remote] DEBUG org.apache.http.wire  - http-outgoing-101 << "2/q8Y+vj+P3r47hn+9OAN+f1+ibM8B35zQQ98MpPvaPr4+y/vmOynpxzREGvf8Sx/HxtOZcEl3boI+ijQZ9ICD8xT7pm8uivCTaOId/vTvN9/nXV0fxL9E+weF/fC3OEffEixr8/c4qPDxQjF0rumHe2FT0y/NFjyQV8iLkSPHSRYJjWySJ9Zqh1ke22gjZ4nvXT3zvB1sbYqStEcbZm2CK+P7NdpZjsfiOLnO1YFi7heCwlwJV/kpUB8lRGWqK6hgFdopvwM5UV+xO90JlnCOq49XYL96/A3EWOBJlivowHdSI72GlrwUqfMxZlE94s4sxNjkbcbnOSYm1jgqsVss+a5W9GVbYmmCZtRHWWSk0UimxxlqJlSo5lorftUUWJphvboQVSjssUdpiodBMhQ0mK1QolllhtMwCI80s0N9Ohl42RujnLscA8W6PFt+UigXd8Pj8Ury9sx4fLq0T0yvW1LnV7CR/eW4Nnontx2dWs3P8pShJr8+sxIuTy/Cc1uixRVy+PLkYDw7NY90/OBcPDs5hPTw0G48OzsbjQ3PwdN9UPNxdwv/IQLojvunXt4/GjYoxuLujGLd2FuNeXQke7Z+KJ+Q2PjCNt6l8emgG7u8Zhwd7i/Fw33g82DeRdXdvCe7smYjbdRNwtW48rtaO47DolKP6Rl0hbu0txJszs/Dh8jx8f3Eenh0sxt2dBaLN8fjq1Gy8Ee8b5aYmB/CDQ3Px8Ijo96FpeHx4Or4+Mxc/Xl2E78S1X52YJO5fhDu7RuHxwbH44fp8/HBtIV4cm4Ija/vg4Ko+qF8znN2/5AI+tbkAZ8XvxJmt5AoehiNrBuLYmqE4uX6EBIAlSZIkSZIkSZIkSZIkSZIkSZIkSZL0fy8XaxOYG7aClUlbuFiawF6mB2tDbTjIDOCkMIKXrQzBzhYIdpEhxNUMQU7kMDXiEM9pwa7ICHZCepAjQ18CwZQnlyAwweBIFwU7dgn4pgfaIjNEzTCYXKAEf7NCHZAd4cAAOJFy6XpbsBOWcs6SszfZz4ZDDbvI2nKY5nhPW8S4WWnCP4tzo1yMYWOiA+PWjWBl1BIetkYIdFEiwMkcHpamcDM3gZNMn7d9bGRwNNOB2rQt5wcmV6+/2owdyh4Wok4p7mFtAD97ca6tKVwU+hr3r5gTT1sFQtxUiCY3rKMZQ9hETxmHU47zkLG7lXLcUhjjTtEuYlz2iHY1QYSYqzAnMQ+utghzsUKcjz1ife0Q4GgCZ4t2UOppib60h7eNOM9VwWGyw51MEWSry+2leFNeXFN21KaK+SE3NM0dQXKCwAE2BnBXtue8yeEu5gxwPSx1OXcxtUkwnMJZM8C1NxTPwpDDPVNe4EQ3GZLEPcnVGag2RKizKQNwCs1NuZQph3OEqwW3HaQ2YVEbdG8aJ+U+TvW3RAd/JYPwrEArdAy2RnaQjdi3QrZ43p3CHJETYschqKkuyUv0ncJHuxiJcZiKNaESz13JobBzYjw4h3J+jAv2bRiH63UzcW3n+D/B3C8hcAMY/uvxhvrLtZNZV3ZOYNBL8PdC1VjOjXquohBnt49hnSofjZNlBTixbRSObR2Bo1uG48imoTi8cQgObRiM+vVDUb9hGI6I8sj6YeL8IhxcNxxbZnbC9vnd0TvRFl2izDmnbn6oArlBZqI0RzfKAxysRF6oWBNhKmT6y5HqZYSsAAKvdL4FOkdaMQAmgDsoxYkdvASAR2V7oKiTt9j2wJA0J3HMgSFwrxgr9IiyQLcIJcPfjv6G6BKmZPjbKVjG2wSSCf4OSHJgANwvzhJDU+0xMNkO/RNtPoWXVolnZSKejSYENIV71kgp9s25zPBTiOcm1oibCSId9TnsOMFfb2s98S5qQpVzXmcXA8Q4CDnqIMJdHxkxfqjZuO4zAOb8v8XxWFEQjUXDIzjP7pxBIQxcp/YKxPhOLhjb3R9FfUPZBTxvqD9WFoRi3fgkFOR7ItDHDd7u9vB0skKorxOHfI4PdmbAGxdoj4RQZ6THeDEAJvgb5q1CqJcVl75OZggR6zFSnB/iYYsUsRYHZLpiVI4a4/PcMLVLAKZ0D8KEfB+MynREYWcx7938MCDDDZ6yRjBupIXWWlrQFiWpndhuL6TfVAuy1o05vPP4cAWGirmMs9JCkkc7jOwagNljUlE6tyd2rxyM3euHY8+6ofwPDWdLC3Fuy2gGYw8OzsCd/VNx/9gMPDo5B49OLMKjo0vw9MRKvDmzDl9fWC+0Fh9ubMJXV9bh3dWNeHdjK766thXvbm7HxztVoqwQZTW+u78TPz/di99fHWT9+mI/fiGnLOnJXtavz/bjtxeHWX9/cQS/PD/M+v3tqT/ptzcn8evrEyza/vuro6Keto9z2QBm//n1KeD9J4ArSoKzLHL2EvD9QE7hE/jHxzOf9c9vzn7e/v3DaRZDXdHWP746ye1T+WXbv359Fr+9E9ewxHlfH9dA5q+O4B9vD+PH61txrXwMds1Iw95ZKdheEodZ/QJR2D0cQ7rEIidB/EZFqBEnvtH0rfNS6sBRvwVsxG+GpXiO+i1awaBZS+g3aQrDRo1h2qgRzJs0hnXTZrBt0QyObXXh3E4Hnrpi/RsZwt9MfC8txLfS0UJ8r9To5O2BPmHB6BsegiGxESiIi8CIEHeMEN/54R4W6O+sQi97JbqL3x9SV5UpOpkbIk9pwGWO0gzZchNkyYyRaWb0WenG+kg11EWCgR5iDXQRo6+DSD1thOm0RVD71vBr1wK+bZvDsV0TOGg3gV3bRlC1awxlWy2YiW0TURoJeYljYbI2SBO/Od2DVRiX548NE3Owb+UA/q6d2ToGt3dPx7Oji/Hy1HKGvU9PrcDj06v4nw3onxEYAp9aiWfHl+Bx/UI8Ojzvs6ju+YmlDIdfnlyKV6eW4fXJJXhzainenhZ1R+ayXtXPw5tjC1ivj85nvT2+UNx39meRy/jRoem4t28ybtdNxM1dGuj7cH8J57Z+KHR//xTcrJuAKzuKcLGyENf3TMG1PSW4tmsCbu+bhFt7JuDegRK8u7QQ319fjh+viv4cF+/Y/gl4cXQaPl5YjG+uLMO786KPpxfg8fHFeHJisSYE9PE5+Pr8QvxwYwW+v7oQX58Rfakbi1s7R+HhviJ8e3m+qF+M58dn4uj6gQx4D68ZxqpfNwzHNozAsY3D+TfjyLohOLx2IOrXDsEx8bshAWBJkiRJkiRJkiRJkiRJkiRJkiRJkiT9n8vR0hjmhm24jPB2QpSvC4JdbeHnYAlPGznn/XVW6CDMXYmEQFskBKgQ7WXBYDbRz+G/AGACvw1ljDjnSwBMuXwJ/Dbkmc2LckUWhX72t+TwyeSgTfaj65SI9TAX+7YIdbaEj7URhxymnMF031RxP3Iguynacy5No3bN4e1oiSAPW7jbmEIt14etqT6cFGZwMNGGr42MHbiuCl04mrZjd6+HhR787UzhqdJn57CnygAuFmLb2pShr41JeziZG8NdZcZ15BaO8aYw0wrOz0swlkIbE5il3LoNJYVApjy4BDsJEodQDl03K4S7WSDO1waZka7IiXNHhyhnRPsq4GFrAh97GQIoJLWDGZzlreFu3kbMgZxheIKHCYdT5va8lQzQCZRTjl4CwORepjmjPMjkzKRcxp6W+giwl8PP1gyBNiYIdTDlHMPk2KW8v1nBNkgW8xulNoKfVRuEOehrxiLmn5Tgacm5linUNjl/g+2NRRvG7PqkPuRFOSEnzB4dAi2R7itnCEwu4AY3MMHejsG26BzphLwwNW+TO5jmiMYR40ZwnNpSiGcv1pGoJwBMIYV7Jnujbi3lAJ7BDuDLNSWsKzsm/Vt96Q4+Xz0B56rG42xlMc5UjNOofDROlxXg1LZROLF1BI5vGY5jm4d9Vv0nEfglEQQ+XjqSgTCJHMDnRTuXRNuXqifi6u6pDKcv1U7FjX2z0T1e4zDMDSWwq0BesIIBcOcwC3QKEuMKtmAInB2oRAc/M3QMUjL8zY+wRJcoFbt/ybk7NN0VIzLdUNTJFyOz3FGYR05gLwzv4MoQuF+CLYPfLmFydv92CjZFlq8+8ihkc7CM2yEQ3C3CgsEvidrtG2uBwZ/gb"
36551 [Forwarding screenshot on session b1310904-d161-49ca-a1a6-530fba7baea8 to remote] DEBUG org.apache.http.wire  - http-outgoing-101 << "584K/RNFO1EmYvnZIqcEBky/M04129moPwzACYXMMHfZE8TJLoafwbABH/dLbThadGeneD0jwD0DwoxDoYIt9NGmKsukqO8sX3NSlQsHovNk6PZAbx+fAID4IXDwjF3IMHfAEzu6YuJXX0wIccdxV38MLaHxoG7YJAXVhUEYp24ZniuM3w97eHtbgtP8R0I9rHlUM9xYc6ICRRrONwRHWJ9kZscjJQID0SI42Fe1pwLmMJB0zYB4KhPADjB3wZd42zRJ9ECQ8WcjM7wwLg8XwxPdxTza43B6Q4YkOaI3smOCLNvCycDLVjot4GlfuvPUum1hJ1RW3hZGfG3qb9fe8zt7otlIxKweXpX7F49AntWDcehNSPYHXh462jsXzcEJzcX4FJFMW7vnIJbuyaLtT0et/dNwd3DM3D/yBw8PLoQj48sxdOjK/Hm9Fp8fW6dKMX2pVV4dWEF3l5bj/c3twiV4pu7lfjxEbl9d+G7hzvx09M6/P35Pvz6Yi9D35+fiLpHNfjhQRX+9XI//v6UIPAehsP/eHMEv748iJ9fHmJ373dPDrK+fXyAyx+eHcZPL+rx86tj+OX1cfzy6iR+e3uG9ftX5OC9otHHS+zOJQfuP9+dxz/fn/0EaTWg9p/vT+NfH86Icy8C34lzRfmvby7gnx/Pfy7/8YFg8lk+j84nNVzbcP2vX5/Gb+9Psf7x7gR+//q46PdhDkf947M9eHdAvP+rumDflFjUTY7F/G4uyHBpzVEO4n3s4eemgo+LCh5qCzhay2EtN4XSyAAmenowbK+L5tpCbdqjcYs20GrSHFqNm7AaNWmMxk1puym0GmnUqDEdbwGtlm3QwtAEuhYq6IUnwiI1F6r0LrDP7Aq75GyY+IdA39kJ7W2sYNiuDefTb91YC60aaUS/WSTabirK/06NGjUS9/yLmnxSU5LWH2om1FyolVAb0ee2zSAzaA1nGzP4qMV7Kn5TesY5Y3iaK0alqDExyxkrRsSgcnoeu1hv183Cq9Or+B8Qnp1cheenVuPN+XV4fW4t3pxdI7SKncJfn1uDdxc0on9SeHdxHT5cFOvzoli3dM7pZax3Z5bjzanl+OrMSq6nskGvyU18dBGenZiPF6cW4uXpRVw+OUaO3Fm4d3A66+7eSbi7byr/w8TDQzNx/9As3D0wAzf2Tse1uqm4e2gu7hycg5v7ZojzZ/I/VTw6MgPfXF2Fn26vx4831uKrs4vwtH4mXp6aj++ur8Ev97fgx9ub8P7yKjwVY30uxvji7Gq8PLuC6368tQ7f31glxrcAD/dOxr3dE/BIrLPvryzF99fp/VzMTt9TWwpxfOMY1K8T77oQhX8+tHow6pb0wZ5lfcQ3YBDq1w4SczsEWp22v4ckSZIkSZIkSZIkSZIkSZIkSZIkSZIk/V/KxVoGpUEbhsDuYpvCQBP0dLMyhqulEbtgKY9tuIc5EoPsEO9PINSSc4Mm+KqR4m+P1ABNSRD4S5ETmJy6BBWpJHhJIJjCQlNdx3AnpARYMfylENAURpnCJxP8jXKVMwh2UxjDx9qEQxtTbuFYPxVCxLajmR7MWjZF+xZNodu6MaxMdWBnrge1uT6crEwZAJvr6sBNqcegJtxVBW+VIYNfysVLIsesl5CTeXvYmLaByrgN3GzlCPJQw9vBGu72lnBVGrBjONBRjgh3S0S4KjV5jT3Jpazk/LkEQjMCxPj8lMgMsmLHLoVtTvc3F/cxQLibuEbMWVKQqI92Qm6cCzIj1UgOsoCXvRzeahn8HZXwsTWGi1KbQ+025Eqm9lN9FRwCmpzGNIfRbjIOWe2norzAbZDoI0O0uyk8la3gatYKnjRGlQm8LIzhT2GcnWUcrjdJzDPl6aV8vcliDBH2pgz3KPduXoQDckLVyAqyRaqPOKY2RKSDEYNfciVTCG8CfgSPc8PtPjl+rZAbKp6jKBtE9Rl+5hwGmtzAuaH2XBIA5rDZgSoxBiuGv+QCzgjRhICmOQ11NhZrQo0dK0Zy/t6rO4pxrXYy6+pOAr4lDGIvVo3Hhcpi1rmqYpytJNg7Fqe3F+Fk2RgcLy3Asa3k6BX6AvaSCAATCD5ZOlIjgsMEickRXFnEIaApFDSFhObw0NXFuCrKm3XTuB/sKt41BRdFf85WTUT3eBvkhMnFvJgyBKa8uZ1CKCevmJsgJQNgEgHgTH/ZZwDcNdoaPePtOYQzQVsK3Uywd3zXQHYBj8n1REFHdwzLcGFncJ84a4a/pAYXcF6QCXICTBj+kou4wQ3cAINpv3e0OQYm2jAA5lDS8dacL7iDvxEyA8R8h5izC5gAsEYKdAiQf3YAEwCOdjbkENAEgMkp72GujQhnE2SI5xrnYYZIcSxY1RpBju0RG+KKzUuXYNvCQqwvicKmkuTPDmACwHMGBGNaHz9M7OaFcZ08UJzpxhB2TCcvTO7phTl9nbFimDeWjgpH7zQbODko4Cne3SB/B0SHOSM8wA4BHgoEuJoizEe8F1GeyE4O4pLgcAz9Q0qcL9fFh7kiUHwzIgLEdV6O4n1zQK6Y97xwcl0r0CtCE3abYDnNVRcxh1mB5IxWMBjvleiMXmmu6CbO6RJrg17iGQ0S/R3ZyRcTeoVi+qBYTM1zwPYpmdi1sCdq5vdG1YLeqJ7bE3sX9caRpf1wYN1gHNs0Asc3DMelbUW4I9bN9WqxvqrG4fa+aQyz7h2YjSdHFuP50VV4eXwN3p3dgI8X1zMoe3JyvgYQH5+PJ6eW4OGxRXh4chmenVvL4Or11Y34+uZWfHOnHN/eLcOP97bjl4eV+PVxNeunu5X49sY2fHurDD88qMH3Qu/vVOL9vWp8/6yOge/3Tw8x/KXyx+dHPsPfv7/RuID/+fUZ/OOr0yx8vAB8OM/b/3p3VpRnxXFyBJ9hB/Gvr8W1L+vZOUyAGd+I80kEfN8R6KUwz+dZmu2TGn1DYaLJPXyCHb6/vT2Cv78+hL9TKOl3R//QV1R/EL+82Ie/PdsD3FuLny/Mw9sD4/BoxyjUzszEwDgrBCmbQtVKC6ZttGDYUgs6zbXQrqkWWjdrhOZCTZtqAG+rJi3QsnFzNG/UjNW0cTM0btxUA14J2IrrWonr2jTRQltxTeumzdGmlTb0DM2gsLKFoX8qrGK6QBXfDerk3nBI6A6lfxJkLsEwsvWEnokJWrVvj0YtWkCraVNoNSGo3PgPNRNikPtJtE9qLs4jNfqLmlAbf6hpo5ZootUCTbWaCzVDM6FWYr9No1Zo17g1mmo3h45RW+jpNIFSvxGC7NsjxV0fnf2NMUZ8V8ZnO2Lp4AjsmN0NF8sn4NXJ1Xh3YRPent2I1+c24snxFXh8bDmeHiOX7wqGwO/Or8X7C+sYANM/Kbw9s4r1+vRyvDi2GM/q5+PVsYV4e3IJn0twmKDx61MrRPvLuXx+TKzlg/Nwo65EvAPTGPo2gF+CuFR3/9AMPD06n/Xk6EI8O74YT0Wbz8V9Xp5dyaHRn5xcya55ds+fXMrnvTy1DD/fKcVvD8rw891NDINfn16Mt+eX4W93S/GvFzvx25MafHtzC15fLsPba2X46uo2fH1lE+fR/uVRGX59WMogmMbw6th8fHVqIf5+dzN+f1CKH65txs1dM3Bj52zxHk/B+e0luFAxSfwuleD0trE4vG44jm4cgXPbx+HE5qEsCQBLkiRJkiRJkiRJkiRJkiRJkiRJkiTp/1xqpQmU+u2g0G/NrleSWqbDrtRIb3v4O1pwuOQobyt2AMf6WjCIJSdsSqAzO4DTAh3+CwSmOjpGeX8J+sZ7KrnMiXD+DIIpBDSBX4LAFAY6TdSRC5jy2xIAJvDoZ2MOb5Upgp3F/cJdECfapXDPbbS00L5pY9ibm0Fh0A7mxm05jLWjpSF8HSzhYimDypDC1RogwpWAtZLz+5IC7IxEuwbsZPR1MIOjUhu2Zm1hrt+CQbizygyu1ko4Wys4Fy45aiPdVeziJfBN4a8JWEZ5KNlRmxPhgNxIx89gM0WMicoQex04KVrDx46gsx58bNsj2lOGDqG2SPSVI9JFH552pnCy0IOrlR7cLXXhaaWjaTfYQcyjikM2kxI8zESbSgax5OYNshPjcpYjI"
36551 [Forwarding screenshot on session b1310904-d161-49ca-a1a6-530fba7baea8 to remote] DEBUG org.apache.http.wire  - http-outgoing-101 << "0CJjqEaqEphpyk0dJSL6KdajiBbGYKs9JEo2iOHLzmAqW8EkqNd5Ai1N0OsqzHDZQK7Gf4qdAiwRrqfaMvJBLEuZvzc6Hl1iXZFJzFGcvnmR9gx+O0cYYPucQ7IC6ccwOasrEALUEjoVG/KuyljIJzuSyGFzRmSExTvKK7PDrcVz1cXceIcCgFN80k5gGk+KQT0ldppDIC/BL7kxD23fSzOlhdxXt7T2zSwl3Ri22gWAeBT5YUsAsLkAG4QhXymENAUCrohD/AFzlmkXwAA//RJREFUUf53urpjwh9hpEU/zlePZwB8tW4azog+dU8koC6eaSCF6lYwPMwNsUB+qCXygs15jnJDLD8DYBKd81cATCGbCfY2AGBy/xIAJihMIaAp/HPnUArzLAflAG7IA5zla8guYGqDHL8EMskR3OAG7hWlRL84K84dTOCYICflKU73NRLPxPgz/CUXsEYaCEzPkpzdBIBpjZDj18dGnwEwvTcNAJggPgHgIOvWCHQS9QHOWLtoAbYtLMKa8eFYXRSDlWOisHREBBYMDcPs/kGY2tsXE7p6YmyeOwrFmMdke2J0niem9PTCwv4eWD0yCLMGhaFrqjNsVMawohzk7uKbEOKCiEA1QsT6jAmxQ2yQLUK8bZEU6cVKCPdASrQPOiQEIj3On4/5i3UV7u+ESB8XpAS5IFOs1XR/Q2T5mSBHvAcdKSQ3hb32M2Ngn81jN2UQXNwjGCtHRWHR4GDMHxCA5cNCsaEoDlsmJGD7pBRUT8vAjtlZqJmdjU0TU7FlUiYqZnRG+ZSOqJ6RgwOLuqFmficcWNEXdfO74tDiXji9YRgOif1acWzfyv44vYVyh47C+W3FuFI5BTerp+PJAQqXuwQvDmtyk97YNRE3d5cwMKZ/RLi9dybuH16Ih/WL8eDkIjw9vRSvzq3EVxdW4uvzK/Hu/HJ8OKfRy+OinWOLOTTvmwtr8Pz8Kjw8vRzPyK1JwPjZfvzwdB++f7IX3z3eg28f1eHjg12sD/dr8e3dWvz4cA/rl6cHgLfHga9OaMqvT2r07pTQcfzrbT1+e3kAvzzbi5+f7hHarXEdvz7EYampjpzK/3xzWJx7hM/959u9rH+82YPfX9fht1e78evLXfj7i1r88nwnfn4lthv0sk7U72b9+lyjf7ypwu8vxTjurMZPd1bim6vLcatuCvYsG4IVRVkYkRMuvlEe/B3ztGwHa4OmMNPWgm5rLbRppoUWBH61mjI8bSzELl92AjcDO38ba4lSSPzeNG7UHE0at0aTFnporWcOPaUDdByDYOIZA0P3GMj9kqEKToHSPQymdh4wUNrDUN8E7drooHnTVmjWpCWraeMWLKpr0qQJi4GzuMdf1VSrCauZ6COJ+kpqxnVNPvWzsTiXpIVGQk2Emn9yGzcSat5EC62basGknRbcLZoj1k0H3WOtUNIzEGsLkrBrXk+c3zoWd3bPwePDS/Do8DI8OLIMz0+tZfj76Ogydqc/FuvtCYHW+kV4cmQhHh2aj7t7Z+H+/jl4eGAuHuyfjfv7ZuHxgVl4UT8fb04sxovjS1l0zQM6R4iuJdH2nf3TNf8EcXAmi7Z5ne+Zguu7J4n7zv8cbpry9XK+YVH34IhoT+jG3vm4uW8BbuwTbYn35jb9M8XRhfju+maxHrbi26tr8fbsUjypn4Mnx+bj49V1/A8SP9zZhtf0LpzcgCdnNuLpmfV4fmYNvrq0Dt/f3iKu3Yxvr63Ga/Eevjy6AK9OLsTfbm3AL3e24JvLG3Ftx3RcqZqBsxWTcWb7JJwT7+6lHdPEfgmObi7kXPGU95vSDZAkACxJkiRJkiRJkiRJkiRJkiRJkiRJkqT/cyn0tGFh2B62MkPYy/RhYdASFnrN4EyuVxclu4DtjFtzCOikYHskBlpzKFXKE0sOYIK8BHwbQj5Hi3oqKQw0AeEG2Evgkhy/nWM9OBQ0geHsMEdkhNiiQ6gdlwR/E8V5iT4qzgEc7aZAnI8TAh0s4OeggJ+TEnYKXei3boS2zbTQrlkTdjC7qcwQ7K5CgOivs4UO7M3asUPYw9KM899GuVshxFEutg01uWwdjRHkYAQfax0OAU0KcTGHl62pGHsLmLRpDJl2M1gbt4eTaWuGxgm+9pxn19/eCDHeKsT6WHNI5zgfCyQFWCMtxJ63ycUa6S5DuKspPCxai/60R6CTKbt6nWUtEGirK+ZE9TkccpSXNd/fS6XLUJry7Grc0irOAUzuYnIAk0s3wUvMh4eCQzF7W7Tj0MxpPgoNbCUXtafYFnOYLPoW7mDGoZ8j7AyQ4WvF7ltya5Iojy9dG2BnihB7XRbnK3YwRJSLKTuGg2z0RRsm7AYmZ3DXaBeGuB38FOgR64TuMWp0CVehR7yjOG6JDH8ZA0NyAWcHUWhoJQNggsFUUh8J/pKjOTPUGjmRYj6ddBHpaoT0YBskijUVLfpP/atZPgLnq0pwfvtonNlW8N+KnLukMxWFLHLxnqNcv9XjNG7ef6MG+Etg999B3y91vXYCru+eyOeTE5jCjlK40VsHZ+HCjhL0SlGjY5gSGQ0AONSCATCFfSbnL81TAwCm/L8UBjo7SPY5BDQBWwK1lAN4aLozh4Au6OiJsfk+nAeY8gETAGZ4+yn8c/dIcxZtZ/oYsAuY2iEATE7gBvjbO9YGAxPsMCDeloExw+EQOXKD5OI5UdhqyjNtJJ6xMdL9TBn8dhR95zDQAeYc3jvBxQhxFLLb2YRzAH8ZAjrJx1w8P2PEUP5otS6CncV75KPGijlzsHVhIZYXhWJVYTRWjI7EkuHhmDsoGNN6+WJ8FzeMyXHCyA4OGJ7qwOMeke2K8Z1dMLObM2b39kPvFBfEBKoRHOwNGytT2NmYwsvNGqH+akQFOyIpyh0R4tsS6mePhEhPxIW7IybUlcv4CA/e9hbfg0AvS4T7kgPYBQl+TpxzmgBYkocxUsS7lOZtwms6wdUAya6GSHLRQ4JzO3GsDcb38MWm0UnYMCoeG0fGY9OoBGwZFccqHR2H7UWJ2D23A+rmZaNqageUTcpA5bQcoWzUzOyIvYvyUbdQaEEnVExOR+2Mjqhf1he18zpjy5RMVMzJR83sHJRPFdvTcrFjZmfRXnecWTcUNyvH4HrFSNzbWYyrZaNwuXwUblYX4+aOiRxG+uHe2QzdCJpReNyn9XM4r+rLQzPxaOdE3BPvwl3xXjzZNQVPxJp9JtYrOTMf1c/F3SNz8fDUYry6shYfbpXj4+3tLNp+d2Mbvr5eyqJtgmRfX16H91c34Pvbpfj96Q7g5W6N3uwV2qfR6z3414td+O1JFX5+UI6f7m/Fj/e24JeH5Ejejp/ubcN3tzbjx7ul+PVx5efzfn1Shl8elYrzN+OHuxvx/Z0N4rpN+PnhVvz98Tb8+HgLfnywCd/f24hv76zHt7c24Jsb4rybok7o9a2NeC+Ovb6+XPR5Gb6+uhSvTs9nYEcu1Af7FuBm7RxcqJiK+o3FqFk6Eqsm98DkwSkY2S0C3dN9kRvvhqQQa4SIb4+3WMfOVm1hLW8Gc+PG0DVohPY6WmjfTgvabbXQqlUjNGvRGM3atEBL/XbQslWhkdoeWta2aOzoDG0vb7R2ckQzKyW0THTRtnlLNNdqjH8X3rmZVqNPpUZfHmvRqBFaskOYXMGN0KiJFsNoAroscQ6paVMtNG+uhTaib/q6jSE3bQlbS2042enDzdEQ0eK3NDnIHp0TPTGiSySmDE3B4uIslM7vhQObCnBq0xhcq56Ce/vmi3VEUHUZbh9YhBsHFuJu/XJ2Ab86uwGvTq3BixOr8Oz4MnarPzy4gMHvrd3TcaduBuv27mm4UzsVd3dPwaO9M8SaIzCs0b29M/k46e6eGaw7ddPx9Mg8cXyWOD4d98V39dFBWtezNGHSq8T3t3o8r/mbtZNEnfj21k7B1ZpJuFQ5AefLx6G+tBgnyybiRFkxzog6SgFA3+d3l1Yz7P363BLOL3xnz2QOJf3mzBJ8J9bP+8trOO/vzQNLcfvQctw5uBj3Di3gXMYfL69l1zBdSzD7wf6ZYswz8c3llZ+A8kqcLZuAk1uKcVSofvM4Lo9tLcbhjYWoW"
36551 [Forwarding screenshot on session b1310904-d161-49ca-a1a6-530fba7baea8 to remote] DEBUG org.apache.http.wire  - http-outgoing-101 << "zWEtX/dCNSt7I/dK/pJAFiSJEmSJEmSJEmSJEmSJEmSJEmSJEn/9zI30IPKxEBID5YGbWFp2ApOSl3OSRvla8sOYAqBHOqmQIyvFSI8ZIhwV7ADONLNiuFvnKfVZ/BLiqIwyaIkKEzgl/L9Utkp2g09knwZ/GaGqLkk+EsAMDVQxQA4SZxL+WwJAFMZ7W0DP3sZrAzawKBVExi2aQXDdq2h164V9Nq3hKOZDtSmbRHoKEO0lxWCHE3hZt4ejsZt4a4wQJCtCfcvUvSXHLPkLKb8uQRBCWqFOpsiwN4AIc4ydvgGOyvhYWXIeT4JfvtZGbAi3SwZJnup9DkUdJg4N9JThTDRtp+jGcvbnsJJa8PdWh++DqIfKj0OL035F+l8dg+LcaX6WCFFlPnhTsiKdEWIkwn3h0IsU4jknBA7dAy2Rq6YFworTXmAKZ9wnJh7Cp9NIaD9rXUZ8MY5GSPexRRp3hYMegnWkuhcCvscozbm+nRyAIt24kU75BKmsQTaUZ5gPQbhVPqKfhMkp9LDXAfBDjKkivtlBqhEf2zZDZriaYLukXboHmXLYY47R9lwGGGChwSCO4XbsjtYAxDJ+atgkEjhhLOCLZHurxBrRmyH0fOWswOY3N8EgP3tdNElzg3b5g/AqbJxOFs2CufKx3zW+e2FrAsVRZ9F4Zr/qi8BLsFeEoFfcv42qAEGEyRuOJeu/Rz6WejKrhLOQ0xhSi/VjMU1sX99zxRxTgku7JyIU+L+vVOcGAB3CDJDboQV8sKtkEvhn0Ms0THInB3AmWKcpJxgc3aYcpjocAvkhWnCNhO4pRDQBHoJAI/N98PE7oEY11kDgyn/L8FfcgA35AFugMEEf3MDTT+HgW4AwJz/N94Og5PUnwCwSnMszAJdRT/JgdwtRqwvXxOGv1lBmudHbm4qCebTM4t3NmQATK5z+ucHD8v2HAKacgJHuRgjWK3LTnEKEx3kIta9qzXmT52CDXNGYt4wHywviMCSEaGYNzAQ03r7YEJngr8OGJlpj+Hp9sgPNRbzZYLeSSoMz7DGxE6OmNQ1gNdDgLc7/P28IJcZwcRQG9YWxgjycUBUkCsSo7w43DOBXgLAEYGOCPG14zzBBIVp30+8p4EelgjxchDfL0dEeaoRIcYSbN8KkY66iFKbIMZJl8cYKdZelL0eYuy1keymg0zf9hid54jlQ2OwemQC1oxKxKqh0VgxOBIrh0Zi3YhYbCxIwObCEFSWxKNiYhK2FMWjbGIKqqZnoXRqCjZOisO2SUmonJKKipIU1E7LxuFFvbBrblesn5CKLVOzUT0zE1snJqJ0Yhq2l2QwKD60uAvObeyNU2u74srGITixtAeOLuqGE8v74uiSPji0sCcOLuiFA/N74tjafji2pi/ObxqCO5WFeFg5Fne3DMedTUPxuHQUHpQVsu6JtXqnqhg3xDonZz2t76t7Jn/Ob90QYv1yjVj3oiSnMYWmfnZsBl6dmsN6c2YevrmyDN9eXY6Pl5dy+dOtNfjx5mr8cGMVvrtGx5biw6UFeHdhHr46NwffXVmE768uxgcK03x6Jt6JOtr/4doSfLw4X7SzEO9FSee+Fscb9PbsbK57e34W3pybiVdnZuLlyel4cWKG0Cy8PjGX9c3l1fh4aQWeHSfn53Q8OjIV13eOxfXqItwU7+xDyrO8exKuVo8X3w6KHlCMc5WTcHnnTFzbPUdIfAMqC3Bs8xAcEPO4Z0Vv7FrSC9Xzu6FiTmesntEVKyblY8m4jlhYmI05ozIxZVgaSoYLFWRhXEFvjB3VBwP65WNgv64YPrgHBvfOQ//8JPTsEIku6WHITQpEdrwfMmN9kB7liaRQFySItZsY4ozYAPH7GWiP+CD1ZyWGOHK0i/QodyQmeiI50QupyT7ISgtAfnYYeuXHYnCPFAzvk4Fx3RMwsXcKpg/qgAUFeVhV0h2b5/TH9iVDUL1iGGpXjcHetUXYv76IQeWJ0vGo3zASB9dQaPKRuFw9FTd3z8bt/RRqfJkmJ+6FjXh+cTPeXCvDm/ObWBwS+vRaPD++kgHwo0MLGQI/2D8H9/fNxr29s3CPYHDtVA5zflusIdLjfeKZ7J32WQ/qpoj6CZp/ZhC6tG0M67JYo1fF87km1iOVtH+xdDSulRfghli7t8W5dB21SVD4crn4bpcW4vDWQtRvE9oyGsfE+RQF4lrdZLwVa+Kba2vxzfmleFk/C/frJuLxgWn4cG4pfrq5Ht9eWcP/JPDg8HI8PLICjw4vYVfyV2fEmr65ET/fXIfvLi7H48OzGP6+FGvth5tr8dPtDfhwZa14ZybhzLbxOF42GUdLS1Av5vXI1mIc3FSEvetGoW7NCNa+NSM5J7gEgCVJkiRJkiRJkiRJkiRJkiRJkiRJkvR/LrVSDmtTQ5i1bwXj1o05D663nRmCCYa6mSPCSw1/tRyRXpaID7BBpCflwlUgyt2CQyuT05cAK5UNYZ/J+ZvoY8M5gCn0JomcqwSA+6QFcknhnwkCE/ilHMCkhhDQlPuXICW7gH0s4WGlD50mWjBuI/rm5AxrpRK62q1gb6+Eh4UBHExaM1ztEO6MjDAnhtE+FvrwszKGv7U+w2gCwAR/SaEOhqJOLtrX5PENdzJGgI0GgAapzeCm1IGjaRvEeGnGQW0QGHWVt2O4HOwkZ9euh5UeXFWGUOg2gax9I1gatoCFQXM4W+ojwsce8cGuCHAyh4voC40h1EmBeA8rhJLT10oX3aM8kBPpgghxfwrvzHl4Q2zYkZjsqo80DyMGwA0hoAnqpvip2CVNOYCD7IwQbKGDSFsDJHuYI0mMiZzFdE2EgzbCHLURrTZAurc5u3AJACeL49Ge5gi0N0WwozkDc3InEwAPcVbw2PztTOFjbSTGb8vgOM3HHNkBVtyvbD+5BvwK9Yq2ZeDJrleGwbboEqVGXhjl/KVQ0EqGv7RNIDgvwhY5YRTi2wSZoVbomuDMDmAKAd09NVDIHztXT8aZmtkcApoA8LWdEz+LwjFzSOaa8Z/VAHAb4G8DwGV4S/oUvpnU4PxtcP+S6PwG/TuATAD41t7JDIA1DuDJol60uXsyq2eqBgBnhSjRKcqagThD1GALZAUoWCmeRsjwNUMeAXIxTwR/O0dS/mQlh4BugLUEeou7BGBSz1BM6R3KDuARmW4c/pny/TYAYCobthuALwFggslUUghoqicHcJ9oK/SM0IBmUgMAJvdx5whr8dwsWfQcO4n9vwLgWEd9DgH9JQB2V7aDn0qbneO+KvGeOJsi0tkQ/o46cFUrMG3cWKycMgRT+zpjzgBfzOzrhak9PDChiyvG5jqhMNdRyBlFuW4Y09UTIzp7YHyfIEzq5YdZfcX4e0SKdSneezdvWFmaQ19PB/rt20Jhogc/dzUCPOw41HRciAc7jmk70NMWfm4q+Ltbi+M2XO/ragU/VyUC3e0Q7KJGpIc9O/T9VM0RKPodIN7zMNs2iFTrIVm8O93Fd2lUdgjmDE7EzIHhmD8iApN6e2JafzGGAX6Y2scD0/t4Yv6QQCwtCMXygjBUTYxC2dhwbB0dgdIxMdhWnIQtBHSnJ2PHshzUr+iGcxsG4sKGQTiyqBsD4L0Le2Lr1CxsnZmL2rlZDIirpqZzSOkqsb13XhaOrcjFvvkpODpHnDMxBTXFidhdko4dE9OxvTAZW0YlYMOwGGwqisb6gnCUFcVi34xsHJ+bhxMzc3Bhfj7urOyLW2sH4+qqATi/og9OLe+N46v6oH51P+xb0Qu7lnbDvuU9cVDUHV7TD4dW98V+UU/7xzcOxjn6B4zS3rhcMQDXqgfj9q4ReHq4GC+PlbDenpqKF/UleF4/Ac+OjGc9ry8W5Tg8PjgaD/ePwquj41hPxf693UPxYM9wvDhShJf1Y/FYHH+4n87T6P7eUbhbNwI3dw7B1aoB4r79cHPXYNbtuuG4u6cAD/YW4snBCXh5eApeHZmK9+Ld/O7ITLzYMwH3dhThakUBTm8chHObh+NKeRHOVwwXGokzZcNxTIzpwOqBDD9PbBnDeVtPiu/H8cqxOFZeiBMVlE98Cs5Xim/P9ik4U0rv/Ux2D58vE9vl03G5ciYuVs/Ch"
36551 [Forwarding screenshot on session b1310904-d161-49ca-a1a6-530fba7baea8 to remote] DEBUG org.apache.http.wire  - http-outgoing-101 << "V1zcXnfQlzftxhX9y3B8YrZOFoxB+dqF+HCzgXiWzEP13fMwrHKCajfXsyi7aMV43G4bCyLto+WF7Pqy8bh0NZC7N9UgH0bR+HA5tG8T/UEOQ+sH4l9q4fhwKphOLJ2JE5sGIPTm8fixJpiHF83DifWj8XJzUU4VSrE4e81kRGOb6OQ+EWo30DjH45rog/XxH2vlI4R8zWJQydTHt2XFzfg5YVNeHFxE8Pf1zfK8d3j3Xh/ZRs+XC3Dx8vb8PX5jewEflq/BI8PL2IIzOBX6MEegqwzGALfrZ2MWzUTcaNqPG5UjGHdEd/RB7sm4u4O8U3dNhIXNg/FxS3DcGixWJdrhuKSeB4XxZhPrx2GE6sG4+z6Ebgsxn2tdASubhMqHcm6tJWuHY4zG4dyOPX9G0fgwKaRqFs7CHvWDBDqh1PbR+HxiTl4cXYhvhblwzrRj0qxtnaNw9sT8/DtpeV4d2Yxnh0m9/wS1j0xD+Sop5y/P11dgx+vrMDHM+RynoIHB6byPxh8f2MV5wV+f3kVLlSO57k+vHk8Dm0qxsGN4xj+Ht6icSWTDm8Rz1nUH1hXCK0u2z9AkiRJkiRJkiRJkiRJkiRJkiRJkiRJkv4vZdK+NVRm+vBysISrlSmsjVoh3MsaER5WCHKSI8zFAt7WBohwkyPRX4UEbwsO0ZzgZYsED1skeauQHqRGhxBHpAbYIN7XUpxniaQgFVJCbDjfbFYohXy2QadoF/RM9kF2mJrdrlSX5m/HYaI7x7oiL8oJqYGiPtgeCb62CCM3roMClsbtINNuDidzU3io5HCW63GfKCRtsIsMnlYm8LCQI8HfnXMVh7iawNfOGC4KQ3hb6XP4Z3IlE1SOdjVDpLMJuxcpTy+FHA52NGS45S/GG+RqDgfTVgx8qW9xPkoOdxvjJkO8hwVDVw9LXXjYGMLFxgB2RtqwM2gHF9EnJzMd+FmbimtNEOuumaMIcV8K7Ux5gym3L4WfDlSL+bZqy/OZEWwl5s2cc+KmBVrwdo9kD6T4K3mbXLIJHkZIEf1M85IjS1xDkDfUUQ/hrsbsaAxzMUK0uyliPWUclrdDsGgrQIUwB31EOMoQ527OsI7u1TXBVYzFhPdpHijna6qvOEe0TU5kguB+Kh3OAUzO4WzxHDU5fc0YCtL5FCKYcv8S7Owcaf8Z+uaEqDg/MIn2qaTryc1MYLtjqA3yIuwR427EY+0U44jMYCUiqP/etuiUHIWbJ/fiwt41OFM9laFrA9T9K6htALQN0PZ/0pdQ939zXcM9r+6exECZ6qjUgOBi9EvxZGCaTeA10pzVJYZAsC3PV5KHjJ3Q7LANkaFTuFzMlyW6RaoYopMzlyAwwdphGW4ozPNhBzDlAB6T64nhHdzRJ86WRWGdCe5SSSJwTNf3Evcj4Esl7VN9vwR7dhX3T1QzXO4m6ij0c1agGTuR88NV6BShAuV0Jsc2g2DRBsF8cnOneiuRKNZ8tLM+u3z97DSh0h0UYq0r28PX1ohzaXuJdyzYUh9RlAfYRl+8dybonROHcb2TObfvnJ4emCU0u58f5g8LwcLhEZg/NAwLBodi8eAwzBgQgul9/TGjjz9m9QvEolFxmFuQhDE9wzCkSxD6dwrH0O6xGN4zHsN6xGFKQSeM7peCId1iMKJXAnrlxqJrZgQ6pYWgQ6wvEkJchNyQGOqOmAAnJAR5IszDDmHiXQwW728Ivf/iXUkX36i+iZ6Y2itQ9CcSy8fEYfnoaCwaHob5g0Iwt38oZvcNxfR+EQzjS3oEYVLPYEwVdbMGRWHesBgsGBGH1QVx2DQuBWtEuW5UDDaPSUBpUQLqpnXEkfndcH1hDq7Pzsb1WR1xdlYODi7IR828PJROSkfVlI6onZWFsklpKJ+SjaoZnVExtSP2zM3BsSVCC9NwbH4HVE+IwfYJ8dg2IRFbixNRNj4Z5aKsKUnBtpIOqCpJxZG5mTi/JAunZyXiyMQYHC1JxompYn9KOk5OFZqRjqNzMrB3Vgaqp6Vj+7QsVMzKR8X0bOyYlYfd8/KxZ2E+Di/thqMru+Po8m44tDgP9UtzxHYO6pdl4fy6fNyv6Y8Xe4fiWd1Aof54VDuI6+5V9+PyTk0/3KzsjRtVvXGrpi/u7RqIx3uG4l5lX1zf2Bk3N3fF/fLeuFvRh695VN0XD8T5t0q74trWzrixrSuubM3H5S2dcKuiB65V9MTlsm64Ut4dNyr7sK5X9MWdHYPw7MBovN03Bk+qhuL+pj54sK4X7q3qidui77dW9sD9dX1xbVN/XN08EJeFzm8cgBPr+uHomr44un4gA+H6tYNwZM1AHF03GKdLR+NCxTiGexerJuByTQnncb1YVYJLlSW4Ir5J13bOwOVdM3CudgZO7JiKo2VzcK5uFc7sWYODVYuwb/tcHKqcjeM75uD87rk4UTsdZ8Q154Uu7RBl1WScrpgorhuHQ+J+x8rH4mT5ONbxbUU4tmUM548lpzLdlyMhVEzAucqJOLN9ojhehIPrCAaPwN5Vw3F4w0iuIx3ZOFqoUGyPQ/3Gsdi/ehT2rB7K8PjQ+lHs/D2xaTTOl43FpQpy0Rbj2vYJeHFqPV5cqcSrK2V4Rc7fy6X49lE9vn9zCx/u78c3d/fgw41qfLi0DW/PrMPLE8vw/PhiPD+5SJTz8ezoXHbKPj4wQ+P4rZuC+zsm4i6Fb64ci6tlo3F1eyHu7JzIulQ+GqfI2b5+EM5sImA/inV2M22LPv7/2PsL6LjS/N73nnvXu94399wDyU1OMklOZiZDPW0GgQVmW7YlgyxmZmZmZmZGW8xmZoY2M3PDdA8mOfec3/s8z66SStIuWWqPOtPOv9b6rL1rV9WGqlJ7Ut88ezfwxwJwqjkYZ1pDca41jH1+4bjEju8CO45zzOlG6TX76sOxty4MIxVB4v3YVxMgrvf+7FQ+vrxSis/PFuHRAbY/uxNwcySB7X8R3pwrwdvzZXh8NAf3DhTizv4K3NhTjWu7i3HvSA5en8vFu7PZeHUkA9e7QnChKwzX2GvfncnH12ey8eYw+9zrg9BdGoze0iAMVoYJw7WR6CjyQ391GAZqwsV0uEJCAZgQQgghhBBCCCGEEPKd+/Hf/hX+7r/+//CTv/0v+OXf/yV+8ff/twjAKxf+WFy7lo8EnfsP/wk6n/y1uLYtHwnIR+gaLPopDBb8VFwvlgdhY71fiQDMoyYPwEZ6PxV46LVeOw9btH8iTkm8Xe/nIvzySMnx69XykcC26+fDcu0cmK36BBuW/JOISwZLf475v/ghfvrD/4qf/e1/hcYn/wzNX/54NADzkaurl/yYTX+MT//urzHvH/8a83/0f2Od5o+wSedTaP2Cn6r6x+L0zfz0z6vm/lCcPpnHXINFfw9Djf+B9Xx0IzuuVQv/SQRgPvKZn+aZj3A21Z8Dw2X8WsTsGHn41vipGA288Ef/FZq/+iG0F/wTe4/+TkQlQ92fsW3+BFuX/wzrNX6IDRp/izUL/0ocBx+dvEX3U/EeLvnJf5a2t+CHIpZv4adI1ufXPeYjnn8IH3NdZIVawW4Dv7byP4kAbKb/E1jps/dN60ew0P25OE00D8BaP//PWDHvb7Dsl/8VW9h7brFmDoy0fywCu/2GRdiw+B9EAF7F3ic+wtiUB1q23m3suTo/+8/S9ZmX/YM4LTMfib1J+2ciWK+c83fitL78tNLm7DM00/1nMYKXB14+0pePEuXX/rVb+3MRfx3XzxERkV//VxmC+ahffl+EX0UA5vHXxXCRiNs8Rluu+UQEYL7vxqsWw9poDc4d6MO5XTU4P5iFywNSqFWNvxxfNtOQq3z+TF+n3Ka6AOxutEi6Zq7+P4wGYMcNv4DThk8V10L+iYjgPLDarv4R7Nf+iL1fPx0NwDzk8mjLQ22QyQKEmi8Wo35DzRciwmoJwiw0FNcHXiiCLg+7/L7P5jniNfw+x9fBIzEPycoAzJ8z+rjBz2G38sfss5BORc3xKM2v6yyu36z7j+IYzPTY3yj7Tmxhf6v81OL8VMl6n/w39vf2l1j44/+GX/zwL/CrH/5fYiQ8vxbw6vn/HYaL/rsY0exuvBguZjpIjrBCfowJcnz1U"
36551 [Forwarding screenshot on session b1310904-d161-49ca-a1a6-530fba7baea8 to remote] DEBUG org.apache.http.wire  - http-outgoing-101 << "Ru6BhVBK8U1gEvD16IkbI2IwCVBbHnwOpRGGKIufhs6s2zFaXd3V/tjX0s0Rprisa8zE+f683CkPQVHd6TiYEsiDrcli1Pa7muMw0hNJHoq/NFW4I7GbCfUZTiiNt0BTTnuaM71QFWKPWqSXVCeYIfSRBsURG1DSew2NKWZY2emFfpzbdGd64K+Qlf0FzmjN98OXTnW6My0RnuKFRrjzLCD7dvOBGN0JhuL6/z2ZZgzpmLEblfKNgwkbMKBbDPszzTGoSwTHM7chr2JG7E/ZRMOpRjiZKoRTsRtxLHoDdgdtUGcKro5aQtqIzegje1Le/wm1IStRW3EJjREb0Nj9Gb0pW/HoSJzHCncpjYA74w1FAGYX3O4M3ELdqVtxrHcLTiesRGHkzaIAHwk2QRHEzbjMNvmkdQtOJi1DSOZW9m+s+NRBOC+HBvsZse+v8wV+8qccKDUUYxaPlnrjjMNHrjQ7I4LLW442+iIz9rd8HgkEC/3heDZbn883eWDJ7uCRiMwj7/XutxweYcTLrQ74OIORykCD/jgxk5XXKy1wuV6G9xodcL1HS643uGKO52uuLXTGVeabHC+wVI4VWuKkzUmON9khXOtdjhRb4FjtWY412KPyztdcLXTA9d7vHFnMABPBoLwsNsPN+tdcD7fDGfYZ3CpgG2nxA6Xim1xscgO54sccK7YAefL2T5UeeFctTdOVXjheKk7DrD5vRUe2FPujn3VPjhUHyBGyx5rCcPJdinG8tHCPJyKEbZtsTjaHoP9rew7ypYd6sgV/706s6cehwfKsb+nEPu7c3CoOxPH+jJwaiQbZ9h/y872Z+Bsd6qIuCc64nGUj/rtiMaRndHiFMY8/p7sjBPXPldG53OK8HuKPZfvhzL0Hm6OxIGGCOytDWXz4WwaLEYH88h7sDES++vDcaA+EkeaY9k6E3C6O0mc9vpsJ/vvILt/pZf996svGZ+xbdzsS8XbC+346t4e/ObxHvzh4Qj+hU3x5RX87z88x//+4iz+9+tT+NfH+/H7m/34/HyzCMCPjxSJ60nfP5CF+/szcW9fBh7szcCjvZl4vIdNR9LwYChFxOA7A4m4M5SMx/uyhJuDibjUGYkLO8NxcWcszrL3l4fgk40hOFYXiCO1vjjGg/w0AvCRVvZ5tLH3simGvUdx4rPiZ3p4ebYIX10te28Avr03D7f2luHarkoRgO8fzWXvRz6+vJCHt8ezcW84Bpd7I9m/RTF4ejgNrw4l4umeeByqDUBPWQh6SgLRVxaMriJ/dBb7oz7dGe2FPugoYfdLA9BbJPmBR/VFEEIIIYQQQgghhBBCCCGEEEII+f6jAEwIIYQQQgghhBBCCCGEEEIIIR8JCsCEEEIIIYQQQgghhBBCCCGEEPKR+MHFiwAhhBBCCCGEEEII+Xh99dVXhBBCCCGEkP8gKAATQgghhBBCCCGEfOTkfhQihBBCCCGEfJwoABNCCCGEEEIIIYR85OR+FCKEEEIIIYR8nCgAE0IIIYQQQgghhHzk5H4UIoQQQgghhHycKAATQgghhBBCCCGEfOTkfhQihBBCCCGEfJwoABNCCCGEEEIIIYR85OR+FCKEEEIIIYR8nCgAE0IIIYQQQgghhHzk5H4UIoQQQgghhHycKAATQgghhBBCCCGEfOTkfhQihBBCCCGEfJwoABNCCCGEEEIIIYR85OR+FCKEEEIIIYR8nCgAE0IIIYQQQgghhHzk5H4UIoQQQgghhHycKAATQgghhBBCCCGEfOTkfhQihBBCCCGEfJwoABNCCCGEEEIIIYR85OR+FCKEEEIIIYR8nCgAE0IIIYQQQgghhHzk5H4UIoQQQgghhHycKAATQgghhBBCCCGEfOTkfhQihBBCCCGEfJwoABNCCCGEEEIIIYR85OR+FPp3M+iNH/zgBwraKL4k85wP9V1sg/wZuoRibeXnzngPyjznPwi1fwOD8JZdPgXVdWkX45LccwghhBDyZ4UCMCGEEEIIIYQQQshHTu5HIbXGhSN1PiCq/ini7KViaI+uwxuDEx//Mw3Al4q1x/ZLLqT9me63euODq3bxJZnnfJf+/APwuO+ArD/R5672u/TvEIBV/14pIBNCCCHfCQrAhBBCCCGEEEIIIR85uR+F1BoXjtT5d46T7wvAf6YoAJP3B2CJ96D86z/cdx2AJ0R5CsCEEELId4ICMCGEEEIIIYQQQshHTu5HIbXGRcg/07hKAfjPBAXgmVL/HfiuRi9/RwF43HdZBQVgQggh5DtBAZgQQgghhBBCCCHkIyf3o5BaMwnA40IsMy5aTQhaynW9J96qHSGpWPfUIyjft43J8Wvi+tRFzMnb9Ya39/tfp0p9/FN4XwCeUVRTPVYlmXXKvFeDo8c1+fMZ79sF4LH1q5gieM7kvVddt+rycesQ25r4/rzvWP80pvoOjHtfxr0fU0RbdXF2Bn8Do+ua9LjE21vNNqZCAZgQQgj5d0UBmBBCCCGEEEIIIeQjJ/ejkFozCcDchAisPHXt+Ginsp5phSk58sF2PMX6vvU2JBNPvysbLCeY3QA8MaZPprrPU79HE/Z1wuc33vs+/xkG4Cm3xU0OkjN976cVgNX5DuKk+u/A+O/m+O/gFNH2TxmA1UVbVd/iPXrv954QQgghf3IUgAkhhBBCCCGEEEI+cnI/Cqn1LSLQ+LimjeJidSGTUROmpo5EPFqprEdt3Hrf4+oj27jQqLr9Ce/HdGKjOu8NYeoC8LjlE49XirCjx6Luuerek/e9l1OaSQCeELFVRrj+Kd/7aQVg1W2MO/7J8f9Pbfzfihy5z+C7CMDj/zbUfg5y39v3eO/3nhBCCCF/chSACSGEEEIIIYQQQj5ycj8KqTUhusmSiTjjIp6KSUFNTZia+PopQ9z7ouWM4xejJnKpjZMTHpvNADwxGk61LdV9Gv8ejg+wo4+9772c0gwC8LjtTHjv1Tz2bd57dcvHvYfjTq+s5n1Ra0IoVTXFaayV3h+AFb7rU0Cr+e5NuY1pogBMCCGEfPcoABNCCCGEEEIIIYR85OR+FFJrXAiaSRCcMMKTkwti6sLUuO1ONi7MvS9azjR+cbKRa+rA+V0F4PHHM9nYtmU+AzVGX/O+93JKMwjAU36vxkdV6bP+du/99yoAT/wOTPicx/Zl9gPwlPulbhvTRAGYEEII+e5RACaEEEIIIYQQQgj5yMn9KKTWlKFuKjLxcSYBmBu37clGg9j7ouUM45cgG7m+XYRU51sHYG5CHJxI2r7MZ6DG6P6+772c0tTvzzhTfq++TwH4w0z9HZjw+Y3uJwVgQgghhMwMBWBCCCGEEEIIIYSQj5zcj0JqTRnq1FMNb6omRcEZBMdx4YhTBrH3rWOG8UtQE7nGHdeEoD3TAPze93Ym7/245zKKfZ7xPn1XAXjcdqaK22OPfZv3Xt1yCsDK16hZ11TfPXXbmCYKwIQQQsh3jwIwIYQQQgghhBBCyEdO7kchtWYSIRXGh1r2mnHrmCr2ja1fhLsJkU9tYBy3DploN9P4xamJXOOPTfU1M4ifo1S3z4w7XvWPiX2QCWeygXSq916QtjPt0dRTmsl7oC5uTjiOD3zvv9cBeNxnp7ov6o9X7fpm+jcw4W9qWtuYpg99PSGEEEJmjgIwIYQQQgghhBBCyEdO7kchtSZEKHnqwtHY8nHRRzVAqQlT4yKgLNWINSEmTnzOTOMXpyYATwqzakwdP1VM5/2dEMnGv5dyxh/L+58/OwFYLWVwnRAZJ5vwmXyL9/57FYCnMm4fp/m6DwnAzIy3MZXpfM8nHCMhhBBC/nQoABNCCCGEEEIIIYR85OR+FFJrJgF4wnPHR9CJcfA9cXaKOCgfV+Xi43u28a0CMDd5W3yf1MXG6VAXvOUD5BQhVG1EU/+acfuq9r2ajhkGYAXZY1d7HDN777//AXhiBB8z8X0T+6rue/tt/gaYSfvH1znl34Ya0/nvCAVgQgghZNZQACaEEEIIIYQQQgj5yMn9KEQ+1HcbDokqeu8JIYQQQqby5xeAB2qxkP0PN5sqmcfIn9gDxC1k/0PZ5rDMY+R7SfH3I/0fQHqIG5B5zp+xgTg9tt9BqJJ5jBBCCCGEE"
36551 [Forwarding screenshot on session b1310904-d161-49ca-a1a6-530fba7baea8 to remote] DEBUG org.apache.http.wire  - http-outgoing-101 << "ELItyf3oxCZLik2ThzhO36k5ExHzpLpofeeEEIIIeTbmH4AVoSlhXEPJjx2GDb8f2wtrMXAuOVAlQ3/H2EzjDkfZQCW3qPJ792fjhTO5D8H9WYvAKsLedJ3QtVsRErFd3Kijz50z+R7pniP1Lwn3zrEVgWx1337z5QCMCGEEEIIIYTMDrkfhch0jR9tKmdioCR/KvTeE0IIIYR8GzMYAawmFo6OOJwYbb5lXKQA/C0o1r+Qx7OZxLfvPgBLZu/9UIZwtf+PCt/DUbHTNqP4SgGYEEIIIYQQQv4jkftRiEzXVBGSRp/OLnrvCSGEEEK+jRmdAlpuRK8INgv1ZKLtt4x8FIBnbjS6zXQ7H1kAFu/D1N+dgbigjzwATzeeUgAmhBBCCCGEkP9I5H4UIoQQQgghhHycZnYNYJm4w6PwwrjDIiSOC3rqQtDoiGGlCbFHTQCWwpDq6yY8533rZUTA5qdIVoTC8etRxNApXj+6DpXXvj9iKkLbBJPfK5XHZ3QaZ5XjUs6rDWjy+zIuAk7cF0F+feo+E7nl49chH4DH4t+E/ZxWoFZ8fjN570a/o6qfvcp+vvc7pS6gTz4+dd+9939/xkz53ZP73KZ83xTv8QwD8Iz3YcJ/AyZ9NyZsX267ct+nmbxvhBBCCCGEEEIoABNCCCGEEPIfycwCsCKIjcUXKSKNRj+V+CYbkBSBSDXcTgqWMgFYes6EmMzWNbof01nv6DJGJTqpxqWx18uFPZnAOOn9UEc+eHLS9lWPbaYhc8K6Zd4LQXZfZY5T9X1VUP9eqv9MZD//UfLvx9hnMfn7MPG5k0z7s1CheK8mHYfKY1N/p2YYgPm2JrzXsp/VJNP87on1yRyLLGkfJ++7ZPLn9+H7MPn9m7wPE7c7+e+D4dtVs9+EEEIIIYQQQuTJ/ShECCGEEEII+TjNLABPDF4iAClijQg/ynAjF8bko59y+WgEU0QltfcnURfhJi8XAWpiWFWzfvkQpRqvVJa/N9ZOfezTXy5jUnCTXjvx/ZA9drXv3QQTt/Hez0T9+yWRPz7510xzH6exT5OojZXT/U6pe97k45N//9UvH0fdfk5crvZ45Ci+J1NS+Sw+dB+mXK7u72yanz0hhBBCCCGEkPeS+1GIEEIIIYQQ8nGaYQCeMIqPx5vReCUFJSnAyQQ+dQFIEXlGnzsh5E0dEpkpwt/EuCYb26YVgKcIURMCljz54Pm+9+T94UvxvAnHNPk9U7N9ddtRvCcTg+C0PxNm6ufI74/8a+SPcZIpP0fV45hGrJz2d0rd5zT5+NSF3um8l+peO2k/1X6f5Ej7qO47NnG/PnQfpn792PNltzvhvSSEEEIIIYQQMnNyPwoRQgghhBBCPk4zDsCqgUfEmdGAJMUwEWrkIpBYJsUcWcr1TAhK7w1kU8S6aUUsNa8f/1pF6FPu6yTvi24zDcBTBDNV6o590vLpB2DZ4Kb47Kb9mTBTP2f2AvDkYxwjrV/l/Vb3/k/7O/XvHIAnbmeK79Nk0ms/OABPcx+U3yt11H+35P72pn6/CCGEEEIIIYRMJvejECGEEEIIIeTjNPMArAg+NlVSmFGNZCLeLKxFlVzUmm6cmhDf3hvIpoh1E6OVbMRS8/rx21UX+qZrchAU1L4n09uetI88iKkxeqxqtj9xO+oiqtjPGXwmzNTPkd8f+dco9lE2Pqp6//Ok9au83+re/2l/p9R9TpOPT11Anc57qe61k/Zzun9jgrSPHxyAp7kPal8/wXvfD8X2prMuQgghhBBCCCFj5H4UIoQQQgghhHycvkUAVoY2PaieulUQ8ScINjz2TCOKyZoYlKaIcRJ1EW7yctkIpWb9E0PUdEKdeuqOfabLVak7bom0v8rPZ5rvkbr3ekIAfv9n8r73S/745F+j2MfpBD/Ffqp738a/J4zaYDrN94uRD5uTj0/+eeq2M4G6/Zy4XO3xyJH2Ud22J30WH7oP09y3qb83kuk8hxBCCCGEEELIeHI/ChFCCCGEEEI+Tt8iACsDjPrwpS7CKV8nF1uniosink2MR1VBY9sQcUnuNeMj0YcE4NFjkzvmScsmUh8xpe2oHts0g+f7Iqzi8fe/R8xoBJQJkor1yL92Zp/JmMmBlJv8nnPTfD8UlN8xubA5aZ/FPqqJktP8Tk3+/OT/BuS+e5Nfq47MezDx8+WmOp5JFPs53QA83X2QWyYoXi/7+Y4tG79d/tjE41GsR81+E0IIIYQQQgiRJ/ejECGEEEIIIeTj9K0CsDKOTY4wysgzRYRSCYpjVKKQ4vGJ4XA07I2asI1J650YmuQj3NTbU7OOcduRi11yxsLgpNco30+lacROuRg5nuKzUF3XhO0oT+M9/nMcv5/i9TIxlHvfZzL+cWlfJ79/Y6+Rf89ljuO9JhyD0sTv6/uC6TS+U9z4Y+LPkbav+hnLfW+m/vwmm7iOSd+79x3PODMNwJL37gM37ns21XdCQWUfJm73fc8nhBBCCCGEEDI9cj8KEUIIIYQQQj5O3y4AE0JmRITTGUVsQgghhBBCCCHkT0fuRyFCCCGEEELIx4kCMCHfAQrAhBBCCCGEEEL+Pcn9KEQIIYQQQgj5OFEAJuQ7QAGYEEIIIYQQQsi/J7kfhQiZLUFBQYTMOrnvHiGEEEIkFIAJIYQQQgghhBBCPnJyPwoRMlt4nKMb3WbzRgGYEEIImRoFYEIIIYQQQgghhJCPnNyPQoTMFgrAdJvtGwVgQgghZGoUgAkhhBBCCCGEEEI+cnI/ChEyWygA0222bxSACSGEkKlRACaEEEIIIYQQQgj5yMn9KETIbKEATLfZvlEAJoQQQqZGAZgQQgghhBBCCCHkIyf3oxAhs4UCMN1m+0YBmBBCCJkaBWBCCCGEEEIIIYSQj5zcj0KEzBYKwHSb7RsFYEIIIWRqFIAJIYQQQgghhBBCPnJyPwoRMlsoANNttm8UgAkhhJCpUQAmhBBCCCGEEEII+cjJ/ShEyGyhAEy32b5RACaEEEKmRgGYEEIIIYQQQggh5CMn96MQIbOFAjDdZvtGAZgQQgiZGgVgQgghhBBCCCGEkI+c3I9ChMwWCsB0m+0bBWBCCCFkahSACSGEEEIIIYQQQj5ycj8KkalcQrH2D/AD78HJjw164wc/8MbgxOVkFAVgus32jQIwIYQQMjUKwIQQQgghhBBCCCEfObkfhchUKAB/CArAdJvtGwVgQgghZGoUgAkhhBBCCCGEEEI+cnI/CpGpzCQAK577gzHaxZdUXjMIb5XHfqBdjEsTHvMeVFmHeFxmOTdufyZvd/y6v8Kgt/QaMR33nKnWK7fumQVvCsB0m+0bBWBCCCFkahSACSGEEEIIIYQQQj5ycj8KkakoAug0ArAyso49ZxDeoyFWGXKVjymeP+HxH/xAG8WXxp4ju/xSMbTHrYvvo0yIVtkXZfgde41yvZOXjV/v+Ih9qVh73DG/DwVgus32jQIwIYQQMjUKwIQQQgghhBBCCCEfObkfhchUphuAJ8dSVSKcTlyHCLnKsDs5EEvklk+9LYHvm8oo4MlxehrLJqxDom4/5VEAptts3ygAE0IIIVOjAEwIIYQQQgghhBDykZP7UYhMZboBWDk6lj2XmxBOlSNwJ/tTBWDpeePXPdXo5PcvG3c8E1AAptufy40CMCGEEDI1CsCEEEIIIYQQQgghHzm5H4XI1ORCqTAhACvJhWC16xj1AQFY7MeEIDxh3751AJ40AnhmKADTbbZvFIAJIYSQqVEAJoQQQgghhBBCCPnIyf0oRKamLoS+N5CqRNj3x9RvH4DFuifG5T9BAFYXuGeCAjDdZvtGAZgQQgiZGgVgQgghhBBCCCGEkI+c3I9C5D3EtXonjLBVLBsLszzUjo+l46Kv4vnjgysPucrXfGAAHrdt6TUfHICV65kQrge9laetfj8KwHSb7RsFYEIIIWRqFIAJIYQQQgghhBBCPnJyPwqRaVAGXBUTY62Ip+OeM3H0rDLMqpgQW79NAObGb5tt908xAliQtjVun6ccyTweBWC6zfaNAjAhhBAyNQrAhBBCCCGEEEIIIR85uR+FCJktFIDpNts3CsCEEELI1D4oAPckGaM/ZTs6Y"
36551 [Forwarding screenshot on session b1310904-d161-49ca-a1a6-530fba7baea8 to remote] DEBUG org.apache.http.wire  - http-outgoing-101 << "w1R7auDUvfFqPJeimqfJajwnIdyt09R6TkHNT7zUO3N5j0+RYX7HGbuOJXu81DluRDVXotQ470Y9X4aaApYhpYgHTZdjObAxWx+KVqCtRhttIbooi1sFRqD9NEUtBJt4Qao81+JZNNfImTTjxC09RcINp6DAOO58Nk2D77Gi+FvpolAC22EMGGWmoi0WIIYqyWIt1mCBKvFSGLTNHsN5DhpodBDB2VeOqjy4bRQ56PJ9kML7SE66I5cgcHEDRhJNcKutM3Yk74N+7NMcTjHSjiQaYlDmdY4km2LozkOOJHrhON5TjhR4ILjhS44UeTKuONksYdwptRXOFcegAuVQbhYFYxL1SG4VBuKy/VhTDiuNETgamMkPmuMEa42RDOxKuLE9IYQM8m1uihcr48W87ea4nC7OV641RSPm40zc7uRvX4G7rLX3GX7x92pjx2dv8eWK91vSsCD5kQ8ak3G47YUMa8Ofw6nvP+wJQmP+eu+hSdsW0/bU8X0EVvPQ75+xfQB3ydGLGMet3IJkzxqiWfPiRMeNMXiPvt8RjVFCffYZ8fdZZ8j96A5Wpj4+O26CNyujcCtmnDcYp8/d7MmhE25YDYfgBvV/rhe5Ydrlb64XumHm5UBuMnu32D3uesV3sKNSh+Gz3sqeOBahRuulbkLn5W6jbpa4symzmw5nzrhaqkDrpTYCZeLrdnjZrhUtB0XCrbhbO5mnMnZhNPZG9n8RjY1wImMtTiesUo4kbkap9JX4GTa8kmOp+jhWLLuJEe5VH1mJQ4lrcSxVAO2XUs8bPJmx8f2t9wDt6rZsbLjvFTM9r3SC1eqnHG5yg6XKm1xodwa50otca7YDGeLTHCmyBjnCpW24Tzbb6Vz+VtxrmAzzucbsfsb2f31uJC3DufzVuNc7gqczdbFmaxlOJ2prZjXYfP8/jKcytAWTqRpqnUsZalwNHmJcCRpsXAoYaFwMH6BcCBuvnAwdi4OxszFgei52Bs9B3uiPsXuyDnYpTAUOReDEXMwEP4p+kPnMPMwELYAfaEL0RM8H91B89AZuAAdAQuww38+2nwXoMVnPpq85qPBcy7qmVrPBaj1WIAa94Wocl+ASrf5qHBdgFLneShxmotix3kodJyLfIc5yLObixy7Oci0+3QSuX8DCCGEEEIIId8fcj8KETJbKADTbbZvFIAJIYSQqX1QAO5NNkVX/Bb0Jm3DcLoZuuONUOOrjRLXeajwWoAan0Wo9GTz7p+y+fnMAnG/0nP+JFVeC4Vq70Wo9V2Kej9NNAZooSVIk9EQ02ZBi1mG5hB9NAUvFwG4OXQ1WsPXoyVsPUq89RFnuQB+hj+Dr+EvEGi8AL7bF8FzywJ4b1sk5kPMlyDSaimiLBcjwmw+4qwVAdhBA9nOWihwX4YSTx2UeGiizEMDFR5L2H4tQaO/BlqDl6EjYiV64tZhMNkQu9ONsT/LDIdEALZmbHA0xw7Hcu1F+D2Z74yTBS6jAViKwO6jEfhUsTdOl/jgTKmfiMDnKwKlEFwTgkt1nEoEFuE3Glfqo5gYFbFiel1NAL7Op41cLG5yTXGSRvnIO5VbbBty5OIvN50ArIzAPOaqxt2JlM/hRu8rH1cE2+nioVeE4LYUMVVGX3UB+FGLFHsnaZ4YgFUjMI+80ez4onCvIYodN4/AY+7UR0jqwnGbqw2X4i/Dwy93o5qH32BFAA6UDcA32FSKvz4i/ioD8PUKL8YT17hyHlKlADw+/rqKAHyl2IlxxOUie1wqtMXFQhtcKLDC+TwznM4ywqlMQ5zM2IgTDJ+ezNyA09mbcCrLgM2vx/GMtTiRuZbNr8OpjFVSBGZO8PCbqq82/nJHmMMpnB4OJOrjUNJqts2tuFpqhzs1nuxY+P57Md74rNwHn7Hju1Bmj3Nl1jhXYoUzxRY4XWiO0wWmOJlnjBN5W3AqdxvDp5txOmcLzrBlowFYMGQ24FzeOpzLWYOzOSvZNvUVoVdLxNzTIgSz+8zJDG1Gix2TFo6zx46nakhTFcfYsqMpS9nxLGEW43CS0iIcTFiIAzz8Mvvj5o86EDsX+2N4/J2LPVE8+n46Gn+HI+ZgMGIuBsLnoD/sU/SFzmHmojd4ngi/XYFz0REwFzv85qHddy5afeehmcdf73loYP9NrXOfK/AAXOOxANUi/i5Ahet8lCsCcLHTXBQ6zke+w1zkOcxBrv1cZH9gAP7k07/CJ/N/jJ8t0cbPtTZj3konaG+Jg65dLXTce/Cpcx+WenTgvy9yxF/81QL89MeLsGadNTa45EPHNhurrOLwzxom+KWWJYxs42Hhlg0D8wTobYqA9qZomHo1Ypt3G7YHDWClRycsks5jdfAh6ATsxyK3XvyzYRYWWORghXsRNgSWwii0AibRTXBIGYFXznl4Zz+Cd85b+OZ+Db+CX8Ov5DV8S+/Cq/wiPMrPwb3iLlzLH8G19D7cyh7Aq/Ih/GofI7TpBSJaXyC8+RnzCJFNTPNDRDc/kLTcQ1TLA4S2Pkdo2yuEtb0Q+GvC2GvCmp4KIfXPEFL3AiENrxHa8AVCmr5ij/8GYS1/RHjb7+Be/hhe1Y/g1/gUQa0vEdT+GgFs6tvyHF6Nz+DV8IJ5A8+6d/Co+RKe1V/Bq+a38K35A7xrf8OWv4Eb24ZL7RM4sfU4Vj2GQ+Uj2FdJXBtfw62JPafpLdyb38G1+Qu4tXyp8Gs4N3wFp/qv4FD7BexrPodd9TvYVr2V/awJIYQQQsj3i9yPQoTMFgrAdJvtGwVgQgghZGofFID35TtjJMsW/alm6E/ajqE0U+zKNEd33EY0BC5Dmft8VHjMR53vEtR4L0SV9wJU+XBsfpxF4+7zEcQ1vktR67dERN+WIC20BPLwqy3FX6YxSBctoSvQwkcCB69EQxCfX4u2aCPUhG5EhvMyhBh/Cl/DT+C3bT6CzDTgb7IEPsYL2f2FCDJZiDDzxYi0XIxY6yVIsF2KVActZLloI89dB4Uey1DsqY0ST02UeS1FpQ/fHw00BCxDE9t2a9gKdMbwCLwFezNMcTDHGodybUQAPpLDR//yCOwoyXPCsQLn0QB8vNBtLAIXeTE8AvORwH44W+YvheCqIFyo4VQisAi/UbhcF8lEq4gV02sNsQyfjnezOQ43mmJlxONmU8LMNMTgZv1kcvGXmyoAK+eV95UjgdXhz1GdV96/35jAsNfPAA+9Ssrgq1wuF4AfNvN5HnvVe9AUx9ahjMBjIfge+wy4u+yz4/goX6XR4FsdNupGVShuVIfgOvsOcDeqOR5/A9l9f1yrlAIwd6PCXyX+SgFYiqUcD6ce+IxHXwUp+EquFLsoOOFykSMuFtgztriQb4PzedY4l2eBs7lmOJO9VQTZ01lb2PwWnM3ZinO5W3EqcxNOZkoxmE9PZW1gNuJM1lqczlyFk+krcTx1BY6l6OFoskR1no/8PZKkh8NJOjiUvIzRwYEEXeyPX45DSetwPH0z239n3K6RjulqqSeuV/rjCpu/UuWGy9UuuFzphEsVDrhYzva9zBbnS9h+F1viQpElzheaM2aKqQnOF2zHuXwpAp/NM2LYvuauZ/vLg/NKdjz6bJ+lEb4i8KZr4QSPwczxdLZM4ViaBo6mLh11RCllCQ4nL2b7vkg4mLhw1P74+dgXN0/YGzt3jBj1Oxe7mV0Rn2I4XAq/Q2LU71wMhM1FX9gc9IZ+ip4QJnguuoNV4+9ctPnMQYvvXDR5z0Wj1zwx6rfOfR5q3eaimnNn/83lRPxdgDKX+Shlipzmo9BpHgoceACeJ+IvH/2bZTcXGWw6kdy/AXJ+Nedv8OnCn+ETreX4pa4JFqxyg/aWBOjZ10HPcwALPIahHzCMuRsi8Nc/0sevfrEMWnrbsdYhFxoWGfh0tSt+tNAIP9fcjl9qmmGjZRTMXTNg5pqDecu9sMWlENt962AfNwyzqBE451zExsgDMEm7AOeS21jt0wOjkF6Yx/fBNqUXdqldcEjvg1vOAXjnX0BA4SP4F75CQPGXCCxjyl8hkEfe6mvwqb4C//rH8G94jqDGlwhpfomI1teIbHuNqPY3iG5/hai258xTxLQ9QWz7U8S1PR4VveMpIna8QviON0LYj"
36551 [Forwarding screenshot on session b1310904-d161-49ca-a1a6-530fba7baea8 to remote] DEBUG org.apache.http.wire  - http-outgoing-101 << "pciAoe0PENI4xMEN/DnvGXre4PQRrYPda/hV8PUvoV/3RcIqP8cAQ2vENT8CqFsm2E73wpjEZhpfs28hU/j5/Bu+AI+9V/Bt+Eb9rrfwq/xN+yxz+HFXu/B1u/e8BJu9S/gUv9ccK5/KQKw5A1cmt4yn4/jVP8lHNm+2Ne8g131W9hWvYFN5WvZz5oQQgghhHy/yP0oRMhsoQBMt9m+UQAmhBBCpvZBAbg7yQK7chyxN98FA6nW6E40wUCaBfqTjTGQYozO2I1iRHCh01yUeyxk80tQ47dYVrXvIkEZgZXL+emgG/w10RSojZYgPbSG6Iv42hCog0Z2nwfgtog1aI9ci9aotWgMW4fmCCO0x5qgOsQQSfba8Nn0S7is+yn8ti1AwPbF8DdeBN+tCxBosggRVhqItl6KONulSHHURrrLMmS7LUOuB9tv72Uo9tZCqY82yn21UOWvheoAHdQF6qEhSB/NoSuxM8oA/YlbsSfTEgdybHAgyxqHsuyEw9n2OJLjIPAAPBaB3UYjsBSAxyLwaAgu98fZygCcEyFYEYHrItUE4BgxvVYfM+sBWG6EMcdPLS3nNtuGMgarjhS+w5Zzo/cb43G3OUG415Ioiz9f+bjytfy+MgrPhHIUMcfDs5Lq6GJlkBZBuIXNt8RP6T57n++x93VMjHC3MVq40xAl3K6PHHWrLkK4WRuOGzVhwvXqUOFaVQgTNKY6QPisyp8ZC8DXy/0U2LJyHkulYPpZmadwlY/0VSp2x5UiN+FykQvjLFwqdGQcRADmRADOtWLMcTbHBGeyTHAqk0dfpc04mSGNDOb4KOHT2Ww+y5A9dz1OZ67ByfQ1OJ66CsdSluNosoTPH0tZKeaPJOkzy3E4iY/+1RGjgA8l62F/vB72xi1nVuFk5nbcqvLCrWpfXCnhMdsXl8p8cKXSC5eq3HCx0hWXyl1wqcIJF8vZMZQ74XK5A3uOPS6V2uFyqS0uldjgYrElzhWY4Gz+dpzJ34ozuWx/czfhVI4BTmWvYfu/ih2HPk6k6+J4mjaOpWrhaIqmWkeSNYTDSUuFQ4lLhIMJi0cdiF+E/XELhb0x80ftiZ6H3VHcXMVo33kYiZgr4i8Pvv2h3Bz0sfleppvd7wqeI3QGMcHz2XQ+2gPmo9Vvroi/zb7zUe85B3Ue81DDVPPT6rvNRSXD42+F20KUuy5CmctCFLssQJHzAhQ6LkCB0wLks2mu/TxkMzz+ZtrNRzqbn0ju3wA5n877e8xdMgef6q7D3JVWWLzWG1pbEqFnX48VPsNY4rsfq0P3Y5VdHn74s7X41S/18Mn8DVjnVAQNqxws2eSLf5izFv/tx8vwCw0jLN/sCmPHCBhahUBjvSN+rm0One2hsI9pQVDJESR13IdH8VnY5ZyCS+FVuOZeh2f+DfiUXIVvyTk2PQHvkqNseordvwC/kuvwL72HoPLnCKl+hbC6FwhteIbQxgcIabyHyNZniNnxGgldnyOl70uk9n+F5N4v2P23iN/xAokdr5DY+VJWfOcrRHa+QUTnOyG8462IwCFtzxHc/BiBjY8R1/MFojreibjsV/8E3jWP4VXzFD51z+HH9iV8x+eIaP8ckTu+EPOhO94gsO0V/FtewK/5OZu+YlMpBPs0vYIv49f0VtLyDj6t7+DV+haeze/gwUf5NvLRvm/g3qwY8cvuOzNODa/h2DjGoeGNYF//GnZ1r2Bb+xI2NS9gXf1ckPusCSGEEELI94vcj0KEzBYKwHSb7RsFYEIIIWRqHxSAR7JdMJzlKOzKccZwpj36UiwxmGqJoTQLDKSaojdxK9oj1qPGVxdV3hqo8eMReKLxEZjP1wYsQV3gUtT5aKHBbxmaAnTRHLQCrSFM2Eq2ztVo5iE4SA+NIcvREr4KzWxZW/QGtEcZoTWSR+DtaIwyRo77KoSbLYb/1rkIMF6EIJMlCDJdikDOZLE4HXSsnSaSnZYhzVUXGW46yHTTRo6HNnI9tVDgrY1iX22Usv0o99dBdaA+27flqA9cgaaQ1eiI2oj+RGPsSjPHvkwr7M+yxSEef3MdcDTPCcfzXXA0XxoFLEVgKQBzyvh7qthnNAALZX44U8EjcCDOVwfjIr8msAi/UgSefAroOFyti8HV+uhJrjfG4nqTEo/BkpvNCUzStN1qTlScCpqfPno8fj1hOVIAlmLtrQYp9vL7d5t47OUhN2EUv3+vJUkt/pz7rUmC8rV8+cOW5Bl71Joipg/Ycd1v4iGYj/zl6+IBWFo2cfnD1sTJRBiW3G+Oxz32vkrGIvDEADwxBN9ShOCbtRG4UcNDsBSDpRCsGoGV8ZfzE66x78i1cjZleBzlp0i+WubF8PDrgSuCGy6XuEpE+GUKXXGp0IVxxsVCp7EAXGiPCzwA59vgnBgFbIULzLkcC5zmEThjO06mG+NkBo/A29gyY5zJ5lN+fwtbbsieY8Cma9nz1uJ42mocS1mFowyfHktdzeZX4kgyk7QChxL5aF/pFNB8BLAYBZyoi71xetgdsxz74w1wLt9KOpU1O7Yr7G/jUqkfLlX64GKlF+OJSxXuuFTujovlbrhQ4oRzRQ6SQlv2WhucZcdxNt8C5wpM2dQEZ/KMcTpnM05lG+Jk9gaczFqLE/z6xenL2f7qsX3UYfuoxfZr6ajDPPYKmgoa0mOJS3GAx15mPw++CvviuIXYG8stwG4efZldUdxcYSRyLoYj5mIoYj4Gw+ehnwdffornkDnoCZ2D7tB56Arh8XcedgbPxc7AudgRNI9ZgPaABWgNmIcWv3lo8p2Heu/5qPVUxF9xuuf5qGQq3Beg3G0hytwWo9R1EYpdFqLIeREKnRZK4ddxIbMA2Q4LkGnP8PjLpNrPR5rdQjGV5hdM+u+/OnPm/RifLpmPuXqGWLDWBUsNgqC1JRV6do1Y4bcHWoFHsTx4P9a7luNv/nktfvYzPfz4l2uxybsOuo6lWLzRBz9baoj/9PcLsGSlMT7VXoctth5YY2yNdeaOWLh6CzQNbaFv6YdNXmnwzu9HaM0JBNWeRmDNZwivfYHQqjcIrnyCgPI78C+/Bv+Kywisuoyg6kvwKT0Hv0o2X3MLoY2PRPCNbn8hom/szleI3/kcSR3Pkd77BlkDXwrp/Z8jpecNkrpeIbn7tZDY/WZUQhcPxuz13W8R0fk5QruU3iG08y1COl4hlIdgtp2IzjcIY9sJbnuOgOZn8G96Ct/mpwhseS5O+RzW/g5hrew1za/FSOCAppfwb3wB3yalZ/Bmr/FqfMI8HuXd/AheLc/gwV7HT+/s1vAGLg2vRylH/CrDr0PDK8G+/iVs6l+I6GtXx6cvYFv7DDY1z2Bd/QRWVdxj2c+aEEIIIYR8v8j9KETIbKEATLfZvlEAJoQQQqb2QQF4d54HhrNdMZjpzDhhSBGDB9L5aaGt0J9iif5kCwwkm6Mv0RSt4WtQ7afJaCgsHZ3W+C8ZVRu4BHVBS9EQrIl6fx00+uujKWA5GnlwDV6B5hAeXtk0bCWaw9k0YiWa2JRri1yHnVEbsSNyE5s3QmvUNjRGG6M6fBsyXFch1HQRfLfMQ4iZJkItdRBoshQR1hqIsdNCorMO0tz0ke6my+ggw30ZsjyXIc9HB4W+eigO0ENZgD6q2H7UBq5k+7iK7eNatIYZsG0aojtuK4ZTzTGSZoG9GdY4mG2Hw7lOOKoIwGMR2HU0ACuvAawaf/kI4FOlvjhVxuYrVEYB10aIACxdCziGiVWIY+InROHxPmuME641xeN6cwJutCQySUzytIkQ3JSAWzNwuykRtxvZlLnF9lE5f5dH1tYU3GPr5fMcn7/P8Kk6D9pSBeV9vo4HLUwzj7nT85A9/0l7Oh61pop55TLV+/ebeATmMZg9Jh7n0XiyiSOJlaemvsfea2UEvtvII3AM7rDPjbvNTwOtcIt9njz8cnx+7H64wEPwtapgfFYZqKAagRn2/fiswg9Xy32FK3x0bJkXLpd6Mh64VOouXCxxEy4VuY66WOiCC+z7eKHAUVLoiPMFdjiXz8OpLc7kWuJsHr8OsA3O5ljhdLY5TmWZMaaMCbtvgjM5pgyf344TGdvEaZuPpRkw61SsxdFUp"
36551 [Forwarding screenshot on session b1310904-d161-49ca-a1a6-530fba7baea8 to remote] DEBUG org.apache.http.wire  - http-outgoing-101 << "TU4krIGh5NX4VDSKhxMXMno42ASD7/LJAk6igCshz2xq7E/fiPO59uJax1fZX8Xl9jfyIVyH5yv8BIulLNpmYdwgR3r+RJ2XEXOOMeO52yBPc7kc9Y4V2CBs/lmOJO3HSdztuJkliFOZG3A0fQ1OJq2CkdS9cVI5ENJy3A4UQv7EjSwnwfeJA3hYLLmOHwZf3xfwhLsjV88ak/colG7YxcKI9HzheGoecJQ5FxmHgYi5qM/fAH6wxagN3Q+epjukPnoYjpCF6AjZAF2BC9AGx/xGzgfrYEL0BIwH83+C9DIw6/PPNR6z0WN13zUeC5ANVPpuQhVHotQyVR4LEaJ22IUuy1BkctiocB5EfKcFiHXaSFyHBcj22ERsph0h4VIF9F3IZLZfIr9YjZdJKTYL5r033915sz7BL9aooE5utuxyMAXWkYx0N6WCz37Nqz0PwCtgBPQCzwAQ+9G/Gjedvzq0/X46dzNMApog6ZdKX64yATzl5thrp4Rfjx/Gf7xVwuw0cwM1h6O2GhpDL3NBlhrYQaNzVuxZIsFtvonIqyyF7ENBxFZdw7xbW8R1fBrhNa8RUD5M/iVPUBA5V0E195GWOMNhDRcQkjzJUS0f4bozruI636KhJ43SOj+Ckk9XyKl8xkyup8gvfcpMnpfILPvNTL6X4sgnNb3TkRgHnvju98irvMdYrresfV8jiiGx9/AHWy7O98hqPMLBHd9iRC23pCeLxDW/YUIwoE7XyCo4yWCd75ESMcLIajjKYJ2PkHQjhcIbHouTgPtX/8SvvUvBL8GNs9H+ja/hjd73LP5KTyaHsOt6QHcmu/BveUuPFqZFn6N35dwangL57o3cKx/A4e612IqNL4Vo3ztGFu2To7HX6u657Ae9QxWtY9hWfOEeQSLaj7/aNLnTAghhBBCvn/kfhQiZLZQAKbbbN8oABNCCCFT+6AAPJTjznhgMMcNg9muGMhyxhAzmOmAoQx7DKbboz/NBgMp1sKuTDZN3SZG7ZZ7LUWVjwZqA3QYbUYLdYGchhSBA5agPkgLDTz8BqxAU9BKoTl4FZpDV4vTL/MRv0LkKjRFssfZtCVsNdrD16EjyhCdMVvQEWOMdqY1xgTNsRYoC9mKKCttBGxbhFALbQSbaSDWXlcE4FgHLSQ46yDFTRcZHvpI92BTTx1keesi11cfBQErURK0CpVBq1EdsBo1gWtQF7wejaEGaA7bgJbwjdgZtRm9CSYYSbPCvix77M92wAGGx+BDOfYiAvPwq7wG8PECD5wo9BSjgMeNBFaMAJ4YgJX4KZ952FUNwDzuylHG37HwK7nVlorb7em43cal4Var5GZLKpMipmP3U0UEvt2SJGviqaKV7rDX3OWva2LbY/dvNyfibmsy7rWljOL377J13OF4CFZ5TNWD9jQ82JGG++2pwuhydhwP2f5PpIzFslpTRgO0oIjQytfxx0RcZvMPxWv4fPIkYkQy22/lyGR+emp+WmrpFNexwu1Gfo3kGNxqiBZu1kcJN+oihevs8xRqInFNCMdn1WH4rCoUV6tDVAThSlUgrlQG4HKVH5sy5fyauP64zL4vl8Xpkb2Fy+VewqUyT1wq98DFMnfhQpErzhdKzhU642yBkwKPpQ7CmXw7nMmzwWkefnN5/LUVzmRb4XSWpQI/NbQFzuSY4XS2FIRPZhqLCHwi3ZBNN7CpgmL+eLqBcCx1PY6krMPh5DU4nLRWRGA+6le6/q9kb7wO9sTxUcFrMcz+tvcnGOJKiTtuVgfgYok3zpf64EyJJ86V+Qin2HGdLfFgyz3Z1A3n+P0iZ5wpdGLHwtnhVJ4lY46TeaY4mcP2NWszjmVuxNG0dTiSuppta7lKiNZm29R8r33xGtgbt1TYE7sEu2MWC7uiFwkjUQtHDUcuEKN9pRG/czEQPg+9YfPRE7YQ3aEL0RE8HzsD56GdaQucjxY2bfGfiyamMWAemgPms/kFaPCbzywU6n0XopafMp9fY91zASo8FqHUfTHKmFK3RShxXYwCHn1dlyDfhXFeglznxch1Wopsp8XIclyKTMclSGdSHRYjzX4JUth8Mns8xVEDSWw+yYFhy+X+DZAzd5EGPlm8HJ/oWmGpYRiWm2RC37wc+k5dWBV4DBr+J7Ei9BhMQzqxdI035i/eijkaVtjotwOfmhbikxWe+FTHBOtMPfD3nyzBXB0d/GT+z7HV1hDrti+HxtoF2OKwGeusNmOF+TassraHQ0w6vNIrEVg0iMQdjxHb+jmiGr9AcM1b+JW/gF/FMwTVPkZoyz3E9dxDfN8tJA7eQvLQfaQMPUfKwOdI7vsNknu+FsE3u+8Zsnqfigic1vuceYm0vjdI6X+HqB3PxHV+w9pfi9Mzh7S9RWDbO8G/9a24/q532xv47mD3O75AYNdXCOr+tcKX8Ot4Df/O12yee8kef4bAjsfwa38An5aH8Gl8Dp+G1/Cuf8WmbwXfxnfwa/lC8G55C8+WV3Bvec48hWvbI+YB3Nrvw739GVyb38Gl6Us4N3wFp4bP4Vj/Dg6MI5u3b3wL2/rXkoaXsK5/MV6DFICt657AqvapCL88BPMgLPdZE0IIIYSQ7xe5H4UImS0UgOk22zcKwIQQQsjUPjAAe0gBONsdgzmuGMh2wVAWxyOwIwYz+GhgB/Sn2qM/xRZ9SeYYTDXDrkxLdMdvRn3QClT5StfUrQvURY2/FmoDNNEQvIw9pg0+WpgH4AY+8jdolYi/TSFSAG4KZ/NcBJuPXI3mqFVoiVqL9sj16IzYhJ2Rm9ARZYSO6C3YEb0NO2K2oy3WFG0J1miMs0a621qEmGog1lYfcfZ6SHDURZKzPpJdliPZVQ8pLrpId+cRWA+ZXvrI8VmJfL+VKApcg/LAdagOWIuawPWoCzZAQ+hGNIVuQnPYRrZ9I3TFbhOjnnelWWNPhq0IwdJoYAfFKGBpBPCJQikASxF4wqmgy/xwupxTicDVYbhYEy4C8Gj8FXE3/r0B+FpTAq43j8VfPvr3Vlsa7rRn4DbXlj4hAEvxV3XZjeYU3G7hZhKAk0TgFXG3RZqK4MvjqyLgSveVxpZPxOOvFIClCDy6nN1/KGeKCKz6+P1WKfjeY8fGl6suE88dXY+aAKyCn5J6LADzax2rBGBFBB4LwFIEVgZgKf6OBeCrPACrRGARf5nLigB8uVIZf5UB2A+XSn0UAZhPJwfg80Vu0wrAp/NsRQA+nWuDM6MBmM3zCJwtReAz2RZsno8INhFOZEqjgE+kGzGbFAyZjYoptwnH0zbhWOoGHElZjyPJBiICK0cDH0jgp33mp4Behj1xOtgTq4/hSD3sil6DI6nbcYHt85UKH5wrYX8rRV44y473PP87KfbEGeacCMAeOFvkijOFLjhT4CwC8Ok8e5zKsxIR+GSuGU5mm+B45lYcyzDE4dT1OJS8BgeSVrDt62F/wjIFLUXo5dPJ8/viJXvjeATWYPu6VBF/pQA8EqXEA/AidhwLFfF3PgbC5qE/fB56whajK3QxOkIWY2fQQrQF8VM7L0CT/3w08tjLr+3LR/ry6Ou/CPX+C1HnxyMwny5GLT99vs8iVHovRrnnIpR5LhEBuNhtMYrclqCQh1/Xpchz0UAuk+esgRznpchm81lOGshwWoo0B8ZxKVIdliDFQQPJjvx0+JpIctRiNJHIliU6aMr+GyBnntYa/GzJBvxc1xEaWxOxzqYMax2asdpjBGtCTmNJwGmsijwD09Ae6G+NwM9+tRG/0rLFOp8OzLWswFrbXCxc6YTlRu5YvHIzswr//Z//Dov0fwm9jfOwyWIZzFwNsNpYBzqGuvilzlLobjOBsUcwoso6EVp9GKENnyGy6RFC61/Cv+IVvEtfwrfiBfzrniCm5yni+h8gYeguknc9RMrIS6QMf4WUwT8ideB3yBp8i8zB50jve4aU3mdI6H6GuM5niN75HJE7XyKg+Ym4Fi+//q5n02txjV1xemXlqZYbXsCj8ZU4FbNXy+fwavsC3u1fKXzJ7r+DV/sbeLex/Wp/zuYfwbPlHtybb8Ot8S7cm56JdfLr93o0vWPb+FLh14J70xdwbf4Czs1v4cS279D8Eg6tL+DY9"
36551 [Forwarding screenshot on session b1310904-d161-49ca-a1a6-530fba7baea8 to remote] DEBUG org.apache.http.wire  - http-outgoing-101 << "pJh22/5NVyav4Zz09dwbPgSDvVfwK7h3SibulewrudewIrtq3XjSwU+L0Vgq/pnYlSwZd1TWNayeXZf7rMmhBBCCCHfL3I/ChEyWygA0222bxSACSGEkKl9UAAeyHWT8PjL9Ge7iAisJJ0a2hkDGU4YSHPEQKod+lOs0M+vEZxhg8F0S+yIMUJDyGrUBa9Apd8yVPlroyF0ORrDlqMuSBcNgWw+aAUag1eqxN817PHVkoi1aI5ah5bo9WiL2YCdMYbojN4s4q+IwJFGbH4LumK3oyvBHK3RJmhPtEZ7sgMqwkyQ5rIKSY76SHZajlSXlUhzXcWsQKrrcqS7r2CWI8NjBbK8ViHXbzUKAtahNNAAVQHrUR24AbXBG1EfuontiyGamNaIzWiL3IIOtj1+2ushdqy70m1wINtWjAA+kueIowUuIgJLFBFYMQqYB2BBcQroU2V+gojAlSE4XxU6OgKYB2BpdG+CpClxnGvNSYJy/npL8jg329Jwe0cGbrWnj+LLuButqWI6bjlbxkcNy5l4umilWy0puMNed5e9Xonf5yGZT1Ufu8e2M5X7bF+VVJc/aM/AwzZ5D1rZ4xPw5Y/aM4WJz1WdV32+MgzLUY4WVuIjiqVrFPMILJGufRyHW8zN+hjhBvsMueu1UcJYAI7EZ9URuFqljMA8/gYLlyuDpADMse/E5TKFUn9c4qdHFqQIrAzAF0s9JHyEbKG7givOse/h2XzVCMzxAGyP03k8Akt4AJbY4DQ/FTRzikfgHAs2NcNJPvpXEYCPZxrjePoWxkhh8+j0RAab5/hpotmyY2mGOJrKbVSE4HU4mLgK++OXY2+cDnbHamMkWptN9dl0JYYj1+Bw6nZcqfDEhQo/KE+dfr7cX4TgMyVeOFvCQ7A7The54XShC07nOwmn8h1wMs8GJ3OtcTLHEsfZfh9j+3qU7cuhFAMcTF6D/YkrsDden9HFvrhl2JfAacvam6DFnqeNPfFa2BOnKeyO1cBIzBK2r0sxHL0Ew1GLhaGoRQybRi7CYORCDIQvRH/YfPSFLUBn6BLsZNpDmKDFaA5ciKaARWjwW4A63wWo9ZmPGoVafn10BT5f7bcYVb6LpfjrvQSlnktQ4rkUxR5LUei+RBr166qBPBdN5DDZLlrIdtZEJpvPZNN0J02kOmowmkh2kCQ58OirhURHbWYZEtg0ni3j5P4NkDNXdzt+stQUP9Hzgsb2bGxwasIG916s8zmA9eHnsTTgLNZEn8Nmv51YtikMf/V32vjZYius9++GtlsHlpnmYL1VKhaudMbyrS7421/Mgf6mVVio9wmW6P8z1m5dAENzTazeqgFzF2Os2rIWyzZugOYGI9iFJcA1uwKepT0IrjuD0Lp78C17DvfCl3ArfgWP8ucIan6OkJ0PEdFzD7GDj5E0/AYpI98gdeRfkTb8r0gd/IJ5ieSBV0jofYnIjmcIaXsM/6bH8Gp4BPfGx3BteAbn+pdwqnsJ+9pXsK19Cdua17CtfgGX2mdwr30Kt/oXcK/ngfgt3Bo/h3PjF4JLE59/A8eG53Cqf8Q8gEvDPbg23YVr8wM4Nj2DU9MbEXj5c6Xnf8Ge9yUc66SpA2PL5m3qv4B1w+ewZOu3amLzzV/CqYXH31/DqfHXIv7a1L2Dde3rUVZsn3kAVo2/Nk2vGHYMzew5YjQwe5w9T4nfl/usCSGEEELI94vcj0KEzBYe5wiZbXLfPUIIIYRIPigA9+e5SHI5V/TlsCmPv4ogzE8LPcjv81HBGWw+zRGDqQ4YzmDTNDv0JVuxqY2Iwe3RhmgMW4fawOWoCdRHXfByNISuQEOQPhqDuRXSaZ/D+MjfNWgIkzRGrENz1Aa0xGxEW6whW88WdERvRWfMNnTHbEV39GZ0RRphZ/gmsaw3yVKKwPFW6EpzRkuiPQr9DZHtaYA0l9VIcVrOpiuR6bEGGe6rkeGxCpmeq5HltQa5vutQ4L8BpQEbURG4EVVBm1AdYojaUCO2L0Zs/43QHLGZ4dce5hF4K3oSTcRo4D0ZVtifaSNGAh/Jcx51LN9dOF7gOW4U8MkSH5wo8WbYvIjBfjhTHiQisDQKOErl2r7jA7Ay/E4MvjdaUwTl/ZttqbjVzgOwvNs7MkdJy9Jxuz1NllwU5m4rAq8y4PKpMgKrRl/+2IOdmYJq6J2OB2z/HsppZ+tj+y2rLV12ufQ6tl72OKdc9mAHm1eMQFYlTkfNjlN5Wur7bdKIZmnEcwLuNPPTXsdLmuJwi7nRECOpj8Z15lpdlPAZ+0yFmkhcrYnAlepwJhRXqkJwmblUFSSpDMTFygBcrAjApXI2LfMXLpT6Mb7i9MgXy3xwocyb4dfH9WTLPHCu1B3nihQK3XBWOUJWcJJOl1zoiNMFDjidb4dTYiSwHc7yU0EzZ3KtGR6AlfHXnDGVAjC/BnAWxwPwVoZH4PFOZGwdNe45aUzqFhxNNpQicMJK7Evgp4HWxp44Hlv1sStWH4MReuy+AY5lWeByNTveikCcYcd7mv2dnGXHe7bUG2dKPHBaEYBPseM7xY7rVJ4jTuY54ESuLWOD42z/j2WZ4WiGMQ5nbMGhlA04kLQW+xJXYW8cj888Ausxy8Q+qLMnjsdfLeyO5fFXE7tiNKT4G8Xjr2QokodfyWDEIkX8XYD+0AXoZdOOkCVoC1mK1uClaAlcgqaAxWjwXyxO61zNVHkvQKUSH+krSOG3yncJKnyWoMxrKUqZEk8NFDOFHprId9dAvpsG8lw1ke2qhSwm00WS4ayNdGctpDpqIdlJCr5JDtpI5Oy1kMCm8U46iHdYhjjHZYhl92PttWX/DZAzf7UbfqHvgV+si4WWVRU2efZis98+GAQew6qQc1gWfhkG8ZewPbgHc/Q88M+fbMLf/LMRzOMOwSD8EDZ47MTSTSnQM46H1iZv6G+xxzozM8zXWwCtNfOgteoX0Gb0DRZgg/FKOPk4Q9dgHfQNt2CxwQZ45CUitKka3mU7YZ3WD5ecq3DKeQKb9OdwKXwHj4o38Kh9Ct/mx+K6uxFdLxDV/Q4xPb9lvkFc/1eI6XuDcH6K5h0v4Nv6BG4ND+Fcex8O1fdhVX4H1lWPYVv7HPb1r6Xr6Ta+g13jlyLc+ra8hGvFbQS1v4V342u417+BWf4DONV+DtuqtzAve8E8h2XlU2k9NY/hWPcQTg334dj4EG5dv4Zbz+9gzV5r2/gG7ju/gVXNC3EaZz6yV4Tdxm9gXv4FrGt/w573R5jX/Q6Wzf8Gk5pfw7ruc9jVsn2qeSuitE0dm69/K0b/8lNA2zTwyCsFYMv656MhmEdgHoDFsaiMGOav5eQ+a0IIIYQQ8v0i96MQIYQQQggh5OP0JwnAfbnOzFgAHsx1E4ZUjGR7YDjTDcMZbtiV6Y7hdGcMpjkw9hhKt8NQhi36UsxFCK4LWoVqf33UBi1HQ7AuGkP00BSqrwjA/Lq/a9EYzq1DU8QGNEcaoiXaCK0xW9EStQVtUdvQEWuCnngT9MZuRXeUEbrYc7oi+Gmht6A/xRqdCZZoi7VAb6Yr2pIcUBtlhUK/zch0X4N011XIcFuNLM91QrbXOuT4rEOen4EiAG9CRYAhKkUANkJt2BY0hG1m+7MZTeFGjKGIwG18FDLffpwxhpJNsYsd3950KxzMdsChHEcRgI/muUkRWOU00IIIvzwCS3gAPl0WKCLw+aoQXKjm1wKWIrDyGsAT468y+Crx4KsagG/wUzu38bDLA6/k9o6sUXd2Zo/i9/nj/JTRd3akT9vd9vGRVzmvvK8acZUBWJ1xz1dZ/mhnllrjgrAK1cA7Gn5VKJePe2xn+iTKCKwMwvyU1GOns06UIjAzGoEZZQDm8Xd8AI5WGB+ARfytDB4NwBdFAA7EhYoAXODhV+F8qR/jK06PzCPw+VI2LfMSp0U+V+qhuDbuWAQ+W+g6FoBF/JXwAMzjrxK/HvBYBLYcpRz5qwzASlLcnYE0YxxPMcGxlK04mrIRh5NW42DScuxP1BGhdXecFkZil2E4WheDkfroj1qNU0XsWPjIX/Z3cbLYE6dL+emgvXG62EM8xgPwyUJnnMh3lAJwrj1O5NoJx3OscSzTAkfSt"
36551 [Forwarding screenshot on session b1310904-d161-49ca-a1a6-530fba7baea8 to remote] DEBUG org.apache.http.wire  - http-outgoing-101 << "+NQGg/Am3Aw2QD7EtZgX/xKKQLH62OPOA21FHnVUcZfTl385eFXSRmA+0Lni+v+tov4q4GWoKVoCliKBv8lqPdbjGrfRajyWSjCb4X3QkYKv5xyvpwp4yN/vZai2GsJijyXotBTEwWKAJznqoEclfCrjL9pTKqTNpLFKZ4VI34dtKXwy2Mvx8OvQgy7z8n9GyBn6dZYzDdKxDyTYug5d8HQdy+MAo7AIOg0VoddEgF4bdwFmIX1QnNDIBZrW+JH80xhkXAQKwL2YoPfMHQtq6Frngdt42jobvOBjpEl5urpYpH+Iuhv0ILmirnQWrkAawyXw8rFBuu3bsF2G0fobzPCOg8jOOcFI7C6Cm75nXDIOAa79BuwSn0M6/QXsMl9DZuCp7AvfQjnqvtwrbkP95oHIgpz7g1P4dr4CE61D0Xwta26C5vKO7CuuAtLxrTkNszK7sOi4iGsqvj1cfk1c5/Dpv4FnOqfwLX8KrYn7IFN1kk4FH4mrg3sXM1PC/01W88bWJS9hnnFG1hVvoJ11UvY1TyHfd1T8VqHxudw7PgSTl3fwLr5Lexa3sBl5xewbXgmPafxleL5PO6+g0PD7+HY9G+wqv83WNb9TxiXfy1GBvMwreTQ8EaEX86hiUddHqzfwIZfA1gl/PJt2TfzU0Szx+resW18zp77hRhFbN/4pexnTQghhBBCvl/kfhQihBBCCCGEfJw+KAD35TsxzujL4wHYGb057D4j4m+eO4ZHeWA41xO7crwwnOmOgVQXEYN38WsIZ7DXpthiKNMBgxm26E+3Rm+qGdpjN6MhdA0aQvRHA3Bj2Ao0hfMAvI5Zj+bIjWiJNGRTIxF+W6K2ojXKGG1RJtgRbYyumO3oidmGvpit6I/bwmzDjnBDdMeZoC+ZR2ArEYE7Up0ZF7QlOqAu0gJF/puR6bYWOZ4GyPFaj1xvA+T6bEC+nyEKA4xQEmiIcqYy0AjVwZsVAXh8BOYjgVsit6BNXIN4C3pit2IgYTtGUiywL9MOB3MccViMAnaTIrA4DbTXWAQulQIwH/2rHAF8uiwAp8ulCHyukl8PmJ8KOgpX6mJwpT4WnzVJ8fdaMw+8PPpKp3FWTpXzHH+OMgArI7Bq/FUG4LsdOaMBmLu7I3NG7ivca+fxV8LvP9iZNY7yedzDjmxZyseVr1Euf8T2T52HbJ+nonzeY3acTzpzR1/zgL0fnHiOeK4iAk/AA7FqSObz99j7qgzAdxUBWHUksPoArBwBHKUSgMNxmZ/2WxGApfgbIMXfcqZUisA8/AolPowXW+4tnC9VjP4t4Xj45RGYESOAeQBWHQUshWDVAMxHAp8psGFTq1Gn8iwYcxzn19HlcrarMMaxjG04lj7Z0bStk4jHUtnrUkxxLMVYjAI+krweh1NW4VCKvjjV8p4EbeyOXyZGAQ9F6aI3XB8DcZtxJN8F5yt9cKbUC6fZcfKRvzz+CoUuOMmOhwfg43n2OJ7LZPP4a4tj2dY4kmWBw+kmOMT24XCqkWIU8DrsT1gtIvC+hOVsmzpiu1PZFactjMRqYThGE0PRGsJg1FJhIHLJqP6IJeiLWIy+8EXoCV2IrtBFaOMjf4O10BSogcYADdT7LRHX9a32XYIqbyn2VojpEpT7LGWWoJQt46d8LvNeyuY1UOylIeJvkYeGiL8F7prIddcSI3+5TBdtZLgsQxqbivjLpDgvQ5Ij48BP87xMjPYVI37tlyHWXgexjnqIYaIddBkdRLFlcv8GyNF3LIeOUy103Xqwxv8gDIOOMSewPvQcVkdegW7MNayNOwez8G7obw2D/mpH/HSROSwSDmBF4AFsDD4KA7890LGrw3K7EuhbJWLxJmdoGJhgwYoVWLJCFwt1l0B3nT5WG67HGiNDrNxgCEevQGx1tMY6l1XY4L8R9qkR8C1ugGvOLtimnIJVyi2YJT+CadpTmGYwOQ9hlncX5vm3YZl/UzDLvwGzojvYXnwHxkW3BR58zct4/L0P66r7sKl+INjWPIQtHxVc+0Dgo3hda2/ANKEbq9wLsSGogc0Pw6f2Fmzzr8G+/AlsK17BpvIdrBmr6s9hXftWjNa1r38Jh/oXsGt8BcvGt7Bu/QJWza9g1/wM1vX34NB4F3bVV+FQ/Rmcam/CqeYuXGqfwKXuFfMVHOt/x7b/r3Bo+AMc2eudGl+Mcm56La4V7Nz8Bo4tb+HApkp2bDmPvg4tn8ORbdOp7Uu4NH8lRhq7NX8D15Zv4N7yG7i1/kb2syaEEEIIId8vcj8KEUIIIYQQQj5OHxSABwtcMJjngoE8V6GfjwDOYsty3IUhwWPUYLY7hrM9sJuHYDYdyuIjg90xkuuBgQxnDGY4YZC9fjibrSvdEd3JVtgRuwUNIfzU0Pzav+vRGrkJjaEbhObwjey+EdqiN4vQyq+92x65He1R5uhgOqPN0R1jit44M8aEYfMJZuiMNUEHW9aVYImd8RboSrFFd7oDejMc0ZXqiJZ4K9RGmSLTfRXyfTeiKGAzcn02ItNzIwoCtqI4aAvKAo1QFbIVNaHbUB26BXWhW9EQto3t4zY0R2xj+2XM9seY7YuxiNE7eZBm2+1LssBwqi32ZjriAHu/DuW74XCeG47ku+MoHwVc5CXCr7j+b7mfpEx5HWB/nCn3x+lSf5yrCMLF6hBcqgnDlZpwXK6NwLXmBCYR11uScKMlRVyzV5zmuY2fupmPyOWjd/ko3kzcFuE3XRGB+XV+pVM+K6d3dvIAPBF7XUfWqLtsmZK07ozR8HuPLbvPPORBlXnAoypbzqf8vgit4nEpxEqPS89RRtmJRp+vWK9YJiJwDh4wD3fmMXwqeSQoXs/WLYioy7B1PGKvfdzJntPJHufrUaxbjCwW+8qweeVy1RHFyuDL8VNGq8ZgZQS+15qC++yz4NcDvtuUiDuN0mmgb9fH4lYDvw5wNG7VR+FGXaRwvYZ9hlx1JBMurgH82eg1gINwtTJQXPv3UoUfLrPvwSXmYqkf4zsafC+UeOFisQcul3lJSj1wqcSdLXPDxSJXnC90wTmuwFk4k++Es/mOwpkCBzZ1wJk86RrAZ3JthbP5NsKZPGuc5qeAFixwMtucMcOJLFMFE+F4hrF0LeCMbcKxjK3C0XRuy2Q8BovRv2w+RXFN4FQDHElbiwOJK8S1efclrMSeuBUYiV6Owcjl6A5fhV3JW3G62BGXKr1whh0jH/V7ptCT8cDpAnecynfFyTxnnMh1xIkcJssex5ljmTY4mmmFI+nmOJy+HQdTjXAwZRP2J6/DPsWpoPclrsTeRH1GF3sSdITd3IT4y8OvMv4OR2tgOGosAA9EaqA/cqnQF8FpoIcLX4rusCXi+r+twZpoDtQU8bfBXwN1vktQw1T78AC8BJU+S1HprSFUKJR5LkGF11I21UApP+2zhwaKPDRR7KmNQg9t5LlrS+HXWRMZTCo/3bOzNpL5qF9xymfp+r7xgi7iHHUQ66CLGHvGjkdffUQ5rBAimQj75Yiw05f9N0DOKu9OrA4YwprQ4zCIuIBNoeewMeQs1oddxJqYz7Ay8RbWxZ2BWXgXVm8Ph/4aO/xo7hZYxO/FhqiT7DVnsTX2ogjI6307sda9HEu3hWGlZSCWGpjhf8xdgvnLdGFgbIJNpmb4dKkm5mrowN7DH5YezvBJ9YCu5TLo226GS2oWfPI74Zi5F/ZZF2GVeRsWWY9hmv0cprnPmEfi9MxmBXdgVngTpoW3YVLyANuKHzL3sb30IczLefB9BAc+urfpKbzbn8Oz9TE8mu/Ds/EOvBpvw7PhBtxqP4NX9UlYxVZiuX0YltlGY2NAKYLrL8K94ipcq+7BpeYlHGvewa6Wn6b5c2m0bt1bMUrXsf6ViLc2jfy6vm9h38Ke2/wQZqWn4bvjGjzqT8K78QQShm4jsvsaonvuw7fhpjjdtHv1M7hXvYZf2zdsH5/DpeUZ3JqfwbX1OVz5KakZl+ZXIgK7tLwVIXhUsxR/nVu/hEvbV/Da8Y3g3fY1PNu/FlOPtl/LftaEEEIIIeT7Re5HIUIIIYQQQsjH6YMC8HCeK4ZyXUdH+g7luovIOxZ9Pdl9Hn4lfJkYDawyKlhJ9XmDW"
36551 [Forwarding screenshot on session b1310904-d161-49ca-a1a6-530fba7baea8 to remote] DEBUG org.apache.http.wire  - http-outgoing-101 << "V4SNj+c7YL+VFsRVCt916I6YB3aIreiPWobm25GGz/VcvgmtEcYYmfEZnREmjAW6IyyQle0FbpjrNEVx+aZ7ng2n2A5qjPBnDFDd7IFulMt0Ztmhb40O3Sn26Mz3QE70xxRFrIVGe5rkeu3GeURligMNkWerxGK/Y1QHrwFFQwPwXVh29EYYYqmcBM0s2lrpJnAY3R7NJsyO2LM0Blvgb4ka3EN5JFMBxzKdxcO57vhSIE7jhZ64HixF06U+eBkua/AI/BpRhmA+Wlvz/MRoJWBuFQdjMvMpeoQXG+MxfXmBNxoScTN1iTcakuRrsPbli5O3cyj7L2dOaNus2W3ebjdmYm7POgq8PtybnVk4nZn1jh3FK8R65kQgMUoXWWAlaEchTuR3HOn8qAjD/c78hX4fC7bLh/NmytG9nL8eY/5uhUBWJwiupMt65ICMA+9E08trUrutNKjAXjCfWUEftiShgfNKUwy7jcl4W5DPBOHO/WxTAxu10cJt+oimQjcqAkXrnPVYbhWFcqE4LPKICZQuMq+A1cqfCXsu3GpzBsXS72ESyUeIv5eLHbHZ2We+KzUE1fZ/JViF1wuchYuFDgK57l8B5zLs5/kbK4dzuTYjhp/DWBrnM6xEk5lWwonsyyEE5nmjBmjuBYwj8CZqgF4QvhVSmNSjRgef8c7lGSAg4nrsT9+HfbGrsau6JUYiVqJgajlGIxdhUMZ23C+xAnnS91wpsANZws8GW+cyffE6Tw3nGL/fTqZ64STOU5sn5zY/tizfbFl27XGkXR+GmhTHEzdggNsW/tTNmBfMttO0hrsSVqF/ckrmAkReEIAHo7VHDfylwfgsdG/GuhT6I3QRE+kpDtcE11hS7EzVAOtwVoiADf4L0W9Hw/AS1HDVPssRZU3j7+a43lpoMJzKcrdNYRSpthdk9FCsYcOCphc92XI5qd7dtJAmpOmCL9JTKKjFuKd+HV9tRHnwE/vrIMYPrrXQQ9R9nqItNdHpB0PviuZ1QhXCLNbhVDblbL/BshZ7r8Lq8KOYHX0ZayJuoZ1oZewPvQC1kdexdrYa1iReB3r4k7DIaEf252SsdHQGT/+1QZYxgxhW/J5rIu9hK3pd7A8+BA2ROzHhqAOLLPJwlrHNCw1cscP5+pjvt5GrDW2xlYrZ/xysTY+1dDFdjsXbLGyQUhKJNaab4LWlvXY7OULu/g8eBX2wLfyJGxyT8E6/xYs8h/CPP8ZzAufw6LoGSxLnsCq7CEsGLOKZzCteCGm/Dq9tjXS6ZndGx/Dq+k+POpvwrP2Ejyrz8On+gz8a07Ct+oYvMr2waewC37Zhdjk6oalxlZY6RSK6KYjiGi9hIDG2/BqeASXupdwrH8jTq3s2PAl8zmcmt7BufENXJo+h3vbb+HU+AW8d7yFR8sdmGQPIbbvAiLa9yC+cwQN566i/Og51J66ibSeUwirO4rwhovwLz+HqJ2P4d18Dx5tbF/bnsBrx3N4tb+AZ9tzeLS+ECHYrfUNXFvfwaVFicffX7PlX8O9/dfwbP2ceQvvtndsHe/g0/45fHZ8IftZE0IIIYSQ7xe5H4UImS1BQUGEzDq57x4hhBBCJB82AjjHeTQAj+Qrwm6u57gAPJzrJcnxkaYTwu/o4wJ7Dn+e4Mf4YjDDFfsKvbG3wBNdSdZoCt/KbEZr5Fa0RrAp08bsiNyCnVFb0RFlgs5oM8YSXTEW6ImzZKzQG2+FnkQ5luhONGPMRQjuTbVFX6YD+rJdMFTgjY4MF9SwdRUFb0dh0HaUhJqjhM2XBm9DeagxykOMURm6HXXhZmiItEBDhBkaI83QEmnOWKAtyhLt0XxqqojA5iIC8233JdtgX7YzDuS64GCeGw4XuIsIzGPwsWIvnOTXN1U4Ve6PMxUBOFsRiAuVQTjPptzFiiBxjdjLNaG4Wh+NzxrjRPy93Z7CpDJp0nV7mYkB+G5HNu51ZuN+Vw4edOcKfJ4vUw3CShPjrwjAjHhMGZJ3SPFXGYC/DeWpnadLbQBmUykAZ+OxIgBzIgCzfRYjfxV45J1pAJajjMAP2tLxqJVH4NTRAHyvMWFaAVhE4OkEYIYHYGUElgIwH+3rjqulHrha4sa4jgbgS4VOowFYRODZDMCMGAnMTHUKaAkPwJtlHUkxwuFkQxxM3Ij98QbYG7sOe2LXYjB6BQZiVmIwZi0OphnjHDvGs4XuOMP+O8TjL3cq1w0nc1xEAD6Rw+Ov42gAPpIujQA+ojgN9ME0IxxI3YT9KeuxL3kt9iavFgF4X9JyMRJ4T4IedsfrjtoVpyMMx2hjKFpLQVMRf/lUUxGANRktKQBHaAk8AHeEamBHiKYiAGuhwV9TJQBrotpHQzYAV3hpoNxjiYi/ZRMCcJHHMuQzOW7ayHLRRrqTJlKdtEQATmTi2bwyAEvX9tVBtJ2uCL8RdssRYbsc4UyY7Qpm1Wj45UJsVsj+GyBHL+gwVkadw8q4m1gedQtrwj8T8dcg+hrWxF6DbuwVrIs/Ca+sPfCKKIWtXTB+Od8QVtF92JZ8FutTrmNT5j2sTbiIjXGnYBi1G6u9GrHSKR+LjQIwb7Udlq6zwuLVxthk7oylqzZBe91mbDCxgp7BZpjZusPUzh2brOyx3MQcBu4+8CqoRkjTHtgUDMO66CzMC67DtOABTAqfwbToOcxLnsGy/AmsKp7CTMTfFzCvfA7rymewq3oEx6r7cKm6AfeqKzBLG4FFai+sUjrgmN4Jt6wOuGa0wCGpGg4xGXCK8IF1gC2MXNj+WNvCJqEAWyNLYZrSB9eqy3CtfwiXhhdwangrhd/mz0WIdWtlWj6HV8vv4FrzDgGtL+FTdwWbIquQ3LsfkY0NSGytRNnudhQONKLt5B4U9nYjubETWW37EFM1gpyBmwjZcQt+nY/h3/UUAd0vEND1Cr6dr+C94yW82vn0LTza3zFfwL39S7i3fcPmfwPPHb+F986v4bvjDfw6XrHXvUVQzzuE9n+F8EEaAUwIIYQQ8jGQ+1GIkNnC4xzd6DabNwrAhBBCyNQ+7BrAWfx6v1IA5tf85SOAh/M82VTJi/Fmy3wYX8YLw/me0nSUD0aYXfm+jL+KAMXUG4NZrhjKdsPufPb8HFd0J1mL0yy3RGxFW9Q2tEcboyOGn2Z5GzqitqMz2gRdMebojjVHT5y5iL+98Zbo5dE10VqMwO1LskF/ki36k9k0mS1PskAPw6Nsf7o9+rOc0ZPujAG2jwP5fmhPdUNFhCVKQ81QHmaGinBTVDJV4WaojjBHDVPL1EXwCGyJxigLNEVZoSXaGq3RVmiPsWQssINfczjOAl0JUoAeTLHDSLoD9mQ742CeqzglNHe0yBPHS31wotR3XAA+VxkoTv2sjMAXKoJwSRGAL9ZE4kp9jBgBfKsteVwAHj0tc0euICJwRw7ud/Hwm4eHPfmj+LJ7nTwEj3ena7K7ysfYurl7O7OF+ww/DfMDNn2wQ4bi8Un4aF1+Ld7pYsfyoLNART6Tx5bn4THDr+srAjDzhG2TB2Aecfl9Zfx9qBJ6H3bwAD2Zch2jIVgl+k6MwsoILBeA7zXG/0kD8OVyn3EB+EKRm3C5mHPFFT7yt9BJxN/vLgCb/skCMKcagQ8kbMC+BAMMRq/EcNw69EetRn/kOhzNYvsmrmfsJiLwafbfIzH6N8dZOv1ztgOOZ9qNG/17OM0Uh9ONRwPwwbRNOJBqgP0p67AvZY04DfS+xBXYm7Ace+L1sTtOD7viePyVjMTwALwMQ9HaGIzSUoRfDQxG8viryfZLU4RfEX/DOR5/tdDJ5vno3/ZgTbQG8QCsLROAJVL41RIqvDRR4clH/i5FGVPKlLhroMhNE4Xu/Nq/2shz00aOq7a47m+6k5YIwGL0r/MyxIsIzAOwNPo32l4XUXZ64vTOY/F3OUJtliPYZoXAw6+S3L8BcvQjzmJVHB/p+xB6MfexJvImNsbewob42yIA8xHAa+OOwTtrNwLjq+DuEYO5S7bCKroHW1PPYH3mTaxOvwPDvHswTLsE49RTME06gFVuFdA2S8AKiyjoG3vjF1qGWLnNAbobt0PfyJhNjaCzdgs2b/GFjW0Mtph7Ydmm7Vhlb"
36551 [Forwarding screenshot on session b1310904-d161-49ca-a1a6-530fba7baea8 to remote] DEBUG org.apache.http.wire  - http-outgoing-101 << "wurxDi4llbCtaoLjpUHYV12ERYl92BW/Ix5AfOyF7CseA6rSj7/nM2/hE3VS9hXP4Nj1UM4VdyCS+kluJWcwIbgWmwKLMXWwAKYh+bDOjwHlsEp2OYRBkMHe2y2Ww3HQCNY+5tAx9QAhn7+WOEegc0xtfCsOQf3+ltwbXwE5yZ+WmZpNK5buxRlvdu/gn/z7+FZ+RaRbS8RVHsWa3yTkbazE2HlKYiuDEd8VSAiCt1RvDMZkQXB8EkORExhFkKzcpHbdRCxPTcQ2v8U4YMvETH0BuEDbxDS/0bEXP+ut8yX8O/8Nfw6voZPxzfM7+Hb+Qf4df4r/Lt/h7CBr8RrIgY/R+TQO0QNf4mYXV/KftaEEEIIIeT7Re5HIUJmCwVgus32jQIwIYQQMrUPCsA9GY4YyHEV8bc/2w19Wa4Y5NfzzZEMigjMAzCPv0y+D0YKvBk+Vcj3E3YV+DOBk4wU+ImYPJDNTy/tgZE8T+zJ9xbXD+5NscOOWDO0RBiLGNwevR07Y7ajM4YHYBN0s8d643kANkdfgoWIwH0JVuhPtGbsMJBkh8FkWwyn2mAo2RoDTH+SDfrYst5Ue4yw7fVnsWPjI5kLAzGQ54/mREdURVigPMxUqAw3R02kpYQtr2XTukhr1EdboyHaBk0xdmiOsUV7nDXbV35NYyvsjLNCZ7wVutl+dPM4LU4JbY89WXw0MI/A7jhc5IkjJd44XiJF4NERwJWBOF8dLALwxapggZ/++UptOC5UR+BSbRSuNkingr7ZyiNw2uhpme93ZONBJw+m0ijZe2z+flceHnTz8Fswit/nyye6y9zpZhTz3D1GPNaRg7s7c0RYVkZmPgp3KjzSynncmT8jDzvZfncVKvB5afkTdpw8AD/pzMETtn88AIsIzGMuD78dfMTx+PirOipYFb9W8KQIPJFKBH7YnikC8KPWVDxsUZ4GOnFWAvBoBC52F/H3fKErLha64FKhNOpX1ewHYG6mAZiRCb/cMUUcHheBmZHYNdjNpkMx69ETtga74tlzs21xOt+ZcWX4yF8ef/noX0ccz+Lx10Y4msFH/5rhcBof/buN2YKDaYY4kLpRGgGcIo0A3puwklmBPfHLsTtOH7ti9YSRGB5/JUNRyzAYqS0MRGiJ8Mun/YwUf6URvxItdEVoo4NNd4wGYG3ZAFzjq8Voo8pHGX+1UO6piXIPDZS5KePvUhSxeRF/3TSQ56Yl4m+WCMDLkOakhRRnfvpnHSQ464j4G8+v9ysCsHSt39HTPjPhTBgTwgOwtUQZf2dyCui1sVexIek21iQ/wsq4u1gbcwOGSbewMek61sRfwqbs61gfvx+OKT3wiCyHg1sM5izeCofoDtikHIFx+jmsTzwL6+IHMM28Btucq/AsvYb1/s1Y7lIIfbtULLdOwD9pWkPbyA+L19gxJpi/agNWbLWHrVs+jK2yob3eCxqGjjBw88MG/yAYx6cgqLkfXvUH4V57Dk5VN2FX+RA25c9hXfEKNtVvYV3zDqZVr2Be8wY2de/gUP9OnLLZpfoeXCuuwLX0BNYGlsHAPweG/snYHhAHC79IbHfzxQYzO6zYtBYmTith4bkc6yx1oLFFF37ZmYisbkdk4z7E7LwMn/qL8G64Aa+Ge/BseQTvtifwbX8Bvx0vEbjjNaI7v0FowzOk971AfOsZGPpFIa+7FVGlYYgpdkV8iQ38k9chodAKVl7aWG++ADbem2HlYY6ooiKkDl5A7K6HSBh5hsSRV8w7xA59jsj+dwjt/QLBTEDfVwjo/Rr+Pd+w6e8Q2PsHhPT9EaH9v0fk8K+Zt4gYeoWIgScI77uPiJ47sp81IYQQQgj5fpH7UYiQ2UIBmG6zfaMATAghhEztwwJwOg/AbiL69ma6oCvNCX1ZPAS7oT/bHf1ZnhjM8cZQrg/jh6F8XwwVsHkedUcFCDywDhcET9KdyeNrAPaWhWB3USCGxKhhb+wvCcRutq4Bvt1EO7THWqAtxhQ7YkzQEbsdnXEm6IozHY2/ffEW6GXP6YuzQn+8DQYSbDGYaI+hJHuM8AicYoMhhgfhfh6Ak5hkOwxluGKEn56aX8+YHctwvh962HE1JdijKtIK5WHmqIywRHWUtVATaY3aKDvURdsy9miIcUBjjD1aY6zRGmuFNrb99nhrdLB96Eq0ESG4K8GabcsWQ+kO2J3tgn157jhY6IXDxT44UuKLY2X+OFERiNMVQcLZimCcrwrFxeowXKkJx5XaCIGPAOYRmE8v10XjWhOPwClj1+TtzBHxVxmA77PpPR57efTtLRT4PMeXy+EBWBl/JwVgPqJYEX85HnMfKrY3Ezzgzowy/k4MwPl4yvZNBGBuXADmo42lAMxP/cznpwrAynXIRWDV+6ojgR+28VNBp+E++wzutSTjbnMik4BbDbFMDG7WRwk36iJxoz4C19hnqfQZ+2yvss/4Ko/7VUFMoHC50h+XKn1HjRsFXOwu4i93oYBf79cJFwscx/nuArApjmeYCMfStwtH04zV2IojqVvUOpyyWTiUbISDSYbYn7QJe5M3YSh+AwZiDdAbZYDuiPUYSdiGozl2OMmO+0S+I47nOeBYrr1YdjzLFscyrUX8PZohXfv3UOp2EYAPpipP/6y8BvBa7Elajd2JK4VdCSswEr8cw3H6GIrVGzUYo4uBaB30Ry1DX6S2ONWzRFuEXyn+agtdYuTvMnSELcNOpi1ES5z+WQTggGVo8NNGva8W6nx4/NUeVeWzDJXe2qMBuMyDn/aZB2ANFLvxAKyJAlctIddVG9ki/mohgwdg52VIYUQAdtJFHJvGOekh1lEXMY76iHZcgSj7lYh0WCWu+RthJ13zN9R2FYJsGD5lgtnyEPs1sv8GyDGIugSDmMswiLsGg4TrMEj+jGHLUs7CIPU4NmUcwba03fDI3w3nhCZYeWVDd50nHHxK4BnVBu+0YVhG9MIv5yrMwo9D23Yn7FLPwqv0LDaGtWJzxA4stSnGIpMS6FvX4hcrIqFnEosV5u5YZeuH7UENMI8awDLrAmhZpcM6rgWr3dPxSyMvbAzMQ0zrMXiU7IFf3XnYFZ8R1/blI31dm36LrSUvsbn2HUzbfguTxm+wvfpzOLb8Fp7tX8Ol4QFcai7gxxbhWOgSjk9MbKFn74jtHt6Iz8rBX/zFX2LLts0wMNPFBjs9mPuaYbmZIUx8AhBX2QHP9GaktJ5GTNMZWCR1YWNoAyxS+uFVeQoxXfeQ1P8c0TvvImbHTSR2fob4thMILGmHvq09oivSEJrribhSRyQWm8LI7m9h4/1zbDL/Oyzf8Ncwd1iKLWaasPCygWdhNULajiBz123k7XuO7JHXSBt8h6TBLxA7+CWC+17Df+A1fBX8+98ioO9zhPT+GiF9XyJ08CvE7/8GcbtfILjzMqI6zyDv4HXZz5oQQgghhHy/yP0oRMhsoQBMt9m+UQAmhBBCpvZBAbgrnV8r11XoSndCZ6ojejJc0Jvpht4sd/RleaI/2wsDOT4YzPUTp1IeVCrg/DFUEIghHn8Lg5kQhVCMFIYJu4rD2POCxOjbwfwAjBQFY3dxMHYVBrBpAPYW8xDsh/4sN3Ql2aM91hw7eACON0NXvDm64szQywNwog3EqaDjrNAXb6OIvw5saoch9thwsg1GUu0Yewyn2GMwxRY9CZbiFNH8tNBDGQ44VOyD/YVe2FPsj4FCf+xIc0d9rB3KQ/kpoS1QF2OHmkhbVEXYiGldtAPqYxzZ1A7NsTZoibVCa6w12uJssCPBBh0Jtuhk2+chuDvJDn0pDmw7jtilEoGVAfh4eQBOKQLw6fLA0QB8qSZcuMwoA7AyAl+pj8W1pkTcbksXEXhSAO7i8ZeH3yI87CtmisS8FIDl3enOx132OqV7fB18ytZ5r4OvVxFxO/PxqIMRQVaedLrmycaeowy84183mZoAzKY8AD/tysXTTqYjRxAxt4ufaloaBfy++MvxYDxVAFYuGxsBnDEuAEsR+P0BmIdfpZkEYH4KaGUAPlfg8t4AzOPv9AKwFH+nCsDKCPy+AKwuAh9J28ZskXWYB+DUzTiUYiQcTDbEfuZA2lYMxW/EYBy3CT2R60QI3"
36551 [Forwarding screenshot on session b1310904-d161-49ca-a1a6-530fba7baea8 to remote] DEBUG org.apache.http.wire  - http-outgoing-101 << "pvCtpknReDj7FiOcTwCZ/GRvzz8SiN/D6dJ8ZeP/j2QytaZshH7ktnrefxNXCPsEvF3JUbieQBegeG45RiK1cegoIcBEYB10R+lg75IHoHH9EZoK075zOMvD7/ao/G3PVQbbSHLRPxtCVymEoC1UecjjfyVLJMJwJoi/kqnfl6KQjcNFLhqitG/PP5Ko3+1RPxN5QHYSQeJTrqIFwFYD7FMjIM+oh2WI8phJbMKkQ6rpQBsvwbhTKjd6nHxV0nu3wA5RjHXYBh3HYYJ17Ap+QY2pl7HhvRrMEi7hE1p57E96xw2RA3DOesI7KM74RRaDwunVGzc7A0zmzA4BuRiu3sWXKO7sNm9Hr9cnwBtu1KYJ/aLUzCvDdqJxfZ10LLbic3++7FkWzl0zfOw3DIKBp5ZMIzqgVXOOawPHcRyz1ZYJe7G9vCd0LXPxHrPPFjE1CGo6gDcS/YhoPkqnCuvwyTvJtyafwf7xt/CvPUrbG/9AqaNn8O8+h3MSp/DrPAh7MofwLvpLsI6b8Kv/gDss6phFpEI/e0mcPHzxY9/9D+wcuVSrNo6Hwa2GtDduhTLTVbDLykBASnZmLfGGN4pFdAwdscv1ttgzhZXrPVMhGtWK5J2nkZ671WE1h5Get95lO67ivyBE/DMKsQ/6izGdh8zuMeYIqPaBdE5BjCy+kuYu/wDHH1+BSvnOdhk8gtor/gnbLQxRN7IQRQevoPKE69QdugtCnZ9gdzhr5E18luk7voNIoa/QMiudwjcLQlhj4eOfIWIoa8RPfA1wro/R/zIl0gafoa4rotI6TiC/MFjsp81IYQQQgj5fpH7UYiQ2UIBmG6zfaMATAghhEztgwJwR7rjmDQndKY7ozvTBT1Z7owHerO90Zfjg/5cXwzk+aGfy+ch2B8DBQEYLOTxNxhDRSEYLgqTFIdjpDgCu4ojMVISKe4PMcPF/DHJSHEo9pSGYU8JF8LwKByEPUWBGM71QneqLdpizUQM7kyQRth2xdugN9EOfYm26GcGEx0wlOQopsPJjhhOccCuVAfsTnPEbnY8e9P5fR6GLRhzjKSYY0+aJQ7k2mN/sRd2lQZhd2mIiNdtyc6ojrBCVbgVaqPtUcejL1Mb7cA4oj7WEc3x9miNZ/sVbye0J9hhR4ItdrJ96hAR2B69KY7oS3XEAHsvhzOdsSfXXUTnI6V+o6OAT1VKEZgHYO5cZYgUgxUBmJ8CWomPAr5cF4ur9Qm42ZIqRgGPjtDlEbibj/bl0bd4FA/C97r5SGAegie7yx9XPEc8j3nAw2t3kfBIqasIT5jR+zLGh9sxyseU1/VVLlNH9bXqAvAzrlPC74uY2zWZXPzllJFXNf4qY+/E+8prAD9oTceDtlSVAJwkIvCkAFwvBeDPalTCr8KVqmD1AbiCUVz/92KJ57gRwOfznRhHXMh3GEcZfpXxl8feiXj4PZ1tM0oZfidSPxJYfQBWDcFHUrdJ0rbhcDq3dRIeaMUpmlM3CwdSjJjN2Je8BbuZXUmbMRS/Cf0xfCTwOvRFr8fe1O04kW+PkwV8BLCdIgBbK8IvP+2zMQ6x7R5Mlda7P2UTW98G7E1aPxp/dyesxkjCKmE4fqUwFLdCGIxdjoEYfaE/Wg99UbqSSCZCBz0Ry4Tu8GXoCtdBJ9MRpoOdTHsoH/3L46+Ex9+mAB0RgBv8dFDvu0yKvz5s6qOjEoC1Ue6phTKmxEMTxYoAzE/9nO+qiVxXLWS7SKd+TnfWRpqzDlKcpNM/xzsq4i8Pv448/DL2KxGhZMdH/vL4u1YIZfOq4XfGATj+AQwT78Mw+T6M0h7CMOMRDNMfM8+xOeUZLNPewjjyFnyyHsE18jA8wtrhE1yABUtWYP1mE2x18MVaGy9YhsRje2AMtG29scQqEAYBJQivvwzLxP3YFDSItV49MIvcB03LCiyzKIOBaz3sk/Zje/IxuFbdg0PhZ9iacBB2GcfhlnscptEdWO1RBH23LEQ0n4RFRh9C22/BpeoWzPNvw63ha7i3/Q7ObW9gXn0HLo1PENz1a4S0fYmAhncIa/wK4Y2fs+kLeBZeREDRYTGqd721G3wjgmDnvAUGhp9infGPsMH8J7D3X8Vsgo2PMVwjXKFluBJaW9bDKtgXm73dscXXG9ZRMQgprULV/hPYeeE2qg9fRkbPEVQduoKy3cfZ+jPx1/N/guVmy+AZtRnFTZ6IyzJAcIIW/GM04RGigS22c7B09Y+wyXIVYsuKUHvqPirOfonS418jb88XyBr4CtmDf0D27n9D+t5/Q8Lef0HM/j8i8uDvEX7wd4jc93vE7PkDYkf+iKTh3yOx6ytk9H2OvIFnyOu5htzWQ8iqH5D9rAkhhBBCyPeL3I9ChMwWCsB0m+0bBWBCCCFkah8UgHemOwk70hzFtCPDBZ2ZbujO8mS80JPtjd4cX/Tl+qM/LwD9+QHoKwjEQGEQBoqCMSiCbjiGSiIwVBzB5iMwyOaHS6IlpTHCkJhGifkRNt1VGok95VHYWx7NRGFfBReJ/eWROFQdhUOV4eKaw53JjmiNtUR7jBU64m3RnWiPgRQn9Cc5oCfOFv0JthhJdcFQshOGUpzZvJMIwHszHLA/ww7H8h1wOMsae5K3YTh2A3bFG+BwpgkOFrqwbQVhf1kwdpcE4WBVhAjc1RH8WsDWaE5wQWOcM6oj7VATZY+mBFc0xTuiJcFBaE10RBvbl/YEe+xIdMDOZHt0Jtmjm+1bT5oTepnBDCfsynbD/gJvHCr2w5HSAJwoD8bJihDhXE04ztdE4Hw1mzKTw2+0GAF8pT4Ol2pi8VlDoojAd9qlCPy4pxAPe4txr7dIEGFXMa+8r44y/k4ZgBkegB8rlsvhr5Mz8TERdqd6/jgqAZgZHQE8CwFYGX0n3ldG4IeKawArrwP8sCUZD5oTR68BfKchWuU6wGPXAObX/53uNYB5AB6NwCrXAP73DcDSSODjGWbCsXTTSY6mmeBI6naJCMDGsqRRujzWbhUOpGwR9iUbC3sSt7K/SyMMxWxAf/RaoTd8DXtsG84WOeB4jg0OZ1iyKb/ur4linYrwy0cTp/BTP6sG4HXYnaAMwGswHL9aGIpbNWowdgUGYiT90cvRF6WvoIeeCF2hm+kM5/SEnWF62BGqi/YQHbSG6KIlWEdoDtBBk7+eiL+jAdhHR6j25iOAdUbjb7nHMpR5aKPYXQtFHloodNMU8TfPVQs5btqjAThNEYCTnaTTP/P4G+O0AjGOKxDtsErmtM88/K5j1iOUCWMiHAwmkfs3QI5h0hMYpTyGUdojGGU+xuasR8wTbM18iu2pz7A9/gHc2HxQ9l34xh+Aq185nNyj8emnc7FpqyHWmtlisdFmLNm+EpqWK7DcyRAa1iZYbOoHx8Q+BBVdgn/hZVjGDMAuZRhrPGux0W8HrKNPwj3vPmwKbsOl/im8Gl7AseQGHAouw6/6BtwLjmNjaBM2hTUgpPEszDMG4VJxFv6t7LnNb+BU9Tlc6z6HZ8MjeNR+htD2O4hsvwWfkhPwLTqJmIY7SGp5iui6B4iqvYn4ugsIye+GbUA4/GJ84R9pDi39/wz9df8XVm76L4hJ3wKXAH0Yms/F2u3zsdFyGRat/QQ+7N+DoIxAZDXmon5XO5oO9qHp8AjKh/oQV1uPpPZelOw5grLh3QjOy8SnK+ZivYUGvMI3ILXABH6RS5GUawAnv3lYtuEv8XOtv8Qnej+FfYg3ivv3If/AQ2Qc+BJpu75ESt+XyOj7HXJ3AQX7gSwmmYk7+P8i+tC/IergvyJm/78gbs+/ImHXvyBl+F+QPfhH5A98zbb/DhWDD5DXeAgxOa2ynzUhhBBCCPl+kftRiJDZQgGYbrN9owBMCCGETO1PGICdZQKwz4QAHIjegkD0FQahvygEgyXhGCqNwHBZJJtGCcNlPPzGYqSMi8NwebxCHLsfLy0vj8FuZk95LPZVxuFAVRwOVsfjYA2XgKMNyTjRlIoDlTEYyPFDZ6obOpOd0Z3shJ5kR/Qk2aOXGUhxwHC6KwZSXTCQ5oqhNBfs4qN/M+xxINMa+1K3ozNIF5U2P0WF5T+i3eMTjIQvwy62fE+RDw6UBmJfa"
36551 [Forwarding screenshot on session b1310904-d161-49ca-a1a6-530fba7baea8 to remote] DEBUG org.apache.http.wire  - http-outgoing-101 << "QAOV0fgRF0M9paGYifbVl2UDaojrNEQ64TGeGfUxTigOcGJcRTxVwrA7H1j051Jkk62b10pjuhO5RHYGX1sP4YyXbAn1wP7CrxwsMgXR9n2lBH4HA+/PAAzFxTX/B0ff2NwtSGOiceVungRgK83JeNmCz8ddDYedReMBmAede/woMtH+faVMMWToq/S7a4C3Okcc5e511EwOcZ2FuIR1yUff6fyqKdYTEfXqVimvD+RanR+xI6DH9sTtp98BPCTTin2cqqngBYRuHsyuSjMKdchF4HH3VcEYO5xWwYetaapROBkJgl32edytyFWBOCxCBwpIvDNWsn1GmUEnjoAj17/VyUAiwj8PQrAh1PHQq864wJw8lZFADbB3iRj7E4wwnCcAQZj1qEvchW6w1ZgIHotDqZtxzG2X3z07zG2X0cyeFTmo4r5SGJD9np+2mfJ3iR++uexALwrno/8XY0hEX+lADwo4u9KDMRwK9A/GoClCNwbqT8af7sU8bcjTFeQ4q8iAAfrojlIB82BbOqvJxuAefzlKpnR0b/u2ihleAAudNdEgZsUgHP46F+Gn/5ZuvavNlJdeADWQZI49bO+CMDRjiunEYANEMZ8SADemPoYm9IewTDrMYxy7mFL7i1sy70O49xLMMs5ja2xQwipOgOvtE6EZTUjKDoLji6e0F+miQ0b1sPYwRPLtm/Bz9b+A/5e///EQpP/AU0LbSzZagebkAaE5Z1HYt0N2CY2wyGjESYJtXDI2gvP/Eewz3kJl9ovYMuv6dv4Bu71r+Fc8QBetQ/gU3sT1lkHYZOzFy6lh9my89icOIKAtmcI6/oNbEuewafhHQLq7iG6+RoiG47AOqEYurZuWO7gCrv4NISVNSNz52E0HLqL8uELiCpphGdcOBwCTOHktwI6q/+/WL3+P8HQ6K8QGrESZtY/QyL7juut/X9gZPYJwhLNULszEeXtSWgeKkLXoWa07W1E854WdB7ux85ju5Hc3ICSkWGUDfYguigJyzbOx+rNP4eLtyb8QzWRXWCETMbU4efQWP9DrLLUg2mgKyJKq5HTfw7Ju14iae/vkbbnX5Gx638ifx/ADhdFTPZ+IHEPEM+WRe//fxG1738iZs+/idG/8UN/QNLAvyBz9/9G1vAfUbj7G5TtfoGM1lMIzG6T/awJIYQQQsj3i9yPQoTMFgrAdJvtGwVgQgghZGofdgroDB59lVzRleWO7mwmy0sRgH3Rm+M3GoD7CoKYYPQXhWKgOEzE35HyaOwqj2HihN0V8Uwi9lQmYU9VEoYrkjAkJLLnJjFsWpHAHufPScC+qkQcqEnCoVqmLhlHGjNwuDELRxoycaIlGyebs3CgMg7D+UHozfBER5IjOhJt0ZvigP5UB/QkO6AvzQ396e4YZMewK8MJezPtcDDTEocyjNHuvQD1dv+EZsd/RJPd36DP+2fYm2KIoWwn7M5zx+HyQByrDmcicLw2GocrIzDIjrc10QUNMY5o4Kd/TnBBU6ITmhOd0aLQmuSMtiQntCc7Y0eyEzqYzhRndKU6iwjcx0cBZzpjJMcNu3PdsS/fS4wE5hH4eFkQzlSFiQjMXaiNxKW6sdG/PP5+1hiHa00J4hrA1xqTRPy90ZzCpOFWawbud+aK0bv3uotxV+FeTwke9JUJymXj9EjPua/iQXcJHjL3O4vwgOuQPGQecV3S49P1iK3zUU+p4j4PwcrlpXjQxSPwZI/Y894XgJ+qBGAxIlgm/k4ZgDmZCKycHxeBFSGYB+DHbWMB+FHr+AB8t1EaBSxF4EiV0cCRoxF4OgFYGYEvlXiMjQL+ngXgg2nbcEDGwXQJv+Yvtz91C/an8ABswpgy27EncTN2JWzEcNx69EWuxED0KvRGrERv+GocYOs/zo7nEN9exlYcztjCtsVPIy0F4L1J0sjfsfi7Frvi12CEGYpbgwEV/bGrhb6YVaN6o1eiJ2qFJHI5usOkEb/K+CuN/NVDewjDpmL0b5CeFH8nBWA91PvqKgKwDqq8pABc7snw0b/u2ijho3/dNUUAznfTQJ6rphR/XXgAXoYMF10x+jfVWU8E4AQegB2XI8ZplRR/HVeL+BupcspnHn559OXxN9R+I0Lt2NR2HbN2HLl/A+RszLkjGObeh1H+fWzLv4PtBVdgXngM1oWDsMqsRGBlNZwSIhCdn4zc8hzExobCwcIMa1YaYJOZB1ZYWGCZ+Sf4ZOP/gYVb/wKaxj+D5iZj2PqXIzLnOOLKTmK5czBW+wdhY1QKbPP74FP9Gi7l38C95bewqHoB25rXcG3+Ai51r+Be+xTejY/hWXsDdkXHYZ1/CPGDT7ExfhjOlTcR2PYODqVPEd31B0Q1PUJ07Vk4p9bBJDgCpiGu2OJrirXOm7DR3RSbfVwQXVmOrLZ2xFeUICQzDHb+m2Bs/yusMfxv2LD+b7Bp/d8i2H85TLf/BNnsb8PC6peIiNmAjDw7BEUbIj7LAfWd6Rg83ITeA83YsasBzQP1KN5RifTmcpQP70Rpdy0is4OxYtMnWLHub+Hnr4HQ0KXIyd0EV+9Pobvh/8G8Vf8IPYv1MPIPhEtmDeK7ryBl/2+RymPvEYAdJgoOAsVsmrMXSBr6n0jc9b8Qt+d/ifAbvftfRfyNG/4DkgZ/h8SB3yB56HdIGf4KeXvfonjfQ2R3n0R0VY/sZ00IIYQQQr5f5H4UImS2UACm22zfKAATQgghU/ugANyd7YauLEl3tofQk+OtNgD3FwZjoCQMg6XhGC6Pwq7KWOyuisPe6gQmkUnGvpoUJhX7alOxvy4Vu2vSsKsmXdgjpDHKx9NwkDnEnne4IY1Jx6HGbBxtLcLpzgqcaCtkyzJxvCkTp5ozxHWDh3J90Zfhgt40R/Sk2KI7yQ69Ge5smQcGMtwwkumEfVl2OJRpgQPJGzEQshQNNn+LNvu/wYGQX6LT6W/QE6qNffmu2J3tjGH2/APFvjheFY7jNZE4WR+LE3Xx2F0Sip0p7miOc0JLoiuaFVqSXNGa5CK0JbtgR4pkZ6qzCMDKCNyX5oxBtp9DmW4YZu/vLvbe7i/wwaEifxwtCcLJilCcrgzH2Up+GuhIXKiRRgBLI39jRQC+3pyIGy3JipG/qbjVyuNvOm63ZeLuzhwxgvd2dxHu8LDby0f+luF+P8Om9/pKZT3sLxceKTzuK8cThgfaR92leKziCTNVABavmYLq8x73lk16XOkx2/8xReL01k+7uQKoOwX0s262vGcyuSjMKdcxMQJzE6Ow0pN2HoHTRQSWQnCKiMD3GuNxl30+PACPReAoNh8t7vMIzAOwdDro0CkDsDICqwZgcS3gf88AnMFZ4jibHk+3wLE08wnMcDTVDEdSTBkTHEo1Hg28E6kLwPuTzQQegPcmbcHuxE0YiV+Podg1GIxZjZ7wFegOXYnh2I3s+aY4kMJHEm+W4m+qoQjA+1P4Y4oAnDg+AIvRv2xdA3FrFfFX0sfWPYYH4FXoieIReCW6I5ePi78dYXrYGaoc/auHNqY1WF8E4KZAXXHtX/kArCud/tlrGSo8dUbjb6mb1tjoX1ct5DO5LlrIdtZCFpPpqoN0F10x+nd8AF6JGMfV4wJwhIPqNX/5yN8NUvxVBmCbdZPI/Rsgx7D4HIyKr2Bz0V1sLXwMk8InMC+6BeuSI3Asa4NDYRxM4k1gy95bzwQD5JYHoSA3BgHOXjBcZYXFuraYt3ILdEwXQGPrf8HcdT/AL/T+M+Ys04GpQwIS8/YiNKcLc7dsxUp/J2zPSIB5QSPc6+/Bq/W3cG79BvbNX8C24Qs4NnwJ1+av4NH0Dp5NL+HX+hzOVVfhVncF0YMvYF10FhZ55+HX/FqM/o3t/j3i2p8jvPYsnNLqEFZRhao97QjKD8CSrb/CvA0/x89W/RTapvqwCXVAeH4kQjO84BmxDWu3/D0WLv0/sFz777Bt/RyE+22Bu6MeQgIN4OK8FAlJ2+EftBbxKTbIzPdGYXk0soqikVeegs6RNuw+NozmwTZUDTShfLAWqZUJ8ImyxPrNP8PGjX+L0GAt+Hn9ClmZBrBy+Cm22s6HvqkWVjvZwD2nBlHtJ1F98X8i6eC/IfWIFID5K"
36551 [Forwarding screenshot on session b1310904-d161-49ca-a1a6-530fba7baea8 to remote] DEBUG org.apache.http.wire  - http-outgoing-101 << "Z/5tX+zdv0L0gZ/h9ier5C064+I3/NHxO7+F8Tu+QMSdv0eibt+i9Thb5A68gUSh54ibfd95B+4iZKDF1G8Zz/y+nplP2tCCCGEEPL9IvejECHTdalYGz/QLsYlmcfkUACm22zfKAATQgghU/ugANyb7c7w+Osmzed4oC/PGz3ZygDsx5YFoC83CP25IRguDMdIWSR2VcRgT1Uc9tUkYH9dEg7U86CbIoLu/toMHKjLZLLEdG9DNvYo7K3PYfg0Gwcac3CwKU841JSLQ815OMIcay/FsR0VONJWihM7y3CqoxRHm3NwuC4Vp1ozcLwhEXvLQtDHRyrz6+1muKA70xU9WW7oZ4aynLA7yx4Hsq1wPMcMe+NWoD9gDga8f4wRr3/AsNc/otVznnjOxcYIHCz0xL58TxwrD8GRsmCcqo3BqboEnG1OwanGFOwuDEN7kjuaEt3QlOSGFoXWFFe0JbuiPcWN4QFYisBcR5oLevipqTNcMZQpjUweznLHnlwvHCjwxZFiPgqYXws4DGcqwnG2ip8GOhqX6qNxWRGArzXFiwB8szVFjAC+0ZKCW21puN2WjjvtGbjXwQNwHm518VM7F+N+f6mIv1Lo5SG4nKmY5EFfBR72luMhe87DXjbfx+d5BK5kKhT4fDmessd5oFWOFH6gGDXMoy6ff9grBdwHbKqcF0FXxF62fhGApXm+7DFb32O2bcnYvPS6Yum1KjFYROCeAiYfz7pVycdfTi7+KqlG4LEAPH5ksDL+Pt4hBeAn7fIB+F6TXACW7osArLgmMA/A16qCpxWAL4vTQEsR+Hy+MzMWgVXDr4i/3JQBWBGBc75NALaUAnC6ugBsrhKATXEodTsOpo5FXlVqAzB73VgA3oo9SYbYlWCA3Ykb0B+1SgTgwej14nrA/ZEG7HlbcCCVj/xVBGAFZQBWxt/REcD8tM/KACwbfyXqAvDOcN2x+BumK8VfpilYD81BemgI0kFDoA6aAvTQyCgDcK0iAFcpTv9c7qmDMo9lKPHQRokbH/3Lr/2rJQVgl7EAnMmmGTwAu0oBOMVFT5z+OcFJb1wAjnZQBGCZ+Btib4hQO0OE2LF5OwNm/Thy/wbIMao4jC1lZ7Gt9B5Mi1/BsvAL2BY+h1PxBbiXdsE6LQhLrX8Jy4glMHT8HwiK2oSMZH942rhi+wYXGGwOwoLlxtAyXADtzX+NuSt/gE+0/wLLVuvDJzgNsRltCMuog46NKfyqMpE40gXXxi7YV1+CU8NrODS/gUcXD8G/hk3dO7i2fAOvHd/As/VzeLe9gu+OJwgffA2f1nvwabkvAnBoxxcI7/wdAtlrIztfIanvMaJaT6Fs3wV0nr0A2wh//N2Sf4bWNl38fPmv8P/5p7/AT3V/DocQa/jHOyG92B8O7jpYvvzvYLBiLlIivJAU5YqCTB80sL9jL4/lMDX7FQrY36fRtjlw9jCAh68ZzNn77eJji9KGItS21yAoIRDD54ZQPVCKoGRH2Lgvh+GWn2Dzpr+Bt+sn2LDm/4S/3zys2fDfsNl2CZYZ68LIPwDFBz5D4ZHXyD78O8Tv+yNSDv8vZBz8N6Tt+hppg2+QOfQaWcNvkDb8Fml7vkbynt+K00RzfD6VLcvY82tk732BrJErKNx3BhWHjqPm0B7UH+xB44F22c+aEEIIIYR8v8j9KERmbtD7B/jBDybwHpR97seEAjDd/txuFIAJIYSQqX1QAO7LchX6c9wwlOeB4SIf7C4JYILQl+OL7ix/DOSFMZEYyo/FnuJ47CuJxv7yOBytT8PRpgwcakzH4f8/e38BXdmZH2i/vb47c2duZr7M3Elykw51d9LpNKTZbheqmMwuFzOzSlJJJZUYSszMzMzMzMzMUjEz+fnevY+kUlXJbrvdTtq5W2v91t4HdXSObS3rWf/3DbelJMKR0ghnyiJcKA93ozzMXdzuSlGUGwXRKoVRHjM8yY/0oCDSi4Iob3EfX4qi/SiJ8ack2p9ScSyLCaA81o+KWB8qYjyojHalOsqJmigHaqNsqQgxI8/zPCkOJ0mwO0CiwwGSHQ+R5nhY/CyHyHLYT5HzPvKtPyJNdzGxx/6JqH1/SfSBv8J71z9R7nqcxkAdKj3PUumlJU/lFrlpUCaes9rfmNpgM2qCL1IdeJHKYEtibc4SZnGSELOj4niM8IvHCZfir+VRIi2kaeCDREkR2OoQ0ZaHSLAS7631EVKsj5Fmc5QM22Nk2h0n2+EE+c6nxfc6K76XFlU+56jxO0+ttB9woAGNQYY0BxvTJi39HGZGZ4SFPAUs6Y68SG/ERfoiLemLsqI31o7eeCcGEl0ZTHFnKNVzZsLXhwGhL8V3hr+sP9mX4VR/cbsvA0kzMVicD6f6MZTk8xopFItjstfcstKzpHj8eedyUJ597NxRdT6S4vcaX/k4lKz6PtJ9hqUgLIdhT0aT3AU32Zj4GceSXBgXx3HpmOT8lUgheVSKydLy0gmOjMghWBWDJWNxtozG2qjEWDMaJe3/ayVIe/9K4fciI5EWMmkZ6KFwUwbCVBFYir/SEtCz+/++nP6V9gFWBeB2X01Zm89Z2nzVafU5Q6v3GVo8VZo9TgnSFPAJ4bhqGWiXQ9Q6H6TO6YA4HqBOnEvHWTVO+6l23Pd77KbKYecXqrTfIauw2y4rsfp0QcWWm+dI0bfI4mMKZ8iXpRA8c7nA/CPZ7OXXSUs754tjnvmH8gSwtAx0tum7ZBhtIN1wvRx/E3VWEX9uBcm6a8gy2kSBxfszewm/T775u+SabiTbZL14rEq2ybq5ADw7BZxhtFoOwbOTxWkGq0nVXyVLubCaZL1VJOlKwXkFceeXyeE3WmcxkdqLiDy3iHCtdwg99w7h55aI42KCtRbJ8TdICNRYRNDZpQSpL1OFX8Hv9GJ8Ty3G++QiPE+8g/vxRbgdfwfXY1L4fWfGYpyOLMLx8Ds4HHwH24OLsJH3/pUmf5dgcWAJ5gdnA/AyOQAb7V+FgRyAV8vLP+tKe/7uW4fOvg1IwVdz9ybO7n5XHN9Dc88mYcMbXv/v/+f5OKCAj3yr+NC5m0/sptnl9JSTni9Q97jMaZcKzjr78fGZbRzWf489p97hpPpGfNxNOL3/MMvfEt9LxwW1d7fxsyX/zIbtP+Unv/sO//b2n7FE7VfsPXQCTX17dpy6wA5dHU64OXDUN4AD/skcjejmdPwNjkZe4nD4JQ6EXuJQ+HWOR93lVOw9TsXd5nTsNc7EX+JM3DhnYoc5EzPC2egJNGMuox17E5342+L2CWGIi9nXcMq7ikV4B0u2mrF6hzEfHDRi466zLPtoG2u3b2Xjjg9Y9cFirBy0cHbRxFBvH7/4l79H+5T473ecNwkx9uza9RYnTquxZtPf8f6nP2HHgaVoXNjNRzvWsOPwZnYf28YhjX1sE+dbj3xEUmkkIanO2Hlp8OHWn7H5kx+wb/ePOLTn+/zyJ9/hwIEfcuD4b9l+fDVb1Hdx1sUT98IufKrvYpl3C9uyx9iUPsC57DZuxZexTu0msPISJtH1+FZew7HgEnYF17EuuMPF/NviMTewzL2KdfY0Tlm9OMSlUdrTQvNEO5U9BbQM5dEzmbfgZ61QKBQKhUKh+HZZ6I9Ciq9ODsCvhNA0Tv7/QQRWArDy9af2pQRghUKhUCi+2NdbAtrqAIm2h0hzOka222nyvDUp8NWmPsaS9hQ3qiPsyPE0ptDPiiI/Wwq8zSgPEILMKRWqo+2piHEgL8SS4khHSiKdKY10FTwoDfekJNyd0hgvimM9KY4Tl+O8KI33pjTOl5JYiZ+4HEhZfDDlCSFUJIaJYyhlCbOXg6lMCKQq3pdq8diaOA9qYpypjXGkLtqB6kgbKsMsyPHSJMP9NCnOJ0h2OEaawwmyHaVp26OUOB6Ql49N0fodEQe/T8ie7xJ46OeUuR6nWvy8NTMBtsZPjypfXYrdzlHkpkOZtz7V4mesCbakMtBCfC97kp21CTY9TITFcWJtThNtfZJIi6PyNHCExSHCpRBsdVjcdpwEIcn6mByAU8V5mu1xOQBn2Z8g1+k0BS7qFLtrUOalpVoOWtoTOEBfFYGDjWgJNaEtzIyOcHN5C"
36551 [Forwarding screenshot on session b1310904-d161-49ca-a1a6-530fba7baea8 to remote] DEBUG org.apache.http.wire  - http-outgoing-101 << "liKv5K+KEsGoq3pFwbiHeiLd5QngfsSnOhPclUt75zqy6AUeVP8Zf0pgSqp/gyLy1L0nU8KwIPJPp9DCsVSBP6y5kffV70ZgFWkAKx63EuqiWFpmliKwLMh2FUVgOUIvHDo/TxjiS6MystKS0enLwzAYzGCeH9VS0Crpn9VLorrpCD85QLw/AnguQDsqyEHYDkCzwvALZ6n5QA8G4FVAfgwdc5SBJ4JwC5/SADeQ5XDrleC73yvx9+vFIDnRd+vGoDzxb+TEin+zgVgk/fINNokk5Z+TtFbK08AS9IurCPbeKP4d/kDOQLnmb1LjskGOQK/jL/r5uLvbABOn5kEVsXflwFYmjKWAvBs/J0fgKNmAnDEuUWEnVMF4LBzSwgRgrVexl85AKsvI1Ca/D0zG38X4XNqMV5yAF6Eu+B2fBGuR2fj76K5AOxw+B3sDr4jx9/ZACzFX4sDUvxdhqlgckBNDsCGcvxdyYW9LwOwNP0rTfZq7t6Ixu5NaOx5T/gAjb3iuE9c95qFfgcsZI1DBh97VrE/YIyDPjfY53iT/TbTnHEaxMC3GX33WI4Z6nBAcysntT/GyPQQAb5WOF005+NNH3Ne3wIjaytWffgbFq35G9TW/xXL1nyXX/zm79j4wXp27D/Kp0fO8v5xTdSOaLDirAW7XDM5FTXEwaBBjoQMyFO+5xKvcy7pDmdj73Aq+hanY26hnniLM4lXUE+YFOfjqMePoRE/iXb8Vc6L27STb6OVc1dmkP0AnajLnHTuYvXecE6ZFGDlU4OuXRwmLiF8eOAQJy9osXnvR+za9xHBgU5EhHjw9q9/zEVTbXx9zdi247ccPP4OR06/wzGNJRhZbWP/qdVcuHiYc6ZH0bVUZ+/pLazbupT396xgv+aHJBX5oWu1j0Pq61A/twn9C++yb/eP+WDj/2bVsv/CgQM/5aPtP2blR7/gvcNb0XL3w69sgIjWp/jUPcWp/CZu5VfxKh8joeM6MfVDxDUN4ZZZQ1jNMJ4lIzgXT2NXeA3r/Ksy24LLOBZN41XYR2pdMw0DbXROtNI2XE59ZxrF1UELftYKhUKhUCgUim+Xhf4opPjq3gzAM3H0OydJky/PBOEvmhBOO/nq7XOPXfjxJ9Ok65twe0dcnv9c8vO8+VjV/SUzj5l7rvn3nRd1572eucc2ufHO3ONmKAFY+foT+lICsEKhUCgUX+xrBeB4a9XSz6lOx0l3PkW662nhDLcmynnxoIfn93p5eqWTO23FVEW4ketpTG2kFQ2xtpSFmVEQYkZJtC2lsU4Ux7lQEucuB97yeD9BCrv+gi/lCb5UJPpRmRQgq0oOoiwhQNwWKG4LokKKvUJlYihVKRFUp0ZRkyakRgrh1CaHUCseV5fsS228B9WxztQKNbGO1ETZ0RTvSLl4LVnu50m2UyfF7ixZjprkOpyh3O0sde4nqbTZSb7hBnIvrCTH7CNqfTQp91Cnxl+HKh9tqvx0qQ0wFJcNKRbPU+CqTYm3gRyAG8LtqAi+SH2MI2XiGGd9ihDjg8SKY4zVSeJsxNHmBJFWx2QxtqfkJbSTrI/PC8AnyLQ7KQfgbIeT4rWdosDlDMXy1LEWFV5acoSu9b9AQ5AhTSHGtIaavhKAe6Is5fA7GGPDoPgMBuLt6I1zUIlXBeABaTlmaalnKe6mBsgGUoMYTAtmMD1QDsDyxO+8+Dv/8pt8vrJhadJ4AQvFX8nLx70kLUE9muwpeDAmcxfcmEiakezylUgBWLWv8OsBeGZp6DjbuQg8Lt5fyZi8DLT1TPy1lOPvFwXg7kCVVyOwNAV8TpiNwC8DcJuPOq1e6vMisGoKWCItA90wE4Cl8CtRTQT/8QLwQvG33HYbpdZbFvR6CJ4fgT8vAH8eafJ3dvp3NgBLsozfnSNH4AuqZaCTdFaSdmENuabviseL+5tsIttYFYBfxt+1cviVyEtAG62UvYy/s5O/Uvxd+cr0b4KOGnE6yz83AIdqLSZESwrAS+YCcID6opn4uxT/eQFYFX8Xy+QAfEwKwFL4VUVg58Mz07+CtPev9cF3sD6wmItz8XcJZvuXYSoY71+O4T41efr3wt4VcvyVSMs/a+1eg+auNWjs2sDZmQCsufdDNPe9j8Z+cXn/xlcs9DtgIZrJ19jn38sWhwZ2O7dwwrsdDd9GLviVYx6UhWdCBo4hfpy+cJxT2vtQ19yNptZ+rC10eW/Tct5e9m8cObuV5Ru/zzsr/jdLVv3fLFL736x/72ccPLGNvceO8s7Gzfxk9Q4W7zLkQ70Ijno2ci7qEprChfgRDBMG0E8cQy/hEtqxV9GIvYFG/E3OJkuucTblkjCFpnAu5TI6Kde4kHKb8+n3OJB4lZM5j9DLB7Psz7BJeYSuRw9uscP4JLSSUtmDfVAYuzWOsXrzOv72R3/LP/3r93n//XeJiQjl8JFtaOvuZueBdzC8+DHrPvkLth/+AR/t+weOiH8udhx7m33qazljtANty0Ps03wXtU9/zFHDdzHzPEhGqRdBsWZctD+IntGnHNz/Oz56/3ss+t1/5Ve/+g7HxD8jW/b+hk8Pr0fbwRj/vGJiG8cJqbuFV+lVfMrHCawawDO3koSmFsKK8/HNSMYnK4uw8jp8i9vwLB3CrewKrhW3ca26g1vlLTyqruJbOUZux2XSqlrJqqsnt66CoIRgjB0MFvysFQqFQqFQKBTfLgv9UUjx1X2pAPzK7aoo+45bk+qyHFbfwa1p9nbV4+dH3rn7zt5/Jvq+PoU7uxz1q9F29nW8GYxffZ2zl1+9j2wm/r4MyW9+799HCcDK1zf9pQRghUKhUCi+2NebAJb2+bU/QbLjCVKcTpEk7f/rcIKR0hCeXKqDJ8NwfwjuiuPDCS535FETdZF8/wuURVlSHGVNXrg1BXHOZEY6kh3tTk6cD/nxARQkBFEolCYGyMoSAylPChKChRAqk8OoSo2gOi2KuoxYGrITaMpJokGoz54VT0NWLPWZ0dSnhVOXEkRtkh91ST7UJXhTHedGhfi+1ZEONMS40BjrTnW4E/meZqTa6pBpo0WB4zkqXLWodDlNjdNReY/VOq8z1AXoUup+lhp/Xcq9tKn2u0C1vz51wSbUBplS4WtIsZc+ZT7GVAVaUBtmRX2kLY0x9tSEW5HtoUv0xeNEW54g2uokMbanZdFClM1p4qxPygE42Ua8t7YnSbU7SfqMDIeTZAk5jqfIlyKwuwalnuI1+p6XQ3RNgCoCN4ea0BJmqloGeiYC90Zb0R9rw0CcLf0yO/oTnBiU4m+iK/2J7oIUgX1mIrCfHIGlADw0LwCPpPnL/hQC8PDM9/niACz54wTgsXinl/FXGBcmxfs4EWsrUwVg6WjHWPT8fYBVy0D/vgD8agTWEbTlAKyKwBq0+6mWgZangL3mR+BTtMwPwLNTwLMB2PWPH4Bfj79fFIAlvy8C/6EBeH4EliaBJVIETjfYIC8BnaC9Ug7B0vLQWSYbZ4hzU+nyejKN1wlrZRlGa2RyADZ8GYBT9Ve+EYBnp3+lABwrBWCdpao9f7UXqwKw1mI5/kp7/0oBWI6/Z5cQoL54xlLZ7NLPs9O/HicXy9yPL8H1+GJcji3C+eg7OB2RLMLx0CLsZ5Z/luKv1UwANt+/RA7Aqvi7VFiGwT41LuydDcCr0N2z6pUAfHbXBtR3bZSXgD679wM09kkTwO++YaHfAQvZYt/JVscWDng0ctS7jF224Ww1cuC0syvOCdFY+Dpi7++EpasFZrb6GFqcw9BUk8hoXyysNPnd0n9g1YYfsGT1X/DBlh/w9pL/wk9++R227fkdW/as43s//SF/9aNf8cu1+/lU05ddJunsuljG2YARrDLuoOFXwXGXDPbYpLPfqYQzQb3oJl7FIPM+epn30Ey7hkb6FTTTp9HKuIROxhV0M66jl3YbHXEf7TLQKIYTCbfQT72NZ+Ej/PMuE17Qj2t0JtvVT7Pow9X8Ys1v+Luf/wPf//k/88G2rezaK3431Dfj42/D7oPLee/Tf+K07hL2nf4RS9/7vzig8VM2H/qhHIDVPvghah/+lJWb/40Nu37Oyi3fQ9tuE7r2H2BosxNb5xPsP6zGilV/z"
36551 [Forwarding screenshot on session b1310904-d161-49ca-a1a6-530fba7baea8 to remote] DEBUG org.apache.http.wire  - http-outgoing-101 << "09+8v9iw8bvs2z5X/Cr3/0ZZ7Q38LF4L97btxoNGz1ck5Pxyq7COa0F54xWousGSWjswDM5Af/0SBzF7zT7IBtiS1KILsvHN68c3+Iu/KuvENT8iKDWZ/g1P8Sr7ibeldOkdIjrCgeILO8nrroXh+g0tJ29FvysFQqFQqFQKBTfLgv9UUjx1b0RgGdi6SvR9jVyPJ2NrG9M7c73+gTva155rHTfk7jNe+5XIu0Cofn15/+8qCv/jK9FYSUAK19/al9KAFYoFAqF4ot9rQCcaH9KOE2i42mSnE6T4qJOsutZ4p3UqYixY7Qpg6dXOuDBGNwbhds9XG5MJMv3Auk+huSE2ZAb5Ux+og95SYHkp4ZTnBlLeW4KVQUZ1AiNhelCGg0FqTTmp1EvS6UmO4lqoSY7hdqcVGpzU6kTGvLTaSrMoKkgk2Zx3pifQmNuIg3ZsdSlR1CfHkZDRoisLjWA6gQv6uI8aYj1pDFWnEd5UhPuRlWwM4Ue5uS7GJDvpE2hkwblLhpUe2hS5X2OKn9dSsV5dYAeFb7naQozp8pPX1xvSEOIBY2hF6kKNKPM11ieBK4LNqc+1ILmKFva4hypi7Cm2M+YFEdNeTnoSKuTRNuqE2uvQZTtGWKsxXtrfYIkm5Mk254ixe4UaXanSRfvd4bDaTLFe5/lcIocpzMUumpQIl5Lube2HIGr/fWoDzKQp4ClACwtBd0uTQLPTAH3zQTggTg7BuLtGUx0YijJZSYCu8kBeCDJS7XPrxRX5UngQIbThHnxVyYtCz0TgT+f71fwZuD9fWYfq9oTWFoq2oexFG/BS/BkXOYhuDOZPCPF9SsZl8PvrJkAHKuKvxPxjnIAnh+BJWPi34GRKCuGxPs+GGEhmAtmDIZLTOkPM6I3xICe4At0B+vRHXSBLin+zuiUAnDAeToCtOnwP0e7FID9NWnzP0ub31nafcXR++y8CHxqjhSAG2cCsBR+Z/0xA/BC8bfMZuvn+rwIPD8Evx6A880+XJAcfD9Hlul7ZBq/S6aJSqrBepJ018gBOPG8FHLXkmm0QdxH2i9Yir5S/FUF4Ln4a7iaVMMVwkrx+FWkGKwkRX8lyULShRUk6a0gUXclCedXEC9N/2ovJ1Z72WsBeMlcAA7RXEKwECTMBmD/M4tUk7+C7+klryz97HFisbAENzkAL8Hl2GKcji6aib/vYC/YCTby9O8iLgoW+xdjtl+Kv6rwayQY7lvGhX3LZ+Lvipn4uwrtvas5t2ctGrvXor57A2d2STaivuc94V3U924SxOV5FvodsBDNkDvsc+nkiHsF1pmNRDQ1EFSVhG2iLYb+Wpj7a2PofBZHf3N0TM+ipX+Gs7qnsXW1QtfgJHsPrOKjT37CyjV/yYef/gMfb/0emz75R3YcWMxvV/6I//aX/4O/+cmvWPLxcbZpe3DGKR/D0E7UvVr54HwsP95whJ9uPMAvPtJkyX473teLZ79rLWfCh9FMvMy51CtopV9GK/My2llX0Mm6hm7mDfQybnE+6x46+aBbJH6OpGlsC6bxKOjCNjoNTbuLfHRsM29/+Gt2aH2K2rZl7NDYjZalCectbThz3hJDC1tcPE3EcQebNv8Daz/8X+hbifdf8Azdh73Pfkwc9rPj2BpWffgrfrP6H1n96Y/YtOeHaIj7bD/9I1JybHH11GDzp7/lvff/jU3v/5xPt/+O3y7+K365+C9xDdTlkPZHvLd/DafMNfBNSyKptoWM1nHyu6bxSs7AMyECc3czrL0u4BakT0iCDQX1SXgn+BOUV4h/USv+5VP41d7Ft+ExPo0P8ay/jUf1HXxrXuBcdA+/mscENzzAIW8Ix7z+BT9rhUKhUCgUCsW3y0J/FFJ8dbNTt/O9EX9novAr95uLp6oIO3v967H3led/fTJ3fsCVYrB0+7ypX+mxc69Fuv1z4u7sfRaOugtMIQtKAFa+/tS+lACsUCgUCsUX+1oBOMlRnQSHM8TZnybe8RSJzmdIcj1Lutd5MrwvkOFjREGoHY0ZwUw2ZHOtvZC+wghyAi6S6mtBUbwPdflJtFTmM9DeyFBPO2OD/VwaH+fq9BQ3Lk1x98o0dy5Pcnt6nNtT49ycHOPGxChXR4aYGuxjrKeLgbYWuhrraK+porm8iOaSXCGP5uIcmgszaZTicUEyjfmJ1OfEUpcVRW1mODXpoVQnB1Cf5EujJNGXpgR/muL9aY4Xl2O8qAq2p9jLhGJPQ8q8DSj11qXc+zw1gfpU+umJowFV/hdoi7aW429toCnV/sbUBpnREG5NkzT1G2YpHnOBSh99GoJN6YixpzPBmdZYR6rFfbI9LxArRV/bs8Q5aBFpc5Zoa/Ge2pwm0fY0SUKy3WlS7NVJF+93hnjfM+zFUYrATmfIc9Wk2ENLngKWIrAUgOuCDGicCcDSJHCrOErLQXdHWdIzMwU8nOjIcJITQ+I4kODIYJILwykeDCZ7yBG4P1GKwNIksP9MBBakyJrmz1hGoEw6l657M/r+4RaKvF/klQCc6iNI8fePH4DH41VmA/DYvAA8FW8/F4AnY1QBeDTalqEoKwYjLzIQYUF/uJlgKs7NBFP6wozoCTGgO/gCXcF6dEkBWOiU4q/QEaBLR+B52gO0hXOyNn9NWv3PqkiTwN7zI/DpuQDc5H7sjQDc4Hb4GwnAXyb+Sl6fBP5DA3CeIAXgbPOFfEim6XukG28iw+Rdsszel8+lCCxNAsdqLidRZ5W8PLQUgaV9fDONVRPAGUaqACzFX0mK4QphJckGKkn6K4SVJF5YIUvQXUn8+RXESdO/XyYAayyV4+/LACxZip/gfXox3vOnf08sEZbiJo6qALwEx2OLcTwiHFokx19baf9fwVIOwDPTv/uXYiIH4OUY7ZMCsCr+SnT3qsnxV2fPKs7tXY3W3rVo7F0nB+DTuyQbhXc5vVvYI873iOvmWeh3wEL22HZwxLUNvfAmbFIrsUyI5ryvGerid8Q5x6NsO7ORJe/+nFUfL+Vff/uvrHh3NTsO78fRxwNbFxu2fLoCrbMfsX/vWyxe+mfsO/pr9h17m9Xv/4TfrvoxP1v6a360ZClLNu9hx3kbjliHsccsXI69f/XOLn66diurdxxll44DJ23iUPcsQTusA7Osa9hVPpcnfqXwq51zmfN5V9HNvY5e7k0uZN8S7nEo4hIXch9iVXCVsOZrmIUn8sGJw/x0xS/4+1/9Nf/8u++zevtatp09iJa9NR6xSYRmlnBIx4Kj2roYW5xFz2gLx88uxSPgAF7Bu0nJv0BonCYXHfeibbyb4xo7+GDbGlZs+hXrN/8bH+75V47qv8XWIz/A+OJWtHU289HHv+aDj3/LTvE5bdm1kiXr/pXVH/2ao7pb+PTYerad+ggjTxNiizLJqK0jMKMA28AIjJ1t0TbTwMzuDD7B58ktdqa+NZTm7hTcQmyJKykiuKgFr4IRXKS9f0tu4lJxF8+6e3g3PsWh5AnO5Z/hUYM43sem8DJu1TcX/KwVCoVCoVAoFN8uC/1RSPHVyYH2C0KoHEpfC7sLx9M/JAS/jLPS7arHSNdJk76q2+ae52sG4NdfjxKAla8/tS8lACsUCoVC8cW+5gTwWeLtzhBrd4o4h5MkOJ0m0UWdNE9t0rz0SPXSJ8PHhJwAS/KD7SgMdaIwzJWKuADaCtIYaapmsrub8d5+RvtGGBmYYGz4EuMjl4UrwiWmJq5w/cpN7ty8y71b97gr3Lt9jwd3HvDg3kMe3X/MY+Gh8OjuA+5fv8aNsUHGOlvpa6ims6qE1rJ8Gouz5MnglpIMmovTqMtLoCo7huqMcBozQmhMC6Ax1Z+W1EBaUgJpSvKjVWhO8KQ+xpnKMCuKAozJ89aj0FuXMj9dyv30qfA3oDLAUJCWejahJtiM+mBzeQq4IcSSpjBrwZIWoUG6XYrEASY0R1jTHu9Mc6wTLYmulARfJMHhHDF2GuL91CJOisE2Z2TJDhqkOZ+Tp4WTxfud6qhOupDpdJZsF01y3c6R76ZFqZc25T46VPnrURuoL0dgyexy0K3hZnRIS0FHWcr7/w4nOqgkOTGS7CK4MpjkJrgLs1PAqkng2cg7u7TzXKydmQSev"
36551 [Forwarding screenshot on session b1310904-d161-49ca-a1a6-530fba7baea8 to remote] DEBUG org.apache.http.wire  - http-outgoing-101 << "fy62dtfJ902+1yvW2j5Z8lC8VfyhwTgqVS3BS0UfyUT4jOaSJghPrfxOEeVWAcmYu3l6DufFIClJaBHYmwYjraSjURbisvivZ8XgCW9oQb0hOrTHfzSXAgOkiKwzlcOwM0ex2mWIrA0Cex+RI6/X3cC+PU9f1+/PBuCP8/rMXh2Enh+DP59ITjPVLXcs7TEsxR6M6V9f83enwvA0vks6XYpAkvSjd8lxWAjCbpridNZTfz5VSTrrxPXbyDVcB1pRuLcRCXNeC2pRmu+MAAn6Km9EoAlMdrLiTq3lEjtpXL8DddcKi/9rLKcEM1lBGksFZYTeHaZvPSzjzT5e3op3qeW4iWOnqeW4HlyGR4nl+IuuJ1YhsuJpTgdVwVgh6OLsT8sBeDFc8s/S/F3fgCWln42kvf+Ve3/qy/t/7t/5VwA1t6zEq09q9Dauw7Nfes5u3cTZ/Zs4uSuDZzYsVEOwOr73uP4jnWyU7s3yhb6HbAQq+Rp9MO60PQqQ9e3AMuIXGzDUzD19EPbygoDO2uOnTvLx3t28evly1m24T0Wr/8QO+8QzGxcOHbgAOZ6p7GzOiEvffzpzp+x/qMf8g8//jN+/M4P+eHbP+efFv+Wxds/YuPJQ/zrpo38l5/8kj//7Rp+8eFeln+8jS2HT3DK2BE9t0T0A0rRC29BL26QC2nT6GVfQTf3KnoF19EtvIF+4W0MCu5gmHcXo9z7mOY9waHkMVap/bhlNbFFXYfv//bX/KvwwY5drPtkL++s380FuyiM3dMw9UnDITKXX767lRNGhphYnWf3nuXk5LmRU2BHbpENzl4H8Q7UZN27P2WZ2q9Yv2E1v/z1L/jd4l/x1rIfsnjt3/Lezn9k19GfYGC8meAgExzFf+8/3ryEjR+8g9qG37Bo/c9Z/sFvWbtjGadMDuGZ4EJieQLJFZmEpCdi6eHNaX19jG2MOKO1i9Bw8fsq15aGendq61wpr/InKMaR5LISIkva8S8ex63oOk4ld3GpeIB7rTQF/BifuueEt0Ng41M8Kq/jXXsFn/orC37WCoVCoVAoFIpvl4X+KKT46n5fAJ4fWGd9cTxdeOJ21uuPlS+fPMnJecs7y99TXPdy/1/hD14CeuHXowRg5etP7UsJwAqFQqFQfLGvtwew3RnibU8Sa3ucWLsTJEh7ADufJslFnSRXDVLcdUj3NiDbz5yCYBvyg50ojQ6ivSCbkYZ6xtq7GO4YYKB9mP7OSfp7LjHYd4XhwWuMDF5nZEgch68wMnqZsbGrTE5c58qVu9y6/Ui8+Ifi+JD795/y8OELHj4WHj7l2cNHfPbgLs/v3eHJrevcuzzJlaFeRjua6GmopKWigLqiTGoK06gtSqehKIXmwliacsNpygqlJTuMNklmCK0ZQbSl+dOU7EVdvAuV0baUhl2kJMiY0gADyv0NqJDib6AR1cGmcvydH4AbQ6UAbCUH4FYpAovLzVIUlo5SGA63pTvJk1bx3K2JbtRFOZLuqkeCvSaJDufkY4K9BolCkoN4Px21SHXSIs1RU5bhpEGWiyY5bufIcz9HoYcmJdIUsBSB/XTlSWBJY4iR+H6mcgBum4nAvTHWLyNwkiMjSc5yBB5OdGVIjsB/pACcKt0e8IZhcf1QivR8b1oo/koWir+SVwKwtAR06u9fAnqh+CtZKP5KFgrAE5LXAvDUDOlcWgJ6LMaGUZm1HICHo6SloM0YkCaBw43lZaD7Qg3pDdWnJ1hFjsCzy0EH6dIZqENHwDnZ3BLQwuwS0PMD8GwElgOwIE8CzwvA0l7A8wPw74/Abwbg2ej7HxWAJfIev6aS98k2e58c8w9k0rlMCsPy7e/Jy0BnGL9LquEmki6sJ1FvnbBGnK8lxWD9TABeT5qxFH+lcykAS0tAS0s/r5CXf5aWfk7WXyEfE/Wk6V81efnn2SWgJS8D8DIitJbOBOBlM6QAvJwgjWVz8VcVgFW8Ba/Ty/A8tVQOwO4zXKUAfFwKwEvnBeDFcgC2ObQIq4OqAGwhSPFXNf2rmvyV6O9Xk+Ov3v4V6O5TQ0eOvyvR3LMKjT1r5AlgKQCr731XjrzHtm/ghDQJvOddTuzcwHHh5O5NwpcPwOqu9Vzwa8YspAnL0CocQgtwj8rAOyoW74hA9K30cA1wwNLFHP2LBmheMGDlpo8JisnA3MYLWytH9m37FEcbbY4dXc/u3W/z8eaf8+u3/57fLP0pSzao8aOlv+O7b/2Sv/jtL/hbNTXe2n2I9eomrD56gd3nzNh//iLHzX0x9M/DOXMA7/I7OJbexTT3BgY5Qt5NDApvYlR8G9Pie5gVCQX3MM+7i2XufezzbmGe0IFvQQ/btCz4p0Vr+M3aj9EwcePYeU9O6YdiH1RLTtNDfFJb2Gfgwlub93D64kXOXDiDp99FiiuicPHSwNRqJ97i3109452899HvWLLsl6xbv4of/uifWbzsbd5Z8i+8s/zvWLXxrzih/g7HxGdtYbEH9bMf8uOf/Tm//t33+Pk730Pt3d/w/q6VrP70t5h7nSOlPBz/JBfUTY9zSGsf2uY6WLtdREPnADt3LicizJDEOCP8vA9jYvQeltb7cfY2JaWoiPiyDiKrrxBW/5jAxhd4132Ga+0zXCof4lZ2lwBxvXvZNVxLpwlquY1vw9UFP2uFQqFQKBQKxbfLQn8UUnx1XyYAv3L77HLQM9dJIfXVuDovykr3fe255eebvxS0vA/wa99joetmQu78x8oRd14k/tyoKz/f6zH59ef/YkoAVr6+6S8lACsUCoVC8cW+VgCOtzlJnPVxYq2PEmdzlAT7oyQ6HifJ+QRJLmdIcdci3VOPbD8j8gLMyQ91oTYtgeH6OiY7uxlq7aW/bZjBril626fp67rCYN91hgek+Hud0eFrjI1eY2LiBpNTt5iavCmON5ievsm1q/e4fuMeN2894M6dR9y594h7wuP7D3h+/x4vHtzjs4cP4NF9+fzp/Ts8unWdm1NjTA31MNTVTFtdOTVFGTSVptBUnEhLUQJtRfG050XTmhVKm9CeHUxbZgDN6T40pHhQl+hCdbQNVWHmVASbUB5kTGWQCdUhZtSEmlMbMht/L8rhtzncipYIa9oibGmPtBcc5GNLuK24jw21wVZ0J3nQk+JFe4Ib7YnulAVdJMVJh3h7LXkqONlJm1RnlRQnVQSWpDtrkSFkuWqT4y5F4LMUemhQ6nWOMm9teW9iaU/g+mBD8b3mLQcdbibvBywtAz04E4FHEh0FJ4alZaCTpAismgIelJeB9uL3BeDPlRogBL5hOCXgc4jHLBB5JaOp/gt6NQCrzAbg8VQvJmSeggeT4jOcSvnqAXgyUUhQmQ3Ak7ESB6aE2fg7LR3FPx8TwliUNAVsKy8NPS5F4ChLhiPMZUMRpgyGGzMQZkR/qKFgQG+w/pyeoAt0B+oJunQF6NDpf07W4adJu7T/78wewO0+GvMisCoAqyLwiTcC8PwIPD8Evx6EX43Ce4TdcgB+PQL/RwbgHNP35UngzyPdLpFCsTwtbPweaUbvyqQQnKy/QQ7AUgiejcAvrSVF2gNYX9r/d4V8TLmwQpast4IkXTUSzy8XVpCgoyaL115OjPYyVQA+t5wIrWUzAXj53PRvsByAX07/Sks/+5xehveZZfL0r9ep5arp31NS/F0ucxGXnY8vw+nYUhyOLcH+6BLsjizB9vBsAJamf5diIZjum9n7V176WQ0DQdr/V2+fFH9XcF5c1t4rBeAVaO5eifquVZzZvQbVfr+qAHxk+3qO7tjA8V2bZCd2vyuTzhf6HbAQY/cJLH1H8E4cxim8hDMmFnx86H12nljOIc23cQ/eg5H1BnTEe33eYDOfbl3Jb377C+xs3HF29sfM0oZPt33E2TN70T+/BxuTg1jo7eRnP/wzVi7/Nz7a8gF/+U//zD+8vYp/VPuU9zVdWXvWk2OupeywSOeIaw6nvIvQi2zGKmsCx+Jb2BXfxTz3NsZZN+XQK7EouMvFwntYFtzBpvAutuKy5GL2DVzKHuJRfhvzxG6OOKaywyiQo9ZRXPDJJii/H+eEBtwS64kpH8LQK5HvLXmPbedM0LJ34YjheeJLUsmqS"
36551 [Forwarding screenshot on session b1310904-d161-49ca-a1a6-530fba7baea8 to remote] DEBUG org.apache.http.wire  - http-outgoing-101 << "cPS/QIWTqc5e2Ermnrb2H9iE2vff4tl637Fh1vXsGr9r/jVW99l/YZ/5dc//2+YGn+As9seDp/4DUYWm9my89d893vfYdOHv2DNuz9jw4c/x9FbC2c/DazEv9s65lsJTbLg8Ln32HFsNR/vWsSipf/IoYNr0DjzAZs/+gWr1P6Bt9/6G/7tF9/ln3/yPQ6c1cAzPpfI8mH8SqYJaXiKTz3Ylz/DuwV8Gz/Dr/GZvDewb8NDmU/DvQU/a4VCoVAoFArFt8tCfxRSfHW/LwDPhVcpmM5E07T5oXU2ps7zMgi/9ljJG99LFYwXishvThG//nzzoq7wRVO9qlj88jW88jN8CUoAVr6+6S8lACsUCoVC8cW+XgC2PiaLszoiHCTB7jBJDkdJczlJuvsZMjw1yPLSJstbjywfQ3KCHanJSmK0rZHJnj76W3roaRmUp3972ifp7Zqmv3eaob7LjAxcZmxgikvjV5gevczk8DRTw1Ncm77OvZv3eHD7Pvdv3RPu8vDOPZ49fsRnz5/Dixfw7BmfPXrEs/v3eXrvLi/uP+CzJw/57Km4j3R88oBnD+9y6+o0owNdtNQW0VSRQ2NJOi0lqXSUpNBdlER7TrQQQWt2KC1ZwTRl+NOY7ktTsjuNcQ7URtlQGXqRimBzqkMsqBHqQy1fib+tEda0htvSEeVEuyT6pY4YZ1ojHagJsKAt2oHBDB864l3oSnSXp4GzfExJdNYl0UmbFBddkp3PkyTFX2dteUloSbqLNplu58l205EDcIGHBsXe5+QpYCkAS6RpYGlJ6IYQI5pm9gXuirakL8aKQWE4zo7hBAfBUXBmOFGaBFZNAat4MZzsI4fVP1YAliwcgMX9F4i/koXir+TzA7D3GwF4Sg7Awmvhd9aC8VcyE4Cn412ZinOW4+/UHAcuxdrNxd+XAdjmjQA8FG42E4HNGIowmYnAf2AAlvhozIvAZ14JwC0eMxHY49VloGfNhmCVV0Pw6wG42vHlPsB/CgF4oej7uvkROEtIN/lA+FA+psxMA8frriXJYB3JhmtfZTATgPXV5sVftVcC8Pz4Kwfgc9IE8PJ5AVgVf+UArKFG8Fz8VQVg37kAvFwVf08vl+Ovxyk13MRlV8HlxHKcTizD8bgUgJdhf3SpKgAfWor1wSVYHlTFX4nJvqUz8XfZTPwV9q5QBeD9K9DZu1yOvxKN3Ss5vXMlp+QIvEGOv8d3rpcDsOTYTnF5JgDPxuCFfgcsxClsFNugTjxjm7ALTGCP+lE27FiEge1WMissSM7TwdFrMys2/DmrN/wjH3zwNt/97v+XHdt2k5SUg2dgCNv37sXY+Dw7P12HseZejmxdyZYNb/G7X/0Tb7/zG3789lJWbT/D29vOs88qmd1WOZwL6eaASxUGiSMYpo1inn0Vy8JbcuA1zxfy7srh92LBfZmlOJ8Nv/aFd3AU95OOltnXcCi6i3PpPWxzr2Cc2I9xfCd2GUP4lEzgnt1LZM0UCU3TmIZk8s6nJ/jfP1/OByf0sYlIJii/GLOgAFKqi7H2tefE+YPi9f4dv13+Q5Zs+Bln9PezdvNi3lr5Y36z7J9Z/+4v+XTL2/zyZ/+ddzf8PRrinymPwMPYu+9H4/wmdu1bzNGTG/nlb/8PB4+uJCjSgMDI81jYb+e4+GfLQPx7s/L9v+dXy/6cn/zmv7F89d+ya9fvOHp0Fdran6CnuwMDg0Oc1drHOQN1LJwdsfEPwy+7mrjGy0S2PiCg+QleTZ/hWv8c3+YX+DWJoxSBZ/g0PF3ws1YoFAqFQqFQfLss9EchheKbogRg5eub/lICsEKhUCgUX+zr7QFsJQXgI8RbHSLe5iCJdgdJdjxMuutxMtxPk+WhTpanJtme2mR66pDia0FBYhi9jdVM9vcx1N1PV0svnS2DdLaN0NUxQk/XCH3dQwx0D4jb+xho6WCss4/J3gFGO3rEY5tor6mhrbqatqoKOmqq6G2qZ7S7lUuDfdycnuTB7Ts8e/yYz549V8XgJ094Li4/ffiQJw8fiNse8OKZuO7pI54+us/dW1e4NDZAf1s9ndXFdJTl0lWcQWd+Ml358XTkxtCWHUFTZggN6UE0p/nQluJBc4Iz9dF21EZYUxduRV2YJfUzSz7PTf5G2tAWYUdHtAvtMzpjXOmOd6M30YOOGCdxmyOtkXbi/rZ0xTkykOxJX2YAjUleFARZkeqmT5KTjizFWYdUl5cBWJLhqiNPAed5aFAo3u/5AbjST5cKcS4tBS1H4Jn9gDsiLeiJvshAtCVDsTYMxdvPROCXAXhoNgAn/v4APJoesKCRtDfD7++zUOSVjKUFLGhEfi1vBuDxVG8m0ryZlHkJnkynqiwUfyULxt9kIdGVqc8JwNPiM5sfgCejrGXj0dIEsBSBbRiLtpYD8Ih43yXDkfMDsJEcgf+QANzhKy7PReAzc1q9Tr6cAp4JwI1uLyeB58fgV0OwajL4ZQTeI86lCLzrlQg8PwT/RwTgPHNxPmN+9H398mwEzhLnmaYfk2H6kRyAU43eJdlgI0n6G0jUlyLwy/ibZLBGXDcz9TsTgFXxV21e/F32SvyNkwOwNAG8cAAOPrucIGE2APufWYqvvP/vmwHYfV4Adp4LwMveCMBWh14GYDNxNNq3BMN9S+UALE3+XtirJu/7K+/9u08NHXGdavpXDfXdKzi1SxWAT+xcy/Gd6zi6Y93cBPDRmQAshWDp8rGvEIAtwxMxC4nEOCAAU38vLHyc8YrxwTnIFh2zE+hfPM2RM1vZeeBDLpho8sHHm/jd0nc4raGJoZk1J84a8P7Hu7GytOOtX/4bW95bzbqlv2Tp2z9h6dLfsnTtGnae0eaYuSdqh4w445WFaUIr7kWXMIzvxKHwEo4l13Equ4NdyU2sC25gkX+Di4V3sCp+MMem+CF2xfexL7qPQ/E9HGc4lz3GqfTRzHV3cCm5hUf5TXwqb+JffQ2/skmiGq/hmNbIisOG/PU7H7LigDYnbALwz2sgrXWck9beRBfXEplTgJ61OX/9z99l/ea1rPt0Ndrmmmw7vpXVn65C7b13+HjHSlav/xmrVv6Ajz/+Kas3/QMWDnuISbHGzUebspooTqh/wNIV/8jmbb/GwnaPeN8+ZO17f80Pfvod/uXn3+H//N135PNfL/lffLL9J0TGXCAl/SKePqc4d/5dAkMNCY64SECUI2YuRuzSOIamoxPBFY1ENI8R0XWTuFEI7HyCf8sTApqfzfFveipb6LNWKBQKhUKhUHy7LPRHIYXim6IEYOXrm/5SArBCoVAoFF/sawXgZOujJFkfJtH6kDgeINn+ECmOKqnOx0h3PUWmuzpZHhriqEWqrxk5cf40luUw0N7ESE8vA10D9HUO0tMhiGNv9wD9Xb1CF4Od7XRX19BaUkp1ViYF8XHkREeQGysJJz8+guLkaMrT46jKTqQmJ4X6kgI6mxqZGhrmztWrPLx9m8f37snh94UUgp8KTx7x5PFDHj+6z+PH98W5uCxuf3j7FnenJ5nu7mCoroK+0jx6izPpKUyjIz+BluxoGjPCaU4NoC3Fi7ZkT1oS3WiKc6YpxoHGKDsawqW9fa1pjrChRWgT17VFOdAZ40ZHnDtdQk+8B93x4pjgTq8wkOwlrnOhJVzcP9JWPu8Qz92REUBXZiA1MU5kexuR6iLFX8l5OQSnSJPALlIA1ibTVYtct7Pki/e6yPscJb46lPmep1yKwMJsAK6bicCtYSZ0RZrTH3VRngIeirNlKEGKwI4MJzoznOQmjh6yVwOwj0w1dSsFYJWF4q/kqwdg8bgF4q9kofgr+aYD8JQcgF2YEp/LtDAV58Rk3KsBeHqBADwhLqsmf61mWAoXZyKwtAy0CUPhLyPw7w/A2nT4adHup0G7r4oUgF9GYPV5AfgULZ4nZ/YCPvYyAs94PQLPj8GvBuC9cgCucVJNAS80CfwfEYDzLT4ib5a4PUcOvh+SKwVgOQJ/KK77ULU/sLh/ljjPMvtoLgCnGb8nR2BJwgUp+K4l0WCdKv4arBbXze75q0byBVX8TZwJwAnnlxOvI1EjTls4J2gtJ/r1CeCZ+PtqAF4+F4DlvX/PLMP7t"
36551 [Forwarding screenshot on session b1310904-d161-49ca-a1a6-530fba7baea8 to remote] DEBUG org.apache.http.wire  - http-outgoing-101 << "NqrAVhcluKvHIBPSgF4OY7Hl88E4GXYHl6G9WEpAC9VBWBhfgA22LscfUFPskcVgHX2qXFuZgJYc/cK1Het5PTuVZzcuYpj21dzeNsajmyXIvAGju7aOOfwjvUcEtcf2/3lA/BPPnmHk276+BXG4pUVzUlLY3QdHLH1C8UtJJbA6HTiMko4oWnIKW0DjKzssXZ3x8TeFiffQGycQzl6yoTzOpa8v2kzJgaG+Hl58qtf/YLla9bw6dGTbNMyYLeRE0fsQ/CrGMQ0oRqT+CoCqqexzxnGoXAKp+IrOBRfw774Bg5lt7EtvYNlsTiWPZTZlT7EvvwBjmUPcCq7h0vZfZzF9V714Fr5Agdxu2PJfVzL7+FefheX4qs45U8Q2ngHj+JR3jvnxr98cJxFe/UwiyzEPauByOoRYmqvYBZSTFheB1n1Qxg6evPX//Jj1m/Zwo8X/5aNu7eyQ/0Ix4w0OWmozhGt/byz6sfsO7QB7Qs7+GD7W3y6bxnbD6zCK8AUS/uz7Nq/ig83/5qd+37HgWOL0DN5D83zK9AX/3zbuezHVfy7H51oTXahN1lFzhRWuuEXqk5EnD624t9n/zA9LB2P4xliTmZFItZBTliE+hJWWU1CxxCRHROEtF/CrWaC4PYnBLc9J6j1hfCMwJbnghKAFQqFQqFQKP4zWOiPQgrFN0UJwMrXN/2lBGCFQqFQKL7Y11sCWpr8tT5Igs0hEmwPkGR3kCT7Q6pJYIfDpDkfI9vtFDme6uR5aZDmrU+Svy1laeH0N5Yz3NnCYEcnw73SxO8Q3W39Qi+DXYOM9Awx2t3PcHMrNVlZZISFkhYWQG5cKPkJoRQkhVKSFkFldpyQQFlGLDW5KTTkZ9FUmEt/bQ3XB3q5Mz7Cnckx7l4a5+6VSV48ugPP7vP00W3hFi9ePOTZ0yc8uv+AJ/cewENx+fYd7k9PqUJwfSWdJTm0F6bSVpBES24MzenhtKUF05YSREuSL03xHjTFudIU60x9lD2NkXaCPc0RDrTISz+rlnrujHGRo29fkifd4tgR50ZnvDvdiZ70pvjSm+xDa5w7LdEutEq3p3jSl+HDcI4f3anulAebk+6mKy8LneplRIavEYkumqS6nqEsxJBsDy1yPLTJ89Qh31ubIm8dSoRyQYrAVb461PqdpyHgAs3BBrQGGdAZYkxvlAUDcar9gIfiHRhOdGJIisCJbowkeTCa7MVIijfDKV4Mitc+JBHXDYvrRtJ8GE33FfznjGTMWCAIfxmq6WLVss7zjWcEitulZaX9ZKNp/oxlSJFZmkKWloh+aTzVhwnx2ibTfZiSeQteTKdJVMtBv+TG5GwETnZhOsVVUB2nkp2ZFO/FZIITE+J9mYwXx3hHxuPtmYhzYDLWjgmZrbzss2Rcmv4VxqKtBMs3zO4DPBhuymCYKQOhJvSHGomjIf3ic+yTInDghTk9AXp0+5+Xdflp0+krOUeHxEel3VtL0GR2KegWTykAn6J5dhlo92MqHkdficHzQ/DrE8Aq+wQpAu/l5X7AKpX2u2QVdjtl5bY7ZBV2Cyu33U6ZzXZKrbdRYrWVYsstFF2U4u/nB+CFQnCeFHrFdTmyT8gx/4Rs6Vw6mn9MlrhfttnHsrlzcZSmgKUQnGH6Humyd2XJhutJEhIM15Ggv5Z4g7XiuFqeAk40WCGOaiReWEG8nhoJuiuJP69G7PmVxOmsJFZ7FTHnVsqiz60gUojQUlOFX001QjRm9/1V8Vdfhp/6cnzPLMdHkAOwtAfwqaXy/r/uJ5fidmIpruJ8bv9fefnnpTP7/y7F+vAyLA8t4+JByVLMDizDTNr7d/8SDPcuRX+PZInswkwEPr9XDW1xnL//7+ldazi1cy3HdqyV4+/h7RtUdrx2FI6I84V+Byzkpzt+LbzFOvWtWMcHYxcdj0tcPrZB+XjFNODgV0p87hCuIcUEJlbgGZ2OlrUda3ZuY/Ox4xzTsuGEugPndJywtgng0EEN1q7fzD//29v8ePEaNh3RwDmlmPMByXz/vX1s1LbkYnIxfqUtuOTW4148gFvJBC6FEzgUTOBcchWP6nu4VN3DpuQmjpUPhEczHuBS+VDmVvVI5lz1DKfK5zhWPMG16gnuNU/wqhNqH+BVfQvPyqtYpnfyy11GrD/nwmnPVByymgmtHSeq8QZhFXewje0jqugKqTVXMHWNZ9OuM/x23Scsem8z+3QNMPD0wCslkcjiLHwTQzmkfQC3IBuCY10xstXhV8t/xpoPl3P07G6s7HV5e/H30dDezP6Di9HSWYdv0HGiYrVJzTQnMcWCsGgTYsR/uyPEf4csXY7TPJBKaUMYvhH64v3cRFCMJaEJ4nbx38T4glhCsmKxjwnHIyubzP4J8qbukjx0i4ypzwjvfEJ4x3PhM8LanwkvCG1TArBCoVAoFArFfwYL/VFIofimKAFY+fqmv5QArFAoFArFF/taATjG6gAx1geIFeJsDhJve0jeB3j2mORwmFSno6S7niDD7RRpnudJ8TUnPdiRqsxohlqqmejrpr+9g+7WLoZ6RxjuG6WvfZC+1j6GOwYYaGqjKiubjMhwsqJDyEsIIzvOn4LkYApTQqjIiqG+MJWGogxay3Lprymlp7SQtrwsOotyGagt50pvG/cmh7g21M1UfxvXxvt4dOcSTx5c5e6taT57+phnjx7w+O5dHt+5x5Pbd3h66xaPr17h5sgAo821tJdm01SQRHN+Aq3ZcbRlxNKeHkWLeA2NiX40JHjSEO9GQ6wzDdHONEXOiHKlJcqFjmgnOmOc6I5TReDuRA+6kzzpSvSmK8mHzmQ/OlP9hQA6UgJoF9d1iPv1JLkxmuHDWJYfPakeVEc6kBdoTbqvBVGOOqR7XyDf/4L4LA6T5alDtqcuuV565HtdoMBbl2IvXcq8dWSVPtrU+OpQ769Lc6Aezf56tAUZ0hluSm+0tCewNYNx9gxJU8BJLowkuTOaPBuApeArjuI6VRgWxxRxW6oXY3IAlkiTwH+MAPxm/JVIsVd+/pmpY4kqAM9MIb8WgFUReOEJ4C8OwEKqM5dSnJlOdmIy0YGJpHkS7BmPt1OJs1XFX0Ga9n01AL8ZfyVzAThsXgAOMWZQisAhhvQHG8yF35cBWFfW5SdF4PN0is9R8moA1qLNW7Uf8MsAPDsFPBOBZwLw6xH49QD8agSeH4D3fG4Ano3A8y/PJ902F4CF2QCsisBfIQCbf0iO+WayLd6UZf7J55gNwO+TafoeGWYvA3CK8UYSjdYTb7iOOIO1M9aQYKAKwAn6aiTMBOB4vZXE6grnBZ3VxGivJvqcStS5VXIADjunCsAhmmpy/J0NwAGCnxyA1VQBWP1lAPY8tUQOwB4npAC8BJeTS+cCsOOxJTgI9kcXY3NkKVZyAF4uB2B5+ef9qgBsvH8phnuXYDATfyUGe5eppoD3rEBn1wrO7Vo5E4BXc3rnWnn552M7pPi7Xg69B3ds4pAwG37nW+h3wEI26R9k3bl9rNc4jkFoBHq+cbgk1WETWotzZAehWZM4hbdg4pnHIQNvfrp+C4u27uaD0ydZvXs/1u7xnNFyY/d+IxJSajG28ObP/s+/cMEugO8veQ+b+CLcC1o47ZuE2mkTVqsbs/y4Nnst7AmpaCGwcojAmkv4lE/iXDiMc/Ek3jW38K67j1PFLVyr7+Nc/QCXmocyKfC61z7Co+aRfHSqfIpzzXPcaj/Dvf4FXvXP8W58Ju+LK03EOhVPcy68ll/vN+e0Xz4+lRO4Fg0S3X6LwOrrRNXDOfcG4qsfE1d+Da+4eoLS6tm0TwuH8FTCCmtIauggq7OH7M5OPFPi0bE3Ia0sk7aRdqy9nDmho8mSdeIzMznPWZ1jvPvRYlau+SG7977N1u0/wtzyI8KjNElIMiQlzY7EVBfqGzOpbsgiIS+UxOJIfONdSSmLIbkomsKGXOIL4shvLKWsu4n6iVESahvxyasgvmWE6JYJPEp7CGy4RFTXEyK7XsyJ6HwuW+izVigUCoVCoVB8uyz0RyGF4puiBGDl65v+UgKwQqFQKBRf7OtNANsdI97+qDgeJdbuCDG2h2Wx4nKcuBzvcIxExxMkOZ8i2"
36551 [Forwarding screenshot on session b1310904-d161-49ca-a1a6-530fba7baea8 to remote] DEBUG org.apache.http.wire  - http-outgoing-101 << "eU0ia5apHgZyXsBpwQ6UJUVR39TLYPtbQx2djPUM8BI7zDDwqgw0TfKWFc/zWUV5CUmkBoZQmZMCLkJoRSlRFCQFEZJWhQ1ecnU5qdRl59BS1E27SU59FYUMlRfznBjJSPN1Yy01cjBebC1hr62KvH9apkabufGpUHuXJ/myd1bfPboPi/u3+fZ7Vs8FW/Ok2tXeXxlmjtjg0x2NNBTnU9rcRqteUm0ZSfQlhlHa0YkzWnBNCT70ZjoTVOCJ41xHjTGuNMQ5Sa40xjpSmecxIXOWBd5+leKv70pPvSl+dOV4qcKwCkB9KSH0JcZRq849qT405PsS58wlB7ISE4oA7mRNCT6ku1nS6aPFemeJqS56JHrqU+25wVyhFyvC+R76VPgrUeRty4lXtqUCuXe2qoI7Hee+gA9GoTmQH3aQ43pDDejO/IifbG2DCY4MpLsOhN/Z3nK08AjyVL8VQVg+foUL0bnpoBVk8BzAVhYKPD+PgvFX8lsAJ6NwLPnc5e/RACekpd/nh9/v14Anoibmf6VxAjzpoDnR19p6edZXycAvx6BZwPwXAT2UU0BzwZgVQRWBWA5As8LwF8UgeeH4FrnfdRIvkII/jxSAJZIAXh2CvgrTwB/zQAskQLwbARONdlEkvEGEozeDMDx+itkcRdWzonRFc5LVhOts5oo7VmvB+Blf3gAFkdnwenYUjkAS/HX7pUArJr+lQPwgSUy031LMdq7GIM9i+Yi8GwAPr/7ZQDWEEf1nas4vXPNXACW9v6VQ+/OjRzauUkOwa9b6HfAQmzSanDKaUHdK4Xjzgm8r+mKbXwTruk9uKZ2E1Qwgm1MNe+etOL7K7ey28gBk9A4zrh4cMDIBm0LP3QMfdDR9yYhvRFHnyS+8399F9/UWk7ZR2CRWIVf7TiuJQMYxJehGZDIJ/pWrDl2hn2mtljFleBR0EVw1Ti+lWN4lU/gW3sd37o7uFXdwKP2Lh51D4RHMs/6J8JjvOoey0dP8TN4tYB3M/K5e/0z+T4+DU8JaH6Cb+N9tMLr2W6XjGlKB7HdjwlruUNi/zPx/a6R2Al6/q3E1DwkTny/xIopitpvYBGQRkx5F6mtI6S2jZLcOkh0bRtnnVw5bm5GeG4W3VcuEZCYgbt4P45pG7Jx8xbe//R9fvDjv+Gnv/gLNm/5ORs2/Q0XpKn1VEOSUszIynEnJt6F1rYySqqLic7LoX58ksbJSQo6OkirrqNU/B4t7OijsH2IvI5Rinqvkd19g9SOW6T3PSVzENKHIXsCYnpezInufi6L6nq24GetUCgUCoVCofh2WeiPQgrFN0UJwMrXN/2lBGCFQqFQKL7Y1wrAGZ7nSHPXJMX1LAlOp4l1OEG03TFi7E8KJ4hxOEWc0xniXc6S7KYpB+Ak1/Ok+hiT7GNOcoA9JSmRtFeXMNjewkBHu9DFcHc/Y32DTAyOMj04wVB7L/UlZWTGx5EeHU5eUgyFydEUp8ZQlZNEfX46dXlpNBVl01aSQ0d5DgN1pYw0VzDSUsloWw2T3fVcHmihr7GMjpp8ehpK6KgtpKE0i96WGib6OrlzaYJnd27C3Ts8v3WTB5emhSkeXp7kwfQIVwfE65MeX5xFW24KLVkJtGTGClE0pQfTlBpAU7IfTYm+NMR50xDjSX20F/VR7rTFSnsAu9E5E3+7k7zpTvahRzymJy2AbqErNUgcg+mWInBGOIMZEfSnhdGTKG4X+lND6M+MZCgvnoHcBCrDPMnxtCbPy5pcLzNyvAzJ9TaQ5QkF3voUeV+Qp4BLvHRUEVgcq3zPU+OnS73/BZoCDWgNMaYt1JSOcAt6Y2wYTHBQTQBLsVeQQq8cf+Xoq7pOFYLdGUnxZDRtJgLPXw46I2Am2H51sxO9r5sffBcyJi0JPWMizZcJOQJ7iaNENfU7laLyxwzAkzOkCDw5F4FfBuDZ8Cvt/Tsbf79qAJ71ZgRWLQk9F4F9VPsBt3qdlqkisGoZaJnnMdnrEXh2KejZEDyrzuWAsH+OFIPlIDwvBC8UgxciBeBXpoD/nQNwtnhctvnMFLD5ywgsBeBkk40kGL06BRyvv0qYCb96q4iVyPF31Yx/nwDscHQmAB9ZhO2RJfIS0FbzArD5/iWYCab7Fs8LwNJR2LsM3d3LOS/o7FqO1k41OQCf3bGS0ztWc2L7Go5tVy0BLS3zfGTnJjkAH9ghSMd5FvodsBCDsF4cMy9jlTSMf+kttHwrcM7uxy6lA7fcLg7bRvDbnZrsveiLUXgWtimlGEWkY5NYiL5fLIb2QZjbBaOl74yJXRCxOY189+frMPBKxT2nE5/KKbxrr2Ca1o5uTBX60UWccYtgu54Fh8wc2G/mgWlEAUHlg4TXTxJYO0Vg3VV8aq7hWn4Jr7o7eNXfFx7iKXg3PJrj0/gY/1bwFfyaxbH5hfBcXPecoPbPCO34jLghsMwdwbf+lvx8QU13CG6+S0zvE4Lq7xBUfR+37AnCKq5Q2P+ctmvQdgWmxf+c5nVfJrllnKj6QRLbJsgfuYV9fA6OsRmEF5RS3jdGWGYVBY2jhKaWYubkjdrGTSxSe4t/+9V3WbvxX1i09M/ZvvPHGJl8wMEji1HX/ISzWnvIL0ont7yCiv7LFAzeIrvrCpkdlygavC2Ol0lrmiK78yYF/Y+IFe9HVt8LiiYgquUJEc3PSOqDMPFzxvZ+RmzfU3F8Lv9MMT3PiO55vOBnrVAoFAqFQqH4dlnoj0IKxTdFCcDK1zf9pQRghUKhUCi+2NcKwIWBBuQHXCDH9zxZntqkuGmQ5KJOvIMUg6UIfEocTxPvpE6iixbpnjokOp0V16mT5mNEio8FCb42ZEf70liaw2hPG5eGBhjsbKe/vY2xgSGGuoeYHp5kcmCYtppaSrMzKUpPoTwrhRop+hbn0FiQSVVmEg3SBHBJNr0NxVwaaOL6sHi+vkZG2irpbyxhqqeea0OtjHfW0F6ZQ2tZJt21BTQUpdNQmEVHZTETXa3cn57gxe2bvLh1k4eXp7kzMcq96TFhmKuDnQw1VtFVkkdLTgpNWfG05sTTkhVJU3oIjamB1CcF0JDoT12cL3WxfjTE+NAU40ZrnBvtCV50y0s++9Axs/RzV1oAPRlB9GaEyAG4IyWQ7tRQBtKiGEiPpi81gt7kUPpSwhjOimIkK4a+9AgulWTQnhhGlqs12e6W5HqZkOttRJ54b/PFMd/HkAJvA4q89eUIXCrtB+xzngpfXar89Kjxv0C9+Axb5gXgrkhLemNsGYh3ZDDBieEkV1XolSS7Mp7izmiKFIBV18txONVT8JbNBmAp/o5nBsoheKHI+8UWDryzEVh67tlpYGn/39nrxsVjZ02m+6ki8De8BPSEMBuApf2ApQAsR+AYmy+Mv18lAH9eBJbMBuC5COyrJUhTwGfmReATL3l9fgSePw38MgQfFA7IForAnxeCFyJFYCkAS0qlKWCrrTMR+JsPwNkyVQCWSAF4VrrZe6SYbCLReMNcAI7VX0Oc3uq5qd9YXSn+qszG328yADsfX4KTRA7AqvgrsTn8MgBbygF4iRyAJab7F2M8F4BVEVjaE1hv1xLO71qGjnBux3I0BfUdKzm1fQUndqzi+LY1HN2+jqM7NnB05yYO73r3jfj7VQKwSeQNnDKf4Jh5F4u4UZyyJwmovsLFlEa2W/rxTx8cwLWgEfuMKjwKW7FLq8c+vRHPvG4c4yux949Bx9ia0+dNOHnenLi8WhZ9dJA9Bp6E1V7CtXgc9+qbeNTcwrF4AsuUNoxDC9HxiOWMXQDHbPzZaeSKhkccUfWTRLdcw7tsTJ7SlSaBA5vv4d/8AL8mofkx/k2PCWx5Ki/vHNz2HGnKVzqGdUJI+wv5sn/zQ4LanshLIYd3PCO0/REhbQ+F+4S3PySy87EsuvMhsR0PsEmsI7H5ElWTjxl7DtfE/5iOfwbtdyGlfYrUrstk9N0kvfcGKS2TZLZOYReRSUJ5Jw6hBSSVDVLQNEF0djW/WLyCletX89aif2XT+79E89x7LF/5Vxw6ugR1rfc5c24HukZnCYuJIL20jsLBe6T1Pyat9xHpfapjUucD0rsfkzOE+J4vxHWQLCT2QIIQL"
36551 [Forwarding screenshot on session b1310904-d161-49ca-a1a6-530fba7baea8 to remote] DEBUG org.apache.http.wire  - http-outgoing-101 << "87j+1USB8Vtgy+Ez145LvRZKxQKhUKhUCi+XRb6o5BC8U1RArDy9U1/KQFYoVAoFIov9rUCcHGgPkWBehQG6FLgd548Xx1yfbTJ8tAi1U2dJOczJDieFE6R6HSGVJczpAvJ4jzRRZMkzwskeZkQ73OR9HAPKrLi6awvZbCjkZHuNoZ6Ohns7mNsYJTp0Ummh0YZaG+ntbpSKKejqpTeuiqGGmsZrK9muLmaK0NtPLg+yJNbIzy40sf9y708FpcfXu3nxmgrl3vrmO6u4VJPLeOt5fTV5gkFdJRLe/ymC1n01VdxdaCXu5MT3B4f49roEFdHBoR+oVc8RzsjDTV0FOfRnJdKc24iTdmxNKZH0JAaQn1KMHWJQdQlBFIfH0xDfCBNcV40xXqIowct8V60JfnSmRJIe5K/fJSmfnsyQ1UyQulLD2dQPN9AZjSD2XEM58QynBXJQFoQI2mBXM6PYiw7nPG8OHGfOMqD3cnzNhdMyfMxJd/bRDCmwNuIIl8jin30hQuUCmV+F6j0N6DCV49qcd4YbExTqCnNQkuYGe2RF+mKsaYv1l6OwEOJzqrgKwdgN8aSXRhNchZc5RgsB2E5Ar/cD3gsw4/xzD90CvjN+Ct5PQBL5l8nx98Mf8FPDsCT4nW8DMCSbyYAT8Xbv4zA8wLwaLQlw9EXZUOR5gxEmMkGxbmkP9xU1hdmQl/oFwfg+RF4fgDu8pP2Ap6JwH6q+DsbgF9G4JOvBODPi8DzQ/DLieBDwssI/GVC8ELxV/J5U8AlVtIU8DcfgHPE82TLk8AfkWkm+VCWIZ4v1fR9Eo03EW+4gTiD9cTqryXmwmpZtJ5kjSxKd/UrIs+vIkJnpYr2yq8VgD1OLcP95KsB2PHokrkAbHv4HWwOL8b68FKsDi3B8uBiLsoBeLFMmgA23vsORnt+h9HuRRhK9i6ZC8DaO2cD8DLUt6+QA/Dx7Ss5vm31ywC8ayOHd70Zf79KALZPe4hN8i2ski7jkHkZ14JpTBOa+cjIjx98dBydsGy8ynuwz2zEOrkWp8wuAkom8M4bwy+7EyvvYAytLThyVp2Pdu3Bzj+M48YOnPeMI6xa2qv2El7Vd/CqfSAffcuv4lc0hmdaCw4xJZiHZuGSXs0RmyAO2YbgXz5IUt9DotrvEdRwQ57WDWq5T1DzQ4JbHslCWh8T1vZEFtX+mo5HRHc+JqbrCdHdT+VjZNfDOdIS0HE9T2TxPQ9J6rqJdUIRqe3DVE3cYOSpKgBLE8BDz6Du6jMy+64T2yyF4Fvk9N0no+0amw4b8MFRU364dBff/dVH/K9/VmPvWQsOquvz09+8xT/+8G/YvW8T23ct5dTZ97hgsgsLu1MkZUdQUldG7/gkxW0jVItvlncJssYhc0y1rHPOJGSMQlL/M1LlwCsMQIIQLx3F5TghcQhSJMPPSR16/spxoc9aoVAoFAqFQvHtstAfhRSKb4oSgJWvb/pLCcAKhUKhUHyxrxWAi/zPUxygKyv015Evl8gxWJt8n3Pke2uR43GWDJfTpDoeJ8XhKOnOJ+UInOhwigSnsyS765HgYUi8lxkJfrZkxfhSW5BCd0MZgx0NjPT2CP1MDAxyeWSMq6OjXB0ZZqi1he7aKtorSuioKFrECHEAAP/0SURBVKavtpIJ6f5dtYwN1HHrUhd3r/RyZ7qbWxMd3Bpv5/50D48v9XF/vJNrvfVMtlUw1lzKQG0+fTV5dJRl01yQSUtRjnjOEsY727nc3ye+3xCXh8Rr6OtivLeDqZ4OJtubxeMqaSvKpj47kdrMaOozoqhLC6c+JYy65FDqEkOoTQihLj5ItSR0rCf1sR7i6EVTvA+tiX60pwTSKS39nKEKwL1ZYfQJg1nhjGRHMJQbw1B+LEN50QznhjKW7ctEhjtDCXbi6MVYVhAThQkM5sfTKL5HcYBqOeh8H3PBVDAm38uQAh9Div0MKRFKAwwoDzCmzPcCVX761AUZ0xBqSlOomRyCZyNwd5TVzDSwtCS0M6PJLkykuMrG5Qg8Q4rCqR6MpkrLQXvLpBAsRWBVvJ0JuxmB4rqXpMtvmA3A8yKvaor48yaAZ7+HuF5a/jndT/7equnf+XsAezOV7sWlNJUvCsBTKRInOf5OJTmqArAwnmgvkwLwnFcmgF8uAT0uTQDHWDESY8lwlIUcfKX4KwXf2RD8SgAWBsOM5wJwX5C+HH1nj7Pxd77ZADwXgb9CAJ6NwPPj7/zLr4bgg69E4C8zCSyZH35fXwZ6fgQutZYisGoKeH4AloLvVw3An0sKwDOk8yzzj+dkiOdNFc+bbPI+iUbvEm+4iTiDDcTqSyF4HbEX1hOjt46o82uIPL9aHN+Mv+HaKwg/t4IILbVXAnCwphSA1WQBgr8cgdXwlZxV+9wA7CLMBmC7wzPx99DvsD70jrAI64OLsRIsDy6RI7AqBKuYyTF4CcbSktCCFIB1dy1FZ+dSzu1chub2ZahvW86pbWqcEKQAfHyHtBfweo5JAXjHBg5sX8+h7ar9gGU7Ni74O2AhTrnj2GUO45Q3ikfJNJbp3RzzzGaLRSRbzCLwKZ/CLq0L3+IJfAsmiKm9R1TlbdxSh/FOacbeLxAN/bNsP7iDT/Zs44yBATo2zpyy9CK59RrBddcJbHhEYONzghqeE9X8nITmx8RUXSMovx+/vHYCSzowDc/lmEMUx5xjsc9oI3XgmTwFHN56n7C2B4S3P5ZJkTeyTRzbHhLVeo+EzvvEtd+WJXTeJbnnASm9D0nqlqZ775HY9YB4IUFcliT2PFLpe0pKn7h/xwSmoTFktnVRMTRM360bjD68z/jT5ww/gcHnUDx2n/jmabL67lE2+pyywSe89f4xln6qjtr28xw08GXrKSvOmnmjYeTIX3//X9n00Xusf1f8MxXhREiUA0fUN/PR7nXoWxuhbW5OaFoeqfV9hNQOE9t/h6yp57LMyWfyMX38iXx96vgzUsaekjz6jCTZC1ni+GekjEPqyDPShp+RLsw/LvRZKxQKhUKhUCi+XRb6o5BC8U2R4pxC8U1b6J89hUKhUCgUKl8rACfZnyTDTYMCP13KggxV8ddXmxIpDPtpU+StQaHXWYp9NCn106LAS4NMl1OkOZ0i1fk0qS7qJLtIewNrk+hhQLynCfFe5iQHOlKQEEhVXiI9TbUMdbYyOdDDleFB2dXhIe5MjHNrdIjLfV2MtTcx3FLLRHsDN8a7uHmlm6sTbdyc7uLRzSFe3B3n2e1R7k11cWu4hWt9DVztqeNSZzVT7ZX0VWbTW5FFZ1kWrcVZNOZnUpeTQVd1BYPNTYx1dTDa3S5eRwuD7c0MtTQy2twoTx23leRSkxVPVVo0tRlR1KZFUJ8aQV1KOHVJYdQmhlGXEEJtrK/gTW2MJ7XRXtREe8iaE3xpSw6gKz2E3qxw+nMiZgJwGKPifDg/hoECSQSjBYFMF3gwEGNApdM+Gn3VGctwYyQvlImKFMZLEuXnqgp3psjfWp4ILg64SL6PCQU+xhT6GovPx4hCPwOK/IzEZ2JAuZ8+1YFG1IeY0hBqRmOIiTwJ3BZhMbckdF+sLcOJjkhTvxNSIJWCaYqrfFkKwGMp7oylSqQILO0HLE0CqyKwKs5KsVaKtoGMZwbNmR+D55uNvNIS0pLZ2Pv7vB6Ax2f2AJ6/BPSXCsDJzkwmO87FX8ls/P2iACztAaza/1dlLNaKUUGeAI56GYAXMhBmylDYyyngLxOAe8S/b182AM9F4M8JwLMTwbPXzQbgRvevEYBnIvD8+Dvr9Qg8G4BnI/Bs8H0zAH/0hwVgQXrMrPnXZ5h/TJp43lQh2eQDEo3eI95g04yNxOlvJPbCBqJ11xGpMxOB5wVgKf5K0TdceDMAq8mkABw4E4D9z65QReAvDMBL5QDscGQxdjPxVw7AByXvYH1gMVaCNAUsLQUtkfYEtpT3Bl6GuTiXloQ22bcE/d2LubB7Kbo7l6K9Yyma25egvm0pp7fORODtqgB8Yud6ju3cyJHt6zm4TZoI3six3Zs4ukv4CgHYpaAbh9wu3IoH8K4Yxy6rF4PYRmwy+glrfEhYwwPccyYIr7yDd9YErkl9aDvnoe9egKFLP"
36551 [Forwarding screenshot on session b1310904-d161-49ca-a1a6-530fba7baea8 to remote] DEBUG org.apache.http.wire  - http-outgoing-101 << "Ea21pzWPsIZnaPieIJPdm1Fy9SC7acuyPvYBpdPElRzh+D6J4Q0PCei8SlxzU+Jb7hPTNUVYqrHCSnvJbRyEL/iXk66JnHcNZmQ+qtypI1uf0BMx2NiO58Q1yUe1/WYuM5HxLc/JKH9HikdN8jouklO313yBx+QN3CfrL47pHXdIrn9Oundt0nvuStL7blPSrd4jJDa85CMvtvk9U1jEhBC5eAw9aPD9F2/TO+1SwzevsXg/cdMAu13oGLiKSUjj8kVz1c5/IStpy9iHZhJeFEvsdWjxJUNkFY1hF9sAf/2u5W4+Pjztz/4W+JTw0nLjyNF8I8NwNrbgxWbd/CTFR/wozVbOeocinNJK9lTj8i98pSk4Vuy9HHx+iYekTH9hPSpx6RNPnpF+tRTcdszMsefkjUmef7KcaHPWqFQKBQKhULx7bLQH4UUCoVCoVAoFArFf05fKwCHW50k3PokMQ5nSffUpTDQiJJgIwp8dSn116MqWJ/aEH2qg85T7qtFsbcW+d465Hlpk+2uRaabJhmumqS7nSPdQ49UD0OSvYxJ8DIjyc+alCBHCpJCqc5LprOmiOG2WqZ727g+1MO1wR5ujw1wf2qUB9Nj3J0YFJf7uXOpn4c3R7h/bZCJ/gb6WsuY7G3g7lQvt8Y6udrfzHR3HdOdUgBWReDhhkJ5CrinIof20myaC7NpzM+WA3B/Yx1DrU0MSRO/rXX0N9fSW19Fb00lPVWltBbnyAG4MjWSqrQIalLDqZXir1CfLImQj3WJwdTFB1Ab50tNjC/VMV5URXtSHeVJfZwPLckBdEtLP2dH0J8TKQfgkexwBvKi6M2Ppq8wjLGSACazbSmy/pB49d+SdF6NgQRTetLcGC6OYbQkibHSVAYLYqmL9aIgwFqwEp+LEGBBgb8ZBX4m5PsZi6MRxb4GqggcYERVoDE1wSZyCG4UpClgOQBHXKQvxprBeDuGpUlYKY6muMikGDwhHVPd5L2BpQg8nuYhR1dp8nYs3YfRdGlC998xAM9QTQD7Milew/wAPJXiIfv3CMCTceIYaz23F/DsPsCze/++7usE4JcRWNoH+GUAVkXgP70A/GoEVgXg+VPAr08AvxKBv4EAnC5IATjF9EOSjN8nwfBd4qUQLMSJ81iDTURf2ECk7to5EedXEa6zkjDtFYT+EQLw/D2APy8A2x56B9uDi8T5S9Jy0CrL5AA8G4EtDizFdN9SDPYsQX+XtBewKgBr7VjC2e3LOLNdjdPbV3ByxypO7lzDiZ1rOblrgyoE71gnrtvEyd2bOCWc3PXll4D2KunFKa9d6Jb33g2pu0VI/X38K27hXXID7/yrRNU8IKL8Jn5ZQ1j4F7Nhnwm71B1Y/sFedhzej7r2URxdLdDVP8uadSu56ODEYQ1DgjNq5aWe/YsmCKm9L573kfCAqJYnJHU8Jb3zEUktVykcfkRk7TgxjZdIaL+FXXorjjk9ZAxDQvcTWWLPU1J6npHa/ZTUnsfyHrkZXXco7r9F/eQDOm9B121ouPyU8hHV9UWDtykeukvx8AOZFIeze+/IgTh38KF8XevVZ9iHJjB65wljt+9x/fFjxm7cYOzWbUbuPmbiGYy9gOGn4rkvvSCzeYqCzqvo2gaSUtlD9fgjmm9CUs0we7XteWfjHv7n3/yY3rGraOjpo3FBm9O6ZylrqyGvsZbogmJiK5oJLmjCNrYIDa9YfCs6Kb70hBJpuemR22SP3aXwynNKrkPe9BNZ7vRDcqYeyHKnxc9y6ZEsZ/IZeeJF5k08f+W40GetUCgUCoVCofh2ef0PQgqFQqFQKBQKheI/r68VgEtSAkkIsCHAVhtfy7OEO2gT76pLjr8JBQHGFAcYUBqoT3nQBaqE8iAjSoNMKAs2pSTAkEIfXfK9zstyPXXJ9rpAhrch6T7GpPmZkeZ/kfQQOzIjnMmP9aYiPZKOsixGW6oYb29guruFa4Nd3ByV9usd4OGVEe5dHuTelQHuXxnm0lArXfXFNJVm0VqRQ19DKYNNFYy2ice31TDcWE5fdaGQS09ltjwB3F6STVtJnlDIcHMDo62NjLQ2MNhcS09DOV01JXRVltBdUUZneRHNhVnUSHvwJodSnhhMRWIQVeJYnRBMbWKoagI4STKzJLS4vTYhkNp4f8FvZirYW47AzYn+dKQFy5PAg5kR8p6/fblxdOXF0V0QyUiRL5NZlpRabaLQcAl5hmo0B5xiqsSPruxAenOiGS5KZqI8XRyT5KhcGupIvr8VeeK9zA+woCjwIoXBUgw2pXAmApf4SxHYkMoAI2qDjKmX9gQOMaEtVIrA5vREWcoReCDOhrFER1UEluKvOErLQU+luct7A8vkAOzJhDwF/B8bgKU9gKUAPCVHYNXUrxR/J5Pd/10D8HiMlRyBZ0PwULiZbDb8DoSayL56AJaWgT4vm4vAfufkSeB2H3WZKgKfehmB/wMD8EIh+OUU8JY3ArBk/pLQsxE43+Ijci0+JefiVyM9Ztb861UB+BPShFSzj2ci8AckGH044wPiDd8jRn8jUXrrPycALydM+GMH4PlLQEukc7tD0uXFc2wOL5VZH14+x/LQcjkAmx9YgsneZRjsWcaFXUvQ2blkJgIv4+x2Nc7sWMmpHas5tXMtp3atkwPwqV3rObV7HWfE8cyeDajvFcTx9f/+fx7PgnF8iqfwLbmMV8kV/MpvElh1T46/zplj+ORPElt7C9PAYgw8U9C2C2XzUV3OGDnw0Z5DbN6xhQ8+Xoeh8TkMDbX4dPMHmJubo65jRHhKKSE5bcRWXyax/QkxbU8Ib35AZPN9Ejsfy1O4Sa3XyRt6RFL7DXlCN31A3K/1NvFdj4jteEBy33NSe5/L8TdNyOx9SnbfE3IHnlE08IDWS48YvQ/XgavCsDjvuPqYtssPab/+jJarkhc0Xn4hx9qS4Xuy8vEn1E8/Z+gu2PslcvMp3HwED1/A1I3bTN64y9jtRwzefsLIQ5gQ13ffgdrxe1QPXMcrJovwrAqKhq6T2jbOUQtP/uF377L5iAFbDurQPXKTT3YdRl1Pnx/+5jeEpKfSND5B+dAkneJ5yqeekdBySfz80+QP3aNs8ilFY4+EJ5Rd+oyKK1AkXl/xpRfysVDcv3DqifBIVjL1WNz2jAJxfcHUizcs9FkrFAqFQqFQKL5dFvqjkEKhUCgUCoVCofjP6WsF4Ob6SsqLsshMjiQx3JtIHztCnI3xMlcnyEqdRNfz5PkbURZqRkWYGWUhFpSHWlEdYUtVmCXlgcaU+xtQEWBIia8e+V5SBNYjy8uATG9D0nwMyQgwISPIjIxgSzJD7MmP9qIsKZSWoky6q4sZaqlmoruJy4NtXB/t4u70APemB7k7NciDyyPcmRxgqqeZvoZyOqsLhSJ66koYqC+X9dUW01MlBeBcuivzxLGQ3qpS+moqGG2uZ6SplsGGSvrryumuK6arSjxHRRGdZcW0FufSkJtKVVoMZQnBlMYFUBbnT0WsP5WxAVTFBVEdF0yNUBEXSKW4XCWO1fHi+vgAauL9aUgMpC7elxrxc0nLQzfG+9CREkR/WgQjmQkM5KXRW5hBb1EC48XBXC+wp919CyWGv6PKcg055h9yqdSPsYo4hgoT6c2Opy83nonyDDkEd2eFUxLqQEGgtSoCB1pSEHRRnJtR4G9MsRSBxWdQ6m8oTwJLy0HXBRnREGxMa4gJ7eJz64owpzvSnD5pgjXWjvEERyYSnWZisAvTcgB2fRmAhYl0T3H0YUzeo/c/NgC/PgE8+e80ASzF39kAPD8CS1PArwfg/hDjrxWAX0Zgbbr8pSngs/Mi8Kk5fwoBeKEILAXghSJw8UwAfiUCC3lS0LXc8uVd3CIes3VOruVLmeabybDYTPoMVQT+iCSTT2SJxh/JITjOYDYCr3szAGsv+8YCsP2RxdgfnXFkEfaHJVIYFo5Ix6XCMmyOLMP2qJo4qmF1eLm8JLQ8Bbx/GUZ7l8lTwPIy0DuXob1LDc0dK1DfuRL1XWs4vWsdZ3Zv4PSejeK4HvXda9HYs5aze9ahsXcdmsJCvwMW4pv3GUGlEFIOfkXPcM+5KVwjsOIm0Y13KBmHuLpRt"
36551 [Forwarding screenshot on session b1310904-d161-49ca-a1a6-530fba7baea8 to remote] DEBUG org.apache.http.wire  - http-outgoing-101 << "miasOTTXazasoNPjhxC28IYRx83jpw8zJKlb3Pm9DHMDM9z9MAeThw5jJGRJUWVnaRVDJDVeoPs3mek9Dwlpv0+Ue13iG6/RUzrdRLbrpPQeo3coacUTYrXUXuZ6OY7iG9PZMtdMgYgvf8zOf5mCFniOfIHnlM6DNWjTxi49ZSphy+4/gKuCuMPnovrHjN05zkjD2DoPgzeg65b0HTpMVWj94QH1E8/o+Ma9F8GE6twrt8Wj78BDx7BxPQtJi/fY+zaffqu3qfr2mP5Ofpuf8aYuL3ryn0Km7pwDo+jcGia4w4+vHtKn316DlywD2XDttNklrThF56GuYMn//Uvv8sBbT1y27rF675Cdt91CsefUDohXtNVqBfvccXQZ7LKMfFzifehQhyLxM9YLu4jKRP3KRXXlY5/Rpm4XCldJ+5XPC3uJ0Xi1yz0WSsUCoVCoVAovl0W+qOQQqFQKBQKhUKh+M/pawXgsrpGqpuaqW9ppqGxhvLSfAqzE8lNDCIxwBY/y7N4Gh4m3OYMeQGmFIdaUxxsQ3WkA9XhNlQGm8nLDkt7z9aHmlIdZExFoDGlgaYU+BmT6aVLqqcW6X66ZInbsgMvkh1kR3aIK1kR3uTHh1CZnUBjaSZddUUMtFYy1FbNZFczN4Z7ZFf6O+QpYel8qruFkdY6Bpuq5T2DxzsamexuYqS5QjbcVMFQYyUD9ZX011bKe/z2VpXRXVFET6VQXUhXRR7tpbk0F+TQkJ1KbXoCVSmRVCSEUB4fQEWcH5VxvrKqWH9qYgOpjg2ifIYUgitixP1ixP1ifKmL81ftDxwzsz+wFIFjvWmPDaY3MZ6e7Cx6CnPpK05nvCScm4VOTEUep0T3N2Ro/pI0gw2M5XsxUhbHRFkGI0Vp9OUkMFSYxFRVFhOVafTmRdGQ6ENxiC05ARfJDbQUzCmUPhNpUlvaD3gmAFcFGlErReBAQ1qCjWkXn0tnuCndYSqD0ZaMxNoyFu/AaIID40lO8n7AswFYCqpzATjd6z80AE98zh7A0zPTwN90AJ4Nv/Pj72wAnr8U9GwAHvwDArC0DPQrEdh/fgCejcCn/yQCsHQ+//KrU8Bb3wjAkvnnsxG44KIUgBeIvL/HFwfgT8m4+OkrETjZ9FNZkslmOQLHG34gLwc9OwX87xaAZ+Ov4CAuS8tCv7RUXD/jyHLsjqphe3QF1kfUXu4HfGA5JnuXzwVgnZ3L0Nm9gnO7VnFWtkaOvlIAPrN3I2f3rkNj92o0dwniqLVnLeeEhX4HLCS+/DOCc+8RkHWTiLJHxNc+J6b6PhEVV4mpukRB3wNCi1rYp2/J6l37WPrRB6zd+gG/UPstu47tQFP7BNs+fRcHazMMzmmwb9sWDu/dj79PMA0t/aQVN5NRO0BW2yXSOq6T1intyXuftK4HJLbeJrX9gRw0k1vvydeVTkJa7yNSuh+R0f+MrMEXZPWJY/cTsjsfktf9kNKBJ1SPvKB5/Ckj1x4xcfM+U7cfMnbzIUPX7jN8/QEjt54zfh8mH8HoQyneQsv0Y6pGblM1fJem6af03oDusRec0xP/vbkMY+K6O+IxI1MPGLv6hNEbLxi+A53XntF1/TPx+IeMP4aOS3fpmLyOZUAEhcOX2GXmgFVMBlmtY7hG5aJp7kFd3xXs/ePwjE5n0Yc7OefkS/noNepvfkaueNKqm5A78Ihy8XNUDj2nZkR8HuJnb5iSwraKdF4zrlI99pxq8fPKxHntGFSJ961q6jPKp18lTRAv9FkrFAqFQqFQKL5dFvqjkEKhUCgUCoVCofjP6estAV1ST3VNK7UNbVQ1NFJZV0tNYxWV1QXUVGRQnhtFfowbqT5mhF48QbilOqnuxuT6mcuTwJUh5tSHmdMQZiaOkovUR9hQE25PWbANhf7m5Pvrkx+gT56/CXl+FuT4W5MbaEdOiCNZoUKEEzlRbhQn+lOZFU5LSQpdFdn0Vucz2lwu7/U70VbNSHMl4221jDRV0d9QTl99Gb31pXTXStPAJfTXF9NXW0R3VRHtZXm0FGfTVppLU2EmDXmpQjIN+SnU5SRSn5NEfWYSNSmxVCRFzMTfYCriA6mMD6AyTkWa9q2KDRLnwVQmhIrbQsR5CBVSCI4JoDzan4poP6pjfOUIXCeHYC9qI73Ee+FDU2QQrUnRdGYm0pufxFhxDFeLA7lf6kVfiBaF1jtpjTDlel0y/YWxDJekMVWZy1h5phyAh4qTxXVJXG3IEccEmpL9KAm1Iy/QkqJgiSlFAQYU+RtSEmgox3cpAFeLcykANwUZ0xZqSoc0BRxqRneoOf2RFgxGWzEca8twnN3cFPDYDHkKONWdCTkCezCW5sVomq8cgsfS/RjP8BekGCyRQq8q9i4UgOd7Pfa+bjzdh3HxPeSjMJGmir/jqR5MpnoyKV7PlDAtRWDxuiblWC0tBe0qmxSmJFIATpECsJNsIkmadnZ8JQDPj8DjMjsm4+2YiLNlXLwv47FS/LV5JfpKpOWfJZ83ATwYKjGkP9jg9wRg3Rnn6Q7QkUnRV4q/0vLPEikAv5wClpaBliLw6a8cgBvcXg3As/H3iwKwHH4d91LlINlDpRR9X7GLCnsp/u6gXGK7nVI5AG+lRI7AWyi2VIXgYikIC0VyCN5M4cVPKBDHPCneWs1G3G2CFHlnL88/n71dHKXwe3G7IC7LpPOtZJlvEbaSabGFTHHMMP+UNDNV/E0020KSdDTZTILxh8QZvj83BRyus1oOwBJpD+AwLSkAr5CFaakRqrmcEI2XAThgJgD7nV2B70wA9lGXAvBSOQB7nFyK+4kluJ1YjPPxJaoAfGwJDrPxd+Z8lqNMum6puE04ukxcVsP+2HLVJPDhZfK+wBcPqmG2Xw3D3Uu5sFMVgc/vUkN71wo0BY1dq9DYvRbNvevREKRpX609q4Q1nNuzmnN7V6O998sH4Ii0YkoaBwlLrSCpqJvkkiGy666SUDRGUtk02fU38E2qxykil8D0EnwS09BzsMPEw54f/PIf2bxFjeXv/IATBz5F+8wx1I8cReOkOkcPnURd8zxvqa3kvZ17CEjOJLexh7zmCVomoWoA8tteUNoLRUKhkN/7lPy+h+T2PxDuycfCgceUDD6nYuAFFT2PKe+6R13vAzrHnzN+Fa7efMq1m4+4cuMxl248YerGU8ZuPGPk+gsGb7xg6Db0XFfF3/ox8djRuzSM35cvd11+QlX7BCY2vjT3XaNv+hEDV1/QMvaAtkvPaZwUpAnbvjvUT39GrbRs9MQTSnuu0Cbu65NRRmRDPxaJ+SR1DNPzCIJyy3CKTiKvbUDe6zepvpel+zXwyG8gT3zfCvFa6u6Kn3f8ETXivGL6iUwKuVXj4n0ZgcphqB19TsPkY1ov36fzxl2apy/TMDFFx9XbtF15QMPoA5omntEq3kvp/WyaEp+nFJAl4jUv9FkrFAqFQqFQKL5dFvqjkEKhUCgUCoVCofjP6WsF4JrcEorT8ynILqSiqpbatnZqOlqFBmqay6mtzqS5NJ6OgnCakj3ID7Ehzs0Yf4vTxDmdI9XtHJWhZtSGm1MfYUVDpB11kY7UhLlQG+lNY6yPuN2SsiBziv0sKfKzpijAjuJgO4pCrMkPtSAvzFSwID/choIoJ4qi3CiJ8aQy0Z+6jDBa8+LoLEmhuzyDnopsuity6CyX4q54bcXpNBal0VCQTOOs/BTq85Ooz0ukOiueqsxYKjNiqEiPoiwtgrKUCCqSw+SgWx4XTGl0gOBPmTiWxwZSERekCryvKY0NpiwmhPKY4BnSJHAgleJxleLx1dF+1ET7CN7UCg1RXoIH9VGeNMX50ZkeynB+HONFCUwUx3O5IpVLFWmMl6UzKn620cpsRsozGRM/43hVDuMVWYyUpjJUnCiOyUzXZDBVlUpXVggV4j0uCrKiMMhMMKQwwIDiQAPKAo2okKaAAwzlKeCGAGNagkxpDzajM9ic7hBzesPM6YswZyDqIoMxNnIEHom3ZyjegRFpWWg5AktRVVoO2o0xcRwVxlI9GE3zZEyaCk73YSxDyPQVRz/ZaKa/EKCyQOCVvB6FVaT468tEmrccfaW9hyfE95Anfmeme6dS3"
36551 [Forwarding screenshot on session b1310904-d161-49ca-a1a6-530fba7baea8 to remote] DEBUG org.apache.http.wire  - http-outgoing-101 << "VXTvamuTEt7FguTKS5fSN7fWJAmnGWvTQEvZCzBjrF4W0Yl0n7Jr4XfkUgL2cJ7AM9O/xrQH6xPX5AUf1/qDdSTzcZf1cSvNO2rJev005C9Gn5fd4YWrxOvBODZ4Csd50fhl/H3kGry1+XzJ39fV+m4j0qHGY7SZZUKh93CLmEH5fbbKbPbJiu13UaJzcKKrbfKiqy2yAotP6XAcgv51tvJs95BrpVKjuX2eba9eX5RsJCI+84d559vJ8t8G5mmW8kw3UKayRaSzbaSKK5LlI5mn5Jguln4mASTD4k12EjE+TWEaa+SqQKwGpGaK2XhmisI01QjRGOFLPDscgLOqs1N/vqoL5f5nl0mjkvxOr0Yj5OLcD+xCDdxdJEisGwpjlIIFhyOSRF4MY7HFslxWOJ8fKmwTOZ0TDouF9TEbWrifsuxlyaBD67A4sAKTPYtw2D3MvTmIvBytHdKVqCzZzW6+9ejvU+yBp39azh/YC26B1Wk84V+BywkLiWKutY6imuqqe/oJ6+8g6ySXlIL+kgpHCa7apqq7vsEpdRg4x+HQ3AkVn4+OEf4s/P4No4efY9tH/+Ovds3YGNhxP6de9n26S727T3MsZNnOXDyBG+tWMppAz2yKuto6L9B48BTKjs+o2UEyruhrAdKheLeJxT33adw4LasaPAO5UOP5Wnf+pHPaBh8SoO4vW3gPgMTD5m8+pQbt56LX45PuXr9CZeuPmHy2jPGrz1n9AYM3YSOqSe0TD6iWdxf0jr1mM4rT+m/8RnDtz+jsnUQYzsvWoau0jn1gLbpJ5QP3KFy9DElQ4+ouyQtx/yCmiloE88pReGmiadU9d/C0DuOrP7rcgQuHb9Oz/3nRBWV4RwdS1RhOXWTN4isbOOYvT8ZfTepvAolE+L5xWuoGL9P/dVHVEzdpPaqOL/yjLqpZ3LE7bgM4mkZuPGEiKwsfGJD8YrxI7u2kIHr0/Rdu0G7+AF7xGttHrlH49hDmsae0Cge3yTt/zutLAGtUCgUCoVC8Z/BQn8UUigUij9pTT28c6yDtIVuUygUCoVC8YW+XgBOCaQ6I4LyrESKczIpLCylrKKO2qZ2GsQdhvpaaKlMxc/mFD5me0kLsaQiK5K0KHcSAq0IcdImSNwW56JJtp8hxcEWVETYUh3pRE2kK3VRrjTEOlIf7UhNhAuVYc6UhTpTEmJHeaQtJVGWFEWakx8uhWArckPsKQhzolDct1gKwdEelMZ6UxrnQ1liAJWpoVSlR4jXHEl1ZpQQLStNCaVMkI6lyZIQSpKCKUkMpjgpiKIEIT6Qgnh/CuMCKI71pyxGCr9+4jX4yseyGNV15bELiAmcF35V8VcVgKX4q/IyAPvIAbg+2pN68T7VR3nQEONJU7wPbclBdIv3b6Q4hbGyTIaK0+gvTGGkLIvpuiLGKnIZr8pjskaSy4S0BHRFOmPlqYyWpTBZmcbluiyGS+Kpj/eiJNSaolAzCgONKfA3pMBX2gvYmEpxuVocawNUEbg50JTWIDM6gk3lSeCeMHN6Iy7SH2XFQIwNA3G2DCXYM5LoKAdgKbrKyypLewOnujI2Y1xclpaGHpNkeDGWKYXg2QA8jxR75y3nPGs8PeAV8vXSVLG03LMcgIV0KQBLE7/CXACeme4VpAAsWSj6znoj/n6FACzH328wAL8SgQNmA7CmbH4E/twA7PlmAJ71uQF4gfj7hQF4Nv7+EQPw/AhcYLl1JgDvlM1G4DdD8HzSbTs/V/bFHbIsi+1kmm8j3WwryebbSRKXpQicZCaYbyHRTBWB44zfJ0p/A2Haq+UJ3xCtFYRrrSRCc5UsXGMlYTPx98sH4MULBmB5EnguAkvxd14AFrfPBmCJywk1YYUqAh9bjsNRNawPqclTwKb7lmKwZwkXdi1Fb9cydHcvlyOwzq4VnN+7Gr3969AVzu9fMxd+9Q6J6+QAvGbB3wELSUiOoqyyiLKqSlo6e8kpqiOzoInCyj4yi3uISKkhr2qAI1rmrPxwOzuOneSEng7H9dTZd3Inzq6G+Pte5KMPVqGleYYjh46zb98xPv50F4dPnMXcwZGdR49i7+tHXe8ILcP3qOl+REnzE0paP6NCDsCfUdb7mNL+B5QM3KZk8KaKOK8Ze0r9+HN50rVdHDtHH9Izfp+RKw+Yvv6Yu/fh1p3PuHbrmbj8lImrTxm9rgrAw9K+vyP3aB69T+v4QzovPab32nN5KlhaHnrqAZQ392Pm6EvH2E06Ju/TMHqPwq5rFPfeIrvzJvm9dynsv09h720qhu5T3HmFrqsv6L7yFNeobLrvQO3kXepHr9E8dpnU4jLCk1JwDQij99JNpp5IcXuKTvF6GqafUDchXsuUeC3im9f2T9N35wGjj8VruvOcpuGb1HRcoaH7Ko2dY1TUt+Li7YKTlzVu/jak5cfRP97D1M0rjF+6wfj1h3RdF8938yFtt57QfFvylAZxXOizVigUCoVCoVB8uyz0RyGFQvE15XTwnWONrzLqoWmh+/6x/d44OsDJ117byZyF7vcnbP7PKJ/P+3ncBxZ+jEKhUCgUCtnXCsB5Qecpj7WhISuQ5oJUGgoLqC2soL6slqqiUroaKqnKj8HWcA82+lvwsNckJzOGyvIMctLDiY90I9jbhGC3CwSI22LcdMnyN6Ek9CJVEdbURNpQFWlFbYwjDQleNCZIe+p6Ux7lSlm0IyUxNoIVRVG2FEQ4UhDuQkGoMwUhTqpjmLgc5kphuBv5Ea7kCflR7hTGeFIU50NRvK+sINqLgihP8iM9xH3cVcR5oXT9a/LF/QojvSiK8KI40lvwoUSQIrAqBM/y/5wIrIq/swG4Ispf8KMqypfqKO8ZXtREeVAn3p+6SHfqpPNoD/E+eIv3IIDurGgGCpLlCCxN/I6WZzNcIp3nMlGZz2R1AVM1hUI+09W5TFVlM1KaIu6TwlR1JlfqspmsTKc51ZfySDsKgy9SGGRBiSTQnNIAE8r9jamaicD1AcY0BprQHGhMW7AJnSGmdM1E4N4oK/pirBmMt2MowYHRJGfGpYj6uQHYQxWA070YzfBmNN1XNpKhIp2/Hn5nvRJ+Z8jLS8/s9StL8xRm9vZNEd//tdir2uP3ZeT9PPPjr7TM9ULB93XfZACeH4FnA3BPoLT8s7T0syoAvx6BXw/B0hLQrV4nafV+MwLPvzw/ANe7HvrSk7+zvmoAVkXg7QtSheBXI3Ch1VYKbHaQb7NrwQi8MOk+uz7X6yE402I7qRY7SBbnMvPtqiBsvkXYTKLZJ8QZf0iE7rqZALyKcO01hM8E4DCNlYRoChorxO1fPgDLEfjUYlxPLsFFkAPwvClgx+OL5wKwHH8FlxPL51ETj105F4Edj63A5vAKLA+tmNkLeJkcgfV3LxPU0BWk/YB1963hwoH1wjr0DqjCr+TC4fXoHVRF4IV+Byzks88e8uTxPW7cuMbNW3do6xygvrmHroFLVDT00jFwGT1Te/7rn/8VS9au54j6GVa+u5qf/OrH7D28lc6earR1jrF124cEBgZy4MAJjhzXxN7ZB2snL3zCIzF1ciYsNYPG/gka+m9R1/sI8dSUtT6jvPMx5T0Pqei7Q/nALcoGb1A+fF0+lg3eoX78qbzEcfcl6LsCg1ekwPuYS7cfcf3eE+49glt34dKNZ4xeesTg1EP6Jh/SO/VYnpBtn3hE2+QDOsR1XdMP6b/6lJFbnzF9H66Ix5Y19WHlFkLv5Ufy7fUjdynqFt9/4C65ndcpGbhH42UYfgwDd6Tp3Gf0XH5M9/QDeY/fbvE92yfv0jd1h47+cYqKyykuLsXfL5ipyzcYnBCm7zJy7RniLly9J55r+h4dPeNkF5Rh4+aOroUFGz7eyv/8i3/gO9/5n8L/4L//t/9b+K/8/GffY8snahzcv5HdO9dy+uQubCwNcXGwx9bGEd/QcHwjovCLiSc4KZWIrDzii8oW/KwVCoVCoVAoFN8uC/1RSKFQfE1SAP73Cr6v+1IBuAW3ppnL8v3nXf42eC0An4wcn7ltHDejb2HQVigUCoXi39HXCsBlEXqUhBuQH2RMTqAV1UlBDFQWMNFSS2d5AV2VubRXpJIQbMlFv"
36551 [Forwarding screenshot on session b1310904-d161-49ca-a1a6-530fba7baea8 to remote] DEBUG org.apache.http.wire  - http-outgoing-101 << "Z1ont5GTFwIDc2VlFTkkleYSlJqGKGhLoQH2hDiYUCosxYJrprk+pynJNiQqjhbKmIcqYh2pTLGm5oEf+pTAqhKcKci0ZnyBEdK45woinGlIMKDglA3CoKdxWtyIi/IQbVfsJAdaEtuqD15YQ7khTuSHyGOEeKydB4u7hvqRE6IA9nB9vIxN0QVlKVp4sIIV4oi3eTlpYvFUQrKhWHuFIV5UBzhSYkk0lvwolTmTVmUN+XRPoKveP3+b4bfWdLtUb5yAK4Sj1HxojrSg5oIN2qjpADsKXhRE+1FbYwPdbF+NCQE0pUVw2hpBhNSBC7NZKI8l8mKfCYrpfBbMEM6z5NDsOp+0kRwOlfq8uUY3JUbKV6D+HmCbCkWn0FpkDWlgRaUBZhS4W9KVYAJNYFGqhAsjs1CS7AxbSEmqr2BIyzojrwoR2BpEng40YHRZCfGU12YSHOVA6xEFYDdmEh3Z3wmAI+lSwF4lir+qvYLfjX8zno9AI+m+jGS6iOe2/tlAE71mAvA8n7Er0/7JksWjr6zXo+/f2gAHv0jBeD5l1+JwDMBuDvg5RTwbAR+PQC3eUv7AJ+i1VsVgCXzo+/vC8BfNv5K/vgB+NUIXGi1bS4Af/kI/MUB+HXZQoblbtIsd5F6cacsxWIHKRe3C9uErSRbfEqM4QeEnV9HiPY6ws6tJUxrjSxUczUhmqsI1lAJOLsCf+GLArC0D7Dn6SV4CK7iXArALieXvRKBVZO/i17GX3H7bPx1PamKv7OkCOx0fCV2x1ZifWTFzF7AyzHauwzDPcsw2KuG3u7l6O5ZwYX9q9E/uI4LB9bKR4ND6zE8vEE+SqTrF/odsBA+e8zTB7e4d+s6165epq2tjfLKCvr6B6lvbqGzt49L165SXFqEk4s9n2x+nxMnDxIS4kVrexXXb46xbefHbHh/I5a2DqhrGfDJjkMYWzrT2jfK8JUbZFVUk1hQSmP/FF2TT+Q9fBv6xPcfgKq++1QP3KZ26DZ1ozepH79J7fgt4Q71ow9omXpBxyUYuAajt2DqLlx9BHeePefei8+4I86v3xPXX38ux9+u0bu0Dd+hWTyfpGv6sRx/28fvCnfonb7H8PVHTN97zrXHqglgO59Ihm48l/cElpaJrh4Rr2/quRyBpWPV0AN6bkD94G06J+/Ly0WP3XhCUEwGHYPX6Bev+5F4HTev3KavuZ0R8R7mxScx1T9MZVEVBVklWFu4snfncX72L7/m//Od/87//Z3/xv/+f/83fvqv/8SSpW+zaqUai956m0W/fIuVby9m2a9/yc+//zf8+O/+jB3vv8Xp/evYt3kRh7auRvfEbow0jmNy6iTH332f/StW86F43LLv/ZCf/q//H9/7L/9jwc9aoVAoFAqFQvHtstAfhRQKxdf0RQH4lYnVeaFWfkwHJ41Ut70jR01V0Jybbn0l1M6f5J29/rX7L/gaXgvA86PpK69NmD9N+8pU88vHp7nPu//M92uKbJl5/bPPOftzvhZo5z/nvNcqPf477uK9mLlNdf/XJ5cXjtzS61ECsEKhUCgUn+9rBeDKeCeKIqwoDrekUg61luQFGVIuzisTnKlO9aYqLZCiBH/yYnzJTgihvqaQxoZSSivyyC3KpKA0l9SsBOLiA4mNcCEm4CLx3heIdzlLtMNJUnwukB1iSVmsO9WJQVQnBFAe701lkhdV/w97fwFd1Zko7v9AbaSdttOpUNzd3d0dirsTICS4JMEixN3d3d3dQxI0xBOctrSFykw70uf/7n2SECDt9N7e+f5/nbXvWp/17rPPPvtYSdbkue+7I6wFK3LCbckKsSMjwIEsPwdyfO3I8rYi3VMKwcYkuFwS9El0MyDJ3YBED2m5aD0S3HRlye6XxH2XiHfWk8nHul4i2cOIFCHV05g0L1PxPs3I8BHv2ctcsCDD25pMH5UMbxtxv1XTPhuyfG3I9rMjx9+ebPG6pAj8olwhW7zeZ+xUjxGvP9/XlgJxngJxbjkG+4nbTQG4UHyWksshrtyI8aM+PUKOvPdzk4UU7uc0jXnNETiFR0VpPBTu5SXRmB0rLxv9sDiVe4VJVCQHURDkSIaneH9uRmSKz0OOwK4XyHU7R57rWfKlCOymQ5HLGS67aFEmtq94nOOa13mue1+gwk+PSn/9pghsTGO4CY0RptyJMJdjsCoIqwKw5Ha06prAjVF2NEii7VvcjpKWdX7Z3WhnQbV9O9JRnN9ePI84PsL2mUgbQZr5K7FSLUndKu7eC1NpHXnbclvSFH8bQ/798s+SFwNwg/j3IPPXpd5PclFW63NeVuN9TlbtdVb4+QDcVgSudDvGLdfDVLhoym46a7S44XSI606qZZ8lcvy1U+Oqg8qLEfjnAvCL8TdfYrrpuejbmhR+s02bbW5lI1mmG4R1ZJqsJdN4DRmytcK6NqUbrSXdcI0s7ZJkNakGa0g1XE+KkHxJsg7pesA/bwOJlza1zWBjm/vj9DcTrb9JkEJwUwzWX98iQm8doRdXE3B2Od4nF+FxdC6eh2fLPDRn4S64ac7AVZDib3MAdlKfjOPBJq0D8MFJLawOTMJyvxR4J2EuSAFYZSJmahPkbXMpDksBWG0KFvunYnlgmnjcDGGm2J4h9k3HfN90TPbNxHC3NAt4Khe2T+Lslklob5mM1pYpnNk8hZObp3F620y0dszmjGwO2rvmor17HlpiPLNzDqe2//IloL/57D5//+YL+Md3/PDtlzy4W0tBQQb19RXU1V3n1q1SiooyqK26wt+++5TKGyXkZsaRkxpNZmoMvn5uvPnuH1n+yWrMbRxYtW4LsxetYsHydXzcayAx6dlU3n3I1fp7lNy6y+Wqx+Rd/ZzCa9+Re/UbimqE+q+4fOcryu9/zZUHT4Vv5GWSy+/+gxv3VbN/az+DO1/Co2/h8Q/w9Y8/8h3w7Y/wRNx++DU0fv4vqh78wPU733G1UZzjtkp5gzh37RdcESe5efsLGj79hkdf/4Mvv1fNAL7k4E/t439yTTynfJ3gB//gpniu/Ma/cefvyNf8rfocxGl4+A3UPXzK4+9+JDGjiLsPvqP0cjX5mcWkRsZyNT2TGHc3dixZzMqp0xjTpz+zRk9izvgZbFq2juXT5jF/1HhmDRzCjMGDmDZ6KHMmj2HG2JGM7tuLET16MHXwQOaMGMj0Id1YMLoHG+cNY/eKsRxYO5XDm+axb/VsdiydxYGViziyeAGH5sxi1+TJbBwzmk+Gj2TVsBFtftcKhUKhUCgUit+Wtv4opFAofqXnYqlK64j5XABtDp/yY56fiSvH1ZYI2zrcqkJqm5H1ueDalhcCsHz888+r0jrWvvwYK2l/69cvlPreUj1vq/1yzH3u/bd+nc/OqYq+qveqekzr9/Az77e1F16PQqFQKBSKl/2qABzl40RWlDe5UU7Ee54l3v0whWFa5AefIsPnOGneZ0n3MSHV2450f0+K40LJjQ8gWTzmckEq6elxJKfGExUTTnR0MEH+zvi4GhPgdJFQRx3CHU7haaaBr9UJQhwuEOdpQUaQM/mRbmSF2JAdZkluhJUcmguinCkM9yA30JFsbxuyvC1J9zAl1c2IRFcDOerGOV0g3uU8Ca4XhHNi+ywJTjoku14k0ek8cQ5nibMT70OM0u1kZ12SXC6Q4iotkaxPuqcBGZ6GZHqZyDE408eKLF8rMn3Fc3lZkOZlRoa3ubw/09eCLD9rcvxtBFtyA6SZwE7PyRXaCsCSPH9pKWjxOB9xDm8reZRuy8tD+zvI8VeKwDnivZYEu1CZEMjDvFTZg9wUFel2fhqfFqVzNydRXiL6odh+VJxBQ1Y8VWlR3C1I4fOybBoyYygSn226m6kgzQTWJ8tNl2y3i+RIEdj9HPluOhQ4n5EjcImbNmUeZ1+KwFUB+tSFSBHYiIYwY263DsCRlvKy0C0ROEqKwHaqCBytIm3fla/p+7J70U6yO9Ks3wgp/NrTEG5L438iALeKv782ANdLAVio87soq5Hir1AtxV+hyuusoEPNvwnAzftfDMC3XKUArCG76XxIdsNJXXbN4YDspQDcFIH/VwHYdNNPBuB8858OwFkvBGBV/P0FAVhIkwKwk"
36551 [Forwarding screenshot on session b1310904-d161-49ca-a1a6-530fba7baea8 to remote] DEBUG org.apache.http.wire  - http-outgoing-101 << "HpJWv55dasALM0ElgKvdE3gn7O+zcj7U5IMN8sBOMagOQKrROpvIMpgIxEGG4jQ30ikwSbC9Nbhc2YZbkfn435EisDzcDs8G1fNWU3aCsCTZFL8fTEA24n7mwOw5OcCsMV+VfxtCcAHZwgzZRYHpotjpmGyTzULWH/nFC5um8T5bRNbIrAUgKWZwGe2zkR75xw5AmuJUWfPPJn2bikAz+b0jl8egL//4nP49gn/fPoFTx428uSzenKzoinIjSEzI4TysmTKSpJprC7mRlkm10syuX2rjK/v13G/9haxMRFc1NPl6LETHDulxep1m9m57yAbtu5k6qx5zFq0lLzL12h49BV5pZXkltSRVVBHweVPySv/jILKxxTWfEZJ/WPK737J1XtfC9/I1+y9cvsfXG2Eaw1wXYxV96H+039w98n3PPrmOz799q88/h4efQd3nkLdY7j16J/cuP8DV+XHf0dR9WOKqj6lpPJTyqofcbPhc+ofPOXBF3/js2/+SXpxJXq2PlRIyz/XfUlR/VOuPfoXt55AXv23xF++S2LpHfIqHvHpXyEgKg1tXTN27TvMwiWfsGzZRqZOmsvQ3oNZNWs2V1KS8TczYs3EscwdMoDV06exaNwE5gwfw8opM8W+4ayfNp1FQwYxrVc35owewoLJo1kydQKLJoxhwdjhLBgzlIUj+zNnaHeWjOrJktFdmTXkA2YM+guzh3ZkYp+/MLb7n+VAvHjyYOZNHMisMf2ZOrI3E4f3ZcKIvm1+1wqFQqFQKBSK35a2/iikUCh+pZ8KkVK4fG5/q7D60mOk6Nk6zLaOsK1CasuxTZH1p+JoC+mxreN06+d4YUavoAq3qvM/u91Efi5p/4vP1/z6pMeJUXpvUtyVjm8O2s37mh/T6nW3jsHPn+/lY1X3N72+5x6jUCgUCoWiLb8qAPfq149FS+Zx9swBfFzOEx94kczQc+SEaJMbpE2O3zmyfS+R5WtJpredvIRzYZgDBRGu5ER6kRruS0yoH5HBAUSHBRER7E2Alz3ejsb42usT5KSLh8VxPC1O4GF2Gk+zswTa6BHjbkxGkDTz15LCKCsKI20pCJfO7UJRqMSZgmBH8Xy24vnFc0uzd6VZvB6XSHXXI8XtAsmu50lyPUeSyzkSHbVJcNAm3v4Mifaq7UQhSQrBjjokO50lxfk8qeJxGeLx6R6GgrEsw9NEPn+Wt5ks28ecHPGc0pgfYE1BoK28xLI0wzY3wOE5eVKs9rMTn49q2egMHztZurctWT425PpIAfh5eb5SBFaRZgSrZgXbUxLgyI0IP+6kxfBZQTqfFabzqCCVR4Vp3M1L4WFRBo9KsnhQnMH9onQeStElL5nGnCTV/YWp3MuNozzSnQwPE9LdDEgV7znbQ5cst/NkOOtQ4HmRQlcdioQS93OUep6j3Os8V7wvcMPnonCBCt8LVPrrUhusz+0wQ+6EGQsmquWXIy2RloWWrg8sLQctUUXgZqoA/Gw557Y1x97GcPEYoSX+thGAf+oawD8VeptvvyREFXh/jhR+G6TwKzP4yQCsCr4qlZ463PLQodJDi2p3Vfx9OfSebInB0u1n1wA+2jT79+Xw++Lt644HZc0zf1/0U/G32HK7sE324rWAf+rawPlm28g130aOxOxZBP41AfhFzQH4l0o23ChH3f+JWL1NxAitA3CUwSYiDTYTIcZwfTEabhW2EHhxPd5nluN2ZD5umvNw0ZwjSBFYODwbF42ZOB+a3hSCp8ikEGx/cKKsOQBLyz9LrA9Is4ClECxFXtVMX5VJmO+f2Oq2ZIqsOQBbq8+SNYdgUzkAT8Vg1yR0t0sBeALntk1EZ+tEtLdOQWfbdLS3zxRmcUYad8xGR5oBvHOOPDP41NYZ8tj6Z//P0dyxnYNbNrNx+WI2rVqIwfkjqO1awY5ti/hk5SQ01NdgbnqSzJRAkqJ8KRA/sxJD/EgODSItOpId4rGampqywMBAtonzzV+wiE2bt3LqtBYaR09w+96nPH76N27ff8KDT78nI/smcQlllF7/lKwrd8m+eY/8qkcU1apC8OWGJ1yu/YaS6r9xueoflFT+g8sVP1Ba+Veu1X1DxZ0nVD14TNWjr6gS56t4KM0U/kGOxqUN38nLSRdWPyG/8jF5tz6noFKct/JTyms+lwNwzd0vaXz4lDuPviWl4CbnLT240vhEvI4H5FY9pnkGcGbVVySV3yPz5iPC0sXrrXnE7MVr6TNgJD16D2LBghVMnjyXRQtXyks3r1+0kE9vXMX06CHmDOzF9vmzWD5+LIvHj2PVtBksmTCR4R99xKbpU9gybSJbZ09h/bxZrJozk6XTJrNg3ChmDhvAtEG9mTGouxyAP5kyjK3zx7NkbF8Gf/g6fd/pwMhu7zBD3Ld48hAGd3+Hgb3eZVDvvzC470cM7t+ZwQO7tPldKxQKhUKhUCh+W9r6o5BCofiV/j8fgJ+Pvs3k8NryGlqds9UxzYG4ZTauTDqntP/ZeaOsxXZCc/BVvV4rcf6Wx/0HAvCLr1WhUCgUCsXLflUA/nj4QD4a1JuP+nxMn0FdWLxgLCcOriFACqc+l8gOMiUvxIzcIBOy/Y3I8r5Ero8RBUFWZAfYkuhtS5SnPeFezgS5ORHo7oSvix1e9hZ42png42CEj50OXlZncDPTwtVYGzejM3gYn8TT5DDBtsdI9j5PbogxReE2lIQ7UhiqUhLhwuUoV7HPiYJgKcJakuVjQqa3Eeme+qS66ZHscoEkZ/Fa7bVIsDtDgu0Z4m1Py9st+5q2JUkO2qQ4nSXNRY80NwN5pmyGuyEZHkZkexqT5SXep7epeI9mFAZaUxxkw+UQO65EulAsXlNBkAP5gQ4UBjmSL7Zz/O3ICbAXHORrBWf5O8gy/cToK/b7iPtbPB+AC8RYKMZCf1uKJH72lAe7URrkxq3oQB7mJvGZPPM3QZ7xe79AWu45VQ6/j0qz5fF+YToPCtK4J469mx3Pw4JEIY5bCT7kiPeS5WFAprsuOR56wkWyXc+R76JDgVDkdpZiKQJ7SBH43HMBuMr/AjWButQH69MYYsjtUGPuhptyN8Kce/JsYEsVOQJLM4GbZwNLS0LbypH37s+4EyGOkWKvFH//TQB+aQZw0yzgtuLv/zYAN0qaZv4+F4D99WiQrv3bvPyzr0qtdP1fafln6fq/QrXnWUH7fxmAVUtAt176WfLi7euOqgjcOvq21joAS6QArLJDeDkCv6h1BJYCcF6TXLMtKqabyTHdSLbJBmEdWSZryZKuAyxkGknW/WIZRutJM9pAqtHGXyzFaBNJRlv+R6QZwLFNs4BjDLYQLURJo+E2IppEGm0nwmQHoYbbCbywHs+Ty3A9PB8njTk4a0pm46wxS5iJi8azACzFX6dDk54LwHYHJmGz//kAbLm/eZavFHlVAdhCWhq6aZ9MWgJauv7v/qlY7Z8uHictAz1D3G5aBlptOiZ7p2K4ezIGOyehu2MiF3dM5ty2SZzdNpmz26dyducMdHbOQnvnTDHOFuagtX0Wp7ZM58SmqZzYOKXN3wFt6dexI6P79qFvpw+ZN3UMOzYtxfTSMfr3fZc/v9uOkye2k5EaBHwlfAPfP+HvT77kTkUlN4pKCfELwMXBEVtLC/TO67B50zrmzJ5OWlqKOF71fw/uf86PP8I//wl/+ys8evg3qqofk1tUS861h0TnVpJc0kB8QRWJRTWEpV8jOPEaBTe/Jq3gc65UQdG1H8gte0pO2WMKb3zGrXvfUlT1gNL6JxTVfyNfRzir4nNSyh8SV9JITEED0QW1RGTdks9dWvsVt7+Ez78Vz//kX9z77K/ce/w3IlOLsfePk2cJ51V+SnHD15Tf/zuFt/8mXwu4oO5rOQBHZF4h91oD/uFJXDQQv/N8gnnvgy4Ymtqha2CGhbE5Fvq6ZEeGsmfVYgZ/9DZrZ09hzqhhTB4ykGXTprN23jyWTZrIorEjOL1tPaunjmfXmjUcU1Nn0/KVrJg1k81LF9Djnd8zZXBvBnV8m5HdP6D/B28yvm9nZo8axJjencV39g7TRw1kQKd3mDWsL4P+Iu7v3YVxvbvS9y/vMLpn9za/a4VCoVAoF"
36551 [Forwarding screenshot on session b1310904-d161-49ca-a1a6-530fba7baea8 to remote] DEBUG org.apache.http.wire  - http-outgoing-101 << "ArFb0tbfxRSKBS/0k8F4KZQ2hIqWx/XxmOk2Pr8ssfNgVUVPP9PloBu5fnw2uq1SudsFWSbj5PGZ9H1+QgrH9PqvarCcavnfe79PP/cz78OyQuBV/qsfvY9KhQKhUKh+Cm/KgD/fkA33hrck/eG9KPj4IF07tefrj1607NrVxZOn8SlU2pEeV0iK9KM3CgjCsJNyQsyJ8vXlNxAGwrDXCkI8yQt0JVINxuCHC3xtDLB2cwAR8HJQh9XS21czE7jaqqNp/kFvMzO4WF0HA/Dg3gZ7cXHeBdB5mrEO54mx8+YwlBpNrCjOLcjxZHOXI52oTTKlVKxXRhkQ36gNTnS8szSrGB3Q9LcdFWzfu3OEGdz6jnSPjkI26pCsBSAkx11SHE6T6rzBUGXdFc9Mt0NyHS7RLbHJfLFe7scZM3VCAdqk324lxXM7fRAqpL9KI90Jc/fmlw/GzkG5wbYkR2gukawHIADnpGWhM71bWYv2JHXRArAhVIAliOwdYvyYGfKglwoC3blRqS3eN4oHl/O4GFxGvcKUuXlnu8XZ/CgJJN7Rek8KEzj85J0PhX772bHcj83hk8L43hcFEd1gjdp4v1luuuTLaQ7nyPPU58cFx1y5Qh8Vr4mcLG7DpcFaQloVQA+R5Xfear9z1EbeIH6YD0agpsjsJk8C7d5SWhpdu7tSImVHG0bBFW8VQXeF/1UAG6eCSyLsBak8CuxpPGF5Z7vhqo0h93m8NsgCTZuuf2S4FbLO/+E5vhbH2gga/TTlTX4XpTVi89HUuslPhsp/nqelVV76PwvA/AxKlyOyBH4prMUgTW54SRFXyn+Pn/7uqMqAktLQbe+BnDr+NuseRZw80xgKQA3aw7BbQXhlghsvl0mheB8863kmW2R5ZpuEjaSY7JOlm28tpX1v1im8QbSjTeSZrz5F0sx3kKy8VaSTX65eIMtxAmxlyTbiBGiJcY7iRIijHYQLn7+RJjuIdJsLxEmuwm8sAG3o0twUJ+D46E5OGvMwenQLFw0BY3mpaClADwJR3VV/G0dgG2bArBV0/LPlq1DryAFYdXM4KnP7J8ms1RrCsD7Z8gs1aZjvncqZvumYrp3Csa7J8kBWKK3cwoXdkzi/I7JXNg5jQu7ZnBu90xBir+z0No2kzNbZ8ijNDNY0tbvgLbMHDuelXPnMmbQAKZPGMHcmeM4ormdFStn0qvv+xianEH/kvi5mhBGdlYq8dFRFOUWUl5YTkpsKo1VjVwtKScjKQl/L3c0Du5mxowJeHu5UlNdSU1VPXm5l6mrecTVK/V89eWPPPkKvv0rfP4Ecq9/RnhGFTliLKl9QmHV5/KyzVlXHpJR+oiCq99SePV70guekJT3OdnlT0kuvE9R5Veklt4mvqRRDr6xxbeJKKwnJLeawMxKAjJuEZheIYfg5Mt3KLj1JTfu/pXqh99Tee9bqm8/pfb+t0SkFMkBuLDyEZnX75F+/QGp1x4SVdxIWH4tkfl1ckgOS79CekkNtz//G3c+/YbE1Dz++M4H+ITFc/lmLZm5BfiJ95+XmoCbpSEORueJD/IiMsCbhIgwdM9oMXbIUAx1tNi4ZCHzxw1n9dxZjB8xnjEjJzFq8ChWLVnGmCEDmTd1AmsWzWFE3+6M7N2DORPHM6JPHwb16E639//C9PFjWDB7KsP6dmN4l45M7dubyf36Mqpbd3Fb7Oveq83vWqFQKBQKhULx29LWH4UUCsWv9JMBWJDDp2oW7XMRs83HqCKsfKx2+XPB9Ln7Xgi6Lcs4/2SEbjsAv3jOcS3RVRVgVfslrWNzq/2to+2LIbqtaCvva3psq9f6cgAWWj+X/Fm0Ppf0+n7qPSkUCoVCoWjtVwXg98YO5d1RQ3h76FDeHjSSd/qP5r0+I/lzt4G893E3Puz4Hv37f8jKZWPQO7cFP5ezJIbYUpDgQX60C+kB1vJM4KJwF/JDXcjwdyDa3ZIAeyNczC5ia6iNs5k2TsancTLSxs3kHO7GZ3A10MTT6ABeRjvx0t+Ip+4G/PW3EmZ2kESX86QFmJMTYkNBpCPF0c7yTGCJFIIvR0pLRDtSGGRPfoANeX5WcsyVZvYm2mvJwVeKv7HWJ2UxVifksTkISxE4yV6bZCHF4SxpTudIF4/PdNUlw+UieV6GFPubUxZsyVdXEuBppfhfWTf5190yvihLkmcDZ3qZkeNrRbafDZl+tmTI7FtxJMvXiWyJnwM5TTH4uQDcFH2LfCVWqtHHissB9hT7iWO8rSkLcaE6KZg7ubE8KErh0eV0Hgj3pCBcks4jse9xSTJfFCXyKC+WT/NjeJgbxafC09JE7meFiPMYi/elS5607LV4r9niO8xujsCu2hS6alEkSLOArwk3vM9SKUfgs7Ja/wvUB+rJgVS6Tq48EzjcnDtN1wZWBeDnQ7Bq9u7L7kbayJpvqyKvFY3h1q0i8LMA3Bhm8bMBuHXgleLvzwfgtqNvsxfjb32A/nPxt3UAloOvUOWuLat00xKk+Pv/LgA3R+DW1/5tHYCbqULwjhZtheAXI3BzAJYjsPnWVhFYFYBzTde/EIGlse3Y25as/00ANtkitB16f0qi4TZhu7CDeKMdxEmMdxFjvIdoIUIIM9pNuOleoiwOEGelTpTpHnx11uB0ZAH2UvzVnIvLEeHFACxdA/h/E4APTPnJAKyiCsBS/LXYN00OwCZ7JmK0azyGO8ehv2O8MAF9aTnonZO5uGsqurtnoLtnljCb85Ldc9DZMRvtbTM5u3OOuD2Pc7vmtvk7oC1/bPcqM8ZPYEj/PixZMJedOzbTr393Xvtje/70/lv84d0/0O71DvzuT2/y1p/f58/vd6ZLt0F83HkAI4dP5ZV2v6dnp14snjufE4cPif9BupXZsydjYW5ESkoKTo7uXLpkg7mFF7v3nMHdKxYP7xjCIjMIjsrFMSAXbYswbP0yCEopJzLrOmUNX3G18RsuVz6h6p54nRU/kF32LRml33L9NmRe+Zob96Gw9m/k135Dbp1Q+y05dd+SLW5n137XIuPWU7JufUV+9Tfy8tDljd9SVveEGw1Pqbr/HSGJhTgFJcrXAL756Acqv4Cap1DxFdwUrjwSHvyLa/e+J+/mfcprPiX/SjUhsWksW7+DLRqnUTtzkS1q6nj6+vDlF58S4O2Kl6s9ft5ueHi4YWNrj/Z5XfoPHsb7739Iv149GdKnJ9MmTKJv35F83GUw773XjTff+jPvvPMOgwb25aO/vMuf/vB7+vfqx4d/7ig+5zf4wxvv0K1rb9q160C79u3o168Pr7Zrx1uvvsabr/+OP7/1Lr97/Y+81uH3bX7XCoVCoVAoFIrflrb+KKRQKP4/6MWgqlAoFAqFQvG/8KsC8J9HjOXd4WP407Ax/HHwGH4/aDRvDhb6D+WtPv35U49uvN31Q97v+j5den/EiHH9WbFmNme19+EvLZ0cbk9RpAPFYTYUh1qLUYrBzuRGuJAcaE+klyUeNhdwsziPi8k5nA20cbt0Ck/Do3gYSLN/txNsuo1g4y0EXtqEv95mvPR3y8tDh9hpk+htRG6YHZej3SiP9aA8xoOyaE/KooRID0rDJa7k+ZmR4y1ej3R9YOdzJDroEG+nRYz1KaKtThJleUImbUv74oQEm9Mk2p6RQ3Cq41l5hmym60VyPQ3I8dCXx9uZ/vytIY9/fXoFvrjF93UFVCX5kuFpKpiR5mlOmrcVaT7Wgi3pvnZNHMjyk+KvMzn+TuT6OYrX6Ei+n71gR4E8A9hasKLQx5JCb4mFYE6BlznF4r7SYAdKghzE42y4Ge9HbWYE94qS5AB8XwrBpel8JsXf4gQeN836/Sw/mupYT66L7+DT3HC+LU+Wx7Iga7Jc9Mn3vCTG82S7niVHyBMKmgLwZXdtyj20uO6lzS1fnaYArEO13zlq/S9SH/hsOWg5xoabcTvCnMYIi1YsZVK8vdOGexE2srtSDJYisNgnHdsQZv2MdFue+WtJQ6i5YEajFHub3A6RPAu7zTN/JfVBRi3bLwlqvbxz21rir1AnLf/cHH+bwq+kzvt8S/h9Fn+1uOUmhd//fAC+5nCAa47PZgG/GH9bexaCd8p+LgQ/F4Etd"
36551 [Forwarding screenshot on session b1310904-d161-49ca-a1a6-530fba7baea8 to remote] DEBUG org.apache.http.wire  - http-outgoing-101 << "rSKwKpZwKoIvJlcOQKvfy4C55hI2xt+sWyTTWQI6SZbfrFU063CNlL+B5KMtgs7hJ0kGu8iXmKym1jTvcSYqRFjcZBI8/1EiO1oy0PE22iSaH2IKHGM37l1uBxbLAdg58NzcJVoNi0DLS3/fHAijgcn4HCg7QBsKUYLNWlsHX+nYnVwKtYHpwjTWpmO9YFmM2WtZwAb75rQEoANdk7g0q6JGOyejP7uqcI09PfOQH/fbPT2zeGioKs2j4t7peg7hwti1N23gHO757T5O6AtQ/sPpOP7HzBy+Ah2797Nnv1qDB09mgmzZjN53gImLVhMn5HjOaSlh0tAHOqnjXANSKKs6gvKbj7iwd2/UnX9NmGB4VhbWrFl63omTB6DsakRBSVl3Ky6R1HZbXKKbqOj50l+6UPSCuvJv3qX/GuPuHkfsm58R/q1zylt+IbSxi+59ek35Nyo53rjEy5Xfkne9S/Jvf4tKSVfUVYHSSVPufYAiushu/pbMmuekFEl1HxDVt13ZNZ/L8uo+4Gs2h/EfeKYym/JFWNu5VPybn1FcfVTOTIHJxTgFpKoupbwp3/n5mf/QrwUSh/+KLv2GAoa/iYvBV3W+C3Vn/2dG3e+IjH3CiOmLWT78fPsOH2BvSd08I+MJiMnm487fyg+y514+/vhERCMtYsnqfnlJGQV067D7/EJDKWqupa6xoeUVzziunj90ckFTJm9mOzCQsxtrVm7cQOevgG89daHeHiFU1BUyaixczAwdeSSpQNmDo70HT6ME1pnycwrZN3m7YyeMhOv4Bi8Q+Pa/K4VCoVCoVAoFL8tbf1RSKFQ/Dots1oV/3/T1veiUCgUCoXiVwbgd4bNEKbx9ogpvDVyEn8YOY43ho/k1cGDeXXAAF7v248/9O7Pmz3781a3vvyxaxfe7vkRnfp9zLCRPVmzbDJm2rtI8jakItWL8lhnOQgXRjmRF+NKTowbWVFuJAc5EeZshofxWVz0juFhoIG30X7cdDdjf3oZNkfn43hyCX56m/Ax3IOz3j7sL+7GRX8/gVYnSfQ0JDfYltJod8qjPQUvrsT4CL5ci/ahLMKJklBb8gLMyfQyItVVn2TniyQ6nife/hyxtlpEWUsh+DhRFseJEWOc9QkSbE6RZKdFioNO00zg88JFstz0KQ2ypDzEhhuRTtzPDuHTwhgeFkRzJcKNNHdT0j0tSPeyJk3iY9MSgJtnAWf5O5Ht7yzLkUOwFIGloOsgR2Bp+ecCH2vBigJviSX5XuYq3oIUhv1tKA4Wj/G3pSTMlYqUYO4WJvFQmgUsxgcFcXxWGMcXJQk8LU3gTqovcabHiDA4yN0kLx7nhvJ5fgSPciO4HuVOor1qpnO22wVy3c4LTQHY7QxFLqcodTvFNc8zVLQOwL7nqPFrngV8SQ7A0uzb5gAsXaNXIgXg5m0p7N4Ne9n9CBvZvXBrmbTvjtAoyOFXHi2fC8D1Ic/P9H1Rc+CV4u//VQCuC9CnvlUAbh1/Jc8t/dwyE1jrFwZgKfwebwrAzdcA/s8E4Gd2C7teCsFtR+BtFFpufxaBxe3WAViaBZxnJs0ClmKuFH5/Pv7KS0ZLxGOym5luItN0MxmmW2SZJlvF+PPSzCTbSDPdLks1eza2bQfJxjtINJHsItF4Dwkme4g33UucmRoJVuokWh8mzkqDaAt1Yq015ACcZKcpfh4cJcpsL15aq7HXnIed+kxcjszD5fBsnDVVAdhZCsAHxv/bAGyhproGsBR/mwOwjbpk+jMHZ8hsxfPYqs/CWnJgpjiHdP3faZjsnihMwEiMhrsnYbRnCkb7pnFpr2Q6BvtmckltNgb756Av6O2fj+7+BVzYOx8D9cUYaS7nkvrSNn8HtGXOnHnMnTufSZOn07VXP7apabJ4zVb6jJrOxMUb0LUPICj9KkV10vVwv8Mz7gpxxfdJKHnAjTv/4lrFV5SX3sHLKwxbB1fUNNRZuGq5HCgvVzSQXSqUPSLt8hecMgylqOofZF5/Sl7VU/JrvyWp9Eux/XdSr31G6d2nlDTeJ7awAF07OyKzc8mrqOfq7adcv/tPCit/kKNvYtl3lN2XwiwU3f2Rgtvfk9v4PTm3fyDv7r/Iuwc5dyCr8V8UiuPy74rjpJnEYrtUuHz7n1wVY/VnEJVehm9kOvVf/ouax/+k6kvV7N+rnwtfqNR+jxyCb4jjrz/6B0+B+99Bu1f/THbVQx6I29K+ms++IrO4hFfe/CO+QaHc/+opdZ99zf2/wj2h/smPtHvlHW7e/ZLGz77hzuPvxTHw5d+huOIB/UZP5m/iPJbOTuI7WE3N/Yes36pO/f2/cV+8jlFTVxKTUU7e9VoefP93nEJCMHJ0Eef9GlN3b44ZmXNXnODWF9+3+V0rFAqFQqFQKH5b2vqjkEKhUCgUCoVCofjv9KsC8O9Gz+AN4fWRU4UpvDZiEq8On8BrwutDx/P6oHG8PmAMr/cdxWt9RvBaj0G83q0nf+jWnbe7d+WDHp3o0u1D+vX+kPXLZuDvbERVcSI3siPIj/UgP8qV8jgPSsRYGOEkL+OcHWBNgNlRXHX34HxhB/baG7A6uUaM6/Ey3I2PoRqe+vtkbhf34HJhD64X1fDSVyfM6jTZ/pZci/cUvCiLcqMkwpkr0uzgaHd5iejiMBf5Gr1p7sZkeZmR6WFMmstFEu3PEGd9jBjLw2I8SrzdCVmC3Wl5WWhpCelU54ukOeuT6WZEjqcZBb7WFPvbUxokXnugM0X+TvJM3iwfR9K9HUgRUn2dBUdSfezlCJzha0OWIF0TONPPWdx2IkMcL80IzvV3IS9AmrHsTL54nIpTE0cKxOMLfGzk5Z8leV5WghSJ7SgJcJKvDXw9wovG1HCelmXx+Eo+j28Ucq8ggS+Ko3mc402M7mbSTXZxJ8WOL7I8eJgZwKPiBO5fzqI0LoBkF33SXC+Q53NJXgo62/EEBS4nKXI9TonLUUpdj1LufpzrPmeoDDhLhY8Ot3zOUhNwkfpgAxpDjJo0heCmpZml8Hu3OQaHmf8vWcgzfqXo+6K6YBNqg4xl9TJV8G1LXaAhtQGXZNJ2vdAQKF5zwM9r8BfH+l1S8X+2BHRzAG6+9m/bS0BrUdU0C7jGQ4taTykIn26KwMfF/Sqq6CvN+j3KLZfDVElcNal00ZDdcj4ku+FwgJuOB59T4aQKwNIy0FeEctt9lFrv4bLVbsps9sq3XyIFYnuVUrs9ssu2u59TYrNLVmy9U1ZktUNWaLGtJQA3Xwe49fWAc0yk6wFLozQreHOL7BdkScx+gnzMFrGtktliGxlCurlgtkMQt+VgrArC6U2kMCzdn2bebFeLJNOdJJruEfbKEsz2Eme6jxgTaQbwPuIsDsgzfpPsDpNsf4R08V2lOB0XPxeOkO2tTYSFGrbHlmJzZAFOxxfjcGQO9urTcTo0FZdDU3A+OF5sT5I5HJqIg/okVQxWl0wSJsuxVzXjt3npZ9Xs35b4e0gyU2anOVuMs7GSqM/C/MBMYRYm+6bKTNWmCzMwUZuF6f7ZGLdidGCuMA/jg/MxPrQUo8Mr0T+4lDM7Z6G5bgJqy0e2+TugLUNHjqJjl+5MnTWPLn2H0FH87P9zz5H87uPh/L7bOHzSKvHNqCW3HjLr4Lh1LKHFj+XtiPwH5JY+Jjv/NkbmXuia2rF5337mrPqEc+biZ+P126RcfkDqlackl/8dXed88hsgowZSKv8qz9AtbISqJ5B683NCc8vQsrVixb4tfDikO8t2riO1vJTiursU1jym4jPk8JsjHl90Bwpuw9XHYp/YX/jgR0HsfyT2fwq54rhMcX9q3Y+k1P6LTPH686THCHn1/6Kw4Ueu3v+RyLQyPEMTqXr4LTcf/JVb4nyVT1XLP18XY/49cZzYLrz3T7JqvsY5Mo/IvEp5ueh2r75PSP4tchu/pPz+E5KKr5GcV0SXfgNIyb9MWc1dLtd+yq0v/sGVB/8gruwO7V77kJLGp9SLc9Z89i8qxWu+JV5rcnE1UxZ9wt1vvsHI0Y45K1ZQff9Tlq3bizg1V2q/ZdzczSTkVyEeyv2//wsjdw9OmVki7sY+LIa1mif5XGwX3fuqze9aoVAoF"
36551 [Forwarding screenshot on session b1310904-d161-49ca-a1a6-530fba7baea8 to remote] DEBUG org.apache.http.wire  - http-outgoing-101 << "AqFQvHb0tYfhRQKhUKhUCgUCsV/p18VgF8dO4NXx0znlVHTeGXEVF4ZPoVXhVeGTuaVwZN4ZeAEXhkwng79xvFKv7G82mcUr/caxhu9hvD7ngN5s0df3unek79068IHnT6gY8d3GTeyP0fVtuDraExGhCdXkwO4lRbM1UQfSmLcKI1zF1zJCbUmxuUC/uZHCbA4RrDNcbyMDuCuvw+vSwfw0FPDTXcfrhelECzNFj6A6wU14QD+pidIcjemMNypaWlod9mVGA+uxnhyJUrsi3ClMMCWPF8LsqXr37qcJ9nhDEly9D1OvP0xVQC2PyXH4RQnHVIcz5Fkf06MF0l3NiDT1ZgcDzNyPS0p8rGnwMeBXB9HMr0dSfN2JkXi60KK2JfqbU+697MAnOkrbkuhWJACcKavE1l+zqplof1cyBWPy2tN7M8TzyFdIzjXR7xuca48LxtZobcdxb4OshLxGq4GuVETF8y9wgzulObIs4GflsXzJN+PdPM9xJ5fQ3WILn8tCeRpaTS3c2NoLM7kXmkulSkBpLnqk2inRb6nLnkuZ8hzkuKvKgCXOB/hstsxrnie5LqvFje9teUAXOV3ntpAPeqDL9EgXTc3xEgOwM8isLkcgO/8igAsxd+2ArAUf1sHYFUEbjv+Sl4MwJKGNoJva1L8fTkAq2YBN8/+/XcBuNpdS46/kudmArudaArAx+QAfMtVteyzFICbw2/r+CuRYu+LAViKwvI1gKUAbKfWEnl/Mv5K7MT9LwTgFyNwcwBujsAtAdjy2QzglwOwKvb+uwDcOvZmmj/T+phscZ9EFYG3kinbRob5dvHfsyAH4O1kiPsz5QgsxWCVNOk+852kyaTwu1uWYiHZR7KFGsmW+8W4nyQh0fIgydaHSLHVJMXuCKn2R0lzOEaq43E5/qa4nCLNQ5sMr7Ni1CLIZC9WR5dgpTEPh6PzcDo6ByeNqTgdnNASgB2bPAvAqvhrd3ByU/hVsWwVgJupIvAMVQTWmCXHX0sp/h6ciZlgekBQmyGI2/vF9v7ZmB2YIzOVHJyLiWw+JuoLhIUY7F/IRTUxaizH5OgnWJxch6325jZ/B7Slc4/eTJo1lzFT5/Cnj/vSZcgUug6fz8SVh9C2T0DHJQPHxAaMgq+j5Z7PNt0QbOLr0Q8swyWhHr+YSsLib3JK14nz5i5sOXySeZu2c/iSNeEFNXinVOORclcc+ykaFtk4p36GXfI9TKJuYpNQhWtSDYFZDThEZaNt50SfaWPpPqEvb/b+E8Pnj0TT4DQauhfYe9aAiLxq4so/E74mOP9LYq98R0zZp0SU3CYwv15oJKjwHgFF9/HKvYdbxh3cM+/Ko4cYfXIf4pdzH9+suwTl3CNKHBcYl4+VWxAZpdXE5N4gPKeCkNxqfDJu4Z5agUdaFSZBeZiF5OGbWYlrfCk+qdfwS7lCu1c7in03CS+qJSznKhFZpTj6hfF+976EJGZRWvcZ1x/8jasP/8n1LyC18gntO40m5vId+VrDJXXfcf0e3LgLCYXVLN+uxtXbjRg62jH3k08oulXNZrWT3BbHJhfeoc+YpXhE5XH902+5+unnXPLwYPW+Q8QWlOEYHMtpM0fqvoHi20oAVigUCoVCofhv0NYfhRQKhUKhUCgUCsV/p18VgF+R4u/oZwG4gxR/h02mw+CJtB80gQ4DxvNKf5VXm/Ubx6t9R/Na7xG83nMIv+s+gD927c07XXvwUY8efNilEx07daR/v15MnTiao3vW42urT2FiEKVpIRQm+FKU4M3lJF+KEzwpinGlINKBdH9Twuy18DI5jPsljSaauBkIeho4XziIy0V1vAyO4aaridM5dXyMTxHrpEe2rwnFIdZci3HhZpwnN2LcuRbpyo0od65GOHM5yIY8byMyXC+Q6qhDkuNp4h1PEu9winj7k3IETnLQkiU7apMijkl1kq4LfIEMl4tkOOuR62FOtocVmZ62pHvakeYlzQB2JFmQxhQvaZ8d6d42ZErLQXvZkuqlisDSTGApAEshWJ4N7ONEjrdKro+ziri/dQCWiXNJATjf04YCcT6Zhw1F4nlKA1y4FhvEvZJMvrqewxclsfz9WhwVIUbEXtrJ7Xgbvi4K4durSTwoTKAuN5G7Rel8ejmZutQAMl31yXQ5T6H7OQqcT1PscoISl2MUOx+Rx8uuxylzP8VVjzPclK4L7HOWav8L1AbqysskNwQbyUswy+QQbNairbgraQ68P+fF6Pti/K0JNBKvQRV5f44Uf2v8DZ7NAg5QBd6f0xx/63wNxCjFX2kG8LPln6X4Ky393Bx+X1TrqS3H3ypp5m/Tks+qEHxS7GsdgY+oNAXgW03xV4q+zVrflsKv5HpT+JU0h+B/54q9GuUOkn2y5hj874JwcwhuHYGfLQX9fASWtOwTclrJNt9ClsTieTniPLlNpO0cC8k2si22CztkWRY7ybTYJcsw30m6+Q4xqoJvuvkuWarFbtIt9pBmuYdUy71i3CePKdJodYBU64NilBySJVtrkCbN9nU8RrrDCTGeJM3ppPi3fopU8e8gU3zHWT66pIrvMy/AQPxsuUCQ0U6sNOZjpzkHp8OzcFSfhNOB8bgemtgUgCe3cBDsD03B7uAUbOXYK8XfqTILQbomsLStCsDTsVaf0aI5/soBWH02ZgdnyaRZwOYHZmNxcC7mgoX6PGE+5odUTA8txExjkcxccymWx1Zhc2aDsBHLk+swO7Ya06OftPk7oC0jp81n52FtJi/eyNs9xtBp2HyW7zXAxK8QXa8CznoUYh5Zh2FYFQahVWzWi8AkroELgVexiqrE1jcPn7BCDmmZc8bYiY3qp5n+yVa2HNfHKaoE59gq7KPqsQ67wzGbIqyi72OX/BCz6Fpc0h+I+2rxSKghKKsKM78IPhg2iIEzR9J/5gD6TOtNr8l9eWdgF37Xuw96nuF4pN0ipOgr7OPuEVr6d6KuPSW0/D4BRXfwL75HYMmnBJR8gVfBY1yyHuGR+yVu2Y/xyP4Mnzwh9z7euY0EFt4mulSMiXlYuQeQXlZHfGEtSeUPSan4hvgbfyX6xg8kVP1I1PXvSaj+Xjy+kYD8GjJqxfmS8mn3XjdcU0qJvnqX0PxbZN+8i0NALGNnL8M7OoPwrHKCMq+RcPURLklX8cqq5s/DFxIizhOUVUNk3h3Csu6Qce1rXCML6Tdxgdiu4vglEyYtXEFK0Q2mL9lCclEjyYV36TxkHj5xpfinXCb5Wi1n7dw4ZmBNcHIRura+rN53WpyzmrCc6ja/a4VCoVAoFArFb0tbfxRSKBQKhUKhUCgU/51+XQAePVOYQYeR0+kwfBodhk3jlaFTaT9oEu0GTqTDgIm80r9J3wm0F9r1nUi7PhNp32ccr/Qex6u9RvNGz2G81nkAr3fsze869uTtrn14v+cAPu7Vhy5dPqRzx3eYOmE4ulqHiQ/3Jj81nKK0UAoT/CmI9+Zyog9Xkn25HO9OTrgjcZ5meJudxv7CIZmbwTE8DE/gonsY14tHcNc7jqfBSVwuHMHuzB4C9PcRa32YHM+LlIZYcDPGhRpxzooYD25Gu3Mjyo1rES6Uh9hREmhFlvclUt3Pk+R6lgQnbeIdzpBgf5Ikh9OkOWuTLvbJnLVUnM6S4WJAuqsRqW4mpLhbkeJhS4qnneDQxJ5UOQzbkeFlL49p3g4tAVia/SsHYG/By4FsL0dZSwT2FaOvA3nSLGNvexVxjjwh19OWfDEWiPNKCsV5i3zFecRrSPW0pjY9gq+vpfNVaSzfXY3n6eVovr+RxOOiSJ5eTeXrm7k8KE7nTn4SjwoT+bI0mU/zIshyvkiesxSAtShyOS2coNj5uCCNx+QoXO52iusep56PwNI1cqXr5gYbtlxjtzkGSzOC24q/kraCb2u/JP42ezH4ttYcf5tJ+6QA/HPq/C+p+BlQK/HXE9u61PpeoMbnPNXe56j2OkuVcMtDfBZtqBH31XjqUOl+mlvSzF9pBrCHSqW7dPuE2H9cVuGmisCVzodlt5w0BQ0qHFWkfRVNt2/YqwsHuWYrzQA+KLvmoC5fE/j5awS/7JrjAa447G9RLgVhoUyaGdxKqe1e2WWbP"
36551 [Forwarding screenshot on session b1310904-d161-49ca-a1a6-530fba7baea8 to remote] DEBUG org.apache.http.wire  - http-outgoing-101 << "S/NBpavCSz8dAQW26ZiX5Mcs2eyxbFZbWiJv03hVxV/nwXg5vArx1/LJlZ7yLTaS7qQYblPjPtIs95HhvUB0oU0G2k8KI9pNupN8feQOEaDVJvDpNpKjpBuf5wMRyn6nhH/rrXIdNUmy/0sWR7nyfbRJcvXgEwfPXLFfw/5gQbi3+g5vM9vwOHwPOwOTsNJfQouByfgrjFJbEvhd6rMQaPJoenYqjdf63caVuIxEssDYhSsD7QOv6pZvypzsdSYi8WhOU2RV8Xy0PwmC7DSWIi15iKsNJe0sDyyXGZ1VIxHV2Autk2PrMDi+Gp5eX2rU2ux1drQ5u+AtoxatJfFey5wyMif0cvU0TSL4KxrJicd0jEJvYm2VwnHXPI563cFw+haVmr745D9mJ1mCVjFVGDlHY9veDILVm1F29AeTR1z1u/TYfGmE/jE3MTMowCPqAZOmqShoZ+AmW8Fhj7XuOh2GSPPa5i4V+AZ9RADpxz0HeMZv3QjH48azsA5o+k7eyDvDnuP98d1Y8TqRdglZGIaUSLPItYLeIhD+g/YZtzBLqsax9wGbDPrcMy5j236A6xTPsUs7hFW8Z9jm/QFFrG3MY+twiG1Avu0y9imZOKdlUNAUhp6Vk74x+cTlFaBa3wNbumfE1UBVslPsEn/Bvvsb7BMvoNp3FWCyupxTssisDCPd4YPE+fPwDI2F9fUEnzTS3GKSGPe5gOYeEeKc+XhJM5rHZOPW+YNzCLz6Tp1LU6xV7EOyMcvqRaflNuY+pdg7l9I9/Gf4Blbitppa2au2EdQXCkzl+7DO7JEKOUvfWZh7pGGe1Q5XvFXOXDOmb0nrQgU2zuPWLB4qw6+KTVYBBa0+V0rFAqFQqFQKH5b2vqjkEKhUCgUCoVCofjv9KsCcIdRM1SaAnD7YVPpMEQKwJPlCCwF4A79J9Chn9BnPO16TxAmCRNp10sygfa9x9Oh5xhe6z6KdwZM5h1plnCnQXT4oI8chN/p3JUPu3Xlgy6deL/j+wwdPpCN65djdkmHUG8HCpJCKU2LoDgxkKupoVxLD6co3p/0EBdivSwJsTfAw/g0TheO4Kp7FDfBQ/cInlIEFnz0NPA6t5GAi5sI0ttOuNEBkh20KfQ143q4MxXRHlQn+Ap+8uzg8ghnCkNtyQu2JMfPnHTPS6S4XiDZUUee/ZvqpEWao+B0mlRpdqDDCVLspe0LpDjpk+xkQLKLKcmuFiS7WZPqYUuyh70sxcNOjsDpng6kyUFYkGKwFIKbSbOCxf5McUyW0BKB5QDsSG4bAVhaejpf3Jbib744f554TsmVcE/y/cX53cypFJ/f/YJYvr2ZwxflaXx9PYvPShL57HIKX5Vn8kVpOl9fy+ZBfgL3cmL4rEDICaXAQ588Jx0KnU9T5HyKYomTNJ4Ut09S5nqKa+4nhdPc9NJSRWA/XeoCVRFYWnJZmg3cOgK3FX8lzYH357QVfl8MwNUBz5Z4bkvr+CuR9rUE3n9Djr9CjRx/Lz4XgKX4W+mpQ4W7lqx1/JX2V3uKz0ZaGtpDi0r3M3IAlsJv6wDcEoHdj4rxKJWuR6hyOUKlNBtYCsFNMViKvzcdBYdDMikCXxdU4VcVd6Xwe9NZs0VzDG7tutMhrjoekLVEYGlGcFMIlmOwfVMEbgrBv2QmcJ6kKQLnmYl9ZuK+JrnmzzwLu8/LtdxGniCNueLckhzLHcJOYRdZlrubSNFXIoVeNWE/6Tb7VaMcew+SYatOuq0GqXYaYtSUx1QxptmopNseJt3uKOn2x4QTZIn/1rNdtch2P0uOxznxb+wC+V565PsYkONziVx/I4pCzMnw1iPBUfzbdzmFv94WHA7Px+HQTFw1Z+CqPkk1A7hVAHbUnCZMx0FzJnYaM4SZ2MrLO0uhd6bMRrBVnyX2CRqzsNWYi42mZB7WGvOx0myiIcXeBVgK1pqq6GtzeLGwBNsj0nWJl8usj60QVmFzXPIJ1oLtqbXYndmAvdYGbE6vw+rEaiyFtn4HtGXXSTtOmASy/5wr09cd46hJAPt1vThlFcF2bWe2Cqcd42Rq4r5lh80445bCGZdkNEy80NDW59wlYybNXMhFQ1u27D7O5Nnr2bDrHPqW4Vi5Z3LRIhpdq3hOGYbiEFCCsWsmHlE3OX4pjLOmKZzSj8YrooJL9jFctPFhnfohBs0aS69p/flg9EcMWTKG/abaWMfHoxeQhnHYTZzT/oZt0hMcpACcfQvzxCsYxVzGKrkSy/hqzKLrsY1/gFn4bVxTv8Ap+T6WUdewjivEIS0T95wUwkqyiEhPwTskkpSiCqLy6vDLuIdv7jfYJH6BecJXuBb8E9vMr7BMqcc65SoOqbmcdrYhuCiJdSf2c8LJDe+ca/hlXyH6cg2+CYXM+GQnZj5RWIUkYxOZSdjlepKqv8AmppB3h8zBM/GGHMdDUurwTKgiIOM2Rm7pDJyymeisRtS17Bk5eS3eQTnMWbKLkJhiolNvMnDscg6ctkXLOADHgHz0bCI5ctae0IRSDp2xZs2ec+I91BNRcLvN71qhUCgUCoVC8dvS1h+FFAqFQqFQKBQKxX+nXxmAZ9JhpDBiBh2GT6f90GlyAO4wWBg4mVcGTKZDv4mqmb+9xtGup2Q87Xq0Im637zGODt3H0qHTCDp8PIz2XUfyWvcx/K7HSN7o0pffd+7BW1178afO3Xnrw4580LkTAwb0Y/KEMezc+AnWBmdJCvakODmC8vQoylPDKU0OoTQpmOJYfzL8HYh1NibY4izeBsfxuHAIr4ua+OkdJUD/ECH62wg33EKowTYCLmwlUHcP4caHSba/QI6HKeUhzlTE+XIr3pdr0Z5ci/XhapwPJRHu5AXak+llRprbJdKcdUlzOk+60znSHXXIcNAiU0iXloZ2OEeS40VBj0TnS4KxYEaquzUp7jYku9kKdmLbnjQPRzkGJ4n9iW7WsmSxLc0aThX704RMD/vnAnCOt6MqAPs6kONjL8v2tiOnVQCWYvCzmcB2ZLmaUR4mXU/YlvxAZ3IDXWjIS+ZheS6fXcnj8RUxlmbw5EoWX5Wm8qQ0jc+KU3hUmMRnhXF8URDDo4xASr0vUeikTaHzGYpcnil2Pk2p6ymuuB3nqtsJeSZwhbeW6nrAAXrUBUqzaw2aZgOrZgLLIbiN+CtpK/i+6JfE318SgKv99GVyABbair0vaom/vuJxTQG4ZfavIEXetgJw8/5Kd+2W6wNXe4jPyeNM00zg1hH4ZMssYIm0JHSlFIKF5qWhpesDt57F21pz2G0dfn/ODWcNrjof5IpQ7nRAVua4/zmlDmqyy/b7ZCV2e2TFNrsoEgqtd1JgtYN8y+3kSfG2efaumWqZ59z/RQDOE+drlttiF9lWu4U9sizrvcI+WaYUf6XYK6TbStRJsz1Eqt0h0u00SbM7TKq9RLqur0q6vRR9j4p/x8fIcjxJltMpOf7muOnI4VeSLc369bggyxDbCY7ahFseI9D4kPg5swvbE+uw0FiG4Z6ZXNoxCftDs3E/OhcX9Sm4akzB8dA0ecavo8YMlcOzcDg8G3vBTlPFVmM2Nhpz5Fm+0mgr2GnOFeZje3hBEynyNluE1eFFWB9ZLGuOvrZHlmF7dLmwAttjK1uir+2JNdieXCusk9mcWCuswe7Uepn96fU4am1s83dAWy4Z2GNs6oKFlTsTpsxn/uK17NM4yXFtPXYePMyG3WpMXriE7kNGMXnRclbt2MugybNYvesAM5etZtO2ncyaPZclS1dyWvsC6zftZu3GPUycspgBw6Yxf9l2cS5zps1fy5gZSxg/ezmfbN/PwHHT+MNHPVi4ZhczlmzkpK4Fxy4Ys/+UFr1HDafDn9+g/6T+dBz2EcMXjGL65kVM2fQJdrFJ2MYUYB93A4f4m3ikXyekpFoOsEH5FUSVNRKQVYl5QB42wZexDb6Kb2IdXnEVOIbm4hqdgWtsLHZhnlgHOBKbEktIRCTBMcm4h6QQklFJbNlXuKXdw7/oKcZh17FJvCm264i5UYN/TjonLLTxTHDhgK4687bvwC02G7fIDBIKxPMnl7BkzV48Q1Pxi8vFMSSZo8bOmPjFc8ktmnZ/6ouedRie/"
36551 [Forwarding screenshot on session b1310904-d161-49ca-a1a6-530fba7baea8 to remote] DEBUG org.apache.http.wire  - http-outgoing-101 << "oWY28Zi6ZKAg18G+46YMHTsIowsfdi87Sjjxi/EQN+OYUMnc0hTB7WDWrR77X3efK8P73YcTM+B0/igyxBGjpvC5p07mTRrDkPGT+TAGR0O6Jxr87tWKBQKhUKhUPy2tPVHIYVCoVAoFAqFQvHf6VcG4Fl0GCmMEIbNoP3Q6bQfLM0AFgZMoX2/yfJyz9KM3/a9J9C+1zja9xR6jKVd9zEq3UbTruto2gsdmrTvMor2nSUjxPZgMQ7glc79+Z3w+4978lbHbvz5oy581KkL3bt2ZUi/viyYPhn1nVtxMdOnJCmUuuJUypJDKU8KoTozihtJgZRGuJPtbUGo6Un89TQJNjhCoK4aEYY7CLiwFv8LGwm6uF2Muwi4qCbGQwQZHCXa8hxZnpaUhblzNcqb6zEB3IwL41ZCGDdjg8R+T4r8Hcn3tibb3YQsV0PSnfRId9Ql0+EiGU66JDmcJ8HhgnCRBHtdEh0MSHQ0ItnZjGQXS1JcpRBsR6q7vRgdSXKzJcHVinhxnyRRbCe5ScfYimNsSXO1kaWL46QYLIXgTC97snwcyJZDsBM5PlIcdiDP25E8LwfymxSIYwvk0ZoiX2tyfWzIC3Ahy9+VnFA/ShOiuHs5j6e3SnlcnstXZRl8eyWdry4n82V5Fo9LM3iQF8tnudF8mR/Bl9nis/XUJc/hFCWuOmTbHRO3z5Frf5xip+OUOR+l3OWYHIFvep2h0leHav/z1AXpIS0D3RgiXQ/YmNuhJtwJe7aUc/PSzlL8vR1u8ZNLPTffbt73YvxtDsDN8VfSPLu3OfS+qPn+tgLxc/xfnjGsoifu06XG7wLVUgT2OUel91kqvc5S4aFNhac2tzx1VLxUKj2kGcKqZaJVs4XFMe6nqZCWhJZmA0ufnXBLWlJbfJY3XI+prg0szwo+pgrC7pITXHXQeMk14aazFIhfJu2/KS0b3Wr7htNhrjmLxwlXnA8J6pQ7SaQY/EyZo+QApQ6qGHzZfq+s2Ha3rHUELpCWgpZIEVfIlUbzbRSYi/uEfCHP4plcIUciz+59Jk+cT2VXixxrVfjNtNotR99sGzWyZPvJtDkgz/TNtNcky+EwGUK6/WHS7DTJkK7nK2SI/1bTnU+S4XyKTJeTZDoeJ9v5BLlup8kX31mekOOmLf59S0u7nyLJ/gSxVocJNzmIv/5uPM5uw/7kBswPr+LS/iWc3zUfrW0zObNpMqfWj+Xo8kEY7pqM85F5OB6agYs0y/egtOzzTOwFl2PzsNecrXJYCrxzsZUcnieoYq9dsyOSRTLbw5LF2B5Zgu1RiRR5hWPLsREcTqwUPsHh+CfYC3ZS9D2+WmZzQoq+67E9tQH7M5tlDlpbcNBWjY7ags5WnM9ub/N3QFsObt2Hr4M7x9UOMH3sGKaPG8m6FfMI9LZn5bLpLFwwju07l7J5y2LmLZzAuAmDePu9V1m3aSnLV85j1vRJrF6xlJlTJ6F78SzHjh5m5crlLF26lHbt2tGufZPX29FvSA9ee7Md542O4eZnzugp/Vm8di7zVsxlxcaVeAb5smv/Pt764D0+6tGZhWsWs3zLCrqP6EG30X14p38nxi0X+w5q4JacTWx5NZG5paSU3cQvMZ2A5EyisouIzinBLTiZwLhColJu4B9ZhI1LJJZOgbgHReDk54WhrSF6pjro6evg6GBDSEQ04QnppJVU4h1bSHTJbdySygnIrSA4/xpeaZmYBYjPyeQEn+xdwBnDXSxcP56l2z7BJyZaPE8qpddukpWdy8pVq1E/fATN06eYvngxo2bN4qylNaZuvrz6p4/E5/In4R1ef+1Deezw2ge8/rsPee/P3RkyaCxDB41m2MARDOwziKH9hrJg9kIWLVjK4EEj6NlzIN17DaZ335H06jeQDzu+ycDBHzJ8TDdmLhzDlr0rGTl1YJvftUKhUCgUCoXit6WtPwopFAqFQqFQKBSK/06/LgCPnEuHUXN4ZeQcOgybTfshM2g3aBrtB06nnRyAp9Cuz2TVUs+9JvNKz/G81nM0r3YfwyvdRtGhq9BlJO2FDp0l4naTVzqpxnZdRwojaNdlqLg9hFc/7s8bHfvIM73e7dSbDzr34MOOXej4cWd69+jNqIH9mDayP2fUtlKaEkFNUYo8C/hKUiBV6aHUpgfTmBnCzWg3Up10CdbfT7jRLtxOr8JDay3hxgcINTqE19l9YjyBn94R3HUO4nlOk3Dzc2R5WXMlwpeK2DAq48O4FRcqtkOoFmNlTDBlga4USjNv3SzJcDImw9GIdKdLJNo1xd+mAJxgrydIS0Ibk+RkSrKzJcku1qTIs4AdSJOu9evrJF8DWBozBfkawNI1gcV9z2b+OsnbEunawZneUgBWLQmdIxHH50qzg4V8ccwzDhR42wiW5Ikxx0+cJ8CDrEAfsoL8KIoK5XZ+Bt9VXuar0gw+z4/jr9cz+awknU9LUnlckswXxfE8KYrmm+IIvsr2o9xbl3yH0xRIM389z5HneJISl2OUOR+h3OWoHIBveJ7mlo82VX7nqA3UlePv7VBp+Wcj7oSZcCdcFXGbg27rCPyfDMBVvnqy/3EA/kn6LQFYjsC+51UBWJDirxyApejbtK/KR1oi+rys9XLRtzy0uOkmBd9T3BKfnRyAxXjT/SQ35OD7woxg9xNUeZzkutPhNlWI7+HfueV6TI7AUgC+4aTJNRcNrjaRQrAqAj+jCsAqUgRWzQTeq5oF3CoAF0oBuIkcgZtmBOdbbKfAfGeLPItncgXVss7PexZ/d7fIsd5Lru0+cu3UyLHdT7aQJY12B8SomvWbYachR+BMpyNku5wg1/UUmc4nWkhhVwrAUggu9j1HifheCry0yRaff4rdYWItDxKkvwPvs5twOb0G+6MrsdZYisn+BRjunYf+nnmc3zGbUxuncHjNeA6uGM3+ZcPZv2Sw0J9983tyaddkvHXE49SnY685C89Ti+VZvw6H5+J0ZB5Ox+bjeHQBDkfmy6HX/ugiHI6JY56ztIXdURWH48uxP75S5nBiFfYnV2F3crXYVrE/LpHi7xoVKfwKdqc3qsKv9lYcdbbhdHZ7k504n9uBy/lduF7Y0+bvgLZ4Glmgo7Yf9Q1rmD1qAPvWzcff+SJ2xgeZOvbPrF02kCXzu7NYfBaLF/Zm/ZpRbN00icOHlrF140zmzxjBzInD2LlxOWdP7efMsT1oHNzI7BlD2bt7KXm5gezYPpNx495j4qR3iYrR4+u/5vDkm1QWLO9Muzfa8eof2zFsdBeOn94vjhlL9x69GDFyrPg90ZWNW7excNVy3u78Hm92eY+9WppcdDBHx9YU95hw7D29CAyLxNbZEWdPV+xd7HDxdBbnOsWhI8fZtesgc+cup2/f4fTpM4RRo0YxZGh/BgzqyoSJg1myYDrjRw2je7cufPBxJ0ZPnc6YmfPJulaFd0Iykfm5RImfrSFpYbiH23LWVI0Vm0aybstwho59g+UbxmFoc5zoBCeuXYunpCCUnVtnM2F8Z8ZP6sr0uQOZMLsvI6b2lCP4795qx6DBnenT4316dP6Arh91ZkDvQfTp2oeh/QfT+b0PGNl/ANPGjKbzn9/hj+3a8Zc//I7+3bswdcJYenbtxF/ee5ePP+oo3ssAFi0cJH+u06Z/wJr1QzmutYx1W0e1+V0rFAqFQqFQKH5b2vqjkEKhUCgUCoVCofjv9KsC8CujFgjzeWXkPF4ZPo/2Q2bTftBM2g+YSbv+02nfdxrtek+lXa/JtO81hVelANx9JK91G8Wr3UbySpcRvNJ5OB2EVzqL7U5iX5NXBTkAdxkjjBZG0k4c06HTUF79eBCvftiPNzr25s2Pe/MnMf5JCsIfdOODDz+iV9eO9O/RmREDerJz3XJ87UzIifLjRnoktTmxVKQEUZHoT3VKABXxHmR7XiDO9gjBRgfw19uPn546QUZH8Th7AB/dIwQanSTA8AS++kdkoSbSks7GlPg7cys6gJr4UGoTQqlJCKM6LpibUf6UBntQ4O1Elpst6c4WJDsZkeJ8Sb4GcIqjvni8Lsn2+qQ4GJDkYEiCvTEJjmYkOluR7G4nLwGd7KGaBRwj9odbXyLQ9DwBxucIN"
36551 [Forwarding screenshot on session b1310904-d161-49ca-a1a6-530fba7baea8 to remote] DEBUG org.apache.http.wire  - http-outgoing-101 << "dcj1sZYnM+qZfavFIIzvBzkOJzl40S2rzPZYmyOxJLcVqQInOdlQ56PJbk+tk3B2I0cPy9y/L3FOTzEbXdqUqP5+mo2317N5POSZL68Kl0jWLomsNguiefLggg+y/Lju6IQHmd5ccVHl1yHE+TYHyff5VRLAJZcdTvOdY+T8jLQ0izgmoDzNITo0xh6SXY71KglALcVd/8vA3BzqH0xBP9k/A0ypKYNtcFGbQuSHqcn3uNFqv0vyMteV/qek6+BfMNTi5te2vK2tE+6v0YiXzNYWjpal2rvC/JsYGmJ6Jtup1UB2OOM2Cc+O68zVEjLaQvSstC33KQIrKJaJvr5fa1Vuv4yt1xOUOF8XBWCXQ4LmrLrzhqya06HWlx1VJddcTgok68N7LCPMvu9lNrtabkecOtrAjdfF1hFbFvsapFv+UyexGqXvLxza63Db671Xjn+ygHY7oBMCr+Z0uxf2wNk2x0U/01qkCdFXwdNMu0PqWYCO0oR+Bg5LifJcT1FjvicZe5nZMm2GiRa7yfadBeBeptx1/oEh2NL5Gvrmu6fjcGuaVzcPpnz2yZxbstEtDZO4KQ003fNaA6tGIHasuHsWTKUXYuHsH3hQDEOZO2Uj9g1vweX1GZid3wxdppz8Dy9VA6/zscX4XpyCU7HFuIk7nM6IfafWCYsx+nkimek28elcaW4LflE5ig5tQbHM+tkTlrrcTqzEefTG3CSiG2nM5uEzeK+zThrb8VFZ7sceV0v7Mbt4l7cdffhLn4GuutLDuJhcBCvS4fwNtJs83dAWxaPm8r2JctYMnEs88YNpOd77XirQzuWz+3J/Bnvobl/PCuXfczuncNRV5/E2jX9mTX7Y4aP+D1zZ3Vn5uSerFw4hjFDPsBYVw1biyPs2DyFTetGYWW+Gz/v4+TlWGJtuZb9agNIiD+Kru4kzp4bRXzSEf5JAcPG/oHXft+Ort3/yPBhA/nog058+Jcu9O4xmMGDRjFt1lyWrVvNsg0r6TasN33GDaLz8N78vuPbjJ44nkWLFjFz1hRWr13MylVz0NbRYN++TaxatYjevXrwwV8+5A+v/ZG3fvcm7771J15p10723tuv86oY3/rda/zprT+qZiqL9/76u29xvaGG2s/vUVZ/lciMUGw8DbBwPsU5g82oaczA0nobAcHH2bl/HDp6K/D2PUp6qgn5mZbYmG3m4L7xaGpMw91bk5UbBnDi3HIummxB7dBcJk78gLEj3qVv9z/QT/z+mzJ6HD07dqbbBx/Sq+NHTBw+lPHicxg7pD+Denai05//SLeP3mH6pDEM7Nedzp0+4IP336Ff/4+ZN7ef+D46s2hxT2bP68zmbaPYvHNMm9+1QqFQKBQKheK3pa0/CikUCoVCoVAoFIr/Tr8qAL86eiGvjhJGLuCVYfPpMGQu7QfNpv2AWbTrP4P2fafTrvc02vWcSvteU3mlxwRe7T6aV7uN4pWuqlm/7Ts90+HjkbwiE/cL7TuNol3nMcJYYbSgWha6Q6fh/K7bSN7oPITXOkozgvvxh84DeLNzf97u1JO3P+zI+x93plO3bnTs+DF9enRlxsTR7Fq/Akejc1zLiqU6P4mrKaHU5cdQmxlAVao3pZGOpLobEm6hjb/hcQIuncRX7xjeuofxuqiBj54GfgYaBOipE6qvQZTpCZJtL5DvbcHNSA9qk4KoSw6lPiWSmuRIbsQEcznYmzxfF3J8pOv2WpLqYiQH4FQHaYloA3lMstcjzk5iSLyTubzcc4qnHWneDi2zgFPF7QQXS2IdzIi0NpQDcKKDuRyBM9zt5OsBSwE4Q3qMIIdgb6fnInDrAJwnjV52Yr+1YCf2SUtFO4v34kKupzMFPm4U+3uIYxy5GePP58UpPLmSyZfXsvniSgaflSTwRXEsX5dG87QwhHtJTnxfFsaXWR7cCDQg0+4IhW6nuex6nDKXw7IrrsfkACzNApYicLX/OXkZ6PpgfRpCDLgdaijPAq4LMW6Ju639XwbgusBnXozBreNvyzFtRd6f0yoAS5oDsKTCW+e5+FsbeFGeDV0nXRdZPHedFKF9danyviAvES0tGX3LU5tKLyn+ClJAF+MtT2k5aGl56FNUuJ+USctDy/vk8QXiuGr3079IlXTtYSkEu56gwvWo7KbERQrCqih83UmzxTVHDdlVx0NccdjPFcefjsDNIbhZkeUuYQ9FFioFYrtZvtUe8iTWL7AVbCR7ybXZJ8uxVSPX7tnM30xp9q/9QXIdNWXZdurkOGiQK15vnvNRWa74bzLb+Zi8HHSilTrRJnvFv+3tBF7cjKfWStxPSwFWWmJ5PhYHZ2GsNo1Lu6egt2MS57eO4+yWsWhtHMOJdSM4vma4PB5eNZT9SweyY0F/Ns3ry/o5vVk1ozurpndj7azurJj8ETsW98fy5ArcxHO4nliM49H5eGmtwuX4EhyOLsT55DJcTq3A+dRKQew//Yx8+9QnuJ5ejeuZNcI6mYvgrLUBF+1NuOpsxvXsFtzObcX97Dbcz23H4/wOPC/sEj/LduOpuwdPvX2CGl4G+/G+pI6PkQa+xpr4mhzF1+yYcAI/8xMEWJ4iyFqrzd8BbdmwZAvD+gxn9KCh9OzyIb17vMOsWf2YMaszqzcOYs3mAazY0IvNe0awaHUPdhyYjImDGqd017Nk1RCWLBnAPPE5zZr2MUc1FnBMYw6655azcN5fuHBuLieOjcPJcTXuLp8QF7OHA/s/YtWqdujo9KGs/BwHDo9hzabhbNw6lbffbcfrr7Sj84dd6NNtEF0/7k/Xzv2YMHEa46dOZfqCucxavoClm9cweck8Ji2cx/Q581mwcDFTpk3kk7WL2bBpKbkF8dx7UElFZQk3K65QXV1N1a1aGuvu8fWT7/jum+/57NGnPLz/gL9//y8ef/YVjQ33ePL0G779+9+pudfA1dobaBvroKG9n037lrNi01R2qs9nl9oM1qwfzNbtwzlwaAInzs7Cwm495harsbddj50YTQ0WY225GoNLizhvsJDDWtOwct2BnoV0feXJWIt/X6eOL+SNDu3kAC3F6D/94Y+MHj6MpQsXsHXjOpYvXsDaT5axYvki5s6ZLgfutRtWsW7jJ2zdtYV1m9eKz20lR47t4byuJk6ulzA0PY6Z1Sm0zu1q87tWKBQKhUKhUPy2tPVHIYVCoVAoFAqFQvHf6VcG4EUqIxfy6vAFdBg6jw6D5zQF4Jm07zujVQCeRvsek2jfbZysXVcp7I6mXaextPtYbLcYRfuOo2Ut+zpJVBG4vSDNDH6122he6zqSN7qP5Pe9RvHH3mP4Y4/hvNlrGG906UeHv3Tl9Q+78XaXXrzfpQcdu3Vn4KCBDBvUn9HD+nPxzFEKUmPIjwumoSiO2uwwKtNDqc4I50ZiENl+9oRZSjNuT+NncFQ4gr+hJl4X9hKgu4sQ3e0EnN2K/7nthBmqk+JwlnxfM66Eu1ApHl+fFUt9ZjyVKVFcjwuhNMybwgBnsj2sSHc2Is1RnwwnA9LFmOKgR6K9LvH2BsQ6GhPnbEqsk5kYLeQZwHIM9rJX8bQnXeJuJ1//N8NDirhO5Pq5yAG4+bjWs4HbCsAS6frA2dJy1V525InnKBDnKhLnlRSKcxeJcxT5iHO4W1MS7Ma9giS+vJ7NN7dy+LI8mS8ux/FNeQzfXA6lJtKc64H6/LU4gG8K/SjzPkee03FKXI9R5qIpu+J6lGvu0jLQp1quBSyHT+lawE0zgaUAXB/6LOo2R17J/1UArhHqg4xkL0bg1prvkwUbq8L0C+TY2yZxDvF5SO/vxVnAzeSZv+I+6Zh6KYSL56yXXpu/eKy/PjV+ulT5iMf5nG9aSlo8xldaLlqniRSFVUtCN6v0PEOVtxSHn+1rrcZTi9pfoMbjTFMIPikvK928xHSF+D6b3ZBmBwutl5i+5iRF4ANcdWo7Ajd7LgRbidFyr7BPVmj1TIH1PvIlNs/Ls9urYqvWQpr5myMFXwd14ZD470+DPGdN8qXYK15bnqO4LeSI+zJsDpJsvpcEk12E6W4m6Nx6vLU+wVW6Zq7GImwOzsVWYzY2h2ZioT4dswNTMd43CcO9k7i4fRzntoxCZ"
36551 [Forwarding screenshot on session b1310904-d161-49ca-a1a6-530fba7baea8 to remote] DEBUG org.apache.http.wire  - http-outgoing-101 << "/NotDeN4vT64WiuGoD6sj6oL+mN2uLe7Jrfky1ze7Bhbk/WzO3Nmvl9WS2sXzSAdQv6sX5Bf3atGIrvxY14nlkhz/71OL0Cp6OLcRWjNNvY9fQqXM+I8cxq3LTWPMddez0eOhtknuc2C1tUzm/H8+JOvMXPKB/93fgY7BHbe/DR24uv/j78L+0n0OgggcaHCDDRJMD0MIFmRwgyP0aQxQlCrE4RYqNNsJ2OcI4Qh/OEO10kwlm/zd8BbfnonT706jaUsaMmMnToYCZNGcZe9VXs01zAniMz2ak5idW7hrD54Bjmr+/Fsq1DmbO2H+vUprB04zBmzv+YQ+pTWL26Fzt2DGXypNc4cXwy+/cP5tTpcWza9AEbNrzD9h1/QfNINzZufI1ly9qhqfkBJ073R01jFOcMNrB45VD27F8hHreFhQvmMGTQYMaMGs24ceMYNmIwa7esRefSWfYdP8iSTauZs3olE+cvYMHKjazfto+te9U4o3uWg8fUKLySRVlFEa6+TljaW2Np58g5XVN0L9kQn5zPvUffcufBUy5fqaHsaiO1DV9SUf2Aq5WN5Fy+yr0nT6i818inf32Md6QHDn7mnDU5jI7hPs5f2o3WhY1s2z2FGfM60XNgO1Zu6MfM2X9m0YKPmDb598ye8ScOqI1lxqx3mbXoI9btGsmAca8zfUk3dqnP5PiZlWhoLOHWrQzyCnLZc+Awm3fsYb/GUeYvWc6i5atYtEq8x6VLWLFxAweOH+PExfNoap9ip4Y6GlqnOaZ7Xt53/Nx5Vm/eyqJPVonvYi5b92xl0/YNbX7XCoVCoVAoFIrflrb+KKRQKBQKhUKhUCj+O/0/DcDtekylXffJtOs2kXZdhS4TaNdpnMrHzcbQruNYlY+fxeH2ncYKUvwV29KS0J1GiHEUr/YYw+/7TuDNAZN5e/A0/iS8NWQK7whv9h3DG10H88bHffhj59689XE33u/SnX6DBvHBRx8xcEB/Tmjsx9fagIIoX2rykqgrSKZejLXZcVSmRlAS4UGCiyHBpsfxNzxEiKkG4Ua7iTTYTJThNsINtxMszRjU302I0QHibLXI8DTlcoQbN5KCqUqLpDo9msrkSCriQ7gW4c3lAEcKPC3IcTUiw0mfdGd9UsSY6CgFYANiHIzkABzvYkmCqyVJbtYku9uQ6mGr4m4rB2Bp+eespuWfpSWfM8R2WlMEliLxiwH4xQicKY6XrhucLeSJ8xa6W1MknqtUbJeI58tzsZAjcIGvNJPYkbxAV6ozwvjqegbf3EznSXk8T0sj+TzXTzxWmwSz/XyZ68GTfC8e57hz1f+8agnophnA5a7SdYBVy0BLEVi6FnCNOKYu6CL1wXotAbgx3Fxsvxx7f3UADnwWgBuCjakX+38qBLeOv/IxIU1h+pcKkc75cgCWNIff5vjbHMHrmgOwUBdgQK2/nhyBpZnBDUEGYhTHSo9tCsEy6XrK8ozgM1R5acm3JdLtttR561Dfhjov7Rb13tLYFIE9TsvXFJYicOsQLLnpIs0IPvp8CHbW5JrTQa45H+CK4345ALeOwK1DcMuMYOs9lFjtE9QoFoqsnym0UaNAYvu858NvswPkSBwONsVeTbLtNeTYmy7Om265mwSTbUTqridIexXeJxbjfnQBLhrzcBIcNebieGgeDoL9oblYHJiK6f5JGO2dgMGusehuH82F7aO4sG0U5zaPQGvjME5tGMqJ9UM4umYgmiv7or60J/uX9GLv4j7sWNKfbUsHsmXZENYvGcInCwaybE4flszuzfxp3Zgz+i+cWDMct9PL8dJejdupFXhqrcZTZ63MQ1vQWSesx/PsBjzObsTz3Ca8z2/G58IWfC9uxU93G356O/DX34WfgRR41Qg02k+gibr4maVBiJmm+JmlSajZYcItjhJhfYIo29PE2J0RP2d0iHE8K37mXCDO+SLxrnokuOkT72lMrLcZcT4WxPuJnz8BNqQE2bX5O6AtH78/gE4d+/HWm39h9NgxDBvVh93qq9mpvpDdR+Yyd20vFmzqw+y13Zm7sRer1cayZv8Elu0Yw6rdY9hzeAILV37A1t0DWPrJB6zZ1JnDp8awbXdPtC5MYPPOTnyy8U8sWfEay1e/xuIV7ZkwtR3TZ7UTj+nExj2DuWC+DSvXI5g7HsfR/SJmNqc5emo7ahqrOXl+N/uPryW7PI6nPOL6vWvkV14mPD0FG78gzNzCsPNN4KSRHT7xyVR89ojG776k+qtH2AcHEpNfTFzBVWLzbhKdc4vY3Bri8+uIyqokKOkKGSX3ybz8gJzy++RcuUtWeS15FfVUff4VX/AjX/F3Hv/4NV/yhIff3+fW/TIq7pVw+8sb3H1SQXlNDiU308gviSUnL4L8vEgKC6LJzg0nOSOQtKIoUkrjyL2VRdntUi5XF1F4PY+Kmht89uRLKh9+SWJxBS4RybhFpeKbmIOVXyQXHX0w8w1l7/lLbD2lw+pDR1G7eIkjJhaEifcUVVyGfVgcHpHZ+MYU4x2Vj71PLBfNXTl6zqTN71qhUCgUCoVC8dvS1h+FFIr/dt9ZjYN27WCcFd/J+6L4l3Rb+NGq9KXjVX7JMf+vlPKPcarXglpUG/f/9vyg1vR+mr+TUit+lD/vcfyj9OXjFQqFQqFQ/O/8qgDcQVr6eaR0DWBhuDBsHq8OnUf7gaoloNv1mU47KfzKAXg67XuI7e5TaNdtkioAd55Au4/Hv6ApBHdsbSztJR9LEbhJl7F06DqO9l3Fdrdx8vLSb/SZwpuDpvP+qLl8NGY+74+YyYcjZvDh8Km8228M7/Qezts9BvOnLv34S89BfNB7CO936cWwAQP5ZME8dA4fwt/BlsLEaOqKsqjNTaEuO46a9DBuxHmR72dOgp0WEcYHiDcXLA4SarCbQL1dhBgeIOTSQQIN1Ak3O0mc3QUyvMwoj/KgJi2S2ox46jOTqE2NoSpJnC/al+IAe7I9zMhyNyHDzZA0FwOSHHWJs79IrIMecQ4GYjQg3tGYJGczUlwtSXW3keOuFHszvF1I93Ih1cOJZDcHUsSY4iEtFy142JPmYUemtwP5/s7k+jjIoVda6jnfW7UEdLa8TLQUkB3J83SgQJoF7G4r2FAsjr3s60i+OEee2C7wkyKwLZk+FuL9BPJleRLfXkvm2ysJfFUUTpazDjEmh/gi15/Ps7z5riyCh6luXPG+QJ79Eco8TlPudopy1xPy7N/rUkz0OUON31nqAi/QEHyRxhB97oQZcjfMTDDntnAntCkGh5iK+83FaEZdsCm1QVL8laKvuWoMUqkT+5vvk49rUhNs0qJWkOOxdNxzjMVrkcKtFIVVgbhBHNcoNISK80vCnmkQr7Mh/CdIx4RIM4f1xevRoybwIlX+F6j0O990W1dWLYVgeVtaLvqSHKdrpRAtk2K0AfViVAVgPWr9xbHSbGDfC1T7nqPGR0dWK5FmVIvPU1LlLc0EPkNli1PCadVxQv0LGprU+2gLWjSIxzRIx3udosrjBJUex6l0V7nlfoxbbse46XpEJl8j2Fm1JLQ8A9jpIFelAOy0n3IpAjuqUeawj1J7yV4u2+2lxHY3xTa7KJKvCbyHAis1YT8F1k1sDgj7KbQ9SL7tAWF/03iAPGnbTk38d9U0C1icN9dOJUfIst1DhtVuUsy2E2u4iciLawk9v5Kgs0vxO7MI75PzcTs6B2fNmTgemom9+kxsD87A6sB0rNSmYbFvGmZ7p2K0bwr6eyehu3M8F7aO5vzmkZzfNEJ2buNIzko2SUajvXE0OptGcXbLaE6sH8mepQPZvHAAa+YNYPF0Kfj2Zfr4bkwb25lpoz9m2qgPmTP6Q5aMepcL26fjeWEr7lLcFaM0o9fj7Ca8xOh9fou8z/fiNvx0t8v89bYToLdT/KzZRZDhXvn/8STEWJ1QsyOEWxwjwuoEUdZniLbVItpOmxjH88Q6XyDeVZcED/EzxtNIMCbV14J0PyvBhowA8W870I6sYEeyw93IifYmO8pbjD7kxvqSH+/f5u+AtgzqNZweHXvzRofXGdC3BwMHdWL33mXsOTifPRqz2XdkOnuOTmHtnmEs2tBLngU8fUUXxs37g"
36551 [Forwarding screenshot on session b1310904-d161-49ca-a1a6-530fba7baea8 to remote] DEBUG org.apache.http.wire  - http-outgoing-101 << "CmLPmD97n4sXP0ei9b8mVVbPmaXxkAOnR7NHs0B7Nboz9T57YV2TJ/XnoUrf8+6rR1Zse7PTJ3TjtFT2rFm90D2nJyB2un57D0+G02dZZzWX83xC8s4pD2PC5brOaA9lyN6K7EL0KHsdhZX75XhFRdMYFomrtFFeCbf5IJrBC5JuaTV3ibnzj0KH36KQ3wKgXnXCc6vITivkZD8u0SWfEri9ack3HxK3JUviMh/QGLJY3Iq/kpx/Q8U1n5LXvUXFDd+wY3Pv6Hk7n0KGusou3eb8gf1FNbdENuVVD+5K9zj4T++5vN/fstX//yOJ3//mm++/5qvf/ha3n4sxq/5F7V//YKCO3VkVt8i6epVgtOy8AiNxTEoBvPABGxi87CIzJJ5ZV/Hr7AGq9gCznpHYxqVhX1qEQ4pRdgl5WEemYpbRpEYkzli7YZXSjH2YWmYeIVj5hWMQ3AkHtHxbX7XCoVCoVAoFIrflrb+KKRQ/Me0RL3n/SuqjWP/g/5zAfj/VST+vwvALZ/FS9T4oY3jf9aviLZKAFYoFAqF4v+NXxWA2w2fI8yWtRfbkleGzeWVwXPoMGAWHfrNbJkB3K6HtAT0VNrLAXgy7bpOUgXgTm1FYKGjSvuPxj2nJQp3EvcLHbpMoH23iXToPplXuk/i9Z4T+EOfcbw9YBJ/HjKV94fP4MMRM/lAjH8ZOpV3B07kzT5j+UOvUbI/9RzJux/35aNOfejRcyDjRk9gy5p1XDh+jNK0RO6W5XGnMJmGrCg+LUqgIS2QK6H25LhfItzoCN46e/A5t4/gS5qEGB7G7+JBIkyOE21xmijz08Ra6ZBgr0dZdAA3kyOpSo+hPjteXiL6VmIQ5REeFAdJ19+1INvdmEwXQ9KcdEl11iNFjAkOusTb6Qn6xNsbkuhoSrKLFSludqR5OJPm6Uqqp5ssxcOFRFdHUjylEGxPirs16V62JDubkOlpTb6fPQW+DhT4OFLk50q+dG1i76bZwdJMYk8HQbw3DztyPW3J87IjXygQ5yj0FqOvGANsyPIyFa/bmS9LEvj7rSy+Lksg192ABMtTfJUfwZPCCL7IC+FpQTj3kt257HWBQuczXPE8S4nTcUqdjlDhpQqSNb7a1AeeoyHkIrdD9AQD7oWaci/MnPvhFtwLt5Rj8B05BlvSEGxGTaCJIEVgc+pCLKkLNqchyIx6oU7cL0VhWagFdaHm1LShNljcF2IhjrOgQdxWkbbN5OB8W9L0vHfDLGgUr6U+QtwvNEaK1yHcjrKSNcqjpbxfcltmLral2cxG1IVdoiZYj+pAXSqlWb/B+lQH6VEVpEuVuF0pxWEpAMtLR0vBujlSG8ukJaXrgqTZyNK1ifUFabawGP11qfM9R73Q6H+BBmk2tf+5pgisQ42fFtWy01T5nqLKR/q8xf6mUFzvJz53mY54/Fkaxdjge4YGcVyj+G4afU5RJ1R5Hm9R6XFMdsv9KBVuUgA+LLvhosl1Zw2uOR3iivNBWbnTgRZljvtblDqoUWK3l2LbPRTZ7KZAXtb5AHlCrs1+cq2bSTN8D5Jvp1Jgr97kEPniHHkOe8ix20WW9Q7SLbaSar6ZJOMNxF1aS9TFlYToLMb/1Dx8js/G8/gsPI7PwP3YDFyPTsNRcwp26pOxPTAJG/WpWB2YirnaZEx2T8Bw5zj0d4zj3PYJ6Ajntk3gwraJ6G+fhNGOyZjtnorl3hlY7JuBuRiN90xHf+dU9MR90nGHPxnJ2mndWTqpB4un9WfWpD7MmtyfmZP6MWt8T+aM7cqcMZ2YP7ojcwe/y6oJnTFUX47rhZ24nduBn6EafpfU8NXfi7/+HgIMVIIuSbF3H2Em+wk3VSfSXJNoq2PE254WPxvEzxmH8ySKnxlJrgakip8lae6m4ueA+HnhY0myvxXpwXZkh4l/6xFu5AqF0T4Ux/tTmhhMeXKoEEZZYhhX0qK4lpNAeVYcZRmxlGfGcTU7oc3fAW0Z1LEjkwb0Y8rQfqxbOIXpY3qw+ZNxrF81jM0bhrF39xh27RrO6nU9WL7qY1Zv6MmSlR8zafrvGD25PYvXfMjcle8wZmY75qx8i1XbOvHJ9s5sP9Sf9Xt6oHZiBBv29GbV1m5i7M+G3QNYubkX63YOYN+JSew4NpaNGsNZe2Awq/f1Z+3+/qidGc0RvfHs0xrM7LWvccp8sjCHleJ+tXNL0XM+hp7LBQKz0vDLqyWk9Ak28dfwzK8h/OY9Im7dJfXeE7yLqgmv+Ers+5aQq98RUPo1QWKMuPUPIiv/Ifb/VTz+cyIvf0N6NRTeh6J7kFX7NzKqviaz5gkx5XWEF1cQfaWaqCs3CcgvIqComLDyMoIvlxBaXEzC1SvkVFZRWFtDYWUleTdvkiNk11QSkJcjHxd5q4KImxX4FZbhk1VC4rUGrn75I1G3PsO5oBa9qEL0ooswT72OftxlzobnYZR0hUtxpVim38QksZRTPvEYRuVgnVKKfVoZZrEpnPV2xCraA6+sYLwz/XGItccyxLjN71qhUCgUCoVC8dvS1h+FFIr/tJdi3/9jLwfgX+K3Nkv4l3kWgFsF31ah/n8U5/8vo60SgBUKhUKh+I/4dQF42KwW7YeqdBg8m1eHzOU14dUBs+nQd6YqAHcXuk15FoAlXaRZwD8xE7iNAPzcrGBplnBTBJaXku46UQ7B7bqMoUO3EbzWfRRv9BrLH/pN4K3+k/nTwCm8PWgq7wyeploqWtz+Y98J/L7XaN7rPZL3ew7jva79ea9TTzp160W/fv0YNWwQuzasIi7AjfvX86kpiOd6ShC3c6NozAzjVrwvxcEORFpp429wmHDz04SaniRA/zA+F9TxFYLE/lBTaVaeFqmexlyL96Q+K1R+/J3sSO7lRFGTFMTVMA+K/BzI9bQhy82KTDdTMlwNSXO+RJKDPgn2kkskOBgT52BCorO5vDS0NNM33dOZNG8XMrzdSXZzkmcEp3s5CvZk+zlSEOBISYgrl4XiAGfyve3J9RLP1Rx/pdnAno7yktKZ7rZkedjKAbhZvnhNMi8riv1tyPYwIcvdmCshjjzMCeeHmxk8zA2nMcWP78oT+fpyHE+KY/gyP5SnRWF8luFBvtNpSlzOyLOAC23VqfLR4qb7cap9zlAXcJbGEF1uhxkIhtwLN5PjrxyAIyy4K0ZJY5ilHHalSFodaEZNkCrkSqFXFW9V21L0bVYryME3zIIacY5mdeGWsgahMcKKxkhrbguNUuAV7kRYyu5GWsluR4tjYsQxklgb2R1JnK1K0z7pmEbp2GhLcaw4V5QZteHG4vmNxOswpCrkEvURJtQJ0v466T6ZtE+8Zul1SaPQEC4xU804lpeWNqIuxJD6YHGOoEs0BBpQ768rawi4KMYL1Pqfp8ZfmlV9XjgnnKUmUEdWHSAtuS1u+4n9fqpYXB9wnkbxmEaxLYVgKQDX+5x+To33Saq9TrQdgd1VEVgKwM0R+KqL+ksRuDn8Si7b72sJwJJC233ky8s5729a1lkaVdsF9lL4lQLwflUctlEjx3ofaebbVMHXZAOxBquJvLiC8PPL5OgbeGZBS/j1OjpT5nFsBm5Hp+J8eAoOhyZhe3ACNgckEzHeNQajnWMw3DEGg+1j0N82Br1t47m4ayq6e2ditH8O5gfnYaOxEPtDi3BQX4jDwQXisfOwFPeZqs3CeN9MLu2ehr54jM7WSexaOJBPpvVm0eTezB7fg8XTBzJ/cl9mje7C3FEfi/t6sXvpcAwOLOXsjtnYnFiHl94e/AzUWq7TG2wiLTl/iFCzQ4RZaBIuRDSJtjxGrN1pEp3OkeqmJ34GGJHpbUaWnyXZAbbkBTmQH+xMXogzOeFu5EaLny8J/pSlhnAtK4qbOTFcz4qmIjeeuqJ0GkuzqCvJoiovlaqCNKpKMrlZkMr1vGR5rCzOaPN3QFt8TS+SIH72JPs6EOtlyYldS9mydDTTR/yZUX1f4fzJpejpLOPYocl8sqIzUye9zsgR7Zgy8RVWffIxmqcms//YOHYcHMKOQ0PZrj6ErQcGsPPICNROjWPB2o5s1xiJ2omprNo2kEVr+4jbUzlwch5rdw9nxe7+zNnwIct2dGe1W"
36551 [Forwarding screenshot on session b1310904-d161-49ca-a1a6-530fba7baea8 to remote] DEBUG org.apache.http.wire  - http-outgoing-101 << "m+WbevIuv1d2Xq4G0u3/YHNRz5kwbbX+WT/R6jrTWafzmxW7J3AKTPx39rtCpzSbuJZ+BiHzEa8yx4SfOsxQRWfk3j/74RUPSW6AaIbIbwGAm/+iP/1f+JfIdz6Hr9r3+BT8iVBpU+JrfgHaeLYzNuQUvsvUmv+Tkb9P4i88imhl+8SduUefsXVWCbmYhCVjEFMEhfDYrBKSsIlI4PgohJiyq8QU1JKcG4OPpnpeGRlEnbjOm5FhVhlZWGdnYtDbjGuuWX4FNwkqKwRj7I7mGTcRD/pKjZFt3G+8hm6SdfRiirFuvAetgV3cCi6h0nyDdRdorFIvYpZYgmGUXlo+/pjm+iKcfh5dDzUOWa3jSNWa9AwW9Hmd61QKBQKhUKh+G1p649CCsV/WtsB+Nms1h+top7NcJU0z3KNUmva1zoKvhhdn91urXWQ/bkZwK2DZ8vrfMGvDcAvnfelEN1qhu8LVK+v9WfV9Dwtn40aP7RsS34+oLYZgCWtz9dq/8szhpvvb/tzl19vq6D80n1N5235TJq/6zYDcFvPoQRihUKhUCj+J35dAB46U2XIDNoNFgYJA2fSYeAsXhk0m9cGzuHV/rPo0GcG7XtMlwOwPPNXIsff/9kM4JcCsByBhc7iWCkCdxHHdxtHhx5j6dBtNO27j5G3X+s1nld7iv3itrT9Rt+J/K7vJN7oM1EYz2s9RvC7XiP4Y+/hvNljIG9378dfevSmc58+9BnYh+EjB7Jq+VzMDc+SHh9IZUEytTnxVKZHUZMdTUVKCDmBDsQ46BNsdoYAo+MEGR2TY3CYyUlCjDTE7X3CHuJsj5HpeYHLIZbczgzi07xo7mfF0JgaTXV8BFfDgijy9ZBn3+Z6mpHlZkK6syGpToakSByNSHQwIsnRhCRnaTawhbw0tDTbN83TSY7BmT7OZHg7yPG3LNKLewWJ1GdEcDPWj7IQD4oDXCgQx+T5upDn50KO2M72diLL00GwJ9vTjpxWATjPw1rF05Icd1PKguwp8bMhy9WIEn9rbqcG8kN1Ln+9msJXxdE8vRzLN1cS+Cw/lMf5QXxdFEJdtBUFzqe44n6GCm8trknXAnY7xi2vU9T666hmAMsB2Ig7oSbyMtD3wp8F4NsyK1UEDjWXZ+/WCLXic2wU+29HiNchNAr14nadOK5WEt4kUuyLtFaJkljRILOWNUbbCLaqgCuHXhvuymy5KwXeeDtuJ0jsuSNJdOBu0jPSbWn/bXFco0x6jDhfrHiuaPE6I82amIv9NvJ9dxKeuS32NcoBWXoNNjSI19AgPjNJfZQ089hcDseycGPqw4zFZ2ZIjb8utQG61AfpyeqCxG35mspiX/BF6oKlJafPyWqkMeACdVIsFqRo3BAoPnehUexv8D/bFIG1qJdmAotRUut7mho5BJ+iyuskVZ4nqBRueaiWg65wP9qyFPQ1F02uuWpy1eUQV4RyOQIfpMzxAKUO+ymxVxOkALyPYtu9FNnsodBmL3liO9d2nxhflmO9h0yLnaSYbCXx0kbi9NcRfk4KvssJO7uMUJ0lBGsvJkhrEUFnFhJwegF+J+fhfWw2nkdm4nF4Bq6Hp+GkMQl79QnY7B+L5d4xghj3jcNk1xhM94zHQm0K1uozsdOci/2RhdifWIH98VU4SI6uxEFzKXbqYr/6ImwPLsBKbQ4me2ZwqXn279aJ6Gway7E1I9k+rx/rZ/Zhy8IR7FwxgV2rJnN461zOq6/A9NhaLE+swer4akwOLsbq8AqM9y/EUnMFoWYaRFkdJdziMJFWx4iyOUGs/WninLSId9YRow6xDtpiPE+Sqx4pnoZk+JqT5W9Fjvh3mR/qQlGkJ2Vx/lxJCOJKcihXMyK5lh1DRUECNSUp1Jdn0nglm8byHG5fy+fhzRIe3SrjQcVl7l4r5s71Qm4L9VfyqC3Loa48l8ZrBW3+DmjL42s5PLqaxf2ydL6sKqShOIH71zOoyA0nN9aFIJeznD+xigXTOzJ8QDtmTHyThfP+wtzpbzJt6u/YsLk/0+e9x6oNvVm8uitrtvZl35GxrNjUk20HRrD5wHBmLP2AOau6slV9IrsOz2Krxkx2as4R43QWbe7F3HUfs+ngUNR1prH76Bh2HhnG3mNDWbenE1pGEzljMoWD2qPYcngYS7b0Y9LibmzRWIJ9uBfBpXfxLf8a14KH+F/7gpBbTwi69RVR9f8grOaf+Fz5G/43IagSAiogsPJHgmv/RXDd3wms/gaXort4FT8g5NpT4mr/QUoDJNdCWj1k34WQsi8Jvfol0dXfElrxGNucmxillWCaXYZpVgFGyQlYpcbhmpMuXksBISX5eGamYJMYhWlCOBbp8VxMiOBUVDBaseHop6RglZ2Pa1E5nmU1aIVnYJpzC4v8GgzSxbmzqjHOlrarMEyvZoddNGdCCzBLucnFiHz8yu5hn3qVS6EZnHF1Ya/hZvYbzkfdeB7HLRdwxm4+Wraz2vyuFQqFQqFQKBS/LW39UUih+E/7dwG4Jeq9NBP134TPlnO19uwxzcHxlwTgnzvm1wTgl0LnS6+/1efwUgz9JZ/Ds8e1/Tk/7ycDcBufSfP5XnrO5vP/4lm7zed+dty/D8Avvx6FQqFQKBT/c/93AXjQdNoNFAaI7X7Tad93Oq/0nflM71l06CH2Ny//LAVgafZuS9BtCr9tBOB2bcXf5tm/UvxtrYu4r5tK++7i8T0n8mqvSXQQ2veY0KJDT8lE2vcSY7+JwgTxOseJ1zmC13oO4Y0e/XmtUzfe7tGTv/TswUe9utF36AAmTp/A1g2r8LQy4lZeGtWF6VxNj+FmdjxVQmmcP8keFgSba+MvhWDjE4SbHibSdBdhhpuJMN5BtPl+EmyOkeOhz/VwF6piA7mdGsf97AzuZKRTHR/PlVAfSvztKPBWRdcMFyPSXQwFI9KcjUh1NiTJ8ZIgXTfYgESxL8nZmnRPR3L8pAhsR66/AzfifOGren4Ufrh7gztZseT7Sss928sBONffVRzvQo6vdJ1gZ3J8pGsCO5AjBWg5QksR2FomBeACL0sKPS0oEAq9LCjysZRVx3vyuDCar8sTeFIWx1elsXxRHMXXlyN4mO7JNwUB8qzWIqfj3PDS4qrrcfk6wDc9T1HpoyXPWG0M1edOuDG3Q024IwXgCAvuRUqzcC25Iy2rLAdeKxpkNtQ3aYiw5XaUHbej7WUN0XbURdrI6qNsVcS+hlh7GmMdaIgTx8TZ0hgnHivclkKtHG3F4xMcZHcSHLmT6MjdRCfuJDlzN8WFO6kSV+6kuXJX5sa99Gbu3BWjtK/ZPXHs7SQnGsR56+PsqBdjo3TuZGfuifPdF8c8EKRRun03WZw/2Ul+zG3x3Lel46XXJV5jY6x4zzGWKtHmsvoIU6qDDKgNNqQ+zJCGcCNZffgl6kP0qQvVE3SpDbkoq5GDsBSK9WmQBOvTKG7fDlJpDLrIbXlG8Fk5Bt8WpO06f2nJaG1qfLWo8j5NpbR8t3DL8yQVHidk0mzu665HhSNcczvMVTdNrrhqUu58iDIndUodD8pj8+3LDgcosd9PsZ0aRUKBdB1f2z1kW+8iw2IbqaZbSDHZTJLRRhIurSdOfy3RFz8h8vxKIs6tIOysFH+XE6K9lGCtJQSeXkTAqYX4n1yA7/F5eB2ZjbvGDFwOTsX5wBQc9k/Adv9YOf7a7B+H3YEJ2KtPxkFjKu7ieLcTC4SFwhLcTi7B9eQyHI4ux/7ISuw0lmN9cAkWe+djunM2ZrvmYLZ7Nia7ZmK4azqXdk6Tl4A22DUNY7XZWGouwfzwSkyPrMb85EaszmzD8sxWzE9swPLEWmxOrMbq8FJM1eZiIYVk9cWY7puHjeZyPHS2EGtznBTXcyRLPKTIa0CKlwHJnoakeBuT5mdGmr8lmYE25ISIf8cRLhRGeVIaH8CVlFBuZkZTk59IfXEaDaWZcuS9fbOAe7eKeVB1mYfVZUI5n9de5/O6G8JNlfoKHgvSvs9qr/JIHPOwShwrfFpzpc3fAW25U55OfUkyDZfTuHs1h8aybB7XXOWL2mvcuVHEw5pSzPSP0PPjV3ijQztGD/8ju3dOROPQdParTcLN/Rh79"
36551 [Forwarding screenshot on session b1310904-d161-49ca-a1a6-530fba7baea8 to remote] DEBUG org.apache.http.wire  - http-outgoing-101 << "k5h975JLF3Rky07hqN1cSlrtw1ix8Fx7FQfz6jpf2Ty/A/YdmgKq7aNZtzcTsxaOYB1eyezaH1f5q/uzpptQ9l5cApb90xk7dbhrN40gFUb+rJx50AOHJvEig092HVoIvuOzqfboNeYu2oM1V/epf5HyPsC4hv+RWzdD0TVfU9wxTcE3PiGwBt/w73kW/yu/kjgLVQq/ynH35CG7wiq/Qqb3Js4F9UQfOMx8Y0/yAE4sfZHOQJn3IaQ8m8IvvIt0fX/IKL+e1zK72FTWoPjjQYcrlXjUFyKc2Eh/lfKia2uIaGmhsDyMlzycnDIy+ZifCwGWWkYFeRzMSOTUzEJaEUnYZ5RiseVBqzzKrAursEk5wYGaVfRTb3C6ahCToTmo5dwDe3wImyya3EpaEQ3KJPjjuHsueTMQRM3TljbsFp9ARp6i9F12ISu/RpO6M9E7fTINr9rhUKhUCgUCsVvS1t/FFIo/tP+XQB+Fk9fjn4vhtmXwuELj2ut+bz/PgA/u93Wa3m270X/5ph/M6tVfsxLsbf145r3/bIQ/vL7fNkvCcDPv662XnvTvjaPadLqPbTW/B7/bQBu/fifeT8KhUKhUCh+3q9fAloKwNLsXzn+Cv2EPtNUek2nQ+/pvNJnBq/2mc1rfWbxqtj3Ss9pqhAsRWA59kpRV4xtBODntL5fXjq6SfNsYklXofsk2vWcQgfxGjr0kZ5/Ou3Fdvve4rZ0TeLeU2nfa4p8TDtp7CNeSx/xmD7isX3EufuMEceN4K1BY2jfqSevderBH7v34tWPPuL9Pr3pM3AAfbp1Y8rokeieOcnlrDQarhZxIy+FmsJUavISqciIpDDcnVjHSwQaHibs0nZiTbcTZ76HePP9RJkcIFB3H4m2Z8l0MeNykDvVCVHcEee6l5VOY2oMtQmB3Iz0pDTQnnwvC7LdjOVZt9J1gtOd9UlxvEiywwWSHc+T5KQnmJHsbEmGpw3Z3nbk+dlRGupERYIvjwrjeXw5hYo4f7KlZZ19ncn3cyHLx4lssS2RQnCenzQz2IlcX2mJaHvBjhxvm5YAnCdea5GHhazAzYxCD3NK/KzF6zOnNtGbr8uTZI8vx/G4JIpvr8TxaaY3T/P9eZLjRYX/RcpcT1LhdYYbHiflCCyNVX5naQw14E6kCbcjzLgbacG9aCvux1hzP9aGezE28hLNDdJSzVE23Ilx4HasihR8JXdiHbkb78TtOEcaYuxV4sT98eK20CjH3P8fe/8dZlWR733DNCioGFEEAzkjIJgAc04zzjjOjDoGVFQQJEnOOXTOOeecc8457s45d+/OkSSG+bxVq8FxZvrc537uec77nDn3+uNz/apqVdWqWmtv92V/+f7KgdbrQmt7vD1tCWNibHviGB1JzrRLUlzoUHAVZTfxTjzoyHCnM9NTQZsl8bqOLHvTJfbYneNDT64vPTm+dGV60yH23prsSkuSC2035hF0ZXjRk+VDb7boK6Ls25ku5k4T9xBjOlLlfcX9k5yUNbbGS+FY7DfOWiD2Kt3I0jUsnlFrxHXCTWkOM6Yp1JDmEH2BFIN1r3NeOYu4MUDEAF2a/S+I5z1Gm8J5WgPP0up/RhGCFTH4ernJ57jC/0oElgKwpMJpr3inuxVK/0EAluUbdSn+5ll+Q475JjLNviLV+DOSjD4lXv8jos+/T8SZPxJ26g+EnnxXIeTE7wk+/juFoGPvKA5gKQDfEH+99r+Jx97Xcf3uFUX4ddrxIo7bX1AEYBkddz6P0+4XcNnzMq77XsX94JuCt/EQY90PvYPr/t/itPctbL97E6sdr2Gx7TXMtryO6eY3MNn0OsZfv/EL+htfw+Cr1zDZ8hYW0jW65w/Y7v8DToffx/X4xzge+QjbQx9hdfgTrI9+hv2JjTic+hKL/R9g+O1vMNz6BhY73sZuz+8w+uYVjDa/grG4l+3eP2G+612CjHaS6naOFE890nxNyAywJDPImvRAGzKC7cgKcSY7zJW8SA8K43zRJAVRnhpGQ36iIvh2lGXTXVNAX52G/sYyehsr6GmupLelir7WakGVUu5pHqO7sZquhrEo6ZH9G8r/ifF+A8ajp6WUwY4afhzp5vuhXvrbWulv1zLaP0x/Vx9XRi9y9colenvbqG8sobImg9zicJLF9ygz35e8XD8cbQ5w/PAHfL5hHZ99+gRffb2e3/xuDm+9O4uZcyfw0m9m8NWu5/nNX5ay+PGbWf/6gzzz9hxuf2ACd8ycwJS7JqAzeQK3Tp3AtHtEXZRv0pnA7bdO4Ddvif9un9nMjh3vcfjY50TFuZKSGUxFfR6XgazWK/gVDeCZ10GApo/QmlGCK0fx0QwTVHkNn9IfCa6GkDoIrJFO4CsE1I8S1DRAYFMPNjmlOBfXEFTTTVTLRaLqLhNWeZmo6h9IboHI6p8JKBdjaq7iUzuKjaYd0+J6TEpquZBdgl5yISZJRThkVeJb0iLWUYtlXB76kekYxGVzITGfQxEp7AhMYF9kFnrZtdiX9eBQ3IdFVhP6ScUcC0vmpOjvoGnBq66fc3HF7PZM4ExEPucjC7BIqsQkqpD91gG8vfkQ7249wrenzTln7YylszV6RsfZe2AjX3/zDhu/eIXPP39+3HetoqKioqKioqLy78V4fxRSUfmv5v9EAP6l7e+EwX8QIOX1Xzlh/1FcvDHHfyoA/0psvDHHuGv5J/6TPr+s7dcC6T/se7w+/7Se/4cC8D+Ju3/jf0cAVu75q+f6z/yjSPvr/f36Hjfa/7b+f3xH/7ED+Fd9/o7/eG8qKioqKioq/8y/JADr3BCAV76Mjkz/LAXgpS8p7t8xAVgw/3l05r/AxAUvKwLwlMWvMHnRy38TgaWA+2th9wbjCcCSG9cffua6+CvdxILrqaV1xD0nLnmFm5fKM4hfY9LSV9FZKNYp1zLvebEeuTaxRrEGyYSFgsVjrmW59onLX2LSsueZtPhpdOY9xuT5j3HrwjVMmfcINz+8kCmzFjFt9iJmzV3MwoXLWbpkOc+uW8/eHd/i5+pAenQIVdmJNBWkUp0WSUGUN7lB9qQ4HCPC8FtcD32I2+FPCTf8jliLIwTr7yXU+LByxm+amzklIe40JYXSkx1Db1Y0bUlB1EZ6UBbkQL6XdOIakup4jmT70yTZniTR9jiJdpIzJNgbinn0iLc3IN3NTGAiMKYszFlBE+KsnAOcI88a9rAh1c2GFIm7LanXheBML8mYAJwl+mR6WAssyXIfOwc4x9FYYES+iwmF7uYUeJiTI+6R425ClpsRVRFOdGYFc7E8kYHiSPpzg7hSEkZPqhsDaW4MpTpS7XmCao+jVLsfpsrtEOUuB5S6FCc7wo0U0VcbaYE2yhJttMQKbawNLWFS8LSgNcKKtqgxsbcjxv662GtDm6i3i3qLoFWUFeE3xo6WWNEW70CrdO8mOtGa5ER7ihR5BanOdKS5CtzoSHcXeNKR4UVHphedmb4KHVl+dOYGoM0LHCM/iC5JwRhKXcTuwhB6i0PpKw6jryScnoJQOnMCacv0U+jMDqBLPI/ufNFPXOsvCmegRDyj4gh6C8NEu5hH3Kcr2w9tto+yhnZFMHYX63QTuCjrleuWruN2sZ9O6SROEPuOs1GczM2RZjRddwq3KE5hQ+Uc4pZQA5pDDZXU0U2B+rSI2CKiTLmtpN1WUm9foF28g7aAMSH4Bs1+p2jyOaE4ges9jyrnNktqrgvBVYoIfIBKFynm71OQArB0AmscdlFsv4NC220U2HxLvvXWsZTPpl+RbrSRVMPPSdT/hKhzfyby7J8U4Tf89HuK+Cu5UZYCsBR+A478Bv/Dbyuir/eBtxXh132PFH5fVcTfsfgqbrtfU9qlG1i6gr0OvInnQVE/+Aaeh97E4+CbuImxrvvexGH369h/9zp2O1/HWmC1Q7BdlLcKtkjexHbbb3HY9R5Oez/A/cgGPE9sxOvkl3id3ojnqc9xP7kB12Mf43T4QxwO/wWnoxuwF/2sDnyE+b4PMNv9J2wPfoDjob/gcOBPOOx9F0eB3e7f4Xr4A6x2/Q7LXe9isu332Oz/mBDLQyR7GirCb16kC8XxPpQk+FOSFIwmOZSy1Aiqs"
36551 [Forwarding screenshot on session b1310904-d161-49ca-a1a6-530fba7baea8 to remote] DEBUG org.apache.http.wire  - http-outgoing-101 << "2RK50SaNRm0lWfTWZWPtka6dUsVJ+9ASzUDrbV0S5G3uZqelhp6WusEY7G7uYYugYw3UOpibG+TdAQLxFgZpSg83m/AePz1hxFGB7q4ONjLyEA/l0Yv89efEBfg4qVrDI9c4er3P3Dx8ijDF/u5fK2Pi1e1jF5u48efu/n+Sis/XW3nynAd/NQuxrVw6WIFV65WMjhaxM800DWQw1VqxJSt9F8ppfdSKd/TwsCVakYu19HbX0VtXS7trZX8cHWUS0P99HV2inkv0aNt5cqVQbq6GhkY6mBotAdtXwc1Yu/2foF8fsKS9w5YssnAm/MB2bhktxNYPox/+UVimsG/9AeCpABcC4HVP+BffYnQpstEdl4ipusi7qX1eFc2E1zbQ2jtAH6lvfgW9RJe9T1JHRDfAn4VV/AoG8a1fBDrknbMSprQy6vkSFw2RmlVWKbX4lLYjl95D845jehH5HEuJAvDhBJ0E0vRS6/iQmYtJxMrOBql4WhEKSciKzgdVYZbRSe2edUcC0thj3eMaMtFN0HDqbAcjgVlcCYsF6OYIgzCsjniHM7j721iwYvvMW3l89wxdxUvvv0nvv5mJwYm5ji7umDvYIWZmd6471pFRUVFRUVFReXfi/H+KKSi8l/NvyQA/2r8X9f+o5A7/ty/9L8+x38qAP9T/e/bfr2Wv+c/6TOuQPoPY8br8/+FAPyP8/0H4u7fMW6fv631by7t/zMB+Nf80l/wH78PFRUVFRUVlX/kX3MArxwTf39J/7z0hV8cwIrjdoFg3vPozH2OCXNkfF5xAN9AisAT5zyHjhRw5VnAvz4P+BfR92kmzBTtv+ZB6fiVDmKZTnps7glzpcD7IjqKoPuq4LXrUbDoennRf8CS15mw7E0RRb9FLzNx8UtMXPAckxc9xy2LnuGWBWuZMu9xpsxZzS2zV3L7rOXc9dBi7n5wAfc9vIBZ85ewdNkK1j75JJ9++GcMTx8jPtiHsswEavOSFUdwQ0IApUGOpDkbEG5yFH/dvQTo7SNAfx9BRvsJNT1ImPlhom2Pk+auR1mYIy2JwXSmhdGREkxbUgA1Ea4U+lqS7W5AhssFUh1Pk2x/gmQHyRkSbC+QZKc/dl6w7XkS7c+T6mJAtrcZOd7mAkuBDVme0tVrTYqrNcluAncbUt1tr7uB7ci44QC+juwvyXYX451NyXMSyCidwK6m5LqZkuliSL64R66XGZpgW7pzwxgpjaM/L4RrZVEM5/hR6afLpWwPeuMsqfM5SZ33CRr9Tot4klqvkzQH6aKNMqMn1kb0EXOI2BltSWeMFd3SsRtlTaugJXIsnbMUfNsUsdeB1jgnOuJdaIt3pjXeaSwmONMiaEt0oTXJlbZkN8XN2ybFVCn2ZnjQmemliK1dYn1duf60Z/vTkRNAZ14QnQUhglA6BNriSLpKohW6NTH0lMaOUTYWZVuvKPdXxNNXLigTey9LoKswio78CLQFkfSUxNKniWOgPFG5JhmQsTReudZVKPrlh9Il7tddGCbKwcpaunID6ckLVMThbrHGbrFW6TiWTuJOsZdO6RROFnuWKarjbWmXbmHlrGJ5DrEFrZHyXGNThbYIM9rDzWgLk2m1jWkNMRQY0CZoD9GnPViPdvEeFEdwwDlaAs7S7H+aJr9TSpruGzT5iXfmeVRJ331DyL9Bhct+Sp33UOL4HcUOuyi020Gu1VayzDeTYfo1acZfkmzwOQm6nxJ/4RPiLoy5fqUI/GsBWDp/bzh+pfDrd+gtfA68gff+N/DYK3kTz31v4bVfCsLv4Hf4dwQcfZfAYzI1tHQH/15pk9cUwfjgG7jvfw3Xva/ivPsVHL97BYddr2K34xXBa9jtfAP7XW/juOcdnPeKcYf/gL/kyJ8JPPEJQae/IOjMJvxOb8br1Nd4nPgSt+NfCD7D9cRnuJ34HHfJqY24n/xStH2Jk7jucPQznBQ+xenwxzgceB+Hve9ht/td7Pf9Eds98ozhP2Gz70Ms936I8XcfYHfiG1J8zNEk+FKVGU59fjw1uXHUF6bQWJxOsyaLtvIcOqsL6a7T0NtYTl9TxZhg21JNf2sN/e11DLTX09MqaLtBw69iA93KNRnrBLWirxSMq+lqrPgFbUO5wni/AeNxcWCAfq2WrvY2urs6xQ9NP6OXhhi9OsKlaxcZuTLM6OVBhkd6GBnsEv8D3s214T5+Hu3nr6L9ymgPP/00yg9XBxkd1XL1ah/Xfujnhx8HELPzV0b4+a/D/PiT+J/A6+1K+doAly51iz6XEJPxo7jPlYuD/HBFCtA/89MPP4vrV8SYv4p1/MTw5Wv0jFyivX+EqtYuUgor8E3IY5O+O1utIzBLqiO47iqBNZeVdM3xnVLwvUZw7Y/4VV3Ft/IKgbU/EFR3TZRH8Sjtw6OkG/fCDuzSa4iov0R6L/iX9eNfPkR8O8p8PuXDuJb04V4xhGtFP+a5LZjkNmCa34RBZjX6SRrMUitwLGjGs7xTSSetF5uPXlwRNjn1iphrklGDTXE7J2MKORyay/nECiXF83a3OIzTqrAvauGsuLbTPYYT4TkYJFVwIU6DfmI5+vGlGCdXcC4inx0O4WwwcOXjcw788ZgFv/3uDGt/t4EZy55kwu0zmXjfbOauWc/aN98d912rqKioqKioqKj8ezHeH4VUVP6rGU+k/X8iAP+jG/XX1/5Z0PznOf5zAXgcQfI/E3f/N/v807z/JNyO8xz+/y0A/9P9xviP39sNkfafn+O448aZ/5+ey38iAP9H91JRUVFRUVH5X/OvC8ArBMtfROe6ACzdv1L8HUuzLAVgKdA+i87s568Lts8ozt+J855XmDR3DCkET5ot2meJ6w8/jc5D69F5UIq9z/xNBH7guvj7kHT9inml+CuR4u8vAvArTFj8uuCNf2bJf4C4NnHpW2LtrzNx0WvctPhVJs1/kSmLJM9zy4JnmTxvLTfPeZLJs57glodWMeWBpUyZuYjbZi7gzgcXMH3WIh6YNZ/5Cxbz+OrVvPL803z16Ye42ZpTV5hFfWYKrVmpNKTEUR4dSKaPPSEWZ/A3PoSf4R78DHbgp7+NYLOdRNseINb2JJnuZlRGetCcGEBHahDtqYE0xntREWZHkZ8Zma7nFRE4xeGU4AxJtudIttMVnCfB5oySHjrB7gypzrqkuxqSIV26nlZjIrC3HametiR72JIiSPW0I12eBewlU0HbkeFtS5aX7XUR2EpxAUsBOMvJjBwnU7JdTMlRGDsPON3JgHxvC/K8zckQ99IE2dGXG8ElTQzfayIYyPAmxWI3w+mujKQ5oY0wUsRfSXuILi3BerSFGtIda0lXjDU98bZ0J9ihjbOmM84GrXS5xtrSdv2M3pZoW1pj7cdSOsc50proSkeSO20CWW5LcqMtxYN2QUeqJx3pXgJvOjN86MjyoTNHunr96coLoLsgmO6iMEE4nUURaIuj6BLr7iqLo7s8ga7SBLTlyYIUuipS6a5Ko7c6nb6aDPprMxmoy6JPidkMNeQIchmsF2XR1lshxpQlKnFAjBkUYwZq0pVrEtkmr/WI+UcbsgSZ9Fcl01USo6xDEYjlOooixToj6CoIo6swlI68ILEPX7RK+mgvOtOvu4SlO1ieT5wgiLejQzy7duVMY0vaoizpiLaiQ8R2WY6woD3clLYwmW5bYkx7qJEiBHcIOkMN6AiVDuHzyvnMzQFnaLr+zhp9T1HndZwaj6NUuR+m3OUg5c4HFDd3icMe8m13km21jSzLb8m02EKa6WaSDL8UbCRZxGSjL0k0+IJ43c+IOf+RcsZv5Nn3uXHOb/BxKf7+Hp8DUvR9C9+Dv+bt60LvHwk+8WfBn0T5PfwOS+H3PaUccPQP+B4S4w++g9f+3+K5700lRbT7XukMfg23vW/guudNXASeop/noT/gffiP+B7/kIBTnxB85mNiz39ItBSkT/2ZkFMfEnTqU3xPfIb3yS/xPrNZ8A3eZ28g6tej5+lNuJ8SiOgh2rzOb8FNlBUx+NCnOBz8BJejn+Eh5rHZ+wG2+/+C7YGPsT6wAauDn2N15GsM936Bn+VpKjLCaS1Np7U8Szk/t6U8j86aYoGGrjoNPQ0V9"
36551 [Forwarding screenshot on session b1310904-d161-49ca-a1a6-530fba7baea8 to remote] DEBUG org.apache.http.wire  - http-outgoing-101 << "DePCb59gt4bsU1SS2973ZjY29r491wXgKUYLMXfrpYaBW1zJZ2N5XTWl9FRV6ogxd/upspxfwPG4/urP41x7Ueu/HCN0e8v0Xupn/ahTloHWqnrqKe1u4XeoW4uXhL/43d5lB9HL/L94BCj/eKHaXiISz98z8WrVxi4OMLolcsMjo7QOzjA8KWLdPV00y/Ko6J85furXL32vRIviX4jI0NoO9sZGe4Xa5D1EbRdPTS3a2ls01LX2kVD1wA1nQNUtA1Q0tJLfkMvaRVtRGRX4pZYwmn/TE6HFOOQ20Vg7fd4lY0o6Zqj2yG08Sd8Ky8p+FdfUfAsHcalsE+JQTXfE1n/Ax65nYRWjhLX8jO+pQOE1FwiuRfCW34gquOveFQO4lU7QmDL99hrutFPreFCShV6qZWYpVVil1uHR0UnvrW9OBU3Y5BYxJnoPHQTijkfV4xFdj1ulb0Yiv5nY4sxy6rnQnI555PKME6vwa6oXRF9Dwdncja6iAsJpUrUSyrnXEwx+skVnI8tYa9vMlscwvnKNphPTbz581lb9tr4s03Pji9PmvLFcWM2HDHgvZ0nxn3XKioqKioqKioq/16M90chFZX/Mn4l/P2a/1DU/A8F1b+1jydu/iImXr/+8/X6jTn+dwTgX6/nH/n7tfyaX6/rH/iVaPr36/v7a//ZPP/hs/qXBeB/4J/W9L/q/yuR9h/E+X9cr8Ja8U6u12887/9UAP5ffnZUVFRUVFRU/nf5LxGApfirINM/K+5f6dYVUaZsfkimb14v6qI8+5kx4Xfu80xZ+DJT5r/IzVIMliLwQ+L6A+tEFGMlUgiWwq8s/9r5O+dv4u+EeS8xYcErjDl+x4TdMeFXunvfREeKvOOx6A1uWvo2k34RgF9n0oKXuHmRWNMiERe8wM3znuWmueu4afZabn74MSY/tFKwglseWs6tDy5h6gOLuHPmPO55cA6zFyxm8dLlrFy5kqefXsfbr72Gja4hJUmpNBUUUJ2ZSl12MmWJISS4mxBmc4IAkz2EmH5HqPkOPM59gdeFbQQYHibc4hQZnmbUxMq0xCF0ZYbSnhpAQ5wH5SE25Hsbk+58nhT7M8rZwJIUB5ki+ixJdlIAPkmSuJYk2pKc9EhxNiLN1YxUN0tSPWxI8ZRCsB1pXvake18XgL3tyfSx+0UAzvCwVM4BVs4CdjYjy3lMAB7DRGBMvpeFck5xvqc5RT6W5HmZUxpoS192MAO5QQzl+hMv9teVYMtAogNDKfa0h+rT6HeGzjADJfVzm6A71or2KAs6Y62VvpLO+DE64uQZvmO0x4+JnB2J0vnqSnuydMOKZyRQhF8p+qb9TfTVZvqizfZXXLQyjXNXgXiWhWF0FYXTUxI95uIti6enPImeymR6qtPorcmiRyGH7ppcumvz6KnLp6+hkIHGYgabSxhuKVUYatYw0lrKxfZyRtvKlfJwcxH99Xn01uYw0JCv1G+0DTYWMtQk5hHt/fX5DIl6e2ky3VUZDNfnCnIYrM2ityJ1bE0VAk2CWGc83aVxaIui6cgLRSv3k+NPp5Iy+m/nCMvzgzuTBUlOaGWa6Hh78fxs0Qq6ZIy1oSvGBm2UFZ2RlmPnLIebjjmCg6Ub2EC8F0O04p1Igb4tWJ4XfO66Y/sENZ7HlLTdlW6HKXOWou9eiux2K+Ta7Lgu/G4lw/xv4m+y0VekGH+tIOsJep8Te2EDUWc+IuzknwiR5/oe+z0BR97B79BvFOFXtoWeeE8RhcNOynOB/yT4M0HH/6QgBeCQk+8rUdalCCyF33/E5+Bv8T34G3H9t8rZwaFijtAzHxJ29iMi9T4j/PwGQs58QsCpj/E/ITj+PiFH3yDgwPP47HtJrEeMO/0XQs59SeD5bwjQ3Uag/k6CDHaJuIMAve2/1P0uiO/wmW9wPbkZ5+Nf43TsKyz2b8DuyFc4n9yC08lvsDm8EbO9n2B/9EscRR/745uxPPy1gs2JHfhZnCbW24aavAQaSzJoKRefu6ZKRfiVom93fblCT0MlPTJlc0s1Y6meq+gS/aSQO0Y1Xc11goZfUU9XSx0djdW0i7k6GsW8Yg7Zv0ugzCPv1VBOe+3fRODxfgPGo6Grj6aeAUEftV1dVHa2Ualtobq7jbq+djqvDNNxeYiOi4N0DAsGB2gfGKS9b4C2fhFHRmm/eJEabRdFjY0UNzRSUFtHfk0tle0dYv4eZe62gSHaB4eV2CLGyjZJ+0A/A1evcOmvMHDtGm3DIzT0DVLTO0hl9yCajj7yW3tIr9MSV9FMSEEt3hmluCQWYhNfjEdhN24lwwTV/0RoE7hrRpS6X/X3+FReIbjhZ/xrruErXcAC2eZdcZnAuh+JbAXf0iHs05rwLx0ksR2im38ktvVnott+FvP04Fs9opzVa1+sJaD5Kk7lfVxIquRsYjmGGTWYZlRhX9CgCMA+NT14VnTjXNymuHolFxI0GKRUYJ3fogi6UjS2L9VinteEWW4jp+OK0U+r4ny8hmOReZyKKuBQaBb7/VM5GpHLoaAMpY8ceya+hDMxRZwVc8p4IiSL7da+7LDwYJeVF3vt/NjvEMABx8Bx37WKioqKioqKisq/F+P9UUhFReW/Gf+pG1ZFRUVFRUVF5X+Pf0kAnrjiZYXxBGCd+WMOX+n21Zl9XQCWqZ6l+PtrZNrnh59mougjHcA3zXmOm+Y+z81znmeyIga/IMYJHn5+DFmeLe4xRzD3pTGk8DtfrEMiBeCFryroLHqNiVLUlSx5g0n/AfL6TcveEn1eF+t/jZuWvKakkp60WJ5b/BKTFr7IxPnPoTNXupfXiXU+wc2zVjN59mqmzH6UW2etYuqsFdw1exn3zF7MnTNmc/eMh5k5ewFzFy1j8ZIVPLFmLX94513OHD1GdFAQVXmZNJdk0ZgXT0tOJCXhDkRZHyHIYAehxrsINNqHn+FhAoyPEmR2jEib02R6mVEZ5UZbejAdUghOC6QhzhNNkC25niZkuRiS4ahLqv05UuzOkGx3SjkjON72hOA08fbnSXQyIMXFjDR3K8UBnOpl/wtjIrBkzAEsSZfnBXtaKSKwdAFnulmQ5SoxF5j+QoG3pYjGFHhaUOJnTa67iSibUhpgSU+mH6P5QWQ5HGUw3ZUr2Z4MpzjQH29Fa4g+LYI26TwNN6Ez2lxJWSxTF3fEWqFNsFXcvx1SAJZCpjz3NtkJbYqLwHUs/XGKB53p3nRl+ir8IvjK83szfeiUZ+pKt29+ID2FwXQXhtJdHEV3SQw9ZXH0lifSW5ksGBN9e+ty6a3Pp6+xUFBET2MxvU2l9DaX0tdSzkBbJYPtVQx11DDcWSNiNUPt1Up5tKuOUW0dw7KttYyB5hL6m4pFuZQRKQ4LRtrKxrhev8EVbZXCkLhfT5V0EhcyKseKtQzU5tBflaEg19mtSUZbFKOki+7KD6YzL2DM1SxdwXLP6eKZpLmLZ+SGNslFPDdngRPdkgRHha44B7SxUgy2RhsjnrV0BivpoY1pF4y5go0U8fcGLUHnafI/owjBFa6HKHXeT7H9HgpsdpFntUMhy+JbRfi9QarJJuL1Ph9z/xp9RZzuZ0Se+YjQE+8TfOxP1/kjIcf/RNjJPxNx+kOizv7l74g886HgL8o1SeS5jwkTUQq/0vV7A+kKvuEMDj31AeFijOwbfeFj4vU/JVZPlj8i6vxHhJ/7SBGAA46/j//xDwV/IUCmej61gdDTHxFy5AW8dz2K89bVuH33nLj2R0IvfEmw7lYC9XYQoL8Lf/3v8NPfid+F7fic34bXue14n9+J1/nteIrocW4HHjLq7sbh5DYsj2zG6ti3OJ/fi4/JMfxMjhIhvpdpvtYUx/rQmBtLX3UeAw3FdFbm0dtQhva6ANvfVou2vlx8Fqvpaaiiu75yLDZWKoLtDQFYEYFbxgRdRQBurBXUX0eUmyQ1AnFNQY65Lv62iDGNFbTXldFaU0pTZTHNVSVKebzfgPFwjYrHIzYBz7hEEePwjI/FNzlRkIBXQqyox+AWE4V9RCiWgYEY+/qg7+nFeXcvzrl54p+Ro+Aal4xtWBR24TGYB4Rg4h2IbWgkHvGpOETEYBkQJsaHYhMciX14N"
36551 [Forwarding screenshot on session b1310904-d161-49ca-a1a6-530fba7baea8 to remote] DEBUG org.apache.http.wire  - http-outgoing-101 << "M5RCbjHJxNXXEpUfgHBGdn4p2cSmldEpKaC0IIyvDIKcE3OxT4xG7uEHKwT87BLLsY5qwrfsjbCG0bxKhtSxN7wFunYBd+q7/EoHcWz7BJe5ZeUNin4OhcOKu1B9T8T1gwhjRBc/xNRTT/hVdiDb0k/4fVXFaT4G98Noc3X8Ku/hLNGXG+4RFQfBLReU0Rgh/JenCp6cCnrxK2sXXH+WufUYJFRrWCeVaNgllXH2dgizsWVcDw8VxF7nSt7Mc1pQDelQhGEL6RWKI5g3bRK5frJuCIOh2VzNCpPiWcSNRikV2OYVauMk+cQ22k6sS1sJaBhQOytAYO4PE4GJ3PUP15hvHetoqKioqKioqLy78V4fxRSUVH578U/pVBWUVFRUVFRUfk/5P8VAViKv38nAC94jgmKYCpQ3L9S+L0epfNXEX7XjXHjzN+ZTylRun+lCDxl3ovcMv8lbpr9EjqzxfxS9L2Ozhwp/L7MhHnXuSH+3hCABToLX1XcvIq4e0PsFeV/RF7XWfIak5ZLh/BroizGLXtVRLG36+gsurEnsYe5TzNxzlNMmrWGSbPXiPU9qojAt81exe2zV3DHrGVMm7uc++cvZ/rcpUx7aAF3Pzibh+YvYvaixTzx1FO88carbP3qM7wdLWguTqenLJPe4mR68iJpTvQm0fY03rp78DLYj6/xYREP4HruOwKMDpPgqE+enw1V0Z60pwfTmRGqpIiui/Kg1N+GAg8TspzOk+ZwlhT7UyTZSfFXcuoXATjV1YwMT2vSPO0UB/CvUURhTxtxTV63/kUAzvKyHkOWPSQyJbR0/ZoLzMhxNSXP3ZxCDwvy3EzIcTFCI53AHkaUBpnRmeLBxcIgvi/wV84BvpjuxGiqAz0x5jTL9M9hxnRFyzTF5rTHWNIabUF7rBVdiXb0pDjSJdBKN2uKM91prnSluyt0prnRme5FV5YfPTkBCrLclXPd7StjnmgvDBbPOJS+kjD6NJH0lyfQX5FEf1XqWGrm2iwG6nIZkO7epmL6WzQMtFbQ31pJn2CgvYb+jloGOuoY7KxnSFvPcFejoEGpD3SMtY10y7YmURb9OsS4NinclTPcWcWotoaRrhqGO6oYbK9gSLSNCLoai2nQpJEd66+c8TrSUsHljmqudIr+LWWKIDysCMEFYo359Nfk0luRRXepdAXLs4XD6BJ768oPEnsNpFvsuzPDG226J9pUD/Hs3NEmuypCcI+gV8brQrAUgaUjWCFWOoKlG1i8g3AzxRHcFmJIszwLOPDcLy5gKQA3+J5SnL8ax32K6/fXArAUfW+4fBMNNirib8z5TxXRN+L0Xwg/JUXcvxB97hPFASyvJ+h/IeIXijgs+0afk3ys9Bsb8wFhJz8UfEDoiQ9+cfxK968UgqPOi7n0PiPBcCNJxl/9QrKJWIeICQafi/mksPwhkQIpDIeJeSWhZz8l9MynhJzZIMpfEHZuI5FivoD9T+Lx7SIcNy/Fffd6gk+9R7j+lwTrbcFfdzu+ujsFu5ToLwjQ+w5//b346e0V39/deF34Ds8Lu/HU3Ye//Ecc4ruXFuhIYVwgZSkRVKZHoS3LoEvQLd5nb5V4rzUFgiJ6aouVFM+dtRq6pOO3qRqtdPs2VtPXVPOLACy5cVavkrK5vkxx7nY0ithULqigt7WB3pam68hyvaBOjBk761eKy50N0ulbQruCRhGA22rHRGCJLI/3GzAeh2wdOOXqgaFfEPax8YTmF5BYVU18WRnBuTl4JCXjnZlJUGExIWUV+GjKsMvKxSA2iVPBERhGxGMdl4JtfAYu6bl455Zin5SBUUgs5lEJ2CRmohccySnvYHSDIrCKT8c5Iw+PXA1+hWV4ZRfgkpqFTWwKVrHJOKbl4ZlfjntuOdaphRhGZ3I2PI1TISmcDEvnTGQWeoklOBS3EtR8BYfCftzLL+FVeQ3Pyit4VnyPR8VlpR7Q8DNupZdFnwHs8gZwLR1V2r2qrir9vCuuYJPehk1qE+4FPcr5wf5VF3Ev6ccpvwurzBbsCrTYF3bhVjGEU/kAJlnNGGQ0oJdWx9Hw/DGnb0GDct6vdXYd1nkN2BU241jSgUtZF9b5zegmlioC74noAs6JsnT/ynOApZPYsbJHOU9YnitsJYXdMi2WxW1KXTe9inPJZVxIq0RPllPKOZtUyvnUCvQzqhVOxhSIefM5HpXHschcpX46rmjcd62ioqKioqKiovLvxXh/FFJRUfn/lnHTLKvir4qKioqKisr/C/y/IACPib/jCcATbqR/lumaZdpmKQLLNM7yHN8HxoRf5bxfJTX0mBtYKSuMicaT5r7IxDli3tnPK0ycI5BtSspnKfq+InhN3PONX/EaOgteR2fRmMArHb2TBBPl2b4C2TZp8RtMWvSmUp6wVPRb/gY6y8Q8S8Welr/KhCUv/SIAT/i1ADzvaXHv9dw8by03zX2Sm+Y8zs1z13Dr3Me4fe5q7py7irvnr2LmsseZ/+h6Fj32DAtWP8WDi5YwY/58Zs6by5yF81mxchnPrH2cP771Mu7m+rQVpNFfmklvYTJDmjRqk4OIdjXAU/+QIgIHmh7BV28fnmd34q+3l1QnPaojXelIC6YrI5yu9FBa4n2oDLEn39OILDc9MlwukOp4niSZDlqQYCs5J8q6JDsYkuJmQYpMA/0PJLtbK8hymueYEzjL114h23ssNXSWuJblYa2cC5zjbk6uFH5FzHczo8jTAo2XJXkuhqJsQm24HTku59AmuDKS6c3PpaGMpDorZwEPp9rTEqpPR7QJ/Um2tEeZKa5fKf52xFnTm+JIf4YrvRnSzeqsCL5dGR50S4EzQ55964k20wttji+9ef70CKTw2y2F0PwguguCxDMNpbckTDzfSAbLoxmsiGeoOpXB2gyG6rKUlMtDjTJFc7GSynmwpZzh9ipGpKgrxV7BcKcUdZsVBqXA2/03BrsaGdA2KOWR3laGewSibaizhoGOSgY7ahjtrme0p5GRngYu9TUx2tvIRRElLVX5ZCeEkBkbTGdNCVd7WxhqraavUTqFq7ko19JaIdZYKihhoL6Inuo85Tzi3vJY+sqi6S2NEHsMp7dI7LVA/sMAH8FYOmj5zKRbWpvkTE+SqyICdyddF4DjHeiOtaM7xoauaGu6pAAcYU5bqDHNQfq0BOjSHHBWQQq/tV7HFedvieM+ylwOonE6SJH9Pgpt95Bns1shw+xbEgy+JuL0p4Sd+Ijw0x8RdfYTReBNMvpScQSnmX1DqtlmRSiWIrEUgmPOjxF99lOizsjU0BvEHGLsKclfiDr9AdFnJO+TavQ5GaZfkmWxmWyrrWRZbSPT8lvSzbeSavoNSWLeeP0vxHyfKO7hqHN/EfVPSND9lDhBjLhftLyXIOLsBkLFvYLFeqX794YDOPrUmwQfegafvc8RdPQ3RJz/lHD9rwnW30aA3g789HYJdhNgsJcQk4MEGe3HR3+P+K4eJFp837L8LamI96IxM5TmvCjqc2KozoqhNieBhsJUWkoyadNk0qpJp70si+7qfHpqi+isLKCjukh8BqVIW06PdPQ2VtAmPht98qzeujIFbW3pdTR01pfS3VBOV1OF6F9Ob4sUfivpa6+mva6S9loZq8bKdeV0iPHynF9tQ5kYp6GnUUNvk4a+ZjGP+NzJPm21FTTXlNJQWUxtWcG4vwHj4ZNfiEt6JuaR0Rj6B2IVHI5rbDwOEVEYe/ti4huIcVAoxmFR6EbGcCI0kt1+gWxy8+Jze2f2egWy38OPvS6+HPENRi8yiQuR8ZwPT8AyLQejuHSOB0VwzC+cC9GJWKTnY5mRp0SbjELOhcZhEJ2CcWwmelGpYlwK5yJSORuZzqnwNDyqurAtasYkuw6DzBrOJpdxMl6DXkYttpo+fGp/wL/urzgVjWCZ2Y19/uAvSJHXLK1TKUvh16f6R5yLR7HO7sWxcBj/mh9wKx7At2KE8KYfie1EOTvYv/YyHmWDuFcMifkvEdj8AyHimlf9ZWxKunGsGFAwSKvFMKUMw6RizNOrlNTP0hFsW9CETX4zDiUdmGTUKCmgLQtaFLfv8ah8RQg+FlGAaW4ztmVazqVXcjpRw5nUc"
36551 [Forwarding screenshot on session b1310904-d161-49ca-a1a6-530fba7baea8 to remote] DEBUG org.apache.http.wire  - http-outgoing-101 << "kXsNcxrwDi3gWPxRUr78YRijsUUsD8im30hGewNy+SIFHzF9X3hOZxMKhNzVIt6CbtDMtkRkDruu1ZRUVFRUVFRUfn3Yrw/CqmoqKioqKioqKio/M/kXzsD+JHnBM+OxWUiLnmGCQufRWehqM8TyNTP8pze2c+h8+DTTJn9IhPvXcdNDz7HzaI+afpj3PbgWibPfJybpz/KHfOeZsI9jzBlznpunrWeSXOf5abZT4v+TzJ59nomzljD1AXPKdwk5p+44GUmLnqLCYt+y4T5gsV/FPxB1N9hwoI3BTKl86tMWvoKE5e+PHYusRRzF8lzgsX1hWLswjeVVNHS+au4f2VcLPu+IMbfQIyTgva8MQFYuoAnzF0/lg567lpunvcUU+Y+wW1SBJ63hjvmrGLa/EeZ9chTLF/7Ek++8CbrXnqNx595nmWPPcm85auYt3QFS5av5NHVa3h89Wo++dO72BtfICc2mKaiNHqq8+koSac8MZAkdxMCjfYraWaD9LYTfGEbQee2Eq7/HZnOetSEudAUJ89/DUSbGURdrCfFAbbkeluQ4WpMmrMh8VZnSHfUI83+HDnOF0i2Pkmqkz7JzqakSUevjx2Zvg7XU0Dbk+HrRLqPQIkupPo6K/UsUc/ycSTb22EMT1tyPKUQbE6Ou5nAdCz9s4hFHuYUi1jpa0W5lynVfhYMp/vxU0kE3+cHcDXPl85YSwZSbWmJ1Kcr3pTuJAu6E23pSbIfI9mRHun6TXVDm+apuH21irjpJ/bqT2eWTH3sTUeuB9pcb7R5PnTl+9NVEIC2IIiuwhB6SiLpK41hoDyBocokhmpSGWzIYrAxj+GmAkaaixltKxWUcbGjkpGOGkX8HelsEDQyom3mYncHo91aRno6GOprZ7CvjYG+Fvr7munrb2Z4qJ3+nhbl2uhAl+jXwmhnrRhfw6XeFka6xRz9HQyIuYZ72rg0oOXSoJZ+cY+6slzy02PIT4ultVqsRfQd0TYy2FbDkGC4rZrB1iqGmysZaCqlv1FDX30x/XU5DIj9DEo3s9hfnyZCcTj3FoUogni3eC5dWeK5ZIpnl+4snp8T2lQRU1zplkgncLx4vjF29ERa0xVuQUeIMa2BerQEXBBxzPEr3b71fiep9T1BpecxylwPU+J0kAL7feTa7CXDfCcpRtuI199CnO5mos59TYzuNyQabSfN7DvSLXeTZS0RZattJJtsIs5wI7EGXxBv+LngM9H/E8GnxJwX5XNfEHtWXD/zBQkXNpJm8BUZxhvJs9iIxuFrwUZKrDdQbPU5BaIty0T0Mf6SNFPpPN5CktFmkg03k2r8FWlGX4ixn5Nu9BkpBp+TrPcFibqfEyfF33OfEnl2AxFnPidUECI5/YWIGwkV9w8X9w8/8yXh5zYRfn4L4Re+JUxvJyEGuwk3PUC09QniHc6R4mpAhqcJeUGWlMY5U53qSUOWH3Xis1mbGUhNVhANeZE0FsTRUpxMW2kabZp0WjQZtJRl0VKeTVtFHu2V4jtfXUBHTSHtInbWFqGtK0FbO4Z0BGvrisU10a9WXi8Q9QK66gvobixSXOs9DYWib54gV6G9Np+WxnJam6pob6mmXXyGpCu4R6Z8biwTY4vorsunqyaXrqpstJXZtJbn0VhRTH1ZMVWaAipL8qgqLRz3N2A89AODuODjzRE7O/abmnHewRmXsCj8E1PxiUvCKz4F++h4jEKjOeEfyh7fYLb7h7AtKILtwZEcj0rkUEA4u1z92ecTzLmoFC7EpWKUkotrWa0ST8ckcSYqGb3kTAxSczkXnypIxzAtD+OUIswzyjBLL0U3oZBzsQWcTyjinBREBUZZDVxIq0U3swFzTQ9W5f2YlPRiUT6Ia+MP+DaCfwPY5A1inNqJfeEItvlDmKZ3KdEqp19pc6+4hmfVjzhrLit9ZZtH+VXcS4dwzNNiFF/N2YgS9GIrMElrEGsfIKobnDR92Gt6cakccwBbFHRgK9bhXDWETVGn4vA1TqtQ0j07l3Yowu+J8Bz2+6dwIiIXi5xGJX2z7Gua3cSFlCrOJ1dyLqlCSSNtWarldGolR+OK2Sf67wpK52RyOfo5DRyIyueMuCbrxxM0HI4t4lB0gRIV0TejBuuKPhzrLuJQO6o8HyOxPovS3nHftYqKioqKioqKyr8X4/1RSEVFRUVFRUVFRUXlfyb/mgC89KnrrEVniWDRU+gsXMvNS55lwoNr0Jm9lgmz1nKTYPKc9dzxwEqmTp/HjFlLmPnwfJ54Yi1vvvoKqx5ZwhsvP8OrL61j/ePLefHFtbz08tM8vu4JZs5awJ3T53LXzMXc8fAqps5cxW1z1zNl/vNMWvACkxe9yqSFLyuu4cmLXmHyfFl/k0mL3+QmeZ7v0te4WUnp/NKY+Lv4JeWc3wlL3hTltxRk/Yb4qwjAi8R818VfHRnFvXQUR/Oz6CgC8DPXWc/EeesUN/CUuU9x67zHmTpvDVNnreT22Y9w99wVzFi0mtnLHmPlk8/w+DMv8tTzr7Hm6ZdZsmY985Y/xsJH1rB81WPiWTzBs+ue5E/vvIHBqcMkBHnTUJjBoBR8ChMojXYl0eks/nrb8D27mRD97QSc34bf2R1Emhwjw8WQinB72lL96MoKozUlUNTdyPGwUNy5Kfa6pAtSrE6SbiewPUG6ky7JTkakyZTQHlZketuQ5WNPpo8DGQpOZPg5k+nvRlaAu0KOvws5om1MBBZ9PWzIlC5gcQ/FCexuSr6gwMOMIkGJaKv0thZYUOFlRnOYHUPpfnxfEMRolicdsRb0pljREqVPa7QeozmO9CbZCuzoTbYXONKd7ESXFCwV8ddbcbdqM/3ozPSnI8ufzlw/OgpEW4Ef2sIAtEXBdBWH0VUSTpcmmu6yOPoqkhioSlNcv4P1WQw2FzDQUsxgq4aR9gpGOqoY7qxmtLuB0a4mQbMotwnaudjdyYi2g+EuQU8nQ31a8eXpVOgf6GBoWMuwYGiwgxFJfztD0gHcVqmcB3y5r5URMd/lwS4uDnYz3C/69nUyLBjta+dSfwdXxDwXe1u53C/v2cxgRz3D2npGpfu4vVYgzxSuZLCljIEmDf2NJQw2FDBYk86QTGNdkUh/WSx9mij6SiLoyPFFmy2eSZZ4Zpme4rlJEdiVzlQnOpMc0CY60BlrT0ekFR1hFnSGmNEZbEJHsCFtgXo0+5+jwecUdd4nqPI4SpnbQYoc95JrvYsM822kmW4l2XgrSUYCw29JMdlJhoUUefeRabmPLKv95NgcINt6PxmW35Fqtl3wrUD0N95EvBSA9T8nRn+DiJ+SaPSZmO8r0sy2kGm+g1zLPeRb7aHYdp9gF4XWWyix+0rwObmmfyb9wu/INviTKH9CjvlGssw3i3VJB/B2wQ7STUXZ9BsyTb4i87oAnKz3GUkyTbTuBkUAVtJSn/2MsNMbCDn9mSIAS+E37PxXhF3YROj5LUTobifaaA8J5gdJtj1GmsMpstx1yfM1oijYgpIwW0ojnaiMdaMq0YPKVC+q0n0EvlSmCdL9qcoMpjYngvr8GJqKEmkuTlFoEjQWp9JQkk6jJoOm0iyapSBclk1zeQ6tlXm0VeX/DSkM15XQVl9MixJLaG/Q0FZbRGN1Pi01RXSIura5TInKdUFH41hbV0s52kaZ6rmYjlqBEsWcNfm0V+fRXpVLu7hnu7hXe2WBWEsuLeV5tFTm01iWM+5vwHho+Zk+oPuvP9EgfmSqO7VUt7aTV1ZNdFoOriHROIbGYBWRgHF0siLunk7K4GhKDsdTstjpG8Ie31D2B0Qooq55TgnnEzI4EhrLmfg09FJzOC3GnIpN4VxiBidF+WhUIhdEu11ZPb6NQ4pTVj+5QvQrxjC9DpsSLdaaboxz2tgXVsTu4HwOx1Sgn6/FpHiA8zmdnMkUY/J6McvpU8RcKf6apGnxrvlZQYq/TiWXcC27qojA8pp17oBSl0gR2CxDi3FKo5Lm2atimLD2v5I6CvEDEC7dwP1jrl+7kh4cy/rxqL2IfVkf1sVdigDsUTuCU6lWEX9lKuiwjquCaziXdeFW2UusGO9ZP4xJdj0Wea1YFXWIcQN41I9iV9qNe8Movp0/Y"
36551 [Forwarding screenshot on session b1310904-d161-49ca-a1a6-530fba7baea8 to remote] DEBUG org.apache.http.wire  - http-outgoing-101 << "Ffdj7lG7Cmtiv2ReRjmN+MkxhnkNWEj5rEU85kWtyvtumIuKfzKaFTQhl3VKBblQxgXdCvPx6psCPu6K+O+axUVFRUVFRUVlX8vxvujkIqKioqKioqKiorK/0z+NQF47gomzF+JjmDiglVMmid5FJ2ZS7ht4ZNMuH8pt817gpvmrGHKjOVMm7uU+x66n/sfvIeXXnqCsyd3curQl+z88k3MTm3E2fBbItyOY3lqAwF2e3E02sGFwzv44i9/5umnnuKp9S8wb9kT3DJzKdMWr+WWWauY8tAj3Dn3UaY+uJi756zgltmPMXHu0+jMeZqJ858XvMDEhS9z81KZElqmf5bpoN9AZ6k88/cNJix5nQmKAPzauAKwgpjnhgP4PxKAJysu4Me5dc5qps6WAvAK7hTcI9Z079zl3DdrEQ8vXMH8FU+w6NH1LFz9NIsfe5ZFjz0t9rSGhctW8siqNaxZ8xjPPr2O9955mwM7viXK3x1tVT49VZnUZwRTEedGovNZPM5tJchwH2GmR/HT3U+A3n6iLY+Q52NMfaw7HWlBtKUE0hDrgybAgRw3E7JdjMhy0Sfb6QLp9qdJUwRgQ1KcTRQRWJ71m+NjT7Yg3cOWdE870q8LwZm+zmT5OZPj92sBWKaDtiHbw4o8T3ner0wDbaa4fwuvC8Aa0Vbqbk6FlznlnqaUehgoIvClHD8u5nhT7H6MgTQ7+q6LwG0xhnTFW9Idb60IwX3JjvSnOdMnz/xNcaErzUNJ/dwtz/zN9qc3NxBtXiCdhUFoi0LoKgmlWxNBV2kMXWVxdJUn0F2VQm9tOv312Qw25DLYXMhAWxkD7RXKOb1DnbUMdY2d6TukFXS1MNTdJmIHQz2dDHdrGe7pYLhXirZahgZ6GB7qZXikT+HixQH6+toZGWrn8nAbV0da+eliO9cGmvhhoIVrol3OLR3Aw/2i32AXIwNaRvrHBODRvlYu9rYw2iNF54ax9XTWcbm3QTk3eEisc1ieGSzWPNSiYbCphIHGIrGXfAbrshQRuF/ssU/stbc0lt6SaLS5QXSJ56PN9BWfBS/aU9xoS3amNd5mLL12jBWd19M9d4aa0RFsQnugEc1+F6j1kOf7HqLIdh85ljvJMNtKmuk3pJp8Q5rJVtLNt5FhsZ08u33k2x+g0OGw4Aj5dofItTkg4n6yrXeLMd+SZLiZREGy0TeCr0k23kS62RZxfbsYu4tCx90UOe8Rn5G9aFz2U+K8nyKH/RTbHRD330++5S4KrLZTZLOFUsctou1zUnV/T+TRV0g6+w7Zpp9SYLOZPJvt4t67yLLaJdYm1/wt6SabSZeisqEYYzAm/ibqyTOHNxCru4GYC58RdeELIs4LLnxJpN4mog22EGP8LXFmO0gVe0sX+8pyPUm+13mK/PQpCTKhJMQcTbgVZZG2aKLsKI60oyTKkdI4dypS/KhKC6AyLZCK9CCqMsKoyYmkNjea+vw4QTx1+QnU5sVTnRMryonUFSRSX5BEQ2Ey9UWpNBSnUl+cToMmk6ay7L9RmUdLTTHNdaU0XaehRkNtRSHVZQW01FfSLGisLaO+ppzGugpa68ppLs0U/w3JpaeugN76YroUZ7EUf4torS2mRaGE5lqNQqt0IZdn0V6aoTiCe2vzlbTj4/0GjEfbSD/dl4bpvjhEm/jutLa30d3dy+jIFa5c/YnLP0Fz/yVymrQ4p+RikpCJTWEF59MLOZ2cjW5SFnYFZThrqrHMLsI0PQ/rglKcympwLK3GqrAU05xCLqRlcSohheOxiZxOTMU4rwiHimYMU6swSq0XNGKc2YJtcS/OlRcxL+jhdEItJ+LrOJ/WimFuryL4ns/qVjAqGMa67AoulT/iVftXBbfKH3Ap/x73qh/xrPlZiVZ5g9iIvk6lV5Q23wbwqR8joBE8q6/g13ANnxoxV9kQXjWXCdWi4FV/FfeaS/i3/Yx30zUcygdxqR4lqBP82/8q6v1Y57fgXKrFUdOJbWGrIgh71w2JdfRglFmLZX6b4v51rOgTYwdxrRnBoXJAEbjNRLthfiun0ms4mlSuRKPiDmxrh3Buvox7+zXMyro5mVbNvuhCTohnZVzSiUVFL+Zifun0PSady2ktGOZ0YZjXjV5mB+fSW8d91yoqKioqKioqKv9ejPdHIRUVFRUVFRUVFRWV/5n8awLwQwvQeXghEx9exMRZi7jpoUVMemghNz24iFtnL+fWOY8w6f4FPLBiPQ89+iyT5q1k4sJHuX3VU0xZuIwHZPrj119k5fpHefeDN9m642O+2Phbdu34EHeX86Qm+nLu9GH0zp1g68aP+Prjd9m24T2++uBt3nxuDU+uWszihfN4aN587nxwPnfPXsYtsx7hzqXruGOJTB/9FLctfInbFr+JzuyXmbjgLSYteptJS95CRwrCy15RzvyVArAiBAsUAXixaBfj/iYAS26kgBZcTwGtCMBz/1EAXsPtcx/lznmPcte8Vdw1dyX3zH2E+xes4P6FK7hv/gqmL3iUGUufYNbKp3l4xdNKqujZy59kzrLHmbtsDUtWPcEjqx5n7br1vPbqy+zY+iUpMf501uTSkB9LW3Esmlh3QixP4ql/kACTEwQaH8VPbyehRntJcThDaZANbUkBDObFKOcDlwU5kOliRK6HKTluhmQ465HqKHDSF9GQNGdjMmUKZ28bcnxsFWFXnvUrz//NkGmhvewUQVgRfgU5glzRnu9jT4GPHfleVuR7WpLv8WsB2IRSTwuKXUQUbVU+FmjcDSj3MkQb58D3BQGkWOxiJMuZvhQbOuPNaArTpSvGhO5Yc7riLRQhuDvRTmCPVpLkiDbZha5UdyUldFe6ICeAzvwQtAWhdBWH062Joqs0ju7yRLork+muSaO3Lpu+xnz6mwvpby2hv72S/o5qBjprGNTWCxoE8jzfZvq7Whnobhd0MtCjZbC3k9FBwXAHI0PdDA/1MzQ0pHDl8hUG+3u5OtrPxcE2Lg818v1ANSOdGkY7K7jcU8MPI21cFdeujUrht43hvjYR28Wc7VwS8eJAK6O9TVzqbeCHwWau9knhV55BXMFgSwkDTUUMt8jziQsZbCygvz6P/rpc+mqz6K1Jp7cqmZ6yBLpLYtAWRtKVH05rui+taV60JrvTkuBKS4wTzdHi+cXb0hljQVuEiXLGb73PWWo9T1EuRVyrveSY7STdeBspRluVtM6ppvJs3R0K2da7FNG3yOkQGtejFDsdVcTfPNsDZFnKVNC7STfbpQi86aabyTD7hmzzreRYb6PAdidlLgeo9jqquIrrfE5SI2KN5zHK3Q9S4rxbzLdXQQrAJfYHFBFY47ifUqd9lDl9R5nzdnIsPiXy+OsEH3iRmJNvk2H4MbkWm8hWzgCW7BSINSgu5W9IM/6KVKONJBt+QaL+ZyTof6EQr/85cfKMYP2vSDbbRrLFTpKlaG23n0yxv2yxv0yJ+zGyvU6R63uOvABdCoIMyQs0Ji/YlOIIGzTRTpTFuVKZ5El5ki+lSUFUpkVQlRFJVXoklSJWZkZSIajKjqEmN46avHiq8uKokgKwiBIpDCsUXBeEi1Jp0mQoTuCm8lyaKvJprS6ipaqI5qpC2ms1tFQX01CWT52gsVKKuaU0VZXQWFVMc205TbVlYlwhtdlxtBYm01mWSVdlnvIPStqrb7iJS2lpqKCpoYqGxmrqG6pJjA7C01qXzChfsdYEmkrSaCpOG/c3YDz6R3oZuTTA4FAPnR0ttDc30K/V8v3oJX7+ES5eusbwNRgBygZ/wDmzlMP+0Wz3COF8Yi7HQmLRT0jHKqsE84x8ToUlsNszgL3eIRwJjeZgUBRHwmMEcezyD2aLux87fAM5HJXAuZQCzsaUcTa6mhORFQp6yS1YFw7iUHoRm5JR3Ot+xq0eXOvAqfav2Ff9iK3AsRqcRZtdyWUcy64oAq9D6WVcK67h3QB+jVLAFWNEu5NM9SzG+DZBUKu41owiBrtWXsW+ZBDPuivi2g+K4CtjSBcEd4BHvWhv+RHPhquKACyFYK/G77EvG8C2tB+32lFsCloVAVg6fl0rehTcq/pwKOvCIr9Zcf5KR7NTpew/LPZyUcGj8TLuT"
36551 [Forwarding screenshot on session b1310904-d161-49ca-a1a6-530fba7baea8 to remote] DEBUG org.apache.http.wire  - http-outgoing-101 << "WLNos1Eo+VsVj3HUyoVsVcvvwWrqn5FBA7oF/sU0bp6APv6EaUso2VlnyIAS8HXJL8fW81FbMsvK9FKMzruu1ZRUVFRUVFRUfn3Yrw/CqmoqKioqKioqKio/M/kXxKAJz0wV+GmB2Wcx6SZs5l0/2xunjGHm6Y9wOQZs7l15hzufGg+T771B9Z+sIk71/2OyYuf4d61bzPnhXeY9OACJj8wh3vnzuPRdU/x1LNref6lZ/nokz9jYaaLo6UuFrqH2f31B2z4/Qt885e32PHZ79nyyTts+OMb/PF3r/P+H3/PB3/5gGdefJF5jz7GLQ8tYOKMhdw+7ymxtrXoPPAsUxf/jknz3mLS/LeZtOhNReidsPTFMWT5ugAsncATfhGAxTWJIgA//08CsM7cG2cAjwnAk+c9yS1zH2fq3DXcMW+1chbwHXNWcodMBz3nEe5bsIr7Fj02xuInmL50LfcuWSviOh545FkeXvUcs1c/z5xHn2X+6qeZt/IJFq18jEfWrOb5F59m73eb8PewoiQ9go6KTKqzIskKcyPCyQSX8/sIMNiL15mt+J3fSYz5cbLdjKkMdaY3K4KKEGeS7XRJddAn0e48Ga5GY+KvghSADZXzgrPcLcjxsiLXx4ZcKQYLskU5W4rC3hIHUXZQnMJ5Ihb42lPoa0eBtzWFXhYUeJpR6CEFYHkG8JgArHEzpUzUpQBc7mWsuICr/Y0YTHOj3OcsF3Pc6U60pjboPE1henRGGaGNMkYbbUJXjCnaGAu0sVb0JNnRk+wgcKInxYXeVBd6xBzdmT5os/3pzg2iuyCEnqIIukui6S6Npbsinp6qZHpr0+hvyKK/KYeB5nwGW0sZaC1nsK1CUMlge7WghtGuRuW83pFu6chtVc7rHeltY3RAtA02MzzYztBAN0P9Qwz2jTDUO8RIXz8jPe30tleQHOFASpg52poE/B3OkRvvTVd9PgMdFVzsa2Swp57R/mYxrpGBrloGtNUMCUa6qxjuKONiZznDbcX0NeTS35jLUHMeAw3Z9NVl0luXTm91qthPCl0VSXSVJ6LVxKAtjqKjIIz2nCDaMvxoT/ehLdmd1gQXWmMcaY60pSnEksZgU2p8z1LheVRx2uZZ7yLT5BvSDTaPYbiFVMOtpBpLh+9ucmwPkOdwSCD62u9TyLXbT650BguyrPeSZblHIcd6PwX2hyhxOkK5y35qPPfR7H+U9pBTdISdEfEsrYGnRZvA7zSNPqeo9TxOtesRKt0OUel5iAqPw5SJssZZ4CTmcjgo5jqsXK9w3Svid6J9K5mmH5Ok9yex9o/Jt95Eoe02cm2kQL1DcQBnWX0n1r+DdPNvrzuXNynppROlCGzwJQlGkq+Il6moxf6TRN8ky11jArD9ATKcj5DpdowM9+NkeJ4gU3xGc/x1yQs0JD/EhIJQS4rEMy2JdqYkxlXghibOk5J4P0oSQihLjlQoTYpAkxxBaUo4mtRIyjOiqM6Jo1q6fxUXcBx1OVGCiLGYG0VtrhSJY6nKFuTGU1OQQk1hKjVF6dSVZNGsyaJVk05rSTptpRmKU7ezMkdx+HZVF9JTWyw+JyX0CLrriumuLaGzNFd8Zgrpq9WIa6WiTYO2vozOxnLam+T5wBU0NUoBuJL6hkpKi7MozIqnoSyX5soCGjQ5CuP9BoxHV1uD+Hx3cGmgi/6OVrqa5T+u6ODaxcvwVxgYuMxVoF+UPZIK2WHuzl6nEI4FJmOUXIJjfi0ngmPZ4ejHQZ8w9GOzME8vxL6wGvfqZqzzK3GqqMdeU6ekgz4SmaSkgTbILsaiqB6L7HYlFbNeQhMnIqs4GVnLhaRWDNO1GGX0cCKqniPhtRwOq+FodBNnk7Vi7CBmBRfF+ItjwqdmBJuiISwLB7ArGcG56irOFVeUdin6egt8Gseid8Nfcan+HquCAYwy27EplsLsJfxaf1II7ICQbpToKtq9mq7h3fyD4vgNuN5mlt+p4FgxgG1Jh+L69agewKd+BNfqfqyL2jDLacY8t4UzCWXoplZjlNWEQVYj51NrOJdSjV56IwY5rbg1X1FwabykiMH2NUM4N1zEq/0HAnrAprIfyzJ59nGvUpZn/poUdaCf24xeTguejT/iUf+Tsl/T3B5ORtfwnV/+uO9aRUVFRUVFRUXl34vx/iikoqKioqKioqKiovI/k39JAJ7y4FymPCR4cA43PzCHm2bMYuL0h5U46Z4Z3DT9ISbfO5OJd0/n/sUreP4PG/jsiCl/+Powdyxez9S5j3H7w48wZfo8br5zJnfc/SALl6zimWdeZt7cRcx+4H5WzprK00vv5fk1s1k6dxqPrlzCuvWPs3nr1+z8bjt/fv8PrHvqUV574Un+8NuX+fa7rWw/fpxX39/AHbNXc9vD67hr4ZtMnv4CN815WxGBJy54k4mLpfP3eSYskUgH8PV00JJFrzJBnissRWDJLwLwcyJKEfi6ADxn7d8LwHOfZPKcMRfw1LmruWPeGu6av4a7BXfMWcE981czbeFjTFv0OPcseoJ7lqxj2tKnmb7yRWasflXhgcdfZ9aTbzJv7Rs89OgzPLxqLfPXPMns5ctZ+uhyXnrlGb7+4gOcrPSpyE+moTidosRQ8qN9CDY7iq/ud/jr7SXE8CChhoeU84HzvSzIcjclwfYCyY4GRFqeJtXVhBRnKfwaKKS7SAHYiAwXEzJdTUV/M7Ldzcn2sCDby5Icb+sxUdjXkTw/RxEdyPO1I8/HlgJvG4rE9SJvS4o8zShyN1EoFpR6mFEp2iXlXiaKAFzhbUyZlx6NoWYMpDrzQ3EA3xf6kmKxg2QzmWJ4K9lW28mz3UWx0z5K3Q5T7nGchmB9msKMaI0ypzPOWhGD+8R4KQL3pHvQl+lNX44fffkB9BWF0FccSn9pOP3l0QxUxTFUm8hwfTLDjemMNOUx2pTPaHOBiEUiFjHSXMzl9nIutVdwqaOKy53VXJJ01TDcXc5AdwWD3fWCNlHvYaRnkMt9wwwBAmb9AAD/9ElEQVR3dnJ5qJuL2gpiffQJdtxHeboz7iZ7qcoM4upwHVf7ahjpqqS3vZS+tjL6OsoY6ChlsE1Df2sR/c359NZnMtiYRX9DBv11aQyK2FeTTHdlAj2C7opYusti6CqNQlsSibYoTEl/rRV7bs/wpDXFjZZEmebZgaYIS/G8TKj21kXjdIJ8qwNkm31HstEmkg2/IkWQZvQ1mSabyRHPvMBqJ0W2uymw20++/UFy7Q+TI8i2O0iW7V6y7feL+gHBQbJt95NlI96LxylqfC/QEmKMNsryOqb0x+rTG3WajpBjtAQcFhylPegkHcGnRTxDW+BZWv3P0Ox7mibvMzR4SzfwUbHWY1R6HqHC/Sjlbkcpc5Vi8iHKnPdTbL+TYoftlLrupNRlO0UO34h9bUPjvJNCcS1HEX/lOcQ7SDPbToogWaagNtlCovFmwdeK6Jsg9pwg9pxgKtrNviXeXPSz3k2yzR6Sxd5THQ+L78JxMsTessTeMv30yPI3ICfAmJwgM4EFOcHW5Ic5UBDhSkGku8CDgigvgR95kYHiuxgsCKEwNhRNUiQV6TFUZcmUz/HU5CZQJWJ5dgzlmZHUZoVRlxUqoiSM6qxw8ZmRruEoKqVjOC+BmvwkRQSuL8mguSSNxpwYKpODaciKpLcsnb7KDLSaZPEZz6a/MpuWAnGP1FCa8uIYkOmeq0rpqquiq34MbX0FXY2VaJsq6Gwspb1RQ2t9Ec11hTTW5tFQnU9jVT4NFXnUaDKpLEyjtjhj3N+A8eDqKJf6tOIe9XQ01DLYo+Xa5UtcvniJrr5BrokuzQPf4xmfy7vbT7Du4518eMqGDfoe/OWCMxsMnDnkGYl9VhV+1VqcCuq5EJPFmcgM9JMLsCmoxam8GZvCOs4m5XIsKp0LaYWYF9ZgWdSEg2YI28IRLHL6Mc3sEfRhnNmLfqqWs4mtWOaNYJzVj25KN2eSOjmX0oVeRh+G2YMY5w5iV3oJx8qLOFZcxrZ0SNRHf6nblQ1jVST6iOhQfgmHCnFNtLvVif00/KyIp05VFxVR173+Ch4NV/Fr+5kgLfi0yGsjWJf0Ku3yuhR9DbNasCruw"
36551 [Forwarding screenshot on session b1310904-d161-49ca-a1a6-530fba7baea8 to remote] DEBUG org.apache.http.wire  - http-outgoing-101 << "aKwC93UWiwLWjDLqlNSQbtVjjl/9dOqOB2r4VxShbhvL641Q4rr176iX6y5Rey/lgup9ehlNWNa2IFZiVZBCrsSKfhKsde2akBpl6KvY92IIgxLgVjW5XWH6hGORVcoqbL1Uloxyu7APLdXrK9/3HetoqKioqKioqLy78V4fxRSUVFRUVFRUVFRUfmfyb8mAD8wS/Awk2c+yE33C2Y8xGTRpnPvDCZMu/9v3DNdMAOdO6YxcfLtPP3C6xiZ27Ln4HEeX/c8Kx9bx0OzF3H7Hfcxdeq9zJwxi9WPPsmKpUtZ9vBUXn5qPuufWMjceQ9w/6yHeOyFF3n59+/xxMuv8tCiJTyxfj2/+e0bLFowm6nT7mD922+x65Qeb338LVNnr+fmB55n0gOvMOnhN5k0500mzhdx0cvoLHqeCYueZcLCV5mwWIq/b4xFRQB+5W/poJUzgV8cE4DnPqOcAyyR6Z+lAHzT3Ke4WYq/glvmPclt8x6/zmNjbuC5j3L3gse4Z+HjTFv0BPcuXsu0Jeu5d9mzzFj5Mvc/+grTV7/OfTdY86aov8r0R59nxqpnmblyHTMfWc1Dy5Yzd+lilj6yhDWrH+Gj939PoIcjDSV5lKfHUpMWSpq3GQEmhwk1O0ao8XEiTE6QaKtLsr0BSQ6GxIsY52hIsps5qa6mpLuZkulhTpa7wM1MQRF+Zd3dZEwUVpzBJkq/TE8bsjxtyfGyI8/LRhF/C32kAGz19wKwhxEl7kaUekj3r5lAir8mVHhLpACsj8bjHJ2xdnxf4MdPZSFk2u0n6sJGEg2/JkF/I/F6XxCn+7ngC2J1NxJ2+hNCz3xK+NnPRb8vidH7mnjDb0i33E227V4KnI5Q6nWa2mADmqIt6Ei2pzvTlZ4cd/oLfRgqCWSkPITRigguVydwRaDEqiQRk7hYk8RoVbKIqVyqTedyfSZXGrK40pTDxY48RrqKuNRdzeWeZq50d3K5q4sf+gYYaq6FK3381FVCf2U4HYVuxHscpD7Dk67SaOgv58eeUi51ivGdxQy1FDDYnE9/Yza9dRn0VKfQJdYwUJtCf3U8feUx9JZF01MaRY8mnM6iEDoKgtAqBNKe50trpictaS60pTrQmWJPW7w1zWLPjWHGVPqcIdvqO+W83iTdL0k6t5Es/W/IN9tBruVOsqy2KwJ7riDfegcFtjsoddpPicNecqx2k2m5h1SLPaRZHiDH8Zh4nyfJdxmLNYH6dCfYcynHmyFx//5EB3pibeiOsVboiTKjP+Y8jd67KLH9knKHrbT6HaQ37IzgHD0hFwR6dAXr0hWohzZAj/bA8zT4n1YEYOkCLnU9SLHjfgrs9lLre1Jpl2miNa57KXLaSYHDNnJsNot1fkWq2UaSjL8gwVB+bjaRZPSNiN8QZ7BFIKKoJ4jnkGgq6kabFOJNt5Jgvp0k8YySxecmzfEQqU5HSXM+TrrLCfGdOE2ax1nSfQxJ9zMlK9CSnEAbsoPsyAy0JTPIkaxgVxFdyAh0E3iIspdo86EwKoTK5GjxXYyjLiuRuuwkqtLjKE0Op0y6gNMixHc1gsqsaGpz42jOj6E6LVChNjOMivRgQSgNBWMO4YrMKMpEf016lJIWurUsi6aiFNo1mXRXSmdvHtqKsfN6e6QLuCKb5ABH4sT3sik/QVzLo7G8lMbqalpra2irr6SttpS26kLaqnLorMmhuzaDLvEZ1FYl0i2+D/IfHfRUJtJeEk1LQQTNeeE05YSM+xswHp2NdfS1tzDU28XgQB+jo6Nc+v4awz/8RPfVn0gsruGwlSt/3n2WVzcf46UtZ1j/9WmWvX+AtV+d4dVdenxh7MEx/zTOhmVzMjiLk6GZnI3M50x0HsfDcziTUMi5RA1nk4oxyK7Btrwdx+oebEq7MMxqRze5Q8E8dxCn8mu4VP+EfdlVzAqGsSm+jGXxJVEewShnAMPsfkxke9kPONb8LOa6iFvjNbxbwbPlJ9wbf1SirHu1/oxr/TWlLqNFSR+GOZ2YF/fiVHMF96Yf8Gj+UcxzSbkmkWXZ5lJ/FavSAWVuWXeoGME4pwOr4j58Wn7Go+Ea5vmduNcMY1fUjn2pFv/WKwR3/oBzZS8WBW1YFXVgXdyFY9WgIgDLaFqoRTeziQsZjehnt4g1/ijucRXbirFr5sXdirDrWDOKTbnYb24bZkVdYm09GOeL53R9rHQPmxR0Yl81qqzZRezHue4KrrVXlTjeu1ZRUVFRUVFRUfn3Yrw/CqmoqKioqKioqKio/M/kXxKAJ0+/l9tm3s/tD85k6oMPMOX+6Uy6917BdCbeex8T7pnGhLvuEUxDRzBp6lTunHYHt901lYlTJjNr0SJef+9P/HHDRp556/fc9fACJt39IJPueVDMNYfpC5awdMVCFi5+iLkLH+bm2yZz1wPTufOBB7jjwVncNWseN90p7nPLXWIN81n0+DMsfupp7p6/iPsWrWLp07/ljrlPc/P0tUye9Qo6D76MzqzX0Jn7ChPnSWevdPQKpOC7WDqA3/x7EVggBWCFG07gec+hM0+KwGPn//69APwUt8wb49Z5T/yCdDrfMf8x7l4gnb9Pcu+SdUxf/jT3r3iOGStfYPqql7nv0VcV8Xfa6je5Z83b3LvmDe5b84pof1Fcf5b7HnmS6ctWc/+ipTy0eAlLVq5k6bIlrH18DTs2fUWQmyPFidJFGE1NajjJHhYEGp0gzOw0YaaniLXRI9HRhDhHY6LsDYlzMiHJxZRUdykAWypkXHf85ohythSF3czIdDMR0UTUTRVRONPDiixPG7K9rMn3tqVAir++1hT7WFHsbUGxlxklniZovEwok3hK8deMck/TvxOAK7yNKPfWp8rPkKEMT/rSXKgN0leEXOnkzLTYRprZVlJNtpJynTSzbaQors5vSTTeOobRFlKNvyHF6GtSDL4iUX+jkuY33vArhTjRnmj2Dak2O8hy2kee2yEKPY9T5neBikADakJNaYy2oiXejvYkR9qTnelMdaU3y5vBggAuakK5XBHJ5YZELrZkcKUtn6sdpVxtr+ZqWx3X2usF1dBdwZW6JIY0/vQVOpPre4T6RFu0eX783J7J980ZjNSnMFiT/CuSGKxOZLg6XhDHoLjPgCac3mKZxjqYroJAOnO86cj2oiPLi7Z0V5pTHGlIsqUu1pLqCCNKfU9R4HKAdJvtxIn9xuh+ruw/VZQzjDaTK55XkeVOSq2/o8x2D0UOB8mTyJTOdrvJs92pUGC3i0KHfcrZvuXe58S7MKE5wpbWWAfaxbPpy3TjUr4vF3N9GEhzpUu09Sc70pdgT58sizggibOiL+Y8ueafEnr4NbKMP0EbfJy+yHN0h56lO+Q82qDzdPifp83nHC3eZ5V00HU+J5Tzgas8BV7SCXxMcQIXOu6hwH43OXY7ybLZRobVFtItN5Ni9iXJplL8Fe/b6EsSxX6TxH4TDDaL/X9DgvE2Ek23i3e/g4RfY7qDePOdJFh+R4LVXuJt9pNkd5gk+2MkO50i1eWs+E6cJ9VDfF/cjEj2siTF21rEMVL9HMgIdCEryJ2cEG8KwgMoiQmlLCGS8vhwKhLCqUuLoTolksokUU8OpzwpjJr0KKozoqhIi6AsORRNcgilqWJckj+aeG8qUvypyQilKi2Y6sxwsiPcyAh3oSwtTBGD6/PiFMG4viSTxspi6soLqCnKobY4l+aKIjprS2ktz6OvQaZ4LqKjIlcRf9sFbbVltNVV0FlfTld9Cb31BfTXZjHakMZwjfjclYbQXyTTqDvSmGBCbcQ5qgKOkuu4nVijTwk8+Qfc970+7m/AeFweGqKvS4tWq2Xk8hW+B3q/v0ZIZg4HzO14c8tu1n2ylde3neK3+014bbcZ6zbpsuSDY6zfbMCCd3ey7P09PLnxBH847sDJkALcygexK9ByNCSfz61D+dIhkm2eSRyOLOR8eh262Y2cSqniUIwG47weTie2cjS6nrPJ7ZjkDWJeOIJhdp/oq+VgZC2HxbVjcU2cSGjhbGonBqKPXeUPuDWiCLlS6PXXgm/HmAh8Q8CV4qhsC+hCEXKN8jo5lVTLubRGjPO1mBX1KH1tyocwzO1QsNRIZ"
36551 [Forwarding screenshot on session b1310904-d161-49ca-a1a6-530fba7baea8 to remote] DEBUG org.apache.http.wire  - http-outgoing-101 << "+1FMf+IIgjL8VIINshsxSy/C8fKUcU1LKNz1Qim2U1cSCjlQnK5kg7apaoPq8JWDDLqFCyLtYrw69l0BZ9WKSZfUwRfGX3af1ZEYCnsSjFXYlXaJ9Y9rIi+p5NrxHqrxZ7rlHg4WsOhqBLxHCp/EZClICxTQRvJ/ZR0Yy32Ylc9PO67VlFRUVFRUVFR+fdivD8KqaioqKioqKioqKj8z+RfEoDvnnknd0yfytR7b+O2abdx6723c9u9d3LLtLuYfM+dTLrrTnTuvENwtyjfw+S77xDcwpR7bmOi6KNz911MuEtcu3cmtzw0H50Zc5jwwAImzJzLXaue4i8HjmHh4cqX27/h4KmjbNi8UdzvHm69525uve9+7pq9gCVPvcSKl97lyXe+4InffcnqN/7MY6//jmd+9xHr39nA1LnrxD1WcvPDz4t5n2PCgy8yYdZL6MwWzJWu3hfGhN+lbzNh2W/QWfaWwoSlUgyWZwK//jcnsCICP68IwFL8/bUAPCYCy3OAn2LK/LVMUYTgMUfwrfOf5I4FT3DXwie5Z7E883ctMx95mpkrnhXxGe5f8Tz3rXxJEYGnKSLwW9y35g3uf+x1pq9+hftWvcC0R9Zzz9LHuW/xo0ybt4R7HpzD3MVLWbRoKSuXr+D1F19g75YvcbcyRJMSTXVaLJrIABKdzYmw1CXaxoBYBxNiHE2IchJRtMc5m5Hoak6auxVpHtaki5gpYpanjJZkulv84gbO8ZBYkOFuSZaH1XUBeMz9W+JrQ7GXBSVe5pR4mlLqKcVfU8q9TanwMhNYjEVRr/QxUaj2MxUYU+R6htYoG+pDTOmIsSXX8TAFTococDxAvsRBxoNjbQJZzhNtufb7lZjvIJ2i31Fou4MCmx3kW28n30aygzwRc22kW3Qb2QrbRXm7iDtEuzzjdg85dnvItdsn5ttHjsM+Cl0OU+h6mGLPY5T5nKIi4AyVQecpDzWkLNKMyhg76hLdaUzxozk9hNaMUPqKYuiVqZgzXelMs6E73ZyKkJPURxnRmerA95XhXCoPY6Q8gqEyQWk4A5ow+ouC6S3wpyfPl54cb4EnPdkSD4WuTDfaUxxoiremJlI818Dz5HseJ8P5AElWO4g12UyU3udEnP+UGP3PCT3zERFnPxF7lGmRd4tnIp6LzS6FImsRrXeTbrmXNNtD5DofpdT7FHWBZ2kO00Uba8Jgqh2jGS4MZ3hwMcefS3khXMwPZjjPn8EcH/ozPehLd2dQXB8W5YFUFwZTnBkWXExzZUSWk2zpi9GjwmU7WaafUub4LV1hp+mLukBPhCBcj65QPTqDdGnzv0CL7zmafM9Q63WMcpeDFNvvUVJ/Z1luI1We3ytIFvtMNNkk+JoEY3l275fEGn1BnNFGhUQjeb6vZJMiACcYbiXJZAeJZjuJt9hFnPlO4sx2ifJu4s33iriXBKv9JNgcJt72KAl2J0iwP0mC0xmSnC+Q7KpHspsByZ6WpPjYk+7vRFaQK7mhHhRE+FASE0hpXBCa2GARQyiLD6UiIYzKhGAq4wOoiPWjJNILTbSPaA8QffzICXEhL9ydfNEuKYjypki0lyUFiOhDfrQH+VHuFMV6KSJwsp81MeJ7lBvpSpX4nCmporMjqMpPoUxTSE1lGbWS8mIaKotpq9HQXl1Ee0Uu/Q0ahppKGKwvZLS9jK7yVDpKYmnOCaUu1ZPKOFsqIkzI9zpKqs0W8dn5gMgz7xB27HUC9j9D4K5VBG9bRMCmOfh++TA+Gx8SPDjub8B4aLXd/ARKqufqTi0mHp58+N0+Xv7yG176ZifPbdnL24f0+IuBOy/uMWX1xnM88Y0Jyz65wLKPzvHUl/qs+uQ4C9/by6L3D/D8TlM22cahn9KMS9VlziTWcTiqnBPxNRgXdGNZMYxJSR/6+VoM8ntwqv0Rs6Ih9LO7Mcrrw6RAlns5m9rBieRW7Gt/wqriKqYloxgVDmFSPIKp5iKW5VdE+2WsyoawqxxSHLMu9ZcVYVUiHbXSJSuFUqO8dgUplkqRVfaT4qtnyw/YV19URFMLTb+YaxC7qlGlTYrAEikOS+FYN7NFrKsNw6w29NKbMcpux6akF++GS7jVDOBRN0RA21WCOn/Cq/ESLtWDOFcNKGf+6mc2YJzTNnZ2cFGX4vK1LutX1qicJVw5/EsKapl6WqaglucO25b2Y1c2oGBZ1I1pXoeSklqeSyz7SGHbuLATo+IO8Uy7MS/vwaK8X4njvWsVFRUVFRUVFZV/L/7xD0IqKv+V7Nq1S+W/EeO9IxUVFRUVFZX/2fxLAvD6dfNZuWIGc+bczv33T+Kee3S4/U4dbpk6kSm3TeTmWyU3ifIt3HLHraL9ZibfpsPkOyZx2313cMeD05k88z4mTLsHnRkzmDBdpoueJuJ0Jj30AKteepoDezdy4LvPOHZsN0fOnuKm+x9CZ+YidKYt4O6VL/L8+1t4/g/SQfwhb/xxA0+//QErXnyXGSueY+qcx7j5wTXcPGstOg+tZcLM9Ux48DkmPPQiOrNeZuKc19CZ9zo6S3/DhOW/ReeRd9BZ8Q4TBZNW/JabHnmbScvfYuKyN9BZ/OpYGui5z6Ezdyz98z8KwIoIfP08YEUEFtyyYB23zn+KuxavU8Rfxf27+CnuX/oUM5atHWP5eu6XQrDiBpbpoF9jxprXmbnmNe5f/Sr3rXqRex55mruXPCXmeJzpSx5jxrxHuO/hBdw7YzazZy9kzarHeWz1o7z24nN8+8UGgp1sacnPoCoxgoIQT1I8bImyk+5fE2JcLARWxDiZE+9iSbK7DSkSN2tSRUz3tCbDw4pMT+n2lWKvxFJBCsPZ4lqu6FMgz/31saHYR0RPc4o8ZOpnYzSCUk9jyqXb18uUSm/zMXzMqPKVSPHXVETpBDag2t+I+mAzuhOclXNnNZ4nKfE4SbH7CYrcjisUC/Kdj1DgfJhCQZHLEYpdj6JxP0a5xxEqPA9T7i45RJnbQSWNsMZ5HyUCeYZshWir9jyiCI113sep8ThGtaDK6yg1XsepFm1VPsepEHOVeYg1iHk0bgcoct1Poct+EQ9R4HqEXEG2yzEynY6RIUh3OirqR8l1O0KhGJPvskesazcFTjvJc9glygeoDjhLqc8ZKgL1qAg2oDLUUGBEdbgJdREmNESZ0BxtRnOcOY3R5kpbtehX6ntGzHeYTLs9pFjuIMlsq0CmNN5EpO5nhJz5iNCzn+B75E/4CNwP/J7gM59Q5H5U6Z9muZMM6+/IddhPiTxTV563G2VHU4ILnWkeDOR4cqnAh2vF3lwr8uZqgSdX8mX0FzGI0dwQRnKCGM4PZDDfnyHBcK6faJdOYF+GM9wZTnVhKNmJwUQHemOt0YYb0RulR1/0efpiLtAbfYGeSF2lTRt2gfagc4rjt8rlEMW2u8k130G22TayxN7SjDYpZxMnGX5JgsFG4vQ/J0GU464TayT5SokxSlm0S0HYSKYCF+h/pbh/4w23iv7fij7biDbeTpTpDsEuIo12EmW0W5T3EWNxkHjrY8TbniDF6TwpLnqkuRuS4WlKho8Fmb7iMx3hSW6YB/nhXpTFBlIeF6C0lUR5o4n2pVCU80JdyAlyIjvQkewAWzHOnDTx+U8Tn/ssf0tSRQy3PUOmn7Xo50BeiDO5wc4iupAX5k6aKGdFeJAX401hnA/F8b6UxPtQmuBDSZwHVUk+NGWF0J4XjrYohnZNMo2l6bRV5NBZnUt3TQ7DDblcayngWnM2I+VxdGb5UhUpvqfup4i32kWi6dfE6H9M6Kl38TnwCq471uK85VF8dz6B/87VBHy7nMCtiwndtojInUuJ3jabqK/vIVoQ9dVdRHx5J6FfTB33N2A8Lv0VEvNK2XvOiDc2bOLVL7bw7u6jvLPvFC9sP8qHBs68dtRMYM8z31mwfpeNiE6s/NKMxzZb8Ox2K1Z+eooVn5zk9YMObLJN4EBgMWfi6jHK6kY/q4sj0TUciKjkdFob53O6OJ3Rjn7+AI6NP2Nf+wPWlVdwrPkBz3bw6wS3FnCpFzSBmeYierl9YmwHZ9I7MRDjZJsUhA0L+jmd0sCZ1AZ0s1oVIVeODxsYS/8sHbzS5"
36551 [Forwarding screenshot on session b1310904-d161-49ca-a1a6-530fba7baea8 to remote] DEBUG org.apache.http.wire  - http-outgoing-101 << "SvFVuuyQcVdK923IX0Q2A3OdZeUNikguzZIJ7FMH/2DUpb9ZNm96XuiRyH+ipzzR+zLBxWhNkjcJ6D9J1wqB3Ct7ldSQbtWyTOJuzHLa8EwsxGDjAZcakeUs4QdKoYUQVcKuJaaXmw0A8qavNv+qmBbMcxZsY+TiTXKmqWDWaaolmXTPC26aU2cSaxWBGgpGLvVXVVSRVtXDGApsK4awqZ6WEHWx3vXKioqKioqKioq/16M90chFZX/KqTo2N/fr/LfAFUAVlFRUVFR+b+Tf0kA/uS9x3j/tyt49/WlvPXSQl5YO4snVtzPglm3MnvGrcycNplpd0xi6pSJTJ44gVtu0uHOqVOYetsUJk2ahM7NNzNh6u3o3DnmBNaZOpWJt05hyvS7mXLvHUy5TYdvPnwBd9MDrF46h3um38kdD85G5/75THhgBRPuXMiE2+eK8bO55e6HmXzbvehMuZ8Jdy9mwv0rmThzFRPuXSrqS0T/x5gw8wkRb4jArzBx9hvozHuTCYvH3L+KCLzid4oIrAjAK36joIjAS18bcwDPex6dueM7gG/wNwF4HbcuXK9w55KnuWfxOu5d/CT3LX6C6YseY/ri1Tyw5HFmLHlCEYJviMD3r3qZmY++wgOPvsoMmR565YtMe+RZ7lm6jrsXPsHd81Zzz+zl3PvwYuYsXMXceY9w990P8NDsBaxctYZVy5bzu5de4vzeXWQF+VCbHEVekDtxTuZEO5gS42JJlIsVsa7WJHnYk+LlQIqnHcketopQnCZI97BWzvvN9rYh18eWHG9rgRXZnlbkeFor5//me1lR+MvZv6aCG2f/GqDxMKTM00hx/krxt8rHgipfc6r9JGYK5V6GNIVaU+VnTGukDaNZvtQFGVPpd4Fyn3NoPE8p4m+By1FF/C33OUuZ92kx70lKPU4IRPQSeJ+gzOek4tgt9xXIsmirFLE+4Az1/qdp9Duj0Cxo8j1Ng+jbIPo2+gn8xbXAMZqDz9EYco6G4LPUB52hNugktYEnaRJzNPmdpsZHzOt5lFLPw2KPh8QaD1Hkvp8Kn8OUe4u66x40TrvQOG4nx/wrss03kW35LUlGX5FitoUk0y1EG24iVhAnUxYbbSLR+GuSTTaRarGNFIsdgu2kSQFX1JNF/3TzLWRZbRPzbCNPprK23ErMuU/wOfgHHPf8HrdD7+N14mNcj3yAp4hRJtso9jtPRZgxzYm2ipO4P8+X/vwAhjUxjJQncKkinqsVUXxfHsK1Un+0iZbiWR6nOkCXoQx3RQC+mBfC5aIIBvOCGBRjB3L9GMj2oTfdnd5UV/qSnehLdGAwyVFx/46kODGcZMelNGsG4gzoDD1HW5B4vr5HKXPaQ77YQ475VrJMtpBmKPasu5GE818oJOp+Qfz5zxQS9EWbgagLFOH3OjEGXxMjxsUYfkWEwUbBF0Tpf0603kYFeU50zPkviTz3FeGC0PNfE2qwhXCTncRY7CfJ9jjJdidIdThLhosu2eKzmu1tRmGQLUXB9hSFOFEc5kJxuLvi4C2N8SVflLODnckJciTD35Z4N0OinXQFF4hyOifiWWKczxLnco54UU5wOkWS8ylS3M6R6n6BUPND2B/fTKzjeZLF2HQpLvvZkh1gr8ybFeFJprhXlqAoPoDa7EgacyNpyY+iOTuU9twwugsj6RLvoiM7kL7CUC5WRjNSGkZPpjtVIfpkWO8g6uyH+O17g+B9r+K77Sn8tz5OwNY1eGxcRODX8wj5Zg5hW+cRuW0e0TvmEbdzPlFbZxG/fQ5Ju+aTuGM2sVtmEvX1fcRsnkbcVsk9RG26k+AvbsF/w83j/gaMx1cnzPlony6/2XyUlzce4JVNR3lr53l+d9CMd4/Z89Zhe9446sxze+x4bIs5T+9x5q2zobx0xI8VX5sy852d/O6UM3qJ9bhWXsK+ZAiD9FbOJzVwPrkZ3YxOjsfVczCyhuNJLZxOF/XkVg7GNnAgupZDUbXoZnZjVXIJs6IRJQ308fgmdNO7sNRIgfYyNuVXlbJx/iCGuf1KP+uyK4JLuDaDtbivYUGvgnQE21aOYl7Sj35OB4Z5WlHuw6HqEk61l5X0zXaijxRgbTR92Jf1YV3ciUlOE+dSKjkZr+F8Rg3W5d14tF7Bp/MHPEV0aRjBuWYQx4o+BSn4+jZdwV7TjUN5L85VQ6J9AKsiLWZ5baJtEN+WHxWXsGP5CE4Vo9hpBrEs6MEktxPdlCaOxVaxJ7yU78I1XMjV4toKPtLZ2wvhQxA2CI61V/Bo+gn/TpQ0125132Mt9mZdMoBz9SXl/F/byhEsSwcwLerBuKBLSQc93rtWUVFRUVFRUVH592K8PwqpqPxXIUXHvr4+lf8GqAKwioqKiorK/538SwLwhndX8tE7y/n4dyv4/L3H+fwPT/DRb1bzwVtr+PPrj/GHl1fz9tPLeXHNfNYue5hV82cz5/4HuOPm25g6+Xam3HwHk266g8m33sPEyXdw0y1TmXr7nUyZfDN3TL2F2yfriHs8jfX5nTy+5EHuu1O03zGFqXffxaQ77uXmex5C544HuXnafG6+d6GIC7j5/kfQmfkoE+5dPib+PrCSCaJtwgwRZ4j2GY+L+jrR5wVuevB1Js1+kwnz5Jm/8uzft5iw5G10lkpkKmgRBROVtNAyTbTs8yo6C577RQCeOHctk+Y+9XcoLuD56xQB+BZFAF7H1AVPcueCJ7h7wWPcu+gx7l+0hhmLVjNTsngNDyx9kpnL1zNDpoVe+QIzV73IA6teYsbKFxVR+L5HnmPasmcUF/G0RU+IsY8zbdYyps1cxAMPLmXW3Ed4YN4yHpy7iIcensva1Y/x5tPrcbhwmnRfV9K8nEh2tyPRzZZ4d3sSvZ1J9nUh3c+NTH93EZ1J83YQ2Iu+dqRKF7C3Ldm+9uQq2JHrbUeel60i/ubJFNAST0uBOSU+lmi8LdB4mioOYI2nEWWe8rxf6fy1pMrXkmo/iQU1/iL6W1DmZURTmC01AWZU+RvzfWEoo9l+jOb7MZzrw1C2l8CDQYGMPSmOdCfbo020ozPB9hcaos2oizKlPsaMBkFjlAkNEcbUhxlRH2JEQ4gBjcGGNP2K2gA96gIFQbrUB+uJPro0hOrSGKZHY7ggQmJAU5QBzVGGtIfp0xF8ntagszQFnRbznaIx5JQYf4y6YEHgUSo891LrfZAq972UO+2kzGE7lc7fUeW2n0LbnRQ57iHXZic51t8JdpJttZ0si61kmW8my2wzqcZSDN5Essk3ZFjI1NXyfN5d5Mt0zg57KHbYS7HTXnFtC4FH3sN+x1t4n/6CMNNdJDocIc9Pj6YUV4ZKwhjShDNYKlNORzJUHsVQRQxDlXH0lycxUJ7CcGUilypjuVgexiVNAPWRRsSZbiHT/gBDWZ5cKQimL81XvAcRxTvpy/JVGMjyFu/Cm9Ecb67k+TCS7kJvnA2dEaY0B4nn6HsajVhnnvW3ZJpuIs3oS5L1Pyfu3KeCDcSf/1wwJvoqXPicBF3RJogRfaLPfkL0uU+IEkSc/Ygo3Q2K2zlCXA+/IPaq8DlB5zcQKPoEnfmEUEHE+c+I1dtIgqEU2XeQaiWek8Nhst1Ok+t1gXxvQ4q8zSj2EZ9V8fkrDbShPMSB8nAnCgNsyfWzJl18jhOcDYmy0yXc5hyB5scJsDiGv9khvI32KQRaHibI8hCBFvsJMN8nru8V5b2ibR+h1geItD1IpM0BwkQ92u4o8U5niHM8I75LpuSL+5SEuVAW4UFFlDcVMb7UZIQrom9DbhTtRfF0FcdSl+pLaZQDhcGm4nt3gSy3k8RZ7iH4wiYCjr6H9/b1uGxcgesXy/D9ejlBm5cS/PV8wr+aTfRXDxG78T6SvryXtM33krl1OlnfTiNr+zSyd4i6iKnf3kXSN3eQuvUeEe8m7us7idt0Jwlb7hbcQ+y2+4j+7gFidj9EzB4x375ZpBxbOO5vwHis/Xgfz3x2iJc3neStHXr8fr8Ffzxqz3snnHnvpDuvHXDkjSPuvH3Cj9eO+7HuO2cWfW7IjD+dYvq7B3njqCO7vVIxzWjhRFQpn5qH8aFJEEfCSxWx8lRcHdt989lgn8jnL"
36551 [Forwarding screenshot on session b1310904-d161-49ca-a1a6-530fba7baea8 to remote] DEBUG org.apache.http.wire  - http-outgoing-101 << "ulsD9Ao4u/J1A50s/s4mdjCuZQO5cxfKQI7VP6AfcU1LIsvYpw7oJStNZexLbuKY9WPSpTnBJvmD2Fb8T0OdT9iWXkZk+IhxRFsVNiHcVE/ZsUDCg41l7GvvoRdxShWmkHMC2QqZS0WhT2KOGuR14qjRqukcXau7hP3bUM/s4azaRWcTivnVGoZJxJLOB5byIm4Is4kapTzfo3Ta5Tzf6UQ7FQpnb+9ivhrmtuOSU6bqPfj1fg9LlWX8Ky/hk/TT3g3/ij4Cd/mvyrRtfYqdjViP6UjWNeIvq1gW3sN8/KLmJcOK/uwKhvhXHqrIhbrZbaJNV7Gu/nnsbFlw/h1oODbDl4tf8VV3EuK3eO9axUVFRUVFRUVlX8vxvujkIrKfxVSdOzt7VX5b4AqAKuoqKioqPzfyb8kAC9bPod1T6/kt795jr+8/xqfvv8KG/74HJ+/u47Nf1zHlncfZ8s7K9n5h9Xse/9Jdn3wLN9+8IrgDTa9/zq/f/lJls29n7tumchtkycxedJEbplyE5NvniTizUzRmcDzyx/C4vhmVi+cxV1Tb+KWqbcx5c57mXTnTG66exYTbn8InbvnMmHaYibcsYAJd85jwnQRpy8UbaJ8n4jTlwoeQefeR7hp+homT3+SydPWMmXa06L8PDc9+BKTZr3CTXNe5ea5r3HzgjeYtPBNdAQTFr51XRj+DRNkquglb4u2F5k4bz0689ahM3et4Kkx5gnmr2XS/DEH8K2iPlWUp85/nDsWPMad89dw1/zV3LNgDfcKpi98jJlLnmSGTAe9dC0zHnmG6SueYZqMq15gxuqXuP/RF0X5Re595AXuWf4M9yxZzz2LnhTjH2P6vJXMmL2MmbOW8MDsRcyYu5jpsxYwd/EK5i1cxuoVq7C4cI60IG/SfJzJ8XMlU4q+vh6kB3iRE+xFbrAbWX5OZPo5kOXvQIavHRneNmT42JLpY0eWjwM5vs7kirH5gjwfxzG87SkQ5HvbUeBlQ7GvPRrRXyPGlfrYUOZrLbClzM+OUn87yvxtKRexIkAQKKMtlf7W1Ic6UiVihZ8FfWn+XC2OZLDAn/4CX/rzfOjL86Yv1+tv5Hkq9Iv2gXwvgTfDRd5ijLvAk0ul/oqgOVoSKAhlpCScEU0ko6UxXCyL52J5IhcrkxmUVCQyWBZLr+jXJe7XmeNOS4aDQnO6A1WxllTF21AeY0lZmDEVoUYCEyrDzZUUuzXRVlRFmFEbZUJthL7Y0zFaIs/QEHKYEpftlLvsodrjMLXeJyiXqardT1DmdpwS56NonI9Q6nSQUvu9lNjuoshqO0W2Oym020me3S6yrXeQJcVi+31kO+wnw24/6Q6HyPE4RUWYKR3pbrQWBNKnCedSdRwXBVfqEhmtimOkKoHB8hj6SqPpK4thoCKB/spEQTIDNVn0VeeIcrrYf7LS97IY25PrI/ZhRVOcLUN5flwqDGIkN4CL+UFcyQ/lakEYV/NDGEr3pCXCgnLvM+SJteeKtUuHc4bp16QYSifvpySc/YzEs6J87nMSz28gQUHUz38lrm0i7tQmYk9+RcyJzwUfE37qLwSc/gtBgrAzHxEp6hEn3if0+B8JOvEngs+K66c+wO/EBwSe/IigU5/gJ6L/mY8JPv8ZMUabyLD5jkLXQ1T4Spf4GUp9z1MRbESJvxEFvgYUeVtQ5GZNsbsFOY76pFgeJ9Z4H5FGewg4u42ACzsJ0P8OX/0duF/YjOOZz3AXa/bU3YiX/ld46n2N4+nPMTv8ETanv8RZfxtuxrtxM9kr2I+H+WH8HU8S4y/mDjclM8qGvBgHShLcqU7xoy4liIakYFpSIuhMi0WbHk9XaiQl3rqk2+4Re/8E511vY7/lBew3PYX916tw/noZ9hvm4vDxHBw+nIvPFyvx/nQR/hvmELpxPn4fP0js5oVEfTVLIMqbZpCw+V6Sv7mb1K13kLLlNlG/hYQt04j++m7Cv7yDiK/vJHrr3cTvuo/U/TNJP/IQeWfnU6i7SLCACrPl1NisotLqEcFyyi2XoTFfTJHJgnF/A8bj5c2neXnrWV7ddp5Xt+vx6i4DXtttwpsHrHjrsIOS1nndNgvWbbfixcPurN/jwNIvjXhsux3vXAhip2cGp6KK0E+q4WS0hoPB+ZxNrMa1+jLRQ3A8ppJvvbP51C6BDU7JbPEtYG9EFYfjGhRHsHTzXkjTcjS6XuF8aifmhSOK0GtX/r2CrMvo1QwutX9VxGKDrF7sKq8p6aMlluWXFBFYP69bOVvYQjOEXdVl7Csv4ijW4lx35RcHsH35sJLKWbp0HUp78KodIbDtBwLaf8C9YVTcS47vVHCqG8KhZgDHqn5x7yF8mq8Q3PETEV0Qqv2rIgC7143g3XQZv9bv8ai/pIjBloVdWBV141Q5LNquKAKwV8MPihjsUfc9ThUXFRev4l4u6sO8fAR7cU0Kws6NP+GnRUGuX4rXEuvSIczypYDdhX3psCIEy9TRcl9ujdeUlNFyn/ZVo+O+axUVFRUVFRUVlX8vxvujkIrKfxVSdOzp6VH5b4AqAKuoqKioqPzfyb8kAM9a9xb3rXyOqXNXcNtD85mzbDlrn36Sd3/3Ih+/9wKf/vZxNry+jG9+v4K9H6zhyOdPcfiLJ9n9l9Xs2/AUp3e8ifnpz7C+sIXj373PB797ivkP3cLMe3W47+4JTJ86gdeX3InFgY95csHD3HmbDlOm3sbE2+9hwi3XmXofE+58gAl3z2bCfYuZcO8sJky7n4n3Psikex9GZ5pov3sOE+6aez1ltOhz2yIxbhmTpz3GHQ8+w5T71jL5vvVMmSHKDzzHlIde4OZZLzFxzkvozHmFCfPk+b+vM2HhG2NO4QUvoDNvLRPmPil4Yox5gvlPobNAOoCf4pZ5T3L7vMe5a65kNXfOf1RBCsB3C6ZJJ/CCx7l/yVqF+5au597lTzNtxTPc/cjT3LvqBe5b84qIL3HPqheZJtNA30gFvfiGALyC++cu44E5S3hwziJmzlvIvbPFe1i+mplzl7B8xRrOnzxBXmwYWYHuFAZ7kh/kTW6gH9nBAcQ4WdKaFQPf93C1s4LSaE+y/ewoCnMTfZzI9nUiU+LjSo6fF3n+Al9X8n1dBM5KLPRxVigW5WLRt8TPGY2vI6V+Tgoaf9EWIGKgaBOUBTkJHCgLdKBcUBvqTJWol/vb0h7vzZXSOAY1wfRrAugr8ae32I+eIl+6C32UKOuyXSL79Is4VOLDSLEnLcmWVEcZ053jwaWqSIYrY+iviKOvMon+6jT6a3MYqMujt74AbX0RPU3FDLQWMNyWzUhrGqMtSVzrTOX7jhR+6sniSnsG17rz+amvhJ97C/ihK4dLLdn016TRqUmkJTeGxoxQeoojqUsQewrXpS76LJUhe0m13kix60HqAi8o6aur/HUp9jhFnvNRStzPCE6icT2miMDFtnsptN5FpkyPbLWdbLvvyHbcR67rUYp8z9KYYM9ASRhXGtK41prLlWZ57msmo/XpXG0S+yqNpDnbl/7yaAbKY+kujuByYwajdWkMVafQX5VCT3kinSVxDFRliHomfeWp9JTEoy2MoCs3mNHSKK5VxYnnH8bFwkCGc3wYSHelO96BugBjil1OkWm1nzTTnSQbbSXB4GtSZOpqw40kG3xGgu7/j72/jq4qy/qw0RAcAgR3d3d3l8IpoCgoCsoFdwgOCYQkhLi7u7u7u7tDgEDwkq7q5669qeru9/34xrh39OjRb98+fzxjLl9rr33CqTq/MefcT6jGHoJv7iZC/RARtw4TeusAwTc+Iej6HgKufYLHud24n/2EALXDBF/9Av/Ln+JxZgtOF7bifPsTnK7txun8NlxFm8dZgSg7nd+C+/XdeKp/iv/dQ0Tp/kCcwQlxl9fJdLxOhsM1Mu2vkOXwnky7K3JbooUaEeK84UYXCHhwVsw/gfeNU7hd/gHHCwdxOCf2u7APl8sH8L75HU5XvsLm4udYqh3E8toBrG4cwOHmYSwvfYrp+b1YXjmI490fcNU5ibv+ebxMrhFkc4dodwPSgm0pTPCmIMGDrCg7CuKdKU1wpTTOiZJIO0pDbcTn3ZAE0+t4X/sWo"
36551 [Forwarding screenshot on session b1310904-d161-49ca-a1a6-530fba7baea8 to remote] DEBUG org.apache.http.wire  - http-outgoing-101 << "6+2cm3zXE4sGob6hsHobB2M4a6RmO0agdnOwVhsV8VxTzc896vgvLMNLluVcdrQloBd/XDf2p3ggwMIOTQQ1x2d8TvQi9Cv+xP4pRSyuQ++X3bG7TMlvA63IeRYR6LP9STp+mhS1CeRrTODQqM5lJjPo8RqHrXOS6lwmEeR7XSK7KaRYzmeTLPR5FmMo9hiPMXmE2RbZDaOXMNRH/wO+BAfXzFjxxVTtl82Ydd1Kz7VdOJLfV++MwvjB8soPtMPZOV5C2b9oMuiUyYsOmPO7OOGLL9kz36DYG4FF3ArKFtGPbQA7ZhydBJquBVWxBmPNC76ZnPRP5dLQUVcj6zmdmw9V6Oq5fDPp30K+Mo6gTPeBe9DPme/lr2AJcFX8vDVy3ghewFLZUkAtqtA9gKW2iXMi3/GrEjyopWE0/disOQ5q5crhYF+g1X5T1iVvpORQiVblLzGsuiVLALblL7GvvwtDmWv8aj5SRZ1PRv/Igu8DlWvcah9i0vjL7L4a17SIovCFkVPcap4LYvFXnW/yGXrwhZMch7KIaTvxpZwPTSPK+IuJBH8fnIdtmIf5+pfcK8D15rfZQFY8go2zmpBK7EehwYwFucyKHyFfv5zNFMfcT/7iSxeS6Gs/VrAvuovsvgricAOkogs6tbi+czEc0rhoM2KXsoisPR8Ul5hKffxh961AgUKFChQoECBgv8sPvSjkAIF/yoUAvD/HRQCsAIFChQoUPDfyT8lAPdY/QO91gpWf4Pqkk/pOmszXaasoKMkdo6eTN+xExkxeSIzF85m5drF7Nwyg2/2TuTcV/O4emQZ144s58p3S7jy43I0z27i3rnNXPxqEXdObuDCFwv5fusYzmwZgfm5rexYMJxR/boxqK8KPXp0omevLnTp0o7OndrSsXM7lNu3pX3XbvRQ6UbPDp3o3r4TXdt3oXPH7nTq2psO3d57DLftM5o2/Sai1G8CSn0EvSfSRnWi6JtI256TaNdnCu37TqNdvxm06z8T5QGzaTtoLu2GzKP90AW0H76AdsPn0Xb4bJSHzUZp2EyUhkvMos2I2bQbOYeOwnYRqIyYRfcRM98LwCOn000gWamuOnImPUfNptfoufQeO59e4xbSc8IiekySBOAlsujbY9oqVKetFnY1qlNX00vYXpOX00sSjMfMpp/kATxiIoOGj2fwiHEMHDmGfiPGMHTCNFkAHj9pGieP/EhudDipPi5k+7mS7e9JZoAvGUFBZAT4kOrtKId+jncxJ9nDkhQPa1I8rUnzsRXWliQ3GxLdJC9hR1LcnUnzcCLdw5F0d3sy3B3IFDbT3Y5sMSbHzZZcdxvy3Kxl8TffXVixXq5YTxKA34u/VhR4W1HkY0Whl6WwlpT6iXGuxlQG2PFTfjhPMzx4kuHGY0FzuivNaa48kryBM915IpBsS5YHT2XceZbtwusCDwqDdAi3OkdJpAkvS4NpLQmltTyKZ+WxPKtMoKUqhZbqVFpqMnlWl0drQx4vG7N51ZDKq/p4XtVGU5XhSq1Y821DPD83p/O6KY13DzN515Qu89PDHH5+VMivzaX8/riMvz4t5a8thfwuxj7Ld+eXSk9+r3Ihw+UMlSE6vMn3pDhIl2eZrjxMcqAuzobKSAsqw0wpC9Sn2FtLPLs6WY7X5Ly9BX66VEdb8iRdnKE4lF/rknhbk8hrcf43tam8rk2ntUo8Q0WKeLZE8YyR5IVaEm6vQUWCK68r4nhXlcCzQnGP+WE8yQsTViqH8zg3hJbsYF7kBPE6L5jXuYG8zPKhNdVNzuvbFGFOTcADOTx2gZR/2eIiqaanSDQ8SuyD74m+/y1ROl8TofUFYZqH8L3+iYzP1T3vkbx2r+0V7MH72i48r27B48pG3NTW4XJpPS4XN+MsibpntuB4ZhNO59bhqrYWR7VNWF3chv0lMeeKJCJ/RtSdL4jV/oZEyQva6iyJ4r1KntDplpfIML9EnNFZog3PEG1wisgHRwnV/o7Au1/hc/sQzlf24XR5P643DmN3+SBWlw5gI+qWF3dio7YT+ys7cb62G9er+3C+fAD3a9/hePF77C4cwenqaTzuXMJb6zpB97UJ1dMjztyULGd7CjydyPewFZ9bG/HerCj2MaPI05BsJy0SzK8S/eAckXdOEHj5a1yO7cT88+XobJ+E+rpB3FzeA/UVXdBe0wnDj7pitk0F82090N3QE71NAzHaPBTjTYMx2dgXi009sNzQAfuPlLFd1waPzZ1xXtsZvy0Dcd3cDc89XTBapUT4d32JOTGQuFP9iT3Tl9SrQ8jTHE2l8VRqzGZQYTKNMtNJlNmMp8JhHFUuk6hym0y580SKRD3fbiw5NqPJsR1Ftt1oMmxGkmY9kizr6eLdLyLDTGC+SJSXkG257IPfAR9i2VFNlhzTZPlJbTZcNGH7LVt2qtvz0VUrVp03ZvKh60w+fIs5R3RYf82e3Tq+fGoUwpfWsRx1TuSoXRjXfVPQjSlGP7EKg6RqjNMaMct5jHn+M855ZXAjvFT2WjWWQh0LHmS1cC+5GfW4Buwq/4p9FViX/YUHGc+4EVnNtfBK7iVJ41+jIcYY5rzEsuQXTAveYpL/Rh4rzbMSVsKi/Je/YV3xq4wk/kr5c23Kf5a9ZKWwz/cSagXV6KU3yR7AdmVvsClqxbXiHZ71v+FeL9Yte4VJ3mP0sppkrMtfvUcK9VzSinPlO7wafser9i+y969t8XNsy55hX9GKXbkUCroZgwwpBPQT2RvYoqBFzg9sU/LqvcexQPIKlvICS+KtRkINlyNLuBJVxrXIUi6HFXM3qU4WfKWQ1VrJjdyJr0VHWMui17g3gGcTuNWCU+Vf8HsCvo/ftzlU/iQ/l2FW8wfftQIFChQoUKBAgYL/LD70o5ACBf8qJNGxublZwf8BFAKwAgUKFChQ8N/JPyUAd/zoBh02XKX9mvO0X3mCdit+pNPyb+m85HM6L9hDx1lbaDd5NW3GSeGSZ6EybAhDhnVl3KgeTJvYl6Vzh7Nz/TS+2LWA458t59yhlagdXsHdI5vQOrqJB0fWYPT9bBwurePGlws4tn8RX+xdyp7tC9m8djqLZg1n5vjeTB6pQv8eSnRuK2jXTthudO3Qg66detKpS2/ad+5Nuy69aN+jL20ESj36oNRT2F79UOo9QNQHoaQ6RPYibtNzOG16jRKMFYwXTES59xTa9ZlBh36z6DBgDu0HzaTtkGkoD56G0uCpKA2ZQpuhoj5sGu2Hz6DjsBl0HjZTPO9Mug+dSTdR7zpiGl0EXYdPp5sY814Yni3sbFRHz6PH2IV0E/fUXcrzO3U5PWespeesTfSZu5W+87bSe/Ymek5bi+qk5fSasJg+Y+fSb/R0BoycxOARExkycrwsAA8YNZ6h46cyaNRExk+cxv7deyhJiifd34PcAE/yg/3JCQkmOyyCrOBAsgN9BF5k+ruR6uNIkqcNCe5WAmuSPe1I8XIQ1olEdycS3JxI8XCRSfVwJs3dmXR3RzIkAdjDnlwPO/I8bMn3sKHAw1om38uGXG/R5m0jU+BjQ6Gg2E9Yb0tZBC4PsCPXzZhSXyteZ4XQku5FS4aHLAS3pAskmynqae6yMPpUILXL/RmSAOzGiwIvquMsyfLVpjLOhpbCAJ4WBdFcFMKj4nAelUbzuDyO5sp4Hlel8LQqi2dVmTyvTuV5VQKtVTG0VkaS6KdHVri5aIvh58fZtNan8aIhg7ePcvi5OZ+fmgt511wqKOfnR2XvheCWUh4XhPG8JJC6FEvqEw2JczxNRYwBf2kMpznHhaeF3rysCOFtndinPIzWslBaS4JpLfKntcCP54KXFVG8qk7gtST4Cl7VJPOyOoVXtem8qc/mZV0WrTWC6ixx7ixeVImzlcVQneROZoApTZl+vBLP2ZIXxFvR/rIwgud5oTzLDaIlJ1Dcly+tqa60JtjyOMqM2gBdSt3UKbC/SqbFOVIMT5D44AgJ938kQftbYu9+SYTGZ4RofEKQ+h4Cbu/G/+bH+N3Yg9/NT/C59gleV/bienE3Lud24SxwOf8xTud34HhhC44XN2B/cTX2F1Zid36VsOtE22ZcL+/A88ZO/O7sIkh7ByEP9"
36551 [Forwarding screenshot on session b1310904-d161-49ca-a1a6-530fba7baea8 to remote] DEBUG org.apache.http.wire  - http-outgoing-101 << "hNl/APxJidIMTlJmjhH8oOjxOr+SIj2NwTf/x6/e1/jp/4FgTe/wPfKQbyuH8bj+iE8rn2G+5VPcRPncLu8R+y7Q7SLc938DLtLu7FR24vd1U+xufoJTrc/xfXuAdzufIanxucE3PuGyAcniDVQI9H4JulWWuQ5GVLobkqhhwmZDg9It9ch1eouiabXib5/hqBb3+F5/lOcjm7BUvxbZbJvPka7Z6K3bTI6m8agtWYomisHor1mAPobBmK0sT9GG3piuLYrxms7YrauHRbrlbHaoIzlxnYYrO2E4fpuGG9QxUxg/ZEqTtt74LmnO0EHVAk72IvU78YQuLMfPh/1w31Ldzz3dUJ7kRIld6dSpTedkvvjqDKZTJnheEqMxlFmNoUy8xmUWc6mynEBhXYTybUdS5b1WDItBTYTybKdJphJrtNCCt1WkOe6kmznleS5rRN/k7vF3+5hcpw/J9vpILkuh8h3O/zB74APsUfblZ13HdmmbiezQ9OR7Xcd2HzLjg3XrPjRPpbLAfncjavhVmQ5F/xyOO2ZzlnvTC74ZqAeko1xciU2OQ8xSakW9VzUvJI5757EGfdEbocXo51Qh176I1kEvp/2GL3MFgzzXshI4q9jDTjXvce24nf0s1plIfisbz5ayc2y+CsJvpL4a170k5zz1vMR2Im5NpV/kcMmS6GUTUveyXXbql9l8dek8CW3YyvRiK9GK/H9GUxyn74P/1zYKoux9kUvcCp9jaMk0OY9RS+tHq2kKu6nSuGpmzDKe4xZkZSLWPL0bca68DkuVT/JorGtaDPMqMUwqw6z/IdYFT/BslCsn/8Y29JW3Op+FfYlNiUvMBX7SrmBJYyzH4txrVhKe9f9jkXZK4wLWtFKbeRKWJHMtYgSzvplcT4gRxaApZy/ksjrIuX5FWUph7CvuAPvh+Ba95ssZpvlP5PXNhJ86F0rUKBAgQIFChQo+M/iQz8KKVDwr0ISHR89eqTg/wAKAViBAgUKFCj47+SfEoDbbLhJ20236LjlNp233qT9BjWUV56k8/rTdFp9jM6rf6TLym/psPhz2szZQ8cp61AZMx+VETPpPGgCnfqOoFvvwaj27Evfnj0Z2a8XCyaNZO2sCXyyci7Hdy7ixt5RuF1fj+f9z0n01yYx3IykaHuyk9zwdbrD/WuHUDvyEccPreCz7fNZvnAao0ePpYdqb9q264iScnuUhVXu2JG2nTvRrmsX2vdQoWPP7rRXVUGpWzeUevRHSXUwSj3fi8BKPYcLO0K0jxSMEeVxtOkpCcGTaNtnKm37T6ZN/0ko9Z8omIDSQMGgSbQZPIl2g6fQYfA0Og6eTufBM+gyWDyrVB42jU4SQ6fRddh0VIbNoPvw2cJKuYHn0X3MQlQkEXjCEnrPWEu/+VsZsGQ3Q1d8yrAV+xm0eDd95mx57wU8cSl9x82j/5iZDBo1hSEjJzF01AQGjxzD4DETGTpuKkPHTGHCxOmsX7GKqow0MgK8yBHkBweQHRxCdlg0uWGR5AYHkR3kT1agD6k+rkQ6mhNmZ0ScmxXJ3vak+TmR5utKkqczCe5OJHm4kyxI8XAl1d1VFoElT+BsTwdyPO3JFxR42FDoaUuRp7Us+ub62FLgYydT6GtHka8tJX6StabI24ryADHHy5wSHyua471oTnSlOcmVx8kSbjxJcedJqjstaV48S/fkWYYXrZk+vMgSZPvyIseX57nC5vvzoiCAp7l+PBX2WVEIT4tCeSwJwCURgkhBlCCGx6XJPC1L5nlZIs/L43hRGcOLqiiK4h0pTnSmuTSKp5VJPKxI4klNOo+r0nhalc6zulxeNBbz+lEF7x5X8e5ROb+3VlOTFURLeTjx7rfJCdEiM1CD7FAt3tQG0VoVRHGyLY/KRLk+lpYasbbY60llJE8rwmmREOVndSk8qUvjcU0qj2vFfjWiLPZ9XCGFrU4XY8X+kmhdlSXmZPC0NIHXFTG8KYuktTCUv9TE82tVLO9KI2hJ9+ZRgjO1kTZUBIu7DTCkxPs++fZq5FqeIN34CCl635H84HtSBEk63xJ39wui1Q8Rfetzom8eJOLafkKu7Sbg5k4Cbknswvvqdjwvb8fj8k7sT32E7cnNWJ/YgtXxrYJtWB/fjqWwNqe24Xhxmyz0BtzZQ6j2fmIMvibR5AhJpsdJMj9KornY0/QQUYYHCdbaj//tT/C+sguP89txPSfmn9uOsyTqXtmLvdouXNQ+xueKGHNxNx5XPsX96j7BXryu7sb3xh5xPtF3bSfualvxVd9LyP1D+Ot8TrDe10SanyDc/BQpTtfI9bxDsZcWVb73aQo0otHPgHLnO2SYnCdS82s8L+7B9vhGTL9bhN4X09HcO5YbWwdxbV0fbqzqhea6fmit7YfOij48EBiu7IfRCsGaPrLYq7umK/dXduL+ivboLFdGZ2kb7i9TwmBVGyzWt8NmcyecdqjgulcVny/6EfDtIMKPjibu1ETSzk8h98pUctTGkX1hBOknB1N4cTKBu3viukEFl81dCDjcC6fd7Ui9PIzi++OpMZ9CrfVk6hymU2Q+gXzTKWQbzyTdYDZZpovId1hJoetayn22Uh/8Kc3RX9MSf5RHUceoDz9OXdgpmqLUeJasLrhLY+wdKsJvUxx0k4KAa+T7XRF/w5f/H//+/7+x7polG2/asFndnq13HNml7cZBk0B+dIzhjFcq+/S9OGwewjdWERwyCeJTUT9o7MePDtGc80zmbkQuD2IKME2txj6/GbeKV7iWv8Q4vZ6bofloRBZzN7aCu3HVaMRUvvdmTX3I/bRH3E1o4FZMHWohZZzxzedCYDEa8Y0Y5b3GpuJ3HGrApEDK3/ubXJe8fSXR17URnOuR65ZlP2Nc8Er2KtbNfIpB7jNRfyF70BrmtnAzopQ7sVWy169VsZSr9xdcan6VPX0tC5/JArAk/jqIPkkANsyUchA3Ypr/BJuyl7Lnr1PNT2LeT7KYK4WM9qn/HX9xBvfqd4S2irNUvcQwowbd5HJMshtwqnxJyHNI+osYU/szHnW/yJ7Dkngs7WGZ3yJjmvuYB2mN3Bd3ZSzqJgXPZPFWOqd9xTtZrJbKkveybnIjdqXvCH6GjBRKWl/coSQkG2c/Qi+lThavJc9r6dk+9K4VKFCgQIECBQoU/GfxoR+FFCj4VyGJjk1NTQr+D6AQgBUoUKBAgYL/Tv4pAbj7hot0Wn2adiuO0X7FETquOEqHZT/QeeWPtFv0Je0XfkHnZV/RcfEXdFz0BR0Wfk3buV+jNOMgSlP2oTR+B0oj16E8bDndR6+g6+A5dOw5ji69xtK5x3AG9+vLqV2TML+4gc/WjeD4V+uwsVQnNzeSuup0aisSKM4MIDPGkWg/Y8x1TnHn3G7untrCjaObOH1oJZ9umMa8Cb0Y3qcb/Xp0pXunDnTu2IGunbvRpYsq7Tv3pU2XMSh1nYCSyniUuo19nytYEn97SmLwUJR6D0ap7yCU+g0UCNt3hGgT43qPQ6mPsH0F/US5/wSUB05GecBU2g6cRrsBM2g3cJZgJh2HTafj0Kl0HDKVLkNmoCJ7Bs+i69DZ4tkX0GPsIlTGLqb7xGX0nbWeAYt2MXDpJwxa/imDBYOW7GXgwp30n72JXpNW0G/8IgaMmc3g0dMYOnIyw0ZPZLAU/nnsZFkAHjl+JpMnz2bxnHnUZGWQ7udBtq87eUF+ZASIOwsOFzaE3OAQCsLCyQ70I9XHjawgMS7Yg1RfR9IkJAHYz0WUneX+ZG9PUmTcSfNyJ8PLlSxPZ3K8HMn1cqDAy/4P8deWYi/J29eOPB8H8nztKPAVfYIiPzuK/e0p/kMELg2wo9TPVqYiyJ6KYCsqQ6yoCrWmJtyW2gg7mcYYJ5pinXkU78rjRHeeJnvQkuLF83QfmdYsP17nBfFS8Cw7gGd5IbwsjuBlaRQvyqNoLY/mRUUsLysTeVubwZuadN5Up/C6Kom3VYmiHM+7umRe1STxuiGdJxXJcrjolvocQa4cNvppTS5PqvN4VJnPw4o8mkozaSxKojDRi4a8QNKD9KnPcCDa5Qox7ld4UuzBq9pQiiQBuDyYhpIQntTE0FwVQ1N5JE0l4"
36551 [Forwarding screenshot on session b1310904-d161-49ca-a1a6-530fba7baea8 to remote] DEBUG org.apache.http.wire  - http-outgoing-101 << "TQWh4n2cJ42ZvK4MYtHdRk8rhf7NubwvD6b1tosnldl8Lw8VZw9g3e1Ofwk+LkmjV9q4sTz+vEwyYmaKEsKfO5T5veATIebpFmrkWR2lkST0yQZvw/lnGl6hHTDr4nX/pwo9X1E3NhH+PVPibh+4L3ge/lTgtX2EXRxD/7nduF1ZiuuZz7CUxJzBa5nt+B0+iOchbU/tRmnc9txv7wX35ufE6TxFSF3vyNG9zzxehdIMjhNqvFxMkyPkmV2nGS974nW/JLAG5/hcVHyGN6E/bnVOJ5fjsuF5bhdWIH7hTV4q23C9/pOvDX24nJ7Nw43d2F3dQvu17YSfPtjQm7swk/gK/qC7uwhTHMvUVp7iNbaRez93UTc206oIM50P8k2XxBrdZgE2x/IdDlPnNlRgrW+wvPyPux+3IjxZwu5s3kMGhuHor6+P7fX9eHmGlWurVTh2qpO3FrXBc1N3dHe1BOd9aroru3B/eUq6C3vgcmK3pgs7Y3Rwu4YzeuG7vzO3FvcAd1VXTDe2APrnX1w3t8fry8HEXZ8JNHnRpNwcQzJV0aTfmMc2XcmkKE+hrRbI0m6Opz4S0NJvDSE9GtDybw+mLQrfYg71Y2cK8Px+qQjdpvaYLOpHXbbu+DySVcCvu1J0f2plBhPIe5WfzxOdiL4ej/KHVfTGvk1zyKO8DTsJDV+JyjxPEaOw3fis3CIUJ19+GrsJtb4B8p97/Ik0YbmeFvqI8TfXIgFZaHGlIbrUxjygPwgHbL97pLifvOD3wEfYus9Zw6aB3PCM1X2NpW8Tk/7pHE5KJfbUaVc8MvkiHM0X1uF8p1tGEedojnmHMUJ1zjOuMdz3TeZm/7JaARnohNbhFlGPebZjdyLLuasRwKnXOM575PKleAC1KMrZOHXMOcZmon1XAjI41xAvtizQBaAJc75F3I5tFzOFayZ9Aj7arAs/VVGEoRdGpDbLEp+waTwtYxe9jPupTxEPb4GDSnMc0ojuhmP0M9+gls92Ja9kYVV3dQG9NObMMtrkb1yJTHXVNQdi1/i1whBzcihoKWQzQZZTeim1WGU80gWgaXxxpkPMRHjbQuey3Oscx+jl1SBdkIJ+mlVOFW+wP/x77jXvcM4qx71yDx0EiowymjAquDp3wRgaR2tuAquB+eilVCOTkqVHDraouiZ7GVsWfxcPoN03jsx5aiL96AVX4tZ7nOxx6+4VP+GQ/nPstevW80v2Je+Eus/w67kpRyeOuTZh9+1AgUKFChQoECBgv8sPvSjkAIF/yoUAvD/HRQCsAIFChQoUPDfyT8lAPdc+T09VnxDr9Xf0XPVt6iu/JauSw7TU7SpLv+aLosO0XXxIbos/pxOiz6nw/LvUV5xDKUlP6C0+GuUFh6mzbxPaTt7N+1nbKPjjM10nLQalenraT9+KaqjJ/Lppuk8UNvH0lnDGDxMlcFjhzFi6kRmLFnAjn07OXP+ODo6N7G20sPCTAt7veO4a36MzZWNGJ9dh+HpjRic3Ybemd3c+m4bR3etZN/KuWyaPZm5IwYyvLsKHdup0q59T9p37Em7zqq07dqTtiq9Ue7WB2XVfij3GoiSRE/JDqJN7xHCjhJ1gWT7jEap92ja9B2L8gApt/B42vSbKurTUeo7gzaDZtNh6HQ6DJlCx8FT6DRoKl2HzHgvAA+ZSbcRc2URuPu4xfSaupIBczfSb/52+iz4mL4LP6b/wt2Cjxm4YAeD5m6m75RV9B2/8A8BeDpDR035wwN4PMPGTWHY+OmMnCAJwLOYP20GlamJZAd4ku3jTH6Atyj7k+EfRKZfIBm+ouztQ5afNzlBXuQFeZAX4kFRpDd5we6k+zmR6e8ixrqQ7utKqo8naT5eAk8xz4NMbzeyvVxkD+A8L0cKvR1kAVgWgeWwz3bk+tgLJCHYnnxhJQr97CiRRWDJG9iWUn87ga2oW1EWYEl5oBUVQVZUBttSFSJhI+rWMpXBNqJuR02YHbXhDjRHu/Ik1lW2j4R9kujJY8EjQXOyN49TfXiS6cfTrACeZgfwOCeYJ/mRtBRE8bwoihclMbwui+VNeRyvBK8rk3hTl86L2gxeN+Xz+mEhbx4W8fZRiRz6+W1zBW8E7x5X88vTal43FlCXF8ZvT3P4y6Nk/tIQQ7TTFQItTlKXYsXbujDKkmx5VBRAU1EwD4vCaBQ0FQqKwnlU/Id3cmUCTVWJPKpO4ll9Gi8bM3ndkCnOkibOlUhrUQwvCiJ5lh1KfYInZSGWFHhpke10U3CDLPurJJqcItnkJKkSRsdI1P2WOK0vSBDEaX5OhPpewm9L7CPs5qeEXJM4QMjVzwi49Cl+5z/B78IneJ/9GI9T2/E8uwvfS/vwufgJITc/J+z2YWLufU28WDfZ8EdSTY+RZnZM2CMkG39Pgv63xGsfJUbjO8LE2gGXNuN7dhXeJ5fjdXw5AWc3EnBhM4FqW/C7tB77Y3NwOjUD32vzCLy5iGD1FQTcWoP37Q14am7DV38Png924a2zDf+7HxGjvY1k3Z3E3N9OpM5W4vV3kGSwnRS9LUSqL8f15CRxvhXE6q4l8M5inmdd513ebeIstxCsIwnNc7i7ezBXVvflzvrBqK/qx71VfdBe3ZP7q1XRFeis6onW8h7orFRBe3lHNJe04+7CtmgtUUZveVuMV7fDfF0HrDd2xn5zN7x29yD8y0HEHx1D4pmJJJ+fRMrFSSRfnEDalYmk35hA8tWRpFwfQfL1oSRcGUD8lb7EX+1H5NX+RFwbSMTVwUReHkLUlcFES/3X+pN6W6x5pR9Z6uPwPNwD/TVKmG3qisVHPbHZ3ku0DSTx2hTCLozE9cdeuB7vh8nhrjzYr4LW3j7c3tGP69sGcWX7CC5uG8GFLYKto7i0YxxqH0/i3PYJ6Hy/iiw3DZqTHMXnyZiqCEtq46wpjTCiLNxAWANyA7RJdbv1we+AD7Fb35vD1uEc80jhtG8mZ3zTZSQB+GZkITfDCzjpFsvXVsH86BDORZ8ULgekcsE7mXPusVzxTULNI4ZzzpGcdo7gnGsMaj5J3AjK4mZoLneiSrgdWcTtqHLZC1g7pQnd9Ga0Upu4m1TP9ahKdNIfY1b8Vs7d61QP3k/B7zl4PQH9nOeywCt592qlPhJzGmWkOVK7QW6rGNOCQXYLJvkvsCp9h331rzjX/IZL7e+yB60UalnKwetU9Q732l/lEM6SYGqQ1oBNXgsOol/yBLbMeSKLs5JHrXFusyz+SqKsYfb7NilfsDTOPKsZs4yH2OY/xaXiBW7VL/B7+DMRLyD6tTh706+YZNRyKyQT/eRKjNJqsMhpkkNG20vibv4T0VaHdnw5av4p3EsowbroCS4173CufIN18TMs8h7LHsKG6Y2y+OzR8FcZSfi1KX6Dc9Vf5PDPfo8gWNxTuLivqJdi/1fv+dC7VqBAgQIFChQoUPCfxYd+FFKg4F+FJDo2Njb++3E7wchN90n4UN8/Q8J9No08gduH+v6PoRCAFShQoECBgv9O/jkBePlhui3+TNhDspXoPH8fneZ9Qo+lh4X9VKbLggO0n/sJygv3o7RUsETiU8E+2izZQ9ulu+m8Yi9dV+2hx5pP6L3xUwZsPsi4j3ax/5MN6KqfYdXa5QyZMoN+M5bQd9ZqVKcso/eUxfQaP4sewyfSe9QUxs5axMI5U9i2aAg/7pzB7R82YHh+L9bXD2F/8yusLn+O2blPMT/7KVbnDmB8ZBcaX27g/FcbObBlNoum9mFoLyVU2reho7IyKp3a0759B5Tbq9Cx60BUeo6iQ/cRtOk6mDY9hqLcawRK3Qei1KWPnEe4Xe/htOkmhZIW7X0n0qb/dJT6zxLMpN3AybQbMJ72/cfTof9EOg+cQtfB04SdJnsEdxs5F9Xxi+k7bRUDZ2+g75yP6DVnK/3m7aT//J30m7+D/nO3ib6PGDRjnewB3G/0bAaNmsHQkVMZPGICg0dNZOjYqQwbP4ORY2cwacJ0FkydRmlcJEXBXhT4OFHk50aRlPfX14dML2+yfCQ8yfR2EdaJvEAXahKDeVeeQUNyCJk+tmT42JHl6yj6PETZXeAh2j3I8nYn29uNHG9n8nwEng5yCOgiL"
36551 [Forwarding screenshot on session b1310904-d161-49ca-a1a6-530fba7baea8 to remote] DEBUG org.apache.http.wire  - http-outgoing-101 << "zuKve0p9LalQMzL93eSKfgbYpyvHXleVuTLWFLg/XdK/a0E1pQFSGKwzR9Yy20lfpYU+75HKpf6WVHjb0O9vy11AYJAQZAg2JZaSSQOsRUIG/peLK6LdKQm2pXKGHeq4j2pS/SmMcWHh2l+NGf48yQnjKd54TwtiKKlOJ6WsiRaKlJ4VpFGa1UmL2tyeSFRm8ubhmJ+bi4R/cm0Vibwc0MSvz1M4m1lCIku1wkzO0FzsjU0x/Mk24OWfH9el0eK/jjeCF5XxIp6DK/KonlZGs1PDSm8bUwReyTQUhJBU7YftSnu1Ce7UR/vQlWkeI4I8Vxh4h58DMlxUifd6gIppqdINDpOosEREnS/I+bel8Rrf0mizhfEqH9K9I1PiFPfR9TNPQTf2IPv1d14qe3C/bzEbrwvHcDvyiECrn1B2K2viNb8gVT9k+RZXaTI5iqFltfJMb1Eqd0NCiwvkWVykmT9bwlT34P/9c14XFwl1luJ/401+FxZic+ZlfieWCaYS9CZmURcnEGs2mziL88j9eZKIi4sIOziPCKvzifgwhSiNGaK884iTmcOGWZrKPP8jNrIk9QmqtGcd4emrFs8LrxDc5oaTf7fUGS5jafRJ3gYf5pUo7Vi/hwyDZaL55yC75lhRNyYIO5gJoG3J/G84hqtKT8Sdn8S0dqjSdSehvlnvbi6sAM6a3qgtbQrmgs6oLu4PfcXtkV7fjseLFTBYIkqpitUsFnXHZftfQn8bDjRP4wl6cwEks+PIUVtJGnXhpN6fRCJV3uTcLkHcRd7EHOuO3EXVElU60vKtUGk3RxG2q3hpNwcTtKN4cSLObFXhhKtNoQItaGE3RxHyK3J4s7nkKS7mDS9ReSYLCVZezqp2lMJuTSMULGf0+EBaK7piOHGvuiv7ofBmj48WNcN7Q0d0NzQBo2NStwQ9tqGdqit78KltX25uGYI59YM5/S6IZxcP0jm1MbBnPxoCKe2DOH8rlGc3z0G/ZPLKQi8wcMUQ0rD71AXb0BFpB7l4Q8oDbtPjq86aW7XPvgd8CG+sA7nR7d4LgTmcj2ymFsxZdxLrEQvowGTvEcYZNTLeW2lnLZSnlut+BJuhmVzKzyHe9EF6Iq6XmIJRqlVmGXVy0KnlBf3XmwpN8LyZW5FlqAZX4N2aiN6mU8wzHuOadErzEveyMKveck7OYyzJOpKIq8k9kohnbXTmv+H+Ct5+Upt0jgJ7bSH8hpG+a08yHjMvaQG7ibWoplUh05yg+xBa13yCrf63wl9AXG/CH5C9pD1qPsLzmVv0E+swSy1HvPMR+L8TXIIZZuiZ3K4Z+vS59yNL+dWRL7srXsjJAeNsEK0o0swTWnAruAJ1nkPscpvxLboEU7lLbIYLFmLHPGsSeVoxxbJIrB1fjPu1W/wa/od38bfcKt6i0PJM1H+Ba+6d7KQbFP8FJuCx9iWtOBa/Q5vMU7y6JW8kj3qfse19i+yB7AU/lnCqeInrPIe4yjOKa3nUiHOnP8Ek4y6D75rBQoUKFCgQIECBf9ZfOhHIQUK/lVIomNDQ8O/H9fjsgAc/6G+/xIUArACBQoUKFDw38k/JQB3XPolbRceFPYL2i34XEZ57gGUZu2jveTdO3u/KH+K0hzRNmMvyrN20G7WR7Sdvekf2CjaN6A0dQ1KU1ahNG01ynM20nnJDgYv+4idH2/HzMSAlVs+ZszynQxacYC+Kw7Te9lhei06QK95u+k9dye9Zm6l2+SN9JzyEX2nbqHPpLX0H7+MYZMWMGXmApYvW8y3B3dx48RBjG98i83tr7C5cQCrq7tw1tyDl/7n+Bl/i5P2V2id3sGpA6uYO1yV8X1UGNCxA93atKVzm/aoKHejS6detFPpTede/ek+YBDd+w+kQ8/etO3Rk64Dh9Fl0GiUug8RjECp5wSUOg1/7yHceyRte4+iQ+8xdOwzlk59xwkm0HnAZLoNnUHP0fPpM3EJfaYsp8/0NfSduZF+szbRf/ZHsu07fQP9p69jyIx1DJi4mP5j5jJo5EyGjJjK4OGTRHkiQ/4QgEeNncGUidNZPG2q7P2b7+1AvrsFhe7WFHmJsrcreZ6uFAhbKHkGi/48LxsKfGzI97GmJNCOsiAniqScvX4OZLtbkeFmI4u9Od4uf+BErkDy/C0NcCfX05ZsVyvyPcUcH3tyxJxMNyvS3W3+wJoMD2syRXuWh6UYby3vJ3kClwU6Ui72Kwu0f58bWMbqb7bQx5JiP5u/lQt93tsS0V8pbI2PBTXeVu8RbRLVftaUS/M8TClyN6HU25yqQFtqwp0oDXWgTNiKCEcqI6Xwyc7URrlQF+dOXYIH9UneNKT505gZSENWEE/yI3heFMPz4jieCZ6XxPOiLIVXlck8LgyntSSCNxURvKsI5WWhNxmuN/C6fYAqf21aEm15lSnlMnbhRbY/j1M8aE724FGSGw8TXHgY60RjrAO1sXZURltTFiGeK9SMslATykNMqAoxpTrIiHLfBxS7a5Fjd4skk3PE6h2TwzonGvwokyrKqQZHSNH/gYjbnxF+Yx8hVz8m9OoeIq7vIejyLgJv7SfgziGC735NhM4RkowvkGN9mxInbRr9TWgOMqXKQ5MKd9HmfIUs01PEaX1P+K1DBKjtwffSVjzOrcX34mrRtpFw9TWE3FxC2K0FRN5ZRKTGPHL011BsuJpS48VUGM+l2mQ6NcZTKdWdRK7GWCJP9yXwhCqRagNI1BhOjtFEknVHE3N3BAm6U6kL/pS/VGrAUyN+bzHiTb0WvzXe42XGSfJt1hJwcRhB18fwNHQ/UXcmkKYzlUKjOQSe6kn4hf5EXRlIqs5Eou6O4kX9RZrCdxKhOZRs/XGk352M3b6e3J7bHr0lXbg/XxnnLT0JOjCA8C8GEfHVUOJ+mEDysWkUXZ1JyY1plNycRt618SSfH0zEKVXCz/YgQq0nUdd6EXlT2Nuq4uy9iNPuS/z9AcTc60+4Rn+CbvTH/8pgfC4NJ/DqZMJuLyBeZ6O4030U2X1DuetRcm2/IM3iIFk2X5Fr8zXppp+Rayne0dX5OB0dw/1d3dHaqsqtNd1RW6CC5spB3Fncn7tL+3J3RU/urOqG+pou3FzbiSsrO6K2QoXzK3tzbtkgziwdwcllIzkm5hxZ2Y+jK/tydFVfjq0TbOjDqW0DOfPxYI5u7Y36t5MoCr7I89wH4rN3g5KQO5QE3aEw4DZZnldJc7n4we+AD3HSPYkTnomyPeYay3f24XxtFchXlgGylURPKa+tXekz9FKruOSXzEnXSM65x3DJO0H2cr0TkYtuQpksPEoiquTZesE3jW/twrgUkM3l0EKuRZRwOayY84EFnPbP41xQIZfCSuW2K6HFXA4p4lp4qSzimha8xLbiFxkpXLQk7kqew1LuYKksexAnN6IRVyPnFL6TUCMLv7KNq5a5l1CNdlItTlU/49HwGz5N4Fr9M+a5zegmVcmhmfWTq3EufYl7+Utcyl7Jgqxt8XP5WSXR2zinAd2UavTSq3kgxt6LK0Y7thTT9Dpcil/gWfMGt8pWnMqfYFvUhFV+PdYF4q6KH+Jc8UwWg70b3uJW9Qp7Wdxtxq7oKc7lL2Qx2LP2HSFPfieo+S/4N/0sew4HNf9OaMt7b97YN++9e6U8wpL3sZQ32K7kNQ5lb2UvYIu8Z7Lg61b5Ev9GaY1f5RzM9kVPPviuFShQoECBAgUKFPxn8aEfhRQo+FchiY719fX/fmQBWIe4D/X9l6AQgBUoUKBAgYL/Tv4pAVh5qRTG+RBtln6J0oLPRVkwZz9KMz6hzXxRnrFPLkuCsNKUj1GevI2OEzf+LzbQfvJGOkz5CGVRbjN2jWA1bcatodO4xWzZuhkLcxNmLl9P/zmb6TJnD+3nHKDb8u/ovPgrOs37nO6LDtNv1fcM2XCSEVtuM3L7A8Zsv8/Y7XcYv/UqE7acZeLG7xi7Yg9jF29g3KLlzF67ik37dvLF9we5euwQF77YxZE96/h6+zK+2b6CHz5ezbUf93Lth92c/3IL3+1awralY1gwTpXxQ3swoG93evXoQrcu7VDpoixoS+fO7ejUpQMdu3WlfbeetFMdRIfeI2jXeyRK3"
36551 [Forwarding screenshot on session b1310904-d161-49ca-a1a6-530fba7baea8 to remote] DEBUG org.apache.http.wire  - http-outgoing-101 << "d97DbfrOYwOPUfSSXUkHYXtoDqKTn3G0nXgJLoPn0GPUVJO4Dn0HLeQXhOX0XvyCvpOXSVYLTNAMEjUB05YzIAxcxk4ciYDh08TTGbAyMkMHjONoWNnMHLMdKZNnMby6VMJNdcjwVyLNPO7ZFreI9tGlzxHM3IEuc7m5LtZUOBuRr67CQUepgJjCj1NBKaiz5QiT0thzSnxtiPfw1ZgR4GnKHsJKyj0sifXzZp0R1OSbY1kUu1NSLYzJkEQJ8oS8fai7mBCorApTqZkuVvKonOhjy2S0FzoY0OBtzWFvpIwbEWeIN9bIFlBka/oF31SueCPdkkgLve1pNLHXBaCqySkuq8VFX5Wos9KnNtCPIMZxV4WlPnZUBZoR0mwIMSWsmBbykPsqBBWCjddHWZPTbggyoG6WGfqE1ypT3KjNs6ZmhhnqmOcqIp2pkoqx7kInCmPsqEmzoa6OCvqok3EfH3y3K5RG3CP1jhzHkUY8TDClFLf+1QGGlAbakZNsDFVAYbirHpUeulQ7qlFsSDf456467vkud4R70adXCd1su1vkGF9RSbN4hLJJudIMjojk2B4gugHRwnX+obQO18TovEloYIore9IeHCMNONT5JhdIM/yEnnWl8l1uEah+x3KxJ4V3npUeBlQ6KRFttUtsi2vkWV+gWSDI8RofU7k3b3EaO8jWutj0o0PkmV2kHzrg6QZbifTaAvJuqsosNhIvvkaMvQWkmmwgALTRZRZLKTGegENdjNptB5HrekQaowGUH6/LxnXVIg62574yyqk3+1Llm4/cgwGkWs8gizD0cTpjKbQYz0/V16Fnyz4/a2ZsKbwSo+HcYdI0ptG2JVBRKoPp9F7HcnaYykymkb+/bEkXelDwqVeRJzrRqHhJFLvj+ZlwbdUea0mUWs0yddHEnVyFFabe6ExoxN6C3qgO7cdHjtVSTw+lOxLw0i/MISMSyNIVxtD1IkBRJ4cQMSpgeLMw4i6NJroqxOIuDqJsGtTCL0xnZCbswi5PYcIzUWE6Swh8P5iQgxWEW22kUSb3eJv4iAZLl+T5XZE2GOkOB4jweY40VZHiTI/QrzFceJNjhGt/wPxhkdINz9GksFhLL+bzv1PhqAuzqq5eQAa6wdzc8VQ7q0dgdaqwdxbOYC7q/pye6Uq11d048qKrlxa2oULS3pwdklvTi3qz8mFgzguOLZ4IEeX9OfI0v4cXSZYMYCjq4Rd248TGwdwbvtQTm4diNb3s0lyOEp5mDolQeoUBWhQFKhOgd9NMtwvf/A74EOc9oiXQzwfdYrke7tQvrUK4hsrf76xDJTtnegC9NOqZa9ezdgiUc9HN7kc3YRSWfzVCM+RvYGlfLeS1+/9xEruxpZxKTCTo24Jcn7hw9YRfG0fw7fOSfzonsZx32zOhZSgFlnOtcgyWfi9HlEmC7qSwCuFcjbOa0U/66nsMSy1SbmDJQFYEoLvJtRxK7pSnnMzuhytlAZMC19gV/WLHPrZsepX7MrfYlP6Wg7dbJb3BPPcJ+in1nM3upg7UUWyCGye/RCfmnf41r7Dq+oNzmXPsS9uwaqwWc7hq51UKns9O9e8wqvxF1wrX+Jc2opH9Wu8q9/iVtaKXWETNoX1WObVYZJZiXFGhSwEu9e8JOjJb/g2/SSXJQHYtvCxLP76Nf2FyBeQ+BNEt0LcK0h4A1GiLfDRr7Kga1vQLOdSdq18g13RM9kz2TS7Gcv857IIbFvyFtviV7IXsmvFC3wbfpYFYMn61P/0wXetQIECBQoUKFCg4D+LD/0opEDBv4r/FAE4TmcTI0eO/Dv/Y2wcOpv+oe8f++N02DTyOK7yOFeOj9yEjo7Y689xx13/tse/G4UArECBAgUKFPx38k8JwErLvkJp0efCSgLwwffM+QSlqTtRmrsPpem7BKIs2YlbUB6/nQ5jd9BhjIQoy2yj/dgttB39EW3HbJJRHr2RNqPW03nEAj7fvxsHa0OmzF9It4lLaDtxPUpTdqA0bQ9tZu6n3fzP6br0a/qsO8bQ7ZcYtv0ug7foMnSbHsN36jNspy6Dd2gyYOst+m+7LrjKgB2X6bv9PD02naDXiq+ZIeYvWnKYZcsPsmb1p2xct4st6zexbcNS9m6Zx9HDK7h7aRs6Vzdz7ru5HN45jYNbF3J4+2I+3TiLTYvHsmjKQKaO6M6A7kp066hEd5X2dOjUgbYdOtFFyiOsIug2kPbdB9Ohx1A6dZcYRsduw+ikOoJOfcbQuf94Og+cSOdBk+g6dCrdh0+XBeGeY+fTWwoPPXEp/Scto79kxy+i/+g59B8+k/7DpjFgxBT6CwaNmSbnBR4p7IxJ01gzYxrBRpokGN0izfAa6YZXSTe6QabZXdLM7pBmfocs63tk294jR5DvqE2Bk7Zs8+y1KXTSp9TNjAJHI2EtKXQxpdBV1EVboeRR7CHaPKwp8rShyNueIh9Hin0lT143qsJ8qIr0pyLqPdUxAdTEBFIbK2y0PzVRvtRHv6c20luMd6cixIXKcDfKQ10pC3EW1oUKUa+McJfLUltpsNN7pH6JIBvKAy3k3MHvsXgfRjrAmpIAW2FtKfaXvIet5RDTed7m5Pqak+cjnkNQ6G1GkZcpxV7GlPuaUeZrQomvkXgOAwp9H4gxuhT7PKDE+wHF3nqU+BmK5zOmLNiYkkB9igN1Rf2+2FNTjLlNsed18p0vibu7RLn7Dcq91Cl0u0We803ynG6SZXdN3PcVcmwuk2d9iXzri+RbXSDb4iKZlmpkCNLNL5IiC71nSTYWmJ4nyfg8cfqniX5wkhi9k8QaniHO5ALxZpdJtrpGpp0G+a7alHobUOzxgHIfI2rEvVT7m4uyMZV+khe0Lvnud0i2uEy03jkSjdSI179AksE5EnSPk/TgO/EZ+YYI9R2E3dxAqtF2Us02UOf/GS/jj/Ai5htKHDeQZjCPKqd1lNkuI89oFjl6k8nVn0yW7niKTaZSYzuTZpcZPHEezyO7oTRbD6bWoDfJF5WJOatMhnov8vUGk280hEzd3uQbDqTIfCzlzgtoTfuC31vuwc9m/P7GCH4yhl9NeJX5HRnGM4i40o8UrZE88lpJmfl0SvTGUaozmuwbfUm7pEriBVVy740gU3s0j/yls04Rc4YQcmQA7p/0w2iZKhpTuqE3rz8P5nXBan17oo/3J+1Kf+IvqpJwuQ/xV4YSf3M6sbfnEau+iIQ7K0jS3kjy/R2k6e8Xf0Nfkmr4HUn6P5Kod4wUozMkm18iweYK8YJYGzVixLuNtr5AlPU5wq1OE2F9igibE4TbniTM9rgonyTc5DgJFueJMTpFnOFJEg2P4HJuPVp7R6K+tRe3Nnbj9npx3rX90Fg1iDurpVDQvQW90Fityq1V3bm+QoUry1VQW6rChSXdOLukB2cW9eDUQlVOLOwlGPBeCF40iOOLB3N86RCOLx/KqdUjOLlGsHYEl7ZN4tTG0WgeXkysxWmKAu9SGHCXfH/xmfJXJ0t8pj/0HfAhbgRlcC0gjcu+yVz0SpCRPHuv+KXI7aecI/9oS5StelgOekkVsuB73DmCs55xnHCN4ZhzFCfc4znnm8r5gCw5j/Bxz1Q5r/BxnwyOemdywj+fC+HlXIur41bSIzRSHsk5fiVxV/Lolawk+Eoevn+KvJLgK4eNznkmC8JSXfL6lfrlOekPMcp7hm3ZO5yq/4JD5U9YFLZikPEQnaRaOc+vJJxaF7bI3r02BU+xyHmEaWaj7LFsldWAbW4jdnmPsM5rxCrvIZaFTZjmNKCfXsH9pDKsih7iXv0a16pWXMpbcSt7hlPBE8zSqtCMyuB+fA4GKUUy+smFYu1ynEof49f4Fu+6V7INfvwbka0Q/RIinktC72+i7w2eVS34172UcRFzzMSeuvFinaRyTDNqZY9hpzLRV/5WDlktib4STuW/4F77G7GvIFbKPSzWlIgRe0j1D71rBQoUKFCgQIECBf9ZfOhHIQUK/lVIomNdXd2/H5c/BOAP9f0h4rr8re294LtJJ06uuxyXhFyX/9H3t7X+x1wXjsui7x9j5b5N6Ij/V30/99+LQgBWoECBAgUK/jv5pwTgNks+Q2nBJyhLOX3n7"
36551 [Forwarding screenshot on session b1310904-d161-49ca-a1a6-530fba7baea8 to remote] DEBUG org.apache.http.wire  - http-outgoing-101 << "UZ53h6UZ21HacI62s7YjPLktbSbvE6wFqUxK1Ea+5Fgp2CXYIdgm2ALbcZuou24TbQbv4H248XccatpM3o5XYZN4+S3e3GxuMvMOTPoNnq6GLsUpUmbUJoq5k/fjdKM3bSZvY+Oiw+juvYovdadpdfai/T/6CrDdqgzfKcGgzZfZ8CmqwzdeotBm0R5w1X6b7hC37Vq9Fl9nsEbzjFo7TEGrPiKAUsOMGThLkYt3MyEeSuZs3Q5K1ct56MNy/hs93rOfr+Pc19s4vut0/l643guHVyE8aXd2Gl8gdmNg9w8upXD2+ezZPoQBvfsQCdlJdoqt6V9114od+2Lcpe+tOvSj04qA+jcbTCdVQbTsdsQOnQfRnvV4bSTPIb7jKJD31F07jeGLv3HozJoMt2GzUB15Gx6jppHLylU9Oh59BX1vkOn00/c08CR0+g3YgoDRkkC8DRGCmZOmsb6mdOIt9Ej0+IOuabXyTe5Ro7xVbKNbpBufJ1002tkmt8QXCfb8gb5drepDzThTZIHpc66pJvcIttCkxxLHSpdzSl01JdF4UInA4qcjSl0Nf1DDLai0MuOEj9nqkK8qY8KpCkulPrYEGrj31OfEEpjYhhNSaE8Sg7ncUqEsCE0JQTSEONHXZQ3NRFeVEV5URnhSYWgKtKLmhhf6uMDeJQSwkNpfFKwzMNkQUoQDYme1CU4Uxcv/kNbUBvnSk2cG9UxrlRGuVIR7UZ5lBulEW4UhzpTFOxAcbAtJUE2lAkqAm2oCrCmRhKPPY0o9dSn2EOHIve75LtqkOtymwLn2+Q63CDHTuB4k3wXdXJcbpHhdFWgRobdedKsTpBmfpQUk+9IFgSq7yPe4HuSzU6QYnmaLLtLJJufIcXsLKnmp8gwPUGmyTGyjY8KjpBmcIJkvZMkPjhJ3P3jxOocI0bYKB3B/RMkGl8ky/YWRa5alHvrUeZnRFmwJVXhDuLenCgXz1TsL96DnyV1sZ4UBdiR621JlqclyU5GJNrrkuV8jwzba0SJPSLvnyTPXoNKNx3KHG9TYqdGvdtlmjzOkW24l+hbK4jVmkuC6RSqA1ZB4Zf8kvM5Tf6ryTabQILWYFK1h5KpM4Jiw/FUWUyhQowtM5tDnf1iHrsu4rHTNJqsR/LQfDiVDwYSf64DiZd6kHNvBLm6YygynUye/jBKTIZQaT2BpyEb+K3oGDxS55fH9/j9ZzPeCvvro9s8TTxMtuks4m4OIlt3LI89l4t9J5KvOYz8W4PIUetN1kWBWl9ZzM28O5okzTGEXh1E5NUBhB3vjs32tugsas+tyV15MK8/egtVsfyoG3Fnx5B2YyyxV0aSrjmDHP1VZJrtEe/pM8FB8c4OiXf6BUnGX4l3+hUJhuIdi/eWYiLerdlpMqwvkGGlRqrpRZlk0wsySWYC0/OkWlwUnwEJUbc4L5NocZZg3a8INfiWGJMjxBp9j9e1regfHo/W3j5o7OjInc3KaKxrw921HdFZr8rdNV1RX9MR9bWdBJ25Jeo3Vnfh+ioVrqzsymXJE3hZZy4s7cjZJR04vbgTpxd1fy8EL+rNyYV9ObWkP6eXDeLcyuGcWDaUixvGc3zZcK5um8mdfUu4eWAhPnrfk+WlTq7/PTK9NUhzE/9G/K9////fuBWQxk3/ZK77JnPJK56LbjGcd49BzTuBq/4p3A7NlgVfy9yH7/PTFj6RkbyCJc/fm+F5XA/PFeRzPbKQ27Hl3Emq5m5SHRrJ9WhnNnM7qQG1qCrORZRzPrKKi9E1sj0fVibn9f0zlLPk6WtW+Aqr0nfYlP+MfdVfMMhuwbzotVyX2iXPYKPc51iWvMWx5ndspDy4ZW+xLHqFWb7oy34s5/69G1shzlaERd5TOXSyJADblbTiXP4Kl4rXsnUqeY5n5Qv8617jV/cW1woxpvCRHMbZLK8eo6xKHqSWYZxd9Uee3yaci5/gLsa5SyJw8SNscmtwLG3CvboFt6qn2Bc3inuqw0H0SetJ4q9/0zsCHv4i41X7Vg7RbJhSiXZkLrrR2VhklOFU2Iij2NcivRLTtHLs8x/KIaYdiqR1X+NT/7uo//o+/HPRSxxKf8K96md86n7Gvfw5DgWP5DlORY9xKXn6wXetQIECBQoUKFCg4D+LD/0opEDBvwpJdKytrf3343yMkRu1if1AX6z2RkYec/5/aXPm2MiNaMf+r74/14rVZuPIYzjLff977P9z7r8ThQCsQIECBQoU/Hfyz4WAXrzvvfC7cC9Kc3fSds5OlKdvRmn8atpN24jyxDW0nbCK9oI2o5ahNGY9SuMk0Vdiqyz+Ko3d+L591GqURq8UrBD15bQZvRSVEVM4+cUWbHQvMGPmRDoPm4DSyAVijXUoTdxMm2nb6ThvLz2WfU6PlV/RZenXdF/1PT3XHkF1hbCrfqTP2hP0W3uK/utOM2TjRYZsuMCQdcIKhm+8wtAtV+m5+Qy9t59h0K5zDNt5hhFbjzF6wzeMX3OIcUt2M3rWJkZNWcn4KSuYPmMFi+ctYPOqORzcsYIfD67n1JcbOPf1Bq4d3YrB9UPoXTvIrVO7uPDtJr7/ZAk7V01lbP/ujO7TkwEqXVFt3wnVDip076xKN5V+dO46gHYqg1HuPgylnqNo02sMyr1G0a7XaNr2Hk27vuNo338iHQdMosvgqfQYNoPeI2bIwm/fwRMZOHQCQ4ZPYuCwiQwSdtioKYwdPYl5kybx0ayJpNs/IM/qNsXmV6mwuEa5xU1RvkmBpcD2FoWCfOsb5AmK7W9T6/mAJj8TUdakxF6bShcDimzvU+rwQNR1KHG4L1PspEeJ6Ct2NaTC04JiDzNKvayoCXGmMcKDujAPGqP9aIwL4WFCCI8SQ3mcHM6T1EieZcTwMieeZ9kxPM2I5HFaOI+SQ2lKDqFBEoQT/GlI9KMpxY+HaUE8ygjlYXo4TRkRNKRHUpceQa0o12WKtqwA0edJc5ovj1L8aU4KFPuE0Cx4mBpEQ0qAwJ/GFLFuciBNSQE8Fms/ThDE+/IkzpencT7CelIXai+wFWe3EphTH25GQ7gpzRGmPAo1pCbgAZUB96kIkjx+tSjz0xRt96jwvk25h7hfj8sUu5yl3Osy6VbHKRFtGTYnybQ7Ra7TORLNfyTe6Hvi9b8l4cG3xGt9RZzGF8TcPiyHbg7R/JYwnaPEGV0Q8zQoctOjJsiK+jA7aiPsqI9ypDbKmUo5j7EzJVGePMyK5FVZGi15ceKuwsVzhsjieZKTkSz85vvbURzkSEmQrVjLnOYwU2p9daj10uCh/x2qXS9RanuMMpvvKTL7jBStDYRfmUvUtRkkaE4i12IiNd7z+WveAX7O3EtjwDJyLcdT5z6bRve5VFhOIu3uADLvDaPGWtSt51PjsIinbkt45jybx9bjeWY9gdJ7/Yk7257MW/1kr93c+6MpMBhP9v1BZGv3pshoBNVOc6gL3Ehj4rc8yrvE01I1HmYe5V3ecZoCN5OsM1acayA52sOoNp9Gge5EGixnk329D1nnu5FxRoX0Cz3JVh9G2p1xuH6vQtTVwRTojyPxci8cdiqjNb8NV6dI+X/7YLCoNw5b+pJ4YSIJN0YQc2UYGdrLxd+GlJv3OxLNviPeRGD6PUnmx0mzOkOS2QnRflzU39sE02OyTTUX79n8DFkyZ8kwO0eG6VnSzc6TKnkICxKNTpNkKNYQJBieIsH8GOEG4v0bf0Xw3d3ofzGZux/3Q2NbV26uV0Z9YxvUZQG4PdrrunJndQfure+Epoyoi7bba8TYVSrcEFxbqcKVFV1QW9aJi0s7cG5pR04tVuHEoh6cWNiTk+J5Ty2WROABnFw8gEtrRnNRcGXjRM6vHs1ZUT6/ZRI3PltAmPFJCgN0yPG+Q7z9//choK/7JHDLPxGNoDRuBaRwwzdRFoTvheeiG1+CZmSeLFZa5zfLArBRRoOc41cKo6weVchZnxTO+KZy2ieNk14pHPcQeKZyyieTM4G5XAgr4UxwMScDCjgWUMjJoFLORVajFtfAtcQmNFPfe/9K4u+fQq8k7kpIOYAtit/Iwq+EJA5L4q8UIlrqc20Ar4fgUvu77PnrWPUzbnW/yThUvMGy8Jkc9"
36551 [Forwarding screenshot on session b1310904-d161-49ca-a1a6-530fba7baea8 to remote] DEBUG org.apache.http.wire  - http-outgoing-101 << "lnCIK0O0+yH2Bc/x6vuFzm3ruSR69/whvDHvxD+9DfR3ioLt9YFdWJug6AO5+pnWBeLcl4ddsWNsvjrJdp8a17iV/+SkOZ3hD//C1Ev/0poyy/v1yhpkkVgCaPUMhnjtErMs2qxym3AJr9JtlbZNTgW1uNX00LU018Jf/IzXpUt2OTWyd7FsgdwwZP3FEpne4lj+TucKn7CueJX2Ss4UMr9W/cW76qXeFa0ynhVvvjgu1agQIECBQoUKFDwn8WHfhRSoOBfhSQ61tTU/Pv5QwCO+UBfzB9i7/9o/9v4P0TcmP81/s+1Yv4QgOW+/z1Wqo/kmPOf9X8vCgFYgQIFChQo+O/kn/MAXrgfpfmSCLwP5fmf0GbObpSm70BpkiTObkN56laUJmyUUR4nrCT2yl7AgjGbUBot6qM3CNahNHINbUavRVlmNW1GraLrsOl8tWs5JhonmDFrKh2GThFjJSFZzJmwlbaTt9Fp+na6zt5N1/n76bjgEJ0WHaLL4kOoLDlMt2Vf0mPFN6iu/A7VVd8LfqDb8m/psfpH+m04Rb+Np+m59hj9PjrBgC0nGLLtFKN2nGXcrnNMFsz6+Dzzdp9ngbALd55hwZZjzNnwPdPXHmLSqt2MWbiBYdMWMGbGbBavXMb2Has5sGclPx5ezdVjm7l7ZjM3j6xA7eA8bn66DI396zi6fg4fzxzH+iljmTd6KL06daFzRxXadVJFWWUAbVSH07bXaJR7jKRtn3EoqY6iTc+RtOk1EuWew+g8YAwqA8egOmgsfQePof/g0fQfOJL+/YczbOh4Bg8azdgxk5g4eiwLJ41l59xxVPqaUOV8h1qH6zxyVqfZRZNHbvepc9Gi1kObBm9d6jx0qHbVos5dhwavB9R7vKfOQ19YA4Gh6DOg1lVPoC9T46ZPtYS7qHsaU+NtTJ2vKQ3+FjwMtqI5xJ5HYa48ivDicZQPT2L9aUkK4nlqGM8zIniWFcXz3BheFCbwoiiJ1sJEnhcIm5/Eq6JE3pTG8bIkimeFYTTnCfKjaS5I4GFRCvVFyVQXxVNTHENDXgANSW48SfbnaXwoz2IieRIdRX14ILXRflTEeFAZ605tvCf18d40xfnQHO3No0gvGqSw0wFOVAa7UB7sRE2EG5WhDpQEWlLgY0Selx754m5yHG5Q5KZOsY8mBb5aFPhrk+OhQYHbLQqdrlLscJkSp0uUuFwkw+YoFb7XSbc6SbH7FQo9LpLvdpoCj9PkuZ2g2PM8+c5nqXC7Lu5Qg2rHu1TYa5LnfIssLw3SXDXI8dIXmJDirEeqqwHp4n4zfMxI9jQh2cuS/HAfqlOjSQ1ypzojnt+aq3icn0xdUhhNyaG0pIfJ4a9rwxxpjHaiMcqeh5E2NPgZ8cRfvDNnNcodfiDLcCdJWivJMVhLnv5aCo3WkXxnDlFXJxB7YzxZ2pPIuz+GUrNptAZv5m3CJzQFb+BZ5Ec8C13Fs4BlPPNZSoPDAjF/GunaE6lyWkCZ9WQeu8zlueNMGg2H02o1gdzr3ci62YX0210o0R9Eod5ACnQHkqXZi4w7Pcm921/sNYwUvdEE6czH9MI0nDUm4nN9JCVmC2h2mke8+iCibom6znCyrvcnXfRn64ylQGswRdd6kXepO1FH2lJrM5vQK8MxO9CJlFtDqDKbQOr1Abjt6sydWUpcnqmC7qK+GM/vieM6VVIujSJRvRept/uTqrWCDEnQNTtGqukxUkyOk2xykiSTMySbnhP2PIkm50g0O0eC+RkSLU4LRL8gRZRTBZJNFiSZiz4zqXyOeNNTxAniTU8TZ3JarofoHCLW6CvCtPZhc3Q+mrsGof6RKuobVdBY34U76zqjsbaLQNRXd+fOahXure6K9pqu6Kztjva6Hmiu7SHae3BrRTduLO/G1WUqqC1W4cKiLpxd1JXTS3pxYklvTizuwwnxzCcX9xcM5JTg7LLBnF8xhAurhnBpzRCurB/Ota3jOb95HNd2zxTv4VuKfTXFZ/32B78DPoRdbj32eQ1YZ9WgG5snC8JnncIEEbIn8FW/ZNR8EuUQ0BeEPe0WxzHHSE44R3POOwm1oCzOB2RwyjuV7xyjOWwVIgjjO6c4TniloZ5Ux63Eeq7H1XApokwWgyUuRVZyI75Wzv+rEVOFQeYTWdS1q/wVk/xX3M94ImNS+BqD3FZ00h9xJ7EOjfhqNMWauhmPMMxtkXP/SiGgjfOfY13+Bo9G8HoEDlVvMc9/jG5KNQYZ9ZjkPMQwswGthHKuh+ZwTjznaZdI7oVlYZpUim1OnSzImmVWyQKwW3ULvk2v8Xv4RhZ+TbMqZEHXueQh9gXSndXJXrtOxU24VDTjJcZL1i6/DpOMMkxSSzBKK8EwqRjTjEocCptwr3qOb+0b2Uoeu5ZZ1fjVtRL68K0sAIc9/gnfmlaxh7TOe6HYJv8RJmm16CdXy6GrPap/IfixFEIafOp+E3N/J/TRXwhu+gU/aW3JM7mw+YPvWoECBQoUKFCgQMF/Fh/6UUiBgn8V/6kC8N/bFAKwAgUKFChQoOA/m39SAD6A0oL9tJm/n7aCNlL+3xm7UJq8hTbTd6A8dft7T12J8ZLwKwnAm94zRpRHSeLv+r8LwKMk8XedQCqvRmXYDPZtmIPBzSNMnj6Z9kOmiDnL38+ZuI12k7bSacoWOol92k3fSZsZn6A88xPaz/6EDnP30XHep3RacIBOCz+n88JDskDcbt5B2oty12Xf0HX5t3Ra8iU9Vn1DT0Hv1d8yYO0PDFr3A0MFw9d8x+h1PzJp0wlmbD/D/I8vsnjPZVYdvM2aQxqs+uwqy/acZt6mL5m0cDNjps1n3KQpzJgxidnTx7Bs3jj2b1+C2o+7MVb7EqPzn2MirI14HpMr33L9h93oXfmRKz/u4+M1Mxk/sCPd2rajd5eOdO/Sia7detGpkwpdO6vQo3t3unfvRs9evenSrSedVQfQue8IOg+YQKfB0+g6eDq9Bk5gwJCJDBs+iVHDRjN/4jh2L5pMbbAF9R6aNLlcp8XtNk/d7vDU/R5PfR7Q7P+Ax/56tIaa8DrKkheh5jwNNOZJgDFPJQJNaAk041mgOc+DzHnsayww+ZttljHmobcRD/2MaRZjnwZb8jRUEGJFc6gND0PteRTuQHOkM49j3HgS78WTJB+epPjzJCOYlpwIWgtjeVmcQGtpBs/KC2ipyOd5ZRYvqlJ5VZXE26pkfqnL4JfaLEEm76qTeVkRw/PSMFqK/KlLdqQq0oHyAEeqA9xpCPWmPNCR4mAbiiNtKIm2oTTKnopo8R/x0e4UeFlS7GNNZbATxVKe4CDRF+rEu/woQThv84N5k+3Hi3R3WpMcSTe5QK75ZSo97lHhq0uxlzY5jrfJs7tBhuFZ0u8fJ8vgGGn6PxCtc4hi56uEaX5P0J1viBHtIbpfEaR7mHTHs/jr7MdPaz+et/cRoPkFYdrfE67zI3EWJ4kwP0aE6UmyxfvJcNHG8cY3mF/4DE+to8Q7aJDjb0xJpBMNqUHizpJ4nBtPU2o4zemR1Eb7UBvmzqMoDyp9LHgc4cjreBdexTtQ73OfXMsLhF7dT9DFrSTe3UGW/mZibs0i5vZksh/MJUtnDo+ct5KsMYX0e1NJ0RhHoe5kyvQnUWE2i1KbBZQ6LacpeAvPo3eIz84qngesosl5Pi2eq3josppah5XkmkwhWWuI7KVbKsi7pkrJ7V5kXOpI8b0+ZGv2JFurL7n3B5GnN5z4KyrEX+xM5uWeZFzrh9fJrmh/3pfLnwxCbU97LL9RJfhkf545LyTkXDfC1IaIdYaSfLE3kRdGEXl5APk6Q8kV8wuv9Cbw6zbU2M/H7+JQTPZ3Ien6QBqsp5B6YyBuO7uiOasNarO7oruoD2bzVXGSBeARJKr3IE29N6naK0k3P02a2QnBUVJkEfgEyZKQa3ZODumcZPpeAE60OEOC5SkSrQSWot/y7N9IsjhLornA7A8kEViMjxHvN8r4OFGGPxL54DBRugdwOLWMuzsHo7G1L+obuqO+tit31naRubu2m6C7QJV7a3qgvaYb90X9/toe6Iiza63tiebqHtxe0Y2bK3pwdVl31BZ34+IiFc4LT"
36551 [Forwarding screenshot on session b1310904-d161-49ca-a1a6-530fba7baea8 to remote] DEBUG org.apache.http.wire  - http-outgoing-101 << "i/pzcklff4QgPv9XQBeNJCzSwdxfsVgLq4azKXVg7iyfgiXNgzn4uaxnN04ivNbxuF4+WOSbc5/8DvgQ+hE5ck8iC3EMKUci4w62fP0QUIpdyPz5FzAav4pXPBO5pRrrCz+Svl+z3gmoBaQLgvAUu7f7+zD+cY2VOZ7hwjO+6WhEVuKXkYDOmkNPMh8iFlRq+yl61T9C5ZFL9DPeIhBWhP6KQ8xSn8s2l7jUP1X7KvBtORn7mc952ZCAzfi67kZV8vN+CrUEyq5m1iJdnI12qm1aKY1opP9BP38Z4Kn6OU0Y5jbjEXpMxyqXmJV8hTH6ldYVzxHN7OGO4kl3Eku5WZsEWqBqRjGl+Eu5gXXvsOn8iX2eU2y+Cp5+QY/+RmfhhcyUohnSfg1TSvFMqMCj9KnhD76idhWCGx6I4vBxinF6MXmop+Qj3laGdY51XhWPJXX8qt9gX/DK4Ia3xH08K2Y+wthzT8T+eRXolt+I0og1X1qX8peyJY5tZhkVmOcUYVpZp2oN2Jf+BS3shd4VLzCo+w17qUvCKr/hYDan/CteoNX+UtxrlbcS55/8F0rUKBAgQIFChQo+M/iQz8KKVDwr0ISHaurq//9OB1l5EYtoj/UF63FxpEb0Yr+sy0arY0j2agVLdedjo5k5FGnP/qcOCrl+f1zLXnuUfH/o3/2/eM678cedfqz/u9FIQArUKBAgQIF/538cyGgF30mi8ASygsEcz9FaebHHxaAJ2z+u/j7/xCApRDQa2UB+D2SB/Bqug2fyY4VUzC4dYQpM6bQabiUA1jKJSzmTtyKsliz/cRNtBPrK03aIpDEZ8GUHbSZulNGefrHtJ2xV/AJyjP2oTR9L21m7qPdnIO0m3sQ5dn76bjwM1ko7ixsV0E3mQN0mb2HrjN3003Qc/Ze+s7/lAGib8C8gwycc4jhi79k6tojzPnoBLMlz+BVnzN56S7GzV3PyKlLGTZxLsMmzGL4hCkMHDKQ+fOn893X+9HSuIiRzmWs9a7w4Nq33D27F4vbXxFuo4bp5T18t3kC84Z2ZHKfjgzr1IahXdoytHt7erVXoqdKJ/r07kfXngNpqzoUpZ4jUeozQTCJzn0n0WvwFPoMmsiwEROYM2k8u5dOpTHKlod+Wjz1vMkrX3Ve+2oItHjhf5+nftq0+OvwKtSAtxHGtAbq89RXV1hDXgQZ8TLYmFchZrwJMxdY8CbEgtf/wMvQf0D0vwy3/DsRlrRGWfFc8CxaEGvDs3h7niU68zzZnZYUL1pSfXmW4c/znBBe5kfyvCiF5vJiHleW8Ly2hLf1hfzaVMBfH+bxc2UyP5fF8lNhOG9y/HmW6szDOEuqBMVRllTHOFEZ5khVqBON0W48THKjLsGejAAdskMMqRD7Vid5URbpSo6vJQUB1lRGulAR4UBtlAOPElxoirGnOdaOljgbWuOtaI0z40WMCb+lOPLXFBd+SbTnebQlj8LNaAw1ptpLiwIrNcptrlBup0ax7UWSDL+nzPU6afrniNM6TorheVngDdL8mjT7i/je+1zO++p1Zz9edw/gKazPnQOkWp3G++YB7h9ajsPZT+R8v7UBxmQ73Cb0/jFijc/L3siNMQ48SfTgUbQD1QEG1AUayOd5IoWr9rlPtas66fpHCbv2CWYHZ/Jg11juftSf+9uHYHtoKpb7R5FwaxlFxmuIuTmWVM1x5DyYSqrGOPH52EaW1mTirg0jV3siJXpTKNefTJnxDHKMZ5FhOo+GgO28jj8g3vFOnvuvo9l1iSwAV1rO53XgTh56rCVdZxwhp7sRc0aFmGNtiTnansQznSnSGkKu1mAy7g0mSWMIGbpjiTjfjdhjHUg/0Z3M8/1w/aor59d15siGPtw82I+7uzpiulOZWqPpxKn1EeMHkHJBldAfuxJwfAT+Z/pSZjiJtHPdKbo2AL+vlGl0WUbQ1dGYH+5G4o2BNDvMIu3mQDx3qnBvtjKXZ3flweI+WCzoifNaVVLUhpOo0YMM9T6k6awkw+I06RbHBT++z+tsfkIgefieJdn8PUkWZ0i0FEjiryDJSrTLuX4vyUjlJPPz74ViQbLVBWLNThFheJRwgyOEPfiWBKMv8b6yHt1Px3JzU080t/ZBc1N32fNXc01n7q3tgtY6FUEPtNerynmAdUVZ4r7gTwFY4o5AfXUvbq7qxfUVvbiyTBW1ZT3/LgAv+p8C8OnFgzi7dAjnlw/hwspBXFw1kMtrRX3NYC5+NIrbe2dwduMITq0fxoNvln7wO+BDuJQ/w7HkCZY59egnlcohn9VDs1APy+ZORC4aUfncFvZm6HtuReRzJ6aYe/FlsjetTkoNNyIKuOiXziX/DK4GS3mBC9CMK0UvrRa7sheY5j6Sx14LyeaSb6rMlYAMrgdnY1/YilXuMyyyn2FZ8Arbir/IArB52W8YFLxDO7OVGwkNnAsp4kxgDmph+WjEl6ObVsODzEZuJdZyO6UejZQGbidWcTO2jJsxhajHl3BXPM/dhCIsSp/gWPca/bx6rkRmczowWZDKeb8UrDIaCKh4S8xjCGn8C27FT7HLbZRFYMeiRhxLH+JW9QTvmud4VD7FuahJFnslAdi/5hUuxQ9xLXkkI7Xb5dZik12NbU6N7CXsU/1c9uoNqH8lC8ZSuOngpreyMOyQX4+tGOsorDTfveJ9fmGXcrGP6HepbME0qwbznDrsCh/jVvmSgLqfCWn6jdDG3wlp+A3XohZZ8PUU9+xT+Vqc6Z0sCn/oXStQoECBAgUKFCj4z+JDPwopUPCvQhIdq6qq/v04HmWkJNz+Lzbei5L7o+5t/J99G+8R9bf5Udzb+GffRo4elTyA/+iPuicLwI7yOEdZAL4X9ec8qT6So45/1v+9KARgBQoUKFCg4L+Tf84DePEh2iw6KAvBbRd+hvK8/SjN2o3SlO0oT99F22lSOOgttJn4HqVx/z8KwCNmsnnxeIw1jjNl5hQ6DvtDAJbWGSett5G249YLJEH4DwF4kthTKkt7TtpGm8k7aCMJwlN20mbabtpM3YPytPdisPLMfbLXcLvZktfwXpkOsyT2CHbTee5eWQTuNGMXHafvEHYHXWbtovvM3fSauZd+c/bRf+6nDFpwgGFLDjFm1ZeMW/0lw5fsZ9D8PQyct1v076TPnO30nbuNgQu2MWX9AZbu+pJN+7/h0I8nOH7mDKdPHeXGpeMY31PD6M5Z3E1v4WdwBZebP3J+7xr2Lp/FyhmTGTl4EL1796ejSm/aq/Shg7Cduveiq6qgZ3+69B5N1z7j6NF3DKNGTWT2xLEcWDObZ8nOtIY/4FXAbd4G3OKN3y1e+WrwxOMGjzyu0+KrznP/Ozz3uyPKd3jmp8nLwPu8CtLldfAD3oTo8zbUgHehRvwcairz7h94G2bKL5EWvIsw43WYCa8Er8NNeRNpyutoI17FGgqEjTPlVbwlr5JseZPizNsMD95m+vAuJ4ifCsL4tSian0qTeFGaQWtpFs9L0mkpSORJdhTN6SE8SQvkaYovz1K8eJHiwfNEJx5FWdGU4ExDsiePUv2ojnShMsyBljQfWrN9eJjqSGmECSVR1lQn+lCXHEFNYqiw/tQne1OX6Ep1lA014WaU+2pT7XuPGs/bVLtepcLhDOU2Jyi3PEqd7UlqBJUu58SYq1QG3KTM7wZV/reoE/f6MOg2FZ4XqPC5RL7HKRpDblBheYxqq1NU2ZylxOoMRdbCOqoR++BbUsyOkWZ+jHiDb4jROyTs1+SbXyRD9wLhV74l/s4JiixvU++mx5MAcx77m9HopU+Z410yza4Sf/8MMZqHib3zEaGXl+J2dBp2X43D8rPhWB8cgft343H8YhiuXw0h/MwEfH8YjPd3A/H6ahhOB/qRdWcetVbLSLw5iHTNIRQajKdAdzwvPNZT+GAKvj+qUG06h6eOS2mwnEOZ6WyyDOeQYjCfSvft/JpxjAb3TTQ4r6DWdj7PPdbwxH0ND13WiM/LHsrMFxF0UpXI0z0IP9aBwK+USTnfhyKtkWTfHUHavdGki33qvTZRqDuN1KMqZH7fjewT/fA6rMqJRR04vLgXZ3f2Q21DJ1y+6E/l/UkU3h1J7Ln++"
36551 [Forwarding screenshot on session b1310904-d161-49ca-a1a6-530fba7baea8 to remote] DEBUG org.apache.http.wire  - http-outgoing-101 << "H/ZBs/DHQg6PYGQSyOotphD7PGu5F7qR/AP7al3WUbMvemYf9mT2OsDeeQ4i/RbA/D+uCvac5S5OkcF/SX9ZAHYZW130tVGkKzRg0z1vmTqrCLb8gzp1idJszpCqqXEccEpUsV7TBZ9f8PqLEnWwkpYnSfF8rLgikyyxSWSzC+QaCaJwJI4fI5Y4xOCYySanyTe5EdC7+7C5IuJ3NnaF+3t/bi3RRWtTd3QXi/OubYLOuu6ClTQWd+N++u7o7v+vfgrIYeAXtsDrbXvReC7Ao01HxCAl/bk5IdCQC8ZxJllQzi3YgjnVw7mwqqBXFo7RNz3MC4ILm0YwbVt47iydSxqW8Z88DvgQxyzC+RWcJosAHtUv8St6hX2xU+xynuIRU4jWpKQKgmqUYWyqCuFVNZPr+NBah3aiVXcS6zkeng+lwIzZauZUMH91FrRXyMLwNJ44+wmrAtbsC1+jnXRE2xLWnCteYNP0+84l77GJr8V86wWzHJbsS39BYdasBNY18CDvJfcTmriQkgx50PyuRFTilZKDQ/Sa2UPYL28Z+jmtnA/5yn3sx/xQKAvzm2c+xDT/IcYZddhWfIY24pnWJY9lT2B7WpfYVH2HIOsBmyzH+Jb+org2p/xrhDPLuaapVZilFyCXlIBZlkV2BW99wiWPHglIde76hkeZY9xLX74Xgwuf4J/3UuCGt8Q2PBaLkvj/ixLIrA0588xkjewNM8ivRw7cT7HvEZcxRkl8dejUqxd3Ypn3Wt8Gt/h0yDOVf8TXrVvRftrse9LnArEc6Q3YCru30jct2lyNZbp9djlPMIx/4nc/6F3rUCBAgUKFChQoOA/iw/9KKRAwb8KSXSsrKz8/ysiJbH4qOMH+/4voxCAFShQoECBgv9O/jkBeMlhWQRWXvw57SW74ABKsz95LwDP+BjlaZJH7lbaSMgCsBQG+h8EYDn/73sBuI0UBnrUWjkUtNLIVbIA3H3ELDYvGY/5vTOyANxh6FQxT/IAltbYLMob5LzBbaQ1pLYJOwXbUBq/mTZirzYTtsgoi7Y2E7fTZtIOlCftos2Uj/9gtywKK0vCsDirhHRm5Wk7BWLsdPEc08TcqRJinWlbaTdjGx2nb0JlxiZ6zt1K99mb6TpzE93mbEV1/g5UF+yi16LddJ+/ky6zt9NlznZ6LNhH38XfMmjFMaZuu8ySz9RZduAmy/aJ8senWLX7JBv3nWL7gdNs33+Cr45c5eLFW2jdvoPWjds80NDg/s0bXD95nFNfHWL3hlWsnDOdicP6M0C1E6pd2qLSuSPdu/VHRWUAPVUHMmbYcGaPHsSZT1bxLsOVdzEG/BSizi8ht/kp6BZvAjV45nWNFq8rvPS/IbjFS7+bvApQF313eC2jKcoS93gbpMXbQG2BruDB/+CN4KnnHZ75aNLqr80rMeZ1yANeCVpD7wk0aA3T5EW4Ni8i9XgVbcLLGAtexNrwKsGJ18kevEn1EfjxJs2XV8nuvBRtrYlePE3wpjnOm8ZYL+qi3KmJdKE22kXUPaiPcqEyyI7acBfqItxpivWWvX/LAq1plDx542xoSbSlJdmZRwke1MUGUR8XT0NyAjWJPtQmuVEUbEyexx0ybS/gd3kHTt8vwf3bBXh8PRuPL6bh/vkkPPaPI/TgOII+HYHXgeG4HBqN09cT8Tk1j4jLKwk8vQDvI7Pw+HE6PmfmEnR1KRV2B8jUWE76zWUkX19Byq2NpGrsIPHmTqqsT5KpdZAykx/I0T5Anu4BivQ+J1fzC0p1j1D84FtKDL4VY/YTeWULwRfW43ViBa4/LsLz+BJ8Ti/H9Ye52B0eJ845Bp9vx+L73QQCjkwh9PgsYs4tIPTIVEJ+HEfY0THEnhxL1LFheH/eHe8DvfA93JusW5Opt5hH+q2+ZGv2o0R/FDVm03nhtpoS3ckE/qBC2rWhNFrMpdluIc0uq8kyWkC60TIqXD/m95KblFitJlNnGsVGsyg2nEGV1QIeOq/mdcBumpw2EHNlKNEX+xB2ohNhP7Yj58ZAKvUmUKA9jlz96TwOFOtUXqPRfjUFp/pSerQPBcf7E/J1H84t7syXiwZwae8Ibu7ojeOhAdQbTqfk7lAyrw7C80Ab3D7vQsTF2URdn0ylxQKijqiQfr4fCRfEWjYLSDVcjOnhXsTdGCwLwJm3B+G9WwWducpcm6uC4dK+WC2SPIDfC8ApGt3J0uhL1v3V5FidIcP6NOnWx99jdVIg6jZnSbU6R4rlOdmmSqKv9XnSrC+IshopFldItbwmuCrGqJFs/t4LOMHklLCniDM+SqLkTWx5gkjdQ1j/MIv7Hw9Ec0svdLb1RnNDV3QEuhu78mB9l/es68r99SoyupIILIm/a7qhvbob92R6cG+NKhpSGOhVPbm+QpWry1S5vLQ7F5f04MwSVU4t6cnJxb05ubAPpxb1l/P//qMAfG7FYM6tHMiFNUO4KInAG4dzffMorm8dLe5/HNe3j/3gd8CHuBOeJXv+Wuc1Ylf4SA43fF8SfSPzZA9gSfyViS1BO7FCFnQl7sVXoB5TIou+l4OzZW5GFsqCsCQAS2PuJ1fJnr+SB7B77c8EPAb/x3/Fu+lXvBp/wbfxV5xKXmCT14JJ+iMMMx5jmteKRfE7LEp/wrTkHcZF79DLbUU35ylG+c+xKnuNbeUbrEqeYZT3GH3RppPdgmZaE3eT6tBMqkE7WZxB7H0/pYIHgnsJxWjE5HMvqUQOCe3R/BfB7zhUvsC5sAUvcQavklYc85qxzKjBQmCWWSPOVIFVbh0OJU2yB3Dwo3dymOaQprf4VT7DreQRXhVPcStt/ptnsOTJ61XZIou9kgAsefpKfZJHsOQZLHkIS+OkNpmCh7iIe3cpbsap+JGcK9i2QLwLUXcofYJn7VsZSQCW8BbPLoV+dsp7gm1mExZpddhkNcnCr2vxc1kglvo/9K4VKFCgQIECBQoU/GfxoR+FFCj4V/H/fwLwe6/ejfciP9D3fxuFAKxAgQIFChT8d/LPhYBe9gVtlhxCeclh2gmUFxx8LwBLwq8kAE+XwkFvey8CT9r6AQH4D+/fPwVgSfwdsVqw8r0APHI2O1ZOwU7vEtPnTJdDQCuPE/0TJDFZIAnAI0V9uCQai3XGiD3GbqHNmE0oj/3ob7QdJ/YfL+0vCcLbURovIc41QfIWlryURX2yYIoo/0EbKXz1FLGHxOTNAnHmSRsE4pyTV9J22nLaz1jxNzrNWkPXeetRmb+RjrPW0mn2erot+AgVQeeZW+kx43PGrjrPvB0aLNx9j3kf32XOTnXm7xZ2hzqzRfuiT7RZduCBsPeYvfU8S3edYtWuY2ze/T2fH/yRC8dOYal1lwArYzwM72Bw+QhH9q5hzYwhjO/fiX4d2tGnfUcGdu3MuL7dmDe0G3pHd/A0wpAnfjdo8bzASx81Xvhd5YX/Ld4F3ean4Bv8FPSed4HX+Unwxv86r3yv89rnhhgvyjKi7H1TtGnIvPoH+1JQanKMWpuzPHG/Lta+w6uAu7T6qdMi1mnxvcIzsWZrwG1eBGnyKvQBL0INeB5qRGuYucCallAbmoOseRJgyEtpru9dHnvr0ORjRGOgNfWhjuR7m5LnY0aRGFcd5U5djA/VoR48ifLmYbATD8OceBThwPMEJ37NducvOS78lu3EqzhrnkU50RIbxOPYROpjY6iO96Y51YvKYCMqvNQpsjyJ29dzsd4xDKedQ/D8eCg+uwbhsaUvHut7ELK2M1EbOhK2VQXPzZ2w29KFwC9HknphgbDjcNkzCN8vxuLy+Qg8vhlLvc0eEm5MxffoYNy/GSgYiYvodzo4gcxbO7DYMhTXveOwWNcb+819sfuoD1brB2K6tj/aSztivKkbjgcG4vaV5MU7ApevRuLx/TicvhiG3cH+eHw3jKjzU0m6MIu4U9OJPjGd2DNzSLywiLQrSym6s54G4+3UPFhH/o1ZlKjPJuhwd7w/6Urkt/3Jvj6OR5ZzKdQaRKneMAp1hlFlPI13XpsovT9NrNUfo43KBP/YiYJ7o2n13kSG3lzSjFZQ4vgxv+ffpNhiHbkP5pOtM5Vc3Wm0Bn9Mls4U8fnayUv/nSRrj"
36551 [Forwarding screenshot on session b1310904-d161-49ca-a1a6-530fba7baea8 to remote] DEBUG org.apache.http.wire  - http-outgoing-101 << "CbsfHf8jrQh4WIXCjX6izNNotZsFlW2y/i59BL8bEGh8SLyTvSh+kQ/io/0IfLrXlxd1o0jK4dzZtdQ1CSv2I3t+CVgI5VaA8i4JNb8Qgnvr3oRdWUh0TenU2I0l8gj3cm8OFCcdxwF5nPJsVqD6eHeJN8ZxWPnOWTdFu9odzfuz2srC8BGy/pis7AnLmu6ka42jBSNbmRr9CFbdyW5VufItj5HhvWZ98KvLAifFZwn3fI8qYI0C6l8kQwrNZk0QarlZVKtrshicKroS7E4R4r5aZJMj5Nsfow4o29JNP6WKN3PcTm/Gs0d/TDcOxCDj/txb6MU6rkzeptUMBDob+gqo7euKw/WduW+JASvk0Tg9wKw1qquaK5S4e6q7nIO4Dv/ywP46vL3HsBnl/R4LwAvkujNqUX95Py//ygAn10pMYjzq4egtm4oF9YM4sLqgVzdNIJL6wZzdvWAD34HfIi7EbncjyvGKK0as6x6DFOruBddIOf9PeUWLYdp1ogsRCepUvbo1U9vELZezu2rn9mIQeYjDHIeY5j7BP3sZgyymjDMfohR1kMMM5uEbRS2AYP0GvTE2oap1Zhk1GGZ24Rt4RPMxRjjVLFmYg33E2u5n9SAdkoT94TVSKhFPb6O23HVMnel/nTJu7cZi6KnWJa+4FJIIeeCCjkfmMflsCLuxlXKe0rexk6VL4l6CSGt4NHwBvP8BnSTy9FLr8K84BH2Zc8JbvyNyId/JaLpdwLrfsZHyqVb9RLXiudyaGwpRLYUktmz6jm+de+9eoMlT9+aF2LsexHYKlPcTay4x6gsDBMK5LoU/lnCsaDhfajnnBo5d7Dk9SuV3csey17CftUvBa/xrXmNd/UrPCtf4FbZirto86p7J9+RTcFj7AqeyDmAXYpacS4UZ8t9il1WM7pRJejHVWCSXCv2fSjWFmPFu/jQu1agQIECBQoUKFDwn8WHfhRSoOBfhSQ6VlRU/AcTieaGfwgNLXHE4QPj/u+jEIAVKFCgQIGC/07+KQFYafEh2i77CuUlX9BWlNstOoTyvAOyANxm5l7azdwjh15WlsIvSyLr+C20Gb/570LwmH8IAS17/v5dAJa8gKUcwLvWzsDO4DKz5s2ioyQAj1qOsjR/zCbajN5A25FrUR4picdijVFbBB/J7RLKYzb+DyG4zdj3wrEkBrcZv502fwrAE7fJIrAULloWgCXRWsopPE3YqZIILM48RZxXYrLYZ4o451RxxqnLxZgVtJm+QhaE201fTkdR7jJjJd1nraLHbMGsFfScvpqh07czcf5BZq38jnlrjzF77XGmrznGtDUnmb7+HDM/UmPWlmvM3nGbhXvusuLT23x0SJ1Nh26zdNdFZm84woxVXzBv5X42frSf/bt28/WuDXz70Wy+XjWCL5YM5eM5Y1k7fiiz+3ZlwcBOrBreCbNjH9Hkc4uHrmd55HSCZudTNDidocn1Ek/cL/Dc4wyvvS7yxucSr3wu8srzAi88LtAq+lrdzvPc7QIvPS4J1HjuLnC9zHOXKzwTyNZV4HaVFkGr53WeC556XBVc44XvTVq9hfW6zGvfG7z0vSXar9PieYsWr7viTBo0udyhwUWTZs8HNLjep8JKjSbHU/IaUn+p7V3qfC2pD7GjLtKOx0nOPEly4lmKG63pvrQkefNrqgd/zfHgp3wP3hY483OGCTU+50l+8DHBl1bgdXwp8eqHeBFhz4u4YOojfGmM9+B5igfVPjo89tGgxvxHfA9OwnP7APy29iZ8ez+SPx1OxObeBK/rSuxGFcJXtyd2bx/ivx5F2PfjiTozl5gLywg+vhCv72bhc3Qhrkfm4312BYV2XxOutR6n87NxODUL2x8F38zC+/gSkm9uw/erGQR+MYmA/UMJ3NefoE/647R2MNbLhmK8uBt2Yl+Lj7ri+tlgAn+cStTZRcRfWkXK1bWkX19F+o0lws4m69Y0yvWWUG2ympIHy8m5u4AM9Tmk3JwumEie5mTK7k+hRHMUcSe7EfaFKhFfDST5zFhqDaZRaTBGjBlM+s3+VBvP4GevbZRqzSTj8ljMN7XBZL0SHp+35aH9CorNl5P0YDENPgf5a4YapTYbSdeeTbL6BB46rafccilpOtOosl7OY/f1lJjNIEVzIPE3upCr1Ysy7X40m03koeUs8g2m8zblW3iiQ63LR2Qe70Xlsb4UfNeNhO97cHNZB75f0o8zuwZzYUt39D7uyC++K6nS7kXeNRW89isRcnQwIeJ+M3SXUmgwi/hTfci9Moxs9ZGyAJxhugLHY0OIuNJfnH8muXeGiLtWRXd+e67O7IzB4l44LO2D86qupF0cQvrdHuIu+pH7YDUFNhcocrpBjs0l8uwuk2tzkTzbS6J+kWzRl2MnlS+RbS3qVhfItLhIltVFMsWYVMtzJJudINH4KAlGP5Bo9B0JBl8Sr3/oDz7D59oG9A+NR29vf/Q/7s2DbT14sLkbD2ThtzuG/4D+ehX01ndBd0MXWQTWWtWFu8s7cXdFZ1kAlsRfWQBeoyrnAL6xsifXlvfk8tIeXFrSgwtLe3J+WS/OLenN6YW9ObVAEoH7ywKwzLLBnF4+iNMrBnJ61aD3nsArB8icX/V3PvQd8CEinkP0S4h9A3FvIewZcgjoW+E5HHMK56JPCtdDc+Scv5JXryT+SsKumRSGuPQFzvW/4daEbCXvXNO8Fkzzn2Ce/1TGIKNe9gKW1rsekolmVAEGKZVyiGlpH/WQbEEuGmGF3I0uFWOr0U6q515CLRrx1VwJK+J8QA4nvdI47pHCBT+xRnwVViWtuDb+lQdZLWhnCNKauZ/+UOz5DLeaX+TnSPgJbok9rwYkcdknnmuByejEFWNX2kKw6E/8WTzvo7+S8ALS3kGyuINYUQ5+/Fc53LJtwUMcih/L1ianAZvcOjlfryT6+pQ/lQVg/9oXsgfwnx6+kuAr1f/0CpaEXikEtCT2Sl7Bknew5BUslUMf/UKk2Esi/PHvBDX9gl/dWzxr3rz3+q17R2iLOM8TQTOEPIZIUY56KhDlCEGYaJcIF2WJP+sfetcKFChQoECBAgUK/rP40I9CChT8q5BEx7KyMgX/B1AIwAoUKFCgQMF/J/+cALzoc9os/UIOA6208HOUBW3m7kdp2se0mSUJwHtRmiqFXBZIAqsUkvl/CMD/EAb6z/DPkgA8ctXfBOAtyydhq3eJWfNnoTJ6thi7Qg7vrDTmI9qMWk+7EWtoO0LMHSGJyGL9UR+hLHsU/yEAC/7uESzt/acAvE0WgGXk8NDvBWBZBJa8gSWvZUkA/kcPYEkAniTOPEkSgsUZZER98gYxfx1tJ66h/YQVdJq4gm6TVtFj0gpUJy1DdcIyek1ey8CZ2xgxfw+jFu1j5MJ9jFj0KaOWfMaY5YeYsOprJq75linrjzBr6ykW7L7Kms/vs/U7Y3Z9b8KOrx6wfs9llqz9mrkLtjFz+lKmT5zC7EmjWTJzNBvmjuHzpVP5Ye0cTmxeyKElY7i0YzaWP67lp3gp/PMt3vlf5q3/VVp9rvHU6wYtHhdpdT/9HrdTPHM9yTOX0zItzqd54nhScIqnTmeEPU2zvag7iLLDWZ46nuWZ8wWeu16UheEXnld56S0Qa7/wuc4zTzWeiL5nLgInMd7+LM12Z2iwOsVD23Nivcs0Wl+gxvwsDbZqNDvfosVNCiN9h5dS2OgwA17HOPE2MZDXySG8TgviVbYXfyl05ecUI17G6FDje51C54uUWX5NrfVnFJrvIc9mL3X+X1Hm9DHxd+bgf2IEbl8OxvWriZRYHuFdmhOtye48TnTjeYIL1a4alBkfIfXCepw39SZoS2/CN/cgbktP0j8eQMSarvgvbY/X8k54b+lO4omZ5GptIct4P8XizhrCNXmSaEZrhiMv8j15Wx3G69oIXtdE8rjAn3f18YI4fqmN5qdiP7GvOU8iNKlwOkKB3laiT40j5uggYr4bgMMqFawWqmCxrCOhXwwUZxpLzu0ZZN6eR9rtpWRqrCFHcy25mivIujuftFuziFWbLuwSsu6tIlt7A7kPNlNktJ0Cw48oN/2IOquNVBosIv/OBBLPDiTym4FEfzuCh"
36551 [Forwarding screenshot on session b1310904-d161-49ca-a1a6-530fba7baea8 to remote] DEBUG org.apache.http.wire  - http-outgoing-101 << "BMjKdeeTL7mCLHmUFJuDKBIZwqvXTaTd2sK+Tem4LRTGd/POuJ1UIkS3WkUGi0gVW8R5c7baQn9gjS9+UTdGEuixiRq7NbR7LOXagexp8Mannmvp9hiKqn3+5Ouo0rhA1Uq7/fmicloqu+PIvnWcJ7HHoYXRtR6f0z6uaEUH+9H5Zn+JP2gita6rny7sAfnxDu4uK0bFod70eo6nwpdVfJudiLiB2UiTw0h4tJs0rRFu9k8ks/2Jf/qUEq0J5Byfxw5Fquw+a4f4Zf68NRlDgV3hxKyvxd689vJArDh4l7YL+2N+5puZF4aQqamWPteX3GHKymwOUeujRoF9ldl4TdPfFZzrE7LoaGzLU+SaX6cLAkziRNkmZ4gw/wY6XLO4B9IMf2aRKPDJBgcJF5/PylGB0g1/JRMk88Iu70Bq+8mY3JoFPp7eqO/SxW9rT1k8VdvYzcM/hB+DdZLdENfoLu+q8yfArCmJP4K7q3qJou/khewxhpVOQT0nwLwlWU9uLS0O+eXqXJhWU/OL+3FmUW9OCWJwP8oAC8dzKnlghWDOS15Aq8axAVZBH7P+VXv+dB3wIfQji2SRdKLXvFc8IzjWnAG9+KK0UupwTC9XhZ/b4bnoR5VzJ24MjnEs46UgzetEf2MhxjkPEVfyr+b/pA7CVVyCGbJE9i8sEUWgKX8v7pJoj2qgNuh2aiHZcsexrrxJegnlaMTU8z92BIeiHUNkuswSGtAP13MSalHO6lWRvLq1Ygp515CNYZZzdiVv8W98Te8HoP7I3CsBfOit+ikPhRnrxH71WCZ24xLeSshT5A9aiUBVwpzLXn2Svl1nUWfbUEzrsXPCKj7megWiGmFSGEDmn7DpeyF7KUsYZ5Vi3l6NaZp5VhlVOCQV4d32f+Hvb8AjiNJ1L5fMTMzM5PFzEwWy8woMzOjLDMzy7bAzMzMzMw4Hp7Z/5fdnt0951x/EffG3jfi7L4V4V9kVXVBFrQqoh9n5ms2P/wgtvuDfW9/Z8/rX9n54id5C+HGhx//Me6vrJQtk33+93XkLX8ffWKLqEf93U/ysYc3iuOtvfGO5ZdesODsE+aeeSQ37cgduZnH7ovlsu6iZS2GxfFeiLqK8z/wHna/ldUZ6h7+Ru3dn+TjKn/vXkskEolEIpFI/r1870chieT/FFnoeOvWLcn/AlIALJFIJBLJ/53+/xIAK0S3lgfAioKCPAAuRjGoHOWgMhR9i76RhaueuSj9PQSWtch1kYXA6cJ/CYDlvo0BrOsQRFaMBytnDyMksgmGHuFim7/GAHbOQskxDVVZAGz/VwDsIPbrmCG2Tf1vrYBlx5ETx/xnACx4fGsFrOSZL6fs/Vdr5b8CYCXfvwJgL7FfWegr45mBgqw7afeib9wKBLGeay7Kol6q4lw0XFPRcUlB3zUZA1dxHu5JqPmmoR6UjVZwDtohOegKBk1yMGqSjWlYNlbhudhE5uEU1xTP5GYE5/UnrqKG7HbzKO20gFZd5tOy/VSKy4eQkdOF2KRKAiKzcQqMx8QtGBMrB4KtDImx1qFpkAMtot2Z3imLOW1j+bJnKh82DeTdmh58Wt+fj7VDeLt+GD80DueXrUP5sXEQP9QP4Ie6gXytH8yPDUNEOYTPG//e+new2EZsv7Yf71b3lQe6H9cN4POGwWK94fy8eSQfxPTb9QN4sbo3j5dVCd15urwHTxd149m8zrxc2I3XS3rwYmF3Xi6q4sOqfnzdOJSf6obz25Yx/LF7Mn/bP40/Dkzny7FFfD5Vy7ujm/l8+pBwkN+v7uf98cWcW9KGDT092dvbk4NVbhzt6s7pgZ7s6W/HuZlhfDzcjq8nO3B7bSKXZgZyepQL1yYFcWF8JCcnpXO/oT8fji/i5aHVvN2/gvurRol1StjS3ItViRrsyTbgULYuJ3IMOJtvyo5oVTY0UWR9khZLMvRZ39aLM3Nb8mjfZD7fqePPr+f52y934ZfH8Mdr/vzzHT///oZffvvEq6dPeXTnLh9fPYHf38GvD8V6V/j9zlrub+vDqdmpnKsJ4+HiKA73t2R5ggpLwhSYF6HAtha6nB9ly+nR9pwY68nhkQFCGCfGxXB1RhKPlqXzam0p7zdW8XZDH16s682TNYK4R883DOBNXT8+b+nL18auPFmYw8VxQRzr78Lh7u4c6+nLkd7O3Jzqz4mRlpyZYMvxMVZcrfbmh9psroz15tG0MHa00uLqUEdO9DLgxiRP7swLF9c4lFOzwoRQdo92YvMAS/aNdOHyvHjurirk5tI8ft3fij9OtOBlQxzn5lpzfIom9xaY8XyOBU8mm3J1mJG45vZ8PNEVPs7j3LIstne35GwPK26L63C0k6ybY026R+rQv8iUAbni2ncwF+cawf15FlyfYsDJARoc6mvB/iH+4hqG8HJ1jHgOjLk63JLHc/w5ONaaGytTWdjWgG19dXm/vgnXJ9uxr5UpsyPUGBmkyZxoQ1ZGGbEpTY+Lw+y5ONmAa5PNuDw9kStL+3Fufl+uLhvExUV9RNmbS4u7c3lJVy4v7sSFhe24uKAtF+e35cK8Npyf15bT85pzfE4pJ+aVcmp+GadEeXJOMSdmNeX4jFyOT8/m2NR01lZ5MbVQl+nFhswqMmBmoR4zcmStf0UpnrFZ6QbMShNSZfSZnqbLtHQdqtO0qU7VYWqSNpMTtARRJn0LgCck6P5jDOD/GgAPFWTjAA8S84NijekfJWsF/Nc4wNHfuoGWtQDuFWdD73ghUdYVtDUDE6wYGP+tHJAoiGXfewd8j6zL55qjt5i0/4p83F9Z+Dv95D15+CvrullGNp6uLPyVjfk7/tAtuTH7bjJs91V61p2mauNJuqw9Ijdo+2V5N82Lrr+Xk+2n+thtxu+5xMhtpxm76zwzT96Wt6ytf/yVzc9+pf7Rz9Te/4FVNz+y6OJLpp94wMQDNxiz+zKjd11h7L7r8kB46c0vbHj6N9Y//oOFVz/IWwoP2XmbwTvuMGDLNfo3nGfIFlmX1vdYd/sLu97Cjhd/sOfN3zjwAXa//pONdz8y/+wDpotznnnkFnOO32XF5Zdi+edv4+w+/Im6xz+z4cFX1t75xNIrr1h29ZV8nRWXv43ZKxv3d9fTHzj45jf5eMCycYFlZMGvrLtnWTfPsm6gZeP9yloAy2y88+YfZPPrbrxgzbUXrL8u5m9+YMOtj6y/9YE119/Ju3uWdfu8/No71t39gdW3PrHymtj39U9i3a803v+NHeLP1M5nUH//V9bf+VH++eILr1l47iWLzr/67r2WSCQSiUQikfx7+d6PQhLJ/ylSAPy/hxQASyQSiUTyf6d/sQvoNijGtkcxuh0Ksu6fo1qj2KQ5Cv4lKAZVoBJUjpJfsZysFbDCfwmAFd2EfwTAsrA2FcV/hMCJKDkno+cQRF6iL2sXjCIsJhwjr0hUZGMAO4ltnDLlXT+r2iehapeCol0qCvZZ8gBYHiYLirKWxbJ9u2bIyVsey3hky0NcRQ9ZK+C8b+GvVwEq3oV/KUDJKxcVnzwUvEV9PUVdvTLlFNxl+8lBwTX/L2IdZzHvLPbrLNYRdVMRx1V1TkHDJQUt11TU3EXdgsR6IQUoBIsyMAvFwExUg7NRDcpAMygdveB0DEMysJCFwAklhKS0Jz1vMAUVEyloXkNhm7kUd1xCfvsFJJROJDizL54JbXCLLcE1Jhef8ESaeHgQaGdJhJs95QkhjGiZyeJehbxuHMeTpVU8nN2a5/Pa82JhF54t6s6TRV14tLADDxe0l5dPl3Th5Yoq3q6RtQLuL/d5w1B+rB/Jz42j5eXXTUPlgfCH9QO+BcJinbfCo8VdefJX8Ht/UWceLO7CC7Gfz7J9LO/Fp+U9+FHM/76xP3/bOozftg7m98a+sHUAP9Z24afarnxa045rs8t4tHUcv1zawpsjW3h2cCfvTx3gj+v7+fPmei4uLmFzb3uOD3LkaBcT9jXT5kRva06McuL19jL+fFvN7y8m8suJTnzcXMyjuXE8qoljd5UrDT39uV0rzu/EAl4fX8+HI2t4snE8J0cX01DhysZ0bfbk6HIkT4+TBUacKjSlIVqZ1UEKrA5VYEuWKYc6h3BuY"
36551 [Forwarding screenshot on session b1310904-d161-49ca-a1a6-530fba7baea8 to remote] DEBUG org.apache.http.wire  - http-outgoing-101 << "gkHprZi39yevDi/mb+9vwe/fBB+4PfPH/nt61f+9jv8+Qvwx994++QeD64d5unVzVw7OI3di5pzZk0FN2qb8mhjDp+253NipDNrUvRYHWHI4kg1tjUz5co4Py5NCeP56grebOrJpy0j+LJ9DB82D+JFbUeeiOv1qq4Hbxr68nrzQF5tGSyuwVDe7x7BQ3FNn29ox/v6ljxemsbVKb6cHeHMwZ4eHO8fzOH+7tybF8nxcTacr3Hi6DhLrk734uXyWC6OceVxTRA726ryaIIHD8e5cHuCGw/mhHJpdhBXFodzY2U0x2s82THCmp0jxPZTwtk3IZZLi5ryZVtLfj9QwW/Hivj9VA7vdzThz72R/Fbrx41BGhzrqMKJATa839JK3Iv+VLezYFi8Ans723ChpzknuupQk6RInxh9BjU1o1eGBrOaG/GhIZnbc225Ns2UM4M1OdTHiF19Xbg4PZBXq8I51U+Xq8PMeLnAn2MT7HiwPoclbQ3Y2lOD92uDuVntwOH2lsyNUpcHwHNjjOUBcH2GPpeGO3B5qiE3plhwbUYSN5b359qyAUIvcU5dhPacX9CSM3NKOTevSCjk3Jw8zs7K4cyMLE5Pz+ZoTSoHpiWwvzqevVNi2T0xih1jQtk+Mpjdo0LZM7IJ9f08WCHqsLiVCYtbGDGzqQ4zCnT/RwAslqcaC0ZMTzGgJlWf6jRdQeevAFhHPv7vFFmZrMckWevfeB3G/Y8AWDYG8LcAWJchsUYMiTNhQLQJfSNNvwXAUZaCDb1jbekVJyTY0jvRjr6iHJBgI/y9/Db9vXfA93RcupWuK3cybNtpxu+/wojt5xm29SzDtp+jf/1xem84yiAx36/+NFXrjtC99ijd1h+h56YT8gB4wLZLtFl5gD6N5+XTAwVZS2DZGMEr731l1e3PrL77ifX3vsi7Nd7y/De2v/qdnS9/Z8eL3+QBcO29z6y8/m2M21XX37HyxjvW3JaNg/uV7a9hl/i67v0Mja9g/qW3jNl7g1G7rzHpyCOG77nHyH2PGL3/IRMPPWbWmdesuPaZNTc/sfraG5ZfeM7yi0+Fxyy7IBsn9wELz95j/ql7zDt5lwWn739r4Xv+ibxr6pqjt+UtlmUh9LRj95h9Snx24QXrbr5ny5Of2CvqvlfWklfWivfeO3kX0OtvvpQHv7Iun2XTslLWFfSaa8/k3UL//TPZvGxaNjawbLr21hs23f5E7fUPrLn6luWXXrL0/EsWXxAuvWKJONdlV97LLb/8kRVXxDld/mbtZXGOVz6z+Pxb5p5+wYxjj5l2+AE1Rx7Kp793ryUSiUQikUgk/16+96OQRPJ/iix0vHnzpuR/ASkAlkgkEonk/07/cgCsFNcBxZh2KEa1/hYAh34LgBWCK1AWFMW0PACWdQUta2nr8VcI7Jb917i8sha6/wyAv0n6FgA7BlGQ4s/qeSPkAbCeaxPU3GXhbvq3lr4OqajaJaFim4zS3wNgB1k4/C0AVhD7lLculofMfwXA7n8FwKIe/wiAvQrkrX//awCs7J0nD4CVPHNQFusre2Si7JmJkpuoq5uoo4xrMgpySUKiOIZMvDiu4BInlsWj6J4otktCzScJdd9kUSag6hWPmmcCGt7JaPmmouuXhp5/OkaB2ViENcUpthn+8R1IzBpEbtlU8pvNIq/FAnJaLSGj5SKSKmcQUTgSv/TuuMVW4BiRg3NIEh7eTfDzbUKATyCxweLaRQVQ07mAz3vm8rluJF/W9uVH4evqvvywuh8fRPl6VU9eLO/G0yVdebK4i7x8vrSKF8t6ivkqHi/szqMF3bg/tzN3Z3cQZQfuzWnPvbnteTC/I0+WdOP5ip7y1r5v1vXnS+Nwvm4dxQ9bRgoj+HnjQH5c1YMflnfh07IOPJ9dxt1JWdyuzuTBwqbiOEW8W1bA8/kZXBjlT30XB07NLOPTgXn8cnoLn47v4aeLh/nbzX38dH4hh2ams3+sD5cm+XN3YiCvpsfzcUkOP25rw+f9XblX14KLa0p5UNeaj42deTpP7H9+M35vHMSzdf24s3EYH8+t4dWJjbw/vo6nDRM5M6GMxuZurE3TYHe+HkeLDDldbsHJMmvqEjRYFabA5ngVtqWocLS9K6+Wt+VxbW+urhvMlYap3D+wll+e34Avb+GnL/DHb/zx9SP8+EYsk7X6vcPPbw/z+PwcTm5oz7naSu5vbc6TxmLurEjizcYsDg1wYn2qGatDTVkUrsm25pZcGhvIpWkxvK3vyrP1/Xm8biSP14/m+aaRvNk8lPdbB/OqYQAvGgbxfPMQnm4eJvY5lMdi/tXWQWKdKj5v6SjuT7Y8AD4z3ImDPT050j+EfQPceLIyibPTXbm+0JtT1bY8WBHCnbl+XB7vyINqT/Z1Uub6UEvOVOlxa7QTzxdHcn1eINeXhXBjVSjn5ntzaIoz+8a7s7qXPdtHx3J1eUs+bWvLp62FvNiSwueD6XzZH8NvuyL4aYUnx1qrcKyNKqf6OnBvSQH3tndjcLERvWJVOdDHn+uD3TjXy5hZqeryrosHFZrTJ0OX2a2seF2fyq0F7jxY5MHtyWZcm+DInv4OnBd1vTfXjeujzbg71pJ70xw5U+3IzWVJLG1jwPaeGrxdFcCdaU4c72zL/BgNRgVrMi/WmBWRhvIA+PIIB65UG3FrmgU3Z6dwZ+UAbq3sw8WFbbm2pC2HJmeyd3w8+yfGsGt0ELtH+7NrlC+7Rnizc7gXu4Z5smOkN9vH+LJ1tDdbR3qyebg7jUNc2TzYhYZ+TqzqaMrccnXmlaqxsEKT2UUqzGiqSU2+FjXZOtSI86xJN2BmugkzUk2oSTWWq041ZGqanqDL1FRdqlNEmaTD1GRRpuj/MwAW5ZgEA0bGyxjJA+BhgiwAHiprERxnyqAYU/pFmdIn0ozeUdb0iv4WAPeUBcDxdvRKtKOP0E8YkPDffe8dIJFIJBKJRCKRSP59fO9HIYnk/xRZ6Hjjxg3J/wJSACyRSCQSyf+d/sUuoFujENsOhai2f3UB3QqFJs1QCChFKaQS5eDKbwGwrEWwrBtozwKU5a2ABXkA/K0VsKKsm2ZZd81OaSg6fguClZxT0HcMJj/Jh6UzBxMYEYqKfSBqHukoOGeg4JiOsr0sAE5G2TYFRbsUFOxk3UCn/hUAi/IfAbBYX9ZttDimnEeOvDWygme+nJI89G2KqncRqj5F30Jgr3zUBBXPHFQ8slFxz0LVPRNltzSU3eNQ9ohEyT0KRbcosU+ZaBTcY8S+Y/8ipr3iUPBNQM0nHgP3MEwFE/dQjFyaYOgSjqFrFCYeCZh4pWDinYGpXy7WIaW4xLTBL6UvEdnjSCiaRnrZbPJaLJTLrJhJSskk4guHE5LRDbeYcuzCcrBvko6jfyLOvrF4BcTh7xtCelQ4o9oUcHhCWy6OLeL+pBKeV1fwYmoFz6c249msNjyZ346X8zvyZnE33q/syae1/fi4foC8Ve/rFX15uawPz5b25tGiXjyY352nspa+i7rwZKGwpDsvVvbirSxUrhsktu3F5zU9+bGuP18a+vFyTReeza/k1ugUjnbxZXulLRsLDQVd6kv12NxMn3PDvfiyozk/7hb1mR3G5ZGeHB0SxO2FHfjl4FJ+PrqZn8/u5Pfr23h9dCqN48I5Nz+OV5tK+FLfkq+1bfi4qjWvV7bl8bpOPKzryYPGPjxt6Mu7jf34Is7nj00j+LphNI9XjeTm2vF8OL2JVyfrRLmBp9uquTKzDXu7BrMxW5c9hTocKzfidEtLTrZ0oC5Vh9XRymxJVGRfnjInu9nxZlUFDzd24/z6PlzZPokjGydz69gmfn19m5/fPeKnz8/48dVFvlxbz9sT03m4bzhX6ztwdm0JVzc25fGWEl7uLOd5fSFXZkfxZk0O54b6UpdmztIAbeYFq7CjpRWXxvtxdkoobzd35/GGgcJYnmwaJ85tFM8bh/KycTCvGkfwvGGkWDaap5vH8bhRqBfz9UN4Vd+Hz1u682RZPpcnBXJ+tA/HB4VzbFgMuwa48mRtKmdmunJjiSfnZ9rxvjGB89UuXJzkyK0pThzrqcaVgcac6qrP/QlevF4Wx93Fobzbm"
36551 [Forwarding screenshot on session b1310904-d161-49ca-a1a6-530fba7baea8 to remote] DEBUG org.apache.http.wire  - http-outgoing-101 << "cuXs604M9ub3aPsODolgH4x6ozK0qWm3JbTU6N4tSGbu6ujubLUl7urfHi1yo874yxYlaTEiXaGnOrtxZHhMZxd3JL+2SYMzzJhWzdvzvZ351BHQ1Y2NaMm34WaVq6MLTZjZTcnLszy48AIU06MteLJLEfx3Aaxt48th4ZZcWyoqONkB+6MtxbnqMfxCY4cnRzAvApdtlRp8nK5P/emu3BK3L8FsRqMCtH6KwDWoz5Dj8sjHLkyzZjbNRbcmpvCvdWDRP37cnVxO56IZ2r/xAR2jQnh1Mxo9k3wZe94b/ZP8BTfLQ+OTvLg2GRZGO7PvimiTuJ67BcOTQ3kWHUwJ6eFcXC0P6vbGbOoQpMlldosKFZnfpEmswo0mZ6nxfRsbXkAPD1dnxnpxkxPk4W/RkyTB8AGTE3VY0rqPwPg6mRZqSfm9ZmUpMfYeG3GJuoxOsGAETKyADheFvrKAmA9hsYZMSzejEGxZvIAuLc8ALaiV7Q1vWJt6BlnR694e3r+PQBOsKf///C9d4BEIpFIJBKJRCL59/G9H4Ukkv9TZKHj9evXJf8LSAGwRCKRSCT/d/rXAuAmFShGtxbafAuAw1qiEFwpbwGsJEqV4GYoB5SiIuMnlnk3RUXW2tZDJh9ltzyUXHNQchGcs1H+H/Qdm1Ca7suyuUNxD41AzSsZJbfcb587pKFil4qifca38X8dE1F2jEVRlPJuoB1lXTJno+AiuOaiILaTc8/7R/Cr4NVUKELVqxR1zzKhVEyXyKnIwmDvQjGdj6pnLmoeOai5ZaPqlomSR5LYLh4FjwSxT1nrX3F8WRfT8rGJZQG1bD5FHEt87iFrBRyLlkc0Om5RcrqukeiJ0sA9BhOvRIzEeRl5pWPql4NdWDmeiR0IzOhPeO4Y4oqmkFQ6nZSymWSUzyK9fBrJJROIKxhKk4xueMZWYt8kF7uAVOzEMZw8o3H1jMDPJ5So4Eg65aSyvMCVTanabEjQoC5Og/p4MR2ry5o0Q9ZmGLMt3ZyDJS7sqXTjbO8YXi7rwP3Vnflx4yBeL+7F6zVDuDW/Bz9un8z7NX35KGtBvG4wr5fLWhD35tXSzhzv0YRTbVy40NKW4y3NuDDUkxtzo3g6P56bA905XKTNtmRNjhQYcLLEiBvtHXk3LoI/tlTyy65S3q5P4tVET+73MudYe0POjkrh6955/Hh4NZ9O1vHztc083j2M7cO8ebg4lpd1LXi/vS+/7x0Leyfz544J/LB1BG/r+/N8QxWvN3Xn/aYefN3cn08b+vJ4WU+uzevO/TUj+fVULZ9ON/L21EZeHZjP7aU9OdYrip15om7FepxvKcrWxpzp6MCufFM2RWuwK12bQxVGbG1nyuMtPfjhynIenavl7qUGXj89wsPbh/npw0N+/vCUXz7f5dd3h3iwrQcX5yVwfLIP+yZ4c3tjAY93VHJvfQovGnJ5VJvL0WmRPF+Tw82x3jSkaLK2iTaLm6iyrdKcq5MCOF8dwsv6zjzdOExsM0Ee9j6vH8CbLUP5tG0Ur+oG8HSTOOfG4TxtHMnD+uE83jyKR3UDeb9rCO+3iXNens+VGRGcHOPPyWGZnBqVxw5xf57XZ3NkvA135jlztdqapysjubM0iTPTvLkxU9zLQXo8HOvC1cFuXBnty705UTxZncHfnk6C5zO4OiOR02Mj2NPLm3XNrdnQ1o5tvdzY2d+Go2MdODLWkd1DLNg5wJwdPc1pbGfCxnJz1hVZsaqpA6vL/VjdIoxZuR6MjzNifKQqY0KUmRSqyPRYTarjDajO0GFhuTYLK5VY1kqV/cNsqO9kxJlBsrGE7dnS0pjjA104PtiOowPs2NhWPNudVLk+O5Vt/X2YK7bd1F2fewsDuDHVgVM9rFiQqMqIIC3mRBuwMlqbxmxdro9253qNBXdqjLkzN4n7q4bzaPUoLszrybPtE3hQ14VTs2O4syqBC8vjaRjvxd4p3pyu8eD8NFdOzfDj8IwojsxJ56C4LkdnxXN2fhKnZ8RxfmYSa9vbs7yZLYtLrFhUbMn8QjPm5RsxP0+fuTk6zM7SZpY4V5nZmbJuoPWYmabLjDQ9povpmoxvpqXLgl9tJovv0uRkLaak6DExWZ9xyXqMTdJnVJIhIxKNGZZgwpB4IwYL/SL15PpG6tMnwpDeUcb0jjalV4wZPWIs6BFrSY84a6ribQRZEPxtPOA+CTb0TbT9h++9AyQSiUQikUgkEsm/j+/9KCSR/J8iCx0l/3t87x5JJBKJRCL5z/YvBsCV8vBXSVAM/68BcCnKwc1QDWmOSkAFqoFlqMiW/T0A9sxDSdb1snvutwDYNVseAP/PEFgWAJelebNoxkBcQqNR9cxAwS0fVads1OxkAXAaCg5ZKDhmouCUiKpjBEoO8WKZLACWhbGyAFg2Xu/3AuDCvwJgUSdvWeBbgrKPrKtqwa+pUCjko+Qn6ukj6uidJeqdIeqdLrZJFZJR8BClm6x7aVEHlzwUncX+HbNFKWvRnCbOKwklt28BsJpHAmrucajLwmC3aHTcY9DziMXAMx5Dz0SMfNIwC8jFNrIMz5SOBGUPIDJ/NPHFU0gqm05y+UxSy2eRUlZDUvEE4gqHE5bVE5/4Vjg2ycfePxUHjwicPcJw9QjBzzuY0MBw2qQnsbe1L2dLDTlRaMSJfGNO5plxNMecXbkmbM805FCsDvsTdGhM1uJ0e0+eLSjj8YYOvFvSgY+ybqCFh8v78b5+FO/X9eXjqj58XTOYdytkrYR78WROC7YUmbIjUZHzuapcaaHLxyXx/Hm5Cz9uzeNTTQgPu1pyq4Ux1yuMedzeicvFRlxtb82JQfacm+3P2WnuPB5mx7NuxpxurcX5EYl82Tubn4+s5OPJDfxycwsv9g5n/wgvXi2N4XltM+6v68b9FVXcW9idh4u783RFD16sreLlui48X9uBl7WdeL+5N5+2D+Lr3nG8qB/G8/rR/H56DV9Ob+btqU08P7iQW8v7cLxXFHvzDDhbrMPFVnqcbGfAmU527C00pTFKi/ooNfYU63G4rwtPtvbi5ZU1PL17kOdPjvDs8T7evjzL62dXePPsGq8eHeDNvZVcW9OUC9WebO2mxJlqL+5uyOHKmnTOzwsW9cjh/oY8jsyM5/biRC6Jc29IVqE2TJulTdTZXmHOtYmBnKsO5nVDF15sHMmLhom8aBwuyj68qhvCu8ZhfNw+nA/C+13jeLVlDI/rR/B08yhebhvBs/pefNnVm3tLcrlcE8H5SREcG5TP9Zp27BkdKO5xNo9WRvFgrgsvlvjxaGk0zzc1Y8doF+4s9Wd/Zw0+zI/l4uhgzo4P4cTEEPaN8+fq4kxOTE1kc5U3O3sEsqubP5vbe7CpjQObOlizoZUB6yrUWZitQE2CEK/AlEgFxjdRYHKEAtOiFamJVmJuoipLM/VYkm7EskwT1hTqs6FUi83iOdneyoktzZ051NOTQwMtuTDVmlcbIrizOIYNHcy4NtqJWyPc2Fikz7mhAeyqsuHQEF82VZmwuLUitxaWU9/DhzWdzKntbsi5qa7cqHHmTC9zFiYrMzJIh7kxRqyK1aIxR4sbo925Mc2aO9MNuDMvgQdrhvJ41SCuiGf/xb4J3NjQkv1T/Li4JIojS9JpmJnFrln5bB8Xx9aREawcHM+C3knM6hDDzDZBTBN1n1pmxswyQzZ1d2NZcwsWl5myUDz3C4sNWVSsz4Km2izIFbJ0mJehxex0GW3mZGgzS5QzhRlyOkxPl7UO/mZaqjZT5eGvKFN1mZRiIA+ARycbMjLRiOEJ34LfgbGG9I8xoF+0AX2jDOkdaUgvmWhjwZQesWZyVbGWVMVZ/RUA29JDlL3ireUBcJ+Eb+GvrPzeO0AikUgkEolEIpH8+/jej0ISiUQikUgkEonkP9O/GAA3Rym6Hcox7VGKaIVSeEsUQmRdQJehHNIc1ZAWKAdWoCLjX46STyHK3rkoeeWg6JmNokcWCm6yrpkzv40FLB8P+J9kYwCXJXswe2JPnIMjUHFPl4e5Ko5ZqNmloyIoOOTIQ1cFx1RUHKJRlgXAjt+6gFZ0ko0tLNu3bKxhcTxZ98/uuSh45KHglY+idwEKP"
36551 [Forwarding screenshot on session b1310904-d161-49ca-a1a6-530fba7baea8 to remote] DEBUG org.apache.http.wire  - http-outgoing-101 << "gUo+jcVdRYChSCxTCZYJl9Mi3UDxDH8RT19M8T64pjeaULqXwGw4CqTJuqcipJTCsrOSai4JArxqLrGoeIai6p7vDwAVnOTBcAxaAu67rFy+n8PgMWx7GMq8UrvTEjuYKIKJxBfWk1S+QySy2aSXD6LpLIa4osmEl84isicfgQkd8A5vBhb/xTsvcJw9AzC2d0Pb08fgnz9qUwK5WAHb642N+RihREXS425UGTMmaYmHC4w4mieIZfTDLiQZcChXF2udXbnxdxcri3I5euq9nxa2J43q3pwbUYrnq3qxYfa/nxY2YcfVg/i06r+vF3RndtT8tjbzJpzZSbcbWHKi0GePFiQwKVl8Zwe78KVvhacKVfnegtDTuap86anL3tlXQFXGnJmtCe/XejM50PlvJrqy612OpxurcOFUcl82j2TX47JAuD1/HZ3B+8Pj+fwaF9eLY7iZW0FzzZ25/GqLjxd2VXUrSuPV3bm0coOPF7TkQei7g/XdubJxp7cXtONayurOLewMw82jeDnM2v44cwW3p2u58Xhxdxa0ZfjfWLYW2DI+TJ9LrXW51R7Md3VngNFZmyJ1mRfqhYHi7Q41tOWht7ejG3uybB28QyvSqV/lygWTmpN9cBypvUtY8bgLJaPjGbnWH9uzvTl+FADzk7z4OLSeK6tzWTPGHvurEzg4uIEDk6P5dLcSK6MdGBzmiobwrRY1kSdHRXmXJ/0zwD46YYRPK0bz8sto3m9fQivt4ziVcNIXtUP5Z1Y9m7HJF5tnSA+H8/bnRN5t320vAvon3b149nyYi5PDudWTQI3JrbmRk1H9o8L5fHGfB6tiuPCeAsezfPj+qxQnja05dLqLI5MdmBPVwO2dbBkfQdbVnS0YV4bc2a0MmRWK2OmFutQnaPJrFxN5uZqMztXn9kFBiwoMWJdoRmbCyzZXmLDvhb2HG4nrmNrKw60NeVEV2NOVRlyrKs2R7uqc7KHlpg341RXB/GZBUc6iWeykzEnutlxvMqVw72sOTHCjBvzHfjjeAFXFoWxsoMh+6r02dhUhfoyI3Z0tqOus7W4xkks7WjCjOaKPNvQlcUt7ajtZskmse6lGjduz3ThXF8rlojrPDpEl/mxJqyJ1/5nAFxjxd0ZBtydn8CjtYPFc9SJm6ua8+7YUK7VNmVftT8XlqdyekNnupT40CLZjU5JnvTOCKFvcTbDy0uYUlnE7FY5rOmZw+ru0cxrZsOyVuYsqtBhoWzs3xIllpQpsKRcKFVgfq4687N0mSNr+Zv+rQWwzIxUHaYLNWkysuBXj5p0fXkpWy5rBVwtK9P0mZJqyPgUA8YkfQuAh8UbMjBWFvzq0UfW+jfamD5RJvSKMqZnpCCme0Z/a/1bFStjRfe/WgB3T5CFwDZ/hcDfxgTunWgv9713gEQikUgkEolEIvn38b0fhSQSiUQikUgkEsl/pn+5BbCs9a9yTNv/1wBYKbAC5cBKVALKUfQtELJQ8Ba8MoR0FGQtaj3SUHCXEdNuKd8CVZdUdB0DKEt0pXpoO1wCmqDsmoyCUw4q9lmo26ajaiv24ZCHgqNMprz1r7JDnChl3UEnoSILY13SxHbpKMm6bnaXhc45KHnlysNfRZ9CFHybohhUgUJQ5bfWyyH/RVC5UIpCYAkK/kXydRVk23jLthfn4Cmrs6ivWyKKbgmCOLZLLCqCmksc6oKmrHSVBb8JqIrP1dxi0HT9ZwCsI5bpeyZh7JeBRUghDnHN8c7sSkjeUCIKJxJfWkNS2UxhNslCUukM4ppOJrZwLJF5gwhK74ZLVAU2AWnYeYXi4OGPg6snnh5u+Ht7UBLjzcF2TlxrocXVZnpcLdflUpEO5wp0OJmvw9kcHW6maHEzR49TeZqcLjfk2shA7i7O4vKwcH5a3Jo3y9pzd04LrtRU8GHjQN6v6ssPawbwdW1/Pq7qxvVxKaxNUedxDw/OFGhxpasD16qjeXO6J482ZnN3lDOX2xnwoKsNR3JU+TI0nM0xyhxtZsiFKUHwYDAfT7XizjgPzrdQ52RrXS6MTuH9jhp+PbmKDyfX8vvDPbw9MIaDw7x4OjuYZysLeLGxIy/Wtuf5mra8qm3Ps3UdeLquI6/re/F680CeNw7iUcNgLizrRsOYAjaOyufe1tH8fLGWL+e38f5cIy+PLuP2qn6c6BfL/kJjLjUz4kpbQ053MOJidycOl1mwLVaTA+L8dqQpcK63DXWd7egWrUrvAlc65tjQscCc4W386FXgRrd0WyZ38mZGF2uuL0vlyeIQroyz4Nb8QJ405POwsYjNg8y4vCCck3OjOLEglSuLYrk5wZ0tmepsjNBhRagGOyot/gqAg+RjAL+oH8vThsk83TKWZ9uGin2N4kn9aN5un8j7nVN5u3Mar7dVi7KGj3vEdONIft49mp+29uHLxjZcmxTBvWnJ3K/pysXJ7Tg8OY6HtU05OsGTho4qnB1rz/nqMD7sH8SvD6vZOMaDXb3NOD7AjqODLDg63Ipjo224MceXh4tCeL48ipeLxT1eEsuHxfG8nRfBw+kB3Jrsy/3xkdweGsnF3n4c6eDIrpbmgjE7WuqxrYUmW1ups6u9Fvu76XG0lxGne5tzuY8NtwZZcne4pdjWgmuDbLgyxIF7U915szaI+ytc+f1sIZdWRlDbz4JFeQpsqVRiSytzNrQxZ9tAX45Wp7Kyrx2Lqsx4tWMIqzp5cmJSKFv7GHFthhv35rhxcYANyzLUGROqy4J4E9Ym/NcAWBx/pgH3FiTwaP1QHtf24sqq9rw9NppbG8q5MD+Gu6tzuV7bmRaRBtSPbMnxiR1p6JTO/uGd2DGyM3umdGPv5NYcnVHOvokJrOhkxYJmOiyp1GNxqQFLi41ZXmTGsqZmLCkwZl62PnMz9ZiTqc/sDFnXz7Jun2WtfHX+IqbT9OXhb026IfIxguXjAGvLP6sW81NTDZmQasCYRANGJhoyNM6AATH69I3UpXeEHv2jzegTZUqvSBN6RprSI8qMqihzesRYysPfvwfAsvBXThYEy1oCJzjQI1E2LrADPcX0994BEolEIpFIJBKJ5N/H934UkkgkEolEIpFIJP+Z/rUAOKQc5ciWKEe1+qsL6Bb/6AJaKbgZKsHNUZQFvwEVKPmXoeBbIPwVAHv/jwDYU5R/D4BlrWpdUtB18KcszpFxvcpx8Q1CxVnWujdD3vJX3TYVVdtMFOzzxbJCIQdFxyR5C2AVxwThWwCs8lcArOyehbIs/PX81vJX0acIRT9Zd8+lKAe1QCmoNYrBrUT924jzai1KIVDMB4hz8hfn4dsMJe9Ksb04Z1nX0bIQ2Esc30PUVzYWsHuMKKNQco9ExTUaVddYNFzj0XRJQMs1UcyLOrnGyZd/C4Bl4a8sBI5H3zsJ44AsLMKKcEhohVdWdwJzhxCaP4GY4mkklM4ksWy2XFLpbOKKqokpGEdk/lBCMnvhFtMKu6AsbL2aYOfui72rB56ebvh5udI0wpXD7Z2520aHe20MuNNcnxul2lwr0uZSkR6Xc3S4Ha/C7Sx1LjXV5EIzPR7PSeSXo1V8WFjAu9lN+byuC2/WdOHegja8rxvE+7X9+bpuAD/XDuDH9d24MymZlYlKvBkcxJFcNa738+XB8iL+fD2Xz0c7cHm4Dadba3OrsyX7s1X5MjKCxjgljrYy5fPWMvhtDn88GcKd6gB598/HW+lxcUwar7dP5dfTK3l/cg2/P93Pj6dncH5KFO8Xx/BkaQ63Fzfl4rQUzk2O5fbCHJ6sacbz2o683zyAd9tH8nzzKO7XjeDS6oFsn9qC+gml3N89gU/n1/Dl4g7en9/Cy+PLub1mICf7x3OgyIQrLU250s6IMx2NudLThWMV1uyI1+JouhaHchW53MeWfX3d6CvqPyDHmm4ZRgwoM6dfvhE90wwZVmDDyoEBzOlowOGJXtyZ4cGl0SY8XR3D823F7Jjgza6R9lxfFse1NdlcWJ3P1WXJXJ3gJg+AN0XqsjJMg53NzLg+2f+fAXDjOJ5tqebp9kk83TWW57uqeblrBi92TOPFzuk83VbDsx0zebVb2DGVt9vH8XHbUL5u7s3PDR25PTWO+1NTeDi9i"
36551 [Forwarding screenshot on session b1310904-d161-49ca-a1a6-530fba7baea8 to remote] DEBUG org.apache.http.wire  - http-outgoing-101 << "jtz+rJ/XBzHqqM5Os6fixPduDE9mM19XbmxvrO43oP5/VIvPjYW8+uOIn7bmsRPG8N4tdSTR3PsuTpWn0tDNbg6QI0L3ZU52laFfa1U2ddBhYNdNdjdQpP9LQ051sGS093sudDLmVsj/Hk6NYIHE0O4Mdqba6O8uTTCnTODHTjZz5YTPcw52dOQ0711ONlDg9O9dLkw1IxXi/34cVsk15fY8se5Iq7UxrCkmz6H+mpyc5QDl0eHs6WnK7dXlvNyzwBqxwSxYWwgn64vYffoRI5NCGZTF01uzXbn/lx3Lg6yZbm4zmPDdFmQ8FcAnC32NcaNm9OtuDfTgPsLE3lcO4KnDSO5sLwHLw9O4sbaltxYnMmdZfncretL8zBDGoY1Z1mzUOan23NzWldOTmnH4elt2F9TzPpBgSzubML8Vuqsaq/Hskp9lpWasbzInhWF7izNdWdhljNzM0yZk2kgJwuAZ8jG+v0r4J2aoitXnWbANPFs1aQbfWsF/PcWwCk6TE3VY1KqAeNT9L8FwAnfAmBZC+D+Ud/G/e0XY0GfGEt6RZvLw9/uQreoby1/u8nECfH/DIC7xdvRVege70j3xG+qEpy++w6QSCQSiUQikUgk/z6+96OQRCKRSCQSiUQi+c/0rwXAgUUoh1eiEt4MxdBKlJpUiGWlKPiI5YHlqARVoORXipJ/KYo+xfLulhV8clDwFrxkLWgF90whA4V/dAedjoKr4JyGrkMg5TEOjOpSgIu3PyqOsSg6pKFim4q6bQqqtmI9WQDsIAuA88RnqSg7JKPkmIyyUxrKYh/Krn9v+SsLbGXHl7XiFXUR9VLwLxcqUA9qIacm1xLV4G/TKgHNUA2oRM1XrONdjoZXGRoepah6lXzbj5c4D1lw7ZEkxArRYj4KRfcYccwEVNySUXdNQ8M1FVXXRFRcZV1Cx6Lp8lcrYPc4dD0TMPBNxSQwB4vwYuwTWuGR1R3f7EEE544lomk1sSWziCudQ3zZPBKFuOLpRBVMICJvJCFZ/fCI74B9SCHWnhHYuAVg5+KFp6cXfp4eFIZ7cLCtE3db63K/jRF3m+tzs0SLa021OZ+vzZU8PR6kanEvT0yX6nC5rRFXRnpybKI/h3u787wml8+1XXm4pC3X57biXd1QPtQO5sfagfyyqT+/1fXgUU0atZmqvB0WxMWW5pzs6sy1ZSXwSy2/Xe3PxRE2nO6gx+0qa44Vq/N5TAR7stU41cWaP093g6/V8HY0D+dHcaXKguMt9bg0No1X2ybz29lVvD25mt9eHOHd4amcGh/Jq3lRPFiYzqOVxTxemsulKeHcX5DCi1WlPFnZilcbevN28xj59peWDWTP1I7smNqG+vHl3Nwyio/nVvLDpV28v7iNVydWcHvtYE4OSJJ393yttTlXOxhztpMR1/q4cqKZDTsTtNmXoMqZMj3OdLfj2GBfJuQZ0jfNhG7i2g0s1md8Cxs6RqkzPNeIOR0sWV5lyokpfpwaZgqbk/lpWx731mZRN9yf49MCuL06jZsbCjkwN5kz82O5Ve3L5ix16iK1WRWu/s8AeGoArxq68KhuNPfrJ3N902gubxzM9frx3N46gzvbZ3Jv5xzuC4/3LeDR7tnc2DSGTyfmcWZ2c77uGMD79a25OyOJe9PSuT+9J89XjObUghKOz0rjxMQwLovj3JgRydquTrw7XcPxVRW8O9mFiwviuDYvlBvTnbhabcvVafZcmerAjamO3JnkwNNqJ15WO/NqmjvPary5M9WbaxM8uDHInms9rLjc3YrzXc051kaPgy012dtCjZ3N1TjQXo/jVWYc6W7Cwa7G7Otpx7ZeboIL+/o7c3yYs7gefnxYHc3rVUH8ujdeXDsPfr9QxrVN8azsa8DTBR7cHS/qNT6KfSOa8KChIz9cn8O+JflsmBzBh4vz2T8pk8PjAtjaQ5trNQ7cn+vGxUE2LJMHwDosiDdmbYLWfwmALbk/y4AHixJ5smEkT8W1vrisF68PTePaqjbcWNqU6yuac3nzOArjvVg1eTB7Zgxm7/jOHJ89iM2jOrBtTBt2TyxnWTdfFrY1YWFLDRY2U2FxuRpLinVYVmTKikJrluXZsjDbmtnphszONGBWliEzRTk9Q59pqXpMSdYV9Jiaqs/UNEPBmOp0E6alG1D99zGAZVJ1mZiiLx8DeFSCPiNkAXC8AYPiDBkg6wY6RjynMRb0jrGmZ7QlVZEWdIs0p2uUOd1jLP9bANw10Uauc4IdneMd6JrgLOa/6Zbo8t13gEQikUgkEolEIvn38b0fhSQSiUQikUgkEsl/pn8pAFb0y0YtpKlQhEpQUzlFn1wUvPNQ8i1EyU+Qj/srSi+ZfBRl3S97yuSgKAtm3UUpH6M3CwWXzG/j/zpnouCUga5tAM3jnBnZMQ83Lz9UHaJRtEtC1TYJDetEUaahaC/r/rmpPABWtk9DySFVTKej6Cjbj2y/OcjH/PUs/Gfw61eOgm8ZCv6ybp4rUQoqRiWkGLWwUtTCy1EJK0G5SREa4WWoBDdFWZyTiqDpV4CWbwEa/iWoyFo0i/NR8MgQ55su9pcs5hPEdJI4lpj2SEXRLRNllyxUxHmpuCaj5pqAurxVcBxabnHyAFjbIwFd7xQMA3MwCy/BLqE1rhnd8MkeRGDuWEILpxBZPIMYWcvf0nnyEDimaAbh+RMJyx1JSPZAPBO74CjqbOMVj5VrCHYugbi5+eDr6Ut+Ey+OdvTmXhsT7rY05U6FMXdKDblSoM/ZXF0u5RlwP1Of2/l6nC/X42RLfe4sTOSnC304PiyI5/NKeL22C09Wdefa/Pa8qR/Ghw1D+LC6D39sG8ofW3rxbF4228q0eDnMn3MtTLg2JIiXW7vAj2vgxSTuzfDjbFcj7vaxZ3+BGp/GhLI9U5mTXS3580JP+DRRmMCjpXGc6WjA6bbGXB6Xwfvd1fx2biVvTq/m11fH+XRqDhdqUnk6O5o9A9y4sySHx8syuFUTwaPZCbxdWcrz5S350ijqt3UCX/fN5cy8fqwdWMzawU3ZNKaUGw3D+fHiWj5f2smHq7t4dWYNt9cN5cyQNPYVmXKtrTnXOplwoasJl3o4cLa1A9tjNdifosXpChNOdndkbz9PJjU1o1+mBd3TdRjd3JxJrewYmmfGwDQdpjY3ZHlPS7YNEufbx5A3S0K4syCCvROCGJ6vyumZEdyrzefQnASuNbTk2Jwo7swIZkeBNnVR2qyO0GBnpQnXJ/txaXowTza25/m2yVxdN46726dxd081t3bN5vKWOZxpqOHqroXc3LeEZ6fXc2V7DTfEuu/ubGD3lEI+7xvMy/WtuDMnlXuzc3g0dwDPVozjwrLWXFlRzr7hQezqbcO2nvZsGdSEP5438OHiJH6/N5ILS1P5YUcRr5b48nZZIM8WB3F3ph+3qn24Pt6Ny8OtuTjIlHMDzTk9yIajgx05OsyVY8OsOTzQjIMDLDkw0I59/RzZ3cedrT08qe/qR12XUCGa2k6xbOicxIqqFGZ0j2dyuxBmdgygfnA4d1fk8WVbAW/rYvn9cBYPNwSLZ6GSK2tjWNXbgI9rQ7g13pEzo5pwbFIcl1Y144fLMzm0pox1U6P4cH8deydmsGeEJ/uHmHJ3nju3ZjpyeYgNS9JUGBumzYIEI9YmaNCYo8mNMa7cnmnFgzmGPFicwNONI3hSP5iLKzvy+shY7m1sxa0VBVxb3ZKre2aSlxLO7PEj2LVwCvWju7BpZBcaR/ZkY9/2LGyTwswKTxa0tGKp+D6taKnJsgoVlpWqsrRYjWVNNVicr878HA1mZuowI8uAGeI7WJOhx7S0b61+JyfrMilF7y8GTEozZFK6EZNTxfJkDfG5pii1mJCizTix7pgkPUYnGzI8yYihwpBEEwYmGNMvzpj+Cdb0lo3xGy2e1yhzukWb0TXGnM5iunOMBV3iregiC3+TbemSZEvXFCc6J7vSMcGFLsnudEqSTTv/f/z9l0gkEolEIpFIJP9evvejkEQikUgkEolEIvnP9K8FwB4JqPqloSao+KQKaSjIWrp6pKPslYmqZ9ZfcuRUPAR3mTyU3XK+cZHJkge2Cg4yaSiLUsk+HT1LP"
36551 [Forwarding screenshot on session b1310904-d161-49ca-a1a6-530fba7baea8 to remote] DEBUG org.apache.http.wire  - http-outgoing-101 << "1rEuTKyYy4uHt6o2YWjaBOHqm08GtYxqNskoWSXLbaRdQOdi7J9KkqO6SiIfSq45Ap5KLgVoOBR+I27rAVwCQq+30JgxcDmKMu6rQ4tQiFErBso9hWci2JEASoxJeLzdBTD8tCJKUUvugRlvww0A3JR8RTruWSj6FOAWnAxCt6ylstJYr+yMFiQt24WdXD7VgdFJ1kInIyaSzzqrgnfAmBXWQgci5ZHIto+KRgE5WIWWYpNUhucMrrinTOIoPxxNCmcRHjxNGLKZhNXNp/YsjlENa0hNG8iIbkjCc4agGdiVxzDK7D1ScbKJQI7lzCcnf3wcQ8gJ9iPjbkWXG9mwqP2jtxrbs2tEgtultlwtdKeS8VW3Mww4nyWFsdKdTjZ0YJX2yrhxVQODA3i0bxSXtb25MGqnlxf1JXX9cN5t3Eob1b25m+7RvL79j48W5xPXbEq78eFcqpSnysDfPm4uyv8uBLe1/B8SRSnuxlxt78De/LV+XFyJLtylDhXZc7fTrUTxxoCb0fwYnUil7qacKGDGVfGZfBu9xR+PrOM12dW88u7M/x0aSUHx8TLu6g+NCqQW8tzuLMwnvszY3i7MIv3K8p5ubw1n+oH8WnbJFGHWRyb3p0hOZ4MynFlTJkPl9b255crtXy+vIdPN/bz5kItdzYM5+yITPYVm3G1jRnXOhtzqbsZF6vE9engws4ELfal6XO41IQzvV3Y1debUbnGjCh2pXuGIQOKjOiVqUmPJB16JukytsKQCeXqbBniyuYu2nxcFc+JiX7MbWfC+HI97m4o5c/b4zm1spD7u7tzfW0+16b6s7NQl/ooLdZEqrOj0ojrk325NDOERxs78OPJJVxeP5Hr26bz+sIafn9yhD8/XOPnt5f5eP8oD8418uL6Vp5eWMe5LeN496ienTVN+XRoCC8b2nFzfho3Z2fzesVY7i0aw4mZpVxeXEZDb0+ODfNm/yAfNvYJ5I8Htby7NJlf7w3nxe4WfNlZxse6FJ6tSuTqvHhOz0jl1PRsDk9KEduKbapcWd/NheWd3ZjdxoVpbV0Z1caSIW3N6N/CjJ7l5nQutKRdth2tM91olupDYYw/6UG+JPr4EOvpR6iPJ8EhrgR6W5IQYEH/cn/OrGzJu70tebQhll8O5vJgfSR/XGjH7fUJrO1twM+bY7k52Znr0xI4Pyedq+tb8PON2exZUcC6qRG8vTCXfZMzOTktjIYeWtxf5MWdWU5cH+nI0nRlxoVrMz/egNXxqjTmaHB9tJP43JqHc42+BcDiOb+zqRfnVrfl1bHhPKir5OriZK6uKOHa7mqapocyb/xA9i8Yyb4JrTk1qzNnZ/Vn+6COzK+MZUEzH5a1smNZC31WttBkZTM1VlSoykPgJUUqLCxQZH6+MjXiuZEFv9Wy/ziQqs2kZE0mJmszMUVH0GNiqpBmIA9/ZSaI5eOS1ESpySSxzcR0PcaLz8elGzI6zZjhqcYMTjFmSIoZA5NN6Z9oSt8kK3rFW9Aj1oweceZ0jTWlU5QxnWPM5OFv50RrefjbOcmGTmK6Q5I9bROcaB3rQPskF9olOtMmzvG77wCJRCKRSCQSiUTy7+N7PwpJJBKJRCKRSCSS/0z/WhfQDsEou4Sh7BqGknM4ik7hKNiGoOQQiZJTNMqOMX+Jk1NySELRIeVbUGufIiSjZCsjltsIVokoWyeiYiOWWSehZ+ZFy3g3xnQpxNnd61sAbBeLul00mlbhqFtHo2SXhoJ9lpCJql2i2GfSX0FyJgqOYrlzNgqyVsDuuSh4yMb/LULZpxglnyKU/IpQDCiVUwhrjmJ0G5Ri26AQ0QKFkFKUIitRFdSaFKMZXoZaYCEm0c3RCypEy1cWYKei4Jkhb/Ws6Cv275OHgpcoPUUpa3Xslv8thHbOEtcnST6GsSwE1nCOk4fAMtqeSej4pmEQnId5dDm2Ke1wyuqGZ84A/HJHEpg/niZFUwgrriGiZCaRgqxb6ND8iYTkjyIwexAeyd1ximyGvW861q7R2DqH4eQYgIdrEJmB/myv8OBssSmn8gw5kanHqUwDDqfosEfYlajBuWRdTmfpcLhMn7M97fntbE/4Op99I0O4M6eENxv78mBVX24u6cGbhhG8rxvK6zX9+HPvOH7ZNZAny4tZV6TCh0kRnGuux5Vejnzd2RrezYD3U/m4IVPs15x7AxzZW6jBTzUxHMhX5lpvC37bX8yftzvDo558qk3ifn8bLnc04+rYNN7umMCPpxfx6uxafvl4iV9u1XO8Op8Xyws5PyuNO+uKebw2mzsz4ngxL593y1vwYll7PjYO5cf9NbzaNoUTc3vQOcaUrvGmTGjuz6U1ffn1yga+XN3H59sHeXepnnubRnJ+ZBb7Ssy52saUa52MuNTdlMs97bjSyYXdSdrsSdVnT6EBZ/u6s7OvL33i1Bic50SXVBN65RowrMSGPhnmVCWZMLWtE4t6urGihyMrWupT30mbvaMCWdDFheFNDbm8qpSvV8Zypa4Nx1ZW8GRbay5M9GVnoVhXFgBHqbGz0pDrU3y4NDOYhxva8fXkMt6eWMfnG1u5dXQxh+pmsGnReJZPH8qWVVNZv3AEdUuG8+xqHc8uLuf9g/XsmlnEp6ODebmlLdcXpnB1VjpPl47k0YpJXFjcmgcbOnG2Jo2zY4O5Wh3PofEp8HY7X25NE8fpy4cjbXh7sAP391axdmoefdo0oTy/CQW5saSnhZOaEkxyog8J8V6ER3rg5e+Ck487Vv4BmPmFYOwbhJFvIHregej7BmMcGIZxcAT6otQJCEXLvwkaYj01nyC0xDp6zr5YOzhRlh3BkfW9eXGwMzfWRvPDwQLurYrkj3Mdub06jnU99fltZxLXprpze246lxZkivtaytODA9gxP4kts6O53dCXA9VZ4rMkFlQqcXehFw/nu3N3nLgv2WqMC9diXpweq+JUqM9S59ooB3kL4IdzDXm4OJ6nDaO4VTeSCxsG8uF0DS82t+eWuIa3xLN3Xzz3LbM9WTyqkoPVRZweHcytqU04Oz6azX0iWNLKnmVtzFjdzkDcf3WWN1NjVaUOK0oNWSa+h4sLzViYb8K8fCNqMnWZJlRn6DAlXZsJKRqMl0nWYFyylpgWy9L0mJhhwMRMQyZliGmx3iSx/kSx3XjxfR4rlo8Sn4/KMmVYhimD0mXM6Z9mRt8UE3qLZ7J3kil9ks3pnWxB9wQzOsca00noGG9Op0QrwZYOSd+0T7KnTbIj7VNc6JThTsd0NzqmuX33HSCRSCQSiUQikUj+fXzvRyGJRCKRSCQSiUTyn+lfCoCVrN1RtvFAxdZLlN4oWnqiYOaBgrkXChY+ovQX8wGiFORlsFjeRJShYl6UpiH/ZBaKomkTlEWpYh4uyjB0jRxpHuMkHwPY2tFJ7F/swyocJYsQ1CyCUBX7UrSOR8E2GQWbBFSsokQ94lC0E/P2yfKwWdExFWWXdFRd04RUVN3S0fDMQMsrE03vDNR9slHxKUbFrwz1gAo0gsrRDCoTStCUBb4R5VhElmMVXoJrXCVNcrtgE5KFVXAapv5paHkkoSz2q+iRjaKnrEtoWYtjQRY4u+WgJBuD2EU2HnEiqk5/D4Bl3UDLWgPHiXoko+2bgUFwPqZRFVgnt8M+sxtuWX3xzh6C718hcHDhJEIKq2nSdCphTafQpHACIQWjCJB1AZ3SHdeYFjj4pWLtGoG1Uwj2Dn64uQaQEeTPnjZBXG7uyJFcI3bEKnMgVYfLzVy41dGP8+X2XMk25kCyKltzlTjUxZS/XRsAP87n2IRI7sxsyrtNfXmwvBe3F/XgXeMIPtQP5/X6gfxxcDI/7RvBo9XN2Nhcj9fjQ7jUSpdbvSz5tDaDv93oBS9G8dvOUi72s+HBICf2Fmjw0+x4jhYqc6+/BT9sSeWnc2X8fqU5P6yJ4lE/Cy63M+HqmBTe7prAj2cX8/LcOn7+dIW3FzZwem4rHiwu5viMdC6tLORBbR535mXyYFYRH2u783B5Rz7tGs2rneN5vmcKJ5b2pCrDigEFTtR0DuNa3SB+ubaRT1f38/nOEd5ebuDuplGcHZnFnhJZF9CyFsCyANiEi1W2XO7gx"
36551 [Forwarding screenshot on session b1310904-d161-49ca-a1a6-530fba7baea8 to remote] DEBUG org.apache.http.wire  - http-outgoing-101 << "I54Dfal67MrT4dTvVzY3c+HnpHKdIszpG2MDh0T1RlWbMfwpm70TLFmYL451e2dmNHWnlUdzNnS0476AQGMKbNjUlsPVvYJYPvEBC6sa03DtAzeH+7JxSlB7Co0oD5Kg7VRauyqNODGZG8uzQrm4ab2vN4/h69XtnNh+xzG9smjdtEY6pfVcGDzCo5sWc6u9dM5UFfD04u1fLixno8P1rF3jrgmh/vzcnNLbixM4tqsNJ6uGMuLDTM5ObcZV5e14PGalpwbG8y16ngui/X/eLKR1xfHiOvTncc78nl/pCMvTg9j8aRiCrP9cPV1x8q3CcY+ERj7h2Lg44+hn0ww2p4haHlHo+KbgJJvEoo+CSj4iO+nn5gPEPP+sulYFALiUAgSgsV3NThWiEe1SRo6gekYu4WSk53I4YbhPDnchXuNyfx2qpK7q2L440JX7q9LoH6gIT/vSuX8FDfuL83j5oo8bm0s4/7ubhxfk8nhpfFcWNmWYzPzuLoknWXt1bm1wJsH81y5P96NVTkajIuQBcC68hbAmzLVuTrCntszLXg4z4CHS+J5Vi8bc7mai2tH8e7oXF5t7cXNRflcXFLOhd3VZGeJ+zm8ORtmlLGnOorD0/zZPMCRNR1sWdnahFVt9FjZSoMVzVRZ1UyTlWV6LC8xYUmRGQuamjCvwJC5BfrU5OgIukzL0mVqpg6T0jWZKIxNVmd0kipjUtQZl6bF+AwdJmTqC7LQV1vQYVy2LhNyDJmQb8aEppZMKLZldKEtw/NtGJpny6Bca/plWdA71ZB+Gcb0STehKsmIbokGVCWb0jXZnC5JFnROtqZzqj1dUh3onOZE+1RHWqeKMt2VdkLbNGfaCd97B3xPRotlcpktl8tltZJZKaz6h+xWa+RyWq/9h7xW6yloUUth8/U0bb5WWCOs/Ebsp7DVCgrEtvmt15Dbep2wnuzWG8lqXUd6WQPNuu4ns3QpFe2X0LRyAglpHbBxFO8SDRsMxTvI07+QxKzBFLVcRp44RlZFHXlthHZryW1bK+pQT16L7eKzHRQ220qxqEtlm2VUtJxMbtNuFBa1JL8gj4S4CDKSQqnMjSIj3IFW2cFUpHpTlORKkIs2loaKGBmqoqmrioqWKPV10dbRQl1VLNdWwcZUDy8XG1KjvEgNsSTWRZ0wO0VaZUQQ7OqCoZ4T5taxeAZWEpvcncio5rg7RuBp7YKvhQY+5orY6GlgY+6GV0AJAbGDCUmfQ1R+rbCJ6Ky1xKbNJyVlKplJw8lL6kd+dBuS3BPxM3TFXtkERzVDPPSMcdXWwVZFEUslRezVlHDTVcPHWIcAcyNCrM0Jt7cmxNyYIFPD795riUQikUgkEsm/l+/9KCSRSCQSiUQikUj+M/1LAbCquT0qZnaoWTjIKRrbomBoj6KJE0omzigZuwnugof4zAMFk2/k00Yy7mL9v4hpRVEqieUqJl6oGHuiq2dG6wQXxlaVYG7vgIKFLwqWssDYD2UTb1RM/VEwjxDLooVIUZcglC3DULSJQcFaLLOORMEqAiWrSFRtI9F2jEbTPhwN+yZoOgj2IWjYBmHpmYSZWwImLrEYOUdh4hqBqVs49t6R2LqHEJ9aQMs2XZk8aQZTJs+ksmV7fMNiMXH2x9wrFm1nWQidiKpbPoqyLp9dclFykQW/Kag4J6DiFIeKY7ycLARWF/PqLnGoieNpuCeh6S0Lv3IxjCjDLKE11mmdcc7sjVf2IHxyh+GfP4agggnCZGEiwfkTCC4YR2D+cPyy+uGR0g23uBbY+yVg5RqMlZMfdg4euLn5kh7ix7pCG06XG3GixJS96VocyTPibid/PoxI5lW/UF61ceVsgQ5HWmhzvIc53OwPT0dxeUYCD2YV8GlTHx4vreLewu583Dycj40jeL1xKL8fmc7XQ+N4uK4Nmzta8mSUL1fbaHO/tzFv5gXww95c/rjeDQ624OoQRx4PdWVvriY/L0jiZKEyjwaa8XZNKO/2pfD5UAafFgdwv4c+l9oacXV0Cu/3TOKn80t4cX49P3+6xucbOzk6ux2PVrfm9d7+XN/Ugutrsrm2oJDb81rxorYX99ZU8WbvWJ7uG8eHC3PZvbg9Q5q7UVdTxph2vtzaOYpPl9fy4doBPt09yturm7lTN4YzI7PYXWwiHwP4emdjLnYz5nw3ay62c2BbjBoH03TYn6/J0W4uHBjkx6RcY3rE6tM1QZsB4nqOb+ZOVYIF3eKsGZBryZjm9szs6EVtby/qerjSM1qTYcUO9BafTaiwZe2QSG429qS+Opvfb07m+vQItufr/RUAq/4VAHvJA+AXW7vzfO8sPlzcwtX9y9i8egwv751kw6IaXl89yY6l09m5dCq3D6/lyalVvD2/jM/31nB4fjEfD/ThZUMzbi1I4MasVF6sGs/DtTXsnpzPqXnFPFjZjPPjQrlRncD1ucV8ODaZE+tLxTXqyPM9ubzbX86HU31YNSWPoiwf8Xw5o+cRjlZAGip+cSh6haLkHYySVxOUPMV30CcB1aAElIJiUAwQ30O/KBR8v1EOjEM1WHxPgpPkVIISxbIEFAMTUQhOQy0oFwOvGFIyEzksnrMnR7twf2sCv5+t5ObSCP44341HG5PZPtqYj9sTOTLWgVuLsrmyKI1rq3K4XVfJ8aXRHF4Yzol5TTk6PYtz85PY2M+Eq/O8uDvXmQfj3ViTp8H4SC0WxOuzNlGdukw1ro6059YMcx7O1ef+oliebhrN48YaLqwaycv9M3m1tR83FpdwclErju6aR0x2HP3H9GL5wp5sEMdZPyGEJd2tWN7SmPVtjFjbSpeVzdRZVanBuhaGrCg1YGmpEYtKjJhfosecEk1mF6szI1+L6Xm61OTqUJ2tw5RMLSYL49M1GSeMz9BiQpYOE7P1mJRjwLRCE2ZWWDGr0pqZzWyYKZ6zGS2dmdHKlRltvJjayotJLb2Y2NKbcc29GFPpzshSW4YXWzA434y+mcb0zjChd5Y5PTKs6J5mTZc0G3kA3PmvALhjhjMdczzokudF+yw32mW60iHb/bvvgO/JbLlCLquVzEqyW8us/m/+HvrmtlknlycUtNlAUetNwkZhAyWtaikSy0vEekVt11Dcdh1F7dZT2K6WgvYbhU3kta8TGmnafhc5LerEduspbr2IrOJReAYUoq3niaauO27eGSRk9CC/cirl7VdRKPaf32qz2EfDPwLg3Nb15LfcTmGLHRS12ExJS3G8ytnklwwjKa0ZySk5pKUlk54aRWVJKt1a5dC+OJa2hREUxrlSmuyFo7EaWooKaKkroaqhgrK6Gqpa2mjr6mBipIeTtRnujjbYWxrj52RMYoAVxdGOpPoYURQdQJiH+I6Z+eEXVEF0Sj/S8oaRntWXqPBSwnyiCXOzJdjRCGs9HczEu9Y3oIDo1IHE5k4jJncOUVlziM+eQWr2ZDLSBhHdpDnu1lFYazlgo2aKp44N3npWOKrpYqWiirOmOv5mhoRYGRFkqU+guQHBlkZi3oQAsdxbXxsfOY3v3muJRCKRSCQSyb+X7/0oJJFIJBKJRCKRSP4z/UsBsIaJKaqGJqibWqBuYoWinilKeuYoG1oLNigb2AsOcooGTigYOqBgZC9KOxQMZGxR0P+LnqBrg5K+HSpiPRWxjY6OHu1TPZjUtxkW9o4oWHoLgSiYeKJo6CrIAuUAFE2ChSCUjbxQMvYW0/5yymb+qJr7o2kVgLalHxpmHqLOLuhYuGPm6I+NewguHoF42Fvj62BOmLc9+clN6N2hiKmjurJt9WSGd8tj3cw+nNk8gz8fH+K3L5c5cXATA/r3oUlkHKYO/hg7RaPnlIKqTRpKdhlCqpCIkm0UKrahQhMxH4WiXQxK9jGo2Eej4iDrIjsKNdd41DyS0fTLQje0GKOY5pgntccurRvO6X3xyByIV/YwvLNH4Zs9RhiNT/ZI/HKGi+lBuKf1wCmhIy4xFdj6RmHh4oOlkwd2js64e3iRGebNtjYenGthxKlKU06Wm3O6wprjJVYcKTLlVKERD0otuFyiw8Uuxuxppc7fDlby6VhLHsxP4fHMHH7a1ItXy7rxbGl3Pm8ZwafNI3mzaRi/Hp/FD"
36551 [Forwarding screenshot on session b1310904-d161-49ca-a1a6-530fba7baea8 to remote] DEBUG org.apache.http.wire  - http-outgoing-101 << "0cn82BDB+o6WfN0TADX2mjwoIcuX+Z68nZjKL8cLoHDrbg1wo2nw93Zna3Fz0tSOVesyquhlrxc7MPzLeG82xnNj2L6aR9DrrSTBcDJvNk5nh/OLuLFhVp+/nKTXx4e4ebG4fJWxzxbxevjA7ndWMLlpWW8aRjOxYUduFs/kIsbe/Hm4kze313KjpXtGd09kOfXF7BlQUtu7RvLp2u1fLx5iC/3j/Ph+jbuNY7jzKhsdhWbcPXvLYC7GXOxhzWX2juwM16NQykaySqR4AAA//RJREFUHC/S4XBnVw4N9mFNB3dGZlnQNkST1iEKzGjrz8AMBzpFmFEZqETnRF1qOvrTPVyV+c3NqYpVpVWUFr3y7BlaKO7BsjY82juM/Uua8+eNidycGfX9AHhmMPdr2/LqwFx+urWPq4dWsWbBYK6e2UXD0rk8Praf+upxHFk1m2s7lvLi5Gp+u72JH26u4OT8Un442If3jc24Nz+eGzWJ3J0/mPtrqjk4vYzrq9rwcWt3To8M5M6MJF7WtuPZ7iFsnhnLm7PNeHcgl/d78/lyXhZy5lCZH4C1hzuantEo+WehEpaLYhPxrIcmohyciIJfIor+KSj4RIvpSBT8Y1AIkLX4/YtsXsZPFg7HoRwonv3ABLF9MgphaWiF5GERkERqZhwntg/n44Uq7m+O4o9z5Vxb0oQ/Lnbn/oZENo805nl9FNsGmXFueiJHpoRyYlYEl5dlUD/KntNLwjkyM5PjM7M4MzeJVb2MuDjXm/vz3Xgsrun6plpMEPdiYaIB65M1qc9S49pfAfD9OXrcWxjDI/F839s2hnO1vXl1ZCxvdnTixqJMLi2t4PzOWWRlRTN1XH+2zBHXZkAE67o6sL69OZs6mLOxrSG1rfXYINPSkPXNjVlVYcoK8d1bWm7KwnJd5lWoM7dShbml+swtNmJOkQEziwyZUWjAdFnLYFnZ1JAasaymyJjp4rs6vVgoM2N2S1uWdfZkXd8QNg6KYv3AWFYPjGHd0GRWD01h9fB01o7MZs2oHFaPzGRx3zCmtnNhTKUtE1o6MrrCid7ZZvTKsqZ3jgO9cp3pne9Jv6a+DCoNpm9pIH0qg+jXIoTuJb5UlfrKp7/3DvienDZr/pvctrKAdS157db9U9v15LerlStov0GuaftNFLWrp6RdHcVCSduNFIvlJe02iLKWkg6bKO74TVHHepoKhR0bKei4mWY99pNSspLKLg0Ut11CYs4wjKwSUdHwwsImhtjkTpS2nkJZu/mUygLgthvIb1NPnjhmTntRP7H//LZif222Udx6q1i3nvLWKymqmExKZkdCwlMIC48gOTmSgvx4OrTOZUC3Mvq1L6BNfhQlCd40Sw/B3VwPQzVlTPS0MTExw9DEAk1dQ3R0DbCyMMfFzgpnW2scrS0IdLEmPcSZwnAnWiYHEO1si4OBFf7emSRnDiKzeBo5pdMpKJ1CdtYAUmKbkdgkmmhfH2wMzcUx7AkKziUjrw9p+UNJzB5MfHo/wmPa4eObia25DxZ6VtgZmeJtbk24rSsh5nYEGItji7qFiPpE2FoQJd590Y7m4nNDwqwNibQzFcssCLUywc9QF3ctZVw1FL57ryUSiUQikUgk/16+96OQRCKRSCQSiUQi+c/0LwXAKibmKOobompshpqhKSp6RqjqGKFuYIqyrjFK2iYoapuKdaxRkoW++paCGQq6pt+IzxS0xLyWOQo6Ft+mdS1QNLSRr6uuo027ZC/G9mqOnoUF6maWKBtYoawjPte1RcnMDh1RBz83H5zNbLG3s8bV1RFPN1cCA3xpEuxDbEwwqSkRZGfHU1iQQnlpLhVlRVSWltKivAXtmrelffNmdGnTnKqOrejeoZIWlRk0K0+ke8dshvYq5NSBJVw8uJiti/qzekpnJo7sR/e+o0gtaI+xfRQaZhFo26agbBaHikUsSqaRqFpEomIairp5OCqy7q6twlCwDhVlE5Rsw1CyE2yaoOoUjYpjNKoeCWj4paMXmo9xTDlmca2wjOuATWIX7JOrcEzuiXNqX9wy+gv98MkbhHtmH+wTO2Ed2xarsEJsfEKwcHLGxsEWZ0cLvFxsKQhzYU9bZ+50suBeFwdutbXhdmtrbrey5lZLW+62tOFlW3tuNzfgbpUF+yrV+XNLIa/XZ/JoTjKPZuby46Y+vFnZi2dLe/HD5pF82jKSl/VD+fXkLL4em8yTDZ1pbCf2My6Uq621uNdVkz/mefNlhS+/bE/l910FPBjtxPORzmzL0eSnNVmcaabBuxF2fF4UwNv1QWK/Yfyx1JvXg4y42smUqyOSeL9lAj+eWcnr87X8+vkCn29s4fKGEbzaNY6fby7kybHe3NhTyoO9vfnz+lpOL+/DjS1DaJxZwLvrNby4PpuDDQMY0i2UFzeW8vTSfG4emMaXG9v4cuswv9w7zo9XtvKkfhwXxuWzrcSEC21N5AHw1S7G3Kqy46q4NvsSNTicosaZIm1OdHLh+EB3dvfxYlaZJcOzDeieoErfDFOqkiyoDNCmPFCdoYVWrOoTxOL2NtT3t2P72Fh6phozuMSDISVW3N3Zi3u7e3BqVTk/HO7JrVnRbC0yYEOMJquj1NlRZsjdyf5cmRHMs/r2vDs8m5en13H1wCJmj23LlpWzOLhxHTcO7GPpuNFc3t3IuS3LeXWuni9X1/Hp0jxOLy7lhyN9+LS1JffmJXC7Jpn78/vzbO0UDowv5Iy4Tr/t78XxMT5crgnj7vIcnm/vwO7pIbw7Vs77/QW831vG1/PDaZxRTtviMFz9vTENjEErJAXVIPG8B0eg1iQMdVGq+oln3i8GJUEhIArFgOhvrYD9Y1D0i0YpMA6loHh58Kv0dwFiXixTCYhFzScRI68oUtLiOdk4mt+vDud5YwpcacftNbFivid3N6XSMMKMJ+sjaOxrxKkZ8Zyem8jpOZHcX5PGlsEOPNyUx4m5yRyansrlZUWs6ynu6Xxv7i9w49l0bzaUaDExWp1FiXqsT9KgQdYF9HBHbs+04d4sPe4siuL+pkHiWRrByfVVPD44nKe7u3FucTZnl5dzbcdYmqd7MGdoS3ZO68TantGsau/Fhm5e1HZxY1U7e5a1spJbKr5fCyusWFhpy/xKGxa3tmN1dxdWdBXTHS2oGxDCqu5+LO/uzeJOPmJ5MCs6+7GuSuynswVruliwupM1azs5sriNGYvaW7KqlxfbJ6bz6MhUXp1ZLL4fq3l5YS3Pz63mmZh+fnEtL65uEM9/A69ubODqlj40TEqgcXIiu2ZmsXlqBtUdvZjYxovlQ9NZOiiDVSNyWTM6n7Vj89g4uZT6mpbUCWsnlFI7pYIts9t+9x3wPXnt1svly7SXBbx/hbwdNlD4DxvlmnYUOm2SK+5YJ1fS4f+l7NRAcef/qpGiv1RU7SSn1Voqu9XTrMsaotOHYmyTjaVjDiGR7SlpMYW2Vcuo6LCE8k5rKO9ST5HYX36njeR2XCcvm3ZspLjDVsraNVDRbh2VbRdSUDKM0Mg8fPyCiYkJpawkjU4dCujRtZjRg9rRp30hLXOjaF8QT2liMIH2FpioqWCkrYO5iTUWlo7oGphjYGCCva34u2xvhY25KeaGxnham5MX5UezhABaJYfiYaCHh4UHGandyC2eSnbZQnIrlpJfvoCc/Enk5wwmM74VKZEFuIn3h4NlCPHiXVFc1IucnE6EhuTg5hKGo40H7vbOBLo6EeXjRIy3LRHOFjSxNCPUwpwwKzMibcyIshdsTQi3MSDWyZRoB2OxzIhIW2N5EBxspoe/kRZ+hur4Gqh9915LJBKJRCKRSP69fO9HIYlEIpFIJBKJRPKf6V/rAtrCEiUjYzRMTVDR0UHHQA9tbU0MDfXQEqWegQFa+gao6BuipGuAgoY2Ctq6gj6KOkYoaQnqxnIq2uYoahqhqG2Egp4xCrr6KGup0DEjmDG9O6BtYoKatjoamqqoqRuhbOaIirkhQb7GzKsqZ2RuDP3bpjK4cw79WqQIybTJ9ac83Y2UcNl4iw4khbsQE+xJEy9XApztCXB0wdXKBSNzDzSNXFExsENRzwxNSxv07K0xdbLBL9yPtOx4klPCCQl0I"
36551 [Forwarding screenshot on session b1310904-d161-49ca-a1a6-530fba7baea8 to remote] DEBUG org.apache.http.wire  - http-outgoing-101 << "bKJF/bufqhZBqFkEoKKmSzojZKXquZh4nr4oWDojZpZECpGwagbR6FqEomCpWz8Y/GZsWycZD+UBEVTX1RsQlC0CEDFQWwr4xSOilMEqm4JqHtnoRdUiHFYGYZNSjAIKcYkvByzyEqsYltgKWstLKZNwssw8E/HwrsJluKc7O1t8HQwx08oCXXkaEdXHnQw4V47c+61NOJpK0OeNtPnYbkx98rNeNDMlOtlWtxtb8DBInX+tj6PT/MTeVAdz8NZ+XzZ1JeXa/pyf3EVXxtH83HLSJ41DuGXUzP4+egkXq7vzK52TrwZF8WVNvrc7qTNHzM8+HmOG79uDOPLulBejLXl9VgnNudr8lNDPkdbqPGoryk/zfHj7WwXviz34qdZdjwboMPl7qZcG57ID5un8NvZOt6f28Bv74/w69169s3vwfk1w3h4YBxvrw/nwcU2XDnYkxuHariyYzJ1M0pZX5PMr89m8ujSZG6cmsXOjYM5f3gyPzzbwKNTS/hyYw8/3DrC73eO8dv5Rl5sHMO1SUU0lBhxqp0x1zobc6ODIY+6OXK50pq9iZocTdPgZK4m5zo5cn6AM0f7O7O2oxUjsrSoSlClY5w2gwpdKPbXpjRIjZFNrTk8IYpjU9x4simRjYO86Ranz8ACF6Z29+Pl2SHc3NmCI/MSebu1kluzomgoNmJtvA4ro7XZWiSOP7UJ12YE87SuDc/2TOD1mZXcO7eaeWNbsX/NfC7t3cPFg4dZNn06N08e48yujdw8up7n51fy9tx0Tq8o5YejPflhZ2vuzk3k3sx0Hsyt4tmK0Rwb05TTU9L5YUdbjk3y4cwMf45P8+FZQx4Hq735erQFnw9V8GZ3S75emMSWOe1oXxaFu78bFkEh6ASGottEJhi9kAD0g4IwEMv0AiJR949AOSAcxYAwFP2FgAiUAiNFGfUtGA6MRjEoVoiTl0pifU2xroZ/DDreoSRmJnFg7Uj+dmkCz9elwIV23FwXy2+XunOrLpPG4ZY8WxPJjoHmnJyVwIVlORyeFsT1+U3YN8SFp+uK2V8TQMNYcf1WtqahjwWXZzpxe74jz2f7sqFcgwkxKixO1mF9ojr16epcGuLEndmycYD1uLM0krub+nN100jO1A7gyeHxPDs6jFNrm7NvQQF3dw1kcIkDo5t5M6tTJPO6RDC3UxOWdm8iD3EXdvBidisXplXYMaXUmsnC+EITxjU1FM9BCKfn57Fncix7pyZyYUU7Ds+vYPPUTNaPzqFuTAm7JhZzaGosO0bYsme4NbsHO7F/mA9ru5mwvKsJK3q7UjchA34+Az/e4c8fn/LHTy+Fp/z5y2P+/PUhv/36mF//eMnf/nzEs9NT2DghXHx30jm0JIfdczKZ3N6Bmd18ObumO/vmtuTQwlYcWFTGrtm54vMitk0vZUt1MY1Tm7JjRjk7Z1Z89x3wPX8Pd78FvJv+oahT3X9T3OWbkq7133QROm+itHOdUC9XIis7NYqykdIum8U639Mo9rOJiu51lHVZT6seG0nIGY93k67EZwynoKyatt1W0LZqDeXtl1PZdT3NqsQxutXRtNsmCrrU0rSrrB6NlMnC5I4bqGy/jOZtp5NbWEVAcAy+fl4kJgZTWZ5C+zaZVJbG0r+qkmZN42maHEjX8nSKYgOJdLXFTFUZPWU1jHRMMTO1R0/fXDDG0sIMK/HOMjU0wEzfBH8HBzJCvGibEUG6jwPO2trY6jvRtGAQeWWzyCxfQU7zWnIqVpPVdC6lZXPIzx5LXsZQopu0IyKokqLsKloW96BpejlpUUkkBocQ5+dBop8LqcFOJPpaEWqnhb+JKmGWeiS6WJHmaUuiqzkxDgbEOxuT6mVJnJOhYES0vQFhVjoEmWgQYKROgLEGYdb6gt5377VEIpFIJBKJ5N/L934UkkgkEolEIpFIJP+Z/qUAWMdIDX0ZPUXUFRUwVFdAT0GUgq6gI5ZpCmpiWl1FASVBQVMVRS11FJSVBTWUlMW0ghKKgrKyAhqaCiiL9TS1xbSSAi0T/BjTrworV1cUxP6NDY3QUDNEUV0XPRtjJozowJzuFWTZaGOuooyZhjImKkqYqSrJW2JZ6umio6qNgZ4ZOlqmmBk7YmnqjJ6mOfrq5qgrmaKq4YiCmh36Vv7y7qrVzBzlQbCunQt69m4YOnqiY+WCrrU7akYOYtoJbSsH1C0cUTN3RdFIbC/rwtrYDkUrMW3jhIKFMwpmnijoCvp+KGi5oKTnhoaRN/pmAWjoe6Km64GKnieKuu4o6LihoC3OUXyuahOCkmWA2N4LBUOxXNbdtaUv6rJxi51C0XKWtR4OQNUuSD6vZOWHsrXYxihY1C8AHX0XrE0dcbN2ItvfhVNVQTzsas29ThY8aGPI07baPGuhzuNKfR5WmHKvwpBrZercaavD0WI1WJXBD/PieVoTx5N5eXxt7MPLdb24t7ibmB7Fxy2jedY4lJ9Oz+DnY5N4vb4ru9s783pcNFfbGckD4J8nOvNhojXv5rvyZqEnr8ba8m6SO1sKtfhpSyFHWqhwv4cxXya783S8Fc+mWvFxkhnPB+hwtUoWAMfxpXECv5zaxPvzdfz24QS/vz7IoaWDeXJgEQ8OVfPs0gge3qji6pl+nD8yloN1fVg6OYmjW0t4/2gI7x5P5sX9+Tx/MJ+d9W15/3AmN4+O4e3V9fxw+xC/3TnK7xc283rTWK5PLqa+2JDT7b+1AL7e3kgeAF9pbsPeZG0OZepyOE+Hs52dODfAieMD7NnRx4Hxuar0SVKl0FOJ/oVutI4zI1NMtwxVZlqJHttH2HCvNo6qGEXahmrQI8OeWf3CeHNhBFe3VrC3JpzbKzK5PSuGxlIT1iTosSJKm61NjXkwJZyr05vwcmtXXh6u4eGxxdw5vYLq4c3YtnIeK6dPZ83cOdSMGs6ymZM5tWs998/U8fvTnXy4NJuTK0r4cqQnv+ztxIOFqdysSebO7E48XjaEI6MLODEpjZebmnF2VjjnZodxfm4EDzdkc7Dahy+Hm/Nmb1M+nejAlxtjqF/WkhatQnEIccIoJAiNoHA0Q6PRbhKFbkgU+oExGPgnouefhGZwFKpNmqAcHIxicBAKQbIyRJR/CW4ihKEQIjSRleJZbyKe9XCxXqgfQflhbKvvz98eTeLRxji43IJrtRH8erkrdxpz2Tbanscrwjky1pkLC9O5vDKf4zPDuTY/hH2DXbk2N4Nd1b7snZHE86192TXEkUszHLg534GX8/ypa67NlAQ1lqTqsS5JnfoMDS4MdhL3wJ47s/S5vSSSu3UDuLBqIFc2DOateMZfHR7K5U0tOLYkl8Pzc1jYw5u6UfGsHhDGusHhrOjtw+p+nmwa6k3jSH92Tghl35QY9k+NZd/UKHZNDGXzKF+2jfNj/7QQGka6sHGYK3cbOnFudSu21mRSN6mI9aOL2V3djD2Totk61ILdg83Z3d+eA4O92SCey1UyPV2oH58JP16Er4/586eP/PbrV3799RO///6e335/Lbzj1z8+8zfe8uLUTLZMTuHQQvG9W9yUvXNyqensxqxuARyY14qNE/LYOr2QnXPz2TE7SyigsbqYBvGd2DKtnN1zWrKt5v/7APgfAW/n+n+Qh7t/Bb2l3Rr+UkdZ93q5cqGi+yYqutUKG4RNlHcTy7s1UtZts7CViqod/9R9O5Xdt1JZJSNbp5bmverE+uto0b2W3Ip5ZBbNoLL9Slp0XE1bsaxVl3WUdVhFMzFdJtYr7Sr02ERR1UZKeojji/0061pH886radZxDs3ajCEtqxnBoWGEhvkQG+tFUqIXqYmehAZZkp0RQnSoEwlNHGmdF0Pb3DgSfJxwNtDBWs8AS0NzzEyt0dM3QVNLB21tNbTUFVFTUsLUwJggN1eSAlzpmBNDl9xEiqIi8XMMIjKijaj7dHJa1JLVvIGsZhvJLl9JcfPVFDZdTnHhMnLTplCQPoLWRcNolduZkvhccoJDaRoWSLO4JuQFOxNiro63vjJRdvpk+dqQ7WdFsqshsfbaxDlok+SiT4qbIclCnIMOUbaahFtqEGqmTpi5JhGWukTa6BNhq0+4rc5377VEIpFIJBKJ5N/L9"
36551 [Forwarding screenshot on session b1310904-d161-49ca-a1a6-530fba7baea8 to remote] DEBUG org.apache.http.wire  - http-outgoing-101 << "34UkkgkEolEIpFIJP+Z/qUAOMHfnLxIJ5pGOpIbYEZFmA0lAca0CrWiZaglzUItKAo0oTTUmuwAc7zs9bF1tMDMxhRdAx2MjI2wtrDEysQIc111nM00CHLSxcdCnQRvQ+JdTOmfH8LEnmWE+Nvg526Pn6MVvnZmBHqbExnkwI7FQxiUE0GymTZhlsp4GqnibqyGl5kmTiZ62JlYYG3mgqW5F6YmHhjrO6CjYYi1sSnWhoaYaWljbWAljm+GiY4xWsqqGGhpYWJkhJ6BIdr6hqjpmaJsYIuBfSDKhq6omdigaqCPip4xyrJxj/XNUTK0RNlITIvliuJ8FAyNUbRwQsHMHVULfwzMfdHRdUZN3Q5NbUc0tZzF/r1Q03ZFzzQATRN/1EWpZOKHgliubOqJurVg5YmapQca1l4omjqjoGMtPnNGxcINRWPHb8uMZK2h/cV8JBom0WjqeWNm4IKrjbu47h6c7xfFoyo77na25EF7Q5600eRpSzUelutwv9SIe+V63CzX4GYrTY6VqPLbnAjeTmvCwykRPJ2fw89bevKqtoq7izvydfNIPm4dw7PNI/jp1Gx+OjaV1+u7s7uDCy/HRHChlS7X26rzcaQdL0dY8nyqPS+mOfBmlC3vJ3vRUKjNz1ubcqa9Jq8G2PBxjBNPRlrycKwpH8dZ8LyvNtd6GHFteAQ/NIwWx6jl/bl6fvt4lq+3t3NqwxQe7F/GrX3T+fJkGbcvD+Le7SlcvzyD+dMKmTE2nLWLIrh+rjV3rvXl+oXhHN7Xnfs3RvDmwUjunh7El9ur+XrnML/fOc4fF7fytmECN6eUUF9kwBlZC+BOwn8NgFN12ZdlwJ48Pc50ceHiYDcuDHPm4sQAVnUwZ1CyMi2DVGkRZkjXDGfyg/RpGaVLzzh1Dk4LY/MYB9qFKdE6TJ1uGY4sH53B28tjuLK1kn01UVxblMb9BSlsKTNjXYIeyyO12Vwg7svkcK5MDxfXuivPDs3gzrHFXDm2lEXTe3Lv4nEOb93MztrVrFs4g5WzJ3Bq90puHF3JiwvLeHNuBseXlvHlaF9+3NeZ+7IAeEYSN2e15u7CXhwalcPxiencW1nC7RX5XBLHPzkjivsbCjg6K4TPR1vwek8+r05U8PnhYOpry2nVORjHSAeMwwPRCo1EKywandAo9IIjMQqMxsg/DiO/BAyC49ANjkZLLNPwj0TNPwIVv3BUAqJQCYxBKUgIjkUpJA7lsEQUw+NQiI5FIVKUoU3wyAljQ30//vZuJvfro+FaJZc3hPHz1c7c2ZrHzvFOPFoRxokJ7txeV8yjLW04IJ7XszU+7B7gwrP1lZxaEsOhuel8PTKWvcNduD7XlZvzHHk1P4DGVnpMS9JgaZr+twA4XZ3zAx24PceBu7MNuL0kggd1A7izaTSXVvbhxa4RvNw/gKMLMji/MpeTC9M4UBPHCbH/nRPD2Fcdzq6J/uyd4s+uCZ7sGOsu6ujJnok+7BrvxbYx7uyZ5Ct4s3uiO0dnBnBslh+nFkTweGsH9s3JpmFqEo01pWyYUMHO6ubsn5bM9uH27B9iw6H+Tpwa7Me2rqY0dDOjoZ8HOyflIS4I/PiC33/6yi+//s6PP//Iz79+4Zdf3vPzzx/49Zcf+Nsv73h+ZK7YZwEnlzQXz0Qzcbym1HTyYnZVKLtmtWTTxKY0VBdSV5PF5llZNM4oonZiGevGi/pMqqRhWitRt9bffQd8j6zVrrzlbpeGb7o2UNZNpp6yrt9C34ruDZRXbaKiqk5eVgrNq9bSovtKWlatpmUPMd2zjuY9GmhWtYVmPXbQrOcuYTfNRdm85w5a9Nj2Tc9GWvSStQBeJ5ZvkHfxXNFRbN9pA+26N8p16LGFtlUNtOnZQLu+jeJ468U+a2nRV9RTHKeiV4M4Vp08PG7RZRnN20+hrEU/ImNSaBIaSEJ8IPFxnkSEOxIV4UJwgC1BgQ4E+FkTEWBNUbI/fVvmEOdphaepDi4mhtiJd4y5iTn64j2ioaWJhqYSGhoKqKkpY6hnhKmOHrG+LpTEeNMlL5ZQewvcrNywtIolpWAyeW02ktZsExnN68hpWUt+87XklaynafF6CvPmUlE4mbZFg6lMraSp+A5VRoXSNMCZWEtNwk0USXE0JNfHkQxPe5JdTUn10CPFXZt0L12yfA0FY9I89Ul00SHNw5hYey1CzVUEVaKstYm20SXCRocoOz0i7aUWwBKJRCKRSCT/Cb73o5BEIpFIJBKJRCL5z/QvBcDFAbp0SbJncL43I/K8mFziT3WRL2PSHKhp6s285iHMKAugptSfDiGGeBoooK+rjLqmkqCGvoEBpsYmmBnoYa6tjrO+MvGu2hQG6jG2hT/rhmSwpGscDROKqe4bz8oJbZnTr5AlAzJZ0CecVUPjODi9ObvG5LOudyxDcizpl2vCkApbhrUJYM6IZkwd1oUFNVPp16Mnndq0YXCvzgzqXsrgzql0LPSiV0kQJWHOlIY40qcojkkd8uieE0LrFD/a5YZTnhmKt4slpuZmGFk6oqFvg76lC3pmdqjrWqKiZY6mniW6hhboGhliaWcqGGForCn/0V9XTx81VV00VXQw0DKSh896msaCCbqaYlsNcwxNXMR+rFDRt0dVTCsaOqBh7oS6qQ0qRpaoGVujaW6HlqUDWhYO36ZFqW5mK9b7tlxBR2xv6ImGoKltibG2AfZGRmR4W3JtcBSPu1tzt5Ml99ub8qi1Ho9baPOwQp8HpUbcLdPjbqU2N1pocKJEhQ8TfHg8xos7Y4N4OjeLX7f25E1tV+4ubs/XLSP4sHUMT7eM4qfT8/np+HRe1laxu5MrT0c14WxzTS63UOXNIGteDLbi+Xh7nk+w480Qaz5M9v4WAO8o4XxHbV70tuJpbzMeDjDh/lAjPo+25FlPba73MOD6yBC+bh7Gz6fX8/b8Zn77cIXfn5zg4raF3D6wkqObxnN4yxCO7O/PybNT2LF7HPNmt6F/D19qJvpz7UIXrpzrzeUzwzm4uwtvn07h9b3hXNnfjZ8erOPHu4f57e4J/ry0g/ebJ3G7ukweAJ9qa8yVDobyrqwfdHHgUjNrdqfqsSfbmO05upzo4sKVIW5cGWrHvWo/9vazZ1qhDiMyjSj1VqdrmhP5QcYUBekwssiWa7VN2TMrlDaRCpT4a9E13ZXVkwp4eWEMN3a0Yu+0aC4vTOPBwnS2lppRG6/LighNGvMNuDcxjCvTwnm5tQcP91bz+Nwa7l6oZfbUruzdvIajO7ewbe0iNi2ZxqrZI9mwaDgX98/nh7ubeHVmBieWNefLsUH8sKcTdxamcGtOCtdnlXN1dlv2D0/jxOQsbiwp4eXmTtyvbc7B6lju1Jawf3oTXu8v5fPJUp4fK+Tj/T401hbTtnMgLuF2mDUJQD8kEoMm0RiFhGMSFIJZYDDmAaL0D8csIBlj/3QMfVLR805G2zsJTa8kNLxTUBfLVGT80lDxz0A9KAfVoDwUA/JR8C9AKSgd7/RE1q8dwN9ezuRuXTR/u1rBxU2hfL3eiRvbctg6wVE8i0EcGePMo7rmfDjUi50TAzgxxZttfZ34+UAfbtfns29GCj+fnMKuQQ7cWuDBrXmOvJ4fyObWBlQnabAkVZ81CWrUpatzdoA9d+Y6cW+OIbcWh/OwfhD3N4ziwqIq3u4azU8nx3BkZjLnl2ZwbnEah2dEy8P9QzUhHJ8dwoFpnoIPh6YFsm+yP/smBXBgaggHpzYRQtk/OYRd4/3EdLC4zkE0DHNgxzgfLq8o4fjiQnbNzqJhWhlrxpSzZ2Z7DszIYMdIFw4OsZd3N35+kC97uxizo6sxW/u6s3tCDvx4hb99fcWvP/2K+MePv/6NX37/jV9//Ynffv7Kn7/8DL984vmhReytLuf00g6cXiH2Pa+C6o5+rBuTx/kNgzi1tj9HV/dg5+KW7F/ZmgMru3Fo1RBObxzP5S3VXNlWw/UdM777DvieZt02U9l9M81kqrbQvGozzXsIPRvlgW7L3o207buNVr0bxHqy1r61tOq1icKWM4hJ7UFl22m07rqQrv030qbHBpp1EWXvnWL93XKte+8Sdopl22nXayvtZPvrU"
36551 [Forwarding screenshot on session b1310904-d161-49ca-a1a6-530fba7baea8 to remote] DEBUG org.apache.http.wire  - http-outgoing-101 << "ydspG3vOtr3aqBDr8106LmNjj23/0MHsa5sebve9fL12/TZRAuxfguxfRtZfXqKfVStpUP3xRSVDiIiKocA8Uz7+rnh62NLSLAzQYGOuLla4uFmg6WNAU1C3Qn2sSQvwYdezdNI9DYnwskQdzMtfBytsDYzwsTEEGUVZfF3WVW88zSwtrbGysIWezNTUpt4UhzjztRezQh3MsNS1wgjY3+atphBQbt1ZLbaSFZrWQi8ioJWa8U1WkfTyuWUls2iomQUFbkdaBqXTlaAF/H2+sTbqJPhrEuuhxE5HuZkediQ5elIhpes62cdMnx05VI8tEh21yLdy4BsPzN5+Bttq0GUjQYxdlrEO+qR4KRPrIMe0fa6RDnofvdeSyQSiUQikUj+vXzvRyGJRCKRSP5/cv4mYR3OoSAz9Cbnv7eORCKRSP5X+JcC4PwwFdqmGdG/1Ilh5a6MKnNmaitPJpQ5MlGY1c6buR39WNQtmJr2/uSFWaOvrYaiohLKKlqoahqjomGEtrYpJvrGGKsq4mumRqqbFn2y3WgcXczSrk3YMCKSmb08mTcgnTlVMazu68fanlacnpHI8elFNI5KYuuEZIZlGTC1pQXzejuLdUM40TCI2WNbsH/HYjasnc72xgUsndOPbWsHsn99Z9ZVJ7JufCzjWvjRPdGKQ3PbcW5ZZ5b2imLFgER2z23PrqUD6N02laL8OLz9PNAyNkVZ10gwRknHGD0za9w9PWkS5EFuqj/LZlaxbUVfNi/oxPQ+KWya0oolQ0qom9JZlM3oketPYYAJnTP8Gdshl36VSQxql0OL7HAqcyMpzgknKdqdxDA3mrib426phYORKiZqypiqq2BnoIqxujKGysrYGqigr6KCmcb/w95fx2WVLX7/vzpjd+fYXYCACCqhoIiKWNiKdHd3h3Q3CIrSSJeC2N3d3d06M76+G2bmjDOHM58Tn8f9u8/9u/54Ptbaa6+9dl7sh9fbva/WdBfmd2jTmi7tW9Ov43cM69SK4QL1Me247iLOXaMeXNXuw03tgdxa15/ba/tzb90g7q4dyNXGEHh1V86v7cjxNW157DWBa27juOQtxd24hXwuteLRdhMuJW3kfaknL8r8uFviy4cjKbzfH82DXEuqjUZzx3MKx9a158z6tjy0GcQdmwHcdx/CPbeBPHUYwMtQcUpXdOJT9RqO6HbgllFPrut35YZlDy5aduaFS3/umHbinFknznuKC+ty5uOxbB4dL+Pz80v8+PA0NZnBVKT6cGlvBs8f11JV7kFsig2boh2wt1tHaMBaAr0U2ZamweXTwdy/lsGHFzt4cC2KZ9dDOVVtw5vLOby7vo8v1w7w8+kKXpaGcjVsDYVLu3FgYw9O6XbjpFZnrhgO5vjqgVSodKZKvTc71Dqyz2gEF91GcNm5N/eCR3HArg/VlkPYtLATNopdMZs9GB2lwayU6UaQzmSuVRpSHjUdq/kdWS7RHm3FYWQGLOHRCT9u7TalPECW4/FzuJ4wl4qVPclTbE/mtLaUqHfmeoA0Z0On8qzCisvCMb99dAt3zhVQnO3N5hhfclOiKEgNITPKhQhPXSK9NrC/JIi31/J5fSaFQ5m6vNnnzrud5lxNVeVirBJnI5dwImwFNa5KHA3X4ELKGt7Vu/GwzJq60HlcyV1PXZQctys1+Hx6A0/2ruT1WU8qN+tjqqXMRDExBk9SpO/kefRr/N1pcUUGiE1joJgUAyZPEdqk6C4hTyeJWXQQ5rURU+Q7QSsxBVqKKwkUaSGmRAsJgZQyLWXm0lFKg16TltNh5GK6jVNFRkmR4nQbvj6I4EauDJxZyal8Gd5eMOZsmQaFPsO4mCjOwcCx3CxYx+NdlpT6TmbPpgnssBnBmxpLruxYyq4oVd4fDafKcQiXk8ZzJXEkjxMlKNrQlWDFtiQrd2GrYmsK5rbjiH1jADyiKQC+mCzLrUIXrmV7cW6zPXeLXblXas2pdE1OZSzl4vaVXBBcyVnFmQx1jiTP4kL2PC5sW8TpzSs4mbaSIwnL2B+9hL2Ri9kTIZQRS9kXuZRiD0XKvJWoCVSh0m825b4qwnaqUx6hTl7QKrL9ddgZZ8buaHWqfMaw2+0H9grbdtxpDLuMOlFl0oVK25HUBCyAd2f4+e0jPn74zNsv8PrzV95/+cLHj+/5/P4NP75/B+9f8OxgJnWR6zmYos+RTAMakrUJN5GhMtaQy9WRXK6J4VJtNCfLArhQF8LZmkhOVyY2/UeL2wfzuLk/h2t7tjV7D2jORvNSQXFTqW1RgrZlMTqWO9CxKkLPplhQhJZFLhvMc9CzLcDEuRRD+3w0VngyY8YqTEw24e6VhYlVKvrmGVg6l6NvU4qBXTX6drUY2NYIqjC0K8fIthRju2Jh+UJBgWCHMF2CsW0ZxjYVgsrf2ZYLSjFq6l/UtIy+UNe1KxO2QxjfphBz21wMTeKZrbyRoUPEGDVilOAHRo8YgITYGGSmTmGqtAwz5WchMXUqc+bNQm7qOGZPHYm99gJWKoxBVbw/U0d0R2rMQIYP7MWQQf3p2q0rffr2pVfv3gwYOJwRIyYjIz6FudMmY7FyFn6my5kxui/dW7dlzBgFVutGoqGdzvyN29DQz2fRxiyWbNzM/NVRrNKPQds4DE1Nc5RkZyEzZjgzx/RmzrguLJjQmcVi3Vkq0ZvF4v2YP3EgahMHozapP2qTu6I6sSPzJnVmoURPFgr3oTnjGn8HuCOyg9ogP7Qjs0Z2Y9aobiiN6PoLYXrm8K7MGNa12XMtIiIiIiIiIiLy36W5L4VERERE/n1XMfotCGwuDPwmKJTZeueb5f5/6Q6Rrr9t80kij/9x/vGtJ/+2P//3bPOvvg1em/N/Koz9Lw6A//r8fns9n6X4D/NERERE/jv9RwFw//7tGDm8C+IT+iAxtisTh3RAdlw3Fs0YwVzJfiyc9oNgEMpTerFIfhgac2YgLjaNTl0H07bLcL7r0vjbt+Np11ucDt3H0aHjAMYMHs6MCaNYPlOccKtVhJvMIj9ck1gfNQLsVxDrspxUB1nKfKU5k7GBgsCNlKbakB2jj90yMfy0ZYmxnUO8xwp2F0dibriYquocKnYWkpAahreXKaX5IRSk25Lsv5QEj4U4ak3HdPEkYuzVMZ73A5sMZMn0XkJ1ig25sbbMnTGKceN+oGOfXrTuPZCWfYbQou8IWvYaTKeBwxg+fiwTxg1EWXYQWdF6HC6wZlfSarw0+5BmJkbQSqHdTp48t3n4rxiNgVwHgtdLUBq4juPbXCkK1sFkwWhMFo8n3HkJBUm2nKlKpCTKGadVShjNk8Bjw1z2bQ3h1ZkaDm4P53BOJLvS/DBWm4LO7AnYLJNljdJgtGYNwmL+MKzmDEB7Wjc2LRnFNdNB3FrVmgtLu3BpcV8uLezPlYUDuLFsMFeX9+fU/I6cVG/PEY02HFzRnrvOE7nqIsYlbznuxS3nc4kdj7aZcyFeh3eNAXC5P7dL/PlwNIP3BxN5kG9HlclobntP4ZR2Z85u6MB9i0FcMx7AHdtB3LPtzxPbAbyMkKZ8bWc+7VrPYZ2O3DHswwPTvtyx7Mt5o848FfrdNenCedOOXPSczLtyRz6ezObhiUo+P7vBx4fn2ZkTxfn6TH58dohXz/eTkWrLstWz8A31wdLSGA/njYT5LaM815yMWC0qcz358fMxLhwOpWKrNvXCfry/Usa764f4fP0wX89W8bI0jKthaylc2oMDWj04sbErx9d14qLeII6uHkDZnM6ULehJoWo79hkN55rXcO569uRVxFAuuvbmjPtwigwG4Dm7LRvFvsN35WQWT2yF44qRXK4xJztQGsflg1g/fSC6yqPJ8FvC87PBPD3mRLG/DMdiVLgeP4eKlT3IV2hN1rTWlC7owG1/SS6ESPG8zJwnDZE8O5XNiZ2RnNydwPl9hdw/u49nV/c3PR3986eL/PTpFF+e1nHrUCLvr+VwZKspb/b58r7OhusZ8zkXPZPTEWocDVanxkWox2pyNmUtnw5u4mGFEztDFnCrxISj6fO4VbmYz2e0eLJ7FW9P+rErxQxbrQVMmSjNqEmqDJ6swYDJC+gvpiyYTr8p0vSVm"
36551 [Forwarding screenshot on session b1310904-d161-49ca-a1a6-530fba7baea8 to remote] DEBUG org.apache.http.wire  - http-outgoing-101 << "EIvCSm6TJFt+h3gtlMaX/ksRytxWVoJ9ZZSM2ghJU9LyZm0lFag5TQlvpdXZdTCdahvcGbs9FUMmiiP3MwplCYb8PXhJm7mSMDZFZwulOXNOXPOlCwj32sUV1OmcipSgms5q7lVZkCxjxh1ja9cdp3M2xpbrpevZl/yYl4fDKbIog9nIoXzljyGRwlTKFrflU0KbUia1YktCt9TMKcdR+yGciVuNNdienIpWY7bO9x5WZfIzcIAdkduIMlsClsdp5JqOZnN1hIkm4uRZi1JmpU4yRbj2Ww3nhjDMWTYKrHNSY3tjgvZai+wW8Q2h8XkumiS7bSUHV5rKPVdxxa7hWx3WMB2OxVhrGls9VAlx38jVXGOVEdZsDdhOVV+42jwGsoexyEcdx3NLrP21Fh2Y6frBOpDF8PHc/z87iEfPnzi5aevvPnpK+9/+sznL2/58eMrvr5/Cx+e8fZUDvVxWuxN0eZQYwCcZkCkhYLwN8Sb+weyub0vn1sHCrnSsI1bh/O4ebhIUMLFhgIu7cnnXF0Op2v/+QBY36IUfctiDCxLMLBqVIyh1Q4MrYswtW98MjcPPYtsoV6EiUMBhjbZWDhmY2sTjc5KIyx07fByicbJPgE7+wyc3EsxsSnCzKEaU4faJmYOVZg7VGDhUIa5Y4mg+NeyVGgX2hzKm+abO1R+o3FaaG/s09S3RBirHCO7MmHbSjCzK8LaNpsNGwKZNGEOHdr1ZtgPQ5k4bjRTJSVQmTWH+WqaqKquYb66DjOUlqI8VwP1efNYrjoTb7NVLJMbznyJvswY0w25cQOYPmU806dOpX+/IQwZMp6xY6YiJqEsUGGu0nzUFeTwMNAkwGwFmgridPu+DYryy9hoFM0S7RQW6WxF0ygfTf3tLNdJZpVRFCsMfFi4wgQ54bMjNnE80hMGM0d6CIuE+4/G1N4skurBfPHuqE4SiPVjvuRgFkoNRE2iO/PEugi6sUCiN2pivVEc1QWZQW2YObQzs8b0ZM74PoLeQr0HSqO7MWt0918D4G7NnmsREREREREREZH/Ls19KSQiIiLy7/tTACz4Q6gmCoD/d/2j4PUPwfD/7cHlt8f///y2igJgERGR/3/zHwXAQ2W1mLPBD+U13iguc0V+kSOzNBxRmG+N0gIbFNQskVMxZpqyATKzdZGWX8s0xbVMll3DCMlVDJHaSB/xjfQW16bH+FX0GLOYboMV6PWDDAMGS9CvzxDWa8zF3cmQgSMbX708jL59+iE9qgcF0eZ4maxg5JCxdB84hC4DhzFutBTjf5iC2JCpTBwxgwkTlBGXXYyYgiajpy9mgsIyJJWWMVVeA/mZC1CePg95mVlIySgiO1OJ2bNnoThdBpWZU9HSXMja5YuYN3cOoyZMocugiXQeOZP2I5X4fqgC3w2ZyXeD5Gg3eBrdhkrS54dRjB4zmLWaM/G0XoTlamn05g3BSmMMNovHY714Is6rprJ+5qCmJ7SM5k3ET38B8c46eBosxmylMq7GmrhZrsHVch0RbhZ4Ga5He54CKxSk2KgqT4iNEVuCPQmw0CM9wI1YV2u05s5ko9BnpdxEzGdPwG/ZVKLXTSdNZyYhyyWpcdDg+PKOXFrYilPzOnJMuTtHFHtyWL4HR5W6clCpPYdU2rNX+TsOLGzPkVU9uOsiyUVHSc55KHA7djUfil14XuDK1RRT3pZ68aIikBuF/vx4poCfTmXxrNydWsuJ3PKW4LyRMPbSVtzQ68+FDX25adyfRzYDuWvci8chUyhc3YWPe/XZr92Rqxt78MZuNOfWdeCCXjcemQ/gjkE3Lpl34azbWF6X2vDpdC53j1bx6dVDvry4xfm9udw+kcupuhh2lwaTEmtDxrYo1umuZ/GiBQR6mJCTakW4lxq7Ct3ZUxzKg4sFXD0SQ2m6DgfznXl/tZI3Nw/x+eYRfjpbw7MdjU8AryNfoyuHtftySqc7JzcI26AzkJPrh1Gm2o1itW4UzmvLAdNh3PAZxiPPbrwLH8Blh7Zc9x7EfmEfa2zG4q7YDk+1npgqdsFt7QTOVphTED5TuA56oa88FD2V0aT7aPDiXAgvTrmyO3YOx+LmcjVelarVvcme3pKcmW0pmPMdj0NluRwqxesyc17uDudsiT/X98fx6mohD06U8ubqYe6dqubG0QIent/BtaPpPDq/nePl/tw/mMjeFGNen4zhmbAN17Ys5GycHKfDlDkbvogaZ1nubtdnT7AaH46G8bjSlTI/Ve5VWnEyazFXStX5csmAlwdW8emUI7XJa3EyUkFs8ljGSM+i53hF+kjOoccUebpLTaOHzFS6yU6l01RpukyRofuU6XSXnEFXoewsIUcnod4YCrcWl6OtlDztpirSWlqePiqLkNczZrWDM8MUVeguNgFp5dEUZGzg6xN/LuZMhisbuFw+m2dHjblWuZEKfwmuJslQ7z6EA9Eq3Cwzoi5SkVPJSmSbjeBJmQXHs9XZm7yEZ3V+lNkM4MFWae5kTOJO5ETKdPsQrNiexFldyBLOV2MAfMJpJDeSxnExrAtXUhW4X+7L450JPNmdxNO9sTzZE8bTfSG8OhTNm0NJvD6UJsjgzWHBkXTeHE3hzbFM3h7P5+2xQl4fKeDFwQKe7M3n0e5cHtRlc6dmK9fL07m4I4GT2WEc2ezL3igbdoYaUB6mS2m4DeWRLjQkOnEgaQ2FrkPZGziG3e7DOeo3kRr7HsK+9KLKXZyqkCXw+QI/vxc+Fz//yIuPn3j95RPvv7xu+g3gHz8+4+cPL+DdA56fzKImbj11qdoc2m5GbZoBYVYqHMjdxPWGQm7sq+LqnhquH6jn1tEGbh6t5+axXVw/VMvlfRVc3FPGhYayZu8BzTGxLMXEqriJqXWjHZg2Bri2BZjZFWBqm4e5fR7WzoVYOecL9WxsHLdgsMEeXY2luOgb42/nTZBbHO6OKdjbbcXBuQQbp0qsnWqwElg7VQnTFdg6lWIrzLN1KsfG+TcVwtiNyv/G6tf2xmW+7WflWCmsvxIr+wrsHEuwNM9AQ7h/DRkgRetWXRjcbzDSElKozlnAyhUGrF3nwLLlLixZ7sFa7UCWrrAV/ubr425hxdZQLwzmS6M0qiNK43sybVQflKZKsHCOOpISs1GSX42KcB+cv9AS5Tn6LJi7hjULNHBYv4xwGx2cNiylR5u2LJq3AX2TWFYZpqNpsI2VhjmsNtjOKv0U1plEs1jLBeWFuiiqLEN5lhpzFBVQkZNAWXI0KlOGMFegKimQGiqUw5gjmCs5iAXSfVk0tR8Lpfoxd1IvFMd0Q3FUd5TG9GbepEHMnTgAlfH9BH1QHteLWWN7oDi6KzMaA+Ch3Zs91yIiIiIiIiIiIv9dmvtSSEREROTf9/cB8B9CVVEA/L/rL568LY76bZ+OYVT5zTL/1xEFwCIiIiL/J/1HAbD00jAsQg9hE3EM44B9mPkfwDLgEOZ++7HbdAS7oENY+u3BwrcBM+9azL3LMfUoYJ31FtY45LPEphAFva0oGuUip7MFmQ0pSK+KQnJZIJKLvZBfZI2dqQNBmxKRUjNkyjxrZs/XwtZIj5z4RNZpWqK40IPpmt7M0wtjztJQ1qxOwUArCwPdLHQMMtE2z2SjTSYbbDMw9sjF0qsQK9d87BwLcHMpxc2tHHu/CkzccrD22I6deyYmVlEYGAeiZxjAOl0/VumFoGkQhZpWBLPXRiKrGYLEYn8mL/BhrLIzw2eaM0xmIyNkljNMUoUB46QYPF6a0WJyjBeTZ/zkmUhIKyEto4yq2kqWLNFBV9cefT1nbO1DsXOIxMUzBUePZMwcY7ERSju3OCztQjGzCsLEIhBTyyCsHcKxc4pEz8gLbQMP1m50QnWBHkpz1iMxRRmp8WJMnziGmeN/YPH0USxRHIvD6mkUre9FtWYr8he3Zdv8dmyZ05as2W2onNWG3fIt2Tv7e/aptubYih6c1x/GEx8FzjlM5YyHMncStPhY5sWLHT5cS7PkTVMAHMSNok18OVvMT2dyeF7lwy6bydz2k+ScUXcOLWnFLb0hXN4wlBu6A3lkNkCY7sGjUGkK13Xl4wFDDuh15dK6bjwzGcKZFe05t7EbD4wHc"
36551 [Forwarding screenshot on session b1310904-d161-49ca-a1a6-530fba7baea8 to remote] DEBUG org.apache.http.wire  - http-outgoing-101 << "XldR84bd+a062hel1nz+Uw+d4/X8unFQ26f2cfLewd5djWfvSUe5CSZEhtshJ7BAhYukWfRfDn0VsuSErqCtLAFHKl058bRdE7Wh7O/wpnyzA00ZFvx5mo5r24c5Mc7x/l8qpI3FdHcjNSiUKMHe1Z34axeT85o9xD05+TG4ZTP607Jwl5sn9uGfYZDuOUzjFsu7fkQ2Z8bru244dmLo7Y9OOs3mQxh+UDV73BUaYfTyhGcqzKnMEoe++V90FHsh8Gc0WRtWsqLs0FNAfC5vDXsi1DicsI8Kjb0Z7NcSzJntGOHeheeRClwKUxWOA6W3N7hxWXhuJ+vCuR4qS9nyxM4WZLO4eIUDhRFcaA0lB1pVlRusedIcQAHt7lxaLMd704k8rrOkatZ6lxInsGpEAVOB89jl8s0bmauY3egCm92e3E935wy/zncKbfkeOYiLhUu4MezOjw7uJynx/XZkTIfS1MZJk0bygg5GTpPnkq3qQp0njqTztMEM5ToMH0Wbacp0X2qPL2l5OgpOY3uU6bRrZHUdLpKytFRXIZOktPpJDWD7ydK01ZMmCenQnf5BbSWUqadjBIjFSVITTPm69NYzubOgAu6XNihwsvDxtyt0mZngDiHfIdS7z6UPRGzuVZiRHWYgnAcp5FjOZaz6evYlaDErlh1XtZ6U2H/A4+3y3J/izh3oydTpvNbANyZrQptyZ/TjuOOI7mROI6L4b8GwBV+3KtN4N6uJO7VxXK7LoJbu8K5Wx/P3bo07u7aJsj9RX22QJhuyOLOXqHcK0wLbjfkcFOYd13oe7l6Kxcq0jlTkszJolgO54ZzYEsge2LcqQ2zpiJcOP4RzlRHebAvyZWTW/QocBtJfdAk6oX93RsiR6HLUHIchlPkPp3qWF34eIWfPjzhy8+Nr4D+JHjDhy/P+PT5ET9+fCLMe87X9w95fi6fyiQ99mVbcrDAnvrttgRZqXKoOI5r+yu5eWAf1w4c4saRE9w+cZJbJ45y88R+YXoPVw7Vc/lgHZcP1DV7D2iOlU0ZljalQimwK8HavliwQ1CIhU0uTh6lOLoWYWy5GWePIrwDK9HRDWXGZHn01WYTZWeBr4kFPpbeBHuk4uGwBQ+3YpxcKnBwqcFe4OBSLagUxikV2ssEVb+2NZaV2LsKf9fdygSl3xCmXRvHaOzTSBjLuVYod+HmXo+HexWm+gkoyW7kh56T6dauL6MGj0VppjLLl2xEV8cdY9MYDI03Y2SWg5VDMSbmKbg7xONp4UZOZCimi+SZMbgts8f2ZMqQ7syeOpV1y3RQU9Fjw2p/tNaGY2KcxgatUJYvMsdwlQFGi9SJdTAnwFSX/m06sFrDCGOTOLRNs1hnmssqg2zWGWwXpLNeP551+hFs0A8T7k8hGBr4oyfcB7RWGbNRcyPrNJazZLYyc2WkUZKYJBjHbKnxzJUeyXzpgSyUHoCqeF/kR3Vl+vDOzBrbj/kSw1koOYq5kwY3Tc8a14fZE3qhNK47M0d1Rn5kDxRG9G72XIuIiIiIiIiIiPx3ae5LIREREZF/X3MBsCDq6i/z/zIA/jYI/N3v4eU/Dmp/Dzu/Dem+2Za/fC3xvx8AfxuyfuvPgeu3Y/zNb8ekyZ9D0N+3/S9D538yAP7rYPM3f7/vzZ0To6izf6v/Pu5fHOvK3/v/QdP+/4PrpdEfjs8/sb3fHovGZf+23ub263f/SQD8P5/Xb89D43Z8czz/4fn/3f/dwb2IiMh/q/8oAJ62JBwDz3q0HGvYYF+DkecBNjrUs9aqBgOXvRi57UfPaTeGrg3oOtWxwmoHC023o6y/hbmm+ahYlCCrl4eMYSHi2jmMX5vJpA1bGb0iiRFLY1BYG4qPnRd+3umIqfogrurO4pU2pEfEE+6ZioowPW9jNtPXpKJuUsCijSWs161GX7cSU/NaTK2rMHUsx9KjAhufXzj4VuPgUYuLRwOeXodx8TyChbDdpp77sPTcg4XbTkwdyrB2rcLWrQIT+yJ0rPJZbbwNda00NPSzUNPfipJOJjM2pDNleTyj54UwRMWHocL2DJnnwAh1R8Yt82CImgs/zHVn0vJQxBb5ILPUH1XteJaYbMHEsxqn0IMEplzGNvAgbsIN1SfpGoHpt/FOuirUzxK29QLhWRcJyTwrOIdv0jFco/bik3gUz7hDOITWY+5bgY5THnoO21i0zpt5S0yRVVBnrqoa6ksXYqijRp71OCpMelBg2JNcnZ7k6/SiVLs3hzb05dzyHpxb1ZNTq7pzZmN/zhgM4Y6nHMftJDnhPptbCdp8qPDleYkf1zJteFPmzavqUK4Xh/LpdDGfTubwtMKbaptJTa8sPm/cnf3qLbmqNZjTywZyfd0AnhkP4saGHjwIkyV3Qzc+NuiwV7cL51Z35oFuf44tas3h5e25qz+Y82s6c8awK6ddxjUFwD+eL+LByQY+P3vE3bP7OVYbx+4CGy7s8eFwhQfl271wdVzCmtXSLF8wAXs9aQ6WmnPrqBtPz0dy9WAE22LXUZalw47Ny9mdZ8aHO5W8vXOMd9cO8ePZat5Xx3ExaCVFS3rRoNmJk1rdOLSyPYeEY3Ji43AqFvamYEEftqt1pc5oBLeCJnDTsycvwgdyz787t/x6ccKxO9dDJnLCeyxb1rbBe34rrDX6cmmnJVVJyjhq9sZAuR9Gc0eS4TOfp6d8eHTElpPbNDkQpczFxHkUaA0iXaU7qbN6krOkN3ei53DQewqv6j153/h07/7Upid7Hx5J5c2pMp4ereLtpf28vVrHj/d38/leFS8uFfD+Whn39mbw4lAmP53bwru9HlzdtpDLm2dyMlCW4z5K1DlLcSFuEbXe07lfbM6ZTC3K/JW5XKDH/gQVLuSq8fWcPs8Or+TlRUvqijdgYzODkRK96Ss2mt5S0nSXnNr09G/3qdPpLqNIF2kVOk5RodfU2fSQnEEXsWl0nDiVThNlmnQVn0FXiZnCPEWhj7IwrSDMn047sdm0nDyPFpJLaC2zkEHTZImLt+Xr822cyZkLZ024UKjK6yOmPKhZT63fGA76DKbMpg/1oUrc32nLVucJlHlNZJvlOPZEqFMTp0hJsIpwbbpT4zy8KQB+tE2K+zHilOv0ZZNCexKUfg2AVdpx1H4EN5ImcimiO1dS5XlYFcDjhjQe7Mng/h7huO9J4t6eFO7v3SK05XO/oZQHDdVCu2CvYF8Zd/cVcmtfNrf2Z3P7QA439+VwrSGbq/XbuVyXxYXazZyrTuF0RQLHSiI4lBvCnkQ/aqOcqIyypjrajbpYb46kenIh21Q4HxJUBkiR7SzBjsC5bHafSpLjVHIClrN3my98vMtPn9/w5ccvfPjxAx8+v2gKf798fsiXT0/49PElP318xrPLNVRl2FOf68qBYm9qsl3wMlfjSOVmbh3by/UjR7h66ARXDp8WnODa0cYA+BA3jh/g+rH9wvS+Js3dA5rj6FiFg1MFjk7lgjKcnBs1BrWNIW4hbp7FOLsWYOu4DRe3fIxMExCbvBS5cZJEWWqTaKOPt7YWTlqmhLnEEOK5DS/nfDzdK3F3r8XNvQ43j52CatyFv+3uHo3twvSv7S7C31YXz0pcvMoEpd8oF9qrhD41vyzf2N+9Hje33fgI9wNvN+HesSESmUnL6dt5LAO6DENRWpk1y3UxMXLH1i5B2O4i7F124uR2AEPzKlyF+4W303YCHcIJsbZDe7Y8ikN7oCE1DLH+3ZgjfDb019iwQsMZK+NMzAzzcLCvwsw8G32tTZivt8dk8Upi7W1xXb+WCb0GY7LeBQuzZPSEe6W2aSFr9XPQNspho0EWq9dvZv3GrWjrZKGtnYmOcE8y0E7GXD8ZE50IjLT8MdvogcVGZwzXmLFy4QpUp89mjrQE6nJjUBHrz8yxPVEY15c5YkNRkxrNfKkxKI0bjOK4QUJ7fxTG9hH69GD6qC5MH9mZGcO7M2OYKAAWEREREREREfl/wZ+/EBIRERH5z3wbBJ7F6JtQqynM+kcB8N/avwnrvgkOf+v7beD2ezj2bUj3zfJ/DgSb+jbn3wmAv1mmmeC1udD6r8PS5gPARn8fSn7jHwbAfxzvD0Hi347r74Fm8"
36551 [Forwarding screenshot on session b1310904-d161-49ca-a1a6-530fba7baea8 to remote] DEBUG org.apache.http.wire  - http-outgoing-101 << "8f12zF+79t8sNzcPn077p+Oa+M2/O2cNL+eP/T907xmt/fbY/EHf39Ov9X8+f3Nt9fWt9v2z57Xf/yfBP62///ktS8iIiLyv+U/CoAnK3iw0bqU9RYlrDYrQ9ehAS2b3ahvLGK5URWaxlVo6Baz1LCURXpFKGhtY7ZZMfImBYitTUNiQwbjV6Uwcnkco1Ym8MPiKIZpxtNfPYJe8zYhtcQF5w3L8HEIZNIcLyaqGLN6jTZpAV4YrHJAbrYrkkuikF4Wjsq6JNQ25LBgTSbrjLajZ5kvyEbHYguGNlswd85pYuGUg5mDUHcswMQuHy2T7Rg51GDosBMDuxo2WpaxXthGbctS1DdsRtNgO5qG29HYmM6ijaks0EpCaX0UclrhSK+LYOLyYEao+/LDfDf6znek+1wzus8zp9t8K3otcqPnIl96qXoxYq47MkLfaUuDWaCTwkrT7cJxy8fQrgwDmzLsPPZi6VLfxMFnPzYeNTj6VOPgVYmdZwVugXW4BuzE2q0Ee68KoX+50HeHsB+FbDTNRMdkC1rCNq5dGY76bFPmT1/CUuVFmC1S5oDVFM6b9OW0UV/O6PfiokFPrhn14Z7pQO4Y9ee+2Q/cFOpXBMcM+nHZRYyD1uM57CLH1fg1vK1sfOrXjxvbbHlX6cPrmnCuF4fz5ngxrw5ncWeHG6XmY7gVMIVzxt3Zu6Al5zT7s0epK2c1uvNYbwAXV3XhXvgMcnW7NwXAe/S7cWpFR+5vHMAB1VbsnNuS2/rDuLKhD6eF7TvlMpFXpTb8eLGUJ2cP8PnZE768uUNtrjtHKy24esiJ6iw99hb7UprjjLO1Is6GM6hI1ebGXntu77fi2m5Hbh4IY0+RHdsTlpMaNocDpQ48vSxs950jvL91lPcnynlREsntaF0KF/fkwJoenN7Yg6NrO3F8fR+OaQ2naF5Pts7rx/Zlg6kyGcOlEGmubxrFrbAhXAnow43QIVwKGspFoe1K+ET2uw5ks15PgvXHcaZUj7wQCZw1u7FBtjOea6eS4CLPw+PuPDhkRUnIdE6kqnMpTYMMYV3Jy0YTqTKYePV+XE/W5HS8Om8agnh7dBtPj+bw/EwuH66W8Pp0Fe8vHOTLjRN8uHGAN9er+HSnktdXinlxtpgvV+v5ermGr2e38fmQL9fz1Lm4WZbTgXIc95jJHhcpjgcrUes1lWs56zmeupyKAEUOJi6kMkiaC9lqfD1vwssD2jw6YE/VZh1sDRWQlRnBJMkJTJKRZLzUZCZLT0JMahITp4gxQVyaMeJy/CAxk16Tp9N9wjR6TJSjt9hMek+Wp89kBfpMUqDvJEX6i82m3yQl+k5UZNDkGQyaOJXeE2QZNGUGM2bNZFuUGV/vp3ExUxlOGXGpSFW43ky4u3MNFX7DOeAziB3mPagNmsnNCnMSLEeQ5zyaRJ0hQtt89m2ez3YPOe4U2lHrNJxH22V5kjuNh/FTKNft90sArNgYALcnT7kth22GcTN5Ipcje3IlVZHHNcE83b2ZR7szebg7jcd7BPsyBNt4tLeAh3vKeLSnSqhX82hfJQ8PlPDg4A7hnBYKCoR6AXf353OrIYcbu7dxoz6LKzs3c7E6ibMVMRzfEczBHH8a0nzYmeBITbwVuxJc2JfoxcnNnlzKNqXUV5rzuRu5vXsT945t5fyBRK4f38qDU6W8uHIYvrzjy8fPvH//iU+fP/Dp0wu+/BoAf/70nA+f3vHp43t+enuXl9f38fJmA2/u7ebl3Xpuna/i3sU93D5ziBunjnPz1ClunDzNjdMnhfIYN44J7b+6fvQg144caPYe0Bx311LcBK5uZbi5C3+73Ktw9xAIdW/vSpyccvFwzSUssBgHi2hkxRfRt9NQVsjLkum0kTjT5SRY6eCvp4OPoS1hTlGEuGYQ5FGAv1c5Pl41eHrtxM1rF27e9bh71+ElTHt51Tbx9KnCw6cCd98yQWkTD58yob0cT2H9XsLy3p47BcJy7vV4udXj674LT6cS9IW/6dMl1jKop5RgMkvUdLA08sPNOQVPj3xBNc6Oddg57MHJ4zDWduV42GcR5R5PqqcPZvOUWDp5MCbzpjF1QA+mjZrIqvm6mGiH4i0cB3PjIsxMS7C0LMTGNA0rbW+s1+gTaWeD+TINZoyZgoNRKDbmWzE0zkPPtICNRtuEchs6BlsxMC4U2ksxMi7B0HAH+npCH+0sdLXSMdBJxUg3EUOdSIx1QzHV34S5gR8muu4YrDVltdpCFkyXY85UaTQUlFirpt5k+ey5rFCZx9p5C1m/UJ1189VYrTqHVXNnCZTRnK3CCqW5zZ5rERERERERERGR/y7NfSkkIiIi8u/7Uwj2h1DuLMXfTP8ebH0TAP6jpyJ/C9S+He+3vt+EZY1+G7f5ULM53waQ/2QA/E8GdL8v+8dg8/f239b3P4Sg/8i3x+Ob0PEPx+Tb9m/Ozx+3+5vz9utx/YfBaLP73lz42Xwg+vf+at//+e1t9tr4J3y7n3/t923758/rn58A/r3vL/6Fa19ERETkf8l/FAD3lDZmnkkGqqZZzNiYxvSNmSjo5yKxJgM53TxktHMRW70Zaa0sJNZlMEozmYnaOYxbl8lA9XCGLYlgyKJABqp5M1Tdl/5zPeg/z5ueyh50UnBhpOIGnLSm4+7sQn9FB/rIL8bIRo9AR13klVYyeYEnI5YFMlrDi7FqbsjrbkF2Qwpy6+OZrZOKmsEWFuhlstggi+XG2SzQShfqW1lkmMkCowwWmGagZrQZdf2tLNDewnzdbSw0KmSOfh6ya4Wx1m8V9ilLGFPYh1XxSK2MYerqKCRXRyC+KpwJy0IZtWgTQ+f7MXCuO31VbOkzx1xgQldFfbopmQl1J3rPdmKQUA6d68SQWQ5ILQlCaXU0c9fEor4uiRU6GWgZ5aBnXoh+I7NCDC2LMLEtxsSmGOPG39C0LcHIshBds1yhTz7aRtvRMc3BwKKADcL2L9uQjNrqGOZpBjBnvhnysvNQmamE9rypHHcU55ZVL25Y9OKOaTceGnfmqXEX7ht35YZhJ26b9+S64KJZTw7pdeas0yj22Yxif+NvAcct53W1Gy9qfLld4MC7Kh/e7ozkenEUr46V8OLgNm7vcKfYfDS3gyQ5b9Kd3fNacnpJP2rlOnJ0bkfubejL6aXtuBMpT65Rdz7t02OPUU+OLmnH7bX9OKDamhrlltwzGs3lDY1PIQvcxJsC4J8ulfHi4lG+CBfrl1c3OLEzkGuH7Pl4bxMXGxx5cjGLe+cyifRZhJ+pIscL7Xh4fhPPr4fw7lYan27v4NG1PE40BLIz35yd2Q58erCfN/dP8knw4+V6nu2I4GGSCdlqnWnQ7MzRtZ05vq4LR9f1Zu+qAZQs7EeWxnC2rhpPscE4jvpIctR3FNfjxTgZ8ANXosZy2LMfF0JHcyFklGAEBzZNYZunAqXRSpRGSRFlNoL1U9uT472KaLup3Nxnw5Nj1mx1n8jBBFXOpy+m1G02NZ6rKLNfTqGVMqcS11IZMIenDZG8O1vG20u7eH6hjFeXy/h89SBvzh7mcN5mTlRkcLo6kVM1Edw6nMnHazv5cGEnX85U8vVsDj+fDOHWjiVcSJ/K+eAZHHebwT4nSfZ5SlHrKcHlLE0OxqtRFy6sP0SeigBJrhVoCMua8uMxQ94cMOV03np2xC4nM2INSWGrifRfRGLwfNI2zSLNX5YULxmSPeRI9lIk1ns2oR6KhLorEOU1m1i/uULbXOK85pLsM58kbzUSPVSJd5tLkrsaKR5KwrKyRHkIfX0Xkh+5jDNblvD1nDk30sbDyTVcLFTi2VEDbuxaT1XoJHa69CJLpzNlPtM4k6NDjNlQttkNJ3RVb0qEde5NX0Cq/RQubjWl3GYQzwsUeVownUcJUlT8GgDHK3Rmi3w7cme34aD1UG4mTxLOZa+mAPhZbShv9m3nxZ7tPN+Tycv9Gbw6uJWXB7bxbH8+T/eV8GxfGU8PlPD0YBFPD+fx5JBQHioXVAr1Ch4dqOD+3hLuNRRxb08htxpfB71zC5erkjlTEs3xgmD2bvVhV5o9O1PNaUhx5HCKB+e3enIj35od3rJcLrHjw61ahAueD"
36551 [Forwarding screenshot on session b1310904-d161-49ca-a1a6-530fba7baea8 to remote] DEBUG org.apache.http.wire  - http-outgoing-101 << "+/uwM/PhLrgzWs+v/nMx/dfef/uZ37+6Sd+/ND4xO/jptc/f/r4hnefvvDu48/C5+YVP79/wc8fH/Lzhxt8/XSTdy8u8ODqEa6d3s/VU4e4ee44N84f45bwWbt17gg3Txzm1okjTRpD4H8lAPbzLsLLoxBPj2K8vavx8d0llHX4eO0kNGg3vm5FBHtmC3/H45kjqcLg1t2QHzYcew1FwjcqEbpBgQi9+UQaryTMWIcIK3tinIOJ80kjOqCAEP8K/PyEMf324xFwFDffg8J0HYF+Vfj7V+EXUIlvQAW+gb9qrAttfv6V+PtVE+hbS5DvTjb57CLIq44gn91CvQ7vxieUrbMw049GXdWaaZKrMNTehJtDJv6eRXi7luDjWo2f+27cXepx8mjAzbtGGCObUIdgEh0csJk3gzViA3FeLM/CCcNYKCXLXJmF2JnHYm+bg51dKbZ2FdgKf9NdbfPwtE7EYr0hftZGmK5SZ8EMFVzNk7ET7gEWZiWYWuRjbJWJsWUGJuZbMRb+/hua5mNo0kioG2VjYJQllJno6acLUtE3SBbKeHT1YzAwaBSJvm4g+hvcMNRywWijKyYb3TDV9hC4Y9b4aut1TgJHgQNGa+0wXGODwRprDFZbo7NCoGnT7LkWERERERERERH579Lcl0IiIiIi/76/D/3+8MRo1Nm/D4D/EBL/I78FbX8fjP0Wuv3t1cS/Bmm/r/d/ClS/DSD/9QD4b/4uqPt23H/sl3D6277/0/Z+4386dn/epua2+8/+7rz96Zj8OwHw3/wPIeif9/1f2N7/jQD4jyFzo2/3oZlr8C/89p8O/jIA/peufREREZH/Hf9RANxmmjbDVvoycKkP/Zf6M0AzlKHr4+gwz5ceS8LpqhFCBzU/ei0Po7dmON3UQ+mpHkEHZV86zfagt6oH3ZRs6KlkTS9FC7pON6HLDHO6zLSg/XRz+ksvwHDJcKzsLeg+y5w+02Wx9TFEbZEiw5RW03W2FZ3nWtJvsQt91BwZqO7N0GWbGLgkkGHC+savTmTiiiTENdOQXpWJ1MrNzNDORnx1KsMXhzFS6DNpXSwTl4YgtjySycujGa8Zz+gVyQzXTGH0ukwGLUtk+OoUxm5IZYBGMAM1ghi6OJjBC4IYMCeA/ir+9FP2oY+CCz3lreg5w5huwnHpOV2XvjOM6D3NiG7SRnSUM6TzTBOGq7sxZK4jo1RdkNTwR3ZxEKpr41BZEcWC9Yks2pjCMp3NrNTfxjLtLFbqZrPGIJdVejlCfTsrdLNYrr2lqVyht43F69NZqpXBAq1kFDaEMG21M3KaRojJqyA1fRqayhM46CLGDbse3LHpzgOrrjyy7MgTy/Y8se3Kfasu3Lftzg2brlwU5h8y6cxp99HUO4yh3kOaMwmavKx141W9L/dKHXlR7cWrujBuljY+AVzCq8O53CvxpdJiPA+CZDhn1Judqq04tWwgdTM7c0S1E/c29ufk4rbcilYky6gHH/foUWfYiwMa7bm0uh8HFnRkp1o77ppP4syaPpw1+oEzbjI8K3Xhpyu7eHn1FD++ecFP725ztDqAgyX6nK3V50qtORfKHLmyy4/sEE1iLBVpiF/LzXJTblYacq7AhKPb7Nif40ZVhg23jqRSu8WPJxf3cv5wFefqcvl676iwngguR2iTv3Qg9St6cmBlZ/at6ULt6h7UrBnGfhNFjnqvpd5rGbVus9jrK0ep3Q9cSp7JgaBxnI2WJmX191yMEedqzDiuRA7lWqoc9XGqnCveQHmsAomO4gTqSeCnM4Vom/Gcr9jIi6P2ZLmLUeovx6GkZVwp9uR6eSwXsyM5mODI3ngTsr2X8ux4NrcPF/Hy+l7e3dvP29t7+frwIherd1AS5UequzFxjmuItFtM3RZ3vtyq56fbh/lytQFuVPP1XCy3ipdycbM054LkOGI/jd024lTZTaDCZTLn05dSF6JIsacU9WGKFLqN5fTm2U0B7KeDa/i4dznv96/lxQFtXp4w5+FhfW42aPL86BLh/M/h5d5pPKsV51m1hHBtyHCneBzXc4dzK2s497NGcn/7MG5mDOBaWl9uZw7lfsYY7qaM5nbSMO6mDRGm+/No+w9c3jycM2njuJ83jVtJQ/naIM/t5N7CH5tFnMuZxgNh/dfqtamLl6fSeQhBwjVT5CbFuVw9Ajb0J9V8OMGr+pDlIENVzGwSrSZzMlWXPNM+vC1fwPNCJZ4kylCh15dAhXbEKXYiUyizlVuz33owN5MmczWqD1dTFHmxM4R3h3N4uT+HZ3uzeLkvk1f7t/B8b6McXuwv4tmBxsC3kCdH8nhydDuPD+/gycGdPD1cz7MjuwQ7eXaolicHanjQUMHdumJu1eYJpySTS2VxnNkRwv5tntRl2LEr3Yw96Q4cTvPkQpYvNwsdqQqaRXWkOvu2O/D56Wl+/vkZX9495ifhs8C7z3x4+ZmfPsOHtz/y+eNnPn96yZdPT5ue/v346X1T+Pv+A/z4+hM/v3nF13dP+Pr6Bm+eXyI7xZ+Lx6q5c/koNy8e4861k9y+epQ7V49wV5i+dfood0+f4NapY9w8cYTrRw83ew9oTpB3HkG+RQT7VbDJfyeBfnUE+NYJbXWE+tUS4VdKjPd2NqhuZFSnPoh368l6OUms507Bfu5oXNTG4r1MmsB1ygRqqbNJfwPhVrYk+0SSGJBJTFARkcG7CA8/zKawk/gGHiE4qIHQoJ2EbKolOLiWTcE1BIX8qmlaaN/UOH8noYF1hAfWExGwm3B/YZv8dxHiV0OgdxlBPiX4uudhrBvOcg0nnG0zhPZiYX4VQV5VbPLeKajD260WD98GvAN2EuafQ7RbOGmuztioTmeDxA8ErFPDQFkOI43laChpYmsWjYtzPi6ulTg4VuBoV4q7fSFeNilYa5vhZ2uC8eoFLJ6lhqd1Bs5WpdhZVWBlXYClXSaWNgLrLCwsczGzzMfcIg8z8xxMzbMxNduGielWTEwyMDZJb/qNYWPjlF8lYmyUiIlRDOaG4ZgbhGCqtwkTnQCMNvphqOWN4QYvjH6z3gOjde4YrXXDcI0L+mtc0V39i+bOtYiIiIiIiIiIyH+X5r4UEhEREfn3/bNB4D8IU/+J4O6PgdpvYVxjSPbber6tC/7HMb8N9P7JAFjwbbD9R7+N0Vx4+I/8LwTATcf7j+HknwPNvw47v/UXx+SfDoD/2PfPfl/2H+/7P7+9gv9jAfC/cl7/hwD4X7z2RURERP43/EcB8HfiG+i90J0+Gt50X+hFG2Vn2qm601LJkVazXWg9x5XvVVxopezAd7Ps+U7RnjaKjrRTcqC1vBVt5S0FZrSWNaKtnBFtZA1pPc2A76bq0VJKl57iqhgtkcLY3IJe09eyUE2c/JxYxszdQMvpurSarkdn6TV8P9OMFrMd6CpvQnclczrPsaPzXAc6qzjRVcWV3vO86Kvm+yv/prLffD/6LhDqgv4L/AT+9GusLwyir3owfReF0mdhyK9C6b0ghJ7zA+kxz5/uqsL+zvGgm4obXWa50EnYn47ydgJrgQUdphvTdpo+7WQMaD/NiA5yxrSfaURHBRO6zrKgt4odA+c5M2y+O6PV/RivEcjkxaFILotEWjMG2ZVxzFyZiNLqFFTWp6K8LoVZaxIFCYI4Zq+OY9aqaJTXxDBnbSwqQjlrdSiyKzwQX2rBqHnrGKWwjMkSiqyQlaDEQJzrtkN56TiQ+2bdeObWnzseXXnlO4hXLv145tqDx549uezclcOOvdjtOpI6/+mUeClyJHUjr/cF8maPF49qHXlxaBNvDoXyol6wP5NPJ4p4VhbGHgtJ7ntM46LxcKrmd+bYimE0zOrAvnmtuaHfj5NL2nA3XY00qz582m/BPsuR7NfoyvE1A9m9tDe7lvThpM5wYfkRXDYfxSnf+bzYt4WPd87x/vEtfn51j5/fXufsnkyO74wg028hO7xncHuLJjdzdWmIWc522ymcTVnC7W1LeVy4kquZSzmdupqq4BXsTrbjw52j/HTnCndPH2d3WT5htto83t0Y7CVzebMtqRrDqVj8A7tX9qZifTfyhW3JM1fiTLQndcEWFAesYau1LLnWk6hxl"
36551 [Forwarding screenshot on session b1310904-d161-49ca-a1a6-530fba7baea8 to remote] DEBUG org.apache.http.wire  - http-outgoing-101 << "aDBX44zSRrs9Jdn09K2nImX51LsBG7E9ufR1vGcTpPhiLB9+WFL2BKxlE32CjhpDSPOoQ8HUpR4VuvAZmsJMl0UOb3Dkyt7N7NvRyIVSWHUpcWR7e9BZXIYB0vTeXJ9H3ev1/Ps4RHeP7/EmT21hNgaE2uzhkRBlqs+8dYr2B5owKPTRXx5coKPD07y9vpufr6xnbvV67m5XZarIdM56yLPHpupHPRRpsBSnD1B89gTPI+GwNlUeUpR6TOZ46kKfD6mx/3quRxNG8nBpCGc2jaR41kTOJk9iWNbR3MuZwzH0vpxNrM/V7YP5FxaT84Ijm/tyfmtP3ApahC3wgbwIKYX1xJaczrmey7EdeN8wECuBo7ion9/TgR9z7GA1pwKaMNpv7acC+jIhYBOnPVty3Hv7zkVM4hPR5ZxIlOK10f0uVq5hr1JqmRbTMRiajtyHMXYF78C31VDSTKTwmdlX0L1B3IwfSkROsOoDpjHLn8pHu9YyvOCRdyNmkKhVmcClDoQpdiFVPk2bJvXigMOP3AndQpXIwdzPWUWr3YH8exoFk+OFfHkUD7PDubx7lgJ746UCNd/ifA5KOX50XKena7i0ZkKbp8q5faJah4c28ujE/U8OlnFwxMl3Bf6PzhQxb09u7i3exe3qou5U7OF27XRXCjx4lieN/u3uVOX4UDdZncOZoVwLi+KG8VelPrL0BAnxo6g4TSkqfH0SCyfXh7ny+tr8NNbfn79mq8fP/PuzSs+CdNvfn7Ky5+e8PrHl3z88oFPH77w+e1Hvn5+w9c39/jy9gYPT1VSnOBKlLsOd8/u4sH1Y9y6fIKbV09xXSivXzjKrQsnuXv+DHfONjrN3XO/1Ju7BzQn1CufSP9iQQUhPpUEe1cR5reTqMBdxG+qJco7D6Ol1sgNkWRqn8GojRmJnrwUTgum4jJ/Iu4LJ+K1VBL/VTPwX6uMn5Y6AXrrCbOxI8k3mvSwHJLCyogNqSMm7CDR4UeJCdkraCA6dDeRYbuJCN9NeMTvGqcjwxuICmvss1dY9ldC/9jwOqJDaggPqiA8sJxNfkXYWyZisDGYEL8SIjZVERFUTah/lTB/J+EBO/H3rsbLvx7/oMYAOJs4r0jSXF0xVpJhtdhgQvWWYr14Hg4b9FivroO7XTJe7kV4etbg5laNp1slvi4lBDhm4GriRLCzNaZrF7F6/hJ87bfgbluGk20l9vaF2Dluxc5BYL8dG9tcbGzysbHOx9o6B2vL7VhZZmFlsRVL8wwsTFOxMEnG0lRgkoS5UTwWRrFYGkdjZRyBpVEYFobBmOsHYaoXgJmOP6bavphu9BF4Y6LliekGwXoPTNY1Phns1hQC661xafZci4iIiIiIiIiI/Hdp7kshERERkX9f80HgtyHbb/4Wtv2rwd03oZnR1l+X/XVdv4RtJ4ms/H3Mv379c6N/LwD+TbNBcNN+/Cuh7r/S9xt/FwD/qU3wh/1vNrxtzv9SANzMMr/7bT//Yt//6e0V/B8LgP+1c/WXAfC/uc0iIiIi/4n/KABuNX41Xec60nWeCx3mONNSwYZWsxxoIW9LC0V7vpvt2BT8tlS0opWCJd/JW9BGwUog1GeY8X2j6ca0nGbA97KGfCdjQKum8FeHFpIb6T55LlrzxHGzNmbA6ClsjbLGynQj7cWW01JOm1Zy6+kkuU4Yy5IWs53oNNOAzvIGtFMyp90sS4EV7Wfb0HmOsI2qLnSd40q3ue4CD7rP9aTHXG+h9KHLHE9hPxp5CbzppurbpIeaPz3mBQiC6K4aKCwXIPT1E8bzotNcVzqquAjjNwbadrRVtKGtgjXt5IX9my7sl6wx308zorWciTBtLJT6QmlA+5kmdFGypIeyLX1UnPhBzZMh8/0YsSCIMYtCGbc4nElLopiyLJppmnHIrYpHbmUcsppRwnQUcisima4ZjtzyMGasCEN+ZTgzV4QI0wFIL/ZggroFw1TWM2z6SiZOVERTYhLbV4/ikll/npp35KlZBz769+dJUGdehPTlhX8f3mzqzduQXtz37MQllx6c8RjHbkcpKhxmcTRCm1c1QbytC+R5tTdP94Ty+UgMz6sCeXNgK6/2ZXO/YBM1BuO45z2Nc1ajKVveg4Paw9k5rzX187/jinZfTi1qzb2E2Ww268nnBl1OW/3AxZVduKXbh1MrO3F6ZQduGnbnvFFv9llO5El9LE9uHOPh/ds8fnSfD2+e8eXtE25fOElpfhaXD9VSFe/CkQRzTmS6cSIvkDT7BZzKsubcNhPOZulzLE2LQ5sNuVi+iZv7c3h17SQPr1zixYNHHDnQQLK/EwWBllypTxH6e5BjqEiKUk/qtEaTu34gSUaTaIi3ZX9MCEX+lmx1X8YWWyW2mE5mh/0Uss0nsi98CTs8lPFd1ouDUbM5HjGRu+ljeJEnyY3tszmZqU1NvAV+FrNxN5TFz3gi5eFSwjJi3Mq2pcJ/DTuChW2s30ptQSx1O9LYnbeFfTm5VCalkh8dQV5SMI9v7ufm5SrePD3B4xtHqdyWTknCJkJMFpLprMVWh40kWCwn0lKDK/sz+PTiNO+fnufz41N8vV/GwzoDbmbLcTFQivPuM9ltPYV61xkUNJYBqtT5K7PLV55qTykKHYdzcrMCL/au4VaVCk8PqvLy4BzenVzI26NqvDm+gNdH5/HuiCqvds/kZd10XtfL8XqXDK/qpHnUMJnHNeK8LZLj7XYZXmdP4HnRQB7m9+RZ7g+82zyZ96mSPE+ZwN1tA7m3fSDPtozg5eYRPE8ewovkoTwRyhvxA7meLly7WeKcy5bl+d513KlZx974OWyzkMZRqR3b7cWoj1iCx+LBROpL4b9+MCF6fakOUyHJZDx7whdR4SUmXMNavNihyd1YaYp0OhM0uz2xSt3YrNCWbaotOGA/qCkAvhY1mBupirzZ7cuzw5k8OpzHi2M7hP0t5tm+fF4dKuHNkXJeCV4cq+TxiQoenqzkwZkqHp7ZxaNTu3lydqdAmHemlEcnynlwtJYHh/Zwb08Dd+tquLUrl2vViVwuD+FUji+Htnmxe4s7uzL92JcVyYncGO5Uh1AdMp3DiSOFfejJsbgJNATOYE/cam7ujeDz/d389PgkP7+5B++e8vXzUz59fciHr3f49PNdfvzyiJ/ePufn50/4/Pw6N46XcrwikT1ZfuxM9yDV14AH5+qEz9hJ7l49y70bV7h77TJ3r1zk/tVLPBA+J/cvCXXBg8u/1Ju7BzQnzq+IhIASYv1KiPIpJT6wmtSwetLDd5ERVoXuQgvGdxnNxM4DEO/UGR05SeznT8dBVRxXtUm4L5iEh8ZkfDWl2LRenjD9eYQYLsZPdyUxjg6kB0STEZrF5vBSNkfsIjViDynh+0gWJEbsIyFyH3GC2KhfxET/Vt9PfOR+oc9vhL7CNsVHVJIUXUNiVK1QryY6pDG4LsTfI4/YkFqig2uIDKokIrBcmFdNTEgV4cJ0YFA9ISG7iPTfTpJvTFMArDVNguUThhCkuxx9VSUsVmlhtNqScL8c/D134ONRiY9XNX6elQS4FRPonIm3lSfBjjboLZvHuoVLCXDcirdDOe4OFbg4FeDivBVnoc3ZIRtH+2wc7HJxsBXqNttxtN6Gg+VWQSaOlpuxM0vGzjgBR7NEHMwSsDaMwraRcaRQDxUEN7FqZBD0N5a6/ljq+Ap8sNT2wkLLo4mZljvGG9wwEjR3rkVERERERERERP67NPelkIiIiMi/7x8Fgd+GZr9oNjz8p8LPb/v/aaxfA0MZ199CvX9mvL8O6b4NCP8yTG4mzPs2HP7rIPp/MQAW/DFw/2af/kH/5vzD/f53AuC/aW4//2Lf/4Xt/XfD1H89AP5Xzuv/EAD/y9e+iIiIyH/uPwuAx66ks7KNwI72yg60nGlJSwVbWsywpoVQtlS0E6ataDHTXJhnRqvpJr+EvoKWssZNWska0kJal5bSegJdWkhq02LKRlpIbKDbRBU2zBXDU2sOy5UkyUtxZ5KkBB0nL6GlpIbQfynfSQrLTBfWoWBD6+kGtJXT57sZxrRWMPuVBe1m2dJhtj3tFR3ooORMx8andme7CtybXkXdqfE3hwWdV"
36551 [Forwarding screenshot on session b1310904-d161-49ca-a1a6-530fba7baea8 to remote] DEBUG org.apache.http.wire  - http-outgoing-101 << "TybdJnjLfCha6O5fkLp36Rz06urfemg7El7FVfaKTvTdpYjbYX9bC0vrF/emjYzGwNgC1rLmfK9rGlT2RQCC9vUVtBeOA6dFC3pKmxTr9mODJjrwSBVH4aq+TNywSbGqIczXiOSyYsjmbI0CullMUgJpeSScKSWRCC9tLEMQWrxJqSXbEJm6SamLglsep20+HxfxqjaMGSWFsPlVjF+3AwWTxrJ5uUDues8lJc2HXlk8h1vvbvxJqobT5P68SJjKG+T+/FWmP4c1Y9X3v05adiTXeuHcC1oDRfCDDkRZsTxaBOuZrtxaqszFzIcOBFjxtFUL/YneVLovIyctQO44iXOcbuhFK3rSoPpYCoXf0fDkjbc1hvI7bU9eJamQr5VDz7vWs05s55cXdWGe/pdOa3ZgnMrWnDb4HsO6Xej2luD/Bh3UhJjiUzcTHhMEvW19eyt2UVV6U62ZFWSsaWM5Mh0sqPjKcvcypm9e9iRnsC9k7u52JDN5YZMjpXHcfNYAR+fnuHRnTM8fHSLh8+fce3efU6ePUXJllTinczZZKqJ8zIpzOV6kKA2mMzFQ9jtsYDaGCOqEt3J93cn29ucZKsF5DiqkmkyhRIHOdIMJpBrr8h2RxVcNfpRGTSbfREyXMuQ4WH+bE4kKHMq05TDWb4Ux9iR4LKE3KBFZDqOp9xHgZ2B63jesI0bDcUcrd3B3upsyrfHNwXAuzIzOZxXQHFcFEXJmyhI96WqMETYl2NcPlTE9nAfwizXEm+7lGgTdRJMl5LrqUuM7WLy4q14cecAH55e5OfnF/nxxg7u7zTiboES5wPEOeMmzW6bSVQ7SZBrNYGG4DnsClCi1EWCQvsxZFn24/w2ZV4eWMuzvRq8ObKI92dX8unqBj42uraRD0L56eJaPpxfxftzK/hwcRUfLq8RSk3e31zMu9Nz+XhqJR+Pr+bDkSW8OzmH90dl+VA/iU+VkvxUIM6Xoik8qZrCixoZ3pfI8GmHDB+yJfiYI8G7HHEeZYzhcZ4417PFeVwzjy8XLbhZoUnlpmnscJTHR60b6aajqAtdxKbV44jQkSRww1DC9fpT7DeTZOPx1AWpUeI6jte7dHhWtoo7iTLs0O1M8Oz2JCh2YcvMNuSotOCg7SDupgjrih7EzfSZvN/jxeeT23l1pIA3R3fw7lgpzw8W8WRfIS8Pl/P6RDWvT9bw4kQVz09W8uxUVZPn56p5fr6KF+eF8mw1T07V8uh4HfcOCg7s5sGhBm7tKedchXDNliRyJieYE9v82C9cIw1ZIezLjuZ4fizXKwKoDZ3ByaSxHA3vxeWEcRz1laDCZRJlAdPYGa7GkS0WXK5MELahnq9PbvDq4WmeP93Pi+d7ePXkEG/unuX19fO8v3+Mii2eVKY6cqwgkLp0F9J89XlyYQ/Pb13g4fUrPL51lyc37/Hkxl2e3rwl1K/z6PrVJo9vXGsqm7sHNGfLphIyQ0rZHFRKRkgVOdH1bIuoIcFjO9qqxkj1kWBqn1FIdumFlowEFrOksVeVwlJhLB4LJPBUF8Nj0UR8l04mVEuGGEMlog3nEGqwgDDjNcTaWrLVL5zS2Dzh81HONmFdWVG72RK9jwzB5pgDpMUeIDX2oOAQKb9qrDfaHH1I6NfoIOlRdaTFVLIlsVawi7TonSSGVZMUtpOUiN0kh9eTGLqL+OAaQRUJoVUkhVeSIOxPyKYaosN3kRiST3bkZgqCQzCcJYPuzEkE6KxghZw0hktWY7nRQRivlFCfEoK8Kgj2rSbUr4pQ71IiPLIJc9kksEdLXZmN6ssJdt1KgEsZPs7leLnm4+W+FS+XLLyccvBwyMbNYTvu9ttxs9uKm20mbjabcbdJx8s2HTerRFzN4vCyTsTLKgFn4/AmbubROJpF4GAWjr1JKLZGwdgYBmJtEICNnj+2+gHY6fthq+eDja4XNjqeWGt7YCUw2+CM6QanZs+1iIiIiIiIiIjIf5fmvhQSERER+ff9RRD4bUAn+EPY9u0Ton9arilAa67tb2P9g4CzmbH+oW+W+2MI+E04+c1YTaHhn8f+Zh9+DwW/Dfj+FAA29f+t7X83AG70h2P0523/rf0PQemv2/Bb2z8Y+9tx/zIAblr+z6HnN/2+Wffv2/T3Iem/tb1/6PfX/p0A+J8/r/9TACz4F699ERERkf/UfxgAr6CTkgUdlBqftrWmxXRzWsy0pMUMC1rIW9FSwZqW8o3T5rSaYUorORO+a3wyVtaEllMNaCmj3xT8tpii/Xvw2xT+rqeF2Dq6jFdmpdI4wtbKkWKqhr2JJl2GjqO7+GI6iSnTRkKdFlJmtJC1EtZtSks5o6aniVtON+K7mWZ8L2/epI2idVNI20bBnrYKjrRTdKK9kisdZrnRsTEEVvagg4qnwIuOc7wFPnSa4/c3necGNOk0x5+Oyv60n+1FW2UX2s5ypo2SE98rNr7SujEEtuP7mTZ8P92K74Vj8P10y1/KGWbCei1pr2hBR0UrusyypbuyE71UXBmg6sPAeX4MmR/EiIWhjNGIYrxGNBOFsjEEFl8ilBrhTFoUgrhGKFOWhCKxOBgJjSBBAFMWBwqlH2IL/JksbOMYFQeGKOkxYvoaxoyfydwJwwlfPJDTzmM4b96Vazb9eBYykffZU/m8bzY/np7Dx3oJXmwR2iO7cte9M6fNenLRfTo/H08R/oV4AF4e4sXlQu6d3MqbU3k835XA16M5vNyXx51dGZT6rCVjZU/OeYzluMMgqg16ccR+BIf1unBmY2fuGw/ivl4fnicrsM28Gx/KNZsC4vrVAzlgNJHKjSOpMxjHEWdZajwWcmdvBTfPXefm7XeU7zxFaGgyB3Y2cHTXLqp3VFC/+zjBkVvILqijqKCa4sIq9u89xKE9+7hx7ix7yndwel8t9aW5XDx5gBdP7/Hq3RtuPHnGmTuPOXvvCeeuX6c8v4iqzK3EeTtivVIenRk9sZPqROKyyZxOdqIs3oPUQGdinWzI8jQlUbgG853UyTKTpcRZiS1m0hS5LyTDbi4ms3sQbylNvPkwdoZJ8PqQKbuilKmMWkWy2wrs18zAZtVYYuzF8VrTjTxvRaqidPh0/QgNFTuori1nV20BxVvjOVhWSFF8POeraqhJT6QgIYBwT13SIi04uzeTnEh7tgfa4rlemRTnpSRYLWKz7QpSbZaT6LCUKLeVZMY6cffCfn5+d5uvj3fzoN6Km7mzuBQszkmXiTQ4jKfcbjwpBgOp9ptBbYA8+Q4TybYexlarfhxMnMatCnWul6hwt1SJeyUKXM2Zyo18WR5VzOblLjWe7ZrPi/qFvNm7mHf7lzWVL+oX8POJ5Xw+oM7PB5bz9fB6vhzW4v3BVXxpUOVrjRRf90/na70MXxtm8WzPAr6cWMuPdQv4WqvG1yqhTxMVvpTL87FGgedlM4Qx13KjaA7nc+aR4zKWVL1xeKh0JFZrIKUeygStGkes/jT8Vw8mTHcgZQEKxGmPoMRlBjv9pvCmXo8nlWu4nSTDDp1OhCm1I3lGJ7ZN+468WS04ZD2QuyliXI8eyK3NsnzY58a7fSl8Pr6DD41P/x4o4OXxcj5e2svrM3W8Or2LlydqeXGkkrdC+fH0Tt6eruTV+TJBFa/O7eLF2d08PdXAk5O7eXFuP/eP1nBjXzkX6os5W7uDKzuLOJcbw9nsYI5uD2F/ThSH8+M5vSOO+7uE6ThlLqSJcWRTby6Gj+aI2wTK7EZRHTKVIu9JFAcocr7Ak+fHajmzs5JLwrouXC7lyt1C7t6v5sGdYzy+epa3d/ZyoNifHbEmVCVYcHi7N/nh1jy/IHw2bl7i8fWbPLv1WPCEFzce8+LWfZ7eusXjmzeaPL39S725e0BzCsLLKIioIC+8goKoSnKF6XCbOHTn6DF9oCQKP0xCpkd/Vk6aiP60STioSuM4RwyfxdPw1piK/1JpfJeIE6A5iQitKcToSxGpJ02skSKxxvOJM11Nqq05eT5BVEZspjK2kOK4XeQn7CVPkJuwn5zEA2xPPMS2xCNk/Wpb4tGm6ZyEw01yEw6Rm7iH7ORatgmyEneRGVNHeuQuNkfuYUvMQWH6IBlR+9kc1SC01wmfw"
36551 [Forwarding screenshot on session b1310904-d161-49ca-a1a6-530fba7baea8 to remote] DEBUG org.apache.http.wire  - http-outgoing-101 << "RrSo6vIiN1FSuweNgvr2xyWR05oKpmeXiwRn8TCCSNxWKbGyhmy2K4zwFbbgaSQQuICy4j1ryY6oJqYoEpi/cpI8MklwTtS+Mw6sU5VAR0NTSI9swj1KCVIEOiZI8gkyD2LTa45BLhk4e+8FX+nLfg7ZhLgsBl/+1T87ZIJsE/C2zIaL9MIAqxj8LeMwt0wEHejIKE9HHfLCNyE0tU8DGfTEJxMgnAwDsDB0A9HQ18cDXxxMPDBXt8Te10PHHQ8sNdxw0rLEQst+2bPtYiIiIiIiIiIyH+X5r4UEhEREfn3NRMEfqP58PA334agf/R3fb8Nzf4QzP1xjL9fx1/4NkD8sz/tyx9CyT9oPrz9h/3/Nu7/fgD8x5Dyz/P/NO8bf3yi9e/7GUX9D0H3b+v5i+PZ3FOzfwisG/0hxP0ntvf/aAD8i//5vP4TAXCTf+HaFxEREfkP/UcBcMtRi2g3w6Dp1catZ5jQQsaAFrJCKWf2Swg8UzC9MaA1bnr6t9U0I76TEQhli8Ynfhtf99z41K+E1q/Br1A2hr/i62ghtpauE5RZoyJGkq4Utf4rGTN6IL0mK9FhvCpdJynSRkJDGMdKWK8pLaYJ48gK4wpjNwbBvwfAlk1P57ZRsBPqjSGtvVB3op2SC+1nudFe2Z12sxt50q7xyV5lryYdlH3ooOJLx6YQOIBOTQFwgNAWIPTzpq2wXJvZbrQRxmmt2BgCOwpjNxLGnymQtxXYCfVfngxuq2BDO0EHRTs6z3Kiu7IbvVQ86T/XlwHzAhistokRC8MZvSiKsYtjGKcRzXiNKCYsimT8wjDGLQxhonoYkxeHIaYRyuRFm4QySBDIZHU/Jqr5MlHFn1Gz7Rg6W4dh8msZOlGRaRPH4rB4JLWeClRaTKDSXIJiq6nsT1jIqeKl7M+S41T6ZJ7kyfI6fQpX3YawU7cfxzzn8fORLXx9eoRPb07z4NlBbt2p4fmVch7sSeLTyWwuliVQHG5FyAYpduj/wCX3MZyxHchew/6cthrJTauhPHIayXO3cTxyGMPzzbPJsu/O6wZ9Dm9S47D3WvYGW1ITYEFtgBV1cZ7UJIdwprSYB2cv8PDKDU7tP8n+slIeHN/D9fp8ztXmcH5fBVfOHOb00QaKspM5sbeQ8wfyuHiggINlaeTEeFKcEkpSgBvl2zL58u4dr56/486DV1y8+ZxL955x/tYtjuw9yuldRyhKTSHSXR/LJWNxVOiHq8JwdoW4sCsricyYYGLcrcl01SXVdC45tqpkWUwXTGWLhSxZDnNIt1PFY9UE0lyUSXWeyu6UBexNmct298mEGo7FY804HJdOJNdfhYKAyUQb9KbQdzo1Ceu52JDL8SMNFFYUsO/AToq2pbO/vJR9hUXsiE9gf2E2ufFBJAbbUJzpR1WWP3GuWsTZriPSfBHJTgLbRaRaLybGeB5JTkuIcFpKqIcuL+6dgzd3hXN4gMd7nLlToMbVMGnOeExmj9N48i2GNQXAW6zGsc1uMtttJ1DsKkaG+QDK/Mdzq3oFOW79KfUaREPoWOqDR3MsQZLTqdM4mTyVs5nyHEmQ5lDCVPbGSFIVPJ7aMHFy3cdRGyxDiftwClyGku04gi22oylyHE6JaVsOWn/Hfpvv2O3WlWTLfpQETaLYsSd5Zh0otelOtWNvYV5vToYM5khQb46E9afWrzd7oyZyMFGBPDcxAhb1wkWpDXEb+pNuKo6jSh+itKfiot4Tb80ubHeQJGTlADJNJlHvL83bfUY8rtnAzVRZivU6Ea7YljS5TmTLtCZPsSUHrAZzM0WaK9GDuZE5nfcHPfj5xHbeHSri3clKXp/dKZyrPKq2RbOnJJ1bx2p5c/kgr8/UNwXAX07u5MOZal5equHl5QZeXTzIy3NHeH76AM9O1fH0dJmgkPvHs7l/bAe395dyrnw7lwqSuJAbzYmcSI7mxnJqRyJXK+N4uT+cPZGzOBYnyeHwCZyPU2C3uxzphuOJMRlDgt0P3N1jxOcH6Xx9dxI+PuDLh5t8+PEo79jJu59qef3qEK/uneDL84Ps2upIbao1ezMdKYkwpTDSgfc3TvDm9lWe3LzN8zuPeXHnCS9vPeLVnQc8v3uXp3du86zR3TtN9ebuAc0pjy4X/i7soDiyhILQfCKtwtCdtQ6FQVOQ7TmCKZ17smz8OMwUp2I2cyJmM0biPl8cNzXBAkl8Fkvit1SMoJWTiNQSI1ZfoDeZBIOppJopk2K6kASj5aRZGFDoKfzNiEimJqmM8uSdgjpKk+uFz/8edqTsozDlADvSDlMkKEgRJO4nP15oT9hHSdLBpn5FqbuEfrvIia+lMHmf8HnbS2n6KbJjDpAbd0RwSHCAnNg9bI/ZJaglO76ODKG+NVaoR+ZRFpNBto8PmhKTWSoxHqtFc1kmI4OLrgVeZl4kBmwjPaSUtKAKkoJKSdxUTJL/DlJ8trPZL5YwG2uWyEpgsFiTRN9txHgXE+FdRLhPFpE+6UR5biXarfFp4QxCXdIJc93MJvskYTqNEMdEQhziCHWMI8g6XFinJwGWwQRZheBp5I39ekd8LYPwEtp8rMPwtg7F3SyoiadZIC6GPrgb++Am9HUz8MJV3wNnPTdhHFecdJ1x1HHCQdeh2XMtIiIiIiIiIiLy36W5L4VERERERET+kd9Dz78KNEVERERE/m/1HwbAC2gnp0NrWW3aTDekxVTdX0JgGaEua/xLGNxYn6pPq2mGtBLmNf7O7/dCvfHJ31aNIXDj7/1KaNFSYgMtxBvD3/W0FF9LC7E1dJ0wh2VKk8h3X0rghhkMHD2eTpPm0llsER0nqfHdlFXC2JZNvxvceqqwTGOwPE1Yb2PQ3BQAWwilBd/PtBbqNrScaUOrmfZ8r+DUFNy2neVG29keAq+mULedijftVXxoP0eg4iu0+Qhtfk2hb4fG8HdOEO2VA4V2X9oqe9FmtietZ3nQWsld4Mb3ii5NY7duDJgVf9H4xHFbBQfaKjY+eexAx1nOdFH2oOdcH/rOC6D//CAGzQ9m6MJwRi6KZsySOMYtS2DC0nhBHBOE6fGLoxmnEcGkJdFMXhbFBI0wxquHMGHRJkEQ4xf6M07Vl7HCfgyfZc4PszYwWHEN/SYrMXbSZLSXSOK+XhyH+cPZ7rKewgBrCiIs2LPVkVNlnhxNXEeB2ThKjYaz01yMrWvHcSTSlJ+uNPDjyys8fn6RO+8u8fD9GZ7fruHR0TRu10VxKC+IeIfl5Lqos89+EtfdxnHKsC91q3qwZ1lvLm0YyA3rEVx1GcNtD0keZ80nw6knD2o2UuW3gFx7LZJsTQgzNcBPay2u+vp4GeoQvnE+2x03UhxkR46fOXn+hpQEbqQicA3FPsvI91lKrt8q8oM3siNKj8qY5ZSHKVMWOp9szzmkOcwjykyNWOu1ZPg6wds3fHzwjMc3nnDx9B0ePHzN+WtXOb7/JIdL95MYtAk3c00M1IdjJN0FS5nB1IT60pCXTWpEIPE+liTbLiPNSIEt5vJst5lBksFEttlOZ7O1AnEm09nisYCbdf5crnHmxaUwIk1/wHNRewylWuKu2gN3lT5UeUhwPHYitR5j2GY1jCK/Wdw+kMuhumJq6oqoqS1jz65aqgoKOVqzi6yIaI5UlZEVF0KIlwUndueyMyeCVB9j4u3XsUlfhUSH+aQ7LSHWeC4pVuokOWiQ4r2WMHddfnx7j59f3Obr8+M83ufJ1Zz5nA+S4pKvDHtcxMg2HU6RqzSJxqOJ0hlOuvlEKn3kCV/XkyKPSfz8IIxovc5ErW9Pkl434rQ6UegwnFo/cXYKDkTJk+Mwks2WQ4g16E/Q2q4kmI8lwlSBujgjCpxlSDccRMz6/oSvnYCfxhD85ralUL8dux27czR4PDs8ZTiVtZbtVoMI1/yO6FVtiVrxPclrv6PWuQ/nokZzOmIEu7z6citvPsfT5hNjMJTQ5T/grNiG6LV9yTCdgufCocToyOGm3hdvze4km4wlat1QNhtNoMZbnM/HLHlUr83NjOmUGnYhWqkdm6d3IUemA9vl29BgNZYrKYqcjxXKLbN4fdiXd8dzeXWikndX9rOvNIONq+ciP3MS6uoKh"
36551 [Forwarding screenshot on session b1310904-d161-49ca-a1a6-530fba7baea8 to remote] DEBUG org.apache.http.wire  - http-outgoing-101 << "Aa5cOFIrXCuD/LmzG4+C95dbODZtQOCk7y8fI5XF87y+twh3pyr4v2lbJ6fiuHKLjdu7Q7m2eHN3KxO4WpxEhfy4zmZE8OpvFgulcVzb1cMbw+GsTda2N90DWoj5rDFRR47jVFoz/gBq/kjibQczM9PPeGNP1/uxsO7Pfz0bj+fP5Xy6ccMPn5K5t2zTF7fzOfL4zr2bHOnKtGa+jQHahIdKU/05sOdc7y9f4tnd+7w8v4jXt57wOs793h9/z4vHzzkuTDd6MX9X+rN3QOaUxpRSE18GUXB2fhucGLReCWm9RiJQv/RKPUbgsaoUehNk8BUXgwj2RGYTR+Ko8oY3BaI464uhdcSKfyXS7Bp1STChOsmRnsCifqTSDWaIpAVPodKQjmfNBNNMi02stXOkuKQOCpjs6nfXEHDlp3sythFdXodlWkNVG3eT+XmA1SmH6Rm8yGh/SBVKfuoSNpNZWo9VRm7KU3eKfTdQ23mYYoT91CaICyTeozSxMOUJBygOH4fO+IaKIqrF9RRGLeLgoRd5EVXUB5fSF3SVnK9vVgpMZlFE0ahO2s6s0eNxkXblGSfODKDt7E9rJitQTvYFlbClrAitgYL/LeTF5xMoKEBymOGYLV8NRmBWST75Qt/d3KI991Mom8yyV4ZJLttIcVrC0me6aT6ZhLlFEeSVyrhDpEEWQUR6RRBtHMExksMCLDwFqZD8DF1w2ixDhFOoQTbh+Jp6ou3mT9+FoH4CKWvMO1l5CmU3viaeOMj1L0M3fDUd8ZDzwl3XQdcdWxx1rFp9lyLiIiIiIiIiIj8d2nuSyEREREREZHfnkr9h08E/wtP2YqIiIiI/N/jPwuAR6rSTnY9raeup42cDi2ktQRC2RjqNr7aeaqBUOrSQlKn6UnfllKN9V+mf3niVyAuLNMY/Ir98tRvY/DbavIvGgPgRQoTSXLTYrbMWHpOkKfdJHXaTFpEy0krhTGEsaRNaCu1lk7SK5ue/G0h1/g0sBEtZRtfOW1Oq+mWvwa/jexoJe/Ad4pOApem4Pb7WR4CT1ore9Nmji/t5/jRfq6/IJAOgvZzN9FB9RftVUOEthDaqATQWsVH6O9HG2UfWs9qfCW0sPxsr6YxW850anqddFsl16ani5t+M1jZg45CW9e5PvSY50/v+ZvotyCE/mohDNGIYuiiKEYtiWPEomgmrEhhomDC8kTGLoln3OI4Ri+KbNL4+8DjNMIZsyiEseqNNjF6YQAjVb0ZruzKkLkmDJizht7yS+grrcyoKZKsWCyDwaLJLJ7Qi3Q7Iy4Ub6NhSxjnKvI5X17MT9eP8fZCFZe2u1Plu4aqYGNOFcby0+MLvHl6lTv3TvPo5QXevj3L22slvDuRysU8Zw5vcSPecj7HE0045CjJFYdxnDT4gexZbcmb2YlC6e/ZOuN7chd1ZcfSvpwOlmOzeVfuZM2mwlqcLJ1ZxK5XJlxTlgytmQSvmk62wwJ2e8qw10uKPX7y1AfPpWbTPAo9FKgLUqXITpIqp2lkG08gfNlAghb1IX5dR7YatqPCbQiJ2t2JWDOACK3J2KmNwXHpTOFfuff4+uQRH+4/4tnNRzy5/5jLVy5wuHY/ZUk5xHh5EOi4Fm3VARhIdsBJfgzlfm4kebqQEelNvKcOCWbKpBnJkGwgzmYzceL1R5HrKEeqqQT7Ytfx7lQ8T/YF8uCAH1cbHCnym8F+35l4yXxP7NxuuI9vTemGAVzwHUj28tbkbOhFlas8D6oyeHBsL3tKsynJz+bimfOU5uSxu6ScgtQ06ouL2BwXgaeTOfeuHKFkSzihDhvY4mdGgL4yUVbKJNstJNN+KWlW6sRZqRHvpkmYhx58egrvHsODQ7w5Gc6FrAVc2DSDcx6ylBiPIse08beIZ5NhM5Ut9jOIM5hIiacyWbaS5LtK8fPDZELX98JRpRVR6wbgpdaGhA39qfdX5HyKJncLjDgYrUHkhqFYKH2H1Zz2eK4ej92GJZwszaDEW40s/R+IXtwVK5lemM0YwsYpHWgInU2V+wjOJczESbENZ1LWCuP3Y5NmT/yXdGPT8h7Cue1Ahf1gbiZP40biFGpd+nK/SJPz29ay1VEWnwW9sZraivCVPdlsKon7/GEkGc3Gf+UI8j1mkClcX+VeKuTaSFLmMo4vJ6x52KDLjYzplBt3I2Z2R5KndWHrtO4kz+hCtc00zm/V5FCUJKe2qPPsaBQvz1fw7tZJzhysQk9vFaMlxjBOTpwxsmIMEx+FhY0Bl07t4dW1o01P+X68c4ZHN89x/ewpHpw/z+vL5/hy/RA/3S7nSpU1dQmKnMxWozpMhhPpmjyv9+dmZSwXixM5nh3BydxIbtck8Kg+khf7gtmdsIrjeTZEOC9CWW4ISooSqEpLsl5yLMe3r+Lu3lm8uaLM18dG8NiPr89i+PmJL88vbeDxaXXenF7D66PW/HgjnxM7IiiJsuZwdiA7ohzYtSWSTw+u8f7JfV4+vM/ju7d4eOsyL+9d5fXDOzy9d5+nwufk5aOnvHrynGcPHjd7D2jOzrgiUh3DMZu7DtXh0szsMwr5vsOY0as/akOHsHLSaPRlJmAkNxYDmaEYTxuElcIwbFXGYD9vEi4LJ+O1ZHLTK6BDV08gesNE4rUnkaQjRpq+NJsN5Uk3nE26kSqbjdVJM11JkoUhOV7ewjFO40jWDg5vr2T/1mr2ZNTSkFlPfWYDdZsb2C1oyNzLvsx97NuyR5i/W2jfxa70ndRn1FObspO92w6yLSCH/duPUJNUR01yPTtTdrMztUGoN1CdWE9l4k4qk2qpSiinLimfvUmZlAb4oTVVErVRQ1krJ4nswIF46VuQHZpOUVQeOyKKKAotpCR6B7nh28kLzSM/SPjch6YQrK/P7OH9sdJYQvamTDIDsknz30J6QBIZ/nFs9U5lq3sGWzzTSHOPZ4t3MqkecaR5xhFi4SOsx5EkjwjC7XxZJKOMzoIVuBtaY7FKG+Pl6/ExdSLULgCb1ea4aNkRZhNIqJUfQaYehFv7scnMQ6i7EWTsSoCRE/4GDvjp2eOra4uXrhWegubOtYiIiIiIiIiIyH+X5r4UEhERERER+avXEjf3CmcRERERkf8O/1kAPHw27aau5HuplbSWWU8LybUCLcHGX4LfxhC4MeyV0KalZKPG4LeZ8PdvAfDv4W+j7uOVWaEihdl6NUaKT6HDuLl0nLKSdlKraSlhLIxjQQspXaFtOV0ll9NSzoAWciZNTwH/OQBuIm9HKwVHWik6852SK9/NcqfVLA+BJ9//GgC3U/UXBDZprxr8jdC/aaMSJAik7ZzGMoA2s/1oqyxQ8aXNLG9aybvTca4wPcuLdrO96Si0//Zbwl3nBdFzfgh9FobRb2EE/edHMGxJHEM14hi5NJHh6rGMX5HGeM00xi5PYvSSREYvS2CkRkyT0UtjGKURwSj1EEYtCmbUwmCGzw9kSONvCc9xob+aCX1UV9JDYRH9ps5i9BRJNq5S4Pq+TG5WJnOrKJ3HO9I4luBCQ0Io+cEh1CeG8HjPNt4f2wK3Snl/Lo/XZ4v5dPcgX56f4svTo3x+UM+nmxW8PZrJy53hvCjxY3eoEUWe63i5P6EpAL5gP56D+sNJnNmRBJkuxI//jugJLUmc2olk6W4ccZAiW6crjxKmULyuJ/Fqw9isLYuPQidi57QndcMItpiO4pD/KIpN25O2oR3brfqRYTeSaBOhr/VYsi1HkanVly3relFoNIYKB1kqHcdR4zaMhgBJdjiJkec8nRz3hSTba5DoqiX8K/c6Hx5c5uGVM9y5fJ471y5z9eJZbh8/z+6t+YQ5WxHpoUW4jQpuc4bioTieXHtTqpLDKYjzIMl1JenWs8mzlWerpTRZNpIkGY0mw2wCGabjKXKU4eo2ffbHLCVcfxg7E5c0PUH6uMCCKmMpgqTakyGMe8J2CjtWt+aIzVhqLSeTbyHH1/P7uL2rkqPleRyoraJqRzF7KyvZW1ZKbV4uNfm5xGwKxNnWghcPr5MR40ewvTaxztrEO2oSaq4oHJvZJFssINVyPgnWasQ5LSErxoWv75/w9e0TeHmW1yejuZSzjGNe09ilP45ta4cSq"
36551 [Forwarding screenshot on session b1310904-d161-49ca-a1a6-530fba7baea8 to remote] DEBUG org.apache.http.wire  - http-outgoing-101 << "TmQdIupeC8fSriuBImmsrjM64WNYltC1gzkp2sJpFuJ4zSnC8ErhuI1vwdRqwaTayHJviB1dvrOI27jGFKMp2A3pychWmIE6MizfJ4aDSU5lAcsImtjD5IXt8NmaldWjO/JWrmB5PjOoth3Erm2/fGd05JTscsIX/MD7ov64bKwHw5zu+E46zviV3XgdPBkbsRJcsBnBM/LtTmXrcN297n4qg/AcmorgpZ2J2TVMDwXjSJaTxE3jcEErR9IjP5IYrRG4LOwK7uE6+LzSRueHTTmWrosJYZdiJjVkdhpPUmR+4GY2SOE86pCTeL6pifJaxNXc7hkE1vi/Ni2NRldYz0GTBhHx9Gj6SImToeJE+knJckQiUks1lzArsrt3L64nwPVeRzeW8u1y2e4dvYIR0vSqE22Zl/qahriZTmzVZKTqSO5vEWCWu/+HIuR52qJC+d3hHClPJFLgnPFEdzeHcPHKznUZzniarIAGenRjJgiRvdJ4kwRV2S97EzqkzTZu2UYB3PacqNuKM+PzeHxwWU8PrSQu3umcrN6OFcLBnJ2qxgfLmZypiKRygRXjhVEUhztQVVGDM9vXebFo/u8fPaUN6+e8vbVfd48u86bJ3ebQt/nD5/y7MGTv2nuHtCcaHMvVkmpMKPvaGYPGc+sQSOY0asv84YOZvGYoWiOH8zayYPRkvgBbamB6E0diJHsQExmDsFs1ghs5ozGaf5Y4XoYg8+SMQRrjiN81Xhi108mceMUUnSnkaI3nWS9GaQYKJJsNJdUc03SrLTIdrGgJmwTRzZnciqnhJM5VRzJquZYTj2n8vYL9Xr2plWxN7WSQ5trOLJ1F8eyGziet5f8oM1UxeVxLHcXu9N2sGdzCXszy9mbIdgsLJNew560WhpShPkptexOqmJ/WjmH0vM5lJxOdZAfBnLSLBg1mDXTJBDr1g0/A0uKIjZTHVdAdWQ+1WE5VEfnCG2ZlEbkUBmWy87IdML09JgzuA+2i9QpCttMbvAWtm1KY/umOGG7oin0TabQczN5Xkls84wh3y+RvIBEtnpHEW3tRbCpIzGO3vgaWzN91DgGd+iM5dr1rFWbj72OHi56JrhuMMNhpRHeG20It/Ag1s6XSKGMsvQg3NyVcDNnwk0cCTWyJ9jQlk36NmzStSZA1wJ/PfNmz7WIiIiIiIiIiMh/l+a+FBIRERERERERERER+X/TfxYAD1WgrdRSvpsikFpFC/GVtJBYI9hAi8bAt/FJ4F/D3lYS2kI/oU2oNxHXEjS+7lkgto6Wfwt+VwtWNekxfjYbF05Hd7UqgyRkaTt6Ad+NW8L3EsK6JKyFddjRSnIdnSSW0UVSkxZy+r8GwCbNBMC2tFRwoJWCMy0VXWil5E6r2R60UvYUSm++U/alzdwA2qoG0W5ecJP2amHfiKD9vF+0nRsq9A2hXWMYPDeY1ipBtJ2ziXZzAmmnEsD3Sj50mhdE+8bXR8/xp7MwZpd5IXQVxumxMILe6tH004hh4OI4+qvHMmxZEsMWJzJyWQpDF8UzdkU6o5enMXJpEiOWJDFqWTIjlyQI4hm9LJ4RGpEMVw8ThDBiYTBD1QIZMM+XHnPc6DHPlO6qK+mluIiBU5UYKyaOzjI5Hp8t5OKOEG5mB3MryozTvhrsD9Yh30uHUv81nM+z4WqhKVd2mHIgdiU7N2lS6bWUes+l7HZUYaeJNNWGUuTqyFNurEKJgSL7AvSpCzLgw+mtHHWV4YzzZHabjCF8VncCp/UkaEJbYse2Z/O4bqSM6c4JCxnKN3blXdwUStf2IWzeSIJXTWWL2XTKHWXI81YmxUWOLZbDqXAdS0OIDDeKtbheY8nBPH2O5utzu8yA65mLORc7l3o/RQrcZpPvoUaO+wLS7OeSaD+faPvFBFlr4Gu3Ek+7dVy9sJf3H+7z4NFFrt08xfUb57hy9hxnanZTnhBHjKcpwc6aGKoNw3RKT5xlRxC3Xp1r1ZmUxNqR4bqURCNhO82lSDWeRIblZNLMxpJpMpJc01GkrulNlvZgyh2mUO4hx774xWyxk2K7pRxRS8dhM7kz3jK9CZ3dnUKDAeywGE2etQxlwnF/c7KOk+X5XNxXze4deRwoLeZkdSn7i7ZxsDSXbbHhJIcH4+Fox6e3z8mIDiTc2RAvvQUkOK0gxnYeMabCfpvOI8VcjWSb+cQ5LaZqWyhfPz6BxgD40w3enI7jasFqinQGEyvfji2rRxKyZCDbnVQI1RHHc8VoYoxkCVw5Gp/FA4jRGcVPV+IJXjcU5/n98Vs2HB+NQfipC+dt+SC2mUiQYz2N7VaypBhOIclYFs+lI4kwm8eiBarUV2VTGbqIlFVtSdZogblUW5aLdUB1cjuCzCawSa8HKUbtCFBryen4hURrj8FJfSBuy0biuPAHvBb1JEW7D4e8R3MzfgqH/UbysHg9p7brkWSvRMjq0XiqdSJIswe+SweyafUUQjfOwEa1Dz5rBrBp3Q9Eao0kdFV/driN5cezDjw/ZMb5REmKDboQptyZyJlCH/nxuM4Yj9kCKQxWT8Vw8Sg2zh+DhooUGssWo7x0OUOkptNbSoGuUxRpPWkmHaRn03WqIj3EJBksPgFZRaHvwploqE5FdeYEFs4czZIZAzBe0J80R3HOZM3h4lZxLqT/wP3cYZyP68at9CHs8e1OdaDwucmx4mpFBKdL4zm3K4MLB7ZybHc66zUVkZCcxJDJkvSRmkE/xdmMlVIUxlYgwmkmVw+q8+iCDE/PT+PHR2v5+sCUH2/r8vnKUj5emsP7kzN4XD+bR6djqc7wIsljI3nhdiT7WFJftJXXTx7y8tVrnr18I3gu1B/y/Ol1nj64zbOHzwTPeXL/KY/vPWmqN3cPaI5c/5EoDB7L9AHDkejSg0nt2iPTrTMqP/RmybhBaE4cyIpJfVkzuS/rp/Rno2R/tKX6ozttAEbyP2A+axi2c4TrYN4oXNVG4TV/lHDdjSVUU4zwVWJErRUnep04sRunkKgnLVxHM9hsqkJK42vQjRayxWY9pb6OwucwhlNbcziWmc/xLSWcyqoSVHMuZxeXC3ZzMa+Ow+klZDoGY6a8DG25OWzSMcJ7zVq2e3myLy2JY9u2cGTLVg6mZ7E/NYeDqUUc2VwpjFfDweRiTmSUcTozj+PJKVQHeGE0XZJl44ejIz+NyV06E2HhQElEKvUJeeyJyaEhchv10Vupik6nNmo79ZE57I5IIWT9OhR7tcdSdTYVEemUhG6mMCSZHSFRlG2KoMI/kUrvdOF6SaciOIXyTUkUB8aR7uRPpLkTgYYWWC5bhf1aLaaPGsVwYd1W2utQkJzI1LHDMNFcgfNqXRyXbSTYwIZYS1eSbL2IMnEgRlg+ztyRWFN7YoxtiTayJtLQknB9c8L0zAjR/UVz51pEREREREREROS/S3NfComIiIiIiIiIiIiI/L/pPwyAZ9JOSoPvxBfxveRyWogvp6XEaqFcS4spWrRs1BgGi60X+mzgu8YgWLwx/N3QFPy2EtpbTl77S/g7abVglWAl3038RY9xszBeOgMn/QUMGDWKoYoGtJy4iu+k1v8SAAtaTVlDxykr6CglrLMpADamZWMAPM2cVnIWtJpuRcsZtrScaUfLX5/+bTnLVfBL+NtS2UvgS6s5/nw/N5A280JoOy+UtmqhtJsf8Y1IQVSTto0hsKCdmtDWFAiH0V41nPbCch1UQ2mtHEiXBeF0VN1E58bgd34Y3RdG0UM9hl6LYum7OJH+SxIZtCSZgYsSGbY8laFCfcSyVAarxzNaM72pPnRxEsOWJjNSmD+i8engpQlCPYHhi2MYqhHB0EVhDFUP5Yf5QfRT9aOLigdd5prRTWUNPeSX0k9qLsMnSjNdYhgmC8TwVJ9EgMoYNi8fT+qS3pRZSpJtNIls/REUGQ+lxHgISRpdyV0/kljVAUTPGkiETHdiJduRLv0diXIdCVQZS9xSaVJWCvRUqQg04v21Ig57zeCkqxj1FuOJmNuHwOl9CRbrRPLY9mwb05WMMb04ZS7LjtVdeR4lS9a68aycNJKpo0YyZ9o4DJdOQ2bmeGbOlSLFT4979VE8bdjE5WIHTpe5cKjEiXPVz"
36561 [Forwarding screenshot on session b1310904-d161-49ca-a1a6-530fba7baea8 to remote] DEBUG org.apache.http.wire  - http-outgoing-101 << "hzduoYTKQs5lqpBiqMc00Z9z/iB7REb2ofhfbswRihHDOvNwB+6MXriYKbITSQ2LYI3n19y/8VtLt48y9Vrl7ly+jI3DhyhMjkCX6vl+FgtxHa5FFqjuuItP5FA9ak83beFihgzUq1VSTebSa69Imlmkmy2nEKm5WTyhH0tNhlJmf4PlG7oT6XRCPKFY5muPQz3+V2xmtULZ5WhGEzqgo10J6KWDyBVdwAZliMo9JnD6QJ/rtVv5/rBYk7WbuVkaRZHc1I5u2Mzx/MTuVCVxc4tsaQGe5MaEcznl48pSo0m0cucAKOFhJurkei0iFTbxSSbqZNkrEqSldDmspSqrE3wufEV0IKP1/h4KYVrO9ZRZSqcP6UOFOpPxm/hQELWj8dUuSc6MzrisXwkvsuH4azWDX/NPvx0P5MEs8nkeKjhs3IktsrCsVHvRcLGkcRvGErChmFsMRVjm800orUn4bdqMsVhusxVkWVbRijFwRpk6PQkdVUHdCa3YP7ollivnMByme+FdbYgYn1Lgpe05ECEMiHrhmCm3A3L+QOwXjCAwNWDyLUaTr1Lf+4mS3DIbzAPildztdKaCGs5wrWF86o9gqBVvdi0diRemhNxVB/H/8feXQbnceSLv3/EzLKYmZmZmZmZmcmyGG2RRZZlW2a24zhgShwntuPESRyHHabdzfJmd7N4zp7zvSPnnP/93yq/uFX7areeF5/qmZ6e0Ux3T0/V81PPdCTq05+pxWieHrsLTVgqNeH8Tmv+64N+vr/XxLsrLjzbqMlstDrTIRYMB7lT5u1Oc0URzV1VtNQlU1OSRmFBOXG5leh7RqHqEoGyZwpSLonCmJWCtEMMEvZhaHiGoe/uyQ4rYzyFflZdHElrgTsF4eoMFGpxddmHzy6G8uVZZz4/asQvzpry7REtfnlKny821fj8gB735ky5PuvLC+sVHJ1vp746i6ySFMJTY3EMDkXfMRBz7xhMA0IxDHTCM8KD7GRvKnL0eO2FbP766yb++/sWoa2H4YcJ+NsM/L4f/tDJX74q4f75AEaanJhsj6M534PmXD9qc8Ppaihj98wsZy9f57V3P+P1dz/mjXff4+tvv+Q3v/4Vv/3V7/nh+7/wx9/9md/88nt+8bPfPPEZ8CS+emZ46xhir6iClbQ0HhqqRJjoEmGkRrSxEnGmSiRZKJMujAu5ztoUuetT4iXw0aHcX5e6ECNaI8zpiLSkO8pauIdsGYq1YzzJkalUR2Yy7JnNtmUu31boQ/asCn1hId+ajQoPtupC2KyOZKM6mRMd1VyZGuP+5iE+PPWU0BbX+PT8Dd47dpkbu/ezUtVGlV8kwRpGBKrrsFhVzbXFKfa1ljFSEMV4cTRbfeVcmOzkpbU9PDh+lPdOP8W7J5/lweFneOfIM7x/5Ck+PHaG97e2uDk7Sr2fOzkOVlSH+OKmqsyJ0WleWDvG3Y0zvLX/Am+tneHV1aO8vO8wr6ye5M7yGV6Z32A6OwM/BQkaQwN4Ye8Briwe4rn5fVyZX+T63BwvTq/z4riQN7LClelVnh5b4OLYHFvdQ6w0ddGXW0h5VDRRTo7YaKrSUJBBQUo0mQmh6CjJEeHswFhpDY2RKSzWtnGkZ5jD3cMsVrdwsHOncJ93s6+pg/WGdtbrWlmtbWKluoGlqgYWKxtYqGx6YluLiYmJiYmJiYn9a3nSj0JiYmJiYmJiYmJiYv+e/qkAsKR5AAqeyUi6JiHjkYmEq8A9D5FbASL3kh+Dv9uvd3YpQsp1O+BbKpT5n5m/2+suxYJCJJwLHgd2JZxyH5N0/JGWbRjlUQ5MVQYyPlCLrnsuIlvh2C55wv4NwnEakPQqQNazCBmvCkT+tQIhz/d/AsD+bUgGdjwOAIu2X/8c1o8ofCei7QBw1DCi7eBv9JhgCsmYGWTidyP7OPi78JhC0vL/ZeX/2A4Cb6eKyasoJAp58XtRTFhGSchX3g4Ux86hnrqKauIiakmLjwO/Wqn70E7bj07GJnoZBzDIPIhR1hYGaZuYZx3GNP0gFhkHMU7eh6WQbyqUMRLKPw4MZ28JqbCctoFF5j7M0lcxTd2LScqCUH4ew4QZdGKmUIsYQjmiCZWwItQCC1B3SxfqMBTvwCAy4oPpK02hJcaLQ82JnOz2485iAteH/Xll3I/XJgL5aCGJ/ekmPNuUwFSUO/1+brS72TIc4MB0qA29/ibURzrTleTGSm0M4+XRj78tyueXeHUskLcGnLjTbMdGzA4W/bRYdVLgkL0MJxyVOeKqz8P2IE5mq/HVYihTKc4E2AaiZx2LrXcaCRlVyLskoxmYy8TsHp46MMupqUqOD2ewNZzGUI0X3TlmDOfqMpGtSXeyNl3lQdg7m6FqYIm6mRuKhg6omDmhaG6DnJk5+m4uOIYE0To8yO/+8hceffklb7z1Nh998CWfv/czHly9ydnFYRaGi5gbzKcy2pFSSx36fYVrDTbnJy/u5fZWO2cG0jncFMKpjgi2mv050RXE2R4/XtgZwOv9XrzT7crNIl3e6/bgw5FwrjW7cbjMkq5gJcosJdiX5clamin7M/U5VKzLmQ5jvrzYyK9eXOGzZxb4+sYqD06N8+GZRT47v8qjU3t4dHaO60tdvLAxxqHxbl48fYSff/A2R3YPsbenjM3ePOYaIllpj+dQVyYHmlLYXxvL/rY49vWn89yRCf72/Tfw99/CHz/iPz4/widPFXK92Z6VEBkuVDmxmGvCSLYJNRHKFPhI0puqz850HXaXmDCZo8E/Pl/haJ8XV/ZmM11qRZ6jiI5wSY63OnF9XGjLZhsO1JhzrN2ZNiF/V5o2M1UelOXFMj3Uwt7mMJYKDZlL16LaR47hAg/29WzPUvZioXQHC4WKQj3acXnEn7V6W7pSdKiOUqM+VoORHC3Od5tyvUeN7w4782DOiJ8/l83HN9oYrLBjstCK1UpLJoTznCm2pi3GmFKfHdSGa1ARImK0QJ/ZEjPWaqy4NOrIf7zbw5/faOfDFVeutekzHqXFYIgd7UH+VCdkkFNUS2BGLsmZyeTmlgppCzYhBSg6xCLnmIKEafzjcUrWrRiRQ5aQZqLgHIGqgycmHm5YuFjg4SBNR6Yqzy368MmlML5+1oXvLpvym6cN+MWpHXx3bAd/fcaeT9eV+clRbb45rMUX+zV5uOrA8aEQmspjCUtLwDwyFiXvSGQcojENLELHIQzfmAhCE61o7fRnbNCbmZ2OnFj248OXS/nNRx18+WYdv/68l1992cPnDyv5ybsVfPxKJsf32LE2Hc5UXwSjbWHs2ZlDc2U8tZV5VNTUE59diXdUHilFzQxM7mVkepG5+VUunrvMrRfv8O7bH/LFp9/w029+8cRnwJNEWtsRam5BoJEBvvo78NbVxF9HjQhjZeItlEm0UibFVoVUezXS7NVJtxPYqpLhoESuqzKl3prUBOjTEGRKS7AFHaHWdIdZMxBpw1CcLWMpNkykC22fYcJElgFT2QbMZukxn2PMYp41C3kuzOf7s1Qcy2pFNodb6rg2Pc3rGwd5fmqOhaJqGvzCSDK2IN7YhBThXOuCfLk41sXN1V1cXWjj0nQFp4ZzWW6IYr05iUMdBZzd1cq13VPc23eAh4fP8NnpZ/hg6zQfbh3lsxNHubs4SZ2fO2nWZhR4OOKkqMCV5X3cOXiSV9eP8fbGWd7dd4r7q4eE9QOPA8Gvr5zi3uJ+5nKzCFaWojMmlJeW9/PC4ibX5le4MT/Hzbnd3Jpe4dbEfq6N7RXW13lufJ7nhLY6MzzJvo5uyiMiCbG2wFZHE2cTXRJDfAlwt6EoOxZnaz1iPJ1pjE+mJjSKfa1dHOzo41jPIOv1rRwRlg80trPZ2Mr++hb21TUI900dq9W1rFTVslxRx96K+ie2tZiYmJiYmJiY2L+WJ/0oJCYmJiYmJiYmJib27+mfmwFs4ouceyISTvFIuqQichK45Ai2Xwdd9GOgd3uGr3MhUtvBXleBWzFS26mQ/9jjmb8/BoD/N/ArJZB2zEHbNpiqaFtWa7w4OlWHql0CUp51ghLknCuQd6lEwrsYkdd2Wo/Iv+5/AsBN/ycALPE4ANyNREjP/5n9K4rYhWh79"
36561 [Forwarding screenshot on session b1310904-d161-49ca-a1a6-530fba7baea8 to remote] DEBUG org.apache.http.wire  - http-outgoing-101 << "m/0GKKY8ccBYKmYWWTi5pCN3w7+LgqWUEzeDvL+GOj9f60hn7SGQvI6SskbKCatI5+4ipJAOWkVle0y8XvRTN+HavIyGo+Dv+tope1HO+0AOhkH0c/cwiDrMIYCvdQDmGwvpx/ENP0Q+onbAd5DGAtlDYV9jNMPYJYprKfvxzBlXchfFfL3op88j27SHnQSZ9GOmUIjYhyN0CFUQ5pQDi5Byb8YGaEdpKyS0faMJ7qwjsyyRvKLqikuyqK40J/utlA66z2pyDCmNN6IlhxP0vxsKU/LJMg7HlvHWCxckjB1i0LfxR8jNxesnE2JDDKnvy6WkZ4CXrm6n//6/W3uTobwzoADbzVacSJCg0Puyhy1lWTLSYJ9ngqs+uhwvz+IwwXqfLwYxlxROH7OaRi61GAjtFNQTB8qXr3oxo5Q1DnKnj1DLA2Xsbs1hsEiF1qTjelLNaE7Vp+eODPKQhxIjohFzyYCKdMQZGzCkDD1QmTshMjcAUkLGxRtHTD28CapoJzf//nvfP3Fb/nknZ/wk0/+yBfv/ZZHr77J84d3szxZxvxIMbWJ3pRYm9DjbctYnB2fXB7m4Zlefvb8PN9dX+TnLy7y1ZUpPr+0izfXSni4kMFrvb7cqbHmxVxd7pVbcbfakbvNvpzJNuZIsjaHo4w4F2/DtRwzXim14l6DDXc79fh2PZkvV2p4MJ7NW+MZ3N2ZwoWGBC5353G0JpJTzbEcbonnwlg1l/cO8fDKOX769l1m28qZrkvlUG8Wqy0xrLTGcaAtg83GdA40JLLZEseikH/z1G5+/eVD+M/v4YcP+evnW3x0IYd3hHY6nqLJhSoHTjZ7MFmwHdRXpDZCkZE8E8Zy9Tjc7sJ4jgr/+ckezo/7s97hxu5KS8p9pYV70ZytJnPOdltzoduGk20WHKg1YWeCLCOZKsxW2VGe6k9ulC/lQSY0B+tQ5alIgbs6Cw1x9KY7cG0qnUPVduzO1OF4ewCnB4I5vcuP+Tp7mpM1aU/TZjRXjaf6TXlhQI0v91vyzl5jfvpcOo+u1THf7c1ojiFj6ZrMlugzWWwpnLsT7fGWVASpkesuoj9NnZFsXRYqTDnZb80f7rfylzfaeX/Zhec7DBmO1mZXrAe9Scn01vexc26LhtkNeqYWKKoaxNm/ElX7NJRdcpGxF9gWIrITxjOHYqSF8UvaLgVF+wj03PwwdrbBO8yB9nIHrs458ZPnAvj+JVd+fW0Hv3leiT8+q8yfntbjt6cN+cVRU352zJTvzpjz7XFdvliX5d1VS05PRlNUHI+ub5gwniUgHSSMk57FqLrl4xuVyUBPCVfO1fDhq8V8/VY6v/+4nm9uFvHLV+r51d0mPrmaxwfX0nnzmWjeejaKT17K5NtXCvj8pRK+fDAo9PfdfPr2HHevjTEzmE9Xcwk5+YWUN/ZT0TZKalETidlV5Ba1UVTSQklpLdXVjXR2DjA+PsvCwsoTnwFPMllZRE9mAiNFabQnBtEW70tDtAvVkbaUhllQE29PRbQ1RSGmVIZaU+ZnSpm3MZV+JlQFGFIXbExHrB2tEda0hVuzM9GVrggr+oR9RlMc2JVgzoAwDgzG69ITo86uRG2Gk3YwEKMh0GI40YTRVDtGUl0YSfFkV5IP03lxzBdn0BMbSrGTDTnWZuTbWZJjZ0KCuTq9Kb5cEp4xz+2p5dJkIc/OFHBpPJMLQ6kcbhPus8owlkojWa9M52hLORd623h1YQ9vre7l4yMH+OT4JncXx6n1dSXVwpBSL0c8lBS5ubLG3X0HeW1ti7f3HeOddcHaQd7cu8L9xVUerG8J9rOQn0OwkrRwPeHcFur65uwiry2vcnt+Dy9MjnF79xw3p+a4MjbF7b2rPDU2wbmxMXbXC+2UGEuQvSUWO1SwM9XFQ+iP5kaG6GioYGlsiIWBHvEBvsS6ORHvLPTTtGSWG+o40tHOVkMjRwUnGpo4Xt/EVk0d+yur2F9dzbpgqayc5fJKlsuqntjWYmJiYmJiYmJi/1qe9KOQmJiYmJiYmJiYmNi/p39uBrCRPwouiUg7xCPlmIrILgUJx0xEjjlIbL/O2bUAie1gsGA7lRDWf/y+7/+b/3ibc97jmb9SQirtlC0cLxNZ+3R0bAMoCrekKcMbdy8f5F0ykdh+hbRrCVKutUh51CLyLUfkXYeEdwsiv6YfA8B+DUj4NyMR0IZo+/XPIX2IQnciET6EKGIUycgJJCInkdwO/EZPIxE9i3TcPNLx88hsv9o5cRnZxL2PA77yKWv/h0LKOoop+5FP2raJ4v9QSt6PavImqsI2tZQN1JK2A74baP7vrN/tVz6nH0A3bRP9jMNopR5EJ/uY4DjamT+mOhlH0RO26aQcRD/tIAbpqxin7cVUOIZ52mFMUg6jJ/yNHWlraGYuIp88jlzSGApJUyjGT6MgXI986CCygfXIBxYh7ZEu1KvQJtbJKAZWohfXyY7ITvQi2lDzy0PDNwY1Fzc0HexQsTBHSc8QbTNbNEy2vzkah55zCqp2qai6ZCFjl4jIMhwVz1hUreyIDHZkrDaewYZcPnrwIv/9+3d5cyGe9watebvZgFOJqhz2V+CEg4gtZxnW3VTZ8FTmjTZ3zuSr8P6sB1OFLvj4hKHhUYZ93DChWbvRDJ5FNngMk6QmrNJKsIjPxCIkkshIR8ZrfFlticfbTB0bWyfs7MMxMw1DTd0DCb1QRFYJiEwCERk6I2frgrytNfKWpmg7ORCYmsZXv/6eb372ez7+8Cd8+t7P+OLdn/Luy/d45tAq8zsr2d2bTme2G5lmOjS4GDOVaMPLc4Xcms7j1d1lvL4drD3UwgcnunlwsJV3D7bwxnIlZ5sCWU8zYTPJmI0wNTYCVDgWqs2pCC1Ox2hwLkqP4/6anA9T5ylh/flsHS7kKXK2WJOnKu04VWDFtboAnir241JNAlc687nel8tzfRncmq/l2nIHy/3lvH/3eb775C2Gm4qZrEtntSGJkz2pbDaEcaAlm32NpSzX5bK/LZX11ijunRnnywdX4W+/FnzGn788wqPLOXy5EsORGDkullpyrt6N2QwjeqJUafSTYihOnek0Lc51ejKbpcl/vr/A6W4nVsp2sFxqxFCKCvf2ZfDSYggv7vHgxqQLry9GcLzehplUVYYS5Fko0ybFXp5MFxnqgjRoDTUgz1mKoiBpevItGShwZTDTmok0e3ZFmLOW78KFvkiO9gSw2upCf6Y2bXFKTOQqslmrwptLXry/z507e8z55ZVivr1ez7MLUeyrtmYgToWlWhdGSi1Yat0OUtsxmmbIYJQG08na7M7WZrHSmDOTIfzwcJi/3m/i460AzrTrM5ZtRXOMO8XhYSREJJCYX0Z2SxelHUPY+xWiapKDvFUWKg5FqNpWourYgJRtESLnNKQ8k4R7IRwLdy98PU2pzrHk5GoYH1yO4DfXvPntTSd+/pI5371kwC9v6vK7Kzr84YIufz1nyt/OWvLbk2b89KQJX5y24eHhQA6PRZCR6oOuawCyXrmIfGoQeVYjG9SAum8OmemhvHG6gs+uZvGbt9L53cNY/v5FEf/4qJS/vSt4rxQ+qeA/HxXxl3ez+P71RP7wWhp/e1DAX18r5M/36/jh/Vp+/W4BX79cxG9eHebkUB4DFUkc2TfCzv4surui6GzPoLJigJSMVpKzywiJTSE+o4D4zFxi0jKf+Ax4ktXGYvpTQ1muzWY0J5zR3BB25QbSX+BPc6YbbQW+1Gd5UJvqSmemLz3CtQ+m+LMr1Y/eRA/6U7wYzw9mMj+IPaWhrNREs1geympNOJuNQtvXhrBS4cOhphDWqr050hrG0bYItprChbxwtpojOdAUIZQLZV3YZ7kynKWKSOZKIhjO8Kcj0pkqHwty7LSJ1Jcj1kKBXXnuHOpNZr0plMOdkZwbjOd4VzhneqM51hrO4Qbh2PVRHKiJZaMyjn3liezNi+NgZTbP72rh1u4Bbi3soj8hkFJ3S2r8nfBXVhTulTnura7w1voBHq4f4uHKAT7ad4BHq6s8WJjjtYV5Xt27IFxPCb6yUpQ6O/LqwhJvLC7zdFcXN8dHuDzQzfOjA1yZHOLK1CgvzM9yRlhfb"
36561 [Forwarding screenshot on session b1310904-d161-49ca-a1a6-530fba7baea8 to remote] DEBUG org.apache.http.wire  - http-outgoing-101 << "Kkhw88NCy1lTHSUMDfRxNBQHUNjXczMTFFWUEFRRgUbU3u8nJwx0lRCT1GGWHcn9jRUslZfw/HmRk43NnC4pJQTlVWcrKnhcFUl66Ul7C0tYrlCGFfKBKWlT2xrMTExMTExMTGxfy1P+lFITExMTExMTExMTOzf0z8XADb0R8k5GVn7ROQc0pCwTUXSPhORfdaPr3J23Q765v04K9g19zFJl2wkXHIf236V8//6MQCci8x2ANg+DTn7VPRs/cmLsCIjORpFxxREnj8GkKVdyhC5NyDyFvhXIuHTiKRXOyLfFiT9GpHyrxP8GADe/vavZNggEuHDiMLHkIiYRDJyGqnIWWSidiMdtQepmO3A797HwV+Z+GUUkleR2X61c8o68qn7kE3ZeEwudT8KaQeQTzkklDks2EIx+RBKwrpKqiDlICpJ+1FL3kA9ZT+aaZtoC3YI+xlmbqGXfgD9nKOopRxAO+ckWrkn0cg+hXr2cTQyj6G5HRxOP8iOtA100pfRzVjCIHUdw9QtDJKPopm4iVLSgnAu40imDiKTuhPZpEGkIweEeuhG5CPUgVsFcn4FiGzDEJkFCm2RglrMEEZ5h1EXjqOUuPH4+uWjhpAJaERkk47IOhWRVTIyQp1LGIUjYxGLgm0iksYRj9cljCIQGYQJbZCIom0AgW427KmIZbW/ia8/eMh//e0X3JyK5eEuaz4YtOJcmTEHE7Q4ESTDiQBd1t13cCxAhYdtHpzLUuW1ARuGc80JiAhGK6QK85QxvLL3oBIyi1byAZQj+oRzFK4ndhBRSA/ucYlMtUVx++g0Ll6BSAnnKWWeh7y8DwmxVZg4C33IVLgOo0hkjL3QcfRGz9kJdRtz9Fwc8UtK5OaDd3jn4y+4d+9tHt5/l68//IpHrz/kwuYm8z0NLHQlMlHlQa6dPjVuxvQG72A1255bQ5ksJlmykmnBUqYJ+0ucudCdwJcXJ3h0foJL02Vcmiji0s4MJsP1OBBrytkYY44GKrPhJ8GZaDVu5lnzXJoJL5bYcCFfjwvVBpxrNOaZXmee7/bn16+scKMjjQO5QezPDWYiypLBCEOuzZTx8bUVHr50lD/87lM+ePtFOqszmaxPZ29NAsdbozjbFcahtkyWmsrYXZvPZmcaR3sjuHe4hU9fOQZC2/CfX/Knb47y/qU0vlwN41yyIs+VWXKq2Jq1TFPGYzQYDJVnOUOP4RBZtkrNWc0z4B/vrnKp05n9eTocr7Li4Xohe/L0uDjkzLOTNhyoVWEtX42DBeZC/egznaTAkUZ11stUudTnxNN9gUyk2JJpLaIyWkRRpCy1KZaUROlTGWxBc4Ade1KtWCm1Z6rUgaVGR8YLDemMVmR3kSp7KxT5/kYHr+4N5sKAMT97ppKfX2/glb1hHG+2ZbHYhrlqX1ozDWjP06A/T4vRZAOWUizYm2rM2XYPtrrdWeoJ55dvzPIfD7q5s+zLxQkvNvsjqU31oq+xkt6ufla3TtA0PIuSqR9qttloO9Uhb5WJkk0Byjb1yNk2I+1YjZRnOprBkWg6GhAauIOt8VC+upLML19y5fc3zPjrDQt+94I5392y4Nvblvz0ljm/vGHCHy8b8Nfzxny7T4tvjtrxy2uxvHc5h4ZCb/zDw1B1CkPSORMJ7yZEXr3C+NaOpEc1mn5pVGc58PGmO5+fcubLZ9z42S1f/v5+InyZyd/ej+X3bwTyp7dD+OF+IL+56cFPLzvwk3P2fHfema8O2/Lzo558e86Kn1zT54NDmvz5mWQ+Xc/lleV6hqu9GWkz4OSGF8vTMaQllJOaPYB/fB5e0em4hifgHBpNQlHZE58BT9KfEky6zQ66Yr2o8rGkzMuEQm9j8rZn+Ma7UBBtT26kHeXxrpSF29Ma605PnCedMW50xLsJfSBcEMpQtj+7yyLYXSL08Y501upjWa6J4FB7Akc6ErkwlM25wUwujeXx3EQp12ereHGulpvztby8VM/t1WZeWWnhjYN9vLU1IBjk4dER3jo8zL39/by80s2hrmz21ERybbmRG3trOb0rjRN98RzvjmB/na/Qx5yYy3dkd44zs9luTGd6MJ7qyUiiJ5Mp/nSHO9Eb5UpfnJCfHUqZpykJJsqkW2kRqCzDC7OjvLW2xIPVZd5f28c7S6s82D0v2MP762s83L+P2ytLzJWVYCUpSYSWFjemprkxPs5cVgZrJQVcGuzmqaFurswMcXawk5niLMaK0qmJDiDATBtbbTlcLLQw0FZBTloSdRV5dHW0sDQ1R05SAWU5VTTUNbG0NENbQ40QDzd6y4oZryxnrrycvaWlnG5t5VB5JQfKy9iqrhTu4WKWivJYqyhhb0khK8XFT2xrMTExMTExMTGxfy1P+lFITExMTExMTExMTOzf0z89A1jJNQVZxyTkHdORtEtF0uH/GwB+HPjdDgC7ZQvL28HfHwPAom3O24Qy2wG87fLCurRj1v8JAOvb+5MfYUFmUgRKDolIevwYQJZz2f6+cD0inzpEfmVICqm0dxuSvs1IBzQhG9CITEAL0oEdSIX0IhU+iOT2zN+IcaQiJh+TiZpBPmoW2ejdyMTuRS5xXbAq2IfidrA3aQOFlP2CTeSTN4X0AIqpB1FIP4RC2mHBkccUhWWltC3BIZSEbSrpB1HP3EIz+wja2YfRztpCS1jfkX0MjUwhL+8EyqmH0Mo5gUbWMdSF7RoZh9BM2//4VdHaKatobr92Om0V6Yx9yAjnopC8H8WEdeRj5pGLGhX0IhvagFxAOYrehai656PmWoyMfTkytgXI2qYhYRqGlEW80Cb5uJUcx7/lNg5VL2Nf8zLmpZcxyNlCOWJIaKMK5LxqkHQqRGSejIRhJEpOmShtt6dZFCL9YKTNo5GzjkfVdbtdgvDzcmC+KZ3NqT5+9fNv+fuff879QzV8tpHINwfSuDqUyInaME4VenG5NpLzZQHcbA7g091pnC4y4Z2ZVPY2ZeIfmYtKYDfW2fvwKz2AfPg8aomHMIpYQDdmEeW4FVSil4hIq2C6KZ5zC/1oWDoiESm0e1Cb0MdyUDTzR8UsCWXTApQMElDU8UVV1wVVfRth2QwtMwccvSM4c/4GP/3yN7z/6gd89uAT3n71Ae/ee4vjq6ss9jcz0xzNeIU7aebaNPnZ0xlqyIpw/r//6BkOVISyK8GInUk6zBbZc3owmQ8ujHLnSDeX91ax0hZOmY8cNW6yrGWYciLbjKtV1rzV58CnE558OubFm112PFely8VaXU42GnK41YxjPU5cnYnhN48OcXUsjcO1Eazk+jCTbM1Esik39hTx81f38/WD0/zwyzd4+84pGguCGK2J4GBnApuNHhztdGG9PYzF9gyW2lPZ3xnMiV4v7m0W88m1Rf7xw6fwt0f87Wen+PDZHD6c9+VmlYFwLqYcztfnRI0DS1m6TCcqc7HNhdVsNfbla7NWoMM/3pzl6oA7t/rtOVqkx/Eqexbz9ThQb8DdFV+e7jdnf6EWJysdON/gwYl6C25M2PPpkQAeLnpwfyqSvUku1Nqp0xqhRoGfBrFOmgTZy5AZZkKKjyb9pcYcm4lirT+C9b4ABnL1KfeVYDhTgdVqDd7cn8P9ffFcHLLko3NF/OxeL0e7LZkT/u5imS3z9SFMtUbRVelNS64dtZHGDKc6MRhvwVSRI1N13kx2J/Hzd4/yt/dWuXeomOPjcUKbp9BZHUdxfjI9g7MkFQ0jb5aJtmcjUuYFSAj3kaJdkjC2CeOZU62gFwnHPjSdKrF29KWvJZY7l3P5yetJ/OpVH37/kiPcceG/r1nwlxsWwro1v7ttyfe3TfjjSzr84ZoW31+x5LcvxvD6xSL6hD5j52qGqXMwmq7pSHsWIdr+jrl3o0C4v70HkHNqwsi3lL6SED5acuDzI5Z8ds6Kb5535j8eRvPfn6bw17fD+e1tT37zsjvfPmPDxycM+eKEKZ8eNOHjfUY8WjbkqzUbPtq3gy/OafPRAU0+Eda/3ExlNM2N6kQnnj2dzcvP13D+8ADp6XX4x9TgGJaNiVeMkKbiGplGTGHlE58BTzKUGU6krjKjGWHkO+iR66hPgoUGiQ76pHtb4WmkjI+5OvEux"
36561 [Forwarding screenshot on session b1310904-d161-49ca-a1a6-530fba7baea8 to remote] DEBUG org.apache.http.wire  - http-outgoing-101 << "vjry5DhqEOOvRZF7vqPvwmc6qBOmqMa6Q4qtCc4U+ihLdCib3vGcIIdY7nezJWHMlXox0ZTHMs1keyrj+NsXx7PjJYLyrg2Xc2r6x28c2zocfD3za1ePjg9wpeXd/P507OP/3nj06dmuLnSyunhIl490MNbRwb48MwIr200c3O+VOjjVdxfr+e11XpuLdRyZbKCp3aVcKK7gANNGSwWRzGY7ElPnAsV3oaUeOiT46RFpr0mWfbaxOrJ8/TOVt7aO8tb8zN8vL7MBwuLvLewxPsra9yZ3c1Lu2e5MjvDWEEeNhISdMbE8vq+fbwwPcUzgwNMZSZzsKmSZyYHWG0oYqkmj7Z4P6YqUsl0N8dSTgJDGUksVSXxs9XF0VgNfXVp1OQl0FSUQ0Y4ppKsPBoa2ji4uGNmYYWZkQke1nbEeHqT4eVDX1YO43n5zBTks1JeyoG6KjZqylkuKxCuMY/5/BzmhW1PamsxMTExMTExMbF/LU/6UUhMTExMTExMTExM7N/TPxcANvZH0S0FWadk5JzTkXBIFWQgshc45SDxv8Ffl+3gb5ZAyHu8/r/B37wfA8COPwaAtwN6Ug6ZSNulI++QjqFjAAXhJmQnhqBqH4+sexZSzpkouhQh5V6HyKf2cQBYyqcOWa9WpH2bkfFvRi6wFbmAdmSCupEJGUAmfBjpiDGkIiYEU8hETSMfPfOYXMweZONWkE/cj1zihpBuopR6AIXkAyimHHzscfB3ezn14ONgr7xANu0Q8umHUcg4jFLmYZSzjqCStYVy5iHUsw+jmfsjjexDqGUdRjXnBErbM33zT6Eo7KshlNHIOIBG6jqaKStoJO1FI3EBjfg9qMftRiF2N5LC+Ulun3P4KFKhw0gGDiLp1ytcbxfSnq0oeDSg4l6DikMxSlaZqFiko2Im1JOOP3K6vigYRSJvlo1b9kEC6m7hXPkKns2v41BzA+30AxjnrKMeMYS8XxuSLhWILDORMIxFSWgjNbccFO2TkbGMRdUpFRXHFBSdk5F2CCUoMpDlwXKOr47zH3//A//4+6/44Hwf760k8Wg1lbsLZdydb+KV2Rqu76nm5lwRry3k8P58HqfKPfhooYEbS4sUle5mR9A01mkHCSw7hEKk0BbxB9FJOIF64gmhPY6gHH+IyJx2xhozubgyi6lHJDKRrUJfakTCuQwF4fy07HLRsilBxSQRWW0/JNTsEalbIqNjI+S5oGnmwuTsGp+9/wX3r77Ee3de541797l/51WeOnqYjfFulrqS2d8dS46tKeWuNrSFWzJTHMhXL2xxeaaZ8wtNPL/Vx+1TY9w9OcG7z6zw4NICr5+b5vJSI3ub4thT6smBWl/Wiuw53+jIjXYz3hi25d0JZ17qMubOkDNvLcVyf38B1/bmcWIsjRub9VzaX8vx4WRO9iezUePPoXp/Djf58cJcDr96dZlv7h/gb394lW/ePkFfhTcL7aEc7AlhvcWJrT43VrpCme9IZKk9lo0WL54ZCeSN9QLeOzfBX37+PvzwGf/x7TM8ulzFe7t9eLPTkqfLDTlSqMHTHU4crTFhf6kWt8a8OFyuwd4sOY5UG/D32/28OOjBg1FvThTqsplryGqeHsebTHluly3nWoxYzVJjKWUHa7mmbFWbc7xVn2ujRsIxZLne48RKvBkdjsq0+SpR6qZBtKUGIfYqpEVaEhmoRlO9EYf3JbJ/JoXNiRiGKmxoiFRlT5kBRzus+PRSK/fW4jkzYMEHF0uFuhhgoW4H+xtMWKqy5cR0AbuaM8lPi6Q0K4GK9Ei6CqKZaUxhoiGR0fZMdk/Uc/vZZT69ucqlvc2s7CriyFo/DZUJtHfWEJpUjIFLOWpO/ci7CWOFexeSbjXIOZQg5VSJyL1F0IekaydGwnjVVJrDO5dr+PWb4Xz/wI6/vuPGH1/05j9f9OQfL1jx1xds+NNLDvz5FXv+8ooZf3lZj7/dNuQXLzpwYa8Nubnm2AQFoBdcjrZ/GypBfUgFdwtj2fZbDbYDwH0oeA6jaNct9PcGZmoy+WjGji8OGPP5cSO+uSgc/7Y/f70XzPc3PfjlNWd+fdWFnz0llDlmysebhny4pMdnK6Y82mPAT1dsebSkwwebGsIx9PlgQZ8PVwJpCbWjNDaEU0dKOXesm87GOlKyG4kv7COlZoyY0j5iijuJKmwmPKfmic+AJ5ktjSfBVIOV6rTHAeByL2sSLXRJcbSgIMgXf1NDQu3MSfWyx3uHDLnu+mTZqVDkqU2qozqlgaY0xNqQYCNLY4xwL8bZU+KrR0OEBc3RVnTE2zOa50ddiAlz5eEMZXrSFW3LVLYvC8UhTAjrQ8lO7C7040hHCkc6kznVn86zU8Vc3V3GU2PZnB9O5xmh76zVRzNXGs4zk9XCtlrurLdxY3cFN2bLeHFPGWf7Uri4K5tzO3M43pPF0a4cDrZns9aQKkhipS6RteYUZssjGS0IYWdWAF3JnjRHOFLmZsKJ5hLeWhjnrZkRPt07xwczUzycnuFq707a/QIJUVIm2cKSRGsrTCREdMTFcXlsVLiHh3hmeIDd+enUB7kyVZREdagjeR6m+KiJKPYxpjzIkvHSaGZrkykLsyfF3YAoJ12c9GRxMlRGW06ElqIUyjISGBsbkZyeg72zJ4qKauhq6+Hj7IadgTGW6hqYy8lSEODHeHEBU8V5TOVnslCSy0p5EQtF+ezJz3tiW4uJiYmJiYmJif1redKPQmJiYmJiYmJiYmJi/57+qQCwxPY3gLcDwC4pyLtlIuGYKvjfAPB20Hc7ACykLpn/VwD4f4O/Aqc8RI7/VwDYMQdJYV+p7QCwcBwjpyAKwozISQhC3S4OOY8spJ0zUXIpRtq99scAsH8Z0j51yHm3Ie3bgqx/G3IBHcgG9CAd1I9UyC6kw0eR3p75GzmN9P/M+pWL2Y18zCzysfPIxq2ikLCJfML+x6ly8iEUEw+gJKTKKQeF9W3/85rntK3HgWDZ1P3Ipx1AMeMgKplbqGVv2w72HkD9sYOoZwupYHubQs5xFLKPo55/Uth/83HwVzN1DdW4edSE81CNmkIlYgKl8DEUQ0eRCxwUrqsbSe9mJHzqkfAWrtVdSF2akXTqRNKuHRnbFuRtt19VW4K8SSKq+j6oazuia+CKlq4zsmouOIe1ou/bj0fReeyKnsWi6GkMC05ikL+FWeGW8HcnkA8Q6smzSWiHMkRGiUjaZqDolImcbfLjmb9K9onIWEYiYRuDrHcykZmp3HnuEG/dusgff/ct//H7L/n7Wwf4aiObd8bDeb4zkiPF/uwJ1mE0QJHRcFmG/aSYDFGhz02ZhXBHdsbnEubfiqbLKBaRe/HJXkItbgbVvNNCvV5CMuU8oqSTSCccITCri6HmIg5OjGLqGiu0c6PQl7qEPtSEtEUGyvb5KDsUIGORgIR+ACJ9D0SGrkgYOCJl4oCskSX5ZRU8fe4kN85sce/aRW6+dJ3r16/w9KkjbE70sDGYzVJTKIVOttT7e9ES48xAXghX94/z0YtnuHl+lWvnlnn60BRHZjvZHGlg30Al+3qLONBfwHJbIvu7E/nkpQW+uDHF81OxvDLqxc0BK96YdObWoDWvzQRza3c6bx0b5NBgFTXJgXSWxFOd4UF9hj2dmZbsrfXiaHcIp/pCuDwex/mRGN670M0/fvo0j25MMN/mw3KHB0uNNhze6cH+AU82x+I5tqeIM7M5HO1w54VhP95ezuL9o3386Zs34a9f859fX+GjC3W8O+3Bh0N2nC/cwfFiFZ7ttuJcsyFnmnR4ddqF0zXKLKWJON9syt9ebOb2kAe3Wmw5nqnNsXwT9qZrsJCpwPF6Pc42mLA7TlagysESGzbKjBlNU2a1Wp2mAFleGHXj3lgYx4vMmIlTpNVXjVIPI9I9DEnwM8bfXZ78Ak2WFmPYXMpic08CwzX21EWqMZm3g/UaA359Y4g7wvbD7QZ89HQZX7/WxVy9llA3Huyts+LSWi2NJVlER2SSnt5AWmo+Ab4utNXlsme8h8nRPgaGOujtLmOwNYep7jq6qkppqSxieGcL9i5WmLkEYupVhYb7LjQC5hG59SLh0S7cZ71CH+tH5NGNy"
36561 [Forwarding screenshot on session b1310904-d161-49ca-a1a6-530fba7baea8 to remote] DEBUG org.apache.http.wire  - http-outgoing-101 << "LMNSY9KDN3i6axN4PPrRfz9fX/+8oYR//GWPX+/F8V/vhbKX+/Y8sNtB/5024O/3PHib7cd+esrlvz1rhW/fyOIpw/7klvqillYFAq+Vcj5DCDpN4woaCeikE4h7RDGtUFk3SdQc5nAyLmNueoC3h+25JN5VT5aVeazwwZ8/5wr31914+dP2fLtWUu+PW3Bd6ft+fqQBe/P7+DtCQ2+XDTj0YQej0Z0+GLRmEcreny1ZsAjYfujdS+GM8NID42jsTGK7Iw4WhumKGgYoXZ4Py1Tp8ltnadueJOcpgmCUque+Ax4kpXGVJoibJkri6bYTY9KX2tiTDQJ0NMkxcUNP2NTwmxtiHOyxk1TlopgU0q91WkMN6AiUI/qEH3h/jOjyEuT7iRbOuKtyHVWojPemsE0V3oT7RnL8aY10oLdxcGMZnqyM8GOqWx3FksC2VPgI/TD7QCwt3AfZbC/KZqDrbGc3pnOsd5EDnfFcnZXGs/OFArH8aM5zIGDzWnMl4Qyme3JcKoju/M96Y0xpSvKmMFkG3am2NMj/N2+FFf6Uj3oTHBhZ6YXPcL5NERbUxNpRX2MPTVRdlQGW1EbZEu1txVL+Um8NT/OG2M7+XBqjIdDg7w5PMIrw6NsVddS6eZOa1QExT4ej2cA14X489zUCM+M9HO2p4mx9Ajqg+yE6zemNtyGTCddakONON6XzaGOVLbaU1mtjWa+PJz5qmhmKqJpSnSnKMwOF0MNjFVkUJUSoaehQUZqKn4+fujr6mFkYICZkTE6aqooy0ihqySPp6kBcS72ZHq60BAVykh2KiOZKQykJtKbFPfEthYTExMTExMTE/vX8qQfhcTExMTExMTExMTE/j39cwFgE18UPFKQc0tFwX37tc/bM4DTEdkLHLP+Z/avkDpnCjIer/9/AsCOAoe8HznlCfsK2+3SHweAFRwzMHYKIT/UhKz4MNTsEpD1yEbaJRsl13KkPBoQ+QoCKpHyaUDOux0pv3YkAzqQ8u8W9P84YzZkFImwSSQjppGK3oN09BwyAtnYeeTjBXFLyMWsoRS/H8W4fSjGb6CadABlYV096SBqyZuoCesaAs3kA2ilCstp+1FLF8ptS92H2mPrqAs00oTllFXhGCuoJq8IeWuPy8om7ntMJXU/clHzqMQtohw5i0LIGIpBI8gFDAvnP4iE705E3gKvPkTuHYJaRB4lwnq+sJyHlFMxKk41GLg2Y+hYibZFMmomwewwc8fbLwhnJyesLKywMLfD0NyT1NJhdL1r8Sk/jFPVGSwrTmJefRy7hpOoJgp1ETKOdtweZLw7EVmVIGGagYJLEfLb33I2i0HCPApJ03BExkHIOqcgsgwnMDGVL9+/y6++eIsv373DTx5c58FqNS/U2nCz1Iincy05EW/Circ8E24SDHiI6HMQMewuy7iXDtOeJlTb+xDtVoVX5BIhOQeIKVlCPWYYmYR1lBNPCe2zhVLKYdTj1glNqWeiuZDp5gasvRPZkTmKpFsrEu4tSDsXIeVciJxnGRL2qYiEc5W0jUTCOgCRkRMSZvZIGhhg62JJT3MO8z2ZVGR4UV6RQ1NzNTXFWXQUJ3JgKIvOFDOClBUocnGg0MeMmiRvji8OcmR5jMbyWOpLQqjM9qQy3Y3qNEeqYi2oiTakNdGIrnRD5ppd+On78/C3C/zw3gRvLIVxZ8RRYMW9CUeu7/Lm+dEMXtvazZvnL3Boap6KtBQiPMwoTXWmMs6A5RY/lhu9ONDqy6XRGE50+vPwaA2/uzPNL+9McH0ljQO9Ljy3EMnbl0p4eLWKj1/byfdfrPHDhzPc3wjj/qwjr0978OpSIr97awP+4zX+44sDfP5sKQ+GzPnZtBNPF6jyVLmCcG42XO3V52KTMg/3OHB/3Jwz5Uo802zI7y8W8kKbDYdilFkKlmYxSpHFRCWhrC37clU4X2fGwZwdLCaosJKtx0LuDlrClBkqsaYkWILNVkO+f7mEX5wJ5tVxXY6WabJV4clImifNcZ5k+ZvRXOjExWN1LE3FszwRSk+xEWX+MswU6HKmw46nuwO4vxTDVqMW757K5Cf325it1OTiTivmS3dwcCSZ2cGdjAydpLPvPB279lPS0ERBZTFxKamkZ5eQW1ZMZkEyxcXJ5GVl0VDRRm1pCykJaSSnJmFiZ4+SkRsKwr0kaVWGnHsbGmGjiNwGBf2CVkEtEm7FqHsk4RPmw8HdGfz6dg5/vOXOf77uxD/e8+b7Bw784T07fve2m1Dv/vzhjVD+9Fogf73rzZ9e8eSn1334yb18XrrWQnNfGnbhwn3rV4RiQBtSYcKYFdWHRMQQosBZRJ570AxcQce1g7m6Yj4bteXLWWUe7Zbl4xV1fnXail8Ivj5s+uPM4A1Dvthnxkdz+nw4rce7w9p8MWPGFxMmfDqkyzdzZnyyKJSZ1+WDCVXe2+vEcG4Esf6p5BbmUls7SHvHYap6l+hZPEtey17iiobpnT1DcmkfYan//2cAb/XnsNWTxa4sD7oSHOmMdyPP3ZxAPU0CDE1w0tDB19iEABNd3DXl6U13ZGeaKXNlzuyt9mY8x4bhNHOWK7051BLOVI4TbWG67ClwZ6nMj4ksZyazXJjOcWcm253ZXDeWyzxZLHFmvcqbtWpfJrPtGc2wY6MunL2VQazUhLFaH8FMiQ9L1cGcHc7hud0VzFdEMJTux3pdCnuKw9hdGCTs68VSSRCtIfrU+WnSHmFEc5gRNYG61AYbUhdmSkWgAQWemhT765Fop0iCnRKJjmpEWSkRb6NBgrk6ScbqdAV78trMKHd39nF/oI/Xu7p5rX8nNwcGubJzgPn8XI53t9MYEYClhARFbjac7W/mbE8t05nh1PmY0p/oQneiBzPlwZwZzuTaXAlvHWrj1eUaXtpdyrmOOG5OFnJ3vppb87W8uNjA2fFSZhviqE5yISfCiSgPS6J97PFzsEBfTQlddQXkJCWQk5ZAS00WHXV5dijKYqAgg6ueFsluThT6e5Pl5ky0hTERFoZPbGsxMTExMTExMbF/LU/6UUhMTExMTExMTExM7N/TPxcANvVDwSMZOTeBRwaS2wFg+xRE9mmPA8ASztmInP4n+Lv9imjnTCSFvO1XPYscBQ4Ce6HMNsdcJO2zkLJNR8Y2BQXhGCbbAeAwC9LiIlF2SEXKPV/YPx85lwokPJoR+TYhCqhGSki3A5gS/h1I+HYgHdCHVMCPAWCJ4BEkIqYQRcwgEbUHyeh5pGJ+JCNQit+LQuT27NM1NBPX0U07hE7yfgwzDqGXsp8diWtY5h/DIucIxmmbmGUfwiRrE/PcgxikrQrpAWG7sE/SIpZ5BzBIXcYodRXD9DVh/2W0ExbQE9a1k1ZQEf6+UtgM0r67kPMfRsZrUDCArPdOpDx6kfTqR+QiXIdbl1BXjcK1liPpnoeEZyoi9xjk/VOxT2smNG+Iivb9lDXPY+8bh5qJpUCf/JJ8YuOiMDExwtjECluXULxiKjEPb8KjfA2bikM4Np/Fo/cZzKsPo525ilrsInpJy8j5CfXl2ojIPAdpuzykbYV20wlG0iQKSaMwJIxDUdqege2WQVhmKZ++8zr/+N3X/P033/Lf3/+E9w4NcaM5nGvFzpxMsmKPpwYjtnL02yrQIei2U6DdTpVuZ312uZlRbONGgNDulp69OEdPEpa3G+3EaeQyDyKfeRSZ7eB5tlBvqQuEZNYw2lHC4s6dWPtmIhvWiVr8IrJC3WkF9qEa0odsoND27lWI7HJREPqJkkcm0pbBSBs5o2hghLmZFqPNaZyZLMTfTIIdmrLYWRvgbmVERZwH52YLWWsK5FR3E2f6u3hqTxfH5jo4vTHBoeUJ5kfaWBhpZKQll4HqJDpy/enNcKcv0Y6dCWYMJBiyUOvMT95Z4B8/nOPr2+28sy+QD1dc+HTdidcnTLg/681bq0XcEI59fW2Zm8dPcf3UIeYGK2kr9aYl25rFliD2NvqzvzWIrdYAjrf58exwNFfGYnh9Xw7PT0dweTqIn7zUwXdvjfPrD/by3fur/PaTffz03iC35/x4fcye14edeWUilG+vDcLPz/OnDxf57molb/cb8etJe14oU+K5C"
36561 [Forwarding screenshot on session b1310904-d161-49ca-a1a6-530fba7baea8 to remote] DEBUG org.apache.http.wire  - http-outgoing-101 << "nk+W/LgtRETXuxS49MFO94ZM+FWmxav91vw5VII++OkmfOSYCVMka0MPS7U2PJMqxNnqkw5VqzL5QYbVlKUGAoRsZS3g8FkbapidWjJNGSsUJmvnw7hF+ds+eagIWeqVXmq1YLFPCtawkwo8zenOyeIwzOlHJhP5dRqEjPNdjSEKjCepsxmuS4v7grjlXE/1krkeWMjnF/cruLMTl0udeuyWa3DRlcgc309LO+5yuSe1xiau8zsoVP0Tu8mOD6LnNJWOgaH6RoeoH1nN00d3TQ09FBd1kaQdxhBfv7ExIYTGBGMrqUd8vpuqFglIWueh6SLcA86NaLo2ICCQxXSzgXIeKaj7hOCX5w3SyPJfHalmN+8HMYf3nLiz48c+ePHLvz2Q3d+874P378fzA9vh/LD60H8/Y0I/nQvml+8Es/Xd/J582oBhzfSScuNwNgnDBWfdGFMqEIyRBizQvcKY9s88iGLqLjXMVmXzacj1nw3o8mXM4p8PKfCd1tmfLlmwOerhnyxaszny6Z8MmfEw2EtPpk05mGvNu/07uCDPl2+HDLks1E9Pp7S4dvdBnw2tYN3FxzZ15VNW90IJZXjdPQcpaB0ganNF2gY3qKwYZ6p1Ss09KziG1HIxPyxJz4DnmS9K0m4z4rYmevMTEUAvekupLua4qenQaSVBc4aWoRZWeGjp0qEmSLzNT6s1NpzoN6BYy0eHG/y4EidKyeavDla78FmhTPrJQ5slG+nzszn2LA7w0robw4sF7iwUeHG2R5/jrW7cq4/kOMdfmw2eDGcZsruQleG0uwYz/VkV4YbhR4azFVGsNGWzoHOLPa1ZHCgI599TZms1CezpzSctghLpvN8KXBQoClIh53CeNaXYEFzhAHtcaZ0J1pRH7EdCDahMtiEHI8dJNipEG6uQIiJAoGGAh1FQrSUaA3y5XJ3J9c6unipvYubja3cbG3n+dY2LrY2s5CbIYw5LXTEBGIvKUHQDnW2Wgo50Sr0j/oUjrYkc2m0gBf31nJns5E3thp4eLiO+/tKubdUwMtT6TzXG8lbcwW8vVTKG4ulvLynhDtrtZwbzWWzL4WV7iT2NCcwWZ1IZ1YIXobq6MlJskNRhJONAaZGKsjLiNBSk0NfUwU9JQVstTWwUlfFSkURayHfSkPmiW0tJiYmJiYmJib2r+VJPwqJiYmJiYmJiYmJif17+ucCwGZ+yHskIuuaiJxbCtJOqYhsEhHZCqlDBpLbs4C3XwntsL2ehoRjOpJCvoRDJqLtGabb7P6HbSYSNmnI2Aqsk5AXGNoHkhtuQ2xkOIqOQhnXAiScCpByqkDCsxWRbzMi/2okvRuR2X5Fq28b0n7tyAZ0IxfSh3zoTiT8+x5/+1cibAKpqFkkInYjCp1COmoPigmLqAgcy07jWX0ew5QVzDL24Vh4BK+qM8T13sAmex8uRYdwyN2HX9VJwQk8ig5inbqAZtAgNmmLJPdeIannipB/AP+Ko0Q0nsMpew2rVOHYOWuE1Z/FKWsFx/RlHDNW8C46jJfwN8ziFtHwH0HaoRUpu0YkbeuE5TokLYuRs8rCNrQSDY8k4XpDhHrzRTMkmZWrb3Ll7V/wynu/Ye/xq5j5hiJvY4W6kx1W7r7YOPlibuOJnXMYHsG5uEXXsUOoI8vMGQxzlnBtv4RJ5QlMyk/gUH0BlYg5dmzPhvbrR8qxFgnTbFTdK1F2KULSMAZ5+zRUnDPRcM9BxS0bebsUotKrePvVu/zXX37g73/4I//9pz/zytFDbFblsZkbw1SkLy2uNpRZmlBrbU+9jQvl5lYUmFtSbG9LqbUpCTbuONilYerfi2P8FAG5e1CJ34NU3knkys8hU7CBSsFe9PKXSajpYWyglvHOLnyji/GvXSGm/SmcUxYwCx9AI2IcuchZpAIGEbk0Cv2pDAXnElSF81Yw9kfXxAkrIx0688O4tlhHVZQZFXkxdDfmszHZxumZRs5PpXFpPIEXZ/t4dqKX89ONHNvdzKm1IbYWR1gd6mZjqId9g+0cG+9kb2MOmw3pzGf6MBVjzUycBZs1vvz03gL/+NPz/OrNnXy034OvNm346UErPl4y4sNFF95ejGN/VSAn+qs4M9XL6kA5i/3pzPWEs9Yby3pHDGcncrgwlsPpvgSe3pXApd4QLnZ6c6nHkyujATw3EcDFEV/OjETy1J5Szi9VcWm1gsuzqTzb68n1Jkuu11txcyCQR6eb+M3dSX736hDfnMnj3S5jvhsw416lAs8XS/ObA8G8N2HBOyP6/HzFmU8nzHin34A3u0y51WjEaqgkMx6yLISocCTXiCsdHjzX5sbpCnOutztzvtKA40VqDIeKWMrRYr3KnKECE+4dL+PqrDufH/Pg64Mm/PywNQ/ndDjTpMRyqSr1IYpkuarQFBfIWn8Bs11ezLZb05+vSbWfJP3RUhyvN+ZwsQW3R71YzpblxWEbfvFcJi9MGPDKiDEHSpQ40OJGa0YMA82LdPecp2XwCFX90+xa2qSgvo/4zCpySirIr6ojraSajOJSUnOyiI2Pw9vdC1N9Q3Q0lPH2MCcu3puw8ABUNc1Q0wtA1jINBZtClExKUbeuRM62EJFTChLewnjnG4ZzdDDNtcG8cTGXn98K5IcHXvzxPW/+/Ik/v/vIk9984MbvP/Llzx+E8rd3ovnTa5H84XY4398O5lcvefHlNV9unkqnrzMWlyAPdLySH3+PWyJYGKNC5oVxagzFkFp21iVyv0Obn41p8/WEGh9NqPCL/RY8mtXm8wVjPpkz5qMZYx4MavNapyrvDujzeos673Tq8r7g424dvhDa98tZA34yacBXk0a8N+/G8+utHNl6hvHZVxievMHWyYdMrr1EacsqnQOHWNm8QWHZEJGxZaxtXHziM+BJTs2UcWWjmf39CRwfy2ShKZzKcEuirDTI9HbGR0+XaDsrAvQVSXNSYF+zJ8c7HDjVas2FVnueanXk4rZmJ8422nOq1o6T1bYcr7LjUJk1+wrMWM01EVILjlQ4c7rJlaf6nbk4YM9zY95c2OnFuf4AxjKM2F3oxGCqHXtrItldFkFXkjv7OnKZr0tjo7OIo7tqOLKrilNjdRzsKaIr2Y0KX12GM92o8dViZ6IluwvcBK5M5NgyU+TEnjJXxnLtmMj3YDjbi44EZzJctIi30yDR2YAgE3UCDdTx11ahMSSIs+1dPNPZy6W6Zp6ubuRKUyuXm5o439zATHoixzrqqPR1wFJCRKGr0OdbcoVrKebaeLkwHpVzb6OBt461cWezivuHKnh7q/zxN77fWM7h7kwyN3ZF8MbudEEW762VcXtPDq/uLeXGfCFXFks4PZbFyaEM9jVGsVIbxYRQD83pfgTYqBLlZ0lmciBV5Vk4OZqhqiSDhpIi+mrKKEtKoCYtwtpQAxsTtSe2tZiYmJiYmJiY2L+WJ/0oJCYmJiYmJiYmJib27+mf/AawD3IusUg7xiLjlIiUXRIii1hE1ttB4BSk7NOQsNsOCicL60nCcjKSwrqEsE1iO0hskyZI/zG1EvItkh4Hf+Us4lEQjmNk60dWmDWhwUHI2W+/Snp7Vl4xss6VSLg1IvKoReRZiKRbObIu9ch41QqqkHAqRNanFmmPaiT9WpAPH0DCb/t7ul2IfLrRz9qHQ+UpnGpOY5Sxgl7MBE75a5inzqITPkhc+1n0Q3tR9WnBOXOW7P6n8cjeg65wLE8hjak5SEzVAZIaj9Iwcwuf7DkU7MvQcKtD17cFJadqzMIGCCpeF8oexSZmF3EVG1gFdRJWsIZJ8E7U3TpwSl4mquYsYeVHCBbK6nrVYBJQQ2bDEsUVU5QX7MLJMwcL33wswyrwyu6nfvICdcPnCM4Ywiq4FnWvArQjhet0TsHIKx/3sFpCE7qISR8kJnuMoKwJVNyqhXppQS12BrnwWVTiNtBKOoxa9F4kbZrQiphExa9XWK5AtCMBSYss5GyyhevIF1KhDfUikNQJR1IvEi2HLMxsw1hZ2ODowVOUVHRTWD1KefkYxWlNNGU1UBlfRkZIDnF+WQQZRhOmHUmIbigBZmFEukST7hNBmE8yBk55aPj3YRQ1hmfWbuSidiNKOotc8"
36561 [Forwarding screenshot on session b1310904-d161-49ca-a1a6-530fba7baea8 to remote] DEBUG org.apache.http.wire  - http-outgoing-101 << "atolr2AQck5nMrPPX4t7fpUB+9eOcP5EwfYOHuMQyeOceHcUc5dPIVD1iCiyAVEQWOIhHoVOdQg41yB8vZscdMwVIycsLAwIzfei/XBPJa609g/3cLRuW4u7e3j0kwV1xfSeeNgHi9ON/D0cC2bnUnsboxmT2cWEy3ZzDdlcWKogtnqKGaqgjjSG896mSsnK1zZSNZlLUGdsw32/PxmJ3/8ZJYPn8nltSlTXuqQ47lqaS6XSXGnQ4fXh7xZyTBnuTCAw+05TJWEsrsmiLk6XxZqAxjLd2OuIoiRHBfmSr1Zq/TgcK0rT7V78HSHM9d2evPcLh826y3ZqHfhQGsopyZSWO/1Y6HSiGe6bDhTqMh8sAQLCVJs1evx/sl0Hm5F8PacC3erlPj1kD13S9V5vlCW71Z8eXfUlLcGdvBo1JB3enR4pUaN2zV6XM5VZzNanSlvDdYSTRgPkeOloRDO1ztyIFuXk4V6bKYocKJInp1+ItZyNXh51pc/vFLLn2/X8PXxBL47EsFnCx68M+nJzSEjnpvQoTVZgvwwEbHuEuSG2HJ6oVlolwBWeu3pSleiykdEb4wEJ5rM2cg14FqvAzMxUlxsUOPnJyN4fcqQ2zt1udCgKVyfLQ1RDow29bNv5TlmVi6RXNaOa0Q6QQlFRCQU4ukXSHJ2JUV1IyQVFBOWHERQjCsePg5YmpthoLUDVTkpLE0USYrxoDAzAVVFLVR1vVA2SkLbqhrpHfnI2pSi4F0gjCEpwtgTinRgBIZBboQHaPLJhQr+8EIOv70Vxd/ei+a/vgzlP7715ocvXPn1+8786eMwfngngh9eD+WHO1786WU7frhlzfe3grgt1NGe4WTsXR2Rt4pD0qcDCWGMEMX0oxRfRUdtBC+3qPH1Ll2+GNLmozFtvlu15qNJfR5NGvPeqBHvj5jycNCYe22a3GvR4natKu93G/Numy4fde3gs2EdvpjS4Sdjhnw9asY7s568fn6UU6efZ3rpbQbHr3D/4R8pbThISfUK3T2bXLv+MR0dC3S2zbJ7evOJz4AnObXQwIHxAjZ2pXJ5rYKt4RTaM+yJd1SjOMydYDN9oqyMCTWUo9xHhQNNTjyzy4nL3RZc6bLmWqctVzvtuNpuz7OtNlxutuGpRiuBNWdrzDlRZsLhYkOOCum5ensudzry/KA1L046cnPajWsTXjw/FsxUlgGLJa60R5twelcRay3pTFXEsd5VwkZfOVM16TQk+9CeE8SxmUaeXu5mqDCEgUwPdqY50ZNoxky+E3vL3FivcmdftQv761w50OAqpG7sq/LjUGMMS5XhFHjsIMNNj2xfK4LNtYi2N8VrhzqpDnYsVVdzoq2LrYpatsqqOF1Tz7HyCg6WlTKaksD+5mra44Mp8bLieH8lZ3eW8/xkDS8vNfDqRiMPjrfz5qkWXtos5vVDZdzfKObeaj539mbxyp5UroxEcWdPGremk7m/N58b02lc3BXPc1NZXJ0vfDxWnRpI5CmhPY53CuNWcywHB4RxsKeAic4iClKDMdFXQk9XCVVVGXR11LG1NsPWygx1FXl8ve0JDnJ4YluLiYmJiYmJiYn9a3nSj0JiYmJiYmJiYmJiYv+e/rkAsKEXck4xyDjEIOuQgLRNPCKzaCQsE5GySUHGNhUp62QkrBIFCcLydhmBkEo+zkv6cZtQXsIiAQmzWGQt4pA3i0LRLBJjKy/yw20I8vVG3jYN0fb3gZ3zkLcvRMKuBJFTARKuGcgJeSqORSg65yPrmIZhaBmSBoGo+hYi7ZSNrFc5ZmmjuJWtEtp6Cs+KA+yIHEQ/dhRpt3q8ixYxi+zBM2+G0IplLCI7sIpqxzKiFdOgOqzDG9FwyCS6ZBrf9AHUbDOwDm5E3SYbdYs0tLe/QWuWiolvLbZhbYQVzpHdeZzY6jXcU0ZRssoiqWQPHtFd1Oy6TEjeEvm9z+Kft0bJ4LN4pwwRmTNAccMoVQ3dBAdHk5lUS1xYOxV1R6gduIFb8l7Khm/jGjdFTO4ikemTeMcOYhnSi33aAiE1Z8jpepasxrOkVRwhsXAfEdlz+KSOoxPQhIRTBYoBvaiGzaITs4ll6lncS84RUHMK77ItgqoOE1SxSVjFBqGly0RUrBBUtIfo6lXChTrxy58lvm6DoPQRknP6CQzJJimzntqdB0hvPURe90Wahp+juX2LqakLDI2dZmrpOgdW3uLM8gfs3/M6g4OXKatZISutmciEJox86pCwrUHfvw3/lAG0wwZQTjmGcsYNdHIuY5p9FJPkDZKKB5kZ7KS/qoSa6nIKWmooqCgkLNQNW0cjjMPyUYkcQMG3QeiL+chZpKBqmYCmZSQ6lv5o6Jmhr6NOWVYgx5fqODFXxemZZk6O1XJyVzFbbZGc6HbmuXFPzrTFc6IlgcMdoWx2RrLYFMlaRxprtbEcE/I3m8PZ3xrIqb5gjtc5crrUjIPxCmzGyHC2wohfvtAC363y21eb+HYrhG/2uvDltA1fTNjyy6UQfraUxIl8C9YybTnVFMNkhgvrlUEsFnmyryqQ+SIfVmsjmC72ZasrgdlCO1ZLLDhZa8WlZmuudDnxdKcL+8pNOd3mz/nuGI71hLLR7sqhFmveXYrmdJ4a61ESLCdKsq9Yhe8uF/DZ4Wi+3RfE5ztt+WHGn497bLiUK8cHk468O27N28NGfD5rw/s7jTgeL+J6iRHP5BuwFKzJkJch4+EGDIbKMZuiw3qOHvszdXlnIpSvV0L5csWNO8O63J+15+VJB745G8DrCyY83abOrQFL3t0TxZ2RTH56uZXfvNnCs4eD2dmsSbSfiM4yD84uVXJyOpanlmKYqbGkLU6TXRnqHG23ZzpNn+cHXFnLkuaZJk1u9+vx5qg+D0bMuVirzZEaK8ZyXVnqqSPcL4SAsAyqOnczvnqe9LJOopLzyS+twCMgHhO7KEwcPbDwtMA+wBxzl+2ZvnrIK+9A39AEPT0NdHcoEurvRnFuFobG1uhZBKFsksoOpyYUrKuRNM/58Q0GPhmIfOOQdvfCysWUOCtpTnQG8Pmz5fzs5Tx+/VYiP3waxV++CuUPnwbwuw+C+f7dMH7/Zgi/v+vJD3cc+dsdG377nD6/uOrH2xcLObbYQGR8IhqemUj6lSERXoNiRC5tlSHc7tDl80FjHnao8maXGp/NmPPBqAnv7DLhXqceb/QY81afGbcatHihUoVbVap8vNOK97sM+aBLi493aQp9UJvvRgz5ZtichxNeXN/s4vJztxjefZ2+4bO8/c4fyC9eo6F5i5mZC9x+5Vv6elYZG9nPtStvPfEZ8CStRZEk+5tQl+4o3Gv5nFssZL4jmqZ0V1rSQwg21SbO2og4cxX64k053urKS+PuvNBvxcsD9rwy4Chw4lafAze67bjWacPz7T96utmCc7XGnKoy5EydKc+02XF9u+yoLW8tenJn2pWXp/24NR3BYqEZq1Ue1AfpcGpXEVOVUax05zFZl0xPYThpvmaYKYkwURGRGmTJZEsao9XRzNZF0hpvTkOoJotlLiyXObC/2oHD9Q4cqbflSJ0VxxrtOVThwtG6IDZrgqkJ2EGe1w5y/E2JdtYnxd8Bhx2qmMlKEWdnS31EKAPJSQzExzOZmsFcZh5T6dn0JSbQm5HCeEUBBwabWWzM51BPMZvtGZwbKeSqcG88NZfH6dk0nl3L585WDS8uF/GC4PJMKudH4jjU4c/x/nAujCVyZjiBk0MJHOqOZKUplK3eJFabI5mv9memxIPhHEfakmxoTXenLTeEwfocoX9lUZqbiIuDBRYW+kRFBxMe4Y+fcB+4uFkSnxBAckrQE9taTExMTExMTEzsX8uTfhQSExMTExMTExMTE/v39M8FgA08kHOMRtYuGjn7eKSt4hBtfzPWIkFYTkbWOgVpy0QkzeMek7KIEUQL2wXmMUiYxSAyixUIqbCfhFEYsibhyBkFI28UhKG5M2VRVgS4OaBgKZQTysjYCsc1iReOk46EsCxjH4mSZTRKRsI2/UCkdZxQNHNGpGGGlJEb+l6JJDbtxim1HfvEDnR9ylFwyEXfvxb31GFUnPKxiWpCxjIBs9BqNJwzUbSMQ9c1A3W7e"
36561 [Forwarding screenshot on session b1310904-d161-49ca-a1a6-530fba7baea8 to remote] DEBUG org.apache.http.wire  - http-outgoing-101 << "CQ1PVG1CEfNJAg9h1g0rSLQsIpGxjAEI89cHCPqULaKR85EyBNIGkSgbJuGuksubim92Ee3CeeXiLVPIYFJnYRmjyFjmo6WRy2u8YPYRjThEVVOUkYRw70tnFruY6mviM6mHuJz9uCRtIJ98jHCG15F3XM3wdlb5FcfoLXtECWlc7T0XKK29yXiKy6T0HSViIpzhBceFv7OMl4Jux4fX9e/BA2/Egwi2nHJWcE59SBWkRtYxy3hV7aJafQu3HLmsInbhXv6JJYRXUJdtKPjsz2juRGn5FFs44dwSZ7ANqwPM89SPCIqcY2uRMM9D93IPtRDhzEPHyQmY4SUtBa6+ubpn9xi5+BFRgdfYnTyDgN7Xqdz+hb9w2dp7DqKd9wIUrrZmNlmEhGQjqVzCmYR3RjFzWAQ3oNZeDPqbjX4RRWxe3yIhlLhXLyTMAvJwcYvCyffNMydw7BwicDcIQQzM3cs9Wxw0LHAw8AabyNLgqysCbY1Jtxeh848D46OpXNyNJPDndkcacvkdHc6Z7siuDzkzK09bjzbH8P5jnAONzlxssuPI+0hHGwI40hVBKfrotmqC2ZfrQdn+4I4Vm3D+RJTTiWrcTpRlWcrLPj18x3855fr/PKFRj5c8uHhkDV3m/R5rc6AL3Z58tVEMBcK9TlTasGFBk9O1vqyke/G/gJPjm4HgnNdWCrzZ64ykPnaQBaqXFirsmRr+1XLZVo802LJ9X53TtTZcbbBlzPVQZxsCeJ0XyBHGh35cG82V6vcWAqQZy5ckc0CQ/74bCu/Ol7EX47k8fPJYD7vd+XTES8OJinzcq85D6bteaVfj7dHzbndtoNT6UpcqzDnXK4Jc2FGNNrrMZ3iSKWLJM0+MuwrMOVQnhEvtDnwyR53Plu05LvDjjxadeDmsDEnWiV5apc+pzp0eWvDh+tToWw2pHF5roGbp5q5dLiYsW4bRjvMmGyx4uxcCkdGIjgxFcFShxcNcXo0C3W63OpAd4IpD48WsDtFmWsdpnw048JrfTt4pcuY8zWGnG1yYSTDmIt7a5kdbmBg1wSVrXvIKB8hNrcB16AI/MIjiU7KJTGjlvSiOqJzc/CIi8DU1wsNexdkjBxQt/RC2dARDUMbdIwtsXJwIDU7BZ+IaPQcI5E3TUHFpgrF7de1uzYh4VkhpAkouPvjHOpHQ1EG5Yke1Oa6cXg+m/vP1/DVa+X86mEuv30viT98GM8fP4zhD+9F8P0bAfzmrge/vWXPn14w5auzxnx4LoRnF2M4vreZwspydD2E8cwtCfWAVFpLQrjWqMvDARPutWlwt1mVN3sNuNehx8vNOtyo0+K1LgterNflUoECl3JluVKkwDtdZjxo0+W9bjUe7VJ7HAD++YgR3w5Z8GDUkyur/Zw49TRzm+c5eOwW63tfpKn2BB0dp9k8eJvjJ19j99x5+nfu4+mn33jiM+BJ9BVEqEuIcNCVpzbTipXBOLamctlVGcpgWRIBBurkuNmTba/LekUgzw0E8+buQF6bcOP+hCdvTHhxf9yTV0fdeWWXKy8NOPJCvwM3+hx4vsuGS61mnGsy4WKbBVeEvFujbrw548HH6yG8MevDvelg7s4If7PWlX01PnTFmXCoN52uTDdOzNYyWB1JerABYa7KWBtIoqUsge52EDjcil11UWzsyqEr3YbOBAMONvux1eDCyWYnLnY4crHdRvi75lwS0gv1TpypE8aUeh8GU0wpCVAny3+HcGwzUsPssdFXRktOhJZQF3ZqCiS5WpPh7kCFf4DQZ4vpS86jJiKO8qgY8iNCyI/0J97Ngp78aHaVRDJRHcGkMN6M1vkw0uzNnt4wZpoCGS/3Yrkzmsl6PwZKnalM0KE0TpviWG2SvWVpzbalr9id8khjKiNNyfbSJspangwfTVK9NQmxkRfGRFVSA+3JiwkgyMUaPVU5VOVlUFdVwNLKEBMzHWzsDfATykRGeRAV4fbEthYTExMTExMTE/vX8qQfhcTExMTExMTExMTE/j39cwFgXTdk7SKQsYlAziYWaYsYRIYRSJjEIWmWgLRA0iQWkVGUIFIQKgj+kWGIQFjX3yYs6wYh2uEvHNMfqR0+SOt4o2dgRXmYEV5W+sgZBCLS9EDaJAQpLT+hnLCfng8SOrZIKtsgIWOJSMoQSXkNJBTkUdLRRcnAlNWT58hrHMQzrhRVq1Ck9f3Rtk9C1TQSBeFvatkkomwdjYpFuHBcd+RNgpBQc0TB0BtZVRtE8mbIadoJbJEVSKtZIq/vgaSOOwomAShvX7tZMFJGwvmpOiNvGoq+Ty4mQcWoOqWiLNByS0dRxwtNmzhkTGPY4V2Jgl0uKo7ZGHplEJNezNb+eT64sc7poUju7c/j0HwzObVt6HnloRfaj3nyKi7ZGwTl72Fm/xVeef1T6ltnyCqfJ6fpKVKabxBUfRG/0hP456/jnjSEdWglZsGZpLbtIrljBMvYYgwDKjDzaycqbwtdrw4c06fwyJ7BIqoHq8huAoXjWwupVUQXPjmzmIf1YBreh6JTNfKOdah7duGSPIlleBPmkdWYxneglzCMVtQIZkEtREaXkRoazq76Esb72+ltn6W6Zh8F1RtkNRwns/4YZZXL1FSvU1y2gb1tESE24VT6eJHq7kFMYBRhvuFEuDkT62aLv5UDlYEOXO5L52RdDtH6OiS6OFDu7UmxnTW1no40e9rT6WFFr4sJw04GzDjpM+dixKKXBXuDbVmLdWItyYbDebZc6/Dlem8U59vSOd+eydM9qVzoCODyoBUv77blcrc/Z5rcObP96tleDw6UW3Oy3oetAicW4vXZnaHPYokhz03483AlmkdzoVwv1WErXIoz2Rp8spHCT56r472j8by7aM8HUxY86NblnXYDfj7jzq8WfXipWY1b3Xo8267Pa1MBXGxw4kCOBetpFixn2TNf6M5iTRADwvkuNbixWKrPVvUOTlSo8Xy7OTcH3Hm63Z2nGjy40ujHU22eXBr04ky7PQ9nEzmWZsyCryJ7QpU5U+vIn55u5ffHyvjrwUL+vj+XX8zF8JOlOI4VqPPKsAOv73bhWq8u3xwM5k6vCXe67HixyYmtNEMmgk3JN9GkzkuLKi9JmgJFzGXuYCJMlsUoGW537eDTOT2+3TDmzUkt3piz5akJC5Y6VLm25cYv38vmi9dqmWlNZ7y5hKHmPEaaczi1mMPbl7P57UcD3FyN5ZnFLJ5ezmGhK4iqBFMaMg3ID5Pnwmwue0qMOdqw/f1hS+71mvNSkzov91iznq7JVoUdPXHyrA8EMdGfytTUJJMLT1Pfd5CCxmGCk9OISE4lMTOLpPRsIhIK8IouwUnopyahmSh5CeOXWwiK7jGYhpViEVyKuW8OVtuvKHcIwC00gbi8ajxiClHZfsuBQy6y7mXIOWejaB+BfWgS9T3DBEamoGfrhKWfJ8HxQdTVJHJ4sZx3nm/jl6818Ie38/nh3UT+9GEkf3ovmF+95sm3N2z57hkTvj5vxqvrRtxccODwgCfrk9VU11Zj4Z2IpnM0TVmBPFtnwIMRG+73GXO3bQf32gx4uVHoQ2WqXMhX5GajEc+UaXAyXYqLefI8UyDHa8363G/T4f0+NT4aUuWLcR1+OWLKT7cDwMOePDU7wNzcJs++ep3lfafpbTxKec4a509/zLUXv2V67jLzy8+zeeQWt1/76ROfAU+iLauEkYoijoaypARpMdYcxOmlchZ705lvL8ZTS4XqYD+KnEy42J3Bq1PJfLgUzUd7w/lQ8MFSBO8thvL2nmBen/bj7rgXL4+6c0twfZcTz/Ta8FSXpTAm2HBj1I1XZ3x4fz6Qbzbi+GAxkodzcbw5l87l/kg2anwYyrBhsyeJukQL5nuTGW2LpK3Ci6J0CwJ8lHFyUsLSXJHIQCP66iM5s7eW+nhDRvKtOdEdwOkOD57qdOL5XntuDNgK958lN3utud7uwPUuLy60erJUYkOJnyyZ/soUxFuSn+pKoLc+bg6aWBmpYGeoSrS3JRHCGBVlY0NFcBKFfglkB8ZSnZ6Pl7UNWnJSuJjqkBvpRWt+pCCQ+hxXuqp86G8JoK3KncoUK8piLBhpiKa7MoDGYg+yE"
36561 [Forwarding screenshot on session b1310904-d161-49ca-a1a6-530fba7baea8 to remote] DEBUG org.apache.http.wire  - http-outgoing-101 << "o1JTzQiKlidMD81BjviGW5NoLciksZMXwLNhWvUVSU30ZWEMBuC3I1xNtPA3lgHVzNjnEyNMNXWwFhbFcMdKthaG2JprYeljQbhkU4E+Frh7Wb6xLYWExMTExMTExP71/KkH4XExMTExMTExMTExP49/VMBYJGOEzI2wUhbhiBjGYqUaTAigwAkDIORMhbWBduvYhbp+gl8hPLeiLS9EO0QbKfanj/Sckek4YJI3UFYdhSW7ZDQsEZzhx55AUY4Gagjv71NwRoZXXckVG2R1LBHpGYh5O1AJKmNhEgLkbQaIhlZpOQlkZCRJCMvi/a+PuzdfVDVM0dW0wxJFWEfCX2k5CyQUbRBQsIQkZwhUsqmSMgLy7J6SKqaCscSjierjZTqdlBZOL6cFhIKWkgp6SBSEcrJ6Ar76SMS9hMpGCNStUBK0xZ5Uy8ktIRzlTVG3sgDZWuhTtRthX2sUBXWZTSF65O3RkrPF2WbMNRNHUmM8eeruwe4MhPHe5vxXBl24qVjpYxNlBGZX4xNcifaUYO4Fs4TXTvHytmbvPHZz2ifXCO7dZXw8uN4FZ3HrfIMDgXrWCYMoOefj7F/PEF5pWxefREdn3DUXCLRcsvCKqgFu+BePFImkbbJRz+gCS2vanR961F2KELHo4odXnUo2Jei7FyJSXgfsrZlSNlWI2FRhVXcOJq+dSh7FaMX3YZefD9KvjWY++bi7ujG7eO7eXG5mtXmcHY3l9NatZOcqiXSGk6SVnOKwtJ1qor3MtpxlObkBsZio3m2PIqbLSk815LOU3VxPF8fwrOVXmxluHK5yIGP+3x5MceaSylWnIgx4dkYc54NNebZMBOeCTLkuQA9rvjrcNVHmyseWjztpM5FVy3OeezgrK8Wp/wVeTFdm2/6XLnX4MRctDnLqR4cKfRlq8SaK726fLhuy/kaG46VmPDGlDsvjTjS4ChiM8+cI0Xm7ElQZWeQFMNRktwYcea1WRu+2u/PlVot1sIkuVSqx4NJX672m3K+SYZH88Z8NW/Ox8OGvNOlwRejpnwyasb1Rnke7bXn7QUbrvTpc7HFkuU0fQ4W27NR7kWuoyIJjkrUpNhx9UAtJ4cCOdpqyo1hG25PuHBtlxvXx2K5PZnO5+uFfHeynI82E7jRb857Uz4cS1VmzE3EmJ8MTzW68YcLNfzleBF/38zhv44U8qdDOXw4E856ujLHa81YK9KnzU/EviI9TlRbMxuvwVyiMReaYujwM6fR35lKXx32lNlyqMWWg1XGDPhJMOkr4rlKBT6Y0Odnm7Z8uGTJpU51Tg6b8M6NFN6/F8PdW4F8+KCGq2d30lgQTltxElsTOzk2WcSb53P51d0S3r1QyFyTNwsd9hyaCqK3yoOOKk+Kkg24vFnDbKMjtw4k8/LuMN7c5czrTXrc7XJl0F+NmSRT6gNE7G6w4shiGUu7p5iYPkND7yEyq3fhnZBBYmklsdm5JOUVkVzQQXBKD84x3TgktmOf2URAzS4im+fwK50ltGwvSfWbJNcuk1w9R0bNBCllXaTUdJHUMEhY/SRBVdOElI2TXLqLooYJojJaSBLy0tv3ktK+m+yWSbJLW6mrqGZppIUrB9v59GYn394p4bcPM/jT+3H85nVvvms+mhUAAP/0SURBVLpmxVsHtHjvuBWvH3Hi5oY/WYESuNvoMDc/T1n9AGb2wTREe3K11pa3d9pwr0OHe+063O8x5H630PfLVNhKluR8vgpXqww5lyOk5dpcL1fn9TZd3u7W4cN+JR7tUuezcWN+Nm7ON2MmvD3iwOXxdjbm9nH93lP0DU7SWbePye7DPHX2HZb23WbfsXdZWHuBsxfvs3n47hOfAU9iZWCGnZEeTqbyJATtoLnIkeVdKULblnFiugNPTXV6k+Kp8LDmpckaPlir4MuD2fzkSBafH0zjswOpfLw/kfdXY3mwGM7rewJ5dcaP29O+3Bz34MouJ54dsOfKkBO3Zry5vxjMh8thfHsgic/3pfBoNYP3VvJ4ZTqTfcIY0ptgyky5P5XRRsx2RLNnII7hzhDa6tzIzjQlI9uO4mJvctOdhH4XxgsndlEXZ8jJXbGc6vXhYr8Lz/TZcn2nNXfH7Lk/4ci9IXtu9wj38GQILwz4crjeiXJ/aYoj1KnJdqCtNoKcdA/Sk90EHuSl+1OeF06ouwm26qo4a5hhrWJMpGswRSm5OFnYoKWihKWBJvFBrhSlBlCTF0R7TTgj/UkMD8TT1hhAU7EPVZnuDLenUFcaQGGuO4mJlqRnORMbb0lmtjs93ZlEBBpTmhEg1H0sIQ76+DuaUJATRWpKCEH+LpjoaaKtqoKRlrbQXsIz1sICT0dbAr0ciI30JCHBAzd3bYKCTHFz1MHBUuuJbS0mJiYmJiYmJvav5Uk/ComJiYmJiYmJiYmJ/Xv65wLARs5IW/kgZe6FyNgVKRM3JAyckdB3EjgiqWuPpI4tEjuskdC2QlLdFikVR6RUhXwVOyRUhHwVSyTUzATGiFT0EanrIaG+A5GqJvKqCsT7WOBiuAMFKS2k5c2RUjZBQlkTkbwiIjmBtCoiSXXB9rLkjyQkkZOXISIiAHc3e8zN9ZCUlkAkI4dISgGRSBkpKQ2kJFSRkVRFQlJeyJd9Apn/l+T/tSwllJdW+pGMMiJZ4Rzk1ZFW1kZeQx8JJc3HpFR2IKG4HZhWQaQkLCsJZZSUhXLqSKpqC/WhgZ6OHGPVwTw6XMAb0168PuvJkU4b7m4l8vK5eqpbWjDbDrIm78E0fQbvwlnyOvYze/wOkZVjBJYv4FN0EruscxjlH8Ygezca4eVoeIej5eDMsWefx9w3DvuICpRsstHzbkTNqUpIm5G3yccgoBGLyC5UXcuQt8tH2jILFbtC1N0qkbLOxyi0A5PwLtQ8alGwLsQgsAMlp3KcUkeREI6n4FGGklcxck6JWPhEUF2ZzS/fPsG5AV+earN+/JrijY4GStoOkdZ5lbTmq5S1PUdt7RZDtbOs5mVyOM6WK0lGPMwz41GhFe8W2HI/05B3Sqy4lq7P3SoHPt4ZyvUcY14W1t9I1eNusCq3fDV5wc+Qq556XPXS45L7Dg7bqbNiqc6yrQFrzmYCI06HWXDEW5ZXstT404QTbzaaMhaoSZ+bHhN+puz0ludGqyK/2jDhSKYBV2rt+f3xEN6cs2VXuDSb+cYcrrViMlGdYR9t9oZrcTxThi/2WfH2XjNONexgNkGLfWn6vD8RwJsdqrzdJsWng+p8MriDN1uVuNcsx5ezNnyx4MWxfBVuj7pwd7cTdxacOdJgTU+wDvvqvenNtiHK0ZgoHw+8nS344I0z3HtqgLHCHWzUqXN1xokzu9w40JPA8Z05XJ/OFPpMGg+nQnlnxIJvFhw5nSfDTk8JBoPV2Jttxu8uVPOrg6n8fl8Kv1lP4mdC+nAqiqEgJRrcpckwlSDFVJpYQxlCtKSJM5Ilz0mPvVUZ5LuYkOagR4KNDC+uF/H0hC+Xeqzo8ZBkLlDE82U6vL3TgU+WfLk3bce5bnUOtcvw4JIHX70Xx50XE3nmbC77p2IojVZjpt6Ljd4s5jsjWZ/y4/LpKMY67NhV7s6JaSs2JnaQk6hMaIAOVaXhDLUH0dPiQneTA/uHAnlnOoz7Rdrca/FkLESNiThTih1FrLX5sNiTwZ5d/ezsW2B26Vm6p07ilVpGfGM7tlFp+CRVEZDaQnBWH3GlM6Q3rpDRvEZm8wa57Uco6jlDef/TVA0+R83Qs5QMnKNm9CINkxepHjtNxchJKsbPUj56lpJdpyjuP0FR93EKOk+Q33mGws7TVPWfpbrvBNXdWzT1H6Spc56dg9OszI9zZLmRF0+V8N6zyXx02Z1HT1nz8Tk/3jkbw95BO8JD1NlhoYeChRdWodlMbZymLK+YGl8rXqzz4YteKz4f0OP1LqH/tCnx5oD+4wD8yQwJzuWocrPOmueKDXmmQIOXqjW436bBO93KPOqW4dGAJh8OW/Jo3JhHQh2/P2HG1b5M7h49yulTG7R07qKnfZaprmZuXbvFyJ5nmD34EbuXX+CFq6+zvP7aE58BT2JmugNdbVmC/XZQJ7RrW7UrS0NJXDvSz8mpV"
36561 [Forwarding screenshot on session b1310904-d161-49ca-a1a6-530fba7baea8 to remote] DEBUG org.apache.http.wire  - http-outgoing-101 << "kIN1VmoLKY33p93jw7x6GQbXwp99JuLlXx1toKvBZ+fKOTjI1l8JPTbd9ZieHMxlPtzgdzb7c/1YReuDjrx4rgnd/cE8XAjmk+OxfHl6US+Pp3Oe/sT+eRwEQ9WCtlf4UWDtwaDyS60xNjSmGTL7i6hvocTmNkZwogwTvX1eDA2GM3iWAEnl7p459kDFAfo8urBOo522/PMuA0vzlrwyowlr+9x4cGcP29OBvBg2It3xv14YyqcK7tCaAxWJ8NFg+5Cb6a7c1gar2est5zh7gpmdzWRnxyIvb4idppq2CjuwEbVgCA7N5KDI7A3NUFBWoodGjL4eZkT5GtMeXEQddVBFBc6MTgQx9BgrFCfbuSnW5Ica0R0uB6pKXYUFvqRJFxfRoYvdXVp5OdGoKEkI/SdWKIDHYkNcMTT1pAAV2tcrIww1dHEUFMTdQUllGUVsTKzJDI8lLBgP1ITw4S/F0t2lj+RERYEBxgKLPFyM3liW4uJiYmJiYmJif1redKPQmJiYmJiYmJiYmJi/57+yQCwIxLGjkiaOiElpCI9a0Rapoi0zQSmSGiZIKFpjIS6wWNSKobIKBsho2SItKKwrqiHlJKuYDtQqomEghqSymqIFJWFdWVU1BVICbLFxVADFQlFZKV0kJTfnpkrg0heQkilkZBURlJCBQkpOUTSIiTkJIVlCaSFZRsLI0wMdqCsKORJiBBJSSIpIy9sF0jIISWSRlok5Elu7/P/l5RwnP8rSCy5nQp/e/u4MgpIyioI57F9LsK6sCwh5G8vi+S2A8WySMsI5yYnjaSCsE1RDh0NKfoLXHl1TzSfbsTw9mo0nYma3DkQy89eG6apvQ3D0Gbsy45hmbuKU848pqGdOKTsxDq1H9fivdikHcIs5Qza6QdRiduFlFsqcvYeWAUHs3NhL3IGjhi6pKJln4u6QwEq9nkoWqchZxGPolUCKjbJKFjGI2EQhrRJFJrOWUK5DGF7Akq2KchbJaJil4aqfQZaztmo2aejYpuKtGkUijZx6HpnCMfxxsDOnqmRRj68OsmrK/GcqlDhcrUZx1pzKG5YIabuImFFZ4ktOkZo7AgpYZX0RseyO9SRI3H2XEuz4aUkQ97INOfdAhPerzDhSqYGFwuteXumiBe6EjmRbsWp6B2cCNHnYKA9+yOj2BsZw3x0NFOC3pBIaryCyHf0o9gtkMbAUDqCvej00+dwiQ2P9kaxJ0WNLEcN0i0MyTTWJcNCltOtunxx0JldYdqsZ9vw+6fSONmpzVSOGjNZZhzs8KXST45qOx2arRXYm6DA/XkLXlmyY6nSgHx7OVq9tHh3JplHQ/bcqpDkYZcqb3So81KjAne6lPl6nydfbkYwnyzLpV477q378vqWPwfbbRhKs+ZoTxTDhV4UhoWQHpFEVGAwD165wBd3t+hL02e2QIXnprw5sdOPmnAbCgNcKAqwpdbfir25nry5J5nXdkfQFS5DhoMqmd62VCf5c2V/GzfXa3h4oJlvT3Xy3ZkuPtjfxEyGAw0B+qRayJOwPVvTXJFYYxmy7JRJNZMV2saKEk99/HTliLRSoCvdmAtj/rw46cHVDgtuNujzcr0B12t0+XC3J1cH9Lg8tIOnpwx4aq8hpw+asbrgx9RwDE0lFgxUm7J/yIXhKhumOrzYPeLP+locxzZKmW6J5MHldF45H0VNvi1ejmbYGZsQ5WVEXIQZFRV+tFc4canVk5fzjXm5NYjxGB0m0x1IsxFxbDyLkeYMRnt6GRlep6F9lcquZfwzKrGOjsc0KJqEsgHyW/aQ17pAbvMChUKZku5NqgeOUb3zNKU9x8lq2E9c6SKR+XMkVG4QW75OTPkKSTUbZLcdobjvNPUTz9K250V6ll6lf/lN+vY+oHvhLbrmXqd15mWqR56nYtdz1Ixeo2n6JVqnr9PYf4y2vjkG+rqYHSplfmckky32zLW7M1znQ1qMNe4+znjEJuOX24RPdjuOYZk42JiT7SHcR632vNttIFDjtW5l4frleThsxJUaJc7mynG5RIeXmxx5ptCQp4Q+e7NKgzfaNHnYqcgn3Qp8MqDFo1FTHk0a8eG4Lg9HTLk1mMC7ZzeYHe+lsLiOproeNqZbuXzmGH0jR+mfusbx0/e5e+s9dgnX9KRnwJOkp/sRGmZKVoYVO3tCWZtN4eJmNfcvTXJ+poXKAEcWK/NYrc3k88t7+PTpPr680sxPrrby0+e7+E7w7dNNfHW+ki/OFPHp0Qyhv8bzwb4YPtofx4OlUN5cCOHB3nDeWYvls+PpfHYuhS8upfPt5RzeP5zMZydLeG9/CSfqg2hwU6fRx5gCJ23qIy2ZbY7i6J48ji5lsHc6ULh+d1amo7l6vI8HT69z/+Qis2VhPDjayKVRV15atOO1dSve3u/Io60QPt9K55M14W/tT+br1XjemY/m+nAoffF65LgrUxFlQmdxKP11aXTXZJIU6oqfgwn6ShJYasphq6GGrYoWduq6+Fs7EOXtg4O5EapyIjTVpUlK8qG4OJySsmDyCzyEZTd6e2Po6Y6gpMie1FRDKso9CA/bQUGeB4V5voQFmRMX5UJ5YQI2ZppYmWji72krLO9AQVKElb4WKcF+BNjbYKiqgqa8AioCOVkldP8f9u46PI4rwfd+Sy1mZmZmZmZmyWKwJJMsy5ZBFpMt25JlBpmZmTGJE4eZHHASJ3ESs53MZGZ37/2+1Uoy48kos7s39927s0//8XlO9Smu01Ul98+nysgEd08PfP09yMiKoa4ui/LyaFISHQnw1iUyzI7QEIcJ21pKSkpKSkpKSuqfy0Q/CklJSUlJSUlJSUlJ/c/0uwJgBSs3RIY2iE3tUbR0RcbAGhk9S8T6Aj0zZLRNkNEwRKSmh0hFB1kVTeRVNJBTVheoIaf0C1XEiirjpZwkKBUrIaeggoGWKoUxTngaq6Iho4BYpIasoiYiRVlECiJE8jKIZVUQy6gJpSIy8pIAWCAnQl4oNTVU0NNWEsaLUFQUIyuWRSwvCWGFaWUk84qQFcbJCuXEYe/ERHKSXsCS8FcoZeT+SvJZIAl9x4NfYRoZOUVhm1V/ConlxMJ4YbvHeyML4xUUx3/wn57nza45YVxZHMeBtmAqwzR4blM6n11ZwNLhYQKKF2OQsQrjzBW4Fm3EPLYfm4xBTDN6Mc9bhkXWZvQTtqCesAqVqDZkHdOQsfDA3CcAz8hY1M2ckdf3QE7PHxk1D8QmwSiYB6Jg4iO0jwNiXRdUTX2R1XER2s0dZRNfZHRcUTHzR9lU8khrN+QMPJHRdEJG2Q5VEz9ktVzQsPBHTtdRWLakzhIdAw2WD0zluZ2zeGZ5EvunGnJhmiWHZ2dSVjNIWMEYXimrCcwYJTC5m/jUORRHFtMQlsycmAQGksJYleTO2jBDlvgrsThcg3WT3Nk7O42vz6xmbEY6nZne9OUEs6Iyh0XFJUyJyaUqvY6C3BmkpTUQnVBDQEQpzr45WDrEYmsfjLOtE1E+Vgw2J/LiwemUxOviZKWPl6Uj3sZWRLmbs7UnjJc2R1MWoEdnljuPL01jzUwLdnZFsaw2gLGuNCJtZIg3VCVdV8xokRVnB525viWBDbNDyHbQYFqQJWMlwvYWGfBWmxM3l7jzxYgf7w44c63NiOt9dpycY8nccBGDueo8t86fe9dL2dnhTnWgOsd6M1lU5kOUhQGRji5kR4Zxetcwt17ZxdwUQ5YWanF4oZcwXRzlAaZE21sT7upGlL0TVeE+nBmeyv6BYuJdlAmwt8fV3hdnJx+yMuPJTgigMjmUImEbK0LNmRznRLKzDonOhkRaaxFspkqwiQIBujLkuKqT6yhPsZMMabYqBJvrC+vQJcZelqZkdVZVGbOr1oDjtUZ8OBDCw23ZvD0cxJ4mPdZNUWZpo5jXzqaxYdSFliY/yieFkJNmzpbV8dz/Yi4PP+vh8tFy5jW7jj+C9+ShDnasKGHPqA9blngxODeHaB8/SlNKcdU3w83anOysMEqy7BkuduSE8J3YUe5Nd4YFrenOxDuK2L9uJkt6Z7J1624OHX+FLfteoWH+KrzicvDPSCM8v5B5y7bQv/E4S7ado2/DCZr6tlAwbTEp5"
36561 [Forwarding screenshot on session b1310904-d161-49ca-a1a6-530fba7baea8 to remote] DEBUG org.apache.http.wire  - http-outgoing-101 << "R1E5c8lrqST0lnrmD10nM7VV5g7fJWO1a/Qt/FNFq58norWvUQWLMItdg4O4U3YhjRjFzIbZ+Gc80rowzttAJe0LgJKhomcvBH/8nV4FK7BLGYAv7x1BOcuJyBpHpYuiVg7+JKYlExZaQ4VZaXkZFdQXjMT9/AkwvJqcIwtQ9kyEBNrY0JcROxoteZZ4Tv08gI9XmnT49kWDeF7Zc/FaTocKdfgTJ0Zz8xw51CREftzNbhcr8/rrca83arDh7M0+Gi+Jje6dbnRZ8y7XWa8PN+WCwvDeXFHF7MayynILyc3I5dzuxcL7bSErt6NzJy9nL17rrBn52XmzD0w4T1gIg3VcTTWRjK53J2uOaEc217LswdaeOfkIEcWTWHlZMm5m8TlZXO4c36FcG538O3F2dy91Mb9y/08FNw7386d0y18d2Iatw9V8fmufG5uy+DDsQReFr5r15f489poKB9sSOCbI6XcOlLGVyeruXumgU92TeKLPbV8tKmOU3NT6Yy1YZqfMZmW8syId6Y525XR+Sms7EqifZYba0ZiOLi1jNfPD/DW8SUcGqjmudWNXB3O5qLkqQwrvXhjvQfvbPTj461xfLIlm/fXZvLJulRujmXywcZcXliZycpGd8rClYh0kiM11JTYQGPyUnzwcNBFX10WLUU5bAw00ZEVoy+WQ08sj7W2HraGhpjoaKKmKIO8WAZ7RwPyC6Opb0xncn0CEVGmeHooUljgRtOseMqr/cjJdyYsTA9XZ0UCfXWwMZPHwVKViEBb4iPcMdZVINTPCStjTaxNdLDU0yLO3wMPS1O0FORRFovRVFdHTV0bRVV1ZIV7k66hNp4+DsQn+pOa4kVcjB2hQaaEBtsSEuw4YVtLSUlJSUlJSUn9c5noRyEpKSkpKSkpKSkpqf+ZflcArGbrgYyRNSIDy/HwV6RljEjbBFkdE8TaxshqGSKjYYCMmuTxx5IAWBmxsixyArGiDHIKEsJnBXnk5eVRlFdESV4FeRkFlMXKGKkrURRthZuBHNpimfEeuzJyCshIev8q/hSkimWVkPs5AJaVBMBykp6+IsQKAmG8kpI8MiJZFBRUEIuVkJWVF4aFZciIUJAsYzz8/T8IgCW9fH8dAEtIAt9fev7+HAr/FAYLw8I+SNYlkvQiHg+AVcaPQaSnKctnJLJzQQrZ7nKkeahzankC914eYP3GDUTVrEA7eRTFsEE8Kg9jnbUF2+Lt6GSNoJI2hHrSWpSj1qEUKXwOmY+sTToyJl6omjuipG+GqqGtcLxMEanZI9J0HH+/skhVaCtlA2Eb9BApSdpH+KxqJNQJbSYMS3pry2kI80imUdRDXstcaEdTZNUtEGtYCNuvhaKGEQoa+iioa2NsYYqGuiwNpdFs7S9kT0ckI4UGnJhszPm2eGZOX0be5AOklO8jrW4H4SXLCcjsITm1nUlZ3WTFN5Ebk0dLfhoj1SmMtDbRNH0eM2bOZUnHFD66MsqRoSKGmnMpTEsjyCuckoRU2iuKSEgoxD6yBvuYWpwSG3BOasA+uhLbkHx8onMJCAkjPtqVwQVp7F+TT4SvLJYOZtjZumJvakN4sAsbFyVzcFkQVTFWtKTa8OmhKpY0mtFf7cTKqWHsWVJAgpuYVGttim1VODI3ktMD7izIVCPPSUS2pRKNbsacnJbISy0RnCzR49p0M4EFJyu1ODlZg09XR3B3f+n4O0PPdXlxddiFB8/k8dXZajZP9eHgPC8OtgVSF2JIaag1pVHWbB3I485LI7TG6bMwXpZLizx5ZSydadF6pPgYEehtRmKoCzmhVmzqyubcpgam5LgR5eGGt4M/jpYe+Dk542dpQbCVNWEe5ni76eLpZoSVhRaWFoYY6OuiraWFqYEx2iqqmEt6KBpoY62piIWaOra6ltjr65MaaEOKpzI9k5y4NJTJsVmB7Klz4XJXDM8Np3JmOIGOSh1OjEXz+uUaNq6OYnZzJkFBXmTneXP8VDnf3G7ko7eKuHurjavnm5g1K5WaKg/WjgZy66N6HnzZxabl5QzNncLgjHlUx+UQ7OSFs70xkUFKzIjXZn2WA90JptQGaZDrrUGwvYi8NE9y8pKZMqudnPL55NX0MndgMyVTWvCICMI5LJTAtBLcovOwC07DK2ESSRVzKGoaZHLHemYMbGfOsgPMW3GUOSOHaF58gKm9hyidtY2UqhGSK5dRNX8H3eufZenO11m2402Gtr5O34aXWbD8OZoHL9DYf5zihTvIbt1A7LRRAmqXEivMH9e8j/CGnSRM20d87Wa80xfimzKT1KoObEPzyazqJCatCXu3eHLKpuEWmYGybTgi0wDULExwtJdhabMNB1uNuNZuxvNz9bgyU51X2y05Va/B3mJl9hZpcbzSii2pKmxOlOWM8J17aZYhr83S4YNmbT5sVeHDDnk+6tbhHWG+51sdeXZxJCdXV9JUXcykwmLS4kJ579kdLOmcw7zZ/Szu7ef08YusXHmSvsEzE94DJlKc5s6ihfkMLRTO4/Y4njkwjbdPtfH1M6Mc7a/hYHstXelBfLR7MffPL+fOuS7uXpwvnAt9PLo2ypPnV/LomSEeXO7i4cV53Ds9nW+PVnH7YDFf7Mrig7EEPt6azOe7Mvlyby4PT9dx53QTd8628v3lNr46NJWvD0zns+1TeE64FvUmWjPZQ4s0E1lmJjhSGqLP4PRolsyNZXqVDSuXxHPp6Aw+eHYR1/fMYvv8OD4+0MzFviiuDQXz/sYYYV1JwrrSuX2oiG8OV3FrbwU3txdwc0chn+4t5/Xtk9jWEcq0HH2KEnQpSrMUrlGquDqoY2WmjK2lBuZG6tiY6qMr3Af1FBVRl5VFRyg1hPufjroKutpqwr1JjLmlHrEJARQUxZGZFYijkxbu7trU1SewsK+U6XMzmDYrheracMKFfQn01sLOVAYHUzGWurJYGyphoa+Em50hisL9TVm4L5roqOPnaImphjKqQp2acA/UFM5tJRX1n+5ZSorIKckhryosw9aQ+EQvMjJ8iIiwITjAGh8vywnbWkpKSkpKSkpK6p/LRD8KSUlJSUlJSUlJSUn9z/S7AmB1ey9UbNxQMHdAbGQ73vNXVs9iPAQWaRojUpf0/tVHpKqHSFlHoIqMihgZJYGkR66C5JHMssjJi5GTk0NOVoyiWAFFWTmUZBTQE8bnhhjgpifCVF0ReZEkgJXMK3n8888BsIykB7AGYllVYXk/1UvGyyrLjT+CWVZeQ5hHS1i+rjCNBqrK2mhpaiGS+amX8P9JACwjFpY9/l5gSegr/ivJZ6FeVhIOS8ZL6kSSemEeYVsl4fR4QC0vTCevIlBFrKSEmnAMLFVlcNcV4aQtQ26YIefW5HDv5UXs3bObsEmLMM5YhU3xLsyzdmCcugP1lM0opK1GMXs14vhVqCaMoRS5FHn/2chYpCFjGoickTNKksdyq5mjYeqFWNsFkZYTIhULZDSFdlI3/YmKESIlg58CYDWh7SRhsKLQbkr6yAl1siqGyKgJdfJ6yKiaC8fXELFQJ6ukjbySxvj+Kigro6QoS3SwI53TU1k2M5pqfwUO1hnybHcUXXNXM2XOBSpmnqN83lEyZ+8iuWk3GdU7yavaR0bZZoprB2ids5CF0xqoqqimsrmN6d0DzG+fxYXTG1kyt4DO2ZOY3FBGWnYm6cnxRPt7Y+0Sjq5nNiYBBViFFWMdXoRFQCY2fkm4+ETi6GBDQpg925dXsWUgnhhv4Vi76eHnakOQkwU5ic7sXprAgV5XJgnb3J5pxrWlYbRniZkcLGZnSygH+uKZlWZMW4Izg8k2vL0ii+tD7myqMmA405yBKBtGYx3YEG3Erih1LuUZ8WK1FW9N9+BatQ3H8lS4WGPMmSoLXmwN49x0Ry7ON+G7A1F8vj2N07MDeGU4mNfXRrK9OYC9HSlsmhfBgf5QXhnLZGuDDbumGHCh34pXN0ayos6RpgxjKlLUKY1VpTpGkbVzXHj5YCWzSu2ID3DE3ysAD49g3Nw88XTxxsvBBy8XZxxszbC1tcTMygpDS1v0rR1RMbJCzcwOVVMrxDp6KBvoo2FmgIGZBRaGttibWRLkbk1ykDkz8z1pK"
36561 [Forwarding screenshot on session b1310904-d161-49ca-a1a6-530fba7baea8 to remote] DEBUG org.apache.http.wire  - http-outgoing-101 << "3Bhz/xM1k+JYfu8bJbPSmP9YAXzZ0Qzt96DeF85ClPNhOMeT3riDCY3NjNnfiIfftjKu9crefe5qbTP9Cci0ImUJDe6OkN547WFvPHSIlYP1lGXHszs3BRWTp9BS0kW8aF6TKtVZ1ObDRtLjWkJEVPuo0iKi5gIN0VsLBTxCvJh2oJF9K46Rt3cNZRN7yG7cjL23i6EZ2Qyc3AdXesOMX/5buraV1PSspTC5iGyZyyidP4qytvWkj9rOVkzllLQsoLSeeup69rBjMUHmbZoLxVtG8matoSs6cvIbVpO3swVFLWspWzeZmrad9DQvU+Y9iitq04zb91pmtcco3H0EJOHD1Oz+PBP4XDTKmLLF+KfXot7Yil2iXW4pzUSlllLcp5QF5yCtm0oYqswRLZhyFs6YOeoy6xiB7bPsOTKfAuebxXOqdm6XBe+P2enanOwXI2t2UocEo7LWLIiY0mynKrQ4sVmY16brc8HLbp8OEeJG21iPu3U4r12K56f58L1lbGsa4umJi+NvPQYZjakcunAMANzm5nXNI+x4Ta2rV/PgvZddHQdnPAeMJGqLE8Ob5rDhT2t7FlexJVdDbxxpJWbZwY4PlDFqb56lhRF8O2JVTy6uJInV4f4/rl+fnhpBY9f2cz3r24Vhtfx5IVlfP98P0+uLOD+uSbun67nmyMV3NpXxO1DpXxzuHzck4stPLraz/3Li/hRmOfemTbunJjLl3tn8tpoBevKfJgTbkyejSwz4m3J81ETvsNuNOTbkx6jxrTJzoyNZvPS6Tm8dKCe/d1hvLO1mDfWpPDGaAK3thdy52AV3x2p4c6pRu6encE3p6Zy/2wTt09O4avTM3jrQC37hWtIV6Mji+aFsbAlnPQkUwz1xKiqiDAyVMBATxlTI10crS0w0dJER0kRbRUlNIRST1sTE2MDtLXVMTUzxNXdntAwL6E0R1tHjKuLMVGxrqQWBjCpIY6Z8/IpqwwnLcmO1BhLYvxMhHPOlDBXY0KczTDXFGOio4i6sgwaavJYGGvh42iOrnDvVRHueSrCPVdeuOeKJP+hSiCnrISylhpywv3Z2EqHsGg3ktJ8SM/0Jz01iOhIzwnbWkpKSkpKSkpK6p/LRD8KSUlJSUlJSUlJSUn9z/T7egA7+qLvHY6eZwiazgHouAah7eiPhp0PajaeKFu4ImcseS+wFSJNs58fBa2OSFmgpIpIURmRguRxyYrISHrVimQRi+WRE4uRFcmgIiMiK1gPbxMRbub6qCupIaOgKMz38yOgJWGwjIYwrS6yYm2hThinIIxTlpQayKiYCss1R0HVGbG8NfJiY8yNHLC1sEUsI4O8ZDnj4e9/LgCWlQTAsj+RhLySUlYS/P4WOTFiOZEwLNlmGYECIjlh/+Ukva+UUdNQRVdNAUMVEQ6GMuRGmXNprIw/f7GN0yeOklQ7hH3+CswyVmCaPoZpxj50sg8gSliDOGsdsvGrUEzagFLMIsQBzYhscxBZxiA29EGs746ieSDxZW3YR5ShbBUlHD8HROrOiFSFUlVoHw0nRNquQvvYCcfORvjsKJRCmwlktByRURXq1G2FaQVqwjzK1shoCMPy+sLx1UFWSWhXRa3xR3trqKsR6GlJhJs+kVZyHJtlzbO94bRM6SevdCuJ+WMk1qwkoGIIv6q1hBVvIzBjM8E5G4jIn0tYah6JKdkkpaUQlhBGRHI4YbHBxMYGkRzlSbS/CbH+uoR7ahLsYYifqx3uzt44uwbj6haIh6c/vj6BBAcEE+7vT3KQN+UJvkxPd+bUSCGbW1xozdFmRpEznZXhLKqNZvmscF7eksqVAXu2zfTiSn8M1/s8ONvlzAvDcTzTF8+5vhBBFM905XK2KYSv1mfwZp8tOwuU2JSqw7pIfTaE6rA9WJE9/mL2+8lxPFqVE7G67A1WYleomGdKzLhW6cTBNFMOZOpzulqV7zZ48/nKSE7W2PHt9iQ+2x7L2+tyeXFlDke7Aznd5835Hk+uDQZwvMWQZ/qt+VCY5rmRFE70R3FU2M7TA36c7fdi71w9Pj6azoZ5TjTle1CWGUpuZiQJce7ERXsR7udBqJstQY7mBDrb4uFgi5WFBXYurli5uGHo6ISplzsGHg7CuWwlnN/GGNkZYm+uS6CbCYmhFkwr82Ph5CA+ujDMvY+PcWpVE3tHWphcmsDsuZNJy4ki2F2NmZP8aS6LZeqkBUzKXkli0mzyi9Oor7Vj2+IwVs91Z16VCzEBDoSHeJCbH07TrBJmTCtlekUhNfG+rJmWz1BpKv21CaSHqNMxU5GX9nixtU6Pwy1enOpLZUG+LUm+6vh6GOMTEkRSUSPp1R1M7Ryjfv4yihua8IsKw8jFC9+0WqJL55FW30thy3IqO8ao6dpGw6J91C/ez7SRYzSvOkPjkqNMat9GzuyV5M4epbR9I9OH99O67iSta0+MD09ZupeGod1U926jYO4aUqcMEVvWT1zhIuKKekgsayejvoOY8ibiK5tIr28lurgev+Q8PKPi8YwMwyMmGtf0cuyTcvBNTcQ3Jh4FA0cULCKQtYpEZB+BilMYJubWVMe6caEzgqtzrXh+jgnX5xrz/FwjLjfrc6Jeiy05chypMGRrhhJb0+Q5XanNi82mvD7HgBtzdflojjKfzFfi805tbnRZ8kKHK9dWx9HX6Et5WiIFaT4c2j2b5Qvr6GiaQVNdPdtGmxke6GZh90Fa545NeA+YyMyKCI5vmc/zR7o5uq6GKzun8OHZHt453MG54UYOd1aye3Yx351ay6PL6/jxhbX8+NIq/vTWNh69tZcn7+zjyVvbefL6en54bQVPri/iwdWFfHduFl8caeCdLcW8siaX66PZvDVWyv0L3fz46iYevLCOf3ljI0+uDfHwcje3j83m7bFqTixMZkGiMQnGMjTEmjI90144/10oTjEh1FdMRIgSpfmmjHSGcWJ9OseXhXFlJJKPthVwa1c1dw/O5N6RVu6eXMCjq93C9vRx75qwPedbuSN4cK2Tz87P5truStZ0hjLaHUXn7BBK8+yE76UGRvoiTIwU0FSXw8HWCh93V3TUhOu+ohwqCmJUhfuVikBNRQUdbS1hWEm4B8oKw+roaKkiL9w7PIXztqAoifisQMqnZxCf4UF0rB1+HjoUpToyuyqS9skJ1Gf6kBpgQYizAbrKIpztjHF3tSEtPhQXC1205UXjPYAVJK8+kDwFQ1kFWUWBkuTpHAoCMc6eduQWCedcdijhUc4EBzni7WE9YVtLSUlJSUlJSUn9c5noRyEpKSkpKSkpKSkpqf+ZflcArOwc9FeOgSjZ+6Ng54eSbQAq9kGoO4Wg6RKGlqvAOQxVoV7R1B0ZHXtkVEwYf/ywnCYyiprIKmsIn5VR0NBCJJZFUVXyI7gMcd4aRHvoYm+ij0hGCRklYVp1NWEe+fFhkawRMvJWyCiYC8vUQ1bDEHltaxT0PZDX8UNRPxITxzy8AspJS2mkvGgaTlYuiGXEyEp6QMlIHss8cdD7m2R/Cn3/oyTvGBaLfw6Ax3v/SoJv9XGyKtqIVdRRVFFCU10WJ3NlJiU58fK+afyvr/dw9NBOatvWYJsyD5+SZbjlr8U8bQtqSVtQztmOKG0VMvGC6FHEUV3IBs9E5FqCyCwRkUkUspbxQvtk4ZnVRmDRIMbBjag5lWDiV4tZSAOGwXVo+1ai5V2Onn8VOr7laHtPwtC/AnXnHAz9StHxLBKmL0PNJRdV90LkrZLRcEhFxSICNfNgVEz9kdNyQU7dGnkNE7R19MZ7noU6anOuN5h3xwqoKJ5NZvEYMVmjRBb34VXUgYuwPS7xgwSnjeIb305MZhmBscH4x0USFh1JZHgwYYHeREf7EBfrQm6iLXWxxsyL0aU70YCeLHM6ixzpKfRiqCSQ1XVRbJ4Zz87WVPbNS+fYwmyu9BdyoT2BlwfjeW8kjFvrgnhzJIAX1+XzzuZaXltVwvU1mXy0KYZbYyG8ujKBN0bieGPAm1dHQnhrbSpvjWbw+oo4QQJvLs7li1UF3N2QzEeLnNibI2ZPqjo7hW3aHq7K7hAxh0IVOBKmxqFILY7Fm3I0zph90aocTNTidI41u2KN2"
36561 [Forwarding screenshot on session b1310904-d161-49ca-a1a6-530fba7baea8 to remote] DEBUG org.apache.http.wire  - http-outgoing-101 << "Jmkwq4sOb5b78UXy4M5U+vAR8NR3NyQwkdrSvhscw03t5bx6ZZcriwM5OH+KdzdU8rNTSl8tj2Ld9aWcrUvhWt9UbzQE8lrg+G8sdiJG6ud+GxTIC8uDuWFZfG8MBrDMyM+nO515MA8J5bX2dFX4ciCQnumZ9hSkWBLfpQdaWGOJIW7EeZnT4i/I37etri5mhPho820PAMWVhvSXqvHyGwrFjXq8frBEv7w6Uqe21XPrhW15Gd5E5bki1OgDcmxBlzcO4UPn13KtuERshNnUlbVTXp2PPERCpxdn8iHx3M5PxZBdb4aYaGmuHkHU1rfTl5xM5OL6lk8uZCR0jCGS2PoLQ5kUoga/fVyXF3pyViFMbvrbbm+PJOXNzcwLduFUC8zQqMiGVyzm/nDe8mp7yVx0kwSi+tIKigmpqAOn/QmzEOr0PUuwiqqHvuEJkxCa7GKa8IitgmbpDk4Z7bjV7aUhKZNVA+dFByltPcAJV17mdSzn6KO3WTP3UrO/O1kzd1MSfceGkdP07L+Ku3r36B9+G1aB56jse0ARVOXklLaQn7dHMKTC4lJK8DdPwhPHy9i40OJSorAOiiQoNw0XKO9ULUwRcXaBzmbeEQ2cYjck4VzLQAbM6GNXA042uDC87MtuT7XhJcXmvBKhykvLDAeD4FPN+hxrFqfLelybE0XcbpKk+szjXhrriEfzFPhVpsu3yw047MF2tzoNha+N05c25DNjAJ3ShJjqCnx4vyJWfTPqqNn1nw6W2eyYaieod4O5ncepGnmsgnvARNxM1cjP96GWRX+LGwIYs/wJD65vJSX9izg1LIGVjemcrizjvd2L+Gzo8v57sIa7lxezcPXdnL33YPc/+AQ997dzf03N/PwzfXcf2WU754d5OsLXTx4ZjF3Lgzw0f75PL+qQTh3Z/D1uZX86f0jPHhjF3/+YBc/vL6KJ9cX883Zuby7o0aYtomllc7EGMvSnG3Nuq4sOqaHUJpjQWigCp5eigT6yZMapUh/sx1n1sZweUU0L63O5PqyAq4vreTFkQbe3jaX764u4/u31vDwjWU8fGGQ758fENY1yOfn5/Gx4NiaPNZ2R7Gg0ZOyTAuK0u3xcFDC1V4XKxNtUuJjhHX6oaIoi7KCjEAWbQ1VFCX/SUi4F+lqaaOjoYmmiuRVCDKoCPUmelpEhfiRkRZNdkkcuZUxJGd4UVIUTH6qK0XCsV4xv4Dzm9pZPjuf0hgnLDWUcDRSIdjLniBvR0J9HXE1V8daRx5TTQXUhHWrKMujoS3cb2XlkVdSwcTWGisnG2KTo8gpTCI8yo0Q4bpgbamJqaHqhG0tJSUlJSUlJSX1z2WiH4WkpKSkpKSkpKSkpP5n+l0BsNjWT+A/TtbaF1krH2QsvRGZeSEy9ULGzBtZc5+f+SJvGYyydQTqtlGoWoWiYOKNWMseGVUTREq6iBQ0hWEtRMoqiCSPhFaRJTHECntDBbTVdBArmSJSlTy22AB5HTPkdOwRa3iiYxGPhXs25p4JuIYXEJw6jZiSPjKmjFHSeoiGhcdpbttP24Ix2mcvws3GHRV5FWTFkvf4KiB5P++EQe9vGQ+A/+MkAbC8JAQWSB65KXn0s0hBTSglj4FWFvZXAznJj/46KnjYazFrkj+fXOjgf321j1eeP8uO45dZe/IlBnZcILVhFM+cFRikrEYxeRWyScPIJ61EKWYZMuFzkQtrQsGvHmWvanRDpmGXuhD7zD7MU7owiu3ALK4H+6TFuKQswTFzGNvspVimDWGTsQTn/FEcc4ZxyBrCJWcpXgUjWCd14ZK1CPvkLhzSejGJX4hNSgcOyfNxTWrBPrIe94SpeCU0YOOfg7KhKwqquuhqqhLtZcaJviheHptE0aQWorOW4RfbjVfybGxTmrDPmo9nwnziMzsoKZtLW3M1i+eksGpeGutaU9jWkcvGtkJWzC9mfW8t69qKONhTyHNLinllRTnPr6zk3PIqnl9Tw+vrKnljfTlvjJXx5qZy3tpcyXtba/ls7zQ+21nH1/ur+GJnFg+O5vL92TLun5zKo2Mz+P5EE5/uncSnY/E8OZDDw7NT+e5wLZ+PZfPh9iI+OzyVb460cPvwZL45VM/X25v4anMNn65K4t3FPhwu12VnhgFbEwwZi1JnQ5g8G4NU2RCkwcYIbcaijdiWZMaONAM2xGsyEqbKUKAmy6PlOdOkx6drPXhzyItXemJ4fziWGysS+HAkn5tri3h/RRLvjUZzvsWdj1bkcWNVBh+tTeTLHZl8saOSmxur+HZzLd9smMx3Y8L+rY3nnaUefLo+jE825PLumjxeXZUsHKdgnhkN4sryOI72p3CwP4cDfXns7s5jy4Js1s3JYGR6IkNTExioj2JhhT9t5T701AUxNjeQk73uHJxvwb55pmybqcPmKZp8ebiIH17v4YWNFWzrKSYn1pOgYD88A7wpynLkwp4qnt1XzWBzOQWpdYRGV+Dg5kx8iCbHh2K4d6GEj05Ec25vJLm5pviGhxCUUUZK6TTys/KYnuHJaKUbA3nuDFdFMslbi/ZcLZ5dlsO6Yn92TfHi1bUFnBuZRGtpMKaasgSGhDJ13iD1bSuZvHAN07vX0bBgKfWtPVTNWSJcD0bInbmBLEFU5VKCigeJrFqOV94AXoVL8CtdjnfJCG75S3EvXD5+DrjnC5/zluGWO4xvyWr8S9cSWr2JuKm7iW7cQeyU7cRO3U7k5E2kTt9D1tQ91C48SmrNYqKLmokvbiQmt4yQuAzc/ULxDw4nKSmRsFA/fP1cSM1PxzMyCD17a+SMLYXrpici22hEDsnIWIWjZeeFv7MZ/YXunGy049kZRjzfostL8/R5td2Ql9sNeLZVl4szdDg3RZ8DRYocFlxp0OHlZkPeaNXmo04Vbi004NsFjnzTYcLbHZq8OOzGyZFsGrNDqMtJZqAtkQPby1kyr5We5vkM97Syf0MXs2c00TRnE63zl094D5iInYkIHWURJkKbpIbpMtCSyOVd89ksfE929laQ4ajJrrYaDvfN4JlVnby2bTE3jq3m5rPbuPPRce5+epwHnx7h4Y29/OnzQzx4ZzPfv7uNB6+M8fGpIZ5Z38rJoRlsa61hzdRSvn32KE9uXOCL13fw/Ud7efLuev7w9gh3rnXwwaEG3j84leeEa0JLlgl9jT4MzY1maVcSC+aEkZlli6evNtm5jtSW29A1y5H9o1G8tGsSZ5dkcKwrnz1zCllTl8G+jlq+uy5Zxz6+e3MtT15ewf96fQ33rgzwh1eW891z/Xx0ZgGXt9RyYLSEpiIXpk8KwMNSjur8WDJjg0iNDkNLWRE5kWg8/FVVlB3vjSup01NVQ1tRCSPhXqCvrIq6jCxqMjJoiSVkURaGJe+1l7zioK4qjnkzMkkNNmRmoXA+DNTw4u5+DiyaypyCMGyU5PC30UFDMr+CGB87AxL9rbDVUcRAUYSaWISmiiJaWhrjT95QUFFFRUsTawdrouJCcfe0wdZODw93UzJSI2ioKpywraWkpKSkpKSkpP65TPSj0MSOcUT4m3X9RAJHeW/CeaT+//DeaODfHP8jx/52/PONv4xr5Pmn6qWkpKSkpKSkpKR+VwAssvD4K3OBqRsiY4GZZFhgLDBy/4mxJyJDX2QMApEzCUbBPAxlq1BUrUIE/ihJegZrmCGS10akIXkfrS4ySkqEBzpjoqOFsqqF8NkZBeNALEOyCEivIbZkPsllS8itH2NSyw7qunYyfdFhGnuOU9Vzjoq+ZynvfY5J809QPmOMhoYB6stmoCWvgYKMPDIySojEygJh+Nch7z8gK/ufIwl+FWUkAbCssH/COhXUkJEE0PIK44+/FmvoIK9ngJaBOr7OWiyeHsntFxbxh0938OMPN/nuyT2++fP33Lz/NSefeY2q1i3YpPShlbwYpcRBZCMGMc5Yh3bGAMbZg1hkLcY6fQj77GFcC1dhn79aGL8Mk/QRLDNWYZ26CqfMjdjnbsZh0nZsi7ZikDKKXuJSbHLX41i4EbvcNehG92KXvUJY1jJsBM75K7FIX4yNsB6H9G58Cwaxj2vGyL8cHbdslI0DUNKzRVtXHwNVeXJDrTjaG8PZ0"
36561 [Forwarding screenshot on session b1310904-d161-49ca-a1a6-530fba7baea8 to remote] DEBUG org.apache.http.wire  - http-outgoing-101 << "SKyS2fhn9qDR2wbbkmzsUyYjm1aMwFJ9UwqnsqSBS2cXlnNJ9tyuL0mgs+Xe/PZ+gheX5nMylpvTiybxocn1nLj6FI+OtzJR8c6+PjsCJ9e3srta+u4c20x3z7bx+1nOvn6mQ6h7Ob2s/3cfWEp3zw7yHfX+nj/+BRuXZ7Bn9/s5l+f7+bfLrTB8z18e2oaN7cV8OPJKdy/NIfvTs3i1u4G3t83jbf3z+K93bP4YFcDN3Y28tHW2XywsYHXR7N4W9i2F7pjudwSx5WWBK7OieFqazRXZmdyaXYGx6eHcrgxhCNTQ9kz2Z0lqTpMdVVkmouIzmgx53vseX2tK88MefLycBpvjMTw1rJw3h5K5MOROF4b8OLNxe682OXJxysy+HBlEh+vi+LjjaF8vCGBT9flcGtNKV+tE7Z75yzu7qvl3TVJ3D3WwA/nl/LDs2M8fHUb997dxN23tvLdq3v5+sUD3Hp2Nx9f2MyHp9fy0elVfHZuJR8e7ee9A/N5cVMt54fTubIilRfWZfDB1gxeGnDn8nwrXlvszZU2Oy7NteWzDYncP9rAqQXRdOd6UBLmTpiHL17O3kT76bO6K4zDqxLonpJKRlwuFo6xeASGkBJpwY45/ry3IYQvT4Ty0qlIBvsDhe9HNAZ+LpgGehEQ6k5NijkrGu1ozzdnoCqYQm8t5qQYc6Szgp7MaNbUh3Ju5SSWTI+hLNkLHRVZgsKiWbH1GH1rjzCjd0ywkfoFo+OPgp7eLVwjZq8juXYJ6Y2jFM7ZQnXPYWYuv0pF90nSmnYRUrEGj/GwdwT/0g34Fm8R6vYQXL4Hv+IdeBdsxz1n8zj/kp34FG4dn8a3eBOe+WuEaZbhW7gAt4wGAgrqCM4vwTEikuicXLzCo4iITyEuKRVPHx+SUuKJiQsjvzgLZ09fNMw8UbYJRMY2CBnHcBTdklF1iMDR3ZmSRAtOL4rlmTZPLk0z4PkWLV6ep80bHbq83qXDS21aXJujxXOz9DlTo8K5alVemK7Lay0GvDVPi4/7Vfh8oQF35rvzoNeG19pUeH1jEKtbEylPiaS+IJad66pZP5LHSEc/S+Z1sH5oDttWDjB3Vgctc9cxa96SCe8BE7G1kicq3IoQPz3SYixoqghisCWNnsZY+upiyXLXojzImr6SZFY1lrCqoZStrQ2Mddbz9rObuffZKZ58cZov39rOV69v4uF7O7n/5nZuXl7N9Z19HFvWytGhdg4P9rKrvZvPLl/ghy9e5Mv3DwrlUR7d2MKTd1bxx3dHuXl2Nh8fb+HaWDW7+zJoLXNg/aIsOuYEs3J5HnPmplBYEkJSkhUFORZMrTBny9J49ixJZWRKDCHaKsxPD2FReQ5Ddfm8dmQ1d949wJ8/P8y/vrsdPj/Cv7y6gccvrODBteV8eWGQo0uK2N6Vxb6hStproiiKdaQkyY/MKG/CvR0x1FTAQEsJPw9Hwv08CfZww8HECB2xGB3hHmGsooyVhjpGSopYqCpjrixMLyeLv60hkf5m2JrKUVcQwORcb9J9tZma6sLallx291SzsDCcyjA7om3UcFCVvFNeCVNVRYJsDMgPt8fPTB07bUXM1BXRU5FHQSRCQVi2qqoKMsJ9SkVVCWdnG+LigogM88TcRA1PJ0uiQ3wmbGspKSkpKSkpKal/LhP9KPQPvTbKzl/Cx/9hwe9fg9NAzr828TT/1x1r/HmdInaOvjbxNL/y6wD410Hv7w+Anwr7peG+lJSUlJSUlNT/KL8rAJY1cUBs6iCUjuPDIiM7RAYCI0dEhsJnPWFY92d6ks8uwrD7T++b1ZIMuyE29ELe2AdVy0As/ZJRt/JHJG+ESN1KKHXw9fUlPj6bminLmNlzjKmLT1HavYvi9m00Dp1myuAz1HY9Q8n805R0HKFowUHSZuwheuoBghsPEVC/n+DK9cRP6qWwpJmC9PzxXlHKkkdAyygK61D9LwyAxT+tT14DWXklFMSS9xDLoaCtjbyBAbrG6oR5qLGzO4mHb4/y7Xtj/OmH93n0w8c8/vE9vv3mCt998w4nzr5AYM48TJIW4Fy9EYu8DVjnjmFTuAq7/JW4FW3Ep2Q7noXbsMtej1XOWkyyV2FbshmPqj24Fu3EvWAXtjmbhHnHcJy0A6+a/XhU7sYoeRiNyB5h2YuF6YR505biUbQWN2G54fU7cCsexXPSMC7ZnWh6lyFnlSS0d5jQ/gHIaFiioaOHkYYYK0URM5JMON4Vwab2VBKKpuKeMh+PpDbcMzqwTZuPZfJ00kqmUp6fytbuEl4ajuLTlS7cWmXHp0ssuLXCm9eWxtIQrsaZzfP5/IU93H1uE3+6MsqfLw/x+OoIt59dw3fPjXD/2gAPn+/l8fUuQSePnu/i4XM9PHhmgK/OtvP1+YW8ubeG94/U8N3lFh6cW8jD4/P5/mwbX51o5os9Ddw72MQXJ5v5+tRc7p1YyDcXB/ni/ABfnuzj25Pt3Do0j8/2dnNjx2ze2VTJ2xuLuLmtkS+2zuHW9ll8sXManwpubFvIRzs6+eZIG1/sax331aEWPt83k/e3TefakgquDWeN98x9ZcyH18ZieG1tPm+uTeKN0VDeXBLOe8v8eWuxHe8P2wnD3rw3HMkHqyL4aKM/761z5P3V7ny0PoqPx/L4cEMFH2+p5sbmXJ4d8OPzbQU82r+Ab7Yv4PPNs7ktrP+Pl1bAmyfgm+fhycvw57f4339+B/70NvzxDfjDq/zvH17kf317hn97fJknr63lwlAOr61P5/6JDL7eH8OPF/K4cziBL3YE8+pSa15cbMuFXmf2tfsy2OhPYYIz8eFOpMQY0jPLheFWCxpyHEhLTMAvIZfwjFjqa/zpL1JjTYkCo+ViXjsTRW2FMfklkZgGu2MVG4ZPqD+lydYsqrchL1yGulwLYr2VmVVswYHRSponBVOcYEFVjhuZsa6UFqRjbeOAuZ0PYSkVzB7YzKZjL7Nq91W6VxykYf5KCht6qZu3ipl925mzaA/Te3aSM2UE3/Q5RJQMkD5lIw2LLrBw49t0b79B387Pad90k/r+V4ir3odH2mr8czcRX3OQ6Iq9hJXswD1tFIeERdjG9mIZ2YZVdB22camEFOfjnRGDTZCTsN/+GNjok5qXjl+wP56+XuQUZhOTFEZ2YQquXi4Y23igZBaGjHUUIocIxE6BGHlHoWtqSVyINfuXF7BjoQerK405M9OSl+fq8mabBu/2aPNevxZvdqvz6kINXpmvy9UpKlytV+XF6Vq8NVuXDzr0uDGowidtetyZ7zoeAL/ersUbW2JYWBlBWWoCDcUhHNwyg9HeMobbh1jX28nR9QsY7uyhY94I02YOkpJfO+E9YCJhkbaEhlni56NLXIQ5tcX+tE1JYHKGK8NNmSyqTWJKrDttWVGM1pRwZqCXlzau54Wda/j27ZM8+Pg0f/ryIvffP8Db55fx+L19/OnGEX54+wgPXz3Gt9eOc+viKT48cYpnxvbw7qlzPPrsJR7dvsyPt89y9/3t/OuX+3n40ohw7nfy4f45PLd2MqtnRArf02D6m8NZtTiTBa2hNEwOorwsjMI8TwK91KkrtmPrcAHDc+JxVRWR42HFhTVLeH3fdp7ZsoIXD67myUdn+OHjo8J2rOP+9Y3cf2Y1ty8M8+mxAa6unsaiigC6S/zY0VnKwvIIGjJ9KUn0IsjJiDBvS9ztDLEx0iDCx5WMqBByIsOIcHLEUkkRG2VlisNCqIgKZVKYP5leDsTaGxPnaEymrwW1Ke7kButTk2DL9HQXCv11mRJnz4LcAJqTPQjXUybeQpWqcGeCjRRpzo5mcmIgs/Ii6KlOYOmMXDrrMmgqTiYt1BtNsRhtZSX0NTVQEoatTI3xdrPH0doQQ01lrAw10FNTRl1ebsK2lpKSkpKSkpKS+ucy0Y9C/5A0AP6/6/9KACxoPPaX8dIAWEpKSkpKSkpK6rf8rgBY0dgCBQkjSxQMLRAbWCCrL9CzRCSQ0RXoCMO/0JawEsbZIKNnL4x3QKTliKyOCwp67oh1PFA2C8YhoIDiqUtIL23FwyuS4rK5zGjbT8XcE5T3nKek/yT5nYfIW3iClBnHBeeInXoMv4oNe"
36561 [Forwarding screenshot on session b1310904-d161-49ca-a1a6-530fba7baea8 to remote] DEBUG org.apache.http.wire  - http-outgoing-101 << "E9ajVfRepxKNmNRuAmDzOUYxM/HNrKCuJQC/N1dUZMRoSQrg1jyfl4FSQD8n3sE9EQh7z8iCYCVhD+mJesTyauPE8vJoyT+6bHQcmrKiPW0MbZQJy1Eh2vrS7j30gDfvL+FHx6+yv171/jTH6/w57v7+dd7V7j/9U1GtpzCp6ATx8Ih7PPXYJexDqeCdTjkrME1ZxN+Rfvxn3QIz0n7cSjahu2kMWzLBMXrsc1di1POBjxKt+E0aTPmwjEySVmCTc5KnAvX4JA7gkfhKsLqtuKctQTHjEEiajZil9SOik85ck5ZyFonItINQGQShKyhp9COVqjpGaCjJouDuohiTyV2znDlQm84fXVBBKaX4pDYjEN8KzaJC7FM7cQqtZnKptk0VcVxaVUBt9YH8eUyfb5Yqcf7yy34eEsc+9tDaEgy5u0Lq/jk2a189cxm7l9Zx+OLIzw8P8jdc93cu7hYqFvKw6uDPLrSw+MrnTy62M7jC918f2mQ7451cP90J58fbOLLo9P46vgsvjzcyjcH5nD7QDM3D83gy90zuL19+vgjnz8/OI1v9jTz1ZH5fHZoLt8I5Tf7m/l6Twu3drdza28r3x5t5vM9tdw5OIvbu4Tl7BGWvb+RmwemcmNfJx/u6eSjndO5sXUa72+awrsbq3lvrIb3N07lk63z+XhbA6+siuK97eHc3JPH22tLhXH53NiYzfuj6Xy0PIov1gbw6UpPoYzm45WpfDGWwc1N4dxY78bNDb58uilSmCeZN9fk8ObaXF5eGcWVQVfeXxvDzbUlfDvWyKNdM3i4byrf7GoS1juHjw8u4MbxBXxyspPPTvfw2clePjvey0eHOrl5tJf39y3g7V2tvLVjNnsWpDA7RZPeUj1Gp9qwtzOQba3OXFgSyPMrg3hrczSHOh3Z2xdMRZIe6TEOBPraExFgwdpF+ewaTqAsyQlvjyAMPKLR93TA00uBNVNteXmJO2+t9+LtM+XUFtqQkuCHZagPDsnpOHpFMCk1jG2DRWxaVUJfTxGTa+NIjzPGxV4GCxsxVk4ahMb54ObngWdwJAqa1rgHZTK04cR44BuSWkdYej1pZa0UNfRRO2uIqfMWUdfcTVb5TCZN6aJr9CDrD77CwuUnmbvsNC1Lz9HQfZTc6VuIq1hBxtRNVLYfZc7odfq2fsDAto+Zu+LVcQvWvMaMoctM7j1B3qwt+OcuJDCzFq+YCIITQjF1MMAv1AlfXzsy02MI9PHA19OdvOwMwsMDiIoJxMreCB0zI9QtXRFbCOeSVRiyzjFoeYahZ2VBSXY4m3pLOTpcQlmIKjVRyhye48Lrbfq836nFx4NafLpEm48Wa/NBvxbv9xjyWqs2rzRr8WaLNu/P0+VmryE3FgnTLNTnXpsz3y40551eM55ZE82skmiq8jJpaYhg99omRjubWdy2hHU9LVzc0sqiBYuZ37KCaTPaCUr+jz8CuFxoq4BgE2HfdYkIMiQ/2ZHW2igmpzlxYcNcTg7PYHldGid7Z/PsssW8s3ELH+/cz1dnT3D/jfM8/uQq//L1NT46v5r1czN461APP761jx/fPsyPb5zgySunuXX+KB+fOM5ruw/xyr6DPPr0Ze59epE77x7hq+ub+eGtXfzw0ibO95dyZF4eu5uzmB5mRl24CVMy7dm7uo5l3el0zxW+41PiKUpzoCLHie7mOFZ3F1CZaEeEjQqJTkasnTON57at46U96zmztpvndvVzWTiHDy+tZUtbNmOtGSypiaQz34/pMfZUBhhRHWIutJctk5PdiXXTJtxdFyt9BdLinUiKcMHFRAtPU33S/L2ItLMW1mNPiJEBoSaGNESFUOHvSk2IG3muppT4WdJTGkdXcShzUh2ZGWdObZA206JNmeSpwZRIa1qSPJmV6E26jTaTvC2ZHudFiY8lQ1XpdBbE0F8WyxKhXc6saOH46Fw2dk6lOi0CfTkxjiZGOBgbo6eijLOFGdb62jiZ6WFnoIaLuS4OwnYaqClN2NZSUlJSUlJSUlL/XCb6Uegf+ocB8K+Cw6enFfzlUcVPhZ5/H7b+7TKe/1XYOWFI+qv1jPu7bXuN84G/jJcEo39dz87RY0+N+5WflzNh6Dru1yHrb69n3FPb9dvL/McB9MTz/XWefxQATzTv3xzTiY7lz/796X69vqf3/e+3RUpKSkpKSkpK6r/e7wqAlQyMUTI0EhijrG+Igp4hcrqGyGobICOQ1TFGVtcUGR1TRFrGyGgaCvQQ6RgJ44R6bXNEmpbIaNgK87iioOONWNsXZb1gdCwTsfHMwdYtltTCeZTO3EVs9TbC67YTMX0HfnXr8a3ahGPOehyyxrDJWINJ6iDmKQMYxfejHjuAYkwvipHzUQmpwywojZzCfOzMDNGQPOpSVgY5sRiRpFeuUE4U9P6WiULeiUne/yshM/6eR7GMAiI5jfFHQIvl5cYDYHlJCKyqiFhXDWtbNUrj9fnowGQevTrInQ+38+3nZ3h89xxPvt3B95+P8r8fHuNfH77P5Rdeo3D2KMG1o7gUSALg9bgXbcG7ZCfeBXtwSd+BVcIYpvFrsMndiE3hWsxyhzHLXIxt1jJsUhZjmtSPecZS7HJHccwbxSlvBNvUAWxTenBI6cIzuxfHxLnI2+Wg41WKyCQSOYtQ5M2DhDZ1RaznIrSj0HZq+iipKmNmIE+8lxoL88zYNdWaq+2uXOgKoSnPHY+4DOwl7wmOacI8ajbm8XPxzp1Del4aQ63JXF+XyqfD9ny9WJUvR9V4fZUtbx6aRGulE221wXx6ZT1fXN7Izcub+fjyVmF4PfcvLOVP57r54eIw9y+u5t65Ee6fXcSjs718f26AJ6f6+cPpIZ6cWCSUi3l0oosfznZx90Qbd453cv/YQh6emM9nB2eM9+T9dvt07pycwf0TTfzhaCtPTi/g7rEWHgseHJjGD0fm8OSoMN/hVv54bi7f7K3i8ZFmHuxv4f7B6Xx3tJ6vj0/ly+NdfHW0l+8OtXL/SBsPjnZw/9Bc7u5v5c6eNr7d0cHtHTO4c6CC7w7mcGd/Od/uaubjzZP5fMcUbm6YzBdrC3iwI4+bK6L5an0en60u56tNFXywMo53R/34dG24MF2cME8a723M5b2xPF5dHcUrqwJ5Z20EH6zK4MbKPG6szuHGhiw+3FLCja31fLWznts7q/h6WxVfbqvhy+2TubWzkVt7Jb2Tp/DJgbm8tXMmr+2axZnRKqZmuFCdFUZCgCP5sT4URDnTmOHB7AJ3FtUHsmhKKIPNKWTHe5GZlkhwaDQ+nn5MyoxkVnkoBQkxREWX4xRdjbFvCIFh1vRVe3GyM5JDC0NZ2pJCRrQL3m7W2IUGYhebgZVTPEGu/gQ7mhEYYIahmTqaehpYWWmhbSSPhpUmKjYGJJQWUjx9BhkVjWiYe2LtlUhl8xBdKw4wtOk0swe3UjpjMQWTeyiqW0BuRQPZpbXklNWTOamBlEJB8Qzi8qdT0DjAnKGDDG27zpLtrzK45UWaFu9ncs92qto2Ud+1m9lLTzB76CSzFh1lWs9uippGKJg+SHZjByE5NfhGJhMdEYWjlQVRwb6EeruSEh5MhKcHkV4+ZEbFERMYTHRIAI725gSG+6JpZY3YwhaRnRti12iUhOudmasvaYk+bB+uYd9wFdXx1gSYKxDrq8vGGa683q7Lh93afD6kz1cr9AQ6fDGqw2fLjLnRL+g24cMOPT5uF6bp1RemM+STTgPudDtwc7Yu7w86cWQwgvq8WEoyUumaHcPYyBSGO9tZ1j7Mhp5mTqxtonP2YhbOW0/D1Ln4JhZMeA+YyIyWTCZVhBIfZ0NStAW1+T7MLg9i9bwsPjm7nJc2L2BBsjsH59Ty/GAvb69Yz6eb9vHhtp28v28rbx7YwCu7R7i2bj6nF9dy+8wwT14Y48/vHOTupQ18dmItb+5azvsHtnDj0H5e2LaRdy8c5OZLxzg8OpdXdw9xvLeei72NzA91pdZaj5keVkz3tqHATofaMCtai/3pqA+jrT6EdklZF0pLaQBrOktZ11VFVoAFPoaKuGgpUxjowpLGEmE9w+zpqmd3RyVLJscwNC2OBRWBwrngTYyVHEG6I"
36561 [Forwarding screenshot on session b1310904-d161-49ca-a1a6-530fba7baea8 to remote] DEBUG org.apache.http.wire  - http-outgoing-101 << "qKMxGQ6aJNorUGkhRJVCR5Ee+jgZi1DoK8e6an2RArfaRd9VbwNdKiIDifFyY5q4bs/Mz6a+alxNEcF0BjoSGOQDW2p3gxXRLNrbj4vrJnOa6tqOTU/npUlrjT6KFPmokx9oCm9+REMlaWwICN83PRID2FZgfRkh9Ge6kdvboAwjTcrG+NZMS1DOAdTSXAxRl+4N+VGhZAZHo6uggLmmhq4GOsR4e5AjJcjuTFBJIcFEuzpNmFbS0lJSUlJSUlJ/XOZ6Eehf+g/GgA/Nf7vQsfx3qq/DkonXsZfQsff6Cn712X/NQCdqO5v1/e3flneP+oBPL7Mp3rZ/vb2/3o9P497+rg9vZzf2QP4SONTYfrPx3viAPip7fpLu01UJ/FUG/xdGz+1/qfGTXzspAGwlJSUlJSUlNR/N78vADaxRt7AFDk9QxT1jVDSN0BBRw85LR3E2jrIaOsh0jZApGOISEtCH5EkANYU6iQ0jASmAgtktGyR0XBARtNFmNcDWa2fqFqGYBNejk9OO44Z3ZildGCc2YVW4jy0k9rRiF2IWsRc1MJnoRw2FdWQRpQDpyLrXouCdy3qrkUoOyZi7+tHfro3BhpK6Chqoi5SRUFeHpGCDCI5mQmDXpGsMG4CE00rIysnEI+TlfQolvT2Ff1MMk6oU5RRR0mk9dMjp+VlUFQQjU8nq6GGmrkqHjZiRqf5cfPYdJ68vIR7b67j7o0d/OnhSe5+tZnHX62FPx7jx8fP8Icfv6Z77Vbc8xZgV7AGo+zNmOSOYZS1AYPUdTiW7MOpaC+e5QewyV6HR+kmzJL6sEruxqdoGf4ly7HOXIpRxnKM00ZwKtyAX9lW7JMW4xTfg2fSQkx8StG0jUfDOhQtW38Uje1QMTRFTWhzNaE91ZQ00FVWxMlImdwQY3oq3TncHcHFXn/OzrbhYqsjG6d4kRdpP/6eU8eQHCz8CjD3zsM/qpiMpFQqY+24vq6E60N+vLvEjg+XGvHmUn2uL3fjhU351MYYsLu/ji+ubOWT82v49Pwqbp5fyVdnRrl3YpQfjizj4Ykhvj21iG9P9gt6uHuqiwdn+3hwppcHp3q5L9TdO9HJvZPtPDjdzl3BnbOd3D/XxaNLPeO9hr+/0s+Pzwzy5Gon31/t4sfLPfxwtVeo7+GPgien548Hwt+f6eTxmYV8f6GN78/OFT4v4NHJBTw+NU9Y3xzuC3V3z3QI6+jk4SlJ/UJhvg5B+7jHpzp5dLyTB0fncv9YE3ePNHDn8DTuHZ7DdwdncvfwLO4emMX9/TN4cGAK3+2s4dvt9dzeUs/Xm6r4Yl0uN1cl8tnKWD5amcj767J5Z10R76wv4u11OcJwJu+uzeLjjWV8vK6MG2sn8dH6Ej4Zq+KzLQ18vr6Kr9eXc3tjhaCMrzaW8tmGUj4aq+CdsRre3t7MyztaubBpDtsWTWbBtHIaJs+kqnoWNYJJxZPJzyohOzWL9IQkUuISiQyLJigoFhfPaOxcIrHzCMMzMBg3L3es7N1xCkgiOLMax/B4bLxdCAxwJNTPAm9Xfdw9bTG3M8PE1hRVCxOUTC3RMXHAwsQSE301dHRk0DNUxsBQDQ01eUxNDDAUpnMO9SJlUir5pSlERbpSWpRISJg/XqFReCbmE1o8k+QpveQ1D1E2ezFVc4cobx2kuLmdsjmdVM3rpKR5LtmNTSRWNBBWUEtIbiNuCTVEl3aSMnmIKUv3UDBvFZP7djFz0VHahi/QNXKFOV2H8YuoJTqtEe+IDKIyc7HwcMHFywVHGwv8PNzw9fEaf3x9YEAgVhYWZKYmE+TtSXZaMjpaqgSE+OEc5IeygxNy5tYo2rmjaB+CgZ03eTFe7B+u4sqBuaRmeGDtqIONnTHG5oYsafTi5XZVbi225d5KN74Y1uXhdi0+WyfHp2u1+WSlCR8tMeTzJVrcGlTlziJtHg4Yc6NDGLfMio/ma/Fuvxtr5kQyKS2LwuRctizKZ/VIJb29rYy09LNzcBk71ixhWuN85nesJj6rmujiWRPeAyayZLiWrt5i8nPcKEhzYFZlMHVpNuzoLuDGsQHe29XOcGEgG0oTOVhfzVWhLY7Vz6XFJ4wi4VhN8Xalzs2C1ggHDszK4ebuTm4d7OTLo728vqGJN8bm8NyKZl7b3M8XJzbzxu7VfHb1GLdfOk+xrw21frbkWuhSYW1Kh583XT5+tHl4U2dpxTQPVwpsDYg1U6Ymxoo5BS4sKHako8yL/roo1i0o5/S6HvyFa1qUMF1zTgK1sd60F8UwVJnI0opoFhcHM1wTRWOmA+Wptkwv8CbITAYfHRGBwvc11EAJP205Yuz1KIx0piLbh7QkGwpL3EnOsBS+B7p4GWkQampISYAPZb5elArfn0kudjT6uhKvqUKmoRJl9lp0p7owlOfBojwXnlsqnKsb63hnKJsrbUnC8fOiI96GKQEmVHiakOdoQI69IakWWqQYq1DrZUGVqy4NXvrUuqtT76dBuZcq9eHmTE/0IM5WGztlGUpiwoh2ccLFUA8bLXVsNdXwErYtytmGeC9HXM2NsTbUn7CtpaSkpKSkpKSk/rlM9KPQP/QfDYCfHvefCG9/O3ycIKz8rVB1wmX8VmD7V/8oAJ7QU/v1l97Nv7me36j/vQGwsN6/bvdPy5goAP71PH9Z3oTr/wcB8FPH/G+W81T9hMv5jWMuJSUlJSUlJSX1X+t3BcAKpnbIG1sjZ2COgr4R8rp6yOvoIC95p61AVksbkbbuTyGwxNMBsIaEocB4PASW1bQQWAlsEGvaIqdlj4y2MyJdD+Rso1H3zkM9qAKl4BrkQhuQDWlALnwq4mBhOKAKucBy5P1KkPcuRsYpBxn7bFSdc9AyD0fPNhi/QDfy4hzQkBehJtZFVaSNopwiImURIjnR3we6gonCX4mJpv0pAP6JrFhRKBUQycj/VMopIVJQQUlWG3WRjjAsh0hRhKyCCHllbcQaWqgbyRDqIOJ4fxJfnJrNg+t93HttiK/fWMyP93fx4Jsx/u3HffzbHw7zv/78LF998yL7z1wgoW4Y15Lt2Ew6gln+Jlyq92JZuAm7ou04luxAP34E68w1uBdtxCV3Bc45S7FJ6cSnZDlupRuwyl2LY+5qgirGCMhdjEPwZGzcMjExD8DNKYCIwFBykuIoyYyjID2cnPRgcpKDyU8IpTDCj8pId+akOQv/APPhwGwXzsy35fRMI05N0eX8DCs21TgwL9eFSQkeJEWFEhUdT1J8CsXJUdREW3NhMJ3LnR683GvNa30GvDxoyPURJ15eE8P8RHUWprvw9t5h3juyio9OLeeTU4N8frKbr4/1c+fQUu4fWM63h/r46tjCcV8fX8jtEwv59lQH353u4M4ZSdkulO3cPdfB/QtdPLjYzd0LndwTynuXe3h0tZ8nzw7w5LlF/CCQlE+eHeR7wZPnBn+qu9LPD5JQ+HIvf7jykz9e7Ruve3Kxi+8vdY8PS0rJZ4k/XJrYDxc7eXK+nUdn23h4ZsG4x2cX8OTMHH44PYfvBU9OtvLoWCsPDwvlYeHz4RaeHJzJ430NPNpdzYNdZdzbVcnt3ZP5etdkvtxeyxdbq/lsSxWfjVVyc6yKL7bU8uU2Yfy2xp/Vc2fXVL7b2cDtrcL0wnSSaT8eq+aDzVN5e9tcnl2/gIPL5rFruIf961ezfWwvK9YeZcX606weO8eaTedZu/ki67b84tJ43ciaE/QO7WFe9yaqm/spn9lF3uRWMipnkDSpHs/odKx9IzBy80PTxgUtW1f0nT3RtnNFxcICVXMTdK2t0beyRsvQGC1dLXT11HByNsXMRAczUy2iwoNwsHHAztYFCxd3dM30MDUQkxVjTf/sTMoLQ3H0skXbzQMFtwjk3OJRcY1H1zUGI59kbKILcE0pJaiwlpiKyURXVBFRMonYimqKZi8kf1Y32TP7aVlxiFkrjlLcto6GxXtJb1xG5uQllEwdJae0l+jEKbh5phEnLMvDN4z49DS8gr0JCfch2N+V1LREvAP8CYiKxtrNndC4WHwDfQgJ88PO3gI7Fzt8wkPQdXBCZG6H2NYDFRtPNIXrlI+XL6uas7iwqpKumVEYuZug5WqHk"
36561 [Forwarding screenshot on session b1310904-d161-49ca-a1a6-530fba7baea8 to remote] DEBUG org.apache.http.wire  - http-outgoing-101 << "au7cC1zZGaBHS/1aHF7uQcPNvjx7UYTHh/SEM4FBW7t0efLvfbc2m7H7c363F6jxpNVujzp0+WzQT3eX2POS7PEfLo6joWV4ZSkllCRVsCBkVKGl5bR0jaV4Wlz2b9kIx3z+mhbOMTkaV3EZjeSUdMz4T1gIlUVwWSnOZAcZUZOrCWVqXbUJVlyanQy7+7rZG1dFD3Jrsz2t6bFy5m+8Gi6g+KZ4uxLmKIyOebGZBhpkGumTIOXAdWuKpTaKdEcost0Py26Eq1YEGXK6pJgbmwWzucLW/n8zC7ePrSJUl8n3MQiUrTUqBK+TzUWtiwMiGKSkQ0+smKq3VyZFhWAr5aYHH89yiP1KfJXZGqiuXAtM2F6pjd99dlE2esz0lJLf2MRmzqncnTZHI4vaWJlQwpj09KYn+lOopcyjkaypAQaEGAlR6StOsHGSsTZGJDoYEy6lxWeRgpkCde5KbWBZGaZUlxmR7ZwLNz0xHjrqRBqqs28vGQao/3JtDNkkpsFvsL9KFBJ2AdjGZIMZYhUk6HMWY2RQndOzYrlyORg5vkosTDYlAIjFWo9Tciy0SbbyZh8YZ3JVlpUelvT4GlGvYM2s1wMyBGWV6AtLMdMhpYAS0YK4hkuyWBKiA91wX7UBAUSoqtNtHDs83xcSXO3JcJKDy8DRcyEe6ShimjCtpaSkpKSkpKSkvrn8usfhP5d/78EwE+Hib8dPv5dQPub4elEYev/hQD46X3/lb+u/78+AP7b7WrkyAQB8G/u29Pz/iVE/+02eHrdv+lvwngpKSkpKSkpKan/Tn5XACw2sUfBzB5FUxvkDEyR1dFDrK2NWEtrnIxAJKGpK9BBpCGhjUhdKNWFOnX9n6gZISsJgTXMBRaINawE1sho2iPSc0Wk74nINBgZx2TkvAoQ+5Uh8p6EyKcCkXsJIuc8RG4C5yxhmjRExhGIzBKRN4tDSdcTdQMrJpWkkhHtg7a8LGoy6qjIaCAvVkAkFo2bKNSdKPyVmGjaXwfAv4TAcvIqyCmrI1IS1ieri4pI2F8VVWGfxcgqyiKnpIWijg46ZvKkBChyfjiLe1c7uHN9ATdfmMnzJ8v54e4qHt5Zxb/8cSd/fLCbPzw4ww+PPuTK828yue0ggcX7cMjci3fhRuxSFuGeuwqH1OXYp6/Eq3g7dlnrcMhdj232GlwnbcatbPN4r2GbjOW4ZCzDJ7MH/6SpOLhH4GRtQaKfLbWJLvSUhjBSE8FoRRijZSEMlYWysDqC+ZXRdJTHj7+XclGxMK7UmxWFxqwrVGFrsQwHysScqlbhwmRtztbrcXqGBbune7C8IYju+mgacr0pidBjeLI7xxd68uoSF17p0ea9ATWudahxZbEPW5s8qA/Q5GBHFR8eXMWHh0f58Gg/Hx9r4+bRVr48Mp/bBzv5dn8ftw918dWRNr453sG3Jzr57mSXULZz51Qn9852CTp5cL6Lhxe6eXypl8eX+3hyZYDHgidXBZLy5+EfnlnE9+M9gQf5XiApx+uu9POHyz/5ozDtL76/KCzvfDdPLvT8xU+fu/jxSs+EfgmBv7/QMR4EPz63kCfn2vjj2Tn8eHYWP56ZzR9OzeX743N5cmwej47O5eGROYIWHhyeycPD03hwaAqPDtTzZG8dT3bX8HBXFfd2VHJnWwXfbCvnu51VfCt8vr29kq8FXwn1t4TyhlB+uLOaj3Y38NGeJj7Y08Lbuxfy/OYuzq9fzLFVq9i1bCObhnayZtF+li06wKKlh+gbOkDv4n0MLD3I0PJjDK86yeKRI/QvOUjPor2CfcLwARYvP8LgyqMMrT/BorVH6V95gL5V+1k4tI1Z3Wtp6lzJlPlLKaqfT2xuHYHxBXhHpeIcFIatlz/WLr7YOnlh7+SOg6M9Ts5W+Pi5EBEZiI21NXp65hibuKGq54ORRQDmhmYkBjmzadksygvDsHY2QsfVGXWvcNQ8E1FzSkTTJgZVq1AUbAJRdw5FyzUIHbcATHyCsQmOwiU6CfvwRFzicvBNryK2bDa1nRuYN3qatlVn6V1/lnlLtlLf2ktBdQPZxaXjAW9yehpxSUnkFBYLwznkZmdTXVYgXGsKSEpPJzAqBo+gYLKKiwiOCCE1IwkLWzPC4qNx8PMVtskBkZETCnahKFoI1yZrX1Li49izeDrD0xIIdVVHy9pY2B9PNGw90bf1oCBSnxcX23Fj1J47O134bo8h35/X5w/PmvHVKUvuXfTlwcVAvj1mxxfbtbm/XZ/bizS5tcyAD1cac32BKq+PpjA5JYjytCxmleVwcFUNi/rqaWmZw/D0aRwYXsW8GZ10LlxOfvFMolPrmbZw44T3gInkJnmREGxFhLsucZ66JLipE28vz8a5+ayfnsZAURj9OWF0JQfTERdGhII8wSoqhKqp4a4iJtJSn8nxwbRPSiPeShNPBRFZNmq0RDmyJDuA7TXxbCkOYUm0FetTnLm2cBLPLZ/JiUVNZDlok2ypTb6LLem2NoTqGRGgY4SvniHRDjZEOplSkOBOVa4Plblu5EaZkhtoRKS1Il4GcoQ7KFKf40OCjx5L55XTO72YisQA4XrlxrTUIIoDrKiPdWZKsiuhTkoEOqvgLcybFWpNVZIn0fbaxNkZkOBgTI5wHU1w1SXZR4ue5khaGp1oneHI1Ap7kvw1iRSOS4SrBiWJ7pSkeOFvr05KoBXpQQ44aquQ4mFCnI0hcRbaJJgqU+ikT7GNJkuzIhhOj2ZpShTdUUFMD/Cg0M2aLG8b8kJdhONtRGOMB8uyolgTH8S2MD8WmRuxxMaShYb6DHu4sSIwgA4HR9bExjPfyYluH2+mWJpQbaFPvqka00LtmZ7gQmWUFVWJtpQmWk7Y1lJSUlJSUlJSUv9cfv2D0L/rv1EA/PT8vx0A/xJ4/p4A+Ol5n1rXhPv1/yAA/lXdX/2ynomOx88mbM//SBv8qgewlJSUlJSUlJTUP4XfFQDLmDqiYOmMkqUj8sYWyOgaIKutg1hTE1kNDYE6IqEUqWv+hYzaL7QFOgJdZFT1hdJAYISsmjFidTPEaubC9BaIdO0Q6Tgg0nNDZBqEjG0cMs7piJyzEbnmIXLMQWQrfLZPE8pkRFZRiPT9hPlChXX7oKhtj4KCPAPdTThbGaApK4OKSIySWBWxJAAeD3T/bz0C+m97AEtKBUVVFNW0hP3SQV7OCCVZSW9nPcQ6aihqKCNW1kJFVwcTG2Xqc615Zm0hj1/o4/a1Nt69NJ0jm9P58e56fri7gW8+W86Drzfzh4fnuf3FNd55/0NqZq4ivGAVzkkr8MwYwSVlMZ5ZK7CLX4xrxircctZjn7YSp5x1OOauxT53NQ6Fa7BIX4JJ5HysQqZg5JSCrbM/seG+TM7ypqfCh1X1nmyf7s2WGhfWlTiwpsCR5YUu9Ba70F3iwUCxL0uL/Bkp8GR5thWrs3XZWqzO/nJljlWqcLpKlUs1WrzUqMfLTSYcqrOmPdWAogAVsn2UmRypzqZGR652uPJSuzmvt+vzfIsSby3z4FR/LFMjNNk4PY33do3wwZ7lfHpohI8PdXDzSAufH5nOrSMz+epwK18fbOf24Q6+OdrB3ZM93D/d+7NuHpzp5uG5HoGk7ObR+Z88vNAzHu5K/PCLZxb9HPQOjHtyuf8nv3y+2PuXgFcS+v5wqW+cZPj7Sz99loTDf6mXTHte0tP3731/4ZfhDh6dbefh2YU8OjOfH04284cT0/mD5BHgR5p4eLiJB4eauX94FvcOt4w/Hvq7QzP59tB0bh+axv39k/njznL+tKOMH3eW8cddFfywu4rHu6v5Vqj7ensZX2wt49MtpXyytZQb26p5e/ccXt3TwfWdXVze3Mmx1e3sHO5gw2AvK3qHGOlZzXDfNpb1H2BJ7zGGBo+zYvV51m68wsYtz7Bh8zOs3nCJ0TVnWbH2wvjw2rErgqusWn+R5WvOsXT1WXqHj9LWv4fORQdYuvYsoxsvMbL+PIMrTtC5eA9tAzvpEMqepXsZGN3D4MrtzO1azow5AzTO6KS0chqZ2UUkp6WRkJKEhY0NaprGOLmFkV3QxIwFm6masoSaihbaprVw7cQJulpbiU/MxMonBmWbY"
36561 [Forwarding screenshot on session b1310904-d161-49ca-a1a6-530fba7baea8 to remote] DEBUG org.apache.http.wire  - http-outgoing-101 << "OTNfIVrUwAGjsEYuoSg7SxwCkbdzgdVSzfULFzRtHJH1cwFdUuhtPIQxgeiK0xr4Z+EW3gZPtEVpJU0kVFSRVF1OXEZEcQkBxCfGkh+UTL5hVlkZGWSnVNEfU0dU2omUVSYg4u7KwERkZTXNxIWH0ducQFh0eFEJccSlZaCQ1AIisa2yJoFCsIRmwrbae1KWX4aHXVZpHib4mSijpmdMxp2/siZeWNo50mspwaXh3y5vtRI+M5b8fkhZf70shV/esOV755348lb0fzLB6k8uO7PFyeNuX/GlM/XaPLFCj3eW6rNJxu92dTkT3VSPPWZSSyfW8Tu0ckMdLbS3TbE+oXT2DrcR9PsDiqmtJE6qZmksjYKmlZOeA+YiIWmCFczVZIDrShNdKc2xYMYWw3WtZZyfrSF/qIwNs8oZDA/hpZIbxp9XMi1s8RfT41ED2tywj2ZVpAkbF8UMY5GWMmLCNJVYHKwLc1hdrRF2NAbYUGbtyob02w5VBvK6Z4yugsDqQyyYnK0F5XCtSzC0pRIG2tCrCyJcbMnS1huYZInefE2TBWucQ2T3KhItaUqzpHcAGMqE+yoTnUgP8qE5vJgWiojKYpzJ8BSh7pUf1qLY4i1N6UiwpHGVFcSffXIi3Miyd+EGFdtsgMsSHM3JsRIiWRhu/P9bMjw0CcnUIeWMieWd4awuM2D4a4YKjKc8bNTxEu47ieE2hAdbIWjhQoR/rYkhLhSmRFDbpgPIaa6JNqaE2Wki4+CHEHKskz2dWFWkC+lFqaka6mTqKtFgqW+sJ9aGCmLSfCzYk5+FHmmWiyP9GONpyuj9ras9/FmsaMDK/x82ZGcyKCHKxtiIlkZGigMOzPf1oSBICcWBFixSNITOt+HpiRr5uU60ZJtO2FbS0lJSUlJSUlJ/XOZ6Eehf+j/WQA8QYD6m+HpRGHrbwWzf/Wf6yUr+G8UAP/NcfuLv67n/48ewNIAWEpKSkpKSkrqn8/vCoBFpo7IWbqiaOWKgrktsoamyGjrI9LQGg+AZdRVkVVTRUZVZZxIGBapqf1EVV2gIdAUaAt0hGn0fqYvzGc43jN4/BHR2haIdGwFjoj0PBGZBCOyTUTskIasXSoi6yRkJMzjEBn7IzLwEJYnUHRERcsMO3NllvbMQEks6f0rg4pAUVF5PKSVkfnpvb0ThboThb8SE037dAA8vtyf/RQA66CoY4yCqiXy8tbCPhki1tVCWVcTDX0TVDQ1MLNQYsmcWG6emc23lxZy8/xc3jrdzNntZfzpm63w/X4+e2uI77/ZxZ+/v8wfn7zNyMohNu2/SGbtEmwi5+GRsxo3yft+8zbikLoCm8RlmEX3YxXbj0VMF0bhrah71aMXPB1tnyoUzULxDUkmLzufqtwkWidFMlDhw2ilExuqbNlSbc2mSis2VdgxVunMqjInFhfZsrjYiaFCF4YLPBktcGMk24o1eSaMFeqxtUiD3UXqHKnQ4/IUK16YasvaSBnKLGXIdlImw1uPNA8VGkKV2T/FjhdmW/PWAitemWfN9fkufLC+kIZIbXpKgnl71zLe372Czw+t4sauLj4/OJ8vDk/n1tFGvjw6g6+OtfDlkQV8fXghtw+3892xLu6e6Ob+qZ5xD0738PBsD48k4a8kBD7bxYMzneMeXRDqL/aOe3ypbzzsfTr4/fW4XwfAv4TAkvD36UB4vG58/G8HwE97fO6nEPjR6fl8f7yZH45N5fsjU3h0qJGHB6bw4MA0Hh6ewcMjzdw7MpM7h5v49vA0bh+cxoN9dfzL7kr+bVcFf95ZxQ87q3m8q4Z7eybz1Y46vt43nW+OzOGrI618fKCFt3a1cm3HMGc2b2D/mpVsGVnBuuHVrB4ZY9XKXWzafJr9h19h995XWLXmEstHzrF8xQX6Fh2io2cP89u3MbdtK/MWbmNBx3b6Fx9m6fJTrF5/mQ2bn2Pjlms/lVtfZuuuN9i57x227X6DdZuuM7zyEr2LjjKw5ARrNj7Hlp2vCPXPCXWHaWpdQ92MARb2jrF09DDLVx8V1n+QdRv3s3jZWuZ1DNA0r4u6ae0kZtWTkNNE58gRzl67xbPPfMyFIy9wdt9VTux5jh1bnmPT7pdZu+8Vlm0/T0v/ClKLS3AKDEXD2gNVc3fUBbpW3hjbB2LuFIKBjS+6ll7oCuM1LJ3RtnXDxM2foKhcaqe2kVVQQWvbPGLig8nJj6a4NI5Zs8vJL4glPiGYaVMn09w0k4riAqbVlWJnbUpoRCjTZrcQm5pG1ZRGIuOiCIoIYVJtFTZe3hi4eqFg6Y6iRQwyeuGILUOxdnCgsjCOpCB7LLUUcDC1xMTYGWVTfxRtwtG1ccbXRpXtc3x5bq0pX18w5tZ5eX58245/+ySY+2/78/3H8fzb7TwevR/N589b8eAVK27tN+CrjYZ8MmzMFwczaM5xpCG3SDjfEzmyso6Ni6ezqL2fZd0rOLByPutG2qlrXsj0juXEFzWTO2UIn9SWCe8BEzHVlEdfWQY3c7XxHq3VqV5E2ujQXZXMrs4KmhMdWTQpgmpfE5qj3ehMD6U1MZA8LxuyQ90ojPcnPdSVqoxQMvxtCTRVwldfgSLh2jEj2pYdMzN4ffVUtlX6sLvSiyWp5tw40MvRJVOYmxtMrJU2pSHeVEUFEmVtQriFASnuFhSHOwj7HExLsRuD04Noq3ShUZh3UpgxZeFmdNdEkOShSWmcGfmRBnQ0xlCR5Eh5vAPtNbEMNCZRG+9CU7oLS6cnMjndg5wwa8LtVQg0E5PqpkuhnyWRpmpEm2mQbK9LSZAFU9IcaCq0Zm1vBMvaPdk6kk9/SwEhzoYYq8riaKpBbLArge42uFjoE+PrSlZYAHHODkRZmhNvaUGqpRW+wv3TR0WOHBcTFiSFMy86mIVx4UwL9SXdyQxfM1UCnc2oyAoV1hdFgrEWY0VpbIwLo9/TgRYHS2a52tAd5sGOimwGon0ZiPSmP8SVTi9rBgPtWZPsQ2+EHYszPFheEURXvit9k3xojDT6u3aWkpKSkpKSkpL65zPRj0L/0P+zAHiC+t8KZidcxu8IgH8rpP1vFQALnlrWT/66nv/IPH9d/28HwH+zjn/3Uc9PLec3jrmUlJSUlJSUlNR/rd8XAJs5ImPhhLyVC0rWzsibWiGjY/BTT191dWTUVJFVVUFWRVGggIxQilSUf6b6MzVEkkckK2sI47UE2sI8uuNkBGJ1fWQl7wrWNEWkZYVIxwmRnsf4I6HlrKKRt45DbBGLrHksIqNwYbwbsnqOiOWsUVG1RUlVk1mV0ZSkBaAop4K6jBg1GREyCrKIxPKIZZSQlYS2E4S6E4W/EhNN+9fevz+/91dGfpzkEdAKqtqoG1mhpOWIrKIdIkXhGKmqI6+tgbquEdpC6WKryFh/On96exk3Dk7lrX0NXN9ZzWtHpnHrjSH4/jDfvr+aP3x3mId3LvLOu2fIKMwkOqeCgU0XiK5dhkX2JnSSN6CTuAbbvM045a3Fv3Q9AXlLUHcuwNirEH2XZFS1XLGwDyI1LpQZhUHMKfCnPdeLpYVerC32YHulD3tqfdg12YuNNa6sqnZmSYUtXUWW9E1yZbDMm94iT3ryvRks8mWwwJORSZ4sK3RkVZkD2ye7s7XagZEsE2b6KFPsoEiKqxHRPg6EetuSFmBEc6wGx6da8V67PW+22vBmbzhXejNYkOHE9DRXLm/q5IOja3hvzzA3Dyzjs71d3Dowm68OTuOrw1P58uhMbh1rFSzk68PtfHOonW8Pd/DdkU7uHe/h4aleQQ8PTnXx6EwPT871Cnp4fPanIPjJhf5xjy/0/WVY4vuLA3/z+ae6/vHAWNJz+Jdg+JdwWFJK6h9e/Ou48enOCeuYIPCVkAS+kuD3l/D3wek2Hpycz+PjLTwW9uvRoWk8ONjIgwP1PPyLydwX3DtQx50DNXx3oJYHe2v4w546vt89mYe7GrmzYzpf7Wzm5s453Nzfxft7e3l1Ry/Pburh3Poujq/u48DqLexZc4TdG0+za9tldu6+zo79r7Fp76ss3/QMi1aeZmDkGINLjzA8eoINm66yZceLgpfYvP1Fxra+wPpNz7F24zOsG3uWFWsuM"
36561 [Forwarding screenshot on session b1310904-d161-49ca-a1a6-530fba7baea8 to remote] DEBUG org.apache.http.wire  - http-outgoing-101 << "jR8kt7BQ3T17aezdx/dfUdYOnyB1WuvsWL1swwvv8SKVc8wtuVltu54TVjmdUZWCPMtPc3oykvjofH6Lc+wbPQUrQs20zB1hOkzl7OgYw1dA+vpXLSGgRU7qJreT1zWTLyja0ivms/qnWc5de5NLp95myvH3+G5059x+shNTp76kkOnPmXf6dcFl9h3/BD7T53k6MUX2HviOVaOHaZ53lIychsJCs8lOCIXV584XHwj0bV0wt43gMScPOqnTqWqqpLJtdW4ONlRPimPSUVZgkwK81LIzYqjtaWe0pIMGuqKqCnLxsPRnIzUOGbOmkFecSGTKiupnFwjrCeInKJcwhJjMXZxRdXKEWUbX+RMopE1jkHJJgR7exNSo2zxdNJHX7gm6GmZYKxvj6qpP3LWoRjYO+Bjp8/MFHPePRLIx+c1efiaDt++YAxfxvHwg2AefxrLv3yXy+ObCdx604HHN+y5ecaIb3ab8/V6F44tCqM+z5+6nFyGpqXwzLZZjHYtYKhjiP55Czm9Y4DhvvnUT25n7rw15BbOpX7GKM1tWya8B0xET1UONVkRphpy+NtpE+6kRYCpAmWRdvTXRNOW70dvSQiVfgasmJzMopIoZid7kedvTbC9Pu7megQ6GhLrbUGshxEe+orEOalQG2vFtrZc3tm7kA/2tLJtWgAnF0SzosyR08PVrJyZQZKjLlmehtQnBDIlOYQwU1UizFQIN1WmwE+frkk+DDf401tmw5xMHaojVJgUrCMs25IFpQHkBRmRF6pNhKMsi5oTWNORR1WSJctakjmysoHtfUXs6i9ie28R80vDiHfWwEdfllBzWZId1cnzMiLBRosQfQWizJQo9DehJsGSyRkGDMxyE869RA5srGSks4qMSFcCnIxxsdDA2VwbKz1NrHWViPZyIMbNlghrE/z0tAjV16HU04VATRW8tWTJ8zWjvzSFBSlhzI72p9bfhSxXCyId9JlSmshgWy3z6jKpCndh+aR06uzNSNPXJky4/4Zry5Nlr85wdSpLyuJZmOhFkbk+C0NsWBrvxtaSCEbShWt7oj3DpX4sqvBnbGEelQlWE7a1lJSUlJSUlJTUP5eJfhT6h/4fBcC/Fc7+dRl/rZ+o7j8SAD+9nX/bu/XfC5R/RwD89LL/g+/O/c0wV/D0I5p/c/0T7cOv2vKvy/n7Y/X0Ov42tP5pXyYMkn/rmEtJSUlJSUlJSf2X+n0BsLkjIgtHxFbOKNo4I29ug4yuESJ1yXt+NZBVV0OsooycsjxySnLIKskjUlb6mfLPVJ/ySxisjowkEBZKsaomsqrCsJrk/cEmiLQsBfaIdN2QNwtCyTICedNwZI1ChDp/Yb0OKOnbI5bRR0vNFBUlVfaumIGdrioyInUUJY9/lgTAipIgVx55WRUkPYAnCnr/U8Z7Ev8SAAv7KZL7OQBWRl5ZEw0jK+TUbRGpOCFSNRdKyWOyVVFS18JIW5V4Pz2OrynmyyuzuXlkCq9szePQYAAfnq7j3fPT+LeHu7j9/lr+cO8CH354ntkLZmHtFYq6TST24Y0Uzt+NSc4m9HO2oBq/DK3YAXQi56MX3IiuRx4qVmGomXiiqGOJjoEFdg7OuDub4eeoT6iTPtGORqQ5G5PtakqZjzWlfraUBNqQH2pLbowD2UlO5CY5UB5nR02ik8CFumRPGtJ8aUj1YbIwPD3dmzm5PjSnOVEeqEmGkxxJzhokeJsR7WtBbKAZKSF6lIYqMJCtzIu9LrzcbsPzC115cTiT2SlW1Ke4cmlHJ++cWsVbB5fy6dHlfHF4Ed8c6eHbI/P57shsvjk6m6+PzefL4x18eaKPr4/28N3RrnF3jnVz70QvD0718fB0H4/O9PLobB+PJQHwecmjmSV+Cnr/cHnR3wS9j4RpJPUSP1waHC8fC/M8EcpHF/4a/D4dBI+Hvz97OhB+LJRPJO8CPi8Jgv/W43OdPDzTLmyXJATu5P6ptnF3j7Zy7/As7h5q4t7BqeMB8KMDdTzeV8XDPWX88XANj/aVc293qVBfxaODjdzeM4Pb+1v58kA7n+zp5M1t3VzfPMCVTcOcXr+Cg6tXsXt0PdtHNzE2vIU1i7ezavEeRoYOMLjoIJ2LjrBw8Qn6Vl1haP3zDG98gfXbXmXLztfZvv1Vtm59iXUbn2XdhmdYKxjb8gJbtr/Exs3XWD/2nFB3ldXrLrN2/VWh7nm27niZXbteZ8uWF1m9+jKjo+dZufISK1ZcZHjkDEuXnWLJkpMsX36OsbFrbN78EqvWXGHFmkus2XCNkRWXWLvuOYaXn2bewo00zx1h2pwhyho7WDi0m/5VZ4nJW4BfUg1TF45y8doNrlx6iyP7LnP5zBtcOP0OJ4+/xYHDr7B112W27znHoaMXOHH+GmevvsqhE8+yc98FDh97gUuX3+PqlQ/Yv/8qI6Pb6ewdobW9XzgmQ3QO9jFjej2l+VkkRoYxrbaKyeXlTMrJZWp1NUnRkSyYNYPywixmT6+lpjQLJ2s9akoyaagtpbq6jLopk8nIziQ8KoxJ5YXEJ8di7+mCV1Q06vZuiE1cUTKPQmwciqqtNx5ueiRHmmBnr4Wmvj5qmqYY6VqhauwuXGO9MXCwxsvBglwfQy5t9uGD8/p8/7YpX1zSg68TefRhME8+jeZfv0nn7oeRfP22Iw9u2PDxBX3uHXfmq00hLGrwpaY4nvqCFLb2FHF2fTODrf30z+tiaccMTu1bwdy5s5jc0s/UeSvwi63EM6qa+UuOTXgPmIieihKqwjXWQEUBT0sd3I0ViHLUIsffhLkFgcwvCGBulnC9iLdjRWMyyycnMDnCFndteWK8HWipyiMjzEWYTx4/CwXS/cyYFGVJRbQJy6aEs6M9hdF6T7ryjFg3xZWRanuW1gdRF29OqqsKGe4aTAqxojjImgAjdbw0ZPBSEzHJT4fOQleWVXvQFKvIrARlpsVr0ZBowcxsNzoqg2mvCqalxBsrFRlayoR1TInEz1yOymR7Vi9M4eiqGq7umMWpdVPZ1ltFf30qC8pimJ7hTWWkLZNjXYTSmQJ/G+E650BtvDPl8SZUp+kwo0yPLcsjGVwQQmOpH1mxdhSmepAZ70SIlwEWOiLMNGSJ8jAmzc+KbD97IkyFffG1pDMnguZEHzKFtp+S5UvHpFgKhGt1sKoSfqoKJFjrUx7rQ9+scsZG2uicUczUrHC6ipLIsNQmx9UKKwURofaGwvXYkKbCMBZUxLB2VgFLy5OpcdeiUbAiL4AN5RGsr4niZH8lx5fVs7G3kqwYaQAsJSUlJSUlJfU/wUQ/Ck3s6TDvV/4SHk4UlAr+TwPgv/MbIeLTofQvfhVo/nYA+7ee3qa/Wc7frSOQ86MT7dd/NgAWTLTsp3sg/8o/CoD/dll/v59/t3+Cvw1xf/H09k4w3UTHfNzT2y4NgKWkpKSkpKSk/rv5nQGwPSILB2StHJC3ckTe3A6RvikiTd2fHgOtroac6k8BsLyiLGLFpwPgnympTED1ZyrIqaggVlVDVlXyHl19ZCSPhNa0ENiiYOSJilkgCsYBiA38EGl7IlK3R1HbBkUZTbSEZdhb6LB8fiGaIjEikRZyIjnkZEWIFETjga2cSGn8MdAThrr/GT8HwBLjvX+F9Uh6Akt6AMspqqGgYSAcE1vkDfyR13cThvWR09ZAVV0DM01FKmLteHZ7JW8dLOXzow08uzaegVolzqwJ5/r+Qu59uJwfvj7Mt189w9Y9GwhJycMvuQGftHlYhbZgn9iHekQ74oBZyHo3IOtejsgmBZFhIPIaQruoGiGSU0FGXgE1LXUUxwN5YZsVxMgryKMoL4eahEgGHWEaA1VVdNTU0NLQRF1HBzVDPbSNtLDQU8BaTw5rA6E0VMbKUBVzA9XxYMpcRxULbSX8bXWI8dQnykMLf1dtYsOtSQnWpihYTE++CqclvX5Hfbjaa8+Zbg+eXZVFU5oZ3fVRXN7XxwdX1vDhpZV8cm45t84M8+3pIe6fGuT+iS7uHe/kO8E3J3r5+uRivjq5jNvHB/n2eC93TvRxV6i/c6pXmL6PB2f7eXx+kMfnBnh4ro9HkgD454BXEvj+8criv4S/kjrJ4"
36561 [Forwarding screenshot on session b1310904-d161-49ca-a1a6-530fba7baea8 to remote] DEBUG org.apache.http.wire  - http-outgoing-101 << "6Ilwa8k8P0lAJbUScY/lATBl4XlXer7S9j7S/Ar8eB893idpLx3tlNYr+QR0JIA+O9J3g/88EzHXz4/ON0ufJbs1wK+PTqPO4dnc/fgDO7tbxjv5fvj4Toe7y3j8Z5S/nCwhj8fa+DRnio+3VrLx4e7effgAC/t7OfypgHOjS3n3PbNHNm0m31jh9m96Rw7Nz3L1s0vsmXTi+zYdIVdWy6xY9szbN72HOu2vcDaHa8yuvkllqy7Rv/yS3T1n6C3/xgrhOH1a59lxcrzjApGRs+OB71bt7/Elm0vsn3nK+zc/RoHDr3L8ZMfc+jI+2zb8RKjo6dZseIMq1efY/Pm59i373V27nyJjRuvCq6MD2/bdp2B/oPMn7+VgUVHWbb8PCtWPycs8x1hfc/S03eIBe1bWLHuBB2DW2jpXMeCxXvpXn6G5VtfprplBTlVczl/7V1eeOldXnn5Td556z3efesGH77/JW+9cYsL59/mwP7r7Nr1nLDN59iy4yi7953mxMlrXDj3KqdPvsjhA1c5ffwFrl4W/sF7/gUOHjnN9r37WbNhPSuXLOPi0RNsX7uO5QMDNNc3ML2mlsqCAqGsYe70aTRWlDGrsR4rA13iQ/2ZPa2K6vI8aqtLCY8MITs3g6aZDfj7uxEVHUxVQxX+sXEoWzogZ+GGmnU4GnZhmLh7k57iRk6qHdbOeqiZGKOmb4mujhHKBlaIzR3QsjHGwdqcaEdjhltM+eKaL3dftODWOUO4GcOjN7158mEI//t2Crde9ODuOy48fN+Gjy8bcPuEJ9eH/FhQHU1BVgwzyuM4NFrLviWzGJi9gt7Zs9m9tpWN65fQMKeVgmnzSKhsxiupiviydhq79014D5iIs5kNWnKK6AjXFUd9LTyMNAi30yPT25zemlTm5YeQZK9AsZ8h1REW9JSF0zEpnOJQe/LDPUjytsXbRJlUX3OygyzJFKYrCDagvy6M5TMiODKUx2t7pvL2vim8s28y7xyYwp7eTAbqgikK0qQu3pI8Xx3i7RTIdNchx0ufXC9tZqY6MVQbwlC1Fz1FtgyWObJkciD9DTEsbkpjXcckFjWlsra7BCM5WRbWBzKnypMZJfZ0Tfenc6ovIwvi2LwoXzjH5rC+s4yR2YV0T06iMcOLkkhb6pK9aMoLo6sui6HmIpbOKWBoXgqr+pLZvCKRDcvDaW60JD9Dj7Q4LUrzbOloTWT9aA0LmmIpTrUmL8aMRG8TVs7PYHN7Dtvbs1mQ5UChtxL1aY50NSYzrzicyZHOFLuaUeBsSmWwK6luFoTY6dJQmEBXUxkNuTFUxPgSKlyn3bQUsdFVF67XWsSHe5IUbk9TRTxt1cm0ZAdwamgms2NdmB/vxpLiCEZqEjg8OIUTK+YwODWX0lj3CdtaSkpKSkpKSkrqn8tEPwr9v/UbIbKUlJSUlJSUlJSU1O/2Ox8BbTNOxtwWOUt75MztEBtbIhp/D7A2Mmrqf+kBrKAoRk5RAVlFZYHKf5hYWZheWRICC8tS00VWTfKIaVNh+ebI6jqgYOiOgok38sY+wnpdx3sAixRN0VDWQEtRnpy4ABI8DFEVySISqSGSBLTiXwJgMfKin94DPGGo+58hWcbPIfAvj3+WBMBiOWXECqrIq0tCcWvERoGomPgir2su0EJDQxVbdRnmZrryxr5KXt+Tw4e7SznUF0FxhJieeht2DKVxbNMUvn/4EqfP7qagrh4Dz2jsY6vxy1mAdcQUTPwrUHXORNUpGSW7KBQtApDRkxwLPeGYCFRUUdYUjqGCGFlh/xWUFJBX0kBWSQ9ZBQ1U1NWFbVFCX0cRbTUR2soidMeJ0RPaQE9FTaCOjoYKWppKaGkro6Wriqa+Jtr6eujo6mNgYISdjRX+XnaESt6F6W9IdIAB6YEaTAkRs69Sjc8XWfLFYkveXOTG1ZEELm9vokbS+25aBu9e3spHV8f49Ooqbl4Z4fOLS7l1bojbZxZxR3Dv9GLunlrEdyeH+FYS/J5azjdnRscD4u9ODXDnVD93Twul4O7pPu6fHeDhhcU8ujAolAM8uriIx5KA97JQCsPfXx4aLyWeXFrMw/MD4+Wji8I0Qimpv3+2T5hfmPep8PiXnsLjvYMv9P9/7L11eFVJure94+7uLgQSIEiwAAmQACFYgiRYEiAQd3dPiBsEdwuSoIHg3rTQ7t6Nu3RPT/fI/a216e6Z6cmZ98yZ91zvN3OtP+6rapVXrb2rruxfnqdeisY/i8hi3qPjxfI7h0WX033x3alyuStqMf6it4ynPaJVcAkPe0qFORTx4HAuD7rSeLA/nod7l/NgdxSP9iwVWM6tbcv4avMy7u5J5pvucq7ureNiZzsndrSxb20zO1evYXvHdravP8z6jpOsW3+F1WtfpaH5Ok1tr7N53atsWXeJjesusn7DJdZtvET7xgs0rTlF6/qz7Ox8jUPHPuDAwTdY29FD7apOauu6qa0/Qk3tIeoajtLaLrp3PiN/FuMbNl2WC79btr3C5q1X2LPnVY4cfZeTvR9z+Mg7bN9xidbWY2zadJ7t26+wbt1pNm++xIEDb9PZeUMuKq+q76Gi6jil5UdZVdvL6g5RoL5MVn4HRdVbyK/eSknDQYrrj5OQv4Ndx19jXnQy9Wu3smv/EU6dvsBbb77Ha1ff4Nr5V7l+6R3eufE1H3/whDfeuMvFix9x+uxrHD16nhPHLtF94BSdu45yaP8pDguc6rlCz7HzHDt6Wt7W6VMXOXf0Mge3HmLPxt1sXbOWQ527OHP8ADs3tbF9QxsN5WU0VdQQvziW0IA5JEQsJ2LeDGIiw1gYNpvJgf7ExkYxYmh/Zkwdy9zZAbi622Fka4Wekyvqjv1REPYwY/dheI4YQuSi8Qz20kNJVwklU2PULKzQNzNGx8IUdRuhjqM1zi5ujPFwJSvCgaudPnxzxoNnl915ftmV56+48eLNwXBrKp/22vH7j7x58a4b96648NVhH3ZmehEfHkh4aIDwfQuksyWWDeU5VGa2UpUZz+Gd+SRlprMyrYyFS7MY4x/O5Blx5JVspqRqT59nQF+YqRtgrKSNi6EZnmYW9NPTxUVbi0APR9JD/EmZPpKRwr4R7d+fBSPsmDPEnIWjHZnlbc+cEQOY6umIj4UWPpaqzBvpQNQEF7LnelO0YAgNK0dSGeFBxSKhrSBtMoO1SQhQoWyRK4lTzMic5UzxoiHkhQ2lcNFoiiP8qVwZRK2wv4h3+LZlzGRV3ATW5U6nMWkCFbHjKU2YQkl8ECUJ08mMnMBIVw0G2ymSGjmMZXM9GD/MkLLsMTSWTaUkYzz1xbPIihlLUcI0ls4YzCRvI3yctBlir8tINwMChlkz3deFqaMcmOFnz5IQV/LShtG5M5yyov7ErDATPg/q+AxWZuYUU4qzxrK+OZyWqplsFsK8mDH4uhnSnjuRHWXTONIwh6olbvhbK+LvpsiSADfCR9iwdLQrS4e5sczHgzg/Hxb4eLIscAwT+tsxytWCEN9BDLPVZ7CJlrD+qtgKZ42jmSHjfYQ1Hu/Nohm+1GUtZVVimFDXmfmeVqwc3Y+iuRNpTlpIS+ZSAgfaMMregNG2Bn2+awkJCQkJCQkJiX8v+vpR6P8tkgAsISEhISEhISEh8b/FvygA26Igxx5FG0eUbZxQEVAwNEema4RMWw8FUbxVV0NFTQVlNTUUVDX+OdQ0hTa0UND8xQrYCAVRBNZ+aQmsYOiEsnl/1KwHITMQ3Su7ItOwR1dPB0N1GQum+GChpoSGTAEFBVVkyspy8VemLENJQQEV0VJX4b++7/e/TR8CsIiikjqKyhpoGZgK47YVxuiFqvFAVA1tUdLTwlBXA099ZWrDPPmoK5LXt0/h3c1zqY8bxdhBeoz10mGO+IP/jOFkZ65kzpJFWHv7YuQ9Ce2BAegM8EPDcRiKBsI66Duibii8C01jYX4aKKmooqahjK62CmrCfNWVZBhqKWFlqISJthI6mjroG1ijpmmAiijUa6oI41RFXUcJbR1FDHSVMdNTw0pPF3tdQ2z1TTA1MMTM1ABTC31MLHUxsjTA2NoMc2sbrKytcXW0xWeQAxNGWRMoWv2O1qVstiWHY"
36561 [Forwarding screenshot on session b1310904-d161-49ca-a1a6-530fba7baea8 to remote] DEBUG org.apache.http.wire  - http-outgoing-101 << "u24kW7JjXhNXk0250LxGNZnTWNl2ESaawp488Jxbr52kluXd3Hz4mpunm/m5pk6bp1axe3eVdw5UceDk43c72ni/vEm7orC74km7p0Unk+KeTU8OFEt5/5JMawU0qp4eKqax6eqeHxaCM9U8eRnnp9bJReAn/+GF0L6szM1QlgrPNfwuLdSeK7mWe9LgfcX4VcMf7Ee/gVRCBbzfrEaFsXdvhAF4L9Pf2mh/ORkmVC/iCfHcnlyJIPHh9K4fyCZR0dy+WJ3Bu9tyeB0fQz7iiLYXLiCjfVFrK0rZX1TrVyk3L15N53bD7Nnxyk2rDvBxo0X2bbjBlu2vc3O3R+xb++n7N35Abt2vM3ePW+xt/OGkH6V3XsvsWvvebZsF+psOSJn87ajAqfYvOUiGzddErjAps2XBC7L4zt2vUr76l5qag9SW3eI1rYTrF5zivUbT9O25igt7YfZIMT37nuVrkNv07n/NYEbdO57Q0g/T1t7Lx1rz7Jh0xU2b3+dto5LVNYco3rVcUrL9lFV00nrmkNU1e8gIbOBRSsqya3YT3nTMcpbthIQGsb8pbEUlDeTnVdDfc1aNrXvonvnMbl4e6H3OudOv8bFy+9x7ZUPuXb1XV67/gE3Xv+AN197jzdffZu3BK6cu8aJw6fo7bnAqROX6TpwkoOdJ+ntuszZw5c5f/wiZ46dpOdwF8eP7OPY4b0c797DqcOH6Nl/mC2tm9m7di8bGtpprCykXiA7I56UxBWsWBrOpHHezA0ey4TRA7ESvjOWDpaYu7mh4+SButMgDJ37MXL0YGYFjcDGRht9OzM0HOxQtrZAS/h+GdkYYmRvgYGLK1aunsycOpXNTfH0bAzm27OT+P6VwcL3w4jvrjjy9JILfDyW9/br89N73jy45MCPr4/g3c4xNKYOZfHsCaxcGEx70Vw2rUqkviiPkrRSVhensbM9i/DYNEJX5BIwKwK3QROYGLyUioa9FK/67wvAI4Ux+g0YyvShviTNDqNyRRyrVqxkQ04Gu0py2VGUzpb8JDbmxNGRuZy6+AUULAoiPmgcIYP64W9nyRRnEROWju1HxEhbEgNcqFkyisoFovWuK2XzHaha4EBdhDP1S11ZHTuE5ughVC3xomShwJLhFEWMInPBCJLmjSBh7kgS548hZdF4cqInU5wwnfLkmZSnzaYiax4VmeE0Fa8keu54jFSUsTdUJXXFWPLT/UlYMZCCbF9WVU6ntWERm9alsq4thZYaYfyNKWxsy2TH+ny699RwcPcq1rbmkJYYytLFE4hcOIawuR5ERrqwbv1Mcgs8SE11Jj1hALFCWlrsIBKX9SchwoO5AWYsm2VLTeo4ciM9KV46kKrowewsnkLjisGs8DNi/kgjFo1zFNZGm2mOBozSVsXPSIuJ5voEOVkT7jOI5YHjiQjwZdaIQUzs78goO3O8TU0ZYefOMFtXJgwazMTBA8iInEfEZF8WjfdmuIkBy3wHkxMymRUBYxjvaiucm4qYC+eHi4EW7vpqfb5rCQkJCQkJCQmJfy/6+lHo/y2SACwhISEhISEhISHxv8W/JAArWliiZG2Nso2dENoLOKBq64SCkSUyXWNkWnqI9/qKVr8q6hooi4Ku8j9ARf3vkKn97BJafkewrtCmITJtsW0TZDrmyPRtUDB1FsbgiczEHZlmP5R0PNDS18RST8a0YZYYKiqhKlORC74yVWWhzZdWwCrCHxkqcmH4N2Lu/4SfBeCX/MUCWEFRTY6ymhYqpu4o2YxCSX8ACuomKGqrY6CpiK+FCpuWDeXtbTP5YF8wr7QFkRPph4OzI3r6ulhZmuIkxI0sbTF280bLbTQ6AyeiO3A8yrZuwhqI1tZaaAhro6KshaqyKtrCPLWEOeoKmKkrYauhxHRvGxKmD2OkuSJuqorYKCsJeWpY6KlioKOMkak6GnrKqOurom+mLTxrY2aii7WRHnYGetgb6uNgaoKTlTGOtvrY2mhibaOFnZ0BdtbGDHC2wcfDGv/BJsz1MyV+ljkdy+3pTXXjVKI9F9PduVI4gr2JwylbMJTMJVPo2buZT29c4/6Hb/DV5SM8eb2Lh5c38OBiO/fONXP3TCO3TwucauHuqXbu9q7mzolW7p5s5N6pWh6cXsWDUyJCvFdAHl/FQ3lYI+RX8/B0DY/OilTz6Ew1j4XwxfnalyLwhTp5XOT7Sw18Jzw/F+LfXayXpz0RystF4dMv7wyW3xt8uoLvzv7ljmAR0fL3F7fRv4jBotDbF79YAYvCrxj/XmxPTD8lPJ8SxeMSIa+I572FPOkt4Ykwhy8OV9EcH0zlyhAasuJZU1lGfXERydHLiY2KIm55NOkJqeSm5ZGfXkxdRStNtevZtHY/+3aeYs/O02zdeIKtW66xuuMi9Q1HaWw4wPqOw+ze2cv+vac41H2OY8eusK/rPNv2nGZ391UO9bzNgYNvcvDgW3R1vS237t2w4Sxtbcepr+9m69bLHD36ASdOfMqRI+9zsOtN2tYcp7G1m6a2wzS3HaGh+RD1TYeE9F72HXiH/QffY8Pmy2zf9To7BOqbjlNU3smW7a+zZ997lFUcpLm5h8KiTWTlNrGqYTv5pR0UlG8lKq6J3NI97Dl0lZnhK0nLqyO3uI2VscVER2SSFJ1NRkwWmbEZlGSX0lS/mk1bO4U59HLh/Bu88eoHXL30GtcuXeP1q6/wysULvPP6Dd5/8z3evP6ukP4Ol86/zemTr7J32wE6t+9jz9a99B4/zYnjvfQc6RHqX+ONV16j9/Axjuw9wBvnLnN81z6O7dnF7s2rObR/Ox1tdbQ2VdPeUE5TVRY71lRQmhlN9JLpjBrjjYm9Ndr2jhgPHoWFhzuh0/0I9BuJmZUVenYOaDoLe5pQRt3GEDN7PSxsDdFx8MBxmD+xKWm01hZzcM1Kvjwdxq1ed55eNOPFRWvun7Tk96948v4ebb5/dQD3ep34043JnO3wITdhJNGLgkhaNJWDrQm0lKVRXVZGZV46+1srWFOWx6KMSuaklzE7Op4hk6YzNCCUhfFlBC3I6fMM6It9NS2cWruF461rOdLQSk9TG4eqazlQXiGE1XSWFrI1L4Mt+RlszE9nTVYiLWmxNCWupGRROGnTAoka5U24twtz+tuQNGEAGZP7kxfcn7I5XtQvGUJ79Ag6YkWGsXrlEDYJc2uOGkj+THuSAs1JDLInJWQAyXO9yYwYT0HsdMrTw6nIXExx+kJKMhZRmRtFfUk0bTXxrK1Lo6E4gdaKDAYL+1jgGAcSlo2jomg6RQUTyc/zY/2GFVy7tp5PPu3ls88v8vVXV7hz+1Vu3nyFL7+8yFffXOabm9f59PMrvPfBea690k1v70YOH6tj9740Dh1LpLbJj/IyX9KFcS+cbse8yVasrlzAptooRjlrsHJmf5oyZtIqUB8fQGH4EArmDaQ6cgS5IZ4sHm3DykAvpnuYEuJpxUw3S0I9HJnr6cYcLw/mDx3MIt+RLPYbQ8REP6KnBRAzfQpxQdNJDQ4nccpcoicFETzQkwB3R6b0cyBy3CCWjx9C9qwA0mYEEjJ0IB7GwudNQYaJrhamOuoYa0kCsISEhISEhITEfwJ9/SgkISEhISEhISEhIfGfyb8kACubm6FqbYmarY1cAFa0skdZdAktCsD6Zsi0DJCpiwKwJso/C8BKSlp9oyzk/Yq6HLkALNSRqYr3Aesg09R/ibYoAhsh0zMVsEBmbIeClTsycwHdQUK/nijpqOBorspYZ2UMlfVQlmm/vPtXXUVAA0VFRVTlArAMRQUhvS9R95/hNwLwS/FXVYgLiFbGyqooW7qj6OCLir4nChrGyDSUMNSQMcFaje5kX97YMIk3to7jfN0E4iL8ULGxRsPWGh0h1LOxx9h1CMo2Q1F28kfFNVCY71AU9J1QVBfWRCbMSyaskUwLNRUtdFWU0BXmZqcqY95QM6oX+rAheizNIe60z3Zh34phnC/141DeEE6smsa6zECasucRONwFdzsTLEXh11wPJ2s9vOx1Ge6qwyh3A7ztjBniaMxAJ20GOKky2F2LkQPNGD/InmFCuTGO6sQEObClYALH68ZxLs+SGwXGnCn2YmfJB"
36561 [Forwarding screenshot on session b1310904-d161-49ca-a1a6-530fba7baea8 to remote] DEBUG org.apache.http.wire  - http-outgoing-101 << "IoSA1kc5ktKXCjvXNnP776+zE9fn+PZ+4d49t4h7r+yg6eXN/HkwloenG3nzpkWbp5q4Zvedm6eXivEO7jV28rt3lrunS7n/uliHpyuFMJaHpyp4+HZejmPzonUCdTy+HwdTy7WCwjxC6t4eqGW55caeSpa+Qrhi4sNPL/QwPdXW/j+UhMvhLTvrzTL40+Eut8J+S/O1vDD+VVyRHFXvD9YFIN/sQoWRV+5OCyEoiD83ZnKvxF9/xrR5bMo/opuoEVEAfjFqTK+6y3m+95CgSKhXDFPT5fx6HQN3/Y2c72zjiVTffH3GcEInwkMGTmdMeNnk5dRyIbWDg7tPUjnlp00lleTlZBE6NQgloSEEDEnlJWLFlCYmkhlQT4Vq1poXLudbXsPcbD7OAf2H2Lv9n1sXruLqtJ2MtMaaWw+zsEjX7P70G3aN7xK25qTbNp8lj17X6Gr+03OX/iKDz78nTw82HWDqurdRK+oJC9/PXs7r/PBRz/wzvvfcfHKbXZ3vkZT63Fa20+yfuMl0jM3kJq+nj2d77B9p1C35jCr111g887rLIysJFXIP3L0E7Iy17Ju3XHyC1tYGVdAfnEbS2PKaWzrYd7CKjKyduMzegWN7afYe/BVTp15g0vnr7B9fQeFaQnELAxj5eIo4qLTWLGiiKTkCnKyq4T5FbF7RyfffP453372MWd7DtHTfYCjB7sEenjl8nt8/N4D3rj+KV98+h7fP7/N+bO91Ne1sG5tJ7u3n2Ln1l6OH7rGxZNXefPKVd5/9Rxd2xrp2tHK3m1rOHRgB1s3ttHVuYVDuzdQXRBH2rLp7GwvZtfGVbz26ll6zp2gbdcufBcsZVTARGZNGEE/RzcMhT3CzH0Iev0GoOpih467NTbOhlhb62PoMoox86KJyy9g2bI4ylMWcH1vGHcvDObRBUMenjLgXo8Jj8/a81mXLs8uufH7y8P5wyvT2VvuSWLcaFZGTqU0NoTTG4qoKcyhsLSExqoYDq+poa2gjrnpqwhYmcmwCZMZPn4KE6cvpLByHZVNnX2eAX1xZe0aLne0c6a5kd66Wo5VVdCZl8uenBy2pKXRHL2c4vnzSZs5nSVjRzOlvwcTPNzxd3VmjJUVI02M8NZSZ4iWMoNUZCwaaEWktwXRPubEj7Yg1d+W/GnOVM7zommpDx0xvmyMH0tb1BCKZjmTFGBJXKAN8cEuxMzoR/KCEWQun0R2bDCZMTPIEuZflRfN5rZieva3cqFnLTcudfLW5cN88eYl1lTnMmW0MwmR44iJGkx68giiIt1oa4/i40+PcOvOGwLv89lXr/Ltvbe4+eAdvhTSvrxzg5sP3xf4SEj7mG/uvMfte2/z5MVb3L7fw2tvNrJrbyTNdTOJnjuQyUOMmD3GljdObuThR+dIm+/PoZYithQnUBY5nZrls2mICaUozJ/yxQGULJhI0tRhlEdMZ9FoD6YPsGVaf3tmDHRjybhRLJ/kz9KJE1g6aSLLAieyImgKCSEzSJkbQu68MGrCl1G7YBmlc+dRMn8mRfOnkB/qR8IEL3KCR5ExdRTJU3xZGTCOucJ7mTh8GP6jRjHaRzhzlJT6fNcSEhISEhISEhL/XvT1o5CEhISEhISEhISExH8m/6IAbIqatRWqtrYoW9ujYGknF4Flxn8lAIsWwOqiBbA6KqqisCu6JtaQu0V+iegi+a9R+5VfBWA1AXVNIdQW2hOFYBE9uZWxgp7Qj4EVCmZOKFq6o2DkKZRxREFLFWdbPYbaa6En9KMqU0VFFIBVlYR2RHFWhorCS8S4iCgEKwuIwrCawK8CsexngVd+f7CAYh8uo0U30j8j3i0sR7QElokuoZVR0zVEQVsYq7YtKnoOqOhaCHNSw1hXgfHWGhzP8+WDzRM5W+vKpeZxLJgxAG1nZ5QMTVA0EuqJYrexCzKTQUI4DEWLMSiaDxfW2A4FJR00hDXSVtdCQ+jfRFnGYHMtwgabUhM6gG3LBrF9kTPbQi3ZMsOIfWG27FtgzSvFQ+jJceVibSD7C4NZnTwDP2cthliqMsJeiQn9lZgxTJlFEzSIn6FH8mwTEqdbEhugR9QoRRYMlhHmrchSPzOKlk9h35piPri0l7tv7eWbK7W8t28J7zZ7cSFLiyOlnlSnjCN83kTK64q48d4lnt5/j++/eYWnHxzh+08P8Oj9A/zuk+O8eH03z69v4/HVjdy7tJY7F9Zy6/xavj2zhlunV7+0Bj5Zx/3eKh6druDhqSoenqnj8dkGOU/ON/H4vBAXeHK+kScXGnl2qVmg6WdaBFqF/GZeXGnn+eU2nl5s4XdX1/BCSH9xuZXvrrQJ8RaeCvVfXGzixdk6fjhXL1DHd2eqfxWA5UKvwPPTZbwQEC14n/UW8+JUCd8L8e9OiqKuEBcR4r8TwmfHC+TxFycKBYr4Qaj3fW+pPC7WEcs+E/KfCPEHp2uEObfwemct6YunkboikvjYBJavzGTBkgQmBYYyZmwwQ4cFMHbsbMLCkkhPW0V15XrWrt5De+sWqstqKSkoIT09neiUeJalxbM8JYbl8UuJjo0kNj6avNw82ts2sHPHcVavPip3wVxde5p1G66wddsp9u+/yMEDl9m+/YzctfSGtWfo2vcBx7o/48rZe7xx7T6nj3/E9q1nqKrdTmn1FppXH+JA91ucOf8Nx098IbRznT2736Rj9VkKcrZSXrybNa0nWL/+LI2rj7Fp5xWyCreSnLmWzTuuUlK1k8T0eqaHxjJhahRZBWtIzmilrukICUkdjBsfTVNTN2va99PRtoNNa7fTtf8Ip3vPc+bUFfbuOU51zXpSU6uIi81gxfLlxK+II255CisjUynMqWHX1v2c7T3DuVM9vHrlPK9fucj5Eyc5ffS4kH6MY8e6efX6q3z26U3OnnmVkyeucajrNB1rtrBnVycH9uxh4+pWLgpl37h8lTeuvs6RAwc51XOIE0f3smNjE0f3buLSsS72bVhHbWE+5QU5Qv1GWtY0sffIMU4eO8q5zl20VbcQvSwb3wmhDPadjJ23DxYDBmDn7oidkx0Wnr6Mm59AyIpcCkvXUZKZwOH1c3j0xjS+7DHnZo8Vd3psuXPShs+P6vPwsit/eH8q948G0ZA8nOioaUQE9WdP9VL2NeVRnF1MZnoeGxpSWF9fT37+BmbHVRIYkUT/kePx9PGj//CJhC/LZE5EWp9nQF+8trqc19rLudpUzIHMGIom+zLf2Y5A4awYa2aGj5ERw/T0GKKjg5uqKnbCvuquo88APQNcNTRwVlZigKYKHioKjDRQYbqjPrOcdJjvoc9iL0OWDjUlzteGzCnulM4bRkPkWDYnTREIZG38RJpWjKdu5XiqBIqWjSFp3iCSFwwjd8UkSpNnUpU2l8b8SNZWxbN3bR6nD9Tz0fWDPP3iDb7/+n0+f+WU/NzwH2KMT39dYqP6Eb/Si1070rh96wK3br7F7Tuf8tXN9/n67od8c/9DvronxIXwm4efCs+fc+vhV9wV+PbWu9y7/wYvnl/jjdda2dARRrKwHwf7mDFpgCHJc8fy8dlO/vTN2xxureCrs0e4umMt2wvTOVBdwObcRNZnrGRtWjTVUaEUzA8iP2wao20MsddUw1FHDRstdex0dfCytMDX1YWpgwczd8woFvr7syRgIsunTiYlaAoFkwMonTqB2vlTqA33J3/GQPKD+1O/aAR1831oXuTHmhWzWB2/kMakZTTnpLG2soK8uHhsdKU7gCUkJCQkJCQk/hPo60chCQkJCQkJCQkJCYn/TP5lC2AVCwuULG0ERAHYAZmFIzIzW2SGZsh09FHQ1EJJQxVVdWVUVFVQVFUTEK171ZApi3fyvkRBRUQUfX+J//wsuo0Wyot1fkFB7aUwrKClh6KuCTJdU2T6lsJ4XFAycUGmbSm/O9je1hxHc320ZTI0REFXFHmVZCgoK6AghEoC8mcx/FkQFsuJ5UXr2V/qiSKwXABWUnk5XiXx3uCXrqP/MYpyZIrCvHWEcarpyu/mVRRCRS1DFLV10NeWEdhfjd7yMbzV7M1rdS680j6asEAH9IU1VRatqXWEtdS3QWYpurn2QsFkMDpOY9C0GCC0Kayxo"
36561 [Forwarding screenshot on session b1310904-d161-49ca-a1a6-530fba7baea8 to remote] DEBUG org.apache.http.wire  - http-outgoing-101 << "jK6ajIcdRWY4KxDzDhbmsNd2bLQlo4p6uyYpsKBEDUOhGpxMMyIw5H27FhgTXfGUHpWBdEWO4rkQBciR9oQOcKEeD8DimbpsTbOhP0FNlxe482HBybzcfc0Xt3iy/lVTpzI0KF7uTJbwtTZnezN2c25vHutm7u33uZ3T97lp/tnuHt9FR9tC+JKlSuHy73YVBzKlaP7uPPNxzx7+jX3br7Lwy/e5+kXV3n25SGefHycR+8c49Hbe7j/+hbuXFvPrUtr+fZ8O9/8bAl850wrd0+3cE90AX2inke9L+//fXq2gefnmoSwkRcXROG2iSfnGnl2oZVHQiiKvc8vtfH88mqeXVrNk0trBNby3fWNPL+6jqcX1/C90N+T86L4u0Ze9qlQ55nYltjuqTq+P1PHd6dX8eykKPqK7p7Fu39LeXGmlGenCnl8Io/npwv47lwRL07l80NvIc+OZvH8WLYQZvPkcOav8efHcnhxPIfvevL4/kQ+358s4PHRAqG9cqFuOU96ioU2y3h+ppq7J2q4tC6FyuUTqUycQ0lyBHUlmVRVVlLRsIHqlr2U1O0hPns985fVEzy/kimhpUycmcuEGZlMnZNOyKJs5kVlsDQlk5isDNIK8ymoKqesroaqhlqq6+vIKywmNi6FpMRsCvNrqShto6KsibraVla3b2TL5k42b+pifcch1rb1sL71PFs6XmFbxzV2rr9K9+7X6Tn8FqfPfcCZS59w9OS7bNp2gcaWYzS1nGDbtlfpOvA+nTvfYOemy2xs76GmeDMF+WupbNpHdXs3jRtOUNl6iMS89USntTB+WgxhS4tZsLyYuNRV5BSvoaBsLWm5NQwaOp6mpk20N2+lo2UXrQ17qa/rZFXDAarq9tLUvp+9+09z9OgZ9u/bya4draxrb6Egs4KlC3JYMCebyIVZxK9MJTcrhfqabLatr6Knax1XT4sWwceF8faye1c3nZ1dnD59istXznLpyinOnD/G6TM9HD/ew+6dXWzd1M2OjUeEeR3i2MGTnDxynN5jhzgtcOrIEfZs2M7Brfs4se+owAEObt/Evs3tNBXksrq4mPVlFexsXsOJzqNcPvUKR7tPs2bdDoqrm1iWmMbEGbPxnjCFxSnVLExqJSa1mdKiHFblj+ONI4HcuuArfC98+OaIC18eMePjo1rcuezI0zcmcaJtLNnLAomYM4+C8MHc6MyhpSSN6uJGSjLLOLC2mvKadpZkbyYqtZaxQfNxGjoG5yHjcfT2Y9rCeAb4BvV5BvTFW61JfLW1mPv76/l6R43wXMC+5MWsHOTEGDUlhgj77SAVZfoJ+6iTohKu6loMNDZjkJklHgYGeBobMNLGjAFaSkx2NmWkgQJjjRXwN1Mi1E2PZSPsiBvvRpyfOyvHu7ByrDOZUwZQOGsw5fOHUx3pS1NCAGuyprMmZzpbK8LYVDKPxrQplCz3pThyDDUxk2jLmE1T5kxWly1ke2Mym6vS6F69isMddYSOcmG4vRKLplqQGOlC9CIHtq+P5e4353l87yOePb7L02f3uPfkW24++IybDz/n7tNvefDiLg+fP+Crb7/g4cO7PHtyk0d33+G7x69y+mgZ9SVTiAtzZ8kkJ6YMEO9IdyBv4URWZ0SRPS+AuMBRAqNZMcGH1qSlZIdOZvmEYUT5eZMyw5+4KeOInTIeHztTzNUUsTJQx0hbWe7yX1tZEX0lRQwVFTFRUsJKOG89jI3w93AT9vbB5IwfSI6wVhXTB1A334s1y4bQuMCV1Us8OJwZwJGsYI7nh3OkaDn7ihLYnJdIWXQE0TNmMdK1f5/vWkJCQkJCQkJC4t+Lvn4UkpCQkJCQkJCQkJD4z+RfFoCVzV8KwIoWdn8lANsjMzSXC8AyTQ2UNVRQVVdCWVX5ZwH4pdArUxYF1Zf8rfD7V/wqAL+sJ6+rJorHAhraKIhWxlrGyHTNUTJxQMXUEQU9C6GuFjaW5tgY66Epk6EuCrmita+STKgroKQgF39/EYAV5M+KKCkqo6Qg3hcsIBPGK7pvlgu5P4u6iiJC+b8Rev8xogAs0zREUUMPZXVNlNWEcQtxJW1ddDUVmDZQjRMlPrxe3Y83ahy40jiY6aOMUNUzRs3ECjVzexSMrJEZCWusZ4uaMEdtQys01dUxFup7WKoyfYgxhSEetC7uz6aofqyba0ZHkA4bp6pyMMyAznl67Ftgwe4lDmwId2Ttkv40xvqyaKI1g/TVmGilSMxwLUoD9NgVYc7VAifea3Djs02DeHBiKn94ZwV/+jiRp5dCuXtwNF+udeb9KkvOZllyqmIcX1xay8Obb/D8u2/58Xdf8Ofv3uL7D7fwVed8rq1y42ilF68fruBPD7/hh8ff8PDehzy++wEPv/yAR59f5vHnXXIB+PF7x/8iAL+ygdtX1nHr4mq+PdvC7dMCp5q409vE/ZMijdw7XiuEtTw608hjATF8dr5FLtyK4u+LS+08vdAm0M7zS6t5JrT19IKAMN5nl9fx3bWNPL+ynmeX1vD91XVCnXZ+d7WD7y638+J8M98J7Yjhs9P1fycAi1a/z3pLhLCYp735POrJ4dmpPJ6fyePpyWy+O5HLk0PpPO5O43FXKg8OJPPwYMqvPBLSxDyxzJPDGTw4nCOQx+PjhTw/IbQp8OJ0FY+Fvq9vTGVV9CSq4mdTnBBGYepSklauYGlEMosXpxGfWEp1w1bWb+9h875zrNnRS9XqLrIqthKfu4aVaW1EJ7ewaEUFsxZkMyk4ifGT4hk/MYHxE+KZGpxCTFwVjc3b2bJtN63tjeQWJpCZHUNJcQ5xK1cSH5NCVkYppSUNtLRtZN3m7XRs2sGqpvXUNOxk/aZLbN32Np27P2HbhrfYvvktDnd9yakTtzl69HPaV58hr2A7W7dfY8vWy9Q3HhLil2lde4LUwo1klW6joHoXUfGrGDdlOXMX55CW10pe2TqBDvymLGJ5YhH5FW3Y9BtE8KJo5sUVEhpTzoR5GcRmtFFVvZn2uvWsq2mipbySxooKqspKKC4vpWF1O+3rOti5fSunDnezd/1acoR5xYWFExu2kMi54YSFhrNk0TLi4tPZvGE3BzoP0d11kGPH9nP69CFhblvZs2MXRw6epPfoOS6fu8rbN97g6uVejh/eyt5tLXTUN7KlZRd7Ono4sLGHE/uO8NYVUdhdz4muBvZvbmRby2q2N27i4v4DXDiwg94964Xy1bTXpNNYlcrubfUcO7qdnp797O/aw6mzZ9jbdYSNe47SuLGbjNxGslMTSVo0kGPr/Hj8ylz++NYcfrw2iucXHHh4zpD7Zyx5c5cLFXEOJCwez5KQAI5uTGNj5QJK0ldQlptPa20VbXVZ5BSWsjStjrmR0QwcNQb7wcOwH+iDm88EZkYkMMhvWp9nQF+8Wb+A65VzuFwyh5PZMzmWEcKGJROYZ2PECGVFfFSVGKqhzAAVFTy1tfA0MMJO2BcNZAroCvgO8GDWmOEEerkyb7QnQ42V5F4SJjvqMN3VgNABpiwcZk/8JG9KFk2mVfg+bM2Koj12NgWhI4md4EzMJAey53hRscyHVStH0ZE+kYNVYZxpi+Z00zIOCmPbmDKJ1amTWFccQnXiNFLnjiV/YTC54dOY7mnOSBsVEubaEzffgvRlrhzensydT05w++NX+eK9N/n6q0/4/JtP+Or2p9x+8DX3Ht3k/qO7PHh0jzu3b/Hk/j2++vAd3rvWw833e9nRFkv+Sh8WTjJmsZ8ZFSvGURE9nuQZA0gPGUrqzKFMdtHGU0PGFFcbmpLmU7ViJtMGu+KiqYaTwAAdFUbbWjDE3gJLA3UszfWwsTfH3cMZfT0d1ITzRjzvDAQMBfQE9AWGGGlSPn0AB9InC/v1bM6umsknO5dzc98KPtm8kLebZnE2X1ijhLHsiQ9gW8JMimaOwktPEx2hvrJMsc93LSEhISEhISEh8e9FXz8KSUhISEhISEhISEj8Z/IvCcBKZqIAbIniXwvA5g4omIsCsMXfCMAqaoooqyr90wKwTHQD/XeWwWJdNWRqWsg09OTiqmglq2hoh6qpEyr6ligoa2Bpaoylga78B3HRpbPo3llBSfGlG2fRilcUf"
36561 [Forwarding screenshot on session b1310904-d161-49ca-a1a6-530fba7baea8 to remote] DEBUG org.apache.http.wire  - http-outgoing-101 << "UUxV54mWvgKbSppCm1rC+gICO0rCv3L3Tm/FJB/bec3Iu8/Qi4Aq+qirGWAhpYuSurincbaKGnroKehQMgQDU4UefNqqQNvVllxeZUHYf4m6BgaoqKnh7qRESoG+uiYmaBnpI+xnjq2+ir4OmmxdJw1JXM82BDtzd5oN44n9qclUJXWQHV2zDVkz0IL9kbYszrUioYQO+rDvMgLdmPxCHM8TNXQUVbAQUvG7H7KZI5SZN00Ja4kGPJJgRlf11pza70HT3sm8Ye3lvCnj1by/NJMvjvpz+1t/Xin2oxL4pi3zuX5p/v4/fMP+OGHb/nD91/wp8ev8+BqGx9uCuZqhR09Ff15/XAxv7/5Li/ufMC9b97gwbc3ePT5Gzz5/ALPv+ji6cdHefLBMR6+tYv7r22WWwCLAvDti2u4fa6Nu2fbuHWykW+O1XLneD33TjRw59gq7p6o5V5vHfdO1nJfCEUR+Ol50Qq4lSdC+OScGL4UgUUBWOT55TV8d1UUgNfxQoi/uLSa70XL3wut/HB1Nb+71PazANwshE08P7WK78/U8OJUFU9PlvFcvMO3t5QnJwqF5wIen8jl4fEsnpzMEcjm0dF0nh7J4FFXys/CbzL39ydxb18idzsT5NzbJ5L4Ml3gQVc6t/cl8+BgOs+O5vCwO1Nop5DvLzVzrGYxC0eaUxw9jbLUSArTV1KRl0tzaT2rq1tpLK8hNyOduLgVLItZytK4GJKy8ymsWU1N6x5WtXZR2dBNbUsvtc1nqGs6z6q6ixSX9pKS0klEZDtz5pURND2BCYHzmRE6n9TsFCrqqigoq6ZE6KOgrIniqmYKq1eRnJfKgpi5RKdFUFJfQm17B8U1G6mp76Kuch+71p3nwLZX2bTmHGvbetmw/iJbd77K7oPvkFu2m9yq3bRtv0jt+h7q1vcSk7mWmQvyCJ6TRmBQNGkZdZSWr6alZRv1jRvJLaqjvG4t0+YtY3JoBDYegxgWMJ3QuDymrSggaGkeAXNjmDQ5hJCpQcSGh5K1IoLizETKiwsoLK6koLyRsqo68nIzKMtPYUNjBQfWd7C7ZT31+bWkLs8kIjya2cLcJwdPw9/fj5nTppIYt5Sa8lzamyrYs309+7ZvYc/mTRzYvpODO7ayb9tajh/cxKVTuzh/YgdnDh+ge8c+NjRsprWilY6GBta3FrNnWzmnjq/mUu8uzh46SO/+LvauXcW+9aWc6GziSs9Gzh9dx4n9rezZUEFDeQrbOmo4cXA7PQd30tu1j7OnznDm3HUu9L7F3nUbObm1kDe7l/L46kL+/OZc/nhtDH+45M6fr/bjdye9uVjnQfbSgcQuHktK1ESOdjeQmjiP/NQ40mOjWN1WQUFpKvEJSSxfmsjkmYG4DOmHzQAPbAcMxNZzKMMmTMN56Jg+z4C+2BXly7Ylw9geMYK2WZ6U+jlRON6NpKEORPS3YbGXM/O8+jFzoCcTPTwY5eqKrZ4+ukrqaAh7sJdrP2yFvc9YUQEPI20GGGkSHTCKVdFhtCVGsjkrnu25KWzPTmWn8C53ZaezMzOZA3lpHMhPFuLLWZc4n4blUygNH0nRvCFCOIy6pb5ULRpB07Lx7MyeQ2dhOB2pUyhYNIiixT7UxwbRFDubloRZTPNQZ5GvOg2p7rTm9WNT9Uh2Nc1ke90S9jRlcnhLC+dO7uXVV07w3juX+PLTG3zy7nXevnae18/1cu3EEfasbiRhXjAp8yezsSSWgsgJLPazZbydMiONFVk0wo4FPjYsGe1EwYKJNCWFsSxgMN4mWkzxsiFdSKuID6VgWZDQxlgSQsfibaZHPx0NPIx1cTbQZKCdGX7e/Zk2eig+jrZ4GOrhqKGBg5oaNsLZYyeclRbCmeUr1CsKGkjLwhHsTA6gp3Q252rmcLlmNpcqpvNqTQjn8oPYFzOGDYuHszZiDFUh3szsZ4GXsP7Oxpp9vmsJCQkJCQkJCYl/L/r6UUhCQkJCQkJCQkJC4j+Tf1EANhewRNHipQAss7D/WQB2QCZ3XWyITFMTJXUVlFVFAfiftwD+rwRgRfndwJrI1MX7gIV+dE1RNLRCw9QRDQNrFJU0sTQxwUIUUH8VgH8WY5WEduUI/SqJ9/X+nKYstKmqLbQrtKmm9zKuIvQhlhPqincCy11JC/xW5P1HvOxTG2VNfTS0tFESx66qhZKmFkZaMuYN1+JkwSBuFNvybrkZ16tdiJ1mhoWZJtraShgZqKOnpYyZrgx3M2Vmj7Agb05/tiX7sjXagz3LHNm7wISeJYa8kuTIwTBdjq90ZGuYFc2zLakJcaRsjhexAa4EehjjaaaKpYYMXeHdaGmoYqsjY2Z/FZpCDTgSoc3VaBXeTVLlkzxdvmqw5u4uTx6dHMWjs+N5fMKfH3r8+HqDE1eKNLlc5cCt3pX86cFh/vS7t/jDD5/yhydv8+T9bt7akcT1mqFcLbbgeJEz73Sm8qebr/L9rTd5dut1Hn55hcefXeX5Z6d49ul+Hr57gDtv7OPu9S3curKOby+u4dvzovVvK9+eauLeuXZunmjgqyM13Dxay92eBrkbaJFbPbXcOr6KOyfquNfbwMMzzQJCnZ/jj/9KBBYtgZ9fbOd3V3629L3YKke09n1+rpEfLrfwu4vNPD9bz4tzdTw/U/vS6vdUBc9PlvH4WDFPe4p5cryQR8dyeXw8VwizeSAKvsczeXgsnftdyTwQOZjE/QOJPBTij7pT5PE7nXHc3Rf/N4hi8IMDSdzeE8e9vfE8Eurd60wU8tK43V3ApdWxFISPYMXMEcyeNIywkClEzpnJsuCpxIbMIHXJfAqSl1NdkkZDXSF1jWVU1pRTUFpOZp5AbjXZBU1k5bWSltNGRm47uUXrKavaSXXdfuqbD9PQcpTahsNUVO0nJ38LcXGNhEdWELSwmKAl+cxekcOS1DyWZ+cQnZlMdmUh+VXFlKyqJL+0mKzcPErKSqmtyCVftDDNz2Zt21o2rNvDhk3H2bDtPLWre1i/71VK1xxhUWY9i3IbmBKRS3BYPiEL8lgZV0lFWQc1ZS3s3LiH1Q3tlBdXkp1TQnF1C7lVrYwMDMXYsR8jAyYzwn8Cw8eOJXD6dKaFhjB1dgizwhcKbS0mIHgm/kKZWSGhLAqPYsGcKKIj4khLyiItOZvEOIHYfJJiS8lMqSA/s4TcrCQy0xcI+TNZPD+AWVP9mDxuJJPG+BA8cTSL5/iTnTSb2pKFrG2IZ1t7Hns66jiwbi0H12+ma/Nmjuxs5/CeKnoOltG1u4h1LZmsqSulvbqGdQ0NbOuoZf/OSk4eqeTs4RJ6O/M5tDmXzjX5HFxbw8lta7l6YC+X9+2hd0sH3aur2VqTxp6mLKFMHac7j3L98DWu7j/AhydbOLdpKk9vhPOHzxZy+7Arn24x4NG+ftzbNJbOmMGkLZlE3GJ/NtYsp661jLT8QjIS0qjIz6BNaDuhpIgUYU0KkzLxCxyLyxB3Bowagu+UKQybEMCA0f44D/vvC8DRTiakDjKj3L8/9dOG0zTTl9rp48gZP5QYHy8WDupP6CBPJnsNwERFGT1hP9cW9kR1VT2UlPQx0hf2cRVtYd9WQF9RAStNdfIiw9lVWcT2gmx25GSzPSOLnem5HMgpY09qPvtScjiYmk1nSjq7kxLZk5bA3qx4dmZGszYxnDUJYbQnzidqlBsz3C3InTOR9BljSJran6L5A1iTFMD23LlydhXNYelYffIX6NC7wZfPLoQL+1IMF3bMoj1jBGvSp1OXFEpF1nxa6+JZ1yiMZXUZW2oLaM9LpiZ2CTUrwkiYMoIpTsZkzRpD9syxpAaNIGywAxPN9Rivr8N4A30m21gx2tSQgXoaTPV0ZvIgR4J9+hEeOJyqjCi2NuWzuS6LBZO9mTG6H9OH9We0rRUTXBwYb2NOqKcrGVMnUR46k8yJ44kZPoSoQQOZYe/IWENjJtnYM1BHj1FCf5NMNJhmrUe4hzUrhziQMtqRfH93KqcOoEw4G+pnDqQhZCCNcwexYflYdqdNY1dGMM3Lx9EWF/B371lCQkJCQkJCQuLfj75+FJKQkJCQkJCQkJCQ+M/kXxKAFU3N5AKwgrnNS6tfUfgVU"
36561 [Forwarding screenshot on session b1310904-d161-49ca-a1a6-530fba7baea8 to remote] DEBUG org.apache.http.wire  - http-outgoing-101 << "DR3RCa6LBYFYA0tlNRU5da/Sir/AwFYtPSV85fyCsov25GLw6qaL62AtY1R0DNH08QeLQNrlJW1sBHGZ6WvJxd/1RVkKCmIlr9CnV8R+lAUXTyLoSjSiu0LZYSxylSFUEUIVUTrYPEeXwUUFRRRkon0LfT+V7wUgDVRVNNCRV2Yvyg2q2igqK6OiY6MOUO0OJnTn3dKrHi/WJ8bVfZUR9gxzFkFMzUZ1uoy+hvLWDjOispIb7Zn+nKmcgI36vzZvUCfnigjuucoc3SuGueWm3Ik0oKt4VbUzbKhIcKH6ImuBA60xNlEAz1VBbSE96Gro4uGpgE6OgbY6iky00uV1ZHWnE6z59V0c97JMuODfFM+rTLlsxYjPl6jyfurtfh8nQtfdDjzWqkmvekKnCsz47PDc+HuVv745AR/enaRF5938dHhQi7WTuNaqRuvl1txosCZD/cl8edvL/LwozM8/uIiTz4/x5OPT/H0g24ev7uTO6/v4OYr27l7bRO3LnXIxd+bImfbuHmqmZsnG+UC8M2eerkFsCgAP+ht5MGpJm4JabeFvLuii2ih3N3Tjdw7JYQn6+VC8JNzoiVws9wq+PnFNp6fb+YHufjbzItzjXx3vokXZ+t5Klr6nq/nu7O1POut4vmpKrn4+7SnhBcnSnh2vIhHR/J4cixPCHN4cChLCLN4LPDgcJrc8vfB4VRu74/n/v5EHh5I5F5nvBAm8bgrmbt747i/L0EgXp7+1zzoFPL2ruTB7hU83LOSR2L63kTududzuj6C1BkDKI6ZRUHKMjJSYkiOXkRRbBhVqcsoiFtC5OwgpvmNY+K4sQRPncbC8IUkJsSTk5NFQWEORcW5lFcX0LxmFZu2r2HtplbKqotJSEkgJiGFxORi0tKbKC7axarqk9RVXRTCXlrajrF6/WGaO3aRmFXM7IUxzI1IZ9aCHGYsKGBaWA4zI7JYnJxPbF4u2bkJVFeksKGjkpaWEtIyoknNTqa8sY6KtrWkVrQwfXkebn6LsfIJY/SsNKaH55BdtIbVa/awtmUjG5vbqczOpiwjk1WlFaQmZ1NVv5GlyZX4Tl/KgNGB5JSUM8bXB28vJ9ydTfHwcsZj+FCcR47DfuQkPCfMwndaGBOmhhAUOI15U4MJEcIZU2cSND2UwFlzCQiZz6xFkYRHLSUmNpbU+FiSlkawYt5MohdMEtY4mKRlwUSHTWDpHD+iZo8lM3oG62sSObatnK4NBWypS6CjJIqtxfM5XBXCsZrpHFs1mRMNU+hpDKK7ZgqHqmfRXT2HY/XhHGmcQ3d9MN1NQextCOTUloWc3LiIvXWz2bNqLp014XQ1RHJleyYXt6Ty6clqvjxdzZv7MznUHMX2ikg6chZydHU0rx0K57XDw/j9F0H88Fkgnx215u2tWny6zZKbW0ZyvW4Gm6ozKE0MZ0PJUpKE9VyaVEpZfj2b16yntKqGpXkNpCSXUZ9TwRCf0dh59qPfiIGMC57K6KBgXHx8cRg2us8zoC/ShzqSPNiOGA9LYvpbETfQgRWejkQJ72eqtQneBnqMtDKnv6mJ/B9qNIV9XltTGxVVHZSUhb1cpoGGujZawnkh5rsYaxE7O5DaxCjWZcWzNTeNrZmp7M3NpTMnn12p2exJymBvchp7klPYlZzIztQ4dqbHsE347G3JWs7u4kTakhYRNc4TD01VVkweSea8APLDx5IY6ECEjzmZwYOoWeJP3hwvprrKSJmpyo7K/rx7fDZvHwvlQKMv9QkDqV0xlpyw0WSvDGDlotEkLZlETOh40sOmkTJjEot8PAkf5ESQnR4+2gpEDrMnM9CHqvBpFM2awvLhQ5jn6s50W0cmWFjhpamBjXA+eRpq4aCnhYuJPl72loz2dGHCcHcCR7jhaWOInZ467qZGeBrrM9TUkDHmhiwdOYSK0Bm0LJxPR8RCNiyLZNOK5Sxw78dYXQP8TS0IsHEUsGGyjQVjjfQZY6jHeCMdJhipMdFEl0BrY4LsTQm2NyHEUZ8F/fWEMZqS7G8njNuZynlDaYj87/8DgISEhISEhISExP9/6etHIQkJCQkJCQkJCQmJ/0z+dQHY1OovArCZg4AjiuZO/1cEYJnqXwvAIj+Lv8pKL/PlrpzFclrINPXlIrCGkS3a+taoqmhja2aBtYG+3AJYVS7ginU0BITySupy0VdRURllBSVUFRTkIrGGgJaI4su4mhCKLp9lCqIIrC6gI8SFur8Ref8RogtpeX/KqijJLY6FcSsLz2pqGGvLmO2lycksN94vseKDAh3eqbDkSL4nC4erMNJIgaRJZmxJ8+NggT9ducM5UeDFmRwX3qny4vASVd7KcuBYuBrnVlhxcIkFuyKdaV/kSck8b3ysNTHTEO9wlKGipoGmgRkyNV1kKnqo6YrrpIuRmoyQIVq0LLHjcJI9l3KcuZxuxdVME24UG/JOtSrvrpLxVrUCN0r1uJarxekkGecyFblSZcZ7O8bx3XsFvPisiZ++2sC9K0Vca5/GlbIhXMm34EaFNaeLPXhrfxK///gQTz7o4fuvL/L442M8fHcfD9/ayYMb27j3+nbuXd/Gtxc6+PpsG1+fbpHzzckmvu6p5/PD1XIB+L6Qdv9UM/dONHJfbuHbym1R9BXSHoquok+/FIAfnGnmgRA+vdAqvw/4ybkmnp0VBV9R7G3g95eE+FnRwncV35+t5cWpap72lPP96Spe9JbLrXyfnSjh2bEinh4r4HlPgRDm81AUfQ9n8qA7k/tdaUI8nUdH0nlwKJWHh1O5353M7c44HhxI5JHA3T2x3BcF3n0J3NwRLQ/F579GFH9F4ffpvpU83L2MhzuX8t3BOB4LZb/ZncSra+NYnz2H2vRFRM6dwqKwUJLioijJXCa/D7goPYnGyhp2btjLsYPnWNuyg7SkPCb5TcTdxQav/lb4jXNn+nQvps8awIyQwSyJ8qesMo5DR7bwyvVznDp1mo7V28hMq2HF0nLiVzSQldZCQV4dudlVFBY0sGlzD6dPf0HvmXu0tL9GTPIuFq1cS9iKeoIWphOyLJmpM0OZMmUKY8aMJGTOdIpKs1kQNY/Bo70ZOHok7j6+jApexIT5KXhNWsaQgCiiEoupaVpPbW0j1cWFFCXHUBi3jLXVZaxYuJgA/+m0dhyiovUI3hOjMXUbQ0RcJsviU8grzCM1M4mg2cF4jRmFxYDB6DoPRs9pMKZOQ7BzHYarsztDBjgzafwoxo0dja+/P2OnBDJ0whiGTxjBCP9hjPYdjv/oscwJDCVmfhT58SEsnz+AzJhxbG5ayY7WVNZXJtKUHc264hTe693Gn25f5NabG3mlK4m3dkzn9RpHLueb8WqJM9dL3blcJITlLrzd5MH1VbZcqbTmapUTr9Z68ma7L6frh3GqeSS7C13YnGnNsbrBnGgcwtZsa86v9WV/RT9ONA3nje1B3D0XzbNXYnjx+kp+/242N7oDOLfHkbsfjub+x778+O0c/nRrHs/e8eP6NgOur7fgs65ZvHaonnM7VnF9bx01FVXEJOQTOX8ZzTXNRMfkEJHeQtTSHDJXZmLrNBQ7z8HYD3Kl36ihePiOxWrgMOz+CQF4nrUOEc6mTDdWE9Bgsr4qs2yMifMdRoCtOZbCXmyiqIitrjaOFuaoiK74xT1d/AccBQGZIupqysLeq4COigxPOx0medswydOS1DnjqIkJpTEujHXC535TRgybU2PZm5XKztQEtqXEsCVlOesTFtMmlGlPDKchdg4tyQsoXDyFxeP742WoyoqgkeRHziBv4USWjXckbKgVi3wciRjtRtRYR7z1ZSwaq0JjqiuH1/izp34Ea/IGU7HCk4plY6iODSItYhwRswexLGQkiwKGsHyyL5FjhzHD3Z6JlnoE2eoTYKFBoKUaY/U0mWptzMIBLkQM9iJZ+PwlTZxA/KQJRE8cz2I/X5YE+DJxcD9G9bPH0UQHY1UZdoZKuFpo4u1iJqyDMYMcrZg+ehijHGzIXxxGZdQC6qMWsluY//GyIo4U5dMeFUmgqSlewjoOVddimI4BbsJZ46GhziAtTUabGDHeypRRpvoMM9RmmJE2Y6wMGGKgykBNYb3VZXioK"
36561 [Forwarding screenshot on session b1310904-d161-49ca-a1a6-530fba7baea8 to remote] DEBUG org.apache.http.wire  - http-outgoing-101 << "wrlFemvqcgQbRV8hHfY17uWkJCQkJCQkJD496KvH4UkJCQkJCQkJCQkJP4z+dcEYGNzlM1tULFyRMnCUS7+yjGxR8HYBpmOsfyeXmV1DVTkIvB/LQD3iYoYisKv+s/hXwRguWAgllEV8tS15QKworYhGoZWqOuYo6Guh6mBEZYG+i/dP4tWu4o/C8DKWkJdoZ6QpiG0o6eoiKGiaIGlSYCTGQsHWzO3nyl+llp4aMgwkQvBoiWw6BbaUhi7ATIFBbmYK6Io5KmIYxX66VMAVhAFYKHvn+8Slj/L3U2rYyC0H9xPi7N5XryVZ86XFaZcz9bhaokrPbmeHErz5Ej6YI4JnMzy4kyeOz1pZlzMt+LjxkFsC1XkneKhbAvRYWuECxuWeVM+ZxBB/Qyx1lBEV00BVXV1FEQraS0TFIS1EZFpmiHTsEZZ0xwzTUWm9lOlJsSMrjhbzmfaczHLhquFtrxRbcVbDfq826rBR62afFhjzVuFJryRr81rRVq8Xm3M2+s8+OpoMN+cWsC3Jxfxye6pvN0ymDcr7blRYsorJZb0Fg3k05P5fPf+Hn788iz33z3C/bf38+LDvTy+sYXbl9dz9+omvjm/mm9Ei9+z7dwSOd3Grd5mbvY2ceuEaNX7Uvy9c6KB28fFe3/rudfbyP2zrdw7I1r/1stFX5E7PTU8Ol3Hs3ONPOpdxeNTtTw/28Az0aVzbyXPT1bypKeMF70VfH+6Ui72Pj1WyIvjxTw5ks/jw7k8O1bAM9Hi93COEM/h6ZFsHh1KF+JZPDuazcPuVKGceGdvptzN88PuFB4fSuX+QdH6N4FHAg/3x8t5sC9Ozr29MX/HfTHctZxHe5bzbG80T3ZF8XD7Eu7vXM7tPYl8vCuT5vhAIqcOojhjJRVlRZSWl5KakcaK2ATiEzLJyKgiMbGSxYuzSUqoID+njramtezetpWt65qpq8ggJSGUqMWTmB/ix/xZgcwJnkrQxEAm+k5gzvTZFORksml9M7t3tbNlczWNbZXkVteSW9lBdslW0rJ3kJy8jeSETdRVd7N3xyW6Oy+wa+MRNrZ00lS9larq7RSWbyMtaw0xcXVERZQSGpLGzBnxREXlkpG9iiUrUgmev5AFK1eyOD6WwNmzGTZmBOHhsynPT6K+KJWGghRm+I1hwig/YlcWEBZRRnzuXpakbkfLVhh/Yg0z4qoYuzCbCVHZLEgpIa+6kZpVtZQXFRO3PJYpk2YxeswMxgYGM2TccJwHueLi6YbXQC+8Bw3GZ/BgRngPxNvTndEjBjNp0lhG+45g0sThJET4UJ8XwKZV89nXvoxTu3I5uj6TTy5u4+YrnTy40cmTjzp58ckWercs4GzTEN6rt+LTZju+aHXhowYnPmxw5LPVbry5ypR3myx5u9GCa5UmvFJlwY0GZ04XW3JO+J4cLzLnaIEZh/ON6Sk151ydPYdLjLnW4cHnXSP58sgIPtjvyVu7LLh92kn4bgjfpzP9uf32CH64N4efHiXD0zb4foNADT/cDufmW8N5/8xwPjmTwAdHiri+K4/j26o5vLuVrh3NbFrTQn5BFfEZ1cxbtJRhPj70GzSesVNnMGVeEN5+o3EYIorAE7HyHtXnGdAXw5QUmW1lQJCxNos9nJhorMNYQy38rE0ZaqKPvZoSBsJ+ayvEx44ejqaWGspqKqhoCHu8sD+qCnuWssrLf7wJCfZhxiR3xg0W2httQUSQO+F+tkROciZ9znDqYqfTkjiXDalR1EfNoSxsCkVhAeTP9aN44SQahbyqlTPoyFvK1qpkalLCWDhpMKFj+7F4yjAiJ3szb5QDc4c7MdnNkknOliyfOIxR1kosGGdK6GhN8pfbERWkQ5i/FtHTzFkZ5ELISAuWzxrEsrlDmB/gSZjfYKZ7uxPoZsdkR2vGmeowxcaAQGttAqw0meloSrCDGdPsLBhvpMdEKzN8zQwYYawn1LFnzshBLJkyluljBjHWy5lhbtbCvqyAraE6Iz0dmB0wCg97E2YG+DI3yB8fVzuyoxawZKIvKTOnsDUnna0ZyRSHzGSatSX+RkZ4C+esm3DG2QtnUD8Vdby0DXAWzh1H4Sx1Fs5kRy0tHHU1cdbXxE5LGQcdFbxM9Bhpa85oWzOGm+oxRDgTvfXVGKSr1Oe7lpCQkJCQkJCQ+Peirx+FJCQkJCQkJCQkJCT+M/mXBGCZoWgBbIOypej22QmZHGdkJo4omNgh0zX5WwFYReV/IACL4u9vBWDFnxEtgYV0VQ0UNHRQ1NJDVXQDrW+NkooWWuqaGGgJfYsCsCi+KgllRRRUUVRSQUlBAR0lGdbKMiY76tO8eCy9WVM5GT+cXaG2rA7Up3S8KXPcjHDUVEZdUU2YizlK6qIArCgXf1VVVeUirygC/1b4/QWZXDwWXU2LVsh/JQCraKKnIWPWQA0uFA3jk0oX3s3V450iE65lG3Mx3ZzzqdYCDpxKsBPGZcGZNDMu5ZnSm65DT5oRncsN2b7QlI75DqRNcSTA3RB7DUUMhDlpqyuhoqGForYxMm1TZFrmAmZyIVgeatuhqGePuY4aUxwVqJigTvdiPa6lGvNKrhE3auz4aKMnX+334ZujPtzpHsGXHYP4vNGVT+ts+LjOjI+aLfhkvTOf7hjMJzuH89EWb95tdeGdGnM+rDLmzVJjrpQ6cLp0NA8uVvPTx508eLOLB28d5varO7jzShv3rrZx58I6bp/v4BvRmvfcau6cfcndM0J4ulWghXtCeO9n69+XvLzjV37v76l67p6s4/bxGiFcxf0TQni8kocnq3kk8OB4OY97KnhysoJHx0p41lPM0+PFPDqSz7OjBTw/XiQXfJ8KPD+ax5ND2Tw+mMGzw1k8PZTJo4OpPOoW6EqRu3YW44+7Unl4MJmnR9J5cSxTLvyKPBEQ7/B9dCCeR/vj5DzcF/sr9/as6Jtdy3i0ZxlPRHZG8mjbYh7siOLmjhi+3JvNpswZTBlshu9gJ0b4eDNuYhCzwhOITashNb+FtIIWcso6KKjsoLB8DeXVQlhQS2x0Gisi40iLTac4u5jyvApqiupoLGujSSjbXLmOutIWijIKiF6ygBlBowie6kXE4pEkp8whKyuRnJxc6mra2LLhgEAX7c1bKS2qpSi/moy0EvKyGqmr3EPDqqOsajhLddM5qhtO0NB0mNVtB2lt2kZzvTCmokpSk9JYsmgJ02fMYtz4CfTzGoDnsAH4BYxi5kw/Fs0PYFGIP2MGuRAaNIXFYctJTq2jfdMrRGfsZ9zsWvSdgpkdW8ei3E3EVB8kub6LhWlNhEZkMD88hvlzIoR2oomJzmX5ylLCIgpZEF1OVEIxCVk5LE9Yxuy5U5g0cSSjhLUcNKA//Vwc8XC3ZMJED7KzZrIqawL7WsLp3RzH28fL+PRiIx+dr+HcrpWc3R7FJ+cLePB+O0+/3ssXl5p4c9dibqwbwfW2gVxrGcTlpoFcavTiSstATtc6c67JnbPN/eitc6Wnxo3Tq9y4WGnH9VVOXBS+I+eLnTmV78zZYjeu1Q3kfLULb6z34s6p0Tw668X9s6787nUv/vDmEP74wQR++mIqf7gfAs9j+dPzBvjxAvz0GvzxBH/6sYYXj5bx8KtQHtwI5+b5pXzUE8vb3XGc3x3Fgc2L6d5VxN6tjezbtZbV60uIjJ+Bq6c7HoP6MWqiN8P9hzNo7BgcvIfjNGJsn2dAXwwX9uZgaxMiBg1gU3I8TSuWkTxtCoMMDTES9mITZQU0RaFXSRFrW3E/FfZSca8S9lgFRRnqajJUhH1ZWSAxdiaJMZOJFj6LcZE+LAh2ZKSbNpMGGxE+0YL4kP7EBnswZ4gN0/ubC6E9kX4DiPDzYLFA/KyRxIeOIX1xABHThjNjbD8ChzviYCCjn7kaY9xN8Rfq+VjrM9bRilnDBjFv9BACPW1YMMGJ1vzpRE6zo7+5AjNGm1Ce5Et9ZjDZy/yZO9mJgFHmeFgqMVpox8fWBB9LY6b0E76fxvoM1lZhgKoyQ3WUmOPpwDQXa2YLeTPcHZgzyJ0J9mYM0FbGTVsRO2HOtsJZYCXs3QPtTLA30kJTWCtDDRVcrIwYPsCZfkL5IV6uGOkoY"
36561 [Forwarding screenshot on session b1310904-d161-49ca-a1a6-530fba7baea8 to remote] DEBUG org.apache.http.wire  - http-outgoing-101 << "2ukg6ORLmZC+2McrQkbOYxl43wpnBtK/qyZFMyazcJB3kQM9WGhtw9THfvhrqKDi5oOw63smTp8BJNHjWKAkyNG2pqY6GhhJqKhjolwVpkJZ5SDcD711zVguJnQrzCfvt61hISEhISEhITEvxd9/SgkISEhISEhISEhIfGfyb8oAJvLBWDR+lfR3OWl+GsmYOqEook9Mj1TuXXuXwRg1X9OABZFX/Ge378RgEXrX0WUVF4iWgErqqqjqKaJoqYuClpG6Ih9K2ujqKCElpoKSj8LwIrKqkJ5oW8FRdRVldBUkmGiKGOErgrrFvnwRmkIXbMs2DxciVNTNdg/VoFdk3RonWxLtLclnvoqaAttKovuoIU2f7H4FUNRCFZWfiny/hbx/mDxHmFR/JW7kxYFYWUtZKraaKrKmNxPl7NFo7iabsan5Va8nmvEtXRNXknR4LU0Y15NseZivAUXEk25nGVGb7oWF4vNOZxuwpblFmyN7k9WgB1OOsJ8hfZFV9Zqwrzl9yZr6AvvwEAIjV8KvxpGKGoYoKxliIK+DaoG1thqqTDTWsaqETKOzVHijSR13irS5qO1Dtw8MpaHV+fx+EYUj68t5vHhqTzYPYrbm/rzzToHvuyw5osOGz7usOOzdU583uHIZy02fLrKmE+qDLhRbsrZQhcu1ATx3fU2nr+zjc/Pb+Pua13cvLKZz06X8/Wpam6dWsNXxxv5+kSDEG+Vc/t0G7d7hbC3hVu9Tdw/08YdIbx7slEuAD843Sy/4/debx0PTtVzXwhF4feBKPj2VPH4ZBXPhLaf9IjunEv57kQ5z3tKeHwkn+fHCuU8PpTN0yO5PDuax6OuDJ50pfPsUAaPRcF3XzJPu1J5ejCFh52iJW8CD/bFy106PxTv9xV4IPCkK4WnoiB8MPkv6aK1b2eMwEru713xK/f2RHN39/I+ubNzKfd3LuPRTmGtd0TwZNtCHmxbzN2dQhtHijlet5SQETb0t9XD3sYUOycvTG19MbTzxXlwEP6zljEzIp6pC5YRviKZ5Ul55Je00r76IJs29LJ+9UnK8rdRlLWJ/LR15KS0kha/ihUROcQuzRDyqti1eQe9xw6zb/dGSgqSWBk5l7gl4axcEMrCmZOYM30MyyKDyctdyc6dG9jb2cnmrftpbu2kunYfxeV7Kak+SH7lbtLzWkjJKCI9I5XUxCiWLgxi5mQfAsYOZNTg/gz3GsS44eMYO2Ysk4Mn4OntjKm5Fi5ORoz26UdKwjJCZs1mxqwlLI4uo7z5DPWb3ie3/irm/ecwMjiByQvymLaogOBF+azM6qCw7gAlDV1klG4jKrGBxSuriYypJmJZE/PDmwiancLkOQuYvXQu0VkryakppaiymdKydorzKkmMDiNpxTjKs8dwZP0COmuDOdIaxgfH8/nx+RGefraG692RvH96Jc8/ruKzS3lcO5DG8Y5YtpdNYd+qseyuGMa+mhF01Y/mUNNYetZM5PyWGVzaPoure+bxxsFw3uxeyLvd87m+ehRvrRG++7VDuVgxlBO5nhzP7seRTHu6Moz4bO8w4Xsznp+uD+THV5z5wxsD+enNcfzpw2C4M5c/Pw7lxydL+fFpDT89PcmPj6/y04sz8MeN/PGP1fzp+zT+/K1Q5sv5fH1lBp8e8ePLU5O5fNCf3e2T2L82gu0NC1nbvoDd3ZnEx08jYOIARo1ywGOAFf28XLHv14/wlTF9ngF9EWBiyBgdLeZ79mdTVqawJtU0Z6YzzMkJc21tDDVV5XuymoayXPRV0VaWi8CqmkpoiKGyAsaGelhaGDF1ihfz5w4jSvxnhNjxrFjizbTxZoRMtCJssiULJ1uxNNiFEGG8gcJ4pw60YfowB3xdDBhgqsgQOy0ChzkS4j8YY1VlbHSVGWBrIP8HGQcTfQJ8PPAdYMNcPx+WTJnIgol+QnuBWKgrM9pdl8RFwwgaLYxjlCFlaWPoqAqhPHUSWTHjiV82hgGuqsJ8FBjgoIffYFfGe7oSOKg/oaOGMm/0YGZ6uzJ9sDORfsPwczAjdIgnc4d7MrW/HUED7BnvbMZIe2PsNRXlVrheohDt5Yy7lTF6wjlnqK6ErooS2sKauDvZ4OXlhraOCvra6mgoKaCvqoKOsJaGAr7OjqTOmkHm7FkkTZ5MxrRg8meFkjQhgPFm1nhpGuCmoUs/A2M8re1ws7HF3NAQHW1N9HX16O/Wj2EDBuFqbivMXxcLRW1slXVwUtHCWjjz+nrXEhISEhISEhIS/1709aOQhISEhISEhISEhMR/Jv+SAKxgbImKuT0qVs4oWbj+KgArCCiZOaCgZ4FMXRdldS1U1NT/5wKwXAT+iwCspKSI8s8i8EsrYCFdTWhXdAWtro+msS0K6nooq6qjoS70JRdqFVEQrXCFfpWUFVBXksmt0Fw0ZNQF2XExcQSnFjiwbbCMw8MV+WC2Hk/iPfhsmRvXlvTjyKLB1AQ4Emgqw1iop6KsjJaW1ss7fRUUUBP6/69cQMtRUkBJqPcXAVgYq5oeaioKjLDUoCttMG+WuPNOkSWvZBvzarYer6ZpygXg68lWXIyz5EKCGZeyTDmarE5Prj5bYnTYHOfCrvQJTHbURE9VGV0dTWF+orWzsCYaOsJ8hX6UdeR9iWuipKqDqpoWmpo6aOtp4e5ozmwvWzKHGNM8VInuKQrcSNbk4wZjbnd58fDqFF68E8V376fy7EYc312by9PTk7jXNZQ7u/tzZ5sr32605/N2az5ttuKTeis+XmXBhxWmvF1syNViS47muvFKeyTf3djInVfX8/HZbXx6diffXNjAzQtVfHOyknu9a/n2WBN3TjXzbU8Tt062yLktp1nu/vnB2Xbu9oqir+jiuUWOXAA+Wcv9nmru9VRx73gF946Wcu9IsdzS99GxQh525cite58cypGLvA8OpPHsSA7PDgvPB9N4KqQ9687g4f4kHu9P5plc/E3k0d54nh1IFNISeNAZy+MDLy15RWvdR/tF696XPDmYKLSRJA8f7ovj/h6xXBx3d/9F7L2za5mc2zuX/gOWc3vHMu5vj5Bb/8oF4C0L+WbTEr7Zk8a5lhhSQ4Yzy28Q48X7dAcNx9VjDPZuo7D3GIWpkxcGDv2wHejDIL8ghk+ai+/UpfgFJTBlVi4hYZWkZmyjrKKLmlVdVFTtoqJmM9W1G4XndZSVtZKWUsHK5YWkJdXRUneA7ZvP0952gLr6DipXlVFcnkRK5gKilk1nWpBorRtO4opkSnLKaKtrZlPHahraq6lrL2dVYyG1dVnUr0qlumgllbnLyFgZSmToBGYFjGTi6EGMGuKBs4Ml+obaWFgaYW5pyMDBbsxbEMKEKQH4TQ5myNhpjAlaTtuO10go7mJF3gEM3aawKL6cqvqtFBY2k5pSzdzwPCaFFDF6bg2TV2wgqvgQiZXdpBRtJqtgDXl5TaTllhCTk8W8lCQCl6bgv6CYwHlN+AWUMH9WHpnLVtKSO4fGtEF0Vk+gu34Sr3UK7+BiMtd2z+V65xLObY3gdeEz9PGZct48msX5PZGc37uAw6uDOdoSwvGWGfS0TeFw03i66nw52jSRI/WT6aoO4GDNRA7V+nO4wVdgNEfrx3OicRJHakbTU+vDsWoPTlTb8/o6N15ba8lH2yy4e8KZ78448scrrvz+9aH89Mk0/vhVKH+6N50fHo3j+2f+/PS7CH56Uc0PT1YLtAnPFfz4u0J+epYCj0P44Ztx/PD1RP78YSBPLo3gy1PDeP/oOF7ZOYnLG6dzYM1U6itGU5I6li1N0VTnhRG9eAJLwgIJmzeddRs7+jwD+mLFyJF4a2gww82NooULqYiNJXrWLFwsLBjk7oaFiZGwP8nQ0BH2dTUZilrC/qgu7I1qimhpqKKvo4X3QDcCJg1nzpzxTJk6kKAgD+FzOZ64aF8i5g0QPkP9CBf27cXB9iQsGMaymaMI9RuMj6MxQ+yFz5CNPk6GqnhY6dHf1ghvV1uMNNRxsTSmn70FloZ6DHB2IGCMN6M87QgY0Z9pY4cJ360RzAv0ZdxAO8Z7m+I3VIc5UyyIW+JBfvIochJGkBDhRWbCWDLSAxnobYi5uTquzoaMH"
36561 [Forwarding screenshot on session b1310904-d161-49ca-a1a6-530fba7baea8 to remote] DEBUG org.apache.http.wire  - http-outgoing-101 << "enJsAEueNgJ83SyYoCtCcNczJjh60XYpBF4Wxkwytma8e42jHYwxN/dHD93CwIGOjJSKDfc0YwRrtbY6qriYqqPqaaqsKcroaWogLawp9tYmODsao+RmbCPi1bU6kqY6GujJaylvqKMfqbGTBrgwZLx40gOCiJn1mxW+I4lavgI/M0t8VTVpJ9wFnsZGeNiZISBqor8egQt4Yw0NTbG2d4RdztnnMxshP6tGWjhzGh7T3ztXBlpYft371lCQkJCQkJCQuLfj75+FJKQkJCQkJCQkJCQ+M/kXxOAjSxQNrdD1dpVoB9KVv1QFEJFC1ch3QkF/b8SgFXVUfqfCsDiPb+/CsCi62UFuQAsIloDi1bAoitoBTVNZJqGKOlbye+8VVbVQEVFGSVFUZgVUBJdMQv1VF5ayVpoKxPmY8bZxKGcC7dkt48SR31kvBGozjehJnLuLLHn6ygn3olw5MICazr8NZlorY6KXIQW2lZ6eQ/wL66g+0bs+6X4K7qjFsXolwKwPmqqirjryKicZsYnDcO5km7I9XwruQvmq+k6XE0x4UqSDWdjrDi50pjjCdr0ZGhzJNeQfVk2nGsOpnSOB/ZC+7pqyoh3EyurCePT0BL6FNZbtJ5WENZHQRlFARVFZXSEPBszI7ydtFgyzpL60KFsme7FxtH6dE5R51qGOR9vdOPRpfE8ezuY3723hD+8m8Dvb8Tw7M05PL4+mXunR3H/yBDu7vXgq3W2fNFsycfVZrxbYipgyTslVrxeYEVvthWbV9rQGjWMzTnTacuaysaSlWwtS+Dq9mJuX6jk6+Ol3DnWwdfdddw+0cC3xxu4eUIUfZv/RgC+e6pFLgDf6xVdP7+0BBbdPj86VceDE1U8FHh0opL7R0t4cLiQR0cLeNidzYODmTzpzuTR/lQedibx+IBorZsmt/IVnx/tT+GpGN8bz5P9STw7kMyTznge7YnlqSjwdoqum2OEerFCWfG+3hVyMfjxAVH8TZCLv8+6k3l+KEUuCN/fK5aL454o/u5aJke07pWzYym3tkf2wVJu7ojm221Cma1LeLB1EY+3LuDB5nDubovi5p5UzjYtIyd8NLFhASStWEzEknmEz59JSMgMpgQFMcZ/MoPHBOIxcirWAyZi1m8Sxm6TMes/HfuhYfQbE4HvjFj8Z8fgP2slMxZlEJNVT0peO2n5HeQUbaK4bBeraruprTtCafEecnLWU1TSQWn5aoEmyirrqalrprl1DW1t6ygvW0Vmei4pScnExSwjMmI+S5bMZWnEPJYtCSF60TRiFkxiyQwf+V2pgcMdGDXAFk8nIxysNLGz0sXKwggXJxdcnF2xsLLC2aMfQ8eOZXTgVKw8vDFz98EnKIqwpHry205SuPoUtsNmMn1pLgUNeyis3UtxXTeVLWcobjhLQvEhojJ3sDhlLXNXVDEnKpclcRVEpzSyNGUVMXnNJJatJ7lsN2llR0hIP0BS4layEhpIWrKE0oRgSlYMZH/1JA7X+XOybSLnNgRwdVcwF7ZP580jSwVieP1wAt9cr+SdU1m8IsRP71jJ0bUrONYRTc/65RxpW8T+hlAO1IeyvXQq24oC2Fzgz6a88WzKH8OGgrF0FAfSURpEe54fG4vGs7XQh91FXhyr7s/hQmNea7Hk/Q4jvt5qwI9nXPju9aH8eGs2PF3K7x+G8uSOL0/uj+b5w2C+uxfHD/ez+MOTHP70Ipk/Pk/jj89S+OOTBfB9EH+458OPH/jCe4H84YYfT8/78E3XCN7e4E9vix8HmyfRkTOa1ix/ilaMInnhCLKip1GStpS9m9v6PAP6oj4iguH6+kywtWX6wIGMcnLGUlsbDUVFjPT00NLSkO+HottnTUMNdM200DXVwtBEH20NTUwNDdHVUsfQQBtHJytc3KwZNtyVRQvHETZ3KOEhXiyd782CYHcWBjkzZ6IzE4c74zfEAxOhTXMtNdytTLA31sPGUBdrAz10hfPGSFMLSyMj+jk5MtTLk9HDhjB8YD8cLHTwdDUT4vYMG+DEiIHO+I+0J3iiE6FBDsQt9WbZIjfCZlkSvdCVqPmOLF3swYqE0UwOccdloA52rnq49bfBwdESK0sTDPQ0UVdRwNxIjZFDnBg71A0vR3OcTHRwM9VmhPD593HQZ4zQb4jvIELHeePbzx53U12GOFgyzMUOJ2GPttDVRkdYNwN1NQx1tNDT10JdR1U4U1/ek6wmiubCGaKjrICecL7YaKgzztmZ8FGjWOHvT/yEiYS4uTNYOBPchXYGC21MG+DB9GHeDHWwEfowxtbYUC4wq8sUMFTTwN3cltH9BhEweBQzho8ndPgY5g0f0ee7lpCQkJCQkJCQ+Pfitz8I/f+a19oIdgym7bU+8v5f0J2Oo2M63X3l/bvzbzW3btIdHUnv7ivvf053uiOO6d195r3kNdqCHQlue62PPAkJCQkJCQmJ/3/yr7mA1jdFycQGdWtX1G37o27vhbrDIJQs3VEyd0HBwEruglhRQxtlNQ0URZFUTRRqRQFYFHiVBcT7cJXklr1/K/6KAvEvFsBiKD6Lbpx/sQAWQhXhWbTAFcsK5RRUNVHWMUFByxiZmrZcZBbvlFQQyol3B4tWsYoyBbSENBMFGeOd9NiTHsSFSEeOjVfmsI+M92eb8vF0A74NNePbWSbcDTPn6zkGfDJXm5vRJnyRYEdriAsDLDTldzSKooaSouj6WXQBrYmCTBiX0Ifo4lQUfmVCX3JEwUMIRRFYFIVlQlmZmi7qmmpyN9RB1krsXunAW7VDOJ1tx+lMU04nG3A2yZZLaQM4lziAnpXW9CaZcLnInAvl1pys9qKrahKh3hbYaMhQU1J4KXLL11MMFeVzV1FVQkNFAV1lGZaaKgy1tSB0xAAS/S0oHK9K9Rgd1vlZscnPkk1TjDmUaM9bW3x4eH0Gz96exQ9vhvDnG4v50xvhPHlzGo/eCOTehXHcPurDp1v6cb3KjJ5kNbk4fSLJmNPp9pxIsacz2oKGEHWKg3VZOkyfyLFmLJpgwbIpg1kxdQg7yyO5dX4VXx+r4M6xNXzTVcvdY/V8dXgV3xyp5dujddwUnm8eq+PbY7V8faSGW0J4+9gqbh6u4pvuCm4dqZDf8Xv/SAkPBUSr33tdOdw7mPVS/D2QxsOD6TwV/qB50JnA/T3xPOtK5cnBFJ4JyAVfIfyuO42nojvnfQk8P5jEk844Hu5ZKaTFCfEYHnaKoq8Q7hNdOUfzaL8o8r60Cn6JKAQnCnkrubMrWigvlN2zgge7o+Xc37X8V25vi+yDKG5tX863W5dya8ti7v8sAN/fNJ9vNyzg250JvL4+gfKocUQIazdz4jBGD7Vn0ZwRJMXOJmb5AlKS00jPqmTukiyGT4hgyMQoBgt4TojEeUw41sNnYuQ5GvvRE3H2nYbTyBkM9F+Ez6RofANimTE3h+WxDSRnriY1fy15ldsoa9hJVd0WmloPsG79GTpWn6W8tJOkxGbSMxooKW+htnktda2rqW5qpqapnYb6bTTW7KS+XEgvqae+qJjKjASKEhazYl4gswNHMMHXk8HeTngMdMbRxQlbWxesrJyxshVwdMHEwQl9W0fcR45ndHA4QRHpBC8tZNy8bBYJ4zPymkRYViMVO66yrOwgUfkHiC8+RHrRfkqr9lFTu4vq2u3C2PZQ2bKXzMq9LE7extRF9UyZV87MBZWER9SwdFk9WaI77NQWKgubKMnNo74qm7ykGZREebA9fwSHaidysi2Ai5sD6d0wiou7/LjePZ0Pz8Xw47cbeOVQNntboziwPplt7UlsaExga2sGO1qz2FyXyIbq5WyqWszW6gVsrpzLuuLZtOfNpCl3JiXpkynKmEpuwkTKk4OoTZ5Me4o/G5OHsyXOnjMljny23p2v1ptxd7sRD8/34+k3QfBDMj8+WMyTb/x5cnM0j7+ewHc3w/nxbiQ/3V/I93dCef7VHJ59Hs6d9ybx6LPhvPjMne9eHSJ8X7x5eLif8Ee+Iz+d9OFJz1zeXh/IycZx7Cj0YV3uOJozAqiMD6Q4djqrspaypianzzOgLzYlJTDD2ZFxVpYMNTcT9jdF+V6pJez7KuLe/vN+q"
36561 [Forwarding screenshot on session b1310904-d161-49ca-a1a6-530fba7baea8 to remote] DEBUG org.apache.http.wire  - http-outgoing-101 << "KarhoG5HibWBljYGmNvb4u1qTXmhuboa+mhpiqUFfZLLR1lNLRUGORlyYB+BgwdYEjASBsmDjUnwNsE3/5GOJlqYWOkj7rQj66w15tq62Cqo4eBpja6wllgZmCKq70rpvom6GnpYmlujteA/nj1d0VbQxFdTWUszdTw6mdMgL87K4TvWWriJBJiRlFRMp1lER4E+Gky0lud4V7qhM91Yc7iAUye3x+XIYaoGymgoineY6yCpp4WKhoqwnkkQ1NL2HMttYV+bBg+2BV3e3MGO1kwy3cg/gNs8BOY5zeUacP746qvLuzjwjytzRjuYoe7pRn2RgaYaWtha2qMo40VGvJ2hX1eRSacp4ryvV1V2ONVFcVzTQF9Ya0thXO2v54u421tCPUcQIC1FR7CmeMmrOVIQ11CBw0gbNQwZg4fxOTBAxjb3w1nYe3M1VXRF8oZCu/ITF0DB11DvMysGWJmyXBTkz7ftYSEhISEhISExL8Xff0o1Dcvxa6+BLHX2oL/SbHwfyjY/VMC8M/j/V8QBn/lNyLpP78O/4i+1+j/bh//gP9XArC835fv7Rf+z+/v/44A/Nu1lQRgCQkJCQkJif9E/iUBWMXIAkUDc5RN7eUWwIrW/VG08ULVwRtVOy8UxfuAdc2QqekgU9USQg0hVBVQQSbe3yv+gK32EkUlURQVRUtR/BUFX6Gs3PWzstxqVxQ2f0W8z1fp53JyhLKiRa2yLhoaxuhoGgt1hHxVJaFPAVFAVtdHQaaNgYIm1jIZE/QVWTPDkevxQzgdYMx+DwU+mm3NvUgXPp9tzNchRtyca8ztcGPuLDbh5mIjPg/T5Z05mnyUMZimqcYMV1XATC4C66CobIFMZoiaoi56wrhVhXRFUejQEOakKc5XnJ9MLkiLdwEriPcCKwpzU1RER1sVPSUZo2xkbEofzbm6QI5ku3Emvz/ni/xon+VMorMSMRYytgZr8GmVO2dE6+Dm4bTljGSIpz6aOspya2JlFWG+QlsyVbFvoQ89oQ9NGTrqigQOsCQ7cCjFvu6sCfRi1wx7ds/Qo2OCFq3j9Ng+tz8NQTbk+GnTVeTNZ4dm8fDCbJ5fDuSna/78dHUcL6768fTSJG4eH89rHZ7sSjGkJlSJFF8ZSWMVSZ2gS9pkMxIDLFjma0iIqwoR3gYsHe3AvBHWhPk5sCCgH/MnOLOxPIJbV9fzZU89j0518OBII3cO1XCvp467J+r4uruCrw+Vcfd4DXePVvFtVzF3j5Rz93A59w+X8ehYJQ+PlPHkcBFPD+XzpDuXRwezedSVKZDOw4OpPDiQxIODSdwTLXJFS165y+Z4HnfG8GjPCp7ui+XJ3jju71ohF2xFMVe8u/f+3hj5Pb5i+fv7YoRwJU8PxMh5vG8FT4Tn511x8udHndE8E62B963k/u5l3Nu5TAiX/sqDPcvkZcT4nR0R3NsVxd2dkfL47e1LuLVtMTe3LObW5ihub1rK3U1LuLdpoUA4dzeH860Qv7krnve2xNMQNZLGxGlsKY9hbVUskXOHMdLTkvnBgSyZu5j5syMozF/FmvXbyS+vYWroAob7zWTqvGQC5mQyelYy3sGx9JsQiaX3TIzc/PEYOgX/iaGM853CsKHjGDp6KsMmL8R3YRYzk9pYUdRFculxkgsOkZHXRWPzBbq7PmTvnutUVm4hLqGUlckFJOaUEZtdQ3rFIRIKTxCfd5iM4sOUVh2iunInlUWtBE8IZsSQYXgM6I+xnTUaNlbo2jtg5uSBhb0r+sZmqGtr4jnQgwmT/Jk0dRoTp84lPquOPSc/ISC8HA//BIwGTcHZfy4LMppo3HGVPSc+Zf32q+SXbiE5vYHkjAYyC9eRU7mHnNojFDcep23jBfYcvMHWXRepqdtJQmINC+ZnMy80m9CQXELnFxAeWcyi2DJWJKUK67uQltQhdNVN52R7MK/smEFvx1Cu7PTjze653Hu9mrdPlLBvzTI6NyyjoXYRta1pVLXkUt5YQEVdIbUNxbS3FLOxOYfNDSlsqo1jQ00s62vj2VAfz5418WxrWUFHzVIaioT6mTOpS/ajOW4gHdGWdGUYc73ajPca9fhygyFfdNtz750J8FMRP305h8fvuPH8E0f+fNeH333ty5Mvh/Li9lB+vD+RH76dyu8/n8afPp3AH94dzu9e68/vLg3iTxeG8edLPvz5dT9+POLF/T1DOVZsxtnVwyldrkthTH9yYyaSEhlIclQwDWVpbFtf2+cZ0Bd1C+czw9kBf+HdzvAezEgXF7wcnbA2t0BHTx9lTdGrg9LPQqYCKlpKGBhrY2xoiJ7owl/Yyy3NrLGzsUdTUwPf8SNwcDLHzlaPQf0tGDdcaHuILYNs1fFx1GLCYGs8bMywMjJAX10dQ00tNJTU0BHvWFfWQls4f0yFc8rWygFDfROMRBFYFIcN9HF2tsXSUg9rK20GDrTAb7wT48dZMyXAVggNWBDmjv94M/q5KjNnpjXBgcYM9VIgdsUwJs+2Z1bkMHwCXdA2F88ZYc8V5qOopYaChng+Cfu8gImFFjY2BugKe7SFoRbDPewYP9ABLyHd3VCZSQOdBJwxE84F8S5fazUVPK1McTczwdHYUC4AWwljNTfUE/Z38dx4KaDLlIX1U1YS0pRRFc5JdVEEFuqLbRgLWAlni6eaKsN1tBgg5PUXzlx/SyNCvdyYPdCd6QJBwvdsjJMdkzz7M8bNhYFWlthqaQnnpHAuyRTkgrCpgIVAX+9aQkJCQkJCQkLi34u+fhTqm38zAfjnssH/xZj/r/C/KpL+71i1/rf5fyQAi6Lr38z5Z0H4H6/D/85aSQKwhISEhISExH8i/5IArG5shpKhKSpmNqhau6Ng5Y7MagBKdoNRthuEiigIG9sjk1vkivfQaiHT0ESmribEX4qioitQURRVUpahqCyKpD8LtqIALLp+Fu/tFa18lRRRVHzJSwFYWUBVSBdRQ0FZXQg1UFFUQ0OoJ7qFlqkK7Yj9qWjJ779VVdTAVKbAWF1lVvlac3HpIA75abPHTZF3pprxeagNbwdo80GQNl+G6PNFiBZfz9Pl1kJDbi0x4dvFxnyx0IgboRq8tdyBdVOsGa+niomCMmrKostlfRQUNFFUUERZGLOyKHKIorYoeovjkYvXL62AxfuAZaIraGHsimoacgs3AzUZbvoyZnmpkRxsz4Ix+viYyfBSVyDYSpcwS2UKvRW5mGrBjTI7ztcMpC55GDYWymgYaKAkusEW5i9aTysIfasI9TQ1ZAywN2byAD3iR5lRMsqQmkHKtAms8VFk9XhVtsyyYtM8d3LGGDHPSYUQV0WWjtSkNdaV4/U+vLnDl08OjOCD3YN5c+sITjd6sSXdmpJQbaJHKzBngDBmDxWCPbSY3E8PPzd9RjrqMNRaHT8HXWb0N2XeCCfmjnFixigbgkZaMGucDW2FYXx8qp0PD6/i7olmHh1v4tGxBr7pLufr7lK+3F/EN13F3D5SLhd/b3eXcE+I3ztUwt2uIu51F3PnQD6PDubypCuHJwcyeXwgg0cH0gRSeXggmQf7E3l4MIH7ogAsCrQHYuUC8FMh/mTvCp7vj5WLwKL4+2ivkCbkPRTS7ncKHIjngVD3gfzu3xi56PuLAPyLCCyGorj7S1wUeUWB9xfxV4z/8iyKvje3LpKLvre3/Sz8Cs/fyu/5XcitTZHc3SiU37hEYIFcAL6zOVwoG8HnW5ZyoyOKLWmTaEkIpGDRWNIWjKMgIZTmslQKk1cSu3gRKxYtYdHceYTMmM7ChQvILyymalUbianlRMWUsCC+nKCoTCbMXYn/rAj8gsMImLGQ8VPn4+0bjNeo6QyfuIBhkxbTb1QIDt4huI2IZMTkNCaHlTJ76SrC45uJSl1NdEYHhbUHaV5/jsa1p1nVcoxVrb2klx8mveoE2atOkFN1iOySHRQUrqa2vJWQwBkM7eeJVz8v+nkOw9pjOEZOA9Ews0NF1wBtEyPsnW2YOMmX2TMmy+ewLDqZuYtSyavZT9uu98hvPofLyFD6jZ2Bd8A8vPzmMHJKBAvjqsit2k1dxxlqV5+ioHq/QCf5NTvJKWijKL9OoImCgjVUCemta8+yd"
36561 [Forwarding screenshot on session b1310904-d161-49ca-a1a6-530fba7baea8 to remote] DEBUG org.apache.http.wire  - http-outgoing-101 << "ssrNHacpaS+i9SizaxIayUibhWR0VlkRk+jNsGPxsRxnGybx0dHo7i8dSyvdwZwuMWXL85XcmxDCjtbY9m1PoadG7PYuKaSjrZVtK2uo7W9nubmKpprC2iryaSjOp311ZmsrcqjvaqItsoC1pQnsK4slo7KZNYKeVtqM9hbn8CJ5gh6KydxusCdS/nmvFpqwAcNZny824Unb8+AH1bx0wfzePGGG797x5bff+TKn2+O5qdvvfjxTj9+96U3j94exINrntw/bc+DEzbcP2rNvS5rHuyz5vFuKx5sMePRdkc+X+/ClWZ3Tq8exZbqEcI4ZpG0dAIxiycTFT6Z3LTlnDrR2ecZICEhISEhISEhISHx70NfPwr1zT8pAP/GkvMvItnP7fxV3t/UlQu3f5X31/39EwKwfEzBbbwmH8dv6/xFuJOLfH319auo+Lfj/Rux7zci6a99/pL/a5m/6uPX/Jft/03er/3/12vUVx8v1/8vZf9GCP11zf62v/+jaPnL3H7zPv6+7b/k9dnub+f/28/J/5G/vKu+80V+eVf/YI6/eVdyfvN5+u3a9iUA/3at++7nr/P/ts+Xn7d/dg0kJCQkJCQkJP7v8S8JwBomJigbGqNsaoWqpRMK5s7IzN2QmbmhYNkPNWsP1CxcUTGyQUnPHAUtA2TqWgLqyNRES2AluRtLJRWFXwVguWCqovxSBBate5WEcqI1rygEK/4iBAvlhVBZSQEVIS66vxRDFeFZTU0JDT1RPBbri26WhT6VtIQ8FYyEOr5mqlRMdqUrfBAHAs3Z4KbA9UnGfBZiw3tBhnw205ivQoz4arYuX4dq8+08PW4vNOBOhAm3I025KYRfLzTiwzATri12Ym2QA7Mc1LASxq0uCtji2DWFOapoCuPVQFFBAwWZMAdRmFVUlgu/onWw/C5gmTAnVV1kQhnRollDWA9jdRkWqjJ0VYRyajK5G1Rtoe4IB0fme5lTMFGf3ixXbtR5cblxJGXLBmFlIENdU1gPVU1hbUTrYyXM1dXwNtUj0NaQld5WJHhqkTdImZphCrSNkLHZX42tM81ZE+JIpo8OC11UmNdPnbmDDAny0GeElYwJboqEDFcncbouZZEmVEeZkzvHnJUTdQkZrESAswITHNWY6Cz042HJeDcrhtmb4m6qjb2+KvYGKvQ3UcHfw4Rpw+2YONicgKGmzPS1IXS8DdXJQby2v4K3Okv59EA5nwnhZ3sK+WJfoRDm87nANweL5OLvF515fLO/gNvdxdzqKuTmwXwhXsQtIbx3QHT1nMn9/Rk/kyZ3/Xx/fzL3DyTycH+i3Jr3fudKHuyP4cmBOJ6KYWcMLw4m8PzAS4vgJ/tiedqVwCPhWbT8fXgwkUfdSTwS0h7ueyn+PjsolPlZBBaF30edy38Oo3m4d/nfiL4iopXvL4hi79ebwuXhr8Lv5gUv2bSAmxuXcGuDUHbDIu5tCBfC+dzeGCbkL5QLwOfr5pIV5ETKdE9KlwZQn76YqvQoUiOmkxk9m6rcaKrzEyhMj6e2rIyslEwWhUUyc8Z8woQwOiaZpckZrEzPIquwkKLSEpLTswlZEov/vAT8FxcyNbqG4IgSgkITCJkZyZyZixk7bib9vSdh4zEOy0GB2PvOxyVwOV4z0hgdVsbkiAZmL20nOmkXeSVHKa7aR2ntTopqt5FbvprcknoqqmooL8wlLDiQoLEjGTVwMI42bujo2KOiY4NMwxBlHX25AGznZEPg5PHErIwgJGQ2AVNCWBSdR8fOV0gpO8SK3D04D54uzKWEmrW7yahZzYzl6YyYvhIv/xV4T0xi8pwSFkbXEp1QRXZhPW1tG9i6fidrmndRXbWX4vIj5JQfJbloP1k1+8mr20Vp807qV3fS2nGAjtW72bt+DTsaCmnKWEhHbjD7av34+kIEr+7x49RaP+5eq2Vn9WI2VUbRVBDCvsY0DtWVs39VFbsb6tjZ1siO1Q1sb69mR0vpS5oq2VRfy+rqBlor6mgvzWd1SQ6txfm0FBeyuiiXTYVJ7C1YRFfmRI4m9edcqg1v5FvzfoUN73S48uBaCLxYzY/vLOXRBQ8eX7Tj9zc8+f07w/nxY0/+/FU/fvpoAE+vu/LkgiMPeix43GPF0+M2PDlsw6N9ljzcYc69jebcXmfP5+u8OFLozLZcb05siGJL41JqCpYQFzGV5YumkRYfQW11fp9ngISEhISEhISEhITEvw99/SjUNz+Lkv8dAVgugv216PpSmPuLUPaLYPdL/s/8ncD7mz7/Lv+/4mW9l+3/tu+/5IsC3V/G0PcY/2YePwuev9b5jaj4d+Ls362DKAD+Ul5o/2+E3L77/+0a/baPv1v7347x5+d//H764Bch8//U119/Hvrs+2/7Edv47Zz+Mb9dl7745V39g3X4zbv6S5m/jO+3a/tbAfjv5v9bcfq/MV9JAJaQkJCQkJD4f82/JgCbGqJspI+yqRmqFnbITO0FHJEZOwmhC0rmbqiauaJu6oSmqQMqhpbIdEQRWPulwKuqgpKGmvy+RFH8VVJS+FkEVn5pMfurACxa0AppcmtgoYxoRav0ElUBdeFZ42eUVGUoaImWxGJ9PaFtc9QUNNFXkDHUUEbhZGt6Ekawd6oFHe4K9IzU480pxrwXZMBbkzT5MEiHt/wV+Xy6Jl+LFsBzNPlmnjbfLtDj28UG3FxsyO1FRtyNMOeDefrciLLlWKQzsYOVGWwkQ09NdPspumHWQqagi0ymjZKCjhBqvbwnWKaEmkwBVZkiSjJhjApaKKoKa6KsI+SroKWuhJay0I6WEto6SigIZdVlyoz1cCN8hC3pEw3pzvHibPVQbuxcTESQLVbmaiipK8rXwlRTmKeZCvPcTEgdaE2plyUtw2xoGWxCw2BdmkYZ0uxnQtlobRKGqDLJVIXJNsrM9NQjdIQdoWM9GGiri42eDAdhPu7mCgyxU2K0izJjnJQZ5aTJUBsNPC00GGCmg5elMYNsrfGwssTNwgyhxPsHAAD/9ElEQVQbQ32MtVUFlLEyVsfDQZ/hHsb8f+y9dXyVV76ov+Oyd7bE3QgkIe4Q3N01JMRIggQIGhKiECC4u7u7O6XUdTqdtjNTdyQKdO49V37Pb6030FImnek5Pffcz/S+fzyfpe96Ze/s3e6H73d1ivWkZ5IPvRI96BljIrWrHzsrx/D2sSrePzafD49W8ucjFXy4v5jPj5bz2eFSvhDlV8fL+eJYGZ8cLubLE2V8e6aSb06XK3x3tpJvT5dx91QJ908Wce9EIXdPzObe8ZncPzFLlNMEU5oEsIzoPSL38G3at1fu7Ssjfx+fmsrDk1Oa5O+JyTSenkrdycnUnsyn7tRk6k9PEaXgxEQl5fPjM1OUUkb8PuWp/JWpnqX0lZG+knv75d6+GXy7e6zC17tS+XJ7yo/tb3alPcNYvtou2CbGtqbw/dZRfLttON9sG8GXO1P57shk3t0+gdn9Ahmd6Ea3ED0xnlo6t/Zlelovls4ZzYLZQ6kuHsOaBdMpnTZZUMS6JevZs3k3C+eVMmVSFuMyskgbPY7+fUfSpdsQhqdNpmLFLtbuv0jVpsOMn1vNiHH5jBibTkZWGlnjskgfN4lxk+aQMamcAWPmkNArn6C22bhFjcUpQhCdhltiOn4dcgjqkkV871S6DBnHgKwiRk1ZStrUVaROqhbnmkFkdAfc3b3Q6m2xNVqJv1Xxd2BywNrFE52bF65+vgSFtiA2LozuPTrRo2cvpkwvITV3Lun5y1mz/13KN9wW5+zLpEXbKFy6j9nzd3L87LucPvcWa9cfZMLkEvoOzaT38PG06zeehL4FdBxcSLdBM8gtWMb8JTtZt+kIm7ccYd3aQ6xbc5IlS45RXrWfonm7mTl/O9Pnb6F82SFWrD3GulVbKZ4yhs0L+7OswIW9ZW68tCWZhy+W8P7ufM5XDWVnQRJHSvpwen46Z5dM58iyMnYuXsjmxcvYvGw1u1evYc/qpexds5C9a6vYs3E+ezct4PCWag5sWMyOVYvYtKSSDfML2VaWx4l5KVyq6MbLFTG8vyCYvy704d0yHS8sdOatg535n+8t4H+9NY3Gm+34/lxLHt6Mo"
36561 [Forwarding screenshot on session b1310904-d161-49ca-a1a6-530fba7baea8 to remote] DEBUG org.apache.http.wire  - http-outgoing-101 << "+FGAo9eDeN/vdeS//GG6LvhQ+NFT+4fd+LBMRfxN+DC/UMu3NvjyN3tjtTs8uGrTYF8tD6ePZMCWJgWwpn101hWnMKWFdPYumouiyqmUlkynQ1rlzT7HaCioqKioqKioqKi8q9Dcz8KNc9P0rR5fpJavxg5+aNca15uyuP+TvQ9K+6aEWzN8pzse17s/Z24a3beL1/jj/f2D8/T/Dn+EcrxPz635s//a87xs2ts9pk1v/bP+BXCtDl+9ho2t8a/E+V+/+lr/u9/rRT+XQK4uXM89/z/E+5XRUVFRUVFReX/NL8tBbSLHktHHZYuTli5e2Hm4o3GRUrgFphJAewShIVjIFamAGwdA7B28cPcxQuN3gWNrdwXWO4FaaVEzcrIX7kPsJTAFhYWCjLNc1P0r5TATQJYo6SDlqK4KW20peCpBLYRdTMbDRopgK2tsbIxoLVwwKTREG2wpKSnD8fGtWZ/PwO7E8w4lWjHm729eL2LHX8Z5MRfB5r4ZKCRzwbp+GSALX/tb8nHAyz4dLA1nw+348sUB75JM/LNWCOfp+i4m+XIZ+l6PhrnzpuTw1nZ243+Afa4iuuwEddtZWNsksBWTqIU92tmj4VGXJfGQonStdRYYWZmJ/p14r7EuLmsi2dhZoaluTkWorQT92uytKRTiC+j450p7KnnckUc723pzfv70+kVao6/QYOjlYauIQ4MCbUnu7UDRWFGFocaWdNKz5oW9mxL8GRde1+W92nF8pR4pvYKoo+YO6qtN4Pb+DAgOZB+HUJp5avHpDNHr7XEyWCHm0mHu1GLh94ODwcbPI3WeJrsBLJfj4uDnO8g5hpw1Gsx6W1xdrTBx0tHq5ZOxMZ4ExvpQrtYTzrHutOptZ6J/SPYXZHGi9vm8MHR+fzpQCkfHizh85NVfHliPl8eq1Dk79cn5ikC+MvjZXxzeh73Ly7iwZXF3L1Yxbfn5/HNBTF+pozvz5Vz/3wp987O5e6pIu6dLGzi+AzuHpPRv1O5f2Qy9w9PUkRw/TG5X2++EgEs5e9TAdx48okAlimfT0yiTore02Ku3Ov35CRF/D4S7ad7/8po4Kf1miM/yd/v9zeld767L/OJ6E19InlT+WrHmCft50njy21j+HJrCt9sGcm3W4bx3ZahfL11mBIh/NG2DF5Zl83OOYPYWDyGirzBFIzpQ3qvtvSN96ZjazsGtjORNyKGWTl9WTR7MmvmVbGqYhHzZs1iYclU1i0tYtX8chaVLKCkaAEzCheSN6WMAcMz6NKjLyNGjqBw9jQWLJrHvKXVzJxfxaS5C5heto6ZZZuYVriWiQUrmDh1FfkzNjBp9hbGTF5Ft7HlhA+aSmDf8QT0G0/LzqkEJI3AIy4Ft8QcnONz0IWOwNKrI2YOgYrstfM04hAg3vPu5tj7mXAMbImjTwAObm44ujvRopUf/Qf1ZvacIsZkTGBk1mwKyncyNHclGYW7CeyYxoSqbVSsO8P85Sepqj5CWekmVq/ay+GjFzl26jqrt51k5oI9jJm6nr7pC+gxag6dBubSpvswuvcdxpi0XCaMnyOexVrmle+meslJlq+/yPItF1m8+QIVqy+TX7iDFSsOUF06i5zB/qwq8GL7TCN7pzny+upefH14ivh77MHZsmT2zkxgV2FvTq2azKmtC9mzaSUb165l/dr1bF6zhi2rFrF5VSlbVheyde1Mtq0vZN2S2axfWsaGlVVsWbuYvRsWcmpjGWeXZ3FqbgdulYbz4ZII/rLYn3fLjdxc4MG5lbG8tj2VV9f24t3NrflgexBf7I/m830x4m8niJpLfjy8FEjDKV8aj/tQd8CTuoNeAm9qDnhRs9eTB7s8+Gq9G19vDuO1BZGcnJPMorFJ7FkwjT0rC1k0N42ZEweTMrQrmalDqKiY0+x3gIqKioqKioqKiorKvw7N/SjUPE8E8I9C7CeaJN1T8dU07+/koiLbns75ZZn2D+XyrxTAPxd3gr87rnlx+nOB9ysE7HPC7+cCUR7/T65Vua7n7vVnx/+T8//SOeR1PZ3T7DNrfu2f8SuE6U/znruH56Tp0/5/eL7meLL2Pz/uVzyrX3E/P3+2v0akP/8++o33q6KioqKioqLyX8BvEsA2zlosjHZYOhuxcnPHzMVD4IuZSeAUgLlTIBamADHHH2uDP5ZOUgD7YObshZnBFY29EY2V3OdXRutaKZG/5or8bUrvLEuZ7lnZ91f0S/mrSGBln2BRWjXtsSujhqUQNrPSiDXFmE70W1tgL+Y6mpkRba9heht3jmZEc2ygC+tbazjT1oo3+7rylyG+fD7Ciy9GuPF9qg/fjnTj/hgPvhqi58shuiaGavliuJYvR+v5KtXAZ2miL1vPZ6k2om3HN2l6/jLaxLvpLTjY35+8ED1B4nq04n4spOi2MojrlqmedQKZEtoKC40Yk5hbi/uTe/eK56CkiZbposW4eC7mom4j6o7iHjsEOTM83JLy3lreW9ON+4eHc6MykcxwM/Efpjb083dgbLCe/NZGRf4uam1iTbgTW6Ld2JrkzZqOgRyaNIAD87LJGhZLaEs9EUGOJLZyJjHUndhQN6LDvQgP8yEg0A2/QE+8vD3w8fHBzycAf69A/Ly88fYy4Omlw81Dh6u7Ay5uRlw9TLh7OiltDw8tgf56wkOdiIl0ITrKleQkX9pHu9Mzzp3itM6cXT6F17fN5Q/bi/lo91z+uncun+wv5avj8/jkQDGfHyzhy8NlfHdiviKAvz5ZQd3VZdRcXULdjWXcv1bN3SsLuSfK7y5X8eBKFTWX53P/YgV3z5Zw90wRd0/N4e6Jmdw9VsB9yZHJ3Ds0iRpR1h+bQt3RfGqPTKLxxFSFOimE5d7AMgX08UmCiUrUb/1JGTEs00ZPoPFkE/XH5Z6/eTw8NZHHZ/JpFGXNEZn6WaZ6TufbvWl8vWsM3++V8ncMX+9MUcpvd6fy7S4ZBTyKL3c08dWO0U9I4Yuto/liyyi+3jycbzYP5tvNg/hqy2D+umkYH23P5M1t+SzL60J5Th/K81OYPy2DueMGUZTZg9lZnZk0MpZR3VvSPzmAQR3CGdAuhuzBfSnNz2TejGzmF2ZRWTSZxQsqWFy9gMrKcuZVlLC0sojlpdNYWTKFhbPyKZiUT/bkYlJnLSdtxkZypm2jYM4u5pbvYl7Vdqqrt7Bk6Raql2+ldNFmZi3awbSlh5mw+BgZlQdJnb6DQdlraT9qMXHDFxIzcj5RwwoJ7pmOS1Qytr4+WLrpcQzxRN/SDffwVrgEheDoG4jBwwMXHw8CW/nTb2AfUtLT6dJ7CHEdh7Bg/VlKVpxnbMFWAqKGMn7GWiqWH2bF5vOs3HKZpRsusnzjNRauukD5wmNULj7C6k3nWL/tDKs3H2LN9oNibCezKtaLY1cwclwFPYYW0LZ7Bh17ZdB7YC4pqbMYP34eU6cuZXbJZpasOKzsXXxu53oW5bVlYZoTm/OMnC4OEP+DGMn5kvYcnBHN/jmt2TQtms1zB7N3xRQObK9i977VbN23gc2SXSvYvmMJO7ctYOfmKnZsnM+2dVVsXVfNhjWLWb1yMcuXLWBldQkbF0zl+LJcjhR15kppPB+uSua96mDuFDtzc0kwH17M4uGf9/Dp8Xze3tiGN9eE8/rycF6pDuelxe68sVrP+2uceH+pgfcX6vjzIiN/XerMxytc+HiVM39ebuLDJXreqdTxcokzF2a1YM/URJbldmd98SS2VE+nqnAEhZMHMzl3GOljhpA6ZkSz3wEqKioqKioqKioqKv86NPejUPP81wjgv5Oyz9KshHuen0u4n/Hjtf/fF8BNz+zn6//98f/k/L90DnldT+c0+8yaX/tn/AphqgjS59b+O/mu0HS+p6/DPzzvU5Tz/8q5v+ZZ/Yr7+fmzbU4AP3f8L75n/wP3q6KioqKioqLyX8RvTAHtgIXJDgsnUTo7oXF0xtzZE43JC43RBzOjL+YGP8z1vlg4yLbAyRdLVz8snb3FmBsaOwMaKzs0lrYCGyXq10KJftUoWGoEsrQ0w8rGGnMbMc/KGo2tPOZJimjZthH1J2LYTmuD3laDkzg20ahhdrIrB0dFcLi3J3tizbnZz"
36561 [Forwarding screenshot on session b1310904-d161-49ca-a1a6-530fba7baea8 to remote] DEBUG org.apache.http.wire  - http-outgoing-101 << "ZlPx7Tg05HefDLUhU+HOPP5UFe+GubGJ/2NfNpPz5cDTXwzxJFvhgmGG/lqhIHPRzjw2Qgtn6bY8dcxNmINHZ+l6PlilJGvR5nEWkY+HOPFrZQgZoZpCbXTYGthgbm9jO6VKaHtMbN2wMxG1sW1mpkpUcxSdJuZmyltBXEfcr9jrbU9dmbm+Ohs6NLKkSFhFixNDeSj3Wl8cSib1Sle5CXakxHvTm5yIBOjdUyPtqOsjYmqRCcWJLqwolsrlveLZ8HQLiyZmEnOyGF06tKNllFxREa0JqqVN9GhPiTFBhEV4UtEpA/xSa2IimtBRJQkmMiocCIiwgkLb0lkjDehEe60ChO09qSVOLZVqC+twwNo2dKTQF8jYa1caBfnR5soD4E7bSJd6RHjzoLxA7ixvpjXNhXxwba5fLx9Lp9tn8MXu4r4ct9cvjpQymf75/LFwVK+OlLO54fL+PpEBTWXltB4YyWNt1ZSe2MZtbeWUXNzCd9dW8T9G0t49KIYE+2aK1XUXplP/TXB5Upqz82l7mwxjeeKeXB8OvePTKX2qGQKNUcnU3tsKvXHC0Qp61IAT1EEcN3xSYIJSnTvw9MyNbTc/3e8InwfifZTCSzbElmvPZrzI1IEf7dvLN/tTuWr7aMUFAEskPXPtwxXSimGv9w2ki8Esv3Z5uF8tmkYX2wYKOjLlxv68PnG/vx14xD+vDOLq8vTmD4ogvwRHckb3Y/Z40cwb+oQFk4bRnFuP2Zl9qF00jCqpo+hMGcAs3P6M7pXNIlBRjqEeTK0RxLDRwwgIzuNiuLJbF06h12LC1hfnMmSGelUF05i8bwKli/fwOLVu1iwej+LVu5lwcLNzJ+/nlmF1eTmlzJuchkTZlUzvWQthZXbqKg+TPWKsyxdcYEly86wedslduy7xro91yhbd4rc8i0MmVhB/4wpRHbojleLlgSL91NkXDyBrcJw8g7E6NMCJz+Bjw/O3h54BfgQFhNOcpeu6N38aRnTjYnF68kv38vMRScJT0glfdxixuZVk5m/hJzpa5hWtoe5i85Qtfw667a8wa79b7FhyyWqFm6jrHIjZfN3Ma/6GMvX32TJ+tssXHud5dtvULXusDhuNdn5U+neuzeJiW1o064bcX0ySOyfx+BRk5iYnsaxlflsmBDF6uF2XJ7uzdvzEni1NILXq4K5XGzPvqkurBkfy/rZ/Tm2tYjD+5awZXs1W3etZMfu1ezYvpKdW1axf/tmDuzYxY5NG9m6aQEbN5WyefsCtu1ezNZtFezeNINDa9LZVhjHhapYXlwcxo1KL25XeXJxeShvX8ji//u3l6m9Xc17u/vy8sp43l7bhdeWdeVSSQAvVntxZbaRawUOnM7Q8GK+Ay8X6Hl5hp7bM+y4Od2S69PMuDTVnON5Vhwr8GfzxBgqMzpQJt5Ti+eMZW1VGrMn9GXM4A6MHTWQUeJzo7nvABUVFRUVFRUVFRWVfx2a+1GoeX6tAG5eAv5crjUviZuXh8/wawRwc6JP8PNrbF7c/fwam5eKP7vG587V3D3+ktCW6/zj8zf/jH7NOf5eXP6fEMD/kdfwHz+TpzS9Vv/k+n7Gv/+1Uvh3C+Dnn+M/u59fd78qKioqKioqKv+V/KcIYHOTTtkL2Mwk9wR2E20PzI0emBk8Mdd7YebghblOpn72RGMUfU4+TZjknsAuTyKBZRpkGQ1sjbmZBRZm5liZabAW2FhosBJozAVSnMqIYRkta22PxkYeJyNnLbG20+Ko1eNkYYGXpTld3S1Z1NebE2mhHO3txsE4Wy63MfHBgBb8ZaA37/W04099rPl4kBOfDXbl0wHO/KWXgY8FXw1wUfiyvyNfDDDy+SDBEANfDpOlDZ8OtuQvIwz8eZQ7H4325NNRbnwzSs/XI+35OMXEKxlBVCa7EK01R6cR9yD3PH4S3auxlALbFjMbS3E/8p40yr7GFlaitBRtca+W4h6tNWZoLcxp7Wki3l9Ht1AtuyvH8Ncrq7i+YzZzMzqTO6gDI3t2IrVnZ6b1S2BK1xCm9WjNtJ5hFA5JYsn4odzav55R3dsxauAA1qzeyOpN+4lq04vY+DYkxISQFNea9m3CSG4TTEy0N9HRniS1bUFCUgAJiUHEJ7QkJiZIkcPRsd5ERHvQOsKDkDAvgkN8CWrpR0hwIJEhQcSGtCCupS8JQd50jvCnc5g77VrqWD0jhTs75nFnzQze3zSHv24p5KsdxXyzvZBvdxbx7Z65fLOvhK/3lygRwF8dr+Srk/O4d35hk/wV1N9aSc2PAngp319bxINbS3n00moaRVkr2g03FvPo5mIeXl9I/aUKHgoeX6oU/wMwhwcnZlInqD0xjbrjBTScnE69Updpn6X8LWhKAX1cSl0pgCfy6Ing/VnE73MCuO5YroIyT5QPDmdz70AG92UqaBkBvGO0gpS9n20eppSy/VQGy76n5aebhvDZxv58sb6PoKcigv+6aSgf7xnPxSWpjEhypX2oK1EtxfNNCmZErxAyByVQNH40K0tnMn/aeDIGdqJ86jDmTOjBkpLRbF8+k8qCTIZ2bU+rFi0E/iSFetM/1oe83hEsmTyCA2vnsWvTSpYsW8r8RYupWriApUuq2LByiWAxa1csY/uOvRw5dZN9J15i7a4bTJ+7k4kF68nKXEjOmHKmZ84X561m3px5VFQsoKxqJZXLd7J61wX2nXyJFesPkTVuGv16DaZtfDIBPoF4uvni7hOER1BrvILDcA0IQO/uis7FEYO7CzY6PV6tInELSqR0xSFyi7bSY3Q5Xq0HMqtiH/tPvM+OA28yccp6MrIXk5G1mPETVpM/dR2Tp22gcuFRdh94nUOnPmDZhpsUFO9hVtle5i8/TtWyQ1Qs3sWCZTuZv3gT67Ye5NCxi+zce4xFq7bQL28WbYdkE92mB92TYjmxbDKr0yJZO0jPtal+XMrz5qMlbXm5XHyWrPHgzgJXrpeHsGdKS5ZmtWRNYW8Or5/JmT1LOby1mkObl7J37VL2rFvD3i1b2b99G8f2r2Lf7ip27V7Mzj1L2L5zHgd2lXLp4BwubRnLmcVduL2mC7eWJ3K2MphL65N569J4/r//8Rp3by3i9e29uLkskdfX9OLO0j6cKQrlamUQV4oCuTY9kJPpjtyZ7MvLBX68NMOX27O8eGGOO3fmuvPqvABerQ7n9rJOnFjYn40lw1lanMn2ZRPZuTyDWTmdGdwtgkG9OzN82NBmvwNUVFRUVFRUVFRUVP51aO5HoeZpklnNyb0mYfeMXFNk27OyrEnQ/STCfmEt5bjnhZk49qmU+6cC+JevsenYp5KwGTH3s3FJM1Lx+ft6Tio+LxCbnsvPr/f0rKb5ilx8Zu7T8z8vd5+/l+bP8cyzf/4+mn1m/3kC+GfX9+T1e9onr+3vXst/ct7mntk/51e8Vn/3+j65/mfmPP9sn5fZz7ebrvWn99GvuV9ljeefq4qKioqKiorKfyG/TQC7GLEw2Au0WDuasDCasDQ5ibYz5gZXLPRuWDhI3DHXuaHRuTYJX70oje6YPRHFFrJu74jGWu6Ta41GSY1shY2lJdbmGmwtmwSw3BtXRsaayahfc2ssRWljaYWdtTX2VhYYLM0IN+oYGeJLea9wNo8IYf9QH/Z0tGVHmBknw215MdGFdzt5805HI68lW/JqWw03IjW8nGDJO+0d+KPo/6izkU+7O/NVX0++7OfOF31d+bS/E58OdOTTASa+6WvPd33s+GSgC+8N8+XNUf68PcqdP42w57OR5nw12poPUxx5JT1cSb3c0cEKNzMNWil2pcRW0lhLESwjlqXQNsNc3p+Uv0qfNeaWduKebTFodYS08CcqJIA+3ZIpLSogPX0M3Xr3IzSxEy0Se+MS2YMWCYOIj+5DQngXkuK60i65G9169mFE6ijad2/H1MJ8XnvnRf72b/UcPbGXvn27EB8rxW8UHZKjSE4MpUNSMJ2Tg+nUtgXtEn1ok+BFW1G2beNLUqI38XGexMf4EBflS2x0C2JjQomJCicqTBASTmxwBHEtQkhuGUrviGj6tA4lNTmM3WVZ3N5cwp31M/nj9iI+213M13uK+W73HO7tKeL+vrnc2"
36561 [Forwarding screenshot on session b1310904-d161-49ca-a1a6-530fba7baea8 to remote] DEBUG org.apache.http.wire  - http-outgoing-101 << "1fC3f2lfHugjC+OlPPtmYXcv7yUhusreHhrNY03V1FzfZlgKbU3lyoC+P71xdS9sJyGF1bQcGOZmLuUR6L9w4vLmyTwtQX87fpCwQIaLpRSd66Y+nNF1J6eSc3xadSdnK7I4JrjUwVTFAn86NRU6o9NUITuwxMTmgTwsRyFh6dE+7Tc+3e8GM9RStlXf1zK31waTuQpyLGaw1k0ijVqD2WJexvL93tS+WanlMAj+HzLML7YKoXvUEX4frppsNL36Zahok/UN/bji/W9BD34fEMfPljXnz9ty+RY5TB6hNoT4m6Ln6cL/j4mWvpZE93KhbgQ8T6LiWNM/wHMzEtX9m8tmzmYkmkDmJrVixnZI6mePZMNlaVUTBrHhKH9GN2jPb3bRNM2KpjosBa0SYogZXQ/5hbmsnT+JFbNz2XlgqmsW13N6lUrWb5sHYsXb2Hpkr2sXHGcfbtuc+Lwq5w//iqnDlxi78Z9bFi6jgXzFlMxfxWzy9aRX7iBcQUbGJO9hBGjisX7aBD+fhH4+wcR2CqAkJgQgqIj8AoOx8W/JVpXd6yNBiz1WizF37KTjx+OPq1wDoyn8+BJzKo+zJT5B3CNENc/ZQVpk1YzefpW1q28xI51l1g+bzvLqzZROncl4/LmkT5+JWkTtjFywgamLtjN4h3HWbNnP8s3rmX12jVs2bSTZQu3UVmym/KSo5TPO0v5oktUrTzHzsNnOHBwH8d3bmVzUR7L0hPYkOrJ6oG2vL6gI7vTW7E2JYDTVZ24sbUrr63x57NlOv68xIk7ZV6cKwrjwIwk1ua2Yf/c4ewrS+XU6mkcXz+HXatmsW9jBftWzWP/miUc2LyOvVs3sXPDGvauX8b2RbO4uq2S/WWjOV45gtvrcrm8bAyvHMzjry+V8P/98Ao1d5bx3oFB3FnbhtfWdefVNQO4PD+WMyX+XC+P5PKsUI6mu/PitBBenh7C7Zkh3JgVxLXZgVwrCuTsDG8ulIRwpCiGNVMTmZOVxLhRbVkwuz87Fg1j5dyhlOQPY1L2aEYOH97sd4CKioqKioqKioqKyr8Ozf0o1Dy/LFebRNhzUuupDHzCz8WY4KnwVPh7gdnssc3KzGf4O8n3LM9e/1P593N+flyTvPv5nOfO/U8E8I99z67xvOB9pv/088c384x+zTl+dh/NPrP/DAEsee4ZiWf791Gzz4wL/u598DOaf12aeO5afsaveK0kP3tPivHTP7+f55/t88L3+esbsP600v75+/On8aY5P79fVQCrqKioqKio/N/mNwlgW2cTZg72mDvosDaZsDIKDCYs9SYsHBwFTpjrBFoXzLTOmOmcMdeL0sEZjU6KYDfMjJ5YmLywNHliZu+ExlKHRmODmZk1FhZWWCopkgVSAltZiLYFVubm2JqZYbSwwNnCHHeNhiijOalxAVT1TWTb4CR29A1mdbyWta3NOJFkxUvdHHmnmyfvdHDnzbbOvNfZhfe7m3irgzV/7Grk9UQ7boSacSVAw61W5rwRZcuf2pr4qJMTn/bw4LO+Hnzc14W/9DTxTQ8993sZ+KyfG38c5MMbQ314dagL7w7T8fEoG/48UMMHA6z5OLUF76REc7B3a7qaNPiK+9DLqGZruX+xLRpbca829k0Rwco+yHaiz1E8F180LhHYhXTDOaon7tFd8YruhGNQPKagRIwt2+Moxgwh3TG07oF9q84Yw3vg1LonjqE9MIV1Q9e6A3atEtGFxuOf3JnOI1MorFrAa+++w8mTx+nfuwfduybTvXsbBvTryJABnejXPZG+XWMZ3COB/l2j6NEhmC7tA+nUwZ+OHfzo2E6USS1pnxBMu4RQ2iZEkBATQUxEBB3ik4hpGUL71uF0k7QMYnLfHhyvms6tNTN5d2cpH+4t5c975/DV4bl8fbCQb/bP5PtDRdw9OJfvD5Rw90AZ3x2Zx93zi7l/eRm1N1bRcGsV9TclK3lwbamSArruhiivL1ZEcOMLy6m/voyGa8t4eGMFf7u9ir+9uJJHMjL4RjX//YUl/Ldbi2m8Ok9QwUNB3fkiHpycQe0pwcnpTQJYpoE+PlkRwA3HJyiRvA+l4BXUHxtH7dFxNJyUUb9Nwldpn8hTJPCzAvipHK4T4z+cnMij43k0HBlH3cFMavan82BfOl9tHcEXW4bx+aahfLphsGAQnwg+3SzqmwfymUz9vK47n63rKuipCOC3N4xhdV47knwsCHS1xcfLExd3J7y99Hi4CVyc8PPwoZVfAGFB/uL1acmg3jFkjOrE9IkjqZg9ibmTsijJ6EFZZmfK8kdQVjiRwjnTmVU4g5nTJ5GTNojeya3Fa+hB15hABnYS74U+fRk5Kp/c3GLmly9n+/rtHNqxmyPbtrFp6RLWLlnKisUrlLTR6zcdYPu+y6zedJM1W99g3c63WbfnbdbsfoXF604zo3gJQ0ak0rFbV+LaJRIUG4G3eP+4hoZh8m2BrZOH+IzQY2HQY+fsiIOHG0YPbyzFZ0Vk+4EUVu8mrlcuvVOK8QruwtwFmymv3s6EaQuZUFBN3qRFTC5YKe5nM6Vlu1iy9CgrV5+grHIr4/OrGTuuSrCQsbmLyCtYzbSijUwrXsf85ftYv+Msuw5cZc3641TOlymjt1C6cCPFZUuoLp3P/sVz2V3Yj225flyaG86RCS04X9SHg7MGsWRcO8qyW3OsKIA/L3Ti4yXic6Ham1fm+/LywmDeXBHPuTktuFAWzfaJQSzLDGHd9E5sKRnC7tIx7K3MZc+iAnYuKWTXihIOrC7l6OpCbu0q5/SyHPbMHcyp6jSOLxzD8RVDefPUZP73p+f44Y11vLenF7dXRfDnfX14d1s/7qyN40yFOy9Uh3OpqBWHs125Nb0VdwrDuFMSw62yGK6XxnClNJpzxeGcLYvnSHkHNszpSkFGImNHJlA2tQv7lgxic8VQyvMHM7cgjxkFM5r9DlBRUVFRUVFRUVFR+dehuR+Ffv80ibx/LCN/hSRVUVFRUVFRUVFR+RfjNwpgZ8y0WszstVgr8teIhd6AhUMT5jqB1ijGTWi0JtE2YSnFsCjNdE5NEtjBEzODF1ZOcq9gzyYBauGARmOLxswScylLLTRozM2a0iSbabDVaHAUSPEbZ69hYrwnG0cnsm14NBu7eLAuyppVLc3ZK8pb3dz5Qx9f3uvhxp+6uvJOeyO3Iy24GmrGLTH+UoKON9s48EEXV77oHcCn3fx5K8bIdT9zbvib8VKINW/H6fmggzN/Fmv9pbsLn3Q18Vk3Ax/3dOLDPi6810+s29+ZP/Q38MFgBz4eYuCjATo+GGDkL0O9eHdMKLuGhdDP1RpPcc12GrnXr9yzWO5/bBTPxg0Ll0DsfKLRBnXANrQXNonpmMdnYB7UT9ADm4j+6KOHog0fik3wEKyCBmHuJ+VvNxyC22HmHYFZYCJmQW0xa9UBTWhnzMO7ieN6Yu4Vi0tMD/xiu9MypjMllSv57PO7fPPdF/zlkzd47bXL3LhynBMHtrJl1UJWzS9mYdEUiqdmMCVvGHmZ/UhP60ba6E6MHdGZ0YM7MrR/e/r1TqZblwQ6tIuhXWI4nSVRLegTF8SslF6cWlnEK5tLeX/nXD4+UMFHewv54ngJnx+fLfry+OTQVL44MpMvDxby5YEivj1Uzt2Ti6i9uZoH11cqZe3NFaIuZbAory2lXrTrbyyl5mq1UjbeXE791WU0XF3O45ur+OHWah7fWsGjm0sFS/jb7WU8fqGahutVPLy1gEe3qmi4Ukbj+WIeXSjm4fk5NJ6ZJZjOwzPT+OFMAY0nJtJ4fDyPZMSvFL7Hsqk5kq1I3qeC92n7acSv5NkI4NrDWYr4fXhE9B8Scw9mKTQeHkft/gzu70njO5kaeusIPtswmI9W9+XjDQP4ZFN/PlnXk09XdxF05OM1XfhQ9L+6ZgQFPb2JctXg62KHi4sb9gZH7PUm9I5OuHi44+7pgbuHG97e7nh7udDCz52o1i2ICgskMaYVqUO6sHD6IJbO6k/VnBQKZ2aSN34MWZkjmJozkqVFEziyuoIDKypYPGsqOaNT6Nt9CO2TB9Oj6zA6JnUkIawVXRKDGdU/iVXVM9m+ZRkHjh5i1"
36561 [Forwarding screenshot on session b1310904-d161-49ca-a1a6-530fba7baea8 to remote] DEBUG org.apache.http.wire  - http-outgoing-101 << "5HzLNt2mpIVJ1i17R1WbvoDC1beZm71CYqrtjOnrJp5VZVMzk+ne88kQqJb4BEiiInDMTgCaycPRQDbObti7yruzdUZa2cnbB2dcfBuScvEnlSuPUr1lot0HVaAi1cE7Tp0Jze/gHU791C2fC2zF2wgv2gTuVM3kDdpHWljyxk9ciJzZhSzdf1+dm6+zrzyk4yftJfU7B2MztnCiPErGTWpkt5jchiansXsueVsWL+d/XvPs3LzFVZvucrmdYfYv3IhO0sHsjbXnbMVYby5fiAnSoZyZvFsLm5eyZuXDnF57QReWdyZ2/NiuVoawhsrYvnjmkjulLvyxnw3Xq1w442qIF5eGMuF0nj2F8SwLj2QTeMj2FTQjs1FfdlSMYwNcwdyZn0Oa6d3YMusTuwp68nuij7smd+f9TPbsr+iO69tmUXNpXl8dWIQ7++I5eODHXlrcxKvbgrhQrWe28sDuFbhx4l8Ry5Oc+d6cQvuzI/l5cWdeHlZd15e0ZuXVvbj+vL+nFs+jBNrc1hWlkLJnNEsmtObvQt7sqtqKGUT+jAnP5Op4jk///mvoqKioqKioqKiovKvRXM/Cv3+UQWwioqKioqKiorK/5v8NgHs5IzGTqtgYzBhbTBgodNioXX4ETOJvR6NwMzeAXPRVqSwzrFJAOvc0Th4oNF7KQJYpow2sxNjMhJYkaRWmNlYY2ZpgbmZBnuBt60ZYXpbxrR2ZvmgKHYPC2dLVxc2xFuyO17D0XgzTsdbca2tE6919OUPnf34Y2c33mmv5Y+dtPyho5ZXEuy5HW0UpTuvxDrwepyOdxJNfJDsxV87+vNZp0DejXbi9TA9d0JteSnMVpnzh/Ym3u1i4p1uBt7vpufDLlr+0smej8S6f+qoE32OfDTQi7d7Gnintz3vD7Dnld42vDwujE0DghjsZ4+HpTl2duJ5Gf2x8Y3GPqgtxtbdMUUNRB89EtvoVCzChqIJ6YN1VH+sw3pg4ZeMeWAPLIMGYdFyFBr/YYKBmLXoiWWrTqKegKZVMpqgdmgCBH4d0fh2RuPdEbPAbpj7dRDn6YhnbE+MLePoMHg0Ry+f5NvaP/M//ucDGhu+5t8ePeB///fH/K/HDfzPHx6Kso7/+fAef6v/irr7f+Xed+/x+Z+v88E7Z3n1xUNcubyDkyfWc/DAclavnMm2DYWsWZTDjuW5vHp6Ee+eW8xfji/g2xML+euBYr45W8lfjs7knT15fH6ukE9OzeSL00V8dryYL46VcvfMQuquruLBzVXcvbGC2ttrqLm1krtXl3D/SfrnxhdWNgngy4uUlM+S+itLeXR1BY+vr+TRjZU8vLGMxuuLaZT7Ad9aTMONBdRfn8/D24t4/GK1GKvkhytl/Lcr5fztcgmPL8zh8fnZ/O3CLP52bgaPTucr6Z9/ODWRH2TK5+M51B7NpP7EOBpP5VJ3PJsHRzKUUvbViLHaY1lKveGkmCvqNYfF+KEMGo9k0XA4k7qD6Ur5WKwl++rFmOyr2Z/G97tG8dnGgXy8oT9/3dCHj9d25eNVHfh4ZXv+vLIj76/uw+1lg0iJtSHOx5xATwMmFzeM7oGY3EKwN3mgc3bCwUWH1mSLg6MOF1dP9DpnPFx9aRkYQKCfCy1bOBMcGkh0TBgDe7Zjcmpf5o7rT0VufyrHD6Rs0lAK84YxPXc4pTPGsWz+TDYtm82OVQUsLB7DDDGeP34UmVmpDBuTSlzHnkR37EtslyF0GZpL+pR5FC/azKLlm1ixajMrVmxm5fKNbFm3hf2btrB+XinT0gYzskcSnRJDaBXig9HLWfnc0Ln5YPD0F20ftG5uWJpM4rPBARsnF8zFZ0Jocl+yZ69gYukWCpfuJzC+Pf3T0ug+ZDhd+gym36AR5E+eSWlpFQuqllO1YBVzy5Yxfc5i8qcvJGvCfMZkzWNiwUqqlu6jesV+yqo2U1y+jmmzV5I/bQV5k5aSkjGfAcOK6D+kmHF565lRsJllYs7Wypnsm9efpVk6ds/y5NLynqybNox1JZUsKtnAour9LCxdwJbKyZxbN4fTyyZzaO5IThX358V5fXirMpm3i0N5u8if14t8ebHQm+uF4rNpeTI3KuM4OD2UbVMj2TGnLVtmtxHHD2Dz9Bg2To1gxfhgFuWGsDAvnPIx/qwaF8XyEUmcL+7JRzs7cv9MF+6d68z9K/25f6Mzfz3Zig/3BfPuhiBuz3fnZrkHt+YFcnNBJDcWteX60m7cWjGAm6uGcnbRILYV9mJ3dSarF+ZRUjyWBbN7s7OyK0eWjWHprBHMGp/G+JwJzX4HqKioqKioqKioqKj86/D8D0L/b6AKYBUVFRUVFRUVlf83+U0CWOvigpmdHRobGyx1DljpHbB00GGu1WJuL9FhJtBI7BwUUSyjhaUUlhJYo0hgJzRaKZKdMNO5YWVwF2vIdY2YWdpjYWGOztYCvbmGAFsN7dwsyY7zYMGAaFYNimJ9rxasbWNgS6wVpzvpud3TyKs99Lzew5nXurjxclsnXko08EqSllfb2vJqG0ve7aTjD52deF2M3YkzcSfKnjuR9rwSpeONWBPvJrjyfpIHHyZ786c2nrwd58jLYXa8EGzB7dbWYi0H3unuwntdHXm3nT0fdHDgg/YO/KGdjj92deKNjnre7eHIH3oZ+EMPO/7UT8trPXW8PLIV+wZHkhnlS4SXB75BUbhEdMI+pDO6iL7YhPbFsmVfLJSo396YBXbBzL89Fv7tsG3RGeugrmi8OqHx7YnGrw+aAIFXZzQe7dB4txX1RFEmofFJFnM6NOHVDnNZ+rTB0j8JC99Y7Fsl4BzZlqhuXSleVMoHn7xPTe03PPj2Ex7d/ZyGLz+i4YsPePT1hzz85iPqvvmQB9/8SYz/gYa7b1DzzUvUfPsyDfff4GHNWzQ+eJ3/Jv6n6tHdF/nh+1v87evL1H50lNo/7qf+jZ003Nkk2MC9myuoubOSBy8u48srlXx3YxHfXl3Id5cWcu/yYuquraDh1mpF+D64sZz6F1dRe3M5965U80BG/N5cRuPNpWLeImqvLKDxRjUPr4v+y4tovLaUx9eX81AcW39lIQ1i3Udi/Uc3xLxr82i4VsGjm/N5fGs+D6+V8+hSCX+7UsoPl0t4dLGIR+cLeXRhNj9cnEXj2ak0npnM4/MFPDo3hfoT46k5Nk6UOTSczKVO1GuOZiml5MGRTGqOPGkfbxp7cCiD+sNZPDw6jkYZLXwok8bD2Tw+lquUDYeyFGRdjj3Yl8rnWwfx8cZe/HVNZ/66oh1/Wd6Oj1Z24Q+r+vDC0iGMjLYi3scSPzctWoMevaMXBr0ner0LJidn0dajNWoxOplw0DtiMrrjaHTFyWjAw0WHl4cDLh4euHlJIexH6wBvEkN86JMcxci+nckcOYgJ48YybXIuRTPzmTtrEqUzMlhamsbKeTmsWzqTtcvLWbZkAQsWL2Fe9UpK5i9j2pxKcifPJj1nCiljxzF85EhGpqSIehbpWePJyZlEbsY4JqSOIaV3VzpGtsTfRSuuyxZvfy/cAgNw8g3E5O2Pzt0DG0dHLPR68dmgx9zogpWLP8HtBlGy5gS5Zbvonl6OY2gb8iuXUL5yG1MLF5AzbippI8YwuHcvhgzow6gxY8gYn09+YRlzKpZQJOYWli5gRmEp4ydNJT0jl3E5BUydXsX0wrVibAdFFXspLt/O7KI1TCtYyKTsYiZlziB7ZBpTR3bl9IoU1ue6sX+qB8fmxHJ61VQ2zJ/HiurtlFVsZ+WyLWxaWMLWWWPZNTODrYXTWDajiHVzy9k+K1ccM4wLc7tyqawNV8pbc7XUn/NTvDmf78+ZCYGcntCSo9ktOCXK63NiuFgYwfHZYeyfHc2+8k6snt6G4uH+lA9uSfnAJJanxnBwZhAf7OvMv705Dr4ogW8m8W9fDefhhz2ov9GGb/dH8MfN4by4IpLb4n11fH4Hjlb35tiqwZzaKF7Xot6UTurOgqLRrFk2hby8rsya0oOFhQPZu34WK6umMC0/Szyzyc1+BzSHt1/2L+Llm/Wb8PTJ/EU8vLP+IV6+434RT5/sZo/5Nchjn13n+bVcPdJ/ERfPdJy9Mn7ExTvzR"
36561 [Forwarding screenshot on session b1310904-d161-49ca-a1a6-530fba7baea8 to remote] DEBUG org.apache.http.wire  - http-outgoing-101 << "1x9xLH/BDff7F+kufnP0twxbuIe3HxzcPEReP+Eq3des6+1ioqKioqKiorKvxbN/SikoqKioqKioqKiovL75DcJYHsnI2a2VmisLTDX2mGhs8dcJyWvXRNS+P5Ikww200qeRAYr0cEGBY2tlMKOWOldBS5iLScsbHVYm2nwsDajk5c146MdWNM/kG2DAlnfw5vFCXoWtLZic6yW8z3ceG2AJ+/09+QPfdz5Q2933u3lxjs9XHinuzPvdHPkzS5GXu+g461Oet7r5sS7XRx5o72Bl+N0vBzjwJ0oLS9FanlFnOf1WCNvxzvxXpIr7ye7814bV16L1HGzpQVXW5krqaPf7ezGWx3Euu0MvNPRkXc6yehgR2X9NzvqeKezXrT1/LGzlr90thZtcXw/f/aNSGRyl2jC/bwx+bTEGNYeC78kbFp2wyaoO1a+nbDy64KZdwfMvdth4ZmMuWdbzLzaovFu8wRR92yHxk2MO7fH0jlZ1BN/wj1eECuIEfMkkYIIsV4k1oHRaFvGYgqOJqZrL8bPnMF7H7xH7b3P+eHBx9z/5FV++OYdfvj6bRq/eou6L96m7uv3qP/+PR589RJ3P7/Jgy9vUv/1beq/usWDT6/Q8Pk16j++SO2fz1D74SlqPzhO3Z+OUv/efurf3U3tWzuoe3M7dW9soeaVjdS8vJ7aO2u5d2Ml92W0762V1D3Z5/fe1UU03Fqu7O9bc20RDy4voPbqQupvLBJllZL6tvaKlLpVNIp2nWg3Xqnm8fUlor1AtCtFe75oz+fh1XIeXi4VzOXR1RIeXpnLw4vFNMqoX9H3+HKxaM+h4fxsGi7M5Icrc8TYTNGezsNLM2m8OIPaM5OpfbK/79M9f5+mfZZ1uR+w5GkaaFnWHMqiThG8436WAlrWZZ+s1x3I/DEtdMOhTL7fO4Jvdw/iy629lAjgD5a25f1lnXhvTX9eXD6c/G4exHub4+9qg5OzAS9PDzyMJlx0DjgbTDgZnTAYHDGanJ/giMlkxMnkgKujVmCPo6MBk6MTTi7uuHh44+btj6dvS3wCQwkKjiIqJpEO7TszsG8/xo4ezfiMVKbmjqWqeDqbVy9m67rlrFm6gGWL5jO/vITqqnksq17ImpXL2bB2DatXrWLZinXMW7yGOfNWMKW4moz8IgaPzqR7j960CvQj0Nud+MjWhIW2xC/AH3e/ABwFeg8vbJzE372D/Gxoyixg4eCMnWcIwR2G0XfcAnKrjjF95UU8IvvTZ8w0RuXOZcrsxSys3kR5+RLKSxdQXrmArLyJJLTvQER8LN379CAlZSh5WaOZOiGTspI5VC9aQmn5IiZMnsuwMVPIzJtL9oQicvJmMa2giNI55axctIIFFQuoXriAzdUzObF0LHvyQ7hTEc31sji2zunH7LwRFBUWMX1OFYVzq1hWWc7O2ekcKsrl0LLVzK/aw7TS/cycvpBFMwtYXjCCVdN7sq2wLftnhXN0Ygi3ZsTxyqx4bua15NIYN04P0XFmmJ7TY5w5NzGIMzOjOV3WnovLB/DixlTe3jGFq6tnsn5ydzZMasXVFW346NQoeLAJ/vty+Lfp8HAM//uPPbi7P4I3N0RzvDySQxVd2TN/GOUT2lFd2o8t63IoKxrGjMmjKC3MYf+uRcyZ2Z8ZU/oye+pIls2fzPoVxRROz2LE6EHNfgc0R3Pi9inNidtn8fDO+Ic0d8xTnpWu/9U0J37dvTIVmhO/T/mtAvg/HymOx/0oflUBrKKioqKioqLy+6K5H4VUVFRUVFRUVFRUVH6f/LYU0CZ9kwC2scRCZ6dIYI2tzS8KYCVdtP2zPIkOtm8SwTIqWO4PbOngrAhgG60BJ50l3cM9KRoQzfa0OHYN9GdNvA3VrcxYHmLOxnBL9kRbcyLOkgsJ5txKtuWVDgbe7OzE291cFN7pIuqdpZg18Y4o3xVtJY1zZyNvi7432hh4NV7PyzFaXoy05U6UHS9H2fNWoonX4/S8nWDkT+3d+KCDO29E67jUwpxT/hqui7lvtHfmtWQjr7TVi/WdeL29gdfaOfBaey1vdNArwvnNdja8k2jJBz0ceaGrM+cGtmJPSjsmtg+htasDTk5uGHwjsfRpg8YjGY13FzSeHdC4t0XjmoiZSwJmzvFoXGJFW+AWJ0rRFn1mjvFYGRKwMIo+UzQaxyg0ThGiDBdlmKC1mBcqjg0Wx7TCzD0YM68QrH3DsPcLxT0sBt+IcGYUz+KrLz/ku8/f4W/3P+Dxt2/T+OVr1H/+KvVfvUnd1+8I3uLupzd+lL8NX79A/Rc3qP3kMg2fXaXuL+eo/+gMjX8+TcOHJ6l57zA17+ym7p0d1L21nZrXt3D/lY08kPL3lQ3US+6speGldTwUNNxeTd3N5dReW6ykeZY8uLJAUNUU9Svl7xUpfyupvza/icuVivB9KOY9uraQxsvzqLtYxsNLFTy+Uk7Dhbk0nC8SFNJ4oVARvfVnZ9Ioykei/ejibBrOzRB900U5TfTNEGOifr5AtKdSf24KDWcnU39qPA9PTVCQkleKX2UP4CdCWCLl8I/jR3OofyJ7pfSVslfu/StL2fe0/VQK1x3M4P6BFGqPjKb24HC+2dyTPy9rx4dLO/Cn1X15Y/Uw1uQkkOCqIczDkiAvHQEeJlp5ueFp0OHioFUksFHviEGKYCdXBb2jM0ZH0W8yCBwEOgW9aDuYTOhMTgp6Mdfo7Cbeiy64OTsT4ONJdEhL2iXE0L1rJ3r36M7AAf0YkzKamTOms3LlSvbs2cvWbTtYsmwF5RXzqJy3gHkLlrB05SaWrd3J8o37WLrpIAvX7mXBis1ULVxGZWkpeVnpJMVG0rJFACGh4bj6+OPg6YWtku7ZQfkM0dhaC+xwcPHBTCuupUcaJevPkzCsmPYp8zAF9GBuxVYWVW9ibMYUho4toH92JaMK1pIzawOFhUtYs2QVG1YuY9jwwYp47hgdR48O3RkwaDj9ho0kJTud0orZ7Nu5kuqyAiZnpZE2MoMRo6YwIr2cjn2mMmbiCkZll5A5ehSbZg/l8OQwzox35XZFNPPHRZI6uiMdBven7ahMklLn0H5MKRkZ+UzLyqQgN4+8KYXMmb+CzevXsm91BXuqJrCxMJWVUwazbFx3dk3szs7MKFYPcWLjcHs2DrRkdVczNvc0cGhoS86OjeHEmBYcHG3g5DgtJyYb2JlnZNPEYK4u78sXJ8dSczmbb86P4+OL0/i32o3wb4u5++Fw/nIiljeWBHN0VgT7CnuzesIgji+vYGSnWIZ0jaS0II1FRVMY1LEzfROTKZ+Uy5LZmeT0C2VuqvisLR/GiRU5LJ7cm8x+kc1+BzRHc3L2Kc1J3Wdx90r/ReR4c2s+5Vn5+vdk4uaZ8YtIUdv8cf8+nkpfydO1mxO/T/ktAtjF56e5zdHcMc/S3DEu4h5cvLMFP5fAqgBWUVFRUVFRUfl90NyPQioqKioqKioqKioqv09+kwA2ebhh5WCPxsYKczsbzBRpI0o7W1GX2D+DVoyJuRK7p4g+BZk22oC5lMCKCDZhqXPCVmfE3VHHkORQyockUt7GiRWxVuxrq+VcJyNXujpzs7s7t7q6cKODA9eSrLgeb8XNBFtuJ2q500bHy20deEXwalsdryXreaujSWDk9WQdbwje6mDgnfaOvNXWxBtJel5L0PN6ogNvJup5I17Pq7H2vBGn4712zvypg4sig29H2XM2yIJj3houhVrzShuTWN+RFxN0Aq3AnpeSdLyaLM4reLmNWEPwdicDr3dz5Lq47jN9fDkyIoZFvaPo5GXA0+CI3r015h5t0Hh2QuOWrAhejVMcGscYzEzRmBmjBJGYSwwRWOgFDuFY6cLE8wpDo2+NxhgqCBG0asIUJGgh1ghowjkAM9cWWLgHYeURiCEwGLfgYFrHRVFROYfau3/m4b0/0fjNm9R9KeXvazR88wa1X73Bvc/ucP+z69R+foO6z0X56VXqPrlEo6D2z2ep+eAkte8fp+GDE9S/f5R7b+3h3uvbqH1zG3VvbOXBKxu5++IaHry0jgei/P76Mu7fWM6Dm8u5f30pdy9X8/2lKupvLFGovVbN/ctS+so9fGXa5yrqr"
36561 [Forwarding screenshot on session b1310904-d161-49ca-a1a6-530fba7baea8 to remote] DEBUG org.apache.http.wire  - http-outgoing-101 << "s6n8XoVj24u5KHc2/dyJQ2KAJ7HQ6XeJH0fXioVzKX+3Gzqzs5SpK8UvXVnCqg5NUW0p/FQSt+zBdSfmkrd6cnUnxGIsu70JGpPTaDmxHgenMyj4cxEGp7I30dyT+An0leKXll/KoSftpU+GR18RKZ/bhLBNfszeLA/nZoDGT+196VTe0DuD5wl+tO5u3809w6Oou6QYN9Q7m3vz9cbe/OnZd14d/UgzpT2Yqh4v/WPMNKupZZQd2tiApwJcLLFy2iHl5MeZ5MBg8GAg9EJndEZrcnlRxxMTpjEHJP4mzI6akVbh9aow16gNTiIPgMuLibcXY14uujxc9Xj7eGCp48fgS1bExXbhsTkTrTr3JPufQbTZ9BIRqSOY0JBIRULV7F49WYqqlezeMVmlq3eQfWa3ZQv286cqnUUVa6gaO48Rg4dTrvEeNomxBERFo6vf0v0Lp5YGh2VjAAaG/EZYm0pPi+sMbO3x9LehJ1bS/zj+rBi/0sULD/D8Okb8Q7vw/D0YqbO3ULlilOULz9FQckOpsxaw/gJpeRkTCUnawoT8ouYO38DS1fsoHR2BTljcxjQpz8d27cjMT6SuNgQEmJa0aNzG/LzxrGwYgFlc+YzfUoRs2fPYtK08aRkDGVSdm9mDvXncmkcx3KceXNZD1ZP7MyKsunMLJzH+OnVjCtYQla+OEd6JlMzRzAxcwiDRw+i45AhtBs8lMFjxjAhL4+50wupKlnCsnmrmJ+fTmVWR8pTg9lflMDWcd7sTfdhzyAP9vRwY3d7PUe62nN5sI6X0h24PkHLxdniM686iRuL4zlT5sOJWUZOFXvz8vZBvHJ6LH98fQJ/uj2ct3d34qUlHbm8bBA3Nkxld9kkDi9fxJzsVPJT+zA7ZwjVM3IYkZzEwKgIcnq0Y2fleFK7+JPSxYeijDYsmdqLjaWjGT8kttnvgOZ4Xuo+S3Ni91maE7u/luaE7LM8K3yfRwri5o75NTwrfX+t+H3KbxLAYs6zxz5Pc8c85ZePlf1yXBXAKioqKioqKiq/R57/QUhFRUVFRUVFRUVF5ffLbxLAXgF+aE0GzGxkGmhLgRXmtrYKZjYCa7tnkKJYIvcMfhbRZ6vFTEYB20oB5IC5nQELexPW9gbsbK0INNgwMsyFwkgDh7p7c7W7G7c7GnmhjX2T7G2j43aylmtxllyJsuBqlA3Xom25EWOnSNnXkk1NtDU0pWxub+SNtjqFt9sbeKeDSeGtdgbRp+f1JC2vxdvzSqwtr8bb8VqcPa/Ha3kjQcub8TpeiTfwYpyRi8G2HPXScDbIkhdiDNyO03Mjyl7hhVgddxL0vJSo50XBK22NihR+LdmOtzpqeb2rnls9Xbg8LIzNA2MZ2MIdD50JC0PgT1G+jpGCCDTGCEX4mjuEYaVrjZU2FBv7YEErrOxbCAKx0AZi5hCEmV7SAjNDgMBf4NeE0UfB3OSDhaM3Fk6i7uyFg38QNm7ueLVqQeuIIM6d28/9b/5A7ddvCl6l/pvXBK/y4Is73PvkBnUy4vfTK9z/y3nuf3SWmj+fpeGvZ7n3hyM8+MNhav5wiNp3D/Lgzd18/+o27r+6hdrXNlHzygbuv7iGey+s4sGLq6m5vYqaWyuov71a0LTXb821JdTIvX5vLKHuerWoL1Tkb+1VKYBF/VIFtZcraLgyj0fXZfrnpmjfRtH3SNB4sZSG88WCOTy8UCQopP7cTBrOzKDx7DRBAXWnJlFzfAL1p/JplNL35CTqRLvuxHjRJ/pPiPrJPEGuqOeJvjwenmmSus9HAD8rgJ9NAa1EBB8THBlHg4wEFmXNwUweyKhfmRr6cPaTdobSlsj2/UNjuXtgNA/2j+LR4RQeHxpF7a7BfLtlIJ9vHc5rS/uzKTuS2X28GRhiSZcWFsR7WxLsaEaQozktXKzxcbbDw9kBk1GPweiIg8kFnaMrWkd3pTQ4in5HOwwmezFmj86kRWu0R6u3w8Fgr8hhR9HvZLDGVeDsZETv4oW9kxdG9wCcvVvh4hOMW0AY3q1iiGzTnbbdB9Ox7yh6D89kcOp4MnIKmDC5mKmF1cwoX01x1QbmL9tMaXk106ZOJ3PMGBKio3FzccPo5IGl3A9cfg5Y2yifIfKzxNzWGgudFks7PZZGb0LbDWbG4oNkle5i0qIjeEf1oe/YEvrmrKZv1jrS8tYyfeIiFsycx8ZFK1i3egczS9YyKm8RA1IrGZZWyKTJMyiaNZuS6dNYMKeQhSXlzJpeTPfeI4lO6k5wRAKR4a3pENWCAW1DyB4SxsSMCGZOSaK6tAeLJ7bkemUUe9IMvL5sIEtS2jBr5HAyBmQzfsQMpqTkMiNtMOWTRrFgegolBcOZOj2Lofn5hI8cT8yoAjqNnkHPoQV0HFBIh4GFDBk8iNzUjhRkJFA6LoLN05PYnhfD2SlduTG5F3cmduXF7DiujQ7g/DATR4bbs3esnu3pXuzMdeP6wiA+2BzDGyvDubg0keObe3B4d0+u7O/Kq9t6caO6K3uKk9hR2p0jK6dwfOsCDm6dz8FtxWxZlsvOxbnMz+lH4fAO5PVoxe75I8jsH0Tv9v6kDohi8ZzR7FyWz/xpQ5v9DmiO5sTvr6W5tNHP0pz4fUpzcva/mn+vCHb+jQL4H9HcMc/S3DFqBLCKioqKioqKyu+b538QUlFRUVFRUVFRUVH5/fKbBLCHnw92BgdFAEth01RK+WvTxPMCWJQa0a9E+cnS2vYJT0TwExksJbCZrV5JG22j1eFob0uwpYYFnUM42L0lR6O13Iy1580kA2+1NXJb1C+FW3A11pbLUXZcCLXmUpgN1yLtuRXjwIvxRl5KNPJqkpHX2jaJ4NeTHJpoo+M1wevJ+iYx3M7AK0laXoqz4ZUEO16Ot+WVOFteirHm5VgbXovTcidWz+14J16Ic+FMS2v2u2s4GWjGjRijQM/VSK2CrN+MNShcibHn1WQTbyZreTvBnD+0MefNdtZcSLTi4qAQjmZ0Z3BLDzztbTAY3DDTeaExBgqC0BhaYubQEnNdMFb2LbGxD8LOLgBbO1+s7b2x0HqIMQ80Ou9n8HyC7HfHTO+GuVj3R4xuaEyumJlcMPgH4OjrRYvW/rRtF8Gnf32Vmu/eoe7b16j98g4PPr9JjYz6/eIGjV9cpfYv57n34SlqJB8cp+a9I9x7+wB17x2kUVD75h7uvbqV+4K6VzdR+/Ja7t9exf0XVlLzwioFGfH73aVF3Lu6mLtXFvLdhfl8e76S7y9U0nBjMXXXFiopn+uuLaBO7ut7dT41lyuouVROnYzyvSLmCaQAlvL38eVSGmWq57OzlfTOSopnRf4W0Hh6qiJ7G0/nK3v53j86joYT42k8Pp66Y7nUypTMSl8eDcflnr5Zoj+TR6fyeHxGSt6cH1M8PxW+UvZKmhPAigR+IoAbRSklsJS+kqdC+Kn0laXSPpwl1sjm/uGxPDiQQuPBJgHcuHcYjw+OpvHAGD7dPJz31gzn8NQEFg/zZ1p3V9LamOjf2ppO4v0X76UhzM2MEA9bAlzt8HY14OZiwslZpoFu2hdYb9She1b8yuhfGQVs0KIz6MS4g3j/6TDopQQWf3tOLhhdfXFw9sXoFoDBLRCjewtcfUNx8gnF0SsUnYt4P7q0wCUgCt+QBKLjO9Oh8wB6Dcyg/6hJgon0Hz6OwUNTiY9NIjiwBa1aBKHVGjAzE3/zluJvXn4GyM8CWxvMxeeIxZPPEksHI/bivLYe4WQVrmX6suOMmbMDa/8BlK+/zs6jLzG7aAE5WfmMHVvAsJQSBqYsZuDYlUyYtYPVG8+yeuVWZk6ZzITs0WSNHUNa2jhS06cxYsxs+g0poLhiC6vX7mPhgsWkjehPtzZBdE4MoGWQJ63DWhLW2pfwVgamDW7B5Tmt2THKmrdX9+ZwSU8Kc3szdMQg+g8bSu8hQ+k0cCBt+g2k55AB5GUNpTA/lWHDBjClcgXjixczYWoRWaMy6N1rNJ27Die1UzRT+gUxfUwIuWmtyMtJpkevBAb0H0X/XrmM6D6BiUPGUZWbypbCwZyq6sPNhV04NyeS3RP9mT/QnlnxFhQmWLF+XEsu7k7n9rXxvHa2N2/tS"
36561 [Forwarding screenshot on session b1310904-d161-49ca-a1a6-530fba7baea8 to remote] DEBUG org.apache.http.wire  - http-outgoing-101 << "+SFFcHc2BjP+uJQSifGkDokhD49vejRVUduegALZrVjV/UoTqzJYcfCYexe3o8tFd1YPC6G2QO9KB3mR9nwFkzo7vJ3n/+/hLtPxi/ioZD5y/hm4vkLyLF/hLtP1v8VPBSyFZQ+KYIFbt6ZuHllKlG+v4QUwE7/QQH8fwZ1D2AVFRUVFRUVld8zz/8gpKKioqKioqKioqLy++U3CWBXLw9sHbTPCGCBtSx/SQA/lb8yzeuzAlhgJUspgaUA1ol6E+Y6I7Zi3N/anKEeeqpjvNkX48qlaBO3orS8EK3lxXgTL7Rx4WKskQsRDlyJMHAtWspYEzejDdyM0jeJ4DgDd+L03Il34OV4HS/F2Ys+O27H2/BSGy2vtzPwZgeTIoGlFH5ViuB4W+5EW/FSrLUSDfxqvFasYeBKuJ5rkWL9GGdOBdqw303D6Ra23Ih2Ejgq41fFdVyPMnFZXNMLiY5cj7bjZXG+d8T53omz4L1ke97ubOR6F1dO9WvJ4dT2FCT4EK83x8XOFjtFBLuicfDATO+Dxt4HS60/tnYSX2zsZPSkq5jjJOY4YWbvIhBtgblSOiuYS7TOWDg4YynmWQjMdY5YOct1jeg8vNC7u+Lm506LVl7s2LGcB9//gQffvMq9T29w968Xqfv8Eo++uEzjJ+eo//NJaj88Qf0HJ6h97zB339zNvdd3Ufv2bure3Mm9lzby3a213H9pA/Vyv98XVnFXpnu+uZx6Ua+7tYLaG8tpeGEFj19azSNR1l9frET9Nt5a0pTu+aqM/JUCuAm576+y9+8T8Sujfxtl/XI5P1wVSAF8rpD6s7N+lL+NZ6YpKZ0bTuXTcHqiEuH74FgO9w9l0XAsT0GK35rDWdQdyabxRI4oM3lwMI3aI+k8PDmOR4K6oxnUHc9WxK4UvlIGPyt8n/Y925YiuV5K5WO5P0rgpraY80QI1z6RwvLckgfiOh4czqTm0FjqDqTQsH8kj/aPoH73EBr2jKB292i+3TGKjzeN4NMd6Vws68qBmR1ZkR7OrN7upCVo6RdqTfdgG5J8LYn2tiXUw44AV3u8HbW4GexxdHTA6GTE6GhEb9SjNejQ6fXYOeiwd5D7BDtjkvsHS1lscBRjTtjrnHEwuovjvMR8d7RGDxzd/cX701ORws5erXDyCsbJOxiTewu8fELwkG3P1jj7RuMbmkxYXFeiY9vTskUIro5Oyt+0ja0OW52L+NsXf+tP/gGIhYz8lZ8n1hai30K8v/Xi/euET3gH2g+exJD8JUyqPoK+9QBGTlpIWdUa1qzezM5dx5m3/CDj5+5h7IzdpExYw4jUEkYMG8+4zEkUzamgpGIJU2cvYOIsma55AanjihiTPpmRw1IZ1n8gY0cOo6R4DguWVDOtuJTM/LkMHD2ePoOG07VzMpMGhHCnLIYj2UbuLO3IgbntmJHXlbQpWaRMzmVEbiajx49ncN4U+gwbRuaQLpRl9CK9RxxJcQm0Se7E4AF9yRrWj6z0NCblT2BJTicqhwVSlh7Lyop0sjIH0nf4CJJ6p5LUdwLt+k2kbfcxJHbsTYeO7RnUvjUFPQLZmBPBnlmJbJ3eloOTo9gy2oNNuSGsLGnPqiUdWF1oYtdMey4u8GHHbEeWTfUnb3gAQwa0pv+gMHr08aBXDz39uuroJd433WMdGNzdi6H93chPC6Uqry1bCnuxfXYP1k9OZvOMLs1+BzRHc3L2WTz9sn6R5qTxszS33lOeF7P/VXj4ZotrH6cg65Jnx5sTv0/5rQLYTZzrl2hu/rM0d4yb7zjBz+WvKoBVVFRUVFRUVH4/NPejkIqKioqKioqKiorK75PfJID9WgSidzRhaWuDhZS/VlaYW1ljbm3zBLufsLLHTJG+MlW0FMBPkOJX8FQSP4sigrWOWNoZcTCzJkRjxihHe8p9DWwK0HI0WMeFCAOXo525FOfB+Xgvzke7cjHcyKUIE1cipXR14nqMiRsxBm7JaNwYB25F6wRabsfqeDFelIn23E6y504be15uo+OVtjpebevAy4laXpL7+cbb8ZKMAo6zEdjxoljnepSUvEZuiHNfE+c5GWDFfjczTvhbczXCkcthRjFuEvOcuBCi5Zo4pzz3izE6Xoq25zVRvpFgEOcwcLuDE+fbmzjby4OzQ1uwpI0D3dyscbHXYiuema2DAQsHRzQ6V8y1nuJ5eGJl446FrTMaewMaBwcxJp6VeE5mNo6Y2ZowF8jSzNaIheiXKbUt5d7KWiOWOrnHsgkLowvmji5YOblg7+KMo7crfi29yckdwRefvsq3n9zi+79c4u5Hp2j45Ay1Hx3lwfuHafjwOI/+fILG949Q8/Ze7r++nfq3dlH/xnZqX91EzZ311Ly4lro766i9tYqa68t4cG0JdTeX0/jCSupFWXetWpG+D19Ypgjf+5fmUXNlPg03F/Hg8jzuXaxQUKTvtflKee9sMfWXK3h4dR71l0qpvTCXxstlPL5Sxt+ulippn6UAfnRxDo8vzFYEcMOZKdSfmqQI4MYzE6k9kcv9w1nUH815Jjo3S5TZPD6ZxyMZ7Xssk4cnsvnhdI5oZ4m6mP+MAJblUwH8rPSVdVn+mCZajot5smx80payWZZSECvRxlL8HspUSjkm6zUH0qjdl0L9vpE07htB455hNOwZTv2eEdzfOZRvtw7hm+0j+GZ3Kp/uTOOdtUO4UdWT47Pbs21CHMvTI5naw4sxiSZ6trIh2ceCWA8LQpzNcTPYKGmdXZ0dcRGlo8mAo1GWjhgMjjjondAZnLF3EO8JvSsOBhdMRidMBhN6vRG9gxGDXsw1Oou5AjGuN0ph7I7R0QOTkyfu7v64ewTi7BGMyaM1Rs8wHD2DcXL1FedxxqDVYWtji4WVjPrVi79zgfI3Lz4DrCxFvwWW1uZY2lhg56DHWlxLq4TuFMzfSkzfPKJ7Z2MICKFfShqlizcyd/E+plXsYXLJDgpK1lKxcDXLl62gat4iiuYuZtzkavqnzqN32iKG5CxmeE4puVOLKSyeQ9HsiZTMzGF6fgbjsjMYMiqbrkMm0GXEVEblTmXsuCzyxqdTUJDF3IwEXquMYVUfc7ZkebNybCC9E9zwbhVAcGQEHZOiGNwxljFDBzA+ZRBzRrUXr0Uy5aOSSOnXgX79utOjRwc6tW1NXHwYXbrFMT8rlPXjI9g4pT8lo4eR3rM/WcNGkZY6nFHp/Rmc1p1+o3rTe+hQ+gxIZ0iv0aR0bE/lmFhWTm1H3ygzCnvYsG+8LwcKI1lS1IaVS/qwqzSMSwuiOTKzBYtG2zF1gCNDOvmTnBRGlCAswY8w8RkWH+VMuyg/OieGk5TYmtj2wcQlt6JThzD6dYtgZK/WjO0VTE7/1s1+BzSHd4CUoVJ+NklbWffyz1bw9Gte3j7ll2TvU0H8bN/f0yRf/yM8K2z/vTS33rO4emX8Ii6CZ8Xv82L2eWn77+HZdZqjuWOeRgC7+eYK8hTc/cbj7juh2ddaRUVFRUVFRUXlX4vmfhRSUVFRUVFRUVFRUfl98tsEcGAAepMRSxtrLOT+v5aWWFiKupUNlgp2P2IhBbDok4Ln50hx/PeyWKJEAds7obFwwNZKj4vGhjALc9LdTCxo4UK1ixkb3C05GuLIySgPzsYHcC7Gh7OtnQUmLkY4czXalStS1ipRwQbRduB6lJbr0VpuxGq5JaOAkxy4naTjhSQttxN0Ai0vJNjzcpJe4MBLou/FWHteiLHhVrStIpKvxzhyVax7PdpZ1J3F+o6cC9Zx0NOcw94WXI0U/VGuXAgV54105EaUjpvi3DfENVyPNIi2iRfinMV5BclOXG8rrqm9NS/1FNfUz8Cqzt7E68xxtTDDUWeBua0ZGr0Bja0RM1tnLGycsBB1jb0WjYNtE3Y6zG0MAr14PfRKKbGUbVtR2jpgJUs7PVb2Yp6DCTODI5ZGEzaOjujdXfAK8CS5fSSv3jnF5x9e5es/neH794/w4I/7qf/TARr+dJiGPx6k5p3divh98Po2Gt7cwfe31/LdzRV8d30Z90T54IYor8o9fRdTf20pDaLdcH0p9TcW03BzCQ8lot54vZr6JymeG+S+vjfkXr/zeCD3+5XyV"
36561 [Forwarding screenshot on session b1310904-d161-49ca-a1a6-530fba7baea8 to remote] DEBUG org.apache.http.wire  - http-outgoing-101 << "8peUdZeKufBubnUi7LxStN+v/UX5vLwUgmPLpcqErjx4hwazs3m0aUiwWxRn079uak0nJlM49l8UU5SUkA/ODpOSf8sJbCS+vm4FLS5PDwpkX2Zoi+Lx6dkv4wMzv6nAvhpnyylAJYRwVLoKtHFyjmahO9TIfysAJZzZKmgpIZOp/ZAKnX7U2g8kKKI3/o9w3l0YBSN+0dSu3s493YM4e6OodzfO5pvd43ky+0j+XzHaD7elsKfNqfywuJBHC/qxuqsWOb09WNsvAM9A82I9dUS4mUkyF1HoKsOf2ctHgYb3Ay2uBoccBLvMSl5pQjW6l1wEO8Rk4MWg70NDnbW6O1tMel1OJsMGB0cMOj1GAxGjOI9ZDI5CpyU4/XiWK3RC62jPzrXQPSu/picvZQ5Bp0WO1tb8R6Vqd9lpL8DGkvx/rUUnwOWFlhammFlYy6wxFarVf7hQkB0B8bNXkpOyQZSChbjGxJLcHx74gdnkpw6jYLFm6lesor1C6qomjyRwvH5lJUupmTxVmZUb2PWop3MKt/ExGkLGZk2ib5D0+g9MpOeaRMYnF/C8IJKcoqWMGPuIopmlVI2YwbpQ/qT0rsDw7rFMbh3e7K7+3O7KILSthbMH6Dl0NQwVhZ0oWDiIDIGxdE1yIEYrQWBOnvi/d3p1EJHapKRZVO6Mbp/OMOHtmX0sPZMTe1IVu8wJnT34WZpIi+WtmV7dlvGxAXTKTyGjp1606ZPf2IG9CKqfydi+3Wm3YC+9BgyihGjxpA+rDOz0nyYNzmCLuIzqXSgLycmt2ODeK1Hdw+gVycvSoa6cGJOFMtHGakYZEfF2AiGdI6kdVgUke06E56cSGKHaNolRdAmIorosHhCopLwj43HJzyYoNYBxMS0IDkugHax3rSP9Wn2O6A5nhXAMuXzjwLYL/ufpnL+lxTAMv1zM2s+RUkF/Qu4Cp4XwJJ/LGl/Hc/K3uZo7hhVAKuoqKioqKio/L559scgFRUVFRUVFRUVFZXfN79JAHv7+qDTOyjSRmJmIUoLqyYJrGD7DHZizi8JYIntT4i5ErkvqJm9EY2lDmutC3aWepw0FiTrHJgdEcT8ICcWu1uyytmMzR627A1y4WSEN+cjPTnd2pUTrYycbGXgTGsjFyJNXIw0cClSJ7DncpSWqzFarsXYczNep3AjXsvNOFHG2ivIfYNfSjJwJ0GvRAvfjLLhWrgNV8LtuRKpVwTw1SiTwrWoJgl81NeKfW4azgXruRzuzIXQpijhGxFibXHua5EOXI4wiGsxcinaiVtt3LndzplXO5h4pZ01LyZquNPOkvO9/FjdPYJODua4mWsw6i3Q2GjQ2EppJgWvAXMpyO1EW2uFRmelRE2bW+l+EQtrrYKljU7Bws6AhYwG1huxNprQuTjh6uOKf4ALm9dVcO+zO3zzx1Pc/+NBat/dweP399L4h73Uv71bEb93X9nEg1c20vDaZh69sYWa26u4d30ptbeW0/jiCupvLaPm8kLqrlTTeHUxtZcX8ODifKVsvL6IxmtS9lYqe/vKKN+G6/OpuzqPe+fLFQEs6xIpf++fm0vthVIl5XPD5TIaLpRQf/4nAdwoyoYLRaKU8reIhxcLRXumIoEbzk2j8fxUGs9OpvbUBGqkpD05gbojOYp0lSL2oZK2WQpfGaWbIfozRFtG62ZSL8pnI32fyt6nErj+RK7SVyPWkuL3qQB+Vu5K6St5Wn9WCMs+RQwfkYhzHc6k7uBYQRoNstyfIhjNo0OpAtF3YBS1u4cp0cA1u4f/yL3dI/h+1wi+2TmK7/en883+cXyyexxvrEvh2JzOrMqIJLeLDwNiXOjYwoZkXwslVXSUuznBjma0dLLAz2SDu9EON0c9Lo6OOJlEadTi5GCDSeCot8PJYI+T6DM62GPQi9Lg0IRRj0ngKGWw0RUHR0/sTd7YOnpjZ/JAb3IVc4wYdLbY29mI9+ATAWyjVaJ/zS2slc8RC0szLK00WFmbYWVri5V4j3qGxJI6pYJRUxcxad4WItoPxCkomqgegwlq04HQuHjat00gbfAgqksqWbt8G1OnzyM7v5iC4nJml1VSUrmI+YtWsGbDDpau2cmkoqUMyiqhy5hCOo6cTu/UAkZnTCIrI4PxY1OYN6eIxXPnMn/6JHLSx5DXO4x357VhSQ87lgxz4tj01sxJacWIIQkUTurNgsmj2VBUwsys8fRIiifS20SilzU5PZ3I6ONHqJeGuJZWdA2xZnovX9YM9+O10hhuzY7kaEFn5o3pTubAPrRpk4x/dASescF4xQUQEBtAWFwr4hIiaNsmkl6dg5iVZmTJ7HDaRVhQ3Nufo7ntWTsmjpnpfclLH8S84aHsmRRF1WAjkztaUjomisFdE4iM60Bst0FEdOpElz6dSBnem5zRKfTt1p/E5B607tCFxF496da3J/0H9KBX9yQ6tQkmIdK32e+A5vDxH4eXbxYe3hkKsu7tl63g5ZuJp88v8/QYybP9cg3Js31/T/Z/GA9veb3/MZpb71ncvTJ/ESmAn8rfZwWw5Jcl7a/jeeH7PM0dowpgFRUVFRUVFZXfN839KKSioqKioqKioqKi8vvkNwlgX38/9EYDVjbWWFpbYWllhZW1lL3NCWBbzEWfmbU5zQtgiRTEP4lgjdIW/TaibWfE3NYRW0sHPC2sGejtSmV8EGsjPVnibMkKvYZ1Rgs2u9iy31/PiRBXjoc4cyTIwPFgA6fDjJxqreNsmI5zEVouRNlzMcpO4XK0vcKVGHuuRkspLNFxK97IC/EGXpRlrJ4b4phrEXZcam3LpXCZ1tmkcCXSwOUII5fDjVwI1XOqhR3H/Kw5HeTApTDnplTQETpuRGq5Ks59McyOC6J9MUqMR+sEdtxK1PFysgMvJlkLbLnV3pWrfSJZnOBDe701jpYaLCw0aKylaLfF0txetGWUtA0aOys09oJnoqefxcxSK8qnEtjhRyxtRGmvx8rBiLXehNbJCWcPF3z9nEkd1Z2H377BF28d4v7be6h7cxMP395CzetbqH1zO3VvbOXByxu49+JqHtxepezz++DGUmpuLKHh5lLqri/iu3MyareShksLaLy8iPpLVdRcqKTu0jwarlSJsoIH50tFX5myr2/dlQruXyzl+3NzqblYTv1lOVescb6Ee2eKFPHbeElG+pbScKFYofHiXLF+UzpoJSX0lVJxLlFemiP6Z9NwcSaPLs8S82Q08BRqzuRTd2oSjafyqT0qpa2M4pURvE37+Ep5W3ssW9nzt/FULg0nc5Sy/vjfC2ApbZ8KYFnKPXxl+TQF9NN5UgzLfqX+ZI48lyKJRZ9ESuGH4ryPjorzHsmiXkpgMbdB1hUpnPFECqdSf3AM9ftHU7NvFA/2jqZuXwp1e0cqQvju9kF8t3WgIoO/3TmCL3eO4vPdY/h0Tzof783mhVWjOFrelw0Tkqga2Yqp3Z0ZFmFDN38zOgmSfM0IcdEQ6GKBn7M1bkZrXJ2k8BWY7HFxdsDZScpeLQaDPXqJqOuNDuhNDhiMepwcjQJnDI5u2Dt6YmPywE4KYaNMMy3mSAFsb4OlnfgbtxXvT/mPEWy04vND9MkIYPE+txLvd0uBrZ0dDs7uOAe0puvwXCbP20Ta7BV4tRtEXM9BrFy6mPL8XFL69KFdxwH4x/XHNXYg4V1Hkpo9ibkzprFo1hSqSmczu7KcSUWl5BdWMLu4moWVK9hUvZr1FQtZMG0G0/ImMDpzIl1SJpAwKp82w6bQbUguI1OyyJlYQNHYnvyxIonqDpbM7WbL1uxAJqck0rZ/D9oP6EFMcjuSO/She6/BjBo5gvzs4UwaEsXM/p4sGhPKmLY+9In3onuUE7ntXTg0JY4XV3aneoQLOUlGhoa7kJIcTs7A9kwa24W89BjGjmzJyP6BDO7Skv5tw+gWG0PPuGAm9zZn2dQWdA7XsGCAB6dywlk+xIshHQLp3zOZ+cPj2T+1G2WDPCnoaSuuPYwhfdrQse8gkvoPEc+uA937xDGyXyzjh3enf/t4OrSNo0V0S8Lbt6Ftj1506N6Vju3j6Ns1lpRB7Zv9DmiOf0UBLGlO7v4amlvrWZoTvwreP0UBPy9//"
36561 [Forwarding screenshot on session b1310904-d161-49ca-a1a6-530fba7baea8 to remote] DEBUG org.apache.http.wire  - http-outgoing-101 << "zNoTvo+S3PHSPmrCmAVFRUVFRUVld8vzf0opKKioqKioqKioqLy++Q3CWAvH2+0Drq/iwD+CZtnkJG9MkrVXCDmWkmkABZ9Ao0Ykylgn8XM0hJLc42yJ6hGRgvamTAX2Jpb0cLSnKwAR1ZEe7GhhQOb3SxZq9OwzErDKgcztnvacaCFgSOtTBwJFmWwjqMh9pxobc+pcHvORNpzNtKWc4ILkXZcjLDnoigvRWq5JCWvaF+LcuB6tAO3Yo28EGPklkwfLSN4w8UcwdUomVbaKEqjaBu40FqvRAFfiXDiuL+NEg18Tpz7Spgj18J1XI/Qcl2c+3KYpZhjKY6z5nqsHVdibLkYbcflOD1Xk5y5nujCHZliWhxzoV9rSpJ9CTdaoLPRYCaeh7mZJVYaGwULC7mXsqV4PgIrUbe0RSOe9bP8PAq4KT20khbaWoo3HVYyJbTWgJ3BhNHZEW8fZ+IivPj+L7f45OU93Ht9OzWvrKHu5dU0vrWNu3fW89mVxXx6cSHfyrTOL6/l+yvV3Jf7+koBfGMxNZfm8+3pudSen8fDiwtovDifBtFXL7lYodBwqVIRvw+vzeeRTP8sSrnHb91l0Xd9AY9vLFTGZJ9M/fzwqjxGyt+5PxPAdZdKuH+umBpRf3hNzLkiI4WlMJ4jmM3jq0U8vDyLugvTqDk7hbqzU2k8M5WGU5OpOzGRuuMTqBdlw6mJ1J8cz73DmQo1x8YJssWcXDGnGQF87KcU0LK8L/fyFf1SAMt5EimOFcH7RPg+PUbWnx6nrCHmPT6ezQ/HMnl0tGlPYrk/sZKm+tiTvYIPZFBzKJ26w+nUHkoT7THc25dGnThvg+iv3zeKOrlX8N6h1O0dRs2+4dzfN5LvRf+3+1P49mAa90/m8q1Y+/P96fxlZwpvrB3I+YrOrB0XStkwfyb39WJoopFu4r2aFGRDK287fMX7wdnFgMlJh5OzAUcnvSJ79Y6iFDiYDOgcm5B1vV5GBuvQGRyxNbpgI0WwyRmdUYxJYexgjb3OGks7+Y8X5F7f9uK9aI+VlXhPW5ljY22GvY05drYW4rxOtAyPwqNlJI4t4knom0HmnBUMy5mNf1gik6cXM7eoisrypVRXb2Bm4UKGDM8mJqYdEeHRJMYl0Ll9R/r27kN2Tg4LFi5iQVUVs6cVMHvyJMpnFDB/9kzmzZlDVfk8yiqWMaNkOQWlKxg3rZhho0fQu3syvfv1JLdfFO+WxrC0qyX5ieLzZoQXy6YNZ+K0aYzNSKVnn07EJYcRmxRKTGIkIRERxEeEMjAhmEndw5gytD1Du8czJbMXlSNbcLsijuNF0Uzuasug1lZ0DjIjLsCCVj6W+Hvb4B9gR3CII7ExfnRqH0nfbu0Y2bMfE3r3orSPLZuntqJvazOW9vHmREpLVg3ypEesCxFhHuR3dWdnQQIlIxzJ6mhB/sgQundLoOPAUXQaOZbuI/szanRHcofFU5ndj8lDOjNuRA8SElvQOjGayI49SOzcnZi4GGKjg0mIbdXsd0Bz/KsK4P9TNCeNnyJTSLs9J2F/KSL430tz0vefI+VvjkAVwCoqKioqKioqv0ea+1FIRUVFRUVFRUVFReX3yW9MAe2FTq/F0tqyKQJY8DQC+O8FsBS6TwTwzyKAm2hOAEupbG2tEcfK1MdSFpnQWOuxs9NhMDMjyc6cqS0MrAl3ZUcLHduczVjroKHaTsMicdxaJyt2Bxg51MqJA0F6DgVrORpqz8lwe05F2HM6wpYzETZcjNYqqaEviP7zYXaca23P2RBbLobpuByhV/YOvhXnyM1YAzdi9KJPy/lQW4WLYVpljhTA50N1XGxt4FqUq5IC+pCXOcf8bLka6cLlMANXxZxrUhyHW3MtwpIb0VbieDOuRNtwPsqeM1FGLiZ6cTHeizuRJt6JMXI+3sThfiHMbu9NgJUGe40UwBrMNOK5mYtnZGaDpbkVFhYW4plJAfzzZyiRqaGV9NBKCmgH8Uz12EgJbCHalnZY2NhjaW+PtU6HzmTC1dVIKz8jf37tGJ++tJXa1zZTd3sFdS8s55trS7h7awX3XljJ99eW8vXFhXx1rpKaq9Xcu1TFd2fK+PpkEd9L+XuhksbLVdSfq6D2TAl158sU8VtzrpR7p4u4f6aYmgulTdL3UrlSl6meZdlwRUYJV1J7sUyJAJbpnx9dk+uJ+eeLfpS/igC+WMJ3Z4t4IPoeXq+k/oo4z6W54vhihUfXS2i8WiTWmCHOPY3a89N5KHgs2o1nC6g7OYmGU/k8PleglPePjlOQ+wXXKdK3KaVzo6jLVNGyfLqXr0S2ZXn/YIbS/+jUhKZ5cj/hY9nUHssS9VwenR7Pw9Py2CwaToxToovrxbjcX1imnn4s+qQEfnhMjCnyV0rjPGqO5nHvcA73DmY+iSbO5sGhdO7uT1P66uTcI+Oo2TeGB7tkOuihNMi9gvcO566of7tzMN/uGSbmjubugeF8t3sw3wi+F3PuH07j24Nj+Voc/+WxSbyxZSwHS3qwcmISc1NCyeodRK82gcQHuxLsrSXQ0x5/Tx3e7jqcnWwwOtmhd9IJHHBwMijo9aKt14vPBhP2BidsDS6i7qj0SQHsoLfFzsEGC60tGvG+09iIUrxP5R7iNlZmONia4WRvhovOgpjIYEJbyz1po7DQe+Ic3IZWbfoQl9wDd+9W5BQtZsy0RaQXzGfipFlMz53A6tJS9q5aQ8n0OXTs1IcWYYmERyQQEdSKlp5uJEUEMSV7FIur5jC3eBoT88czedp0ZswqYuaUWUwbl8/MnPFMm5zHxhUl7FtfQvGsbCYNaMWHi5JZM0DPjI4G1g33p3REPAM6t2Fo7y4UTEllTmkWBTPTGDhyABHJXYhv04P40Gj6hLcid1APOka3ILGllkld7Tg6xY9p3ewpTYti5Zz+zJzYhUEDIkju1JrQ2Fb4h7bCwz8QZ3cPHN2ccXE34e3oSjtvD6YnmrF9fCt6tdCwpJc/J1PDWTvIl5x+UXTrEMyM3k7snR3OjAF2jO9myfSUaOJjWuIXEUdQUjvC2kbSrUsEw7qGMGNEezI6hzJxWHuGD25Hyrh0UsSzHJ41iU59BpDUsQNtOrRt9jugOf5VBbCXr7zufz/NrfVreLp3sLvgqbR9Kn7lvsCSZ4Xuv5fmBe9PuPuNa4YcwU/yVxXAKioqKioqKiq/L5r7UUhFRUVFRUVFRUVF5ffJbxTA7thprbGwMkNjplEEjtzH08xcCuAm6WshxY4igy0xEzTNeTZKuAkzcyk0f45GzNfI6F9r0bayxsrSDisrO6yt7bGxtMDZUkN3bwNFUV6saqVjp4clu711rHC0Y76tOfNtzFlhsmWbrxP7WrpzJNSNoyFGjgbbczzUmlOtLTkbbs2FcBvOh0nsBDrOtXZQOBuq43y4novReq7I6Nz4Jq5IYRxhx8VwW0UGX4l0UKKAL4Y5KBL4criJC6EGTgbaccTHksPeVlxs7c6ZINlv4lK4kXOhMspYYqtEHl+M1HJBrHNBRhPLPYUjHHgp2sCdWAdud3DhSv8gymONRGvNsbPWoLGXUdG24tnr0JnZo9PICOwnz0s8G42luUC8LtYC8Rw0Nk3PUb4+1mY22GlssdbosJAS2FY8X3tzzByssTGYcHJxITTQjSMbC/nm5XU8uLVISeH8w9WlfH9+Ht9emMf3l6q4f2kB35+r5MsTxYr4fSD66y5WKWmf750q497pUuovVtJ4pZL6S2L83Fzuny0WfWWKzJUpnWXaZhnZq8jdK+UKUug+ujaPx9fnKeP3z86h5nzxz+bJftmnHHNNRg2XKsj6D7eqeHxzvqiXUX+lhIarUjKXUHuxWKH+stwjeBYPL8ygTkYCny3g4blp1CkRwfk8OJJH/fEJPDyVT/2xCdSL9sPjeTw6kctDGbEro4MPpitpmhuPjVOQfbUHM5R0zY+O5/L4ZC71R0X7aDoNxzN5dHKcQuMJua/wk/5jmTwU7Ua5x/ARsZ6UwVImC2qP5ojrGMcDKZnlnsKCe0eyFTHdcFKK5ImKmH5wOJuaQ9nKfsZSGsu00TX7U3mwf4y4PnEOJXV0GrUHZOrosWKeaIu+B6J+b"
36561 [Forwarding screenshot on session b1310904-d161-49ca-a1a6-530fba7baea8 to remote] DEBUG org.apache.http.wire  - http-outgoing-101 << "18q9w6kiT5xHnHcd/sz+P5gNveOTuDbg7l8sHkULy4dwLHibqzOimJGb3fGJNjRJ9SC9oHmRPuY0crTHF93S7w8tLh56DC5Clyc0cuIX70jLk4e+Hj44+PqjavBGVdHMWY0YOOgxdzBTryPbdDYir9/O/G3LUoZ5e7hYE64py3JrUx0jfSmfVSAOIcTDmJNW2dftN4huIVEofMLIrxzH4ZPnMmoCTPJzJ/FpIJCJo6fQn7uZIqmFzFv7jzmzihmcu54Rg8ZSNcObYiNDCGkhRfBLbyJjw5lxOA+5GWOZsq4MUzLTmFOXiozcsaSmTOFjIxMpmYOZvakEVSOjeFPi9uzrI89UzvqWT4yiOUZMUwaEktsm0giOrYjJDGe6Pbt6DV0KCPSxpKWMpycET3I7hVOWWpbsju5MzbZSNmoYLbP6UOncEeGDehASLAHye2jadcxhkGDu5E+ph9pw7oyvGcCgzpH0bt9GB0TWpIQHUx8kAvFnazYlRfGgNY2lPX1ZdfYEFYN9CYt2Zdx/ZMoH+DNwWkRVA2xp7yfljkjw+jVIYzOXdoSmxRJTFwrImNb0VGcc+zANozqFMigNt4EBznRMrI1rZO70q7/CLoMGU3XQcPp3r9/s98BzeEdMA5PPxndmoGHQNa9/LPx8svG0zcTj3/EjwL4qeyVpZS/UtA21ZtHSlUpY3Oe8KxsbRLEXs/wkzR+MiYFs99PolkRu37P4CvWfFJ/ei1PeXpuL++mc3t5N53X+0nZ1BZzn2l7yVIgBbCHWMNd3LubwFU8LxefdFy80nH2Hourb8YzpD9XyvlNe/Y2h4zmdRfX4yFRzvOTcFYFsIqKioqKiorK/5s8/4OQioqKioqKioqKisrvl98mgP3csLG3xMJKg0amaraUMteGZgWwkiK6efkraVYAWwqsZYpjuZ4l1lJeyv2Ere2wtLXDxtyMMJMt40LcqQrSsyPAlh0+Ojb5OLPaTU+1gzVVtuZUay1Z7WTH7gBHDgc7cURG57a04mgrS86E2XA2zFogSzvOttZxprWDQM+pUFEPc+CcFLPRWi7E2HNRcEFKWylvlXTRWi7KlNARei5HSgms57w49mKYkQutjRwPsGGPi4ajvmKNUA/OhThxKqhJMl8Qx10Ib1qriaZI5EuRei5FG7gWp+dmpA23oq15oYMThzt7MS3KmRC9OdbimZvZyKhqW6w0Vuhlqmf53CzEcza3EHX5vM2aJLAigAUy9bZ4jazMrbDV2PwogM1tLdBoxWvoIJ6x3KfV5ESAp5HNC8fx/StruX9tHjWnyqg/NY8H5yu5f7GS78+V8c2puXx7uoT75yv4/lSJInzvivLuibk8OF1Gw4V5NFwsp1amZz5XRL1M3XyplLrzMjV0sdL/4MwcMadU6ZdtOfbwSrlCnZS/ZwqVuT9I8XtJRhDLSOKm4+svlIjjyqiRMljuBXy1XBG/MgpYRgNLZF/DtQolKrj2kjhWSuIrJTy+ViTWmyXOL1NCT1OEcOO56TSenU7dySk0nirg8RnRFvWG4/k0HMvj0cnx/O3URB6fnCDaOTQckfI3l4cynbOo18r9fY/ICF4ZKSznNwnfhyezeXRKCuBsGo9nNglggRTDckzOqZOyWKaZlpHDUviKUorgBhlNfEZGKE+gRkYly/M+FcDiWprSQ+coUcDyGmXUsLyGB/vHUndInONw5o8CWJZNkcVinUNZ3N+fzr19Y6mRUcSHs5U+Sb04XpknxfDBLL7aPZY/rBnM5fIu7MmPZXlaCHOHBpGabKJ/rAPtgm2I9LMixMeKIB8b/L31yr7BHk5anLU29G6bSIDJiI9Bj4+jCVejUYkStnaww0pgrRPvYXsrdFpzfJytiG9hoGeUK4PiPekX60XnCG98nXU46A3KfsJWLn5YOHli4+qJ0TcI3/A4ojr0oMuAkQweM46UjPFk5+QzaeJUpk6ayuS8ieRPyGfajJnMmDVT9OeRMmIQvbu0pUtiGDFB7oT7OdI23J++HWMZ1qs9o4b0Y/iY8WRk5JI/dhCTM3pTMro1f1zSnkW97JjYTs/SlBB2FnSgMjuZ1KwhDEobQb9BvejcszOJndsRkRhNeHRLEmP8GNLJj+yuHswfFcjeGUkcmpXI9qmJDIg1kTWkPT3bBtMurgVxYV6EBZiI8NcTH+xM2ygf2sSHkNA2njZdutKlbx/6dYtmySBntmWF0DfYmvJBAezODmd5f2/6tLAl2c+evHh7js+IYeFAHRNjLZgzPIzeHVvTpXMcvXu1o3/fZHr1aU+vbvFk9IugaEQYlSkRpPUKJik2gNi2sUQkidctMhL/iEhax8c2+x3QHB4Bmbj7Zyi4+aUryLqHf6bC07G/JwsvJXpYkqvIUkWoPml7+8n688gxWYr5vuMFExRkW475+GYJMgTp+Pik4u0rkKVPmmCsmJMu5qeLtcfi45eKl1+aQPRJga0IUbFuwHhatJ6Bzmk0nvL6xJhPgLhWcYyvuG4feQ1eubi6ZIpzjMfXJw9PzyxatZwoziHu1y2VgMAcPDzG4uE5lhaBE8Q8cc2e2bh7pOPhnY5/kBTMGbh6jcHFKwU3b3GNgZk4e47Ep0UmJrfhOHoMw6dVFo5eIzDJ/pZS1ObgKtaSuMv795uAh89E3LzGi1I8B4XxPz6PJrLw8GsSwG7ifn5OjkDci18err5NuPmNF6gCWEVFRUVFRUXl90BzPwqpqKioqKioqKioqPw++U0COCDIGzudTP9shpmF+f85AWwlj7NQUh1byXWt7LC002FhZoaHuYb+bnpKg13Y2MrIBh8tm/0d2eTrxCpXLYu05syz0lBlrWG1oyXbvLXsC3LgQEsth1rZcTzEnlOhNk+w53SoTpQOAimA9ZyWMjhcx9mIpj2DJWdk1LBoX4nWK9L2rDj2gphzOcrIeTH/dCt7RQJfjXbmnFjjkLc1u5wsOdXCkbPBjpxu6SD6ZZRxU8ppKYFl+mm5luRChFgjWlxDjJbLsfbcjLXhepwdlzu4s7dbCLmtXPC3MEMr7t9GynEZVW1uIZ6H3Bv455iby0hgK0X+Ksg9l0Vb7h1sYaZVBLCZlMP2UgBbYKU3ojOY8HXXM2/qAB68sYm7Vyq4f3wuNcdL+f7UXO5fEG3B92dL+fZUMd8J6i5UUnOunHtSCJ+cS+2ZMh5enMejy5U0XCih5swc6s4V8/BSmegrV/oenC5U+mWfRPY1XpQpnmVq59If67JfHvNYXIesyz45/4erlTwWNIqx+itizatN0cCyfCp7H16v+DEttGzXi7GHV8W5LheKa57J3VOTxXUU0HB+JnVnp4tyNnWnp9FwZjqPzs2i/mQBdSemUndsAg0nxvP4dD6PBDI1c93RPKXv4amJNByfoMhYSf3xpv1/H52SaaOl4M3m4clxCs/WH53K4YczeWJNOU+MncxV9g9+dHqiUj7dc/jZtpKK+kmfREYBy3PWHBmnCGCZjlpJSX0ki8aj2Tw6Js51NJPGIxlK+UiMSYH9UFx3U8Rwk+xtinBu6lP2Gj4oo5tlJLO4lyNNcvj7/Zl8uiuDP25O49X1qRye24O1+cmUjg5nQh9/RrdzoY94z7YLtSahlS2t3TREeliQ4GNPuwBHot0ciPJwJNBRh6feHpODHTp7G/Q6a5z05gR62NAmxJG+ce4MjndjYJQTQ9v40CncA0+TNVoHBywN7mgMnlhpnXBy9cHo4oPO5Imrbwh+ITEER7chJrkTHXv2o9/Q4YxOz2D8pElMmT6dvPyppGZmMXrUCMbnZlI0YxJFU3OYNTGdnJSB9O2cSKi/K97OWkKD/AlsEUb7pLYM7hJD6sBEikeF8sGKLszrYc+4ZAdm9fJgzbg4KsbGkZM9gNSxA8lO609mxlCy8saSljOW4aMHMbBfMjG+VqS1dWZTXiRHpkazK92H5QONjAi3JK2DLxm9IxnTN4GsEd1IHdKVUQM70atjNBEh3nj5ueHq74cpoCUuAYHEi+exKd2fA/nR9A+1YFYPNzaMCmDd8CAm9wgns2csc3q4cGJWHAsHOTCzgzVzRkaREOGJn58TgQHOhIrPopgIL/q0b8HEHl4sGeLGofGhnJ3Xn"
36561 [Forwarding screenshot on session b1310904-d161-49ca-a1a6-530fba7baea8 to remote] DEBUG org.apache.http.wire  - http-outgoing-101 << "6LR0WQPiWXUoCR690qgfec4ohLCmv0OaA73wEzcAjLENaf/DNnnHtA01hxNAviJzPV5Gsn7JKpWEcBSYv4CUrr6TMTdd1KTAFakZ5MA9vVNF6QpAliRwIoIThPjY8XcJrz9xJjfmOcEcK4S/SolqNEtA5+gifi0yMM/aJz47sskoEUa/gFjxPMUdb9x+PuIY1xG4S/O5+c9BgdtT1qHZoux0YSH5dAyaCx+vqPxcBuGm8sw/HzSaB2SJ8oxODsPEdc1Bl//NAICxbPwHCXuYQzuXim4e6fg5pWKq3cqLl5jcHQfhZP7aNFOb5K44v5lpK6HFMDiGXh4N+HlM0kgZfP4J+QKxol7zxL3rApgFRUVFRUVFZX/F2nuRyEVFRUVFRUVFRUVld8nv0kAh4a3QKe3wdrWAgspaS2luP2FFND/EQGspDSW+9o+FcAWylyNlS3mNlpsBAaNhhhrM6aHeLGwpTMr/RxY56sTOLDeV89qD3sW682otNIoLNFp2Oxlx/5WjhwKdeZAKz1Hg+04FiKx50SIluOheoWTYQaBAyfDtZyK0HI6Uu7Ta8fpMBvOheu4GGVQylMhtpwV8y5EGkVbr0hkydkwPWdbGzgdYmSXkxm7XSw4FWTgUoQL5+S4OOf5MK1AimAZDSz3IdYpaxyPMXAoRsf5BC23krS8EGvDzVg9NzoEsrdta9KdtASZabA3l5HAMtJXg6WZjOy1/hEbgYwOtpR7Bcvn9jMRLJ6xhb14fewwsxXH22vQ6MyxcJAC2Ak/dxN5w2J58OYmvjpXzN3jc6g/Vc7d03OV/X3vninh/rky7ony2+OFivi9e1LOK+LeiWIenJpLjeDeiVk8OD2LunNzqD1bqNRlKdtK/cxsZU/fH8dE+/6pmdSIeo2oS+TY031/lbZA7v37+IoUxyXUiLVqzovruzRXoe5isULDZZlKukn4Pu2XfQ+vlf24P3DtRXH+S0U8uiLGL8zmh6tSPM/h8eVi/tuVUh5emEPj+UIenpvO43PT+OHCDB6J8uGZqTw6O+3HesOpKdSfzKdOUH9ysrKXcMPJXOqOZyvIvX8fnRmv8PBUHo2ncpW+x2cnKH1yP2C5Z/AjMfZY7hUsU0jLlNACWZd9ckzWn7Z/ODNJiRZW0kUflnsD5yqSWO4/XHtIpnqWkb1N8lciU0LXHspUInubIoGbBPDTthS+spRRwd/uSuG73WOo3Z9Kw/7RCnX7U7i3dwzf7Enjq70ZfH0wjz9uSeXOymFcqR7IwdkdWZEZStFwHyb2dSKjvT0pcdZ08TQnI8mVlFgP+rY0kehqS5SLPSFO9vjqLAkwWZEY5ECPaGeGJrkzKsmZ0YmOpCQ6kdLOjy4R7ngYrbCXAtjoipneA4PeFReJyQNHk5d4z7pja3BD7+aL0csPZ79A/MPDienYni4D+zB4xEBys1IpnDmV7HHZDBo2gkEjUxielsHIsRmMzUhnUl4W5TMnMjtvNIO7JODp5IS/ixTWFsSI68vt4cZHq7uxZKAjM/oFMmdAS9bkJrFqUnuG9Q6jQ/uY/5+9/46vMjnz9OGjrBOUcz7KWUKgABI5CEkgFEA5C0nkLHKmm86B7qZzQxMFQpEcOrftGXu8OzM7szuzu+PsToCyoG3v7u+93qrnSKBwCHbbM7bn/HF96nkq1131HPGpL3cVs2bNZd68hWSkLyAnK5OqnHTWL5nJ6ysyaW3M4nhtPIfz/HhpoTsvF4axLjuKtAhnYkI9iYiNIiZ1KlGT00iaNpW589KoXDyLTZXz2FSUSvl0PWlRbiRHOvNCniuHS/zICDVjW6YPx5bGKgJwySQv8qeEsmGGHadWRbM3U0vjLFs2FyUwe2o0SSkxhEd4Eyp+I0O9rYl2M1fyti/1onmxOX+zI57O9VE8u8SVVbM0FKU6UDw/lNLFk43+DTDGsAfwsPfvWC/g0V6/I6m+5wFs8P69j4wzeAAPe7GOpY5hD+DRHq8GD2Bf6eXrV2Hw+vUzeP0aqFLw9a9WxGLD8c6yLin+LleOPpb46JcTELQcZ9cCPD0L0QeU4OOVg59XNn6eCwnxyyfUL1eE2UQG5RGmX0h44AIiArMI9ptHgPdM/D1mEh2yiChBZPAiEZ+Fh/NsvF3nExqwhFB9Eb6eOYQFlhHgW4yn22L0sl++1fhLIdx7KZ4eSwnQryEkdAN+ok/3jtcWdvMW45XHPUs7+ARIAXiEB/Aom4h8AYYjnx8lABvE32ViblYYnWsTJkyYMGHChAkTf1kY2xQyYcKECRMmTJgwYcLEXyffSQCOig1Bo7PCytocS2srDMcPGxOApTj8BwrAlkMCsLm5QHoayzgbkabG2tYOrZk5ASoV+V7OrA/y4KkQJ14OUPOK4LBeisB2vOxuzdP2Fuy3NYjAT9uZ8bq3HUeC3TgW4szpMDvOhGk5G66jOcKecxEOtEQ6cC5cPuvEs4bWKI0iBHfGCUR4QQq1sXacj9bSEammM0q+23Ml3plLsY6KANweLsqEi/yiruYALUdczDjpbUVnuINAR2eE9B7WcUHUfSFKy0VR18Vo8R5jT9sER85NcqQjUcv1RFs+S7Thh4l2/E2iBx8kh/BOQhglrjr8LcywsFChUpsJ+1hiaWaNpcqA1RA2KpshEVh6U1sY7gMWmElPaivNfQFYa4GFzgmtvQt+7g4snOKleAD/tH0TX57dRG/7Trov7ubL9i386txGvmyTwq88xnmHIv7ebNvKrfZt9JzfRb/I1yvCb1oMYu7gtV3cESjCb8cmJZRxA1d20C+FXZHnVvtGReiVoq5Ml3FS7JXCrxR7ZdywECzLyHySW1IUvryNOx/uVei/vuueICwFYPkuxV+ZR8YNiLje6zuU+4G7r2ylT4TyvuDuK/JY6F10i7J9Iv+g9Ci+amir5+Im+i41iv5uEe+iT/Jd0C/ipPewfO4dipPvA5c20Hd+hbBZAz1S7BXPdy6t5s5lKQwvU+L7pKgrj3cWYW9bPd3nauhvM4jAYwXgu+eX8+0FUceQOCzz3BV1Su/jnlZRVh4N3SY9j5crAvCAqKdv6H7iu+113JEexi3VdJ+tUo6vlsdZD7SJPshyIo9Evt/pkN7Bos+K1281fWfKudNUzGBTEX2nCuk+XkD3yWJ6z1Qg7xL+ShGEy/jiVBU/PVLMP7ySzSfPzeNUYxynNibwzGIP9me5sXGqjh3z/KhPdCJbb0m6vzVz9WrmhzmTP9GTslQvKqe6UZ3qSM1kexqmOrFytg+1swLInOiFn4ul+K0R69XBBXMHD1ydPHGxdcBZ64SzgztarRsaEa8W8daOrtg4u2Dv44VnaCD+MaGET4hhYkoKyWlTmZuZSWFpKTVLa6mtq6GyqpziwnwWZMwhd2E61WWF1FWVsmvjetbVlFCamcSiudGsyPTnv784iyeznChJciQ7wpqKRDVvrZ/JuuJJVC+ZQcWSTCqKcshbMJfMmUksSItiyWQ/diwKp3XTDDpWxXEk35WThd68Vyh+rwojWLcomuLZkUxNDCEsLIDIuEgiYsKJiwthUpyexBg/UifoSZ8aS3bWNIoXJPNWeQDvVAaQF2vBxjkuvFUWypHKODKC1UwWvzUrp+ho25rCMwWurJtqw6aCCcydEc+seWlkZE5nySIpWk+ibJaeQ0X+XKp24HqROT9Y6c7nWyI4uyKYHVniNyDWkqRwG+Lj3Iz+DTCGd6A86rkKTyn6jkDGPQx5BLJvgEHs/f0FYIGfwRN49PHQElm+RqRJsVfeNVxzD3kfrpfIIwVfP1l2SDT19l8h2l2p4CMFVd86PL3KCA2pISKkgolx1SREl5AQuZhJUTlMjs0mOmAa8SEzSYyczeT4uSwtWcumlbt4du8rFCyspHBhNUlRM4gLSWXapCzBArJmFbO8agurl+4kfVqJmOsswv1nE+I7lzD/LDxdZhPok4uPey4ezrkE+lbh71OFh1sJXl6lwibl+Okr8NVXin4KO8o7jcV4fAOk4DtGABZ4+zcoY5UC8HjxV2IQgD0CRoq/y00CsAkTJkyYMGHCxF8JxjaF/ur58WGyg4IIEmQf/rEhrrNReQ8Kyubwj8fkH0Fno6FcUPZhf"
36561 [Forwarding screenshot on session b1310904-d161-49ca-a1a6-530fba7baea8 to remote] DEBUG org.apache.http.wire  - http-outgoing-101 << "mwk/T8lij0fbrc/LzppFHPY2Gks7U+Esr4a6TSW9u/Kf8DYBT8+nP0HfTPK99bYaTTtL58fczh7xG/QY2EoY/it+vefxz8uf8j4/7Tc+30X/Dn169+Lv+7v7a+HP/T31ISJkXwnATgsUo+VrTnmFirFA1gKwFL0HS0AyyOKRfwfIABLVFK0lHkUAViltKGIwuaybi1aKzVuKjPiRP0VQd5sD3biWX9LXtbbKCLwK75qXvPTcdjXnhdcbNhva8Z2Uc8+tQUveTrwbogXx0McORlqz+kwB5rCHTkT4URzpCNNYTpOh6ppEpwN19ASpaVdHs8ca8/5GBFG6eiMNtAh0jrE+4UYB+XY6GHkPcJt4Touxbhx2s+WNx1UvO9hQUe4SIuQIrDIJ/KcV+4ell7DUlS2o03EdcY7cjnZiSuT1HyUZMv3JwlitXwW58blpBBemRjKQg8trsL+ltbSNgaBXB7xbCbsZiZFXzMbrM1sBTZYmYk45VhtYUMxb2ZWtlgK+5nZSgFZIuZH64xG54KvmwMzxLh6/v4dftK+iV83raendRtft23mm86tCl/JZ8Gtjq30XthJV8c2brVtoUuKwB3b6RLPfRe303tRCsMbFeFXCrqSHukFLBh+v9WxUQmlSDwcJ8tJZL5hgXg4XoYyTqnnkkHYldy+uEX0bRO3LkjP3h2K+CtDKf4Oi8LSI1geFd0r0m6JOHlctDwmuk/Ey2Oi5d3BvSIc/HA//fLI6Ot7RL2ivitbuPvBLoX+a/JO4y0GRHyfCPuubqX/6jYGrm1n8NpW7l7byMDFNcI2Kxm8tJY7V9YxeHWdEtd3cTUDl9Zw98p6Bi6L9/OruHmmiu5z8l5gg8A70GEI75xfxrcXV/DbS6u4e2H5vfi7F1cyIMr1dixXGOwU7SjIo6Hr6WupVQTgOx11Cn2KAFxNX6s8floeFS3vDq7m9plKhe5mQ5qk51yNIf50Kf2KAFxM38kCuo7l0318Cf2ni+k9WUj3iSXcej+fr4/mcut4Pj1NJdw+W84vTxTwsyMF/OSdAj7fO53rW9J4YaE7T853462qiZxcN5fX69J4sjCe/Uui2LbQn21ZXuzIdGdnphvb5rmyfo4La9L1LJ7sQ7C7JTqtBZZ29ljYuYhnB1x0DjjbOWKndUSrdUJj74qtgxu2jiJ0chY4imd71M52aD08cfAPwz04mrC4CcTFx5E8MYa50xLJzZxBVWk+q1fWU11TQ0ZOHnOzFrJkQSa1eemsLpvPyppMNhdG8j9fns2TWY5kRViSGeVARpD4HalLIn+iDWl6W6aHeTEjPoAFs2KoLp3P8uoF1C9J4YnqFC7vz6JleTBXGrz50YYQmhfb81+eSufavoUcKIxhU0Eya8rSWVmdx8LMqaSlTVTEYP/ISLyiJ+AWnYR3RBSJEa68WujOifoQ8uMsWTvDkfeqInl1cQi7i2awtnAuW+Z70bQhgd1ZGuomWLK5IJ7kCXr8g70JiwokNsqHxBhvFiS580y+L02Lbbi42IwLJTo+3hRJy7o4Xq6JpXyWN0mxbqIfwUb/BhjDJ7AKb30lXgEVo5BxPlLoFaFRvpMAXIvvCO7HS49YA9I7Voq9ngIPhVol9JRHTPstw893Bb6+K/H1k3f3DiOPTq4jwL8GP58iwoOLiQ0roKpgN68cPMvejYdYX7OZ4vmLWTQtncVzFrBz5Xqe2rKdrctW8Kt/+ideP/gkB7c0ivdlrCwtoyB9PuXZOWyqq2dddTlNb73ID6628fKBHayvqyZr+kymxCWRHDOZGZMzWDinnMkTcogKnk9CZD7BfpnofTKIEP3wD8jDL2CxsE2BGHexoEyMWdhS2s1f3ossBd9lYtzLFeQ9wfKoaI+A+iGxd6T4KxkSgPUjxV+TAGzChAkTJkyYMPHXgrFNoT83Rm7Kj+UPEkD+PQXgEW39ScWaoXbGtzEkGP0pN/VNAvCj+asVgMeuL+P1mwRgY/z+AugfXfj5E327Sj/FOngwss0/MwH4P+QbfYANlL78+/+mPvp7+1PM2Z/ZOvgL4N9LAP5z+/01Pm7D35y/yPXze3/nf9xv5TsLwDZq6f1rhsrcjOE7gO8jhWARNyQAK57AI0TfkRgTfw1IIVPkMTfHTHq6KgKwFSozG8ys7LA21+CgssBDpWKWuzPrw914MsCKZ/2teSFAzYt+al721fCqnx0veep43k3DPtHnraKuXWornnPTKZ7A74e4cCJU4iRw4FSYAydDdZwM03A6TEuT4Ey4RqDmXISG1kgtbVHymGi7e7RF6eiIsVeQz/JoaUlrpBR1nRWOelpw2F7FST8r2iPsaQ0T5UTdBqFYQ0uoPE7anhvRTnwguBJvR+cEG85PtOKDRBv+JsWev5noxNU4Ny7OiuW51EjmONvgJMZvayPsYyWQR0KLsamshY2s1YoIbKWSSDtKUd1cpJkJ+0kR3RYzWU4jEWXUjqi1rrjZq0mLUPPTj57l552b+aalka6WLfyqaS2/PruWr1o28E3rRm61NSr84sQKvjyzllut0lN4C92tjXzTvF6UW09X50Z6L0pRdxO32tdzu2OD8v7tjV389sM99F3aorzfvb5T4c61Hcq7zNdzoZHBq9uVvLLsyHeJkvfyFkV4vXNDlBVIAfaeEHt9h4J87ruylZ5Lot6Lon/yfuFre0Uoj4Pex+CHT9BzdQ/9Hz3BLZn2wX5uXt5Jj7z/+NJ2booyXdJDWB4RLegR7SpHSov+So9i6XlsOFpavN/YzeAH0jtZegSvo+v8KjH2NWKc6xm8tlHYZDk321fQfWE1/Zc2iLTVIm4Z35ytEXarZeD8Mu5cXEFfZ4OwZR09bUvp66jnroiTafJdHivdK0XcC6tEvhX0tC/jdovI21pvEIBF/j6RT3oQ97XWMNBWy2DHUuR9w33iuedcFfI+YnkH8V3RjnyWccPx8o5i+Xz7TDm9IrzTVsNvRPm7bfJI6TK6TxUxeKaEb8+V8ZtzpQw2FdJ/ajEDpwuU46L7pXB8uoye46V0Hyul91QNXaeW8uv3q/jpe1X85P0a/uXdKr7/Qg7Xn0jn0p7ZHFsey7vVIRypDRfP8ZzaMJXXlqWxp3IqIc5qsSbN0TrqMNeKb97RERtrS5ycHNFo7bDROqC2d8JGJ+I1Dtjq7LGT91nrdOi0ahzsRRmxpu3stNg5ueDk7Y9HcBQ+kRPRxyUTEBlPaHQcU6emUlGSz7Z1y6jKzaQ0czr5cyaQMSuaLUVR/NuhWRxId6AwxY3lOSnsKJnMU2XxvLpqKlPcVcSIbzvaVY2Pzgp30a6vg47UYA82507hzMZsXpjvzjOTrTme5cipRY5cWzeRzdPUlCU7MjvBl1mz00iZM5epWdkU1dSwvnEda1ZUUl2QTvaMWCYnBDJzgievF3rQtDyMkiQtSxOtOVodxUs5AcwLsGF+vB+b5rlyesNEdszXsjzJgk1LRNnEIOKTYgmK0BMa7kNIqAeJYY5sW6Tn7SXOvLvAjLdy1VxeG8mltXG8UxPFwaoUVhVNo6RgntG/AcbwVbx5Kxm+X1choAIfvUEAlnfsGkek6WtFXumVe99L11vgI4VhgUwzhuGoZ3mMc5USGrx+DZ69UgT1Enj6NQzdl1uniMDS+9dTegT71eDrV4e/Xz3+vssMoUIdASJN71dOcEAJwf65BHjMIik6m6d3vM65dzsozSomI3EKaaGBLJ6aTHZKPHlpE1gyYyILksPp/bcfsbY0g0xh+6qsKSJvCPnT4imenUxuWhzFc2N4aWcxP7p6mLeeWsaq0ulUZCdRkpVC2cKZLCtbzL7GjRw9/CbvvfYu6xo2khI/Ax/XcLw9EggMmIevTzo+Phli3DkE6AtFWIynd4kYt5wHaQMxdinm+i9H3uVrYNmQ2GtcAPbU3xd/vfQr8ApcaXSuTZgwYcKECRMmTPxlMXZD6M+R+wLw/c35+3F/pE3yP7YAfK+++/xJBUeTAPx7YBKA/3RjNwnAj8/vv5kv7fFHFTr+Xb7dB43zz0v4U9bov/ta+/OywaO/tz9Ff/+8bPCXgEkANp7+188f91v5TgJwcJgfVrZmWFhJ71NzRQAe6f17TwSWR"
36561 [Forwarding screenshot on session b1310904-d161-49ca-a1a6-530fba7baea8 to remote] DEBUG org.apache.http.wire  - http-outgoing-101 << "zj/QQKwKGtmKxChufQgVqGylPfdWioewGYWOixVGjQqG+xVKmKd7KkNdWNPoC0HAmx4yt+W5/00vOir5WUfOw552/OylwPPuGjZo7Vih9qSXYLnXTW85e/E0VB3joQ6czTEkeNhEntOSBE4VKuIwJIz4TrOymOhI+yUe4Lbohxoi7anNUqn0BatU8Rg+dwcbqsg7xZuF/nbIxwUwfd9L3PecTXjjF5NW5iTiHekVbTTEqpRvIYvivo+jLDne+EO3Ih2pDNe1DtRw8UkNdcnqfksyYEfpHrREu/G0SnB7InzZYqNBRozaR+BTtjIzlzx8lWp1ajEPFgKG1krR0ILu0oB2MpMzInBQ1s1SgB2VgRgdwct0yN1/OSDZ/nlxS3cbNtMd+sWvj63gW/aNnKro5Gu9s3cbmvkZutGutvFu3juFvS0CkTYK+g7L49LNgi8UghWxN8LIk3QLd6lqPtNy1rlWd6123N+k0CUF8gysqxM+6bVkEcKwP2Xtyp38w7XKeOGRWAp8vZe2qy8Dw4JwD0XG0V/N3D7/EbFU3dAHvN8WR7/vIvbl3bQe20PAx/sp+fqbkXw/erCVnpu7OW2yCeFYBl+IwVpKSBf30nvDVH+2g6FPikISxFbHiEt3rtEH6Q4PPDhTu5+KI+u3kr/9UYGrm3hzo2t3P1oO7/9SIrUwp6X1ou+iT5d3STeGxUP4QF5RLQ8OrpzGX0XlnP38hoGLom4CyvuPfeeXy7Slyv5Bi6uZlDQd36lIgL3tDXQL8J7dw231SmCrhR/73bK+4Olh2+N4g0sn6UgLEOZR8b3ynglv6Gc4iF8VnomyzRDendzOV1NJYq370BzGXcEfWcK6Tm5mN6TBQyeKuXOqUoGT5bT834Rt95bwq0jBXQdL+XWiWK+OFbAr08UCYr5yZE8/vHVLD7dP51LjRPpXBdNy8pImpZHcGpVAu+sSOHFFTOZLb4Jb3szvNw0Yn1aYOegxsFJh6P07nWwQ+foiMbBEbVOoLFHK3DQCdRaHMU34KTVotVqsNVosNSI3w07R6wd3bBx9kTn4YeLrx6foGCCwkIJCwsiIiSABTNTKciYTmneDIryp7GvJoH//VwKz2RoWBCjZm68D6XTg9i5OIrWfblsyImhIiOF9JQopsaHMDHQjWhXKxKdVMxzM+P5vHBeWujFK0M8n+XOR0/msznTn/r5EWRPj2bunDQSU1OYPD2VlMkTmZIYQcbUGMqzp7CsaA4N5QtpKEjjnTIfjlT6UiJ+D+qTbZQjoJ/J8iJf/CZMDXOhJlFL06YkNs/TsXKyJY3Fk5gzexLTM2YyZc5U5mbNInVGChlzJrG5JIlDFRG8XujN9nQndqS7sHmmA5sXhlA6K5RJ0X5MnBRv9G+AMaQALAXdUQKwQMYNpz0QfTXyXlsv5ajm+wzfdStDY/gESPG3En/RjgyVI5+HBODhe3w9/JYpArDh2Gd5VLLMV4avX5koV64IvQF+FQQMPev9Swn0KyTYNw+91zwi/OcQ7jeFuSlZnHj1KKdeeZOGvHzWLFlE8bQJLM2YzO7aHHZUL+DZtcW8sWspexuyeGd/Pa9sLeedffUc3lHDm7vreGpVociXwdNrsnl69TyaXqrng5O7uPjeNk6+uIpNlTPZWpfF4tkxFM5P4vhrT3Gx6T1WVRaRPVMe3z2f6SkzCdVPxs9rMj4eqaLPcwkOXCT6n4e7R44yNmkXKQJLAVgKv+56QcAKET6eAOwVKMVfkwBswoQJEyZMmDDx14KxTaE/N5RNyCDJCAFthMB6T2waEkFHi60GQUrG3ds0M5bvAQKwsuE4lHcUj7sJabRPfwKG2hnfhmHDcOQm7vgxjRWAhsqMyPPQDUelbVFH5/2xSsb1ZYQtFMZtLI9td6Rgen/j8/56EDzmPIwqM8To/t1fJwoj6jW+6WxkI3aM6D8+bYwA/LD894TU0TYZPw8P7vcwjx77SIbaGzk34/o+UuQdaYfRfTVgKHfPhqPG/GjhUen7qHUyPN6h/gz3bczaGje+h9ja8D08aHwGRvZj+Hn0dzSy/IMZ/+2NndOxNrxf77h5HLtGR6SNG//Yb0+pd8zakdyrc3zag9fMoxi5RozHjxrbqDVsvOy4dTFmfh93PoYZPy+y/OO0PbxWxszbqDUrGZOulDEyp8PfxLhvbjjuft7R/Xq8foxvb3Qb4+w6hgf2V0kfs2bG/hY9YI4eXqcxxq7N+/kfNb5Hr+s/bAz3y49m/LoaM7bheX7U79e471cwtm9jeFTbSrrR8RnGNL78yH6NXc+j7TBcd+eoOgx5Rs3RmPYfOn/jbD/8DQyv/fv1PGoelXbEOh89xtFjMMq4eTA2nyPSh9s1Ms9K30fYW5a/Nyej6rmf/rBvZVzaQ77jYb6TABwQ5KWIvxbWUky0EM9WmJlJQXeMACxF3j9EADazxkKlxlxlqwjAiripYI5KEZq1SpqtmUBlhqfamjw/J7YG2rHLX80+P1ue9tPyvJ+OF721igB8yMdR4Myz7g7s0dnQaKFip5UZzzqreSPAhXeCXXk32IkjIQ4cDbHj/RAdx0O1ihB8QryfFpwJs6c53I5zEfbKXcEtUQ6ci9QpyGOi22LsaI2W9wnbKpyLVNMWIeLD5RHRzjQHaXnHxYwj7uac0cu7gp1pDRV1hMi7hZ24GGXPh2FafhCm40NR9/k4R85NcKA9UTwnarkyScNHyQ5cTLCnc7IvpyYHszPamyi1GVoxHsWjVyeQxzpr5B3Kwo5mNtiorLFWWYpnYUsLOWciXnpT3xOARV61Mza2LrhobZkaruV/XDrALy9u5qtzG7h5dgNfnl3D1y3ruNm2gVutG/i6eR1fnllNX4cUiDdy6+xabp5Zw20R3yPe+6SQK+hql/lFuZa1ynNP5yYllO8yXuYZuLRVie+Wx0ELZFzfhc0KMn74XeaT9F/cosQPXNmmeAJLz2ApDkuPYvks4wZEKNOHkXHymOn+KzvplSLw5R30X5Meu/II6D0MfrSfm/Ie4o8P0PvBXvo+3Ef39V3cvradng920ffRHoXuGzvpkvcIf7ibgU/20f/xXiVd5pPxfTd20HNNHjkt+nhVHke9xcA1GYo+irT+G9sVT2H5fPviBrrOr6b30irR9/Xcvb5B9HEN3Z0ruN2xTKQtV46N7r0ovYlXKPHdHcvpEUjxt1e8d7XWc7O5VlCjeAD3ttbSdU4KtpWKN++w8Cs9eiXyefh9OOwReWXYL72G22sVL+Lb55bS1SKpE3MsvYyXGupurhDlqhholfWIsmfL6DldQvexEvqOlTFwspz+k2X0nSil76SIayql96xIbyri1ukCbp5ezDen8/nqxBJ++nYO//xSOn97YAo3NsfSuSaCljVxvL88ntdXplI7x48wZ3MSI1zwcbPG0cEKLx8X7Oxt0UrPXgd7bDQaNDoHRQDWaexwlAKwrQZHG1t0OkcsHNywsHfG2k7k0apFHmvsNZY46KzRaq1R60R5JxfsvfxxDwjF18uLUH83IkLciI/1ojE/kC8PTeHQAh0LIq2ZnRBIyZxYVmUEc3jZZBoyg8nLmkhhXhrFOYmUZUTQkBFAXao9m6bb89ISL14u9GF5kjXLpzqxqyCa/SWTmB1gT2acOxmJvuTNjiNHUDB/Erlz4gQTyJ0/mTmzkpmSlsT0GSnkz4rkRG0Qp+qCKJmkpT7RWhGAX87Vs2JeLBUZyWyc58GpDYmsma5leZqO2gXRxCWE4h8Vhn9kCPGTJxCbkkDa9IlULpzA07WTebE2kfJp3iydH0HZjBDSEwOZkhRLTNJkQpKnGf0bYAx5DLG3b6mYnxIRloj3cvz1FYa7agPKlXRjGDyFpdfq748Uj2X9UsiVArAUd4ePQZbir7d+Bb7Bq/AJrMfJvQBXj8XoA0sJDCoiJLiQ4MB8/L2yFC/fmPAiES4iwHs+Qb7p+HukER82h9S4uWSkZlCZnc/2hjr2r65nd30Ju2ryWb0ojWUZieytXsimgqkcqM/kyWUL2FY+nefX5irsqppNY1Ea28tmCmaxs3wO+6oz2Vowg82C1zdX8+6uBppf2MaBhnx21uaQMzmc6gWpHFhTTeeRQ"
36561 [Forwarding screenshot on session b1310904-d161-49ca-a1a6-530fba7baea8 to remote] DEBUG org.apache.http.wire  - http-outgoing-101 << "yyemcT6qsWsKM5hy4qVHDl8jP3bX2Bi1CwCPJOICJqHr+dsAvwWCVsU4ifsLcVud7863P2X4Rm0Eg/9KrG+lw+JvcYF4OH7f013AJswYcKECRMmTPx1YWxT6E/CyA2tx9iYGsn9jS0jG2EjN/ZGbK7d3wy8vxF4b8PcWL57/bu/oXZ/c/AR7T4Mo336EzDUzvg2hjZqR9hcjmtkPsM4x4xx1BwJGz5svMNjHJlHseeIzVElz8jN0rH9MryPFDVG9+v+hvPYuR0thIxHGc+o/o/dMB77PqbMuL4biRuzkTuub2PTx9pn3FgM7+Nt+Hv028i7sTJjubcJPfSu1DGyjNKP0fMytt9j67/3LY1YV+P7Nh4lz5g1MmptDn+3I+oZu54faWujczm+3eExDdvj/piN9MsI4/o1znZj341/AyPT7+UZacex62TcupFlGg3jHTt2BSPtyHyPGN+DMd7v4fhRa2vs3Dyg7Kh1YWQM0iZj1+CjGL3WJI/R9lB/H/6dDo1zZN0iT6NS7wNs8yf5vZB9H20nZSxjv/WHzvMD+jvU/ui2RtT90Dl6UJ3GGDtugbDNcLsPH5+RdmS/xszlHzYG44xNV77VcfM6eg7G5TEyj0qeEWWM8ai2jdYxZt0ZXw/j17PRukfN01AZI3Ej5+NR69Non8fN2/g1MrYe5d1Y/x669sevD2mve3WM+0ZlO0M2MTLP98uMt9vIfozuu5E1LBhvF5nvfr0P4jsJwH56T8ylAKx4k1pgaSWPZpaC7h9HAJaevxYqKfKqxfuQACyPOBahFJqtzDUizQYbc1sszCyxNVcx01XDOn97tvjbsc1bzT4fHU/76njWS81L3lpe9rLjkK8TL/k685Sbll1aS7ZYqNhhY8bTzmpeD3Th3RBX3grU8W6wlveCNRwV4fFgncBO4VSoHU1hdpwJt+dshMRuCK1CS4xO4WykLWcibBQRWPEMjrLnXLiW5lB7TgWoecPJnLddzWgOcaQ90pUWUV97lAMdkXZcC7PlE1HuRrQ9F2JcaIl1oy3Bhc5JIm+8NRfiLfk4zZlrSa7i3Y2z0yJZGeFDrMYKO9WQnaQALI+DtpKir/UIAdhwDLQiAIu0UQKwrQs2tm6429sxQ/TlHzt289XVHXzTtomulk183byGm63r6GrfSI+8k7d9A12t6+lukYj4c2vpaV5LX+sGBto3MXBeevtKr16JKCPo7thAd6f0BJZHJDcqyHj5Lr2Ae0VeJV2EA5e3cOfqNgavbBVpm5X3QSnkDsXJ9wEZirg+kd4t6+/cqDz3inq7RD3y2ZBHisMyXmK4R7j7gqj38g76ruygVyCPc/5atvuRFHR3031jF7dEW4r37zXRhhRsBfK5+6qM206/eB/8aDf9H0rPYJlXHhctxnF9u1G+/XSfUqZbisMi/+BHu/jNp3v53afSa3gz/Vc3KAze2MidG43Kc++VdfRf2ciAvFdY0HdZHqO9hh55v/DltQxeWqOIwN1t9dxuWUp/Z4NybHRvuxRrqwU1ikfv3fPyPuBa+mXcuUr6WioZaKtmsF0eE20QcnvPGYRdme+OqEcKvj3K8dK19A4dRz0g4rulR7CI62+vo7/DkN7dLMqfrab/bJVC39lKRRS+faKQ7lPFou5y+lsq6G0uo0sKwScLuH2qkC6R9vX7i/lfr6TzowMpfLg5lgvrY2haFcd7K5M4UB7P/GhbclL9CHGzxs/ZmlA/D+WochcHLc5ODspxz3bSC1hjh0ag09mjUWvQ2Fqj1aix1dhgq1OjFvlsdXZYaSU6LAUWGi0WthI1ljY2WNlY4+riire3O97ityI4xJl1C7z54vl4DmXYkh1lzcyJYeRMj6Niuj+H6ifzTMMM8mdGMC3BjzmTQ5mdFERmcgDF0/TsKklhZ34Ma2f7sGqOntJJbtSJcs+WTyLdR0WCo4oAtRkBzlaE+WpJiPAgKdqHOVMiyM2YQo48ijovndKSRVRmJ3JmWRin6vRUpzqwcoqal/N9OTDXlZppodRmT2X7wgBObUxmzSwtudFW5MwMJ3F6MmFJifhGhuIX6kdAZDD6MB+mJ3ixsXAiW4omMi/Jh9KMeKrnx1A0P4G5MxNJmTqF6VkLjP4NMIYUYX38SvHxKcHHtwQ//zJFiPQT8YrY6yfeBfJ5bCiFXGMC76MYKQD7+kmP40q8pKevX53B+9W/ASePUlw8C4lNWEF8/FI83eYQG5GPm0sS3m7JTIrJJjZsPt4uiQR6p5EYu5A5qQXkza8iPW0BC6bOJ2/mXArnzKAuZy5LF6SxOn8aW0vTOVCbx4GaHF7bVMW55zZx8bUdXHlzJ3/f8RqX39jOtbd30fbSRk4dXEnTU2voeHkrnx1/nv919TQ9P/yI//uvf89v//uP+efO01x74zle3VDP5uJM6rOmsKl4PsXTY5kV7s7G8vn0/+Rv+e+ftlGYPo3yvHw+v/whh548xISwZJxs9WgsQu+JwH7+hYptFBE4oE7xADYIwCuGxN4HCcANJgHYhAkTJkyYMGHirxBjm0J/dIY2MJWNrSHGbmA9jOHNOmOMqmdEO2M3A0flNZZveIPu3gaekXKCe30Ztwn5AIz26U+AERuP4pEbm8PjNr7B+FCUtkdvfI6tR9ptXJ0jNz/l8zibjtxwNd4vZT4eNjajfRu9katsno6tY1Q5Q9sj84wuY0gfO7+jNmXHbPQa6/foTdzRfRxmZLlH9vsxxm6UUX2V+Rs5PKKt0f0cOy/G6x9dZogxNjHG/fGOnwMFY3WMGffva2uZv/GwrGOo3t+7PmMYs8sY2/1B34BMHzvHo/torL/3+EPXyO+FsX4/OH50fx8jz2Oso8dhvJ0ep3+POa8P7N8DbDOmjLE5fNgaNvCAukeizP/D2xmN8TqVvowtN3Jt/SE2MMKjv7MxjBrfw9f1dxvD4zLmezVW55hv8tFz/7iMbttoHY+x7sb2z8Bo2xqr+3HjRjFq/h6Uf8y8/qlsanTcwzxiDT9o7YyJN9qHUe0ab+fR361xvpMAHBjig6W1SrkDWPEAftAR0FLk/Y4CsGqEACyPgjZXmaO20GApjzW2sMVC1GFlriJBa8lSTx2b9M5s8tKy3VPNE94anvG05XkvNS+42yp3Ab/s68iLPo4862XPHjs1WyzN2S7G8by7jtcDnXhDr+PtQB3vBGl4T3AkUMuxIB3HAu04ESQ9gXX3ROAz4TKU7/KOYA3nog0CcHOUWhGApRDcLt7lvcBNwTY0h+pojXDmiKc1bziZ8b63DefCHGmPchHxDgIt56OsuBJjKbDnYrQ7nZFedMR40hHrROcEDVdTNFxPVnNtoniOs6djgjfvpcZT4+tEmLCPrZmwk62wl5gfeWT2SAFYuQdYjNdczJcxAdjaxhU3Ox1TxZj+5tQmvri8la9a1nP73Hq+ObuGb5pXc0t68rauo1uKv4KbZ1Yp3G5eQ8+5tfSJ/FIE7mkT5drX0dWx/p7I2y2eb7WtVeKl0Cvjv2mR9+CuVt5lvIwbFn9lmZuta0aJvlIMVoRlkV8RhUVavwh7ZP2irBR65bsUgeW7FIJlKONk3r5LW0V5+byTb+WdvSIcEPRf2cGXos93Pt7H3U/2K969fR/tVkRd6dE78OEuEb93HL/5bL8i7CpC8AeiHonIK8Xi3hsGj2D5LOMGP5ZHRhviB0R+We43n+8Xbe4U+Rrpu76JwQ9E3z4SY7reSO81Mc5rou8iHJDxH25h4LoY/xVhO3kE9OW1yvHRhvuAl9PbsYye9jpFqJWewP0dUgSuUbyApchrEHor6T5bxm15lHOzvOe3QkE+y7hbp4uVdEUQlt690jtY0lI9JATXKuHtczXcbqkRa6FO4ZZ8F/Xcbi7l1tkSuqTQe65cPJfyzalibjXJOmsYaF1Kf7Oop6mK2ydLuH2qiD6Rt+dMCV8dyeVfXprD9/ZOpmlFGO82RPP6imS2Loli/ZJ45sQ4MsHXnhgPZ/QOOrzstLjIe351WuwdHLDR6rAW69fGXoq7aiw0Vqh1NiLdBjuBRqvBWuQx19hjpnHAzFr8xtiKMlp7tPYOODjY4ehop/wuWWq12Dqo8fLV0rjIm75XJnE0T"
36561 [Forwarding screenshot on session b1310904-d161-49ca-a1a6-530fba7baea8 to remote] DEBUG org.apache.http.wire  - http-outgoing-101 << "03xRHsSowKICXBlkqc5a9O92VuVSvaMSFbV5FKaP5vFGSlkpoSQnezPE/WZVE71p2CSB2XTI1ieO52q+Yk8WZ3GmvmBFE7xYWasB5G+OnxdbPF1tsRDY4aHWkWwmw2xwa7ER/qSlBBKdloQrasjFQG4IsWBValaXi8K5Il5blSmBZOZFEL9ZB0n1iexYoaO9EhLZqZFMH1hFrMWLyGraDF5RYuYlz2PSUnRTJ3gyeI0TxYluRCu17JAjKEkPYKZid5MmhDAxMmxJExLNvo3wBiB+nL8/Uvx8y3G17cIf78Sw7sIZZzyLp/HhQYBWLkL+PdmjADsJ4+OrjXc9xtQj29QPfrQpXj65OPju4CggHRiw9MpzVvJ6XfamZ2STnqamKPFtcydksn8qQvJmpHD3MnzKcwqpK6wkpWlFayvLGVDxRJ21hWwtWoB++pz2VmxkL2VeewuXyRYyEtrynh7ez3tL21lX/V8ju5p4Mjueg43lvPimgKeWZ7HUw25vLllKR0v7OazI6/yzx0n+cWHnfzva8384NRrfO/ky1x4bTcXXt/Fxyef5u86DnH5nR2cfmEFV9/fyT9eO8zx59ezd1UFx198iqrsBSwrqmDRzEW89sz7LJq3jOCALOU4aL+AEsVGHsIebn71uEnxN/BRHsAmAdiECRMmTJgwYeKvkbEbQn8KlE2toKDR/B6bVcrmllJuxAaasik2pq4Rcfc3eQ2bgzLu3qaZsXzKRpyMG9poM1rXiL48bKNwJA+o54Hc68d4HrpBPtTO+DYMG4Zj7X3fpvcZLjtqvh5nnErb4zdG729KDvVhRFv3Mcyp0TUyhKFff+DGp9GN19EbxsZsYWDEmEbVM2bDecQaG8ew/UaVN4xl3FwpdnxQGwZGbhA/st+PMXbjjMgj65D2HdE32e79eRg7L4/u9714o/0bjWF+DxtdwwrG6hi1Hh/H1iPXkey/jB9RTrYxou/38w7VJTA6vpEY/UZG2+4P+gaUeo2XMfTxAeMfVf4B3+6oekan/34Y6fdD4kfb93HyGNbccH8fONZHMH5eH7/t0W2OLqfM6wNt+ADbjFrXhjzjxjVqDT+6HyPj7s2twv35H2+DsRjvr1JuVJ3DDNf9sDl6gA2MINt5eL7HGN9w/JhxfrcxPBhj9d4r+5i/X2PH/MjfmyEe1vbj/CYr5ceuhzG/h8PIvMP9NFb348U9fP6Mj3v02lfyjFvDhnqH8xgbl/G6RzK6b6PnRPbhfj/HYWyejcQ/enzG14OhnuG+GWnnAXwnATg0IgBrtblyDLSZhZkiAJv/0QVg6eVrK95HCMAiNFep0FpqsDGzwUq2Iz2QLVSEWasodtGyPtCT9Z52NLrasN9DzVMeNjwrRWBPG17w0vCSrz2H/B152d+FZzxd2K62ZqOZil0ac17ytuPNIEfeCrTj7UAt7wreC9RxVLy/r7fneJAdJxVPYHtOh0nslPuBT4VpRKimOWq0ACyRx0CfC7elLcqOtkgnzoU60hzixFEvGw47qDjqbUNHtKuS1hqpoy3WmvZ4Sy7E2XMpyoOL4T4Cby5GuXJpgj3XU7RcS7LmeoItNyZouRLnSnNsCK8mRJDnYoObsI+VtJfEQthGEYCFrVQGW6uszTCzEja2EnYdIQCbSQHY2hkXjS2Tg2344J3l/LxzI78+u5pbzesUb99b59Zws3m1QQhuXsvtc2sNQrAMRb6es6voE2kDLWvpaxP5W9fwzTmRt02knx/yAu7coLzfbJH3126gTwrB7euUUBGM29fTK9rtv9gokELvegbEs6T/kkTeDyzvCRZxV7Yqoq4M5bsUgZV7gOWzbE8KxWNQPJcFd65s5+7VHSLvZhEv8otyv2xeSf+NHQx+uFvx2O0WdSvevtelALyTgY+kF/B2em+INsXz3U/2MPixFHvvxw1+slc5Hlp6EMtjoW9f26E89360R8TLI6R3KfR9uJe+j+RR07vpEWW7r4o+XNss6hP1frpLtLmFbvHec0N6FIv2PxL9+kT2Qd5dLMZ5eS0D1zYwKLm8joFLa7lzeQ1d0lO3s4HBC8sZPN+gCLa3z1bQc66CgfYa7nbWMdBWM0oE7m+VRz/LY6ANInDXmVL6WipEXOW9tD6BIggLpNev9AK+1Vwj2qujp6NB2HWpoELMa5GY8yJut5aL+GqF2+eq6BJ5+1rqGGxbwd22VQxKW59dyqD0OJZtNRczcK6U7tNF/PStbD4/MJWmNXG8URfDi7UT2F+RwLpFUZSmhDMrwItUP08inOxwtTTHydYKB50GtZ0GS3st5o46VHZqgQ0WDiJexGlEuq3OFrVY3wbUaLRqbNS2WNkIrG2xlF7AGh02dk5oXF2xcdLg6mXLxmxPBl6dyNFFasoS7ZgQ5k2Ahx0hjmYUJ9mzq34O8bHe4nfRk7BgR+Yl+1E0xY9XV01nS3YgdTN9KZ0VwpQYH1JTYpkxLZGFqSHUZSdSmj6BquxUijOTKclKpGB2FEumh5A5UU9ykDuRPhr8xG+Ym5M1cb5mnFsewpmGQCpSHFkxWcurBYE8meFJw9wY6vJnsjnLh3dXxFGXqiE7xY2JCaFEpEwhJCWF+KmTmTx1ErPTp5GRkUZF3hRqF8aysmAKOQunkpuZSHFWLAXZE5mSGkZwbADhSdFG/wYYIzioksCAMoPQ61tMgAgD/ErF88j38UgBWLm/d5y4+zgYBGDpaWzw/r0vAHsF1Cl5/PSlhIcXERm2kECfJGYkzWXnmi2cePV1yhYsJCs1lZyZsyjKyObp7XtpOXKKIy+/yTM79rGxtoG1FeWsKMilIXc+yxbNYl/DEp5aWczmwgw25KUryOed5Ys4fmA9P/+0jXV5U7n85gHe3F4n0mazcuFkVi1MZXnWZBoL53LmmS384PSrItzEuee3cPqptTy3Kl+Qw1PLM3l5Yy5X3t7M3194jl/+4F1+8YO3+X7zTo4+UcTO6qmsyElid30+JbPFupk3k/Pvn+KNp9/kwJZXmTKhkFB9LgH+BfgL+8i7kt18a3H3b8DTJACbMGHChAkTJkz8p2TshtCfBCMixcM3cUdzfxNz5MbWyM24ofgR7dzbYB2xaXuvTWP57m2gDW3iGa1rRF8eulE4ggfU80dnqJ3xbQzZ6d5m55A9RvV/9AbqMMpm5FDfHzpepe3xm5/3N1kfsGk5gsfdfB1bh7GN3FEY3awePd5H1qEwosy4zVzj9hvFqDKGsYzLr9hxOM9D5mRoPH+MsRvnvq1lG4a8Mk7O8di+j52XR/f7Xvw4O45HGaOoL1u0PVIIuIexOkatx8ex9Yj+yfqGbCrj5LiUtBF2NmZ3o+MbyZj2DIy23SPrGGdrwQO+vfs8YPzDPKL8sP0VHvmNPAgj/X5I/Gj7Pk6eYQxrb7i/DxzzAxhf5+O0bWy9jy43dv2M5gG2+aP8XoypW8k/Zoxj5t+4XUfyODZ5GMbm6AE2MIJs54H5HmN8wyj9He7HUP7vNgZjDOUb9U2Pmac/8Pfr0b8Vj27baB1j+mPUJjKPkbZHzo2xuh8Z9xjzZ3zcRsY1bh5H29HYuIzXbQxDXcPzbxiz7MODf0eNzrOR+EeP7xHfilLfcN+MtDeG7yQAB4f5o9ZZY2auMgiw1mPF3zECsPREVe6dNcSNFXyNYW4m6jAXeS0sFM/fYczNzbC0EPWJNAuZT9RvYWGGl5mKuY721Af6sMrTkc2uava7azjgasOTHhqe9NJy0NuO53wdeNnPkUOCl/3deNLVjm025mwWY9mns+Jlb0fe1LvydqAT7+jteUceCa3XiGc1R4K0HA3WKbwvj4YOteNEmI5T4VpORWg4E6nlTJQM1ZyOsKEp3JqzighsS2uUjnPyqOhQLS3hDrSEOfK2qwWH7c045a/lYqwn7RHOyp3BnbFazksP4ChnLkS6cinCVTw7cSnWjkvxGq7E23I1Ts01ke+DGCeuR/lyemIgO+I8CbFUKUdiq6StzKTnrw5bgaX0phbzoJLewbbS+9cGldp8CGFjWyvUNpZ46sxI9DPjwssV/KxzE99IwbZlLbcF3W0b6G7fxK22Tdxs2cjN1vWGe31bV3OnbRW/a1vG/22p5f+1L"
36561 [Forwarding screenshot on session b1310904-d161-49ca-a1a6-530fba7baea8 to remote] DEBUG org.apache.http.wire  - http-outgoing-101 << "OV37WvpFelSJL7dLvKd38g3Heu4KeJvC/ra1zAovXvPruDbpgbuNq9koGMjfR0b6GtbR0/LSnpbVtAr6hzoWEW/oKt9Fd+0ruIrUf6WFHMvSq/f9aLONXwj2r8lwu4L0jt2o2hPxLetVtLkc++lTfRf3szAhc2i72sUEVmKwH0X5THR20Q9jXzduo6Bazvpv7qL3qvyjuCd3L60he4b2+n/aDd90rP3w5303NhB93VR9qNd3PlsP3cFA5/sMeT5eA+Dnz1B/ydP0PPRXrpu7KFHir2fHhDxBwVP0i3eb18X+ZW4J/n2ewe48+keUcduEe4V9e1lUIQDn+4WeXaLcA93Pt/Lne/tY0CkyfdB0d4dkV8eIz0gxefrW7grvYSvbeDOtfUMXBZjPL9CsJw7F4Vtzzfw7cUV/PbyKu5cWCbsWk2fPMa5TWLwEu46U6aIv9IjuL+9WqG3tVLMQ4UIK8S8VCpxN5uK+fpUIV8Jbp4pEfMv4jtq6DpXyjdnCvm6qZDb8s7fc2VK3m9OFnJLHgPdVM5Acw2DzbX0NVXTc7qMblFHb1MBvWeX0CO4dSqXXx7J4osT+fzo+Rm0b4rl/WVhvFqp59lCPVtniO870Yv6id4URLkzw9eOGGdr/MS3K72BtfJ4ZztHzOycUencMHdwxNpRi7W9LdZ2amxEHitrGyzFt2BrY4vGRoNOLRFlBRpbkc/GWhGTdc62eHlbsT7bk69fm8zbizQUx1owKdABFxcH7O01xIn0/Q2zmDvRFzc/J7QeDgR5WLAoVMXp9dMoT3FhWrwvqVMSWJQ1i5LcOdQVzmFRWjDV6XEUTwkne2Iw0yf4MyHBh8TJembPiKB4XgL12ZNZWTCdmuJp5CxIZmGqH8er3Ghb5UfDNHuWJWt4eoE/W2d6MEv8pkyM8KB2qhvvLE+gNklDWoiGidF6UWciE6dMJjZxAvEJUSQlx5E6OY45abGCGObPmcL0ubMoy5/Gu/uKeLExiyc35VKal8jcGeFG/wYYIzSwkiD/MvS+JQqBfqUKw+8Pwt+3dEgA/sMw3DE8fPxzNZ7+S/EQSOHTV1+OPrCAEH0W8RHzWFOznmXFFVQvzOCZjQ1srl7CpuoC3jy4k2unj3H97GnOvvkmBxu3UJWdS+WCRZTOS6d83lxW5C5kXcEizr30JO2vPsWa3HQWJ8sjyoNIj9KTnRBGfWYaxw9uYVXONH7U/g6Ht9dTOiOWjBgfsuIDmBvhxewwd7Fm8vj87IuceWk9b++tYXV+IgVTvChM86R6rp7ViyLpfG01P2w5wJF9BbQfqqfpmXLe31/AW9vzeGdHMYe3lLK9MoOSmYm8vm83bzzxIkuXrGT6pMVEh+YK2+biH1AqbCDvAq4xCMDKUdAmAdiECRMmTJgwYeI/G2M3hP5kjNyYeqxN1vvc36wduaE1chNuKH54A1Fwf8N0aCNUcG/TzFi+e/0b3sQzUk5wry+PtVEoMNqnPwFD7YxvY8hOwzZX8o3dGBy9gTqOB21eDqPUOXbzc/RGpdGN5JE8qo0HbHz+YfWOHu/jbvwOtzW+zUdsykrG9MNYv0f3w/icjCz3yH4/xtgfhFJ3Y6PIe39eZdvZIm70+hk7dsP72PqN9vWRc25kvGPXmbE6xqzHR9t6uIwYrxzj8Fhk3dkibsx4Hqu+sTzGN/JoexhbZ4+eT2P9vY8sP7Zf43nk+B7Kg74P4/Gj+/s4ecbyoPYezvg6H6dtY/YfU+4R8yrrG9fXMWWMjXf0nDxmP8bO4WN8K2Mx1t/ff32M7ptRGxjhoe08xvjGMrK+7zqGcQz9poye9zHzZGxtjOqz8TYe2dfHaNtoHWP6o+QZux6M2vTRdT8y7nHmz1ie39umj/M9PR7363nEWjDWJyPxRvtgpO+P/FaMztF4vpMAHBTqj85BrQiy8ihhxQP4oQKw1e8tAJtZmD82FuZmOKlUJDs4Uqb3Y7mXM1vctOxztWW3szV7PHTs8rZnj68TB33kEdD2vOLjwEvi/QVfZ55w1ijHQG+3MuOAnQ2v+rjwur8LbwY48laAlrf0trwbaMN7yt3A9kN3BGs5GmLHsTB7TkToOCWJ1HA6SktTpJpT4TYiztpwF3CkreIJfDbcluZwNS0ir/T6PSvKv+VkzpsOKlqCnDkf4UFHuBOdEfZ0SCE4UscFeRdwtB0XBZeiBNFahSvROoGWGyL+gzBHTofbc3h6IAtFPx3NxLxIVDZYqxywUTmJdw0q6fUr7wdWi9DWVmAjsBKYYWatwlpgJ+Y02kPFhcMr+fm1g/y8Yxs/O7eBX7du5Yv2XfxK8PP23SJ+L78+v5+ftWzhV+fWcbttDf2ty+k5WUr3+wV8814Rv3i7hN5zq/i/0gu2bR1fNa9UvIJvnl1Bf9tqftOxmt+1ruS3Zxu4c6aevo6NivdvX8c6+kR877kGBlobuHt+JXcurKJXcLN9NV+Itr6SAq/gVoeoT8RJ5HPXeXlnbiOD17bQd1l6BG9U3iUDlxvp7djAN6JP8kjp332wh9/c2MX/+Xgfv/1wH4NXxfMnB/n2g/3cvbGPOx/s45sLmxVP3v6P9yKPhb77+RPc/eyA8j6M9Pjt+WAXfR9J8fcAd7//DIOfP03/pwfp/fgJ+j55kjvfe4bbN0Re8d794X66RN0Dnz3Fnc+fol85bnqXqGenqG+3Iv4Ofi7iPhH1frSTno930S9F4e/tZ+AHou3vPSHi9gv2Kch2B2TbIt/XnavpvbyBO9cbuSPvDBa2u91WrxzT3NPeQP/5FUooPXi7zlUbOFvB7TPlyjHNN08VC4oMwm57lSLuyqOcu1rKRJlyegTfXqxlsEMKw6WibIEou4Tu5iLFa1geMS3v++09W6owIOIG5P2/Z8sYPFPGHRHebRZ1nKvkrojvOyvKnV0iWEzPmTy6mhbxzemFdDXn09dewhcncvnegUTOLvfleKUnz87WsDvZitVRKiqDVWT7qJjioiJKp0Kvs8LT3g4nBxdsdO6obFwxt7XD0tEWM6343VHbKHf/2to5otU5YmOtQ22jQ2ejRSe+BZ34FuxsLdFam6MT+R2drPD1NGPtQnd+/epUjhVoqZuoIi1Qjb2dFpWoI8DVkv01kymf4oG16IPGyx0vJx2v1U9nzUQzZgSpRT2OWLj44evjQ4yvjsl6C8rmx7AqJ4W9RemsmJtMZmoEk6ZHkDA/gcQ5E0idEMTMSG/SY92ZmehM5pwIanImcm6ZB20rXKlOtqFukpbnciNZPdmNSXob9MIW5ZPtOLo6hbpkJ+J9rBUBeO7sqeQtzmVx0WJKygrIyU4nffYU0qbEk5gUT3xKErFTUpmdEszWgkjWLAhgd2UKS7NjWJIeZfRvgDFC9BWjBF8pBgcFlCvhw4Rg5Rjo7yQAG8JhAVh6/8pjj+UdwfIY5ICARQT5zSR9aj7vv/wG+1YtY1tVLm/uauDlzTU8s76aF7ct5+Xta9m1rIb63EUUzppDVlIKKYGhpIVEsiRtBnVZC8Wc5fDcmtXsqa5gyeRJ5CZPYFa4nmnB3syPCyYnOZKG7OlsLl8g6q1kXdE88qZEsGBSMIvTYshODGNutB+V6Um8tKWGt/av4vmN5eRPDiY92p350W7kJPhQOzuGK6/v5WcfNfHcijyeW5bL+uwkti5JpTE3gZdXz+fIrhKO7q3l+XXlvNC4mpoFecxJmENGWjGTovPRe2fj51uIf2CNsIX0iq7HU79sSOw1CcAmTJgwYcKECRP/mRi7IfTniLLJFiQZsYGmbHAZ4u9vhhk2ApW89zb37sfdyzei7OhNQxk3ZpNQxo3YkDMW91CMtfWnYKid8W0YNibv2cNIvuExGeKkvUZvVD5yY1Spc/Rmo1JmZD1D9h29cSnaulfv0DyNaaezcbhe4xusSt/HblCPYny50eMVDM/RqHpkuTEbtvfmcvzGqmG8Y+wv8w/XOXYDWHkfWY9h/GPX8qj6xpZ5ZL8fY+wPYvh7GDkfxuLGtWF4HzsnRtfQWJsYYez8Gvo/1o7G5mmEncbabZyt78cZyzd2vo2tuUd+I4Kx5YbXzNg5/4O+gTF9lGO+l29o3kbO+Y8PNw7lN2ILab9xf"
36561 [Forwarding screenshot on session b1310904-d161-49ca-a1a6-530fba7baea8 to remote] DEBUG org.apache.http.wire  - http-outgoing-101 << "RjZ96E5fsR472O83w8dz9g5H9nW0HiG80g7jq7DMKb74x3q7++51u7FPaTt8W1Jxo5raF5H1i1s3DiUPq4NidLO2HX+sDX8GP0YV8ewXe7HGbPBWIz29xG/RY+aI6N1GmOonVF1iXEp9TxqfI9a199xDOMYqm9kutLeyLix8yxRyo0Yx9g8w/18mL0eu+2R9hpapyPaMvxGjenfsF1H2GlsPuV9TP8eGfeo+TOaRzJ2HgzvI+dq7PoaNe9DGOvfKGTb49bG/XYMNhjdt87GIZuMncNhxsSP78N4W48diyHPGJs8qL0xfCcBOCTcHydXO6xs5H2y0kNXisC2I8Tff18BWHoF26tUxGm1LPb1osHHlU1uWrY727DD2Yod7hq2e9mxw9ue/T72POOt40XBs952vKR34UV/Fw44qdlmbcYWCxVPOcr7gu153c+BN/x0vOmv4d0gLe8G24lwCPF8JNQgAB8Pt+PkkBewIgJH2I4QgK1pjrJVjoWWAvDZcDXn5FHPkU50xrhx0lfDazoV77pa0BbqygUR1xFpL561dEbYcTHGQUGKwYogLLgYpTMIwTE6rojnG+EOnAxW806aH9tnhBBio8LOTIW1SthdZSewx8xMegCbG459Vo7uFs/yXd4FrGCBhbU5VhZm+HvY8vKB1bS8uYt399fy+vZynl29iOfX5fHCxkIOba3k7QPLOPH8Wq4e3cMnx3fz960H+OnFg/zi4l6+uriT3vOruNteQ29TJX2navhd6xp+K+8HPrWSnibBuVXcbl/B1+eX8esLdfyqs56v2tbxjeJhvJ6brWu53bqK7rZV9LatoLdzFX3nV9PTsZpuyXmR3rFG1LFGvMs7hccjj4/uu7iR/kub6DkvvZXX0iM9kFtWM3ChkYFLW5Qjp2+L9qQXcM+FzXx7Y8/QncAGT+Cuy1uVe33lHb/y7t6ea9u4fXmzgjwm2nBU9Fa6lLuCtylHOvd9vF+h96N9dH+wRwn7PzmghAOfPqGkSa9g+Xznc+kVfEDxIJYisBR8pfCrePoK+j7do4i//Z+LOr6/n8G/eYKBHxyk97MnFRFYehbf+VzU89l++uUR1B/toP/GZtH3jQxe2yTGs4m71zcKW6xU7gq+c3mtcnfwwMVV9J9fKey6nL6OBgbPL2dAzEVf21KDIHy2XNi+hu72KhFW0t1Swa3mUm6eLebO+Vr6pTjcUkp3c7HIX6QIwAMibrBd3jNcQVdTEV2nCxhsLedbUX7wXBkDIq7v1BL6mwq4c7aEu+dKGGwupPd0HreOL+Tm8QXcPp0t6lok2s/hdnM+Pa1F3D5TzP96PYPv70vh8tpojpf68tx8Hbumq1mfpqUmyY7CSU7Mj3Fmot6OQA81ni4aXJ21ODjZYSdQ29lhq7PDRuuAtcYBSxvxXUhstVjZarBS24p4a2w0VlhbW6BRW+HgYIGPu4oNWW589coUjudpqI9VkRnlgJuoU+fqodzVWzHFlX2l4eg9zXFzVzM10pknlkSwaaYrMS4WODk7Y+vqi6Nyb7EZYe6iXvG7FOejpjItkuWz48hPC2J+1gSmZE4UTCYjfSr5c6eQMyOGedMDmDU1hOw0fy6sC+DCeh/qxLirE2w5uCicjTP9KEqPJSs9muVzHXmjLp7qJAemTvAlMNQLV19XnHw8cA3wxj8sgImJkcyYFsfCrCnkL55HzuJMZmfOInPWBGoy4iiaGUpZ1iTSp0WROCnE6N8AYwQHSKG3mACfIkXYDRLvwfpygYj3l8c9FwkKh5DPEsPdwPIIZ5+AiiFR1xBKr17fe6GMG4tB+PUNqMZHOfq5akgAXopHQI1IqyJAX0JggDz6eTJ56fm8+dQTXD7yEv948QgXDu/m4IoCtlRkUzEvhUXJMVRmzmXxjBlMCggi1iuAMCcvIp29WDAplYK0mSxfsIgVWQuonj2LsplplM6aQsXcVBoWzaZ+4XSeXFPOEyuLWVcylydWFfL0+jJ2Ls1jfUk664szFBrLszm4ppLDO1fz/lPbxG9sI/sbSthRlU99xlRKpkygOCmW55ZVcWrvVg5WF7Nt8QLKEmOpSInl2bpsPjuygyM7ini6IYsX15Vx9IltvPPEAUrmLmJJehlTJuSL9ZiJn/cS9EG1+EiBV9jF06j4KzEJwCZMmDBhwoQJE3/NGNsU+nNjeOPSGCM3OBWGN0eNcG9DcESe0ZuhMs7YBqQRHrZRKLlX33hGbyL/kTCy4Wtg/Abi2L41dhrZjB+R/siNRKM2N1LGSL7RtjBi73t2NqSNtZ2xjdzxDG9sGxg7XmN5FMbVO9S/B829kTkfvb7G2GRM/tFjM9KfcRvfD8g3qt+PM3ZjGPIZ65OxORsVN2qeDWM2urluzCZjMDa/w+tTGYOxOpT2jW2ID/dp/DqSKPWO6eMD48b06ZHigcLo9Z19uNPImv79vwGJQXwYWe7h4x9ls5FpSlsP64NkKP2R4x3mQf02Hj/evmP6I9JG5XnU78pQ+qPWvLF5fWTbQ9/E6LqNjWv0dyi5X2Zk2tC8GVvXD13Dj9eP0etEtNU5+lsxboOxGOnvuPghHneOHlinEcbVdT//w8c3Zi4l49bwdxmDEcbM2bjfX2PzrLQz2gajxiX63Pk4vzePalsw2l6iH+P6M9pm98uOteXoMSj1junf48SN7s/Y+TOgrNGhPAb7jx/XuHkc066xdW6sf6N5yNoYYnT/BcP1GZtnI/HjykvGfY8j+2Gwzfhyo232IL6TABwWqcfV3QEbteEIZpW5+X+4AKxRqQi2tibD05VaX1fWuGnY6GjJZmcrGt1s2eShY4unjl1eWp7w1PCM4FkfHc/62fO8vzPP+zqyz9GazZYqxRv4oHg+5G3P6/6OvBlgx1t6eS+wHe8ECYLteC/EIAAfDdXxfpgUgjWcEJyKUCsi8KkhEVg5BjpSCsAazoi4syK9JdKe9igX5RjollAnjnvbKiLw+562dES60BnlSHuEvQgduBjrxPkokT9CS1u4RoQakUcj4rRciNYpnsHXo51oFXnfiHbgpVlhzHVX4y7soVYJ25iphT11qCxsFcHXzEqFhbkKqyEvYXk/s8pSjcpah5naATOtExp7JxKSU0hMTiQsPAi9PoDAIF+CQgIICgskJDKCyAmxxCcnMHV2KvMzZ1Bblcv+bXW8+dwGWt/eyX9t2knftQP0nt/OF0dr6W+q5/+2NHD3lPQCLaevrZovWyv5361V/EvnUn5ycRW/al/HV+0b+aptA1+2iOfWtdxsk0dGr+F222put6ygu0WKlMsZ6JTi5Wq6O9fQJT1/Bd2da+m9sF4Jb7evVuLke7/0Ahb0nl9Hr8zXukq5c7j/ghRG1ws2ivzr+aZlLQNXtisMXt3B3Ru76b68mf4PdnDn493KPcDyyGV5T3D3lS10X92ipEl6r8l7fA0icP/H+xj4ZL8Synt+ZTj46QF++4Onufu9J5V3w73Ae7n7+ZP87m+eFmkHFRG392MpGEsBeD93f/Ak3/7NQQa//wQDgn4Z/sAgAA98/2l6RZ19nz0h8omyn0tRWfTjxjbRF9Hn6418++E2wRYGrm6gW4rnF1YzcHk9g1c2cueKtMsa+i5IYV2Kw4LzK+jvXE5Pe72wUQ23xdx0y2OgO2pFXPU9EbjrXJmB5hJunSniZlMBN08voedciUB6BRfT3VRIl4iT9JwppPdMAX2n8+k5mUv3iRyFnpM5Yl3kiTCb28cyuHVsPrdPZnD7dBY9Z7PpOrOI20253DyVxzcn8vnqmOBILv/64my+tzuRS5viOLE8ghdL9exdHMD6hf5UzPBgYZIT02O0JASaE+RhjYeTDhd7HY52dtjb2aPW2GFto1PEXzNbDSq1WP8agVb8hunkXcC22GpssLe3xNdNRWOWM12vTqY5X8OB2XY0LkrAz9Uerb0DIc7mLI6152BpEBO9zYl0M2fpHD1bM/3IDbfDTfyeqEX9tvbO2Is6XbSWijjt4KrFx9WGND8ttVP8mRdqTbCPGUHiWw6aECC+vwnMmjGZzDmJLFo4UZDMoml6rm+NoHWlOzWpWionqDm4KIr1M/1YMieGBZlxrF3oyTvLE1maZE/Jv"
36561 [Forwarding screenshot on session b1310904-d161-49ca-a1a6-530fba7baea8 to remote] DEBUG org.apache.http.wire  - http-outgoing-101 << "HCmpwYyIcGfiLgAAiJ88A52w0/gH+yCf5g7QbGBhIu2IqdNIWn6BOZMDxZtRrI4N438xTOYPS/J6N8AYwQGFhKoFwRI0bVUPJeJOBmWiN+QAgIC8wQ5gkUE6MWzfomgaOiY4lK8ROjlJynGR94LLJ4N9wNLyvELKMNX4CPv+xV1e+tFGCA9f+sFDcqRz976Sjz11Qo+/jX4i3oDA7KIj5zBhuXL6Tz+Kj+6eJSPTxzi2VVVFE1NZHpEEAn+XkwI8Cd/9jymT0gh1FOPn6MXiaFxTI9NpGRuBtUZWazNy+WZFfU8VV/J2kVzacicyvKsVNbmz2C9sNerW6v5p8vvsb1qDpff2s3Lm4vZUjKDzaUifUkam4pnsqs6k7d2NXDjyDN89P4LfHDkOc48s5WX1lWyvWQBO4qz2V2WyzvbV3N01zre27GKncWZ1E6PY+nMOF5ZW8A/dhzizc1lLJ0dT0PGZHbXFvB3F89w5dR7rK5qYOHsMvSeGYRIcdy3Dt/A5fgE1+ETUodXYC1e+qUC8XyPekEDngH1QywT78sVjM21CRMmTJgwYcKEib8sjG0KmTBh4j8aY5vaJkyY+L2RIstDhR0TJkyY+I/n0SL0H5fvLAC7uNljbWuhHAEtPYBHi7//zgKwhRnWZiq8zMyY5mRHha8ry93UrHYwZ6OrNetcbVnrrmG9h5Ytnhr2eqg54GHD075anvRWi1DH8wHOPONtz14HKxotVexSm/Gsi5rX/Jx4Q+/CGwFSCLbnLSkCKwKwvSIAG9BxNFTD8TCNwRNYCsCRak5G2HAqzCAAn5VHQAuaI3S0RDpwIc6Ds6KOjmh3OiLdeN1exSG1ilN+atrCpfjrxIUYF4GzIgS3hYtyoba0hon0CDXtUVpRVkenoCNcw6UEN94X5d6dHMjaME/CzFWKV7ScG5WVrcBGEYCl8GuriMMqYTPxbqXBTO2ESuuFSueHyikEa994bPUT0QROwj40CTuBQ1QqTnEzcIqfiX3cLOziZ+OQMAsngWNcKu7xKfhPSiE0KZkJaVOoLsqjsWQBbc9voOuT1/mqo5GfvZdPV1MefedyuHOhhN5LlXxxvpafnl/BL86v4ZvOtdzqXM+t8xtE/vWCddwU74NXt4k/5qKelpX0NDfQ39LAYOsy5V7g7vPybmB5zPEKujpX0ndhLQOX1tN/eb14XkffRcO7EndhDb0dq+ltX01fxxr6RHv9oq2BC/Ko5A3cbl/HHdHW4GWBCO9c30HXhU30Xd/K3Q93ckcKwR/uYFDe/yuPmL6+hf6rW+m+vEmh7+oWBj7YycCHu7kj7wKWRzN/uEthULx/++k+xZtYisRdV7Yq3sO/Ue4QPqAcLS09gXtFmR5RflB69X7/SfpFes9n+xR6P5dHQD+p0P3Jfm59uIcueTT15we4870DDHy6l27R155rmw0i8A3RvxuN9F7ZQI8Yf/fFdUrYd2UTA1flncjr6b24xmDDzhV0ty+jp2O5sMUKYZtldLXV0Nu5lIGLwuYX6ukXz73t1dw6W0q3POZ56F7g3hbx3FKqID2CZXi3vYI7bWV0nRZzfjpXOeL5TnMBd84V0H8mj+6Ti+g+sZDBM7lD5DBwZiF9Uvw9nUn/WZEm1kmviL99fCG3T+bQ17yEO6Ke/qYcukT5L48t4l/eyOB7z0ynuTGO15YGs6/Qi8ZFbqxZ4ErtHEfyp7gzNdKLWF8nApxs8dBZ4SzFXa0ajVaDpQiHxV+VTiPQYqnWYSvS7O2t8XczY0uWK32vpXG5RMtz8x1pzIzB30mkOzgQ5KAiJ0LL2ytj2FMQwOo5zhwsCmHdbA8ixPfsprNGq9WhUWtxVFujU9sqx1CbObni5OZAqJ01tSleLE1zJcFXRaDeCkfxu+Tg7YGbnzce3k74BqiJj/chPdGTj3bG0tTgQs1UHWUTNBxYGMXyKV5kz4hg5vRQKtK0vNUwib254WQnOzMzxZM5syJYkJtGZv4s5ufMZFp6MpNSowiO9cMz1BuXMH+cosLwidETHO1GbKI/U2bGkb5oGhMnP/4R0IGBiwUFiuAbqC9FL+/f1ZehDywRLFHEX/+ghfgHLxCheBb5/fXFgjL8gsrxEWW8/cvwFfj7lxMQUEFgQCV6/woC/MqVOF/FU1gKwOV4BZYrQq+3/zLBcrwDxLMUhfWVyvHPPv61BMj6POcyIXoqb750kIunX+L1/cvYVZXDutwsCtJSmREdg97BCX9nN4oXLqGqoJK8+fnUFC+lrqSWDXUrWVteyYr8XBqL8jnz9F46XjjA1iUZlKXGsmRSCJmRnuTE+7J0ThxvbavhyfqFXHh1GzvLZrMg2pmsKGcRurIozovFwr7PrVzM9089z4fvHeTVTeVUTIugLC2cnDg/SqdEsCw9iSdq82h9fhtNT22g7cUtvLNjqah3AcszY6mdHc6mxTMoTYtjfqQ/uUnhvL53JeePv8SBxg1ULmkg3C+HiOAGfL2XC9uuUGzlLmzjFVgjMAnAJkyYMGHChAkT/5kwtilkwoSJ/2hMArAJE38MpLef6TsyYcLEnzt/cQKwo7MWCyszLK2tsLSyxsxcirtjBGBF/P3TC8BmFqIfZiocVSom2qsp9HGm1lVNg4MF6zzUrHC1UQThVR46Nor37R627HW35klfWw76a3gmQCdw4Bk/e571dWC7xoyt1ir2aMx5zt2OwwEevKEXyDuBFQHYgXdDHHgv1J73QnQCDUdCNbwfpuZYuIbjERpOKiKwLSfDrJUjoeW9wGcjtDRH2tES7UhrlDOtkc6KJ3BbpAsn/NW87mTGW84qTvra0BFhEIClENwR7UxblANnQkQdoWrOyXuEI7WiDh1t0aI+0V5nrCPtsa6cjPXgteQQsp00uAp7mFuaGe75tRZzZGmOjSL+mmEj5sHGRouNzhUrpwAs3CIw90nAKjgNm4g5qIJnKFhEzMU2YSGqiHmoYhagil8kyMUsIR+LxCVoU0uwTc5Dk5yDQ8pCnCYvwDMtG5fYecROK2Li5Nmkz0zm6Iur+NnHT/PFtQ3cvrSU223F9LSW0N9eQ19rHbeba+g+J++cXUp32zJuta3gljzeuVN6r25U7g6+1bycvpblDLYKWpbR29JgEC3bl9PbvkIRL2XY27FCqaO7dShNvPeI+K7WelH/MtHmSvo6VtIjReOWFdw8t4y+82tF+moG5T3BFwxHRvde2EiXFImvbmTgaiPdF9Zxq3MVX4k+fC3KSkG195Lonwi7LqxV0nsvb1TE4f4b2xThuPtKI12iThkOfrhDpG1l4MZ2+q9vo+fqZhFnOF76zmfyfmF5dPQuukW+gU/3MPi9fcrxz73yLuBPdtHz2R76Zdz3n6Dv8yfo/XS/SNtD36eirIj77d8e5P8IvpX3B3+wla6rmxj4aDv/9/v7+c2nuxn4QLa7lcEPdvDtRzsF0st5C4PXGhm4spH+y+vuMXhpDQOXVioMXl7JnUsrFCG473wdN89IL+By+tqrGeysZaCjWhGCbzUVKgJwf1spd9rLGWgppvuMQQDuFvSL5/4zufSeXsitY5mKx2/fqSwGTi9Q6BfPPcfTuX1sjmAeXeK552QW/aez6T2VTffxTJEngztNWdyRYrH0Em7K4ZumfL5pKeEnxxfzvRdn0rEzgaOrQniuxJVtizxYmxVC5TQ/FsY7MzVYQ5y3NUGulng6W+HkYINaZ4OF1hYznRZzOzsstfbiu7DHzlGNr7s52xZ60f/6DNoLdGxNNCMnXEuAqwMubm5425ixco4HpzbE83cvZ9K+IZb2zVPYkBHARPFN22lssLG2xVaeUiB+p6zEN6fSuIpv0hVrRyc8bc1YFGrB+xtmc2jtbKZOcMTZ0xa1pzsO/v7YebvgIH6rPERcpKcFH++ewNkVniyd7khhrC27FkSxcX4E1UtmsGRJGvXpzhxdm8qzlZPJnB5CgvgtCE8IISwpiujUCSTNTGJu5hTyclKpKJ5BVeksluSlMmt2HEnJscTGxxIZG0PspEnMzJhPZOJEo38DjKGIv4FFBs/fgEpBtaBKUIFeX0xA4OIhL2Dp/VsgEHEizV+Ktb7l+PiVKqHvEAG+8k7hKvT+V"
36561 [Forwarding screenshot on session b1310904-d161-49ca-a1a6-530fba7baea8 to remote] DEBUG org.apache.http.wire  - http-outgoing-101 << "QSI0N+vGl//GsWzV3r7eulr8AxYirdfg4irNxwJrRd1KCJxNf6+deh9ywjwmEduegmfXDjLiUPbWF2QwtrcVBrmpZIRG8m0qEgWpE2lJn8Jy0qrqVhcRvGiInLnZRMXHEVyRDRLZs2idM4M1uYt4MjujbQ8vZvdpQXUzZpJzYzp5Aq7VU2fQs3MKazKmsXpgzt4ffNK9lTmUz41gdpZk1mWPl3kSRF5JrO5MJ3DW6r42+ZDvLOrjryJvswWf1dSPK2ZHmBHrL0lG/Jncv7VPby1o47dVfOZI/7eVM4MZX1+Mi+vX8JTDfnUzZtC0ZQ48lMiWJqdwhYRt33VMkpza/B3nY/epxJvzwb8glYpnr/u+oohAbh2NEMewfcFYIMgbBKATZgwYcKECRMm/jowtilkwoSJ/2hMArAJEyZMmDDxn4W/KAFY3gEsBWBLa3NFALawkgLv2COgh71/7wvAStwQRkXfkRgVeh+MpbmZcu9tjM6GXB9nKt011DlbsdpTQ4OrLfXifYWnHes8dWxxV7PT3Yr9PrY8pdfxTKC9CO142t+eF/QuHHBVs11trhwHvdfOhhd93Dkc4C1w5vUAO96UIrAiAAtCdLwbouVIqFbxAn4/XKOIwCeGROCT4bacjlArAvCZCK1AR3OkPU2hOlqjnWmJcKQ5zEGETpwM0PCmkznvuppxNlDH+Wg3zss7gWNcaI10oClE1CHakELyOSn8CpqjdbTE2ot0eRy0E2fDHHk/WfwDMs4fL0UAVqESY1HZCJtbWWOjssDGWsydzhkrRy+sXPVYeIRj7hOHmX8iKr9kVIHTUIXMQhU2W8EsVgq/uYICVBMkhagmFqNKKkWVWIzZpCWYJxdgM7kQ28mL0aQuwXFWFdq0cjxmlhI0M4ewlFRy8jN4ekctV9/exM/P7+WL5tV8c6qKb89VMdhUzMDZEvrOltLTXEG3FIRb6+nrXMM355Zx8+wybp1pEGnLGWhdyZ32VfS3L6dH5OluqaO3fRkD8ijjzhXKc5eIu91cq9Qh45T4tgZun62hR6T1izyDnasYPL+a/o6VIlxLd/tKBi6sE2xg8PImBelZ3C2PSb64lh6RVz53i3I3W5dxu0PUe3FINL20TqSv4bZIG5D3715tpO/KBvouS/FY1KXcx7tVEVx/+9F2fvvhDu5cbxTvW5V7e+98upu7n+xh4ONd9H24nYFPdnPn873c/f4+7n5vP/2f7aHvs92KKPztDw/yux8+rRwRPSwS3/3+Af7ff3mWb0Xe34i434iy34r8dz/dJTAcXd13Y7tyVPWAFIBFW3c/2snA9S2KR3C/FIBlf8U4euVYxTh7zwubCQYuSuQR0cLeHUu51VwpbFtB17kKYctKJbx1poSbpwqVo6Bvnymgt7mI/nPFIpTHQOdy6+QCbh/PFGTQdUIe95zOzffn0C2F3vfn0XN8Pr0iXhGAj87hq3dm0nNCCsSZ3Do6m6/fnUGXCPuOz6X/uCj3/my+eW8GX7wjeHcOXxxJ54ujmXx1IoevTuXzk/ey+NHzqVzZNYn3V0bzQmkA2xa4snymPaUpdiycaM/kQBsiPa3wdbLAWWeJndoKO50GtUaDxk6Do4sGLxdztuf60//WPJoX27M52YZs8c3qPV2xtbMn2lvNS8sm81aNP//4TArf3x7F1W0pvLYuE39na3Qij1ajxc7KHK21JVYaR1T2vqgcA7Fw8cDb0Yz5IeZ07Mvl08PLqE4Pw0/Uae2ow9zVGTMnHXZuGjy97IjwsOTz/YmcXuZORaodS2I17M6JpyLRnYQINyZM9KV6pgtvNkyiMl5HZoIzM5P9mTktiumzJpGQHEPcxHASk8KZnBLK1CnhzJoRR3rGFOZnzyIrdx4LBNmCOfOnsGDhdGbPSjD6N8AYen0h+oBi9P7lgmr0frUG5LN/mSFN5hnOFyDy+dUQ4F+Ln1+FcuSz9PQNEM96nwoCfasI9q8hRKTrfUQ+X5lvKb7+S5Vjn72GhEr57CeFYSn+6osVAdhPlPH3bSBI1BEfVsSKio2cfvNFml7bxgub8lmRGcf2onS2lOazbWk1G6oqWTR9OnVFxUwMj0Lv5k1MYBhhPv74OzlSuWA+y3IyacicRcP8NGpnJVGcEkdZaiLVM1KpnJ7Mhrz5bC1awPbShRzbv54n65fw9PJi1uXOZn3eHNblzKY+fQob8uexu3Ih+5Yu5IOjT3HqmY3srl5AxcxYUXcy1XMnUjUzgR0VC9hfm8uhxioO1C8mzlVLhviNX5oeScehTbS9tJXDW5bxREMJdZlT2FydSes7T7Fj9XIKMkrxdZ5DoHcVXu5L8QtcgXdQDZ5B0gO4+oECsFfAfRHY4BVsEoBNmDBhwoQJEyb+GjC2KWTChAkTJkyYMGHChIm/Tr6zAOzsaqccAa0IwJbSC1itiMD3sVaOh5aYW8ojou+LvyMxKv5KjIi8D0MeA602UxGmsybL25EyTx1LXaxZ7q6h3kNDnYeOBk87VouwUbzv9LBln6+aA/4angzQ8VSgHc8EOvCc3pFn/BzY62LLFlszGi3N2GOn5kUfT14NcOU1fx2HA7QGETjYnneDZagVoYb3gtUcCVXf8wSWGO4D1nBaQUeT4Ey4geYIe1oinTgnReBwB86G2HHM21o5Dvo9N0vaIl25EO8l8jhzNtye06FagUap42y0Pc3RdpyOEnExdrRE6egI09Ea5sDROC+emxpFsLCHpbkUgC1QSU9tjR1aWwds7D0wcwnAzCMEM88IVF7RqHzjUQUkogpKRRUyDVXYDFThM1FFzkIVnY4qdhGquHyDAJxQhGqSFIBLUCUXY5ZSjHlKEVaTi7BMWYJFcr6Iy0GVmotFWjE2UyuwS6vEbXIpoZPzmTx5LktmpdK0v55vLjxBX9sGBqSI21whKKf3XCV956pFWEuPoK91uUJvywrxvoL+tjUMnl/Ht5fWMdCxXBF0+9oauHthFYOdKxRGxg+/90pBWdDbslTUUcdgh8grjzxubRDpK+ltW0aPbKtjNf2da+gRcX3nV3HnyhoGLq42HI98YSWD4rn/4ioGLq0W6Svpaqunp3M5/VI07Vyp3K07IPrWLdJ6pcB8ca3y/Nsbm7l7bSMDl0W/FeF4LYNXNtB/bRO9VwUi7LneSO+NRvpE3u7r4l08D36yg75PttH70VYGPtvJt9/fS/8nO+n5aBt9H2+n68YWuj/YqojFvxP0i/jbot7bUtT9cAt3P90h4vcrx1J3X91Kz9Utiufxbz7dy7cf72RQitDXGhURuO+y6I8I5b3BA1fW0dXewE1hLxnKO4IHxPi7he1ui/npEvPU21ZDf8dS+tprGBR0KUJwgZi/Er7tqGCgtZj+cwX0ns2l68QCeqS3b3O2csRz7+lMek/Op/tYOn0nM/m2OYe7Z3OGPIHnK2Jwn0i/Kz1+mzLpPzGP7vdm0Xt0Dv3H54n3dHqOzaXryFxuvjObm+/O5tbR+dw+lqkgvYy/ej+Dn707h395czZ/99I0LuyYwKEKXzbNd6BuuiNLJjmQEeNEapA9UeL3IsjeCi87S5ztLHB3tsTLUcXOJcH0vJ3JmWIXts4wHOOr9/PBWmfH7ATxfR5cwoWtE/mHPeFcrxff8rJQVmZF4uthj63WDo1ajc7GArWtDRZSANZ5o9L6Ymbvik5tzhQ/M7Yu9OeZwmhKJrngozHD0UWNtasDVgJ76W3soiXExYLvP5FCy1p/KqY5kBejYWtWLOVJ3oT6avEN0FCY7MTRtWkUR6hpzI2mbFYQ6Um+zJsWQ8b8NIqKF7EoZy7p86cybXoiSVMSmJCWTML0qUyeO5lZGROYNiuc9HlR5Mq6cx5fAA4KKCLIv4QgvwqCfKsFdYJ6Qa2IqxRppSJPMYFD+QL9Zb5aAv1qhD1Fmr6IUH0ZIQGlBPtIygnzryY8QJT3qUbvW4O/31L8/OoUj18vee+vQB717OdfiZ+o21fgFyDF5Dr8fVYQ6F1LuF8epbkNvPfiQZ7aWMTLW/J4YfVCtiyZRuXcZObGhzM/aQIJQQGUL1pAamwMMyclEuXnz+ToKNJio6nMnMvawmzWL8nkibpCnl5WxObCOewoz"
36561 [Forwarding screenshot on session b1310904-d161-49ca-a1a6-530fba7baea8 to remote] DEBUG org.apache.http.wire  - http-outgoing-101 << "2RL6Tx2VGbw9OrFND2/jr9tfZm/6zjETz8/yQ/bX+SNneU8tSqbJ1cs5MCyBRzaXMrFt/byo/Y3+LdPm/nlDzr5wbnXeXvPKp5fV8Wm4gwaizLZXpnNq5vrOPPCVi68sZ+VuVNYMMGThqw4mp5ZyeHNlazISqU+I5Wd1bm8uruBa02vsG3FUgozSwnxyiQisB4fz3p8/ZfhE1iNd7D0kq42ghTQa/GWHtVD+OiFnQMajM61CRMmTJgwYcKEib8sxm4ImTBhwoQJEyZMmDBh4q+X7yQAR8UGK3cAW9mYC6yVI6Cl1+9oAVi+G0Tgfw8BWGVuptxvq1dbMM/TgSIPHVVOVtS7q2nwtKfWQ+CmZZW7js2eOnb5aNnhZStCNfv8tTyht+OpQAeeDnTkST97nvJ1ZLezLessVKxTqXjS1ZFX/J15NUB3TwR+Xa/hTcFbgWoR2vB2oDXvBtsajoMeFoAjdPeQAvAwUgA+G2GneAOfi7CnOdyOMyFazgbZ8aajGYd0ZpwWfWqNdOVMqANnwhxpCnPghMhzIkzUJ72Iox04FW3PyRgHmiJ1nAux4Wy4lmMTPHhpejjZwU7YSgFYa4NKzJOZxgmNzgMLRz0qj0hUntGCGFTesah8J6AKTEQVMhlVaCqq8DTMIqdjHj0Ds+g5ihewWVwOZvG5mE/Iw0IeAT1pCWYT8zGftBjLpCVYJRuwTs5HPS0PzezFaOeUo523DG36BhzmNeI6cy3Bc1eQMKsEN2cf5sRH0PHSLn78/k6+urCDr9rX8rMTNXzVVKN46UoR+NapcrrPVNHbXKeIwPKo5pvNK+luWUbPuRpBtSLoDrTX091crSDjZdjXahB75fPNU2V0namg52wV/a01DIh4me9WU6UIl9ItUERieQS1eP7ydCW3pVh8fhkDncvpVo6nXkpPq/Q4rmfwwgqlj7dE3bdFPbJsl0iTd+hKkbj3vCjT1sAtUccXTRX89voG7l5ZS58oJ+Nvi/ZvSZH64ir6LsvjpNfSI+/kvbSGLln+yjoGP2zk20+3ceejzfTc2ED39fWG8NoGeq5vpO+DzeJ5I7eviPjrmxj8aIvCwIeb6RdpfTekCLyZ3362l999vl+E+xTvXykAyyOg/+/ne/l/n+3hNx9uU7yU74i6fvvhFv7Px9u4K+oz3BMs+ifF7gtS0F7OHfEsxeC+zgZhlwYGhX2kCHyns17YVc5TOX3n5BHQZfSfKxJhIX3NefScyqavSd7tu0hBisDyvt+u4xn0nFhguAe4KZfek/JI6IWKKCwF4Dsiz53TGQyems+td2bR9e5seo7MpffoPCXsfm/OEIa00Uzl5ruJfCU5msaXx+bys/cy+G9vZHFyVRSHKsLYmxPE6plelMY7ki2+yWlB1kS5qwhyURHmoeJASSjd7yzkg/VxbJjhQV5SEHp/H5y93AlyVFGSYEfLuiiuVGs4scCS15d4kBpgjbOjFrVWi0Zti9rWEmu1WnyDdqh0zqgcfDBX22GjsSTAXsVkV0uezItmw0w98Xbid8zTElt7c2xddNg7O+FgryFM5Pnhc9Np3xRC+XQnsiLE71N6FOUp/oSI3ywXTyvyJzlzavNsiqO1bK3NYv7MBAL1Hnj6e+Pq542n3o+omFDmzEykuiSD1XX5Iswkc04SaSmxTJsygaSEMLLmJLNofjJzp0Ya/RtgjED/xQT6FRLoW6Z47wb61A5RTbBvuehjMSH+BYIlhtCvRFBBiMgf5JtHqH4REXoR+i0i2HMRQR45hPksIUKW8ykRdYh6RX55HLTf0HHQvgHVytHPvgFl+OoL8dEXiXjx7lePv89q0fYy/NyySYnP4LWD+zm0p45nNmSzsWASa3ISyZwQwIyoABZOnsD0uEhWlRVQsSiTVeXFbFtRx/6Nazi4eS0H1y9jT0Mp++qLOP30Fk4+uZENi+dQOy+Z4rQYiqdGUzwtgv0NOVx4cw//+uEJ/unaEc68uJGNRdNYsSiZtYvTWLdkOqvzUnljVz3/cPkoP/tBB7/+0UWOPbWRbRULRZ65rFs8j921S3h33wZ+/cOr/Ntn7Xz9jzc4/fxmNpfNZlv5DPZUz2J/bSYrMqewpTiT089t450nV/Hs1hpWVxSwOL2AIPe5inju61mHv345fiHCZiGV+ARWDYm+Y5FHa0sR2ICPfqmwbb3RuTZhwoQJEyZMmDDxl4WxTSETJkyYMGHChAkTJkz8dfKdBOCY+DBFALa0lndaWgsMxz7/RwrAZhYWWJip8LUxZ5aHPYUeOiqdral1U1PrYUe1FIA9HFjlbs9Gdx3bPDRsdrNmq6ctO7017PHXcSDAjif1djzhp+OpAEcOeNnRaGvBGnMVWzVWPC3qPKSIv/JeYCkEa3g9QIq/ElveDrTl3RDpBSwFYC3HI3ScCNdxcohTClqF02FamoZF4GEBOFTL2WA7TviI+pwteMfdgtNB9pwNd6YpzJHTEY4ck8dNh0hxWdQZJcVfJ45GGYTgs9F2nIzU8rp4PpDgybasZFwsVViqbTCz0WBm746loy8ql1BUnnGoPOJFKPAS+CViFjgZs5A0zEKnYh4+HYvImVhGz8Iieh4WMVmYxy7EIi4by/hFWCbkYDUxF/P4bMzFs+WkPKySFt/DNikPdXK+ciy0ZWo55tOqBUuxnlGHZmo1LmnlxGTUE5GSQ0jkDIpyC3h1z1I+PLqFf27byy86tvN121q+OFnJ1ydKuXWimK5T5XQ119Ilj4RuFpyp5nZTBbfPVNDbUqMIvX2ttXQ3VylxXWeksCtF4FolvfusiDtVQndTGb3NlfS3VNMv0vpaRJ0ib7eoW3oI90tvV3l3cFsD35wup0eUHZRiZ0e9gny/fbaSvral3Lkgj5KWXsYN9LUvNcSLcLBT3ke8VOSpF+/1dIm2elqWMnB+Gb+5sprfXVnLQOcyMRbRphRQL6xg4NIqBi4b6Jfh1TXcvbGeux+sZ/DGWvqurab/+loGP1gn2KDQL9L6r68TaWvpFfRdFWkfbeLOx43039hAj4y7vkHxMJZ3ACvHPt/YLvI1MnB9s3IktTyKWh7/rNz9e2U9v7mxid98sFl5NxwJvYaeC1LQXqV4PPdK7+p2eb9yg7CRQQyXY+xtFeOVntvCtj1nhI3PlBpE4OZC5Q7grhMLBVn0nM6iVyDD7qYsbp/IFCyg59Qiek/l0HMym94T2XQfy+DWkbl0HZ1F9/uz6Ds+h64jEun1Oyz6ivf3RPq7M+l6ezo3X0/lq9dS+OrVZL4W4deHE/jiUDg/fzGYn74Yyk9fjuZ/vzqBf301hX95dQY/emYa13el0Lwmnrcqwnh+cQCNs52oTLIhI1L8loSb8XSRLzcPz6FtqZ7VU53JiPPC39MJO3trkvzMaUz3pnVNNJ8sd+d8hT0nliWQNckHJ0cdGo0NarUV1mr5HzC0AjWWGltstI5YabXY2Mvjp1VM8tSyZU4oB7OiqYzREelkhp+nBVp7S5ydnHBxdCDU1Yq/fXY6bZtCKZ3uzPxwG1bOiaRsSiABPjpcfW3JirPn3dWp1CY5sqpoBjOnxqIP9sErRI9LYCBuIcH4R4YQFK4nJNSbmGh/pqTGMj9rJgtz0pmfOZvcvPnMnpXMvFmTWLJomtG/AcYICsghyD+PIL9CgnxLCfKpJFihjBDfIsL88gnzX0RYwEID/jmCPCWMCc4kPjyDiRGZxAXPJ8pvLpG+6cSKfHH6HCJ8RX5f8Vsh6gj2W0KgXwF6/0ICAgoVz18ffQE+gfl4BxXgrS9XPIR9fdYKu6wgwKuAFPE79dzePVxvOcxLO4qpnh/Omrwp1C1MY2NFLjvqS9jeUMbG6iJWleZRtSid1WWLqVucxdLceby4dRXbqvN5cmUpr29rYGtJBhUzEslPjGdxcgKFUyaxIC6UpfNT2V2zmJ5//j7trz7JwRWlIm4KyxZOY93idLaW5ipexLtq8zj5XCP/+mkzf9vxNusKZ7EoMZjFU6IomTGBBpH/3f0b+f65t/n83Bv816vHRZ6ZbK1K50BDJs3PreKj956g+ZktvLSukv31eTy5dglHnt/E3vXLqMyrJMQznXD/avy8lqIPXI5PUDmeg"
36561 [Forwarding screenshot on session b1310904-d161-49ca-a1a6-530fba7baea8 to remote] DEBUG org.apache.http.wire  - http-outgoing-101 << "cJWgcI+gVIIHhKDh9FX4x0gMdyxLD2CpQhsbK5NmDBhwoQJEyZM/GVhbFPor4mxd6p1NgYR1Ng5Lt9oDPevBilkc/jHxvI8jB9zODuI7MM/NpL2H8SPD5P9B43l96CzUdirkU5jaX8wj2NL0325JkyYMGHChAkTj8t3EoDDIvU4uugUAdja1kYRgEeLv/8BArBsw9wMbytzZrrZU+hpR7mzDdUuaqpcNFS5O7DUUwrADqx31bLJxYYNLtY0utmy1UPNDh8Nu3017PVVs1+EB3x1HPC2Y48ou0VryXpLFbvsLHne01rxAj6st+M1fy2HAzS8EWTwAn47WM278i7gMC3HIuwMhOs4LpBeu5KTChpOhKoVIfhMuJ0iAkvk/b6n9VpaQ1xF6MCbLuYc9bHlTJgTp8OdOBXhxNFgLe8FawxtRNrzfrQjb4fbczzOiZNx9rwZbsWzoVZsj3Fk36JU/KxU2FgJO9vaYe7qJwhC5Sa9fyei8koUTFIw85uMeeBULIKnYxY6C/PwOVhEzMMiKgPz6EwsorOwiFmgCMGWcQuxiJcswkw8m4nQfGIeZpMWYy69gicVYJ1Ygs2kUhEWYZFcgPlkkZaWh8W0xVhNL8Q2rUi5I9hxai1Ok5fiPaWESXMyWFKczcGddXz4/k5+0rmbL8+t4pYUek8Ucut4AV1NZYqn7u2WehHW0Huuaohq+lrksdFVSjjMcLryfq6S/uYK+s8JZChprWawfSk9zZWKSCw9hhXa6unvWKaIvIMd0rtY5JF1yXpapddxFf1ttUq8jJPIuNtnypV0mdYt2lMEaPEs07rOineRT6b1i3plmS4pRIs6BjrrGDzfwOAFKQbLu4/r6BNh/6UGei800HO+ju4LIu6S6NOVFQxcWyXClXRdbKD74nK6Ly3npsjTc2klPZdX0XVphXhvUOgW74PyKOkbW+m7uomuC2vpOr+G3kvrFQ9feX+xFHsHLq9VjrqWIm//xTV8e2OziNtId+dqbsn7luWdyZfWKkdd90tvYGEf5TjolqXKPcx3Oldwt2M5A1L0bhY2EbboP1fOoCICF9HflE/v6RyB9ATOpvfsIjE3OfScyRHzmkP36Tz6TucL8hgQefulGCzvDH5/Dj3HZtN/ch4Dp6VXcKZyPHS3jB+i+8gsbr6dxteHU/jilYn8+uV4vjiUwJeH4vn1SzH84rlwfvpsKD95PoyfvhzJz16N5d8OxfGTVxP531IMPpTKPzyTzPf3TOD6xnDOrAjhuVIfGrPdeKvaj69eTOFIvh1LJ9oQ62CG3kODp4sF1TOdObZmAu+W+XCt1p3vNcbySkUcaeGu2Ols0WossFWL3yaNLSqtHRYaazS2KtQqFToRZ661QONgQfqkIJYm+LAuxp4NCTqSHaxIT3QjLNAJF3tHXBwcCHa24vODqZzbEEzJNGdmBVlSlaqnZEoQPp5afIIcmRel4ZWlE1g7y4vsFE8mxriiD3TGK9QPh6AAnCLCcAoLxT0iFO+ocHxjI/GZEINPwgT8J8USMSWWmCnRxE+JYtKUcKZNizb6N8AYofoFRATlovdeiI9rNhH6CgI9lxAVWEx08BJCfNMJ8EwlyGcyfm4JOGrCcNXGEOafRmrCXKYlzWbqxJnMSckgLXYWE0NSmTkhk/nJ+cwWvy9psYtICM0kWp8u6swgPHA+gf7p+Ppl4ROwSIxftBuci5e+EE+/Kry8V+DjVY+3ex7TUgp5Zt8+nt+/mud3V3HyUCOv7Kjn2Q3VHFxbTU3WVApmTGTvykrypieQlRxN7rQJzE8MJyspgsN71rF3WRGNpRksX5hK7bxEqmalUDwlmZLUyRSJsGhKIpUzkzlQX8r/9/P/ztu71rG7ejHLsmZQP38qdemS6dRnzKAuawrLcibz6dlX+az5NZbnpFGbkSyYTNW8ZCrmJPL0mkpe37mSE89u5nORp2x2NHULJvLUqoX8zZmn+afONzj95Hre3FrHs6uLeHNPHeePPsX2lVWsrl5NgMt0IqVnr2cVPj7V+AaWCfuUKKFvYLkBfeUIRL6AYUS5IYzNtQkTJkyYMGHChIm/LIxtCv1Fo4iQ94XOP0QAfjyReDRKmXvt/McKwEb7/zgC8Bjb/d78kQTg39+WJgHYhAkTJkyYMGHicflOArCf3gM7B9tRAvD4O4D//QVgMzMzPCzMmOaio8DdjjInWyoFFc5qykVclauO5c461jpr2Cji1znZsMHVlkZ3KQLbsN1L4GnFbm8bdovnfV5aDvg4sNtNx0YbcxqtVOx3UPGit60iAr/ir1G8gN8IvC8AvxOiUTyAJYpIG667h0EE1ioC8PEQW06KPIajoOWR0BqaRPyZYDuag1w4G+zCMV8db7qac8TXlqYIZ1HOURGA5X3DR8LsOBphz3uR9rwZasd7MY68EWHN0wEqngi34mCaLw0T/QiyVKGzFLbWOKNy9kPlGICZWzQWHhOx9krB2nsKVj4C3zSs9DOwCJyNWfA8zEIzUYUvRBWZiyoqR7DAQLQkG1WMSFPuBRZpE0SehMWoJhYICgVFmCWWYDZJIOMm5Cl5zBJysUpejOWkRVhMXoJ6VjnmqYVYzalCO38pDjOK8J2+kAkzppObkchrmxbw644t3G6u5/aJAm4ezeHW8Xxunirmy5PFfCW4dbpU8eyV3G4q4xsRd/NUCV1nyu/Fyzwy7puT0hO1mL4zpQrdTcXivYTeM/Jo6HJFJDYIs9KLePgoaSn0SiG5QtRRpLR9S9Rxu0nU0VKpxN9uKlHeu8+WKc8yTjkKWYQ9zeUKsszwu8zXJdsXYfdZeedxBX1tlQy0VzPQUUNveyU9reL9fC2/ubqcu1eWcedyPX0Xa+lqr+KWyHvn2nLuXF1Jn4jvv7yM3ksNfNUixtoh+n95BXc/XMe3H22g98pKvpZitBRtr2zkzo0tfCsYuLJBEXW7O1cyeGmNqH+twoC8x1gKu/LO5Euijg+28ruPtjMohePOVXzT2iD6I+KvrueOKGcQgaUH8DJ+e3Etv5EicdsyBqW38zkxHjG2u2Is37aXc1ceB31WisCLBAvpPZsjbJ1P97nF3DqTy61TuWI+RPqZAgbOFDJ4djH9p7MVsbfn+Bz6Ts2j92Q6t4/N4ev3pvPrt1P54q1UvhTh14Kv3krhi8OT+NUrcfzypWh+8VIMP38hjp8/P4lfv5jEr16eyM+ej+R/Ph3APx/04icvBfG/XtArz//yXAC/eC2aX78WxzcvTxBlJ/N3z07l8v4Z3Ng5gZsvJnA0V0NllIrp/ub42lvgI34Lrr9SyLtLA3kl14XrywL4789lcahmCrE+WtzdHLGzVWEj7+DWalHpHLHUWuFkrcJb/JboLMXvp5MGG/GbFKV3Z9fCaRxI9edgqgulYWaUzfQlY3okTjY6XB2cCHSy4pP9k2ndGEbpDFdSvFQsCHegcHIwXl46vIOdSI/W8tbKFDZlBTNtojsB4a5ofRzFt+2DRVAg2phY1OHhaMODcY4Iwi06BM/4SDwTYvBIiMc3MRHP2BjCp6QQnjwRfXSY0b8BxggLnI+fx0wig3MJ9c8l3H8JsSHFhPotIMB9GlGBM4gMSiZt0kxK88rZs3kvLx08xJM7n+Dlpw/yzivPC15g88pl7Fq7ljeffo5nt+6ksXo5NdklFM7OI2fqIhakZjNzYjrJkdNICJtBeOAcgoLmow+eQ0DIPEEugSHlBAUvIyx0OSFBS0iIT+fAnl08tXslx17bzhMbK9hau5jaBVOpyphMdnI4xbMnsrOuEC9ba7wFAfYacqdEUzk/hX0rSnhx01Je3drA4W0NPLOqlI0FGWxasoADtSW8sXUtnx47zD9fOcO/fdgKd35B/09+yBc/vMgPz73J2ee38cqmWsFSzr2wmx+1vc2/fHSa2//8ATf/2w1+0PomzYd28fSactYsnsPupUvYWZPL67uW0/76Xn584T2yE32pmh/DzsoZnNhXxadH9tP05Dr2VGTx4dFn+Ier7/DBmRdZW5HPspI6XG0SiPAvR+9Tg39ADX7BpfgGid/YQBEqIrA8NluKwBX3kMdpG7gvBhubaxMmTJgwYcKECRN/WRjbFPpr4"
36561 [Forwarding screenshot on session b1310904-d161-49ca-a1a6-530fba7baea8 to remote] DEBUG org.apache.http.wire  - http-outgoing-101 << "vcXgA2C43cTE/9CBeDviskD2IQJEyZMmDBh4s+e7yQAu3o5o7a3wVJtKbDC3NoKS2sbLKyMCMBDjBZ+pSBswKj4KzEm8j4CczMVruZmpDjpWOhmz2JHDcVOWopddBTKZwdbqgTLnTWsE3GrXUToqmGDu4ZNHrZs9lCzxcOGHd5qtnvasMtLegM7sNfLgS12lqy3ULHdxoyn3XQc8nPgkL+WV/3VHNZb82aQLW8J3g5S826QTmCvhO+H2Q+h43ioHceHRODjyl2+9/J9bgAA//RJREFUGk6H6zgjvX8jpDewlnMRjpwQ9Z4MdKAp1I3Dbja85mrBqVBnToU5ciRIy3ui7LthdrwVbs9bUQ68Lsq9GqHhiSAzNvmbs2OSC3sz4pmgVeFoZoatlRYLe29UriGYe0Rj7jURC48kbHzTsPGbipXfNKwCpmOpn4W5fg6qoPmoQrJQhS/CLDwHVYRkgYGohZgpZCtCsFm8FHcFUgCeIMXeJYYwsUhQaIiPX6zks5yQj5XANrkA6xSRJ1nUm5aPKjUX1eRczFNLsJ9aTNDsJUSmpDEtJYqGRQn87fsb+UXLBr48s5Rbp0rpPV3IN0cX8ct3s/nyWCHdzZWKGNt9tpSuU0XcOrmE26eW0NNcpsQrnrlnq7h5upRvji2ht6mEgeYK+mR6czkD5yq5daJQEWLvdtQpHsF9LVWifAVfifyy3jsdNSJeegiLvE3FfHl8sSIIG8TbKvrbpRewFJuLFXFXCsADbdUGUVeE3VL4Fci8d84v5e6FegY7lyrlukT9sq/9ou7BjmoRX8OACHtaRRnB4IVafnt1Ob+9tpy7F+UdwzXcuVLPb25IEbiBu9ca6L+0lC/PlYj3ZeK5nl6Z73IDA1eW0SfeB6+uFnEr6OpooPf8MgYvrxR1rGLg4nLlWGqJvMt38Hy94VhrkXfg0hpRfh29F1bT07GC3s4VilgsvX/lPcDKXcCdy+nrlOVEWrt4bq0X9q4VdqkR4zHYq7+lXCBtXSTmJ5dvji8UZHHz5EJhqzy6mqT4myPisvnmfcGxbHpO5NInPYBPZHH76FxuvjeDW0dncvvYLL45Mo1fvz2ZXxxO5OevTRRM4JeHE/jV4Xh++WocPz8UzU9fjuCnL0Tws+fj+OULKfzs2QT+99OR/NszwfzsxSB+8WooP3s1iJ+/HspPRPjTQ4GiXJBI9+HrZ/354sVw/u1wMv/y9kL+7olEvnomgRfT1SwMVpHma06cmzkTnFT889tFnK3249BMew7EqXh9kTfPV6cxMVCHpaUKtfgGLbRmqLQGD2ArW2ucrcxxEd+lnbU11jo1No46/N20rEuP51hFMmcrI3l6kT+FCS6UpEfjZGuJp7MDgQ4WfHIgjfONUdTMcCNStJ8coCYnORQfbzvcfTVkyXvBN82hMSuQKfHu6CO8cQz0xDEqAptwQUQEuqhIHGPCcYsJEYTiGhuBa3wMzhPicJyQgO+UqXjEJ+EVm4R/whSjfwOMERWSiZ/HNOLC84gMzCXQM5Mw30wCXNNIis5kyYIKtm/YwvG3D3O57ST/7Ucf0vPV/6Lry//B//e7L/j5//yY/9/gT/lt17/wu1v/St/P/4F/+vg8//b9G3zSdIx39u9iT30tqxbnUzRrFnlpUylOzyZ/biGzp+QyIWYaIYGJ6P1S8fedi94nD3+vbFwdUkhNTufc6SN8/4Mm1tZksrI4g5e3rqNqXiq5yWHMCHUlI86P08/v4sK7z/M/P+7gnz9sVcJ/+bCNi28/y+Hty9ldm8f+hgKeXF7IwWWLeXpFPs+vyue51Xkc2VND52ub+HHb89D/X+j+hxb+6/kX6Hx1PceeqOHtHWW8sa2E9/ZUc/3ofn75t230/+vH/J9f/JCff7+dK+8+zbGDG3l7zyo6X3+Svv/xOV/+3VV+87Mf8Ztb/8zfX3qXo0+upD4jnNpZvuwoTuXUE6t5d2cD/3rjJB+dfobX99ezY0U5W5ZvxNsuhejASkL86wgMXIpvYDGeAUtEKL2AhxkhBgt85PHZAZJhIbjS6FybMGHChAkTJkyY+MvC2KbQnxXjvFLHC4KjRN4xIuTvJwAb6jYc/TzEUF6l3Mj4MULn6HofVwAe297oOu/1XRnTcJ6Hi7hKmXt5DSjC6D0BeOTx1mP6OE7AHW+Ph45puPxD+jt2PkaVG3p/HFuOnw+TAGzChAkTJkyYMPE4fCcB2NHLCRvpAay1wUpgbmuFmbUVFvIoaIGVtUizGhaAh0IryyFvYAuj4u13w0zUrcLKQoWLeI610zLD2YlMR0cW2NuRZadhoZ0tuXbWFNlLr2ANdc5aVrrqWOWqZbVgrZuG9e5aNnpo2eZjxxZ3Nds8bNnnb8+BAAe2u1izwcqCRnM1u7U6nvVw4FCAPa8F2nI42Io3Q6x5XS/CADXvBjrxXqA77wa4ciREPIfYCXQcCdZxVDwfC7PjRJi9wI6T4XacDrenKdKeM1EiDNPSFKrjeIg9R4KceD/EnXf87HnbW01zhCvHAtUcEbwl6nsxSMfrce4cilLzRIgFa3xVbEn0Yv3sGJJ9HNCZCZtYazC380TlFIzKNQqVxwRUnkmovFIw80vDPGA6FoEzsQiag7l+NqqAmaiC5mERmolFWBbmoRmoQuajkqF4N4tYiEXUIiyiF2EusIjLxTwuB7PYHINHsCQmG7MYkS7izEQesxhDunm8vDNYMCEPs4n5mCUKkvJRCcwS87AU79aT8lGL0DEpB8+kDIISpzJ1WhKv7V/GfzmznV80NdB3ppjBU4v4+mg2vz66mG+k6NskPXML6T6zhL7mxfSeyaNHPHefLeJ2cwXfNNdyU4rAJwroFvl7ThcrSE/gQemZK5/Plikeq/3N5QqD5yrpPVtK3znxLoVMQa947mmRdxGXckv0o7uljN62CsVrt7dNUsGACPsl7VIYrlLE3IHOWvraqwU19HaI546l9HUakCKwzDMs/EpvYNmGDO+cr+XuhaV8e7GOuxelcLyUgQs19F+s5ttr9fRdEHk7K0RYRXen6Fe7GMOlGnrOV3CrtYTuDkNc3/kqBi/WKPR3in62l4s+iT52iP62V4i2q+hrLaNH2KvnrLCFaFseSX3n4kpFHO5uW0qXvEe5tZYe8dzfXi/KNyj0iLjbzVWizlqBHJ/0Yq4S8RV0nSsTdhJzcEbMzbkSeluK6W0upOtMPjdPGkTf2ydz6W3Kp69pMV3i/av30uk6lkXPiQX0nV6oHPksj4H+Rnr9vpHEF28m8uVbSXz1ViJfvJHAL1+L5xevxvDLwzEiPVakx/Gr16P5+SuR/PRF6QWcwK9ejOPXL0fy60MhBqH3FT3/+koQ/3o4kn97K5ZfvB3Pr96I4Svx3n04nF+8HKjE/8vrMzhZ6MqXz07jiQUupOhVzAyxZaJOxdrJnnxv6wRuVPrw1kQbXkqw51hRHNsygkU+c1ydVGgE1o7iO7S3wEpjjbW1DTrx2+hgo0Nta4+1RnynDvbYW6vIiHZgf44f/+21xby0WE/dZFsaSxPxdbLCT/wWhTqY8dnTc7i0KZbVM1zxsVeREOvJ3Ekh+Hjr8PG1IVueErA8VfwGuDMzzpUJcXrcfV1wCfLHISQI+7AQHMKDDN6/kcG4R0fiGhuHy4REHBLjsUuOwjFBvMdNxDNmMt5xqUb/BhgjIjBDsIAgb/Hdei0gwi8Hb6epTIpZwEtPvM3BHQeoKsxh48oi3n5lC59de4ebv/iE3/X9PXd7f8TP/rWT33T9EAb+gf/X/ff89Ect/P/Z++swO447YRs+MGcO8xlmZkZpNDNiaVjSjJiZmSxLli2yTOKRRszMZjvGxBAnsR1wnNiOScxsSHaf97m/qp4Zx/HO7pt9vO+zm3z9x31Vd3V1dVX3nD6Xzq3fr/Y9PoODj8/mjQNreGn7Sp5pXMrhlfexatpwpvfuzJDyAvq060Bdh6707dKVgVXVgr5UltdTmFZFekxnsuLa06W4A88f38Gvf3qYR+eLcwdUsWzCaJZPGMaj04axY+lM1s4dw54V83h0+nAenjSEPSvnc+jxB2i8fxK7V8xl36P3cWL9UtFuHHMHVjK9rpz+hXHUZ"
36561 [Forwarding screenshot on session b1310904-d161-49ca-a1a6-530fba7baea8 to remote] DEBUG org.apache.http.wire  - http-outgoing-101 << "QQxqlMKy0b2ZMPs/jy5ZjZ//uQnXPvlEU6tnc6iwR2YWpvFvL7FYruchYM60rRgKM9te5Av3z7KOyc2MKgsia7JXvqXJDK1TykjuuSI8dUzf3B3fnlqMzd/9yIv7FzG8bWzObVuOp+82Mjt905w5/3neWrdImb17cDicT344NW9NC6dy0OzFxLtbkdK1GCiQoYSFTWcyPiBRMT3Q4rgf08A/zUiuDkltKStZ62ioqKioqKiovKPRVs/Cv3P4gfRnYrIjP03Uvc7QfgDmfifE8CStqNJT8/5W5Gp9PPv9vv3COAWufq9sTTL2x+MXc71e21+eN22aHOOrfft+4JXuVffm9d/KGIl4t78R9duFb//b3P6YR//SQH8b++BGgGsoqKioqKiovL38qMEsCPYhcFpQm8zYrSb8bP4ozdL+StKwX+HANYaNGh1GmxaLSkOB2UBQXRyuOlostDNaqHSYaG320J/j5UhHhsj3FbGeiyMc5sY7zEx2WtmWoCVmUE2ZgWamR9sY2GYnftDpAg2sjDQxAKHjdk6EzO0OhZaDTweZmNdjIX1UQYaY/xpjDSwMcLE5ignW6K8bI70sD3OJbCzTa7dKyWwYFdCqwCWtKwLnGBjvyj3y7WBEy3slgI4ziPaBrE1ysXWMHPzWsCi3ZZocb04C0/E2ViV7mNpkpFZMTpmZ7hZ1DOb8igPHnFPDPK+WJxonGFoPIlofOloAuXav4VowtqhiShBE1WKNrpc0FFBEcAxXdDJNNBx3RWkENZJ+ZtU9VdkNHCSqGuJCJaRwUqK6JRmdGk16FKb0cpIYSmEFfnbC31OH/S59ejzG75Dl1ePn7LdD7+CARgEpoJ6XHmVROaUkpObxkNTevHh8UWKBJYpl7862Je7+3pzfX9fLh8axMXDQwWDuHygnusHenFrfy039/fi6oG+XDowmIv7B3FlbwM39vfj5oF+XN/Xl2tiX5atdTdEX9db6m4dHMCdo4O5d3yows0jA7m8v4GLe/twaV89V8T1rx7pLxiglJcPiXGIuhti/+axQdw6LtcrHsyVQwO4KMZw7YjYPz6MG1KOnhrF9RMjuHZ8ODdkKmkpjKUoPjVSEcW3TgxXkNv3To/iq6fkGsFyrWApj8X5p4dx75nR3HlatHuymRunBnNJjEPKXimBbz85QrQbypVjA7l0sA/Xj/Xn7pNDRV/i+Okhou9BXDvcwNWD9dw5Ie6nlMLHBymRutekOBf3Uq5N/OfnJvDtsxPFeeOUMUihfuPYcDHeUUrE8L0nxyjt5Nyk+L0jrnvvqZGifoQimK8f6cdVKeOP9ufO8QHcPSHuqxjL7SPinuwTz2dvnbjfddw+2Js7hyR13NhTwa19FdzZL8q9Pbi+uzNXdpRxflM+F5ryuLi5mfObsjnbmKHI32ZSFb7ckCJI4sv1GZxfn8/F9dlcFscvNSZxfkMiXzQm8nlTKp9vzeLMtlzOb8vj0pZMLjelcW2z6G9LDn/cVkzjAB+rupj5cmUpqwckUBitpTTKxMTSBB6tjufYIA/PN5g50cmPt0Yk8MnyWlb1DGJIsoZ2ARoSnBoCzeK9ZNBiNeiwGY04zCYcJj8cdgM6k3hX2nyYrB6CbWayXTrGFkaydXw5M7v4eGJyGQvH9yA9yp9Ut443HunKczPTmNzeS2yghuRkLx2zYgkPtREVaaYqxk7j0ExmdPbRPTeYrh1ziE2MwBURjCMuCkdiHM7EGNzJMfhS4vClJ+PNzMKbXYAnPwNPQRyBuUmEZqUTmZlNVFZum98BbZEYJf6RH1pJfGgdCaG9xZgbSAqroDS7nscfXMeq5SuYMb4/i+YOYPfWObz92gYufn6SP99+jb/ce4PrF57j2hdPwbe/4v/55j2ufnCCNw+v4PS66Ty9dgZHl4+jaUY9T4ytoHFqb7bPHciWmUNYM3EYS4f3Z3afrkyoas+46o6Mra1mTO0AhlU0UFnYnuFVHVn/4BimDShWomiv/PI1zr/xU/Y9vJj18yayfclMfvPsft5/cg8ju+UzokseC4fXskPU71w6i2NrlnB41YMcX7uMNXPGsWBobyb17MiY8nZM6d6RGZWdmdqjjLm9urB51lj++PwhnnxiIZtmjWDxwArm1HVkemUpU3t2YHZtJ5YMr2Tt7P78ZMdDPLd1MQ+O6sH0Pu0Y3TWTASXxjOqSxeju2Tw4sidPbryf3zzVRF1eoKhLZNW0St7cu4gvXt7B9XdO86sj63l20wO8vHc5z+1ZxsJJg5g9diqh1lySIwYSGTSYyMhhxCYMJjpxAJEx3yNaItp8h2irMPQ72nrWKioqKioqKioq/1i09aPQ/yz+VgBKgVjT2Mic78TlD+Tf/0cC+N+gCNW/X1r+G9pMyfy31/57ZGlbtDnHv+N6f9v33yOxf0CbY/vPz+k/vJd/zzxUVFRUVFRUVFT+XX6UALYHORUB7Gc3YXZaMVjFtsX03yiAdWj8tGh0GsxaLXE2OwUuL+1tTsrMdro6bPQU46xxWWlwWxkkGOG2MNplYYzLxDiPiUleC1MDrcwIsjHDZ2RuiJUFoTbmB/oz1+fHA8EWlgV7WST6nqnVMFdcb5nXyJpIB+uibWyIstIYYRZY2BRhY7Oo3xzpVFJBb421CiyKBJYCeKegNQJ4T4KVvTIddAt74s0Ck2jjYEeCVxAg+nCzJdzErhgzexPMNEX5sSnJzhNJDpYk2pgSaWC8uMbSikwqY1wEaDTY/TQYxLPQ2bxo3JFovAlofGloA7PRhBY1C+Dw9mgiOqCJLG0mQlKOJroTmpjOgq5iu0szsT3QxvdEk1ChRAJrEmVZ8TeSV1kbWCJlcIsgVtrJMlkg5bCMDm6JApYiWCdQooEFSippuWZw3kA0BUPQFw3BXNSPiNLeJBeVERXh5cGpvXjn4P38bvcEzjZV8OfdPfj6yEAuHBjMx7sHCgbwxe4+XNxVxY3dPbm1u5Lre2u5tKdeSdt8YUcdV3b35treemU94cu7enFpZx3ntlUrdXePDFKQIli2u7qvnpuHpKwcqETGXpXSV3D5QIOCFL83jg9SImolN08MVo7LaNfbJ4YoEb0yClhGBl/c34+rRwdz6/RI7j0znrtPj+P2k63idIQiV795ZpwiXCVyXwpgKX+/fXZ8i4gdr+zflBHDz4zhm+fH861MDf3cOGX/khzjscHcODlMSRUt6+Sxa0cHCPqJaw3gzqnBfP30cNHfKDG2QVw71MD1w325JeZyT8zl29PD+PqpkcqY5fXvnJZjGyXOGcu3oi+5PrEU1rfFvJqjmmX073CuK9HQg0X/Q0S/Q8X2QG4c6ctNcd07x8U9PCqv0SDuZx+u769TuHFArvvbS9TVcetADVd2defc1jJu7RfPbl93buzpwrWdHbm4tT3nmoq4tLWQy1tk9K+Uv81pn79YL6VvswCW4veL9clKeaYxmTMbRP26TC5syOKSOH6lKYMrmzO4tCWDC1syOb8tmwuCS1vF8S1pot80PlydzGe7unH8vlSGpepZXWHh3BMd2TIim2Srjgrx+e3q0zKnwMiLY2PY3VnD0w1OPpidzm9m5/KTEQm8PbOcXb2TeKxbLFNyA+gVZaREnJNm0xApPptBRg3BXh0WpxmN1YPWFozJ4iHa5SBCvF8ax3RhaXU81cFaBmf6M7QsnGyPjnce7cyL4joT8l2khGtISHDRvSCZkEAzgT4N3cMsrB+YyvyewXTJ8tKhXTLhcUE4IgOxxIZjT47HkRyHOzkWb2oc3vRkPJnNEcC+3CyC85KJyEkhJiuN+Mws4rOz2/wOaIuU6H6EeypIjxlMcnh/4gPrSI+sIzGkA/1rhvLiyZPcuPBb/vWbD/iXb37B//rzz/jm5tPcvHCUuzefhz+/wV9uvsKlz0/yp1/t4OPXNvDxT9bxu1OP8P6hJbyzYwFPrxzN3jm92TWjhi2TKnh8UCmP9u8o6MTKgSWsGNKeZcPKWTy4B/P61jCjdzXT+nRjWn17RlfEMbd/LnseHM2pRx7g9KOPsmhwXxYMqWN8ZQmHHlvIK7vWMrmmlFkNXalMj2BwaSYTqkro3z6durxE6ovSGNm9PeOryumdnUCf9"
36561 [Forwarding screenshot on session b1310904-d161-49ca-a1a6-530fba7baea8 to remote] DEBUG org.apache.http.wire  - http-outgoing-101 << "BiGFKQxTNRP7FLAI6N689jYPjw8sppd948V271Y0FDO7JoSpvUsZEKXXEEO02tE24lVYjzF3D+knCWjuzO2RzojOiUzXDCgXRzDOyYzt18H1sxoYMvCYYzpkcz4imTuH5TPpjnVPLl6Gu8dWc/+pZN5adsS/vDKdt57fjNLZ4xgwcQZRLkKyYwbSmz4cKIihxIR3UBodG8iY/oJ+n9PAv9VAEeJZ9fM0BbUFNAqKioqKioqKv8MtPWj0P80/ioNpQxsln9SEipS8Aci9v87AdwsIlvTDTfzVxH5nxbAcpw/FKGC7+Yltv97BXDL9Vvn2sZY/w1tju1v78WPFsBtXkMVwCoqKioqKioqfy8/WgAbXRaBFYvL1hIF/N8tgP0UzOK64SY7KSYnBTYXHV1eOrtcdHFY6WE3Uesw0t9lZqjbwkgpgd1mxnrNTPBZmBpkY2awnRkBZmYFmJgdYGRugH9zBHCIhWVhblYEu1noNDHHX8N8k4ZlHhOrwpxsiHLTGOUU2NkYaaUp2sqWWLvA9h1bY2zfRQLLKGCJsi5wgpXd8TLqV2JmZ5xZiRrenuBha5yHLdFOtkWaFQG8K8HEpjgDG9IcLBXtpoXrmZjqYU7HZOrifQRpNLj1Wsz+evFM7OicQWg90UoEsNabhi4gC61MAR3WDq0UwK2ElYhSIIVweBmayPIWOv0VRQR3RRPfHU1iDzRJPdEKZKlJFtspFQqaFLl+sKSqRRZLASy25brBkjSZJlqmjO6FNrMXmlbkesG5/dDkD0JTMBxN4Qi0BUMxFfYnuvMA4grLCIsKYdKoXrx+6GHO7BnO19t7cmN3H87vHsDZQyM5e2QkZ/b25eLuam7uqeDe/mruyWjgg/XckMJ2T28l0vfO4YFKKulbB/srXNxRy/V9DUq9FMCtx67s7aOsJ3xLpkU+Is4R3Do2SIny/U70nhyipFVWODWUm7Lu+GAltfJXp8UYnxqlpHC+fKg/N47J1MujuPfMWO4oIneUIoHvPDWWr56VIneigtyWgvj79X+tG6Oc/9Wz4/jzi5P49gW5Nq/sb/TflPL47SdHiWsM5/apYYLBClIAy+jfm8fFHI/LsQ4UY+7PzSP9xDz7cfNQX64J5NxuyrV7TwzhnpTAgruin1vHZRpsGd08UEmF3dxukNgWfcjIXimZZd/HpPCtF/evTtz3aq7ureLavmrxHGq5c1BG/NZydXdPhet7e4rnUsnN/XK7K5e2lQlKuLi1HZcVirmyrYhzG7I515jFhU05gmwuNmVzabPczhT1aZxZnyJI5mxjMuc3pXKhqTkl9MXN2VyRbMkRZQtbcgWibmumIENsp3F+axaf7OrMT57oxrhyB6VeDesa3Hy4JJcnesWQZdYyKMPJ4p7hbB8Uw+F6N0+UallTaWP/oECeHR7N072CeLUunF8PSuM3Q7L4+aAMXh6QytH6WNZ1EZ/VPBs10UYyfVqixDvGFeDE4rZjd5sItmpJMGhY1T+XzX3SWVUeyvRoLb1DtbQP1PDW0iJem5PGhFwHmVF6sjJCqCxOIyzYSlCglr5p4t0yroD7egbSPS+Q9JRgfOFOfAkR+EeHYU2Ox54SjzM5FndaHJ6MJNxZGXhy8vDmFBGc3Y7IrPbEZhaTkFFEQmZBm98BbRETXEdMUC8Sw8RnNaiBtIiBJAZVER/UgYryPjx9+Ah3r37Cn2//hm/vvM3/+vPbfH3zeW5ePMGdGy9w4+Ipbp87za9eepSfHV/Eu6eW8vqu2fxs+0xeaZzEK2vH88rqMby6ejSvrRrFS48O47mlAzk1vy+HptewbWwHVg3NYsWADJYNLGTlsG48PqaW9dMb2LJAUsvGOZU0Tqtlzdh+PDJ8EAsH1rFwRC0z+nZhRoOgTzmTqtszpaY9wzumM6Z7DiO7ZjGqWy6jexQwolsB0/v2YGqfrozolMXgohgGF0bRLzeEYe1jWD6ym7heH9ZNq+PVbYuUcnzXRAYUBAtCGFIcwYjSWB4YUs5TjXN4dEoNu5aOZcnYSupyQ2koiqKhIJLxPbKZVJnHzgfGsGfJWJ6Y2ost9w/h0UlVTKxIZEL3GBb0LeKJCb1YPLgLK8ZUsUkcf37nUjYvm8vjCx4i3ltEenQ/YsMGEhM1hMjovoRGSgHcn6joAS3I7WaiBTGiThIdPUgwWKBGAKuoqKioqKio/DPQ1o9C/+NolX5SYrbKQ1knJaEsvy8UfyAI/0sEsCJPf3DeD4TqP6MAbuXvFsFtnv//gQD+N2NQBbCKioqKioqKyt/LjxLAzhA3Jo8Vk9uGzeP4HyCA9WjENTR+JowGK8FmFwkmF9k2D+2dApudUpuJTnZ/qhxGGlwWBovxjxSM8lgY7TEz1mdmYoCVqYEWpnpNTPf6M0tGAsvUz8EWFoaYWRJmZ2W4i2XBNuZb9MzQabjPqGO5186aiAA2RHpZH+lgvYwEjjLSFGtmc4xNIIWwRSm3CKQE3plgV9jdwh5lXWC5bWF7nJGtcTa2xrvZGO1QIoq3iPN3xIljSSY2JBpZmWhmToQfkxIcTClLoSo5hAiDjkB/HQaNBpPVhs7hQesOQ+eLReuVAjgFfUAG2qA8ZQ1gTWhxcySwgpTALSI4VBDWQVDaLIMVWmRwqwSO69aCFMKiTGghUcphgRS+yTISuBltSg3a1FoFTeu2lMCtZIj9/Ho0BX3RFMoI4GFo8kco6IqGYcprwFdQRUxRFyJS0hk7uj+/2DmDa/uHcXHXAM5u78OV/f24vLcP53dWcW1vDbcO1HH3UG+F2wd6c3NfL1HfWxHBkuv767khuHmgr6CBm1Loyvp9fZTy9uH+Sinr7xyR6aAHcEuukSujflu4eXygIlFlKVMsy3THt0S728cHcUdGw54YoqSCloL02hEpXYdyW67ze2okN08M56pcf1iRwFLcjufO0+O5JbZvnhqjlHeekhJ3HLdOjxH/CBrDjVOjRb0UwKLtUzK6dwJfPTtetBH1p0dx9dhQrhwdouzLY7JvWSfTVMsI4JsnBnLvKbm+b3OE7rXDMqK5XuHm4X7I9M9SADfXNYgxi/nI9NBPinNOD+O2mJMy16MyRbRoJ7hxTK4ZLOZ7vD93jvXjbgv3jvfla8HdI324tb+GG3srubanB9f39OTW3gruHKoWx0T9/grxXLpxXXBzXzdu7OvMtV1lXNnRjotbmtf5PduYzbmNMko3l0ubcxXxe17sn2vMEKSL7WbObUwVpRS/Mpo3nctbM7i6I5sr23O4si2Py5vzuLRR9NGYwzXR77VNmVzZJNo1pXNhSwZfbCvgt/vqWTQkhfZRBopDNKyodfHbxRk8WhFKl0Ajo9JdvPxQNUfGxPHcyBgeLdHzQKk/y8r8eazIxK4SC0+WeTiUbuJ0oZPjxS4OdQxgb0UkO3vHsbM+gaN18azMdTMnL4L+6TG0Dw8iyWkixaEn265hVK6D0/M7cXRKFo9UOhiVb6B/tpHXFqTw+qwkpuRZSQ3TkpMZRoe0KIIDLPi8Wobk2DkwpT3TyxxUtwshIy0Ir3hveZMiMMZGYE6KxZoSjz01FldaHG5FAKfhzs3DltsBa15XXPmdCczvQGheAWF5f38EcERIdyJDK4gMrlZkcHJ4H+ICu5Mc2on0qGKG9RnK2y+9wDfXv+DsZ+/w+Z/e4PKFX3Lt4lv8+as3OfvJHq5+doh3X1rJb37yKL99diU/3TWLX+yfz9s7p/N642jxbKbz/p4JvNE4gHe2DOSdpkG8v3US7zZN5fUnRvDcsgZefHQgp5c0sGdWFZsmdmb9hI5smd2D7QuqObh8IE+vm8wvDj7Gh8/u5L1nN/P6icd549Rqtj88jgfGdmdm/2L6FAUxriKRxSPas3x8Rxrn96Fp0SB2rRjPqU2LeWX/ao6tmc9DI7sxrkcqgzpEMbRjPNN6FzC2MpNZ/duz7aGxzBvciTE9sxhUmkj/onhlzeDBJcnMG9iRDfcP4aFJNWxaMoH5o2upay/e4/nxVGZF0lAQw8KBXTn52GwOr5jMijEV7Fs+iTUz+zO2WyqPjavi2IqpNM0czH29O7CofyemVuYxrluuGEMlM/oPJ96VSk5cFWkxDcRG1"
36561 [Forwarding screenshot on session b1310904-d161-49ca-a1a6-530fba7baea8 to remote] DEBUG org.apache.http.wire  - http-outgoing-101 << "BMlZXDcEKIiBxEVPpA4KXgjGkiIbiAlrh9pcQ0kR/VWSE8YTHLsYFLjRrT5rFVUVFRUVFRUVP6xaOtHof95SMFXw5w5NX8Vg4rQnCPqfiBafyAT/0sEcFvS8ccK4L9DyP6fCmDlvP9CAfwd/0fH//Nz+n8VwP8v11BRUVFRUVFRUfn3+VEC2B3mxeK1YfbYsXudigDW/beuAaxHYzCh8TPjJwix+khyBJBu9ZBlsZPpb6DAYqCjw0yl20qDGPdAj41hHivDPWZGeEwKY7wmxvsELj+meo3MDjQzN8AkkBHAUgBbWRlpY2W4kwfcJmb765gj5vOA3cYTYcGsCQ9gbbiD1eFG1kX6sTHW2CJ/mwWwRBHAsS3rASe0RAEnOdmb7GJ/iovdSTa2yvNiRft4F+vF9daFm2iMEkSLPpNMPC64L8bApCh/5rRPpDY7ihCTDotGg79Oi8Vmw2BxoHUGofFEoQuIR+dLRutNQu9LRxuYgyaoAE1woSKBlUjgVgkc2kKI2A+RMrhDMxGd0ES1CGBJVOfmfRkNLEn4a1SwQmvkbysyGvh7IlifVodfei8Fua3NqEafW4U2txZNfgOawiFoikYKRqPJHYZB7DsK+xLcvhdh+V0JTc1k3vjevLFlCueOTOP89t5cbCzh1pZSbu3ozPXdFVzd15srBxq4vLcXl3dUcGlbD65LCSzr99RxaVeNgty+vr8PNw9K6dtP2ZZ1F3dWK9u3DkkBLNNA9+eGaKMgI2SP9GuOnD0+gBvH+nPtSF+uHpLrD9dzS9TfPdksgK8f7s+l/fXimGw3mFsnZaTwSCXts0ynrAja4yO5cWoMtxUJPEHh5umxXD85Wjl27cQoZf/uMzISeJIiduX6wTIi+JvnJ4m6iS3lBGVtYXlcbku+fWES3z43hjunhygpoKX4lWsASwn89VNiLCcGifvUh8vi3si5yXnePT5QiRS+eriBK2JOcn7ynK9Ee1kq8ljOVxyXx26Jfr99cjDfnBR9HxV9HOolqOPu4V58daQX98T27f2V3Nwr5W9P7h6o4u7BSm4d6CHaVYh2ldw51INrezpyYVuxeF7FXNyaz4XNOZxvyhJlNpe35XF+o4z0zVDKC5uyFBF8eYuMBBb7TWnfiV+Z4vnSFlmmcmFLMufF9rktOZzblCfOz1XWBL60VrRZk8r5tTJVdAafbcrm9+LvZ830DEpTTSQEWkl06ljeO4T3FiazoqOT+ggTK7pH8+T0PJ6bnsLbM/JZlKphfrqGHTVB7OnuY3uRiecrImlK0PB4qJZHIrUsidOKdkYW5DpZWuhiZ6Yfh3JsHO+ZzhMlWczKzWB4RjK1UR6KLBrGF7uZ1snM21trWD0ugFHlLh6oj+a1OTG8PiOGqblGoh0akhO8FCdFEBJgx2HV0C/TxuGZpczq7KBHvoe83DA8oVbs0YGYE6IxJcdhTonDpgjgWDwZiXiy0vDk5GLLbY8pvxPO/BICC3IIL0gkPC+yze+AtoiI7kpIWGfCQroRF15FYkQNSWE9SAnvRLg7lYryGt76yRuc/+QzJowcQXFeHnXVtUyfPJo/ffgkn/xuF7fPPcWbz67kj6838dnPtvHLo8t5ecss3tw1j98cup/39s/kg2Mz+Oj0dN7dP4w3tvbj5bWDeXXtSH61bSpvrB/Fz5vG8f7OyfxClL/eM40PDs3ll/tm8vLmiTy1fgwn1ozhlT33i2ts5tIfjnHv4vP85atfcPvM83z+81388tQj/GTnbP7w/KP88YXlfPbaY1z+ZRM3PjzIzY9Oc+m9E9z6w0+499HL/PqpRk6tn8PmRcN4dEYfFo+tYHiPDEZW5TKupoghXTIY1CmDAaXpDC3PYUTHPIaVZzOiawYzB5UwZ3hnJg3sSP8eBdSJ4/VlOQzunMfU6hJGliUzszKHx0ZX8MSEGjbOGcSjk/swt6/4G53Uh6PLJvPYqEomlCfxxOgaVgyuYHx5Lv1zM1kwaDg9s8vJjmpHXGAHEqKqiImuJyZmIElxIwgPrCchoh+pMQ1kJ9STFVNNZlQPsqN7kh7ejYLEejKj+5AU0rvNZ62ioqKioqKiovKPxQ9/EPqfSbMElBGof5V8bdUJfiAI/8sE8N/I09Zr/wgB3NrH98aijPU/GLtCmwL0b/lhPwr/aQEsj/1tH22O5/u0MTblvnz/nH9zL5vH8P3z/uN7+W/vrdK+rb+N/2isKioqKioqKir/f8qPEsCecB9mj+17KaAtGKxmDGYTfiajIoCb5W+zANbpDYr4bZW/Gp1cr7eZfytz/0+QEcAGRQBbTU5CrF4i/e1Ea40k+ZlIN5nIs5ro4LDQ1WWm2mmht9PMAI+MBDYz3GtmpM/CmAAz47wmJvtMShTwTFHKCOD5QWbuD7KwJNzKsnAzS0KtLAl28KDXyRx/I1M1WhZZrayJDGF1hJvHw4ysjzGyKd7MplgrG6NtCk0CGRG8Nc7+t+sCy4hgJS20jZ0JFnYmi3Zif320lcZ4F+uizKwI0PB4lIF1aTYeSjIzJcbM3KJYRhUm4dVosGo1GHUa9AZxL0xWNDYPGncYGk8MGl88el8SfgEpokxBG5CJRkYBBxWiDS5qjgYOKVb2FYLbNSMjgcOl/O2AVsreyI5oolqQ6wTHymjgzmjiRBkvI4G7ok3ohlaK4ASJTBFdhS65Gn1KjYIupVrZ9xPbfqm1+KfV4Z/eC2NGFf6ZXTBkdUOfLdrk9EGfOwB93iAMBUOxthuKvagvnsJehBRVEZxdhi82keGDqvnp9tmc3zWAe5va8ZemHL5qyuf6jq6c31fPhSPDuHRoEFf39eJcUxdFAEupe+OATAndjNw/u7WnIn2v7u3FvWMDFekrj0lBLIXx3aMD+PrEYL6Skb1iW4rSK/t7KxJYClS5lq6y5u3RflyXKacP91XW0v3zUyP4SpRfPzmC60cGCGTE8FDuPjmSr54erayte/OkOHZiBDdOjkSmfG5dH1huS8l76bBc03ckt06PVur//OIUJSW03L96bJjSTu63nitTSstjclvW33tmHN8+P1ZcT6aCbk4BLeWvUp4eIsY2TJHVt5UI5+Y00LeP9hfzkpHM/bl3ahDfPDVUtBui1N09OVApbx2TAlyK8AYFOe87R3rz1dF67hwW9+BANXcP1irc2l/J9V3duLazCzd2d+Xrg5V8dbhKEcBXd3dSxO/NvaLc1YHzW/K5uLk58vdMYwZn1qcp6Z3Pb8rg8qZsLm3M4vz6dM6uS+H8hlQubkzn0qZ0ZW3fq1syBRliP1UcS+LCxgSubEvh3JY0Pt+Yyafrs/lsbTZnVmdyYbXo94lkzqzJ4OP1+by7ppAji7IojtWQGGEh2O0hzKZnSX00792XyPoebialudhQHcn2+mA2VltY3U7H8iQNWwr8eHNYKq/3j+etgYk809PHmwPE9qBknq4O5XhlGBuLbTycaWF5ppEVWQYWpeiZl2JnbnYEc/LjmZYTw4T0QCamu8S2g3HpOpqGx3BwVhZLB0TzQO8I3lmYyBszohUBHOvSkBQfSHZ0CA67P06nhoE5dg7NLGVamYs+pSHkZAQQHOXAGhmAJTEGY1IcxsRorCkxLQI4AXdmMr7sTEIysknIyqGsrJBRg7oxsCqFiQPS2vwOaIuY+GrCwrsTFtyD2LAq4gUJId1IDC0l2pNB/8qhvPXim3z++0/o0bk7MRFxRIeJ69udfPmnt7l5+W3eeW0XGTFWBnTP4if71/LOiW0ceXwBvz61jT88u533j6/mV0dW8PELq7jw1kbO/XQt195o5NyLj3Lu+Yf54PBcJUr4y6cX8dGR2Xzx1ELOvrCEO79s5F+/PM6/XH6ee386xs0PDvDnqy9z9bNT3PrySa5+fILrfzjOtV8d4qNn1vLFC2v49v29XHp1FZ88/RC/PnYfn7zwGB+9uIGfHljBJ6/u5cLbh3hz34O8tGUer+9azMcvbeHyr47xySs7+e1zm3nvVCN/eHEHL2x9iG33j6ZpznB2LBjD/ocmcvSRSfxczuO17fzxtb386e0T/O6VwxxavZBHJ/djfn0HGif3Yv/8/iyuz2bn/L48t24GB5ePYX7fIkaXRTG2N"
36561 [Forwarding screenshot on session b1310904-d161-49ca-a1a6-530fba7baea8 to remote] DEBUG org.apache.http.wire  - http-outgoing-101 << "JKB2eJvsmM0D4q6teOqGN0hgT4ZUWycO4OlE6fRo6ArGVHtyEmtISW+lviYXqIcQHxEHcnRNSSGi+PRXcgT7+7yrCrmj32IR+atp1i8x4sTq2mX3NDms1ZRUVFRUVFRUfnHoq0fhf4n0pbUbFN0/kBC/lBa/h8JYEHztZpFoyIwT//ICGCFFlH5Xb9tzO+HEvPvEMA/7FeZy/9BBHCrWP33xvdvUM7/wTltSNi/vZeiz7au+x/ey1Zp3Myc0z98ZqoAVlFRUVFRUVH59/hRAtgV6lEE8F9TQFuUFNA/FMBS/P7fEcByDWCD6M+AUW8i0Ggn0t9GnMFMkslCht1GnstGiaCzy0qF00atw0xft4kBHhNDvBaGB1gYLRjnMzPZZ2GKz8R0sT07wMz8QAsLgiwsDrXwUKiJB0MsLAlx8lCgmwU2G7P8/Jhj8GOpx86qCDfrYlxsiLUKzGyMkfLXrrBJEcByXWCBFMGijbImsCKAm6OBdyZKAWxlc4I4X9RvTPKwKsrMYo+GRYEaHst0My/JwfiUYMYXJxJn0mLXaTDotehbI6HNDjS2ADTuyBYBnIDOJ6N/JcnNAjgwF21QgUBK4Bbxq8jfIkExmpD2aENL0MpU0BGlaKX8/R5aKYBjOqOL64ouXpDQrZnE7grapOZoYF1yJbqUFsS2XuCXUoUhpRqD2FZIqsI/uRv2rC44crriyKvCUViPo3gAznaDseX3w9tuIAHF9QQW1hDerpqIdpV48npii0ll6tAevLtxMF/v6MG/bivi7sZcrmzrzNl9fTl/ZAQXjwxVhKZMC319fy9uHJACWEb8SgEstvf35tKuakUOX91bxx0pdVuQdfL4bRkFfLilXvR1+6gUpX25JcrbreveyujXEwO5eVj0e7CP0u6e2P/61BD+8uxovn16lGgzlBtHBymRwLdlJLBcV/fJUdw6NYKbJ6WgHclduYbv02NFOUapv31qFN88N56vnx3HnSdHC2QKaJkaejQ3ZXvRVu7fODkCmQa6FZkiuvXY3SeHK+mfZZrq1ghgiUzdLKOYpci+Iecj53hsoCKDr4o5SK7JCOAjfZU53pVrB4s5y7pL++oUrhzorezfOdLAzUPyHlZyeWd3hWu7enBzXyW391dxa18FN/aIup1dxPPpyNWdnbh7uIJb+7tyY6+M2i7j8vZizm/O40JTriCb85tkmud0LmxsRlnHV677uylTEb/NpIn9NC43pSny9/q2LK5vz+TqVpnaOUmcH8uXm1L5fFM2n23M57MNuZxZl8XZVSl8+UQqn60r4NfrO/Lu9n5M7xVMUqiG8DAPbk8QHpOe+6oj+P0D6bw+PZc9Q3I5PjSRp8bGcWpMDI+3N7ChvYut7QLYUx7C/i4hHOgeyIGeHk73CeV0r0Ce7xvKT4fF89bwZN4bm81bQ9N5fmAmx3ons7t7FFs6BtJYYmZtkY4N7bQ8lq9ha3cDB/t5lGscHBHF430jqY/X8Iv74/jlvASm5JiJsGuIiwsiNTwYl3j3ON06apPN7Jtewvh2bnoV+8iTAjjcijXc2yyAE+MwJ8crAtgp8KbFEZCZRGBWGsEp8eR3yKaqKofyIhczR2fy3L4JbX4HtEVsdC8iw6oID64kMrCCSF9XYgJKSQ4rIT4og4ae/XjlyZc484fPqO5aQWZiDqkxeVj8HLz7zmv85auzfPDuq1i0WnLjIjm6eRMbH1xCvMNNuL+RzokJPDBqKAceX8pzO9bwu58c4tYXb/GvV34G11/mm9/s4Kv3tnDjzdXce2cdt95cxdXXHuHMCw/xx9P38ebuSRx7rC8b5nbmkcnt2f/YIN7/yeOc+c1+ntk5l1d2LeR3xx/nPSlzDy/n3MmH+fLEQ5x5cgmfnFjMmRdX8ekLG3h9zzJ+/+xWLr+5j1/ue4CXNkzj5Y0zOPNKE3/5w5P860dPc/mdveJa4/j4uQ388uAKXtl8H6cemcThB0dx6uEJ/ObwMr58eS3vHlvKJy81ceX9U3zx1hHeP72R94+v4a3ti3jmkVF8eGAR37yzg1vv7OK5VWN5fetsbv9yP785skRcdxIvybWRGyfz4poJ7JhTx9zaTOY3tGftjOHcP2IQFfntKMsupzi7G9FhRUSFdiA+ojOZCZVkxnUhObyQgqRSOuV0oa60mpcOPcu59z5lzrAZVORV0DmjZ5vPWkVFRUVFRUVF5R+Ltn4UUlFRUVFRUVFRUVH55+RHCWBHsEsRwBavA4fPhclhQW824vffKYAFep0ep7h2uNVBrNlOotlGhtNJtsdJrhhrkaDcbaerw0alGHMvhz8NLn8Ges0MC7AxKtDKOMHEACmAzUwPMDNLMC/Qwn2ChcEWHgg2sTjYytIwF8tCfSwJ8LLQaWOmn5Y5/lpWBttZH+djXYxDYKNRlI3RgigpgW1sahHAresBSwks00FLFAmcZGV3qo3NiVY2iP2NqT4ej7awwKthTqCG+5McTE3zMq08nbwAcf81Gix6LX56P7TiXmv8bWgsbjT2YDTOSDTuGDTeeLRSAgckKiJYI9NA+3LRBuahC8pXkCK4OSK4GG1IO7Sh7dGFdlDQhpcKWtcCFkSUKxHB2ujO+MV1Qx//V1pFsDauExpJfGc0CV3QJApEqUvoil9Sd/xTemLNqMaZ3QtPXj0BBb0ILKjAl9cdd3Z3bBndMaXKdgJxri2tK7aUMoyxeVjjsnEkF2LOqcaRW01CcjwLB+bz8Zb+3N5dxe2d3bm0oycX9jVw7kB/zuzuw9V9AnHs5kEpfqUA7q3I4Kt7a7myp0YpZZ3cluXVPc31N/b14pYUwIoolumjZbroXtw81IdbUngelmvn1nNN7F892JtrAnm+vMY9mTb5eH/Rrq8ioG/ICGC5rrAoZRSw5MZRmWZ5ANdE3c3jQ7h7agT3To9Qjl0/Mkgck+sKywhjmXp5hCilyB3GNXG8lTtPjearZ+U6wSO5IY9LmSxoPX5LnHf9mOhLjOPK4QauS3l9ojnF810ZEXxiELeOiesf6aes/6tEAR8R45Zr+x4fqMjha4dklG8/pa2MFr53aghfnRbXFvvy2OW9deI8uV6ynH8dNw7Wcn1vFRe3d+WKeB639smUzzXcO1TN7X0VXNvZlas7O3PrQHfuHOghjnfh+u5yUV/CtR3tOL9JrvMr1/vNUdI8X9wko3ozOLsumXPrUxTxe7kpk2tbswVZXNks5XC6IoBvbM/ixo5Mhetb07i0MZFz4tzPRX8fN+Xzp03ZfN4o+hP9/ml1Omd3VfLu1v48PLaYvFgDsWFW3F4XFqeXQIeBBdUx/GJaDG/PENd883HOrKnjQN9AVnU2sL67m211yawojmVBegAPFQazsNDFkg5OdgxIYlaqP/dnGFmS7s+iOH8eT7PQmGejqSyQvZVRPDMggbdGJ/ObKcl8NCuF30+L49dTY3hvZjxvTI7huVHhNPX059EaH9WhBt5dFMc7c+KYlG0m0qUhLj6M5PAI3IEB2L3+VCRY2DeznBF5HqrzHLTLCiI4xIQtzI01IQZjfCzm5DgsSTG4BIHp8YRlpxCak0ZoRgzZHRKpF5+lbt08NK7qzflPtrf5HdAWkSFVRIRUEhVaQ4zYjg3uSmpUF0oyKqjp2JsHZy3ivZ++zdkPP6GqUw8SQ5PJiWtHoDWcy+cu8i/f3uOXb76FWedHYWo+J3efZOuj28mOyCU7LIeUADFOYwjRzgiCrV4cOhPd83N4Zc/D/PmT47y1dzavbJ3Azvt78OiYbNZPKWTzrPZsm1vK7ge6svehCvYsqeLgI70F9fzq1AN89out3P78aU5tmsWeB4dzZNEIjszqz9FpvTg6qQcvLmzgrcdG8Opjw3n64eE8t2Yqbx14hD+9so9Pn9vETxun8ur6CbywajS/ObCQD08s5867e7j73l5mVMWIcbRjcpdQ5tcksKA2mYfFvd09q4pnHhnM/kUV7H+wjs9fWssfX1jPgYdH0zirjg1Te7BlSmeeWdafUwureGF5Ay89OpAnl/Vl97wKnnp0MK81jeeFtcP4yYYR/PrgHP5w4gGu/KyRd/Yu4MVNs9m3YiKN909kYLdSqkpK6dmhGxnxeaTFF"
36561 [Forwarding screenshot on session b1310904-d161-49ca-a1a6-530fba7baea8 to remote] DEBUG org.apache.http.wire  - http-outgoing-101 << "pIR155Mcd+LUkvplNeJmtJuDOhewUNTpvDGyZN8+MqrvHPqSSbUNlBf1LXNZ62ioqKioqKiovKPRVs/CqmoqKioqKioqKio/HPyTyaAtei1GqxiO8bjJj0oiFSng1SbjSyPi0yPQ5Q28jx22rtsdBTHetit1NgN9HYY6OcxMTjAyoggK2NbBLCMAp7mMzengZYSWGxLCbwg2MQDwTaWhrtYEenj4cgAloe5uU/0M02nYaFDz2NhTp6IcLM2yk1jjJMN0XaFZgnsoCnWoUQCKxI41sa2WDvb4xzNawInWdiTLuqTrGxIsCkC+NF4O/MCNEzxacQYNcxol0ivjFhccs5+Wow6PX5+8l6b0Prb0VkC0NpDmwWwKwaNJx6NL1Eg5a8s09AGZKMLyGtGCuDAAlEWogsuQhfSTkGKYF1Y++Y1gmU6aElYc1pobWQZuuiO6GJaiO2EVqCLk1HBMi10OZr4MjSJHdEmdUaf3AVDclfMaT1wZFdhl2RWYk+vwJbWE2tqN/zjSxQMcSX4xXbAL0ZsR7fDIupsie2wxedhikzBHBGHIyEdS7q4ZkI5wWn55GTHs3BUOb/cPpZP9wzmwi6ZzrmGq7sqObe1Gxd3VnJ+e09uHWoWwFLiSsHbWi/L1jopcOX+2a3duSiOXdtZzc19vRSut4hhiZTG1w/2bo74Ff1e3l/HxT3V4li1cuzOkb7cOSqlaoMiVZvXJK5XJPDt44MVbhyVgnWAIldvHh2AXDP4ayVl9HAldbQUrLL9NRmBLLa/fWokXwtunJBydwiXjwzk5qnhfP3cOIU7T43i7tOjuf3kSK4eG6wcl+1unRyiRADLNYDlmr1y3eLbJwfxzdMj+Muzo5rTQIv+ZXpruQawLL8+OYy/iP4kX4nr3RX9yfIrUf/taXGeqJdtbh7qz8Vdtd/J8NtHG7h7vJ/op0Hciyqu7pFr/VZz51At9w43rwd850ANN/f24NquztzY00Xc43KubCvh8pZiLm0p5My6TM5uaF7v98KGDM5vSG9O97whTeFSY7pA7qdwYX0ylzamclUK4M2pXNuSpqBsb0rhyoZkvlyfyh/WZ/DBhiz+sCmTTzdncKYpg7PbS/jVus68tHEU8T4tHpc/QYFezHY7JqedYLG/sDKW96fFsr+njq+OjeHMyjLemZPHYx1d/GJFLzYPK6R/kpcSu5YU8Q6IF2RZNTwwqIye8S7iDaJefE6zTHrS9X4k6XQk2kU7i4Y4vYZE0T5P0EOcXy3o7dEwLFrP9Fw7TQNTeHJOB55eUsHwLC9vzg7lZ9MjmJxnJsarISgsgOjgCMwuHyYx1l7ZHo7eX8mYdl6qsqx0zg8nONAfe4gTe3yM+GzFYE6MxZYUiycphqDUWELSEwhJSyQ2JYLMVA/zp1TwwLRyFk8uZMm0sja/A9oiKrhC0J3YsJ4kRvYkNaor2QkdKc3pRL/K3jzx4EO8/7PX+PTX71FV1pGEgFhSQjKx6z188cfP+cs33/DuW+9g0pkoSCnijWffYdeaQ6QE55EVUUJ6WDvSI9qTElZIlC+DQHsCQbYA9q9eyKVf7WPrwl48MrGUxyeVsXZaJzbM6Mgz64bz9LqhHH2kgYPLe7P7wWq23d+D1dM68OqemXzw8lpuffosh1ZNYVZtLpM7pLB+QCf2j67g1JRqQSWnZlRyZFYlTwwrZv2UKn77VBPn332SE49NY3m/PLZM7sLu2RU888gwji/rz/lX1/EvfzzKE+OK2XN/DcsHZ7FrTk92zuzOoQW1nHywnucfG8T++7uxbU4nPnvxcc6/sZmf7VnAq9tm8UrjJJ5c2sDrq4ewSzyDI3M7sntaCccX13B8aR82ibGvnZDPvoXd2H1fJ7bNKuXNbeP52dYJ7F1Uy9GVIzj+xBQ++9kxVs+fQHX7XLoVFVKclkNxeiEdMjtQkl5M98Iy6sRzqOvQjgn11bx5Yh83/vgudz79DZ+9/iKNc2fw4PBhbT5rFRUVFRUVFRWVfyza+lFIRUVFRUVFRUVFReWfk/+iFND25hTQjv/uFNBa/LQa7FKm+Fzkh4eS43OTYjOTareQbDORYjeS4TBTIMZa5rDTzWGl0mGgzmmgwW1iYIBMA21ltGBCoFURwFMFM31mZgnmek2KBJ4n6hYEykhgG0vCHKyIcLIy0s2SIAtzTFpmGzU86DLyaIibJ8LdrIt2sj7KLrC1CGC7EgXcuh6wlMCtAlhGAe9INCsCeFuKjXXxVtYle3g8ycWCcCOTgnSMT3AxtTybaLMBp9EfrUaLUe+Hv94fP70ZP38HBksgensYWnsUGmd0swD2/kAA+7LQ+XK+k8DawHx0gQXog4uao4BbaE4JLdcIbv9XWgVwVDkaUWqixHaLBFYEcLwgqRPa1I7o07pgSO+KMaMLxjRRpnTGkFiOX3w5+tgO6KJFf5HtBOIaEYJwcc0wUYaKcYQWoAvJQRuSgTYoAUNwLP7BEfgHBWGLiCQwrQhHSgf8Y/MJyGxHQl42cyb34b0j8/lid3/u7OzKN7vKubNDri9bzcWdVYrclUjZK6N5pci9tKuKc9t6KNK2Vdy2Rgdf2NKDy9tk6uJabu3rrUQD3zpUrxyT58l1b28f7cudY/24Jcpbh+WawnVc3l0l+q9VZPPdo/35y1PD+frkENFGplbuy7VDov2xQYrwvXdisCKJLytyWUbS9hVtB/PnJ4fx7amhyr5cw7i1/p7o567o79aTw7kqI3Tl/jOjuPfsSL56bowoR3FbHL9xahjXRXvJnSeHcu+pYdwVpRS/rWmgv5bjal0DWEb8tsjfO0fF8WND+OrEML45NUIRvfeOSwk8ROwPV+rl9p2jg8Q5A5sR87wp1wI+1EeJhL52sBc3JOJ+3DxQy20pfiUHxX3ZJ57FHinXu3BlezmXtpVysakdZzfk88W6LL5Yky5IE6Ty5epkzqxNUdb8PbsmSZColOfWJn0nfy/LFNCbUsV2ksLFxkSFy+sSuLgqnj89kchvVyXz63Xp/L4pkz9tTeejxiT+uKmI3+7sR+8CNwlRHnzhMVisXoxWK1avFY9Zx6yOIZxdnM/vZkawt8bGS8NsPD8qlr0DkxgRY2JSmY+yeDPdUlx0ivOnc7SezmF6FtcXM6tbBn0SPAzMiKZ/egK9kuKpz0iiMjOA6lwfvbJ91Kb6qEkIpCYxjIr4cEqCrOR5DLQP1lAdp2FciYGtM4qY2y2Ylya7eXNGNBNzzIQ4tJjEeywhJglrQCg6u4E++UFsntyBgZlOqjJMVLWPJSTQX/lPO474WAzRUVji43AmxeFNjMGXEElQUhQxWcm0K4ilT/sA5ot5bbmvI0tHJjG2e2Cb3wFtkRpXRVx4Z2JCy0gILxHkExOUSKQvhBwx70XTx/DBz1/k4kfvUde5nOSgCFIDEwjw93D5s8/gX+/xi1dfwqbTkRmdxC9feod96/aTGpxFelgBSUF5JAUXEmRPxukfi9uSgFXv4tDGR/jDKztZPLojpTHinZ7tZHZDFmO6RvDU+okcengIq6Z04rEJpawcW8L8hlTGdgnmyfUT+ODVTdz58mV2rBhH9zgbRSYND3TNYoV4buvrcnl2Vm92jSxlz5Ru4nnmsHhoZz58ebcigB8dV01lpIZRBU7mV8exe34NO+ZVc/aVdfzlkxM0zezCCxvGsnVWN/YuqGbVqEIO3l/LC48P5fXG0Zxc0ZvNszrywellXHhzC89unMr2+3tzfMVATizpxf45HXlicAJH7uvMvtkdOfxANT/bOoXGqaU8MSab7bPL2T1PHLu/O2/vmMTpR/rTNKMrexf3Y/XUKj56aS/r7xtHz9wkehbmUJ6RSfuUdLrkFFJR2I7q4mL6lLZjQKd2jOjRgaZF09i/ch4HBMtG9WXpsHruq69u81mrqKioqKioqKj8Y9HWj0IqKioqKioqKioqKv+c/CgB7A3zYZEC2GnF4rIpawD7W83/bQJYp9di0GqwCaKs/uSFBJAf5CXZaiTWoCPOqCfepCfZ4k+2zUqxw0knl5NKp5Fal4EGj4mBXgtDBSMFE3w2Jgum+qzMEPszvVZme83McpsEZuaI9vO8Ru4PMCrrAS8Lt7M8z"
36561 [Forwarding screenshot on session b1310904-d161-49ca-a1a6-530fba7baea8 to remote] DEBUG org.apache.http.wire  - http-outgoing-101 << "M4itx8z/DQssBp4OMjDoyEe1kW7WBdlF6VNkcAyEnhjTPN6wJtirGyOlWmgbWyNs7Et3s62BBO7M2xsT3OwLtbE2gQnq1O9LBTtx4cZua8sja6RHjxirkZxjzUaA/7i/koBbNCbMBikAA7AYA9Ha49oFsDueDSexGYJ7E0SpKHzZqL3ZeMX8D0JrIjgAjSBhT9A1AVJGdxe0E6JBNZGlDYLYGV94GYBbIjrjH9CV/yTuqGXAjipDG2iOJ7YAW18e7QxxWiji9BEiT4jBOH5aMLyRH+5aEJEGSQIFHVKmSPIRhOQjn9oOlpvNAZfJJbAUIw+L5YAH0HR8URntccsrqNPEdfN6UFWt+6sWTKaP+4bw+0dXflfu0r4y+5S7uyr+E7yKimcD/ZRRG4zfRSZK4Xw5d3VSl2rJL4hUxtL+SrlryKA5Vq3/ZQ2yvFDMgK4T0v0a19uH27g7pEGbos+7x7tqyAF8b0TA7gj19890p8bMsXy0YGKDJbbyprCSvrkljG1bEukjJbH5HjuHu3HVzKCV+xfO9aXmycHcv14P26cGMjtJ4dw+/Qg7j41TKm/Ia5369RgwSBl+6ZMRX1S1Int62I81+QYxfZX4ryvBXdkH8r4xPWUyOWBfC3XJD4i+jgsJW9zeePgAO4eG8q941IAD1Xqrx/oz5W99VzdL++DmM9xMTfRx9UDvbiyryXF9r4acX4f7h1t4N4RMUeZJnpvpbIm8OXtnQQdubazE5e2duBMYx5nG3M4sz6TM2szOLMunfONmVzclMP59RmcW5vCmTXJgiTOrUvmoowE3pimlBdkRPCGZM4JLjSmcElGDK9PV6TyR+uy+b3o80PR9o9NqXy0NZffbe/BkkHRpAXqCAoSnxtXODZnKP4WC3avH4FmLTPaefhodhq/HO/it/Mi+N2sKE4NCKWpVzQLSo0MyNHSp72H4Z0jGVMexpQOIcwo9vJgeTArOoUyM93GrAwfs9IDmJkRwNS0QMan+BiT7GVkkochSW4GpnipTw+iKi2I/qVJ9CuLZ6Dob2SloCKQjQu6snRAAi9M8vDWnHhGZvkT6tHiCvYQEx6NzReExqSjriCYlUMz6Z9ppSbTTO/yRMIC/XGKd5EzPg59VBSmuDicCbH44iMJiQshMSOajl1ymTQgn62zilk5MIht01PZPieH6dV/vwAuzqkiOaYdsWG5JIRn4bPJNZStOAxavBY/hvbpzDsv7ePM716hV6cSMkNDSPOG0D4umVtf/A7+5SK/eP4woSYNeWKc7z7/HPtXrSM7NJ7ssGQyQlNJDU0jyhOH2z8EtzkMm97GoU1P8OErB5nWt5SuqUH0LoxiYGk8NdkBbFs8kscm1zKtLpvB7cMY3SmGefW5zBe8sW8pH76+k5tfvMrWhycyq76UkYXJrGzoyKO1xWwf1oWn5/Vlz8QuvLJ6HK9tv4+X9yzny/dPc+kPL/HclvuZU5PKtG7RLB1cwJFlQ/nloYc4+/pmvvnjcRYOzOLQikFsnNWTVRPLeHhEAWsnlLF1Znd231fJ9rnd2TynJ789/QgfvdTILnH+8nHl7FzUm9Xj2/H4yAweG5YqnkUHDtxfxclHBvPW3vmsHF3ECvGMN0wqYdPUUjZOKeUXu2dyeHEfNk3vxp4HBrJmah0n19zH6lkjxd9EKpV5mZQmJdI+PoEu6Zl0y8ikMjuTXoXZDCjLp6E4jdHdChnXo5Cx3fIYVJRMv+w4uoR723zWKioqKioqKioq/1i09aOQioqKioqKioqKiso/Jz9KAAeGBWBxWjA7pPg1YrKbMVnM+Ev5a/RXBLCfwahI4B8K4B/SltD9z9MSAazTEmL2JzMkgPL4aPKDfMSIujiDgUQxvgi9nhiTlTRvMNluL13dFmrdJvp6rAz2ORjtczHO62Kiy8Ekt52pHgdTvHYmeW1MdJvFfosMDrAxP9DG/cF2FoXaeSjMxtIwB8tCnSwWx2f6a5lnMfJoWCBroj2sjXGxOsrOhlgXTUle1kdbaYyxsSHGzIZoI42CpngzW5PsbEt3sCnVn72ZLjZFGtkYaWZHdjjzw83MzY1idGGimIcGh5i3XuuHwWAR8/dDK+aoN1rQWx342bzo7UHoHOFoHVFoXfGCBLTuZHSeVLGdgkagdaej82YoElgflCtoTgct1wJWaI3+DWqHJqSDoBRNaDPasDIFa0J3zPFdMcZ1whTfGaPAL7Yj+mhxPKoETYSM6BV9hYp+QwvEdjNaKXyDc0XfOWgCMpsJlGWGIn01AWKcAUnofQno3TEYvZFYvBGY3UGYXF7x9+fG6XaTkJ5NUG5PtHFd0aTXEtCulrKupbyyaz4fb2vg2o7uXG0q5saOjtw5WK1E0l7b34fLe2u4sLOCC7squLKvSpG41w82C8tLe6q5vLuWK3ubRfHtI725c6gvN/b35erueq7uaY4AvravmpuHasRxKWtlfW8uK6mn5XWqlHVwbxxsTkV9YUfPlnPquH5ARhGL/kTfV/fWKdeQaaMvivHI6GEpjaWUvryriku7KpVjsg+5vu6dIw3KsWtSoLaUV8U5MgL5X54ZppTKmsRiLjIKV85LCuhbx+u5fkTMT4zp6mExBrF941Adt8TYvzrZj69PD1DKW2KuV8S8Loux3j0p5fAIcWwE3z4t00SPEH32UyKYZfpquf+NTEktSpkW+qq4X/K+3T7cjz+fHibmMYBbBxu4faBBEekyfbZcS/nrY/35y8nBfCNFsYwU3i/vd08u7ejCxe1lXNheIrZLuLCliDMb8wQFnGsqFPvtuL6jjGsyVfTmYi5uyufCxhzObczmwuY8Lm4t4nxTAWc3FfJFYwGfr8vnj415/L4pn8+3dODMhmK+XJUhylRRn86vd1SydloHCsXnMykyEof47NgcdvFe84r3mIEApx/twjUcnFzCyyPDeXOYi99PDufXEyJ5ckAoa3v4GBTtR9OoPNYPymZ5t0QmJ3upt+sY4NMxMMSPNQ2JjEoz0RCpYUyKnmHh/gwLMTMqzMgI8fkeGmehId5CdbSJrqFGgYt8m5l2wYFkBrkJcRlIS/dQ0SOTcTXpvH5fCq/MiaNPlh6fV0NIhIcEcY7HZcEt3k/t05xM6xNNjwQ/eudbGVaTQ1iQEXuIG11YOPqYRPE5TcWdmEhIjI+irCCmDshl8fAsNk/LYvUwDzM6atm/IJ/tCzowsltAm98BbbFv+0HGDp9Au7z2uMziXop3ksNfR6BTh9OoYVS/bvzxl4f5w88PUd8pm2zxvky2m5jap5Kvvngbbr7Lr57aQFaghu7pofzm2f0cfuIhOiVFk+ZxkiCeTbLXR6IviDC7iwh3AE6DPye3b+CPrz/J+LqODOiYzdiaUmoKkoixGCiO8NEjLYRBHZKpTA2kY6SFHvFe+mZH8NymB/j0nWNc/vQ1Nq2YRF1BDOM7ZTGnZwGLqwrYO7U3TaM7sXF8R44uG8wvji/nw9d38OmvT3P5zFv8/OmNPD6hJ1vn9eXZDTP53VNr2fXQUM68uZO/fP4C84fk8cDwYpaMKmHF2DLWTu/JY+M6smZSV7bMrWHt1G7seGAAn7+9jz+9uZetS0fywKhy1s+tZcXoYiWF9IphmaybXMrBpQM4sWocvzi2kicmd2P1+HI2Tu7CtlmVbJzalV8fWszx5cNYM0Ecm1TJweWT2PnARO4fWseIriVU52TQPiqSrskpdIyLoyYri9652eJ4f06tf4SXdq7jmY0rWTNtOI2zR7N+2khxLwqoiAlp81mrqKioqKioqKj8Y9HWj0IqKioqKioqKioqKv+c/CgBHBTiw+awYHfaMJr9BUaBqVn+CqT8/e8QwFadDp+4fozdSk5IIO3DQ8nzuonX64nSCvzNRJmdRDsDSPMFU+ax0sNtplaUfd12hrjsjHTYGW23MMZhZZzLxjivnTEBDoGdiV4r0702ZvlszA10cF+wnYUhNh5QJLCDpWFuHgxyMM9mYK7ZwEM+B09EulgX61Yk8JpoO+vjnKyLEWWsjfVSAMeYaIw10RRvYUuyjcYUExvTjOzKcNAU5c+mKDNrElzMjLIytSCejnFe7BoN/mKuOq0BvcGCxs8Prb8/W"
36561 [Forwarding screenshot on session b1310904-d161-49ca-a1a6-530fba7baea8 to remote] DEBUG org.apache.http.wire  - http-outgoing-101 << "rNVEcB6mwe9PRCdI1QgBXCsIBGdIoDT0Lqb0XnT0fky0AVmKQJYGyiR0bcyCljwNwK4VFD2AwHcAX243G6noI8U+wJdRAm68PairhhtqDg/pFCQL/rKRysJkaI5R1mHuFn+ZihpqTUBklSBGGdAAnpfPAZfDH6ucEzuMMyuEMwOH2a7V/z9eXA6HASGReJJLcOQWokmsRJLbg1ppV2YPKwnl37yMH/cXMOl7V24uLmIqzs7cU2u4yuF5KE+XN1fy8XdFZzf2Z1rB2q4frBOkcDX9vfmyt7eXN4j1wRuFrl3ZGTr4cHcOjCIG/v7c21vL67uq2wRwL2aI3gPDOD6fhm9KyVvtUAe683dY82RwFLgSsErJbCUvq0RvbJepouWaaOl7JVtbsu1dKXIFW2lGD6/vYdyXMpf2ZcUwV8d76+UNw5IUS0jhPty71g/BVkvz5fHZN93jzdw53gfgWh3QpTHxFjE2G/I8YttWXfvZD33TtQrbW4dEece6cft44O4eXRgc6pqmY762CBlPWJZJwWxRMrgW0cGiPEM4vYBMW5xf7860p974p7J8mvZ9pDoS9TLUu5LvhHt//LUMGUe1/dXc2lXV87vaBHAu0q5uKOEi9vaK1zaXsqVHeVc3lIq6MClzaJuczsFKYYvyXMEF7Z14OzmEr7YWMJnGzrw4ab2vLe5gA83FPLpY1ncbirizNp0vtjThefW1DKgSxKxIWEEeSPwOJ1YTVosThc2m4Vwh45OURqeX9SV50ZH8sYwH++PDOCjqSm8NCyWbbWh7BtTxBM1CczNtDA+1MAM8RmfnxTE7CQnAwL8OTGzHTvHZ7Kos456l4ZpcTpmRPgxJUjDxBANo0I1DBBl70ANNW5R+gyU6zWU28zi2hHE+uxYHFqMdj2RYjzPTU/i5fuSGdDBgsOpweHSUtkhldkTR1BSnEWv7pmsmF7GlKpgxncJ4oHh7UkK8Sc+MRRDoBdjZCyGmET0YWH4onwU5YUydVAeM3tHM7unnVmdTLyzrY7n1/fmoXG5dC+wt/kd0BZjhvZn64ZVPDBvJqWF2dgNegId/tgMGiw6Db265fLC0eW8+/ImVs7qw/xhPRjXs5iFQys5sXYKPz++mE9eXse02iSGlYVy7PHJHHlkCivH1VJfEEMH8Q7NDjKTEWQh3uVHtEOPR7z7D6xdyfsvHGfe8H70Kcmlc1ospYlRhPtrSHSYqMxOZnTPUupyE+kcF0SHMCdVSaG8uPlhLn/wMje/eIvDGxdTEGanPNLOwLxopnXJpHOglZp48b4Xz3flhHKe2TGXD9/aw8fvn+Tsx6+wZ9UMeiQHkC2e0ePT+/LG4ZXsWjGGy785wa0/PstPDz/M2ycf5+iaaexcNoqN8/tz/Imp/ObkGv704lbe3LuU/cvH8clr+/nTW0d5fu/D7HpkEjuXj+SzV5r46PlV7F/Sj6fWjOeNfQ9wbM1UfvfCVvYsHc2JlWPZOKWS7XP6sGpsF36+60GOPzyBx8dXsnxkDw4tn87p1Q/yyMRhDC1rR11OlriHBQwpLWVkeRmDigsZ1qEd9/XvzbZFs/nopdPc+PXPWDa6H6M65TO2czHD2+dQnRDd5rNWUVFRUVFRUVH5x6KtH4VUVFRUVFRUVFRUVP45+VECOComHIfLhs1hVQSwv8mAn7+UkX4CmfZZit9W/m8IYBkNq1EizsKcDhIDvGQHB9EuPIR2ocGk26zEiDaxRiPRJjMRJispLg/5LjMdnEY6OU1UOC3UOcw02EwMsBsZ4jAxzG1muNfCiEArI4KsjA+wMs1nY4ZgdqCNucFW7guxsDDUwuJQq7Im8NJwF4t8VkUCzzPrWB5oYo1cBzjOw6pIm8CqCOBGBasSBbwx1szmeCtbkmw0JptoyrSxPctFU4qdR6ONzA7RMynJTf/0ECIszemuNTqNuH/+aP3MaA3+6IxmdGYbeqsTvc2LztYsgJsjgGPRyAhgTzJab5oo05vxSjIVEdssY2Xa5VxBSxRwSHELMvVzCdqQDoL2ArEdKsrQds3tAkR7eU5IEVpl/V4ZPSz7EH0pwleKX5leWgpmca3ALHG9TDS+FvHrTRWktCBTVCeKccWj98Ri8ETj7wrD6ArB3x6IwerGKLDaPTicbsyuABzxBdiyqtDGdUGf2Jmw3DLycpPYvmQwfzoyifO7azi/sZCr28u4rkQAy3TN9dw60sDV/TWc29GNy3srlW0pgK8frOf6gXqu7uvDhZ09RVnNnSP9+UqmPj4yTBHBMuL3xgGZ1riGO0d7CRpEm8Hi2ABRJ6Naq5Qo4JuH6rh7rIGvTwxQxKwUta1pqGV6569PDFQEaKu0vXlArpkrhXK9InSl8JVCWIpcidyX7WT7b042n9sqe2X7Vgn8N32Ka94+Us+dY1LwimueEsdEKaN/JbL+7nFx7ve4c1ycK8Ys1wa+daw/N2Wa6uMDBWJ+YvvWsQFK2ug7JwYpdTfFXG4eEvdVym1xj+/IyOkDvZVtuW7yzZZ02nJf1stI4FuivLanmks7enBuS0dBCee3lXBxe3vObyniwpZCLoqymWIuNBVzWbRR2Npe0I5Los35LQVc3tGOKzs6KOee29KeM5va83ljez7e1I5PdpRwZpuoW5fN5Y35fLqhmN/tqGVO31gyY2zERkVhFX9TTrsDi9GAxWwh0G0nN9pBxwgdG4Yk8cr0ZH4+NoS3hzj4dGYqPx0WzanBCTxUZGZSvJZJUX7MEZ/hhYlWHkq10tgxmN19Inh3WUc+Xt+dN+5L4ZmRsTw/NJWnayM41t3HwW5B7OocwqbyYFaXeHm02MljJR4e7xjBgvZhDEgLJNVtwOavEePT4zPoeWNREc9Mj6W+0IzNqsHl0ZMd46JjYQbTp4xlxvjebFkxgPeOT+elJ3qxdVoJ3ZONxAZq8AZbsIYH4x8djSEmVnxuonFFuIlP9hIdpqN7uh9PrezI749PYOO8csbWJ1GQ7WnzO6Atxg2v4dUXDvLu2y+wauUCli2czuJ54xk3tCc5ScHkJ3mZPboDD8+uYkx1CiO7JTKtNp+Hx1awcU4lS0dks29JPQv6pzK7VyIrRdt5vTNYOaYLiweXMa5bKvUFkdTlR9I1PYiiWAdRFj1HNz7Kywe3MmdoX+qKcylLjaOqMIfssGBibGayQ4OoKciha4qoz0ikKi2Wwe1z+OnezXz6s6f5+sJvWL9oEiO65VObGcXQDinMry8j322icVYNp9dN4PVDi3j/xfVc+P1TXPn0NW6cfYdT2x5kTPdklo/tzok1M3h26wLuH9mZy78+DVd/ybvPbITr7/GXs2/w22e3cOjRqXzwzBb+9+dv8r8+fpWPn9vB0xsWce73r8HNj/hfF9/nfVG3enZfcc7r/O9zr/Lk6gm8uuM+PnhuI09tXcznv3qS5zc/yPtHVnFy5SSeWT2TTTMb+M2xtby+fSmNMwewafZwDiybxaZ5E3h0wnB65aQzoF0RIzp2ZHiHEkZ2KGZ6ZVcW9K1lem03HhjShxOrl/HC1jXMG1DD1LquTKvpSl1mEu197jaftYqKioqKioqKyj8Wbf0opKKioqKioqKioqLyz8mPEsDZuRm4PHZMFqOClMD6FqGrSOD/BgHsJzDptThFn+E2K+nBAZQlxNA9OZGS8BByPE5iDXqi/XTEGP2JNvqRbPUjw6anwOFPmdNMN0GVw0i9x0w/t4n+cm1gn5FBgUYGC8YEWpjitTItwMoMsT07yMTcYCP3CRaGmnkwzMrScCdLQuzc7/Jnlr+GBRYtK4PNrIttXg94dUSzAJZrAW+IsdIYa2GToClOEC+2kwVpVjZnu9mYE8D8SAOjQnWMyQsnV1zTotVgtGjQ+GnR+ZvQ6E2iNCvpn/3MdvysbvQ2318FsDMKjRTA7oQWuZqKxpMmyPhbvNmK/NWGyMjfQlHK6N1idGHtFbTBYj+4nUBGBMv1gEUZ3BIpLKWxFMhy7d5ggUzr7GsRvFL4BjVL3+Y6KZ1Tm0W0FL5SSruTRZnYjDcerSdWQe+JxuCOxOAMweAIFHPzojc5MZjsmG1uTBJ3MM6YLFxpnfBP6oomrgxbahnx+cUUZoXx6o4ZnDk8k"
36561 [Forwarding screenshot on session b1310904-d161-49ca-a1a6-530fba7baea8 to remote] DEBUG org.apache.http.wire  - http-outgoing-101 << "uu7unJrZyeu7qnj0u7mtMkyPfKNQ70U+SvTQMvUx1f2yfVqm9NEy0hhKX9lNO/tQ325c3gQdw4NQRG9R/py63Add47WCmRq5nrRZgC3Dw/g3vEGJSpYyt9bh6W07a1IWCmBlfMOyeheKXGlpO2v1Eth2yptW8WvPK9V+iqi92hz+udW4SuR+7JvWSfbtNZ/R0tbGdEruS37EHXN+83bd441r1H81Um5TnHf79Jhy2O3pURW6mRa6d7NglxcU67ve01KablesmgvU04r6ap3VXBtdxU39tVyc3+tInibqeLyzgouyUjmnT2VupviXt/YK+779q6cbeqgpG3+YkMuX2zM5kxjNuda0juf3ZDNF2sy+GxVGpc3F3F5SyFXthZyWXBxcx7nm3K5tK1A9F3EBcG5LcWcaSoW/RTxyfp8Pt1UwJdN2VzdUcjnjflcPjqEg4u6kh9lICrcQUBYMCa7A5PZgsNsJjEikhifg9JkF9UpfszooGNTtZlnBzp5qcHAW4M8vNI3kDXZBmaFa5kbpGFlhIY1sRpOdjTzwfg0Liwp49zKcjZ3s7K2s4nDgx188lg77u2q5Wvxt/fNoa58faQLXx2p4O7hSm7v68mtXd3F32mluJeD2D89nx4JJsLE+8ls8Sr/6cFnMPD+w12UKOD6PDlWDU6HnqKkIMLEOys4yE18hI3SdC8LB6eyf14Hfn9kttjOIkOMMzLciC/ahykiGP+ocByJsdhjQwlOCSc8MZCRvZPZNiePxYOiWDa1jOquceQWJbT5HdAWRdmBdCqJo6JzFgN6d2bO5JHMmzaKh+aNZ9XSqWx+fBpLZ/ZibK90Fo4o5f4h7RlRFsP8+jweHVfOlB7hzO2VSP9cM5O7RfH4mE7MqkphYudYhhQGM6gojEHtoxjTI4uR3bOUtZJ7ZobSKSWYDgmBlCQE0zE1iuyIAArjI0nyuYh1Wkn0OkkPCSBV7HdPT2ZgaTHDOrVn033T+dXJPdz84ndMa+hOl4QghpfnMrGymDkNpRx+bArPNM3m+e1z+OTNrfzulU18/NZ+Lv3+RW5+9hbP7VrGyvHdOf74RN47+QQ/3b+UpeO7cecPL/D/nH+L1/ev5Oqvn+bORy/z1qFVPD6pDyefmMO7h9fz+5NNvLZ5GScencv5d3/C1Q9e571ndvFk0xIa5w/m3aOPceGnO9i7eBDPrZ/BH57dzE8PrubzXzzLwZUzOLJiMkeWT+QnTQvZtWgEvzu9kbf2PcoTUxpYOa6PGM92ti2cxqMTh9OQl06//BymVvXk+Q2rebnxCVaNG8y4TgUsGdaH/SvmM0PMf/bASqpy4ymNC6IkKpAsj40sh7XNZ62ioqKioqKiovKPxfd/DFJRUVFRUVFRUVFR+efmRwng/MIcnG67Evkr5a9cL1MRunpdS/n9KOD/OwJYp9Oh12gwa7UE223Eul0kOm1kepyUx0RQFhVOms1Igr+WRJMfkToNUSYd8VIC240UucyUuyx0E2Wtz0Yfn5kGr5F+Pn/6BxgYGOTPqEAzEwMsTBFMDTQyXdTNDvZnbpCB+0KkBDbxQIiZJaE2Hgq0cp9Dy1x/DQ/YdTwm6tbHNEvgdTIiOMousLEh2kJjjIWNCmY2xZlZF2dkY6aHx7N8TI02MibDR9+8CHxGjZirBn+HHo1BzLtFAPsZzOIZ2DBYXPhbvOhtAWhtQWid4WikAHbHovEkoPElCqQAFrjTm/FmNuOTojYPXWihIn7/ShG6kCJF9Mr00M1I4SvX7s0W52WJ/qRETlPkrpLO2dsa1SvLZlplr8ad1Cyjv0OuTxwnSokU1TFo3dGCKPSuCAyuUGU+MqrZT8xP729VMJgdaI3ib9AVgj0sAXdcPr6srvindMGY3IWAgp7E5uQydkAHfntgMrcONXBjeyeu7JZr/1ZzYVelstavjPqV6Z+lAL60p5KLuwW7xP5eKTj7cE0cv3GwGpmy+fr+vlzbK9cCbo6qvXmolttHZASwFL19lDWCb8jI1sPNx2QqaJk+Wkrk1rV8m9fzlcf6ICWwlMHNaaFlVHBz6udWASy3ZZ1M/dzaRgphKXrlcVkn+2tNHS37lSJYHmtN/SzXDpbH7sjoYCmIRXldjP2qjMgV7a4dkFK3N3Lt4K9kRLHg1hG5PnFvcaxWQUYIf3WyvygbxPnNUcOy/ur+atGHTBct+xBjl/OVc93RXdCNm+Le3RNt7ylrKPcS+2KsO3twfqtc67cbN3b35N7BGm7u6cGVbeVcbCrkbGM2X67P4FxjJucFFzZkcX59JmfWpPL5E8mcWSePZYm2OVzemsvlbaLcls2FraLd1mzObs7hy6ZcvtyUzxcb8/lyYyHnNxXy8RNxXNqZz6fbOvPLzYMZ1D6E+FA7vlAvWrNO/B2ZsVhNBNpdpIWFU5YSRW1+KAMKjCyucvKzxfm8NT2K4z113FnRnp/1i2JDqoal4vN5sL0/z3f0481KHT+r0PBWnYZ3h/lxZkE0b08IYL04vr+XiU9WFHBtQxmfLonjyqoQLq2yc/4xI58tN/CHRX68N9fEz2aa+WJHMW80ljCwzEFsqJWA0GwszniCxOf9rUWlvDg9jbp0IwF2DTbxDssT75WoADsup5VAjx+dcn1M7pNAhktDhkfHfWM7cWzPCsaNriMpK4qgBPGZifZhFO8ob1wQ4amhRCR5mTaimL45DiZXBzK+XwbduqYRnRnX5ndAWyRE6kiNM5EQYSY9IZjYEA+J4YGkx4SQHRdIZpSFongzFTke+on7X51upV+uh6kVKYwuC2duXSZPjO/GxC6xjC+LZvXYHqwc1oWZFTnMrMpmWkU2I8uTGNMtixFdMhnaOZPhXbPo1yGZitxIepUk0zEjmhinngi7QWAkNUxcNyKYpAA3acFe2sVFUJmdRs+MRIZ2LGJWr+40Th3LA/3rxFhSmNSjjIfH9Wdcz1wWjexK0+JB7Hh4KL9+YTV/emMHv/vJVn715GZ+/fROTqyaSdPsXuxZPJCf7lrAK9vuY3h5BB+/tJUzb+xn/8MTuPD2UX6yZTHPbrifjdMH8tLGh3hz20pOLpvBiSXTOfjAFD54/iAfvniEnUun88jkviwb05Mtcxp4bs1kNk2t5NCDw3lt60M83/QQr+9dw6ppA1g1qRebZvWnac5AlgzvyrHHZ3DokWksHVPNtF4lnFiziMcmDxV9DaBPTgp98zOY2KMT66eNZf+iaawd3585dWXMa+jC5vsnMLG2Aw0dxN9VcTKd0yMojgmkODKIovCgNp+1ioqKioqKiorKPxZt/SikoqKioqKioqKiovLPyY8SwEkp8VjtZiw2syKA5Rq8MvL3OyGr8/ueBP6/I4CNRiP+oj+DRotFr8cpCLcYSfU6yQlwUxIRLAgg22ki2V9DglFDjMVAgs1EusNCnstKB0Fnl4Uqr4U6j4k+nmYBPDDIyLAQM6OCLYwLtDBBMDnIxNQgA9MFM4P0zA3WMz/Ij/sC9CwWbZeFO1gSbGWhQ8c8ca0HXXpWRbhYF+NWBPDqCBtrZDroKCvrFUwKTdFmtiTaacoKZp7YnpDkZFxJAvmRTkw6GfkrEP1p/HTo/c3iXhub5a/JgcHixmD1obcForUFo3VGoHH9QAAHyDTLUgJnNMvbwGw0wTnIdXmVVM1KuuaW9M2BrZI3G61AJ9vLKF5vi/CVItmVjMaZJMokZGSvLlAgrqHgbYnsdYlrO+OUSGStM+avuKIFUvRGKcJX64pU0LnCRV0ofq4QDM5gNCY3eotLzM+B3mhVIp79ZGnxoHUEYfGG44tOJSitBP+EcjRxXTDk1ePJ705WQRo7HurLF3sGcnlbDy7tquHS7lrO76zg7PYenNvRnYu7e7ZQwaU9VcpxycXdNVzc1YMre3tyQ4rSfQ1c2V3P5V0yiriquf5QJbeP1CrSVx6/urcXl/eIfnb3UEq5DvCNA3WKrJUyVsray7urlbV9ZZ9Kv/vlGr69mmXvLnH9XZWKwJUiWKaDludJqStFrjzWKodlKUW0bHt1j5iXONYqkL8fSazIY9HPrcP9uHd8kMLdYwP56sRgMfb+3DjYwJ2jMnJ5kFKntDkhUz3L6OgKbh6p4"
36561 [Forwarding screenshot on session b1310904-d161-49ca-a1a6-530fba7baea8 to remote] DEBUG org.apache.http.wire  - http-outgoing-101 << "+vT/fjqlOj3ZAPfPiUjhcV1D9cq6wfLtYVviu17R8SYD4tr7enJlV3duX2wRtm/daCaO4eaj8vtyzu7cWFbZy5t68K17ZKOXNsm1/Yt5FJTLhc2ZnJ+QxoXFNK5uCFD4YLgyzWpnFkv6jdlcGlzJpe2pHNhczpnGpP5YkMynzemCTLEdrYoZfRwgTi3SLTJ4dMtefx2eyX3NSSREWonLCwCo9eDziHeTzYtVos/yWHhdM9Mo1tKGNWZPkaVu5jZxZ+fLMzizdmxvDc5mE+mRfNiTxPPdTNz66Fu3F3RkT+va8ftxxK5uMjFmblmfjdOxx+mGnl/ootXBjn4cEYqf5qdzKczo7iyMIrzswM4M9PIZ1M1fDJRw0eCP0zU8t4Uo5hTElee7cSCwUHEBWoI9sXjcMQR7Tbz3LRsXpiaQY9YPaFOf9xWE0MrS4gKdOIU7y+b1UBesofx/duRnODCKd5hnhATzkB/yroVMHh0PTUNneleXUS8aBcXbyUsVEdepoc199dSk2zjvkHpTB7SnsKieOIKstv8DmiL1Gg/IgO0xIeaCXFaiQpwkRAWQnJ4CPGBDjLEOzEt0I+SWAtlsQZKwjTUptjFXPzpFmOmS7SV2jQftaleOoUbqBNlVYKPIo+NgYVJDMhPoCIlhKqMcLolB1MeH0SX5FA6p4aRJd65OeFGou3ive7SkRXlEde0kRDkINxuJNbjID82jBibgRizHykuMx3jQ6lKiqQiKoSauEg6hnjJcxqpzUqkKjuOHhnBNJTGMaJnAlMaCmi8fyAPT6pjQkU+c+o7MruugLHlMfRKNbF4UBHrplYyszaNTXPqWTW5igX927Nu5nAW9itjUT/xPOtKWTOunrHtUhhdkMj91eVM7ZLP7JpyZvfuzLCyNKbWFDG5Iovh7cIYVxrOQPE3OKIwivEdM5jYPY/x3YsY3TmLhQPKmd/QnmElsfRItDGgfTS9csMpj3MzuGMaa2YPY2xFOzonhNEzJYLuSRF0SxTEB7NxxlC2zhnJ9Op2lEfbqckV9yAnmoIoJ7mRdtolBFIcF0xqgJ1Ep6XNZ62ioqKioqKiovKPRVs/CqmoqKioqKioqKio/HPyowRweGSIIoCbo3+l7NX+rdiVwvc7/mMB/O+h0WnbpC35K9Hp9ei1OvwEZrFvE7hFP2FmKYEdFIUHUhYdTEmomxy7P4l+GpKsZoGFHJeTYo+LUpedrm471R4rvTxm+npMDPCZGBxkZHiQmZFBVkYHWhkbaGF8kIlJwf5MCzYwI9iP2cF65olyQZAfi0MtLA13sCzMwcOhThbYxHGjhqVef9bKKOBYjyhdynrAq6OsrIu2szrCyNpII1tirGxPdLM+PYhpkeI6maH0K4gjyKTDZNCg92+51+KeGvRm/HQm8Qwc+JlcGMxe9BYZLRuE1h6CTon+jf6rAA5IQhOYgjYoA51MyyzQyNTMck1eSUudkq45sCWFs1dGCaej86SiF2g94ny3TNssI3kT0Thb5W6cqIsX7SRx36EV19Y6o5txRKJzRHyHnyNcEKagd4Q0Ry07gsV2MH5OgV3MxepBa3KiN9kV+StTXcvU11J+SwEsU13b3MEEhMXii8vCEFeKJrob+vyhaDJrCM7KY3jvAv6wfxJ/aqrm3I5aJQJYpje+sKuC87t6iLIZKYAv763myt46JQJYcm57F9G+C1f31XB9f70SASwF8BWZ0nhPdy7t6axI4DtHpJTth4w0luv/XtlbyaXdPcV2NXePNq/Z25y6WUriWi7tklG9cl3f3n8TtStl78WdFYrslftS3krJK2WuLK/slpG+NYrolecpovfYX0WvrG+Vv61poWV5eY+MRhbtjw/i65NDFNErkSJYSmAph+X2N6eGNh8/OUCUMlpY3KvDtWJbnHuivnn7VAN3j8t1hevEfawV868R86xU5K4Uvq3S96a4D5Ib+yqVUgphWX99bwVXd/fg6s5uXN/eiatbSrm8uZhLG/O42JgtkJG/qYIULqxP4dL6NC6uS+PCunTOrUvhrKg735jKxc3pXNqazoWmVL7ckMAX6xP5fF0in65LFqTxRWMW59YX8tnjeVzaWcYHWzpwYFER5UlmMhMTcQfFo3d6xefEgNXjh1t8TgsTYqhIi6M6NYj+hYHMrotgdKGePWNDODXSye/nRfPx1HCe66zhw6GhXJ2bxzcPd+Luqg58tS6Hf21M5H9vieXPmwXbMrn7RAbvTwrgnVEuPpkdzEdTjXwwVs8fxxj5bIKNT0br+XK8lquzjdxd5uHbPan8y0udebspjUHlJqJ8GsJC4nG6okkQ750XZ+Tz3OQs6pKtBJrEmMU7uGdePGFuMxa7BbvDRGyYjd6VxTijxDsgKABdoAf/EBdm8f5yhZjJyAmnsCCWfn3y6VOZStd2YZRm+2h6sA99sqzM7p/FrLE9SEoOJrOsfZvfAW0R5fYj3OFHpMtIfJCLKI+DOHHtaJ+TSKeJ+AAzKcFm0sV7M0u8K2V0crZHS45XS1GEjXSfPxkBRtpFOckO9FcoCLGSZPcjUZBs15Fo05Lm0ZPi0hMntmOsGiLNAouGlEA/Yt1a4r2ibbCFaJefwECMy0Six05OuJckp7iGuFdFIW7KY4IpF98JxaE+slw2CoI9pNjlOvF6Iow6Yq06klz+ZIp3epp4d/fMCqdnehiFYkztwpxUpAbTJd5F1zgrfbIDGdMxiYEFoYwuT6RPho/qJBfFARa6hFsoD7IwrDCVObWdqYgLojTARonPSlmIjU6RHsoj3fRMDmFev24M7ZBMbXog3WItFHv15Do05Dr1lIjrdooJENeKZUx5FoMK4qlI8FEWYaEkTNxXp7g/4j60j3LRtyyfMdXt6V+ey/CeRbSP89IpTYw90kH/DinU5EZRnigjol3kRtiJtuuJFfcqUfyNxXqMRDoMRIp7EWkztfmsVVRUVFRUVFRU/rFo60chFRUVFRUVFRUVFZV/Tn6UAA4I8mCy+KM36BQBrDf8QOD+jQD2by6/f/zvoC35K2lL/kr0fmIc4jp+Or0igf21WsxaDXZBoBhnotNMbpCDskgfnSJ8FHqtJPj7CYxk2WwUOhy0s1ro7LBS43XSx2Ojr9tMf7eRQR5/hniMDA+wMiLQzshAK2OCzUwIMTE11MSMUH9mh/gxL9TA/WFGHgy3sTTCwfJIF49FBbAs2ME8m475di0Ph9lZHefjiRg3j4VbeSLSxuoYO09EmFkbbWVTlJW96aEsj3UwKdrBlA5pivCQ8/DXaZRU11qtn5ijv5ijEYPOjMHsQW/xKegsAWitgWhswWickUpKZZ0vEX1QKvrQdPQhGeiCM9EGZTZLXpmy2fe9VM2+dNFertErI4Vb0jYLdO4EdFLyCnROKXVjRf/RYltG8TajCGdXlCgj0btbcEYo6BxhglD0Aj8xNj9bUDP2IAy2QFEGinF70du9GBwBAjEfqxutXNdYoDdJ+WtGJ56XRC/TXxudaMTcbU4vgcERBEWnY04oQxNbiSZ7KJrcgdgyy8jNTWD/0oF8uGMon22p5uKuWiUV8rkdzVG/X27tLLa7cW5nd87v7KkIYtlGRgBf2NlNbHdRhO+1vb0F9VzbJ6NuZWpnGT3ciesHetK8zq9MDV2vpH+WqZ9lBLAUwHeONkflKtG5x/px80BvRQLLNNAyBbQUtvJYK1L0SqErxa1EntuK3G9tJ/fluVLyth5rlcBKimpBqwyW6Z9bo3+l4JWi99vTwxQJLOXvzUOizfejgsV85NrGSvrrQzXivD7iWL2ok2sbN6fFvr6/Usy9StmXYlhG/croXyl4Ja3bUv62CmFZd2lHV85v7cSlLeLebWsRwE3FXNyQw9m16Xy5OplLjWliXwpgsb0ulcvr07ncmCnq0jgn6s6tT+LcxmRF/l7cnMK5pmTObkrmyw1JfLo2kU/WinJdhthvx9mNXfjlI/m8v7M3dTk6smM9RIQnYnLHYg4KQys+m0aThnC3PzWFKYwuz6Iu1c3wkkBGtvdneX8ve8aH8PP7E/jswWQ+mhLKS901/KrBxKdjQjg7I4kv5yRzZWEcXy2P4i+PhvHtYyHcfTyKbzcX8PEDE"
36561 [Forwarding screenshot on session b1310904-d161-49ca-a1a6-530fba7baea8 to remote] DEBUG org.apache.http.wire  - http-outgoing-101 << "fxqlptr65K52yTabIzm3ppk/p/NJYIy/veOUv73nnx4roTLB+J5pLcfUyp05MVpiBTvEWdgBDZvKMniffHyrHacHptKdbyJAD8tXqOByvw4YoKt2Nx2LA4LgT4LmekxaAPEe0DMTxMUiD5QvLOD7DiCzKKNDqtVQ1KckcJsD5WdYhkzqD3Hm2bRr30Q5UkGKkpjCQm1kFKY1eZ3QFvEWIxEmvSEie+DUJMfETZ/op1GosU7NNprJMbrT5RL1Dv0RIp7HmMX71+XkWSvhUixHSHlsdNAtMufWPHOjfeZSPCZFSmZLEj0GYkX9QmiH7mdGGAUx/3FuVqBuFdOnehfJ65nIMotruESiLlG2fVKNGt+mJfCMB9FIV7ah/goCQ+kKDqEXEFGRAApIW7Rr4N48d0Q7xbXE2W6+M5I9JiJtuqJsepIEeNNF+NNchhIFX8vWeL65bFeGooSGSAYUpzI0KIEqhI8dBHfDV3Ed0HPaB9l4jugR3wYdZlJdJHRxtHBogymPMpHt6QwOkSK9vEhzGroQZ+8JHqmhNM9KYRuiSFUpEZQn5/MqC5FzOjdjRFl+ZQGO+kh+ugeE0RJsJ08cV9yvSbyxd9BqrgPcXYdY2o78Oze1TQ9PIusSAc1ZcmUZYSQF+MkQXynxIn7kxRoJE6cGyGeh7z3Ut6HiecWbNYr/8EgxGpu81mrqKioqKioqKj8Y9HWj0IqKioqKioqKioqKv+c/CgB7PLYMRj1igCWUcByLWCZAvo7gfvfKIAlOp3YFhh0esx+OjxifGFWfxIcJnJ8NopDnBQHOsiy28mwWMm12WnndNHR7aKH1021oE7MsY/TTIPTxACXkSEeM8PEOSOC3IwIdjI6xM74UDtTwixMCzMzK8zIvDATC8OtPBjpYFm0i4ejPTwc5ePR2CAWB9mYZdFwn0vPwxEOHoly8nC4hZURFh6NsvK4YE2sg/WCbZlh3B/rZGpmOEMLE3FqNJgEBq1c51jMSyPlrwmjjP71s6AzSlHqQ2sNQKdE/oahl6mUPTEYAhIwhqRhCs3EEJqhiGCtLxmNkp75r4JX40kSJCLX5dXKtXld8S1I0Rsj+oxB72iJ4rVHorVHoLGHK5G8WkeYgpS8WnHtVtGrd4ZikMLXESIIRm8Pal7PV65TrCBTO7sxmJtTPOutLvxsYl/gJ7b1ZpuYm0Uct+HXIoD9/GXKa3/8jCa0Bgtafzs2m4vAoHBCYjNwJHdCH1+BJrEeTd4QLDkVBCcm0L8qj18fmseftvXhws4aLu+tUQTw5b1VnNnehbZSQEsuy/Vp93UVZSWXxf6VPVLe9lJSO0sBLCOArx/sqYjQy7tlimcpR2sUCXx1X5XS7rYSHVyvRO5K6SuRkb8yGliiRPbuaV0fWPQrkNG/sl5J37yv9jvkvjz2/fTPrW2az61V6r+Pcp4sZVtRyvV+753oz00xJil6rx+U6x2LPo/Uc+d4PyU6+voBcZ2WCF4pb2UK56+O9ubbE2LMcn4tMlciI3xl3fW9lVzdVcEVwTVxvyRyzV9ZyrWBr+8V85P3eEd3LmzryoUtUgKXcUWJAG7PhY15nF2foQhgmf5ZifZdk8S5talKCugrm7K51JiuyOHzG5I5uy5RlEmij1RBGhc3i3M2pfK5jABenSRI5bPG9ny0qZJzJ8czt3cMSQE6YiN92H2R+InPir/TjdvjL94RGpK9OmqzAplVlUtDupMRJQGMbKdnSR8HP3+slN8uz+LLpalcWZzILwYYeLPWyutVRn7RX8+7A3X8epCGP4zUcG66P7ceCuDuqli+fDiKPz2WxK+WRPLhqmQ+eDxG3I8c/nw0m2ubkrn4WCZ31uVzeV2MeA6RXHomnfsG2ciPN5CSGEZARCJ+gaEYfR5So2y8NLuIJ0enUhEp3mlmPzxGA3XtEogJMWN2mbEHepX3s93uj9knPksBbvx9dsxeC1afRczbiDvITFCEqHNqxbYRb6iJrPw4elXmMLB7Mj2Kw8nPDCY+KYj0orR/8/7/95DplLvEBFAUbCPD40eSQ0OsTUukRUuYIFxuO/XEBVhIDnGREuwmzmMl3Oon6uwCGzE+K1FuExFOMT+7H6E2vVJGuY2izo/w70SxP5Euf6VdqGwnCHMYCRf1YeKdHSaOhQpCRH2IWUusy0ReRBDlidGURIeRH+ghy+skJdBFXJCTKHHtcPGOD3OI82RfynUMxDiNAhPRNgPRdoMig1PEd0iiGE+MSUekXkOmGG9lWgRDO2QwpaIds6tLGFuWQa+UUDqFWukS7qKD+M4oCnKQHyDKYB8dooIpiRL3KtRJ+wgPBSEOMj1GuiZHiHGJsQZayRffGfnBdgpFm6IwF8XhbtoJyqMCqU6OplZQlxrL+K4lPDZxOI9PHsHEqo7U5MSTFeBPivg7uH9sA5uXz6RHQRxd82PFM/AXc9ET69CSKL6LEsVzihXPJFI8mwirXDZBIJ5HpN0k7rFN3HdHm89aRUVFRUVFRUXlH4u2fhRSUVFRUVFRUVFRUfnn5EcJYI/PqUQAS/FrtpoUCfxfLYDbkrySttpKmgVwswSWaxBrxXUlBoM/VqM/DoOeYKOWRIeJ/CAXpRFBFAcGkGExkyrOz7NYKPO46OR2UhHgocbrUiRwg2CAz8EQcc6wEB/DQwIYEeplZLCLMSEOJoTamBxqYWaYhXlhVu6PsLM40snSSDfLo7w8GO5hWXQAD4Q6mWnXKtwf4M+KKJfALtrYeDjSyspoG4/E2FiV6OLBaAszElzMLM8gP9SN21+HQSfQm0RpwaC14qcz4+dnQudvUaJgNXLdX5k62R2Jf0AspsAE/AMTFQwByfj5ktB5mwXvX8WuLJvX5m0mGo0jShCpiF4peSV6JV1zJAaB3hGGny0cvT0UnT0Yva2llHJXlDp7oCgDRXsZ3RuAQW7bAgQ+ZX1ig9WNQa7na5bi16ms62sUpb8o/a0OcdyBn9XWIn/NaP3FnM1iviYTfsZm+etvMuJvFvvimJ+Yv83qxOsLIyAqHWdiOYbY7miiKtBkD8SUXYMvvYikzBQOrpnKF3uH8unGrny6qRNfbu0m6MLZ7V1b0kD3VNJCywhgyfmdVQIphztxeXcFV6QQlpHB4tglmTJ6VydxrCPXDnTn6r4KJa2zgkxvvK85DbSMAJbRwVLUyjV6m0Vvs6iVKaClAJYyV9Y3rw/cvAawlLmtYre1lG3kMdlGRvsqaaNFH/JYK7KNLOX1JLIf2f7i7kplflJwS9F770Q/Rf5eOyD6PiDO21ejbN8+Ko/JaOG+3DlUx70jvZXyppjH7YNSAvdR+K5+n7jeHil9e4q6etGmt2grU0D3Usorcs47xXzEGK5LsS2R49tXx3Vxry9uLhd04FJTey5uKuBCUy6XNmUr6wCfW5/Kl6uTOLM6hXPr5FrAzRHAVzZlcqUpg4sbU7jQmMylzX8VwBea0vlyQyqfrRWsSecP60v4o3jmBx/oQWG4jiTx+QwMlqnFXZhcAdgddsI8/gQbNHSJNzK02MWETlEMynMwptTJxI5GHqgy8fOVJfx2SQafL07i3IIo/jTVzb88nsHXqzO5+ngMZ1d4+cMcA78YpeHtIRp+JcrfTPXno8WBfPBgOC9OtPPewgQ+Xp7Pl6tK+HhJGB/eF8T7kwP45Xgbb07S8sn6QG6/2pNXdlSQE+5PSmQEAd5gwqMC8AZbyIix8tSULI4PS6R7iJ4IswGP0Y+awkgiA/3E580PR0gwAaGhuF12XB4LDq8Zu8ekYPNKrNgC7Bjd4j3iE9vhAZhCvDgiQ/AEW0lL8tK1UxaVle0oLssiOj2yze+AtmhIcFIvSXLRJ91HXVYQlRmBdEnx0T7ORWqggVCTBpdOqxAg3sfhdn+iPWbxbtYR5K8lxNQqi3VE2vVEtUalirkFifoAcf738fprCLaZCHFYCXXaCWnFZVUIdloIMPsRLEgN9lKSEE1xdDgZHifJTivR4vsg2OGHz6rDbRZjE/05/TS4BR7xNxEi6qPdJiUqOFaUsS5/YsSYws1irDoNsaJ9cYid6tRI+ubEMaQoiVGlGYwV925UhwxKAkxki7nkiftfIjNPBLtJc5rJE"
36561 [Forwarding screenshot on session b1310904-d161-49ca-a1a6-530fba7baea8 to remote] DEBUG org.apache.http.wire  - http-outgoing-101 << "Pc/N9BGts+sSN6SKJ/YtyqSt3W/XYsYzgmwKFI40+1Phrh+trgfReLZtfPZKPRa6JkYwYQeZUzoWUq3pHBKIl3iXCedkkJIdfnRKTWYzumhdE4LITfEQoJFLn+gIU7cv2ijKK1aYsV+qF5DoFbMWcw70iJTQMvIYGObz1pFRUVFRUVFReUfi7Z+FFJRUVFRUVFRUVFR+efkRwngoBCfsgawyWLEYjPjb/qvF8D/HvI6beGnCGBxXFxLI/EzojEY0YpSr9Pjr9Pi1GuJshrJDvTQMS6KzrFRFPo8pJuN5FhNlHhdlHocdPE66eFzUSXoFeCmIdBNvyAfA4ICGBQYwOAAD0MCnYwIcjA22MrEEBszwmzMCbMzP9TG/aJ8IMzB4nAX94e4WBDiENiZG2BmukMr0PBghINlMS5WxDhZFm1lebSNpZFmFseamRiqZViMjeHtkwgyG7BZ5dzlvbSg1zrQaexoxbbGaEZjtqH1hArCBRHofdHovTH4+eT6uzFKamaNI6YZZxx6dyJauWavU+5LoppxRAjC0NhCFKTg1dtFaQvGICMlxTGJQdRLWlM4662BzVG93+FTUISvLK3eFunbIn6l6DW3YLFjMjdjNFvFMSt+FjFHs/lv0j0bzCYMUvq2YBT7JosZsyjNJrO4Pw5cnhDc4anY4zpgiOuKJrILmvTe+GVU487tjispl7GDu3PuyFi+3NKTTxo7cmZbd/60sYwvtnRqTgG9Qxzf0YNz2ys5v6NK4cut5aKujIu7enBlj1y7t4bz23sqawOf217G+Z1lSoTwlb09uby7OYr3/I6uyPV/lXP2VnJDStYWQXu1Rf5ekwJ0fy/uHOmrpHD+ftrm76KAxXG5L2WvRG63SmDZ1/ejgVvbyPWD5XF5rFUQy/NuHe7NZTGW8zu7K+WdY/V8faq/gty+caiOq/uruX6wTtn/6kRfvjnel29P9OPekT7c3C/FrZTAco3f3krdV1IWi/LWATGfPXKN3z7clpHNcl3jg/XcOVTPLXH962LO13bXiFKMuYXm/Squ7xL3bVsnLjSVcH5jIec25ortHC4KLjRmcm5dmpIW+ty6DC5syOSCTAW9MYNrm7O4sjmDy01pChebUsV5shTniPO+EO2/WJ/NR1u785O1veiaIKNqvYQGB2Lzir9Lu/i7E++uAKeFMJOW/AALjVM7M6ncx7jyAIYUOpjWI5CpnY0cnJXB1n5WfrUgkUsPZ3D2vnB+M0bPzYejubsmiSsbgrm7P5h/OZnEN0fz+GpzJleWR/LxfDdHq/W8Nt7MT0brOd3XyqtDQzlZ6eE3UyL5/XQvvxrtz4fTdVxbE8a/PtWFb386gdUTs+mS4iEtxENKaABJIRbCg4yU5gRzYnwqhwZGUx3hT6R4N/iMBho6xBITKt6BTj/M4h3lDg4lIDAQt9ss8MfpMmF3W7CJd5tFvM88UeFo7FZMoSEYQ4Ixh4XhFxyEJyYCb0QAARE+olMiSS9OpbyqpM3vgLaY1S6YqUUBTMjzMiLbRb90G1UJRjpG+VEcric3VE9miB+ZoWYyw+2kiXdljMtPEb+hggh/DZFGDVFmDdFWDTF2HTEOP0W6yrTQMvJXiuAwu0GJ9A13mAgV30NhDgdhTjchTlcLDoJdzYQKIjwuRRLHepxkhQeTKd7lCeK8WJtR9CujhQ3iHDEOu/Y7wp16wsXYIkV9rNdEtMdIhF3fnCpZimmbmE+wg+4JYVQlR1CVFEZlYjCVCUHUJofRPyeeyvggSoIsFAfbyBbnS+GbI74z0jxWsmRKanG+lLsSKX5lmSGelxTAskwX45LIyGB5TEYCt4/0Uiy+Uwq8dsrCfJSGecR3mJUcl2gjzsmVUcRxQbQLd1Ae6yMv0ESPlFA6JwTQMdZLr9xYemVG0S7IRqyf+D7UaUiz+ZHm0BPmpyFcECM+DwniHsc5jURZDG0+axUVFRUVFRUVlX8s2vpRSEVFRUVFRUVFRUXln5MfJYCDWwSwjACWEthgNODnLyVviwT+Tv5K/psEsMGIxt+E1mjBT+Cv98Om1+HRagk36Ehz2cgP8lIU7CXdbiJWqyFBpyHdX0s7t5WOXgfdWkRwT4+dng47FTYr1RYrvUTZ12llsNfG6EAbE0JsTAuzMTPEypxgK3ODrMwPbGZeiJM5QXbuC3MyP8TOVJeOiWYN9wWbeCjawbJYJ8vi7CyPd/BglJlZUQaGRWgZmumjKMqNxaBBI8YlZa/Wzy7m58LP0JwyWed2o/UFoA2IFESj8UWh8UaicUegcYnSIZFr8said8Xh547HzyXX8pWRv6K96/viNxStLQSdLUggo3ab1+f1b0XsG6zN+FnEcUHrusN6i1yDuBWXgpS+/gpS+jaLX4PJLrDhb7S2YMbYgtyWUb56o/93+Am+i/j9DoMScW62mLCJ0ibqLBYbdk8orvA0XPHtMSd2QRvaAU1SBabsWkyZPbBldSU7J553N/bl5uF+fLm1q7Le75ltMhq4jHM7v7cG8C65BnANcg3gM9s6cnZ7mbIWcHOEr6jfWSkQbXeUKwJYpoG+tLurEmkrpe6VvRWK+L0g2kgRfHVfc3SvFLGtUb8Suf3DNYClxL22r+ZvInkVgduS8lmKXSmHW6OJZarmmweb28hSniOv1SqGW0WwFMDXDlZyaW8PLu7pLraruHOsF/dO1nP3RG9ui+0bh2u4fqhaKW8f6c29ow3cE+O5K8cm+pfcEX21ljLi9/vHb+wV19ov5nCwL7cPiDkeEPWivLlPjGOPFMFifLvruLJTjH97FZe3V3BNpoyWKbi3lHJ2UxFnGrP5cn0GX6xLb2ZtGl+sEaXg7NoMLohj59elCVK41JjK5U3pigC+tClNEcKXNmdxflOW6COLL9bn8Kv1HZleG05hjD/xoYG4xN+JwSk+Vz4bFrsej/i8xxg11CS6+OmGUczoGMzQQiPze6dyX68EBqbb/n/s3Qd4XOd953uQIMr0PoNB7yBAkADYe+9NVO8S1ahmW5RNS7bkLtfYlmV1iSIpUb04UWJnk2xyvUnuZpNdJ5tkk3USW1bvXbK9m3v35vnd9z0zA0w5KJQomTr5fp7n+8xgypkzZw5APeevmdFfXL9VN++o0V/sbdXPPtuuV7/SrZ9+IqafXhnQL74Q1Uu/ldAr3wrr1esSeuMLLfrXb87Rv92zQf/2hyfojZs6zXPs168emaffuahG//MbQ/q7Lwzpbz7bpV8f7te//XZS+tMG/Z//vkTPP7ZRN10yR/2Rag20+tTRGNSszmZ1pVvV296hU7bM1aN7+nVwV1a72v3O9+2mzO/DySs71Japli9Zr0A2o7poQsFoXKFoSAH7vcDxiHyJpHyptOozDZqRTJq/CRHVplLyZ9KKNGUUyMRUn04q3t2jVF+fQi0NSvc2KdIy9Y8AvmpxQlfMD+uSkaD2zAvr4iUpXba6TR/b2Ks963t1+rJWbR9Oa01vTCu6o1rVG9fagZQ2DDZoVWdYy9vqtbixVnNT1RqMTFev3742Jt80dYer1B6sUlvAFJqm9nC1yX5Usf0O4KBaQmE1BUJqCAScMkG/siG/miJmO8WC5roatQVr1RP1qSdcp07fdNM0c1mVmk2N9h2wpiZzviVsrovNcGryV5nl29tNV7vZX2am/JrXntLy3mZt6GvRNrON1rXEtLIhpO09WZ042Kbj+pt10pwOrWwMaUlDUCudd/ea+2XDWtCS0HA2qrnmvB30zssENZJ/F3DhvB302ncD258XmMsXNJjb5q+zw+B5Sb8WpsKaE6zR3Gi9lpnlLW+Kaan5t2Z5U1SLUj5t6MposTndaE43dCY1FKrR2vaYNnckdFxvg06Z3apdM+1HVIe0MFqtOYFpmml+F3rMvzc95veh22ybLrv9zanba01EREREH63cDgoREREREZE3e18D4MZ0QkH7EdAzpqu+rkY1tbXOd7NW23fbOtWqutqW/05eOxiuqa5oWs10TTPLOJLclmOrtsPh6ulO06pnmNvWmOXX5ppuHn/aNNWb6+wQOFE3Q61hn4Yzca1ob9LSloxmh+s1y1+tkVCtFsX8WhoPaWksoiWmReGwFviDWlZXr"
36561 [Forwarding screenshot on session b1310904-d161-49ca-a1a6-530fba7baea8 to remote] DEBUG org.apache.http.wire  - http-outgoing-101 << "w2mrXYIHAnp1HhY52bsR0FHdUljVJdmw7osG9RlDQFdljE1+PWJbER7G2P6TFtK17QkdWWsTh/zTdO+yHR9pSmob3ZG9I2ukL7RHdKXOv36WFdAZw4kdMaiLrUEpivsn2G2b52m1YedoWuNP6vaUKPqYk2qTzWrNtOiqnijqSl/2qyqmClqa9G0WKuq4+2aEe9QdaxN0yItmu5c3mROG83PDaqKZFQVtqU0LZTUtGBS08MJVZvz1eZ0hjmt8adU60upxlZvfnZKmJ/Lsx/tHDe3jarOFzKnJmfwGzCnQdXZYbxTbuhbGADb7LA39/2+5tTsU7V1+Xf8FuerU73JDoD99bWmGtUHAgrEM4q2zFSse5FCPatU3bBI0zrWKDRynOqGNii4YJNaBvp065Wb9PwjZ+qp/Uv10v51euEOOwBepl8cWKYn969x3h387P6NevbgRj1z9yZzus78vFLP3bVWLxzYqBcP2nf6bs0PeO1HR6/Vy4c3msu2mHJD21fv3epkPwr6xUN2CJw7tYNd21sP2e8EtsNZO+DND2hN79jv4H34eOc7hF+/f3v+u4Rz3yf8xgM7zan93uAT9ba57Rv379RbD+wy5+39d+lN8/Pr927TO2a59vxbD9jLjzeXbTePY5Z1/1a98dBWvfXwDrMMs8yHtpllbtXrpjceNJc/uN25zGbPv/WQuf8Dx5tl2WXb8+Z+Zj3eefg4/fLR483jHGcut+9SNut2nzlvsh/xbAfDv3r0ZHPb4/XaYfvx0Nudj4F++dAWvWq2m32nsHOZOf/SXZv1/O1mGzqt0nO3LtEzN8/T0zfO0RPX9+uJ78409enJ7/bryevtx0EP6sXvL9Rz3xvRM9/v1zO3zNRzt8/S87cN6oVbBvT2wWG9fFuvXtw/pCduWah/umWTbrlkWMv669TeFFA6Y35vAg3yRSLmtFqxSFhxX63a/dO0PFmnRy9boMOnJ7VnbrW+cfYiXb2lSd86uVVf2RjVf/nSQv3nfZ366Rdn6i8ujelPLojqjy+s1x9fXO98hPMvLo7prX1d+tfPD+jX1/bq7Ws79OZXOvT8l3v03z6Z1f/76Bb9p71p/f11w7prZ0pXdk/TX1/Xpnd/1Kv/9cOQXno0pet31+u4udO0cqhBI31Zze5uUm9TgzrSLZrZ06Ozjl+mO87s0rc2JLSx1a9kdZUS9TO0YV6LGhLVCiT8SmTTCkST8pvfWX80ZorIF487A2B/MiVfOmP+bqQUaWo2pwkFzN/ySENSkUZz2pJVsLlRgca0UubvYqolrWRj3PXfALduPnORvnvKiK7bOaDPb+vTNdv7dc1xs/XZ44f1+VMX6brdq/WtPZv0vct36IaP79R3Ltmqb5y/Tl8+a7k+s2uuPr19jj6xcUAXrezQmfMbdcLspLbOjGq9+fu4vKVOi7I1mpuu1lByumYnpmsgaj/Sv0qdgRlqN69ji/m3qKl2hhprq9VYV61m33Tn3d1Ndbl3FPdGpmkwYZfh04KMT/PT9Zpjfu6PzzDXVas7NM35zuLOYJV6Qub2ZtkDsRrz70RAC5ujWtKW1MrurNPy9rQWJ/1amw1pa3tSO3uyOmt+n06Z06m1TRGta4lqubluOFptHiegoYT95Am/5pjzA/YdvXbAa1rUENLChqDmpfxaYu631H7Xb2NYc5M+zU3ZdbTfBRww6xvMnTctzJh/m8y/K0sawlpu/m1Z0RRz3tG7JB3UarOe61rjWt+a0Grzb9Eq829RYR03tUS0yjzX9al6ndyb0TnDnTptsFXbOuJa2xjUGvPv0cJ4vYbDtZpj/h2cEzXrbPYpt9eaiIiIiD5auR0UIiIiIiIib/a+BsAtybgivlrVz5gmnx3S1dZpRo3P5M9nv5+2TjX2O3in54az02qnu1ZVM+2oNN2sS3V1odwguLgZM6arxlRXO0O++lpF6mvUl4hofmNKy9uyWtqc1LxYvWb7p2s4WKuhUL1m+Xzqq/Nrpi+kWaGEFodjWh8Ja2s8ph3xqI43nZqO6exsXOc0RHVuQ1i7G4I6tzGgc5sC2t3o16XNEX2iOaZ9LQl9pimhq1NB7QtV6+rQNH2pwadvdET0tc6wvtIV1BdnRnXZnCadu2KOVvc1K1lTpbDZtrFoxhnA1kVaVBNtd6qNtJmfW1UTa9a0WFZVozUWVXz5WNMiaVPSlKgsHM8VGas6ZAe6CdXVT6V4rrqQM+wdyw55c6f19X7X6sy+5FZ9fb17vtxHkNeH/c6QK9baqVjniILtizQ9u1BVzcsVHtmu0PzNqhtZqYahEV104lr9/QNn6qmDc/XGnWv00i1r9MKBtXrynsX6xYHVeuq2LXr6tjV6cv8K/fzgKj1zaJ2evmOlnrlztZ4/sM45fe6u9XrxkP0Y6I163vTq4e35d+Xa7//dmh/6btTL92zKDYlNL5nL7M+57LuCt+j1+7c5A157f+cjne/f7nyUtH038SuH1+u1+zfp9Qc267X7tji3t98rbB/ntXu366377bB1p962Q+L77PfrbtFrZrlvmtu8ce9WJ3ub3PXb9fq9m8z9Nji9ft9GvfnAJr1llv36vXb91+nVe0z2Mc31b9y3yVy/3XlXsfOOY2egvcn5qOuXD6/Vu4+Z5T5i1908rlnn1+7LfaS1fd6v3mvWwQ6TTfb8S3dvMJevM9tgnTm1z8ush/N8zDawQ+G7zO3u2qqX79yoF25fqeduXqhnbx7WszcNmWbrmRtzHwH99PUDeuo7s/Xid1fohRuW6bnbhvX0/ll66s5BPXvbHD1zQ7feuqtfL9zSbF6TQT1pXp8/+fouHT+SUWdjTOmmlMLJjALBrCLBeiXCM5Q2v9NNsYD6E9P05W19+stPDOpfrmzWvuEq/dYpw/reaQO64eQWfW9XWv/1q0t0z+kR/fP1S/Ufr2jWvaf79YOLUnr0vLT+9Mwm/WRjRH++3Kf/sSuoFy4O6vVPRfXGNY361dfm6C/OiusvL2jRP1+zQH90ToMePqlRH2ur0v5tQf3surR++tVqvf3DWfrzA4t1xuaQlo40aF5Pm+a0tKgvk1FPS4PmDvfprOOX64YzB3T1qoQ29WcUNn/zwrXVmtvXoFTc/E2L+ZU1f4/SqUbFUm0KmN/dYCyiYCJmMudNAfO32xZMJRTK2MFvypRWtCmtQIO5riGmZGta2ZaMmpozyjQ0uP4b4NbetZ26Ym2HrlzfrU9vnqWrts/R1TuH9dldc/WFkxfo62cv140Xr9dde7fp8L4duveTW3X4yo2654r1euyaXfr9L5+mH37pDD24b6duuXCVvnvOUn1390p9/Yyl+uTmAV22tlu7l7bo9PkNOnEoqR0DUW3ujWhVa8QZgNqPQB4MTld/cJr6/PZdrFVqr61S8/Qq9dRXaUFqhjb1RnXCnKxOMh0/K6Ndg1ntmNWorWZ7bupJan1nwnmn7BrT2va4NnamtLE7Y2rQhs6M1nektbo1oeXmb/0G83f9pL5GnTKzScd3p7WzK2kuM+vT4NemzqRWmfOLzfllLREtagprXkNAw/Y7gU2Lsnbw69cSc7qkMaiFab+WNoW0rMnc1ly+NBvWYnP5YvO8FmZ8WpQJaHE2oGWNYael5n5L7QA4G9HKpqgz+F3rFNamtoRWJOq1tS2uDVm/1ptlH9eR0IZUnbaZn3eYf5c2p2q0JVOnXe1RnTbQqDPntOr0oVYd15vW9u6ktvdmtL3fbptm19eaiIiIiD5auR0UIiIiIiIib/b+BsCpuKK+WvlqpstXV6/a2npn6Du9NldhADxjRq1qqmeo2r5712X4ezSbbtaleorV1M2Qv7ZawWlVzjvGnHcCd9p3Aqc0LxFUz4xp6q2Zpj5zXV99vQbDUS3MmOvTaS1PhrTatDbm18aoTzvifp2Y8Os001mms1M+nZuu13kNPl2QqdMVzT5d2VinfY31urYpoM81BfW5hqA+EZymT0Sm6zOtUX1hVpM+M6tRn57TovPndWvLcLcGMhFFZ1QpHowomWyWL9KkmnCzqiNtTjXhVtWan2vDWdVEbA0V1UazrtWE06oJxo8s+y5eX3DK1daPvcu3vDo77HXLV++a/b7f8fIHA"
36561 [Forwarding screenshot on session b1310904-d161-49ca-a1a6-530fba7baea8 to remote] DEBUG org.apache.http.wire  - http-outgoing-101 << "6oP+eWLRRVrblO8Y7ZC7QtV3bBQVdkl8s/erMDcjfLNW6XGeYu1ZtGgfnzHyfrn/XP1/E3L9dKt6/TcgXV68u4l+sWBNXry1s166pYV+vltC/XTOxbpyQMr9bT9eOL9a5x3AT99xyo9dftq87MdBpufb1/nfByz/djlwgDYfvTzi4c2OANj553DB9c7g187xLWDYXu5zV722n323cS5AfJr99n7bzT3sR87vUIvHFrtDF3t8NUOTO27ju1jvXTI3O+eLc5w1w6B7bDXDn8LQ+CX7cdVH1jvnLe3efeh45wBsDMEtu9WPmQe2/Tm/WYZD27TWw9sdbI/2+Gvvc3r9nuCHyx83PNOvfPQdnP9Jr10cLVZzgZzv6369WO79L9/cJJ+/cjJevfBE51B9Cv2o7Dzy/7lIzv17sNmHZ37btGr92xwrren9jHeOLxN7953ot4+vEuvHdysF+9YqWdvXuC8A/hZk/0u3xduHdILNw3p6etn6RffGtBzv7VQz12/SE/fMmy2/6DZTrP14v45evm2meb1bNczt3bpZ7cv0N/efpw+talJIwmfes3vbrPZP9L+gDJ1YWVD9vtdq5Q1v+PHD8f1yFUL9cz31jvv2P3Z5dN1cFdY15/Qpvsvnq17L2zXA3tadOCsmB7/WIPuOHm6fvr91bppZ7XuPCWse89q1H86p01vfHyO3ry0XX+7o0r/1/Iq/dnaKv3Vtir9/Sk1+vuzanV4pEr/8/IW/dmZAf3wpHqdEarSoV0B/eMXEnrmhoD+1x8t0U8e2aqztqe1dG6bFs7s1XBrhzpjcXW3ZLR00WydsWOxvnlij3bPjGj7UIui1dMUqKnWSF+jGtIBJZJhNaaiSibSiqbbnXcCB2IxhRKJ0QIJ+27guPxJcz6VVDCTViibUbixQeHOLoV7BxRs65Q/m1Wdua9957DbvwFuLclM17JstdZ1+LVjIKHj52R0oum0kYwuWt6mq7cO6JunztPtFy7TPZeu0P2XLdWDly3Sw5cv0g+uWKH/cM1m/fEXj9MPr96kx65cp9+5arP+4Esn6YdfOFGHPrZWt164Qt89a6G+fsqIvnTCbF27s1+f2Tagvev7dcnybp07v0WnD6V1yuykThiIaWt3UJs6g9rcbQejddrWUaczh2M6f0Fau+cmdd7ctM6b16Td89t0/sJOXbCo2+m8+V06Z6RDZ8xp1ebGoNY3+LUu7TOnAW1ujuq4roxOntmsU/qyOrk7pRO7EjquParN5u/7hsaANraEtKkjppXm/Erz9355c0jLmoNaYq5flK3XAvPvwiLTkoZ6LTX/Tixz8pttlzu1ly03p8uz+Rr9WmGWtcLc3y5vhVmnFfbdvY1hrXYy/yaZy9Y1hcxjh7XJnG42bbWZ+20x6709G9Aus14ntoZ1fJNfOxtqtS1dYy6v067WoE7uieu0gYxO6kvp5H7zms1p1ukjrTp1pMX1tSYiIiKij1ZuB4WIiIiIiMibvb8BcDquiL9oAFxXpxm19vtb/U4zauxA2A6AZzgD4Bk1MzS9zmS/J7jWnubPO5cVn7fXF583p+Per3Dbaue02jTDXG+/izh3OnbefkdxdY0t9x3Cdn1qTcmATy3hgPobElrU0aTFbQ1a0BBTd+109dVO0+xAnRYk7MdrprQondbcZFDD8RmaG5uuhZFpWhGZrg3Rau2M1uiUeK3OjNVqd6JOF6TqtSfj16WZWu1NV2lfpkpXN1Xr2lafPtsS0L7GgD6WDui8eL0ubs/o0sFundqR1bYmsx7psLoi9cr6a5QI+BWLJBQIZ1QTbNB0+z29oUZNN1UHs5rhfCdvSnWh9DhlXEqrPhBXvT/mWp3z0c3lhVXr86nGVz/lauvtfnEEw1+T24DX5gv63QsEnAGwzxaLKNrUqljbLEU6FqmmeamqUvM0vXuVagZWqXZ4hZoWrtSsvg499Fs79c+HVumpG1fquVvX6hd3rNI/3bVEP79jpZ66ZaOeuXWFnrxjiX62f6meuH2pnrxtmTP4tUPgZ/evNudX54a/d6zRU7ev1YsHt+hl5/uB7Tt07Ttfzc/5d//mBsB22LvRefervTz3rtgNzmluMLxVr9uPU37ADoHtfTc4w98X716jlw+vM9dtyb+rdqfzsdGv3btNrxwyyzPLcIa8D+7Quw8fp3cfsh/9bB7/bvMYB9ab04162/z8q0d26Z2HduhX9jt/HzlOb9y32dx3vd40j2V//vVjxzvD3Hcf3qk379+qV+13BN+zVb98+GRz/xP0zoO7nGXYYe6b95v73r3W3Hez85i/fvQk/crczg6A337Afgz1ZnPfjeYx7HB5u/O4dshsf84NgO06b8w9xt2b9ebdO/XGoe167YBZ5/2r9MJti/XcLSN68nuznO//te8Afu77s3PvAv6u6TtDeuq7w3ryBnN682w9c/uAXri9z9y/Xy/fOahf3DpP/3jHNl1/3oDmJaZpuCWhtnSTsuFa8zs1XdmgT2nz+5uJVmlVT1qPfcZsy/279PCaKv31aT79/XkhHd5Rr1uPi+rRi9p0/3lJ/cm1ffqjazr0Z9cN6NbT6vWjfb26/8IOfW7JdN2yM6FHTknp2S8v0L+a1+R/f7tX734toV99NaznrvTr6U/49S+X+fWnJ9fr3lXT9OcX+vVnl8W1b1a1fnBhg/6f316l//Pna/XsYwv1rcsy2rwkosVzurVkYFDzO3vVk0lreFafNm9cqctO36R9S4M6qTGkjT0ZNZi/g+EZ1RrpzagxE1QiHVEmGVIsZv4+p1oVjKWcoW84mXQKFg2AR4fAaXN5Q1qhxgbVNZu/Mc0pzTDbLNqZUqI9rnjT1D8CuidYpS5/lfpCZrsna7TQDi+bg9rQGdbO3qjOGk7oqvUduuH0Yd1z0UI9ePE8Pbxnjh6+aJb+cN9y/cerV+kPPr1Cv3flEv3uJ5fp9z+zRn9wzUb98Op1euQTK3TvpUt014ULdPt583Tr7rm6+dwR3Xj2iL572oh+65QRffOkEX39pCFdd/ygPr9jpq7e0qVPb+owtWvvmqz2rW3WZze261OrsrpsXlgXDQV1ydyULpvfrI8tbNfHF7XrsoVt2jPcrPNmNejMvqR2NtTpuOaATuqI6VSzv5zR16gzZzaZsjqlK6bj2+xg1aedrQFtbwtqW1tYW+0wuCOqlea+K7P1WtUU0Opmv1aZVjTWa3lDjVZk65zL1ph/D9a2BJ1T5zaNPq0w97OtNLdd3eR3rl/XGtRamzm/1mzTtU0hZ+C7vslcZ/492WAeY2trWMeZ9dzZFtVxbREdb9bjhPaITmgL6SSzXqd2RXVGb1znDKR0/pysLhhq1Lmz0jqtJ6aTzWt0UldYJ3abeqI6tT+ps4ay2j2/teJ1JiIiIqKPXm4HhYiIiIiIyJu9rwFwcyauSKBWvtpq+evrVWeaUZcbAE93hsDmvPO9wDWaUVPtnFbX1pnrPrjsdxDb78p1q9asT43zLmWzTjbncrv+NQrMmK6Eb4Y6k2GNtGa0rLNJixrjGo76NNtf7Xwc9Hz7fcH+Gs2OTNesVJWGElValJqutekZ2pKu1a5UrU5L1uts04Upny7J+HW5fZdvtl6fzFY5faqpSp9u9+uqnrg+1deoy3qadUJDTOtTMS1NJdVb71NzTY0z1Imb7Wo/ojrsD8rnj2iG334Pb0bTghlNN1UHbCnVBJKq88flDyRc85nr3PL74gr4YhX562Nmm0Qqqq8Pqj7gU12wbsrZ29f7Aq75nOdVlv0e31DQtWA4VFnIFlY4Es79bN8B3NSqeGu/wm3zNKNxoaoaFqq+b51qB1ZpWv9CRecsVk9fn761d7WeeOgkPXnbOj1921r9y20r9bMDK/ULO+C9fYOev32Fnr5zqX6+f5n+5ZbF+sWtS/XU7ctlPwraDnRz5d8BfMcavXBwU/6duVv1mv2+3Qe2mdPNuUHuQTsAXuuct9l389rr7FD3lcP2o6LtxyLb8/a+ue/lfeOBzXr1vvV66Z41Tq/Zj2R2vpd3pzm13+1rTu+336u7znlHrR3M5ga4dshrr9/mvNvXDnrt8NUZ3Jpl23cC//pRO9DNvWv4rfu3597da"
36561 [Forwarding screenshot on session b1310904-d161-49ca-a1a6-530fba7baea8 to remote] DEBUG org.apache.http.wire  - http-outgoing-101 << "7LX2ez3/NrL37r/OHP5ieZ0l7lv7qOk7YDZLssu2z6+Hfi++9DxzvDXvlvYDortsgofS20fo3BaeHdy4TL78+t3b9Ebh8z1drvZdy3vX6kXb1+i52+dp2e+P8cZAP/i+n49+Z2ZTk9915za7wT+zoCevH7IXD9Hz9w0U8/f1qHnTM/fNVc/u3O7Hrtmg3YMBjQr61NLU0yRdEqxZLWSCfO7nvAplDK/X/EqjTT49cAly/XiN1brlo4q7e+r1u1D9bpxfpW+u6hav3NORg+eHdLfXb9Qv3dVkw7tCemxfe266fSYHv/UkL69La2vrw3qu1v9Onh2QH/5pS6zPoN65eYuvXVzh/6/O2bq/9w6qP99+3y9+b0h/e1VjXr87Bn6k70J/Whvp/74k21mf5ivv/1mVl/ePk3HLzB/VwZCmtvfo8Uz52h+R59mt7Vp+ZL52r5ljfaetU37FgZ0QXdQG9rTagv6FZpRrbm9GWXTPvMcA8okg4ol4oqmWxVO2I+9zg9/zd+YgB34Fga/Jnvqt+8Cbkgr3NSgkFmmv9v8LWivV6KtWk3t09TcOs313wC3ZmXD6orWqs0/Td3BGZoV82l+Q1hrO5La2pPU8TNjOn9uUp9amdV1m1v0/RM6dOjsmXp0zxw9ctGA/sMnF+hPrlmhP7xqqX5v7wL97pUL9KNPLdUPTY99YqF5rUZ09wWzdWD3LO0/d0B3nNOv286aqVvPHNCtZ8/WbecM6aazBp2P7rbvlP7aCV2mbn3jpB59ZUe7vrKtVddta9OXzWNft6lV39reo69u6tXn1nTrqmVt2js/q0uHU7poMK4LBxO6cHZKl81tNrXpsnntumSkzVzerLP70s4w9ZROOxiu14lt9eY0qJN6ojqpL6ld5rlu64xqfZNP65v9ThtMG1t82mTa3ObTlvaAtnaGta0rou1mWfZ0S3vQ+W7n9c31WpOtcU43teVut91cv82cbu0ImdvZIbP5uS2kba128BvQ9vaQTuiO6/T+tM4YyHVWfzI/3A2ZdfTrJPPvzymdQZ3ZF9N5c9LaM7dJFw5ndc5AUqf3RnSK2a9O7PDr+PY6ndjp0+l9EZ0zlHZ9rYmIiIjoo5XbQSEiIiIiIvJm7+8dwA1xRYO18tVVy++rcwbANXU+VftM9aY6OxC2Q9ka1TgD4NrcUNilGeb2RyP7+G7vOC3ODoEL5+t89iOKa8xzmKGwv1ZZ+12gzSkt6WnRmt5WLW9JaH60TkP10zRSV6UFgWlaEJ+m+ZkqLclUa21Tnba1+HR8o08nZep1ZoNPuzN+XdgQ0CXZkC5rDOtjTUFd3lKjy9vr9YmekK6YmdGl/U06b2ar1iVCGgn41V5bp1RNvSJ1AbMeEUUDIUX8PgXM+tXVB1VrLqsJpVQTzmhGKO1UE0yaEqoLxOQLROU3BfxTL+iLKuxSqN5cVx+pKOALKxAMyB/yTTG/c/tAMFhR0OYMb0sLOQVNgYrC4aBrsUhEiWhMUXMaicWUaGpRqq1fkdYR1WTnaVrDIoUGNso/uFbVfQsVGVyk9r5Z2r29X0/8YI+ePrBFT92xRj+7c7X+Zf9aPbl/nZ6/Y61evHO5nr1zqZ64c5l+futic5tlzgD4yduW6/kDduC7fvT7gO3HQdvvBLYf+2wHwS/fY4e59l29m3ID3kP2u2/XFQ17N44OgO1tckPhbc4A2H7/r30H8BsPmtP7N+iVe9c537lrPwba3sd+XLR9p7D97mD7Tls74LUfrWw/vtkOem12AGw/ctmet6eF87nBqx3k2gGtHe7age/xJju0tT/b01365cMn6NePnqhfPXKSM9j9tX137wO79Kb93mGznu8+uFOv371Jb5j1ffu+nXrn/uPM6XHmOrM8czt7G3vdW3bgbB7rHbO+9jL7bt9XDprnaraTPf+aWcbrh8xyDpnzZru9Yt8pffsy5zuAn7lpRM/eOKSnvz/bGQI/9d1+/eLbvXri21164vp2/eK7PXrqO8N69voRvXDToF66s0tP3dqppw+u0F9970Sdv6RDI+b3b6ArrVA8pPpkSsGGeoUaahRI1yuQmaZ0ukqzQ1W6dlGtfvm9IT1xSVZPfGxQv7hquZ7Yt1D/8eSUHtpWr3t2VeunNyzXn3x5lu79eFb3X9mhOy9q0q1nN+nHX96oq+ZP13d3JvXN7XW6flu1/vRT7XrhO3P1+tdn6c0v9epfvzpb/++3FurpvR36r+fG9Jfnp/VfLm/W//jmIvPar9M//laL/uprDdq7ukrrBmZoTmdYQ919WtA9qNmNbZrd3qZlSxdq7crFOmvdAt10wkxd2hvQxtakWuvrlDB/Y9ct6FN7S0TxlF/ppF/haFi+aErhRFoR89wjqdwgOGSyA+BQOuVkPwLavgM43JBRtLlJvkyLAg1dyrR3KJn0qSFWpWykyvXfALfmdzRqViaq3nhAfbGg+k0D0YCGY36tbI7pxMFmXbS0W5/ZPEtfO36Orj9ltm46fVB3nNWvg7t79NjHhvQfrlqiH+1bpMf3ztPjn1yg3796qWmZfufKhXr48mEdvmhAhy7o04HzerT/3B7deXa3qdfpjrN6dcvpXfreKR36zslt+vZJrfr2KV26/vQ+ffvkbn1jV4e+uq1FX96Y1XUbG/WNrW26dmWDPrkoqSvmx3T5cFiXzY3pY/MTumJxVlcua9HHFzXpsvlNungkq/Nnp3XurJTOGUjo7P64ds+KmkLmvGlWTGfPTulMc5uTZya0syuq47pj2tEZ0XY7xG2p1462ep3YFdTpM2M6uc9eH9ZxPRHtNKc7ukLa1hHQ5tZ6bWyu1ZY2n/Ozve74PrPt+hM6YWZcx/fGtMvsIzta/U7bzb9BO0zH2QGvue2Z5rHPHUxr95yMs65n9kV0codPu5pnaGfjdB1nTk/stOtRr9N6g8567x5KavfspM4eiOqsmRGd0RcymesGIrpwztQ/ApyIiIiIjt3cDgoREREREZE3OyoD4EDddAX8taqvr1WNfRfw6EDWDoTtO22rnQFwjX0ncF3+Xbh26Ft0vsbc3g5k7f2cIa2tcN6cjne+Nn++cL9CdS7V248YrrPZ82PvQJ1RX+d8xHAwUKewr0aZYI26Yn6NNMS0rDmulY1hLQpXa359lVaEp2lVwpSs0vr0DG1v9OlE+9GgDfU6OVWns7JBnZMN6Txzn/Obo7qwJabz2uLa3ZPRebOatXuwXSd1ZbUs4lPn9GlqmzZdLXUBpfxhhe0AN5JWXTjpfNyyzxdUvT0NxBSMZuSLZJx3AdcEU6oLJFUfjDvX+QMRBQIhUzifPW8vy/0cNMsNBiP57PncZSFTxG+L5SucL7587Hp7+9yAtjCkLT4fzp8WLg8qbE7DoYAiboWDio5TJOQ3+SqKhv0VxcJm20XCSkejSkTDSsSjamhqUqa1W6mOEYVaFmh6ekS+rhUKzFwh/6ylysxfpcae2Vo70qifPrpXz9y9U0/uX6UnD6zTP966Sj+7bbWeu32FXr5jqV44sFxPHTTX3blMz9nvAb5zhZ68bans9/MWvtvXfiz0k7etdL4P2A6Bbbnv913jDHvtcPele+xp7nt8C+dzp7l3A9veeGC7M9y13/P7+gOb9caDm8zpRmcInGujXr3PZK63w+KX7fcIm/W2g1/7Pbu57+7dPDrsLQyEf/mI/WjoHc7PuXf+7tIb9253euv+wiB4l3NqL7Mf+2x7/bB9h+42vXGPWcaDxztD3lcObNKLd67Vy+Y55k43mOu36q17dzi3e+3QFtMmPWs/PvtGs/3uXKM3D5v1use+09es90GzznZYbrbXC3esdpbxyoH1euvwZpPZBmabvHZojV69a4VeMdv8yesH9dT3BvXMjbOdj4B+5nsDeur6Hv38+kY98d0OPf2dOXrhu/P06q1z9cpd/Xrx8Hw9df/xOrR3m+ZEgprV2KhUMqpMQ0axWErhlPkdSNt3iterKVOlld0+3Xlmo57/1qBe/kxQ717doTc+PagnLuvTT3f36NWrV+hPT8vqByeEdfPmGt1zfkqP7uvXLRdmdcPZWV1/WqPu3jNLf/7VnfryhrC+syupm3bFddO66frhSRE9uXdAL"
36561 [Forwarding screenshot on session b1310904-d161-49ca-a1a6-530fba7baea8 to remote] DEBUG org.apache.http.wire  - http-outgoing-101 << "18xoGfOb9E/n5rSP56S1H/eGtR/3pXQ3+7p1h9dntWjF/r01O3D+rf/ukffu6BBS7umqb8lpfn9I1reN6zhpjbN6+vRmtXLtXXdKp27ZoH+02d26fLugNY2xZSsqlLa/O3duGimOprN70DSp8aGoJL2I/rTTYomM6aUIsmkOU3mvgM4Hjfbwpy3H/2cP41kM4o3NyuenWm213xlk91qjQV1xoZB/V8PXOv6b4BbQ40xzUpHNJSJaUFLVotamzXPbP/hRFTDZnlLGyLaNatFl62ZrS+cuETXn7tad16yTvddsU6/+9n1+tFnV+jxTy/RDz65UL971VL9/mdXOqc/+OR8Pbp3nh64fLYO75mpuy/sdTp0Qa8Ont+rA7u7tP/cDt1xdoduPbNDN53ZrhvP7NQNZ3To26e26au7GvXNE9r07RO79I3j2vWlDQ26aklYV4zU6eNz/frEopA+tTShT69I66qVWe0zXbkso48vSevSBUldODeh8+bEdM5gROfMNn/Xh+xlaV08L6VLzHUXj8R14bC5zVBKZw0mdWp/XCf2xnTqQEqn9CV0YldEJ3YGdVp3SOfONP82zE6Zfw9SOn1WwtwmrpPNZSf1RnRCr30Xb0jH9wSdn0/uj+q0gYROH0zoDHP7M2YnzWlSp/XHdLK53SldIZ1sM8s+tTusM2bGdK65/vzhjFm/jPbMzeqC4ZS5LKozZwacoe4Z/WGdZZ7L6bPM7WdFdO5IUhcvatLHlrQ6XWTud+FQQhea21xknutFs6f+EeBEREREdOzmdlDI8/3kZu3o7FSnacfNP8ld9vg+5+fOzh26+Sdlty/q8X25+3XuuFk/cbmePsge1z6z7fc97nbdeOXuM5XX9sPM2Y/2Pe563W+2n+jmHUW/F8dgo7+Dpg9tPZ2/D/v0uNt176v3sk9/kB2bvy8fXsf+/k+5jt2/oUQfjd7XALgjG1ciXKuQr1pB+13Avjr5An7V+0zO97nWm9M61dXVqL52hupqa0z2Mr+5baGA6u1ANp8znC0677ODWnt7p7Hzfl/QFMhXOB9UwJzagsXn63Pn7WWFywvn/X77ccT1CgT9CgbqzXOZoXSoTt2JkGanI1reltSm7ow2toS0LlWjjelabU3W6DjTSRm/Tk4HdHLKr9PM6RkNIZ2RDevM5qjObE3ozI6kTu9M66SuJq1tbdaCdFozA0G1zahV84w6NZnnk/WHlQxGFQ3HFQwnVB9NqT6WUsD8HArGFAzZEgqY/OZ6fzhprkua2yYVDsUVCZn7hiKmsILB/Dtpw0GFwmGFIvnCkbLzIYXNacQUde5fXEyxcNRkT+P507ESkbiSpkQklj/NnR87HTufNKXMY6UjAZeCykTdy13vH79owNwuVzYWVFM0qqZIVI2xiJrTcbU0NaixpUOZ1lkKZeeoNj2kcNcyRfqWyd8zX9GBRcr2jWjYvDZ/fusleuru7frZrYv09KH1euKuzXrqznV61vkO2rl68tYF+ufbljgD4Gf2L9ezd61wBsG2Z/ev0jN3rtJTt690hsD246DtO4CfP7DBnF+jFw6tcd61+9I9a/X8wVXOd/m+/sAm53t97WX21F5uv9/3pbvNbQ7Ydwjbwe82ZwBs3/n70j2rze1WmNstd362Hwv92v32Y6U36UWzvq/aQfLB1eZ0nd4y1715/ybnu3lfO2yvsx8NnTtvL3/nIfvOYDvotUNec7v89we/aNbb+Q5hc7l9h7A9/6q53jm9e6NeNte/Yc6/Yz8q+oEdevu+7Xrz8FbnXb12EGzf0fvmvVv0lrnvLx/aaW5jrjO9Yd/tfNdqvWi205v3btJb920e7Y3DuZ9fPWTfbb1Crx5YrdcOmu1zyKyv2W6vH1il18y2fvn2hXrupmE99b1Zesb03PdNN/bryRtaTHYAPFu/+PqgXrp5nn52Q5+eMdvytz+3UGubpmt+U0at8UY1NjSqJRZXt/l9ao4lzD6SVbv5+YIVGf33b2/SE1fP03Mfb9aLe6L6n8fF9Hcbo/rrdWH9lzUp/bedXfqTbc16YF1Ed22N6IZtId14akaHLunTref36HObYrrj/D4dvLBft5/Xq++c2qi7zmnXgRMbdNOSGfrB+lr94Qaf/tPGGfrLrfX6q60B/d+bQ/rthdP0F6e16A/2ZHXj1pDeeHir3vrjPdq3PaKlPT4NdberJ9uhhR19GjR/Nxb392jX8du1cfVynbxolg6fPlefmxcxf5OCapk+XV3md2Hn8tnqajK/bymfWrNBNaRjSmebTVklU0nFEjFFY1GF4+b3PGn+djgfEZ1QvCHlFMumlGxqVKaxSw2JbrXEU1rYHtfude36i4c/7fpvgFtLzN+/4US9ZkXN80hGNWIeYyiZ0Jx4TLPN7/2g+fs6FK7R/Og0Lc/M0M6+mPas6NE1O4f0/XPm6OAlw3rok4v06KeX6gdXL9dvmx7bt0QPX7lAD14xX/deNkd3X9Svg2a7H7CDX/M63HVelw5e0K27dnfqTrP97zi3Xbed26kbz+rQt05u0leOy+grO7P63OakPr0yrCuXBPSpJRF9ZkVC16xK6+rVKV1lunpNRleZ9q3K6IplCV22MKKL5oV18cKYLloY14ULE7pgQVIXzE/pfKek9sxP6NJ5JnN60Uhc586O6fT+iE6ZGdWpptPt8LY/rjNnxnXOzJjO6zfLGojp4sGY887a3UNpnTXb/FthLrO3P9Xc94wBc3tz/TmzUzrb3OacOWmdM5TSuea25w6ntXs4Y65L6sy+qM42y7Sd5RTVOWY5u2fbdUnr4vkZ8xyadMmCBl00N6nzh6I63w6x55j16/frpJk+ndRXr5P7fObxQ2a5CfN8Mua2ucH2ZfPSumxuSpeOJFxfayIiIiL6aOV2UOhYq3jgU957Gpx8GAPg0eUV90EMkPLln1PF9iishycOlB/5sOxoDwl+cvOOozL8P3aHF8f4AKxiEJtb3w98Wx7xADi/XqO/+y45+9GxNQD+zeyX7tvA+V37IP9mujaF/d/5W3u0h+PH2v8IcOz34eyrx9rfw3HWZ7x//492ntv3c499JK/v0fpvgGOh9zUA7srGnGFp1FetsL9Ogfpa2Y8sDvgDuex5X72CvloF62sUqLPVmfN+hcx1ueyA1tym3pev9Lz9/tuwWVbY7y86H1DEfkRywJ4G8+XOR50CivpD+fMme97ex+YztzXLipjHdTLn7btO45GQ7LtJo2Y9k/XVag7UaDAd1qLGiNa3J7SjJ6njOiPa0lCrEzJ+nWkHvQ1hnZYK6ZRUUKdlojq9KaFTW1I6pSOrE7qy2tKa1Mp0UMPRoJrqI0rXx5Wsi5rlR5XwmQIxJYJxZ+gaCccUikQVjEYVMIUj5jJ7uSkaShSVu33MKaJ4KGyWETKnZntEzHOLmlPzeLFoWNFYWDFbNGLOm23gnLeXm+dq3y1rSrlm1jVWWcZc3mQHaNGkc9piTp3z0YSawgk1RuJOufMxc2oy27U54q+oxRYNuGQv901Ya8zv1BYPmILqjMfUEYupPRFWRyamzuaM2lvb1NjUrXCyW75EvxKdi5XsW6po33wlBhYq3TOs/uYG/faXz9bP79qkf7l1rn5x10r97I7NevL2NXrutgV6wVz29G2L9fM7VuQHwKa7iobA5vbP3LnS+UjoX9xqvxs4NwTOvfvXDnjtd/fmhr9P599BbAfCduBr381rT+1Q2N7mOTsIvse+u3eLXr/fDoE3682H7DuB7QB5lTMEtgNgO0B+86FtevPBHc73BL92eINePLDK6fV7NzhDYNvbD27RLx/Zrncf3uYMgO119ry9/K0Htuht593B253bvnJovbnNRvPzVr3zUO7dwu8+nHsXsb3fS+Z5vnZond4yt3n3/q365QM7nN59YLvevMfc/641euXAGufdu4XetgNn+zzuWadXD67W63ev0xtmPd66d6Npg940598xt7E/v2K2y8t3LTOny83jrDb3Wat3zHb6ldlGr5vt/ZJ5LZ65cY6evWHQ1K9nbujVMzd16Onvd+vlm0b01G/N1hPfHjKv23L98XULdcosnxZlazXc1KiebJvz+9GTiGnQ/H70pOLqT"
36561 [Forwarding screenshot on session b1310904-d161-49ca-a1a6-530fba7baea8 to remote] DEBUG org.apache.http.wire  - http-outgoing-101 << "Ka1uCmr+y5bo3/63DL9aKVfP1owQ3+zs0l/tb5ffzQ7ox/Pjup3euv0e/Ni+t1laT24KqWD61O6ZUta31gf0lc3R3XH+T26/fxefXpVQI9dtVi3XdKtb56b1tdPjejG0xO6abtPt62fpnvW1enPzg7p7y/J6H9c3Ki/u6hNDy6r0v1ravVf9s3SlxfO0J9fO0t3ntOsEwama157RANtbRru7Ncic7qoNavjVi3SCcfv0IZVK3Ta4iE9cNZCfXZOQOvSIbVVz1BHsF7HLZ2l7mxA6USdOhoCyqYiSqUb1GSea7YhrUw6oXQqoZTZBulM0pRSpjGlhqaM0tm0ktmEko0ZRRuTauxpVpv5e9fWUK2NCyNa3T/1AeCZ8xq1c6b5u9kW0trmkFY1BrU849PSZK2WJKpN07QsWa3lielaEqnS4pApWKXl5vSElmpdPi+sb+1q0x27Z+vgRcM6fOk8Pbx3iX7wqWXmdKEe+Pg83XfpkA7vGdShCwZ04Lw+s+26zWmvOe3Szae16XsnNek7JzTpazsa9PlNcX1mTURXrY7o6tXm/OqUPrsmrWvXNjp9dnWDrlqZ0b6VKX1yeUIfWxjWZfNDunRBSJfMD+uiuUFdOGKaa35emNBli9O6dJHJnF68MKWL5yZ0yUhSe4YTOt/sN2cPhHTGzIBOmxnS6f3mvPPR0BHtHozp/MGoLjSne2bHdZE5Pc9+ZPQsOyCO6pTeoE7q9utkk/1Y5jNmBnXenLjOG4rrArPsC5xTW0wXDSfNY8V1dm9Y59jv6DXZ82f2hHVWr3m8mWFdaO5rb3ex/T5js34XDZnHnxMx9zP3mRXSqX0+ndRbrxN7bH6n0/ojOm8kowvmZs1zbdZlpkvmZc32yLi+1kRERET00crtoNCxlnOgt9M2NgwYu+woHYw8ygPg3O3G1jc3zDiK61ue2wHgD+ug8IfWkR4ozh0sP5rPnwHwbzZn+/8mttsRD4DLGndwciwN/o7+78vUOva2AQPgY78P52/osfb38De8Puz7DIAL9WXjagzXKuGbobi/ThGTHb6WDGX99Yr5zOX1tU5x83Pc51ci4FcyGFDCbwr4zKm5rOS8vY09by/L3b74fNIsPxm0p4FcRedT5vqUuT7lnLflzmdCIVPYFMyft5nlmMfJRELK2sJBNYV8ao/41Fo3Td31VVqQmKGtnTGdNJDUifa7GLMBnZwMO52SjuqUxqROa23UyR1N2t7SoNXmspFIvXp909RaW6WG2hlqjDWqId6qTKxJ6WijkpG0EuGE0rGU0vG4KWaKjJYxlzXEk06NsbGy0bgy4YgaKgqpwQ5pE+a8U1TZZKFYxflGc9qciKnV3NatNnOb8jrMMrtiMXVHY2On+fNdkag6o7kK57siEeediV1Rn7mtzzktnHeK+dVjsqfF53vjPqeeRP60+Lw9TfjVZ0sFNDMZ1IBZr5mmvkRIMxvM+daUetta1NbSoUxDl5LZQTV2LVS2d5GSPcNK9c1VuntY/dkW3fXxXXrq0Gb94o5hPXHnYj1xx1Y943y08Xy9dtcivXjXSj19cL2etsNeOwA2PXvXcmeYawe7zx9c7bwT2A5/n92/Ri8e2uC8O/flw4WPbLYf/zz2DmD7sx0C20GurfCzvT432N3mDH/feXSbfv07O/TLH2wzy7GD4pVmOfb+ufva27398A796tEdeuO+jaPv9LXnbXawWxj4Ft4NbN8FbC/71aPb9b9+cJzTLx8xj2du/7pZhzfMuuSGx7khsrMsc/nb960z2dONTu/Yj5m+b6vevMf8fK/93t5VeuXAKr37gL3evlt4lTlda37e4Pz8uln31w6tMq10rnvjHjsQXqV3zPOy93nz8Crz83K9cXhF/vo1etNsqzcPrdabZru8csdiPX+L/Z7fIT1340BuAHxDt9ML35+lZ75jvyN4if7hxo26al1cC+JVWj/YpG7zezSzsVFt0YhmNcQ1kPSpIzpdIy1RbWoN6ZGL5uq5Ly3VIwtm6Ja2Kh2aU6Xb2/26IVylA8kqHWyu0k0NVfqu6ZstVfpG3zRdvzigGzeldeWcafr86nrdcmaHrtsR0TdPSOr2y7p02952feP0sL59algHz2vUHSf6dOOGKv1wd0jP/taI/u1H5+hXD5+jx3dEdc/qWv3wnBYdPjGsW7bW6+zOKu3sq9NgU0wjvTO1pH9QC8x675zXp8tPP047d2zV8oULtWN2tx44a4GumRPURrO/d9TMUEv9DK3uN881bs6b5zmrNa4uO9xNpdXW1KC2xrRaGpJqziTUnE2qydRoT81tmpvSamxKKWsHv02m9rCy7dVKm22wan5An794vk5f5nf9N8Ctaza3a9/6Jn1qbZOu2tiqT69v1RWrGnX50owuXZTSRfPjOn845rxT1n737Dmz4to9mND5pnO7IrqkP6qrF8d03YZGfW1zo76+pUHfOa5RN5/Wof3nztRdu/t1YPdM7T+nT7ef2a2bT23X909s1W/tyOprW1L60vq4rl0V0jUrwvrsioiuWRXTtWuS+vz6Bn1+XdbUrGvXNuuza5r1mTVNunp1o65cktTexUl9YmFcFw8FdNFsny6dG9Zl86K6eDg0evrxhQl9YlFSl5vn8InFKX3cDoLnprVnKK3zZiV0zsyIzukP6ZyBgNPZ/T7z3AK6YCisC+aEtHtWwDzPsC4aijsD2nPN8z9zZlSn9Zp/S7rNvytd9TrFdGp3vU7rqTfXh3T+HHP74agpoguHQua+QbOOEbOOUe029z23L6pzeiM62w5/u0OmoMk+h4RZr6T2zEmYdU/qkhE7qM5/VPWQ2fb9YZ1kHuv4zjqd0OnXrg6/ju8K6tT+hM6a06A9izpM7Tp/nnntFre5vtZERERE9NHK7aDQsdbo0LV4ADM6sC06cJgfeJZclj+4aC8bPWjqdrtxBsBjg9uyJh0Alw2Lih7zAzl4m19++bYoP6haOGhe+rwqB1tj29xWvE1yB6BLDrxXDMeKD+iOHbAuWeYUD6CWrkeu0uc09vo6jS43v57F1xWt8/jPL1/R/uVkl1t+mWn0tay4buJh4VReh8p9r3g9xzloXvFalG+Hiddr7PV6vPR+FYOWyZdbvv7F6+pcV7FNJx4sVG4P+5hj+1fxbUq2S/53oeT3ruz1qvydLNuvnCbbdhPkrIPb8yu8jmXbs3h7u9638vWv2D5T/B3LVf56mpx1cNvPSrf52PqVbrPJt6m9j8vj5rfz6D5StIzy51j5Ok+2HuXrYCrZt8ueW0Uu9y9ex0n2q4q/Z85jj78Niu9bUn6frry9y7LK94OK+5btW+XXl/3uH+l+Vvk3vPS5jb7Ok/0tKNu2TmXrVt5kj134O1x8n+L9rvL+Res14XYq7Eduf0cn2j8nfv3GXZ/Rfb+wnMJlRbd1Xb8j+Xf5WNj3K28/2fbL/Y3IrXvJ31ln3QuX5+8/uh1Ln+vo9S774Ojjl29vt334GOt9DYAHm5Jqi/iU9dcqE/DJDl6TwZASwbDipkQgmBvW+nymOiXqTb5apfw+pc3tbfZ8KlCvTNDvlA76is7b00C+wvncaUMoqIZw/rTofNYpoGyw9HyjOW/fjdoUDo+dmprDITWadWgxy2w3l7dHQ+owdUX8mhkLaCjh05IGn9a3BrWzO6wTeiLa2RrR1oaotmZj2tqY1KZsUuvScS1PRTQSDWimHSCbbdIarFdb3L4rNaXmaEpN0bTJvns2qZZ4Uq1Jexo3RU0RtSTCppDzrtY2c1lbPKF2c7uOWCKXua2tM5EoqSNfezRibpfLviu20yzD1pWIm2JF2cti6k1E1DdOM5PRivqTYc0y6zYrZiqc5s8PxkMaNOvuVDhvTmfHA05z8o2eT9iCZvsGndPR80m/hlM+p6H86ej5pCltrjfNTQc0kgloXiakeemYuSyuIfu9o01RDbUnNbujST0trWpu6FBT84BaOueppWe+GnuHlekbUrpzloabu3T9Wev14r2b9PQds/Szm0f0xK1b9Mzta/XKXSN6/cAivXxwtZ65e7OeObBGzx5YkR/+2o9ktgPZtXr5Hvuxz2uV+07gtXrJfmSyHQDfs8EZ1Nrv7rXv3"
36561 [Forwarding screenshot on session b1310904-d161-49ca-a1a6-530fba7baea8 to remote] DEBUG org.apache.http.wire  - http-outgoing-101 << "H35sFmmObU/2/P2u30L2e/6tYNdO9R9/f4teu2+Dc67f995dItps954aJ1ef9DeZ71zW+fdwea2bz241RnUvnm/Hfhucga37zy0xTm1g93CeXv67sP23b25n9992Fz/6Fa9+4i5/BHzszl9+6FNetMs/y07xH1wo96xt3lkq35lHv/Xj6zXLx+079hdp7fN+r9z3yZnCPwrsw7/+5Edesu+M/nuFXrngTV6675Vzqnt7fvt9/+uyg12D690ste/de9qvXZoWb7leuXgYr129xLndm/dawfAq8y2X6lX9y/XG2Zb2wGwfTf2izcP6/mbZunZ78/UCzcN6sUbB/TUtzv082/16p+vX6pD5/dpfcM0behPaklvWv0NIc1pSmi2+b2alYlpTkdSI+0ztLypSic1TdPNm6br6a/1628ubdF/uzipf/hko/7u8k797YVZ/c1ZIf14a1i/vyaiR5cFdXBunb7bX6Wvzpyuby8M6datjbphR6O+vaNBj+1brFvP79YNZzRo/+4WHdjdqe9si+n72xM6fGqTHj49rVvXVuuxE+v1Z+dn9Q8fn63fWZvU/cui+p0T23T9knrdvjWjj4/4tKZphoZaGzSvb6aW98/Uyo6ETlvar7O2LNPGtau1dvlyre9p1p27BnTVYFBbGsPqN39He0L12jLUrsHGgLrM78VQS0QDzRl1Njaa0upoNH8jsuZvRFEdTSl1tmXU3Z516uxoUE9XVsOdAS0y2+eC5XE99Ok1Zrv263rzfNz+DXDry9tadc3GBn1mXUrXbsrq85ua9TnTFza3mdp17cY2Xbuh1WRP2/W5jZ36/MYufXFDt764pkVfXN2gL63J6rr1jfqy2U6fWxnSF1YH9ZUNYV23MZIv6vSVDVF9eV1EX1ob1TUrg06fWxXRF9bE9YV1aX1pQ8aU1Zc2NuqLG5v0+fVNutYOfVc06JNLU7piUVwfXxDVx+ZHzWncnMZ08VBQe+YEdNnciC6fF9WlI2HncvvzFYvskDjhnM9dlvt+3PMHks7HO5/VGzSnQe2eFdR55vU5bzCgPSMRXTzXDnDD5nK/uSxkztshbFLnDsZ1Vn9MZ9iPiu4L63T7zt++oLks6LyT2L5b98Ihc/9hs17m/nuGzbqZLjbrtGcoNwDebR43NwQO6+yekCk3AL5gVm7d7AD4kuGULp2bHG3PSMKsR9w8ZlAnm9ue0BXQcR1+U8D53mLb2cNNOn9Bqy5Y0KIrVvS6vtZERERE9NHK7aDQB1LxgbOyA66TNXbgcOzA4OhlxQcgiw7AjR6wKzpo6XagrvLA3thBu7ED3ZM87lQqeszyA6NHpfzyneeTP+/2OIX1H7suf0C06DVxblNxYLdsuxRdX1jm6LZ0Hr+wzcYOuJa/JpNth4r1KD9YW/Fz+X0qrx+9TfE+WPb8Kn527pN7PuXP3cl5vqW3t7crf9ziCttsotehfBm5/bFsXyz7XSq9LLfM4u1cvozKCq9X8fMpf70mX67zc/F2Kt4/R29fuv6lr517lc95snWpvD73+hZvg/LnV/6z232OMJd9JFfusUq2d9m2cr9v2b7tsn6P73N7vIkqW+a4l5Vt0/z6ljx+xe+Q+zbNLdftMSr3ofJ9zH07TWE9Svax8vVy2V/Kc309TBWvQemyK34nnMcq3N59G7hW/rxNP7l5X359ipdZ+Ln4d8blccx6l76Wxc+t7P4Vz3Hy/az8+vLf8yn9Lah4HfO3KflbUNlkj+22jNLXaZz9oeI1KN/O+Z+L13l0/yy/rHgd7f0mev0mWp/Kx5p8/YpvU/674FLF+ub7kPb9ytfL3LfstSq53qzvPmcdco9Rvg9VPHZ+u030N6TyudhcnkPx79Ux2vsaAI+0ZNQdD6klVO8MUu27Z7ORqCmuhnAs987UUDg/jLWDWL+pXk0hv5rC9qOAA2o2l9vzTuZ8Y9g39rM53xoxy48GnYrPt0XDao2Zy2IhtZrzLea8vawtGjIF1R4pnA+Nnu+IhdURjajd3Mc5b+o053vN9U7m/r2xqClizgfVF/FrMFqrefEarWio1eY2n3b1RbSlO6HVbUktb4praTamBemIZtvBr1nfPrPM7kRMncmE2lIpNaeSakklNLMhqYG0OU3G1Js0j2HqSZrHSUXVl4oUFTa3CasvGTe3SZrTlPk5WVRcfYmEekdLqieRMiU1y/w82zxuoTnmsccvoRHT3HTMFM+XOz/PlrElik5NDTEtboyYwqZQ/jR3fklT1BQ2RfLlzi81t1/aGK1oma0p5pK9PJKrOZQ/HzbnTc5lYS1vjpiiWtESMcVNGXN5RovN+cUdSS3uadDCvlYNdrSps7FDHa2z1NE5rI7eeeron6vWgRE1dQ9qUecsXbdzqV66d4OeubNPT9w8pCdu2qRnbl2lV/YP6bW7FuiFA6v11IGNes5+V+3BlU4vHFqVfzfuBpP9KOf1etFc/9Ld653Br30XsB0K23f2vnJ4rTPctRUPgu0gtzD8ffuRrc7A1xnqPmSy3wf78BaTue7RjaPlBsJbze3tu3+3O6e/fmzHaHboWxj02tNC9vLCdXbQ++4jm/TLRzfpnYftoHejOb9Zv/7BVtMW5/zbD23QG/eb53fPSr12z3K9ff8KvXP/Sr17/2r98v71+tUDm0yb9dqB1Xr9kG2FaaneuGeJud0KvX3fCr15eJlev3upXju0xLTYObW3cZbzgP2YZzv8XaxXDyx23m396t2L9Jq5/ev35N4F/Nbda/T2PWY72Y+Hvn2xXrhlbv4dwP166vpePXv9bD13fb+eub5DT36vX//9G4v0mVVJrWvya91Am/qbAmYfSGphu9n/slHNb0pppD2qE4Zq9dnF9foPZ7Xrf+xt13Ofn6W/v3SW/uHSTv3TZY36n+e16IlLevTPF7fqF3v79fRVc/XUvgX6x8tH9BfnztLju/p1+4q0vrXQp4Mnd+n2Uzt1r7nu4OVDuvm8Hl23LanDly7W41dt1Y2nztb3TurR/ZcM674LOnXf2VndviWsx07u1B+esUCH13Tp7QNX6+uzfbpza6e+uLZb61vDWtDdqeGuLs3vaNLm/pQu37ZAl564XpvWrtaCoSGt7WnWPafP03VLMtqQ9qurplqzzN/hrUNtGmmNqCvlM38nas3fkqi6G7LqyibVnY2ru3GsLlOn+dvV2ZxQd0tSnS0JtZvfn+5W8zfHLGOwpV6nruzSV89drQsXNevjSxtc/w1w61vHd+sr25r1hQ0N+rzp2nVpXbMmpc+tz+rz6xt1zeqs87HLuezHMDfr8+va9KX17frqxlZ9aU1aXzCv5VfWZczPKVNCX90U01c2RPS5VfW6dmW9rllhWm7zm59D+vyqiNl+MX1xvb1dypTWlzfZwW+DuaxBX7Dv/jWPf+3arD6zskGfyg9/PzY/osvmhpxhrh3s2ux5Owy2w94rl6S1d3HKyV72yaUZ53xhOHzxUFjnD0R07sy4zuqN6Mye3AD4gjlh7RmJOYPfyxYkdPnCpC6dbz+S2Q50o87HRV84lNA5s2KjA+AzZpr7zwzrbLO83bOjOm+Ovb/9buGkLptn7j8vpkvmhs2peewF5rwd4pr7ntcfzw+BIzrHfvyzWQfbuX0hc13YGQJfPGQ/Cjo++i7gS+amzLqkdc5gXKf1hXWiHQC3+7XT1hHUVvP6n9AT1WkDSZ052+yDSzpdX2siIiIi+mjldlDoqDd6UG2sIzkw5hz0K7t/oZLlFD1O+UHNktu63c45yGcvKxzoc7mfaXRdKg4ATlzxc5jKgc4jLv+c9j2eW+/xtu/kB7xdDmSWH3QuOdhrb79PN9tl5Jc7lQPobutRkvN8Jj5Y6zxO+TJK7ufyXJzriw9U24rX0X19C7ke/K04+D15k78ObtnnU7RNyg5Mu15fsTyXbVKS+/MvWbdJl1u2HvmKn/N73Y6V281tfXOX2dtVPk7uuvLnX3y797puE+a6P9vcXo+y5zTV34WK1+RIc1uXD2P93B6j/D5ur3PZ/jCF9XDLeZzRfcr9cUpyfZzJ96uJ/+ZNvp6FJl6OS8W/r+Puh7nssiuee9G+f1T2M2cdxn6XXJdZ8vs2hdd+q"
36561 [Forwarding screenshot on session b1310904-d161-49ca-a1a6-530fba7baea8 to remote] DEBUG org.apache.http.wire  - http-outgoing-101 << "pU9ttsyprLfvbd1nuplZRW/fuPdvux1/cC26W90359kW5U8v/LGe4yyyyd4foXHdd22rvc79ntfA+B5bY3qS0bUHg2oLRJRsy1q39GaypdUayymNpt9d2o8om47lDD1pGPqzcSd025Tl1mOW51FFf/clYyqyyynOGfZzmC1NGfgaq7rzyQqGjANpZIasgNT01Amo+Fsg0ayKc1rTGl+Q0RLskGtbw9r58yYThpMaXVXTENNIc1KBzSYCWlONqrZWbOsBlNjRr2NWXU3N6mzpVUdrW3qbW3SYDqiuemg5jWEzXJjGmmMaigb0UhTQnNHS4020tTgfIepbaQpq7mNDbnM+XnNjZprlj/S0qxh8xi2keZWLW5q1tLGJi01p8tszc1a3twyTs1a1dqs1a2NFa2xtTVV1p7Rus6kKW6K5U/Lz5e23tx+Q0e6ss60NnZmXLLXJ8bJLithbpM0pbSxK6VNXWY5XS1a29GsNZ0NWtOb1eqBZq0c7NDCmT0a7h3U7JnzNbNvvnrNad/gAnXNnqeuwXnmdgv0+U3z9cp9G/TCgZl6bv88PXnzFj1/+xq9fmBIbxxcqBcPrtFTBzfp+bvX68W7VzvDX3tqh7i57+Pd4rwj175zt5B9B7AdAL98T27YWxj0Fr/71w54C0NgOwC2vXbfJud7fe0A2F736n1r9doDa5x3AL/58HpnIFwYAL/10HZz2016+dBqvWoep/ARzu+Y9bEf8WwvK7wz+JW71zi3e+3etXr7ITvwtUPgjXr9vtXm+S0167pUL9+93Pn5nYc36FeP2XcIb9JbD9qPjbbD3EV6+96leufelXr3vjWm9XrXPJ7tLbMt7GVv3r1ML+8f0Zv3LNSvHlylXz6wMl/u/NuH7fXz9JrZpu/ct8K0XO+aZdvr3rl/ud5+YJleu2epXjmwWK8dMtebZf/6gS36/36wU//60Gb9yjzGL+9ZrjcPmNfr9hG9dccyvXHrXP3y0LBe2T9XP75mQBfMmqEtZn+Y357VksEmLRtMallnUMfNbNW67hYtMr/DN541Uz+5clA/39Opv9gV1mNL6/Q7KxP6veU+/fHK6fr94en60bxa/e7SGt1nenhdne5bXq/DS/36waaQHt4Y18HVUd2wLKgvzKvTdWtCunKRX1/ckdCehXU6vb9aFy2M6DNbZ+qixRmdtzCq02bV65yROl04VKtLB6t1YXOtrjDrcnHMp2/MSenSyHR9rKlGpzXWanXW/D0xv8+z29s03+zPq1p9Wt5Ub37vA+ppb1VfR6cWN8e1O1un0yLV2pgJa0HG/M0wf6sWN4fM36WgZrdENa8lojlNafWb3/O+bFp9jXHNNH9j+lqSpoR6mxPqaTJ/f83PvaYuc77d/D1qb4qpqbVBjZ1tamlpUK+5fDAT0XzzN8vt3wC3vratRddtyZqazPlWfdX+vNmc39qqb+7s1Dd3dOmrW9r0pQ1N+uL6Zn1lU5u+vq1b3zmuVzcc36tvbW3W1zY16Jtbs/rGlrQz+P38ar++sCbgvOvXvuP3i2vMZatsMX1hddL8nNK1KyL67IqAPrs89/HP16yO63NrkvrCuowzALb/g8DVK5L69LKUPrXUDnfHskNdO/C1p3bo+6llDU6fXtGoq1c166qVTc7w157uW551hsF2ALxnTkjn2+/37U/obPsxzH0h7R6IOMPfyxem9YklGV0yL6aPL86dv3yheb3n2+8NTmr3YFRn9oV1Rl8k9+5fkx0AnzMrqt1zYs73/n58cdbcL6srFjfo44tS+tjCuNMVS1K63CynMAA+fyA3DN5tP4I6PwTebb8HeDCmS0fS+tj8rD62IOP08YUNZhlZs14NOn84rTMHYjqxO+h8BPTO9oC2t/m1rc2nk/riOrkvZoro4gWtrq81EREREX20cjsodLRzDph1dpZ2BAdunYOHzv2KDu45B9zKllV02diBvtwBPnvZ6IFDt9s5Bw/tZfmDeK7LKlqX8gOAEzW6bNt4Byjzldy2tHEPfNqKt4eT++O4HYgtOaDpLKfyvs5tRu9XdNDUrq+9vOh+9jHG1vU9Hmh2PZhberB2bL8or3Ag1uWg76Tb195n/AO5rgd/i/YxW8njjdOkr0M+t+c4tvyJD0w7P5fdt9D46zjOQfai12PS5Vbsi0Xln7PrdnR9zUur3G7jrO/oOrjvQ67rll8f131zCus2Yc76uO1XLvto+XNyvW/Z/Uq2+fj778S5rcvRWT+7TSteo9HcHqN8H7G3cXle9nUp3GYq22n0doVtlW/0ccbZn4qb4HFKllmosOySvz0T/20bv9z6TXw7t3UpPF7u/oXLS59n6XWl5e//nvYzt+WO3XfyvwXu28b197SiiR/bbRml65O7f/n+4L4/2/UsLNvtflO9bPLXr+Kxy/bJ97Z+U9imv9F9v+zfnrJ9xrlu3HUf7zHKLnd9fqXbxXV/zW/PwrpVbvtjs/c1ACYiIiIiIiIiomM/t4NCR72Sg8ZHfoDMOfjm3K/4wGHxAbfKg9NjB/rGDk6OPqbb7UYPUOYP/rkuq2hdKg4AjlPJc688sHjUyj9Obl3z28ZlHd0O8JYc0HSWU36Atvzg6tjBY7u8sce0zy933dg2G7tt8fLc1qOk4sHOaKUHayddhttB35LBglv2PuO/Tu4HfwuN7Wvl+015k74OhWWVPFbl8xm7T+V2nnhdx8v99SrebpMu19mHJt7XXZcx6Wvjtt3GWd/R37vy9XDZJ8qyjzHR8y+5fKqNu03c1qfsObned5znMfq83Z77ZLkt8+isn+s2Hc39uVT+Prg8n+K/E1NYD2eZZY9V+jjj7E/FHcnr4ZazLxVeo8I+NdX759Zv3Nvll12y/q77bm45hfXI3X4Kz73QVPezwu2Kf2fLtt/kfwvcX/tJ//5P4bEn/zvsvk3c9+fi9XS73xQum/T1G+c1cnleFbeZdP2muk3LX4sPa98fq/B77JR/rZzLxl338R6j7HLX51e6XVz319Fy27WwbpWvwbEVA2AiIiIiIiIiIo/ndlDoA6n4wN9EBxhdcg6+OfctPohdfKAtf3nhgK9p7EBf7gCfvWz0YJzb7UbXr3Dwz+V+ptF1GfcAYHFjyyh5rA+i/HOqeN5l6+l2gLf0gGbZAVGnyoPFuYOt+8xtyw46m8tKB8jv8UBzyUHvQqXrNvGBWJvLcxnnAO9Y7us7ml2vSV/7SZZhmvR1cNZz4ufvVHg+j7s8L9dtOFnu616ybpMu120fKs31tZvC+lZuN7f1HbvMuX3J47y31+a9bcuixt3vpvD75nrfybbx5K9BZW73OTrrN/Hvam555etaeh/3163ktZrCetjbly9jKo9Tml1m+eNM5X5llayv+zZwy3X/zOc8lyPcd4uXN9Gy3XPbP4qyj13+upe9TpP/LXB/jEnXdQqP7baM8vWxt5l4n8lXss5u+8Pkl03l9XNbnyPfpu776+Sv/29236+o+DmVbafSxttPyy4v2465yp6ffZzybevS5NvyNx8DYCIiIiIiIiIij+d2UOhYyzmQ1mkrOrjnHKjLXT524DF3MM+57eiBt7HLRm9XdN/RA3/OwUN7WdnBYXtZ2cHg8stcK3qMI38n3nso/3glBzgL61B0ENLtoKTbAe+S5+dsm7LnUNheFbcru+w9H2iuvF9h25cerC1fjr1fYT9xO+ibW275gWK7DQq3c7ZH2fN9fF/xQebS6+ztS5/feAebx5r0dXB5PSuef9nlldszv++XvB729hPtjy6vV8W6TL7c3DpV7jOF5Zbvc4Xrxz+An6tyu42zn4wuO7+uRffJvb5l29E+x8JtnOdbvO75Zbj8/Sl93SeoYpmF3PaV8ueUu03Fcyy6n/254vkUP15+fSv3keLGXxe37Te6Pq7PrWxZbtvLvN656ysfw1a+j+Qet/I1KH2MidejdN8wFbbL6GUu+39Fla+HbeL9yi63bN1K9nf3beCac7/Sx/nJzfucZVdso/y6jl5m71vyGGXPN7/s0udmlpHfPpPuZ+U5yyu+Pv88iy4rf53H7jf2PCpuk1/PCbfXVB/bZZ8qfqyKfabodmPbovz1K9uuU7xs0tfPNP76FD3X9"
36561 [Forwarding screenshot on session b1310904-d161-49ca-a1a6-530fba7baea8 to remote] DEBUG org.apache.http.wire  - http-outgoing-101 << "7R++WVPuA/+Jvd9+9jF26Z8v8hvq+LlmHXY56xr7rqS9Su6z+jl5dvRVPGaVOxX+ctK1t99+x5rMQAmIiIiIiIiIvJ4bgeFjrWcg5L2wJ5LFQf08gc+3W47ejCu6Daj9y8cUHY9YOxS+QHYkvIHIset7ODh0Sj/nMbdHvn1dTvAW3oQNVfpNndb39xzLD3A6XbZez3QbCvdjvseLztY63Ibp9Hlut0+V+U+5XJgufj6ou1TfF/nebnsc+XPt7wpvQ6j+2Qu9+c/dju35+m6D0+477rv85XLnny5FduwaD9y2+dyz6P0dSivcruV7l+5x3Q5OG8ev+Q1Kdu2tpLnWHK9Wafydcu/5pO9zqM5tx//96h0+7r8zpTtYxX7wiTPJ7ddJt624/++5C4vLHfHzY+Xrp/rc3NZVsXvSdF9Sq7LrafbPlK+T1Uuf7L1KNtvzfIfL3kcl23vVvH2Ll7HCV6H8nWv2E9dtsHodeVVPM7Y7Uv/tpnLS/bd0tfSqfzvcMXrVLQ9JtnP3Cp93uY5l31agdvrnHuc0m1Q8rzMOrv9DS1vsse2lSy3Yn+wFW+zovuWb6cJ/i4dyWUTv342l/Vx2/ePeP3c/r66VLwPfMj7fum2cbtt5f6dW4fyvwOltx+93GXfd1uf4vXIbcPKx510Ox4DMQAmIiIiIiIiIvJ4bgeFiIjIO9mBRfmwh4iIinIbpHs4BsBERERERERERB7P7aAQERF5JfvutPHfVUdERCYGwERERERERERE5KXcDgoREREREf27iQEwERERERERERF5KbeDQkRERERE5M0YABMREREREREReTy3g0JEREREROTNGAATEREREREREXk8t4NCRERERETkzRgAExERERERERF5PLeDQh+lfnLzDnXuuFk/cbnuqPb4PnV27tPjbtfl+9DW5TfWT3Tzjk7tuPknLtfR0e0Y3NZT+B14v30wv0OPa19np/Y97nZdvn9n3/34gfQH/6CqPX/tdOkf5C77m/v+Nn/ZP+h3y29f1O/emLtf1ef+SX/jcj0RER3dGAATEREREREREXk8t4NCH6UYAH+YMQCerMf3dapz3+Ou1x1Zv8ltPc5jT/V34H0MiY/O71Bu/cdehw9hAPw3/6RF+eFnSUdpoDnVQerUe1bf/1zZuo72t/r+37jdZ5I+hAHw2PKKYmhMRHTEMQAmIiIiIiIiIvJ4bgeFPkoxAP4wYwA8Wf/eB8Dvtw/md+iDHQCPDi9NhcGnU2EgeuPPS27/XvpAB8CjA9TiofDReZyjOwDOr1/Rbca2/dHaLkRE/z5iAExERERERERE5PHcDgodcznDmU51jjY2qBkdGDnDqcrrCzm3K1pGyTDIdfhTNjRyG35VrJdpwuHV2GDNGRQW7lMyMMy/e3HCZebWrfg2Y8+n8v4TDRGd9ShefsW2KB4GjrP+Ls95ou091dfMrfGXm98mZeuSW8/i1618+1QONMsfo/D6jK538e2L9ouK+5nGf12m8LimiV67XGX7gtvzN+tfuuzKxy6u5LV1yr82hedatt+7vrajy5toX62scP/HJ1jfwnNyu1/ucYv3Wftz2e9y0W2K12uq+2BJLu96Lcm+M7hkAOzyztv38q7Xknfp/lyXll8/6dDZbQBc/FhFyx99jkWXFb3jefR5u9xuvAGw+3MyTTYAvrHs+sm2PxERucYAmIiIiIiIiIjI47kdFDq2chnePL5vdLgzOtgqGgg5A6KiIVTuNkVDpPwAa3SZ72UAXL4MU+Xwq7yxodPY/XKPMzassrcpHnjl7zP6/MqHWya7LvnrK4djZvkTrVPZ8ypsz9LhWWHbTGX9XbZD2baaymvm1mTLrViX8tfMZdvl1qX8+ZfdZ1/uMSse31b2GG7Dyff8uOWvc0WV2758Ozo/l9wm/xpWrGNx4zy281xLl+/6PEavd1lO0b7qVm55U3hOZcuY+HFz22lsP3HZBs6+dKQD4CN9x+zYoHbRfc86l031HbLj3s5lEHtE76YtuV3RZcUD5KM8AHa7bKofAV0RA2AiovcUA2AiIiIiIiIiIo/ndlDomGqSwUzp4CdfyVDOfZhVMkRyfYyyodEUBn2u61KS+7pMej/72KPXlw+zinNf/oSVPHd7f3P+5qLHO9Jt6axf5etVfJvJXzO3Jl+uk7McezuX7VSyHQsV326ibTu19XbbL97b407htXTbZmX78tHcT6fyeKXLnnh7uuW6bkf8nMrXv2w9pvA8plbRO2+nMLh0H+JWDoXdGm8A7Do4dRvOVlQ8vK6s5H5HdQDs/nzf2wC4+DkUrRsREU0aA2AiIiIiIiIiIo/ndlDo2Co3zHHeeWgqH0pNPpSzwx+XwU7xUM51+DPR0Mh9QHb0Bmu5xy4851xj1zsDsMLlboOwwnUTrkuhonWy28G5z9g2c5Y3+hju618ykHO2Zf7xy8vfZvLXzKUpLLdQYfu4vj7l983nvM7OY4y/DlNZ73GHky6PaRt73PL9b5x9pajS16ZQ7n6F/XbyYalbU91PTWXrXr7sifZVt9zXrfR3cfLnVL7+pfd3fQzX12Cy3AbARZcVyr+b1n3IOc67bstyHwCPd9+pDJWL7lu8PkXvqB2979EcAI8znH4vA+CxZR/Z/YiIiAEwEREREREREZHnczsodGyWG+oUhkmF4Y7rMKdkUDU2zBxbVv42hfu5Dn9Kh0alyywdshVyH14VN4XBmnO+7DYljz3WRMM1Z10K1024TmMDNXufwuPay+zzs6dj6+K+/iUDuSkM0iZ/zVw6ggHd6HaZcEjokvMY46/DVNa7ZFvke2+PO86+UpSz3LLHKt8339P6TGU/LVT2uoy37NHXxOV1Kc79/h/AALh8HY5g/xqr+B2ope/MLRkEf5QGwG5D7WNxAFw0qK7c9kRENFkMgImIiIiIiIiIPJ7bQaFjveIBkOvAqGRQ9V6HlpMPgMuXOd7wa6zJ7+c6nJpkODrh405yXyd7mx37tM+sW+mQzFxWsl2msC3Lt5tLrus76XpOvlynwnKc17Ts9u/zMaay3u/l9XPf/9y3dUluyy1b1uTDUvfs/SoeewqPN9my39P1R/ycyredywB4kseYckWDyOKBptsA2H2IO5Vh7Xj3HWdwOs6QtbTf0AB4nOd7RAPgoscuWSciIppyDICJiIiIiIiIiDye20GhYyo7dCoZ9pQOd1yHOW5DueLBlTPsKR705QZExQMvZ8hUfJvy4Vf5z/llTjTcch3qla1Lxbrm1230Mnv7sscYG4jZ2xbfd5ztU15h3d2eT8nypjIALmy7smGa2V5H8pq5Ndly3bdl8e3z27Ji+5UNF8uf87787Z11dFle0e0rX7+i2032uEXbMLecym1dWm65xbdxllP0OOXLtU1lnyhfjpPba+Rs87HnUbLsCffVscuKq1y33D5XuW2K1qOwr47er3w/zW2n8t/3sZ/zj+H22k6wroVGh5emsYFr5QDYbfg53mC3IrchrM1lEDu1Yeo4A2C3gXbRY4wObd/zANh9/aY8AC5av0m3GRERjRsDYCIiIiIiIiIij+d2UOjYKj+IKa58GDSFQVVuaDS2jLHhT77RgWfh+rIh0WTLNOvwuNu6lFQYNJVWvi7OkGz0evOYJY/tsoyixyy9r610nd2rHLJNdFn5UHLcIWPJeowzJCzkNlx0afzlug3sCtuqeLkTbz9bxTYs399Gryt/bSqXXzlkLKrkcUuv33Hz487PEw+AbWW/H27Pxe21Kd/+FRUvN7+N3V6jiQbAU9jW5VW+vqay9beVvEZmmaW/e7nHHX8AbCr5fTfr/3jp83Dfnyao5F2pxZUPKYsGr4Wm8q5XU/GguXQQXDRsLjTBx0nnclmP0VzeVVsyeC3tSAfAEz72RNti3G1ciIEwEdFUYwBMREREREREROTx3A4K0QdV+WCKiIiIiOjDjQEwEREREREREZHHczsoRB9UDICJvJL7u1DpN5nb60RERJUxACYiIiIiIiIi8nhuB4Xog4oBMBERERH9ZmMATERERERERETk8dwOChERERERkTdjAExERERERERE5PHcDgoREREREZE3YwBMREREREREROTx3A4KE"
36561 [Forwarding screenshot on session b1310904-d161-49ca-a1a6-530fba7baea8 to remote] DEBUG org.apache.http.wire  - http-outgoing-101 << "RERERGRN2MATERERERERETk8dwOChERERERkTdjAExERERERERE5PHcDgoREREREZE3YwBMREREREREROTx3A4KERERERGRN2MATERERERERETk8dwOChERERERkTdjAExERERERERE5PHcDgoREREREZE3YwBMREREREREROTx3A4KERERERGRN2MATERERERERETk8dwOChERERERkTdjAExERERERERE5PHcDgoREREREZE3YwBMREREREREROTx3A4KERERERGRN2MATERERERERETk8dwOChERERERkTdjAExERERERERE5PHcDgoREREREZE3YwBMREREREREROTx3A4KERERERGRN2MATERERERERETk8dwOChERERERkTdjAExERERERERE5PHcDgoREREREZE3YwBMREREREREROTx3A4KERERERGRN2MATERERERERETk8dwOChERERERkTdjAExERERERERE5PHcDgoREREREZE3YwBMREREREREROTx3A4KERERERGRN2MATERERERERETk8dwOChERERERkTdjAExERERERERE5PHcDgoREREREZE3YwBMREREREREROTx3A4KERERERGRN2MATERERERERETk8dwOChERERERkTdjAExERERERERE5PHcDgoREREREZE3YwBMREREREREROTx3A4KERERERGRN2MATERERERERETk8dwOChERERERkTdjAExERERERERE5PHcDgoREREREZE3YwBMREREREREROTx3A4KERERERGRN2MATERERERERETk8dwOChERERERkTdjAExERERERERE5PHcDgoREREREZE3YwBMREREREREROTx3A4KERERERGRN2MATERERERERETk8dwOChERERERkTdjAExERERERERE5PHcDgoREREREZE3YwBMREREREREROTx3A4KERERERGRN2MATERERERERETk8dwOChERERERkTdjAExERERERERE5PHcDgoREREREZE3YwBMREREREREROTx3A4KERERERGRN2MATERERERERETk8dwOChERERERkTdjAExERERERERE5PHcDgoREREREZE3YwBMREREREREROTx3A4KERERERGRN2MATERERERERETk8dwOChERERERkTdjAExERERERERE5PHcDgoREREREZE3YwBMREREREREROTx3A4KERERERGRN2MATERERERERETk8dwOChERERERkTdjAExERERERERE5PHcDgoREREREZE3YwBMREREREREROTx3A4KERERERGRN2MATERERERERETk8dwOChERERERkTdjAExERERERERE5PHcDgoREREREZE3YwBMREREREREROTx3A4KERERERGRN2MATERERERERETk8dwOChERERERkTdjAExERERERERE5PHcDgoREREREZE3YwBMREREREREROTx3A4KERERERGRN2MATERERERERETk8dwOChERERERkTdjAExERERERERE5PHcDgoREREREZE3YwBMREREREREROTx3A4KERERERGRN2MATERERERERETk8dwOChERERERkTdjAExERERERERE5PHcDgoREREREZE3YwBMREREREREROTx3A4KERERERGRN2MATERERERERETk8dwOChERERERkTdjAExERERERERE5PHcDgoREREREZE3YwBMREREREREROTx3A4KERERERGRN2MATERERERERETk8dwOChERERERkTdjAExERERERERE5PHcDgoREREREZE3YwBMREREREREROTx3A4KERERERGRN2MATERERERERETk8dwOChERERERkTdjAExERERERERE5PHcDgoREREREZE3YwBMREREREREROTx3A4KERERERGRN2MATERERERERETk8dwOChERERERkTdjAExERERERERE5PHcDgoREREREZE3YwBMREREREREROTx3A4KERERERGRN2MATERERERERETk8dwOChERERERkTdjAExERERERERE5PHcDgoREREREZE3YwBMREREREREROTx3A4KERERERGRN2MATERERERERETk8dwOChERERERkTdjAExERERERERE5PHcDgoREREREZE3YwBMREREREREROTx3A4KERERERGRN2MATERERERERETk8dwOChERERERkTdjAExERERERERE5PHcDgoREREREZE3YwBMREREREREROTx3A4KERERERGRN2MATERERERERETk8dwOChERERERkTdjAExERERERERE5PHcDgoREREREZE3YwBMREREREREROTx3A4KERERERGRN2MATERERERERETk8dwOChERERERkTdjAExERERERERE5PHcDgoREREREZE3YwBMREREREREROTx3A4KERERERGRN2MATERERERERETk8dwOChERERERkTdjAExERERERERE5PHcDgoREREREZE3YwBMREREREREROTx3A4KERERERGRN2MATERERERERETk8dwOChERERERkTdjAExERERERERE5PHcDgoREREREZE3YwBMREREREREROTx3A4KERERERGRN2MATERERERERETk8dwOChERERERkTdjAExERERERERE5PHcDgoREREREZE3YwBMREREREREROTx3A4KERERERGRN2MATERERERERETk8dwOChERERERkTdjAExERERERERE5PHcDgoREREREZE3YwBMREREREREROTx3A4KERERERGRN2MATERERERERETk8dwOChERERERkTdjAExERERERERE5PHcDgoREREREZE3YwBMREREREREROTx3A4KERERERGRN2MATERERERERETk8dwOChERERERkTdjAExERERERERE5PHcDgoREREREZE3YwBMREREREREROTx3A4KERERERGRN2MATERERERERETk8dwOChERERERkTdjAExERERERERE5PHcDgoREREREZE3YwBMREREREREROTx3A4KERERERGRN2MATERERERERETk8dwOChERERERkTdjAExERERERERE5PHcDgoREREREZE3YwBMREREREREROTx3A4KERERERGRN2MATERERERERETk8dwOChERERERkTdjAExERERERERE5PHcDgoREREREZE3YwBMREREREREROTx3A4KERERERGRN2MATERERERERETk8dwOChERERERkTdjAExERERERERE5PHcDgoREREREZE3YwBMREREREREROTx3A4KERERERGRN2MATERERERERETk8dwOChERERERkTdjAExERERERERE5PHcDgoREREREZE3YwBMREREREREROTx3A4KERERERGRN2MATERERERERETk8dwOChERERERkTdjAExERERERERE5PHcDgoREREREZE3YwBMREREREREROTx3A4KERERERGRN2MATERERERERETk8dwOChERERERkTdjAExERERERERE5PHcDgoREREREZE3YwBMREREREREROTx3A4KERERERGRN2MATERERERERETk8dwOChERERERkTdjAExERERERERE5PHcDgoREREREZE3YwBMREREREREROTx3A4KERERERGRN2MATERERERERETk8dwOChERERERkTdjAExERERERERE5PHcDgoREREREZE3YwBMREREREREROTx3A4KERERERGRN2MATERERERERETk8dwOChERERERkTdjAExERERERERE5PHcDgoREREREZE3YwBMREREREREROTx3A4KERERERGRN2MATERERERERETk8dwOChERERERkTdjAExERERERERE5PHcDgoREREREZE3YwBMREREREREROTx3A4KERERERGRN2MATERERERERETk8dwOChERERERkTdjAExERERERERE5PHcDgoREREREZE3YwBMREREREREROTx3A4KERERERGRN2MATERERERERETk8dwOChERERERkTdjAExERERER"
36561 [Forwarding screenshot on session b1310904-d161-49ca-a1a6-530fba7baea8 to remote] DEBUG org.apache.http.wire  - http-outgoing-101 << "ERE5PHcDgoREREREZE3YwBMREREREREROTx3A4KERERERGRN2MATERERERERETk8dwOChERERERkTdjAExERERERERE5PHcDgoREREREZE3YwBMREREREREROTx3A4KERERERGRN2MATERERERERETk8dwOChERERERkTdjAExERERERERE5PHcDgoREREREZE3q9pzx1+LiIiIiIiIiIiIiIiIiIg++jEAJiIiIiIiIiIiIiIiIiLySAyAiYiIiIiIiIiIiIiIiIg8UpUAAAAAAAAAAAAAAJ7AABgAAAAAAAAAAAAAPIIBMAAAAAAAAAAAAAB4BANgAAAAAAAAAAAAAPAIBsAAAAAAAAAAAAAA4BEMgAEAAAAAAAAAAADAIxgAAwAAAAAAAAAAAIBHMAAGAAAA4Fk/vu2vVXXbc/mfjpI/+6mq9vxUP87/6ElP7NeyqmXa/4Tzg/Yvq9Ky3A/vwY+1t6pKe6e0wY7ktv/evd/XZXJP7F+mqmX7zSPB2/i9AwAAALyGATAAAADwkZcbBFVVjTWloZAz5Cu+396KoeaP9xZdP850wN6m4vHKl31Uh0hvaP8X/3pKQ9j3PwB+Tnv3/LX2/ln+R8tTA+Dc4Kfi9TmiAXB+GeO+3kdvAPy+BpIV+7vpIz3xeq8D4MLfi8rf93LvfwDsso5lr8P7egmO6de08vdibDscye/EFP14r3kMt9d0KvvJB7A+AAAAAH6jGAADAAAAH2XOQf/CoG6MM7iZbMBj7ls8FHCGvUXDntLhT+UQIfcY5YONHHtd8TDBWfbRmi787Akt++JPtfeLZYNZFx/IANhL7P6zd6/2lu9D72EAPPby5geM7+n1/qAHwMXPM/dYEw/GjmVTGey5sNthmXnNzX0ne4ne1/Z2jLOOFa/Fkcv9/alchv1bc7T+1Lw/5fty8f428X7+njAABgAAAFCEATAAAADwkWUP2ucP+Je9E845kO8M947giH7JACE3NCi++3jDINd3AJd5/4OkMU889vda9tgbzmnlcLfw7uCiRm9Tfl35u3hzw97C9fYxnAFy2WWl7wDOD4gfe0LLCrf74hOTPM+y9Sh6DiWPV3S581zzQ+/C9XYoXXz79zKkLgzLKl7D9zUALn+9x7m+aH8d2+/yt91ftD8XllO2j4/ep/zy8fZ5l6Fj5f+YkHuuhWWVPGfn92Mq1xUN4fK/U/sLzzc/eC3dluXbJ/dzYXmlT6f0Otv4r4s7u+3tfZzXwGVbOduk+DFGX8fSbVPyPB1l15tlV7zOhcereC0meN1dlW8zN4X9dv/oNsvdfvzXuHS/NZz1nMK+6apyHQvbvHwbL9v/4/y6Fi9tKs+xSMnf7zETvwZFl5um/FgAAAAAjnkMgAEAAICPKHtgP3fA3g4KioYpT+zX3vwPP95b+Q658ZQOP1yGD+MMGCqGhxXyA5ejMl2ww9O/1/6fmbP2ncBlQ1xnIFo0gHV+LgxSze332gGuIz+EHR2y5ga5zoDXYa5/zF432UdA54fGo4+ZW+7YcsqVP65Zx8dy980NeUuXU7idc92e/PMe/XlsvUrvO1X2Nc6/nva1rRh8vdcBcPnty6539qOi/bJkv8rddmxdSpdVMaDLX1/y2HvHGcqNNz1FJYQAABOpSURBVHQsW++x/dReX7h98XnL/Fy4XdnzKQz5HM51ZduufFuX/Jxbp9Hblwwgy9evdNtMjb1Pfl1Llp2TGxaOXVayvYv+ruSWU7kuxb/jP95v7zfOOo7zWoz3ulco2WfGk1+nstuVDv1Lt3fF/lWyjY5wHfO3L9okRY9deV35flG5r09i3G3itp6lz9t1fQAAAAB8pDEABgAAAD6ifrw3f7DfHvgf78i9uW5KB/VdBzLFPxvjDBgmGgCPvtPtSAYZE3E+/nm8YWvlsLZkAFymZGg67vf6Tm0AXP6Y4w6AnaH12CB3jMvguOhxKga85es77vpPoGS/KRsAlewPUxt0jf9OwtJllw7gjJL9qnIQVbx/VQ7Fcrcff92KOM+peD3L9u+K34Gix87ft/R55VQ8H+e2Rb+bFb8zdp3HHqf4+VXePrftncVXrN9kr4sLu4xxB5iVy5toCFk+HC7fdjnjrGPF7Sd+3SvY7VS8Xs7yxl7b3HLcHrvycYqfR8XzdZY7/r450fapuH1+HXM/Vy7L3MBZ39xlxeenyHVfs1y2Q8Vt3dYHAAAAwEcZA2AAAADgI+qoDYBLBhMFLgOBcQYMEw5q8qYyKBkdzE2wwuXD1dLBqB3Glg5XywfAhXfOjlY8AC4esI76IAbAboPa3AC45HGKbnv0B8CVA6aSQWbJgM5tkFasdF+pGIi6XD/+MKpyvyu+vet+5Dr8czHZcypbTqHR2zjrWbh8bHjpPN+i2+cq+t2c8HfGPt+iQWjJY4zlPCdn/YqXNdnrUql825duz8p9onx7Oz8Xr1vhuop1KxhnHUteC2vi173CONu1dDluj122vS27rPzzqNi/Sp5X5ToW37dS7vbF22vsvi7LMpzHtxeOuz0nMO42cdkOFevtvj4AAAAAProYAAMAAAAfUXZYkDtgXzbUeOIIPgLaGTS4HfiffBhUMOGgpuC9DDQq5IatJQNcp8LQ130YW/oxymND0pKh6rgD1A9iAFxY32If8juA86978XAqV/41cq4v7DvjDPFGlQ+PJv7ZGZgW71glg6vKQVTx/jXePjhq3CGYUfKcxvt5avto8Xq8p0FlYQBnT8u3xXjPr3x9J31dyuW2beVrPv7rXPw8nfNFz6XktahYt4Jx1rHi9hO/7pUqb59TfLnbY1fer+I5Fm//kn1i4vtWGm8drYnWf5mWHdHrmjfuvu+yHSpuO9G6AgAAAPgoYgAMAAAAfGTZg/b5g/jOAf2xoY5zIL98uFRu3KFNTulwY/xhk9ugpnzw7Az9xh2UTNE4Q87igWvxwHd0YFw8AC4aojq3Hf05d9uxAaz52bnfxIPZyQfAufuPrZPLz7fl1qF0QF16uyMeADv7w1Rf24Lca+zsMiX7xvivfY7L8Kjk8cuuLxs+OfvGBEO2kv2r7L7O7UtvXHZ9EZf93dkOo7fPPc+S3xlzH+d/piic5pVsP5dtXfLufNf1sY+VG/SVbDf7fMzzLx/W5W5T9jo4z6f4ti73LTbOuhRvX7ff+cLP5ftM6e90+bYzP+e/i9m5XemTtAsrey0med1d5F670u1eupyy7ZVXut5l26xsGzm3Hf25fB0r17nURNe7r5uVe8zy55W/vGj7Vxh3X8vft2RFytbNuW/Rz/l9a/znBgAAAOBYxwAYAAAA+ChzDtxXDgtKB1vucrexw4bSig/654YR+cqmAZX3L1qP/EBhtIkGF1NUOtwtYoefZYPc3DuDf6q9bgPhfMu+WDZUdd6dW3R9YYjrDFeLLntfA2CrdD2Kr3Oeo8vlR3cAPP7wyXlN7etcMqAb//Y57oOusQFd5fXF+9XevWZdywZy5bcde+zcuuTua/fv4p9t4z1no2LomJNbl8LvynjLy63X2OVlv1vl+3vhCTiXu/8ejv87OsFj5QdzzuXL9mpvyeuSu994r1PlEDDPrmP5INd5jGXmtTHrWPbaFNZr2bLi66yy9S48VvE628uKfzblbpa7b/Hqlb7u4yhb1tjyrPH229LXuPz6kn1zv11+YfuXvy6TrV/lcypRtM8UL2f0d7CMs14T/R0t3wed8vtv+WtQfnvzO1iyrvnbj7vuAAAAAI55DIABAACAj7zyodUUBifAMWK8gRdwbJlkoHtU2L/lE/xPDAAAAAAwRQyAAQAAAHwkjL4zlibs2Ff2TsqJ3tUIHDM+hAFwybuxAQAAAOC9YwAMAAAAAAAAAAAAAB7BABgAAAAAAAAAAAAAPIIBMAAAAAAAAAAAAAB4BANgAAAAAAAAAAAAAPAIBsAAAAAAAAAAAAAA4BEMgAEAAAAAAAAAAADAIxgAAwAAAAAAAAAAAIBHMAAGAAAAAAAAAAAAAI9gAAwAAAAAAAAAAAAAHsEAGAAAAAAAAAAAAAA8ggEwAAAAAAAAAAAAAHgEA2AAAAAAAAAAAAAA8AgGwAAAAAAAAAAAAADgEQyAAQAAAAAAA"
36561 [Forwarding screenshot on session b1310904-d161-49ca-a1a6-530fba7baea8 to remote] DEBUG org.apache.http.wire  - http-outgoing-101 << "AAAAMAjGAADAAAAAAAAAAAAgEcwAAYAAAAAAAAAAAAAj2AADAAAAAAAAAAAAAAewQAYAAAAAAAAAAAAADyCATAAAAAAAAAAAAAAeAQDYAAAAAAAAAAAAADwCAbAAAAAAAAAAAAAAOARDIABAAAAAAAAAAAAwCMYAAMAAAAAAAAAAACARzAABgAAAAAAAAAAAACPYAAMAAAAAAAAAAAAAB7BABgAAAAAAAAAAAAAPIIBMAAAAAAAAAAAAAB4BANgAAAAAAAAAAAAAPAIBsAAAAAAAAAAAAAA4BEMgAEAAAAAAAAAAADAIxgAAwAAAAAAAAAAAIBHMAAGAAAAAAAAAAAAAI9gAAwAAAAAAAAAAAAAHsEAGAAAAAAAAAAAAAA8ggEwAAAAAAAAAAAAAHgEA2AAAAAAAAAAAAAA8AgGwAAAAAAAAAAAAADgEQyAAQAAAAAAAAAAAMAjGAADAAAAAAAAAAAAgEcwAAYAAAAAAAAAAAAAj2AADAAAAAAAAAAAAAAewQAYAAAAAAAAAAAAADyCATAAAAAAAAAAAAAAeAQDYAAAAAAAAAAAAADwCAbAAAAAAAAAAAAAAOARDIABAAAAAAAAAAAAwCMYAAMAAAAAAAAAAACARzAABgAAAAAAAAAAAACPYAAMAAAAAAAAAAAAAB7BABgAAAAAAAAAAAAAPIIBMAAAAAAAAAAAAAB4BANgAAAAAAAAAAAAAPAIBsAAAAAAAAAAAAAA4BEMgAEAAAAAAAAAAADAIxgAAwAAAAAAAAAAAIBHMAAGAAAAAAAAAAAAAI9gAAwAAAAAAAAAAAAAHsEAGAAAAAAAAAAAAAA8ggEwAAAAAAAAAAAAAHgEA2AAAAAAAAAAAAAA8AgGwAAAAAAAAAAAAADgEQyAAQAAAAAAAAAAAMAjGAADAAAAAAAAAAAAgEcwAAYAAAAAAAAAAAAAj2AADAAAAAAAAAAAAAAewQAYAAAAAAAAAAAAADyCATAAAAAAAAAAAAAAeAQDYAAAAAAAAAAAAADwCAbAAAAAAAAAAAAAAOARDIABAAAAAAAAAAAAwCMYAAMAAAAAAAAAAACARzAABgAAAAAAAAAAAACPYAAMAAAAAAAAAAAAAB7BABgAAAAAAAAAAAAAPIIBMAAAAAAAAAAAAAB4BANgAAAAAAAAAAAAAPAIBsAAAAAAAAAAAAAA4BEMgAEAAAAAAAAAAADAIxgAAwAAAAAAAAAAAIBHMAAGAAAAAAAAAAAAAI9gAAwAAAAAAAAAAAAAHsEAGAAAAAAAAAAAAAA8ggEwAAAAAAAAAAAAAHgEA2AAAAAAAAAAAAAA8AgGwAAAAAAAAAAAAADgEQyAAQAAAAAAAAAAAMAjGAADAAAAAAAAAAAAgEcwAAYAAAAAAAAAAAAAj2AADAAAAAAAAAAAAAAewQAYAAAAAAAAAAAAADyCATAAAAAAAAAAAAAAeAQDYAAAAAAAAAAAAADwCAbAAAAAAAAAAAAAAOARDIABAAAAAAAAAAAAwCMYAAMAAAAAAAAAAACARzAABgAAAAAAAAAAAACPYAAMAAAAAAAAAAAAAB7BABgAAAAAAAAAAAAAPIIBMAAAAAAAAAAAAAB4BANgAAAAAAAAAAAAAPAIBsAAAAAAAAAAAAAA4BEMgAEAAAAAAAAAAADAIxgAAwAAAAAAAAAAAIBHMAAGAAAAAAAAAAAAAI9gAAwAAAAAAAAAAAAAHsEAGAAAAAAAAAAAAAA8ggEwAAAAAAAAAAAAAHgEA2AAAAAAAAAAAAAA8AgGwAAAAAAAAAAAAADgEQyAAQAAAAAAAAAAAMAjGAADAAAAAAAAAAAAgEcwAAYAAAAAAAAAAAAAj2AADAAAAAAAAAAAAAAewQAYAAAAAAAAAAAAADyCATAAAAAAAAAAAAAAeAQDYAAAAAAAAAAAAADwCAbAAAAAAAAAAAAAAOARDIABAAAAAAAAAAAAwCMYAAMAAAAAAAAAAACARzAABgAAAAAAAAAAAACPYAAMAAAAAAAAAAAAAB7BABgAAAAAAAAAAAAAPIIBMAAAAAAAAAAAAAB4BANgAAAAAAAAAAAAAPAIBsAAAAAAAAAAAAAA4BEMgAEAAAAAAAAAAADAIxgAAwAAAAAAAAAAAIBHMAAGAAAAAAAAAAAAAI9gAAwAAAAAAAAAAAAAHsEAGAAAAAAAAAAAAAA8ggEwAAAAAAAAAAAAAHgEA2AAAAAAAAAAAAAA8AgGwAAAAAAAAAAAAADgEQyAAQAAAAAAAAAAAMAjGAADAAAAAAAAAAAAgEcwAAYAAAAAAAAAAAAAj2AADAAAAAAAAAAAAAAewQAYAAAAAAAAAAAAADyCATAAAAAAAAAAAAAAeAQDYAAAAAAAAAAAAADwCAbAAAAAAAAAAAAAAOARDIABAAAAAAAAAAAAwCMYAAMAAAAAAAAAAACARzAABgAAAAAAAAAAAACPYAAMAAAAAAAAAAAAAB7BABgAAAAAAAAAAAAAPIIBMAAAAAAAAAAAAAB4BANgAAAAAAAAAAAAAPAIBsAAAAAAAAAAAAAA4BEMgAEAAAAAAAAAAADAIxgAAwAAAAAAAAAAAIBHMAAGAAAAAAAAAAAAAI9gAAwAAAAAAAAAAAAAHsEAGAAAAAAAAAAAAAA8ggEwAAAAAAAAAAAAAHgEA2AAAAAAAAAAAAAA8AgGwAAAAAAAAAAAAADgEQyAAQAAAAAAAAAAAMAjGAADAAAAAAAAAAAAgEcwAAYAAAAAAAAAAAAAj2AADAAAAAAAAAAAAAAewQAYAAAAAAAAAAAAADyCATAAAAAAAAAAAAAAeAQDYAAAAAAAAAAAAADwCAbAAAAAAAAAAAAAAOARDIABAAAAAAAAAAAAwCMYAAMAAAAAAAAAAACARzAABgAAAAAAAAAAAACPYAAMAAAAAAAAAAAAAB7BABgAAAAAAAAAAAAAPIIBMAAAAAAAAAAAAAB4BANgAAAAAAAAAAAAAPAIBsAAAAAAAAAAAAAA4BEMgAEAAAAAAAAAAADAIxgAAwAAAAAAAAAAAIBHMAAGAAAAAAAAAAAAAI9gAAwAAAAAAAAAAAAAHsEAGAAAAAAAAAAAAAA8ggEwAAAAAAAAAAAAAHgEA2AAAAAAAAAAAAAA8AgGwAAAAAAAAAAAAADgEQyAAQAAAAAAAAAAAMAjGAADAAAAAAAAAAAAgEcwAAYAAAAAAAAAAAAAj2AADAAAAAAAAAAAAAAewQAYAAAAAAAAAAAAADyCATAAAAAAAAAAAAAAeAQDYAAAAAAAAAAAAADwCAbAAAAAAAAAAAAAAOARDIABAAAAAAAAAAAAwCMYAAMAAAAAAAAAAACARzAABgAAAAAAAAAAAACPYAAMAAAAAAAAAAAAAB7BABgAAAAAAAAAAAAAPIIBMPD/t2cHNAAAAAiD+qfWHh/UAAAAAAAAACIEMAAAAAAAAECEAAYAAAAAAACIEMAAAAAAAAAAEQIYAAAAAAAAIEIAAwAAAAAAAEQIYAAAAAAAAIAIAQwAAAAAAAAQIYABAAAAAAAAIgQwAAAAAAAAQIQABgAAAAAAAIgQwAAAAAAAAAARAhgAAAAAAAAgQgADAAAAAAAARAhgAAAAAAAAgAgBDAAAAAAAABAhgAEAAAAAAAAiBDAAAAAAAABAhAAGAAAAAAAAiBDAAAAAAAAAABECGAAAAAAAACBCAAMAAAAAAABECGAAAAAAAACACAEMAAAAAAAAECGAAQAAAAAAACIEMAAAAAAAAECEAAYAAAAAAACIEMAAAAAAAAAAEQIYAAAAAAAAIEIAAwAAAAAAAEQIYAAAAAAAAIAIAQwAAAAAAAAQIYABAAAAAAAAIgQwAAAAAAAAQIQABgAAAAAAAIgQwAAAAAAAAAARAhgAAAAAAAAgQgADAAAAAAAARAhgAAAAAAAAgAgBDAAAAAAAABAhgAEAAAAAAAAiBDAAAAAAAABAhAAGAAAAAAAAiBDAAAAAAAAAABECGAAAAAAAACBCAAMAAAAAAABECGAAAAAAAACACAEMAAAAAAAAECGAAQAAAAAAACIEMAAAAAAAAECEAAYAAAAAAACIEMAAAAAAAAAAEQIYAAAAA"
36561 [Forwarding screenshot on session b1310904-d161-49ca-a1a6-530fba7baea8 to remote] DEBUG org.apache.http.wire  - http-outgoing-101 << "AAAIEIAAwAAAAAAAEQIYAAAAAAAAIAIAQwAAAAAAAAQIYABAAAAAAAAIgQwAAAAAAAAQIQABgAAAAAAAIgQwAAAAAAAAAARAhgAAAAAAAAgQgADAAAAAAAARAhgAAAAAAAAgAgBDAAAAAAAABAhgAEAAAAAAAAStgNKR9BuNEtWZQAAAABJRU5ErkJggg=="}[\n]"
36561 [Forwarding screenshot on session b1310904-d161-49ca-a1a6-530fba7baea8 to remote] DEBUG org.apache.http.wire  - http-outgoing-101 << "[\r][\n]"
36561 [Forwarding screenshot on session b1310904-d161-49ca-a1a6-530fba7baea8 to remote] DEBUG org.apache.http.impl.conn.DefaultManagedHttpClientConnection  - http-outgoing-101: Shutdown connection
36561 [Forwarding screenshot on session b1310904-d161-49ca-a1a6-530fba7baea8 to remote] DEBUG org.apache.http.impl.execchain.MainClientExec  - Connection discarded
36561 [Forwarding screenshot on session b1310904-d161-49ca-a1a6-530fba7baea8 to remote] DEBUG org.apache.http.impl.conn.DefaultManagedHttpClientConnection  - http-outgoing-101: Close connection
36561 [Forwarding screenshot on session b1310904-d161-49ca-a1a6-530fba7baea8 to remote] DEBUG org.apache.http.impl.conn.PoolingHttpClientConnectionManager  - Connection released: [id: 101][route: {}->http://localhost:37262][total kept alive: 0; route allocated: 0 of 2000; total allocated: 0 of 2000]
36581 [Forwarding quit on session b1310904-d161-49ca-a1a6-530fba7baea8 to remote] DEBUG org.apache.http.client.protocol.RequestAddCookies  - CookieSpec selected: best-match
36581 [Forwarding quit on session b1310904-d161-49ca-a1a6-530fba7baea8 to remote] DEBUG org.apache.http.client.protocol.RequestAuthCache  - Auth cache not set in the context
36581 [Forwarding quit on session b1310904-d161-49ca-a1a6-530fba7baea8 to remote] DEBUG org.apache.http.impl.conn.PoolingHttpClientConnectionManager  - Connection request: [route: {}->http://localhost:37262][total kept alive: 0; route allocated: 0 of 2000; total allocated: 0 of 2000]
36581 [Forwarding quit on session b1310904-d161-49ca-a1a6-530fba7baea8 to remote] DEBUG org.apache.http.impl.conn.PoolingHttpClientConnectionManager  - Connection leased: [id: 102][route: {}->http://localhost:37262][total kept alive: 0; route allocated: 1 of 2000; total allocated: 1 of 2000]
36581 [Forwarding quit on session b1310904-d161-49ca-a1a6-530fba7baea8 to remote] DEBUG org.apache.http.impl.execchain.MainClientExec  - Opening connection {}->http://localhost:37262
36581 [Forwarding quit on session b1310904-d161-49ca-a1a6-530fba7baea8 to remote] DEBUG org.apache.http.impl.conn.HttpClientConnectionOperator  - Connecting to localhost/127.0.0.1:37262
36581 [Forwarding quit on session b1310904-d161-49ca-a1a6-530fba7baea8 to remote] DEBUG org.apache.http.impl.conn.HttpClientConnectionOperator  - Connection established 127.0.0.1:17318<->127.0.0.1:37262
36581 [Forwarding quit on session b1310904-d161-49ca-a1a6-530fba7baea8 to remote] DEBUG org.apache.http.impl.execchain.MainClientExec  - Executing request DELETE /session/b1310904-d161-49ca-a1a6-530fba7baea8 HTTP/1.1
36581 [Forwarding quit on session b1310904-d161-49ca-a1a6-530fba7baea8 to remote] DEBUG org.apache.http.impl.execchain.MainClientExec  - Target auth state: UNCHALLENGED
36581 [Forwarding quit on session b1310904-d161-49ca-a1a6-530fba7baea8 to remote] DEBUG org.apache.http.impl.execchain.MainClientExec  - Proxy auth state: UNCHALLENGED
36581 [Forwarding quit on session b1310904-d161-49ca-a1a6-530fba7baea8 to remote] DEBUG org.apache.http.headers  - http-outgoing-102 >> DELETE /session/b1310904-d161-49ca-a1a6-530fba7baea8 HTTP/1.1
36581 [Forwarding quit on session b1310904-d161-49ca-a1a6-530fba7baea8 to remote] DEBUG org.apache.http.headers  - http-outgoing-102 >> Host: localhost:37262
36581 [Forwarding quit on session b1310904-d161-49ca-a1a6-530fba7baea8 to remote] DEBUG org.apache.http.headers  - http-outgoing-102 >> Connection: Keep-Alive
36581 [Forwarding quit on session b1310904-d161-49ca-a1a6-530fba7baea8 to remote] DEBUG org.apache.http.headers  - http-outgoing-102 >> User-Agent: Apache-HttpClient/4.3.3 (java 1.5)
36581 [Forwarding quit on session b1310904-d161-49ca-a1a6-530fba7baea8 to remote] DEBUG org.apache.http.headers  - http-outgoing-102 >> Accept-Encoding: gzip,deflate
36581 [Forwarding quit on session b1310904-d161-49ca-a1a6-530fba7baea8 to remote] DEBUG org.apache.http.wire  - http-outgoing-102 >> "DELETE /session/b1310904-d161-49ca-a1a6-530fba7baea8 HTTP/1.1[\r][\n]"
36591 [Forwarding quit on session b1310904-d161-49ca-a1a6-530fba7baea8 to remote] DEBUG org.apache.http.wire  - http-outgoing-102 >> "Host: localhost:37262[\r][\n]"
36591 [Forwarding quit on session b1310904-d161-49ca-a1a6-530fba7baea8 to remote] DEBUG org.apache.http.wire  - http-outgoing-102 >> "Connection: Keep-Alive[\r][\n]"
36591 [Forwarding quit on session b1310904-d161-49ca-a1a6-530fba7baea8 to remote] DEBUG org.apache.http.wire  - http-outgoing-102 >> "User-Agent: Apache-HttpClient/4.3.3 (java 1.5)[\r][\n]"
36591 [Forwarding quit on session b1310904-d161-49ca-a1a6-530fba7baea8 to remote] DEBUG org.apache.http.wire  - http-outgoing-102 >> "Accept-Encoding: gzip,deflate[\r][\n]"
36591 [Forwarding quit on session b1310904-d161-49ca-a1a6-530fba7baea8 to remote] DEBUG org.apache.http.wire  - http-outgoing-102 >> "[\r][\n]"
36611 [Forwarding quit on session b1310904-d161-49ca-a1a6-530fba7baea8 to remote] DEBUG org.apache.http.wire  - http-outgoing-102 << "HTTP/1.1 200 OK[\r][\n]"
36611 [Forwarding quit on session b1310904-d161-49ca-a1a6-530fba7baea8 to remote] DEBUG org.apache.http.wire  - http-outgoing-102 << "Content-Length: 77[\r][\n]"
36611 [Forwarding quit on session b1310904-d161-49ca-a1a6-530fba7baea8 to remote] DEBUG org.apache.http.wire  - http-outgoing-102 << "Content-Type: application/json; charset=UTF-8[\r][\n]"
36611 [Forwarding quit on session b1310904-d161-49ca-a1a6-530fba7baea8 to remote] DEBUG org.apache.http.wire  - http-outgoing-102 << "Vary: Accept-Charset, Accept-Encoding, Accept-Language, Accept[\r][\n]"
36611 [Forwarding quit on session b1310904-d161-49ca-a1a6-530fba7baea8 to remote] DEBUG org.apache.http.wire  - http-outgoing-102 << "Accept-Ranges: bytes[\r][\n]"
36611 [Forwarding quit on session b1310904-d161-49ca-a1a6-530fba7baea8 to remote] DEBUG org.apache.http.wire  - http-outgoing-102 << "Connection: close[\r][\n]"
36611 [Forwarding quit on session b1310904-d161-49ca-a1a6-530fba7baea8 to remote] DEBUG org.apache.http.wire  - http-outgoing-102 << "[\r][\n]"
36611 [Forwarding quit on session b1310904-d161-49ca-a1a6-530fba7baea8 to remote] DEBUG org.apache.http.wire  - http-outgoing-102 << "{"sessionId":"b1310904-d161-49ca-a1a6-530fba7baea8","status":0,"value":null}[\n]"
36611 [Forwarding quit on session b1310904-d161-49ca-a1a6-530fba7baea8 to remote] DEBUG org.apache.http.wire  - http-outgoing-102 << "[\r][\n]"
36611 [Forwarding quit on session b1310904-d161-49ca-a1a6-530fba7baea8 to remote] DEBUG org.apache.http.headers  - http-outgoing-102 << HTTP/1.1 200 OK
36611 [Forwarding quit on session b1310904-d161-49ca-a1a6-530fba7baea8 to remote] DEBUG org.apache.http.headers  - http-outgoing-102 << Content-Length: 77
36611 [Forwarding quit on session b1310904-d161-49ca-a1a6-530fba7baea8 to remote] DEBUG org.apache.http.headers  - http-outgoing-102 << Content-Type: application/json; charset=UTF-8
36611 [Forwarding quit on session b1310904-d161-49ca-a1a6-530fba7baea8 to remote] DEBUG org.apache.http.headers  - http-outgoing-102 << Vary: Accept-Charset, Accept-Encoding, Accept-Language, Accept
36611 [Forwarding quit on session b1310904-d161-49ca-a1a6-530fba7baea8 to remote] DEBUG org.apache.http.headers  - http-outgoing-102 << Accept-Ranges: bytes
36611 [Forwarding quit on session b1310904-d161-49ca-a1a6-530fba7baea8 to remote] DEBUG org.apache.http.headers  - http-outgoing-102 << Connection: close
36611 [Forwarding quit on session b1310904-d161-49ca-a1a6-530fba7baea8 to remote] DEBUG org.apache.http.impl.conn.DefaultManagedHttpClientConnection  - http-outgoing-102: Shutdown connection
36611 [Forwarding quit on session b1310904-d161-49ca-a1a6-530fba7baea8 to remote] DEBUG org.apache.http.impl.execchain.MainClientExec  - Connection discarded
36611 [Forwarding quit on session b1310904-d161-49ca-a1a6-530fba7baea8 to remote] DEBUG org.apache.http.impl.conn.DefaultManagedHttpClientConnection  - http-outgoing-102: Close connection
36611 [Forwarding quit on session b1310904-d161-49ca-a1a6-530fba7baea8 to remote] DEBUG org.apache.http.impl.conn.PoolingHttpClientConnectionManager  - Connection released: [id: 102][route: {}->http://localhost:37262][total kept alive: 0; route allocated: 0 of 2000; total allocated: 0 of 2000]
36611 [Forwarding quit on session b1310904-d161-49ca-a1a6-530fba7baea8 to remote] DEBUG org.apache.http.impl.conn.PoolingHttpClientConnectionManager  - Closing connections idle longer than 0 SECONDS
37341 [main] DEBUG freemarker.cache  - Couldn't find template in cache for "Extent.ftl"("en_US", UTF-8, parsed); will try to load it.
37341 [main] DEBUG freemarker.cache  - TemplateLoader.findTemplateSource("Extent_en_US.ftl"): Not found
37341 [main] DEBUG freemarker.cache  - TemplateLoader.findTemplateSource("Extent_en.ftl"): Not found
37341 [main] DEBUG freemarker.cache  - TemplateLoader.findTemplateSource("Extent.ftl"): Found
37341 [main] DEBUG freemarker.cache  - Loading template for "Extent.ftl"("en_US", UTF-8, parsed) from "jar:file:/C:/Users/prakash/.m2/repository/com/relevantcodes/extentreports/2.41.0/extentreports-2.41.0.jar!/com/relevantcodes/extentreports/view/Extent.ftl"
]]></system-out>
    <system-err><![CDATA[Started InternetExplorerDriver server (32-bit)
3.3.0.0
Listening on port 37262
Only local connections are allowed
]]></system-err>
  </testcase>
  <testcase name="TC_002" classname="TestCases.TC_002" time="22.404"/>
</testsuite>