<?xml version="1.0" encoding="UTF-8"?>
<!-- Generated by org.testng.reporters.JUnitReportReporter -->
<testsuite hostname="STI-D01-PRAKAS" name="TestCases.TC_005" tests="1" failures="0" timestamp="10 Mar 2017 09:51:09 GMT" time="26.256" errors="0">
  <testcase name="TC_005" time="26.256" classname="TestCases.TC_005"/>
</testsuite> <!-- TestCases.TC_005 -->
