<?xml version="1.0" encoding="UTF-8"?>
<!-- Generated by org.testng.reporters.JUnitReportReporter -->
<testsuite hostname="STI-D01-PRAKAS" name="TestCases.TestCases" tests="1" failures="0" timestamp="8 Mar 2017 13:32:18 GMT" time="7.979" errors="0">
  <testcase name="TC_001" time="7.979" classname="TestCases.TestCases"/>
</testsuite> <!-- TestCases.TestCases -->
