<?xml version="1.0" encoding="UTF-8"?>
<!-- Generated by org.testng.reporters.JUnitReportReporter -->
<testsuite hostname="STI-D01-PRAKAS" name="TestCases.TC_004" tests="1" failures="0" timestamp="6 Sep 2017 10:20:31 GMT" time="21.085" errors="0">
  <testcase name="TC_004" time="21.085" classname="TestCases.TC_004"/>
</testsuite> <!-- TestCases.TC_004 -->
