<?xml version="1.0" encoding="UTF-8"?>
<!-- Generated by org.testng.reporters.JUnitReportReporter -->
<testsuite hostname="STI-D01-PRAKAS" name="TestCases.TC_002" tests="1" failures="0" timestamp="30 Aug 2017 11:32:27 GMT" time="23.054" errors="0">
  <testcase name="TC_002" time="23.054" classname="TestCases.TC_002"/>
</testsuite> <!-- TestCases.TC_002 -->
