<?xml version="1.0" encoding="UTF-8"?>
<!-- Generated by org.testng.reporters.JUnitReportReporter -->
<testsuite hostname="STI-D01-PRAKAS" name="TestCases.TestCases" tests="3" failures="0" timestamp="8 Mar 2017 14:18:51 GMT" time="35.505" errors="0">
  <testcase name="TC_002" time="11.046" classname="TestCases.TestCases"/>
  <testcase name="TC_001" time="15.061" classname="TestCases.TestCases"/>
  <testcase name="TC_005" time="9.398" classname="TestCases.TestCases"/>
</testsuite> <!-- TestCases.TestCases -->
