<?xml version="1.0" encoding="UTF-8"?>
<!-- Generated by org.testng.reporters.JUnitReportReporter -->
<testsuite hostname="STI-D01-PRAKAS" name="TestCases.TC_002" tests="1" failures="0" timestamp="6 Sep 2017 12:07:38 GMT" time="22.404" errors="0">
  <testcase name="TC_002" time="22.404" classname="TestCases.TC_002"/>
</testsuite> <!-- TestCases.TC_002 -->
