<?xml version="1.0" encoding="UTF-8"?>
<!-- Generated by org.testng.reporters.JUnitReportReporter -->
<testsuite hostname="STI-D01-HIMASN" name="TestCases.TC_004" tests="1" failures="0" timestamp="10 Mar 2017 12:02:55 GMT" time="13.561" errors="0">
  <testcase name="TC_004" time="13.561" classname="TestCases.TC_004"/>
</testsuite> <!-- TestCases.TC_004 -->
