<?xml version="1.0" encoding="UTF-8"?>
<!-- Generated by org.testng.reporters.JUnitReportReporter -->
<testsuite hostname="STI-D01-HIMASN" name="TestCases.TC_003" tests="1" failures="0" timestamp="10 Mar 2017 12:02:55 GMT" time="27.772" errors="0">
  <testcase name="TC_003" time="27.772" classname="TestCases.TC_003"/>
</testsuite> <!-- TestCases.TC_003 -->
